2023-04-07 18:28:30,973 - __main__ - INFO - 

2023-04-07 18:28:30,973 - __main__ - INFO - ***************
2023-04-07 18:28:30,973 - __main__ - INFO - ** Arguments **
2023-04-07 18:28:30,973 - __main__ - INFO - ***************
2023-04-07 18:28:30,973 - __main__ - INFO - backbone: vgg19
2023-04-07 18:28:30,973 - __main__ - INFO - dataname: cifar100
2023-04-07 18:28:30,973 - __main__ - INFO - drop_method: d
2023-04-07 18:28:30,973 - __main__ - INFO - drop_rate: 0.3
2023-04-07 18:28:30,973 - __main__ - INFO - eval_only: 0
2023-04-07 18:28:30,973 - __main__ - INFO - output_path: checkpoints/cifar100/vgg19/drop_d/rate_0.3/seed2
2023-04-07 18:28:30,973 - __main__ - INFO - part_rate: 0.1
2023-04-07 18:28:30,973 - __main__ - INFO - seed: 2
2023-04-07 18:28:30,973 - __main__ - INFO - weight_decay: 0.0005
2023-04-07 18:28:30,973 - __main__ - INFO - ************
2023-04-07 18:28:30,973 - __main__ - INFO - ** Config **
2023-04-07 18:28:30,973 - __main__ - INFO - ************
2023-04-07 18:28:30,974 - __main__ - INFO - {'DATALOADER': {'PATH': './data', 'DATANAME': 'cifar100', 'BATCH_SIZE': 128, 'NUM_CLASSES': 100}, 'INPUT': {'SIZE': [32, 32], 'PIXEL_MEAN': [0.4914, 0.4822, 0.4465], 'PIXEL_STD': [0.2023, 0.1994, 0.201]}, 'OUTPUT': {'DIR': 'checkpoints/cifar100/vgg19/drop_d/rate_0.3/seed2'}, 'SEED': 2, 'OPTIM': {'LR': 0.1, 'MAX_EPOCH': 100, 'LR_SCHEDULER': 'step', 'LR_MILESTONES': [20, 40, 80, 120, 140], 'LR_DECAY': 0.2, 'PART_RATE': 0.1, 'WEIGHT_DECAY': 0.0005, 'DROP_RATE': 0.3, 'DROP_METHOD': 'd', 'BLOCK_SIZE': 7}, 'MODEL': {'BACKBONE': 'vgg19'}}
2023-04-07 18:28:31,005 - __main__ - INFO - Reading training data set cifar100
2023-04-07 18:28:33,014 - __main__ - INFO - Loading raw model
2023-04-07 18:28:37,104 - __main__ - INFO - 
Saving everything to checkpoints/cifar100/vgg19/drop_d/rate_0.3/seed2
2023-04-07 18:28:37,105 - __main__ - INFO - Start training...
2023-04-07 18:28:43,040 - __main__ - INFO - [INFO] 2023-04-07 18:28:43.040677 Epoch [1/100] batch [1/391] loss 4.5898 lr 0.1 acc 3.12% eta 2 days, 16:18:02
2023-04-07 18:28:58,436 - __main__ - INFO - [INFO] 2023-04-07 18:28:58.436538 Epoch [1/100] batch [129/391] loss 4.5000 lr 0.1 acc 0.78% eta 1:24:29
2023-04-07 18:29:14,026 - __main__ - INFO - [INFO] 2023-04-07 18:29:14.026665 Epoch [1/100] batch [257/391] loss 4.2969 lr 0.1 acc 2.34% eta 1:09:45
2023-04-07 18:29:29,481 - __main__ - INFO - [INFO] 2023-04-07 18:29:29.481471 Epoch [1/100] batch [385/391] loss 4.1797 lr 0.1 acc 3.12% eta 1:04:37
2023-04-07 18:29:30,209 - __main__ - INFO - Computing epoch 1 validation accuracy...
2023-04-07 18:29:33,966 - __main__ - INFO - Computing epoch 1 validation loss...
2023-04-07 18:29:37,922 - __main__ - INFO - [INFO] 2023-04-07 18:29:37.922798 Epoch [2/100] batch [1/391] loss 4.2734 lr 0.09997532801828658 acc 3.12% eta 1:04:24
2023-04-07 18:29:53,584 - __main__ - INFO - [INFO] 2023-04-07 18:29:53.584737 Epoch [2/100] batch [129/391] loss 4.2031 lr 0.09997532801828658 acc 3.12% eta 0:55:56
2023-04-07 18:30:09,295 - __main__ - INFO - [INFO] 2023-04-07 18:30:09.294833 Epoch [2/100] batch [257/391] loss 4.2227 lr 0.09997532801828658 acc 5.47% eta 0:55:36
2023-04-07 18:30:24,295 - __main__ - INFO - [INFO] 2023-04-07 18:30:24.295597 Epoch [2/100] batch [385/391] loss 4.0586 lr 0.09997532801828658 acc 8.59% eta 0:55:16
2023-04-07 18:30:24,959 - __main__ - INFO - Computing epoch 2 validation accuracy...
2023-04-07 18:30:28,764 - __main__ - INFO - Computing epoch 2 validation loss...
2023-04-07 18:30:32,735 - __main__ - INFO - [INFO] 2023-04-07 18:30:32.735041 Epoch [3/100] batch [1/391] loss 4.1523 lr 0.09990133642141358 acc 3.91% eta 1:02:31
2023-04-07 18:30:48,328 - __main__ - INFO - [INFO] 2023-04-07 18:30:48.328106 Epoch [3/100] batch [129/391] loss 4.0664 lr 0.09990133642141358 acc 7.81% eta 0:55:17
2023-04-07 18:31:04,061 - __main__ - INFO - [INFO] 2023-04-07 18:31:04.061278 Epoch [3/100] batch [257/391] loss 3.9570 lr 0.09990133642141358 acc 3.91% eta 0:55:13
2023-04-07 18:31:19,653 - __main__ - INFO - [INFO] 2023-04-07 18:31:19.653294 Epoch [3/100] batch [385/391] loss 4.0078 lr 0.09990133642141358 acc 8.59% eta 0:54:43
2023-04-07 18:31:20,351 - __main__ - INFO - Computing epoch 3 validation accuracy...
2023-04-07 18:31:24,076 - __main__ - INFO - Computing epoch 3 validation loss...
2023-04-07 18:31:28,026 - __main__ - INFO - [INFO] 2023-04-07 18:31:28.025954 Epoch [4/100] batch [1/391] loss 3.8984 lr 0.099778098230154 acc 7.81% eta 1:16:39
2023-04-07 18:31:43,498 - __main__ - INFO - [INFO] 2023-04-07 18:31:43.497968 Epoch [4/100] batch [129/391] loss 3.6133 lr 0.099778098230154 acc 9.38% eta 0:53:53
2023-04-07 18:31:59,294 - __main__ - INFO - [INFO] 2023-04-07 18:31:59.294705 Epoch [4/100] batch [257/391] loss 3.6797 lr 0.099778098230154 acc 3.91% eta 0:54:27
2023-04-07 18:32:14,928 - __main__ - INFO - [INFO] 2023-04-07 18:32:14.928114 Epoch [4/100] batch [385/391] loss 3.9199 lr 0.099778098230154 acc 7.81% eta 0:54:17
2023-04-07 18:32:15,637 - __main__ - INFO - Computing epoch 4 validation accuracy...
2023-04-07 18:32:19,442 - __main__ - INFO - Computing epoch 4 validation loss...
2023-04-07 18:32:23,302 - __main__ - INFO - [INFO] 2023-04-07 18:32:23.301925 Epoch [5/100] batch [1/391] loss 3.7402 lr 0.0996057350657239 acc 10.16% eta 0:58:08
2023-04-07 18:32:38,321 - __main__ - INFO - [INFO] 2023-04-07 18:32:38.321145 Epoch [5/100] batch [129/391] loss 3.7852 lr 0.0996057350657239 acc 9.38% eta 0:54:00
2023-04-07 18:32:53,754 - __main__ - INFO - [INFO] 2023-04-07 18:32:53.753842 Epoch [5/100] batch [257/391] loss 3.7676 lr 0.0996057350657239 acc 7.81% eta 0:53:28
2023-04-07 18:33:09,192 - __main__ - INFO - [INFO] 2023-04-07 18:33:09.192804 Epoch [5/100] batch [385/391] loss 3.6289 lr 0.0996057350657239 acc 11.72% eta 0:53:01
2023-04-07 18:33:09,887 - __main__ - INFO - Computing epoch 5 validation accuracy...
2023-04-07 18:33:13,633 - __main__ - INFO - Computing epoch 5 validation loss...
2023-04-07 18:33:17,579 - __main__ - INFO - [INFO] 2023-04-07 18:33:17.579682 Epoch [6/100] batch [1/391] loss 3.6035 lr 0.09938441702975688 acc 7.81% eta 1:02:34
2023-04-07 18:33:33,074 - __main__ - INFO - [INFO] 2023-04-07 18:33:33.074669 Epoch [6/100] batch [129/391] loss 3.7910 lr 0.09938441702975688 acc 10.94% eta 0:52:20
2023-04-07 18:33:48,527 - __main__ - INFO - [INFO] 2023-04-07 18:33:48.527511 Epoch [6/100] batch [257/391] loss 3.6738 lr 0.09938441702975688 acc 10.94% eta 0:52:17
2023-04-07 18:34:04,130 - __main__ - INFO - [INFO] 2023-04-07 18:34:04.130179 Epoch [6/100] batch [385/391] loss 3.6992 lr 0.09938441702975688 acc 7.81% eta 0:52:21
2023-04-07 18:34:04,844 - __main__ - INFO - Computing epoch 6 validation accuracy...
2023-04-07 18:34:08,584 - __main__ - INFO - Computing epoch 6 validation loss...
2023-04-07 18:34:12,694 - __main__ - INFO - [INFO] 2023-04-07 18:34:12.694199 Epoch [7/100] batch [1/391] loss 3.5879 lr 0.09911436253643444 acc 13.28% eta 0:54:14
2023-04-07 18:34:28,388 - __main__ - INFO - [INFO] 2023-04-07 18:34:28.387922 Epoch [7/100] batch [129/391] loss 3.5000 lr 0.09911436253643444 acc 14.84% eta 0:52:58
2023-04-07 18:34:44,089 - __main__ - INFO - [INFO] 2023-04-07 18:34:44.089315 Epoch [7/100] batch [257/391] loss 3.3574 lr 0.09911436253643444 acc 12.50% eta 0:53:15
2023-04-07 18:34:59,379 - __main__ - INFO - [INFO] 2023-04-07 18:34:59.379631 Epoch [7/100] batch [385/391] loss 3.3828 lr 0.09911436253643444 acc 14.06% eta 0:53:02
2023-04-07 18:35:00,103 - __main__ - INFO - Computing epoch 7 validation accuracy...
2023-04-07 18:35:03,919 - __main__ - INFO - Computing epoch 7 validation loss...
2023-04-07 18:35:07,835 - __main__ - INFO - [INFO] 2023-04-07 18:35:07.835756 Epoch [8/100] batch [1/391] loss 3.5273 lr 0.09879583809693737 acc 22.66% eta 0:56:13
2023-04-07 18:35:23,453 - __main__ - INFO - [INFO] 2023-04-07 18:35:23.453177 Epoch [8/100] batch [129/391] loss 3.3594 lr 0.09879583809693737 acc 15.62% eta 0:52:51
2023-04-07 18:35:39,163 - __main__ - INFO - [INFO] 2023-04-07 18:35:39.162855 Epoch [8/100] batch [257/391] loss 3.2656 lr 0.09879583809693737 acc 10.16% eta 0:52:30
2023-04-07 18:35:54,847 - __main__ - INFO - [INFO] 2023-04-07 18:35:54.847116 Epoch [8/100] batch [385/391] loss 3.3730 lr 0.09879583809693737 acc 15.62% eta 0:52:25
2023-04-07 18:35:55,548 - __main__ - INFO - Computing epoch 8 validation accuracy...
2023-04-07 18:35:59,327 - __main__ - INFO - Computing epoch 8 validation loss...
2023-04-07 18:36:03,200 - __main__ - INFO - [INFO] 2023-04-07 18:36:03.199943 Epoch [9/100] batch [1/391] loss 3.4668 lr 0.09842915805643156 acc 9.38% eta 1:00:20
2023-04-07 18:36:18,821 - __main__ - INFO - [INFO] 2023-04-07 18:36:18.821629 Epoch [9/100] batch [129/391] loss 3.0527 lr 0.09842915805643156 acc 20.31% eta 0:51:37
2023-04-07 18:36:34,536 - __main__ - INFO - [INFO] 2023-04-07 18:36:34.536426 Epoch [9/100] batch [257/391] loss 3.1758 lr 0.09842915805643156 acc 21.09% eta 0:51:29
2023-04-07 18:36:50,042 - __main__ - INFO - [INFO] 2023-04-07 18:36:50.042793 Epoch [9/100] batch [385/391] loss 3.3711 lr 0.09842915805643156 acc 12.50% eta 0:51:04
2023-04-07 18:36:50,747 - __main__ - INFO - Computing epoch 9 validation accuracy...
2023-04-07 18:36:54,501 - __main__ - INFO - Computing epoch 9 validation loss...
2023-04-07 18:36:58,355 - __main__ - INFO - [INFO] 2023-04-07 18:36:58.355504 Epoch [10/100] batch [1/391] loss 3.1797 lr 0.09801468428384716 acc 17.97% eta 0:56:50
2023-04-07 18:37:13,212 - __main__ - INFO - [INFO] 2023-04-07 18:37:13.211933 Epoch [10/100] batch [129/391] loss 3.3066 lr 0.09801468428384716 acc 15.62% eta 0:50:20
2023-04-07 18:37:28,808 - __main__ - INFO - [INFO] 2023-04-07 18:37:28.807897 Epoch [10/100] batch [257/391] loss 3.3359 lr 0.09801468428384716 acc 17.97% eta 0:50:16
2023-04-07 18:37:44,419 - __main__ - INFO - [INFO] 2023-04-07 18:37:44.419034 Epoch [10/100] batch [385/391] loss 2.9395 lr 0.09801468428384716 acc 16.41% eta 0:50:19
2023-04-07 18:37:45,130 - __main__ - INFO - Computing epoch 10 validation accuracy...
2023-04-07 18:37:48,848 - __main__ - INFO - Computing epoch 10 validation loss...
2023-04-07 18:37:52,694 - __main__ - INFO - [INFO] 2023-04-07 18:37:52.694175 Epoch [11/100] batch [1/391] loss 3.2129 lr 0.09755282581475769 acc 15.62% eta 0:54:00
2023-04-07 18:38:08,482 - __main__ - INFO - [INFO] 2023-04-07 18:38:08.482535 Epoch [11/100] batch [129/391] loss 3.2148 lr 0.09755282581475769 acc 21.09% eta 0:51:34
2023-04-07 18:38:23,972 - __main__ - INFO - [INFO] 2023-04-07 18:38:23.972716 Epoch [11/100] batch [257/391] loss 2.8457 lr 0.09755282581475769 acc 16.41% eta 0:50:38
2023-04-07 18:38:39,763 - __main__ - INFO - [INFO] 2023-04-07 18:38:39.763337 Epoch [11/100] batch [385/391] loss 3.1582 lr 0.09755282581475769 acc 25.00% eta 0:50:33
2023-04-07 18:38:40,535 - __main__ - INFO - Computing epoch 11 validation accuracy...
2023-04-07 18:38:44,287 - __main__ - INFO - Computing epoch 11 validation loss...
2023-04-07 18:38:48,164 - __main__ - INFO - [INFO] 2023-04-07 18:38:48.163970 Epoch [12/100] batch [1/391] loss 2.8125 lr 0.09704403844771128 acc 20.31% eta 0:55:38
2023-04-07 18:39:03,773 - __main__ - INFO - [INFO] 2023-04-07 18:39:03.773601 Epoch [12/100] batch [129/391] loss 3.0352 lr 0.09704403844771128 acc 20.31% eta 0:49:56
2023-04-07 18:39:19,015 - __main__ - INFO - [INFO] 2023-04-07 18:39:19.015339 Epoch [12/100] batch [257/391] loss 2.9805 lr 0.09704403844771128 acc 24.22% eta 0:49:48
2023-04-07 18:39:34,461 - __main__ - INFO - [INFO] 2023-04-07 18:39:34.461435 Epoch [12/100] batch [385/391] loss 3.2207 lr 0.09704403844771128 acc 17.97% eta 0:49:51
2023-04-07 18:39:35,170 - __main__ - INFO - Computing epoch 12 validation accuracy...
2023-04-07 18:39:38,896 - __main__ - INFO - Computing epoch 12 validation loss...
2023-04-07 18:39:42,795 - __main__ - INFO - [INFO] 2023-04-07 18:39:42.795336 Epoch [13/100] batch [1/391] loss 2.9688 lr 0.09648882429441258 acc 20.31% eta 0:55:03
2023-04-07 18:39:58,647 - __main__ - INFO - [INFO] 2023-04-07 18:39:58.647227 Epoch [13/100] batch [129/391] loss 2.8223 lr 0.09648882429441258 acc 25.78% eta 0:50:59
2023-04-07 18:40:13,950 - __main__ - INFO - [INFO] 2023-04-07 18:40:13.950038 Epoch [13/100] batch [257/391] loss 2.8711 lr 0.09648882429441258 acc 25.00% eta 0:49:48
2023-04-07 18:40:30,878 - __main__ - INFO - [INFO] 2023-04-07 18:40:30.878225 Epoch [13/100] batch [385/391] loss 2.9941 lr 0.09648882429441258 acc 21.88% eta 0:52:06
2023-04-07 18:40:31,579 - __main__ - INFO - Computing epoch 13 validation accuracy...
2023-04-07 18:40:35,300 - __main__ - INFO - Computing epoch 13 validation loss...
2023-04-07 18:40:39,105 - __main__ - INFO - [INFO] 2023-04-07 18:40:39.105018 Epoch [14/100] batch [1/391] loss 2.4141 lr 0.09588773128419906 acc 26.56% eta 0:55:38
2023-04-07 18:40:55,348 - __main__ - INFO - [INFO] 2023-04-07 18:40:55.348080 Epoch [14/100] batch [129/391] loss 2.5664 lr 0.09588773128419906 acc 34.38% eta 0:53:34
2023-04-07 18:41:11,681 - __main__ - INFO - [INFO] 2023-04-07 18:41:11.680922 Epoch [14/100] batch [257/391] loss 2.7461 lr 0.09588773128419906 acc 27.34% eta 0:53:03
2023-04-07 18:41:27,389 - __main__ - INFO - [INFO] 2023-04-07 18:41:27.389099 Epoch [14/100] batch [385/391] loss 2.8867 lr 0.09588773128419906 acc 14.84% eta 0:51:36
2023-04-07 18:41:28,061 - __main__ - INFO - Computing epoch 14 validation accuracy...
2023-04-07 18:41:31,753 - __main__ - INFO - Computing epoch 14 validation loss...
2023-04-07 18:41:35,704 - __main__ - INFO - [INFO] 2023-04-07 18:41:35.704705 Epoch [15/100] batch [1/391] loss 2.9531 lr 0.09524135262330098 acc 20.31% eta 0:54:46
2023-04-07 18:41:50,882 - __main__ - INFO - [INFO] 2023-04-07 18:41:50.882580 Epoch [15/100] batch [129/391] loss 2.7129 lr 0.09524135262330098 acc 30.47% eta 0:49:04
2023-04-07 18:42:06,462 - __main__ - INFO - [INFO] 2023-04-07 18:42:06.462393 Epoch [15/100] batch [257/391] loss 2.7324 lr 0.09524135262330098 acc 32.81% eta 0:48:40
2023-04-07 18:42:21,965 - __main__ - INFO - [INFO] 2023-04-07 18:42:21.964923 Epoch [15/100] batch [385/391] loss 2.7715 lr 0.09524135262330098 acc 26.56% eta 0:48:23
2023-04-07 18:42:22,643 - __main__ - INFO - Computing epoch 15 validation accuracy...
2023-04-07 18:42:26,407 - __main__ - INFO - Computing epoch 15 validation loss...
2023-04-07 18:42:30,286 - __main__ - INFO - [INFO] 2023-04-07 18:42:30.286656 Epoch [16/100] batch [1/391] loss 2.6094 lr 0.0945503262094184 acc 25.00% eta 0:57:01
2023-04-07 18:42:45,985 - __main__ - INFO - [INFO] 2023-04-07 18:42:45.985696 Epoch [16/100] batch [129/391] loss 2.6719 lr 0.0945503262094184 acc 32.03% eta 0:48:30
2023-04-07 18:43:01,914 - __main__ - INFO - [INFO] 2023-04-07 18:43:01.914479 Epoch [16/100] batch [257/391] loss 2.6250 lr 0.0945503262094184 acc 26.56% eta 0:49:05
2023-04-07 18:43:17,582 - __main__ - INFO - [INFO] 2023-04-07 18:43:17.582377 Epoch [16/100] batch [385/391] loss 2.9629 lr 0.0945503262094184 acc 23.44% eta 0:48:31
2023-04-07 18:43:18,281 - __main__ - INFO - Computing epoch 16 validation accuracy...
2023-04-07 18:43:21,985 - __main__ - INFO - Computing epoch 16 validation loss...
2023-04-07 18:43:25,861 - __main__ - INFO - [INFO] 2023-04-07 18:43:25.861556 Epoch [17/100] batch [1/391] loss 2.8086 lr 0.09381533400219319 acc 28.12% eta 0:50:32
2023-04-07 18:43:41,657 - __main__ - INFO - [INFO] 2023-04-07 18:43:41.657299 Epoch [17/100] batch [129/391] loss 2.5195 lr 0.09381533400219319 acc 24.22% eta 0:48:41
2023-04-07 18:43:56,783 - __main__ - INFO - [INFO] 2023-04-07 18:43:56.783788 Epoch [17/100] batch [257/391] loss 2.7363 lr 0.09381533400219319 acc 24.22% eta 0:48:25
2023-04-07 18:44:12,415 - __main__ - INFO - [INFO] 2023-04-07 18:44:12.415342 Epoch [17/100] batch [385/391] loss 2.3613 lr 0.09381533400219319 acc 39.06% eta 0:48:03
2023-04-07 18:44:13,097 - __main__ - INFO - Computing epoch 17 validation accuracy...
2023-04-07 18:44:16,919 - __main__ - INFO - Computing epoch 17 validation loss...
2023-04-07 18:44:20,735 - __main__ - INFO - [INFO] 2023-04-07 18:44:20.735452 Epoch [18/100] batch [1/391] loss 2.8262 lr 0.0930371013501972 acc 19.53% eta 0:52:17
2023-04-07 18:44:36,525 - __main__ - INFO - [INFO] 2023-04-07 18:44:36.525714 Epoch [18/100] batch [129/391] loss 2.2891 lr 0.0930371013501972 acc 32.03% eta 0:48:09
2023-04-07 18:44:52,303 - __main__ - INFO - [INFO] 2023-04-07 18:44:52.302931 Epoch [18/100] batch [257/391] loss 2.3828 lr 0.0930371013501972 acc 34.38% eta 0:47:47
2023-04-07 18:45:07,959 - __main__ - INFO - [INFO] 2023-04-07 18:45:07.958883 Epoch [18/100] batch [385/391] loss 2.5254 lr 0.0930371013501972 acc 32.03% eta 0:47:27
2023-04-07 18:45:08,656 - __main__ - INFO - Computing epoch 18 validation accuracy...
2023-04-07 18:45:12,554 - __main__ - INFO - Computing epoch 18 validation loss...
2023-04-07 18:45:17,119 - __main__ - INFO - [INFO] 2023-04-07 18:45:17.118827 Epoch [19/100] batch [1/391] loss 2.7188 lr 0.09221639627510078 acc 25.78% eta 1:34:20
2023-04-07 18:45:34,738 - __main__ - INFO - [INFO] 2023-04-07 18:45:34.738365 Epoch [19/100] batch [129/391] loss 2.6543 lr 0.09221639627510078 acc 32.03% eta 0:58:23
2023-04-07 18:45:50,956 - __main__ - INFO - [INFO] 2023-04-07 18:45:50.956698 Epoch [19/100] batch [257/391] loss 2.8066 lr 0.09221639627510078 acc 36.72% eta 0:54:06
2023-04-07 18:46:06,492 - __main__ - INFO - [INFO] 2023-04-07 18:46:06.492671 Epoch [19/100] batch [385/391] loss 2.7227 lr 0.09221639627510078 acc 28.12% eta 0:51:19
2023-04-07 18:46:07,170 - __main__ - INFO - Computing epoch 19 validation accuracy...
2023-04-07 18:46:10,986 - __main__ - INFO - Computing epoch 19 validation loss...
2023-04-07 18:46:14,829 - __main__ - INFO - [INFO] 2023-04-07 18:46:14.829812 Epoch [20/100] batch [1/391] loss 2.4688 lr 0.09135402871372812 acc 34.38% eta 0:48:33
2023-04-07 18:46:30,653 - __main__ - INFO - [INFO] 2023-04-07 18:46:30.653705 Epoch [20/100] batch [129/391] loss 2.5176 lr 0.09135402871372812 acc 36.72% eta 0:47:01
2023-04-07 18:46:46,399 - __main__ - INFO - [INFO] 2023-04-07 18:46:46.399524 Epoch [20/100] batch [257/391] loss 2.4883 lr 0.09135402871372812 acc 28.91% eta 0:46:36
2023-04-07 18:47:02,045 - __main__ - INFO - [INFO] 2023-04-07 18:47:02.045750 Epoch [20/100] batch [385/391] loss 2.4844 lr 0.09135402871372812 acc 35.16% eta 0:46:03
2023-04-07 18:47:02,803 - __main__ - INFO - Computing epoch 20 validation accuracy...
2023-04-07 18:47:06,584 - __main__ - INFO - Computing epoch 20 validation loss...
2023-04-07 18:47:10,537 - __main__ - INFO - [INFO] 2023-04-07 18:47:10.537274 Epoch [21/100] batch [1/391] loss 2.4805 lr 0.09045084971874741 acc 33.59% eta 0:51:08
2023-04-07 18:47:26,213 - __main__ - INFO - [INFO] 2023-04-07 18:47:26.213765 Epoch [21/100] batch [129/391] loss 2.5352 lr 0.09045084971874741 acc 31.25% eta 0:45:50
2023-04-07 18:47:41,858 - __main__ - INFO - [INFO] 2023-04-07 18:47:41.858211 Epoch [21/100] batch [257/391] loss 2.4785 lr 0.09045084971874741 acc 39.06% eta 0:45:46
2023-04-07 18:47:57,473 - __main__ - INFO - [INFO] 2023-04-07 18:47:57.473339 Epoch [21/100] batch [385/391] loss 2.6387 lr 0.09045084971874741 acc 28.91% eta 0:45:21
2023-04-07 18:47:58,163 - __main__ - INFO - Computing epoch 21 validation accuracy...
2023-04-07 18:48:01,908 - __main__ - INFO - Computing epoch 21 validation loss...
2023-04-07 18:48:05,738 - __main__ - INFO - [INFO] 2023-04-07 18:48:05.738639 Epoch [22/100] batch [1/391] loss 2.4980 lr 0.08950775061878455 acc 32.03% eta 0:50:03
2023-04-07 18:48:21,228 - __main__ - INFO - [INFO] 2023-04-07 18:48:21.228632 Epoch [22/100] batch [129/391] loss 2.6328 lr 0.08950775061878455 acc 29.69% eta 0:45:25
2023-04-07 18:48:36,661 - __main__ - INFO - [INFO] 2023-04-07 18:48:36.661727 Epoch [22/100] batch [257/391] loss 2.7480 lr 0.08950775061878455 acc 21.88% eta 0:45:23
2023-04-07 18:48:52,366 - __main__ - INFO - [INFO] 2023-04-07 18:48:52.366279 Epoch [22/100] batch [385/391] loss 2.3750 lr 0.08950775061878455 acc 32.81% eta 0:45:15
2023-04-07 18:48:53,083 - __main__ - INFO - Computing epoch 22 validation accuracy...
2023-04-07 18:48:56,915 - __main__ - INFO - Computing epoch 22 validation loss...
2023-04-07 18:49:00,848 - __main__ - INFO - [INFO] 2023-04-07 18:49:00.847870 Epoch [23/100] batch [1/391] loss 2.7344 lr 0.0885256621387895 acc 34.38% eta 0:59:20
2023-04-07 18:49:16,583 - __main__ - INFO - [INFO] 2023-04-07 18:49:16.583715 Epoch [23/100] batch [129/391] loss 2.5938 lr 0.0885256621387895 acc 32.03% eta 0:44:26
2023-04-07 18:49:32,409 - __main__ - INFO - [INFO] 2023-04-07 18:49:32.409720 Epoch [23/100] batch [257/391] loss 2.2383 lr 0.0885256621387895 acc 39.84% eta 0:44:55
2023-04-07 18:49:48,389 - __main__ - INFO - [INFO] 2023-04-07 18:49:48.389633 Epoch [23/100] batch [385/391] loss 2.4062 lr 0.0885256621387895 acc 39.06% eta 0:45:05
2023-04-07 18:49:49,084 - __main__ - INFO - Computing epoch 23 validation accuracy...
2023-04-07 18:49:52,811 - __main__ - INFO - Computing epoch 23 validation loss...
2023-04-07 18:49:56,879 - __main__ - INFO - [INFO] 2023-04-07 18:49:56.879027 Epoch [24/100] batch [1/391] loss 2.3516 lr 0.08750555348152302 acc 41.41% eta 0:55:33
2023-04-07 18:50:13,088 - __main__ - INFO - [INFO] 2023-04-07 18:50:13.088545 Epoch [24/100] batch [129/391] loss 2.6875 lr 0.08750555348152302 acc 26.56% eta 0:47:12
2023-04-07 18:50:28,664 - __main__ - INFO - [INFO] 2023-04-07 18:50:28.664013 Epoch [24/100] batch [257/391] loss 2.4590 lr 0.08750555348152302 acc 39.06% eta 0:45:17
2023-04-07 18:50:43,887 - __main__ - INFO - [INFO] 2023-04-07 18:50:43.887218 Epoch [24/100] batch [385/391] loss 2.5898 lr 0.08750555348152302 acc 36.72% eta 0:44:37
2023-04-07 18:50:44,566 - __main__ - INFO - Computing epoch 24 validation accuracy...
2023-04-07 18:50:48,379 - __main__ - INFO - Computing epoch 24 validation loss...
2023-04-07 18:50:52,321 - __main__ - INFO - [INFO] 2023-04-07 18:50:52.321048 Epoch [25/100] batch [1/391] loss 2.4688 lr 0.08644843137107061 acc 28.91% eta 0:48:05
2023-04-07 18:51:08,037 - __main__ - INFO - [INFO] 2023-04-07 18:51:08.037425 Epoch [25/100] batch [129/391] loss 2.5762 lr 0.08644843137107061 acc 32.81% eta 0:43:32
2023-04-07 18:51:23,869 - __main__ - INFO - [INFO] 2023-04-07 18:51:23.869770 Epoch [25/100] batch [257/391] loss 2.3770 lr 0.08644843137107061 acc 42.97% eta 0:43:42
2023-04-07 18:51:39,618 - __main__ - INFO - [INFO] 2023-04-07 18:51:39.618275 Epoch [25/100] batch [385/391] loss 2.3770 lr 0.08644843137107061 acc 38.28% eta 0:43:23
2023-04-07 18:51:40,327 - __main__ - INFO - Computing epoch 25 validation accuracy...
2023-04-07 18:51:44,058 - __main__ - INFO - Computing epoch 25 validation loss...
2023-04-07 18:51:47,970 - __main__ - INFO - [INFO] 2023-04-07 18:51:47.970455 Epoch [26/100] batch [1/391] loss 2.3438 lr 0.0853553390593274 acc 30.47% eta 0:54:10
2023-04-07 18:52:03,846 - __main__ - INFO - [INFO] 2023-04-07 18:52:03.846405 Epoch [26/100] batch [129/391] loss 2.2188 lr 0.0853553390593274 acc 37.50% eta 0:43:50
2023-04-07 18:52:19,590 - __main__ - INFO - [INFO] 2023-04-07 18:52:19.590338 Epoch [26/100] batch [257/391] loss 2.1777 lr 0.0853553390593274 acc 42.19% eta 0:43:16
2023-04-07 18:52:35,292 - __main__ - INFO - [INFO] 2023-04-07 18:52:35.291983 Epoch [26/100] batch [385/391] loss 2.3672 lr 0.0853553390593274 acc 30.47% eta 0:42:53
2023-04-07 18:52:36,024 - __main__ - INFO - Computing epoch 26 validation accuracy...
2023-04-07 18:52:39,801 - __main__ - INFO - Computing epoch 26 validation loss...
2023-04-07 18:52:43,756 - __main__ - INFO - [INFO] 2023-04-07 18:52:43.756600 Epoch [27/100] batch [1/391] loss 2.3672 lr 0.08422735529643446 acc 39.06% eta 0:44:04
2023-04-07 18:52:59,056 - __main__ - INFO - [INFO] 2023-04-07 18:52:59.055941 Epoch [27/100] batch [129/391] loss 2.4922 lr 0.08422735529643446 acc 29.69% eta 0:42:14
2023-04-07 18:53:14,586 - __main__ - INFO - [INFO] 2023-04-07 18:53:14.585881 Epoch [27/100] batch [257/391] loss 2.4043 lr 0.08422735529643446 acc 28.91% eta 0:42:07
2023-04-07 18:53:30,079 - __main__ - INFO - [INFO] 2023-04-07 18:53:30.079400 Epoch [27/100] batch [385/391] loss 2.3359 lr 0.08422735529643446 acc 28.12% eta 0:41:45
2023-04-07 18:53:30,793 - __main__ - INFO - Computing epoch 27 validation accuracy...
2023-04-07 18:53:34,574 - __main__ - INFO - Computing epoch 27 validation loss...
2023-04-07 18:53:38,509 - __main__ - INFO - [INFO] 2023-04-07 18:53:38.509450 Epoch [28/100] batch [1/391] loss 2.1211 lr 0.08306559326618262 acc 34.38% eta 0:47:58
2023-04-07 18:53:54,125 - __main__ - INFO - [INFO] 2023-04-07 18:53:54.125157 Epoch [28/100] batch [129/391] loss 2.2266 lr 0.08306559326618262 acc 43.75% eta 0:41:31
2023-04-07 18:54:09,904 - __main__ - INFO - [INFO] 2023-04-07 18:54:09.904159 Epoch [28/100] batch [257/391] loss 2.5566 lr 0.08306559326618262 acc 40.62% eta 0:41:41
2023-04-07 18:54:25,714 - __main__ - INFO - [INFO] 2023-04-07 18:54:25.714342 Epoch [28/100] batch [385/391] loss 2.2266 lr 0.08306559326618262 acc 39.06% eta 0:41:37
2023-04-07 18:54:26,516 - __main__ - INFO - Computing epoch 28 validation accuracy...
2023-04-07 18:54:30,540 - __main__ - INFO - Computing epoch 28 validation loss...
2023-04-07 18:54:34,730 - __main__ - INFO - [INFO] 2023-04-07 18:54:34.730188 Epoch [29/100] batch [1/391] loss 2.2402 lr 0.08187119948743452 acc 38.28% eta 1:04:03
2023-04-07 18:54:50,950 - __main__ - INFO - [INFO] 2023-04-07 18:54:50.949960 Epoch [29/100] batch [129/391] loss 2.2812 lr 0.08187119948743452 acc 37.50% eta 0:44:59
2023-04-07 18:55:06,909 - __main__ - INFO - [INFO] 2023-04-07 18:55:06.909314 Epoch [29/100] batch [257/391] loss 2.2578 lr 0.08187119948743452 acc 43.75% eta 0:43:43
2023-04-07 18:55:22,037 - __main__ - INFO - [INFO] 2023-04-07 18:55:22.037106 Epoch [29/100] batch [385/391] loss 2.3789 lr 0.08187119948743452 acc 40.62% eta 0:42:41
2023-04-07 18:55:22,742 - __main__ - INFO - Computing epoch 29 validation accuracy...
2023-04-07 18:55:26,558 - __main__ - INFO - Computing epoch 29 validation loss...
2023-04-07 18:55:30,548 - __main__ - INFO - [INFO] 2023-04-07 18:55:30.548788 Epoch [30/100] batch [1/391] loss 2.2949 lr 0.08064535268264886 acc 36.72% eta 0:43:35
2023-04-07 18:55:46,134 - __main__ - INFO - [INFO] 2023-04-07 18:55:46.133941 Epoch [30/100] batch [129/391] loss 2.3926 lr 0.08064535268264886 acc 35.94% eta 0:40:10
2023-04-07 18:56:01,636 - __main__ - INFO - [INFO] 2023-04-07 18:56:01.636714 Epoch [30/100] batch [257/391] loss 2.1094 lr 0.08064535268264886 acc 35.94% eta 0:39:53
2023-04-07 18:56:17,203 - __main__ - INFO - [INFO] 2023-04-07 18:56:17.203580 Epoch [30/100] batch [385/391] loss 2.1055 lr 0.08064535268264886 acc 44.53% eta 0:39:41
2023-04-07 18:56:17,892 - __main__ - INFO - Computing epoch 30 validation accuracy...
2023-04-07 18:56:21,638 - __main__ - INFO - Computing epoch 30 validation loss...
2023-04-07 18:56:25,499 - __main__ - INFO - [INFO] 2023-04-07 18:56:25.499180 Epoch [31/100] batch [1/391] loss 2.2559 lr 0.0793892626146237 acc 46.88% eta 0:42:32
2023-04-07 18:56:41,061 - __main__ - INFO - [INFO] 2023-04-07 18:56:41.061641 Epoch [31/100] batch [129/391] loss 2.2363 lr 0.0793892626146237 acc 41.41% eta 0:39:30
2023-04-07 18:56:56,764 - __main__ - INFO - [INFO] 2023-04-07 18:56:56.764545 Epoch [31/100] batch [257/391] loss 2.4238 lr 0.0793892626146237 acc 39.06% eta 0:39:39
2023-04-07 18:57:12,340 - __main__ - INFO - [INFO] 2023-04-07 18:57:12.340332 Epoch [31/100] batch [385/391] loss 2.5293 lr 0.0793892626146237 acc 28.91% eta 0:39:18
2023-04-07 18:57:13,050 - __main__ - INFO - Computing epoch 31 validation accuracy...
2023-04-07 18:57:16,811 - __main__ - INFO - Computing epoch 31 validation loss...
2023-04-07 18:57:20,646 - __main__ - INFO - [INFO] 2023-04-07 18:57:20.646743 Epoch [32/100] batch [1/391] loss 1.8789 lr 0.07810416889260657 acc 52.34% eta 0:40:28
2023-04-07 18:57:35,607 - __main__ - INFO - [INFO] 2023-04-07 18:57:35.607775 Epoch [32/100] batch [129/391] loss 1.7676 lr 0.07810416889260657 acc 50.78% eta 0:39:10
2023-04-07 18:57:51,203 - __main__ - INFO - [INFO] 2023-04-07 18:57:51.203404 Epoch [32/100] batch [257/391] loss 2.5449 lr 0.07810416889260657 acc 34.38% eta 0:39:07
2023-04-07 18:58:06,816 - __main__ - INFO - [INFO] 2023-04-07 18:58:06.816433 Epoch [32/100] batch [385/391] loss 2.0957 lr 0.07810416889260657 acc 44.53% eta 0:38:52
2023-04-07 18:58:07,517 - __main__ - INFO - Computing epoch 32 validation accuracy...
2023-04-07 18:58:11,329 - __main__ - INFO - Computing epoch 32 validation loss...
2023-04-07 18:58:15,233 - __main__ - INFO - [INFO] 2023-04-07 18:58:15.233125 Epoch [33/100] batch [1/391] loss 2.2402 lr 0.07679133974894986 acc 46.09% eta 0:42:04
2023-04-07 18:58:31,035 - __main__ - INFO - [INFO] 2023-04-07 18:58:31.035691 Epoch [33/100] batch [129/391] loss 2.2129 lr 0.07679133974894986 acc 35.94% eta 0:39:06
2023-04-07 18:58:46,605 - __main__ - INFO - [INFO] 2023-04-07 18:58:46.604945 Epoch [33/100] batch [257/391] loss 2.0273 lr 0.07679133974894986 acc 42.97% eta 0:38:42
2023-04-07 18:59:02,167 - __main__ - INFO - [INFO] 2023-04-07 18:59:02.167345 Epoch [33/100] batch [385/391] loss 1.9619 lr 0.07679133974894986 acc 47.66% eta 0:38:24
2023-04-07 18:59:02,903 - __main__ - INFO - Computing epoch 33 validation accuracy...
2023-04-07 18:59:06,739 - __main__ - INFO - Computing epoch 33 validation loss...
2023-04-07 18:59:10,636 - __main__ - INFO - [INFO] 2023-04-07 18:59:10.636410 Epoch [34/100] batch [1/391] loss 2.0332 lr 0.0754520707875186 acc 36.72% eta 0:42:24
2023-04-07 18:59:26,163 - __main__ - INFO - [INFO] 2023-04-07 18:59:26.163529 Epoch [34/100] batch [129/391] loss 2.1992 lr 0.0754520707875186 acc 41.41% eta 0:37:39
2023-04-07 18:59:41,421 - __main__ - INFO - [INFO] 2023-04-07 18:59:41.420956 Epoch [34/100] batch [257/391] loss 2.5703 lr 0.0754520707875186 acc 35.94% eta 0:37:26
2023-04-07 18:59:56,502 - __main__ - INFO - [INFO] 2023-04-07 18:59:56.502816 Epoch [34/100] batch [385/391] loss 2.3359 lr 0.0754520707875186 acc 42.97% eta 0:37:18
2023-04-07 18:59:57,171 - __main__ - INFO - Computing epoch 34 validation accuracy...
2023-04-07 19:00:00,941 - __main__ - INFO - Computing epoch 34 validation loss...
2023-04-07 19:00:04,811 - __main__ - INFO - [INFO] 2023-04-07 19:00:04.811627 Epoch [35/100] batch [1/391] loss 2.2207 lr 0.0740876837050858 acc 46.09% eta 0:40:11
2023-04-07 19:00:20,281 - __main__ - INFO - [INFO] 2023-04-07 19:00:20.281222 Epoch [35/100] batch [129/391] loss 2.3359 lr 0.0740876837050858 acc 39.84% eta 0:37:04
2023-04-07 19:00:35,916 - __main__ - INFO - [INFO] 2023-04-07 19:00:35.916224 Epoch [35/100] batch [257/391] loss 2.1230 lr 0.0740876837050858 acc 35.94% eta 0:37:06
2023-04-07 19:00:51,607 - __main__ - INFO - [INFO] 2023-04-07 19:00:51.607164 Epoch [35/100] batch [385/391] loss 2.2402 lr 0.0740876837050858 acc 39.06% eta 0:37:08
2023-04-07 19:00:52,332 - __main__ - INFO - Computing epoch 35 validation accuracy...
2023-04-07 19:00:56,013 - __main__ - INFO - Computing epoch 35 validation loss...
2023-04-07 19:00:59,921 - __main__ - INFO - [INFO] 2023-04-07 19:00:59.920834 Epoch [36/100] batch [1/391] loss 1.7988 lr 0.07269952498697738 acc 39.84% eta 0:50:35
2023-04-07 19:01:15,161 - __main__ - INFO - [INFO] 2023-04-07 19:01:15.160927 Epoch [36/100] batch [129/391] loss 2.2891 lr 0.07269952498697738 acc 44.53% eta 0:36:35
2023-04-07 19:01:30,755 - __main__ - INFO - [INFO] 2023-04-07 19:01:30.755187 Epoch [36/100] batch [257/391] loss 2.0918 lr 0.07269952498697738 acc 41.41% eta 0:36:28
2023-04-07 19:01:46,387 - __main__ - INFO - [INFO] 2023-04-07 19:01:46.386809 Epoch [36/100] batch [385/391] loss 2.0918 lr 0.07269952498697738 acc 46.09% eta 0:36:17
2023-04-07 19:01:47,103 - __main__ - INFO - Computing epoch 36 validation accuracy...
2023-04-07 19:01:50,866 - __main__ - INFO - Computing epoch 36 validation loss...
2023-04-07 19:01:54,624 - __main__ - INFO - [INFO] 2023-04-07 19:01:54.623845 Epoch [37/100] batch [1/391] loss 2.0996 lr 0.07128896457825366 acc 49.22% eta 0:40:50
2023-04-07 19:02:09,802 - __main__ - INFO - [INFO] 2023-04-07 19:02:09.802767 Epoch [37/100] batch [129/391] loss 2.3418 lr 0.07128896457825366 acc 35.94% eta 0:36:09
2023-04-07 19:02:25,396 - __main__ - INFO - [INFO] 2023-04-07 19:02:25.396535 Epoch [37/100] batch [257/391] loss 2.1113 lr 0.07128896457825366 acc 52.34% eta 0:36:02
2023-04-07 19:02:41,009 - __main__ - INFO - [INFO] 2023-04-07 19:02:41.008849 Epoch [37/100] batch [385/391] loss 1.9990 lr 0.07128896457825366 acc 43.75% eta 0:35:53
2023-04-07 19:02:41,749 - __main__ - INFO - Computing epoch 37 validation accuracy...
2023-04-07 19:02:45,520 - __main__ - INFO - Computing epoch 37 validation loss...
2023-04-07 19:02:49,432 - __main__ - INFO - [INFO] 2023-04-07 19:02:49.432417 Epoch [38/100] batch [1/391] loss 1.8799 lr 0.06985739453173906 acc 49.22% eta 0:38:01
2023-04-07 19:03:05,134 - __main__ - INFO - [INFO] 2023-04-07 19:03:05.133970 Epoch [38/100] batch [129/391] loss 2.2930 lr 0.06985739453173906 acc 36.72% eta 0:36:17
2023-04-07 19:03:20,676 - __main__ - INFO - [INFO] 2023-04-07 19:03:20.676524 Epoch [38/100] batch [257/391] loss 2.1758 lr 0.06985739453173906 acc 50.78% eta 0:35:40
2023-04-07 19:03:36,359 - __main__ - INFO - [INFO] 2023-04-07 19:03:36.359171 Epoch [38/100] batch [385/391] loss 2.2227 lr 0.06985739453173906 acc 40.62% eta 0:35:36
2023-04-07 19:03:37,047 - __main__ - INFO - Computing epoch 38 validation accuracy...
2023-04-07 19:03:40,873 - __main__ - INFO - Computing epoch 38 validation loss...
2023-04-07 19:03:44,782 - __main__ - INFO - [INFO] 2023-04-07 19:03:44.782172 Epoch [39/100] batch [1/391] loss 2.4922 lr 0.06840622763423394 acc 35.16% eta 0:38:09
2023-04-07 19:04:00,404 - __main__ - INFO - [INFO] 2023-04-07 19:04:00.404404 Epoch [39/100] batch [129/391] loss 2.1777 lr 0.06840622763423394 acc 47.66% eta 0:35:14
2023-04-07 19:04:15,506 - __main__ - INFO - [INFO] 2023-04-07 19:04:15.506457 Epoch [39/100] batch [257/391] loss 1.8652 lr 0.06840622763423394 acc 40.62% eta 0:34:54
2023-04-07 19:04:30,965 - __main__ - INFO - [INFO] 2023-04-07 19:04:30.964974 Epoch [39/100] batch [385/391] loss 2.0859 lr 0.06840622763423394 acc 41.41% eta 0:34:51
2023-04-07 19:04:31,657 - __main__ - INFO - Computing epoch 39 validation accuracy...
2023-04-07 19:04:35,442 - __main__ - INFO - Computing epoch 39 validation loss...
2023-04-07 19:04:39,314 - __main__ - INFO - [INFO] 2023-04-07 19:04:39.314105 Epoch [40/100] batch [1/391] loss 1.9775 lr 0.06693689601226462 acc 41.41% eta 0:39:20
2023-04-07 19:04:54,917 - __main__ - INFO - [INFO] 2023-04-07 19:04:54.917201 Epoch [40/100] batch [129/391] loss 1.7773 lr 0.06693689601226462 acc 57.81% eta 0:34:55
2023-04-07 19:05:10,603 - __main__ - INFO - [INFO] 2023-04-07 19:05:10.603065 Epoch [40/100] batch [257/391] loss 2.3301 lr 0.06693689601226462 acc 50.78% eta 0:34:36
2023-04-07 19:05:26,202 - __main__ - INFO - [INFO] 2023-04-07 19:05:26.202183 Epoch [40/100] batch [385/391] loss 2.2422 lr 0.06693689601226462 acc 43.75% eta 0:34:20
2023-04-07 19:05:26,916 - __main__ - INFO - Computing epoch 40 validation accuracy...
2023-04-07 19:05:30,658 - __main__ - INFO - Computing epoch 40 validation loss...
2023-04-07 19:05:34,475 - __main__ - INFO - [INFO] 2023-04-07 19:05:34.475610 Epoch [41/100] batch [1/391] loss 1.8164 lr 0.06545084971874741 acc 48.44% eta 0:36:54
2023-04-07 19:05:50,223 - __main__ - INFO - [INFO] 2023-04-07 19:05:50.223240 Epoch [41/100] batch [129/391] loss 2.2676 lr 0.06545084971874741 acc 40.62% eta 0:34:44
2023-04-07 19:06:05,849 - __main__ - INFO - [INFO] 2023-04-07 19:06:05.849586 Epoch [41/100] batch [257/391] loss 2.0234 lr 0.06545084971874741 acc 47.66% eta 0:34:09
2023-04-07 19:06:21,334 - __main__ - INFO - [INFO] 2023-04-07 19:06:21.333933 Epoch [41/100] batch [385/391] loss 1.8037 lr 0.06545084971874741 acc 50.00% eta 0:33:51
2023-04-07 19:06:22,031 - __main__ - INFO - Computing epoch 41 validation accuracy...
2023-04-07 19:06:25,762 - __main__ - INFO - Computing epoch 41 validation loss...
2023-04-07 19:06:29,497 - __main__ - INFO - [INFO] 2023-04-07 19:06:29.497446 Epoch [42/100] batch [1/391] loss 1.8135 lr 0.06394955530196152 acc 52.34% eta 0:35:31
2023-04-07 19:06:44,909 - __main__ - INFO - [INFO] 2023-04-07 19:06:44.909024 Epoch [42/100] batch [129/391] loss 1.8164 lr 0.06394955530196152 acc 56.25% eta 0:33:36
2023-04-07 19:07:00,535 - __main__ - INFO - [INFO] 2023-04-07 19:07:00.535021 Epoch [42/100] batch [257/391] loss 1.7959 lr 0.06394955530196152 acc 53.12% eta 0:33:27
2023-04-07 19:07:16,172 - __main__ - INFO - [INFO] 2023-04-07 19:07:16.172090 Epoch [42/100] batch [385/391] loss 1.9141 lr 0.06394955530196152 acc 48.44% eta 0:33:08
2023-04-07 19:07:16,881 - __main__ - INFO - Computing epoch 42 validation accuracy...
2023-04-07 19:07:20,664 - __main__ - INFO - Computing epoch 42 validation loss...
2023-04-07 19:07:24,514 - __main__ - INFO - [INFO] 2023-04-07 19:07:24.514423 Epoch [43/100] batch [1/391] loss 1.8818 lr 0.062434494358242776 acc 46.09% eta 0:36:14
2023-04-07 19:07:40,069 - __main__ - INFO - [INFO] 2023-04-07 19:07:40.069264 Epoch [43/100] batch [129/391] loss 2.2070 lr 0.062434494358242776 acc 40.62% eta 0:32:54
2023-04-07 19:07:55,710 - __main__ - INFO - [INFO] 2023-04-07 19:07:55.710182 Epoch [43/100] batch [257/391] loss 1.9814 lr 0.062434494358242776 acc 47.66% eta 0:32:50
2023-04-07 19:08:11,399 - __main__ - INFO - [INFO] 2023-04-07 19:08:11.399648 Epoch [43/100] batch [385/391] loss 1.8760 lr 0.062434494358242776 acc 50.00% eta 0:32:41
2023-04-07 19:08:12,113 - __main__ - INFO - Computing epoch 43 validation accuracy...
2023-04-07 19:08:15,862 - __main__ - INFO - Computing epoch 43 validation loss...
2023-04-07 19:08:19,727 - __main__ - INFO - [INFO] 2023-04-07 19:08:19.727198 Epoch [44/100] batch [1/391] loss 2.1523 lr 0.06090716206982718 acc 42.19% eta 0:43:16
2023-04-07 19:08:35,400 - __main__ - INFO - [INFO] 2023-04-07 19:08:35.400409 Epoch [44/100] batch [129/391] loss 1.8965 lr 0.06090716206982718 acc 52.34% eta 0:32:32
2023-04-07 19:08:50,856 - __main__ - INFO - [INFO] 2023-04-07 19:08:50.856552 Epoch [44/100] batch [257/391] loss 2.4238 lr 0.06090716206982718 acc 40.62% eta 0:33:12
2023-04-07 19:09:06,461 - __main__ - INFO - [INFO] 2023-04-07 19:09:06.461352 Epoch [44/100] batch [385/391] loss 1.9180 lr 0.06090716206982718 acc 50.00% eta 0:32:42
2023-04-07 19:09:07,153 - __main__ - INFO - Computing epoch 44 validation accuracy...
2023-04-07 19:09:11,161 - __main__ - INFO - Computing epoch 44 validation loss...
2023-04-07 19:09:15,360 - __main__ - INFO - [INFO] 2023-04-07 19:09:15.360175 Epoch [45/100] batch [1/391] loss 1.7930 lr 0.05936906572928628 acc 52.34% eta 0:44:42
2023-04-07 19:09:31,193 - __main__ - INFO - [INFO] 2023-04-07 19:09:31.193646 Epoch [45/100] batch [129/391] loss 1.8604 lr 0.05936906572928628 acc 48.44% eta 0:33:01
2023-04-07 19:09:46,827 - __main__ - INFO - [INFO] 2023-04-07 19:09:46.827424 Epoch [45/100] batch [257/391] loss 1.9971 lr 0.05936906572928628 acc 42.19% eta 0:32:13
2023-04-07 19:10:02,490 - __main__ - INFO - [INFO] 2023-04-07 19:10:02.489935 Epoch [45/100] batch [385/391] loss 1.7725 lr 0.05936906572928628 acc 54.69% eta 0:31:52
2023-04-07 19:10:03,210 - __main__ - INFO - Computing epoch 45 validation accuracy...
2023-04-07 19:10:06,980 - __main__ - INFO - Computing epoch 45 validation loss...
2023-04-07 19:10:10,895 - __main__ - INFO - [INFO] 2023-04-07 19:10:10.895203 Epoch [46/100] batch [1/391] loss 1.7529 lr 0.05782172325201159 acc 39.84% eta 0:34:40
2023-04-07 19:10:26,509 - __main__ - INFO - [INFO] 2023-04-07 19:10:26.509082 Epoch [46/100] batch [129/391] loss 1.8379 lr 0.05782172325201159 acc 49.22% eta 0:31:16
2023-04-07 19:10:42,115 - __main__ - INFO - [INFO] 2023-04-07 19:10:42.115427 Epoch [46/100] batch [257/391] loss 2.0469 lr 0.05782172325201159 acc 46.09% eta 0:31:01
2023-04-07 19:10:57,758 - __main__ - INFO - [INFO] 2023-04-07 19:10:57.758424 Epoch [46/100] batch [385/391] loss 2.0078 lr 0.05782172325201159 acc 44.53% eta 0:31:07
2023-04-07 19:10:58,425 - __main__ - INFO - Computing epoch 46 validation accuracy...
2023-04-07 19:11:02,188 - __main__ - INFO - Computing epoch 46 validation loss...
2023-04-07 19:11:06,019 - __main__ - INFO - [INFO] 2023-04-07 19:11:06.019315 Epoch [47/100] batch [1/391] loss 1.6416 lr 0.056266661678215264 acc 50.78% eta 0:34:22
2023-04-07 19:11:21,566 - __main__ - INFO - [INFO] 2023-04-07 19:11:21.566453 Epoch [47/100] batch [129/391] loss 1.6113 lr 0.056266661678215264 acc 53.12% eta 0:30:31
2023-04-07 19:11:37,227 - __main__ - INFO - [INFO] 2023-04-07 19:11:37.227271 Epoch [47/100] batch [257/391] loss 2.0254 lr 0.056266661678215264 acc 53.12% eta 0:30:27
2023-04-07 19:11:52,903 - __main__ - INFO - [INFO] 2023-04-07 19:11:52.903252 Epoch [47/100] batch [385/391] loss 1.7900 lr 0.056266661678215264 acc 45.31% eta 0:30:23
2023-04-07 19:11:53,605 - __main__ - INFO - Computing epoch 47 validation accuracy...
2023-04-07 19:11:57,398 - __main__ - INFO - Computing epoch 47 validation loss...
2023-04-07 19:12:01,206 - __main__ - INFO - [INFO] 2023-04-07 19:12:01.206003 Epoch [48/100] batch [1/391] loss 1.7451 lr 0.05470541566592575 acc 54.69% eta 0:33:09
2023-04-07 19:12:16,706 - __main__ - INFO - [INFO] 2023-04-07 19:12:16.706347 Epoch [48/100] batch [129/391] loss 1.8975 lr 0.05470541566592575 acc 54.69% eta 0:29:49
2023-04-07 19:12:32,434 - __main__ - INFO - [INFO] 2023-04-07 19:12:32.434267 Epoch [48/100] batch [257/391] loss 1.5303 lr 0.05470541566592575 acc 53.91% eta 0:29:54
2023-04-07 19:12:47,996 - __main__ - INFO - [INFO] 2023-04-07 19:12:47.996621 Epoch [48/100] batch [385/391] loss 1.8369 lr 0.05470541566592575 acc 52.34% eta 0:29:41
2023-04-07 19:12:48,691 - __main__ - INFO - Computing epoch 48 validation accuracy...
2023-04-07 19:12:52,453 - __main__ - INFO - Computing epoch 48 validation loss...
2023-04-07 19:12:56,428 - __main__ - INFO - [INFO] 2023-04-07 19:12:56.428631 Epoch [49/100] batch [1/391] loss 1.8613 lr 0.053139525976465714 acc 57.03% eta 0:33:19
2023-04-07 19:13:11,785 - __main__ - INFO - [INFO] 2023-04-07 19:13:11.785442 Epoch [49/100] batch [129/391] loss 1.9590 lr 0.053139525976465714 acc 43.75% eta 0:29:27
2023-04-07 19:13:26,717 - __main__ - INFO - [INFO] 2023-04-07 19:13:26.717575 Epoch [49/100] batch [257/391] loss 1.7402 lr 0.053139525976465714 acc 49.22% eta 0:29:08
2023-04-07 19:13:42,546 - __main__ - INFO - [INFO] 2023-04-07 19:13:42.546297 Epoch [49/100] batch [385/391] loss 1.8486 lr 0.053139525976465714 acc 56.25% eta 0:29:22
2023-04-07 19:13:43,275 - __main__ - INFO - Computing epoch 49 validation accuracy...
2023-04-07 19:13:47,200 - __main__ - INFO - Computing epoch 49 validation loss...
2023-04-07 19:13:51,171 - __main__ - INFO - [INFO] 2023-04-07 19:13:51.171326 Epoch [50/100] batch [1/391] loss 1.7295 lr 0.05157053795390645 acc 52.34% eta 0:39:14
2023-04-07 19:14:07,637 - __main__ - INFO - [INFO] 2023-04-07 19:14:07.636735 Epoch [50/100] batch [129/391] loss 1.8477 lr 0.05157053795390645 acc 50.78% eta 0:32:10
2023-04-07 19:14:23,229 - __main__ - INFO - [INFO] 2023-04-07 19:14:23.229531 Epoch [50/100] batch [257/391] loss 1.6318 lr 0.05157053795390645 acc 60.16% eta 0:30:16
2023-04-07 19:14:38,829 - __main__ - INFO - [INFO] 2023-04-07 19:14:38.829625 Epoch [50/100] batch [385/391] loss 1.8652 lr 0.05157053795390645 acc 54.69% eta 0:29:31
2023-04-07 19:14:39,528 - __main__ - INFO - Computing epoch 50 validation accuracy...
2023-04-07 19:14:43,248 - __main__ - INFO - Computing epoch 50 validation loss...
2023-04-07 19:14:47,122 - __main__ - INFO - [INFO] 2023-04-07 19:14:47.122080 Epoch [51/100] batch [1/391] loss 1.9443 lr 0.05000000000000004 acc 47.66% eta 0:32:03
2023-04-07 19:15:02,684 - __main__ - INFO - [INFO] 2023-04-07 19:15:02.683875 Epoch [51/100] batch [129/391] loss 1.4893 lr 0.05000000000000004 acc 59.38% eta 0:28:27
2023-04-07 19:15:18,394 - __main__ - INFO - [INFO] 2023-04-07 19:15:18.394761 Epoch [51/100] batch [257/391] loss 1.8281 lr 0.05000000000000004 acc 55.47% eta 0:28:17
2023-04-07 19:15:33,303 - __main__ - INFO - [INFO] 2023-04-07 19:15:33.303082 Epoch [51/100] batch [385/391] loss 1.5752 lr 0.05000000000000004 acc 55.47% eta 0:27:59
2023-04-07 19:15:33,954 - __main__ - INFO - Computing epoch 51 validation accuracy...
2023-04-07 19:15:37,646 - __main__ - INFO - Computing epoch 51 validation loss...
2023-04-07 19:15:41,507 - __main__ - INFO - [INFO] 2023-04-07 19:15:41.506875 Epoch [52/100] batch [1/391] loss 1.8047 lr 0.04842946204609362 acc 58.59% eta 0:31:38
2023-04-07 19:15:57,090 - __main__ - INFO - [INFO] 2023-04-07 19:15:57.090754 Epoch [52/100] batch [129/391] loss 1.5820 lr 0.04842946204609362 acc 59.38% eta 0:27:47
2023-04-07 19:16:12,779 - __main__ - INFO - [INFO] 2023-04-07 19:16:12.779325 Epoch [52/100] batch [257/391] loss 1.6113 lr 0.04842946204609362 acc 62.50% eta 0:27:37
2023-04-07 19:16:28,399 - __main__ - INFO - [INFO] 2023-04-07 19:16:28.399203 Epoch [52/100] batch [385/391] loss 1.4580 lr 0.04842946204609362 acc 48.44% eta 0:27:23
2023-04-07 19:16:29,129 - __main__ - INFO - Computing epoch 52 validation accuracy...
2023-04-07 19:16:32,915 - __main__ - INFO - Computing epoch 52 validation loss...
2023-04-07 19:16:36,811 - __main__ - INFO - [INFO] 2023-04-07 19:16:36.811377 Epoch [53/100] batch [1/391] loss 1.8525 lr 0.04686047402353437 acc 50.00% eta 0:29:47
2023-04-07 19:16:52,425 - __main__ - INFO - [INFO] 2023-04-07 19:16:52.425594 Epoch [53/100] batch [129/391] loss 1.4600 lr 0.04686047402353437 acc 59.38% eta 0:27:19
2023-04-07 19:17:08,111 - __main__ - INFO - [INFO] 2023-04-07 19:17:08.111783 Epoch [53/100] batch [257/391] loss 1.6533 lr 0.04686047402353437 acc 57.81% eta 0:27:10
2023-04-07 19:17:23,733 - __main__ - INFO - [INFO] 2023-04-07 19:17:23.733000 Epoch [53/100] batch [385/391] loss 1.5615 lr 0.04686047402353437 acc 60.94% eta 0:26:56
2023-04-07 19:17:24,429 - __main__ - INFO - Computing epoch 53 validation accuracy...
2023-04-07 19:17:28,178 - __main__ - INFO - Computing epoch 53 validation loss...
2023-04-07 19:17:32,023 - __main__ - INFO - [INFO] 2023-04-07 19:17:32.023269 Epoch [54/100] batch [1/391] loss 1.5830 lr 0.045294584334074316 acc 60.16% eta 0:30:20
2023-04-07 19:17:47,210 - __main__ - INFO - [INFO] 2023-04-07 19:17:47.210718 Epoch [54/100] batch [129/391] loss 1.5225 lr 0.045294584334074316 acc 55.47% eta 0:26:31
2023-04-07 19:18:03,016 - __main__ - INFO - [INFO] 2023-04-07 19:18:03.016783 Epoch [54/100] batch [257/391] loss 1.7812 lr 0.045294584334074316 acc 55.47% eta 0:27:28
2023-04-07 19:18:18,711 - __main__ - INFO - [INFO] 2023-04-07 19:18:18.710929 Epoch [54/100] batch [385/391] loss 1.6465 lr 0.045294584334074316 acc 58.59% eta 0:26:58
2023-04-07 19:18:19,463 - __main__ - INFO - Computing epoch 54 validation accuracy...
2023-04-07 19:18:23,545 - __main__ - INFO - Computing epoch 54 validation loss...
2023-04-07 19:18:27,808 - __main__ - INFO - [INFO] 2023-04-07 19:18:27.808008 Epoch [55/100] batch [1/391] loss 1.6299 lr 0.043733338321784825 acc 54.69% eta 0:26:26
2023-04-07 19:18:43,366 - __main__ - INFO - [INFO] 2023-04-07 19:18:43.366241 Epoch [55/100] batch [129/391] loss 1.5068 lr 0.043733338321784825 acc 60.94% eta 0:26:03
2023-04-07 19:18:58,980 - __main__ - INFO - [INFO] 2023-04-07 19:18:58.980061 Epoch [55/100] batch [257/391] loss 1.6758 lr 0.043733338321784825 acc 55.47% eta 0:25:51
2023-04-07 19:19:14,541 - __main__ - INFO - [INFO] 2023-04-07 19:19:14.540875 Epoch [55/100] batch [385/391] loss 1.8057 lr 0.043733338321784825 acc 56.25% eta 0:25:37
2023-04-07 19:19:15,261 - __main__ - INFO - Computing epoch 55 validation accuracy...
2023-04-07 19:19:19,033 - __main__ - INFO - Computing epoch 55 validation loss...
2023-04-07 19:19:22,912 - __main__ - INFO - [INFO] 2023-04-07 19:19:22.912342 Epoch [56/100] batch [1/391] loss 1.6318 lr 0.042178276747988484 acc 60.16% eta 0:31:21
2023-04-07 19:19:38,606 - __main__ - INFO - [INFO] 2023-04-07 19:19:38.605873 Epoch [56/100] batch [129/391] loss 1.8057 lr 0.042178276747988484 acc 55.47% eta 0:25:50
2023-04-07 19:19:54,204 - __main__ - INFO - [INFO] 2023-04-07 19:19:54.204500 Epoch [56/100] batch [257/391] loss 1.5078 lr 0.042178276747988484 acc 64.06% eta 0:25:28
2023-04-07 19:20:09,259 - __main__ - INFO - [INFO] 2023-04-07 19:20:09.259808 Epoch [56/100] batch [385/391] loss 1.5107 lr 0.042178276747988484 acc 60.16% eta 0:25:16
2023-04-07 19:20:09,969 - __main__ - INFO - Computing epoch 56 validation accuracy...
2023-04-07 19:20:13,703 - __main__ - INFO - Computing epoch 56 validation loss...
2023-04-07 19:20:17,563 - __main__ - INFO - [INFO] 2023-04-07 19:20:17.563772 Epoch [57/100] batch [1/391] loss 1.6289 lr 0.0406309342707138 acc 65.62% eta 0:28:03
2023-04-07 19:20:33,155 - __main__ - INFO - [INFO] 2023-04-07 19:20:33.155187 Epoch [57/100] batch [129/391] loss 1.7236 lr 0.0406309342707138 acc 59.38% eta 0:25:00
2023-04-07 19:20:48,760 - __main__ - INFO - [INFO] 2023-04-07 19:20:48.760281 Epoch [57/100] batch [257/391] loss 1.3164 lr 0.0406309342707138 acc 64.06% eta 0:24:40
2023-04-07 19:21:04,379 - __main__ - INFO - [INFO] 2023-04-07 19:21:04.379131 Epoch [57/100] batch [385/391] loss 1.5566 lr 0.0406309342707138 acc 62.50% eta 0:24:26
2023-04-07 19:21:05,087 - __main__ - INFO - Computing epoch 57 validation accuracy...
2023-04-07 19:21:08,797 - __main__ - INFO - Computing epoch 57 validation loss...
2023-04-07 19:21:12,796 - __main__ - INFO - [INFO] 2023-04-07 19:21:12.796115 Epoch [58/100] batch [1/391] loss 1.2070 lr 0.039092837930172916 acc 68.75% eta 0:27:33
2023-04-07 19:21:28,322 - __main__ - INFO - [INFO] 2023-04-07 19:21:28.322379 Epoch [58/100] batch [129/391] loss 1.7373 lr 0.039092837930172916 acc 64.06% eta 0:24:01
2023-04-07 19:21:43,857 - __main__ - INFO - [INFO] 2023-04-07 19:21:43.857807 Epoch [58/100] batch [257/391] loss 1.3936 lr 0.039092837930172916 acc 65.62% eta 0:23:55
2023-04-07 19:21:59,353 - __main__ - INFO - [INFO] 2023-04-07 19:21:59.353665 Epoch [58/100] batch [385/391] loss 1.5938 lr 0.039092837930172916 acc 55.47% eta 0:23:48
2023-04-07 19:22:00,027 - __main__ - INFO - Computing epoch 58 validation accuracy...
2023-04-07 19:22:03,615 - __main__ - INFO - Computing epoch 58 validation loss...
2023-04-07 19:22:07,502 - __main__ - INFO - [INFO] 2023-04-07 19:22:07.502109 Epoch [59/100] batch [1/391] loss 1.5371 lr 0.037565505641757285 acc 57.81% eta 0:25:33
2023-04-07 19:22:22,412 - __main__ - INFO - [INFO] 2023-04-07 19:22:22.412116 Epoch [59/100] batch [129/391] loss 1.5244 lr 0.037565505641757285 acc 59.38% eta 0:23:37
2023-04-07 19:22:37,905 - __main__ - INFO - [INFO] 2023-04-07 19:22:37.905522 Epoch [59/100] batch [257/391] loss 1.7275 lr 0.037565505641757285 acc 56.25% eta 0:23:27
2023-04-07 19:22:54,133 - __main__ - INFO - [INFO] 2023-04-07 19:22:54.133704 Epoch [59/100] batch [385/391] loss 1.1699 lr 0.037565505641757285 acc 67.97% eta 0:24:03
2023-04-07 19:22:54,844 - __main__ - INFO - Computing epoch 59 validation accuracy...
2023-04-07 19:22:58,672 - __main__ - INFO - Computing epoch 59 validation loss...
2023-04-07 19:23:03,876 - __main__ - INFO - [INFO] 2023-04-07 19:23:03.876265 Epoch [60/100] batch [1/391] loss 1.4727 lr 0.03605044469803857 acc 62.50% eta 0:36:46
2023-04-07 19:23:20,015 - __main__ - INFO - [INFO] 2023-04-07 19:23:20.015514 Epoch [60/100] batch [129/391] loss 1.5889 lr 0.03605044469803857 acc 56.25% eta 0:24:58
2023-04-07 19:23:35,593 - __main__ - INFO - [INFO] 2023-04-07 19:23:35.593190 Epoch [60/100] batch [257/391] loss 1.4795 lr 0.03605044469803857 acc 63.28% eta 0:23:50
2023-04-07 19:23:51,124 - __main__ - INFO - [INFO] 2023-04-07 19:23:51.124380 Epoch [60/100] batch [385/391] loss 1.3037 lr 0.03605044469803857 acc 70.31% eta 0:23:18
2023-04-07 19:23:51,841 - __main__ - INFO - Computing epoch 60 validation accuracy...
2023-04-07 19:23:55,610 - __main__ - INFO - Computing epoch 60 validation loss...
2023-04-07 19:23:59,462 - __main__ - INFO - [INFO] 2023-04-07 19:23:59.462061 Epoch [61/100] batch [1/391] loss 1.1631 lr 0.034549150281252675 acc 73.44% eta 0:24:25
2023-04-07 19:24:15,023 - __main__ - INFO - [INFO] 2023-04-07 19:24:15.023687 Epoch [61/100] batch [129/391] loss 1.3965 lr 0.034549150281252675 acc 64.84% eta 0:22:33
2023-04-07 19:24:30,447 - __main__ - INFO - [INFO] 2023-04-07 19:24:30.447305 Epoch [61/100] batch [257/391] loss 1.1973 lr 0.034549150281252675 acc 69.53% eta 0:22:28
2023-04-07 19:24:45,672 - __main__ - INFO - [INFO] 2023-04-07 19:24:45.672472 Epoch [61/100] batch [385/391] loss 1.5342 lr 0.034549150281252675 acc 56.25% eta 0:22:14
2023-04-07 19:24:46,375 - __main__ - INFO - Computing epoch 61 validation accuracy...
2023-04-07 19:24:50,088 - __main__ - INFO - Computing epoch 61 validation loss...
2023-04-07 19:24:53,857 - __main__ - INFO - [INFO] 2023-04-07 19:24:53.857191 Epoch [62/100] batch [1/391] loss 1.4199 lr 0.03306310398773546 acc 60.16% eta 0:22:17
2023-04-07 19:25:09,412 - __main__ - INFO - [INFO] 2023-04-07 19:25:09.412550 Epoch [62/100] batch [129/391] loss 1.8154 lr 0.03306310398773546 acc 57.03% eta 0:21:58
2023-04-07 19:25:25,086 - __main__ - INFO - [INFO] 2023-04-07 19:25:25.085841 Epoch [62/100] batch [257/391] loss 1.3057 lr 0.03306310398773546 acc 67.97% eta 0:21:54
2023-04-07 19:25:40,641 - __main__ - INFO - [INFO] 2023-04-07 19:25:40.641565 Epoch [62/100] batch [385/391] loss 1.5459 lr 0.03306310398773546 acc 59.38% eta 0:21:41
2023-04-07 19:25:41,350 - __main__ - INFO - Computing epoch 62 validation accuracy...
2023-04-07 19:25:45,082 - __main__ - INFO - Computing epoch 62 validation loss...
2023-04-07 19:25:48,950 - __main__ - INFO - [INFO] 2023-04-07 19:25:48.950159 Epoch [63/100] batch [1/391] loss 1.4766 lr 0.031593772365766146 acc 60.94% eta 0:24:13
2023-04-07 19:26:04,537 - __main__ - INFO - [INFO] 2023-04-07 19:26:04.536960 Epoch [63/100] batch [129/391] loss 1.6064 lr 0.031593772365766146 acc 66.41% eta 0:21:30
2023-04-07 19:26:20,157 - __main__ - INFO - [INFO] 2023-04-07 19:26:20.157433 Epoch [63/100] batch [257/391] loss 1.5420 lr 0.031593772365766146 acc 63.28% eta 0:21:14
2023-04-07 19:26:35,693 - __main__ - INFO - [INFO] 2023-04-07 19:26:35.693383 Epoch [63/100] batch [385/391] loss 1.4385 lr 0.031593772365766146 acc 64.06% eta 0:21:02
2023-04-07 19:26:36,373 - __main__ - INFO - Computing epoch 63 validation accuracy...
2023-04-07 19:26:40,108 - __main__ - INFO - Computing epoch 63 validation loss...
2023-04-07 19:26:43,911 - __main__ - INFO - [INFO] 2023-04-07 19:26:43.911051 Epoch [64/100] batch [1/391] loss 1.2236 lr 0.030142605468260992 acc 68.75% eta 0:23:18
2023-04-07 19:26:58,981 - __main__ - INFO - [INFO] 2023-04-07 19:26:58.980923 Epoch [64/100] batch [129/391] loss 1.0928 lr 0.030142605468260992 acc 75.00% eta 0:20:30
2023-04-07 19:27:14,677 - __main__ - INFO - [INFO] 2023-04-07 19:27:14.677813 Epoch [64/100] batch [257/391] loss 1.4199 lr 0.030142605468260992 acc 66.41% eta 0:20:35
2023-04-07 19:27:30,197 - __main__ - INFO - [INFO] 2023-04-07 19:27:30.197084 Epoch [64/100] batch [385/391] loss 1.4131 lr 0.030142605468260992 acc 64.06% eta 0:20:22
2023-04-07 19:27:30,901 - __main__ - INFO - Computing epoch 64 validation accuracy...
2023-04-07 19:27:34,678 - __main__ - INFO - Computing epoch 64 validation loss...
2023-04-07 19:27:38,508 - __main__ - INFO - [INFO] 2023-04-07 19:27:38.508733 Epoch [65/100] batch [1/391] loss 1.2979 lr 0.028711035421746394 acc 67.19% eta 0:22:15
2023-04-07 19:27:53,969 - __main__ - INFO - [INFO] 2023-04-07 19:27:53.969433 Epoch [65/100] batch [129/391] loss 1.4346 lr 0.028711035421746394 acc 61.72% eta 0:19:55
2023-04-07 19:28:09,455 - __main__ - INFO - [INFO] 2023-04-07 19:28:09.455094 Epoch [65/100] batch [257/391] loss 1.7344 lr 0.028711035421746394 acc 62.50% eta 0:19:47
2023-04-07 19:28:25,090 - __main__ - INFO - [INFO] 2023-04-07 19:28:25.089850 Epoch [65/100] batch [385/391] loss 1.2432 lr 0.028711035421746394 acc 70.31% eta 0:19:41
2023-04-07 19:28:25,762 - __main__ - INFO - Computing epoch 65 validation accuracy...
2023-04-07 19:28:29,490 - __main__ - INFO - Computing epoch 65 validation loss...
2023-04-07 19:28:33,296 - __main__ - INFO - [INFO] 2023-04-07 19:28:33.296577 Epoch [66/100] batch [1/391] loss 1.3027 lr 0.027300475013022688 acc 72.66% eta 0:20:51
2023-04-07 19:28:49,009 - __main__ - INFO - [INFO] 2023-04-07 19:28:49.009620 Epoch [66/100] batch [129/391] loss 1.3193 lr 0.027300475013022688 acc 69.53% eta 0:19:58
2023-04-07 19:29:04,236 - __main__ - INFO - [INFO] 2023-04-07 19:29:04.236665 Epoch [66/100] batch [257/391] loss 1.3477 lr 0.027300475013022688 acc 71.09% eta 0:19:40
2023-04-07 19:29:19,598 - __main__ - INFO - [INFO] 2023-04-07 19:29:19.598739 Epoch [66/100] batch [385/391] loss 0.9771 lr 0.027300475013022688 acc 76.56% eta 0:19:27
2023-04-07 19:29:20,306 - __main__ - INFO - Computing epoch 66 validation accuracy...
2023-04-07 19:29:24,089 - __main__ - INFO - Computing epoch 66 validation loss...
2023-04-07 19:29:27,861 - __main__ - INFO - [INFO] 2023-04-07 19:29:27.861727 Epoch [67/100] batch [1/391] loss 1.1455 lr 0.025912316294914254 acc 68.75% eta 0:20:46
2023-04-07 19:29:43,329 - __main__ - INFO - [INFO] 2023-04-07 19:29:43.329314 Epoch [67/100] batch [129/391] loss 1.0381 lr 0.025912316294914254 acc 67.97% eta 0:19:02
2023-04-07 19:29:58,844 - __main__ - INFO - [INFO] 2023-04-07 19:29:58.843962 Epoch [67/100] batch [257/391] loss 1.2109 lr 0.025912316294914254 acc 67.97% eta 0:18:49
2023-04-07 19:30:14,405 - __main__ - INFO - [INFO] 2023-04-07 19:30:14.405212 Epoch [67/100] batch [385/391] loss 1.2568 lr 0.025912316294914254 acc 76.56% eta 0:18:40
2023-04-07 19:30:15,112 - __main__ - INFO - Computing epoch 67 validation accuracy...
2023-04-07 19:30:18,842 - __main__ - INFO - Computing epoch 67 validation loss...
2023-04-07 19:30:22,640 - __main__ - INFO - [INFO] 2023-04-07 19:30:22.640443 Epoch [68/100] batch [1/391] loss 1.2100 lr 0.02454792921248146 acc 69.53% eta 0:21:49
2023-04-07 19:30:38,237 - __main__ - INFO - [INFO] 2023-04-07 19:30:38.236927 Epoch [68/100] batch [129/391] loss 1.2695 lr 0.02454792921248146 acc 71.88% eta 0:18:42
2023-04-07 19:30:54,039 - __main__ - INFO - [INFO] 2023-04-07 19:30:54.038962 Epoch [68/100] batch [257/391] loss 1.1943 lr 0.02454792921248146 acc 75.78% eta 0:18:39
2023-04-07 19:31:09,731 - __main__ - INFO - [INFO] 2023-04-07 19:31:09.731078 Epoch [68/100] batch [385/391] loss 1.3086 lr 0.02454792921248146 acc 67.19% eta 0:18:27
2023-04-07 19:31:10,432 - __main__ - INFO - Computing epoch 68 validation accuracy...
2023-04-07 19:31:14,125 - __main__ - INFO - Computing epoch 68 validation loss...
2023-04-07 19:31:17,916 - __main__ - INFO - [INFO] 2023-04-07 19:31:17.916463 Epoch [69/100] batch [1/391] loss 1.0264 lr 0.02320866025105018 acc 73.44% eta 0:20:02
2023-04-07 19:31:33,130 - __main__ - INFO - [INFO] 2023-04-07 19:31:33.130531 Epoch [69/100] batch [129/391] loss 1.6377 lr 0.02320866025105018 acc 59.38% eta 0:18:02
2023-04-07 19:31:48,787 - __main__ - INFO - [INFO] 2023-04-07 19:31:48.786954 Epoch [69/100] batch [257/391] loss 1.3604 lr 0.02320866025105018 acc 67.19% eta 0:17:57
2023-04-07 19:32:04,264 - __main__ - INFO - [INFO] 2023-04-07 19:32:04.264320 Epoch [69/100] batch [385/391] loss 1.3975 lr 0.02320866025105018 acc 65.62% eta 0:17:40
2023-04-07 19:32:04,972 - __main__ - INFO - Computing epoch 69 validation accuracy...
2023-04-07 19:32:08,708 - __main__ - INFO - Computing epoch 69 validation loss...
2023-04-07 19:32:12,623 - __main__ - INFO - [INFO] 2023-04-07 19:32:12.623104 Epoch [70/100] batch [1/391] loss 1.1006 lr 0.021895831107393487 acc 79.69% eta 0:19:35
2023-04-07 19:32:28,141 - __main__ - INFO - [INFO] 2023-04-07 19:32:28.141131 Epoch [70/100] batch [129/391] loss 1.3164 lr 0.021895831107393487 acc 75.00% eta 0:17:22
2023-04-07 19:32:43,630 - __main__ - INFO - [INFO] 2023-04-07 19:32:43.630318 Epoch [70/100] batch [257/391] loss 1.3193 lr 0.021895831107393487 acc 66.41% eta 0:17:12
2023-04-07 19:32:59,219 - __main__ - INFO - [INFO] 2023-04-07 19:32:59.219045 Epoch [70/100] batch [385/391] loss 1.1699 lr 0.021895831107393487 acc 71.88% eta 0:17:00
2023-04-07 19:32:59,919 - __main__ - INFO - Computing epoch 70 validation accuracy...
2023-04-07 19:33:03,672 - __main__ - INFO - Computing epoch 70 validation loss...
2023-04-07 19:33:07,515 - __main__ - INFO - [INFO] 2023-04-07 19:33:07.515820 Epoch [71/100] batch [1/391] loss 1.2295 lr 0.02061073738537637 acc 70.31% eta 0:17:25
2023-04-07 19:33:23,091 - __main__ - INFO - [INFO] 2023-04-07 19:33:23.091768 Epoch [71/100] batch [129/391] loss 1.1074 lr 0.02061073738537637 acc 74.22% eta 0:16:45
2023-04-07 19:33:38,139 - __main__ - INFO - [INFO] 2023-04-07 19:33:38.138960 Epoch [71/100] batch [257/391] loss 1.1738 lr 0.02061073738537637 acc 74.22% eta 0:16:33
2023-04-07 19:33:53,822 - __main__ - INFO - [INFO] 2023-04-07 19:33:53.822194 Epoch [71/100] batch [385/391] loss 1.1689 lr 0.02061073738537637 acc 75.00% eta 0:16:26
2023-04-07 19:33:54,515 - __main__ - INFO - Computing epoch 71 validation accuracy...
2023-04-07 19:33:58,258 - __main__ - INFO - Computing epoch 71 validation loss...
2023-04-07 19:34:02,129 - __main__ - INFO - [INFO] 2023-04-07 19:34:02.128942 Epoch [72/100] batch [1/391] loss 0.9619 lr 0.01935464731735119 acc 79.69% eta 0:17:48
2023-04-07 19:34:17,721 - __main__ - INFO - [INFO] 2023-04-07 19:34:17.721514 Epoch [72/100] batch [129/391] loss 1.1875 lr 0.01935464731735119 acc 68.75% eta 0:16:17
2023-04-07 19:34:33,334 - __main__ - INFO - [INFO] 2023-04-07 19:34:33.333962 Epoch [72/100] batch [257/391] loss 0.7607 lr 0.01935464731735119 acc 82.03% eta 0:16:05
2023-04-07 19:34:48,939 - __main__ - INFO - [INFO] 2023-04-07 19:34:48.938922 Epoch [72/100] batch [385/391] loss 1.0986 lr 0.01935464731735119 acc 72.66% eta 0:15:53
2023-04-07 19:34:49,622 - __main__ - INFO - Computing epoch 72 validation accuracy...
2023-04-07 19:34:53,408 - __main__ - INFO - Computing epoch 72 validation loss...
2023-04-07 19:34:57,230 - __main__ - INFO - [INFO] 2023-04-07 19:34:57.229963 Epoch [73/100] batch [1/391] loss 0.9736 lr 0.018128800512565532 acc 76.56% eta 0:17:08
2023-04-07 19:35:13,035 - __main__ - INFO - [INFO] 2023-04-07 19:35:13.035704 Epoch [73/100] batch [129/391] loss 1.4531 lr 0.018128800512565532 acc 69.53% eta 0:16:13
2023-04-07 19:35:28,696 - __main__ - INFO - [INFO] 2023-04-07 19:35:28.696440 Epoch [73/100] batch [257/391] loss 1.0850 lr 0.018128800512565532 acc 75.00% eta 0:15:50
2023-04-07 19:35:44,061 - __main__ - INFO - [INFO] 2023-04-07 19:35:44.060825 Epoch [73/100] batch [385/391] loss 1.0166 lr 0.018128800512565532 acc 74.22% eta 0:15:33
2023-04-07 19:35:44,785 - __main__ - INFO - Computing epoch 73 validation accuracy...
2023-04-07 19:35:48,448 - __main__ - INFO - Computing epoch 73 validation loss...
2023-04-07 19:35:52,181 - __main__ - INFO - [INFO] 2023-04-07 19:35:52.181309 Epoch [74/100] batch [1/391] loss 1.2529 lr 0.016934406733817433 acc 72.66% eta 0:16:50
2023-04-07 19:36:07,693 - __main__ - INFO - [INFO] 2023-04-07 19:36:07.692971 Epoch [74/100] batch [129/391] loss 0.9888 lr 0.016934406733817433 acc 77.34% eta 0:15:25
2023-04-07 19:36:23,431 - __main__ - INFO - [INFO] 2023-04-07 19:36:23.431791 Epoch [74/100] batch [257/391] loss 0.9531 lr 0.016934406733817433 acc 76.56% eta 0:15:12
2023-04-07 19:36:39,126 - __main__ - INFO - [INFO] 2023-04-07 19:36:39.125837 Epoch [74/100] batch [385/391] loss 1.2178 lr 0.016934406733817433 acc 69.53% eta 0:14:59
2023-04-07 19:36:39,817 - __main__ - INFO - Computing epoch 74 validation accuracy...
2023-04-07 19:36:43,542 - __main__ - INFO - Computing epoch 74 validation loss...
2023-04-07 19:36:47,487 - __main__ - INFO - [INFO] 2023-04-07 19:36:47.487052 Epoch [75/100] batch [1/391] loss 1.0986 lr 0.01577264470356558 acc 68.75% eta 0:16:24
2023-04-07 19:37:03,177 - __main__ - INFO - [INFO] 2023-04-07 19:37:03.177172 Epoch [75/100] batch [129/391] loss 1.0430 lr 0.01577264470356558 acc 72.66% eta 0:14:44
2023-04-07 19:37:18,698 - __main__ - INFO - [INFO] 2023-04-07 19:37:18.698541 Epoch [75/100] batch [257/391] loss 1.3379 lr 0.01577264470356558 acc 68.75% eta 0:14:26
2023-04-07 19:37:34,392 - __main__ - INFO - [INFO] 2023-04-07 19:37:34.392458 Epoch [75/100] batch [385/391] loss 1.2158 lr 0.01577264470356558 acc 72.66% eta 0:14:18
2023-04-07 19:37:35,094 - __main__ - INFO - Computing epoch 75 validation accuracy...
2023-04-07 19:37:38,813 - __main__ - INFO - Computing epoch 75 validation loss...
2023-04-07 19:37:42,749 - __main__ - INFO - [INFO] 2023-04-07 19:37:42.749048 Epoch [76/100] batch [1/391] loss 0.8843 lr 0.014644660940672643 acc 77.34% eta 0:15:38
2023-04-07 19:37:58,269 - __main__ - INFO - [INFO] 2023-04-07 19:37:58.269364 Epoch [76/100] batch [129/391] loss 0.9937 lr 0.014644660940672643 acc 77.34% eta 0:14:04
2023-04-07 19:38:13,451 - __main__ - INFO - [INFO] 2023-04-07 19:38:13.451709 Epoch [76/100] batch [257/391] loss 0.9878 lr 0.014644660940672643 acc 79.69% eta 0:13:55
2023-04-07 19:38:29,122 - __main__ - INFO - [INFO] 2023-04-07 19:38:29.122527 Epoch [76/100] batch [385/391] loss 1.1631 lr 0.014644660940672643 acc 67.19% eta 0:13:42
2023-04-07 19:38:29,851 - __main__ - INFO - Computing epoch 76 validation accuracy...
2023-04-07 19:38:33,562 - __main__ - INFO - Computing epoch 76 validation loss...
2023-04-07 19:38:37,310 - __main__ - INFO - [INFO] 2023-04-07 19:38:37.309975 Epoch [77/100] batch [1/391] loss 0.9756 lr 0.013551568628929448 acc 77.34% eta 0:14:33
2023-04-07 19:38:52,800 - __main__ - INFO - [INFO] 2023-04-07 19:38:52.800363 Epoch [77/100] batch [129/391] loss 0.6719 lr 0.013551568628929448 acc 86.72% eta 0:13:17
2023-04-07 19:39:08,523 - __main__ - INFO - [INFO] 2023-04-07 19:39:08.523318 Epoch [77/100] batch [257/391] loss 1.0117 lr 0.013551568628929448 acc 73.44% eta 0:13:17
2023-04-07 19:39:24,274 - __main__ - INFO - [INFO] 2023-04-07 19:39:24.273945 Epoch [77/100] batch [385/391] loss 1.2207 lr 0.013551568628929448 acc 70.31% eta 0:13:09
2023-04-07 19:39:24,967 - __main__ - INFO - Computing epoch 77 validation accuracy...
2023-04-07 19:39:28,789 - __main__ - INFO - Computing epoch 77 validation loss...
2023-04-07 19:39:32,717 - __main__ - INFO - [INFO] 2023-04-07 19:39:32.717743 Epoch [78/100] batch [1/391] loss 0.6978 lr 0.012494446518477033 acc 88.28% eta 0:14:20
2023-04-07 19:39:48,201 - __main__ - INFO - [INFO] 2023-04-07 19:39:48.201491 Epoch [78/100] batch [129/391] loss 0.6494 lr 0.012494446518477033 acc 85.94% eta 0:12:48
2023-04-07 19:40:03,815 - __main__ - INFO - [INFO] 2023-04-07 19:40:03.814983 Epoch [78/100] batch [257/391] loss 0.7363 lr 0.012494446518477033 acc 81.25% eta 0:12:39
2023-04-07 19:40:19,015 - __main__ - INFO - [INFO] 2023-04-07 19:40:19.015558 Epoch [78/100] batch [385/391] loss 0.9487 lr 0.012494446518477033 acc 79.69% eta 0:12:29
2023-04-07 19:40:19,718 - __main__ - INFO - Computing epoch 78 validation accuracy...
2023-04-07 19:40:23,408 - __main__ - INFO - Computing epoch 78 validation loss...
2023-04-07 19:40:27,236 - __main__ - INFO - [INFO] 2023-04-07 19:40:27.236423 Epoch [79/100] batch [1/391] loss 0.5669 lr 0.011474337861210555 acc 84.38% eta 0:13:10
2023-04-07 19:40:42,988 - __main__ - INFO - [INFO] 2023-04-07 19:40:42.987874 Epoch [79/100] batch [129/391] loss 1.0479 lr 0.011474337861210555 acc 77.34% eta 0:12:30
2023-04-07 19:40:58,645 - __main__ - INFO - [INFO] 2023-04-07 19:40:58.645744 Epoch [79/100] batch [257/391] loss 0.8354 lr 0.011474337861210555 acc 75.00% eta 0:12:14
2023-04-07 19:41:14,269 - __main__ - INFO - [INFO] 2023-04-07 19:41:14.268855 Epoch [79/100] batch [385/391] loss 1.2412 lr 0.011474337861210555 acc 76.56% eta 0:12:01
2023-04-07 19:41:14,968 - __main__ - INFO - Computing epoch 79 validation accuracy...
2023-04-07 19:41:18,668 - __main__ - INFO - Computing epoch 79 validation loss...
2023-04-07 19:41:22,577 - __main__ - INFO - [INFO] 2023-04-07 19:41:22.577646 Epoch [80/100] batch [1/391] loss 0.8169 lr 0.01049224938121549 acc 78.12% eta 0:12:57
2023-04-07 19:41:38,141 - __main__ - INFO - [INFO] 2023-04-07 19:41:38.141663 Epoch [80/100] batch [129/391] loss 0.8652 lr 0.01049224938121549 acc 78.91% eta 0:11:41
2023-04-07 19:41:53,836 - __main__ - INFO - [INFO] 2023-04-07 19:41:53.836682 Epoch [80/100] batch [257/391] loss 0.7422 lr 0.01049224938121549 acc 82.81% eta 0:11:34
2023-04-07 19:42:09,503 - __main__ - INFO - [INFO] 2023-04-07 19:42:09.503539 Epoch [80/100] batch [385/391] loss 0.7681 lr 0.01049224938121549 acc 80.47% eta 0:11:24
2023-04-07 19:42:10,209 - __main__ - INFO - Computing epoch 80 validation accuracy...
2023-04-07 19:42:13,924 - __main__ - INFO - Computing epoch 80 validation loss...
2023-04-07 19:42:17,709 - __main__ - INFO - [INFO] 2023-04-07 19:42:17.709787 Epoch [81/100] batch [1/391] loss 0.5054 lr 0.009549150281252642 acc 85.16% eta 0:11:36
2023-04-07 19:42:32,824 - __main__ - INFO - [INFO] 2023-04-07 19:42:32.824165 Epoch [81/100] batch [129/391] loss 0.9648 lr 0.009549150281252642 acc 76.56% eta 0:11:06
2023-04-07 19:42:48,264 - __main__ - INFO - [INFO] 2023-04-07 19:42:48.264018 Epoch [81/100] batch [257/391] loss 0.8682 lr 0.009549150281252642 acc 82.81% eta 0:11:01
2023-04-07 19:43:03,716 - __main__ - INFO - [INFO] 2023-04-07 19:43:03.716163 Epoch [81/100] batch [385/391] loss 0.7197 lr 0.009549150281252642 acc 82.81% eta 0:10:52
2023-04-07 19:43:04,408 - __main__ - INFO - Computing epoch 81 validation accuracy...
2023-04-07 19:43:08,148 - __main__ - INFO - Computing epoch 81 validation loss...
2023-04-07 19:43:11,933 - __main__ - INFO - [INFO] 2023-04-07 19:43:11.933628 Epoch [82/100] batch [1/391] loss 0.7905 lr 0.008645971286271922 acc 76.56% eta 0:10:54
2023-04-07 19:43:27,606 - __main__ - INFO - [INFO] 2023-04-07 19:43:27.606102 Epoch [82/100] batch [129/391] loss 0.5239 lr 0.008645971286271922 acc 89.06% eta 0:10:46
2023-04-07 19:43:43,194 - __main__ - INFO - [INFO] 2023-04-07 19:43:43.194407 Epoch [82/100] batch [257/391] loss 0.7065 lr 0.008645971286271922 acc 80.47% eta 0:10:29
2023-04-07 19:43:58,843 - __main__ - INFO - [INFO] 2023-04-07 19:43:58.843391 Epoch [82/100] batch [385/391] loss 0.5884 lr 0.008645971286271922 acc 87.50% eta 0:10:17
2023-04-07 19:43:59,551 - __main__ - INFO - Computing epoch 82 validation accuracy...
2023-04-07 19:44:03,401 - __main__ - INFO - Computing epoch 82 validation loss...
2023-04-07 19:44:07,301 - __main__ - INFO - [INFO] 2023-04-07 19:44:07.301559 Epoch [83/100] batch [1/391] loss 0.7100 lr 0.007783603724899264 acc 80.47% eta 0:10:41
2023-04-07 19:44:22,857 - __main__ - INFO - [INFO] 2023-04-07 19:44:22.856989 Epoch [83/100] batch [129/391] loss 0.6372 lr 0.007783603724899264 acc 86.72% eta 0:10:02
2023-04-07 19:44:38,474 - __main__ - INFO - [INFO] 2023-04-07 19:44:38.474126 Epoch [83/100] batch [257/391] loss 0.8262 lr 0.007783603724899264 acc 79.69% eta 0:09:51
2023-04-07 19:44:53,600 - __main__ - INFO - [INFO] 2023-04-07 19:44:53.600592 Epoch [83/100] batch [385/391] loss 0.6284 lr 0.007783603724899264 acc 83.59% eta 0:09:43
2023-04-07 19:44:54,274 - __main__ - INFO - Computing epoch 83 validation accuracy...
2023-04-07 19:44:58,002 - __main__ - INFO - Computing epoch 83 validation loss...
2023-04-07 19:45:01,873 - __main__ - INFO - [INFO] 2023-04-07 19:45:01.873014 Epoch [84/100] batch [1/391] loss 0.7935 lr 0.006962898649802819 acc 85.16% eta 0:11:27
2023-04-07 19:45:17,464 - __main__ - INFO - [INFO] 2023-04-07 19:45:17.464683 Epoch [84/100] batch [129/391] loss 0.6362 lr 0.006962898649802819 acc 83.59% eta 0:09:30
2023-04-07 19:45:33,036 - __main__ - INFO - [INFO] 2023-04-07 19:45:33.036149 Epoch [84/100] batch [257/391] loss 0.4702 lr 0.006962898649802819 acc 85.16% eta 0:09:16
2023-04-07 19:45:48,708 - __main__ - INFO - [INFO] 2023-04-07 19:45:48.708798 Epoch [84/100] batch [385/391] loss 0.6245 lr 0.006962898649802819 acc 88.28% eta 0:09:06
2023-04-07 19:45:49,445 - __main__ - INFO - Computing epoch 84 validation accuracy...
2023-04-07 19:45:53,209 - __main__ - INFO - Computing epoch 84 validation loss...
2023-04-07 19:45:57,054 - __main__ - INFO - [INFO] 2023-04-07 19:45:57.054556 Epoch [85/100] batch [1/391] loss 0.5352 lr 0.0061846659978068265 acc 89.84% eta 0:10:08
2023-04-07 19:46:12,825 - __main__ - INFO - [INFO] 2023-04-07 19:46:12.825051 Epoch [85/100] batch [129/391] loss 0.4717 lr 0.0061846659978068265 acc 88.28% eta 0:09:00
2023-04-07 19:46:28,467 - __main__ - INFO - [INFO] 2023-04-07 19:46:28.467376 Epoch [85/100] batch [257/391] loss 0.7021 lr 0.0061846659978068265 acc 84.38% eta 0:08:46
2023-04-07 19:46:44,106 - __main__ - INFO - [INFO] 2023-04-07 19:46:44.106159 Epoch [85/100] batch [385/391] loss 0.6465 lr 0.0061846659978068265 acc 84.38% eta 0:08:34
2023-04-07 19:46:44,804 - __main__ - INFO - Computing epoch 85 validation accuracy...
2023-04-07 19:46:48,620 - __main__ - INFO - Computing epoch 85 validation loss...
2023-04-07 19:46:52,471 - __main__ - INFO - [INFO] 2023-04-07 19:46:52.471417 Epoch [86/100] batch [1/391] loss 0.6362 lr 0.005449673790581615 acc 87.50% eta 0:09:37
2023-04-07 19:47:07,583 - __main__ - INFO - [INFO] 2023-04-07 19:47:07.583564 Epoch [86/100] batch [129/391] loss 0.4814 lr 0.005449673790581615 acc 87.50% eta 0:08:24
2023-04-07 19:47:23,078 - __main__ - INFO - [INFO] 2023-04-07 19:47:23.078370 Epoch [86/100] batch [257/391] loss 0.4744 lr 0.005449673790581615 acc 92.19% eta 0:08:12
2023-04-07 19:47:38,777 - __main__ - INFO - [INFO] 2023-04-07 19:47:38.777602 Epoch [86/100] batch [385/391] loss 0.5054 lr 0.005449673790581615 acc 86.72% eta 0:08:01
2023-04-07 19:47:39,472 - __main__ - INFO - Computing epoch 86 validation accuracy...
2023-04-07 19:47:43,216 - __main__ - INFO - Computing epoch 86 validation loss...
2023-04-07 19:47:47,089 - __main__ - INFO - [INFO] 2023-04-07 19:47:47.089782 Epoch [87/100] batch [1/391] loss 0.4814 lr 0.004758647376699036 acc 89.06% eta 0:09:08
2023-04-07 19:48:02,612 - __main__ - INFO - [INFO] 2023-04-07 19:48:02.612405 Epoch [87/100] batch [129/391] loss 0.4707 lr 0.004758647376699036 acc 91.41% eta 0:07:44
2023-04-07 19:48:18,205 - __main__ - INFO - [INFO] 2023-04-07 19:48:18.205474 Epoch [87/100] batch [257/391] loss 0.4465 lr 0.004758647376699036 acc 89.84% eta 0:07:32
2023-04-07 19:48:34,055 - __main__ - INFO - [INFO] 2023-04-07 19:48:34.055619 Epoch [87/100] batch [385/391] loss 0.5215 lr 0.004758647376699036 acc 89.06% eta 0:07:26
2023-04-07 19:48:34,747 - __main__ - INFO - Computing epoch 87 validation accuracy...
2023-04-07 19:48:38,505 - __main__ - INFO - Computing epoch 87 validation loss...
2023-04-07 19:48:42,352 - __main__ - INFO - [INFO] 2023-04-07 19:48:42.352033 Epoch [88/100] batch [1/391] loss 0.5073 lr 0.004112268715800957 acc 86.72% eta 0:07:58
2023-04-07 19:48:57,799 - __main__ - INFO - [INFO] 2023-04-07 19:48:57.799390 Epoch [88/100] batch [129/391] loss 0.4895 lr 0.004112268715800957 acc 90.62% eta 0:07:05
2023-04-07 19:49:13,025 - __main__ - INFO - [INFO] 2023-04-07 19:49:13.025298 Epoch [88/100] batch [257/391] loss 0.3613 lr 0.004112268715800957 acc 94.53% eta 0:06:52
2023-04-07 19:49:28,227 - __main__ - INFO - [INFO] 2023-04-07 19:49:28.226877 Epoch [88/100] batch [385/391] loss 0.4790 lr 0.004112268715800957 acc 89.84% eta 0:06:44
2023-04-07 19:49:28,945 - __main__ - INFO - Computing epoch 88 validation accuracy...
2023-04-07 19:49:32,814 - __main__ - INFO - Computing epoch 88 validation loss...
2023-04-07 19:49:37,090 - __main__ - INFO - [INFO] 2023-04-07 19:49:37.089860 Epoch [89/100] batch [1/391] loss 0.5142 lr 0.003511175705587435 acc 92.19% eta 0:09:15
2023-04-07 19:49:52,641 - __main__ - INFO - [INFO] 2023-04-07 19:49:52.641248 Epoch [89/100] batch [129/391] loss 0.5801 lr 0.003511175705587435 acc 87.50% eta 0:06:38
2023-04-07 19:50:09,547 - __main__ - INFO - [INFO] 2023-04-07 19:50:09.546883 Epoch [89/100] batch [257/391] loss 0.5664 lr 0.003511175705587435 acc 88.28% eta 0:06:58
2023-04-07 19:50:25,489 - __main__ - INFO - [INFO] 2023-04-07 19:50:25.488859 Epoch [89/100] batch [385/391] loss 0.5854 lr 0.003511175705587435 acc 89.84% eta 0:06:41
2023-04-07 19:50:26,202 - __main__ - INFO - Computing epoch 89 validation accuracy...
2023-04-07 19:50:29,893 - __main__ - INFO - Computing epoch 89 validation loss...
2023-04-07 19:50:33,705 - __main__ - INFO - [INFO] 2023-04-07 19:50:33.705018 Epoch [90/100] batch [1/391] loss 0.4592 lr 0.0029559615522887295 acc 89.06% eta 0:06:53
2023-04-07 19:50:49,342 - __main__ - INFO - [INFO] 2023-04-07 19:50:49.341950 Epoch [90/100] batch [129/391] loss 0.4604 lr 0.0029559615522887295 acc 94.53% eta 0:06:06
2023-04-07 19:51:04,996 - __main__ - INFO - [INFO] 2023-04-07 19:51:04.996697 Epoch [90/100] batch [257/391] loss 0.3813 lr 0.0029559615522887295 acc 89.84% eta 0:05:55
2023-04-07 19:51:20,491 - __main__ - INFO - [INFO] 2023-04-07 19:51:20.491076 Epoch [90/100] batch [385/391] loss 0.4668 lr 0.0029559615522887295 acc 90.62% eta 0:05:42
2023-04-07 19:51:21,174 - __main__ - INFO - Computing epoch 90 validation accuracy...
2023-04-07 19:51:25,042 - __main__ - INFO - Computing epoch 90 validation loss...
2023-04-07 19:51:28,838 - __main__ - INFO - [INFO] 2023-04-07 19:51:28.838380 Epoch [91/100] batch [1/391] loss 0.2100 lr 0.0024471741852423253 acc 94.53% eta 0:06:06
2023-04-07 19:51:44,055 - __main__ - INFO - [INFO] 2023-04-07 19:51:44.055208 Epoch [91/100] batch [129/391] loss 0.4368 lr 0.0024471741852423253 acc 91.41% eta 0:05:36
2023-04-07 19:51:59,601 - __main__ - INFO - [INFO] 2023-04-07 19:51:59.601057 Epoch [91/100] batch [257/391] loss 0.3162 lr 0.0024471741852423253 acc 93.75% eta 0:05:21
2023-04-07 19:52:15,120 - __main__ - INFO - [INFO] 2023-04-07 19:52:15.119977 Epoch [91/100] batch [385/391] loss 0.2874 lr 0.0024471741852423253 acc 91.41% eta 0:05:08
2023-04-07 19:52:15,834 - __main__ - INFO - Computing epoch 91 validation accuracy...
2023-04-07 19:52:19,601 - __main__ - INFO - Computing epoch 91 validation loss...
2023-04-07 19:52:23,440 - __main__ - INFO - [INFO] 2023-04-07 19:52:23.440140 Epoch [92/100] batch [1/391] loss 0.4402 lr 0.0019853157161528537 acc 85.16% eta 0:05:17
2023-04-07 19:52:38,929 - __main__ - INFO - [INFO] 2023-04-07 19:52:38.929680 Epoch [92/100] batch [129/391] loss 0.3081 lr 0.0019853157161528537 acc 92.97% eta 0:04:53
2023-04-07 19:52:54,335 - __main__ - INFO - [INFO] 2023-04-07 19:52:54.335534 Epoch [92/100] batch [257/391] loss 0.5586 lr 0.0019853157161528537 acc 88.28% eta 0:04:40
2023-04-07 19:53:09,937 - __main__ - INFO - [INFO] 2023-04-07 19:53:09.937249 Epoch [92/100] batch [385/391] loss 0.3228 lr 0.0019853157161528537 acc 92.19% eta 0:04:30
2023-04-07 19:53:10,604 - __main__ - INFO - Computing epoch 92 validation accuracy...
2023-04-07 19:53:14,307 - __main__ - INFO - Computing epoch 92 validation loss...
2023-04-07 19:53:18,142 - __main__ - INFO - [INFO] 2023-04-07 19:53:18.142356 Epoch [93/100] batch [1/391] loss 0.3782 lr 0.0015708419435684529 acc 90.62% eta 0:04:59
2023-04-07 19:53:33,750 - __main__ - INFO - [INFO] 2023-04-07 19:53:33.750267 Epoch [93/100] batch [129/391] loss 0.4312 lr 0.0015708419435684529 acc 92.97% eta 0:04:22
2023-04-07 19:53:48,979 - __main__ - INFO - [INFO] 2023-04-07 19:53:48.978854 Epoch [93/100] batch [257/391] loss 0.3889 lr 0.0015708419435684529 acc 90.62% eta 0:04:11
2023-04-07 19:54:04,448 - __main__ - INFO - [INFO] 2023-04-07 19:54:04.448116 Epoch [93/100] batch [385/391] loss 0.3962 lr 0.0015708419435684529 acc 90.62% eta 0:04:00
2023-04-07 19:54:05,156 - __main__ - INFO - Computing epoch 93 validation accuracy...
2023-04-07 19:54:08,864 - __main__ - INFO - Computing epoch 93 validation loss...
2023-04-07 19:54:12,703 - __main__ - INFO - [INFO] 2023-04-07 19:54:12.703024 Epoch [94/100] batch [1/391] loss 0.3071 lr 0.0012041619030626347 acc 95.31% eta 0:04:22
2023-04-07 19:54:28,567 - __main__ - INFO - [INFO] 2023-04-07 19:54:28.566777 Epoch [94/100] batch [129/391] loss 0.3176 lr 0.0012041619030626347 acc 92.19% eta 0:03:53
2023-04-07 19:54:44,694 - __main__ - INFO - [INFO] 2023-04-07 19:54:44.694592 Epoch [94/100] batch [257/391] loss 0.4041 lr 0.0012041619030626347 acc 90.62% eta 0:03:48
2023-04-07 19:55:00,905 - __main__ - INFO - [INFO] 2023-04-07 19:55:00.904985 Epoch [94/100] batch [385/391] loss 0.2297 lr 0.0012041619030626347 acc 94.53% eta 0:03:39
2023-04-07 19:55:01,626 - __main__ - INFO - Computing epoch 94 validation accuracy...
2023-04-07 19:55:05,308 - __main__ - INFO - Computing epoch 94 validation loss...
2023-04-07 19:55:09,064 - __main__ - INFO - [INFO] 2023-04-07 19:55:09.064664 Epoch [95/100] batch [1/391] loss 0.2408 lr 0.0008856374635655646 acc 95.31% eta 0:03:55
2023-04-07 19:55:24,642 - __main__ - INFO - [INFO] 2023-04-07 19:55:24.642666 Epoch [95/100] batch [129/391] loss 0.3291 lr 0.0008856374635655646 acc 92.19% eta 0:03:14
2023-04-07 19:55:40,067 - __main__ - INFO - [INFO] 2023-04-07 19:55:40.067515 Epoch [95/100] batch [257/391] loss 0.2578 lr 0.0008856374635655646 acc 92.97% eta 0:03:02
2023-04-07 19:55:55,695 - __main__ - INFO - [INFO] 2023-04-07 19:55:55.695709 Epoch [95/100] batch [385/391] loss 0.3911 lr 0.0008856374635655646 acc 90.62% eta 0:02:50
2023-04-07 19:55:56,376 - __main__ - INFO - Computing epoch 95 validation accuracy...
2023-04-07 19:56:00,001 - __main__ - INFO - Computing epoch 95 validation loss...
2023-04-07 19:56:03,808 - __main__ - INFO - [INFO] 2023-04-07 19:56:03.807949 Epoch [96/100] batch [1/391] loss 0.2776 lr 0.0006155829702431174 acc 92.97% eta 0:03:33
2023-04-07 19:56:19,086 - __main__ - INFO - [INFO] 2023-04-07 19:56:19.086450 Epoch [96/100] batch [129/391] loss 0.3916 lr 0.0006155829702431174 acc 90.62% eta 0:02:39
2023-04-07 19:56:34,685 - __main__ - INFO - [INFO] 2023-04-07 19:56:34.685110 Epoch [96/100] batch [257/391] loss 0.2491 lr 0.0006155829702431174 acc 93.75% eta 0:02:27
2023-04-07 19:56:50,176 - __main__ - INFO - [INFO] 2023-04-07 19:56:50.176408 Epoch [96/100] batch [385/391] loss 0.4084 lr 0.0006155829702431174 acc 87.50% eta 0:02:16
2023-04-07 19:56:50,881 - __main__ - INFO - Computing epoch 96 validation accuracy...
2023-04-07 19:56:54,651 - __main__ - INFO - Computing epoch 96 validation loss...
2023-04-07 19:56:58,530 - __main__ - INFO - [INFO] 2023-04-07 19:56:58.530056 Epoch [97/100] batch [1/391] loss 0.2883 lr 0.00039426493427611206 acc 92.19% eta 0:02:30
2023-04-07 19:57:14,025 - __main__ - INFO - [INFO] 2023-04-07 19:57:14.025170 Epoch [97/100] batch [129/391] loss 0.1829 lr 0.00039426493427611206 acc 96.88% eta 0:02:03
2023-04-07 19:57:29,602 - __main__ - INFO - [INFO] 2023-04-07 19:57:29.602649 Epoch [97/100] batch [257/391] loss 0.2419 lr 0.00039426493427611206 acc 92.97% eta 0:01:52
2023-04-07 19:57:45,254 - __main__ - INFO - [INFO] 2023-04-07 19:57:45.254374 Epoch [97/100] batch [385/391] loss 0.3926 lr 0.00039426493427611206 acc 92.19% eta 0:01:42
2023-04-07 19:57:45,957 - __main__ - INFO - Computing epoch 97 validation accuracy...
2023-04-07 19:57:49,703 - __main__ - INFO - Computing epoch 97 validation loss...
2023-04-07 19:57:53,564 - __main__ - INFO - [INFO] 2023-04-07 19:57:53.564305 Epoch [98/100] batch [1/391] loss 0.2111 lr 0.00022190176984600036 acc 92.19% eta 0:01:51
2023-04-07 19:58:09,129 - __main__ - INFO - [INFO] 2023-04-07 19:58:09.129498 Epoch [98/100] batch [129/391] loss 0.2659 lr 0.00022190176984600036 acc 94.53% eta 0:01:30
2023-04-07 19:58:24,393 - __main__ - INFO - [INFO] 2023-04-07 19:58:24.393469 Epoch [98/100] batch [257/391] loss 0.2717 lr 0.00022190176984600036 acc 92.97% eta 0:01:20
2023-04-07 19:58:39,810 - __main__ - INFO - [INFO] 2023-04-07 19:58:39.810565 Epoch [98/100] batch [385/391] loss 0.2651 lr 0.00022190176984600036 acc 93.75% eta 0:01:08
2023-04-07 19:58:40,525 - __main__ - INFO - Computing epoch 98 validation accuracy...
2023-04-07 19:58:44,258 - __main__ - INFO - Computing epoch 98 validation loss...
2023-04-07 19:58:48,095 - __main__ - INFO - [INFO] 2023-04-07 19:58:48.094928 Epoch [99/100] batch [1/391] loss 0.3127 lr 9.866357858642213e-05 acc 92.19% eta 0:01:13
2023-04-07 19:59:03,675 - __main__ - INFO - [INFO] 2023-04-07 19:59:03.674940 Epoch [99/100] batch [129/391] loss 0.3447 lr 9.866357858642213e-05 acc 91.41% eta 0:00:56
2023-04-07 19:59:19,096 - __main__ - INFO - [INFO] 2023-04-07 19:59:19.095988 Epoch [99/100] batch [257/391] loss 0.2394 lr 9.866357858642213e-05 acc 94.53% eta 0:00:45
2023-04-07 19:59:34,591 - __main__ - INFO - [INFO] 2023-04-07 19:59:34.591522 Epoch [99/100] batch [385/391] loss 0.3638 lr 9.866357858642213e-05 acc 92.97% eta 0:00:34
2023-04-07 19:59:35,292 - __main__ - INFO - Computing epoch 99 validation accuracy...
2023-04-07 19:59:39,022 - __main__ - INFO - Computing epoch 99 validation loss...
2023-04-07 19:59:42,823 - __main__ - INFO - [INFO] 2023-04-07 19:59:42.822988 Epoch [100/100] batch [1/391] loss 0.2869 lr 2.4671981713420017e-05 acc 92.97% eta 0:00:39
2023-04-07 19:59:58,466 - __main__ - INFO - [INFO] 2023-04-07 19:59:58.466333 Epoch [100/100] batch [129/391] loss 0.3689 lr 2.4671981713420017e-05 acc 89.06% eta 0:00:23
2023-04-07 20:00:14,107 - __main__ - INFO - [INFO] 2023-04-07 20:00:14.107192 Epoch [100/100] batch [257/391] loss 0.2539 lr 2.4671981713420017e-05 acc 93.75% eta 0:00:11
2023-04-07 20:00:29,579 - __main__ - INFO - [INFO] 2023-04-07 20:00:29.578983 Epoch [100/100] batch [385/391] loss 0.3672 lr 2.4671981713420017e-05 acc 89.84% eta 0:00:00
2023-04-07 20:00:30,293 - __main__ - INFO - Computing epoch 100 validation accuracy...
2023-04-07 20:00:33,953 - __main__ - INFO - Computing epoch 100 validation loss...
2023-04-07 20:00:37,926 - __main__ - INFO - Reading testing data set cifar100
2023-04-07 20:00:38,692 - __main__ - INFO - Loading trained model...
2023-04-07 20:00:43,283 - __main__ - INFO - Testing acc : 70.72%.
