2023-04-04 01:26:22,247 - __main__ - INFO - 

2023-04-04 01:26:22,247 - __main__ - INFO - ***************
2023-04-04 01:26:22,247 - __main__ - INFO - ** Arguments **
2023-04-04 01:26:22,247 - __main__ - INFO - ***************
2023-04-04 01:26:22,247 - __main__ - INFO - backbone: vgg19
2023-04-04 01:26:22,247 - __main__ - INFO - dataname: cifar10
2023-04-04 01:26:22,247 - __main__ - INFO - drop_method: fd
2023-04-04 01:26:22,247 - __main__ - INFO - drop_rate: 0.0
2023-04-04 01:26:22,248 - __main__ - INFO - eval_only: 0
2023-04-04 01:26:22,248 - __main__ - INFO - output_path: checkpoints/cifar10/vgg19/drop_fd/rate_0./seed3
2023-04-04 01:26:22,248 - __main__ - INFO - part_rate: 0.1
2023-04-04 01:26:22,248 - __main__ - INFO - seed: 3
2023-04-04 01:26:22,248 - __main__ - INFO - weight_decay: 0.0005
2023-04-04 01:26:22,248 - __main__ - INFO - ************
2023-04-04 01:26:22,248 - __main__ - INFO - ** Config **
2023-04-04 01:26:22,248 - __main__ - INFO - ************
2023-04-04 01:26:22,248 - __main__ - INFO - {'DATALOADER': {'PATH': './data', 'DATANAME': 'cifar10', 'BATCH_SIZE': 128, 'NUM_CLASSES': 10}, 'INPUT': {'SIZE': [32, 32], 'PIXEL_MEAN': [0.4914, 0.4822, 0.4465], 'PIXEL_STD': [0.2023, 0.1994, 0.201]}, 'OUTPUT': {'DIR': 'checkpoints/cifar10/vgg19/drop_fd/rate_0./seed3'}, 'SEED': 3, 'OPTIM': {'LR': 0.1, 'MAX_EPOCH': 100, 'LR_SCHEDULER': 'step', 'LR_MILESTONES': [20, 40, 80, 120, 140], 'LR_DECAY': 0.2, 'PART_RATE': 0.1, 'WEIGHT_DECAY': 0.0005, 'DROP_RATE': 0.0, 'DROP_METHOD': 'fd', 'BLOCK_SIZE': 7}, 'MODEL': {'BACKBONE': 'vgg19'}}
2023-04-04 01:26:22,269 - __main__ - INFO - Reading training data set cifar10
2023-04-04 01:26:24,060 - __main__ - INFO - Loading raw model
2023-04-04 01:26:27,083 - __main__ - INFO - 
Saving everything to checkpoints/cifar10/vgg19/drop_fd/rate_0./seed3
2023-04-04 01:26:27,084 - __main__ - INFO - Start training...
2023-04-04 01:26:31,202 - __main__ - INFO - [INFO] 2023-04-04 01:26:31.201969 Epoch [1/100] batch [1/391] loss 2.3281 lr 0.1 acc 15.62% eta 1 day, 20:37:07
2023-04-04 01:26:44,106 - __main__ - INFO - [INFO] 2023-04-04 01:26:44.105927 Epoch [1/100] batch [129/391] loss 2.0273 lr 0.1 acc 15.62% eta 1:19:53
2023-04-04 01:26:57,066 - __main__ - INFO - [INFO] 2023-04-04 01:26:57.066195 Epoch [1/100] batch [257/391] loss 2.1367 lr 0.1 acc 27.34% eta 1:09:43
2023-04-04 01:27:10,097 - __main__ - INFO - [INFO] 2023-04-04 01:27:10.096914 Epoch [1/100] batch [385/391] loss 1.8760 lr 0.1 acc 22.66% eta 1:06:12
2023-04-04 01:27:10,730 - __main__ - INFO - Computing epoch 1 validation accuracy...
2023-04-04 01:27:14,329 - __main__ - INFO - Computing epoch 1 validation loss...
2023-04-04 01:27:17,982 - __main__ - INFO - [INFO] 2023-04-04 01:27:17.981862 Epoch [2/100] batch [1/391] loss 1.8262 lr 0.09997532801828658 acc 25.00% eta 1:01:07
2023-04-04 01:27:30,995 - __main__ - INFO - [INFO] 2023-04-04 01:27:30.995228 Epoch [2/100] batch [129/391] loss 1.7422 lr 0.09997532801828658 acc 29.69% eta 0:59:28
2023-04-04 01:27:43,898 - __main__ - INFO - [INFO] 2023-04-04 01:27:43.898212 Epoch [2/100] batch [257/391] loss 1.4717 lr 0.09997532801828658 acc 40.62% eta 0:59:00
2023-04-04 01:27:56,660 - __main__ - INFO - [INFO] 2023-04-04 01:27:56.660529 Epoch [2/100] batch [385/391] loss 1.6592 lr 0.09997532801828658 acc 42.19% eta 0:58:42
2023-04-04 01:27:57,231 - __main__ - INFO - Computing epoch 2 validation accuracy...
2023-04-04 01:28:00,687 - __main__ - INFO - Computing epoch 2 validation loss...
2023-04-04 01:28:04,339 - __main__ - INFO - [INFO] 2023-04-04 01:28:04.339511 Epoch [3/100] batch [1/391] loss 1.6865 lr 0.09990133642141358 acc 39.06% eta 0:59:32
2023-04-04 01:28:17,378 - __main__ - INFO - [INFO] 2023-04-04 01:28:17.378216 Epoch [3/100] batch [129/391] loss 1.5654 lr 0.09990133642141358 acc 48.44% eta 0:58:57
2023-04-04 01:28:30,823 - __main__ - INFO - [INFO] 2023-04-04 01:28:30.823044 Epoch [3/100] batch [257/391] loss 1.7021 lr 0.09990133642141358 acc 39.84% eta 0:59:35
2023-04-04 01:28:43,976 - __main__ - INFO - [INFO] 2023-04-04 01:28:43.976177 Epoch [3/100] batch [385/391] loss 1.3438 lr 0.09990133642141358 acc 42.97% eta 0:59:17
2023-04-04 01:28:44,619 - __main__ - INFO - Computing epoch 3 validation accuracy...
2023-04-04 01:28:48,188 - __main__ - INFO - Computing epoch 3 validation loss...
2023-04-04 01:28:51,837 - __main__ - INFO - [INFO] 2023-04-04 01:28:51.837000 Epoch [4/100] batch [1/391] loss 1.5342 lr 0.099778098230154 acc 35.16% eta 1:06:59
2023-04-04 01:29:04,704 - __main__ - INFO - [INFO] 2023-04-04 01:29:04.704696 Epoch [4/100] batch [129/391] loss 1.2900 lr 0.099778098230154 acc 50.78% eta 0:57:38
2023-04-04 01:29:17,815 - __main__ - INFO - [INFO] 2023-04-04 01:29:17.815306 Epoch [4/100] batch [257/391] loss 1.3652 lr 0.099778098230154 acc 48.44% eta 0:57:51
2023-04-04 01:29:30,534 - __main__ - INFO - [INFO] 2023-04-04 01:29:30.534589 Epoch [4/100] batch [385/391] loss 1.3799 lr 0.099778098230154 acc 53.91% eta 0:57:32
2023-04-04 01:29:31,107 - __main__ - INFO - Computing epoch 4 validation accuracy...
2023-04-04 01:29:34,569 - __main__ - INFO - Computing epoch 4 validation loss...
2023-04-04 01:29:38,191 - __main__ - INFO - [INFO] 2023-04-04 01:29:38.191067 Epoch [5/100] batch [1/391] loss 1.3105 lr 0.0996057350657239 acc 57.81% eta 1:06:20
2023-04-04 01:29:51,054 - __main__ - INFO - [INFO] 2023-04-04 01:29:51.053828 Epoch [5/100] batch [129/391] loss 1.2246 lr 0.0996057350657239 acc 56.25% eta 0:57:03
2023-04-04 01:30:04,074 - __main__ - INFO - [INFO] 2023-04-04 01:30:04.074264 Epoch [5/100] batch [257/391] loss 1.2031 lr 0.0996057350657239 acc 56.25% eta 0:57:26
2023-04-04 01:30:17,191 - __main__ - INFO - [INFO] 2023-04-04 01:30:17.191265 Epoch [5/100] batch [385/391] loss 1.2480 lr 0.0996057350657239 acc 50.00% eta 0:57:26
2023-04-04 01:30:17,758 - __main__ - INFO - Computing epoch 5 validation accuracy...
2023-04-04 01:30:21,208 - __main__ - INFO - Computing epoch 5 validation loss...
2023-04-04 01:30:24,859 - __main__ - INFO - [INFO] 2023-04-04 01:30:24.859443 Epoch [6/100] batch [1/391] loss 1.5586 lr 0.09938441702975688 acc 42.19% eta 1:00:54
2023-04-04 01:30:37,982 - __main__ - INFO - [INFO] 2023-04-04 01:30:37.982127 Epoch [6/100] batch [129/391] loss 1.2812 lr 0.09938441702975688 acc 57.03% eta 0:57:42
2023-04-04 01:30:51,716 - __main__ - INFO - [INFO] 2023-04-04 01:30:51.716116 Epoch [6/100] batch [257/391] loss 1.2197 lr 0.09938441702975688 acc 51.56% eta 0:59:02
2023-04-04 01:31:05,094 - __main__ - INFO - [INFO] 2023-04-04 01:31:05.094760 Epoch [6/100] batch [385/391] loss 1.0742 lr 0.09938441702975688 acc 64.06% eta 0:58:58
2023-04-04 01:31:05,685 - __main__ - INFO - Computing epoch 6 validation accuracy...
2023-04-04 01:31:09,406 - __main__ - INFO - Computing epoch 6 validation loss...
2023-04-04 01:31:13,319 - __main__ - INFO - [INFO] 2023-04-04 01:31:13.319489 Epoch [7/100] batch [1/391] loss 1.0527 lr 0.09911436253643444 acc 63.28% eta 1:00:18
2023-04-04 01:31:27,099 - __main__ - INFO - [INFO] 2023-04-04 01:31:27.098853 Epoch [7/100] batch [129/391] loss 0.9829 lr 0.09911436253643444 acc 55.47% eta 0:59:50
2023-04-04 01:31:40,325 - __main__ - INFO - [INFO] 2023-04-04 01:31:40.325405 Epoch [7/100] batch [257/391] loss 1.0811 lr 0.09911436253643444 acc 53.91% eta 0:58:30
2023-04-04 01:31:53,187 - __main__ - INFO - [INFO] 2023-04-04 01:31:53.186801 Epoch [7/100] batch [385/391] loss 0.9297 lr 0.09911436253643444 acc 69.53% eta 0:57:25
2023-04-04 01:31:53,795 - __main__ - INFO - Computing epoch 7 validation accuracy...
2023-04-04 01:31:57,208 - __main__ - INFO - Computing epoch 7 validation loss...
2023-04-04 01:32:00,874 - __main__ - INFO - [INFO] 2023-04-04 01:32:00.874263 Epoch [8/100] batch [1/391] loss 1.1416 lr 0.09879583809693737 acc 61.72% eta 1:03:54
2023-04-04 01:32:13,768 - __main__ - INFO - [INFO] 2023-04-04 01:32:13.768529 Epoch [8/100] batch [129/391] loss 1.0342 lr 0.09879583809693737 acc 61.72% eta 0:55:17
2023-04-04 01:32:26,482 - __main__ - INFO - [INFO] 2023-04-04 01:32:26.482059 Epoch [8/100] batch [257/391] loss 1.0400 lr 0.09879583809693737 acc 61.72% eta 0:54:46
2023-04-04 01:32:39,221 - __main__ - INFO - [INFO] 2023-04-04 01:32:39.221041 Epoch [8/100] batch [385/391] loss 0.8198 lr 0.09879583809693737 acc 66.41% eta 0:54:28
2023-04-04 01:32:39,801 - __main__ - INFO - Computing epoch 8 validation accuracy...
2023-04-04 01:32:43,197 - __main__ - INFO - Computing epoch 8 validation loss...
2023-04-04 01:32:46,887 - __main__ - INFO - [INFO] 2023-04-04 01:32:46.887272 Epoch [9/100] batch [1/391] loss 1.0010 lr 0.09842915805643156 acc 67.97% eta 1:00:08
2023-04-04 01:32:59,755 - __main__ - INFO - [INFO] 2023-04-04 01:32:59.754931 Epoch [9/100] batch [129/391] loss 1.1650 lr 0.09842915805643156 acc 53.91% eta 0:55:22
2023-04-04 01:33:12,797 - __main__ - INFO - [INFO] 2023-04-04 01:33:12.797211 Epoch [9/100] batch [257/391] loss 1.1455 lr 0.09842915805643156 acc 58.59% eta 0:55:12
2023-04-04 01:33:25,817 - __main__ - INFO - [INFO] 2023-04-04 01:33:25.817057 Epoch [9/100] batch [385/391] loss 0.8350 lr 0.09842915805643156 acc 55.47% eta 0:55:02
2023-04-04 01:33:26,396 - __main__ - INFO - Computing epoch 9 validation accuracy...
2023-04-04 01:33:29,876 - __main__ - INFO - Computing epoch 9 validation loss...
2023-04-04 01:33:33,600 - __main__ - INFO - [INFO] 2023-04-04 01:33:33.599900 Epoch [10/100] batch [1/391] loss 1.1123 lr 0.09801468428384716 acc 63.28% eta 1:05:10
2023-04-04 01:33:46,690 - __main__ - INFO - [INFO] 2023-04-04 01:33:46.690252 Epoch [10/100] batch [129/391] loss 0.8789 lr 0.09801468428384716 acc 57.81% eta 0:54:46
2023-04-04 01:33:59,487 - __main__ - INFO - [INFO] 2023-04-04 01:33:59.487492 Epoch [10/100] batch [257/391] loss 1.0293 lr 0.09801468428384716 acc 65.62% eta 0:54:21
2023-04-04 01:34:12,547 - __main__ - INFO - [INFO] 2023-04-04 01:34:12.547169 Epoch [10/100] batch [385/391] loss 1.0498 lr 0.09801468428384716 acc 70.31% eta 0:54:22
2023-04-04 01:34:13,124 - __main__ - INFO - Computing epoch 10 validation accuracy...
2023-04-04 01:34:16,664 - __main__ - INFO - Computing epoch 10 validation loss...
2023-04-04 01:34:20,262 - __main__ - INFO - [INFO] 2023-04-04 01:34:20.262218 Epoch [11/100] batch [1/391] loss 0.9834 lr 0.09755282581475769 acc 64.84% eta 0:59:25
2023-04-04 01:34:33,366 - __main__ - INFO - [INFO] 2023-04-04 01:34:33.365986 Epoch [11/100] batch [129/391] loss 1.1572 lr 0.09755282581475769 acc 64.84% eta 0:54:59
2023-04-04 01:34:46,522 - __main__ - INFO - [INFO] 2023-04-04 01:34:46.522177 Epoch [11/100] batch [257/391] loss 0.8589 lr 0.09755282581475769 acc 68.75% eta 0:54:34
2023-04-04 01:34:59,293 - __main__ - INFO - [INFO] 2023-04-04 01:34:59.293025 Epoch [11/100] batch [385/391] loss 0.7617 lr 0.09755282581475769 acc 75.00% eta 0:53:50
2023-04-04 01:34:59,859 - __main__ - INFO - Computing epoch 11 validation accuracy...
2023-04-04 01:35:03,366 - __main__ - INFO - Computing epoch 11 validation loss...
2023-04-04 01:35:06,965 - __main__ - INFO - [INFO] 2023-04-04 01:35:06.965461 Epoch [12/100] batch [1/391] loss 0.8306 lr 0.09704403844771128 acc 45.31% eta 0:53:21
2023-04-04 01:35:20,060 - __main__ - INFO - [INFO] 2023-04-04 01:35:20.059999 Epoch [12/100] batch [129/391] loss 0.9136 lr 0.09704403844771128 acc 64.84% eta 0:54:05
2023-04-04 01:35:33,298 - __main__ - INFO - [INFO] 2023-04-04 01:35:33.297958 Epoch [12/100] batch [257/391] loss 0.9224 lr 0.09704403844771128 acc 55.47% eta 0:54:18
2023-04-04 01:35:46,451 - __main__ - INFO - [INFO] 2023-04-04 01:35:46.451589 Epoch [12/100] batch [385/391] loss 0.7886 lr 0.09704403844771128 acc 66.41% eta 0:53:56
2023-04-04 01:35:47,036 - __main__ - INFO - Computing epoch 12 validation accuracy...
2023-04-04 01:35:50,591 - __main__ - INFO - Computing epoch 12 validation loss...
2023-04-04 01:35:54,227 - __main__ - INFO - [INFO] 2023-04-04 01:35:54.226695 Epoch [13/100] batch [1/391] loss 0.8325 lr 0.09648882429441258 acc 78.91% eta 1:00:58
2023-04-04 01:36:07,300 - __main__ - INFO - [INFO] 2023-04-04 01:36:07.299832 Epoch [13/100] batch [129/391] loss 0.7617 lr 0.09648882429441258 acc 72.66% eta 0:53:13
2023-04-04 01:36:20,169 - __main__ - INFO - [INFO] 2023-04-04 01:36:20.168974 Epoch [13/100] batch [257/391] loss 0.9214 lr 0.09648882429441258 acc 65.62% eta 0:52:32
2023-04-04 01:36:33,217 - __main__ - INFO - [INFO] 2023-04-04 01:36:33.216946 Epoch [13/100] batch [385/391] loss 0.7505 lr 0.09648882429441258 acc 64.84% eta 0:52:29
2023-04-04 01:36:33,831 - __main__ - INFO - Computing epoch 13 validation accuracy...
2023-04-04 01:36:37,351 - __main__ - INFO - Computing epoch 13 validation loss...
2023-04-04 01:36:40,904 - __main__ - INFO - [INFO] 2023-04-04 01:36:40.904101 Epoch [14/100] batch [1/391] loss 0.8774 lr 0.09588773128419906 acc 77.34% eta 0:57:44
2023-04-04 01:36:53,705 - __main__ - INFO - [INFO] 2023-04-04 01:36:53.705239 Epoch [14/100] batch [129/391] loss 0.9507 lr 0.09588773128419906 acc 75.00% eta 0:51:57
2023-04-04 01:37:06,585 - __main__ - INFO - [INFO] 2023-04-04 01:37:06.585582 Epoch [14/100] batch [257/391] loss 0.6855 lr 0.09588773128419906 acc 79.69% eta 0:51:43
2023-04-04 01:37:19,539 - __main__ - INFO - [INFO] 2023-04-04 01:37:19.539670 Epoch [14/100] batch [385/391] loss 0.7705 lr 0.09588773128419906 acc 75.78% eta 0:51:31
2023-04-04 01:37:20,116 - __main__ - INFO - Computing epoch 14 validation accuracy...
2023-04-04 01:37:23,537 - __main__ - INFO - Computing epoch 14 validation loss...
2023-04-04 01:37:27,146 - __main__ - INFO - [INFO] 2023-04-04 01:37:27.146619 Epoch [15/100] batch [1/391] loss 0.8994 lr 0.09524135262330098 acc 70.31% eta 0:54:40
2023-04-04 01:37:40,100 - __main__ - INFO - [INFO] 2023-04-04 01:37:40.100695 Epoch [15/100] batch [129/391] loss 0.8154 lr 0.09524135262330098 acc 70.31% eta 0:51:24
2023-04-04 01:37:52,869 - __main__ - INFO - [INFO] 2023-04-04 01:37:52.869378 Epoch [15/100] batch [257/391] loss 0.8789 lr 0.09524135262330098 acc 78.91% eta 0:50:41
2023-04-04 01:38:05,713 - __main__ - INFO - [INFO] 2023-04-04 01:38:05.712943 Epoch [15/100] batch [385/391] loss 0.7095 lr 0.09524135262330098 acc 77.34% eta 0:50:30
2023-04-04 01:38:06,289 - __main__ - INFO - Computing epoch 15 validation accuracy...
2023-04-04 01:38:09,842 - __main__ - INFO - Computing epoch 15 validation loss...
2023-04-04 01:38:13,400 - __main__ - INFO - [INFO] 2023-04-04 01:38:13.400135 Epoch [16/100] batch [1/391] loss 0.9150 lr 0.0945503262094184 acc 64.06% eta 0:55:29
2023-04-04 01:38:26,497 - __main__ - INFO - [INFO] 2023-04-04 01:38:26.497425 Epoch [16/100] batch [129/391] loss 0.6870 lr 0.0945503262094184 acc 67.97% eta 0:52:00
2023-04-04 01:38:39,713 - __main__ - INFO - [INFO] 2023-04-04 01:38:39.713687 Epoch [16/100] batch [257/391] loss 0.8613 lr 0.0945503262094184 acc 68.75% eta 0:51:37
2023-04-04 01:38:52,860 - __main__ - INFO - [INFO] 2023-04-04 01:38:52.860453 Epoch [16/100] batch [385/391] loss 0.8145 lr 0.0945503262094184 acc 58.59% eta 0:51:20
2023-04-04 01:38:53,447 - __main__ - INFO - Computing epoch 16 validation accuracy...
2023-04-04 01:38:56,932 - __main__ - INFO - Computing epoch 16 validation loss...
2023-04-04 01:39:00,638 - __main__ - INFO - [INFO] 2023-04-04 01:39:00.638702 Epoch [17/100] batch [1/391] loss 0.7549 lr 0.09381533400219319 acc 77.34% eta 1:07:20
2023-04-04 01:39:13,661 - __main__ - INFO - [INFO] 2023-04-04 01:39:13.661650 Epoch [17/100] batch [129/391] loss 0.6606 lr 0.09381533400219319 acc 75.78% eta 0:50:31
2023-04-04 01:39:26,601 - __main__ - INFO - [INFO] 2023-04-04 01:39:26.600953 Epoch [17/100] batch [257/391] loss 0.6738 lr 0.09381533400219319 acc 75.00% eta 0:50:09
2023-04-04 01:39:39,413 - __main__ - INFO - [INFO] 2023-04-04 01:39:39.412862 Epoch [17/100] batch [385/391] loss 0.7920 lr 0.09381533400219319 acc 68.75% eta 0:49:46
2023-04-04 01:39:40,008 - __main__ - INFO - Computing epoch 17 validation accuracy...
2023-04-04 01:39:43,494 - __main__ - INFO - Computing epoch 17 validation loss...
2023-04-04 01:39:47,194 - __main__ - INFO - [INFO] 2023-04-04 01:39:47.194406 Epoch [18/100] batch [1/391] loss 0.6577 lr 0.0930371013501972 acc 74.22% eta 0:55:35
2023-04-04 01:40:00,025 - __main__ - INFO - [INFO] 2023-04-04 01:40:00.024824 Epoch [18/100] batch [129/391] loss 0.9199 lr 0.0930371013501972 acc 64.06% eta 0:49:30
2023-04-04 01:40:12,935 - __main__ - INFO - [INFO] 2023-04-04 01:40:12.935401 Epoch [18/100] batch [257/391] loss 0.5830 lr 0.0930371013501972 acc 74.22% eta 0:49:22
2023-04-04 01:40:25,717 - __main__ - INFO - [INFO] 2023-04-04 01:40:25.717186 Epoch [18/100] batch [385/391] loss 0.8896 lr 0.0930371013501972 acc 71.09% eta 0:48:57
2023-04-04 01:40:26,295 - __main__ - INFO - Computing epoch 18 validation accuracy...
2023-04-04 01:40:29,827 - __main__ - INFO - Computing epoch 18 validation loss...
2023-04-04 01:40:33,473 - __main__ - INFO - [INFO] 2023-04-04 01:40:33.472813 Epoch [19/100] batch [1/391] loss 0.8149 lr 0.09221639627510078 acc 70.31% eta 0:53:26
2023-04-04 01:40:46,580 - __main__ - INFO - [INFO] 2023-04-04 01:40:46.579877 Epoch [19/100] batch [129/391] loss 0.5244 lr 0.09221639627510078 acc 82.03% eta 0:49:35
2023-04-04 01:40:59,498 - __main__ - INFO - [INFO] 2023-04-04 01:40:59.497976 Epoch [19/100] batch [257/391] loss 1.0195 lr 0.09221639627510078 acc 68.75% eta 0:48:56
2023-04-04 01:41:12,668 - __main__ - INFO - [INFO] 2023-04-04 01:41:12.668324 Epoch [19/100] batch [385/391] loss 0.9668 lr 0.09221639627510078 acc 70.31% eta 0:49:06
2023-04-04 01:41:13,261 - __main__ - INFO - Computing epoch 19 validation accuracy...
2023-04-04 01:41:16,724 - __main__ - INFO - Computing epoch 19 validation loss...
2023-04-04 01:41:20,285 - __main__ - INFO - [INFO] 2023-04-04 01:41:20.285589 Epoch [20/100] batch [1/391] loss 0.8730 lr 0.09135402871372812 acc 74.22% eta 0:51:21
2023-04-04 01:41:33,624 - __main__ - INFO - [INFO] 2023-04-04 01:41:33.624165 Epoch [20/100] batch [129/391] loss 0.8237 lr 0.09135402871372812 acc 74.22% eta 0:49:54
2023-04-04 01:41:46,668 - __main__ - INFO - [INFO] 2023-04-04 01:41:46.667937 Epoch [20/100] batch [257/391] loss 1.0264 lr 0.09135402871372812 acc 61.72% eta 0:49:08
2023-04-04 01:41:59,690 - __main__ - INFO - [INFO] 2023-04-04 01:41:59.690683 Epoch [20/100] batch [385/391] loss 0.7749 lr 0.09135402871372812 acc 66.41% eta 0:48:38
2023-04-04 01:42:00,249 - __main__ - INFO - Computing epoch 20 validation accuracy...
2023-04-04 01:42:03,651 - __main__ - INFO - Computing epoch 20 validation loss...
2023-04-04 01:42:07,301 - __main__ - INFO - [INFO] 2023-04-04 01:42:07.301282 Epoch [21/100] batch [1/391] loss 0.6211 lr 0.09045084971874741 acc 75.78% eta 0:53:46
2023-04-04 01:42:20,322 - __main__ - INFO - [INFO] 2023-04-04 01:42:20.321898 Epoch [21/100] batch [129/391] loss 0.5894 lr 0.09045084971874741 acc 80.47% eta 0:48:07
2023-04-04 01:42:33,228 - __main__ - INFO - [INFO] 2023-04-04 01:42:33.228734 Epoch [21/100] batch [257/391] loss 0.4915 lr 0.09045084971874741 acc 73.44% eta 0:47:49
2023-04-04 01:42:46,781 - __main__ - INFO - [INFO] 2023-04-04 01:42:46.780966 Epoch [21/100] batch [385/391] loss 0.5952 lr 0.09045084971874741 acc 76.56% eta 0:48:23
2023-04-04 01:42:47,403 - __main__ - INFO - Computing epoch 21 validation accuracy...
2023-04-04 01:42:50,818 - __main__ - INFO - Computing epoch 21 validation loss...
2023-04-04 01:42:54,314 - __main__ - INFO - [INFO] 2023-04-04 01:42:54.314461 Epoch [22/100] batch [1/391] loss 0.7876 lr 0.08950775061878455 acc 78.12% eta 0:47:10
2023-04-04 01:43:07,353 - __main__ - INFO - [INFO] 2023-04-04 01:43:07.353230 Epoch [22/100] batch [129/391] loss 0.7314 lr 0.08950775061878455 acc 77.34% eta 0:47:17
2023-04-04 01:43:20,483 - __main__ - INFO - [INFO] 2023-04-04 01:43:20.483759 Epoch [22/100] batch [257/391] loss 0.7148 lr 0.08950775061878455 acc 75.78% eta 0:47:10
2023-04-04 01:43:33,486 - __main__ - INFO - [INFO] 2023-04-04 01:43:33.486457 Epoch [22/100] batch [385/391] loss 0.6089 lr 0.08950775061878455 acc 79.69% eta 0:46:59
2023-04-04 01:43:34,060 - __main__ - INFO - Computing epoch 22 validation accuracy...
2023-04-04 01:43:37,509 - __main__ - INFO - Computing epoch 22 validation loss...
2023-04-04 01:43:41,158 - __main__ - INFO - [INFO] 2023-04-04 01:43:41.157990 Epoch [23/100] batch [1/391] loss 0.9321 lr 0.0885256621387895 acc 69.53% eta 0:51:01
2023-04-04 01:43:54,247 - __main__ - INFO - [INFO] 2023-04-04 01:43:54.246796 Epoch [23/100] batch [129/391] loss 0.6426 lr 0.0885256621387895 acc 70.31% eta 0:47:00
2023-04-04 01:44:07,416 - __main__ - INFO - [INFO] 2023-04-04 01:44:07.416411 Epoch [23/100] batch [257/391] loss 0.7861 lr 0.0885256621387895 acc 75.78% eta 0:46:50
2023-04-04 01:44:20,486 - __main__ - INFO - [INFO] 2023-04-04 01:44:20.486719 Epoch [23/100] batch [385/391] loss 0.5542 lr 0.0885256621387895 acc 77.34% eta 0:46:47
2023-04-04 01:44:21,072 - __main__ - INFO - Computing epoch 23 validation accuracy...
2023-04-04 01:44:24,564 - __main__ - INFO - Computing epoch 23 validation loss...
2023-04-04 01:44:28,130 - __main__ - INFO - [INFO] 2023-04-04 01:44:28.130149 Epoch [24/100] batch [1/391] loss 0.5083 lr 0.08750555348152302 acc 80.47% eta 0:47:33
2023-04-04 01:44:41,200 - __main__ - INFO - [INFO] 2023-04-04 01:44:41.200127 Epoch [24/100] batch [129/391] loss 0.5967 lr 0.08750555348152302 acc 86.72% eta 0:46:45
2023-04-04 01:44:53,933 - __main__ - INFO - [INFO] 2023-04-04 01:44:53.933326 Epoch [24/100] batch [257/391] loss 0.6899 lr 0.08750555348152302 acc 78.91% eta 0:45:53
2023-04-04 01:45:06,925 - __main__ - INFO - [INFO] 2023-04-04 01:45:06.925037 Epoch [24/100] batch [385/391] loss 0.7354 lr 0.08750555348152302 acc 76.56% eta 0:45:43
2023-04-04 01:45:07,504 - __main__ - INFO - Computing epoch 24 validation accuracy...
2023-04-04 01:45:11,122 - __main__ - INFO - Computing epoch 24 validation loss...
2023-04-04 01:45:14,745 - __main__ - INFO - [INFO] 2023-04-04 01:45:14.744834 Epoch [25/100] batch [1/391] loss 0.7168 lr 0.08644843137107061 acc 71.88% eta 0:53:21
2023-04-04 01:45:27,826 - __main__ - INFO - [INFO] 2023-04-04 01:45:27.826515 Epoch [25/100] batch [129/391] loss 0.5537 lr 0.08644843137107061 acc 81.25% eta 0:46:04
2023-04-04 01:45:40,640 - __main__ - INFO - [INFO] 2023-04-04 01:45:40.640719 Epoch [25/100] batch [257/391] loss 0.5635 lr 0.08644843137107061 acc 82.81% eta 0:45:16
2023-04-04 01:45:53,548 - __main__ - INFO - [INFO] 2023-04-04 01:45:53.548634 Epoch [25/100] batch [385/391] loss 0.6396 lr 0.08644843137107061 acc 80.47% eta 0:45:08
2023-04-04 01:45:54,156 - __main__ - INFO - Computing epoch 25 validation accuracy...
2023-04-04 01:45:57,671 - __main__ - INFO - Computing epoch 25 validation loss...
2023-04-04 01:46:01,287 - __main__ - INFO - [INFO] 2023-04-04 01:46:01.287434 Epoch [26/100] batch [1/391] loss 0.6118 lr 0.0853553390593274 acc 72.66% eta 0:51:03
2023-04-04 01:46:14,289 - __main__ - INFO - [INFO] 2023-04-04 01:46:14.289339 Epoch [26/100] batch [129/391] loss 0.6123 lr 0.0853553390593274 acc 75.78% eta 0:44:54
2023-04-04 01:46:27,136 - __main__ - INFO - [INFO] 2023-04-04 01:46:27.136234 Epoch [26/100] batch [257/391] loss 0.6411 lr 0.0853553390593274 acc 84.38% eta 0:44:36
2023-04-04 01:46:40,402 - __main__ - INFO - [INFO] 2023-04-04 01:46:40.402248 Epoch [26/100] batch [385/391] loss 0.3816 lr 0.0853553390593274 acc 83.59% eta 0:44:43
2023-04-04 01:46:40,983 - __main__ - INFO - Computing epoch 26 validation accuracy...
2023-04-04 01:46:44,389 - __main__ - INFO - Computing epoch 26 validation loss...
2023-04-04 01:46:48,120 - __main__ - INFO - [INFO] 2023-04-04 01:46:48.119944 Epoch [27/100] batch [1/391] loss 0.8062 lr 0.08422735529643446 acc 76.56% eta 0:54:51
2023-04-04 01:47:01,058 - __main__ - INFO - [INFO] 2023-04-04 01:47:01.058029 Epoch [27/100] batch [129/391] loss 0.5581 lr 0.08422735529643446 acc 72.66% eta 0:44:16
2023-04-04 01:47:13,982 - __main__ - INFO - [INFO] 2023-04-04 01:47:13.982783 Epoch [27/100] batch [257/391] loss 0.7188 lr 0.08422735529643446 acc 69.53% eta 0:44:20
2023-04-04 01:47:26,929 - __main__ - INFO - [INFO] 2023-04-04 01:47:26.929468 Epoch [27/100] batch [385/391] loss 0.6738 lr 0.08422735529643446 acc 78.91% eta 0:44:09
2023-04-04 01:47:27,493 - __main__ - INFO - Computing epoch 27 validation accuracy...
2023-04-04 01:47:31,040 - __main__ - INFO - Computing epoch 27 validation loss...
2023-04-04 01:47:34,772 - __main__ - INFO - [INFO] 2023-04-04 01:47:34.772509 Epoch [28/100] batch [1/391] loss 0.9229 lr 0.08306559326618262 acc 76.56% eta 1:02:56
2023-04-04 01:47:47,964 - __main__ - INFO - [INFO] 2023-04-04 01:47:47.963972 Epoch [28/100] batch [129/391] loss 0.7930 lr 0.08306559326618262 acc 76.56% eta 0:44:31
2023-04-04 01:48:01,185 - __main__ - INFO - [INFO] 2023-04-04 01:48:01.185277 Epoch [28/100] batch [257/391] loss 0.5947 lr 0.08306559326618262 acc 77.34% eta 0:44:14
2023-04-04 01:48:13,983 - __main__ - INFO - [INFO] 2023-04-04 01:48:13.983508 Epoch [28/100] batch [385/391] loss 0.5967 lr 0.08306559326618262 acc 75.78% eta 0:43:39
2023-04-04 01:48:14,572 - __main__ - INFO - Computing epoch 28 validation accuracy...
2023-04-04 01:48:18,061 - __main__ - INFO - Computing epoch 28 validation loss...
2023-04-04 01:48:21,662 - __main__ - INFO - [INFO] 2023-04-04 01:48:21.662069 Epoch [29/100] batch [1/391] loss 0.5459 lr 0.08187119948743452 acc 79.69% eta 0:47:37
2023-04-04 01:48:34,647 - __main__ - INFO - [INFO] 2023-04-04 01:48:34.647356 Epoch [29/100] batch [129/391] loss 0.8311 lr 0.08187119948743452 acc 67.19% eta 0:43:19
2023-04-04 01:48:47,620 - __main__ - INFO - [INFO] 2023-04-04 01:48:47.620436 Epoch [29/100] batch [257/391] loss 0.5913 lr 0.08187119948743452 acc 81.25% eta 0:43:08
2023-04-04 01:49:00,366 - __main__ - INFO - [INFO] 2023-04-04 01:49:00.366618 Epoch [29/100] batch [385/391] loss 0.6831 lr 0.08187119948743452 acc 73.44% eta 0:42:44
2023-04-04 01:49:00,940 - __main__ - INFO - Computing epoch 29 validation accuracy...
2023-04-04 01:49:04,545 - __main__ - INFO - Computing epoch 29 validation loss...
2023-04-04 01:49:08,138 - __main__ - INFO - [INFO] 2023-04-04 01:49:08.138019 Epoch [30/100] batch [1/391] loss 0.6396 lr 0.08064535268264886 acc 78.91% eta 0:47:09
2023-04-04 01:49:21,161 - __main__ - INFO - [INFO] 2023-04-04 01:49:21.161571 Epoch [30/100] batch [129/391] loss 0.5107 lr 0.08064535268264886 acc 86.72% eta 0:42:44
2023-04-04 01:49:34,036 - __main__ - INFO - [INFO] 2023-04-04 01:49:34.035924 Epoch [30/100] batch [257/391] loss 0.5410 lr 0.08064535268264886 acc 78.91% eta 0:42:12
2023-04-04 01:49:47,105 - __main__ - INFO - [INFO] 2023-04-04 01:49:47.105051 Epoch [30/100] batch [385/391] loss 0.7271 lr 0.08064535268264886 acc 80.47% eta 0:42:12
2023-04-04 01:49:47,746 - __main__ - INFO - Computing epoch 30 validation accuracy...
2023-04-04 01:49:51,236 - __main__ - INFO - Computing epoch 30 validation loss...
2023-04-04 01:49:54,890 - __main__ - INFO - [INFO] 2023-04-04 01:49:54.890367 Epoch [31/100] batch [1/391] loss 0.7031 lr 0.0793892626146237 acc 82.81% eta 0:43:38
2023-04-04 01:50:08,097 - __main__ - INFO - [INFO] 2023-04-04 01:50:08.097231 Epoch [31/100] batch [129/391] loss 0.5928 lr 0.0793892626146237 acc 72.66% eta 0:42:46
2023-04-04 01:50:20,945 - __main__ - INFO - [INFO] 2023-04-04 01:50:20.945333 Epoch [31/100] batch [257/391] loss 0.5630 lr 0.0793892626146237 acc 82.03% eta 0:42:10
2023-04-04 01:50:33,955 - __main__ - INFO - [INFO] 2023-04-04 01:50:33.955378 Epoch [31/100] batch [385/391] loss 0.7437 lr 0.0793892626146237 acc 73.44% eta 0:41:51
2023-04-04 01:50:34,565 - __main__ - INFO - Computing epoch 31 validation accuracy...
2023-04-04 01:50:38,004 - __main__ - INFO - Computing epoch 31 validation loss...
2023-04-04 01:50:41,648 - __main__ - INFO - [INFO] 2023-04-04 01:50:41.648229 Epoch [32/100] batch [1/391] loss 0.6489 lr 0.07810416889260657 acc 75.00% eta 0:46:13
2023-04-04 01:50:54,698 - __main__ - INFO - [INFO] 2023-04-04 01:50:54.698495 Epoch [32/100] batch [129/391] loss 0.5654 lr 0.07810416889260657 acc 71.88% eta 0:41:32
2023-04-04 01:51:07,748 - __main__ - INFO - [INFO] 2023-04-04 01:51:07.748577 Epoch [32/100] batch [257/391] loss 0.4817 lr 0.07810416889260657 acc 78.91% eta 0:41:14
2023-04-04 01:51:20,861 - __main__ - INFO - [INFO] 2023-04-04 01:51:20.860830 Epoch [32/100] batch [385/391] loss 0.6133 lr 0.07810416889260657 acc 79.69% eta 0:41:06
2023-04-04 01:51:21,431 - __main__ - INFO - Computing epoch 32 validation accuracy...
2023-04-04 01:51:24,977 - __main__ - INFO - Computing epoch 32 validation loss...
2023-04-04 01:51:28,584 - __main__ - INFO - [INFO] 2023-04-04 01:51:28.584245 Epoch [33/100] batch [1/391] loss 0.7261 lr 0.07679133974894986 acc 71.88% eta 0:45:08
2023-04-04 01:51:41,411 - __main__ - INFO - [INFO] 2023-04-04 01:51:41.411357 Epoch [33/100] batch [129/391] loss 0.3704 lr 0.07679133974894986 acc 82.03% eta 0:40:30
2023-04-04 01:51:54,234 - __main__ - INFO - [INFO] 2023-04-04 01:51:54.234440 Epoch [33/100] batch [257/391] loss 0.4246 lr 0.07679133974894986 acc 82.03% eta 0:40:23
2023-04-04 01:52:07,174 - __main__ - INFO - [INFO] 2023-04-04 01:52:07.173997 Epoch [33/100] batch [385/391] loss 0.6460 lr 0.07679133974894986 acc 76.56% eta 0:40:12
2023-04-04 01:52:07,760 - __main__ - INFO - Computing epoch 33 validation accuracy...
2023-04-04 01:52:11,274 - __main__ - INFO - Computing epoch 33 validation loss...
2023-04-04 01:52:14,904 - __main__ - INFO - [INFO] 2023-04-04 01:52:14.903759 Epoch [34/100] batch [1/391] loss 0.7021 lr 0.0754520707875186 acc 73.44% eta 1:02:42
2023-04-04 01:52:28,345 - __main__ - INFO - [INFO] 2023-04-04 01:52:28.345464 Epoch [34/100] batch [129/391] loss 0.6543 lr 0.0754520707875186 acc 75.00% eta 0:41:41
2023-04-04 01:52:41,366 - __main__ - INFO - [INFO] 2023-04-04 01:52:41.366645 Epoch [34/100] batch [257/391] loss 0.5815 lr 0.0754520707875186 acc 82.81% eta 0:40:40
2023-04-04 01:52:54,417 - __main__ - INFO - [INFO] 2023-04-04 01:52:54.417728 Epoch [34/100] batch [385/391] loss 0.5596 lr 0.0754520707875186 acc 75.78% eta 0:40:14
2023-04-04 01:52:55,040 - __main__ - INFO - Computing epoch 34 validation accuracy...
2023-04-04 01:52:58,435 - __main__ - INFO - Computing epoch 34 validation loss...
2023-04-04 01:53:01,838 - __main__ - INFO - [INFO] 2023-04-04 01:53:01.837940 Epoch [35/100] batch [1/391] loss 0.6152 lr 0.0740876837050858 acc 84.38% eta 0:40:02
2023-04-04 01:53:14,496 - __main__ - INFO - [INFO] 2023-04-04 01:53:14.496568 Epoch [35/100] batch [129/391] loss 0.5566 lr 0.0740876837050858 acc 80.47% eta 0:38:44
2023-04-04 01:53:27,423 - __main__ - INFO - [INFO] 2023-04-04 01:53:27.423077 Epoch [35/100] batch [257/391] loss 0.6646 lr 0.0740876837050858 acc 71.88% eta 0:38:57
2023-04-04 01:53:40,513 - __main__ - INFO - [INFO] 2023-04-04 01:53:40.513649 Epoch [35/100] batch [385/391] loss 0.6602 lr 0.0740876837050858 acc 78.91% eta 0:39:05
2023-04-04 01:53:41,172 - __main__ - INFO - Computing epoch 35 validation accuracy...
2023-04-04 01:53:45,141 - __main__ - INFO - Computing epoch 35 validation loss...
2023-04-04 01:53:49,169 - __main__ - INFO - [INFO] 2023-04-04 01:53:49.169284 Epoch [36/100] batch [1/391] loss 0.7148 lr 0.07269952498697738 acc 85.16% eta 0:46:37
2023-04-04 01:54:02,587 - __main__ - INFO - [INFO] 2023-04-04 01:54:02.587326 Epoch [36/100] batch [129/391] loss 0.4995 lr 0.07269952498697738 acc 74.22% eta 0:40:10
2023-04-04 01:54:15,873 - __main__ - INFO - [INFO] 2023-04-04 01:54:15.873150 Epoch [36/100] batch [257/391] loss 0.7183 lr 0.07269952498697738 acc 79.69% eta 0:39:44
2023-04-04 01:54:28,786 - __main__ - INFO - [INFO] 2023-04-04 01:54:28.786541 Epoch [36/100] batch [385/391] loss 0.5337 lr 0.07269952498697738 acc 82.81% eta 0:39:05
2023-04-04 01:54:29,379 - __main__ - INFO - Computing epoch 36 validation accuracy...
2023-04-04 01:54:32,892 - __main__ - INFO - Computing epoch 36 validation loss...
2023-04-04 01:54:36,397 - __main__ - INFO - [INFO] 2023-04-04 01:54:36.396990 Epoch [37/100] batch [1/391] loss 0.9243 lr 0.07128896457825366 acc 71.88% eta 0:52:15
2023-04-04 01:54:49,269 - __main__ - INFO - [INFO] 2023-04-04 01:54:49.269726 Epoch [37/100] batch [129/391] loss 0.5400 lr 0.07128896457825366 acc 78.91% eta 0:38:28
2023-04-04 01:55:02,487 - __main__ - INFO - [INFO] 2023-04-04 01:55:02.487062 Epoch [37/100] batch [257/391] loss 0.6641 lr 0.07128896457825366 acc 78.91% eta 0:38:25
2023-04-04 01:55:15,437 - __main__ - INFO - [INFO] 2023-04-04 01:55:15.437032 Epoch [37/100] batch [385/391] loss 0.5859 lr 0.07128896457825366 acc 81.25% eta 0:38:08
2023-04-04 01:55:16,042 - __main__ - INFO - Computing epoch 37 validation accuracy...
2023-04-04 01:55:19,509 - __main__ - INFO - Computing epoch 37 validation loss...
2023-04-04 01:55:23,145 - __main__ - INFO - [INFO] 2023-04-04 01:55:23.145432 Epoch [38/100] batch [1/391] loss 0.4773 lr 0.06985739453173906 acc 86.72% eta 0:55:37
2023-04-04 01:55:36,244 - __main__ - INFO - [INFO] 2023-04-04 01:55:36.243499 Epoch [38/100] batch [129/391] loss 0.6836 lr 0.06985739453173906 acc 81.25% eta 0:38:08
2023-04-04 01:55:49,132 - __main__ - INFO - [INFO] 2023-04-04 01:55:49.131885 Epoch [38/100] batch [257/391] loss 0.5439 lr 0.06985739453173906 acc 75.78% eta 0:37:24
2023-04-04 01:56:01,796 - __main__ - INFO - [INFO] 2023-04-04 01:56:01.796294 Epoch [38/100] batch [385/391] loss 0.6646 lr 0.06985739453173906 acc 80.47% eta 0:36:56
2023-04-04 01:56:02,368 - __main__ - INFO - Computing epoch 38 validation accuracy...
2023-04-04 01:56:05,854 - __main__ - INFO - Computing epoch 38 validation loss...
2023-04-04 01:56:09,385 - __main__ - INFO - [INFO] 2023-04-04 01:56:09.385266 Epoch [39/100] batch [1/391] loss 0.6865 lr 0.06840622763423394 acc 77.34% eta 0:43:30
2023-04-04 01:56:22,248 - __main__ - INFO - [INFO] 2023-04-04 01:56:22.247986 Epoch [39/100] batch [129/391] loss 0.6655 lr 0.06840622763423394 acc 78.91% eta 0:37:05
2023-04-04 01:56:35,187 - __main__ - INFO - [INFO] 2023-04-04 01:56:35.186851 Epoch [39/100] batch [257/391] loss 0.5508 lr 0.06840622763423394 acc 82.81% eta 0:36:40
2023-04-04 01:56:47,846 - __main__ - INFO - [INFO] 2023-04-04 01:56:47.846336 Epoch [39/100] batch [385/391] loss 0.5205 lr 0.06840622763423394 acc 83.59% eta 0:36:14
2023-04-04 01:56:48,393 - __main__ - INFO - Computing epoch 39 validation accuracy...
2023-04-04 01:56:51,827 - __main__ - INFO - Computing epoch 39 validation loss...
2023-04-04 01:56:55,370 - __main__ - INFO - [INFO] 2023-04-04 01:56:55.369823 Epoch [40/100] batch [1/391] loss 0.4692 lr 0.06693689601226462 acc 78.91% eta 0:42:17
2023-04-04 01:57:08,668 - __main__ - INFO - [INFO] 2023-04-04 01:57:08.667760 Epoch [40/100] batch [129/391] loss 0.5293 lr 0.06693689601226462 acc 88.28% eta 0:37:19
2023-04-04 01:57:21,918 - __main__ - INFO - [INFO] 2023-04-04 01:57:21.918606 Epoch [40/100] batch [257/391] loss 0.6011 lr 0.06693689601226462 acc 82.81% eta 0:37:00
2023-04-04 01:57:34,681 - __main__ - INFO - [INFO] 2023-04-04 01:57:34.681390 Epoch [40/100] batch [385/391] loss 0.3789 lr 0.06693689601226462 acc 86.72% eta 0:36:20
2023-04-04 01:57:35,248 - __main__ - INFO - Computing epoch 40 validation accuracy...
2023-04-04 01:57:38,580 - __main__ - INFO - Computing epoch 40 validation loss...
2023-04-04 01:57:42,036 - __main__ - INFO - [INFO] 2023-04-04 01:57:42.035811 Epoch [41/100] batch [1/391] loss 0.6011 lr 0.06545084971874741 acc 81.25% eta 0:41:43
2023-04-04 01:57:54,993 - __main__ - INFO - [INFO] 2023-04-04 01:57:54.992953 Epoch [41/100] batch [129/391] loss 0.5420 lr 0.06545084971874741 acc 80.47% eta 0:36:00
2023-04-04 01:58:08,145 - __main__ - INFO - [INFO] 2023-04-04 01:58:08.144897 Epoch [41/100] batch [257/391] loss 0.4163 lr 0.06545084971874741 acc 87.50% eta 0:35:57
2023-04-04 01:58:20,935 - __main__ - INFO - [INFO] 2023-04-04 01:58:20.935212 Epoch [41/100] batch [385/391] loss 0.4233 lr 0.06545084971874741 acc 80.47% eta 0:35:30
2023-04-04 01:58:21,499 - __main__ - INFO - Computing epoch 41 validation accuracy...
2023-04-04 01:58:24,916 - __main__ - INFO - Computing epoch 41 validation loss...
2023-04-04 01:58:28,455 - __main__ - INFO - [INFO] 2023-04-04 01:58:28.454899 Epoch [42/100] batch [1/391] loss 0.6172 lr 0.06394955530196152 acc 80.47% eta 0:43:31
2023-04-04 01:58:41,719 - __main__ - INFO - [INFO] 2023-04-04 01:58:41.718809 Epoch [42/100] batch [129/391] loss 0.5508 lr 0.06394955530196152 acc 81.25% eta 0:36:08
2023-04-04 01:58:54,633 - __main__ - INFO - [INFO] 2023-04-04 01:58:54.633558 Epoch [42/100] batch [257/391] loss 0.5264 lr 0.06394955530196152 acc 84.38% eta 0:35:21
2023-04-04 01:59:07,428 - __main__ - INFO - [INFO] 2023-04-04 01:59:07.427643 Epoch [42/100] batch [385/391] loss 0.3894 lr 0.06394955530196152 acc 83.59% eta 0:34:49
2023-04-04 01:59:07,972 - __main__ - INFO - Computing epoch 42 validation accuracy...
2023-04-04 01:59:11,288 - __main__ - INFO - Computing epoch 42 validation loss...
2023-04-04 01:59:14,819 - __main__ - INFO - [INFO] 2023-04-04 01:59:14.818863 Epoch [43/100] batch [1/391] loss 0.3479 lr 0.062434494358242776 acc 84.38% eta 0:38:10
2023-04-04 01:59:27,622 - __main__ - INFO - [INFO] 2023-04-04 01:59:27.621902 Epoch [43/100] batch [129/391] loss 0.4048 lr 0.062434494358242776 acc 82.03% eta 0:34:22
2023-04-04 01:59:40,634 - __main__ - INFO - [INFO] 2023-04-04 01:59:40.634113 Epoch [43/100] batch [257/391] loss 0.5405 lr 0.062434494358242776 acc 88.28% eta 0:34:26
2023-04-04 01:59:53,850 - __main__ - INFO - [INFO] 2023-04-04 01:59:53.850068 Epoch [43/100] batch [385/391] loss 0.5063 lr 0.062434494358242776 acc 89.84% eta 0:34:29
2023-04-04 01:59:54,424 - __main__ - INFO - Computing epoch 43 validation accuracy...
2023-04-04 01:59:57,948 - __main__ - INFO - Computing epoch 43 validation loss...
2023-04-04 02:00:01,760 - __main__ - INFO - [INFO] 2023-04-04 02:00:01.760411 Epoch [44/100] batch [1/391] loss 0.6475 lr 0.06090716206982718 acc 78.12% eta 0:40:05
2023-04-04 02:00:14,938 - __main__ - INFO - [INFO] 2023-04-04 02:00:14.938010 Epoch [44/100] batch [129/391] loss 0.4663 lr 0.06090716206982718 acc 86.72% eta 0:34:39
2023-04-04 02:00:27,968 - __main__ - INFO - [INFO] 2023-04-04 02:00:27.968107 Epoch [44/100] batch [257/391] loss 0.4333 lr 0.06090716206982718 acc 79.69% eta 0:34:13
2023-04-04 02:00:40,948 - __main__ - INFO - [INFO] 2023-04-04 02:00:40.948180 Epoch [44/100] batch [385/391] loss 0.3965 lr 0.06090716206982718 acc 88.28% eta 0:33:55
2023-04-04 02:00:41,555 - __main__ - INFO - Computing epoch 44 validation accuracy...
2023-04-04 02:00:44,997 - __main__ - INFO - Computing epoch 44 validation loss...
2023-04-04 02:00:48,467 - __main__ - INFO - [INFO] 2023-04-04 02:00:48.467025 Epoch [45/100] batch [1/391] loss 0.5664 lr 0.05936906572928628 acc 82.03% eta 0:35:38
2023-04-04 02:01:01,438 - __main__ - INFO - [INFO] 2023-04-04 02:01:01.438408 Epoch [45/100] batch [129/391] loss 0.3870 lr 0.05936906572928628 acc 82.81% eta 0:33:48
2023-04-04 02:01:14,504 - __main__ - INFO - [INFO] 2023-04-04 02:01:14.503693 Epoch [45/100] batch [257/391] loss 0.4463 lr 0.05936906572928628 acc 85.94% eta 0:33:29
2023-04-04 02:01:27,640 - __main__ - INFO - [INFO] 2023-04-04 02:01:27.640334 Epoch [45/100] batch [385/391] loss 0.4773 lr 0.05936906572928628 acc 85.94% eta 0:33:23
2023-04-04 02:01:28,200 - __main__ - INFO - Computing epoch 45 validation accuracy...
2023-04-04 02:01:31,631 - __main__ - INFO - Computing epoch 45 validation loss...
2023-04-04 02:01:35,264 - __main__ - INFO - [INFO] 2023-04-04 02:01:35.263828 Epoch [46/100] batch [1/391] loss 0.6406 lr 0.05782172325201159 acc 82.03% eta 0:35:41
2023-04-04 02:01:48,128 - __main__ - INFO - [INFO] 2023-04-04 02:01:48.128083 Epoch [46/100] batch [129/391] loss 0.4993 lr 0.05782172325201159 acc 82.03% eta 0:32:29
2023-04-04 02:02:00,985 - __main__ - INFO - [INFO] 2023-04-04 02:02:00.985117 Epoch [46/100] batch [257/391] loss 0.4805 lr 0.05782172325201159 acc 81.25% eta 0:32:27
2023-04-04 02:02:14,370 - __main__ - INFO - [INFO] 2023-04-04 02:02:14.370360 Epoch [46/100] batch [385/391] loss 0.3406 lr 0.05782172325201159 acc 94.53% eta 0:32:43
2023-04-04 02:02:14,978 - __main__ - INFO - Computing epoch 46 validation accuracy...
2023-04-04 02:02:18,919 - __main__ - INFO - Computing epoch 46 validation loss...
2023-04-04 02:02:23,076 - __main__ - INFO - [INFO] 2023-04-04 02:02:23.076369 Epoch [47/100] batch [1/391] loss 0.3318 lr 0.056266661678215264 acc 86.72% eta 0:40:59
2023-04-04 02:02:36,248 - __main__ - INFO - [INFO] 2023-04-04 02:02:36.248689 Epoch [47/100] batch [129/391] loss 0.5811 lr 0.056266661678215264 acc 82.03% eta 0:32:53
2023-04-04 02:02:49,698 - __main__ - INFO - [INFO] 2023-04-04 02:02:49.697753 Epoch [47/100] batch [257/391] loss 0.5474 lr 0.056266661678215264 acc 76.56% eta 0:33:00
2023-04-04 02:03:03,215 - __main__ - INFO - [INFO] 2023-04-04 02:03:03.215006 Epoch [47/100] batch [385/391] loss 0.4602 lr 0.056266661678215264 acc 78.91% eta 0:32:59
2023-04-04 02:03:03,818 - __main__ - INFO - Computing epoch 47 validation accuracy...
2023-04-04 02:03:07,364 - __main__ - INFO - Computing epoch 47 validation loss...
2023-04-04 02:03:11,196 - __main__ - INFO - [INFO] 2023-04-04 02:03:11.195576 Epoch [48/100] batch [1/391] loss 0.4814 lr 0.05470541566592575 acc 88.28% eta 0:43:28
2023-04-04 02:03:24,225 - __main__ - INFO - [INFO] 2023-04-04 02:03:24.225159 Epoch [48/100] batch [129/391] loss 0.3748 lr 0.05470541566592575 acc 91.41% eta 0:31:56
2023-04-04 02:03:36,879 - __main__ - INFO - [INFO] 2023-04-04 02:03:36.879622 Epoch [48/100] batch [257/391] loss 0.3982 lr 0.05470541566592575 acc 85.16% eta 0:31:08
2023-04-04 02:03:50,048 - __main__ - INFO - [INFO] 2023-04-04 02:03:50.048505 Epoch [48/100] batch [385/391] loss 0.4846 lr 0.05470541566592575 acc 89.06% eta 0:31:13
2023-04-04 02:03:50,643 - __main__ - INFO - Computing epoch 48 validation accuracy...
2023-04-04 02:03:54,081 - __main__ - INFO - Computing epoch 48 validation loss...
2023-04-04 02:03:57,587 - __main__ - INFO - [INFO] 2023-04-04 02:03:57.587287 Epoch [49/100] batch [1/391] loss 0.3904 lr 0.053139525976465714 acc 84.38% eta 0:32:01
2023-04-04 02:04:10,625 - __main__ - INFO - [INFO] 2023-04-04 02:04:10.625031 Epoch [49/100] batch [129/391] loss 0.4585 lr 0.053139525976465714 acc 87.50% eta 0:31:18
2023-04-04 02:04:23,469 - __main__ - INFO - [INFO] 2023-04-04 02:04:23.469409 Epoch [49/100] batch [257/391] loss 0.3435 lr 0.053139525976465714 acc 85.16% eta 0:30:48
2023-04-04 02:04:36,150 - __main__ - INFO - [INFO] 2023-04-04 02:04:36.149828 Epoch [49/100] batch [385/391] loss 0.5176 lr 0.053139525976465714 acc 82.81% eta 0:30:21
2023-04-04 02:04:36,729 - __main__ - INFO - Computing epoch 49 validation accuracy...
2023-04-04 02:04:40,105 - __main__ - INFO - Computing epoch 49 validation loss...
2023-04-04 02:04:43,730 - __main__ - INFO - [INFO] 2023-04-04 02:04:43.730847 Epoch [50/100] batch [1/391] loss 0.4917 lr 0.05157053795390645 acc 85.16% eta 0:31:07
2023-04-04 02:04:57,072 - __main__ - INFO - [INFO] 2023-04-04 02:04:57.072643 Epoch [50/100] batch [129/391] loss 0.4490 lr 0.05157053795390645 acc 81.25% eta 0:31:13
2023-04-04 02:05:10,183 - __main__ - INFO - [INFO] 2023-04-04 02:05:10.183199 Epoch [50/100] batch [257/391] loss 0.5317 lr 0.05157053795390645 acc 86.72% eta 0:30:45
2023-04-04 02:05:23,474 - __main__ - INFO - [INFO] 2023-04-04 02:05:23.473851 Epoch [50/100] batch [385/391] loss 0.4739 lr 0.05157053795390645 acc 88.28% eta 0:30:42
2023-04-04 02:05:24,047 - __main__ - INFO - Computing epoch 50 validation accuracy...
2023-04-04 02:05:27,567 - __main__ - INFO - Computing epoch 50 validation loss...
2023-04-04 02:05:31,191 - __main__ - INFO - [INFO] 2023-04-04 02:05:31.191149 Epoch [51/100] batch [1/391] loss 0.5142 lr 0.05000000000000004 acc 88.28% eta 0:33:06
2023-04-04 02:05:44,608 - __main__ - INFO - [INFO] 2023-04-04 02:05:44.608338 Epoch [51/100] batch [129/391] loss 0.4175 lr 0.05000000000000004 acc 85.16% eta 0:31:02
2023-04-04 02:05:57,868 - __main__ - INFO - [INFO] 2023-04-04 02:05:57.867888 Epoch [51/100] batch [257/391] loss 0.5967 lr 0.05000000000000004 acc 86.72% eta 0:30:35
2023-04-04 02:06:10,723 - __main__ - INFO - [INFO] 2023-04-04 02:06:10.723494 Epoch [51/100] batch [385/391] loss 0.3953 lr 0.05000000000000004 acc 87.50% eta 0:29:59
2023-04-04 02:06:11,374 - __main__ - INFO - Computing epoch 51 validation accuracy...
2023-04-04 02:06:14,819 - __main__ - INFO - Computing epoch 51 validation loss...
2023-04-04 02:06:18,419 - __main__ - INFO - [INFO] 2023-04-04 02:06:18.419324 Epoch [52/100] batch [1/391] loss 0.3455 lr 0.04842946204609362 acc 82.81% eta 0:31:47
2023-04-04 02:06:31,463 - __main__ - INFO - [INFO] 2023-04-04 02:06:31.463294 Epoch [52/100] batch [129/391] loss 0.5137 lr 0.04842946204609362 acc 91.41% eta 0:29:25
2023-04-04 02:06:44,263 - __main__ - INFO - [INFO] 2023-04-04 02:06:44.262965 Epoch [52/100] batch [257/391] loss 0.4160 lr 0.04842946204609362 acc 82.81% eta 0:28:56
2023-04-04 02:06:57,163 - __main__ - INFO - [INFO] 2023-04-04 02:06:57.162948 Epoch [52/100] batch [385/391] loss 0.4983 lr 0.04842946204609362 acc 80.47% eta 0:28:50
2023-04-04 02:06:57,749 - __main__ - INFO - Computing epoch 52 validation accuracy...
2023-04-04 02:07:01,193 - __main__ - INFO - Computing epoch 52 validation loss...
2023-04-04 02:07:04,775 - __main__ - INFO - [INFO] 2023-04-04 02:07:04.774709 Epoch [53/100] batch [1/391] loss 0.4814 lr 0.04686047402353437 acc 87.50% eta 0:33:28
2023-04-04 02:07:17,954 - __main__ - INFO - [INFO] 2023-04-04 02:07:17.954719 Epoch [53/100] batch [129/391] loss 0.3457 lr 0.04686047402353437 acc 87.50% eta 0:29:08
2023-04-04 02:07:31,189 - __main__ - INFO - [INFO] 2023-04-04 02:07:31.189328 Epoch [53/100] batch [257/391] loss 0.4512 lr 0.04686047402353437 acc 83.59% eta 0:29:02
2023-04-04 02:07:44,219 - __main__ - INFO - [INFO] 2023-04-04 02:07:44.219459 Epoch [53/100] batch [385/391] loss 0.4304 lr 0.04686047402353437 acc 87.50% eta 0:28:42
2023-04-04 02:07:44,804 - __main__ - INFO - Computing epoch 53 validation accuracy...
2023-04-04 02:07:48,114 - __main__ - INFO - Computing epoch 53 validation loss...
2023-04-04 02:07:51,620 - __main__ - INFO - [INFO] 2023-04-04 02:07:51.620252 Epoch [54/100] batch [1/391] loss 0.5430 lr 0.045294584334074316 acc 81.25% eta 0:30:11
2023-04-04 02:08:04,937 - __main__ - INFO - [INFO] 2023-04-04 02:08:04.937621 Epoch [54/100] batch [129/391] loss 0.5054 lr 0.045294584334074316 acc 89.84% eta 0:28:42
2023-04-04 02:08:17,907 - __main__ - INFO - [INFO] 2023-04-04 02:08:17.907601 Epoch [54/100] batch [257/391] loss 0.5093 lr 0.045294584334074316 acc 81.25% eta 0:28:04
2023-04-04 02:08:30,824 - __main__ - INFO - [INFO] 2023-04-04 02:08:30.824486 Epoch [54/100] batch [385/391] loss 0.4014 lr 0.045294584334074316 acc 90.62% eta 0:27:49
2023-04-04 02:08:31,403 - __main__ - INFO - Computing epoch 54 validation accuracy...
2023-04-04 02:08:34,703 - __main__ - INFO - Computing epoch 54 validation loss...
2023-04-04 02:08:38,398 - __main__ - INFO - [INFO] 2023-04-04 02:08:38.398679 Epoch [55/100] batch [1/391] loss 0.2595 lr 0.043733338321784825 acc 92.97% eta 0:28:11
2023-04-04 02:08:51,449 - __main__ - INFO - [INFO] 2023-04-04 02:08:51.449252 Epoch [55/100] batch [129/391] loss 0.2451 lr 0.043733338321784825 acc 89.06% eta 0:27:25
2023-04-04 02:09:04,367 - __main__ - INFO - [INFO] 2023-04-04 02:09:04.367099 Epoch [55/100] batch [257/391] loss 0.2219 lr 0.043733338321784825 acc 83.59% eta 0:27:11
2023-04-04 02:09:17,240 - __main__ - INFO - [INFO] 2023-04-04 02:09:17.240133 Epoch [55/100] batch [385/391] loss 0.6006 lr 0.043733338321784825 acc 83.59% eta 0:26:58
2023-04-04 02:09:17,821 - __main__ - INFO - Computing epoch 55 validation accuracy...
2023-04-04 02:09:21,094 - __main__ - INFO - Computing epoch 55 validation loss...
2023-04-04 02:09:24,558 - __main__ - INFO - [INFO] 2023-04-04 02:09:24.558762 Epoch [56/100] batch [1/391] loss 0.4084 lr 0.042178276747988484 acc 82.81% eta 0:28:02
2023-04-04 02:09:37,357 - __main__ - INFO - [INFO] 2023-04-04 02:09:37.356955 Epoch [56/100] batch [129/391] loss 0.3745 lr 0.042178276747988484 acc 86.72% eta 0:26:19
2023-04-04 02:09:50,499 - __main__ - INFO - [INFO] 2023-04-04 02:09:50.498981 Epoch [56/100] batch [257/391] loss 0.4102 lr 0.042178276747988484 acc 88.28% eta 0:26:36
2023-04-04 02:10:03,481 - __main__ - INFO - [INFO] 2023-04-04 02:10:03.481083 Epoch [56/100] batch [385/391] loss 0.2986 lr 0.042178276747988484 acc 92.19% eta 0:26:30
2023-04-04 02:10:04,062 - __main__ - INFO - Computing epoch 56 validation accuracy...
2023-04-04 02:10:07,674 - __main__ - INFO - Computing epoch 56 validation loss...
2023-04-04 02:10:11,389 - __main__ - INFO - [INFO] 2023-04-04 02:10:11.389744 Epoch [57/100] batch [1/391] loss 0.2822 lr 0.0406309342707138 acc 92.97% eta 0:29:09
2023-04-04 02:10:24,543 - __main__ - INFO - [INFO] 2023-04-04 02:10:24.543053 Epoch [57/100] batch [129/391] loss 0.4417 lr 0.0406309342707138 acc 84.38% eta 0:26:44
2023-04-04 02:10:37,845 - __main__ - INFO - [INFO] 2023-04-04 02:10:37.845113 Epoch [57/100] batch [257/391] loss 0.3079 lr 0.0406309342707138 acc 87.50% eta 0:26:36
2023-04-04 02:10:51,077 - __main__ - INFO - [INFO] 2023-04-04 02:10:51.077718 Epoch [57/100] batch [385/391] loss 0.2407 lr 0.0406309342707138 acc 92.19% eta 0:26:21
2023-04-04 02:10:51,679 - __main__ - INFO - Computing epoch 57 validation accuracy...
2023-04-04 02:10:55,300 - __main__ - INFO - Computing epoch 57 validation loss...
2023-04-04 02:10:59,118 - __main__ - INFO - [INFO] 2023-04-04 02:10:59.117607 Epoch [58/100] batch [1/391] loss 0.4910 lr 0.039092837930172916 acc 88.28% eta 0:39:38
2023-04-04 02:11:12,375 - __main__ - INFO - [INFO] 2023-04-04 02:11:12.375277 Epoch [58/100] batch [129/391] loss 0.2798 lr 0.039092837930172916 acc 92.97% eta 0:26:16
2023-04-04 02:11:25,184 - __main__ - INFO - [INFO] 2023-04-04 02:11:25.184371 Epoch [58/100] batch [257/391] loss 0.4541 lr 0.039092837930172916 acc 85.16% eta 0:25:35
2023-04-04 02:11:37,897 - __main__ - INFO - [INFO] 2023-04-04 02:11:37.897809 Epoch [58/100] batch [385/391] loss 0.3088 lr 0.039092837930172916 acc 90.62% eta 0:25:14
2023-04-04 02:11:38,512 - __main__ - INFO - Computing epoch 58 validation accuracy...
2023-04-04 02:11:42,005 - __main__ - INFO - Computing epoch 58 validation loss...
2023-04-04 02:11:45,525 - __main__ - INFO - [INFO] 2023-04-04 02:11:45.525466 Epoch [59/100] batch [1/391] loss 0.4185 lr 0.037565505641757285 acc 85.94% eta 0:28:04
2023-04-04 02:11:58,639 - __main__ - INFO - [INFO] 2023-04-04 02:11:58.639537 Epoch [59/100] batch [129/391] loss 0.3193 lr 0.037565505641757285 acc 93.75% eta 0:25:15
2023-04-04 02:12:11,713 - __main__ - INFO - [INFO] 2023-04-04 02:12:11.712908 Epoch [59/100] batch [257/391] loss 0.4802 lr 0.037565505641757285 acc 86.72% eta 0:25:05
2023-04-04 02:12:24,781 - __main__ - INFO - [INFO] 2023-04-04 02:12:24.781659 Epoch [59/100] batch [385/391] loss 0.2891 lr 0.037565505641757285 acc 94.53% eta 0:24:51
2023-04-04 02:12:25,337 - __main__ - INFO - Computing epoch 59 validation accuracy...
2023-04-04 02:12:28,729 - __main__ - INFO - Computing epoch 59 validation loss...
2023-04-04 02:12:32,286 - __main__ - INFO - [INFO] 2023-04-04 02:12:32.286593 Epoch [60/100] batch [1/391] loss 0.2272 lr 0.03605044469803857 acc 92.97% eta 0:27:00
2023-04-04 02:12:45,795 - __main__ - INFO - [INFO] 2023-04-04 02:12:45.795730 Epoch [60/100] batch [129/391] loss 0.4265 lr 0.03605044469803857 acc 86.72% eta 0:25:29
2023-04-04 02:12:58,937 - __main__ - INFO - [INFO] 2023-04-04 02:12:58.937679 Epoch [60/100] batch [257/391] loss 0.4358 lr 0.03605044469803857 acc 89.84% eta 0:24:52
2023-04-04 02:13:11,830 - __main__ - INFO - [INFO] 2023-04-04 02:13:11.830088 Epoch [60/100] batch [385/391] loss 0.3574 lr 0.03605044469803857 acc 87.50% eta 0:24:28
2023-04-04 02:13:12,377 - __main__ - INFO - Computing epoch 60 validation accuracy...
2023-04-04 02:13:15,766 - __main__ - INFO - Computing epoch 60 validation loss...
2023-04-04 02:13:19,282 - __main__ - INFO - [INFO] 2023-04-04 02:13:19.282300 Epoch [61/100] batch [1/391] loss 0.2339 lr 0.034549150281252675 acc 91.41% eta 0:24:58
2023-04-04 02:13:32,186 - __main__ - INFO - [INFO] 2023-04-04 02:13:32.186796 Epoch [61/100] batch [129/391] loss 0.4338 lr 0.034549150281252675 acc 89.84% eta 0:23:50
2023-04-04 02:13:45,233 - __main__ - INFO - [INFO] 2023-04-04 02:13:45.233404 Epoch [61/100] batch [257/391] loss 0.2307 lr 0.034549150281252675 acc 92.19% eta 0:23:45
2023-04-04 02:13:58,402 - __main__ - INFO - [INFO] 2023-04-04 02:13:58.402471 Epoch [61/100] batch [385/391] loss 0.4155 lr 0.034549150281252675 acc 89.06% eta 0:23:39
2023-04-04 02:13:59,006 - __main__ - INFO - Computing epoch 61 validation accuracy...
2023-04-04 02:14:02,356 - __main__ - INFO - Computing epoch 61 validation loss...
2023-04-04 02:14:05,754 - __main__ - INFO - [INFO] 2023-04-04 02:14:05.754645 Epoch [62/100] batch [1/391] loss 0.3501 lr 0.03306310398773546 acc 89.06% eta 0:24:18
2023-04-04 02:14:18,606 - __main__ - INFO - [INFO] 2023-04-04 02:14:18.606402 Epoch [62/100] batch [129/391] loss 0.3052 lr 0.03306310398773546 acc 89.06% eta 0:22:51
2023-04-04 02:14:31,489 - __main__ - INFO - [INFO] 2023-04-04 02:14:31.489342 Epoch [62/100] batch [257/391] loss 0.3118 lr 0.03306310398773546 acc 92.19% eta 0:22:45
2023-04-04 02:14:44,092 - __main__ - INFO - [INFO] 2023-04-04 02:14:44.092735 Epoch [62/100] batch [385/391] loss 0.2842 lr 0.03306310398773546 acc 94.53% eta 0:22:29
2023-04-04 02:14:44,684 - __main__ - INFO - Computing epoch 62 validation accuracy...
2023-04-04 02:14:48,037 - __main__ - INFO - Computing epoch 62 validation loss...
2023-04-04 02:14:51,463 - __main__ - INFO - [INFO] 2023-04-04 02:14:51.463694 Epoch [63/100] batch [1/391] loss 0.5293 lr 0.031593772365766146 acc 85.94% eta 0:23:52
2023-04-04 02:15:04,369 - __main__ - INFO - [INFO] 2023-04-04 02:15:04.368863 Epoch [63/100] batch [129/391] loss 0.4033 lr 0.031593772365766146 acc 85.94% eta 0:22:36
2023-04-04 02:15:17,654 - __main__ - INFO - [INFO] 2023-04-04 02:15:17.654642 Epoch [63/100] batch [257/391] loss 0.2969 lr 0.031593772365766146 acc 86.72% eta 0:22:41
2023-04-04 02:15:30,696 - __main__ - INFO - [INFO] 2023-04-04 02:15:30.696059 Epoch [63/100] batch [385/391] loss 0.3552 lr 0.031593772365766146 acc 89.84% eta 0:22:24
2023-04-04 02:15:31,259 - __main__ - INFO - Computing epoch 63 validation accuracy...
2023-04-04 02:15:34,844 - __main__ - INFO - Computing epoch 63 validation loss...
2023-04-04 02:15:38,284 - __main__ - INFO - [INFO] 2023-04-04 02:15:38.284090 Epoch [64/100] batch [1/391] loss 0.3665 lr 0.030142605468260992 acc 89.84% eta 0:25:22
2023-04-04 02:15:51,265 - __main__ - INFO - [INFO] 2023-04-04 02:15:51.265283 Epoch [64/100] batch [129/391] loss 0.2805 lr 0.030142605468260992 acc 91.41% eta 0:22:06
2023-04-04 02:16:03,994 - __main__ - INFO - [INFO] 2023-04-04 02:16:03.994036 Epoch [64/100] batch [257/391] loss 0.3008 lr 0.030142605468260992 acc 89.06% eta 0:21:41
2023-04-04 02:16:16,956 - __main__ - INFO - [INFO] 2023-04-04 02:16:16.956050 Epoch [64/100] batch [385/391] loss 0.2847 lr 0.030142605468260992 acc 91.41% eta 0:21:35
2023-04-04 02:16:17,526 - __main__ - INFO - Computing epoch 64 validation accuracy...
2023-04-04 02:16:20,918 - __main__ - INFO - Computing epoch 64 validation loss...
2023-04-04 02:16:24,375 - __main__ - INFO - [INFO] 2023-04-04 02:16:24.375519 Epoch [65/100] batch [1/391] loss 0.2854 lr 0.028711035421746394 acc 90.62% eta 0:21:27
2023-04-04 02:16:37,424 - __main__ - INFO - [INFO] 2023-04-04 02:16:37.424271 Epoch [65/100] batch [129/391] loss 0.2313 lr 0.028711035421746394 acc 93.75% eta 0:21:30
2023-04-04 02:16:50,294 - __main__ - INFO - [INFO] 2023-04-04 02:16:50.294451 Epoch [65/100] batch [257/391] loss 0.2744 lr 0.028711035421746394 acc 92.97% eta 0:21:10
2023-04-04 02:17:03,324 - __main__ - INFO - [INFO] 2023-04-04 02:17:03.324737 Epoch [65/100] batch [385/391] loss 0.3464 lr 0.028711035421746394 acc 90.62% eta 0:21:00
2023-04-04 02:17:03,880 - __main__ - INFO - Computing epoch 65 validation accuracy...
2023-04-04 02:17:07,212 - __main__ - INFO - Computing epoch 65 validation loss...
2023-04-04 02:17:10,753 - __main__ - INFO - [INFO] 2023-04-04 02:17:10.753133 Epoch [66/100] batch [1/391] loss 0.2474 lr 0.027300475013022688 acc 91.41% eta 0:22:22
2023-04-04 02:17:23,789 - __main__ - INFO - [INFO] 2023-04-04 02:17:23.789325 Epoch [66/100] batch [129/391] loss 0.3237 lr 0.027300475013022688 acc 92.19% eta 0:20:54
2023-04-04 02:17:36,886 - __main__ - INFO - [INFO] 2023-04-04 02:17:36.886147 Epoch [66/100] batch [257/391] loss 0.2419 lr 0.027300475013022688 acc 94.53% eta 0:20:52
2023-04-04 02:17:49,518 - __main__ - INFO - [INFO] 2023-04-04 02:17:49.517826 Epoch [66/100] batch [385/391] loss 0.4048 lr 0.027300475013022688 acc 90.62% eta 0:20:26
2023-04-04 02:17:50,126 - __main__ - INFO - Computing epoch 66 validation accuracy...
2023-04-04 02:17:53,610 - __main__ - INFO - Computing epoch 66 validation loss...
2023-04-04 02:17:57,225 - __main__ - INFO - [INFO] 2023-04-04 02:17:57.225546 Epoch [67/100] batch [1/391] loss 0.3613 lr 0.025912316294914254 acc 91.41% eta 0:21:23
2023-04-04 02:18:10,441 - __main__ - INFO - [INFO] 2023-04-04 02:18:10.441372 Epoch [67/100] batch [129/391] loss 0.2084 lr 0.025912316294914254 acc 91.41% eta 0:20:40
2023-04-04 02:18:23,242 - __main__ - INFO - [INFO] 2023-04-04 02:18:23.242629 Epoch [67/100] batch [257/391] loss 0.1956 lr 0.025912316294914254 acc 93.75% eta 0:20:07
2023-04-04 02:18:36,024 - __main__ - INFO - [INFO] 2023-04-04 02:18:36.023855 Epoch [67/100] batch [385/391] loss 0.4204 lr 0.025912316294914254 acc 90.62% eta 0:19:49
2023-04-04 02:18:36,597 - __main__ - INFO - Computing epoch 67 validation accuracy...
2023-04-04 02:18:40,091 - __main__ - INFO - Computing epoch 67 validation loss...
2023-04-04 02:18:43,675 - __main__ - INFO - [INFO] 2023-04-04 02:18:43.674953 Epoch [68/100] batch [1/391] loss 0.2556 lr 0.02454792921248146 acc 92.97% eta 0:22:16
2023-04-04 02:18:56,582 - __main__ - INFO - [INFO] 2023-04-04 02:18:56.582645 Epoch [68/100] batch [129/391] loss 0.1810 lr 0.02454792921248146 acc 94.53% eta 0:19:25
2023-04-04 02:19:09,911 - __main__ - INFO - [INFO] 2023-04-04 02:19:09.911145 Epoch [68/100] batch [257/391] loss 0.2126 lr 0.02454792921248146 acc 94.53% eta 0:19:40
2023-04-04 02:19:22,400 - __main__ - INFO - [INFO] 2023-04-04 02:19:22.400190 Epoch [68/100] batch [385/391] loss 0.2869 lr 0.02454792921248146 acc 90.62% eta 0:19:11
2023-04-04 02:19:22,949 - __main__ - INFO - Computing epoch 68 validation accuracy...
2023-04-04 02:19:26,295 - __main__ - INFO - Computing epoch 68 validation loss...
2023-04-04 02:19:29,811 - __main__ - INFO - [INFO] 2023-04-04 02:19:29.811132 Epoch [69/100] batch [1/391] loss 0.2271 lr 0.02320866025105018 acc 96.09% eta 0:20:16
2023-04-04 02:19:42,624 - __main__ - INFO - [INFO] 2023-04-04 02:19:42.623617 Epoch [69/100] batch [129/391] loss 0.3535 lr 0.02320866025105018 acc 88.28% eta 0:18:51
2023-04-04 02:19:55,366 - __main__ - INFO - [INFO] 2023-04-04 02:19:55.366367 Epoch [69/100] batch [257/391] loss 0.3049 lr 0.02320866025105018 acc 91.41% eta 0:18:25
2023-04-04 02:20:08,055 - __main__ - INFO - [INFO] 2023-04-04 02:20:08.055543 Epoch [69/100] batch [385/391] loss 0.3074 lr 0.02320866025105018 acc 91.41% eta 0:18:17
2023-04-04 02:20:08,641 - __main__ - INFO - Computing epoch 69 validation accuracy...
2023-04-04 02:20:12,171 - __main__ - INFO - Computing epoch 69 validation loss...
2023-04-04 02:20:15,889 - __main__ - INFO - [INFO] 2023-04-04 02:20:15.889476 Epoch [70/100] batch [1/391] loss 0.1689 lr 0.021895831107393487 acc 96.09% eta 0:18:44
2023-04-04 02:20:29,196 - __main__ - INFO - [INFO] 2023-04-04 02:20:29.196652 Epoch [70/100] batch [129/391] loss 0.3931 lr 0.021895831107393487 acc 91.41% eta 0:18:56
2023-04-04 02:20:42,506 - __main__ - INFO - [INFO] 2023-04-04 02:20:42.506382 Epoch [70/100] batch [257/391] loss 0.2443 lr 0.021895831107393487 acc 95.31% eta 0:18:49
2023-04-04 02:20:55,713 - __main__ - INFO - [INFO] 2023-04-04 02:20:55.713070 Epoch [70/100] batch [385/391] loss 0.2527 lr 0.021895831107393487 acc 93.75% eta 0:18:39
2023-04-04 02:20:56,289 - __main__ - INFO - Computing epoch 70 validation accuracy...
2023-04-04 02:20:59,831 - __main__ - INFO - Computing epoch 70 validation loss...
2023-04-04 02:21:03,565 - __main__ - INFO - [INFO] 2023-04-04 02:21:03.565484 Epoch [71/100] batch [1/391] loss 0.3191 lr 0.02061073738537637 acc 93.75% eta 0:22:38
2023-04-04 02:21:16,670 - __main__ - INFO - [INFO] 2023-04-04 02:21:16.670527 Epoch [71/100] batch [129/391] loss 0.2471 lr 0.02061073738537637 acc 90.62% eta 0:18:29
2023-04-04 02:21:30,099 - __main__ - INFO - [INFO] 2023-04-04 02:21:30.099401 Epoch [71/100] batch [257/391] loss 0.3062 lr 0.02061073738537637 acc 93.75% eta 0:18:16
2023-04-04 02:21:43,540 - __main__ - INFO - [INFO] 2023-04-04 02:21:43.540506 Epoch [71/100] batch [385/391] loss 0.2698 lr 0.02061073738537637 acc 93.75% eta 0:18:03
2023-04-04 02:21:44,173 - __main__ - INFO - Computing epoch 71 validation accuracy...
2023-04-04 02:21:47,950 - __main__ - INFO - Computing epoch 71 validation loss...
2023-04-04 02:21:51,724 - __main__ - INFO - [INFO] 2023-04-04 02:21:51.724689 Epoch [72/100] batch [1/391] loss 0.2272 lr 0.01935464731735119 acc 93.75% eta 0:19:46
2023-04-04 02:22:05,400 - __main__ - INFO - [INFO] 2023-04-04 02:22:05.400091 Epoch [72/100] batch [129/391] loss 0.1689 lr 0.01935464731735119 acc 93.75% eta 0:18:13
2023-04-04 02:22:19,108 - __main__ - INFO - [INFO] 2023-04-04 02:22:19.107971 Epoch [72/100] batch [257/391] loss 0.2047 lr 0.01935464731735119 acc 95.31% eta 0:18:02
2023-04-04 02:22:32,572 - __main__ - INFO - [INFO] 2023-04-04 02:22:32.572327 Epoch [72/100] batch [385/391] loss 0.2495 lr 0.01935464731735119 acc 92.19% eta 0:17:42
2023-04-04 02:22:33,175 - __main__ - INFO - Computing epoch 72 validation accuracy...
2023-04-04 02:22:36,867 - __main__ - INFO - Computing epoch 72 validation loss...
2023-04-04 02:22:40,563 - __main__ - INFO - [INFO] 2023-04-04 02:22:40.563732 Epoch [73/100] batch [1/391] loss 0.1836 lr 0.018128800512565532 acc 92.97% eta 0:17:06
2023-04-04 02:22:54,085 - __main__ - INFO - [INFO] 2023-04-04 02:22:54.084888 Epoch [73/100] batch [129/391] loss 0.1799 lr 0.018128800512565532 acc 96.09% eta 0:17:28
2023-04-04 02:23:07,484 - __main__ - INFO - [INFO] 2023-04-04 02:23:07.483842 Epoch [73/100] batch [257/391] loss 0.1721 lr 0.018128800512565532 acc 97.66% eta 0:17:10
2023-04-04 02:23:21,273 - __main__ - INFO - [INFO] 2023-04-04 02:23:21.273200 Epoch [73/100] batch [385/391] loss 0.2783 lr 0.018128800512565532 acc 92.19% eta 0:17:04
2023-04-04 02:23:21,881 - __main__ - INFO - Computing epoch 73 validation accuracy...
2023-04-04 02:23:25,577 - __main__ - INFO - Computing epoch 73 validation loss...
2023-04-04 02:23:29,445 - __main__ - INFO - [INFO] 2023-04-04 02:23:29.445710 Epoch [74/100] batch [1/391] loss 0.1124 lr 0.016934406733817433 acc 96.09% eta 0:17:42
2023-04-04 02:23:42,859 - __main__ - INFO - [INFO] 2023-04-04 02:23:42.859532 Epoch [74/100] batch [129/391] loss 0.1803 lr 0.016934406733817433 acc 96.88% eta 0:16:36
2023-04-04 02:23:56,214 - __main__ - INFO - [INFO] 2023-04-04 02:23:56.214539 Epoch [74/100] batch [257/391] loss 0.1144 lr 0.016934406733817433 acc 96.88% eta 0:16:23
2023-04-04 02:24:09,738 - __main__ - INFO - [INFO] 2023-04-04 02:24:09.738114 Epoch [74/100] batch [385/391] loss 0.3484 lr 0.016934406733817433 acc 93.75% eta 0:16:16
2023-04-04 02:24:10,396 - __main__ - INFO - Computing epoch 74 validation accuracy...
2023-04-04 02:24:14,118 - __main__ - INFO - Computing epoch 74 validation loss...
2023-04-04 02:24:17,812 - __main__ - INFO - [INFO] 2023-04-04 02:24:17.812365 Epoch [75/100] batch [1/391] loss 0.2898 lr 0.01577264470356558 acc 92.19% eta 0:17:44
2023-04-04 02:24:30,828 - __main__ - INFO - [INFO] 2023-04-04 02:24:30.827948 Epoch [75/100] batch [129/391] loss 0.1019 lr 0.01577264470356558 acc 95.31% eta 0:15:31
2023-04-04 02:24:44,354 - __main__ - INFO - [INFO] 2023-04-04 02:24:44.354515 Epoch [75/100] batch [257/391] loss 0.2382 lr 0.01577264470356558 acc 94.53% eta 0:15:39
2023-04-04 02:24:57,936 - __main__ - INFO - [INFO] 2023-04-04 02:24:57.936186 Epoch [75/100] batch [385/391] loss 0.2625 lr 0.01577264470356558 acc 96.88% eta 0:15:33
2023-04-04 02:24:58,511 - __main__ - INFO - Computing epoch 75 validation accuracy...
2023-04-04 02:25:02,051 - __main__ - INFO - Computing epoch 75 validation loss...
2023-04-04 02:25:05,852 - __main__ - INFO - [INFO] 2023-04-04 02:25:05.852638 Epoch [76/100] batch [1/391] loss 0.1389 lr 0.014644660940672643 acc 96.88% eta 0:21:40
2023-04-04 02:25:18,994 - __main__ - INFO - [INFO] 2023-04-04 02:25:18.994484 Epoch [76/100] batch [129/391] loss 0.1810 lr 0.014644660940672643 acc 95.31% eta 0:15:06
2023-04-04 02:25:31,998 - __main__ - INFO - [INFO] 2023-04-04 02:25:31.998483 Epoch [76/100] batch [257/391] loss 0.1824 lr 0.014644660940672643 acc 96.88% eta 0:14:49
2023-04-04 02:25:44,987 - __main__ - INFO - [INFO] 2023-04-04 02:25:44.987720 Epoch [76/100] batch [385/391] loss 0.1425 lr 0.014644660940672643 acc 98.44% eta 0:14:36
2023-04-04 02:25:45,578 - __main__ - INFO - Computing epoch 76 validation accuracy...
2023-04-04 02:25:49,363 - __main__ - INFO - Computing epoch 76 validation loss...
2023-04-04 02:25:53,004 - __main__ - INFO - [INFO] 2023-04-04 02:25:53.004616 Epoch [77/100] batch [1/391] loss 0.2220 lr 0.013551568628929448 acc 92.97% eta 0:15:09
2023-04-04 02:26:06,149 - __main__ - INFO - [INFO] 2023-04-04 02:26:06.148904 Epoch [77/100] batch [129/391] loss 0.0920 lr 0.013551568628929448 acc 96.88% eta 0:14:27
2023-04-04 02:26:19,768 - __main__ - INFO - [INFO] 2023-04-04 02:26:19.768681 Epoch [77/100] batch [257/391] loss 0.1283 lr 0.013551568628929448 acc 98.44% eta 0:14:28
2023-04-04 02:26:33,033 - __main__ - INFO - [INFO] 2023-04-04 02:26:33.033066 Epoch [77/100] batch [385/391] loss 0.1459 lr 0.013551568628929448 acc 96.09% eta 0:14:16
2023-04-04 02:26:33,615 - __main__ - INFO - Computing epoch 77 validation accuracy...
2023-04-04 02:26:37,239 - __main__ - INFO - Computing epoch 77 validation loss...
2023-04-04 02:26:40,943 - __main__ - INFO - [INFO] 2023-04-04 02:26:40.943731 Epoch [78/100] batch [1/391] loss 0.1483 lr 0.012494446518477033 acc 96.88% eta 0:14:29
2023-04-04 02:26:54,342 - __main__ - INFO - [INFO] 2023-04-04 02:26:54.342461 Epoch [78/100] batch [129/391] loss 0.1674 lr 0.012494446518477033 acc 96.88% eta 0:14:06
2023-04-04 02:27:07,603 - __main__ - INFO - [INFO] 2023-04-04 02:27:07.603240 Epoch [78/100] batch [257/391] loss 0.2142 lr 0.012494446518477033 acc 96.09% eta 0:13:51
2023-04-04 02:27:21,133 - __main__ - INFO - [INFO] 2023-04-04 02:27:21.133648 Epoch [78/100] batch [385/391] loss 0.1700 lr 0.012494446518477033 acc 96.09% eta 0:13:43
2023-04-04 02:27:21,737 - __main__ - INFO - Computing epoch 78 validation accuracy...
2023-04-04 02:27:25,418 - __main__ - INFO - Computing epoch 78 validation loss...
2023-04-04 02:27:29,253 - __main__ - INFO - [INFO] 2023-04-04 02:27:29.253780 Epoch [79/100] batch [1/391] loss 0.2153 lr 0.011474337861210555 acc 96.09% eta 0:17:02
2023-04-04 02:27:42,672 - __main__ - INFO - [INFO] 2023-04-04 02:27:42.671873 Epoch [79/100] batch [129/391] loss 0.1581 lr 0.011474337861210555 acc 96.09% eta 0:13:31
2023-04-04 02:27:55,933 - __main__ - INFO - [INFO] 2023-04-04 02:27:55.932837 Epoch [79/100] batch [257/391] loss 0.1333 lr 0.011474337861210555 acc 96.09% eta 0:13:14
2023-04-04 02:28:09,252 - __main__ - INFO - [INFO] 2023-04-04 02:28:09.252373 Epoch [79/100] batch [385/391] loss 0.1180 lr 0.011474337861210555 acc 98.44% eta 0:13:00
2023-04-04 02:28:09,910 - __main__ - INFO - Computing epoch 79 validation accuracy...
2023-04-04 02:28:13,513 - __main__ - INFO - Computing epoch 79 validation loss...
2023-04-04 02:28:17,284 - __main__ - INFO - [INFO] 2023-04-04 02:28:17.284554 Epoch [80/100] batch [1/391] loss 0.0835 lr 0.01049224938121549 acc 99.22% eta 0:14:28
2023-04-04 02:28:30,815 - __main__ - INFO - [INFO] 2023-04-04 02:28:30.815012 Epoch [80/100] batch [129/391] loss 0.1121 lr 0.01049224938121549 acc 96.09% eta 0:13:05
2023-04-04 02:28:44,619 - __main__ - INFO - [INFO] 2023-04-04 02:28:44.619661 Epoch [80/100] batch [257/391] loss 0.1622 lr 0.01049224938121549 acc 95.31% eta 0:13:01
2023-04-04 02:28:58,301 - __main__ - INFO - [INFO] 2023-04-04 02:28:58.301761 Epoch [80/100] batch [385/391] loss 0.1357 lr 0.01049224938121549 acc 98.44% eta 0:12:47
2023-04-04 02:28:58,879 - __main__ - INFO - Computing epoch 80 validation accuracy...
2023-04-04 02:29:02,655 - __main__ - INFO - Computing epoch 80 validation loss...
2023-04-04 02:29:06,365 - __main__ - INFO - [INFO] 2023-04-04 02:29:06.365662 Epoch [81/100] batch [1/391] loss 0.1019 lr 0.009549150281252642 acc 97.66% eta 0:12:51
2023-04-04 02:29:20,188 - __main__ - INFO - [INFO] 2023-04-04 02:29:20.188667 Epoch [81/100] batch [129/391] loss 0.0413 lr 0.009549150281252642 acc 100.00% eta 0:12:38
2023-04-04 02:29:33,641 - __main__ - INFO - [INFO] 2023-04-04 02:29:33.640961 Epoch [81/100] batch [257/391] loss 0.1335 lr 0.009549150281252642 acc 98.44% eta 0:12:14
2023-04-04 02:29:46,974 - __main__ - INFO - [INFO] 2023-04-04 02:29:46.974003 Epoch [81/100] batch [385/391] loss 0.1736 lr 0.009549150281252642 acc 96.09% eta 0:11:56
2023-04-04 02:29:47,555 - __main__ - INFO - Computing epoch 81 validation accuracy...
2023-04-04 02:29:51,284 - __main__ - INFO - Computing epoch 81 validation loss...
2023-04-04 02:29:54,989 - __main__ - INFO - [INFO] 2023-04-04 02:29:54.989575 Epoch [82/100] batch [1/391] loss 0.1445 lr 0.008645971286271922 acc 95.31% eta 0:12:17
2023-04-04 02:30:08,267 - __main__ - INFO - [INFO] 2023-04-04 02:30:08.266893 Epoch [82/100] batch [129/391] loss 0.1156 lr 0.008645971286271922 acc 98.44% eta 0:11:36
2023-04-04 02:30:21,542 - __main__ - INFO - [INFO] 2023-04-04 02:30:21.542262 Epoch [82/100] batch [257/391] loss 0.0818 lr 0.008645971286271922 acc 99.22% eta 0:11:22
2023-04-04 02:30:34,898 - __main__ - INFO - [INFO] 2023-04-04 02:30:34.898232 Epoch [82/100] batch [385/391] loss 0.1057 lr 0.008645971286271922 acc 96.88% eta 0:11:10
2023-04-04 02:30:35,495 - __main__ - INFO - Computing epoch 82 validation accuracy...
2023-04-04 02:30:38,922 - __main__ - INFO - Computing epoch 82 validation loss...
2023-04-04 02:30:42,856 - __main__ - INFO - [INFO] 2023-04-04 02:30:42.856549 Epoch [83/100] batch [1/391] loss 0.0877 lr 0.007783603724899264 acc 99.22% eta 0:11:25
2023-04-04 02:30:56,128 - __main__ - INFO - [INFO] 2023-04-04 02:30:56.127914 Epoch [83/100] batch [129/391] loss 0.1353 lr 0.007783603724899264 acc 97.66% eta 0:10:52
2023-04-04 02:31:09,069 - __main__ - INFO - [INFO] 2023-04-04 02:31:09.069691 Epoch [83/100] batch [257/391] loss 0.1396 lr 0.007783603724899264 acc 96.88% eta 0:10:33
2023-04-04 02:31:22,530 - __main__ - INFO - [INFO] 2023-04-04 02:31:22.529906 Epoch [83/100] batch [385/391] loss 0.0626 lr 0.007783603724899264 acc 98.44% eta 0:10:27
2023-04-04 02:31:23,269 - __main__ - INFO - Computing epoch 83 validation accuracy...
2023-04-04 02:31:26,872 - __main__ - INFO - Computing epoch 83 validation loss...
2023-04-04 02:31:30,612 - __main__ - INFO - [INFO] 2023-04-04 02:31:30.611829 Epoch [84/100] batch [1/391] loss 0.0530 lr 0.006962898649802819 acc 99.22% eta 0:12:30
2023-04-04 02:31:44,223 - __main__ - INFO - [INFO] 2023-04-04 02:31:44.223767 Epoch [84/100] batch [129/391] loss 0.0580 lr 0.006962898649802819 acc 100.00% eta 0:10:37
2023-04-04 02:31:57,650 - __main__ - INFO - [INFO] 2023-04-04 02:31:57.650436 Epoch [84/100] batch [257/391] loss 0.1021 lr 0.006962898649802819 acc 100.00% eta 0:10:19
2023-04-04 02:32:11,017 - __main__ - INFO - [INFO] 2023-04-04 02:32:11.017545 Epoch [84/100] batch [385/391] loss 0.1195 lr 0.006962898649802819 acc 99.22% eta 0:10:04
2023-04-04 02:32:11,646 - __main__ - INFO - Computing epoch 84 validation accuracy...
2023-04-04 02:32:15,352 - __main__ - INFO - Computing epoch 84 validation loss...
2023-04-04 02:32:18,920 - __main__ - INFO - [INFO] 2023-04-04 02:32:18.920091 Epoch [85/100] batch [1/391] loss 0.0892 lr 0.0061846659978068265 acc 96.88% eta 0:09:55
2023-04-04 02:32:32,082 - __main__ - INFO - [INFO] 2023-04-04 02:32:32.081964 Epoch [85/100] batch [129/391] loss 0.1528 lr 0.0061846659978068265 acc 96.88% eta 0:09:33
2023-04-04 02:32:45,541 - __main__ - INFO - [INFO] 2023-04-04 02:32:45.541145 Epoch [85/100] batch [257/391] loss 0.0734 lr 0.0061846659978068265 acc 98.44% eta 0:09:29
2023-04-04 02:32:58,861 - __main__ - INFO - [INFO] 2023-04-04 02:32:58.861076 Epoch [85/100] batch [385/391] loss 0.0952 lr 0.0061846659978068265 acc 99.22% eta 0:09:18
2023-04-04 02:32:59,480 - __main__ - INFO - Computing epoch 85 validation accuracy...
2023-04-04 02:33:03,044 - __main__ - INFO - Computing epoch 85 validation loss...
2023-04-04 02:33:06,714 - __main__ - INFO - [INFO] 2023-04-04 02:33:06.713876 Epoch [86/100] batch [1/391] loss 0.1681 lr 0.005449673790581615 acc 99.22% eta 0:10:10
2023-04-04 02:33:20,068 - __main__ - INFO - [INFO] 2023-04-04 02:33:20.068250 Epoch [86/100] batch [129/391] loss 0.0392 lr 0.005449673790581615 acc 99.22% eta 0:09:06
2023-04-04 02:33:33,233 - __main__ - INFO - [INFO] 2023-04-04 02:33:33.233118 Epoch [86/100] batch [257/391] loss 0.0491 lr 0.005449673790581615 acc 99.22% eta 0:08:49
2023-04-04 02:33:46,501 - __main__ - INFO - [INFO] 2023-04-04 02:33:46.501638 Epoch [86/100] batch [385/391] loss 0.0663 lr 0.005449673790581615 acc 100.00% eta 0:08:37
2023-04-04 02:33:47,090 - __main__ - INFO - Computing epoch 86 validation accuracy...
2023-04-04 02:33:50,749 - __main__ - INFO - Computing epoch 86 validation loss...
2023-04-04 02:33:54,352 - __main__ - INFO - [INFO] 2023-04-04 02:33:54.352302 Epoch [87/100] batch [1/391] loss 0.1718 lr 0.004758647376699036 acc 98.44% eta 0:09:16
2023-04-04 02:34:07,561 - __main__ - INFO - [INFO] 2023-04-04 02:34:07.561588 Epoch [87/100] batch [129/391] loss 0.0661 lr 0.004758647376699036 acc 99.22% eta 0:08:24
2023-04-04 02:34:20,930 - __main__ - INFO - [INFO] 2023-04-04 02:34:20.930009 Epoch [87/100] batch [257/391] loss 0.0461 lr 0.004758647376699036 acc 99.22% eta 0:08:13
2023-04-04 02:34:34,175 - __main__ - INFO - [INFO] 2023-04-04 02:34:34.175428 Epoch [87/100] batch [385/391] loss 0.0751 lr 0.004758647376699036 acc 100.00% eta 0:08:02
2023-04-04 02:34:34,755 - __main__ - INFO - Computing epoch 87 validation accuracy...
2023-04-04 02:34:38,262 - __main__ - INFO - Computing epoch 87 validation loss...
2023-04-04 02:34:41,871 - __main__ - INFO - [INFO] 2023-04-04 02:34:41.871370 Epoch [88/100] batch [1/391] loss 0.2517 lr 0.004112268715800957 acc 100.00% eta 0:09:28
2023-04-04 02:34:55,080 - __main__ - INFO - [INFO] 2023-04-04 02:34:55.079854 Epoch [88/100] batch [129/391] loss 0.0779 lr 0.004112268715800957 acc 98.44% eta 0:07:46
2023-04-04 02:35:08,497 - __main__ - INFO - [INFO] 2023-04-04 02:35:08.497188 Epoch [88/100] batch [257/391] loss 0.0465 lr 0.004112268715800957 acc 99.22% eta 0:07:37
2023-04-04 02:35:21,975 - __main__ - INFO - [INFO] 2023-04-04 02:35:21.975489 Epoch [88/100] batch [385/391] loss 0.0163 lr 0.004112268715800957 acc 99.22% eta 0:07:27
2023-04-04 02:35:22,625 - __main__ - INFO - Computing epoch 88 validation accuracy...
2023-04-04 02:35:26,400 - __main__ - INFO - Computing epoch 88 validation loss...
2023-04-04 02:35:30,078 - __main__ - INFO - [INFO] 2023-04-04 02:35:30.078737 Epoch [89/100] batch [1/391] loss 0.0284 lr 0.003511175705587435 acc 100.00% eta 0:07:24
2023-04-04 02:35:43,337 - __main__ - INFO - [INFO] 2023-04-04 02:35:43.336801 Epoch [89/100] batch [129/391] loss 0.0679 lr 0.003511175705587435 acc 97.66% eta 0:07:10
2023-04-04 02:35:56,748 - __main__ - INFO - [INFO] 2023-04-04 02:35:56.748043 Epoch [89/100] batch [257/391] loss 0.0586 lr 0.003511175705587435 acc 99.22% eta 0:07:03
2023-04-04 02:36:10,247 - __main__ - INFO - [INFO] 2023-04-04 02:36:10.246937 Epoch [89/100] batch [385/391] loss 0.0151 lr 0.003511175705587435 acc 100.00% eta 0:06:51
2023-04-04 02:36:10,830 - __main__ - INFO - Computing epoch 89 validation accuracy...
2023-04-04 02:36:14,337 - __main__ - INFO - Computing epoch 89 validation loss...
2023-04-04 02:36:17,943 - __main__ - INFO - [INFO] 2023-04-04 02:36:17.942969 Epoch [90/100] batch [1/391] loss 0.1364 lr 0.0029559615522887295 acc 99.22% eta 0:07:11
2023-04-04 02:36:30,949 - __main__ - INFO - [INFO] 2023-04-04 02:36:30.949647 Epoch [90/100] batch [129/391] loss 0.0410 lr 0.0029559615522887295 acc 100.00% eta 0:06:26
2023-04-04 02:36:44,674 - __main__ - INFO - [INFO] 2023-04-04 02:36:44.674556 Epoch [90/100] batch [257/391] loss 0.0356 lr 0.0029559615522887295 acc 99.22% eta 0:06:26
2023-04-04 02:36:58,017 - __main__ - INFO - [INFO] 2023-04-04 02:36:58.017592 Epoch [90/100] batch [385/391] loss 0.0376 lr 0.0029559615522887295 acc 100.00% eta 0:06:13
2023-04-04 02:36:58,656 - __main__ - INFO - Computing epoch 90 validation accuracy...
2023-04-04 02:37:02,255 - __main__ - INFO - Computing epoch 90 validation loss...
2023-04-04 02:37:06,004 - __main__ - INFO - [INFO] 2023-04-04 02:37:06.004293 Epoch [91/100] batch [1/391] loss 0.0600 lr 0.0024471741852423253 acc 98.44% eta 0:06:28
2023-04-04 02:37:19,808 - __main__ - INFO - [INFO] 2023-04-04 02:37:19.807970 Epoch [91/100] batch [129/391] loss 0.0097 lr 0.0024471741852423253 acc 99.22% eta 0:06:14
2023-04-04 02:37:33,122 - __main__ - INFO - [INFO] 2023-04-04 02:37:33.121883 Epoch [91/100] batch [257/391] loss 0.1047 lr 0.0024471741852423253 acc 97.66% eta 0:05:54
2023-04-04 02:37:46,330 - __main__ - INFO - [INFO] 2023-04-04 02:37:46.330442 Epoch [91/100] batch [385/391] loss 0.0648 lr 0.0024471741852423253 acc 98.44% eta 0:05:37
2023-04-04 02:37:46,992 - __main__ - INFO - Computing epoch 91 validation accuracy...
2023-04-04 02:37:50,557 - __main__ - INFO - Computing epoch 91 validation loss...
2023-04-04 02:37:54,329 - __main__ - INFO - [INFO] 2023-04-04 02:37:54.329791 Epoch [92/100] batch [1/391] loss 0.0311 lr 0.0019853157161528537 acc 100.00% eta 0:05:50
2023-04-04 02:38:07,790 - __main__ - INFO - [INFO] 2023-04-04 02:38:07.789979 Epoch [92/100] batch [129/391] loss 0.0710 lr 0.0019853157161528537 acc 99.22% eta 0:05:24
2023-04-04 02:38:21,220 - __main__ - INFO - [INFO] 2023-04-04 02:38:21.220220 Epoch [92/100] batch [257/391] loss 0.0222 lr 0.0019853157161528537 acc 99.22% eta 0:05:12
2023-04-04 02:38:34,362 - __main__ - INFO - [INFO] 2023-04-04 02:38:34.362457 Epoch [92/100] batch [385/391] loss 0.0665 lr 0.0019853157161528537 acc 98.44% eta 0:04:57
2023-04-04 02:38:34,968 - __main__ - INFO - Computing epoch 92 validation accuracy...
2023-04-04 02:38:38,473 - __main__ - INFO - Computing epoch 92 validation loss...
2023-04-04 02:38:42,124 - __main__ - INFO - [INFO] 2023-04-04 02:38:42.124729 Epoch [93/100] batch [1/391] loss 0.0578 lr 0.0015708419435684529 acc 100.00% eta 0:06:14
2023-04-04 02:38:55,007 - __main__ - INFO - [INFO] 2023-04-04 02:38:55.007470 Epoch [93/100] batch [129/391] loss 0.0300 lr 0.0015708419435684529 acc 100.00% eta 0:04:39
2023-04-04 02:39:08,318 - __main__ - INFO - [INFO] 2023-04-04 02:39:08.317821 Epoch [93/100] batch [257/391] loss 0.0271 lr 0.0015708419435684529 acc 100.00% eta 0:04:28
2023-04-04 02:39:21,533 - __main__ - INFO - [INFO] 2023-04-04 02:39:21.532915 Epoch [93/100] batch [385/391] loss 0.1133 lr 0.0015708419435684529 acc 96.88% eta 0:04:17
2023-04-04 02:39:22,145 - __main__ - INFO - Computing epoch 93 validation accuracy...
2023-04-04 02:39:25,759 - __main__ - INFO - Computing epoch 93 validation loss...
2023-04-04 02:39:29,355 - __main__ - INFO - [INFO] 2023-04-04 02:39:29.355152 Epoch [94/100] batch [1/391] loss 0.0505 lr 0.0012041619030626347 acc 97.66% eta 0:04:46
2023-04-04 02:39:42,518 - __main__ - INFO - [INFO] 2023-04-04 02:39:42.518574 Epoch [94/100] batch [129/391] loss 0.0847 lr 0.0012041619030626347 acc 98.44% eta 0:04:03
2023-04-04 02:39:55,751 - __main__ - INFO - [INFO] 2023-04-04 02:39:55.750952 Epoch [94/100] batch [257/391] loss 0.0130 lr 0.0012041619030626347 acc 99.22% eta 0:03:52
2023-04-04 02:40:08,966 - __main__ - INFO - [INFO] 2023-04-04 02:40:08.966516 Epoch [94/100] batch [385/391] loss 0.0265 lr 0.0012041619030626347 acc 98.44% eta 0:03:40
2023-04-04 02:40:09,582 - __main__ - INFO - Computing epoch 94 validation accuracy...
2023-04-04 02:40:13,119 - __main__ - INFO - Computing epoch 94 validation loss...
2023-04-04 02:40:16,760 - __main__ - INFO - [INFO] 2023-04-04 02:40:16.759947 Epoch [95/100] batch [1/391] loss 0.0050 lr 0.0008856374635655646 acc 100.00% eta 0:03:58
2023-04-04 02:40:30,014 - __main__ - INFO - [INFO] 2023-04-04 02:40:30.014481 Epoch [95/100] batch [129/391] loss 0.0148 lr 0.0008856374635655646 acc 100.00% eta 0:03:30
2023-04-04 02:40:43,733 - __main__ - INFO - [INFO] 2023-04-04 02:40:43.733224 Epoch [95/100] batch [257/391] loss 0.0162 lr 0.0008856374635655646 acc 100.00% eta 0:03:20
2023-04-04 02:40:57,199 - __main__ - INFO - [INFO] 2023-04-04 02:40:57.199429 Epoch [95/100] batch [385/391] loss 0.0107 lr 0.0008856374635655646 acc 100.00% eta 0:03:08
2023-04-04 02:40:57,814 - __main__ - INFO - Computing epoch 95 validation accuracy...
2023-04-04 02:41:01,422 - __main__ - INFO - Computing epoch 95 validation loss...
2023-04-04 02:41:05,012 - __main__ - INFO - [INFO] 2023-04-04 02:41:05.012111 Epoch [96/100] batch [1/391] loss 0.0600 lr 0.0006155829702431174 acc 99.22% eta 0:03:11
2023-04-04 02:41:18,406 - __main__ - INFO - [INFO] 2023-04-04 02:41:18.406114 Epoch [96/100] batch [129/391] loss 0.0321 lr 0.0006155829702431174 acc 99.22% eta 0:02:55
2023-04-04 02:41:31,295 - __main__ - INFO - [INFO] 2023-04-04 02:41:31.295674 Epoch [96/100] batch [257/391] loss 0.0090 lr 0.0006155829702431174 acc 100.00% eta 0:02:39
2023-04-04 02:41:44,340 - __main__ - INFO - [INFO] 2023-04-04 02:41:44.340791 Epoch [96/100] batch [385/391] loss 0.0090 lr 0.0006155829702431174 acc 100.00% eta 0:02:27
2023-04-04 02:41:44,926 - __main__ - INFO - Computing epoch 96 validation accuracy...
2023-04-04 02:41:48,646 - __main__ - INFO - Computing epoch 96 validation loss...
2023-04-04 02:41:52,398 - __main__ - INFO - [INFO] 2023-04-04 02:41:52.398516 Epoch [97/100] batch [1/391] loss 0.1144 lr 0.00039426493427611206 acc 100.00% eta 0:02:37
2023-04-04 02:42:05,632 - __main__ - INFO - [INFO] 2023-04-04 02:42:05.632480 Epoch [97/100] batch [129/391] loss 0.0099 lr 0.00039426493427611206 acc 100.00% eta 0:02:16
2023-04-04 02:42:18,859 - __main__ - INFO - [INFO] 2023-04-04 02:42:18.859168 Epoch [97/100] batch [257/391] loss 0.0329 lr 0.00039426493427611206 acc 99.22% eta 0:02:03
2023-04-04 02:42:32,437 - __main__ - INFO - [INFO] 2023-04-04 02:42:32.437585 Epoch [97/100] batch [385/391] loss 0.0122 lr 0.00039426493427611206 acc 100.00% eta 0:01:52
2023-04-04 02:42:33,060 - __main__ - INFO - Computing epoch 97 validation accuracy...
2023-04-04 02:42:36,723 - __main__ - INFO - Computing epoch 97 validation loss...
2023-04-04 02:42:40,349 - __main__ - INFO - [INFO] 2023-04-04 02:42:40.349324 Epoch [98/100] batch [1/391] loss 0.1109 lr 0.00022190176984600036 acc 97.66% eta 0:01:56
2023-04-04 02:42:54,311 - __main__ - INFO - [INFO] 2023-04-04 02:42:54.311031 Epoch [98/100] batch [129/391] loss 0.0860 lr 0.00022190176984600036 acc 97.66% eta 0:01:44
2023-04-04 02:43:07,667 - __main__ - INFO - [INFO] 2023-04-04 02:43:07.667174 Epoch [98/100] batch [257/391] loss 0.0071 lr 0.00022190176984600036 acc 100.00% eta 0:01:29
2023-04-04 02:43:21,034 - __main__ - INFO - [INFO] 2023-04-04 02:43:21.034472 Epoch [98/100] batch [385/391] loss 0.0141 lr 0.00022190176984600036 acc 100.00% eta 0:01:16
2023-04-04 02:43:21,633 - __main__ - INFO - Computing epoch 98 validation accuracy...
2023-04-04 02:43:25,401 - __main__ - INFO - Computing epoch 98 validation loss...
2023-04-04 02:43:29,143 - __main__ - INFO - [INFO] 2023-04-04 02:43:29.143760 Epoch [99/100] batch [1/391] loss 0.0579 lr 9.866357858642213e-05 acc 98.44% eta 0:01:19
2023-04-04 02:43:42,285 - __main__ - INFO - [INFO] 2023-04-04 02:43:42.285157 Epoch [99/100] batch [129/391] loss 0.0056 lr 9.866357858642213e-05 acc 100.00% eta 0:01:01
2023-04-04 02:43:55,397 - __main__ - INFO - [INFO] 2023-04-04 02:43:55.397044 Epoch [99/100] batch [257/391] loss 0.0554 lr 9.866357858642213e-05 acc 98.44% eta 0:00:49
2023-04-04 02:44:09,276 - __main__ - INFO - [INFO] 2023-04-04 02:44:09.276610 Epoch [99/100] batch [385/391] loss 0.0062 lr 9.866357858642213e-05 acc 100.00% eta 0:00:37
2023-04-04 02:44:09,979 - __main__ - INFO - Computing epoch 99 validation accuracy...
2023-04-04 02:44:13,731 - __main__ - INFO - Computing epoch 99 validation loss...
2023-04-04 02:44:17,428 - __main__ - INFO - [INFO] 2023-04-04 02:44:17.428672 Epoch [100/100] batch [1/391] loss 0.0685 lr 2.4671981713420017e-05 acc 99.22% eta 0:00:37
2023-04-04 02:44:30,697 - __main__ - INFO - [INFO] 2023-04-04 02:44:30.697014 Epoch [100/100] batch [129/391] loss 0.0407 lr 2.4671981713420017e-05 acc 99.22% eta 0:00:24
2023-04-04 02:44:44,809 - __main__ - INFO - [INFO] 2023-04-04 02:44:44.809230 Epoch [100/100] batch [257/391] loss 0.0284 lr 2.4671981713420017e-05 acc 99.22% eta 0:00:13
2023-04-04 02:44:58,042 - __main__ - INFO - [INFO] 2023-04-04 02:44:58.041918 Epoch [100/100] batch [385/391] loss 0.0167 lr 2.4671981713420017e-05 acc 100.00% eta 0:00:00
2023-04-04 02:44:58,720 - __main__ - INFO - Computing epoch 100 validation accuracy...
2023-04-04 02:45:02,260 - __main__ - INFO - Computing epoch 100 validation loss...
2023-04-04 02:45:06,215 - __main__ - INFO - Reading testing data set cifar10
2023-04-04 02:45:06,989 - __main__ - INFO - Loading trained model...
2023-04-04 02:45:11,525 - __main__ - INFO - Testing acc : 93.46%.
