2023-04-04 23:43:24,508 - __main__ - INFO - 

2023-04-04 23:43:24,509 - __main__ - INFO - ***************
2023-04-04 23:43:24,509 - __main__ - INFO - ** Arguments **
2023-04-04 23:43:24,509 - __main__ - INFO - ***************
2023-04-04 23:43:24,509 - __main__ - INFO - backbone: resnet20
2023-04-04 23:43:24,509 - __main__ - INFO - dataname: cifar100
2023-04-04 23:43:24,509 - __main__ - INFO - drop_method: no
2023-04-04 23:43:24,509 - __main__ - INFO - drop_rate: 0.0
2023-04-04 23:43:24,509 - __main__ - INFO - eval_only: 0
2023-04-04 23:43:24,509 - __main__ - INFO - output_path: checkpoints/cifar100/resnet20/drop_no/rate_0./seed1
2023-04-04 23:43:24,509 - __main__ - INFO - part_rate: 0.1
2023-04-04 23:43:24,509 - __main__ - INFO - seed: 1
2023-04-04 23:43:24,509 - __main__ - INFO - weight_decay: 0.0005
2023-04-04 23:43:24,509 - __main__ - INFO - ************
2023-04-04 23:43:24,509 - __main__ - INFO - ** Config **
2023-04-04 23:43:24,509 - __main__ - INFO - ************
2023-04-04 23:43:24,509 - __main__ - INFO - {'DATALOADER': {'PATH': './data', 'DATANAME': 'cifar100', 'BATCH_SIZE': 128, 'NUM_CLASSES': 100}, 'INPUT': {'SIZE': [32, 32], 'PIXEL_MEAN': [0.4914, 0.4822, 0.4465], 'PIXEL_STD': [0.2023, 0.1994, 0.201]}, 'OUTPUT': {'DIR': 'checkpoints/cifar100/resnet20/drop_no/rate_0./seed1'}, 'SEED': 1, 'OPTIM': {'LR': 0.1, 'MAX_EPOCH': 100, 'LR_SCHEDULER': 'step', 'LR_MILESTONES': [20, 40, 80, 120, 140], 'LR_DECAY': 0.2, 'PART_RATE': 0.1, 'WEIGHT_DECAY': 0.0005, 'DROP_RATE': 0.0, 'DROP_METHOD': 'no', 'BLOCK_SIZE': 7}, 'MODEL': {'BACKBONE': 'resnet20'}}
2023-04-04 23:43:24,531 - __main__ - INFO - Reading training data set cifar100
2023-04-04 23:43:26,593 - __main__ - INFO - Loading raw model
2023-04-04 23:43:29,032 - __main__ - INFO - 
Saving everything to checkpoints/cifar100/resnet20/drop_no/rate_0./seed1
2023-04-04 23:43:29,033 - __main__ - INFO - Start training...
2023-04-04 23:43:33,081 - __main__ - INFO - [INFO] 2023-04-04 23:43:33.081413 Epoch [1/100] batch [1/391] loss 6.2773 lr 0.1 acc 0.78% eta 1 day, 19:44:46
2023-04-04 23:43:44,767 - __main__ - INFO - [INFO] 2023-04-04 23:43:44.767797 Epoch [1/100] batch [129/391] loss 4.2891 lr 0.1 acc 3.12% eta 1:15:03
2023-04-04 23:43:56,771 - __main__ - INFO - [INFO] 2023-04-04 23:43:56.770982 Epoch [1/100] batch [257/391] loss 3.7930 lr 0.1 acc 9.38% eta 1:05:41
2023-04-04 23:44:08,898 - __main__ - INFO - [INFO] 2023-04-04 23:44:08.898403 Epoch [1/100] batch [385/391] loss 3.4863 lr 0.1 acc 17.97% eta 1:02:35
2023-04-04 23:44:09,527 - __main__ - INFO - Computing epoch 1 validation accuracy...
2023-04-04 23:44:12,907 - __main__ - INFO - Computing epoch 1 validation loss...
2023-04-04 23:44:16,422 - __main__ - INFO - [INFO] 2023-04-04 23:44:16.422008 Epoch [2/100] batch [1/391] loss 3.6113 lr 0.09997532801828658 acc 15.62% eta 0:58:47
2023-04-04 23:44:28,547 - __main__ - INFO - [INFO] 2023-04-04 23:44:28.547782 Epoch [2/100] batch [129/391] loss 3.6406 lr 0.09997532801828658 acc 12.50% eta 0:56:48
2023-04-04 23:44:40,702 - __main__ - INFO - [INFO] 2023-04-04 23:44:40.701947 Epoch [2/100] batch [257/391] loss 3.3672 lr 0.09997532801828658 acc 14.84% eta 0:56:36
2023-04-04 23:44:52,846 - __main__ - INFO - [INFO] 2023-04-04 23:44:52.846756 Epoch [2/100] batch [385/391] loss 3.1523 lr 0.09997532801828658 acc 25.78% eta 0:56:24
2023-04-04 23:44:53,369 - __main__ - INFO - Computing epoch 2 validation accuracy...
2023-04-04 23:44:56,521 - __main__ - INFO - Computing epoch 2 validation loss...
2023-04-04 23:44:59,886 - __main__ - INFO - [INFO] 2023-04-04 23:44:59.886565 Epoch [3/100] batch [1/391] loss 3.2051 lr 0.09990133642141358 acc 21.88% eta 0:59:13
2023-04-04 23:45:11,669 - __main__ - INFO - [INFO] 2023-04-04 23:45:11.668977 Epoch [3/100] batch [129/391] loss 3.3477 lr 0.09990133642141358 acc 20.31% eta 0:54:38
2023-04-04 23:45:23,516 - __main__ - INFO - [INFO] 2023-04-04 23:45:23.516075 Epoch [3/100] batch [257/391] loss 2.9766 lr 0.09990133642141358 acc 26.56% eta 0:54:34
2023-04-04 23:45:35,503 - __main__ - INFO - [INFO] 2023-04-04 23:45:35.502869 Epoch [3/100] batch [385/391] loss 2.9902 lr 0.09990133642141358 acc 31.25% eta 0:54:37
2023-04-04 23:45:36,076 - __main__ - INFO - Computing epoch 3 validation accuracy...
2023-04-04 23:45:39,361 - __main__ - INFO - Computing epoch 3 validation loss...
2023-04-04 23:45:42,730 - __main__ - INFO - [INFO] 2023-04-04 23:45:42.730010 Epoch [4/100] batch [1/391] loss 2.8867 lr 0.099778098230154 acc 18.75% eta 0:55:58
2023-04-04 23:45:54,948 - __main__ - INFO - [INFO] 2023-04-04 23:45:54.948793 Epoch [4/100] batch [129/391] loss 3.0684 lr 0.099778098230154 acc 20.31% eta 0:55:56
2023-04-04 23:46:07,015 - __main__ - INFO - [INFO] 2023-04-04 23:46:07.014836 Epoch [4/100] batch [257/391] loss 2.7324 lr 0.099778098230154 acc 33.59% eta 0:55:28
2023-04-04 23:46:19,062 - __main__ - INFO - [INFO] 2023-04-04 23:46:19.062440 Epoch [4/100] batch [385/391] loss 2.5078 lr 0.099778098230154 acc 31.25% eta 0:55:03
2023-04-04 23:46:19,587 - __main__ - INFO - Computing epoch 4 validation accuracy...
2023-04-04 23:46:22,838 - __main__ - INFO - Computing epoch 4 validation loss...
2023-04-04 23:46:26,296 - __main__ - INFO - [INFO] 2023-04-04 23:46:26.296274 Epoch [5/100] batch [1/391] loss 2.8379 lr 0.0996057350657239 acc 21.09% eta 0:59:19
2023-04-04 23:46:38,408 - __main__ - INFO - [INFO] 2023-04-04 23:46:38.408251 Epoch [5/100] batch [129/391] loss 2.3613 lr 0.0996057350657239 acc 31.25% eta 0:54:52
2023-04-04 23:46:50,175 - __main__ - INFO - [INFO] 2023-04-04 23:46:50.175554 Epoch [5/100] batch [257/391] loss 2.8105 lr 0.0996057350657239 acc 22.66% eta 0:53:56
2023-04-04 23:47:02,000 - __main__ - INFO - [INFO] 2023-04-04 23:47:02.000163 Epoch [5/100] batch [385/391] loss 2.6602 lr 0.0996057350657239 acc 32.81% eta 0:53:36
2023-04-04 23:47:02,520 - __main__ - INFO - Computing epoch 5 validation accuracy...
2023-04-04 23:47:05,762 - __main__ - INFO - Computing epoch 5 validation loss...
2023-04-04 23:47:09,198 - __main__ - INFO - [INFO] 2023-04-04 23:47:09.197983 Epoch [6/100] batch [1/391] loss 2.5391 lr 0.09938441702975688 acc 30.47% eta 0:58:38
2023-04-04 23:47:21,131 - __main__ - INFO - [INFO] 2023-04-04 23:47:21.130828 Epoch [6/100] batch [129/391] loss 2.5215 lr 0.09938441702975688 acc 32.03% eta 0:53:33
2023-04-04 23:47:33,101 - __main__ - INFO - [INFO] 2023-04-04 23:47:33.101168 Epoch [6/100] batch [257/391] loss 2.5352 lr 0.09938441702975688 acc 34.38% eta 0:53:24
2023-04-04 23:47:45,085 - __main__ - INFO - [INFO] 2023-04-04 23:47:45.085301 Epoch [6/100] batch [385/391] loss 2.3594 lr 0.09938441702975688 acc 35.94% eta 0:53:18
2023-04-04 23:47:45,618 - __main__ - INFO - Computing epoch 6 validation accuracy...
2023-04-04 23:47:48,901 - __main__ - INFO - Computing epoch 6 validation loss...
2023-04-04 23:47:52,321 - __main__ - INFO - [INFO] 2023-04-04 23:47:52.321325 Epoch [7/100] batch [1/391] loss 2.3047 lr 0.09911436253643444 acc 38.28% eta 0:58:56
2023-04-04 23:48:04,478 - __main__ - INFO - [INFO] 2023-04-04 23:48:04.478617 Epoch [7/100] batch [129/391] loss 2.5723 lr 0.09911436253643444 acc 32.03% eta 0:53:51
2023-04-04 23:48:16,779 - __main__ - INFO - [INFO] 2023-04-04 23:48:16.779797 Epoch [7/100] batch [257/391] loss 2.6152 lr 0.09911436253643444 acc 29.69% eta 0:53:59
2023-04-04 23:48:29,204 - __main__ - INFO - [INFO] 2023-04-04 23:48:29.204343 Epoch [7/100] batch [385/391] loss 2.1191 lr 0.09911436253643444 acc 30.47% eta 0:54:03
2023-04-04 23:48:29,769 - __main__ - INFO - Computing epoch 7 validation accuracy...
2023-04-04 23:48:33,132 - __main__ - INFO - Computing epoch 7 validation loss...
2023-04-04 23:48:36,631 - __main__ - INFO - [INFO] 2023-04-04 23:48:36.631011 Epoch [8/100] batch [1/391] loss 2.1328 lr 0.09879583809693737 acc 35.16% eta 0:59:52
2023-04-04 23:48:49,140 - __main__ - INFO - [INFO] 2023-04-04 23:48:49.140018 Epoch [8/100] batch [129/391] loss 2.3652 lr 0.09879583809693737 acc 34.38% eta 0:54:50
2023-04-04 23:49:01,480 - __main__ - INFO - [INFO] 2023-04-04 23:49:01.480327 Epoch [8/100] batch [257/391] loss 2.0273 lr 0.09879583809693737 acc 42.97% eta 0:54:14
2023-04-04 23:49:14,021 - __main__ - INFO - [INFO] 2023-04-04 23:49:14.020823 Epoch [8/100] batch [385/391] loss 2.1562 lr 0.09879583809693737 acc 37.50% eta 0:54:09
2023-04-04 23:49:14,666 - __main__ - INFO - Computing epoch 8 validation accuracy...
2023-04-04 23:49:18,396 - __main__ - INFO - Computing epoch 8 validation loss...
2023-04-04 23:49:21,915 - __main__ - INFO - [INFO] 2023-04-04 23:49:21.915067 Epoch [9/100] batch [1/391] loss 2.1660 lr 0.09842915805643156 acc 41.41% eta 0:56:28
2023-04-04 23:49:34,147 - __main__ - INFO - [INFO] 2023-04-04 23:49:34.147639 Epoch [9/100] batch [129/391] loss 2.1211 lr 0.09842915805643156 acc 43.75% eta 0:53:05
2023-04-04 23:49:46,591 - __main__ - INFO - [INFO] 2023-04-04 23:49:46.591345 Epoch [9/100] batch [257/391] loss 2.0859 lr 0.09842915805643156 acc 43.75% eta 0:53:16
2023-04-04 23:49:59,269 - __main__ - INFO - [INFO] 2023-04-04 23:49:59.269628 Epoch [9/100] batch [385/391] loss 2.2637 lr 0.09842915805643156 acc 35.94% eta 0:53:32
2023-04-04 23:49:59,835 - __main__ - INFO - Computing epoch 9 validation accuracy...
2023-04-04 23:50:03,331 - __main__ - INFO - Computing epoch 9 validation loss...
2023-04-04 23:50:06,804 - __main__ - INFO - [INFO] 2023-04-04 23:50:06.802702 Epoch [10/100] batch [1/391] loss 1.9385 lr 0.09801468428384716 acc 45.31% eta 1:17:51
2023-04-04 23:50:18,753 - __main__ - INFO - [INFO] 2023-04-04 23:50:18.753762 Epoch [10/100] batch [129/391] loss 2.3066 lr 0.09801468428384716 acc 32.81% eta 0:51:26
2023-04-04 23:50:30,340 - __main__ - INFO - [INFO] 2023-04-04 23:50:30.339962 Epoch [10/100] batch [257/391] loss 1.9590 lr 0.09801468428384716 acc 42.19% eta 0:50:22
2023-04-04 23:50:42,342 - __main__ - INFO - [INFO] 2023-04-04 23:50:42.342325 Epoch [10/100] batch [385/391] loss 2.2324 lr 0.09801468428384716 acc 43.75% eta 0:50:24
2023-04-04 23:50:42,866 - __main__ - INFO - Computing epoch 10 validation accuracy...
2023-04-04 23:50:45,959 - __main__ - INFO - Computing epoch 10 validation loss...
2023-04-04 23:50:49,201 - __main__ - INFO - [INFO] 2023-04-04 23:50:49.200790 Epoch [11/100] batch [1/391] loss 2.0039 lr 0.09755282581475769 acc 40.62% eta 0:52:16
2023-04-04 23:51:00,833 - __main__ - INFO - [INFO] 2023-04-04 23:51:00.833392 Epoch [11/100] batch [129/391] loss 1.9883 lr 0.09755282581475769 acc 47.66% eta 0:49:31
2023-04-04 23:51:13,212 - __main__ - INFO - [INFO] 2023-04-04 23:51:13.211847 Epoch [11/100] batch [257/391] loss 1.8965 lr 0.09755282581475769 acc 43.75% eta 0:50:44
2023-04-04 23:51:25,377 - __main__ - INFO - [INFO] 2023-04-04 23:51:25.377766 Epoch [11/100] batch [385/391] loss 2.0527 lr 0.09755282581475769 acc 48.44% eta 0:50:46
2023-04-04 23:51:25,931 - __main__ - INFO - Computing epoch 11 validation accuracy...
2023-04-04 23:51:29,054 - __main__ - INFO - Computing epoch 11 validation loss...
2023-04-04 23:51:32,299 - __main__ - INFO - [INFO] 2023-04-04 23:51:32.299689 Epoch [12/100] batch [1/391] loss 2.0547 lr 0.09704403844771128 acc 39.84% eta 0:52:17
2023-04-04 23:51:44,098 - __main__ - INFO - [INFO] 2023-04-04 23:51:44.098102 Epoch [12/100] batch [129/391] loss 2.0176 lr 0.09704403844771128 acc 31.25% eta 0:49:25
2023-04-04 23:51:56,182 - __main__ - INFO - [INFO] 2023-04-04 23:51:56.182383 Epoch [12/100] batch [257/391] loss 2.1426 lr 0.09704403844771128 acc 38.28% eta 0:49:55
2023-04-04 23:52:08,315 - __main__ - INFO - [INFO] 2023-04-04 23:52:08.315703 Epoch [12/100] batch [385/391] loss 2.1719 lr 0.09704403844771128 acc 35.16% eta 0:50:00
2023-04-04 23:52:08,868 - __main__ - INFO - Computing epoch 12 validation accuracy...
2023-04-04 23:52:12,036 - __main__ - INFO - Computing epoch 12 validation loss...
2023-04-04 23:52:15,496 - __main__ - INFO - [INFO] 2023-04-04 23:52:15.496360 Epoch [13/100] batch [1/391] loss 1.5371 lr 0.09648882429441258 acc 43.75% eta 0:56:09
2023-04-04 23:52:27,322 - __main__ - INFO - [INFO] 2023-04-04 23:52:27.322332 Epoch [13/100] batch [129/391] loss 2.0488 lr 0.09648882429441258 acc 37.50% eta 0:49:06
2023-04-04 23:52:39,166 - __main__ - INFO - [INFO] 2023-04-04 23:52:39.166615 Epoch [13/100] batch [257/391] loss 2.2305 lr 0.09648882429441258 acc 39.84% eta 0:48:55
2023-04-04 23:52:50,724 - __main__ - INFO - [INFO] 2023-04-04 23:52:50.724466 Epoch [13/100] batch [385/391] loss 2.0762 lr 0.09648882429441258 acc 41.41% eta 0:48:22
2023-04-04 23:52:51,241 - __main__ - INFO - Computing epoch 13 validation accuracy...
2023-04-04 23:52:54,397 - __main__ - INFO - Computing epoch 13 validation loss...
2023-04-04 23:52:57,623 - __main__ - INFO - [INFO] 2023-04-04 23:52:57.623516 Epoch [14/100] batch [1/391] loss 2.0566 lr 0.09588773128419906 acc 48.44% eta 0:51:51
2023-04-04 23:53:09,493 - __main__ - INFO - [INFO] 2023-04-04 23:53:09.493613 Epoch [14/100] batch [129/391] loss 1.7510 lr 0.09588773128419906 acc 44.53% eta 0:48:50
2023-04-04 23:53:21,350 - __main__ - INFO - [INFO] 2023-04-04 23:53:21.350683 Epoch [14/100] batch [257/391] loss 1.9688 lr 0.09588773128419906 acc 49.22% eta 0:48:35
2023-04-04 23:53:33,164 - __main__ - INFO - [INFO] 2023-04-04 23:53:33.163941 Epoch [14/100] batch [385/391] loss 1.9043 lr 0.09588773128419906 acc 39.84% eta 0:48:18
2023-04-04 23:53:33,699 - __main__ - INFO - Computing epoch 14 validation accuracy...
2023-04-04 23:53:36,974 - __main__ - INFO - Computing epoch 14 validation loss...
2023-04-04 23:53:40,467 - __main__ - INFO - [INFO] 2023-04-04 23:53:40.467149 Epoch [15/100] batch [1/391] loss 1.8203 lr 0.09524135262330098 acc 50.78% eta 0:51:06
2023-04-04 23:53:52,563 - __main__ - INFO - [INFO] 2023-04-04 23:53:52.563359 Epoch [15/100] batch [129/391] loss 1.9932 lr 0.09524135262330098 acc 35.94% eta 0:49:06
2023-04-04 23:54:04,524 - __main__ - INFO - [INFO] 2023-04-04 23:54:04.524405 Epoch [15/100] batch [257/391] loss 1.8262 lr 0.09524135262330098 acc 41.41% eta 0:48:41
2023-04-04 23:54:16,407 - __main__ - INFO - [INFO] 2023-04-04 23:54:16.407538 Epoch [15/100] batch [385/391] loss 2.0879 lr 0.09524135262330098 acc 42.97% eta 0:48:17
2023-04-04 23:54:16,944 - __main__ - INFO - Computing epoch 15 validation accuracy...
2023-04-04 23:54:20,212 - __main__ - INFO - Computing epoch 15 validation loss...
2023-04-04 23:54:23,652 - __main__ - INFO - [INFO] 2023-04-04 23:54:23.652491 Epoch [16/100] batch [1/391] loss 1.8535 lr 0.0945503262094184 acc 48.44% eta 0:55:09
2023-04-04 23:54:36,131 - __main__ - INFO - [INFO] 2023-04-04 23:54:36.131199 Epoch [16/100] batch [129/391] loss 1.8818 lr 0.0945503262094184 acc 42.19% eta 0:49:59
2023-04-04 23:54:47,783 - __main__ - INFO - [INFO] 2023-04-04 23:54:47.783441 Epoch [16/100] batch [257/391] loss 2.0430 lr 0.0945503262094184 acc 41.41% eta 0:48:11
2023-04-04 23:54:59,729 - __main__ - INFO - [INFO] 2023-04-04 23:54:59.728844 Epoch [16/100] batch [385/391] loss 1.6904 lr 0.0945503262094184 acc 46.88% eta 0:47:49
2023-04-04 23:55:00,247 - __main__ - INFO - Computing epoch 16 validation accuracy...
2023-04-04 23:55:03,437 - __main__ - INFO - Computing epoch 16 validation loss...
2023-04-04 23:55:06,745 - __main__ - INFO - [INFO] 2023-04-04 23:55:06.744914 Epoch [17/100] batch [1/391] loss 1.9590 lr 0.09381533400219319 acc 46.09% eta 0:48:52
2023-04-04 23:55:18,514 - __main__ - INFO - [INFO] 2023-04-04 23:55:18.514669 Epoch [17/100] batch [129/391] loss 1.7129 lr 0.09381533400219319 acc 52.34% eta 0:46:36
2023-04-04 23:55:30,329 - __main__ - INFO - [INFO] 2023-04-04 23:55:30.329390 Epoch [17/100] batch [257/391] loss 2.0801 lr 0.09381533400219319 acc 46.88% eta 0:46:32
2023-04-04 23:55:42,170 - __main__ - INFO - [INFO] 2023-04-04 23:55:42.170439 Epoch [17/100] batch [385/391] loss 1.9756 lr 0.09381533400219319 acc 44.53% eta 0:46:23
2023-04-04 23:55:42,686 - __main__ - INFO - Computing epoch 17 validation accuracy...
2023-04-04 23:55:45,874 - __main__ - INFO - Computing epoch 17 validation loss...
2023-04-04 23:55:49,309 - __main__ - INFO - [INFO] 2023-04-04 23:55:49.309009 Epoch [18/100] batch [1/391] loss 2.0000 lr 0.0930371013501972 acc 44.53% eta 0:54:56
2023-04-04 23:56:01,312 - __main__ - INFO - [INFO] 2023-04-04 23:56:01.311999 Epoch [18/100] batch [129/391] loss 1.8291 lr 0.0930371013501972 acc 44.53% eta 0:46:51
2023-04-04 23:56:13,361 - __main__ - INFO - [INFO] 2023-04-04 23:56:13.361303 Epoch [18/100] batch [257/391] loss 1.8467 lr 0.0930371013501972 acc 42.97% eta 0:46:54
2023-04-04 23:56:25,414 - __main__ - INFO - [INFO] 2023-04-04 23:56:25.414561 Epoch [18/100] batch [385/391] loss 1.7637 lr 0.0930371013501972 acc 50.00% eta 0:46:44
2023-04-04 23:56:25,970 - __main__ - INFO - Computing epoch 18 validation accuracy...
2023-04-04 23:56:29,111 - __main__ - INFO - Computing epoch 18 validation loss...
2023-04-04 23:56:32,378 - __main__ - INFO - [INFO] 2023-04-04 23:56:32.378080 Epoch [19/100] batch [1/391] loss 2.0312 lr 0.09221639627510078 acc 32.81% eta 0:48:31
2023-04-04 23:56:44,496 - __main__ - INFO - [INFO] 2023-04-04 23:56:44.496489 Epoch [19/100] batch [129/391] loss 1.9023 lr 0.09221639627510078 acc 44.53% eta 0:46:54
2023-04-04 23:56:56,439 - __main__ - INFO - [INFO] 2023-04-04 23:56:56.439201 Epoch [19/100] batch [257/391] loss 2.0078 lr 0.09221639627510078 acc 32.81% eta 0:46:22
2023-04-04 23:57:08,586 - __main__ - INFO - [INFO] 2023-04-04 23:57:08.586070 Epoch [19/100] batch [385/391] loss 1.9688 lr 0.09221639627510078 acc 40.62% eta 0:46:17
2023-04-04 23:57:09,118 - __main__ - INFO - Computing epoch 19 validation accuracy...
2023-04-04 23:57:12,355 - __main__ - INFO - Computing epoch 19 validation loss...
2023-04-04 23:57:15,606 - __main__ - INFO - [INFO] 2023-04-04 23:57:15.606526 Epoch [20/100] batch [1/391] loss 1.7725 lr 0.09135402871372812 acc 53.12% eta 0:47:08
2023-04-04 23:57:27,523 - __main__ - INFO - [INFO] 2023-04-04 23:57:27.523630 Epoch [20/100] batch [129/391] loss 1.8730 lr 0.09135402871372812 acc 39.84% eta 0:45:15
2023-04-04 23:57:39,449 - __main__ - INFO - [INFO] 2023-04-04 23:57:39.449324 Epoch [20/100] batch [257/391] loss 2.1309 lr 0.09135402871372812 acc 43.75% eta 0:45:12
2023-04-04 23:57:51,112 - __main__ - INFO - [INFO] 2023-04-04 23:57:51.112782 Epoch [20/100] batch [385/391] loss 2.1289 lr 0.09135402871372812 acc 49.22% eta 0:44:44
2023-04-04 23:57:51,679 - __main__ - INFO - Computing epoch 20 validation accuracy...
2023-04-04 23:57:54,916 - __main__ - INFO - Computing epoch 20 validation loss...
2023-04-04 23:57:58,340 - __main__ - INFO - [INFO] 2023-04-04 23:57:58.340488 Epoch [21/100] batch [1/391] loss 1.6963 lr 0.09045084971874741 acc 44.53% eta 0:48:39
2023-04-04 23:58:10,250 - __main__ - INFO - [INFO] 2023-04-04 23:58:10.250151 Epoch [21/100] batch [129/391] loss 2.0996 lr 0.09045084971874741 acc 42.97% eta 0:44:44
2023-04-04 23:58:22,100 - __main__ - INFO - [INFO] 2023-04-04 23:58:22.100368 Epoch [21/100] batch [257/391] loss 1.8828 lr 0.09045084971874741 acc 42.97% eta 0:44:31
2023-04-04 23:58:34,079 - __main__ - INFO - [INFO] 2023-04-04 23:58:34.078975 Epoch [21/100] batch [385/391] loss 1.9648 lr 0.09045084971874741 acc 45.31% eta 0:44:28
2023-04-04 23:58:34,601 - __main__ - INFO - Computing epoch 21 validation accuracy...
2023-04-04 23:58:37,818 - __main__ - INFO - Computing epoch 21 validation loss...
2023-04-04 23:58:41,042 - __main__ - INFO - [INFO] 2023-04-04 23:58:41.042523 Epoch [22/100] batch [1/391] loss 1.7354 lr 0.08950775061878455 acc 54.69% eta 0:50:15
2023-04-04 23:58:53,014 - __main__ - INFO - [INFO] 2023-04-04 23:58:53.014329 Epoch [22/100] batch [129/391] loss 1.7451 lr 0.08950775061878455 acc 50.00% eta 0:44:36
2023-04-04 23:59:05,126 - __main__ - INFO - [INFO] 2023-04-04 23:59:05.126342 Epoch [22/100] batch [257/391] loss 1.8672 lr 0.08950775061878455 acc 41.41% eta 0:44:41
2023-04-04 23:59:16,970 - __main__ - INFO - [INFO] 2023-04-04 23:59:16.970475 Epoch [22/100] batch [385/391] loss 2.0820 lr 0.08950775061878455 acc 36.72% eta 0:44:16
2023-04-04 23:59:17,493 - __main__ - INFO - Computing epoch 22 validation accuracy...
2023-04-04 23:59:20,689 - __main__ - INFO - Computing epoch 22 validation loss...
2023-04-04 23:59:23,979 - __main__ - INFO - [INFO] 2023-04-04 23:59:23.979566 Epoch [23/100] batch [1/391] loss 1.7236 lr 0.0885256621387895 acc 44.53% eta 0:44:49
2023-04-04 23:59:35,824 - __main__ - INFO - [INFO] 2023-04-04 23:59:35.824675 Epoch [23/100] batch [129/391] loss 1.9131 lr 0.0885256621387895 acc 45.31% eta 0:43:33
2023-04-04 23:59:47,607 - __main__ - INFO - [INFO] 2023-04-04 23:59:47.607568 Epoch [23/100] batch [257/391] loss 1.9375 lr 0.0885256621387895 acc 39.06% eta 0:43:18
2023-04-04 23:59:59,431 - __main__ - INFO - [INFO] 2023-04-04 23:59:59.431036 Epoch [23/100] batch [385/391] loss 1.7305 lr 0.0885256621387895 acc 43.75% eta 0:43:05
2023-04-04 23:59:59,945 - __main__ - INFO - Computing epoch 23 validation accuracy...
2023-04-05 00:00:03,224 - __main__ - INFO - Computing epoch 23 validation loss...
2023-04-05 00:00:06,451 - __main__ - INFO - [INFO] 2023-04-05 00:00:06.451725 Epoch [24/100] batch [1/391] loss 1.8506 lr 0.08750555348152302 acc 50.78% eta 0:45:24
2023-04-05 00:00:17,972 - __main__ - INFO - [INFO] 2023-04-05 00:00:17.972269 Epoch [24/100] batch [129/391] loss 1.7832 lr 0.08750555348152302 acc 45.31% eta 0:41:57
2023-04-05 00:00:30,034 - __main__ - INFO - [INFO] 2023-04-05 00:00:30.033835 Epoch [24/100] batch [257/391] loss 1.7139 lr 0.08750555348152302 acc 48.44% eta 0:42:42
2023-04-05 00:00:42,011 - __main__ - INFO - [INFO] 2023-04-05 00:00:42.010872 Epoch [24/100] batch [385/391] loss 1.4307 lr 0.08750555348152302 acc 52.34% eta 0:42:39
2023-04-05 00:00:42,583 - __main__ - INFO - Computing epoch 24 validation accuracy...
2023-04-05 00:00:45,805 - __main__ - INFO - Computing epoch 24 validation loss...
2023-04-05 00:00:49,085 - __main__ - INFO - [INFO] 2023-04-05 00:00:49.085162 Epoch [25/100] batch [1/391] loss 1.7148 lr 0.08644843137107061 acc 44.53% eta 0:46:25
2023-04-05 00:01:00,724 - __main__ - INFO - [INFO] 2023-04-05 00:01:00.723804 Epoch [25/100] batch [129/391] loss 2.0625 lr 0.08644843137107061 acc 37.50% eta 0:41:32
2023-04-05 00:01:12,423 - __main__ - INFO - [INFO] 2023-04-05 00:01:12.423070 Epoch [25/100] batch [257/391] loss 2.0332 lr 0.08644843137107061 acc 41.41% eta 0:41:31
2023-04-05 00:01:24,282 - __main__ - INFO - [INFO] 2023-04-05 00:01:24.282396 Epoch [25/100] batch [385/391] loss 1.6641 lr 0.08644843137107061 acc 44.53% eta 0:41:32
2023-04-05 00:01:24,815 - __main__ - INFO - Computing epoch 25 validation accuracy...
2023-04-05 00:01:28,053 - __main__ - INFO - Computing epoch 25 validation loss...
2023-04-05 00:01:31,431 - __main__ - INFO - [INFO] 2023-04-05 00:01:31.430871 Epoch [26/100] batch [1/391] loss 1.8398 lr 0.0853553390593274 acc 46.88% eta 0:43:50
2023-04-05 00:01:43,300 - __main__ - INFO - [INFO] 2023-04-05 00:01:43.300218 Epoch [26/100] batch [129/391] loss 1.6182 lr 0.0853553390593274 acc 48.44% eta 0:41:36
2023-04-05 00:01:54,999 - __main__ - INFO - [INFO] 2023-04-05 00:01:54.999725 Epoch [26/100] batch [257/391] loss 1.6914 lr 0.0853553390593274 acc 47.66% eta 0:41:17
2023-04-05 00:02:07,043 - __main__ - INFO - [INFO] 2023-04-05 00:02:07.043638 Epoch [26/100] batch [385/391] loss 1.9453 lr 0.0853553390593274 acc 39.84% eta 0:41:26
2023-04-05 00:02:07,591 - __main__ - INFO - Computing epoch 26 validation accuracy...
2023-04-05 00:02:10,997 - __main__ - INFO - Computing epoch 26 validation loss...
2023-04-05 00:02:14,261 - __main__ - INFO - [INFO] 2023-04-05 00:02:14.261329 Epoch [27/100] batch [1/391] loss 1.3984 lr 0.08422735529643446 acc 50.78% eta 0:43:31
2023-04-05 00:02:26,074 - __main__ - INFO - [INFO] 2023-04-05 00:02:26.074470 Epoch [27/100] batch [129/391] loss 1.6719 lr 0.08422735529643446 acc 51.56% eta 0:41:13
2023-04-05 00:02:38,008 - __main__ - INFO - [INFO] 2023-04-05 00:02:38.008005 Epoch [27/100] batch [257/391] loss 1.7051 lr 0.08422735529643446 acc 53.12% eta 0:41:15
2023-04-05 00:02:49,712 - __main__ - INFO - [INFO] 2023-04-05 00:02:49.711971 Epoch [27/100] batch [385/391] loss 1.8047 lr 0.08422735529643446 acc 46.88% eta 0:40:51
2023-04-05 00:02:50,243 - __main__ - INFO - Computing epoch 27 validation accuracy...
2023-04-05 00:02:53,591 - __main__ - INFO - Computing epoch 27 validation loss...
2023-04-05 00:02:56,993 - __main__ - INFO - [INFO] 2023-04-05 00:02:56.992927 Epoch [28/100] batch [1/391] loss 1.7529 lr 0.08306559326618262 acc 35.94% eta 0:48:30
2023-04-05 00:03:08,645 - __main__ - INFO - [INFO] 2023-04-05 00:03:08.645474 Epoch [28/100] batch [129/391] loss 1.7852 lr 0.08306559326618262 acc 45.31% eta 0:40:09
2023-04-05 00:03:20,565 - __main__ - INFO - [INFO] 2023-04-05 00:03:20.564967 Epoch [28/100] batch [257/391] loss 1.9668 lr 0.08306559326618262 acc 44.53% eta 0:40:23
2023-04-05 00:03:32,375 - __main__ - INFO - [INFO] 2023-04-05 00:03:32.375212 Epoch [28/100] batch [385/391] loss 1.9189 lr 0.08306559326618262 acc 42.97% eta 0:40:14
2023-04-05 00:03:32,897 - __main__ - INFO - Computing epoch 28 validation accuracy...
2023-04-05 00:03:36,087 - __main__ - INFO - Computing epoch 28 validation loss...
2023-04-05 00:03:39,515 - __main__ - INFO - [INFO] 2023-04-05 00:03:39.515111 Epoch [29/100] batch [1/391] loss 1.7471 lr 0.08187119948743452 acc 48.44% eta 0:42:03
2023-04-05 00:03:51,131 - __main__ - INFO - [INFO] 2023-04-05 00:03:51.131291 Epoch [29/100] batch [129/391] loss 1.8779 lr 0.08187119948743452 acc 45.31% eta 0:39:19
2023-04-05 00:04:02,946 - __main__ - INFO - [INFO] 2023-04-05 00:04:02.946287 Epoch [29/100] batch [257/391] loss 1.5684 lr 0.08187119948743452 acc 50.00% eta 0:39:34
2023-04-05 00:04:14,956 - __main__ - INFO - [INFO] 2023-04-05 00:04:14.956467 Epoch [29/100] batch [385/391] loss 1.7266 lr 0.08187119948743452 acc 55.47% eta 0:39:38
2023-04-05 00:04:15,522 - __main__ - INFO - Computing epoch 29 validation accuracy...
2023-04-05 00:04:18,833 - __main__ - INFO - Computing epoch 29 validation loss...
2023-04-05 00:04:22,196 - __main__ - INFO - [INFO] 2023-04-05 00:04:22.196121 Epoch [30/100] batch [1/391] loss 1.6543 lr 0.08064535268264886 acc 49.22% eta 0:42:36
2023-04-05 00:04:34,195 - __main__ - INFO - [INFO] 2023-04-05 00:04:34.195810 Epoch [30/100] batch [129/391] loss 1.8652 lr 0.08064535268264886 acc 50.00% eta 0:40:03
2023-04-05 00:04:46,079 - __main__ - INFO - [INFO] 2023-04-05 00:04:46.079656 Epoch [30/100] batch [257/391] loss 1.7227 lr 0.08064535268264886 acc 52.34% eta 0:39:42
2023-04-05 00:04:57,921 - __main__ - INFO - [INFO] 2023-04-05 00:04:57.921119 Epoch [30/100] batch [385/391] loss 1.5625 lr 0.08064535268264886 acc 53.91% eta 0:39:23
2023-04-05 00:04:58,437 - __main__ - INFO - Computing epoch 30 validation accuracy...
2023-04-05 00:05:01,599 - __main__ - INFO - Computing epoch 30 validation loss...
2023-04-05 00:05:04,965 - __main__ - INFO - [INFO] 2023-04-05 00:05:04.965293 Epoch [31/100] batch [1/391] loss 1.6299 lr 0.0793892626146237 acc 57.03% eta 0:49:34
2023-04-05 00:05:16,684 - __main__ - INFO - [INFO] 2023-04-05 00:05:16.684051 Epoch [31/100] batch [129/391] loss 1.5615 lr 0.0793892626146237 acc 56.25% eta 0:38:41
2023-04-05 00:05:28,651 - __main__ - INFO - [INFO] 2023-04-05 00:05:28.651223 Epoch [31/100] batch [257/391] loss 1.8057 lr 0.0793892626146237 acc 54.69% eta 0:38:51
2023-04-05 00:05:40,564 - __main__ - INFO - [INFO] 2023-04-05 00:05:40.564493 Epoch [31/100] batch [385/391] loss 1.5391 lr 0.0793892626146237 acc 50.78% eta 0:38:44
2023-04-05 00:05:41,131 - __main__ - INFO - Computing epoch 31 validation accuracy...
2023-04-05 00:05:44,267 - __main__ - INFO - Computing epoch 31 validation loss...
2023-04-05 00:05:47,455 - __main__ - INFO - [INFO] 2023-04-05 00:05:47.455457 Epoch [32/100] batch [1/391] loss 1.6904 lr 0.07810416889260657 acc 49.22% eta 0:47:48
2023-04-05 00:05:59,524 - __main__ - INFO - [INFO] 2023-04-05 00:05:59.524073 Epoch [32/100] batch [129/391] loss 1.5898 lr 0.07810416889260657 acc 50.00% eta 0:39:15
2023-04-05 00:06:11,367 - __main__ - INFO - [INFO] 2023-04-05 00:06:11.367334 Epoch [32/100] batch [257/391] loss 1.8008 lr 0.07810416889260657 acc 50.78% eta 0:38:43
2023-04-05 00:06:23,537 - __main__ - INFO - [INFO] 2023-04-05 00:06:23.537068 Epoch [32/100] batch [385/391] loss 1.7051 lr 0.07810416889260657 acc 39.84% eta 0:38:45
2023-04-05 00:06:24,082 - __main__ - INFO - Computing epoch 32 validation accuracy...
2023-04-05 00:06:27,206 - __main__ - INFO - Computing epoch 32 validation loss...
2023-04-05 00:06:30,484 - __main__ - INFO - [INFO] 2023-04-05 00:06:30.484545 Epoch [33/100] batch [1/391] loss 1.6914 lr 0.07679133974894986 acc 50.78% eta 0:41:26
2023-04-05 00:06:42,422 - __main__ - INFO - [INFO] 2023-04-05 00:06:42.422567 Epoch [33/100] batch [129/391] loss 1.7539 lr 0.07679133974894986 acc 46.88% eta 0:38:03
2023-04-05 00:06:54,252 - __main__ - INFO - [INFO] 2023-04-05 00:06:54.251942 Epoch [33/100] batch [257/391] loss 1.7080 lr 0.07679133974894986 acc 46.88% eta 0:37:50
2023-04-05 00:07:06,058 - __main__ - INFO - [INFO] 2023-04-05 00:07:06.057880 Epoch [33/100] batch [385/391] loss 1.6270 lr 0.07679133974894986 acc 50.00% eta 0:37:32
2023-04-05 00:07:06,583 - __main__ - INFO - Computing epoch 33 validation accuracy...
2023-04-05 00:07:09,824 - __main__ - INFO - Computing epoch 33 validation loss...
2023-04-05 00:07:13,138 - __main__ - INFO - [INFO] 2023-04-05 00:07:13.138038 Epoch [34/100] batch [1/391] loss 1.5742 lr 0.0754520707875186 acc 51.56% eta 0:38:48
2023-04-05 00:07:25,205 - __main__ - INFO - [INFO] 2023-04-05 00:07:25.205276 Epoch [34/100] batch [129/391] loss 1.5352 lr 0.0754520707875186 acc 52.34% eta 0:37:54
2023-04-05 00:07:37,486 - __main__ - INFO - [INFO] 2023-04-05 00:07:37.486053 Epoch [34/100] batch [257/391] loss 1.8135 lr 0.0754520707875186 acc 48.44% eta 0:38:11
2023-04-05 00:07:49,568 - __main__ - INFO - [INFO] 2023-04-05 00:07:49.567944 Epoch [34/100] batch [385/391] loss 1.6104 lr 0.0754520707875186 acc 59.38% eta 0:37:54
2023-04-05 00:07:50,142 - __main__ - INFO - Computing epoch 34 validation accuracy...
2023-04-05 00:07:53,281 - __main__ - INFO - Computing epoch 34 validation loss...
2023-04-05 00:07:56,606 - __main__ - INFO - [INFO] 2023-04-05 00:07:56.606474 Epoch [35/100] batch [1/391] loss 1.7646 lr 0.0740876837050858 acc 51.56% eta 0:43:37
2023-04-05 00:08:10,077 - __main__ - INFO - [INFO] 2023-04-05 00:08:10.076871 Epoch [35/100] batch [129/391] loss 1.8584 lr 0.0740876837050858 acc 34.38% eta 0:41:43
2023-04-05 00:08:22,035 - __main__ - INFO - [INFO] 2023-04-05 00:08:22.034984 Epoch [35/100] batch [257/391] loss 1.7705 lr 0.0740876837050858 acc 48.44% eta 0:39:17
2023-04-05 00:08:34,154 - __main__ - INFO - [INFO] 2023-04-05 00:08:34.154574 Epoch [35/100] batch [385/391] loss 1.4189 lr 0.0740876837050858 acc 48.44% eta 0:38:27
2023-04-05 00:08:34,725 - __main__ - INFO - Computing epoch 35 validation accuracy...
2023-04-05 00:08:37,916 - __main__ - INFO - Computing epoch 35 validation loss...
2023-04-05 00:08:41,169 - __main__ - INFO - [INFO] 2023-04-05 00:08:41.169249 Epoch [36/100] batch [1/391] loss 1.4922 lr 0.07269952498697738 acc 48.44% eta 0:38:44
2023-04-05 00:08:53,097 - __main__ - INFO - [INFO] 2023-04-05 00:08:53.096988 Epoch [36/100] batch [129/391] loss 1.4834 lr 0.07269952498697738 acc 42.19% eta 0:36:27
2023-04-05 00:09:05,127 - __main__ - INFO - [INFO] 2023-04-05 00:09:05.127657 Epoch [36/100] batch [257/391] loss 1.9727 lr 0.07269952498697738 acc 44.53% eta 0:36:30
2023-04-05 00:09:17,481 - __main__ - INFO - [INFO] 2023-04-05 00:09:17.481449 Epoch [36/100] batch [385/391] loss 1.5332 lr 0.07269952498697738 acc 54.69% eta 0:36:40
2023-04-05 00:09:18,014 - __main__ - INFO - Computing epoch 36 validation accuracy...
2023-04-05 00:09:21,164 - __main__ - INFO - Computing epoch 36 validation loss...
2023-04-05 00:09:24,604 - __main__ - INFO - [INFO] 2023-04-05 00:09:24.603835 Epoch [37/100] batch [1/391] loss 1.6396 lr 0.07128896457825366 acc 53.91% eta 0:48:19
2023-04-05 00:09:36,692 - __main__ - INFO - [INFO] 2023-04-05 00:09:36.692559 Epoch [37/100] batch [129/391] loss 1.3574 lr 0.07128896457825366 acc 65.62% eta 0:36:32
2023-04-05 00:09:48,472 - __main__ - INFO - [INFO] 2023-04-05 00:09:48.472162 Epoch [37/100] batch [257/391] loss 1.7188 lr 0.07128896457825366 acc 53.91% eta 0:35:52
2023-04-05 00:10:00,799 - __main__ - INFO - [INFO] 2023-04-05 00:10:00.798880 Epoch [37/100] batch [385/391] loss 1.7090 lr 0.07128896457825366 acc 46.88% eta 0:35:59
2023-04-05 00:10:01,356 - __main__ - INFO - Computing epoch 37 validation accuracy...
2023-04-05 00:10:04,644 - __main__ - INFO - Computing epoch 37 validation loss...
2023-04-05 00:10:08,069 - __main__ - INFO - [INFO] 2023-04-05 00:10:08.069762 Epoch [38/100] batch [1/391] loss 1.7598 lr 0.06985739453173906 acc 42.19% eta 0:39:02
2023-04-05 00:10:19,985 - __main__ - INFO - [INFO] 2023-04-05 00:10:19.984968 Epoch [38/100] batch [129/391] loss 1.6660 lr 0.06985739453173906 acc 52.34% eta 0:35:21
2023-04-05 00:10:31,771 - __main__ - INFO - [INFO] 2023-04-05 00:10:31.770875 Epoch [38/100] batch [257/391] loss 1.8516 lr 0.06985739453173906 acc 43.75% eta 0:35:00
2023-04-05 00:10:43,693 - __main__ - INFO - [INFO] 2023-04-05 00:10:43.693666 Epoch [38/100] batch [385/391] loss 1.5801 lr 0.06985739453173906 acc 48.44% eta 0:34:51
2023-04-05 00:10:44,235 - __main__ - INFO - Computing epoch 38 validation accuracy...
2023-04-05 00:10:47,512 - __main__ - INFO - Computing epoch 38 validation loss...
2023-04-05 00:10:50,978 - __main__ - INFO - [INFO] 2023-04-05 00:10:50.977532 Epoch [39/100] batch [1/391] loss 1.2969 lr 0.06840622763423394 acc 57.03% eta 0:40:44
2023-04-05 00:11:03,196 - __main__ - INFO - [INFO] 2023-04-05 00:11:03.196446 Epoch [39/100] batch [129/391] loss 1.7451 lr 0.06840622763423394 acc 40.62% eta 0:35:36
2023-04-05 00:11:15,373 - __main__ - INFO - [INFO] 2023-04-05 00:11:15.372944 Epoch [39/100] batch [257/391] loss 1.7432 lr 0.06840622763423394 acc 46.88% eta 0:35:20
2023-04-05 00:11:27,242 - __main__ - INFO - [INFO] 2023-04-05 00:11:27.242495 Epoch [39/100] batch [385/391] loss 1.4414 lr 0.06840622763423394 acc 54.69% eta 0:34:53
2023-04-05 00:11:27,771 - __main__ - INFO - Computing epoch 39 validation accuracy...
2023-04-05 00:11:31,079 - __main__ - INFO - Computing epoch 39 validation loss...
2023-04-05 00:11:34,510 - __main__ - INFO - [INFO] 2023-04-05 00:11:34.510216 Epoch [40/100] batch [1/391] loss 1.6543 lr 0.06693689601226462 acc 52.34% eta 0:39:30
2023-04-05 00:11:46,354 - __main__ - INFO - [INFO] 2023-04-05 00:11:46.354618 Epoch [40/100] batch [129/391] loss 1.5176 lr 0.06693689601226462 acc 56.25% eta 0:34:00
2023-04-05 00:11:58,347 - __main__ - INFO - [INFO] 2023-04-05 00:11:58.347505 Epoch [40/100] batch [257/391] loss 1.4922 lr 0.06693689601226462 acc 50.78% eta 0:33:59
2023-04-05 00:12:10,146 - __main__ - INFO - [INFO] 2023-04-05 00:12:10.145965 Epoch [40/100] batch [385/391] loss 1.6982 lr 0.06693689601226462 acc 52.34% eta 0:33:42
2023-04-05 00:12:10,683 - __main__ - INFO - Computing epoch 40 validation accuracy...
2023-04-05 00:12:13,876 - __main__ - INFO - Computing epoch 40 validation loss...
2023-04-05 00:12:17,296 - __main__ - INFO - [INFO] 2023-04-05 00:12:17.295947 Epoch [41/100] batch [1/391] loss 1.5430 lr 0.06545084971874741 acc 47.66% eta 0:34:14
2023-04-05 00:12:29,145 - __main__ - INFO - [INFO] 2023-04-05 00:12:29.145460 Epoch [41/100] batch [129/391] loss 1.5742 lr 0.06545084971874741 acc 53.91% eta 0:33:29
2023-04-05 00:12:41,050 - __main__ - INFO - [INFO] 2023-04-05 00:12:41.050034 Epoch [41/100] batch [257/391] loss 1.4111 lr 0.06545084971874741 acc 58.59% eta 0:33:24
2023-04-05 00:12:52,931 - __main__ - INFO - [INFO] 2023-04-05 00:12:52.931625 Epoch [41/100] batch [385/391] loss 1.4912 lr 0.06545084971874741 acc 50.78% eta 0:33:14
2023-04-05 00:12:53,480 - __main__ - INFO - Computing epoch 41 validation accuracy...
2023-04-05 00:12:56,661 - __main__ - INFO - Computing epoch 41 validation loss...
2023-04-05 00:13:00,011 - __main__ - INFO - [INFO] 2023-04-05 00:13:00.011076 Epoch [42/100] batch [1/391] loss 1.4600 lr 0.06394955530196152 acc 56.25% eta 0:39:44
2023-04-05 00:13:11,841 - __main__ - INFO - [INFO] 2023-04-05 00:13:11.841642 Epoch [42/100] batch [129/391] loss 1.5801 lr 0.06394955530196152 acc 47.66% eta 0:32:51
2023-04-05 00:13:24,037 - __main__ - INFO - [INFO] 2023-04-05 00:13:24.037257 Epoch [42/100] batch [257/391] loss 1.5479 lr 0.06394955530196152 acc 53.91% eta 0:33:10
2023-04-05 00:13:36,566 - __main__ - INFO - [INFO] 2023-04-05 00:13:36.566660 Epoch [42/100] batch [385/391] loss 1.4326 lr 0.06394955530196152 acc 53.91% eta 0:33:27
2023-04-05 00:13:37,114 - __main__ - INFO - Computing epoch 42 validation accuracy...
2023-04-05 00:13:40,348 - __main__ - INFO - Computing epoch 42 validation loss...
2023-04-05 00:13:43,745 - __main__ - INFO - [INFO] 2023-04-05 00:13:43.744957 Epoch [43/100] batch [1/391] loss 1.6006 lr 0.062434494358242776 acc 43.75% eta 0:34:35
2023-04-05 00:13:55,620 - __main__ - INFO - [INFO] 2023-04-05 00:13:55.619963 Epoch [43/100] batch [129/391] loss 1.4717 lr 0.062434494358242776 acc 56.25% eta 0:32:29
2023-04-05 00:14:07,574 - __main__ - INFO - [INFO] 2023-04-05 00:14:07.574228 Epoch [43/100] batch [257/391] loss 1.6182 lr 0.062434494358242776 acc 51.56% eta 0:32:22
2023-04-05 00:14:19,407 - __main__ - INFO - [INFO] 2023-04-05 00:14:19.407701 Epoch [43/100] batch [385/391] loss 1.3672 lr 0.062434494358242776 acc 57.81% eta 0:32:08
2023-04-05 00:14:19,948 - __main__ - INFO - Computing epoch 43 validation accuracy...
2023-04-05 00:14:23,259 - __main__ - INFO - Computing epoch 43 validation loss...
2023-04-05 00:14:26,606 - __main__ - INFO - [INFO] 2023-04-05 00:14:26.606734 Epoch [44/100] batch [1/391] loss 1.3965 lr 0.06090716206982718 acc 60.94% eta 0:35:41
2023-04-05 00:14:38,975 - __main__ - INFO - [INFO] 2023-04-05 00:14:38.975485 Epoch [44/100] batch [129/391] loss 1.5098 lr 0.06090716206982718 acc 55.47% eta 0:33:10
2023-04-05 00:14:50,861 - __main__ - INFO - [INFO] 2023-04-05 00:14:50.861536 Epoch [44/100] batch [257/391] loss 1.9336 lr 0.06090716206982718 acc 42.97% eta 0:32:17
2023-04-05 00:15:02,899 - __main__ - INFO - [INFO] 2023-04-05 00:15:02.899174 Epoch [44/100] batch [385/391] loss 1.2441 lr 0.06090716206982718 acc 62.50% eta 0:32:01
2023-04-05 00:15:03,447 - __main__ - INFO - Computing epoch 44 validation accuracy...
2023-04-05 00:15:06,720 - __main__ - INFO - Computing epoch 44 validation loss...
2023-04-05 00:15:10,088 - __main__ - INFO - [INFO] 2023-04-05 00:15:10.088405 Epoch [45/100] batch [1/391] loss 1.4785 lr 0.05936906572928628 acc 52.34% eta 0:35:38
2023-04-05 00:15:22,282 - __main__ - INFO - [INFO] 2023-04-05 00:15:22.282800 Epoch [45/100] batch [129/391] loss 1.4404 lr 0.05936906572928628 acc 55.47% eta 0:32:04
2023-04-05 00:15:34,108 - __main__ - INFO - [INFO] 2023-04-05 00:15:34.107976 Epoch [45/100] batch [257/391] loss 1.7334 lr 0.05936906572928628 acc 58.59% eta 0:31:26
2023-04-05 00:15:45,907 - __main__ - INFO - [INFO] 2023-04-05 00:15:45.907424 Epoch [45/100] batch [385/391] loss 1.6611 lr 0.05936906572928628 acc 53.12% eta 0:31:04
2023-04-05 00:15:46,445 - __main__ - INFO - Computing epoch 45 validation accuracy...
2023-04-05 00:15:49,672 - __main__ - INFO - Computing epoch 45 validation loss...
2023-04-05 00:15:53,121 - __main__ - INFO - [INFO] 2023-04-05 00:15:53.121485 Epoch [46/100] batch [1/391] loss 1.3877 lr 0.05782172325201159 acc 56.25% eta 0:34:02
2023-04-05 00:16:05,025 - __main__ - INFO - [INFO] 2023-04-05 00:16:05.025704 Epoch [46/100] batch [129/391] loss 1.3193 lr 0.05782172325201159 acc 55.47% eta 0:30:46
2023-04-05 00:16:17,126 - __main__ - INFO - [INFO] 2023-04-05 00:16:17.126664 Epoch [46/100] batch [257/391] loss 1.6230 lr 0.05782172325201159 acc 42.97% eta 0:30:50
2023-04-05 00:16:29,073 - __main__ - INFO - [INFO] 2023-04-05 00:16:29.073613 Epoch [46/100] batch [385/391] loss 1.5791 lr 0.05782172325201159 acc 58.59% eta 0:30:37
2023-04-05 00:16:29,599 - __main__ - INFO - Computing epoch 46 validation accuracy...
2023-04-05 00:16:32,838 - __main__ - INFO - Computing epoch 46 validation loss...
2023-04-05 00:16:36,262 - __main__ - INFO - [INFO] 2023-04-05 00:16:36.261704 Epoch [47/100] batch [1/391] loss 1.5088 lr 0.056266661678215264 acc 47.66% eta 0:36:02
2023-04-05 00:16:48,353 - __main__ - INFO - [INFO] 2023-04-05 00:16:48.353068 Epoch [47/100] batch [129/391] loss 1.6914 lr 0.056266661678215264 acc 52.34% eta 0:30:41
2023-04-05 00:17:00,870 - __main__ - INFO - [INFO] 2023-04-05 00:17:00.870028 Epoch [47/100] batch [257/391] loss 1.4473 lr 0.056266661678215264 acc 63.28% eta 0:31:00
2023-04-05 00:17:14,539 - __main__ - INFO - [INFO] 2023-04-05 00:17:14.539534 Epoch [47/100] batch [385/391] loss 1.7676 lr 0.056266661678215264 acc 52.34% eta 0:31:56
2023-04-05 00:17:15,086 - __main__ - INFO - Computing epoch 47 validation accuracy...
2023-04-05 00:17:18,361 - __main__ - INFO - Computing epoch 47 validation loss...
2023-04-05 00:17:21,782 - __main__ - INFO - [INFO] 2023-04-05 00:17:21.782120 Epoch [48/100] batch [1/391] loss 1.4541 lr 0.05470541566592575 acc 57.03% eta 0:36:41
2023-04-05 00:17:33,562 - __main__ - INFO - [INFO] 2023-04-05 00:17:33.562180 Epoch [48/100] batch [129/391] loss 1.4307 lr 0.05470541566592575 acc 57.81% eta 0:29:25
2023-04-05 00:17:45,670 - __main__ - INFO - [INFO] 2023-04-05 00:17:45.669937 Epoch [48/100] batch [257/391] loss 1.6592 lr 0.05470541566592575 acc 50.78% eta 0:29:38
2023-04-05 00:17:57,484 - __main__ - INFO - [INFO] 2023-04-05 00:17:57.484252 Epoch [48/100] batch [385/391] loss 1.4941 lr 0.05470541566592575 acc 53.12% eta 0:29:19
2023-04-05 00:17:58,004 - __main__ - INFO - Computing epoch 48 validation accuracy...
2023-04-05 00:18:01,331 - __main__ - INFO - Computing epoch 48 validation loss...
2023-04-05 00:18:04,780 - __main__ - INFO - [INFO] 2023-04-05 00:18:04.780170 Epoch [49/100] batch [1/391] loss 1.4453 lr 0.053139525976465714 acc 58.59% eta 0:32:15
2023-04-05 00:18:16,861 - __main__ - INFO - [INFO] 2023-04-05 00:18:16.861809 Epoch [49/100] batch [129/391] loss 1.3965 lr 0.053139525976465714 acc 53.91% eta 0:29:27
2023-04-05 00:18:28,805 - __main__ - INFO - [INFO] 2023-04-05 00:18:28.805669 Epoch [49/100] batch [257/391] loss 1.5410 lr 0.053139525976465714 acc 54.69% eta 0:29:03
2023-04-05 00:18:40,593 - __main__ - INFO - [INFO] 2023-04-05 00:18:40.593173 Epoch [49/100] batch [385/391] loss 1.5801 lr 0.053139525976465714 acc 50.00% eta 0:28:44
2023-04-05 00:18:41,140 - __main__ - INFO - Computing epoch 49 validation accuracy...
2023-04-05 00:18:44,455 - __main__ - INFO - Computing epoch 49 validation loss...
2023-04-05 00:18:47,898 - __main__ - INFO - [INFO] 2023-04-05 00:18:47.898135 Epoch [50/100] batch [1/391] loss 1.4873 lr 0.05157053795390645 acc 43.75% eta 0:32:27
2023-04-05 00:19:00,042 - __main__ - INFO - [INFO] 2023-04-05 00:19:00.041896 Epoch [50/100] batch [129/391] loss 1.7861 lr 0.05157053795390645 acc 47.66% eta 0:28:59
2023-04-05 00:19:11,980 - __main__ - INFO - [INFO] 2023-04-05 00:19:11.980167 Epoch [50/100] batch [257/391] loss 1.5205 lr 0.05157053795390645 acc 55.47% eta 0:28:38
2023-04-05 00:19:24,032 - __main__ - INFO - [INFO] 2023-04-05 00:19:24.031998 Epoch [50/100] batch [385/391] loss 1.4922 lr 0.05157053795390645 acc 57.03% eta 0:28:27
2023-04-05 00:19:24,565 - __main__ - INFO - Computing epoch 50 validation accuracy...
2023-04-05 00:19:27,956 - __main__ - INFO - Computing epoch 50 validation loss...
2023-04-05 00:19:31,337 - __main__ - INFO - [INFO] 2023-04-05 00:19:31.337804 Epoch [51/100] batch [1/391] loss 1.5020 lr 0.05000000000000004 acc 52.34% eta 0:31:01
2023-04-05 00:19:43,229 - __main__ - INFO - [INFO] 2023-04-05 00:19:43.229155 Epoch [51/100] batch [129/391] loss 1.8105 lr 0.05000000000000004 acc 53.12% eta 0:27:54
2023-04-05 00:19:55,013 - __main__ - INFO - [INFO] 2023-04-05 00:19:55.013675 Epoch [51/100] batch [257/391] loss 1.3877 lr 0.05000000000000004 acc 53.91% eta 0:27:35
2023-04-05 00:20:07,036 - __main__ - INFO - [INFO] 2023-04-05 00:20:07.036449 Epoch [51/100] batch [385/391] loss 1.6113 lr 0.05000000000000004 acc 50.00% eta 0:27:34
2023-04-05 00:20:07,573 - __main__ - INFO - Computing epoch 51 validation accuracy...
2023-04-05 00:20:10,946 - __main__ - INFO - Computing epoch 51 validation loss...
2023-04-05 00:20:14,334 - __main__ - INFO - [INFO] 2023-04-05 00:20:14.333826 Epoch [52/100] batch [1/391] loss 1.4463 lr 0.04842946204609362 acc 48.44% eta 0:47:49
2023-04-05 00:20:26,528 - __main__ - INFO - [INFO] 2023-04-05 00:20:26.528191 Epoch [52/100] batch [129/391] loss 1.3330 lr 0.04842946204609362 acc 62.50% eta 0:28:08
2023-04-05 00:20:38,372 - __main__ - INFO - [INFO] 2023-04-05 00:20:38.372023 Epoch [52/100] batch [257/391] loss 1.7070 lr 0.04842946204609362 acc 57.03% eta 0:27:27
2023-04-05 00:20:50,328 - __main__ - INFO - [INFO] 2023-04-05 00:20:50.328375 Epoch [52/100] batch [385/391] loss 1.4609 lr 0.04842946204609362 acc 54.69% eta 0:27:14
2023-04-05 00:20:50,867 - __main__ - INFO - Computing epoch 52 validation accuracy...
2023-04-05 00:20:54,145 - __main__ - INFO - Computing epoch 52 validation loss...
2023-04-05 00:20:57,735 - __main__ - INFO - [INFO] 2023-04-05 00:20:57.734778 Epoch [53/100] batch [1/391] loss 1.3311 lr 0.04686047402353437 acc 54.69% eta 0:45:59
2023-04-05 00:21:12,183 - __main__ - INFO - [INFO] 2023-04-05 00:21:12.183205 Epoch [53/100] batch [129/391] loss 1.5732 lr 0.04686047402353437 acc 53.12% eta 0:32:33
2023-04-05 00:21:24,168 - __main__ - INFO - [INFO] 2023-04-05 00:21:24.168161 Epoch [53/100] batch [257/391] loss 1.4873 lr 0.04686047402353437 acc 49.22% eta 0:29:37
2023-04-05 00:21:37,597 - __main__ - INFO - [INFO] 2023-04-05 00:21:37.597222 Epoch [53/100] batch [385/391] loss 1.7031 lr 0.04686047402353437 acc 48.44% eta 0:29:32
2023-04-05 00:21:38,251 - __main__ - INFO - Computing epoch 53 validation accuracy...
2023-04-05 00:21:41,570 - __main__ - INFO - Computing epoch 53 validation loss...
2023-04-05 00:21:45,442 - __main__ - INFO - [INFO] 2023-04-05 00:21:45.442562 Epoch [54/100] batch [1/391] loss 1.2266 lr 0.045294584334074316 acc 61.72% eta 0:28:42
2023-04-05 00:21:57,841 - __main__ - INFO - [INFO] 2023-04-05 00:21:57.841752 Epoch [54/100] batch [129/391] loss 1.3682 lr 0.045294584334074316 acc 62.50% eta 0:27:18
2023-04-05 00:22:09,942 - __main__ - INFO - [INFO] 2023-04-05 00:22:09.942252 Epoch [54/100] batch [257/391] loss 1.6377 lr 0.045294584334074316 acc 53.91% eta 0:26:46
2023-04-05 00:22:21,800 - __main__ - INFO - [INFO] 2023-04-05 00:22:21.800125 Epoch [54/100] batch [385/391] loss 1.6738 lr 0.045294584334074316 acc 53.91% eta 0:26:18
2023-04-05 00:22:22,327 - __main__ - INFO - Computing epoch 54 validation accuracy...
2023-04-05 00:22:25,634 - __main__ - INFO - Computing epoch 54 validation loss...
2023-04-05 00:22:28,988 - __main__ - INFO - [INFO] 2023-04-05 00:22:28.988213 Epoch [55/100] batch [1/391] loss 1.4482 lr 0.043733338321784825 acc 53.12% eta 0:28:01
2023-04-05 00:22:41,014 - __main__ - INFO - [INFO] 2023-04-05 00:22:41.014416 Epoch [55/100] batch [129/391] loss 1.3242 lr 0.043733338321784825 acc 60.16% eta 0:25:57
2023-04-05 00:22:52,846 - __main__ - INFO - [INFO] 2023-04-05 00:22:52.846550 Epoch [55/100] batch [257/391] loss 1.4590 lr 0.043733338321784825 acc 58.59% eta 0:25:32
2023-04-05 00:23:04,705 - __main__ - INFO - [INFO] 2023-04-05 00:23:04.705025 Epoch [55/100] batch [385/391] loss 1.3613 lr 0.043733338321784825 acc 57.81% eta 0:25:19
2023-04-05 00:23:05,251 - __main__ - INFO - Computing epoch 55 validation accuracy...
2023-04-05 00:23:08,586 - __main__ - INFO - Computing epoch 55 validation loss...
2023-04-05 00:23:12,193 - __main__ - INFO - [INFO] 2023-04-05 00:23:12.193575 Epoch [56/100] batch [1/391] loss 1.4805 lr 0.042178276747988484 acc 58.59% eta 0:37:14
2023-04-05 00:23:24,222 - __main__ - INFO - [INFO] 2023-04-05 00:23:24.222438 Epoch [56/100] batch [129/391] loss 1.4609 lr 0.042178276747988484 acc 56.25% eta 0:25:25
2023-04-05 00:23:36,285 - __main__ - INFO - [INFO] 2023-04-05 00:23:36.284950 Epoch [56/100] batch [257/391] loss 1.6230 lr 0.042178276747988484 acc 47.66% eta 0:25:17
2023-04-05 00:23:48,353 - __main__ - INFO - [INFO] 2023-04-05 00:23:48.353107 Epoch [56/100] batch [385/391] loss 1.5830 lr 0.042178276747988484 acc 50.78% eta 0:25:06
2023-04-05 00:23:48,931 - __main__ - INFO - Computing epoch 56 validation accuracy...
2023-04-05 00:23:52,299 - __main__ - INFO - Computing epoch 56 validation loss...
2023-04-05 00:23:55,750 - __main__ - INFO - [INFO] 2023-04-05 00:23:55.750695 Epoch [57/100] batch [1/391] loss 1.4102 lr 0.0406309342707138 acc 60.94% eta 0:40:54
2023-04-05 00:24:07,597 - __main__ - INFO - [INFO] 2023-04-05 00:24:07.597548 Epoch [57/100] batch [129/391] loss 1.3369 lr 0.0406309342707138 acc 60.94% eta 0:24:33
2023-04-05 00:24:19,594 - __main__ - INFO - [INFO] 2023-04-05 00:24:19.594790 Epoch [57/100] batch [257/391] loss 1.3574 lr 0.0406309342707138 acc 63.28% eta 0:24:29
2023-04-05 00:24:31,397 - __main__ - INFO - [INFO] 2023-04-05 00:24:31.396875 Epoch [57/100] batch [385/391] loss 1.5000 lr 0.0406309342707138 acc 57.03% eta 0:24:12
2023-04-05 00:24:31,926 - __main__ - INFO - Computing epoch 57 validation accuracy...
2023-04-05 00:24:35,163 - __main__ - INFO - Computing epoch 57 validation loss...
2023-04-05 00:24:38,611 - __main__ - INFO - [INFO] 2023-04-05 00:24:38.611112 Epoch [58/100] batch [1/391] loss 1.2461 lr 0.039092837930172916 acc 65.62% eta 0:29:45
2023-04-05 00:24:50,875 - __main__ - INFO - [INFO] 2023-04-05 00:24:50.874916 Epoch [58/100] batch [129/391] loss 1.4014 lr 0.039092837930172916 acc 63.28% eta 0:24:50
2023-04-05 00:25:02,764 - __main__ - INFO - [INFO] 2023-04-05 00:25:02.763944 Epoch [58/100] batch [257/391] loss 1.3164 lr 0.039092837930172916 acc 55.47% eta 0:24:14
2023-04-05 00:25:14,724 - __main__ - INFO - [INFO] 2023-04-05 00:25:14.724476 Epoch [58/100] batch [385/391] loss 1.7422 lr 0.039092837930172916 acc 49.22% eta 0:23:55
2023-04-05 00:25:15,249 - __main__ - INFO - Computing epoch 58 validation accuracy...
2023-04-05 00:25:18,469 - __main__ - INFO - Computing epoch 58 validation loss...
2023-04-05 00:25:21,830 - __main__ - INFO - [INFO] 2023-04-05 00:25:21.830107 Epoch [59/100] batch [1/391] loss 1.5967 lr 0.037565505641757285 acc 50.78% eta 0:24:29
2023-04-05 00:25:33,655 - __main__ - INFO - [INFO] 2023-04-05 00:25:33.654843 Epoch [59/100] batch [129/391] loss 1.4121 lr 0.037565505641757285 acc 57.81% eta 0:23:13
2023-04-05 00:25:45,577 - __main__ - INFO - [INFO] 2023-04-05 00:25:45.577447 Epoch [59/100] batch [257/391] loss 1.2988 lr 0.037565505641757285 acc 64.84% eta 0:23:10
2023-04-05 00:25:57,467 - __main__ - INFO - [INFO] 2023-04-05 00:25:57.467368 Epoch [59/100] batch [385/391] loss 1.3193 lr 0.037565505641757285 acc 59.38% eta 0:23:02
2023-04-05 00:25:58,025 - __main__ - INFO - Computing epoch 59 validation accuracy...
2023-04-05 00:26:01,230 - __main__ - INFO - Computing epoch 59 validation loss...
2023-04-05 00:26:04,520 - __main__ - INFO - [INFO] 2023-04-05 00:26:04.520659 Epoch [60/100] batch [1/391] loss 1.2402 lr 0.03605044469803857 acc 58.59% eta 0:26:49
2023-04-05 00:26:16,378 - __main__ - INFO - [INFO] 2023-04-05 00:26:16.378656 Epoch [60/100] batch [129/391] loss 1.4180 lr 0.03605044469803857 acc 57.81% eta 0:22:43
2023-04-05 00:26:28,207 - __main__ - INFO - [INFO] 2023-04-05 00:26:28.207441 Epoch [60/100] batch [257/391] loss 1.4727 lr 0.03605044469803857 acc 59.38% eta 0:22:31
2023-04-05 00:26:40,042 - __main__ - INFO - [INFO] 2023-04-05 00:26:40.042326 Epoch [60/100] batch [385/391] loss 1.4072 lr 0.03605044469803857 acc 64.06% eta 0:22:21
2023-04-05 00:26:40,576 - __main__ - INFO - Computing epoch 60 validation accuracy...
2023-04-05 00:26:43,851 - __main__ - INFO - Computing epoch 60 validation loss...
2023-04-05 00:26:47,328 - __main__ - INFO - [INFO] 2023-04-05 00:26:47.327862 Epoch [61/100] batch [1/391] loss 1.2109 lr 0.034549150281252675 acc 65.62% eta 0:24:54
2023-04-05 00:26:59,212 - __main__ - INFO - [INFO] 2023-04-05 00:26:59.212397 Epoch [61/100] batch [129/391] loss 1.3818 lr 0.034549150281252675 acc 58.59% eta 0:22:15
2023-04-05 00:27:11,284 - __main__ - INFO - [INFO] 2023-04-05 00:27:11.284396 Epoch [61/100] batch [257/391] loss 1.2021 lr 0.034549150281252675 acc 55.47% eta 0:22:14
2023-04-05 00:27:23,226 - __main__ - INFO - [INFO] 2023-04-05 00:27:23.226704 Epoch [61/100] batch [385/391] loss 1.4336 lr 0.034549150281252675 acc 60.94% eta 0:22:03
2023-04-05 00:27:23,767 - __main__ - INFO - Computing epoch 61 validation accuracy...
2023-04-05 00:27:26,992 - __main__ - INFO - Computing epoch 61 validation loss...
2023-04-05 00:27:30,356 - __main__ - INFO - [INFO] 2023-04-05 00:27:30.355928 Epoch [62/100] batch [1/391] loss 1.3994 lr 0.03306310398773546 acc 54.69% eta 0:22:33
2023-04-05 00:27:42,190 - __main__ - INFO - [INFO] 2023-04-05 00:27:42.190320 Epoch [62/100] batch [129/391] loss 1.1006 lr 0.03306310398773546 acc 69.53% eta 0:21:31
2023-04-05 00:27:54,159 - __main__ - INFO - [INFO] 2023-04-05 00:27:54.159404 Epoch [62/100] batch [257/391] loss 1.1016 lr 0.03306310398773546 acc 63.28% eta 0:21:27
2023-04-05 00:28:06,217 - __main__ - INFO - [INFO] 2023-04-05 00:28:06.217326 Epoch [62/100] batch [385/391] loss 1.4082 lr 0.03306310398773546 acc 64.06% eta 0:21:24
2023-04-05 00:28:06,750 - __main__ - INFO - Computing epoch 62 validation accuracy...
2023-04-05 00:28:09,958 - __main__ - INFO - Computing epoch 62 validation loss...
2023-04-05 00:28:13,280 - __main__ - INFO - [INFO] 2023-04-05 00:28:13.280473 Epoch [63/100] batch [1/391] loss 1.3486 lr 0.031593772365766146 acc 58.59% eta 0:22:56
2023-04-05 00:28:25,238 - __main__ - INFO - [INFO] 2023-04-05 00:28:25.237845 Epoch [63/100] batch [129/391] loss 1.1973 lr 0.031593772365766146 acc 70.31% eta 0:21:18
2023-04-05 00:28:37,385 - __main__ - INFO - [INFO] 2023-04-05 00:28:37.385600 Epoch [63/100] batch [257/391] loss 1.4414 lr 0.031593772365766146 acc 54.69% eta 0:21:15
2023-04-05 00:28:49,341 - __main__ - INFO - [INFO] 2023-04-05 00:28:49.341715 Epoch [63/100] batch [385/391] loss 1.1523 lr 0.031593772365766146 acc 64.84% eta 0:21:01
2023-04-05 00:28:49,955 - __main__ - INFO - Computing epoch 63 validation accuracy...
2023-04-05 00:28:53,193 - __main__ - INFO - Computing epoch 63 validation loss...
2023-04-05 00:28:56,628 - __main__ - INFO - [INFO] 2023-04-05 00:28:56.628161 Epoch [64/100] batch [1/391] loss 1.2188 lr 0.030142605468260992 acc 65.62% eta 0:23:49
2023-04-05 00:29:08,468 - __main__ - INFO - [INFO] 2023-04-05 00:29:08.468670 Epoch [64/100] batch [129/391] loss 0.9629 lr 0.030142605468260992 acc 71.09% eta 0:20:27
2023-04-05 00:29:20,323 - __main__ - INFO - [INFO] 2023-04-05 00:29:20.323582 Epoch [64/100] batch [257/391] loss 1.1396 lr 0.030142605468260992 acc 70.31% eta 0:20:19
2023-04-05 00:29:32,283 - __main__ - INFO - [INFO] 2023-04-05 00:29:32.283748 Epoch [64/100] batch [385/391] loss 1.3975 lr 0.030142605468260992 acc 56.25% eta 0:20:12
2023-04-05 00:29:32,837 - __main__ - INFO - Computing epoch 64 validation accuracy...
2023-04-05 00:29:36,273 - __main__ - INFO - Computing epoch 64 validation loss...
2023-04-05 00:29:39,618 - __main__ - INFO - [INFO] 2023-04-05 00:29:39.618842 Epoch [65/100] batch [1/391] loss 1.2021 lr 0.028711035421746394 acc 60.94% eta 0:24:54
2023-04-05 00:29:51,644 - __main__ - INFO - [INFO] 2023-04-05 00:29:51.644438 Epoch [65/100] batch [129/391] loss 1.3857 lr 0.028711035421746394 acc 60.16% eta 0:20:19
2023-04-05 00:30:03,429 - __main__ - INFO - [INFO] 2023-04-05 00:30:03.429458 Epoch [65/100] batch [257/391] loss 1.2051 lr 0.028711035421746394 acc 64.84% eta 0:19:55
2023-04-05 00:30:17,430 - __main__ - INFO - [INFO] 2023-04-05 00:30:17.430444 Epoch [65/100] batch [385/391] loss 1.3418 lr 0.028711035421746394 acc 61.72% eta 0:20:50
2023-04-05 00:30:18,104 - __main__ - INFO - Computing epoch 65 validation accuracy...
2023-04-05 00:30:21,486 - __main__ - INFO - Computing epoch 65 validation loss...
2023-04-05 00:30:24,896 - __main__ - INFO - [INFO] 2023-04-05 00:30:24.896697 Epoch [66/100] batch [1/391] loss 1.2412 lr 0.027300475013022688 acc 54.69% eta 0:24:15
2023-04-05 00:30:36,771 - __main__ - INFO - [INFO] 2023-04-05 00:30:36.770843 Epoch [66/100] batch [129/391] loss 1.3828 lr 0.027300475013022688 acc 66.41% eta 0:19:22
2023-04-05 00:30:48,665 - __main__ - INFO - [INFO] 2023-04-05 00:30:48.664900 Epoch [66/100] batch [257/391] loss 1.5703 lr 0.027300475013022688 acc 53.12% eta 0:19:14
2023-04-05 00:31:00,640 - __main__ - INFO - [INFO] 2023-04-05 00:31:00.640628 Epoch [66/100] batch [385/391] loss 1.2412 lr 0.027300475013022688 acc 67.19% eta 0:19:08
2023-04-05 00:31:01,194 - __main__ - INFO - Computing epoch 66 validation accuracy...
2023-04-05 00:31:04,494 - __main__ - INFO - Computing epoch 66 validation loss...
2023-04-05 00:31:07,888 - __main__ - INFO - [INFO] 2023-04-05 00:31:07.888256 Epoch [67/100] batch [1/391] loss 1.4424 lr 0.025912316294914254 acc 53.12% eta 0:21:46
2023-04-05 00:31:19,863 - __main__ - INFO - [INFO] 2023-04-05 00:31:19.863786 Epoch [67/100] batch [129/391] loss 1.1611 lr 0.025912316294914254 acc 65.62% eta 0:19:04
2023-04-05 00:31:31,862 - __main__ - INFO - [INFO] 2023-04-05 00:31:31.862261 Epoch [67/100] batch [257/391] loss 1.3457 lr 0.025912316294914254 acc 63.28% eta 0:18:54
2023-04-05 00:31:43,870 - __main__ - INFO - [INFO] 2023-04-05 00:31:43.870307 Epoch [67/100] batch [385/391] loss 1.5107 lr 0.025912316294914254 acc 60.16% eta 0:18:44
2023-04-05 00:31:44,408 - __main__ - INFO - Computing epoch 67 validation accuracy...
2023-04-05 00:31:47,679 - __main__ - INFO - Computing epoch 67 validation loss...
2023-04-05 00:31:51,151 - __main__ - INFO - [INFO] 2023-04-05 00:31:51.151173 Epoch [68/100] batch [1/391] loss 1.1924 lr 0.02454792921248146 acc 67.97% eta 0:29:51
2023-04-05 00:32:03,114 - __main__ - INFO - [INFO] 2023-04-05 00:32:03.114589 Epoch [68/100] batch [129/391] loss 1.2178 lr 0.02454792921248146 acc 57.81% eta 0:18:32
2023-04-05 00:32:15,078 - __main__ - INFO - [INFO] 2023-04-05 00:32:15.077913 Epoch [68/100] batch [257/391] loss 1.4434 lr 0.02454792921248146 acc 53.12% eta 0:18:20
2023-04-05 00:32:27,338 - __main__ - INFO - [INFO] 2023-04-05 00:32:27.338508 Epoch [68/100] batch [385/391] loss 1.3135 lr 0.02454792921248146 acc 62.50% eta 0:18:15
2023-04-05 00:32:27,909 - __main__ - INFO - Computing epoch 68 validation accuracy...
2023-04-05 00:32:31,124 - __main__ - INFO - Computing epoch 68 validation loss...
2023-04-05 00:32:34,373 - __main__ - INFO - [INFO] 2023-04-05 00:32:34.373635 Epoch [69/100] batch [1/391] loss 1.2090 lr 0.02320866025105018 acc 64.84% eta 0:20:27
2023-04-05 00:32:46,371 - __main__ - INFO - [INFO] 2023-04-05 00:32:46.371502 Epoch [69/100] batch [129/391] loss 1.0635 lr 0.02320866025105018 acc 70.31% eta 0:17:55
2023-04-05 00:32:58,334 - __main__ - INFO - [INFO] 2023-04-05 00:32:58.333970 Epoch [69/100] batch [257/391] loss 1.1924 lr 0.02320866025105018 acc 67.19% eta 0:17:43
2023-04-05 00:33:10,081 - __main__ - INFO - [INFO] 2023-04-05 00:33:10.081630 Epoch [69/100] batch [385/391] loss 1.1895 lr 0.02320866025105018 acc 65.62% eta 0:17:27
2023-04-05 00:33:10,610 - __main__ - INFO - Computing epoch 69 validation accuracy...
2023-04-05 00:33:13,706 - __main__ - INFO - Computing epoch 69 validation loss...
2023-04-05 00:33:17,293 - __main__ - INFO - [INFO] 2023-04-05 00:33:17.293900 Epoch [70/100] batch [1/391] loss 1.1016 lr 0.021895831107393487 acc 70.31% eta 0:19:43
2023-04-05 00:33:31,191 - __main__ - INFO - [INFO] 2023-04-05 00:33:31.191003 Epoch [70/100] batch [129/391] loss 1.1514 lr 0.021895831107393487 acc 62.50% eta 0:20:11
2023-04-05 00:33:42,850 - __main__ - INFO - [INFO] 2023-04-05 00:33:42.850679 Epoch [70/100] batch [257/391] loss 1.2129 lr 0.021895831107393487 acc 67.19% eta 0:18:22
2023-04-05 00:33:54,485 - __main__ - INFO - [INFO] 2023-04-05 00:33:54.485154 Epoch [70/100] batch [385/391] loss 1.2490 lr 0.021895831107393487 acc 64.84% eta 0:17:37
2023-04-05 00:33:55,035 - __main__ - INFO - Computing epoch 70 validation accuracy...
2023-04-05 00:33:58,269 - __main__ - INFO - Computing epoch 70 validation loss...
2023-04-05 00:34:01,607 - __main__ - INFO - [INFO] 2023-04-05 00:34:01.606975 Epoch [71/100] batch [1/391] loss 1.0674 lr 0.02061073738537637 acc 67.19% eta 0:19:13
2023-04-05 00:34:13,751 - __main__ - INFO - [INFO] 2023-04-05 00:34:13.750999 Epoch [71/100] batch [129/391] loss 1.1650 lr 0.02061073738537637 acc 66.41% eta 0:17:00
2023-04-05 00:34:25,772 - __main__ - INFO - [INFO] 2023-04-05 00:34:25.772581 Epoch [71/100] batch [257/391] loss 1.1729 lr 0.02061073738537637 acc 62.50% eta 0:16:43
2023-04-05 00:34:37,626 - __main__ - INFO - [INFO] 2023-04-05 00:34:37.626340 Epoch [71/100] batch [385/391] loss 1.2568 lr 0.02061073738537637 acc 61.72% eta 0:16:28
2023-04-05 00:34:38,148 - __main__ - INFO - Computing epoch 71 validation accuracy...
2023-04-05 00:34:41,235 - __main__ - INFO - Computing epoch 71 validation loss...
2023-04-05 00:34:44,483 - __main__ - INFO - [INFO] 2023-04-05 00:34:44.483723 Epoch [72/100] batch [1/391] loss 1.2354 lr 0.01935464731735119 acc 67.97% eta 0:18:27
2023-04-05 00:34:55,986 - __main__ - INFO - [INFO] 2023-04-05 00:34:55.986422 Epoch [72/100] batch [129/391] loss 1.0576 lr 0.01935464731735119 acc 63.28% eta 0:15:37
2023-04-05 00:35:07,791 - __main__ - INFO - [INFO] 2023-04-05 00:35:07.791543 Epoch [72/100] batch [257/391] loss 1.2832 lr 0.01935464731735119 acc 60.16% eta 0:15:37
2023-04-05 00:35:19,673 - __main__ - INFO - [INFO] 2023-04-05 00:35:19.673727 Epoch [72/100] batch [385/391] loss 1.2285 lr 0.01935464731735119 acc 62.50% eta 0:15:32
2023-04-05 00:35:20,203 - __main__ - INFO - Computing epoch 72 validation accuracy...
2023-04-05 00:35:23,415 - __main__ - INFO - Computing epoch 72 validation loss...
2023-04-05 00:35:26,720 - __main__ - INFO - [INFO] 2023-04-05 00:35:26.719908 Epoch [73/100] batch [1/391] loss 1.0664 lr 0.018128800512565532 acc 69.53% eta 0:16:44
2023-04-05 00:35:38,371 - __main__ - INFO - [INFO] 2023-04-05 00:35:38.371593 Epoch [73/100] batch [129/391] loss 1.1582 lr 0.018128800512565532 acc 63.28% eta 0:15:15
2023-04-05 00:35:50,319 - __main__ - INFO - [INFO] 2023-04-05 00:35:50.319340 Epoch [73/100] batch [257/391] loss 1.1885 lr 0.018128800512565532 acc 62.50% eta 0:15:14
2023-04-05 00:36:02,189 - __main__ - INFO - [INFO] 2023-04-05 00:36:02.189250 Epoch [73/100] batch [385/391] loss 1.1318 lr 0.018128800512565532 acc 68.75% eta 0:15:06
2023-04-05 00:36:02,731 - __main__ - INFO - Computing epoch 73 validation accuracy...
2023-04-05 00:36:05,926 - __main__ - INFO - Computing epoch 73 validation loss...
2023-04-05 00:36:09,264 - __main__ - INFO - [INFO] 2023-04-05 00:36:09.264432 Epoch [74/100] batch [1/391] loss 1.0703 lr 0.016934406733817433 acc 65.62% eta 0:17:31
2023-04-05 00:36:21,261 - __main__ - INFO - [INFO] 2023-04-05 00:36:21.261603 Epoch [74/100] batch [129/391] loss 1.1104 lr 0.016934406733817433 acc 65.62% eta 0:15:08
2023-04-05 00:36:33,313 - __main__ - INFO - [INFO] 2023-04-05 00:36:33.313762 Epoch [74/100] batch [257/391] loss 1.1250 lr 0.016934406733817433 acc 64.06% eta 0:14:59
2023-04-05 00:36:45,155 - __main__ - INFO - [INFO] 2023-04-05 00:36:45.155759 Epoch [74/100] batch [385/391] loss 1.3076 lr 0.016934406733817433 acc 62.50% eta 0:14:43
2023-04-05 00:36:45,680 - __main__ - INFO - Computing epoch 74 validation accuracy...
2023-04-05 00:36:48,871 - __main__ - INFO - Computing epoch 74 validation loss...
2023-04-05 00:36:52,252 - __main__ - INFO - [INFO] 2023-04-05 00:36:52.252123 Epoch [75/100] batch [1/391] loss 1.0156 lr 0.01577264470356558 acc 67.19% eta 0:14:49
2023-04-05 00:37:03,890 - __main__ - INFO - [INFO] 2023-04-05 00:37:03.890081 Epoch [75/100] batch [129/391] loss 1.0977 lr 0.01577264470356558 acc 68.75% eta 0:14:07
2023-04-05 00:37:15,974 - __main__ - INFO - [INFO] 2023-04-05 00:37:15.973942 Epoch [75/100] batch [257/391] loss 1.0850 lr 0.01577264470356558 acc 64.06% eta 0:14:12
2023-04-05 00:37:27,844 - __main__ - INFO - [INFO] 2023-04-05 00:37:27.844245 Epoch [75/100] batch [385/391] loss 1.2598 lr 0.01577264470356558 acc 63.28% eta 0:14:02
2023-04-05 00:37:28,366 - __main__ - INFO - Computing epoch 75 validation accuracy...
2023-04-05 00:37:31,537 - __main__ - INFO - Computing epoch 75 validation loss...
2023-04-05 00:37:34,782 - __main__ - INFO - [INFO] 2023-04-05 00:37:34.782820 Epoch [76/100] batch [1/391] loss 0.8384 lr 0.014644660940672643 acc 78.91% eta 0:15:09
2023-04-05 00:37:46,390 - __main__ - INFO - [INFO] 2023-04-05 00:37:46.389947 Epoch [76/100] batch [129/391] loss 1.3184 lr 0.014644660940672643 acc 61.72% eta 0:13:33
2023-04-05 00:37:58,311 - __main__ - INFO - [INFO] 2023-04-05 00:37:58.310880 Epoch [76/100] batch [257/391] loss 1.2510 lr 0.014644660940672643 acc 64.06% eta 0:13:32
2023-04-05 00:38:10,078 - __main__ - INFO - [INFO] 2023-04-05 00:38:10.078205 Epoch [76/100] batch [385/391] loss 1.2529 lr 0.014644660940672643 acc 67.97% eta 0:13:22
2023-04-05 00:38:10,604 - __main__ - INFO - Computing epoch 76 validation accuracy...
2023-04-05 00:38:13,867 - __main__ - INFO - Computing epoch 76 validation loss...
2023-04-05 00:38:17,144 - __main__ - INFO - [INFO] 2023-04-05 00:38:17.144801 Epoch [77/100] batch [1/391] loss 1.2227 lr 0.013551568628929448 acc 59.38% eta 0:14:39
2023-04-05 00:38:28,940 - __main__ - INFO - [INFO] 2023-04-05 00:38:28.939853 Epoch [77/100] batch [129/391] loss 1.0723 lr 0.013551568628929448 acc 71.88% eta 0:13:10
2023-04-05 00:38:40,550 - __main__ - INFO - [INFO] 2023-04-05 00:38:40.550257 Epoch [77/100] batch [257/391] loss 0.9043 lr 0.013551568628929448 acc 74.22% eta 0:12:53
2023-04-05 00:38:52,097 - __main__ - INFO - [INFO] 2023-04-05 00:38:52.097764 Epoch [77/100] batch [385/391] loss 1.0479 lr 0.013551568628929448 acc 72.66% eta 0:12:40
2023-04-05 00:38:52,627 - __main__ - INFO - Computing epoch 77 validation accuracy...
2023-04-05 00:38:55,962 - __main__ - INFO - Computing epoch 77 validation loss...
2023-04-05 00:38:59,307 - __main__ - INFO - [INFO] 2023-04-05 00:38:59.307549 Epoch [78/100] batch [1/391] loss 1.1475 lr 0.012494446518477033 acc 67.97% eta 0:14:43
2023-04-05 00:39:10,808 - __main__ - INFO - [INFO] 2023-04-05 00:39:10.808146 Epoch [78/100] batch [129/391] loss 1.1250 lr 0.012494446518477033 acc 72.66% eta 0:12:21
2023-04-05 00:39:22,649 - __main__ - INFO - [INFO] 2023-04-05 00:39:22.649704 Epoch [78/100] batch [257/391] loss 1.1475 lr 0.012494446518477033 acc 68.75% eta 0:12:21
2023-04-05 00:39:34,272 - __main__ - INFO - [INFO] 2023-04-05 00:39:34.272462 Epoch [78/100] batch [385/391] loss 1.0928 lr 0.012494446518477033 acc 71.88% eta 0:12:08
2023-04-05 00:39:34,791 - __main__ - INFO - Computing epoch 78 validation accuracy...
2023-04-05 00:39:37,958 - __main__ - INFO - Computing epoch 78 validation loss...
2023-04-05 00:39:41,313 - __main__ - INFO - [INFO] 2023-04-05 00:39:41.313735 Epoch [79/100] batch [1/391] loss 1.0635 lr 0.011474337861210555 acc 72.66% eta 0:12:38
2023-04-05 00:39:53,234 - __main__ - INFO - [INFO] 2023-04-05 00:39:53.234284 Epoch [79/100] batch [129/391] loss 0.9990 lr 0.011474337861210555 acc 71.09% eta 0:12:13
2023-04-05 00:40:05,153 - __main__ - INFO - [INFO] 2023-04-05 00:40:05.153154 Epoch [79/100] batch [257/391] loss 1.1699 lr 0.011474337861210555 acc 61.72% eta 0:12:01
2023-04-05 00:40:17,533 - __main__ - INFO - [INFO] 2023-04-05 00:40:17.533494 Epoch [79/100] batch [385/391] loss 1.1104 lr 0.011474337861210555 acc 65.62% eta 0:11:59
2023-04-05 00:40:18,093 - __main__ - INFO - Computing epoch 79 validation accuracy...
2023-04-05 00:40:21,605 - __main__ - INFO - Computing epoch 79 validation loss...
2023-04-05 00:40:25,157 - __main__ - INFO - [INFO] 2023-04-05 00:40:25.157301 Epoch [80/100] batch [1/391] loss 1.0449 lr 0.01049224938121549 acc 67.19% eta 0:12:57
2023-04-05 00:40:37,374 - __main__ - INFO - [INFO] 2023-04-05 00:40:37.374600 Epoch [80/100] batch [129/391] loss 0.9658 lr 0.01049224938121549 acc 72.66% eta 0:11:57
2023-04-05 00:40:48,986 - __main__ - INFO - [INFO] 2023-04-05 00:40:48.986415 Epoch [80/100] batch [257/391] loss 0.8848 lr 0.01049224938121549 acc 75.00% eta 0:11:28
2023-04-05 00:41:00,813 - __main__ - INFO - [INFO] 2023-04-05 00:41:00.812986 Epoch [80/100] batch [385/391] loss 0.9282 lr 0.01049224938121549 acc 74.22% eta 0:11:14
2023-04-05 00:41:01,365 - __main__ - INFO - Computing epoch 80 validation accuracy...
2023-04-05 00:41:04,483 - __main__ - INFO - Computing epoch 80 validation loss...
2023-04-05 00:41:07,742 - __main__ - INFO - [INFO] 2023-04-05 00:41:07.742808 Epoch [81/100] batch [1/391] loss 1.0107 lr 0.009549150281252642 acc 78.91% eta 0:11:19
2023-04-05 00:41:19,553 - __main__ - INFO - [INFO] 2023-04-05 00:41:19.553558 Epoch [81/100] batch [129/391] loss 0.8667 lr 0.009549150281252642 acc 75.78% eta 0:10:58
2023-04-05 00:41:31,641 - __main__ - INFO - [INFO] 2023-04-05 00:41:31.641554 Epoch [81/100] batch [257/391] loss 1.1113 lr 0.009549150281252642 acc 69.53% eta 0:10:54
2023-04-05 00:41:43,340 - __main__ - INFO - [INFO] 2023-04-05 00:41:43.340477 Epoch [81/100] batch [385/391] loss 1.1572 lr 0.009549150281252642 acc 68.75% eta 0:10:40
2023-04-05 00:41:43,874 - __main__ - INFO - Computing epoch 81 validation accuracy...
2023-04-05 00:41:47,075 - __main__ - INFO - Computing epoch 81 validation loss...
2023-04-05 00:41:50,465 - __main__ - INFO - [INFO] 2023-04-05 00:41:50.465000 Epoch [82/100] batch [1/391] loss 0.9116 lr 0.008645971286271922 acc 69.53% eta 0:11:18
2023-04-05 00:42:02,290 - __main__ - INFO - [INFO] 2023-04-05 00:42:02.290025 Epoch [82/100] batch [129/391] loss 1.0293 lr 0.008645971286271922 acc 67.19% eta 0:10:27
2023-04-05 00:42:14,079 - __main__ - INFO - [INFO] 2023-04-05 00:42:14.079675 Epoch [82/100] batch [257/391] loss 0.7568 lr 0.008645971286271922 acc 75.00% eta 0:10:15
2023-04-05 00:42:25,725 - __main__ - INFO - [INFO] 2023-04-05 00:42:25.725378 Epoch [82/100] batch [385/391] loss 0.9888 lr 0.008645971286271922 acc 74.22% eta 0:10:01
2023-04-05 00:42:26,238 - __main__ - INFO - Computing epoch 82 validation accuracy...
2023-04-05 00:42:29,311 - __main__ - INFO - Computing epoch 82 validation loss...
2023-04-05 00:42:32,548 - __main__ - INFO - [INFO] 2023-04-05 00:42:32.547967 Epoch [83/100] batch [1/391] loss 0.9546 lr 0.007783603724899264 acc 73.44% eta 0:11:08
2023-04-05 00:42:44,185 - __main__ - INFO - [INFO] 2023-04-05 00:42:44.185524 Epoch [83/100] batch [129/391] loss 0.8315 lr 0.007783603724899264 acc 75.78% eta 0:09:44
2023-04-05 00:42:55,969 - __main__ - INFO - [INFO] 2023-04-05 00:42:55.969605 Epoch [83/100] batch [257/391] loss 0.8604 lr 0.007783603724899264 acc 76.56% eta 0:09:36
2023-04-05 00:43:07,845 - __main__ - INFO - [INFO] 2023-04-05 00:43:07.844823 Epoch [83/100] batch [385/391] loss 0.9614 lr 0.007783603724899264 acc 69.53% eta 0:09:28
2023-04-05 00:43:08,389 - __main__ - INFO - Computing epoch 83 validation accuracy...
2023-04-05 00:43:11,583 - __main__ - INFO - Computing epoch 83 validation loss...
2023-04-05 00:43:14,859 - __main__ - INFO - [INFO] 2023-04-05 00:43:14.859045 Epoch [84/100] batch [1/391] loss 1.0127 lr 0.006962898649802819 acc 70.31% eta 0:10:44
2023-04-05 00:43:26,715 - __main__ - INFO - [INFO] 2023-04-05 00:43:26.715240 Epoch [84/100] batch [129/391] loss 0.8599 lr 0.006962898649802819 acc 80.47% eta 0:09:23
2023-04-05 00:43:38,436 - __main__ - INFO - [INFO] 2023-04-05 00:43:38.436040 Epoch [84/100] batch [257/391] loss 0.9971 lr 0.006962898649802819 acc 68.75% eta 0:09:08
2023-04-05 00:43:50,344 - __main__ - INFO - [INFO] 2023-04-05 00:43:50.344744 Epoch [84/100] batch [385/391] loss 0.9941 lr 0.006962898649802819 acc 67.97% eta 0:08:59
2023-04-05 00:43:50,869 - __main__ - INFO - Computing epoch 84 validation accuracy...
2023-04-05 00:43:54,131 - __main__ - INFO - Computing epoch 84 validation loss...
2023-04-05 00:43:57,555 - __main__ - INFO - [INFO] 2023-04-05 00:43:57.555431 Epoch [85/100] batch [1/391] loss 1.0293 lr 0.0061846659978068265 acc 70.31% eta 0:09:26
2023-04-05 00:44:09,525 - __main__ - INFO - [INFO] 2023-04-05 00:44:09.525020 Epoch [85/100] batch [129/391] loss 0.8901 lr 0.0061846659978068265 acc 75.00% eta 0:08:53
2023-04-05 00:44:21,391 - __main__ - INFO - [INFO] 2023-04-05 00:44:21.391392 Epoch [85/100] batch [257/391] loss 0.8262 lr 0.0061846659978068265 acc 74.22% eta 0:08:39
2023-04-05 00:44:33,166 - __main__ - INFO - [INFO] 2023-04-05 00:44:33.166308 Epoch [85/100] batch [385/391] loss 0.9312 lr 0.0061846659978068265 acc 75.00% eta 0:08:27
2023-04-05 00:44:33,695 - __main__ - INFO - Computing epoch 85 validation accuracy...
2023-04-05 00:44:36,853 - __main__ - INFO - Computing epoch 85 validation loss...
2023-04-05 00:44:40,093 - __main__ - INFO - [INFO] 2023-04-05 00:44:40.093853 Epoch [86/100] batch [1/391] loss 0.9473 lr 0.005449673790581615 acc 73.44% eta 0:08:49
2023-04-05 00:44:51,772 - __main__ - INFO - [INFO] 2023-04-05 00:44:51.772373 Epoch [86/100] batch [129/391] loss 0.7495 lr 0.005449673790581615 acc 80.47% eta 0:08:08
2023-04-05 00:45:03,882 - __main__ - INFO - [INFO] 2023-04-05 00:45:03.881975 Epoch [86/100] batch [257/391] loss 0.8330 lr 0.005449673790581615 acc 79.69% eta 0:08:05
2023-04-05 00:45:16,505 - __main__ - INFO - [INFO] 2023-04-05 00:45:16.504486 Epoch [86/100] batch [385/391] loss 1.1191 lr 0.005449673790581615 acc 68.75% eta 0:08:04
2023-04-05 00:45:17,030 - __main__ - INFO - Computing epoch 86 validation accuracy...
2023-04-05 00:45:20,265 - __main__ - INFO - Computing epoch 86 validation loss...
2023-04-05 00:45:23,628 - __main__ - INFO - [INFO] 2023-04-05 00:45:23.627657 Epoch [87/100] batch [1/391] loss 0.8579 lr 0.004758647376699036 acc 67.97% eta 0:09:54
2023-04-05 00:45:35,610 - __main__ - INFO - [INFO] 2023-04-05 00:45:35.610779 Epoch [87/100] batch [129/391] loss 0.9395 lr 0.004758647376699036 acc 75.78% eta 0:07:46
2023-04-05 00:45:47,360 - __main__ - INFO - [INFO] 2023-04-05 00:45:47.360114 Epoch [87/100] batch [257/391] loss 0.8511 lr 0.004758647376699036 acc 75.78% eta 0:07:31
2023-04-05 00:45:59,138 - __main__ - INFO - [INFO] 2023-04-05 00:45:59.138562 Epoch [87/100] batch [385/391] loss 0.9629 lr 0.004758647376699036 acc 72.66% eta 0:07:18
2023-04-05 00:45:59,684 - __main__ - INFO - Computing epoch 87 validation accuracy...
2023-04-05 00:46:02,986 - __main__ - INFO - Computing epoch 87 validation loss...
2023-04-05 00:46:06,604 - __main__ - INFO - [INFO] 2023-04-05 00:46:06.603857 Epoch [88/100] batch [1/391] loss 0.7627 lr 0.004112268715800957 acc 78.12% eta 0:11:15
2023-04-05 00:46:18,621 - __main__ - INFO - [INFO] 2023-04-05 00:46:18.621037 Epoch [88/100] batch [129/391] loss 0.8979 lr 0.004112268715800957 acc 72.66% eta 0:07:15
2023-04-05 00:46:30,224 - __main__ - INFO - [INFO] 2023-04-05 00:46:30.224735 Epoch [88/100] batch [257/391] loss 0.9893 lr 0.004112268715800957 acc 75.00% eta 0:06:56
2023-04-05 00:46:41,843 - __main__ - INFO - [INFO] 2023-04-05 00:46:41.843211 Epoch [88/100] batch [385/391] loss 0.8574 lr 0.004112268715800957 acc 74.22% eta 0:06:42
2023-04-05 00:46:42,398 - __main__ - INFO - Computing epoch 88 validation accuracy...
2023-04-05 00:46:45,575 - __main__ - INFO - Computing epoch 88 validation loss...
2023-04-05 00:46:48,877 - __main__ - INFO - [INFO] 2023-04-05 00:46:48.877360 Epoch [89/100] batch [1/391] loss 0.7842 lr 0.003511175705587435 acc 79.69% eta 0:07:10
2023-04-05 00:47:00,569 - __main__ - INFO - [INFO] 2023-04-05 00:47:00.569070 Epoch [89/100] batch [129/391] loss 0.8740 lr 0.003511175705587435 acc 78.12% eta 0:06:29
2023-04-05 00:47:12,488 - __main__ - INFO - [INFO] 2023-04-05 00:47:12.488164 Epoch [89/100] batch [257/391] loss 0.7036 lr 0.003511175705587435 acc 79.69% eta 0:06:21
2023-04-05 00:47:24,622 - __main__ - INFO - [INFO] 2023-04-05 00:47:24.622308 Epoch [89/100] batch [385/391] loss 0.8472 lr 0.003511175705587435 acc 78.12% eta 0:06:13
2023-04-05 00:47:25,148 - __main__ - INFO - Computing epoch 89 validation accuracy...
2023-04-05 00:47:28,238 - __main__ - INFO - Computing epoch 89 validation loss...
2023-04-05 00:47:31,497 - __main__ - INFO - [INFO] 2023-04-05 00:47:31.497602 Epoch [90/100] batch [1/391] loss 0.8306 lr 0.0029559615522887295 acc 79.69% eta 0:06:46
2023-04-05 00:47:43,161 - __main__ - INFO - [INFO] 2023-04-05 00:47:43.161119 Epoch [90/100] batch [129/391] loss 0.7754 lr 0.0029559615522887295 acc 80.47% eta 0:05:54
2023-04-05 00:47:55,067 - __main__ - INFO - [INFO] 2023-04-05 00:47:55.066817 Epoch [90/100] batch [257/391] loss 0.8530 lr 0.0029559615522887295 acc 77.34% eta 0:05:47
2023-04-05 00:48:06,915 - __main__ - INFO - [INFO] 2023-04-05 00:48:06.915094 Epoch [90/100] batch [385/391] loss 0.9038 lr 0.0029559615522887295 acc 75.00% eta 0:05:36
2023-04-05 00:48:07,449 - __main__ - INFO - Computing epoch 90 validation accuracy...
2023-04-05 00:48:10,700 - __main__ - INFO - Computing epoch 90 validation loss...
2023-04-05 00:48:14,033 - __main__ - INFO - [INFO] 2023-04-05 00:48:14.033326 Epoch [91/100] batch [1/391] loss 0.8633 lr 0.0024471741852423253 acc 78.12% eta 0:06:17
2023-04-05 00:48:26,462 - __main__ - INFO - [INFO] 2023-04-05 00:48:26.462094 Epoch [91/100] batch [129/391] loss 0.7520 lr 0.0024471741852423253 acc 78.12% eta 0:05:41
2023-04-05 00:48:38,395 - __main__ - INFO - [INFO] 2023-04-05 00:48:38.395559 Epoch [91/100] batch [257/391] loss 0.8838 lr 0.0024471741852423253 acc 75.78% eta 0:05:23
2023-04-05 00:48:50,561 - __main__ - INFO - [INFO] 2023-04-05 00:48:50.561122 Epoch [91/100] batch [385/391] loss 0.7402 lr 0.0024471741852423253 acc 78.91% eta 0:05:12
2023-04-05 00:48:51,081 - __main__ - INFO - Computing epoch 91 validation accuracy...
2023-04-05 00:48:54,272 - __main__ - INFO - Computing epoch 91 validation loss...
2023-04-05 00:48:57,570 - __main__ - INFO - [INFO] 2023-04-05 00:48:57.570677 Epoch [92/100] batch [1/391] loss 0.6758 lr 0.0019853157161528537 acc 83.59% eta 0:05:25
2023-04-05 00:49:10,746 - __main__ - INFO - [INFO] 2023-04-05 00:49:10.746129 Epoch [92/100] batch [129/391] loss 0.7500 lr 0.0019853157161528537 acc 75.78% eta 0:05:24
2023-04-05 00:49:22,723 - __main__ - INFO - [INFO] 2023-04-05 00:49:22.723752 Epoch [92/100] batch [257/391] loss 0.8730 lr 0.0019853157161528537 acc 80.47% eta 0:04:58
2023-04-05 00:49:34,622 - __main__ - INFO - [INFO] 2023-04-05 00:49:34.622103 Epoch [92/100] batch [385/391] loss 0.7827 lr 0.0019853157161528537 acc 80.47% eta 0:04:41
2023-04-05 00:49:35,170 - __main__ - INFO - Computing epoch 92 validation accuracy...
2023-04-05 00:49:38,362 - __main__ - INFO - Computing epoch 92 validation loss...
2023-04-05 00:49:41,730 - __main__ - INFO - [INFO] 2023-04-05 00:49:41.730037 Epoch [93/100] batch [1/391] loss 0.8110 lr 0.0015708419435684529 acc 82.03% eta 0:04:45
2023-04-05 00:49:53,492 - __main__ - INFO - [INFO] 2023-04-05 00:49:53.492710 Epoch [93/100] batch [129/391] loss 0.6670 lr 0.0015708419435684529 acc 80.47% eta 0:04:17
2023-04-05 00:50:05,338 - __main__ - INFO - [INFO] 2023-04-05 00:50:05.337816 Epoch [93/100] batch [257/391] loss 0.8760 lr 0.0015708419435684529 acc 75.78% eta 0:04:06
2023-04-05 00:50:17,188 - __main__ - INFO - [INFO] 2023-04-05 00:50:17.188474 Epoch [93/100] batch [385/391] loss 0.9126 lr 0.0015708419435684529 acc 75.00% eta 0:03:56
2023-04-05 00:50:17,724 - __main__ - INFO - Computing epoch 93 validation accuracy...
2023-04-05 00:50:20,848 - __main__ - INFO - Computing epoch 93 validation loss...
2023-04-05 00:50:24,129 - __main__ - INFO - [INFO] 2023-04-05 00:50:24.129798 Epoch [94/100] batch [1/391] loss 0.7832 lr 0.0012041619030626347 acc 78.12% eta 0:04:25
2023-04-05 00:50:35,888 - __main__ - INFO - [INFO] 2023-04-05 00:50:35.888149 Epoch [94/100] batch [129/391] loss 0.8574 lr 0.0012041619030626347 acc 78.12% eta 0:03:43
2023-04-05 00:50:47,398 - __main__ - INFO - [INFO] 2023-04-05 00:50:47.398794 Epoch [94/100] batch [257/391] loss 0.7979 lr 0.0012041619030626347 acc 74.22% eta 0:03:30
2023-04-05 00:50:59,033 - __main__ - INFO - [INFO] 2023-04-05 00:50:59.033289 Epoch [94/100] batch [385/391] loss 0.9082 lr 0.0012041619030626347 acc 73.44% eta 0:03:19
2023-04-05 00:50:59,542 - __main__ - INFO - Computing epoch 94 validation accuracy...
2023-04-05 00:51:02,627 - __main__ - INFO - Computing epoch 94 validation loss...
2023-04-05 00:51:05,885 - __main__ - INFO - [INFO] 2023-04-05 00:51:05.885260 Epoch [95/100] batch [1/391] loss 0.7646 lr 0.0008856374635655646 acc 79.69% eta 0:03:37
2023-04-05 00:51:17,560 - __main__ - INFO - [INFO] 2023-04-05 00:51:17.560409 Epoch [95/100] batch [129/391] loss 0.7354 lr 0.0008856374635655646 acc 78.12% eta 0:03:08
2023-04-05 00:51:29,352 - __main__ - INFO - [INFO] 2023-04-05 00:51:29.352115 Epoch [95/100] batch [257/391] loss 0.7046 lr 0.0008856374635655646 acc 86.72% eta 0:02:58
2023-04-05 00:51:41,403 - __main__ - INFO - [INFO] 2023-04-05 00:51:41.403302 Epoch [95/100] batch [385/391] loss 0.7529 lr 0.0008856374635655646 acc 81.25% eta 0:02:48
2023-04-05 00:51:41,932 - __main__ - INFO - Computing epoch 95 validation accuracy...
2023-04-05 00:51:45,158 - __main__ - INFO - Computing epoch 95 validation loss...
2023-04-05 00:51:48,459 - __main__ - INFO - [INFO] 2023-04-05 00:51:48.459059 Epoch [96/100] batch [1/391] loss 0.6680 lr 0.0006155829702431174 acc 84.38% eta 0:02:57
2023-04-05 00:52:00,160 - __main__ - INFO - [INFO] 2023-04-05 00:52:00.159974 Epoch [96/100] batch [129/391] loss 0.9185 lr 0.0006155829702431174 acc 71.88% eta 0:02:35
2023-04-05 00:52:12,103 - __main__ - INFO - [INFO] 2023-04-05 00:52:12.103297 Epoch [96/100] batch [257/391] loss 0.9468 lr 0.0006155829702431174 acc 71.09% eta 0:02:26
2023-04-05 00:52:24,041 - __main__ - INFO - [INFO] 2023-04-05 00:52:24.041314 Epoch [96/100] batch [385/391] loss 0.6396 lr 0.0006155829702431174 acc 80.47% eta 0:02:15
2023-04-05 00:52:24,569 - __main__ - INFO - Computing epoch 96 validation accuracy...
2023-04-05 00:52:27,769 - __main__ - INFO - Computing epoch 96 validation loss...
2023-04-05 00:52:31,109 - __main__ - INFO - [INFO] 2023-04-05 00:52:31.109137 Epoch [97/100] batch [1/391] loss 0.9102 lr 0.00039426493427611206 acc 71.88% eta 0:03:53
2023-04-05 00:52:42,966 - __main__ - INFO - [INFO] 2023-04-05 00:52:42.966487 Epoch [97/100] batch [129/391] loss 0.7368 lr 0.00039426493427611206 acc 77.34% eta 0:02:04
2023-04-05 00:52:54,651 - __main__ - INFO - [INFO] 2023-04-05 00:52:54.651092 Epoch [97/100] batch [257/391] loss 0.9463 lr 0.00039426493427611206 acc 74.22% eta 0:01:52
2023-04-05 00:53:06,541 - __main__ - INFO - [INFO] 2023-04-05 00:53:06.541108 Epoch [97/100] batch [385/391] loss 0.8052 lr 0.00039426493427611206 acc 78.12% eta 0:01:41
2023-04-05 00:53:07,081 - __main__ - INFO - Computing epoch 97 validation accuracy...
2023-04-05 00:53:10,261 - __main__ - INFO - Computing epoch 97 validation loss...
2023-04-05 00:53:13,592 - __main__ - INFO - [INFO] 2023-04-05 00:53:13.592524 Epoch [98/100] batch [1/391] loss 0.6377 lr 0.00022190176984600036 acc 84.38% eta 0:01:57
2023-04-05 00:53:26,588 - __main__ - INFO - [INFO] 2023-04-05 00:53:26.588401 Epoch [98/100] batch [129/391] loss 0.8022 lr 0.00022190176984600036 acc 82.03% eta 0:01:38
2023-04-05 00:53:38,361 - __main__ - INFO - [INFO] 2023-04-05 00:53:38.361263 Epoch [98/100] batch [257/391] loss 0.7832 lr 0.00022190176984600036 acc 78.91% eta 0:01:22
2023-04-05 00:53:50,428 - __main__ - INFO - [INFO] 2023-04-05 00:53:50.428315 Epoch [98/100] batch [385/391] loss 0.6621 lr 0.00022190176984600036 acc 81.25% eta 0:01:10
2023-04-05 00:53:51,018 - __main__ - INFO - Computing epoch 98 validation accuracy...
2023-04-05 00:53:54,887 - __main__ - INFO - Computing epoch 98 validation loss...
2023-04-05 00:53:58,911 - __main__ - INFO - [INFO] 2023-04-05 00:53:58.911579 Epoch [99/100] batch [1/391] loss 0.8530 lr 9.866357858642213e-05 acc 78.91% eta 0:01:41
2023-04-05 00:54:11,872 - __main__ - INFO - [INFO] 2023-04-05 00:54:11.872238 Epoch [99/100] batch [129/391] loss 0.7935 lr 9.866357858642213e-05 acc 75.78% eta 0:01:01
2023-04-05 00:54:23,601 - __main__ - INFO - [INFO] 2023-04-05 00:54:23.601649 Epoch [99/100] batch [257/391] loss 0.7363 lr 9.866357858642213e-05 acc 81.25% eta 0:00:47
2023-04-05 00:54:35,278 - __main__ - INFO - [INFO] 2023-04-05 00:54:35.278768 Epoch [99/100] batch [385/391] loss 0.7603 lr 9.866357858642213e-05 acc 75.00% eta 0:00:35
2023-04-05 00:54:35,801 - __main__ - INFO - Computing epoch 99 validation accuracy...
2023-04-05 00:54:39,028 - __main__ - INFO - Computing epoch 99 validation loss...
2023-04-05 00:54:42,239 - __main__ - INFO - [INFO] 2023-04-05 00:54:42.239287 Epoch [100/100] batch [1/391] loss 0.7783 lr 2.4671981713420017e-05 acc 78.91% eta 0:00:35
2023-04-05 00:54:54,086 - __main__ - INFO - [INFO] 2023-04-05 00:54:54.085864 Epoch [100/100] batch [129/391] loss 0.8208 lr 2.4671981713420017e-05 acc 74.22% eta 0:00:22
2023-04-05 00:55:05,991 - __main__ - INFO - [INFO] 2023-04-05 00:55:05.991172 Epoch [100/100] batch [257/391] loss 0.6841 lr 2.4671981713420017e-05 acc 80.47% eta 0:00:11
2023-04-05 00:55:17,718 - __main__ - INFO - [INFO] 2023-04-05 00:55:17.718281 Epoch [100/100] batch [385/391] loss 0.7368 lr 2.4671981713420017e-05 acc 75.78% eta 0:00:00
2023-04-05 00:55:18,263 - __main__ - INFO - Computing epoch 100 validation accuracy...
2023-04-05 00:55:21,409 - __main__ - INFO - Computing epoch 100 validation loss...
2023-04-05 00:55:24,647 - __main__ - INFO - Reading testing data set cifar100
2023-04-05 00:55:25,420 - __main__ - INFO - Loading trained model...
2023-04-05 00:55:28,684 - __main__ - INFO - Testing acc : 68.28%.
