2023-04-06 21:49:22,955 - __main__ - INFO - 

2023-04-06 21:49:22,956 - __main__ - INFO - ***************
2023-04-06 21:49:22,956 - __main__ - INFO - ** Arguments **
2023-04-06 21:49:22,956 - __main__ - INFO - ***************
2023-04-06 21:49:22,956 - __main__ - INFO - backbone: resnet110
2023-04-06 21:49:22,956 - __main__ - INFO - dataname: cifar10
2023-04-06 21:49:22,956 - __main__ - INFO - drop_method: d
2023-04-06 21:49:22,956 - __main__ - INFO - drop_rate: 0.3
2023-04-06 21:49:22,956 - __main__ - INFO - eval_only: 0
2023-04-06 21:49:22,956 - __main__ - INFO - output_path: checkpoints/cifar10/resnet110/drop_d/rate_0.3/seed2
2023-04-06 21:49:22,956 - __main__ - INFO - part_rate: 0.1
2023-04-06 21:49:22,956 - __main__ - INFO - seed: 2
2023-04-06 21:49:22,956 - __main__ - INFO - weight_decay: 0.0005
2023-04-06 21:49:22,956 - __main__ - INFO - ************
2023-04-06 21:49:22,956 - __main__ - INFO - ** Config **
2023-04-06 21:49:22,956 - __main__ - INFO - ************
2023-04-06 21:49:22,957 - __main__ - INFO - {'DATALOADER': {'PATH': './data', 'DATANAME': 'cifar10', 'BATCH_SIZE': 128, 'NUM_CLASSES': 10}, 'INPUT': {'SIZE': [32, 32], 'PIXEL_MEAN': [0.4914, 0.4822, 0.4465], 'PIXEL_STD': [0.2023, 0.1994, 0.201]}, 'OUTPUT': {'DIR': 'checkpoints/cifar10/resnet110/drop_d/rate_0.3/seed2'}, 'SEED': 2, 'OPTIM': {'LR': 0.1, 'MAX_EPOCH': 100, 'LR_SCHEDULER': 'step', 'LR_MILESTONES': [20, 40, 80, 120, 140], 'LR_DECAY': 0.2, 'PART_RATE': 0.1, 'WEIGHT_DECAY': 0.0005, 'DROP_RATE': 0.3, 'DROP_METHOD': 'd', 'BLOCK_SIZE': 7}, 'MODEL': {'BACKBONE': 'resnet110'}}
2023-04-06 21:49:22,975 - __main__ - INFO - Reading training data set cifar10
2023-04-06 21:49:24,688 - __main__ - INFO - Loading raw model
2023-04-06 21:49:29,349 - __main__ - INFO - 
Saving everything to checkpoints/cifar10/resnet110/drop_d/rate_0.3/seed2
2023-04-06 21:49:29,349 - __main__ - INFO - Start training...
2023-04-06 21:49:35,802 - __main__ - INFO - [INFO] 2023-04-06 21:49:35.802807 Epoch [1/100] batch [1/391] loss 6.6836 lr 0.1 acc 9.38% eta 2 days, 21:44:24
2023-04-06 21:50:04,202 - __main__ - INFO - [INFO] 2023-04-06 21:50:04.201881 Epoch [1/100] batch [129/391] loss 2.3027 lr 0.1 acc 12.50% eta 2:35:13
2023-04-06 21:50:32,099 - __main__ - INFO - [INFO] 2023-04-06 21:50:32.099761 Epoch [1/100] batch [257/391] loss 2.2891 lr 0.1 acc 7.03% eta 2:17:51
2023-04-06 21:51:00,742 - __main__ - INFO - [INFO] 2023-04-06 21:51:00.742777 Epoch [1/100] batch [385/391] loss 2.2891 lr 0.1 acc 12.50% eta 2:13:03
2023-04-06 21:51:02,129 - __main__ - INFO - Computing epoch 1 validation accuracy...
2023-04-06 21:51:07,431 - __main__ - INFO - Computing epoch 1 validation loss...
2023-04-06 21:51:13,136 - __main__ - INFO - [INFO] 2023-04-06 21:51:13.136192 Epoch [2/100] batch [1/391] loss 2.3027 lr 0.09997532801828658 acc 12.50% eta 2:14:32
2023-04-06 21:51:42,019 - __main__ - INFO - [INFO] 2023-04-06 21:51:42.019089 Epoch [2/100] batch [129/391] loss 2.2793 lr 0.09997532801828658 acc 11.72% eta 2:04:52
2023-04-06 21:52:10,663 - __main__ - INFO - [INFO] 2023-04-06 21:52:10.662948 Epoch [2/100] batch [257/391] loss 2.1484 lr 0.09997532801828658 acc 22.66% eta 2:03:57
2023-04-06 21:52:39,258 - __main__ - INFO - [INFO] 2023-04-06 21:52:39.258568 Epoch [2/100] batch [385/391] loss 2.0312 lr 0.09997532801828658 acc 24.22% eta 2:03:13
2023-04-06 21:52:40,553 - __main__ - INFO - Computing epoch 2 validation accuracy...
2023-04-06 21:52:45,890 - __main__ - INFO - Computing epoch 2 validation loss...
2023-04-06 21:52:51,570 - __main__ - INFO - [INFO] 2023-04-06 21:52:51.570242 Epoch [3/100] batch [1/391] loss 1.9883 lr 0.09990133642141358 acc 17.97% eta 2:07:22
2023-04-06 21:53:20,348 - __main__ - INFO - [INFO] 2023-04-06 21:53:20.347930 Epoch [3/100] batch [129/391] loss 1.7744 lr 0.09990133642141358 acc 29.69% eta 2:03:17
2023-04-06 21:53:49,322 - __main__ - INFO - [INFO] 2023-04-06 21:53:49.322029 Epoch [3/100] batch [257/391] loss 1.8076 lr 0.09990133642141358 acc 23.44% eta 2:03:14
2023-04-06 21:54:18,103 - __main__ - INFO - [INFO] 2023-04-06 21:54:18.103672 Epoch [3/100] batch [385/391] loss 1.9287 lr 0.09990133642141358 acc 23.44% eta 2:02:40
2023-04-06 21:54:19,394 - __main__ - INFO - Computing epoch 3 validation accuracy...
2023-04-06 21:54:24,667 - __main__ - INFO - Computing epoch 3 validation loss...
2023-04-06 21:54:30,311 - __main__ - INFO - [INFO] 2023-04-06 21:54:30.311593 Epoch [4/100] batch [1/391] loss 1.8398 lr 0.099778098230154 acc 41.41% eta 2:13:26
2023-04-06 21:54:58,977 - __main__ - INFO - [INFO] 2023-04-06 21:54:58.977683 Epoch [4/100] batch [129/391] loss 1.7080 lr 0.099778098230154 acc 39.84% eta 2:01:20
2023-04-06 21:55:27,504 - __main__ - INFO - [INFO] 2023-04-06 21:55:27.504808 Epoch [4/100] batch [257/391] loss 1.6035 lr 0.099778098230154 acc 34.38% eta 2:00:42
2023-04-06 21:55:56,330 - __main__ - INFO - [INFO] 2023-04-06 21:55:56.330330 Epoch [4/100] batch [385/391] loss 1.6182 lr 0.099778098230154 acc 40.62% eta 2:00:38
2023-04-06 21:55:57,658 - __main__ - INFO - Computing epoch 4 validation accuracy...
2023-04-06 21:56:02,966 - __main__ - INFO - Computing epoch 4 validation loss...
2023-04-06 21:56:08,796 - __main__ - INFO - [INFO] 2023-04-06 21:56:08.796819 Epoch [5/100] batch [1/391] loss 1.4893 lr 0.0996057350657239 acc 40.62% eta 2:06:50
2023-04-06 21:56:37,751 - __main__ - INFO - [INFO] 2023-04-06 21:56:37.750820 Epoch [5/100] batch [129/391] loss 1.5088 lr 0.0996057350657239 acc 48.44% eta 2:01:13
2023-04-06 21:57:06,506 - __main__ - INFO - [INFO] 2023-04-06 21:57:06.506697 Epoch [5/100] batch [257/391] loss 1.3301 lr 0.0996057350657239 acc 51.56% eta 2:00:31
2023-04-06 21:57:34,751 - __main__ - INFO - [INFO] 2023-04-06 21:57:34.751762 Epoch [5/100] batch [385/391] loss 1.4014 lr 0.0996057350657239 acc 48.44% eta 1:59:12
2023-04-06 21:57:36,034 - __main__ - INFO - Computing epoch 5 validation accuracy...
2023-04-06 21:57:41,470 - __main__ - INFO - Computing epoch 5 validation loss...
2023-04-06 21:57:46,985 - __main__ - INFO - [INFO] 2023-04-06 21:57:46.985609 Epoch [6/100] batch [1/391] loss 1.3447 lr 0.09938441702975688 acc 50.78% eta 2:08:59
2023-04-06 21:58:15,975 - __main__ - INFO - [INFO] 2023-04-06 21:58:15.974941 Epoch [6/100] batch [129/391] loss 1.2422 lr 0.09938441702975688 acc 57.81% eta 2:00:21
2023-04-06 21:58:44,802 - __main__ - INFO - [INFO] 2023-04-06 21:58:44.802178 Epoch [6/100] batch [257/391] loss 1.2021 lr 0.09938441702975688 acc 54.69% eta 1:59:30
2023-04-06 21:59:13,818 - __main__ - INFO - [INFO] 2023-04-06 21:59:13.818220 Epoch [6/100] batch [385/391] loss 1.0859 lr 0.09938441702975688 acc 53.12% eta 1:59:16
2023-04-06 21:59:15,142 - __main__ - INFO - Computing epoch 6 validation accuracy...
2023-04-06 21:59:20,530 - __main__ - INFO - Computing epoch 6 validation loss...
2023-04-06 21:59:26,165 - __main__ - INFO - [INFO] 2023-04-06 21:59:26.165044 Epoch [7/100] batch [1/391] loss 1.0166 lr 0.09911436253643444 acc 56.25% eta 2:12:42
2023-04-06 21:59:54,653 - __main__ - INFO - [INFO] 2023-04-06 21:59:54.653362 Epoch [7/100] batch [129/391] loss 1.0908 lr 0.09911436253643444 acc 56.25% eta 1:56:53
2023-04-06 22:00:23,477 - __main__ - INFO - [INFO] 2023-04-06 22:00:23.477089 Epoch [7/100] batch [257/391] loss 1.1367 lr 0.09911436253643444 acc 46.88% eta 1:57:10
2023-04-06 22:00:52,234 - __main__ - INFO - [INFO] 2023-04-06 22:00:52.234179 Epoch [7/100] batch [385/391] loss 0.9624 lr 0.09911436253643444 acc 68.75% eta 1:56:53
2023-04-06 22:00:53,572 - __main__ - INFO - Computing epoch 7 validation accuracy...
2023-04-06 22:00:58,875 - __main__ - INFO - Computing epoch 7 validation loss...
2023-04-06 22:01:04,550 - __main__ - INFO - [INFO] 2023-04-06 22:01:04.550709 Epoch [8/100] batch [1/391] loss 0.8535 lr 0.09879583809693737 acc 62.50% eta 1:56:17
2023-04-06 22:01:33,247 - __main__ - INFO - [INFO] 2023-04-06 22:01:33.247749 Epoch [8/100] batch [129/391] loss 1.1416 lr 0.09879583809693737 acc 50.78% eta 1:56:24
2023-04-06 22:02:01,965 - __main__ - INFO - [INFO] 2023-04-06 22:02:01.965121 Epoch [8/100] batch [257/391] loss 0.8325 lr 0.09879583809693737 acc 50.78% eta 1:56:03
2023-04-06 22:02:30,532 - __main__ - INFO - [INFO] 2023-04-06 22:02:30.532664 Epoch [8/100] batch [385/391] loss 1.0400 lr 0.09879583809693737 acc 59.38% eta 1:55:27
2023-04-06 22:02:31,828 - __main__ - INFO - Computing epoch 8 validation accuracy...
2023-04-06 22:02:37,185 - __main__ - INFO - Computing epoch 8 validation loss...
2023-04-06 22:02:42,884 - __main__ - INFO - [INFO] 2023-04-06 22:02:42.883843 Epoch [9/100] batch [1/391] loss 0.7627 lr 0.09842915805643156 acc 71.88% eta 2:07:22
2023-04-06 22:03:11,800 - __main__ - INFO - [INFO] 2023-04-06 22:03:11.800088 Epoch [9/100] batch [129/391] loss 0.8604 lr 0.09842915805643156 acc 65.62% eta 1:56:08
2023-04-06 22:03:40,466 - __main__ - INFO - [INFO] 2023-04-06 22:03:40.466738 Epoch [9/100] batch [257/391] loss 0.8594 lr 0.09842915805643156 acc 63.28% eta 1:55:18
2023-04-06 22:04:09,260 - __main__ - INFO - [INFO] 2023-04-06 22:04:09.260772 Epoch [9/100] batch [385/391] loss 0.8892 lr 0.09842915805643156 acc 63.28% eta 1:54:54
2023-04-06 22:04:10,559 - __main__ - INFO - Computing epoch 9 validation accuracy...
2023-04-06 22:04:15,811 - __main__ - INFO - Computing epoch 9 validation loss...
2023-04-06 22:04:21,518 - __main__ - INFO - [INFO] 2023-04-06 22:04:21.518206 Epoch [10/100] batch [1/391] loss 0.7544 lr 0.09801468428384716 acc 63.28% eta 1:59:57
2023-04-06 22:04:50,143 - __main__ - INFO - [INFO] 2023-04-06 22:04:50.143171 Epoch [10/100] batch [129/391] loss 0.7847 lr 0.09801468428384716 acc 56.25% eta 1:53:38
2023-04-06 22:05:18,843 - __main__ - INFO - [INFO] 2023-04-06 22:05:18.843235 Epoch [10/100] batch [257/391] loss 0.8403 lr 0.09801468428384716 acc 65.62% eta 1:53:24
2023-04-06 22:05:47,488 - __main__ - INFO - [INFO] 2023-04-06 22:05:47.488447 Epoch [10/100] batch [385/391] loss 1.0439 lr 0.09801468428384716 acc 60.94% eta 1:53:00
2023-04-06 22:05:48,807 - __main__ - INFO - Computing epoch 10 validation accuracy...
2023-04-06 22:05:54,086 - __main__ - INFO - Computing epoch 10 validation loss...
2023-04-06 22:05:59,667 - __main__ - INFO - [INFO] 2023-04-06 22:05:59.667067 Epoch [11/100] batch [1/391] loss 0.9639 lr 0.09755282581475769 acc 60.94% eta 1:58:06
2023-04-06 22:06:28,710 - __main__ - INFO - [INFO] 2023-04-06 22:06:28.710304 Epoch [11/100] batch [129/391] loss 0.9209 lr 0.09755282581475769 acc 53.12% eta 1:54:04
2023-04-06 22:06:57,032 - __main__ - INFO - [INFO] 2023-04-06 22:06:57.032321 Epoch [11/100] batch [257/391] loss 0.9424 lr 0.09755282581475769 acc 74.22% eta 1:52:09
2023-04-06 22:07:25,826 - __main__ - INFO - [INFO] 2023-04-06 22:07:25.826321 Epoch [11/100] batch [385/391] loss 0.8853 lr 0.09755282581475769 acc 64.84% eta 1:52:01
2023-04-06 22:07:27,161 - __main__ - INFO - Computing epoch 11 validation accuracy...
2023-04-06 22:07:32,472 - __main__ - INFO - Computing epoch 11 validation loss...
2023-04-06 22:07:38,086 - __main__ - INFO - [INFO] 2023-04-06 22:07:38.086752 Epoch [12/100] batch [1/391] loss 0.8027 lr 0.09704403844771128 acc 69.53% eta 2:00:54
2023-04-06 22:08:07,041 - __main__ - INFO - [INFO] 2023-04-06 22:08:07.041618 Epoch [12/100] batch [129/391] loss 0.7583 lr 0.09704403844771128 acc 67.19% eta 1:52:33
2023-04-06 22:08:35,738 - __main__ - INFO - [INFO] 2023-04-06 22:08:35.738558 Epoch [12/100] batch [257/391] loss 0.8174 lr 0.09704403844771128 acc 60.94% eta 1:51:36
2023-04-06 22:09:04,400 - __main__ - INFO - [INFO] 2023-04-06 22:09:04.400456 Epoch [12/100] batch [385/391] loss 0.8726 lr 0.09704403844771128 acc 64.84% eta 1:50:53
2023-04-06 22:09:05,686 - __main__ - INFO - Computing epoch 12 validation accuracy...
2023-04-06 22:09:10,934 - __main__ - INFO - Computing epoch 12 validation loss...
2023-04-06 22:09:16,505 - __main__ - INFO - [INFO] 2023-04-06 22:09:16.505704 Epoch [13/100] batch [1/391] loss 0.5923 lr 0.09648882429441258 acc 72.66% eta 1:46:54
2023-04-06 22:09:45,587 - __main__ - INFO - [INFO] 2023-04-06 22:09:45.587405 Epoch [13/100] batch [129/391] loss 0.7031 lr 0.09648882429441258 acc 69.53% eta 1:51:24
2023-04-06 22:10:14,254 - __main__ - INFO - [INFO] 2023-04-06 22:10:14.254165 Epoch [13/100] batch [257/391] loss 0.5522 lr 0.09648882429441258 acc 75.78% eta 1:50:20
2023-04-06 22:10:42,978 - __main__ - INFO - [INFO] 2023-04-06 22:10:42.978650 Epoch [13/100] batch [385/391] loss 0.7026 lr 0.09648882429441258 acc 73.44% eta 1:49:46
2023-04-06 22:10:44,328 - __main__ - INFO - Computing epoch 13 validation accuracy...
2023-04-06 22:10:49,627 - __main__ - INFO - Computing epoch 13 validation loss...
2023-04-06 22:10:55,170 - __main__ - INFO - [INFO] 2023-04-06 22:10:55.170035 Epoch [14/100] batch [1/391] loss 0.7036 lr 0.09588773128419906 acc 74.22% eta 1:56:18
2023-04-06 22:11:23,821 - __main__ - INFO - [INFO] 2023-04-06 22:11:23.820825 Epoch [14/100] batch [129/391] loss 0.7266 lr 0.09588773128419906 acc 71.09% eta 1:48:43
2023-04-06 22:11:52,348 - __main__ - INFO - [INFO] 2023-04-06 22:11:52.348816 Epoch [14/100] batch [257/391] loss 0.7539 lr 0.09588773128419906 acc 75.00% eta 1:48:08
2023-04-06 22:12:20,930 - __main__ - INFO - [INFO] 2023-04-06 22:12:20.930778 Epoch [14/100] batch [385/391] loss 0.7764 lr 0.09588773128419906 acc 71.09% eta 1:47:43
2023-04-06 22:12:22,233 - __main__ - INFO - Computing epoch 14 validation accuracy...
2023-04-06 22:12:27,617 - __main__ - INFO - Computing epoch 14 validation loss...
2023-04-06 22:12:33,319 - __main__ - INFO - [INFO] 2023-04-06 22:12:33.319316 Epoch [15/100] batch [1/391] loss 0.6987 lr 0.09524135262330098 acc 78.12% eta 1:43:49
2023-04-06 22:13:02,086 - __main__ - INFO - [INFO] 2023-04-06 22:13:02.085934 Epoch [15/100] batch [129/391] loss 0.6733 lr 0.09524135262330098 acc 82.03% eta 1:47:51
2023-04-06 22:13:30,901 - __main__ - INFO - [INFO] 2023-04-06 22:13:30.900909 Epoch [15/100] batch [257/391] loss 0.6304 lr 0.09524135262330098 acc 72.66% eta 1:47:29
2023-04-06 22:13:59,444 - __main__ - INFO - [INFO] 2023-04-06 22:13:59.444478 Epoch [15/100] batch [385/391] loss 0.6504 lr 0.09524135262330098 acc 75.78% eta 1:46:39
2023-04-06 22:14:00,768 - __main__ - INFO - Computing epoch 15 validation accuracy...
2023-04-06 22:14:06,046 - __main__ - INFO - Computing epoch 15 validation loss...
2023-04-06 22:14:11,636 - __main__ - INFO - [INFO] 2023-04-06 22:14:11.635998 Epoch [16/100] batch [1/391] loss 0.8359 lr 0.0945503262094184 acc 70.31% eta 1:37:39
2023-04-06 22:14:40,369 - __main__ - INFO - [INFO] 2023-04-06 22:14:40.369342 Epoch [16/100] batch [129/391] loss 0.6816 lr 0.0945503262094184 acc 75.00% eta 1:46:28
2023-04-06 22:15:09,202 - __main__ - INFO - [INFO] 2023-04-06 22:15:09.202063 Epoch [16/100] batch [257/391] loss 0.5229 lr 0.0945503262094184 acc 82.03% eta 1:46:10
2023-04-06 22:15:37,829 - __main__ - INFO - [INFO] 2023-04-06 22:15:37.829550 Epoch [16/100] batch [385/391] loss 0.7036 lr 0.0945503262094184 acc 71.09% eta 1:45:35
2023-04-06 22:15:39,147 - __main__ - INFO - Computing epoch 16 validation accuracy...
2023-04-06 22:15:44,644 - __main__ - INFO - Computing epoch 16 validation loss...
2023-04-06 22:15:50,434 - __main__ - INFO - [INFO] 2023-04-06 22:15:50.434394 Epoch [17/100] batch [1/391] loss 0.6270 lr 0.09381533400219319 acc 69.53% eta 1:54:17
2023-04-06 22:16:18,689 - __main__ - INFO - [INFO] 2023-04-06 22:16:18.689630 Epoch [17/100] batch [129/391] loss 0.5073 lr 0.09381533400219319 acc 78.12% eta 1:43:03
2023-04-06 22:16:47,561 - __main__ - INFO - [INFO] 2023-04-06 22:16:47.561138 Epoch [17/100] batch [257/391] loss 0.6440 lr 0.09381533400219319 acc 60.94% eta 1:43:57
2023-04-06 22:17:16,249 - __main__ - INFO - [INFO] 2023-04-06 22:17:16.248899 Epoch [17/100] batch [385/391] loss 0.7500 lr 0.09381533400219319 acc 75.78% eta 1:43:43
2023-04-06 22:17:17,532 - __main__ - INFO - Computing epoch 17 validation accuracy...
2023-04-06 22:17:22,948 - __main__ - INFO - Computing epoch 17 validation loss...
2023-04-06 22:17:28,653 - __main__ - INFO - [INFO] 2023-04-06 22:17:28.652554 Epoch [18/100] batch [1/391] loss 0.7285 lr 0.0930371013501972 acc 75.00% eta 1:53:31
2023-04-06 22:17:57,512 - __main__ - INFO - [INFO] 2023-04-06 22:17:57.512097 Epoch [18/100] batch [129/391] loss 0.6445 lr 0.0930371013501972 acc 71.09% eta 1:44:22
2023-04-06 22:18:26,138 - __main__ - INFO - [INFO] 2023-04-06 22:18:26.137815 Epoch [18/100] batch [257/391] loss 0.5576 lr 0.0930371013501972 acc 80.47% eta 1:43:29
2023-04-06 22:18:54,621 - __main__ - INFO - [INFO] 2023-04-06 22:18:54.621093 Epoch [18/100] batch [385/391] loss 0.7012 lr 0.0930371013501972 acc 80.47% eta 1:42:42
2023-04-06 22:18:55,896 - __main__ - INFO - Computing epoch 18 validation accuracy...
2023-04-06 22:19:01,168 - __main__ - INFO - Computing epoch 18 validation loss...
2023-04-06 22:19:06,784 - __main__ - INFO - [INFO] 2023-04-06 22:19:06.784679 Epoch [19/100] batch [1/391] loss 0.7212 lr 0.09221639627510078 acc 81.25% eta 1:46:00
2023-04-06 22:19:35,571 - __main__ - INFO - [INFO] 2023-04-06 22:19:35.571248 Epoch [19/100] batch [129/391] loss 0.5356 lr 0.09221639627510078 acc 70.31% eta 1:43:03
2023-04-06 22:20:04,314 - __main__ - INFO - [INFO] 2023-04-06 22:20:04.314557 Epoch [19/100] batch [257/391] loss 0.8086 lr 0.09221639627510078 acc 60.94% eta 1:42:23
2023-04-06 22:20:32,798 - __main__ - INFO - [INFO] 2023-04-06 22:20:32.797870 Epoch [19/100] batch [385/391] loss 0.5122 lr 0.09221639627510078 acc 85.16% eta 1:41:42
2023-04-06 22:20:34,120 - __main__ - INFO - Computing epoch 19 validation accuracy...
2023-04-06 22:20:39,563 - __main__ - INFO - Computing epoch 19 validation loss...
2023-04-06 22:20:45,239 - __main__ - INFO - [INFO] 2023-04-06 22:20:45.239283 Epoch [20/100] batch [1/391] loss 0.6709 lr 0.09135402871372812 acc 67.19% eta 1:41:28
2023-04-06 22:21:13,660 - __main__ - INFO - [INFO] 2023-04-06 22:21:13.660183 Epoch [20/100] batch [129/391] loss 0.4910 lr 0.09135402871372812 acc 85.94% eta 1:39:59
2023-04-06 22:21:42,346 - __main__ - INFO - [INFO] 2023-04-06 22:21:42.346267 Epoch [20/100] batch [257/391] loss 0.5518 lr 0.09135402871372812 acc 75.00% eta 1:40:13
2023-04-06 22:22:10,937 - __main__ - INFO - [INFO] 2023-04-06 22:22:10.937383 Epoch [20/100] batch [385/391] loss 0.6694 lr 0.09135402871372812 acc 71.88% eta 1:39:53
2023-04-06 22:22:12,273 - __main__ - INFO - Computing epoch 20 validation accuracy...
2023-04-06 22:22:17,588 - __main__ - INFO - Computing epoch 20 validation loss...
2023-04-06 22:22:23,275 - __main__ - INFO - [INFO] 2023-04-06 22:22:23.275593 Epoch [21/100] batch [1/391] loss 0.6753 lr 0.09045084971874741 acc 75.78% eta 1:54:04
2023-04-06 22:22:52,117 - __main__ - INFO - [INFO] 2023-04-06 22:22:52.117083 Epoch [21/100] batch [129/391] loss 0.7109 lr 0.09045084971874741 acc 71.09% eta 1:40:46
2023-04-06 22:23:20,259 - __main__ - INFO - [INFO] 2023-04-06 22:23:20.258949 Epoch [21/100] batch [257/391] loss 0.5718 lr 0.09045084971874741 acc 70.31% eta 1:38:54
2023-04-06 22:23:49,188 - __main__ - INFO - [INFO] 2023-04-06 22:23:49.188717 Epoch [21/100] batch [385/391] loss 0.5425 lr 0.09045084971874741 acc 71.09% eta 1:39:02
2023-04-06 22:23:50,490 - __main__ - INFO - Computing epoch 21 validation accuracy...
2023-04-06 22:23:55,865 - __main__ - INFO - Computing epoch 21 validation loss...
2023-04-06 22:24:01,455 - __main__ - INFO - [INFO] 2023-04-06 22:24:01.455482 Epoch [22/100] batch [1/391] loss 0.6797 lr 0.08950775061878455 acc 67.19% eta 1:43:33
2023-04-06 22:24:30,164 - __main__ - INFO - [INFO] 2023-04-06 22:24:30.164726 Epoch [22/100] batch [129/391] loss 0.6655 lr 0.08950775061878455 acc 64.06% eta 1:39:03
2023-04-06 22:24:58,906 - __main__ - INFO - [INFO] 2023-04-06 22:24:58.906207 Epoch [22/100] batch [257/391] loss 0.4905 lr 0.08950775061878455 acc 79.69% eta 1:38:28
2023-04-06 22:25:27,305 - __main__ - INFO - [INFO] 2023-04-06 22:25:27.305474 Epoch [22/100] batch [385/391] loss 0.6265 lr 0.08950775061878455 acc 71.88% eta 1:37:43
2023-04-06 22:25:28,545 - __main__ - INFO - Computing epoch 22 validation accuracy...
2023-04-06 22:25:33,776 - __main__ - INFO - Computing epoch 22 validation loss...
2023-04-06 22:25:39,370 - __main__ - INFO - [INFO] 2023-04-06 22:25:39.370292 Epoch [23/100] batch [1/391] loss 0.5811 lr 0.0885256621387895 acc 79.69% eta 1:28:09
2023-04-06 22:26:08,252 - __main__ - INFO - [INFO] 2023-04-06 22:26:08.252566 Epoch [23/100] batch [129/391] loss 0.5571 lr 0.0885256621387895 acc 82.03% eta 1:38:04
2023-04-06 22:26:37,019 - __main__ - INFO - [INFO] 2023-04-06 22:26:37.019658 Epoch [23/100] batch [257/391] loss 0.5117 lr 0.0885256621387895 acc 79.69% eta 1:37:30
2023-04-06 22:27:06,151 - __main__ - INFO - [INFO] 2023-04-06 22:27:06.151404 Epoch [23/100] batch [385/391] loss 0.6392 lr 0.0885256621387895 acc 79.69% eta 1:37:24
2023-04-06 22:27:07,473 - __main__ - INFO - Computing epoch 23 validation accuracy...
2023-04-06 22:27:12,876 - __main__ - INFO - Computing epoch 23 validation loss...
2023-04-06 22:27:18,783 - __main__ - INFO - [INFO] 2023-04-06 22:27:18.783669 Epoch [24/100] batch [1/391] loss 0.4717 lr 0.08750555348152302 acc 75.00% eta 1:36:33
2023-04-06 22:27:47,521 - __main__ - INFO - [INFO] 2023-04-06 22:27:47.521450 Epoch [24/100] batch [129/391] loss 0.5142 lr 0.08750555348152302 acc 79.69% eta 1:36:27
2023-04-06 22:28:16,011 - __main__ - INFO - [INFO] 2023-04-06 22:28:16.010915 Epoch [24/100] batch [257/391] loss 0.5137 lr 0.08750555348152302 acc 82.81% eta 1:35:29
2023-04-06 22:28:44,715 - __main__ - INFO - [INFO] 2023-04-06 22:28:44.715742 Epoch [24/100] batch [385/391] loss 0.6826 lr 0.08750555348152302 acc 74.22% eta 1:35:12
2023-04-06 22:28:46,039 - __main__ - INFO - Computing epoch 24 validation accuracy...
2023-04-06 22:28:51,357 - __main__ - INFO - Computing epoch 24 validation loss...
2023-04-06 22:28:56,927 - __main__ - INFO - [INFO] 2023-04-06 22:28:56.927017 Epoch [25/100] batch [1/391] loss 0.6504 lr 0.08644843137107061 acc 79.69% eta 1:36:05
2023-04-06 22:29:25,790 - __main__ - INFO - [INFO] 2023-04-06 22:29:25.790060 Epoch [25/100] batch [129/391] loss 0.6074 lr 0.08644843137107061 acc 73.44% eta 1:35:38
2023-04-06 22:29:54,672 - __main__ - INFO - [INFO] 2023-04-06 22:29:54.672007 Epoch [25/100] batch [257/391] loss 0.7065 lr 0.08644843137107061 acc 78.12% eta 1:35:12
2023-04-06 22:30:23,163 - __main__ - INFO - [INFO] 2023-04-06 22:30:23.163422 Epoch [25/100] batch [385/391] loss 0.5156 lr 0.08644843137107061 acc 68.75% eta 1:34:17
2023-04-06 22:30:24,500 - __main__ - INFO - Computing epoch 25 validation accuracy...
2023-04-06 22:30:29,852 - __main__ - INFO - Computing epoch 25 validation loss...
2023-04-06 22:30:35,565 - __main__ - INFO - [INFO] 2023-04-06 22:30:35.565753 Epoch [26/100] batch [1/391] loss 0.6196 lr 0.0853553390593274 acc 82.81% eta 1:30:49
2023-04-06 22:31:04,676 - __main__ - INFO - [INFO] 2023-04-06 22:31:04.676620 Epoch [26/100] batch [129/391] loss 0.4253 lr 0.0853553390593274 acc 88.28% eta 1:35:08
2023-04-06 22:31:33,705 - __main__ - INFO - [INFO] 2023-04-06 22:31:33.705400 Epoch [26/100] batch [257/391] loss 0.6304 lr 0.0853553390593274 acc 67.97% eta 1:34:33
2023-04-06 22:32:02,806 - __main__ - INFO - [INFO] 2023-04-06 22:32:02.806592 Epoch [26/100] batch [385/391] loss 0.4963 lr 0.0853553390593274 acc 72.66% eta 1:34:07
2023-04-06 22:32:04,195 - __main__ - INFO - Computing epoch 26 validation accuracy...
2023-04-06 22:32:09,559 - __main__ - INFO - Computing epoch 26 validation loss...
2023-04-06 22:32:15,256 - __main__ - INFO - [INFO] 2023-04-06 22:32:15.256364 Epoch [27/100] batch [1/391] loss 0.6680 lr 0.08422735529643446 acc 76.56% eta 1:29:15
2023-04-06 22:32:43,722 - __main__ - INFO - [INFO] 2023-04-06 22:32:43.722200 Epoch [27/100] batch [129/391] loss 0.5005 lr 0.08422735529643446 acc 81.25% eta 1:31:38
2023-04-06 22:33:12,632 - __main__ - INFO - [INFO] 2023-04-06 22:33:12.632448 Epoch [27/100] batch [257/391] loss 0.8652 lr 0.08422735529643446 acc 70.31% eta 1:31:58
2023-04-06 22:33:41,387 - __main__ - INFO - [INFO] 2023-04-06 22:33:41.387113 Epoch [27/100] batch [385/391] loss 0.5903 lr 0.08422735529643446 acc 73.44% eta 1:31:40
2023-04-06 22:33:42,760 - __main__ - INFO - Computing epoch 27 validation accuracy...
2023-04-06 22:33:48,382 - __main__ - INFO - Computing epoch 27 validation loss...
2023-04-06 22:33:54,046 - __main__ - INFO - [INFO] 2023-04-06 22:33:54.046195 Epoch [28/100] batch [1/391] loss 0.5825 lr 0.08306559326618262 acc 75.00% eta 1:41:44
2023-04-06 22:34:22,668 - __main__ - INFO - [INFO] 2023-04-06 22:34:22.668723 Epoch [28/100] batch [129/391] loss 0.5059 lr 0.08306559326618262 acc 85.16% eta 1:31:05
2023-04-06 22:34:51,567 - __main__ - INFO - [INFO] 2023-04-06 22:34:51.567029 Epoch [28/100] batch [257/391] loss 0.4810 lr 0.08306559326618262 acc 89.06% eta 1:31:05
2023-04-06 22:35:19,995 - __main__ - INFO - [INFO] 2023-04-06 22:35:19.995094 Epoch [28/100] batch [385/391] loss 0.5542 lr 0.08306559326618262 acc 77.34% eta 1:30:12
2023-04-06 22:35:21,322 - __main__ - INFO - Computing epoch 28 validation accuracy...
2023-04-06 22:35:26,626 - __main__ - INFO - Computing epoch 28 validation loss...
2023-04-06 22:35:32,315 - __main__ - INFO - [INFO] 2023-04-06 22:35:32.315361 Epoch [29/100] batch [1/391] loss 0.6226 lr 0.08187119948743452 acc 80.47% eta 1:32:22
2023-04-06 22:36:01,531 - __main__ - INFO - [INFO] 2023-04-06 22:36:01.530842 Epoch [29/100] batch [129/391] loss 0.6548 lr 0.08187119948743452 acc 79.69% eta 1:31:29
2023-04-06 22:36:30,608 - __main__ - INFO - [INFO] 2023-04-06 22:36:30.608326 Epoch [29/100] batch [257/391] loss 0.4502 lr 0.08187119948743452 acc 78.12% eta 1:30:56
2023-04-06 22:36:59,201 - __main__ - INFO - [INFO] 2023-04-06 22:36:59.201295 Epoch [29/100] batch [385/391] loss 0.6484 lr 0.08187119948743452 acc 73.44% eta 1:29:57
2023-04-06 22:37:00,541 - __main__ - INFO - Computing epoch 29 validation accuracy...
2023-04-06 22:37:05,900 - __main__ - INFO - Computing epoch 29 validation loss...
2023-04-06 22:37:11,577 - __main__ - INFO - [INFO] 2023-04-06 22:37:11.577896 Epoch [30/100] batch [1/391] loss 0.4009 lr 0.08064535268264886 acc 78.91% eta 1:37:22
2023-04-06 22:37:39,879 - __main__ - INFO - [INFO] 2023-04-06 22:37:39.878977 Epoch [30/100] batch [129/391] loss 0.5234 lr 0.08064535268264886 acc 78.91% eta 1:27:22
2023-04-06 22:38:08,594 - __main__ - INFO - [INFO] 2023-04-06 22:38:08.594514 Epoch [30/100] batch [257/391] loss 0.5117 lr 0.08064535268264886 acc 81.25% eta 1:27:39
2023-04-06 22:38:37,302 - __main__ - INFO - [INFO] 2023-04-06 22:38:37.302038 Epoch [30/100] batch [385/391] loss 0.5054 lr 0.08064535268264886 acc 80.47% eta 1:27:29
2023-04-06 22:38:38,601 - __main__ - INFO - Computing epoch 30 validation accuracy...
2023-04-06 22:38:44,051 - __main__ - INFO - Computing epoch 30 validation loss...
2023-04-06 22:38:49,785 - __main__ - INFO - [INFO] 2023-04-06 22:38:49.785187 Epoch [31/100] batch [1/391] loss 0.5518 lr 0.0793892626146237 acc 78.91% eta 1:26:11
2023-04-06 22:39:18,624 - __main__ - INFO - [INFO] 2023-04-06 22:39:18.624178 Epoch [31/100] batch [129/391] loss 0.4019 lr 0.0793892626146237 acc 79.69% eta 1:27:59
2023-04-06 22:39:46,898 - __main__ - INFO - [INFO] 2023-04-06 22:39:46.898739 Epoch [31/100] batch [257/391] loss 0.7256 lr 0.0793892626146237 acc 73.44% eta 1:26:33
2023-04-06 22:40:15,923 - __main__ - INFO - [INFO] 2023-04-06 22:40:15.922869 Epoch [31/100] batch [385/391] loss 0.5532 lr 0.0793892626146237 acc 79.69% eta 1:26:37
2023-04-06 22:40:17,370 - __main__ - INFO - Computing epoch 31 validation accuracy...
2023-04-06 22:40:22,728 - __main__ - INFO - Computing epoch 31 validation loss...
2023-04-06 22:40:28,363 - __main__ - INFO - [INFO] 2023-04-06 22:40:28.363193 Epoch [32/100] batch [1/391] loss 0.4421 lr 0.07810416889260657 acc 82.03% eta 1:34:48
2023-04-06 22:40:57,189 - __main__ - INFO - [INFO] 2023-04-06 22:40:57.189761 Epoch [32/100] batch [129/391] loss 0.6050 lr 0.07810416889260657 acc 71.88% eta 1:26:45
2023-04-06 22:41:26,033 - __main__ - INFO - [INFO] 2023-04-06 22:41:26.032839 Epoch [32/100] batch [257/391] loss 0.5103 lr 0.07810416889260657 acc 82.03% eta 1:26:20
2023-04-06 22:41:54,733 - __main__ - INFO - [INFO] 2023-04-06 22:41:54.732937 Epoch [32/100] batch [385/391] loss 0.5059 lr 0.07810416889260657 acc 82.03% eta 1:25:44
2023-04-06 22:41:56,063 - __main__ - INFO - Computing epoch 32 validation accuracy...
2023-04-06 22:42:01,349 - __main__ - INFO - Computing epoch 32 validation loss...
2023-04-06 22:42:06,933 - __main__ - INFO - [INFO] 2023-04-06 22:42:06.932944 Epoch [33/100] batch [1/391] loss 0.5342 lr 0.07679133974894986 acc 85.94% eta 1:22:28
2023-04-06 22:42:35,507 - __main__ - INFO - [INFO] 2023-04-06 22:42:35.506987 Epoch [33/100] batch [129/391] loss 0.4229 lr 0.07679133974894986 acc 87.50% eta 1:24:30
2023-04-06 22:43:04,251 - __main__ - INFO - [INFO] 2023-04-06 22:43:04.251670 Epoch [33/100] batch [257/391] loss 0.5986 lr 0.07679133974894986 acc 79.69% eta 1:24:25
2023-04-06 22:43:32,850 - __main__ - INFO - [INFO] 2023-04-06 22:43:32.850208 Epoch [33/100] batch [385/391] loss 0.5923 lr 0.07679133974894986 acc 71.09% eta 1:23:56
2023-04-06 22:43:34,128 - __main__ - INFO - Computing epoch 33 validation accuracy...
2023-04-06 22:43:39,416 - __main__ - INFO - Computing epoch 33 validation loss...
2023-04-06 22:43:45,157 - __main__ - INFO - [INFO] 2023-04-06 22:43:45.157303 Epoch [34/100] batch [1/391] loss 0.6123 lr 0.0754520707875186 acc 80.47% eta 1:23:04
2023-04-06 22:44:13,813 - __main__ - INFO - [INFO] 2023-04-06 22:44:13.812966 Epoch [34/100] batch [129/391] loss 0.4675 lr 0.0754520707875186 acc 79.69% eta 1:23:40
2023-04-06 22:44:42,475 - __main__ - INFO - [INFO] 2023-04-06 22:44:42.474912 Epoch [34/100] batch [257/391] loss 0.3601 lr 0.0754520707875186 acc 79.69% eta 1:23:08
2023-04-06 22:45:11,403 - __main__ - INFO - [INFO] 2023-04-06 22:45:11.403595 Epoch [34/100] batch [385/391] loss 0.4731 lr 0.0754520707875186 acc 85.94% eta 1:22:58
2023-04-06 22:45:12,703 - __main__ - INFO - Computing epoch 34 validation accuracy...
2023-04-06 22:45:18,134 - __main__ - INFO - Computing epoch 34 validation loss...
2023-04-06 22:45:23,726 - __main__ - INFO - [INFO] 2023-04-06 22:45:23.726205 Epoch [35/100] batch [1/391] loss 0.4636 lr 0.0740876837050858 acc 82.81% eta 1:21:20
2023-04-06 22:45:52,766 - __main__ - INFO - [INFO] 2023-04-06 22:45:52.766223 Epoch [35/100] batch [129/391] loss 0.4592 lr 0.0740876837050858 acc 77.34% eta 1:23:12
2023-04-06 22:46:21,541 - __main__ - INFO - [INFO] 2023-04-06 22:46:21.541047 Epoch [35/100] batch [257/391] loss 0.4678 lr 0.0740876837050858 acc 82.81% eta 1:22:33
2023-04-06 22:46:49,865 - __main__ - INFO - [INFO] 2023-04-06 22:46:49.865168 Epoch [35/100] batch [385/391] loss 0.4333 lr 0.0740876837050858 acc 85.16% eta 1:21:34
2023-04-06 22:46:51,158 - __main__ - INFO - Computing epoch 35 validation accuracy...
2023-04-06 22:46:56,423 - __main__ - INFO - Computing epoch 35 validation loss...
2023-04-06 22:47:02,168 - __main__ - INFO - [INFO] 2023-04-06 22:47:02.168564 Epoch [36/100] batch [1/391] loss 0.5757 lr 0.07269952498697738 acc 74.22% eta 1:16:21
2023-04-06 22:47:30,959 - __main__ - INFO - [INFO] 2023-04-06 22:47:30.959048 Epoch [36/100] batch [129/391] loss 0.6372 lr 0.07269952498697738 acc 82.81% eta 1:21:25
2023-04-06 22:47:59,902 - __main__ - INFO - [INFO] 2023-04-06 22:47:59.901897 Epoch [36/100] batch [257/391] loss 0.3679 lr 0.07269952498697738 acc 85.94% eta 1:21:12
2023-04-06 22:48:28,704 - __main__ - INFO - [INFO] 2023-04-06 22:48:28.703949 Epoch [36/100] batch [385/391] loss 0.6748 lr 0.07269952498697738 acc 75.00% eta 1:20:43
2023-04-06 22:48:29,981 - __main__ - INFO - Computing epoch 36 validation accuracy...
2023-04-06 22:48:35,373 - __main__ - INFO - Computing epoch 36 validation loss...
2023-04-06 22:48:41,209 - __main__ - INFO - [INFO] 2023-04-06 22:48:41.209576 Epoch [37/100] batch [1/391] loss 0.5659 lr 0.07128896457825366 acc 79.69% eta 1:23:20
2023-04-06 22:49:09,648 - __main__ - INFO - [INFO] 2023-04-06 22:49:09.648348 Epoch [37/100] batch [129/391] loss 0.6436 lr 0.07128896457825366 acc 75.00% eta 1:19:01
2023-04-06 22:49:38,360 - __main__ - INFO - [INFO] 2023-04-06 22:49:38.360165 Epoch [37/100] batch [257/391] loss 0.4607 lr 0.07128896457825366 acc 80.47% eta 1:19:05
2023-04-06 22:50:07,481 - __main__ - INFO - [INFO] 2023-04-06 22:50:07.481075 Epoch [37/100] batch [385/391] loss 0.3989 lr 0.07128896457825366 acc 78.91% eta 1:19:10
2023-04-06 22:50:08,775 - __main__ - INFO - Computing epoch 37 validation accuracy...
2023-04-06 22:50:14,048 - __main__ - INFO - Computing epoch 37 validation loss...
2023-04-06 22:50:19,724 - __main__ - INFO - [INFO] 2023-04-06 22:50:19.724277 Epoch [38/100] batch [1/391] loss 0.5874 lr 0.06985739453173906 acc 75.78% eta 1:19:07
2023-04-06 22:50:48,800 - __main__ - INFO - [INFO] 2023-04-06 22:50:48.799936 Epoch [38/100] batch [129/391] loss 0.4004 lr 0.06985739453173906 acc 85.16% eta 1:19:42
2023-04-06 22:51:17,632 - __main__ - INFO - [INFO] 2023-04-06 22:51:17.632361 Epoch [38/100] batch [257/391] loss 0.4998 lr 0.06985739453173906 acc 81.25% eta 1:18:55
2023-04-06 22:51:46,160 - __main__ - INFO - [INFO] 2023-04-06 22:51:46.160655 Epoch [38/100] batch [385/391] loss 0.5664 lr 0.06985739453173906 acc 84.38% eta 1:18:04
2023-04-06 22:51:47,640 - __main__ - INFO - Computing epoch 38 validation accuracy...
2023-04-06 22:51:52,966 - __main__ - INFO - Computing epoch 38 validation loss...
2023-04-06 22:51:58,739 - __main__ - INFO - [INFO] 2023-04-06 22:51:58.739804 Epoch [39/100] batch [1/391] loss 0.3574 lr 0.06840622763423394 acc 86.72% eta 1:40:25
2023-04-06 22:52:27,599 - __main__ - INFO - [INFO] 2023-04-06 22:52:27.599542 Epoch [39/100] batch [129/391] loss 0.3708 lr 0.06840622763423394 acc 82.03% eta 1:18:01
2023-04-06 22:52:56,532 - __main__ - INFO - [INFO] 2023-04-06 22:52:56.531921 Epoch [39/100] batch [257/391] loss 0.4028 lr 0.06840622763423394 acc 85.94% eta 1:17:37
2023-04-06 22:53:25,432 - __main__ - INFO - [INFO] 2023-04-06 22:53:25.432307 Epoch [39/100] batch [385/391] loss 0.5723 lr 0.06840622763423394 acc 80.47% eta 1:17:10
2023-04-06 22:53:26,720 - __main__ - INFO - Computing epoch 39 validation accuracy...
2023-04-06 22:53:31,935 - __main__ - INFO - Computing epoch 39 validation loss...
2023-04-06 22:53:37,605 - __main__ - INFO - [INFO] 2023-04-06 22:53:37.604979 Epoch [40/100] batch [1/391] loss 0.3425 lr 0.06693689601226462 acc 87.50% eta 1:24:29
2023-04-06 22:54:06,679 - __main__ - INFO - [INFO] 2023-04-06 22:54:06.679463 Epoch [40/100] batch [129/391] loss 0.3857 lr 0.06693689601226462 acc 87.50% eta 1:16:55
2023-04-06 22:54:35,551 - __main__ - INFO - [INFO] 2023-04-06 22:54:35.551156 Epoch [40/100] batch [257/391] loss 0.5303 lr 0.06693689601226462 acc 81.25% eta 1:16:15
2023-04-06 22:55:04,582 - __main__ - INFO - [INFO] 2023-04-06 22:55:04.581824 Epoch [40/100] batch [385/391] loss 0.5557 lr 0.06693689601226462 acc 77.34% eta 1:15:54
2023-04-06 22:55:05,895 - __main__ - INFO - Computing epoch 40 validation accuracy...
2023-04-06 22:55:11,234 - __main__ - INFO - Computing epoch 40 validation loss...
2023-04-06 22:55:17,024 - __main__ - INFO - [INFO] 2023-04-06 22:55:17.024554 Epoch [41/100] batch [1/391] loss 0.4158 lr 0.06545084971874741 acc 78.12% eta 1:12:26
2023-04-06 22:55:45,903 - __main__ - INFO - [INFO] 2023-04-06 22:55:45.903257 Epoch [41/100] batch [129/391] loss 0.4817 lr 0.06545084971874741 acc 83.59% eta 1:15:18
2023-04-06 22:56:14,592 - __main__ - INFO - [INFO] 2023-04-06 22:56:14.592571 Epoch [41/100] batch [257/391] loss 0.5562 lr 0.06545084971874741 acc 81.25% eta 1:14:44
2023-04-06 22:56:43,556 - __main__ - INFO - [INFO] 2023-04-06 22:56:43.556205 Epoch [41/100] batch [385/391] loss 0.5479 lr 0.06545084971874741 acc 81.25% eta 1:14:30
2023-04-06 22:56:44,931 - __main__ - INFO - Computing epoch 41 validation accuracy...
2023-04-06 22:56:50,173 - __main__ - INFO - Computing epoch 41 validation loss...
2023-04-06 22:56:55,677 - __main__ - INFO - [INFO] 2023-04-06 22:56:55.677594 Epoch [42/100] batch [1/391] loss 0.3237 lr 0.06394955530196152 acc 89.06% eta 1:19:06
2023-04-06 22:57:24,375 - __main__ - INFO - [INFO] 2023-04-06 22:57:24.375367 Epoch [42/100] batch [129/391] loss 0.4194 lr 0.06394955530196152 acc 82.81% eta 1:13:52
2023-04-06 22:57:53,093 - __main__ - INFO - [INFO] 2023-04-06 22:57:53.092989 Epoch [42/100] batch [257/391] loss 0.4534 lr 0.06394955530196152 acc 80.47% eta 1:13:32
2023-04-06 22:58:22,380 - __main__ - INFO - [INFO] 2023-04-06 22:58:22.380149 Epoch [42/100] batch [385/391] loss 0.3870 lr 0.06394955530196152 acc 88.28% eta 1:13:34
2023-04-06 22:58:23,753 - __main__ - INFO - Computing epoch 42 validation accuracy...
2023-04-06 22:58:29,278 - __main__ - INFO - Computing epoch 42 validation loss...
2023-04-06 22:58:34,946 - __main__ - INFO - [INFO] 2023-04-06 22:58:34.946787 Epoch [43/100] batch [1/391] loss 0.3933 lr 0.062434494358242776 acc 82.81% eta 1:13:37
2023-04-06 22:59:03,924 - __main__ - INFO - [INFO] 2023-04-06 22:59:03.923991 Epoch [43/100] batch [129/391] loss 0.4751 lr 0.062434494358242776 acc 85.16% eta 1:13:07
2023-04-06 22:59:33,035 - __main__ - INFO - [INFO] 2023-04-06 22:59:33.034887 Epoch [43/100] batch [257/391] loss 0.4949 lr 0.062434494358242776 acc 81.25% eta 1:12:49
2023-04-06 23:00:02,425 - __main__ - INFO - [INFO] 2023-04-06 23:00:02.425444 Epoch [43/100] batch [385/391] loss 0.6406 lr 0.062434494358242776 acc 81.25% eta 1:12:39
2023-04-06 23:00:03,788 - __main__ - INFO - Computing epoch 43 validation accuracy...
2023-04-06 23:00:09,297 - __main__ - INFO - Computing epoch 43 validation loss...
2023-04-06 23:00:15,104 - __main__ - INFO - [INFO] 2023-04-06 23:00:15.104402 Epoch [44/100] batch [1/391] loss 0.4688 lr 0.06090716206982718 acc 78.91% eta 1:22:02
2023-04-06 23:00:44,560 - __main__ - INFO - [INFO] 2023-04-06 23:00:44.560413 Epoch [44/100] batch [129/391] loss 0.6328 lr 0.06090716206982718 acc 80.47% eta 1:13:13
2023-04-06 23:01:13,430 - __main__ - INFO - [INFO] 2023-04-06 23:01:13.430496 Epoch [44/100] batch [257/391] loss 0.3445 lr 0.06090716206982718 acc 82.03% eta 1:12:01
2023-04-06 23:01:43,096 - __main__ - INFO - [INFO] 2023-04-06 23:01:43.095815 Epoch [44/100] batch [385/391] loss 0.5259 lr 0.06090716206982718 acc 81.25% eta 1:12:03
2023-04-06 23:01:44,457 - __main__ - INFO - Computing epoch 44 validation accuracy...
2023-04-06 23:01:49,829 - __main__ - INFO - Computing epoch 44 validation loss...
2023-04-06 23:01:55,503 - __main__ - INFO - [INFO] 2023-04-06 23:01:55.502919 Epoch [45/100] batch [1/391] loss 0.3794 lr 0.05936906572928628 acc 86.72% eta 1:18:53
2023-04-06 23:02:25,152 - __main__ - INFO - [INFO] 2023-04-06 23:02:25.152044 Epoch [45/100] batch [129/391] loss 0.4780 lr 0.05936906572928628 acc 82.81% eta 1:12:29
2023-04-06 23:02:54,600 - __main__ - INFO - [INFO] 2023-04-06 23:02:54.600069 Epoch [45/100] batch [257/391] loss 0.4365 lr 0.05936906572928628 acc 86.72% eta 1:11:46
2023-04-06 23:03:24,077 - __main__ - INFO - [INFO] 2023-04-06 23:03:24.077601 Epoch [45/100] batch [385/391] loss 0.4229 lr 0.05936906572928628 acc 88.28% eta 1:11:18
2023-04-06 23:03:25,369 - __main__ - INFO - Computing epoch 45 validation accuracy...
2023-04-06 23:03:30,692 - __main__ - INFO - Computing epoch 45 validation loss...
2023-04-06 23:03:36,501 - __main__ - INFO - [INFO] 2023-04-06 23:03:36.501578 Epoch [46/100] batch [1/391] loss 0.3186 lr 0.05782172325201159 acc 81.25% eta 1:16:43
2023-04-06 23:04:06,196 - __main__ - INFO - [INFO] 2023-04-06 23:04:06.196065 Epoch [46/100] batch [129/391] loss 0.3687 lr 0.05782172325201159 acc 85.94% eta 1:11:16
2023-04-06 23:04:36,065 - __main__ - INFO - [INFO] 2023-04-06 23:04:36.065788 Epoch [46/100] batch [257/391] loss 0.5259 lr 0.05782172325201159 acc 71.09% eta 1:10:54
2023-04-06 23:05:05,641 - __main__ - INFO - [INFO] 2023-04-06 23:05:05.641557 Epoch [46/100] batch [385/391] loss 0.4258 lr 0.05782172325201159 acc 82.81% eta 1:10:19
2023-04-06 23:05:06,999 - __main__ - INFO - Computing epoch 46 validation accuracy...
2023-04-06 23:05:12,464 - __main__ - INFO - Computing epoch 46 validation loss...
2023-04-06 23:05:18,086 - __main__ - INFO - [INFO] 2023-04-06 23:05:18.086779 Epoch [47/100] batch [1/391] loss 0.4441 lr 0.056266661678215264 acc 85.94% eta 1:12:49
2023-04-06 23:05:47,513 - __main__ - INFO - [INFO] 2023-04-06 23:05:47.513781 Epoch [47/100] batch [129/391] loss 0.4600 lr 0.056266661678215264 acc 83.59% eta 1:09:15
2023-04-06 23:06:16,854 - __main__ - INFO - [INFO] 2023-04-06 23:06:16.854380 Epoch [47/100] batch [257/391] loss 0.5322 lr 0.056266661678215264 acc 85.16% eta 1:08:40
2023-04-06 23:06:46,448 - __main__ - INFO - [INFO] 2023-04-06 23:06:46.448793 Epoch [47/100] batch [385/391] loss 0.2974 lr 0.056266661678215264 acc 90.62% eta 1:08:24
2023-04-06 23:06:47,808 - __main__ - INFO - Computing epoch 47 validation accuracy...
2023-04-06 23:06:53,137 - __main__ - INFO - Computing epoch 47 validation loss...
2023-04-06 23:06:58,956 - __main__ - INFO - [INFO] 2023-04-06 23:06:58.955911 Epoch [48/100] batch [1/391] loss 0.3608 lr 0.05470541566592575 acc 85.16% eta 1:09:46
2023-04-06 23:07:28,446 - __main__ - INFO - [INFO] 2023-04-06 23:07:28.446507 Epoch [48/100] batch [129/391] loss 0.5708 lr 0.05470541566592575 acc 84.38% eta 1:08:11
2023-04-06 23:07:57,828 - __main__ - INFO - [INFO] 2023-04-06 23:07:57.828395 Epoch [48/100] batch [257/391] loss 0.3972 lr 0.05470541566592575 acc 88.28% eta 1:07:36
2023-04-06 23:08:27,010 - __main__ - INFO - [INFO] 2023-04-06 23:08:27.010784 Epoch [48/100] batch [385/391] loss 0.5024 lr 0.05470541566592575 acc 85.94% eta 1:06:56
2023-04-06 23:08:28,338 - __main__ - INFO - Computing epoch 48 validation accuracy...
2023-04-06 23:08:33,634 - __main__ - INFO - Computing epoch 48 validation loss...
2023-04-06 23:08:39,295 - __main__ - INFO - [INFO] 2023-04-06 23:08:39.295310 Epoch [49/100] batch [1/391] loss 0.4285 lr 0.053139525976465714 acc 78.91% eta 1:08:49
2023-04-06 23:09:08,937 - __main__ - INFO - [INFO] 2023-04-06 23:09:08.937628 Epoch [49/100] batch [129/391] loss 0.5020 lr 0.053139525976465714 acc 85.16% eta 1:07:08
2023-04-06 23:09:38,501 - __main__ - INFO - [INFO] 2023-04-06 23:09:38.501264 Epoch [49/100] batch [257/391] loss 0.2690 lr 0.053139525976465714 acc 89.06% eta 1:06:38
2023-04-06 23:10:08,018 - __main__ - INFO - [INFO] 2023-04-06 23:10:08.018513 Epoch [49/100] batch [385/391] loss 0.4746 lr 0.053139525976465714 acc 84.38% eta 1:06:10
2023-04-06 23:10:09,379 - __main__ - INFO - Computing epoch 49 validation accuracy...
2023-04-06 23:10:14,856 - __main__ - INFO - Computing epoch 49 validation loss...
2023-04-06 23:10:20,541 - __main__ - INFO - [INFO] 2023-04-06 23:10:20.541122 Epoch [50/100] batch [1/391] loss 0.4014 lr 0.05157053795390645 acc 85.94% eta 1:12:03
2023-04-06 23:10:50,093 - __main__ - INFO - [INFO] 2023-04-06 23:10:50.093288 Epoch [50/100] batch [129/391] loss 0.5186 lr 0.05157053795390645 acc 79.69% eta 1:05:39
2023-04-06 23:11:19,594 - __main__ - INFO - [INFO] 2023-04-06 23:11:19.594672 Epoch [50/100] batch [257/391] loss 0.3411 lr 0.05157053795390645 acc 85.16% eta 1:05:08
2023-04-06 23:11:49,203 - __main__ - INFO - [INFO] 2023-04-06 23:11:49.203163 Epoch [50/100] batch [385/391] loss 0.5249 lr 0.05157053795390645 acc 85.16% eta 1:04:48
2023-04-06 23:11:50,530 - __main__ - INFO - Computing epoch 50 validation accuracy...
2023-04-06 23:11:55,967 - __main__ - INFO - Computing epoch 50 validation loss...
2023-04-06 23:12:01,875 - __main__ - INFO - [INFO] 2023-04-06 23:12:01.874997 Epoch [51/100] batch [1/391] loss 0.4141 lr 0.05000000000000004 acc 78.12% eta 1:20:33
2023-04-06 23:12:31,342 - __main__ - INFO - [INFO] 2023-04-06 23:12:31.342022 Epoch [51/100] batch [129/391] loss 0.2822 lr 0.05000000000000004 acc 91.41% eta 1:04:26
2023-04-06 23:13:01,467 - __main__ - INFO - [INFO] 2023-04-06 23:13:01.467547 Epoch [51/100] batch [257/391] loss 0.4419 lr 0.05000000000000004 acc 84.38% eta 1:04:35
2023-04-06 23:13:30,844 - __main__ - INFO - [INFO] 2023-04-06 23:13:30.844566 Epoch [51/100] batch [385/391] loss 0.3462 lr 0.05000000000000004 acc 85.16% eta 1:03:48
2023-04-06 23:13:32,132 - __main__ - INFO - Computing epoch 51 validation accuracy...
2023-04-06 23:13:37,580 - __main__ - INFO - Computing epoch 51 validation loss...
2023-04-06 23:13:43,370 - __main__ - INFO - [INFO] 2023-04-06 23:13:43.370523 Epoch [52/100] batch [1/391] loss 0.4348 lr 0.04842946204609362 acc 87.50% eta 1:18:47
2023-04-06 23:14:12,954 - __main__ - INFO - [INFO] 2023-04-06 23:14:12.953876 Epoch [52/100] batch [129/391] loss 0.4670 lr 0.04842946204609362 acc 83.59% eta 1:03:17
2023-04-06 23:14:42,446 - __main__ - INFO - [INFO] 2023-04-06 23:14:42.446610 Epoch [52/100] batch [257/391] loss 0.3357 lr 0.04842946204609362 acc 85.94% eta 1:02:43
2023-04-06 23:15:12,057 - __main__ - INFO - [INFO] 2023-04-06 23:15:12.056970 Epoch [52/100] batch [385/391] loss 0.3577 lr 0.04842946204609362 acc 91.41% eta 1:02:19
2023-04-06 23:15:13,420 - __main__ - INFO - Computing epoch 52 validation accuracy...
2023-04-06 23:15:18,908 - __main__ - INFO - Computing epoch 52 validation loss...
2023-04-06 23:15:24,543 - __main__ - INFO - [INFO] 2023-04-06 23:15:24.543132 Epoch [53/100] batch [1/391] loss 0.3286 lr 0.04686047402353437 acc 85.94% eta 1:06:11
2023-04-06 23:15:53,868 - __main__ - INFO - [INFO] 2023-04-06 23:15:53.868380 Epoch [53/100] batch [129/391] loss 0.5425 lr 0.04686047402353437 acc 86.72% eta 1:01:18
2023-04-06 23:16:23,031 - __main__ - INFO - [INFO] 2023-04-06 23:16:23.031190 Epoch [53/100] batch [257/391] loss 0.3494 lr 0.04686047402353437 acc 72.66% eta 1:00:43
2023-04-06 23:16:52,610 - __main__ - INFO - [INFO] 2023-04-06 23:16:52.610750 Epoch [53/100] batch [385/391] loss 0.5039 lr 0.04686047402353437 acc 80.47% eta 1:00:33
2023-04-06 23:16:53,962 - __main__ - INFO - Computing epoch 53 validation accuracy...
2023-04-06 23:16:59,479 - __main__ - INFO - Computing epoch 53 validation loss...
2023-04-06 23:17:05,160 - __main__ - INFO - [INFO] 2023-04-06 23:17:05.159951 Epoch [54/100] batch [1/391] loss 0.3955 lr 0.045294584334074316 acc 85.16% eta 0:58:26
2023-04-06 23:17:34,708 - __main__ - INFO - [INFO] 2023-04-06 23:17:34.708730 Epoch [54/100] batch [129/391] loss 0.3828 lr 0.045294584334074316 acc 81.25% eta 1:00:29
2023-04-06 23:18:04,270 - __main__ - INFO - [INFO] 2023-04-06 23:18:04.270439 Epoch [54/100] batch [257/391] loss 0.3357 lr 0.045294584334074316 acc 91.41% eta 1:00:06
2023-04-06 23:18:33,462 - __main__ - INFO - [INFO] 2023-04-06 23:18:33.461997 Epoch [54/100] batch [385/391] loss 0.5425 lr 0.045294584334074316 acc 89.06% eta 0:59:21
2023-04-06 23:18:34,849 - __main__ - INFO - Computing epoch 54 validation accuracy...
2023-04-06 23:18:40,240 - __main__ - INFO - Computing epoch 54 validation loss...
2023-04-06 23:18:46,122 - __main__ - INFO - [INFO] 2023-04-06 23:18:46.122312 Epoch [55/100] batch [1/391] loss 0.3499 lr 0.043733338321784825 acc 91.41% eta 1:06:41
2023-04-06 23:19:15,717 - __main__ - INFO - [INFO] 2023-04-06 23:19:15.717675 Epoch [55/100] batch [129/391] loss 0.3789 lr 0.043733338321784825 acc 85.16% eta 0:59:20
2023-04-06 23:19:45,123 - __main__ - INFO - [INFO] 2023-04-06 23:19:45.123336 Epoch [55/100] batch [257/391] loss 0.3933 lr 0.043733338321784825 acc 82.81% eta 0:58:41
2023-04-06 23:20:14,861 - __main__ - INFO - [INFO] 2023-04-06 23:20:14.861300 Epoch [55/100] batch [385/391] loss 0.4507 lr 0.043733338321784825 acc 82.03% eta 0:58:25
2023-04-06 23:20:16,178 - __main__ - INFO - Computing epoch 55 validation accuracy...
2023-04-06 23:20:21,629 - __main__ - INFO - Computing epoch 55 validation loss...
2023-04-06 23:20:27,446 - __main__ - INFO - [INFO] 2023-04-06 23:20:27.446505 Epoch [56/100] batch [1/391] loss 0.4343 lr 0.042178276747988484 acc 87.50% eta 1:00:52
2023-04-06 23:20:56,582 - __main__ - INFO - [INFO] 2023-04-06 23:20:56.582694 Epoch [56/100] batch [129/391] loss 0.3167 lr 0.042178276747988484 acc 83.59% eta 0:57:06
2023-04-06 23:21:26,243 - __main__ - INFO - [INFO] 2023-04-06 23:21:26.243229 Epoch [56/100] batch [257/391] loss 0.3025 lr 0.042178276747988484 acc 86.72% eta 0:57:10
2023-04-06 23:21:55,867 - __main__ - INFO - [INFO] 2023-04-06 23:21:55.866884 Epoch [56/100] batch [385/391] loss 0.3682 lr 0.042178276747988484 acc 91.41% eta 0:56:50
2023-04-06 23:21:57,221 - __main__ - INFO - Computing epoch 56 validation accuracy...
2023-04-06 23:22:02,615 - __main__ - INFO - Computing epoch 56 validation loss...
2023-04-06 23:22:08,328 - __main__ - INFO - [INFO] 2023-04-06 23:22:08.328424 Epoch [57/100] batch [1/391] loss 0.2720 lr 0.0406309342707138 acc 89.06% eta 1:05:15
2023-04-06 23:22:37,938 - __main__ - INFO - [INFO] 2023-04-06 23:22:37.937935 Epoch [57/100] batch [129/391] loss 0.3711 lr 0.0406309342707138 acc 84.38% eta 0:56:42
2023-04-06 23:23:07,908 - __main__ - INFO - [INFO] 2023-04-06 23:23:07.908524 Epoch [57/100] batch [257/391] loss 0.2979 lr 0.0406309342707138 acc 87.50% eta 0:56:36
2023-04-06 23:23:37,274 - __main__ - INFO - [INFO] 2023-04-06 23:23:37.274304 Epoch [57/100] batch [385/391] loss 0.2783 lr 0.0406309342707138 acc 89.06% eta 0:55:51
2023-04-06 23:23:38,714 - __main__ - INFO - Computing epoch 57 validation accuracy...
2023-04-06 23:23:44,159 - __main__ - INFO - Computing epoch 57 validation loss...
2023-04-06 23:23:49,946 - __main__ - INFO - [INFO] 2023-04-06 23:23:49.946167 Epoch [58/100] batch [1/391] loss 0.2898 lr 0.039092837930172916 acc 88.28% eta 0:58:36
2023-04-06 23:24:19,519 - __main__ - INFO - [INFO] 2023-04-06 23:24:19.519098 Epoch [58/100] batch [129/391] loss 0.3054 lr 0.039092837930172916 acc 90.62% eta 0:55:12
2023-04-06 23:24:49,319 - __main__ - INFO - [INFO] 2023-04-06 23:24:49.319266 Epoch [58/100] batch [257/391] loss 0.4478 lr 0.039092837930172916 acc 89.06% eta 0:55:01
2023-04-06 23:25:19,369 - __main__ - INFO - [INFO] 2023-04-06 23:25:19.369426 Epoch [58/100] batch [385/391] loss 0.3210 lr 0.039092837930172916 acc 89.84% eta 0:54:49
2023-04-06 23:25:20,760 - __main__ - INFO - Computing epoch 58 validation accuracy...
2023-04-06 23:25:26,151 - __main__ - INFO - Computing epoch 58 validation loss...
2023-04-06 23:25:31,855 - __main__ - INFO - [INFO] 2023-04-06 23:25:31.855782 Epoch [59/100] batch [1/391] loss 0.2314 lr 0.037565505641757285 acc 88.28% eta 0:59:29
2023-04-06 23:26:01,095 - __main__ - INFO - [INFO] 2023-04-06 23:26:01.095328 Epoch [59/100] batch [129/391] loss 0.3726 lr 0.037565505641757285 acc 89.06% eta 0:53:19
2023-04-06 23:26:30,502 - __main__ - INFO - [INFO] 2023-04-06 23:26:30.502211 Epoch [59/100] batch [257/391] loss 0.3806 lr 0.037565505641757285 acc 88.28% eta 0:53:03
2023-04-06 23:26:59,966 - __main__ - INFO - [INFO] 2023-04-06 23:26:59.966244 Epoch [59/100] batch [385/391] loss 0.3921 lr 0.037565505641757285 acc 87.50% eta 0:52:44
2023-04-06 23:27:01,294 - __main__ - INFO - Computing epoch 59 validation accuracy...
2023-04-06 23:27:06,695 - __main__ - INFO - Computing epoch 59 validation loss...
2023-04-06 23:27:12,394 - __main__ - INFO - [INFO] 2023-04-06 23:27:12.394780 Epoch [60/100] batch [1/391] loss 0.3486 lr 0.03605044469803857 acc 85.94% eta 0:54:53
2023-04-06 23:27:42,060 - __main__ - INFO - [INFO] 2023-04-06 23:27:42.059958 Epoch [60/100] batch [129/391] loss 0.2438 lr 0.03605044469803857 acc 86.72% eta 0:52:57
2023-04-06 23:28:11,790 - __main__ - INFO - [INFO] 2023-04-06 23:28:11.790100 Epoch [60/100] batch [257/391] loss 0.3281 lr 0.03605044469803857 acc 89.06% eta 0:52:26
2023-04-06 23:28:41,078 - __main__ - INFO - [INFO] 2023-04-06 23:28:41.078781 Epoch [60/100] batch [385/391] loss 0.2910 lr 0.03605044469803857 acc 89.84% eta 0:51:46
2023-04-06 23:28:42,446 - __main__ - INFO - Computing epoch 60 validation accuracy...
2023-04-06 23:28:47,843 - __main__ - INFO - Computing epoch 60 validation loss...
2023-04-06 23:28:53,538 - __main__ - INFO - [INFO] 2023-04-06 23:28:53.538732 Epoch [61/100] batch [1/391] loss 0.2485 lr 0.034549150281252675 acc 90.62% eta 0:57:02
2023-04-06 23:29:23,048 - __main__ - INFO - [INFO] 2023-04-06 23:29:23.048152 Epoch [61/100] batch [129/391] loss 0.3435 lr 0.034549150281252675 acc 88.28% eta 0:51:14
2023-04-06 23:29:52,661 - __main__ - INFO - [INFO] 2023-04-06 23:29:52.661487 Epoch [61/100] batch [257/391] loss 0.3145 lr 0.034549150281252675 acc 89.84% eta 0:50:57
2023-04-06 23:30:22,175 - __main__ - INFO - [INFO] 2023-04-06 23:30:22.175535 Epoch [61/100] batch [385/391] loss 0.3169 lr 0.034549150281252675 acc 89.84% eta 0:50:31
2023-04-06 23:30:23,564 - __main__ - INFO - Computing epoch 61 validation accuracy...
2023-04-06 23:30:28,963 - __main__ - INFO - Computing epoch 61 validation loss...
2023-04-06 23:30:34,644 - __main__ - INFO - [INFO] 2023-04-06 23:30:34.644808 Epoch [62/100] batch [1/391] loss 0.3416 lr 0.03306310398773546 acc 89.06% eta 0:49:01
2023-04-06 23:31:03,866 - __main__ - INFO - [INFO] 2023-04-06 23:31:03.866003 Epoch [62/100] batch [129/391] loss 0.3137 lr 0.03306310398773546 acc 93.75% eta 0:49:27
2023-04-06 23:31:33,598 - __main__ - INFO - [INFO] 2023-04-06 23:31:33.598272 Epoch [62/100] batch [257/391] loss 0.2676 lr 0.03306310398773546 acc 96.09% eta 0:49:27
2023-04-06 23:32:03,448 - __main__ - INFO - [INFO] 2023-04-06 23:32:03.448344 Epoch [62/100] batch [385/391] loss 0.3767 lr 0.03306310398773546 acc 83.59% eta 0:49:16
2023-04-06 23:32:04,812 - __main__ - INFO - Computing epoch 62 validation accuracy...
2023-04-06 23:32:10,181 - __main__ - INFO - Computing epoch 62 validation loss...
2023-04-06 23:32:15,886 - __main__ - INFO - [INFO] 2023-04-06 23:32:15.886366 Epoch [63/100] batch [1/391] loss 0.1962 lr 0.031593772365766146 acc 94.53% eta 0:57:47
2023-04-06 23:32:45,430 - __main__ - INFO - [INFO] 2023-04-06 23:32:45.430384 Epoch [63/100] batch [129/391] loss 0.3538 lr 0.031593772365766146 acc 88.28% eta 0:48:51
2023-04-06 23:33:14,963 - __main__ - INFO - [INFO] 2023-04-06 23:33:14.963159 Epoch [63/100] batch [257/391] loss 0.1847 lr 0.031593772365766146 acc 96.09% eta 0:48:22
2023-04-06 23:33:44,085 - __main__ - INFO - [INFO] 2023-04-06 23:33:44.085541 Epoch [63/100] batch [385/391] loss 0.4338 lr 0.031593772365766146 acc 89.06% eta 0:47:41
2023-04-06 23:33:45,453 - __main__ - INFO - Computing epoch 63 validation accuracy...
2023-04-06 23:33:50,802 - __main__ - INFO - Computing epoch 63 validation loss...
2023-04-06 23:33:56,512 - __main__ - INFO - [INFO] 2023-04-06 23:33:56.511938 Epoch [64/100] batch [1/391] loss 0.2324 lr 0.030142605468260992 acc 92.97% eta 0:44:08
2023-04-06 23:34:26,610 - __main__ - INFO - [INFO] 2023-04-06 23:34:26.610550 Epoch [64/100] batch [129/391] loss 0.2515 lr 0.030142605468260992 acc 93.75% eta 0:48:20
2023-04-06 23:34:56,491 - __main__ - INFO - [INFO] 2023-04-06 23:34:56.491005 Epoch [64/100] batch [257/391] loss 0.2472 lr 0.030142605468260992 acc 93.75% eta 0:47:40
2023-04-06 23:35:26,083 - __main__ - INFO - [INFO] 2023-04-06 23:35:26.083767 Epoch [64/100] batch [385/391] loss 0.3848 lr 0.030142605468260992 acc 83.59% eta 0:47:02
2023-04-06 23:35:27,455 - __main__ - INFO - Computing epoch 64 validation accuracy...
2023-04-06 23:35:32,993 - __main__ - INFO - Computing epoch 64 validation loss...
2023-04-06 23:35:38,812 - __main__ - INFO - [INFO] 2023-04-06 23:35:38.812185 Epoch [65/100] batch [1/391] loss 0.1803 lr 0.028711035421746394 acc 93.75% eta 0:51:11
2023-04-06 23:36:08,863 - __main__ - INFO - [INFO] 2023-04-06 23:36:08.863721 Epoch [65/100] batch [129/391] loss 0.2676 lr 0.028711035421746394 acc 91.41% eta 0:46:37
2023-04-06 23:36:38,350 - __main__ - INFO - [INFO] 2023-04-06 23:36:38.350017 Epoch [65/100] batch [257/391] loss 0.3435 lr 0.028711035421746394 acc 85.16% eta 0:45:56
2023-04-06 23:37:08,305 - __main__ - INFO - [INFO] 2023-04-06 23:37:08.304888 Epoch [65/100] batch [385/391] loss 0.2974 lr 0.028711035421746394 acc 94.53% eta 0:45:37
2023-04-06 23:37:09,646 - __main__ - INFO - Computing epoch 65 validation accuracy...
2023-04-06 23:37:15,030 - __main__ - INFO - Computing epoch 65 validation loss...
2023-04-06 23:37:20,976 - __main__ - INFO - [INFO] 2023-04-06 23:37:20.976673 Epoch [66/100] batch [1/391] loss 0.3059 lr 0.027300475013022688 acc 92.97% eta 0:47:47
2023-04-06 23:37:50,827 - __main__ - INFO - [INFO] 2023-04-06 23:37:50.827619 Epoch [66/100] batch [129/391] loss 0.2932 lr 0.027300475013022688 acc 87.50% eta 0:45:14
2023-04-06 23:38:20,512 - __main__ - INFO - [INFO] 2023-04-06 23:38:20.512332 Epoch [66/100] batch [257/391] loss 0.2869 lr 0.027300475013022688 acc 91.41% eta 0:44:45
2023-04-06 23:38:49,610 - __main__ - INFO - [INFO] 2023-04-06 23:38:49.610499 Epoch [66/100] batch [385/391] loss 0.2542 lr 0.027300475013022688 acc 92.97% eta 0:43:58
2023-04-06 23:38:50,953 - __main__ - INFO - Computing epoch 66 validation accuracy...
2023-04-06 23:38:56,398 - __main__ - INFO - Computing epoch 66 validation loss...
2023-04-06 23:39:02,090 - __main__ - INFO - [INFO] 2023-04-06 23:39:02.090145 Epoch [67/100] batch [1/391] loss 0.3445 lr 0.025912316294914254 acc 91.41% eta 0:47:48
2023-04-06 23:39:31,577 - __main__ - INFO - [INFO] 2023-04-06 23:39:31.577298 Epoch [67/100] batch [129/391] loss 0.1996 lr 0.025912316294914254 acc 96.09% eta 0:43:29
2023-04-06 23:40:01,231 - __main__ - INFO - [INFO] 2023-04-06 23:40:01.230999 Epoch [67/100] batch [257/391] loss 0.3325 lr 0.025912316294914254 acc 87.50% eta 0:43:10
2023-04-06 23:40:30,936 - __main__ - INFO - [INFO] 2023-04-06 23:40:30.936558 Epoch [67/100] batch [385/391] loss 0.3848 lr 0.025912316294914254 acc 84.38% eta 0:42:48
2023-04-06 23:40:32,332 - __main__ - INFO - Computing epoch 67 validation accuracy...
2023-04-06 23:40:37,680 - __main__ - INFO - Computing epoch 67 validation loss...
2023-04-06 23:40:43,601 - __main__ - INFO - [INFO] 2023-04-06 23:40:43.601324 Epoch [68/100] batch [1/391] loss 0.4253 lr 0.02454792921248146 acc 89.06% eta 0:50:39
2023-04-06 23:41:13,091 - __main__ - INFO - [INFO] 2023-04-06 23:41:13.091767 Epoch [68/100] batch [129/391] loss 0.3584 lr 0.02454792921248146 acc 88.28% eta 0:42:09
2023-04-06 23:41:42,924 - __main__ - INFO - [INFO] 2023-04-06 23:41:42.924006 Epoch [68/100] batch [257/391] loss 0.2891 lr 0.02454792921248146 acc 92.97% eta 0:42:02
2023-04-06 23:42:12,738 - __main__ - INFO - [INFO] 2023-04-06 23:42:12.738562 Epoch [68/100] batch [385/391] loss 0.3369 lr 0.02454792921248146 acc 91.41% eta 0:41:40
2023-04-06 23:42:14,095 - __main__ - INFO - Computing epoch 68 validation accuracy...
2023-04-06 23:42:19,428 - __main__ - INFO - Computing epoch 68 validation loss...
2023-04-06 23:42:25,256 - __main__ - INFO - [INFO] 2023-04-06 23:42:25.256425 Epoch [69/100] batch [1/391] loss 0.2791 lr 0.02320866025105018 acc 90.62% eta 0:45:08
2023-04-06 23:42:55,079 - __main__ - INFO - [INFO] 2023-04-06 23:42:55.079475 Epoch [69/100] batch [129/391] loss 0.3176 lr 0.02320866025105018 acc 84.38% eta 0:41:23
2023-04-06 23:43:24,565 - __main__ - INFO - [INFO] 2023-04-06 23:43:24.565224 Epoch [69/100] batch [257/391] loss 0.2059 lr 0.02320866025105018 acc 92.97% eta 0:40:43
2023-04-06 23:43:53,785 - __main__ - INFO - [INFO] 2023-04-06 23:43:53.785333 Epoch [69/100] batch [385/391] loss 0.2847 lr 0.02320866025105018 acc 88.28% eta 0:40:05
2023-04-06 23:43:55,121 - __main__ - INFO - Computing epoch 69 validation accuracy...
2023-04-06 23:44:00,530 - __main__ - INFO - Computing epoch 69 validation loss...
2023-04-06 23:44:06,395 - __main__ - INFO - [INFO] 2023-04-06 23:44:06.395685 Epoch [70/100] batch [1/391] loss 0.2087 lr 0.021895831107393487 acc 92.97% eta 0:43:48
2023-04-06 23:44:36,087 - __main__ - INFO - [INFO] 2023-04-06 23:44:36.087681 Epoch [70/100] batch [129/391] loss 0.1364 lr 0.021895831107393487 acc 95.31% eta 0:39:55
2023-04-06 23:45:05,724 - __main__ - INFO - [INFO] 2023-04-06 23:45:05.724138 Epoch [70/100] batch [257/391] loss 0.2556 lr 0.021895831107393487 acc 90.62% eta 0:39:26
2023-04-06 23:45:35,229 - __main__ - INFO - [INFO] 2023-04-06 23:45:35.229698 Epoch [70/100] batch [385/391] loss 0.3125 lr 0.021895831107393487 acc 91.41% eta 0:38:56
2023-04-06 23:45:36,559 - __main__ - INFO - Computing epoch 70 validation accuracy...
2023-04-06 23:45:41,908 - __main__ - INFO - Computing epoch 70 validation loss...
2023-04-06 23:45:47,939 - __main__ - INFO - [INFO] 2023-04-06 23:45:47.939517 Epoch [71/100] batch [1/391] loss 0.2220 lr 0.02061073738537637 acc 94.53% eta 0:43:36
2023-04-06 23:46:17,046 - __main__ - INFO - [INFO] 2023-04-06 23:46:17.046266 Epoch [71/100] batch [129/391] loss 0.3008 lr 0.02061073738537637 acc 91.41% eta 0:37:45
2023-04-06 23:46:46,566 - __main__ - INFO - [INFO] 2023-04-06 23:46:46.566240 Epoch [71/100] batch [257/391] loss 0.3320 lr 0.02061073738537637 acc 91.41% eta 0:37:37
2023-04-06 23:47:16,086 - __main__ - INFO - [INFO] 2023-04-06 23:47:16.086421 Epoch [71/100] batch [385/391] loss 0.2126 lr 0.02061073738537637 acc 94.53% eta 0:37:18
2023-04-06 23:47:17,449 - __main__ - INFO - Computing epoch 71 validation accuracy...
2023-04-06 23:47:22,805 - __main__ - INFO - Computing epoch 71 validation loss...
2023-04-06 23:47:28,628 - __main__ - INFO - [INFO] 2023-04-06 23:47:28.628164 Epoch [72/100] batch [1/391] loss 0.2085 lr 0.01935464731735119 acc 93.75% eta 0:40:27
2023-04-06 23:47:58,689 - __main__ - INFO - [INFO] 2023-04-06 23:47:58.689048 Epoch [72/100] batch [129/391] loss 0.1677 lr 0.01935464731735119 acc 94.53% eta 0:37:45
2023-04-06 23:48:28,261 - __main__ - INFO - [INFO] 2023-04-06 23:48:28.261750 Epoch [72/100] batch [257/391] loss 0.2474 lr 0.01935464731735119 acc 89.06% eta 0:37:00
2023-04-06 23:48:57,549 - __main__ - INFO - [INFO] 2023-04-06 23:48:57.548855 Epoch [72/100] batch [385/391] loss 0.2126 lr 0.01935464731735119 acc 94.53% eta 0:36:20
2023-04-06 23:48:58,883 - __main__ - INFO - Computing epoch 72 validation accuracy...
2023-04-06 23:49:04,285 - __main__ - INFO - Computing epoch 72 validation loss...
2023-04-06 23:49:10,137 - __main__ - INFO - [INFO] 2023-04-06 23:49:10.137072 Epoch [73/100] batch [1/391] loss 0.1832 lr 0.018128800512565532 acc 97.66% eta 0:39:52
2023-04-06 23:49:40,110 - __main__ - INFO - [INFO] 2023-04-06 23:49:40.110453 Epoch [73/100] batch [129/391] loss 0.2303 lr 0.018128800512565532 acc 92.19% eta 0:36:15
2023-04-06 23:50:09,940 - __main__ - INFO - [INFO] 2023-04-06 23:50:09.940707 Epoch [73/100] batch [257/391] loss 0.3020 lr 0.018128800512565532 acc 89.06% eta 0:35:44
2023-04-06 23:50:39,734 - __main__ - INFO - [INFO] 2023-04-06 23:50:39.734562 Epoch [73/100] batch [385/391] loss 0.2490 lr 0.018128800512565532 acc 92.19% eta 0:35:18
2023-04-06 23:50:41,074 - __main__ - INFO - Computing epoch 73 validation accuracy...
2023-04-06 23:50:46,557 - __main__ - INFO - Computing epoch 73 validation loss...
2023-04-06 23:50:52,875 - __main__ - INFO - [INFO] 2023-04-06 23:50:52.875073 Epoch [74/100] batch [1/391] loss 0.2378 lr 0.016934406733817433 acc 92.97% eta 0:36:21
2023-04-06 23:51:22,018 - __main__ - INFO - [INFO] 2023-04-06 23:51:22.018752 Epoch [74/100] batch [129/391] loss 0.2233 lr 0.016934406733817433 acc 93.75% eta 0:33:59
2023-04-06 23:51:51,674 - __main__ - INFO - [INFO] 2023-04-06 23:51:51.673999 Epoch [74/100] batch [257/391] loss 0.3228 lr 0.016934406733817433 acc 96.88% eta 0:33:55
2023-04-06 23:52:21,452 - __main__ - INFO - [INFO] 2023-04-06 23:52:21.452476 Epoch [74/100] batch [385/391] loss 0.3250 lr 0.016934406733817433 acc 92.97% eta 0:33:38
2023-04-06 23:52:22,795 - __main__ - INFO - Computing epoch 74 validation accuracy...
2023-04-06 23:52:28,245 - __main__ - INFO - Computing epoch 74 validation loss...
2023-04-06 23:52:34,104 - __main__ - INFO - [INFO] 2023-04-06 23:52:34.104108 Epoch [75/100] batch [1/391] loss 0.1937 lr 0.01577264470356558 acc 92.19% eta 0:35:34
2023-04-06 23:53:03,721 - __main__ - INFO - [INFO] 2023-04-06 23:53:03.720878 Epoch [75/100] batch [129/391] loss 0.2510 lr 0.01577264470356558 acc 92.97% eta 0:33:15
2023-04-06 23:53:33,048 - __main__ - INFO - [INFO] 2023-04-06 23:53:33.048328 Epoch [75/100] batch [257/391] loss 0.1769 lr 0.01577264470356558 acc 96.09% eta 0:32:41
2023-04-06 23:54:02,479 - __main__ - INFO - [INFO] 2023-04-06 23:54:02.479743 Epoch [75/100] batch [385/391] loss 0.2800 lr 0.01577264470356558 acc 93.75% eta 0:32:16
2023-04-06 23:54:03,827 - __main__ - INFO - Computing epoch 75 validation accuracy...
2023-04-06 23:54:09,218 - __main__ - INFO - Computing epoch 75 validation loss...
2023-04-06 23:54:15,106 - __main__ - INFO - [INFO] 2023-04-06 23:54:15.106640 Epoch [76/100] batch [1/391] loss 0.2396 lr 0.014644660940672643 acc 92.19% eta 0:35:19
2023-04-06 23:54:44,991 - __main__ - INFO - [INFO] 2023-04-06 23:54:44.990998 Epoch [76/100] batch [129/391] loss 0.3232 lr 0.014644660940672643 acc 90.62% eta 0:32:19
2023-04-06 23:55:13,140 - __main__ - INFO - [INFO] 2023-04-06 23:55:13.140656 Epoch [76/100] batch [257/391] loss 0.1328 lr 0.014644660940672643 acc 96.88% eta 0:30:51
2023-04-06 23:55:39,499 - __main__ - INFO - [INFO] 2023-04-06 23:55:39.499277 Epoch [76/100] batch [385/391] loss 0.2617 lr 0.014644660940672643 acc 91.41% eta 0:29:24
2023-04-06 23:55:40,670 - __main__ - INFO - Computing epoch 76 validation accuracy...
2023-04-06 23:55:45,639 - __main__ - INFO - Computing epoch 76 validation loss...
2023-04-06 23:55:51,270 - __main__ - INFO - [INFO] 2023-04-06 23:55:51.269867 Epoch [77/100] batch [1/391] loss 0.1840 lr 0.013551568628929448 acc 93.75% eta 0:30:11
2023-04-06 23:56:19,428 - __main__ - INFO - [INFO] 2023-04-06 23:56:19.428660 Epoch [77/100] batch [129/391] loss 0.2954 lr 0.013551568628929448 acc 89.06% eta 0:29:05
2023-04-06 23:56:48,887 - __main__ - INFO - [INFO] 2023-04-06 23:56:48.887429 Epoch [77/100] batch [257/391] loss 0.2307 lr 0.013551568628929448 acc 94.53% eta 0:29:25
2023-04-06 23:57:18,471 - __main__ - INFO - [INFO] 2023-04-06 23:57:18.470999 Epoch [77/100] batch [385/391] loss 0.2979 lr 0.013551568628929448 acc 92.19% eta 0:29:18
2023-04-06 23:57:19,809 - __main__ - INFO - Computing epoch 77 validation accuracy...
2023-04-06 23:57:25,229 - __main__ - INFO - Computing epoch 77 validation loss...
2023-04-06 23:57:30,962 - __main__ - INFO - [INFO] 2023-04-06 23:57:30.962092 Epoch [78/100] batch [1/391] loss 0.1746 lr 0.012494446518477033 acc 95.31% eta 0:31:11
2023-04-06 23:58:00,578 - __main__ - INFO - [INFO] 2023-04-06 23:58:00.578338 Epoch [78/100] batch [129/391] loss 0.2290 lr 0.012494446518477033 acc 95.31% eta 0:29:25
2023-04-06 23:58:29,676 - __main__ - INFO - [INFO] 2023-04-06 23:58:29.676460 Epoch [78/100] batch [257/391] loss 0.2505 lr 0.012494446518477033 acc 93.75% eta 0:28:43
2023-04-06 23:58:59,621 - __main__ - INFO - [INFO] 2023-04-06 23:58:59.620830 Epoch [78/100] batch [385/391] loss 0.1759 lr 0.012494446518477033 acc 96.09% eta 0:28:31
2023-04-06 23:59:00,943 - __main__ - INFO - Computing epoch 78 validation accuracy...
2023-04-06 23:59:06,221 - __main__ - INFO - Computing epoch 78 validation loss...
2023-04-06 23:59:11,897 - __main__ - INFO - [INFO] 2023-04-06 23:59:11.897043 Epoch [79/100] batch [1/391] loss 0.2231 lr 0.011474337861210555 acc 92.19% eta 0:30:37
2023-04-06 23:59:41,584 - __main__ - INFO - [INFO] 2023-04-06 23:59:41.583819 Epoch [79/100] batch [129/391] loss 0.1090 lr 0.011474337861210555 acc 99.22% eta 0:28:16
2023-04-07 00:00:11,109 - __main__ - INFO - [INFO] 2023-04-07 00:00:11.109303 Epoch [79/100] batch [257/391] loss 0.2031 lr 0.011474337861210555 acc 94.53% eta 0:27:46
2023-04-07 00:00:40,462 - __main__ - INFO - [INFO] 2023-04-07 00:00:40.462224 Epoch [79/100] batch [385/391] loss 0.2452 lr 0.011474337861210555 acc 94.53% eta 0:27:13
2023-04-07 00:00:41,758 - __main__ - INFO - Computing epoch 79 validation accuracy...
2023-04-07 00:00:47,123 - __main__ - INFO - Computing epoch 79 validation loss...
2023-04-07 00:00:52,914 - __main__ - INFO - [INFO] 2023-04-07 00:00:52.914633 Epoch [80/100] batch [1/391] loss 0.1992 lr 0.01049224938121549 acc 96.88% eta 0:30:13
2023-04-07 00:01:22,313 - __main__ - INFO - [INFO] 2023-04-07 00:01:22.313087 Epoch [80/100] batch [129/391] loss 0.2483 lr 0.01049224938121549 acc 93.75% eta 0:26:43
2023-04-07 00:01:52,105 - __main__ - INFO - [INFO] 2023-04-07 00:01:52.105079 Epoch [80/100] batch [257/391] loss 0.1572 lr 0.01049224938121549 acc 94.53% eta 0:26:27
2023-04-07 00:02:21,576 - __main__ - INFO - [INFO] 2023-04-07 00:02:21.576773 Epoch [80/100] batch [385/391] loss 0.2507 lr 0.01049224938121549 acc 92.97% eta 0:25:59
2023-04-07 00:02:22,891 - __main__ - INFO - Computing epoch 80 validation accuracy...
2023-04-07 00:02:28,370 - __main__ - INFO - Computing epoch 80 validation loss...
2023-04-07 00:02:34,027 - __main__ - INFO - [INFO] 2023-04-07 00:02:34.027330 Epoch [81/100] batch [1/391] loss 0.1705 lr 0.009549150281252642 acc 92.97% eta 0:29:38
2023-04-07 00:03:04,059 - __main__ - INFO - [INFO] 2023-04-07 00:03:04.059555 Epoch [81/100] batch [129/391] loss 0.1262 lr 0.009549150281252642 acc 93.75% eta 0:25:57
2023-04-07 00:03:33,147 - __main__ - INFO - [INFO] 2023-04-07 00:03:33.147227 Epoch [81/100] batch [257/391] loss 0.1257 lr 0.009549150281252642 acc 96.88% eta 0:25:04
2023-04-07 00:04:03,100 - __main__ - INFO - [INFO] 2023-04-07 00:04:03.100539 Epoch [81/100] batch [385/391] loss 0.1530 lr 0.009549150281252642 acc 96.09% eta 0:24:44
2023-04-07 00:04:04,445 - __main__ - INFO - Computing epoch 81 validation accuracy...
2023-04-07 00:04:09,805 - __main__ - INFO - Computing epoch 81 validation loss...
2023-04-07 00:04:15,732 - __main__ - INFO - [INFO] 2023-04-07 00:04:15.732535 Epoch [82/100] batch [1/391] loss 0.1234 lr 0.008645971286271922 acc 97.66% eta 0:26:27
2023-04-07 00:04:45,343 - __main__ - INFO - [INFO] 2023-04-07 00:04:45.343503 Epoch [82/100] batch [129/391] loss 0.1566 lr 0.008645971286271922 acc 95.31% eta 0:24:14
2023-04-07 00:05:15,087 - __main__ - INFO - [INFO] 2023-04-07 00:05:15.087799 Epoch [82/100] batch [257/391] loss 0.1907 lr 0.008645971286271922 acc 95.31% eta 0:23:51
2023-04-07 00:05:44,477 - __main__ - INFO - [INFO] 2023-04-07 00:05:44.477136 Epoch [82/100] batch [385/391] loss 0.1299 lr 0.008645971286271922 acc 98.44% eta 0:23:20
2023-04-07 00:05:45,883 - __main__ - INFO - Computing epoch 82 validation accuracy...
2023-04-07 00:05:51,246 - __main__ - INFO - Computing epoch 82 validation loss...
2023-04-07 00:05:57,006 - __main__ - INFO - [INFO] 2023-04-07 00:05:57.005932 Epoch [83/100] batch [1/391] loss 0.1469 lr 0.007783603724899264 acc 97.66% eta 0:25:47
2023-04-07 00:06:26,800 - __main__ - INFO - [INFO] 2023-04-07 00:06:26.800645 Epoch [83/100] batch [129/391] loss 0.0787 lr 0.007783603724899264 acc 98.44% eta 0:23:05
2023-04-07 00:06:56,492 - __main__ - INFO - [INFO] 2023-04-07 00:06:56.491893 Epoch [83/100] batch [257/391] loss 0.1980 lr 0.007783603724899264 acc 95.31% eta 0:22:36
2023-04-07 00:07:26,061 - __main__ - INFO - [INFO] 2023-04-07 00:07:26.061736 Epoch [83/100] batch [385/391] loss 0.1094 lr 0.007783603724899264 acc 99.22% eta 0:22:08
2023-04-07 00:07:27,411 - __main__ - INFO - Computing epoch 83 validation accuracy...
2023-04-07 00:07:32,867 - __main__ - INFO - Computing epoch 83 validation loss...
2023-04-07 00:07:38,475 - __main__ - INFO - [INFO] 2023-04-07 00:07:38.474828 Epoch [84/100] batch [1/391] loss 0.0782 lr 0.006962898649802819 acc 97.66% eta 0:23:11
2023-04-07 00:08:08,217 - __main__ - INFO - [INFO] 2023-04-07 00:08:08.216913 Epoch [84/100] batch [129/391] loss 0.0464 lr 0.006962898649802819 acc 97.66% eta 0:21:45
2023-04-07 00:08:37,946 - __main__ - INFO - [INFO] 2023-04-07 00:08:37.946771 Epoch [84/100] batch [257/391] loss 0.1272 lr 0.006962898649802819 acc 96.88% eta 0:21:17
2023-04-07 00:09:07,464 - __main__ - INFO - [INFO] 2023-04-07 00:09:07.464632 Epoch [84/100] batch [385/391] loss 0.1523 lr 0.006962898649802819 acc 93.75% eta 0:20:49
2023-04-07 00:09:08,802 - __main__ - INFO - Computing epoch 84 validation accuracy...
2023-04-07 00:09:14,197 - __main__ - INFO - Computing epoch 84 validation loss...
2023-04-07 00:09:19,890 - __main__ - INFO - [INFO] 2023-04-07 00:09:19.890310 Epoch [85/100] batch [1/391] loss 0.0971 lr 0.0061846659978068265 acc 96.88% eta 0:19:28
2023-04-07 00:09:49,742 - __main__ - INFO - [INFO] 2023-04-07 00:09:49.742606 Epoch [85/100] batch [129/391] loss 0.1444 lr 0.0061846659978068265 acc 96.09% eta 0:20:29
2023-04-07 00:10:19,335 - __main__ - INFO - [INFO] 2023-04-07 00:10:19.334863 Epoch [85/100] batch [257/391] loss 0.1102 lr 0.0061846659978068265 acc 97.66% eta 0:19:59
2023-04-07 00:10:48,841 - __main__ - INFO - [INFO] 2023-04-07 00:10:48.840911 Epoch [85/100] batch [385/391] loss 0.1914 lr 0.0061846659978068265 acc 95.31% eta 0:19:29
2023-04-07 00:10:50,176 - __main__ - INFO - Computing epoch 85 validation accuracy...
2023-04-07 00:10:55,531 - __main__ - INFO - Computing epoch 85 validation loss...
2023-04-07 00:11:01,378 - __main__ - INFO - [INFO] 2023-04-07 00:11:01.378081 Epoch [86/100] batch [1/391] loss 0.1041 lr 0.005449673790581615 acc 98.44% eta 0:18:49
2023-04-07 00:11:31,385 - __main__ - INFO - [INFO] 2023-04-07 00:11:31.385753 Epoch [86/100] batch [129/391] loss 0.1240 lr 0.005449673790581615 acc 96.09% eta 0:19:17
2023-04-07 00:12:01,156 - __main__ - INFO - [INFO] 2023-04-07 00:12:01.156443 Epoch [86/100] batch [257/391] loss 0.0757 lr 0.005449673790581615 acc 98.44% eta 0:18:46
2023-04-07 00:12:30,782 - __main__ - INFO - [INFO] 2023-04-07 00:12:30.782783 Epoch [86/100] batch [385/391] loss 0.0944 lr 0.005449673790581615 acc 96.88% eta 0:18:17
2023-04-07 00:12:32,159 - __main__ - INFO - Computing epoch 86 validation accuracy...
2023-04-07 00:12:37,779 - __main__ - INFO - Computing epoch 86 validation loss...
2023-04-07 00:12:43,560 - __main__ - INFO - [INFO] 2023-04-07 00:12:43.560690 Epoch [87/100] batch [1/391] loss 0.1208 lr 0.004758647376699036 acc 94.53% eta 0:19:11
2023-04-07 00:13:13,789 - __main__ - INFO - [INFO] 2023-04-07 00:13:13.789378 Epoch [87/100] batch [129/391] loss 0.0718 lr 0.004758647376699036 acc 98.44% eta 0:18:01
2023-04-07 00:13:43,202 - __main__ - INFO - [INFO] 2023-04-07 00:13:43.202058 Epoch [87/100] batch [257/391] loss 0.1307 lr 0.004758647376699036 acc 97.66% eta 0:17:23
2023-04-07 00:14:12,712 - __main__ - INFO - [INFO] 2023-04-07 00:14:12.712401 Epoch [87/100] batch [385/391] loss 0.0945 lr 0.004758647376699036 acc 96.88% eta 0:16:55
2023-04-07 00:14:14,056 - __main__ - INFO - Computing epoch 87 validation accuracy...
2023-04-07 00:14:19,418 - __main__ - INFO - Computing epoch 87 validation loss...
2023-04-07 00:14:25,203 - __main__ - INFO - [INFO] 2023-04-07 00:14:25.202886 Epoch [88/100] batch [1/391] loss 0.0505 lr 0.004112268715800957 acc 98.44% eta 0:18:09
2023-04-07 00:14:54,889 - __main__ - INFO - [INFO] 2023-04-07 00:14:54.889297 Epoch [88/100] batch [129/391] loss 0.1240 lr 0.004112268715800957 acc 96.09% eta 0:16:27
2023-04-07 00:15:24,617 - __main__ - INFO - [INFO] 2023-04-07 00:15:24.617446 Epoch [88/100] batch [257/391] loss 0.0390 lr 0.004112268715800957 acc 98.44% eta 0:16:03
2023-04-07 00:15:53,476 - __main__ - INFO - [INFO] 2023-04-07 00:15:53.476739 Epoch [88/100] batch [385/391] loss 0.1329 lr 0.004112268715800957 acc 95.31% eta 0:15:27
2023-04-07 00:15:54,777 - __main__ - INFO - Computing epoch 88 validation accuracy...
2023-04-07 00:16:00,144 - __main__ - INFO - Computing epoch 88 validation loss...
2023-04-07 00:16:05,775 - __main__ - INFO - [INFO] 2023-04-07 00:16:05.775345 Epoch [89/100] batch [1/391] loss 0.0385 lr 0.003511175705587435 acc 99.22% eta 0:14:35
2023-04-07 00:16:34,101 - __main__ - INFO - [INFO] 2023-04-07 00:16:34.101430 Epoch [89/100] batch [129/391] loss 0.0290 lr 0.003511175705587435 acc 99.22% eta 0:14:24
2023-04-07 00:17:03,615 - __main__ - INFO - [INFO] 2023-04-07 00:17:03.615527 Epoch [89/100] batch [257/391] loss 0.0840 lr 0.003511175705587435 acc 98.44% eta 0:14:20
2023-04-07 00:17:32,868 - __main__ - INFO - [INFO] 2023-04-07 00:17:32.868574 Epoch [89/100] batch [385/391] loss 0.0788 lr 0.003511175705587435 acc 98.44% eta 0:13:59
2023-04-07 00:17:34,202 - __main__ - INFO - Computing epoch 89 validation accuracy...
2023-04-07 00:17:39,674 - __main__ - INFO - Computing epoch 89 validation loss...
2023-04-07 00:17:45,739 - __main__ - INFO - [INFO] 2023-04-07 00:17:45.739068 Epoch [90/100] batch [1/391] loss 0.0280 lr 0.0029559615522887295 acc 99.22% eta 0:14:41
2023-04-07 00:18:15,273 - __main__ - INFO - [INFO] 2023-04-07 00:18:15.272909 Epoch [90/100] batch [129/391] loss 0.0392 lr 0.0029559615522887295 acc 100.00% eta 0:13:48
2023-04-07 00:18:44,829 - __main__ - INFO - [INFO] 2023-04-07 00:18:44.829451 Epoch [90/100] batch [257/391] loss 0.0755 lr 0.0029559615522887295 acc 97.66% eta 0:13:22
2023-04-07 00:19:14,584 - __main__ - INFO - [INFO] 2023-04-07 00:19:14.584712 Epoch [90/100] batch [385/391] loss 0.0872 lr 0.0029559615522887295 acc 98.44% eta 0:12:58
2023-04-07 00:19:15,913 - __main__ - INFO - Computing epoch 90 validation accuracy...
2023-04-07 00:19:21,336 - __main__ - INFO - Computing epoch 90 validation loss...
2023-04-07 00:19:27,084 - __main__ - INFO - [INFO] 2023-04-07 00:19:27.084175 Epoch [91/100] batch [1/391] loss 0.0731 lr 0.0024471741852423253 acc 99.22% eta 0:13:51
2023-04-07 00:19:56,706 - __main__ - INFO - [INFO] 2023-04-07 00:19:56.705925 Epoch [91/100] batch [129/391] loss 0.0829 lr 0.0024471741852423253 acc 98.44% eta 0:12:32
2023-04-07 00:20:26,107 - __main__ - INFO - [INFO] 2023-04-07 00:20:26.106874 Epoch [91/100] batch [257/391] loss 0.0396 lr 0.0024471741852423253 acc 99.22% eta 0:12:05
2023-04-07 00:20:55,775 - __main__ - INFO - [INFO] 2023-04-07 00:20:55.775192 Epoch [91/100] batch [385/391] loss 0.1588 lr 0.0024471741852423253 acc 95.31% eta 0:11:40
2023-04-07 00:20:57,095 - __main__ - INFO - Computing epoch 91 validation accuracy...
2023-04-07 00:21:02,401 - __main__ - INFO - Computing epoch 91 validation loss...
2023-04-07 00:21:08,176 - __main__ - INFO - [INFO] 2023-04-07 00:21:08.176345 Epoch [92/100] batch [1/391] loss 0.0553 lr 0.0019853157161528537 acc 98.44% eta 0:11:34
2023-04-07 00:21:37,512 - __main__ - INFO - [INFO] 2023-04-07 00:21:37.512701 Epoch [92/100] batch [129/391] loss 0.0490 lr 0.0019853157161528537 acc 99.22% eta 0:11:07
2023-04-07 00:22:07,039 - __main__ - INFO - [INFO] 2023-04-07 00:22:07.038984 Epoch [92/100] batch [257/391] loss 0.0243 lr 0.0019853157161528537 acc 100.00% eta 0:10:44
2023-04-07 00:22:36,730 - __main__ - INFO - [INFO] 2023-04-07 00:22:36.730505 Epoch [92/100] batch [385/391] loss 0.0409 lr 0.0019853157161528537 acc 99.22% eta 0:10:21
2023-04-07 00:22:38,090 - __main__ - INFO - Computing epoch 92 validation accuracy...
2023-04-07 00:22:43,462 - __main__ - INFO - Computing epoch 92 validation loss...
2023-04-07 00:22:49,429 - __main__ - INFO - [INFO] 2023-04-07 00:22:49.429415 Epoch [93/100] batch [1/391] loss 0.0247 lr 0.0015708419435684529 acc 100.00% eta 0:11:15
2023-04-07 00:23:18,988 - __main__ - INFO - [INFO] 2023-04-07 00:23:18.988505 Epoch [93/100] batch [129/391] loss 0.0809 lr 0.0015708419435684529 acc 96.88% eta 0:09:56
2023-04-07 00:23:48,187 - __main__ - INFO - [INFO] 2023-04-07 00:23:48.187290 Epoch [93/100] batch [257/391] loss 0.0264 lr 0.0015708419435684529 acc 99.22% eta 0:09:26
2023-04-07 00:24:17,637 - __main__ - INFO - [INFO] 2023-04-07 00:24:17.637671 Epoch [93/100] batch [385/391] loss 0.0520 lr 0.0015708419435684529 acc 99.22% eta 0:09:02
2023-04-07 00:24:18,976 - __main__ - INFO - Computing epoch 93 validation accuracy...
2023-04-07 00:24:24,440 - __main__ - INFO - Computing epoch 93 validation loss...
2023-04-07 00:24:30,338 - __main__ - INFO - [INFO] 2023-04-07 00:24:30.338235 Epoch [94/100] batch [1/391] loss 0.0352 lr 0.0012041619030626347 acc 97.66% eta 0:09:42
2023-04-07 00:24:59,950 - __main__ - INFO - [INFO] 2023-04-07 00:24:59.950531 Epoch [94/100] batch [129/391] loss 0.0565 lr 0.0012041619030626347 acc 98.44% eta 0:08:39
2023-04-07 00:25:29,504 - __main__ - INFO - [INFO] 2023-04-07 00:25:29.503934 Epoch [94/100] batch [257/391] loss 0.0545 lr 0.0012041619030626347 acc 99.22% eta 0:08:13
2023-04-07 00:25:58,922 - __main__ - INFO - [INFO] 2023-04-07 00:25:58.921917 Epoch [94/100] batch [385/391] loss 0.1050 lr 0.0012041619030626347 acc 96.88% eta 0:07:47
2023-04-07 00:26:00,330 - __main__ - INFO - Computing epoch 94 validation accuracy...
2023-04-07 00:26:05,726 - __main__ - INFO - Computing epoch 94 validation loss...
2023-04-07 00:26:11,517 - __main__ - INFO - [INFO] 2023-04-07 00:26:11.517368 Epoch [95/100] batch [1/391] loss 0.0464 lr 0.0008856374635655646 acc 99.22% eta 0:07:34
2023-04-07 00:26:41,046 - __main__ - INFO - [INFO] 2023-04-07 00:26:41.046177 Epoch [95/100] batch [129/391] loss 0.1170 lr 0.0008856374635655646 acc 96.09% eta 0:07:20
2023-04-07 00:27:10,572 - __main__ - INFO - [INFO] 2023-04-07 00:27:10.572558 Epoch [95/100] batch [257/391] loss 0.0648 lr 0.0008856374635655646 acc 97.66% eta 0:06:54
2023-04-07 00:27:40,159 - __main__ - INFO - [INFO] 2023-04-07 00:27:40.159404 Epoch [95/100] batch [385/391] loss 0.0575 lr 0.0008856374635655646 acc 99.22% eta 0:06:29
2023-04-07 00:27:41,499 - __main__ - INFO - Computing epoch 95 validation accuracy...
2023-04-07 00:27:46,938 - __main__ - INFO - Computing epoch 95 validation loss...
2023-04-07 00:27:52,639 - __main__ - INFO - [INFO] 2023-04-07 00:27:52.639144 Epoch [96/100] batch [1/391] loss 0.0151 lr 0.0006155829702431174 acc 100.00% eta 0:06:48
2023-04-07 00:28:21,933 - __main__ - INFO - [INFO] 2023-04-07 00:28:21.933170 Epoch [96/100] batch [129/391] loss 0.0400 lr 0.0006155829702431174 acc 99.22% eta 0:06:00
2023-04-07 00:28:51,317 - __main__ - INFO - [INFO] 2023-04-07 00:28:51.317621 Epoch [96/100] batch [257/391] loss 0.0191 lr 0.0006155829702431174 acc 100.00% eta 0:05:34
2023-04-07 00:29:21,135 - __main__ - INFO - [INFO] 2023-04-07 00:29:21.135108 Epoch [96/100] batch [385/391] loss 0.0411 lr 0.0006155829702431174 acc 99.22% eta 0:05:11
2023-04-07 00:29:22,487 - __main__ - INFO - Computing epoch 96 validation accuracy...
2023-04-07 00:29:27,952 - __main__ - INFO - Computing epoch 96 validation loss...
2023-04-07 00:29:33,635 - __main__ - INFO - [INFO] 2023-04-07 00:29:33.635138 Epoch [97/100] batch [1/391] loss 0.0562 lr 0.00039426493427611206 acc 99.22% eta 0:05:04
2023-04-07 00:30:03,180 - __main__ - INFO - [INFO] 2023-04-07 00:30:03.179732 Epoch [97/100] batch [129/391] loss 0.0308 lr 0.00039426493427611206 acc 99.22% eta 0:04:45
2023-04-07 00:30:32,827 - __main__ - INFO - [INFO] 2023-04-07 00:30:32.827458 Epoch [97/100] batch [257/391] loss 0.0287 lr 0.00039426493427611206 acc 98.44% eta 0:04:20
2023-04-07 00:31:02,608 - __main__ - INFO - [INFO] 2023-04-07 00:31:02.608194 Epoch [97/100] batch [385/391] loss 0.0327 lr 0.00039426493427611206 acc 98.44% eta 0:03:55
2023-04-07 00:31:03,923 - __main__ - INFO - Computing epoch 97 validation accuracy...
2023-04-07 00:31:09,313 - __main__ - INFO - Computing epoch 97 validation loss...
2023-04-07 00:31:15,115 - __main__ - INFO - [INFO] 2023-04-07 00:31:15.115182 Epoch [98/100] batch [1/391] loss 0.0223 lr 0.00022190176984600036 acc 100.00% eta 0:04:00
2023-04-07 00:31:44,443 - __main__ - INFO - [INFO] 2023-04-07 00:31:44.442815 Epoch [98/100] batch [129/391] loss 0.0912 lr 0.00022190176984600036 acc 99.22% eta 0:03:26
2023-04-07 00:32:13,776 - __main__ - INFO - [INFO] 2023-04-07 00:32:13.775979 Epoch [98/100] batch [257/391] loss 0.0370 lr 0.00022190176984600036 acc 99.22% eta 0:03:00
2023-04-07 00:32:43,079 - __main__ - INFO - [INFO] 2023-04-07 00:32:43.079460 Epoch [98/100] batch [385/391] loss 0.0501 lr 0.00022190176984600036 acc 98.44% eta 0:02:35
2023-04-07 00:32:44,403 - __main__ - INFO - Computing epoch 98 validation accuracy...
2023-04-07 00:32:49,841 - __main__ - INFO - Computing epoch 98 validation loss...
2023-04-07 00:32:55,537 - __main__ - INFO - [INFO] 2023-04-07 00:32:55.537037 Epoch [99/100] batch [1/391] loss 0.0759 lr 9.866357858642213e-05 acc 97.66% eta 0:02:49
2023-04-07 00:33:24,819 - __main__ - INFO - [INFO] 2023-04-07 00:33:24.819442 Epoch [99/100] batch [129/391] loss 0.0416 lr 9.866357858642213e-05 acc 99.22% eta 0:02:08
2023-04-07 00:33:54,146 - __main__ - INFO - [INFO] 2023-04-07 00:33:54.146347 Epoch [99/100] batch [257/391] loss 0.0208 lr 9.866357858642213e-05 acc 100.00% eta 0:01:43
2023-04-07 00:34:23,927 - __main__ - INFO - [INFO] 2023-04-07 00:34:23.927005 Epoch [99/100] batch [385/391] loss 0.0644 lr 9.866357858642213e-05 acc 98.44% eta 0:01:18
2023-04-07 00:34:25,407 - __main__ - INFO - Computing epoch 99 validation accuracy...
2023-04-07 00:34:30,839 - __main__ - INFO - Computing epoch 99 validation loss...
2023-04-07 00:34:36,558 - __main__ - INFO - [INFO] 2023-04-07 00:34:36.558078 Epoch [100/100] batch [1/391] loss 0.0388 lr 2.4671981713420017e-05 acc 99.22% eta 0:01:18
2023-04-07 00:35:06,069 - __main__ - INFO - [INFO] 2023-04-07 00:35:06.069160 Epoch [100/100] batch [129/391] loss 0.0173 lr 2.4671981713420017e-05 acc 98.44% eta 0:00:52
2023-04-07 00:35:35,985 - __main__ - INFO - [INFO] 2023-04-07 00:35:35.985617 Epoch [100/100] batch [257/391] loss 0.1111 lr 2.4671981713420017e-05 acc 96.88% eta 0:00:26
2023-04-07 00:36:05,677 - __main__ - INFO - [INFO] 2023-04-07 00:36:05.677283 Epoch [100/100] batch [385/391] loss 0.0209 lr 2.4671981713420017e-05 acc 99.22% eta 0:00:01
2023-04-07 00:36:07,001 - __main__ - INFO - Computing epoch 100 validation accuracy...
2023-04-07 00:36:12,457 - __main__ - INFO - Computing epoch 100 validation loss...
2023-04-07 00:36:18,351 - __main__ - INFO - Reading testing data set cifar10
2023-04-07 00:36:19,059 - __main__ - INFO - Loading trained model...
2023-04-07 00:36:27,066 - __main__ - INFO - Testing acc : 93.42%.
