2023-04-13 00:35:02,562 - __main__ - INFO - 

2023-04-13 00:35:02,562 - __main__ - INFO - ***************
2023-04-13 00:35:02,562 - __main__ - INFO - ** Arguments **
2023-04-13 00:35:02,562 - __main__ - INFO - ***************
2023-04-13 00:35:02,562 - __main__ - INFO - backbone: resnet110
2023-04-13 00:35:02,562 - __main__ - INFO - dataname: cifar10
2023-04-13 00:35:02,562 - __main__ - INFO - drop_method: fd
2023-04-13 00:35:02,562 - __main__ - INFO - drop_rate: 0.0
2023-04-13 00:35:02,562 - __main__ - INFO - eval_only: 0
2023-04-13 00:35:02,563 - __main__ - INFO - output_path: checkpoints/cifar10/resnet110/drop_fd/rate_0./seed3
2023-04-13 00:35:02,563 - __main__ - INFO - part_rate: 0.1
2023-04-13 00:35:02,563 - __main__ - INFO - seed: 3
2023-04-13 00:35:02,563 - __main__ - INFO - weight_decay: 0.0005
2023-04-13 00:35:02,563 - __main__ - INFO - ************
2023-04-13 00:35:02,563 - __main__ - INFO - ** Config **
2023-04-13 00:35:02,563 - __main__ - INFO - ************
2023-04-13 00:35:02,563 - __main__ - INFO - {'DATALOADER': {'PATH': './data', 'DATANAME': 'cifar10', 'BATCH_SIZE': 128, 'NUM_CLASSES': 10}, 'INPUT': {'SIZE': [32, 32], 'PIXEL_MEAN': [0.4914, 0.4822, 0.4465], 'PIXEL_STD': [0.2023, 0.1994, 0.201]}, 'OUTPUT': {'DIR': 'checkpoints/cifar10/resnet110/drop_fd/rate_0./seed3'}, 'SEED': 3, 'OPTIM': {'LR': 0.1, 'MAX_EPOCH': 100, 'LR_SCHEDULER': 'step', 'LR_MILESTONES': [20, 40, 80, 120, 140], 'LR_DECAY': 0.2, 'PART_RATE': 0.1, 'WEIGHT_DECAY': 0.0005, 'DROP_RATE': 0.0, 'DROP_METHOD': 'fd', 'BLOCK_SIZE': 7}, 'MODEL': {'BACKBONE': 'resnet110'}}
2023-04-13 00:35:02,576 - __main__ - INFO - Reading training data set cifar10
2023-04-13 00:35:04,338 - __main__ - INFO - Loading raw model
2023-04-13 00:35:08,836 - __main__ - INFO - 
Saving everything to checkpoints/cifar10/resnet110/drop_fd/rate_0./seed3
2023-04-13 00:35:08,837 - __main__ - INFO - Start training...
2023-04-13 00:35:14,538 - __main__ - INFO - [INFO] 2023-04-13 00:35:14.538069 Epoch [1/100] batch [1/391] loss 2.4355 lr 0.1 acc 14.06% eta 2 days, 13:32:12
2023-04-13 00:35:42,049 - __main__ - INFO - [INFO] 2023-04-13 00:35:42.049791 Epoch [1/100] batch [129/391] loss 2.2832 lr 0.1 acc 14.06% eta 2:26:04
2023-04-13 00:36:08,665 - __main__ - INFO - [INFO] 2023-04-13 00:36:08.665358 Epoch [1/100] batch [257/391] loss 2.1797 lr 0.1 acc 19.53% eta 2:09:50
2023-04-13 00:36:35,186 - __main__ - INFO - [INFO] 2023-04-13 00:36:35.185872 Epoch [1/100] batch [385/391] loss 1.8691 lr 0.1 acc 26.56% eta 2:04:06
2023-04-13 00:36:36,383 - __main__ - INFO - Computing epoch 1 validation accuracy...
2023-04-13 00:36:41,651 - __main__ - INFO - Computing epoch 1 validation loss...
2023-04-13 00:36:47,423 - __main__ - INFO - [INFO] 2023-04-13 00:36:47.423154 Epoch [2/100] batch [1/391] loss 2.3750 lr 0.09997532801828658 acc 18.75% eta 1:58:39
2023-04-13 00:37:14,053 - __main__ - INFO - [INFO] 2023-04-13 00:37:14.053437 Epoch [2/100] batch [129/391] loss 1.8945 lr 0.09997532801828658 acc 25.00% eta 1:53:34
2023-04-13 00:37:40,402 - __main__ - INFO - [INFO] 2023-04-13 00:37:40.402046 Epoch [2/100] batch [257/391] loss 1.7832 lr 0.09997532801828658 acc 32.81% eta 1:52:31
2023-04-13 00:38:07,357 - __main__ - INFO - [INFO] 2023-04-13 00:38:07.357061 Epoch [2/100] batch [385/391] loss 1.6328 lr 0.09997532801828658 acc 33.59% eta 1:52:43
2023-04-13 00:38:08,577 - __main__ - INFO - Computing epoch 2 validation accuracy...
2023-04-13 00:38:13,964 - __main__ - INFO - Computing epoch 2 validation loss...
2023-04-13 00:38:19,526 - __main__ - INFO - [INFO] 2023-04-13 00:38:19.526688 Epoch [3/100] batch [1/391] loss 2.5469 lr 0.09990133642141358 acc 24.22% eta 1:54:23
2023-04-13 00:38:46,233 - __main__ - INFO - [INFO] 2023-04-13 00:38:46.233548 Epoch [3/100] batch [129/391] loss 1.7197 lr 0.09990133642141358 acc 32.81% eta 1:52:50
2023-04-13 00:39:13,160 - __main__ - INFO - [INFO] 2023-04-13 00:39:13.160507 Epoch [3/100] batch [257/391] loss 1.5303 lr 0.09990133642141358 acc 42.19% eta 1:52:49
2023-04-13 00:39:39,709 - __main__ - INFO - [INFO] 2023-04-13 00:39:39.709143 Epoch [3/100] batch [385/391] loss 1.3887 lr 0.09990133642141358 acc 45.31% eta 1:52:01
2023-04-13 00:39:40,900 - __main__ - INFO - Computing epoch 3 validation accuracy...
2023-04-13 00:39:46,235 - __main__ - INFO - Computing epoch 3 validation loss...
2023-04-13 00:39:52,112 - __main__ - INFO - [INFO] 2023-04-13 00:39:52.112525 Epoch [4/100] batch [1/391] loss 2.6523 lr 0.099778098230154 acc 43.75% eta 2:04:08
2023-04-13 00:40:19,350 - __main__ - INFO - [INFO] 2023-04-13 00:40:19.349784 Epoch [4/100] batch [129/391] loss 1.3164 lr 0.099778098230154 acc 53.12% eta 1:53:42
2023-04-13 00:40:46,038 - __main__ - INFO - [INFO] 2023-04-13 00:40:46.038302 Epoch [4/100] batch [257/391] loss 1.2998 lr 0.099778098230154 acc 42.97% eta 1:52:08
2023-04-13 00:41:12,671 - __main__ - INFO - [INFO] 2023-04-13 00:41:12.671182 Epoch [4/100] batch [385/391] loss 1.2666 lr 0.099778098230154 acc 45.31% eta 1:51:22
2023-04-13 00:41:13,880 - __main__ - INFO - Computing epoch 4 validation accuracy...
2023-04-13 00:41:18,934 - __main__ - INFO - Computing epoch 4 validation loss...
2023-04-13 00:41:24,424 - __main__ - INFO - [INFO] 2023-04-13 00:41:24.424265 Epoch [5/100] batch [1/391] loss 1.1533 lr 0.0996057350657239 acc 55.47% eta 1:56:33
2023-04-13 00:41:51,837 - __main__ - INFO - [INFO] 2023-04-13 00:41:51.837063 Epoch [5/100] batch [129/391] loss 1.2188 lr 0.0996057350657239 acc 57.03% eta 1:53:21
2023-04-13 00:42:18,375 - __main__ - INFO - [INFO] 2023-04-13 00:42:18.375813 Epoch [5/100] batch [257/391] loss 1.2393 lr 0.0996057350657239 acc 58.59% eta 1:51:09
2023-04-13 00:42:44,851 - __main__ - INFO - [INFO] 2023-04-13 00:42:44.851213 Epoch [5/100] batch [385/391] loss 1.1543 lr 0.0996057350657239 acc 54.69% eta 1:50:04
2023-04-13 00:42:46,047 - __main__ - INFO - Computing epoch 5 validation accuracy...
2023-04-13 00:42:51,553 - __main__ - INFO - Computing epoch 5 validation loss...
2023-04-13 00:42:57,217 - __main__ - INFO - [INFO] 2023-04-13 00:42:57.217220 Epoch [6/100] batch [1/391] loss 1.6924 lr 0.09938441702975688 acc 59.38% eta 1:53:41
2023-04-13 00:43:24,072 - __main__ - INFO - [INFO] 2023-04-13 00:43:24.072033 Epoch [6/100] batch [129/391] loss 1.1445 lr 0.09938441702975688 acc 52.34% eta 1:49:54
2023-04-13 00:43:50,729 - __main__ - INFO - [INFO] 2023-04-13 00:43:50.729175 Epoch [6/100] batch [257/391] loss 1.1191 lr 0.09938441702975688 acc 57.81% eta 1:49:02
2023-04-13 00:44:17,694 - __main__ - INFO - [INFO] 2023-04-13 00:44:17.694052 Epoch [6/100] batch [385/391] loss 0.9033 lr 0.09938441702975688 acc 65.62% eta 1:48:54
2023-04-13 00:44:18,974 - __main__ - INFO - Computing epoch 6 validation accuracy...
2023-04-13 00:44:24,075 - __main__ - INFO - Computing epoch 6 validation loss...
2023-04-13 00:44:29,588 - __main__ - INFO - [INFO] 2023-04-13 00:44:29.588480 Epoch [7/100] batch [1/391] loss 1.1953 lr 0.09911436253643444 acc 56.25% eta 1:51:50
2023-04-13 00:44:56,048 - __main__ - INFO - [INFO] 2023-04-13 00:44:56.048272 Epoch [7/100] batch [129/391] loss 1.1006 lr 0.09911436253643444 acc 57.03% eta 1:47:07
2023-04-13 00:45:22,380 - __main__ - INFO - [INFO] 2023-04-13 00:45:22.380114 Epoch [7/100] batch [257/391] loss 0.9585 lr 0.09911436253643444 acc 61.72% eta 1:46:31
2023-04-13 00:45:48,723 - __main__ - INFO - [INFO] 2023-04-13 00:45:48.723527 Epoch [7/100] batch [385/391] loss 0.8735 lr 0.09911436253643444 acc 63.28% eta 1:46:03
2023-04-13 00:45:49,919 - __main__ - INFO - Computing epoch 7 validation accuracy...
2023-04-13 00:45:54,953 - __main__ - INFO - Computing epoch 7 validation loss...
2023-04-13 00:46:00,431 - __main__ - INFO - [INFO] 2023-04-13 00:46:00.430852 Epoch [8/100] batch [1/391] loss 1.0352 lr 0.09879583809693737 acc 66.41% eta 1:47:39
2023-04-13 00:46:26,734 - __main__ - INFO - [INFO] 2023-04-13 00:46:26.733832 Epoch [8/100] batch [129/391] loss 0.8638 lr 0.09879583809693737 acc 67.97% eta 1:45:28
2023-04-13 00:46:53,143 - __main__ - INFO - [INFO] 2023-04-13 00:46:53.143499 Epoch [8/100] batch [257/391] loss 0.8853 lr 0.09879583809693737 acc 68.75% eta 1:45:16
2023-04-13 00:47:19,722 - __main__ - INFO - [INFO] 2023-04-13 00:47:19.722213 Epoch [8/100] batch [385/391] loss 1.0264 lr 0.09879583809693737 acc 60.94% eta 1:45:10
2023-04-13 00:47:20,892 - __main__ - INFO - Computing epoch 8 validation accuracy...
2023-04-13 00:47:25,938 - __main__ - INFO - Computing epoch 8 validation loss...
2023-04-13 00:47:31,521 - __main__ - INFO - [INFO] 2023-04-13 00:47:31.521121 Epoch [9/100] batch [1/391] loss 1.4805 lr 0.09842915805643156 acc 64.84% eta 1:54:34
2023-04-13 00:47:58,245 - __main__ - INFO - [INFO] 2023-04-13 00:47:58.245653 Epoch [9/100] batch [129/391] loss 0.9175 lr 0.09842915805643156 acc 67.97% eta 1:45:59
2023-04-13 00:48:24,284 - __main__ - INFO - [INFO] 2023-04-13 00:48:24.284430 Epoch [9/100] batch [257/391] loss 0.7744 lr 0.09842915805643156 acc 70.31% eta 1:44:16
2023-04-13 00:48:50,401 - __main__ - INFO - [INFO] 2023-04-13 00:48:50.400978 Epoch [9/100] batch [385/391] loss 0.9321 lr 0.09842915805643156 acc 62.50% eta 1:43:33
2023-04-13 00:48:51,664 - __main__ - INFO - Computing epoch 9 validation accuracy...
2023-04-13 00:48:56,944 - __main__ - INFO - Computing epoch 9 validation loss...
2023-04-13 00:49:02,447 - __main__ - INFO - [INFO] 2023-04-13 00:49:02.447401 Epoch [10/100] batch [1/391] loss 1.4932 lr 0.09801468428384716 acc 61.72% eta 1:49:27
2023-04-13 00:49:28,852 - __main__ - INFO - [INFO] 2023-04-13 00:49:28.852474 Epoch [10/100] batch [129/391] loss 0.8833 lr 0.09801468428384716 acc 61.72% eta 1:43:34
2023-04-13 00:49:55,485 - __main__ - INFO - [INFO] 2023-04-13 00:49:55.485400 Epoch [10/100] batch [257/391] loss 0.8101 lr 0.09801468428384716 acc 62.50% eta 1:43:38
2023-04-13 00:50:21,569 - __main__ - INFO - [INFO] 2023-04-13 00:50:21.568871 Epoch [10/100] batch [385/391] loss 0.9487 lr 0.09801468428384716 acc 71.88% eta 1:42:42
2023-04-13 00:50:22,801 - __main__ - INFO - Computing epoch 10 validation accuracy...
2023-04-13 00:50:27,833 - __main__ - INFO - Computing epoch 10 validation loss...
2023-04-13 00:50:33,316 - __main__ - INFO - [INFO] 2023-04-13 00:50:33.316002 Epoch [11/100] batch [1/391] loss 1.5039 lr 0.09755282581475769 acc 58.59% eta 2:02:00
2023-04-13 00:50:59,792 - __main__ - INFO - [INFO] 2023-04-13 00:50:59.792249 Epoch [11/100] batch [129/391] loss 0.7998 lr 0.09755282581475769 acc 67.19% eta 1:42:54
2023-04-13 00:51:26,394 - __main__ - INFO - [INFO] 2023-04-13 00:51:26.394476 Epoch [11/100] batch [257/391] loss 0.9443 lr 0.09755282581475769 acc 64.84% eta 1:42:36
2023-04-13 00:51:53,430 - __main__ - INFO - [INFO] 2023-04-13 00:51:53.430312 Epoch [11/100] batch [385/391] loss 0.8105 lr 0.09755282581475769 acc 64.84% eta 1:42:46
2023-04-13 00:51:54,656 - __main__ - INFO - Computing epoch 11 validation accuracy...
2023-04-13 00:51:59,776 - __main__ - INFO - Computing epoch 11 validation loss...
2023-04-13 00:52:05,250 - __main__ - INFO - [INFO] 2023-04-13 00:52:05.250190 Epoch [12/100] batch [1/391] loss 0.8472 lr 0.09704403844771128 acc 71.09% eta 2:04:00
2023-04-13 00:52:31,818 - __main__ - INFO - [INFO] 2023-04-13 00:52:31.818073 Epoch [12/100] batch [129/391] loss 0.9116 lr 0.09704403844771128 acc 64.06% eta 1:42:02
2023-04-13 00:52:58,253 - __main__ - INFO - [INFO] 2023-04-13 00:52:58.252960 Epoch [12/100] batch [257/391] loss 0.8296 lr 0.09704403844771128 acc 70.31% eta 1:41:20
2023-04-13 00:53:24,326 - __main__ - INFO - [INFO] 2023-04-13 00:53:24.326232 Epoch [12/100] batch [385/391] loss 0.6870 lr 0.09704403844771128 acc 70.31% eta 1:40:23
2023-04-13 00:53:25,516 - __main__ - INFO - Computing epoch 12 validation accuracy...
2023-04-13 00:53:30,596 - __main__ - INFO - Computing epoch 12 validation loss...
2023-04-13 00:53:36,079 - __main__ - INFO - [INFO] 2023-04-13 00:53:36.079156 Epoch [13/100] batch [1/391] loss 1.4102 lr 0.09648882429441258 acc 69.53% eta 1:45:10
2023-04-13 00:54:02,324 - __main__ - INFO - [INFO] 2023-04-13 00:54:02.324153 Epoch [13/100] batch [129/391] loss 1.0938 lr 0.09648882429441258 acc 64.06% eta 1:39:35
2023-04-13 00:54:28,552 - __main__ - INFO - [INFO] 2023-04-13 00:54:28.552617 Epoch [13/100] batch [257/391] loss 0.6592 lr 0.09648882429441258 acc 76.56% eta 1:39:09
2023-04-13 00:54:54,772 - __main__ - INFO - [INFO] 2023-04-13 00:54:54.772338 Epoch [13/100] batch [385/391] loss 0.6323 lr 0.09648882429441258 acc 75.00% eta 1:38:42
2023-04-13 00:54:55,978 - __main__ - INFO - Computing epoch 13 validation accuracy...
2023-04-13 00:55:01,126 - __main__ - INFO - Computing epoch 13 validation loss...
2023-04-13 00:55:06,560 - __main__ - INFO - [INFO] 2023-04-13 00:55:06.560050 Epoch [14/100] batch [1/391] loss 0.8022 lr 0.09588773128419906 acc 71.88% eta 1:42:59
2023-04-13 00:55:32,863 - __main__ - INFO - [INFO] 2023-04-13 00:55:32.863089 Epoch [14/100] batch [129/391] loss 0.8145 lr 0.09588773128419906 acc 66.41% eta 1:38:41
2023-04-13 00:55:58,923 - __main__ - INFO - [INFO] 2023-04-13 00:55:58.923210 Epoch [14/100] batch [257/391] loss 0.8184 lr 0.09588773128419906 acc 66.41% eta 1:37:51
2023-04-13 00:56:25,226 - __main__ - INFO - [INFO] 2023-04-13 00:56:25.226775 Epoch [14/100] batch [385/391] loss 0.7847 lr 0.09588773128419906 acc 75.00% eta 1:37:36
2023-04-13 00:56:26,417 - __main__ - INFO - Computing epoch 14 validation accuracy...
2023-04-13 00:56:31,436 - __main__ - INFO - Computing epoch 14 validation loss...
2023-04-13 00:56:36,978 - __main__ - INFO - [INFO] 2023-04-13 00:56:36.978630 Epoch [15/100] batch [1/391] loss 1.4287 lr 0.09524135262330098 acc 62.50% eta 1:43:02
2023-04-13 00:57:03,273 - __main__ - INFO - [INFO] 2023-04-13 00:57:03.273804 Epoch [15/100] batch [129/391] loss 0.5732 lr 0.09524135262330098 acc 80.47% eta 1:37:32
2023-04-13 00:57:29,418 - __main__ - INFO - [INFO] 2023-04-13 00:57:29.417929 Epoch [15/100] batch [257/391] loss 0.7524 lr 0.09524135262330098 acc 76.56% eta 1:36:50
2023-04-13 00:57:55,499 - __main__ - INFO - [INFO] 2023-04-13 00:57:55.499605 Epoch [15/100] batch [385/391] loss 0.8521 lr 0.09524135262330098 acc 71.88% eta 1:36:18
2023-04-13 00:57:56,693 - __main__ - INFO - Computing epoch 15 validation accuracy...
2023-04-13 00:58:01,721 - __main__ - INFO - Computing epoch 15 validation loss...
2023-04-13 00:58:07,138 - __main__ - INFO - [INFO] 2023-04-13 00:58:07.138597 Epoch [16/100] batch [1/391] loss 0.5596 lr 0.0945503262094184 acc 75.78% eta 1:38:44
2023-04-13 00:58:33,174 - __main__ - INFO - [INFO] 2023-04-13 00:58:33.174226 Epoch [16/100] batch [129/391] loss 0.6938 lr 0.0945503262094184 acc 61.72% eta 1:35:34
2023-04-13 00:58:59,226 - __main__ - INFO - [INFO] 2023-04-13 00:58:59.226083 Epoch [16/100] batch [257/391] loss 0.8208 lr 0.0945503262094184 acc 61.72% eta 1:35:08
2023-04-13 00:59:25,240 - __main__ - INFO - [INFO] 2023-04-13 00:59:25.239952 Epoch [16/100] batch [385/391] loss 0.7622 lr 0.0945503262094184 acc 71.88% eta 1:34:41
2023-04-13 00:59:26,449 - __main__ - INFO - Computing epoch 16 validation accuracy...
2023-04-13 00:59:31,628 - __main__ - INFO - Computing epoch 16 validation loss...
2023-04-13 00:59:37,015 - __main__ - INFO - [INFO] 2023-04-13 00:59:37.015797 Epoch [17/100] batch [1/391] loss 1.4395 lr 0.09381533400219319 acc 67.19% eta 1:38:38
2023-04-13 01:00:03,125 - __main__ - INFO - [INFO] 2023-04-13 01:00:03.125224 Epoch [17/100] batch [129/391] loss 0.6421 lr 0.09381533400219319 acc 68.75% eta 1:34:33
2023-04-13 01:00:29,188 - __main__ - INFO - [INFO] 2023-04-13 01:00:29.187976 Epoch [17/100] batch [257/391] loss 0.7383 lr 0.09381533400219319 acc 64.06% eta 1:34:05
2023-04-13 01:00:55,426 - __main__ - INFO - [INFO] 2023-04-13 01:00:55.426015 Epoch [17/100] batch [385/391] loss 0.4648 lr 0.09381533400219319 acc 80.47% eta 1:33:52
2023-04-13 01:00:56,601 - __main__ - INFO - Computing epoch 17 validation accuracy...
2023-04-13 01:01:01,716 - __main__ - INFO - Computing epoch 17 validation loss...
2023-04-13 01:01:07,245 - __main__ - INFO - [INFO] 2023-04-13 01:01:07.245761 Epoch [18/100] batch [1/391] loss 1.3340 lr 0.0930371013501972 acc 73.44% eta 1:40:12
2023-04-13 01:01:33,481 - __main__ - INFO - [INFO] 2023-04-13 01:01:33.481047 Epoch [18/100] batch [129/391] loss 0.5464 lr 0.0930371013501972 acc 71.88% eta 1:33:55
2023-04-13 01:01:59,771 - __main__ - INFO - [INFO] 2023-04-13 01:01:59.771283 Epoch [18/100] batch [257/391] loss 0.7397 lr 0.0930371013501972 acc 75.78% eta 1:33:35
2023-04-13 01:02:25,824 - __main__ - INFO - [INFO] 2023-04-13 01:02:25.824206 Epoch [18/100] batch [385/391] loss 0.5088 lr 0.0930371013501972 acc 77.34% eta 1:33:01
2023-04-13 01:02:27,010 - __main__ - INFO - Computing epoch 18 validation accuracy...
2023-04-13 01:02:32,157 - __main__ - INFO - Computing epoch 18 validation loss...
2023-04-13 01:02:37,509 - __main__ - INFO - [INFO] 2023-04-13 01:02:37.509543 Epoch [19/100] batch [1/391] loss 1.2744 lr 0.09221639627510078 acc 70.31% eta 1:39:40
2023-04-13 01:03:03,618 - __main__ - INFO - [INFO] 2023-04-13 01:03:03.618629 Epoch [19/100] batch [129/391] loss 0.7837 lr 0.09221639627510078 acc 67.97% eta 1:32:12
2023-04-13 01:03:29,803 - __main__ - INFO - [INFO] 2023-04-13 01:03:29.802919 Epoch [19/100] batch [257/391] loss 0.5630 lr 0.09221639627510078 acc 79.69% eta 1:31:58
2023-04-13 01:03:56,287 - __main__ - INFO - [INFO] 2023-04-13 01:03:56.287523 Epoch [19/100] batch [385/391] loss 0.7236 lr 0.09221639627510078 acc 74.22% eta 1:32:02
2023-04-13 01:03:57,488 - __main__ - INFO - Computing epoch 19 validation accuracy...
2023-04-13 01:04:02,552 - __main__ - INFO - Computing epoch 19 validation loss...
2023-04-13 01:04:08,190 - __main__ - INFO - [INFO] 2023-04-13 01:04:08.190099 Epoch [20/100] batch [1/391] loss 0.6670 lr 0.09135402871372812 acc 64.06% eta 1:34:13
2023-04-13 01:04:34,530 - __main__ - INFO - [INFO] 2023-04-13 01:04:34.530108 Epoch [20/100] batch [129/391] loss 0.6987 lr 0.09135402871372812 acc 65.62% eta 1:31:53
2023-04-13 01:05:00,973 - __main__ - INFO - [INFO] 2023-04-13 01:05:00.973482 Epoch [20/100] batch [257/391] loss 0.6929 lr 0.09135402871372812 acc 78.12% eta 1:31:41
2023-04-13 01:05:27,049 - __main__ - INFO - [INFO] 2023-04-13 01:05:27.049773 Epoch [20/100] batch [385/391] loss 0.5693 lr 0.09135402871372812 acc 87.50% eta 1:30:57
2023-04-13 01:05:28,240 - __main__ - INFO - Computing epoch 20 validation accuracy...
2023-04-13 01:05:33,432 - __main__ - INFO - Computing epoch 20 validation loss...
2023-04-13 01:05:38,797 - __main__ - INFO - [INFO] 2023-04-13 01:05:38.797553 Epoch [21/100] batch [1/391] loss 0.5376 lr 0.09045084971874741 acc 71.09% eta 1:32:31
2023-04-13 01:06:04,995 - __main__ - INFO - [INFO] 2023-04-13 01:06:04.995337 Epoch [21/100] batch [129/391] loss 0.6802 lr 0.09045084971874741 acc 70.31% eta 1:30:17
2023-04-13 01:06:31,413 - __main__ - INFO - [INFO] 2023-04-13 01:06:31.413789 Epoch [21/100] batch [257/391] loss 0.6885 lr 0.09045084971874741 acc 72.66% eta 1:30:10
2023-04-13 01:06:57,836 - __main__ - INFO - [INFO] 2023-04-13 01:06:57.836397 Epoch [21/100] batch [385/391] loss 0.8354 lr 0.09045084971874741 acc 70.31% eta 1:29:59
2023-04-13 01:06:59,022 - __main__ - INFO - Computing epoch 21 validation accuracy...
2023-04-13 01:07:03,999 - __main__ - INFO - Computing epoch 21 validation loss...
2023-04-13 01:07:09,676 - __main__ - INFO - [INFO] 2023-04-13 01:07:09.676160 Epoch [22/100] batch [1/391] loss 1.1855 lr 0.08950775061878455 acc 78.12% eta 1:34:39
2023-04-13 01:07:35,793 - __main__ - INFO - [INFO] 2023-04-13 01:07:35.793379 Epoch [22/100] batch [129/391] loss 0.6226 lr 0.08950775061878455 acc 77.34% eta 1:29:01
2023-04-13 01:08:02,202 - __main__ - INFO - [INFO] 2023-04-13 01:08:02.202473 Epoch [22/100] batch [257/391] loss 0.5342 lr 0.08950775061878455 acc 82.81% eta 1:29:01
2023-04-13 01:08:28,725 - __main__ - INFO - [INFO] 2023-04-13 01:08:28.725033 Epoch [22/100] batch [385/391] loss 0.6353 lr 0.08950775061878455 acc 75.78% eta 1:28:56
2023-04-13 01:08:29,896 - __main__ - INFO - Computing epoch 22 validation accuracy...
2023-04-13 01:08:34,875 - __main__ - INFO - Computing epoch 22 validation loss...
2023-04-13 01:08:40,232 - __main__ - INFO - [INFO] 2023-04-13 01:08:40.232181 Epoch [23/100] batch [1/391] loss 0.5259 lr 0.0885256621387895 acc 78.91% eta 1:31:26
2023-04-13 01:09:06,225 - __main__ - INFO - [INFO] 2023-04-13 01:09:06.225760 Epoch [23/100] batch [129/391] loss 0.6890 lr 0.0885256621387895 acc 67.19% eta 1:27:29
2023-04-13 01:09:32,260 - __main__ - INFO - [INFO] 2023-04-13 01:09:32.260304 Epoch [23/100] batch [257/391] loss 0.6543 lr 0.0885256621387895 acc 81.25% eta 1:27:09
2023-04-13 01:09:58,459 - __main__ - INFO - [INFO] 2023-04-13 01:09:58.459116 Epoch [23/100] batch [385/391] loss 0.4143 lr 0.0885256621387895 acc 78.91% eta 1:26:59
2023-04-13 01:09:59,674 - __main__ - INFO - Computing epoch 23 validation accuracy...
2023-04-13 01:10:04,795 - __main__ - INFO - Computing epoch 23 validation loss...
2023-04-13 01:10:10,676 - __main__ - INFO - [INFO] 2023-04-13 01:10:10.676482 Epoch [24/100] batch [1/391] loss 0.6421 lr 0.08750555348152302 acc 74.22% eta 1:28:52
2023-04-13 01:10:36,859 - __main__ - INFO - [INFO] 2023-04-13 01:10:36.859760 Epoch [24/100] batch [129/391] loss 0.6167 lr 0.08750555348152302 acc 75.78% eta 1:26:56
2023-04-13 01:11:02,710 - __main__ - INFO - [INFO] 2023-04-13 01:11:02.710515 Epoch [24/100] batch [257/391] loss 0.6372 lr 0.08750555348152302 acc 80.47% eta 1:25:58
2023-04-13 01:11:29,211 - __main__ - INFO - [INFO] 2023-04-13 01:11:29.211479 Epoch [24/100] batch [385/391] loss 0.6304 lr 0.08750555348152302 acc 74.22% eta 1:26:05
2023-04-13 01:11:30,379 - __main__ - INFO - Computing epoch 24 validation accuracy...
2023-04-13 01:11:35,366 - __main__ - INFO - Computing epoch 24 validation loss...
2023-04-13 01:11:40,775 - __main__ - INFO - [INFO] 2023-04-13 01:11:40.775776 Epoch [25/100] batch [1/391] loss 1.0605 lr 0.08644843137107061 acc 78.91% eta 1:31:45
2023-04-13 01:12:07,010 - __main__ - INFO - [INFO] 2023-04-13 01:12:07.009988 Epoch [25/100] batch [129/391] loss 0.5625 lr 0.08644843137107061 acc 82.03% eta 1:26:01
2023-04-13 01:12:33,381 - __main__ - INFO - [INFO] 2023-04-13 01:12:33.380857 Epoch [25/100] batch [257/391] loss 0.5952 lr 0.08644843137107061 acc 76.56% eta 1:25:47
2023-04-13 01:12:59,683 - __main__ - INFO - [INFO] 2023-04-13 01:12:59.683744 Epoch [25/100] batch [385/391] loss 0.6914 lr 0.08644843137107061 acc 78.12% eta 1:25:21
2023-04-13 01:13:00,879 - __main__ - INFO - Computing epoch 25 validation accuracy...
2023-04-13 01:13:05,920 - __main__ - INFO - Computing epoch 25 validation loss...
2023-04-13 01:13:11,312 - __main__ - INFO - [INFO] 2023-04-13 01:13:11.311824 Epoch [26/100] batch [1/391] loss 1.1631 lr 0.0853553390593274 acc 75.78% eta 1:33:47
2023-04-13 01:13:37,337 - __main__ - INFO - [INFO] 2023-04-13 01:13:37.336933 Epoch [26/100] batch [129/391] loss 0.6538 lr 0.0853553390593274 acc 82.03% eta 1:24:13
2023-04-13 01:14:03,348 - __main__ - INFO - [INFO] 2023-04-13 01:14:03.348542 Epoch [26/100] batch [257/391] loss 0.7168 lr 0.0853553390593274 acc 71.09% eta 1:23:46
2023-04-13 01:14:29,393 - __main__ - INFO - [INFO] 2023-04-13 01:14:29.393028 Epoch [26/100] batch [385/391] loss 0.7666 lr 0.0853553390593274 acc 73.44% eta 1:23:25
2023-04-13 01:14:30,599 - __main__ - INFO - Computing epoch 26 validation accuracy...
2023-04-13 01:14:35,621 - __main__ - INFO - Computing epoch 26 validation loss...
2023-04-13 01:14:41,169 - __main__ - INFO - [INFO] 2023-04-13 01:14:41.169757 Epoch [27/100] batch [1/391] loss 1.0957 lr 0.08422735529643446 acc 75.78% eta 1:35:54
2023-04-13 01:15:07,408 - __main__ - INFO - [INFO] 2023-04-13 01:15:07.408344 Epoch [27/100] batch [129/391] loss 0.6890 lr 0.08422735529643446 acc 71.88% eta 1:23:43
2023-04-13 01:15:33,445 - __main__ - INFO - [INFO] 2023-04-13 01:15:33.445468 Epoch [27/100] batch [257/391] loss 0.7959 lr 0.08422735529643446 acc 53.91% eta 1:22:59
2023-04-13 01:15:59,575 - __main__ - INFO - [INFO] 2023-04-13 01:15:59.575284 Epoch [27/100] batch [385/391] loss 0.6357 lr 0.08422735529643446 acc 79.69% eta 1:22:37
2023-04-13 01:16:00,776 - __main__ - INFO - Computing epoch 27 validation accuracy...
2023-04-13 01:16:06,160 - __main__ - INFO - Computing epoch 27 validation loss...
2023-04-13 01:16:11,661 - __main__ - INFO - [INFO] 2023-04-13 01:16:11.661806 Epoch [28/100] batch [1/391] loss 0.5947 lr 0.08306559326618262 acc 75.00% eta 1:25:25
2023-04-13 01:16:37,978 - __main__ - INFO - [INFO] 2023-04-13 01:16:37.978694 Epoch [28/100] batch [129/391] loss 0.5542 lr 0.08306559326618262 acc 79.69% eta 1:22:44
2023-04-13 01:17:04,400 - __main__ - INFO - [INFO] 2023-04-13 01:17:04.400145 Epoch [28/100] batch [257/391] loss 0.5649 lr 0.08306559326618262 acc 75.00% eta 1:22:31
2023-04-13 01:17:30,746 - __main__ - INFO - [INFO] 2023-04-13 01:17:30.746388 Epoch [28/100] batch [385/391] loss 0.6895 lr 0.08306559326618262 acc 75.78% eta 1:22:06
2023-04-13 01:17:31,935 - __main__ - INFO - Computing epoch 28 validation accuracy...
2023-04-13 01:17:36,922 - __main__ - INFO - Computing epoch 28 validation loss...
2023-04-13 01:17:42,438 - __main__ - INFO - [INFO] 2023-04-13 01:17:42.437857 Epoch [29/100] batch [1/391] loss 0.6689 lr 0.08187119948743452 acc 74.22% eta 1:29:27
2023-04-13 01:18:08,782 - __main__ - INFO - [INFO] 2023-04-13 01:18:08.781891 Epoch [29/100] batch [129/391] loss 0.7563 lr 0.08187119948743452 acc 68.75% eta 1:21:45
2023-04-13 01:18:34,894 - __main__ - INFO - [INFO] 2023-04-13 01:18:34.894166 Epoch [29/100] batch [257/391] loss 0.4783 lr 0.08187119948743452 acc 79.69% eta 1:21:00
2023-04-13 01:19:00,952 - __main__ - INFO - [INFO] 2023-04-13 01:19:00.952086 Epoch [29/100] batch [385/391] loss 0.7793 lr 0.08187119948743452 acc 69.53% eta 1:20:28
2023-04-13 01:19:02,161 - __main__ - INFO - Computing epoch 29 validation accuracy...
2023-04-13 01:19:07,093 - __main__ - INFO - Computing epoch 29 validation loss...
2023-04-13 01:19:12,457 - __main__ - INFO - [INFO] 2023-04-13 01:19:12.457144 Epoch [30/100] batch [1/391] loss 1.0449 lr 0.08064535268264886 acc 79.69% eta 1:24:35
2023-04-13 01:19:38,907 - __main__ - INFO - [INFO] 2023-04-13 01:19:38.907231 Epoch [30/100] batch [129/391] loss 0.4841 lr 0.08064535268264886 acc 75.00% eta 1:20:52
2023-04-13 01:20:04,982 - __main__ - INFO - [INFO] 2023-04-13 01:20:04.981934 Epoch [30/100] batch [257/391] loss 0.6060 lr 0.08064535268264886 acc 75.00% eta 1:19:56
2023-04-13 01:20:31,230 - __main__ - INFO - [INFO] 2023-04-13 01:20:31.230062 Epoch [30/100] batch [385/391] loss 0.6489 lr 0.08064535268264886 acc 72.66% eta 1:19:32
2023-04-13 01:20:32,414 - __main__ - INFO - Computing epoch 30 validation accuracy...
2023-04-13 01:20:37,398 - __main__ - INFO - Computing epoch 30 validation loss...
2023-04-13 01:20:42,912 - __main__ - INFO - [INFO] 2023-04-13 01:20:42.912721 Epoch [31/100] batch [1/391] loss 0.4822 lr 0.0793892626146237 acc 80.47% eta 1:20:10
2023-04-13 01:21:09,048 - __main__ - INFO - [INFO] 2023-04-13 01:21:09.047920 Epoch [31/100] batch [129/391] loss 0.5869 lr 0.0793892626146237 acc 80.47% eta 1:18:54
2023-04-13 01:21:35,370 - __main__ - INFO - [INFO] 2023-04-13 01:21:35.370066 Epoch [31/100] batch [257/391] loss 0.6738 lr 0.0793892626146237 acc 81.25% eta 1:18:45
2023-04-13 01:22:01,346 - __main__ - INFO - [INFO] 2023-04-13 01:22:01.346774 Epoch [31/100] batch [385/391] loss 0.7188 lr 0.0793892626146237 acc 72.66% eta 1:18:08
2023-04-13 01:22:02,533 - __main__ - INFO - Computing epoch 31 validation accuracy...
2023-04-13 01:22:07,566 - __main__ - INFO - Computing epoch 31 validation loss...
2023-04-13 01:22:12,935 - __main__ - INFO - [INFO] 2023-04-13 01:22:12.935593 Epoch [32/100] batch [1/391] loss 0.3870 lr 0.07810416889260657 acc 84.38% eta 1:18:54
2023-04-13 01:22:39,025 - __main__ - INFO - [INFO] 2023-04-13 01:22:39.025071 Epoch [32/100] batch [129/391] loss 0.4473 lr 0.07810416889260657 acc 82.03% eta 1:17:35
2023-04-13 01:23:05,028 - __main__ - INFO - [INFO] 2023-04-13 01:23:05.028032 Epoch [32/100] batch [257/391] loss 0.5923 lr 0.07810416889260657 acc 80.47% eta 1:17:05
2023-04-13 01:23:31,084 - __main__ - INFO - [INFO] 2023-04-13 01:23:31.084575 Epoch [32/100] batch [385/391] loss 0.6763 lr 0.07810416889260657 acc 79.69% eta 1:16:43
2023-04-13 01:23:32,252 - __main__ - INFO - Computing epoch 32 validation accuracy...
2023-04-13 01:23:37,253 - __main__ - INFO - Computing epoch 32 validation loss...
2023-04-13 01:23:42,651 - __main__ - INFO - [INFO] 2023-04-13 01:23:42.651563 Epoch [33/100] batch [1/391] loss 0.9927 lr 0.07679133974894986 acc 82.81% eta 1:22:38
2023-04-13 01:24:08,716 - __main__ - INFO - [INFO] 2023-04-13 01:24:08.716087 Epoch [33/100] batch [129/391] loss 0.6465 lr 0.07679133974894986 acc 73.44% eta 1:16:27
2023-04-13 01:24:34,954 - __main__ - INFO - [INFO] 2023-04-13 01:24:34.954135 Epoch [33/100] batch [257/391] loss 0.4739 lr 0.07679133974894986 acc 82.03% eta 1:16:19
2023-04-13 01:25:00,944 - __main__ - INFO - [INFO] 2023-04-13 01:25:00.944666 Epoch [33/100] batch [385/391] loss 0.6235 lr 0.07679133974894986 acc 81.25% eta 1:15:48
2023-04-13 01:25:02,128 - __main__ - INFO - Computing epoch 33 validation accuracy...
2023-04-13 01:25:07,186 - __main__ - INFO - Computing epoch 33 validation loss...
2023-04-13 01:25:12,600 - __main__ - INFO - [INFO] 2023-04-13 01:25:12.600282 Epoch [34/100] batch [1/391] loss 0.6401 lr 0.0754520707875186 acc 72.66% eta 1:28:54
2023-04-13 01:25:38,855 - __main__ - INFO - [INFO] 2023-04-13 01:25:38.854938 Epoch [34/100] batch [129/391] loss 0.5181 lr 0.0754520707875186 acc 81.25% eta 1:15:53
2023-04-13 01:26:04,946 - __main__ - INFO - [INFO] 2023-04-13 01:26:04.945998 Epoch [34/100] batch [257/391] loss 0.6685 lr 0.0754520707875186 acc 70.31% eta 1:15:12
2023-04-13 01:26:31,146 - __main__ - INFO - [INFO] 2023-04-13 01:26:31.146630 Epoch [34/100] batch [385/391] loss 0.4893 lr 0.0754520707875186 acc 78.91% eta 1:14:51
2023-04-13 01:26:32,341 - __main__ - INFO - Computing epoch 34 validation accuracy...
2023-04-13 01:26:37,361 - __main__ - INFO - Computing epoch 34 validation loss...
2023-04-13 01:26:43,158 - __main__ - INFO - [INFO] 2023-04-13 01:26:43.157987 Epoch [35/100] batch [1/391] loss 0.5151 lr 0.0740876837050858 acc 85.94% eta 1:19:41
2023-04-13 01:27:09,262 - __main__ - INFO - [INFO] 2023-04-13 01:27:09.262056 Epoch [35/100] batch [129/391] loss 0.4077 lr 0.0740876837050858 acc 78.91% eta 1:14:17
2023-04-13 01:27:35,278 - __main__ - INFO - [INFO] 2023-04-13 01:27:35.277910 Epoch [35/100] batch [257/391] loss 0.3655 lr 0.0740876837050858 acc 80.47% eta 1:13:44
2023-04-13 01:28:01,506 - __main__ - INFO - [INFO] 2023-04-13 01:28:01.506292 Epoch [35/100] batch [385/391] loss 0.7354 lr 0.0740876837050858 acc 74.22% eta 1:13:30
2023-04-13 01:28:02,699 - __main__ - INFO - Computing epoch 35 validation accuracy...
2023-04-13 01:28:07,755 - __main__ - INFO - Computing epoch 35 validation loss...
2023-04-13 01:28:13,191 - __main__ - INFO - [INFO] 2023-04-13 01:28:13.191483 Epoch [36/100] batch [1/391] loss 0.5303 lr 0.07269952498697738 acc 82.03% eta 1:17:04
2023-04-13 01:28:39,400 - __main__ - INFO - [INFO] 2023-04-13 01:28:39.400230 Epoch [36/100] batch [129/391] loss 0.5356 lr 0.07269952498697738 acc 80.47% eta 1:13:25
2023-04-13 01:29:05,430 - __main__ - INFO - [INFO] 2023-04-13 01:29:05.429871 Epoch [36/100] batch [257/391] loss 0.4150 lr 0.07269952498697738 acc 85.94% eta 1:12:46
2023-04-13 01:29:31,699 - __main__ - INFO - [INFO] 2023-04-13 01:29:31.699306 Epoch [36/100] batch [385/391] loss 0.4087 lr 0.07269952498697738 acc 78.12% eta 1:12:30
2023-04-13 01:29:32,869 - __main__ - INFO - Computing epoch 36 validation accuracy...
2023-04-13 01:29:37,866 - __main__ - INFO - Computing epoch 36 validation loss...
2023-04-13 01:29:43,390 - __main__ - INFO - [INFO] 2023-04-13 01:29:43.390026 Epoch [37/100] batch [1/391] loss 0.5625 lr 0.07128896457825366 acc 78.91% eta 1:15:46
2023-04-13 01:30:09,602 - __main__ - INFO - [INFO] 2023-04-13 01:30:09.602250 Epoch [37/100] batch [129/391] loss 0.5283 lr 0.07128896457825366 acc 82.81% eta 1:12:19
2023-04-13 01:30:35,830 - __main__ - INFO - [INFO] 2023-04-13 01:30:35.830258 Epoch [37/100] batch [257/391] loss 0.5186 lr 0.07128896457825366 acc 85.16% eta 1:11:55
2023-04-13 01:31:01,637 - __main__ - INFO - [INFO] 2023-04-13 01:31:01.637763 Epoch [37/100] batch [385/391] loss 0.5142 lr 0.07128896457825366 acc 70.31% eta 1:11:05
2023-04-13 01:31:02,783 - __main__ - INFO - Computing epoch 37 validation accuracy...
2023-04-13 01:31:07,832 - __main__ - INFO - Computing epoch 37 validation loss...
2023-04-13 01:31:13,197 - __main__ - INFO - [INFO] 2023-04-13 01:31:13.197109 Epoch [38/100] batch [1/391] loss 0.5083 lr 0.06985739453173906 acc 76.56% eta 1:06:57
2023-04-13 01:31:37,972 - __main__ - INFO - [INFO] 2023-04-13 01:31:37.972656 Epoch [38/100] batch [129/391] loss 0.4980 lr 0.06985739453173906 acc 84.38% eta 1:06:39
2023-04-13 01:32:03,731 - __main__ - INFO - [INFO] 2023-04-13 01:32:03.731460 Epoch [38/100] batch [257/391] loss 0.4846 lr 0.06985739453173906 acc 86.72% eta 1:07:52
2023-04-13 01:32:29,880 - __main__ - INFO - [INFO] 2023-04-13 01:32:29.880763 Epoch [38/100] batch [385/391] loss 0.5112 lr 0.06985739453173906 acc 78.12% eta 1:08:19
2023-04-13 01:32:31,069 - __main__ - INFO - Computing epoch 38 validation accuracy...
2023-04-13 01:32:36,134 - __main__ - INFO - Computing epoch 38 validation loss...
2023-04-13 01:32:41,614 - __main__ - INFO - [INFO] 2023-04-13 01:32:41.614171 Epoch [39/100] batch [1/391] loss 0.9951 lr 0.06840622763423394 acc 72.66% eta 1:13:32
2023-04-13 01:33:07,907 - __main__ - INFO - [INFO] 2023-04-13 01:33:07.907203 Epoch [39/100] batch [129/391] loss 0.5981 lr 0.06840622763423394 acc 78.91% eta 1:10:04
2023-04-13 01:33:33,635 - __main__ - INFO - [INFO] 2023-04-13 01:33:33.635536 Epoch [39/100] batch [257/391] loss 0.4399 lr 0.06840622763423394 acc 84.38% eta 1:08:59
2023-04-13 01:33:59,501 - __main__ - INFO - [INFO] 2023-04-13 01:33:59.501766 Epoch [39/100] batch [385/391] loss 0.6348 lr 0.06840622763423394 acc 76.56% eta 1:08:29
2023-04-13 01:34:00,688 - __main__ - INFO - Computing epoch 39 validation accuracy...
2023-04-13 01:34:05,676 - __main__ - INFO - Computing epoch 39 validation loss...
2023-04-13 01:34:11,138 - __main__ - INFO - [INFO] 2023-04-13 01:34:11.138563 Epoch [40/100] batch [1/391] loss 1.0312 lr 0.06693689601226462 acc 77.34% eta 1:11:49
2023-04-13 01:34:37,078 - __main__ - INFO - [INFO] 2023-04-13 01:34:37.078174 Epoch [40/100] batch [129/391] loss 0.5083 lr 0.06693689601226462 acc 76.56% eta 1:08:03
2023-04-13 01:35:03,513 - __main__ - INFO - [INFO] 2023-04-13 01:35:03.513377 Epoch [40/100] batch [257/391] loss 0.5610 lr 0.06693689601226462 acc 75.78% eta 1:08:18
2023-04-13 01:35:29,594 - __main__ - INFO - [INFO] 2023-04-13 01:35:29.593649 Epoch [40/100] batch [385/391] loss 0.5464 lr 0.06693689601226462 acc 75.78% eta 1:07:52
2023-04-13 01:35:30,795 - __main__ - INFO - Computing epoch 40 validation accuracy...
2023-04-13 01:35:35,892 - __main__ - INFO - Computing epoch 40 validation loss...
2023-04-13 01:35:41,356 - __main__ - INFO - [INFO] 2023-04-13 01:35:41.356171 Epoch [41/100] batch [1/391] loss 0.9736 lr 0.06545084971874741 acc 85.16% eta 1:11:28
2023-04-13 01:36:07,334 - __main__ - INFO - [INFO] 2023-04-13 01:36:07.333931 Epoch [41/100] batch [129/391] loss 0.6118 lr 0.06545084971874741 acc 71.88% eta 1:07:10
2023-04-13 01:36:33,406 - __main__ - INFO - [INFO] 2023-04-13 01:36:33.406148 Epoch [41/100] batch [257/391] loss 0.5054 lr 0.06545084971874741 acc 78.91% eta 1:06:52
2023-04-13 01:36:59,545 - __main__ - INFO - [INFO] 2023-04-13 01:36:59.545371 Epoch [41/100] batch [385/391] loss 0.4812 lr 0.06545084971874741 acc 78.12% eta 1:06:36
2023-04-13 01:37:00,747 - __main__ - INFO - Computing epoch 41 validation accuracy...
2023-04-13 01:37:05,746 - __main__ - INFO - Computing epoch 41 validation loss...
2023-04-13 01:37:11,196 - __main__ - INFO - [INFO] 2023-04-13 01:37:11.196709 Epoch [42/100] batch [1/391] loss 0.4604 lr 0.06394955530196152 acc 74.22% eta 1:10:02
2023-04-13 01:37:36,948 - __main__ - INFO - [INFO] 2023-04-13 01:37:36.947925 Epoch [42/100] batch [129/391] loss 0.4272 lr 0.06394955530196152 acc 77.34% eta 1:05:31
2023-04-13 01:38:03,394 - __main__ - INFO - [INFO] 2023-04-13 01:38:03.394096 Epoch [42/100] batch [257/391] loss 0.3369 lr 0.06394955530196152 acc 87.50% eta 1:05:54
2023-04-13 01:38:29,204 - __main__ - INFO - [INFO] 2023-04-13 01:38:29.203710 Epoch [42/100] batch [385/391] loss 0.6050 lr 0.06394955530196152 acc 80.47% eta 1:05:15
2023-04-13 01:38:30,392 - __main__ - INFO - Computing epoch 42 validation accuracy...
2023-04-13 01:38:35,367 - __main__ - INFO - Computing epoch 42 validation loss...
2023-04-13 01:38:40,708 - __main__ - INFO - [INFO] 2023-04-13 01:38:40.708461 Epoch [43/100] batch [1/391] loss 0.9541 lr 0.062434494358242776 acc 72.66% eta 1:06:18
2023-04-13 01:39:06,771 - __main__ - INFO - [INFO] 2023-04-13 01:39:06.771160 Epoch [43/100] batch [129/391] loss 0.3640 lr 0.062434494358242776 acc 84.38% eta 1:05:01
2023-04-13 01:39:32,937 - __main__ - INFO - [INFO] 2023-04-13 01:39:32.937321 Epoch [43/100] batch [257/391] loss 0.4314 lr 0.062434494358242776 acc 84.38% eta 1:04:43
2023-04-13 01:39:58,706 - __main__ - INFO - [INFO] 2023-04-13 01:39:58.706436 Epoch [43/100] batch [385/391] loss 0.4746 lr 0.062434494358242776 acc 83.59% eta 1:04:04
2023-04-13 01:39:59,874 - __main__ - INFO - Computing epoch 43 validation accuracy...
2023-04-13 01:40:04,928 - __main__ - INFO - Computing epoch 43 validation loss...
2023-04-13 01:40:10,307 - __main__ - INFO - [INFO] 2023-04-13 01:40:10.307275 Epoch [44/100] batch [1/391] loss 0.6182 lr 0.06090716206982718 acc 75.78% eta 1:08:54
2023-04-13 01:40:36,360 - __main__ - INFO - [INFO] 2023-04-13 01:40:36.360589 Epoch [44/100] batch [129/391] loss 0.5693 lr 0.06090716206982718 acc 78.12% eta 1:03:49
2023-04-13 01:41:02,436 - __main__ - INFO - [INFO] 2023-04-13 01:41:02.436267 Epoch [44/100] batch [257/391] loss 0.4797 lr 0.06090716206982718 acc 77.34% eta 1:03:31
2023-04-13 01:41:28,312 - __main__ - INFO - [INFO] 2023-04-13 01:41:28.311850 Epoch [44/100] batch [385/391] loss 0.4331 lr 0.06090716206982718 acc 85.16% eta 1:02:59
2023-04-13 01:41:29,545 - __main__ - INFO - Computing epoch 44 validation accuracy...
2023-04-13 01:41:35,054 - __main__ - INFO - Computing epoch 44 validation loss...
2023-04-13 01:41:40,597 - __main__ - INFO - [INFO] 2023-04-13 01:41:40.597426 Epoch [45/100] batch [1/391] loss 0.8936 lr 0.05936906572928628 acc 82.81% eta 1:14:11
2023-04-13 01:42:06,807 - __main__ - INFO - [INFO] 2023-04-13 01:42:06.807497 Epoch [45/100] batch [129/391] loss 0.6143 lr 0.05936906572928628 acc 74.22% eta 1:03:14
2023-04-13 01:42:32,736 - __main__ - INFO - [INFO] 2023-04-13 01:42:32.736168 Epoch [45/100] batch [257/391] loss 0.6211 lr 0.05936906572928628 acc 75.78% eta 1:02:26
2023-04-13 01:42:59,310 - __main__ - INFO - [INFO] 2023-04-13 01:42:59.310481 Epoch [45/100] batch [385/391] loss 0.4512 lr 0.05936906572928628 acc 85.16% eta 1:02:23
2023-04-13 01:43:00,510 - __main__ - INFO - Computing epoch 45 validation accuracy...
2023-04-13 01:43:05,463 - __main__ - INFO - Computing epoch 45 validation loss...
2023-04-13 01:43:10,870 - __main__ - INFO - [INFO] 2023-04-13 01:43:10.870103 Epoch [46/100] batch [1/391] loss 1.1299 lr 0.05782172325201159 acc 70.31% eta 1:04:48
2023-04-13 01:43:36,768 - __main__ - INFO - [INFO] 2023-04-13 01:43:36.768175 Epoch [46/100] batch [129/391] loss 0.4612 lr 0.05782172325201159 acc 78.12% eta 1:01:18
2023-04-13 01:44:02,520 - __main__ - INFO - [INFO] 2023-04-13 01:44:02.520058 Epoch [46/100] batch [257/391] loss 0.4707 lr 0.05782172325201159 acc 76.56% eta 1:00:43
2023-04-13 01:44:28,638 - __main__ - INFO - [INFO] 2023-04-13 01:44:28.638196 Epoch [46/100] batch [385/391] loss 0.4858 lr 0.05782172325201159 acc 75.00% eta 1:00:34
2023-04-13 01:44:29,848 - __main__ - INFO - Computing epoch 46 validation accuracy...
2023-04-13 01:44:34,812 - __main__ - INFO - Computing epoch 46 validation loss...
2023-04-13 01:44:40,156 - __main__ - INFO - [INFO] 2023-04-13 01:44:40.156535 Epoch [47/100] batch [1/391] loss 0.3945 lr 0.056266661678215264 acc 82.03% eta 1:01:25
2023-04-13 01:45:06,190 - __main__ - INFO - [INFO] 2023-04-13 01:45:06.190540 Epoch [47/100] batch [129/391] loss 0.5112 lr 0.056266661678215264 acc 77.34% eta 1:00:26
2023-04-13 01:45:32,524 - __main__ - INFO - [INFO] 2023-04-13 01:45:32.524363 Epoch [47/100] batch [257/391] loss 0.3499 lr 0.056266661678215264 acc 80.47% eta 1:00:22
2023-04-13 01:45:58,749 - __main__ - INFO - [INFO] 2023-04-13 01:45:58.749780 Epoch [47/100] batch [385/391] loss 0.3726 lr 0.056266661678215264 acc 88.28% eta 1:00:01
2023-04-13 01:45:59,934 - __main__ - INFO - Computing epoch 47 validation accuracy...
2023-04-13 01:46:04,989 - __main__ - INFO - Computing epoch 47 validation loss...
2023-04-13 01:46:10,440 - __main__ - INFO - [INFO] 2023-04-13 01:46:10.440310 Epoch [48/100] batch [1/391] loss 0.8755 lr 0.05470541566592575 acc 81.25% eta 1:06:19
2023-04-13 01:46:36,973 - __main__ - INFO - [INFO] 2023-04-13 01:46:36.973452 Epoch [48/100] batch [129/391] loss 0.4897 lr 0.05470541566592575 acc 85.94% eta 1:00:23
2023-04-13 01:47:02,912 - __main__ - INFO - [INFO] 2023-04-13 01:47:02.912596 Epoch [48/100] batch [257/391] loss 0.5317 lr 0.05470541566592575 acc 82.81% eta 0:59:21
2023-04-13 01:47:28,790 - __main__ - INFO - [INFO] 2023-04-13 01:47:28.790161 Epoch [48/100] batch [385/391] loss 0.4185 lr 0.05470541566592575 acc 85.16% eta 0:58:43
2023-04-13 01:47:29,969 - __main__ - INFO - Computing epoch 48 validation accuracy...
2023-04-13 01:47:34,926 - __main__ - INFO - Computing epoch 48 validation loss...
2023-04-13 01:47:40,371 - __main__ - INFO - [INFO] 2023-04-13 01:47:40.371039 Epoch [49/100] batch [1/391] loss 0.4556 lr 0.053139525976465714 acc 81.25% eta 1:02:11
2023-04-13 01:48:06,314 - __main__ - INFO - [INFO] 2023-04-13 01:48:06.313890 Epoch [49/100] batch [129/391] loss 0.6592 lr 0.053139525976465714 acc 80.47% eta 0:58:01
2023-04-13 01:48:32,173 - __main__ - INFO - [INFO] 2023-04-13 01:48:32.173328 Epoch [49/100] batch [257/391] loss 0.6436 lr 0.053139525976465714 acc 69.53% eta 0:57:33
2023-04-13 01:48:57,881 - __main__ - INFO - [INFO] 2023-04-13 01:48:57.881191 Epoch [49/100] batch [385/391] loss 0.3374 lr 0.053139525976465714 acc 89.06% eta 0:57:02
2023-04-13 01:48:59,062 - __main__ - INFO - Computing epoch 49 validation accuracy...
2023-04-13 01:49:04,282 - __main__ - INFO - Computing epoch 49 validation loss...
2023-04-13 01:49:09,715 - __main__ - INFO - [INFO] 2023-04-13 01:49:09.715787 Epoch [50/100] batch [1/391] loss 0.3625 lr 0.05157053795390645 acc 88.28% eta 1:10:48
2023-04-13 01:49:35,907 - __main__ - INFO - [INFO] 2023-04-13 01:49:35.907266 Epoch [50/100] batch [129/391] loss 0.3938 lr 0.05157053795390645 acc 84.38% eta 0:57:28
2023-04-13 01:50:01,865 - __main__ - INFO - [INFO] 2023-04-13 01:50:01.865719 Epoch [50/100] batch [257/391] loss 0.3831 lr 0.05157053795390645 acc 78.12% eta 0:56:48
2023-04-13 01:50:27,829 - __main__ - INFO - [INFO] 2023-04-13 01:50:27.829196 Epoch [50/100] batch [385/391] loss 0.4666 lr 0.05157053795390645 acc 72.66% eta 0:56:19
2023-04-13 01:50:29,042 - __main__ - INFO - Computing epoch 50 validation accuracy...
2023-04-13 01:50:34,145 - __main__ - INFO - Computing epoch 50 validation loss...
2023-04-13 01:50:39,561 - __main__ - INFO - [INFO] 2023-04-13 01:50:39.561682 Epoch [51/100] batch [1/391] loss 0.3381 lr 0.05000000000000004 acc 89.84% eta 0:57:53
2023-04-13 01:51:05,626 - __main__ - INFO - [INFO] 2023-04-13 01:51:05.626560 Epoch [51/100] batch [129/391] loss 0.4033 lr 0.05000000000000004 acc 89.06% eta 0:55:58
2023-04-13 01:51:31,740 - __main__ - INFO - [INFO] 2023-04-13 01:51:31.740040 Epoch [51/100] batch [257/391] loss 0.4194 lr 0.05000000000000004 acc 85.94% eta 0:55:39
2023-04-13 01:51:58,076 - __main__ - INFO - [INFO] 2023-04-13 01:51:58.076647 Epoch [51/100] batch [385/391] loss 0.4619 lr 0.05000000000000004 acc 84.38% eta 0:55:26
2023-04-13 01:51:59,260 - __main__ - INFO - Computing epoch 51 validation accuracy...
2023-04-13 01:52:04,258 - __main__ - INFO - Computing epoch 51 validation loss...
2023-04-13 01:52:09,860 - __main__ - INFO - [INFO] 2023-04-13 01:52:09.860213 Epoch [52/100] batch [1/391] loss 0.9453 lr 0.04842946204609362 acc 78.12% eta 0:58:22
2023-04-13 01:52:36,056 - __main__ - INFO - [INFO] 2023-04-13 01:52:36.056481 Epoch [52/100] batch [129/391] loss 0.4277 lr 0.04842946204609362 acc 89.06% eta 0:55:10
2023-04-13 01:53:02,115 - __main__ - INFO - [INFO] 2023-04-13 01:53:02.115662 Epoch [52/100] batch [257/391] loss 0.5264 lr 0.04842946204609362 acc 80.47% eta 0:54:36
2023-04-13 01:53:28,613 - __main__ - INFO - [INFO] 2023-04-13 01:53:28.612946 Epoch [52/100] batch [385/391] loss 0.4741 lr 0.04842946204609362 acc 77.34% eta 0:54:29
2023-04-13 01:53:29,832 - __main__ - INFO - Computing epoch 52 validation accuracy...
2023-04-13 01:53:34,872 - __main__ - INFO - Computing epoch 52 validation loss...
2023-04-13 01:53:40,233 - __main__ - INFO - [INFO] 2023-04-13 01:53:40.232842 Epoch [53/100] batch [1/391] loss 0.8682 lr 0.04686047402353437 acc 79.69% eta 0:57:03
2023-04-13 01:54:06,347 - __main__ - INFO - [INFO] 2023-04-13 01:54:06.347663 Epoch [53/100] batch [129/391] loss 0.4424 lr 0.04686047402353437 acc 85.94% eta 0:53:53
2023-04-13 01:54:32,443 - __main__ - INFO - [INFO] 2023-04-13 01:54:32.443695 Epoch [53/100] batch [257/391] loss 0.5142 lr 0.04686047402353437 acc 77.34% eta 0:53:30
2023-04-13 01:54:58,760 - __main__ - INFO - [INFO] 2023-04-13 01:54:58.760355 Epoch [53/100] batch [385/391] loss 0.4255 lr 0.04686047402353437 acc 89.84% eta 0:53:15
2023-04-13 01:54:59,963 - __main__ - INFO - Computing epoch 53 validation accuracy...
2023-04-13 01:55:04,958 - __main__ - INFO - Computing epoch 53 validation loss...
2023-04-13 01:55:10,333 - __main__ - INFO - [INFO] 2023-04-13 01:55:10.333188 Epoch [54/100] batch [1/391] loss 0.5356 lr 0.045294584334074316 acc 84.38% eta 0:58:08
2023-04-13 01:55:36,153 - __main__ - INFO - [INFO] 2023-04-13 01:55:36.152883 Epoch [54/100] batch [129/391] loss 0.3733 lr 0.045294584334074316 acc 86.72% eta 0:52:14
2023-04-13 01:56:01,995 - __main__ - INFO - [INFO] 2023-04-13 01:56:01.995368 Epoch [54/100] batch [257/391] loss 0.3291 lr 0.045294584334074316 acc 87.50% eta 0:51:50
2023-04-13 01:56:28,237 - __main__ - INFO - [INFO] 2023-04-13 01:56:28.236847 Epoch [54/100] batch [385/391] loss 0.4390 lr 0.045294584334074316 acc 83.59% eta 0:51:42
2023-04-13 01:56:29,433 - __main__ - INFO - Computing epoch 54 validation accuracy...
2023-04-13 01:56:34,467 - __main__ - INFO - Computing epoch 54 validation loss...
2023-04-13 01:56:39,932 - __main__ - INFO - [INFO] 2023-04-13 01:56:39.931906 Epoch [55/100] batch [1/391] loss 0.4443 lr 0.043733338321784825 acc 88.28% eta 0:53:53
2023-04-13 01:57:06,077 - __main__ - INFO - [INFO] 2023-04-13 01:57:06.077442 Epoch [55/100] batch [129/391] loss 0.6396 lr 0.043733338321784825 acc 78.12% eta 0:51:40
2023-04-13 01:57:31,897 - __main__ - INFO - [INFO] 2023-04-13 01:57:31.897421 Epoch [55/100] batch [257/391] loss 0.4683 lr 0.043733338321784825 acc 82.81% eta 0:50:56
2023-04-13 01:57:57,866 - __main__ - INFO - [INFO] 2023-04-13 01:57:57.866473 Epoch [55/100] batch [385/391] loss 0.4397 lr 0.043733338321784825 acc 78.91% eta 0:50:32
2023-04-13 01:57:59,068 - __main__ - INFO - Computing epoch 55 validation accuracy...
2023-04-13 01:58:04,188 - __main__ - INFO - Computing epoch 55 validation loss...
2023-04-13 01:58:09,662 - __main__ - INFO - [INFO] 2023-04-13 01:58:09.662706 Epoch [56/100] batch [1/391] loss 0.9424 lr 0.042178276747988484 acc 69.53% eta 0:52:43
2023-04-13 01:58:35,657 - __main__ - INFO - [INFO] 2023-04-13 01:58:35.657013 Epoch [56/100] batch [129/391] loss 0.4712 lr 0.042178276747988484 acc 78.12% eta 0:50:14
2023-04-13 01:59:01,441 - __main__ - INFO - [INFO] 2023-04-13 01:59:01.441768 Epoch [56/100] batch [257/391] loss 0.4050 lr 0.042178276747988484 acc 86.72% eta 0:49:40
2023-04-13 01:59:27,291 - __main__ - INFO - [INFO] 2023-04-13 01:59:27.291722 Epoch [56/100] batch [385/391] loss 0.4524 lr 0.042178276747988484 acc 84.38% eta 0:49:15
2023-04-13 01:59:28,486 - __main__ - INFO - Computing epoch 56 validation accuracy...
2023-04-13 01:59:33,482 - __main__ - INFO - Computing epoch 56 validation loss...
2023-04-13 01:59:38,990 - __main__ - INFO - [INFO] 2023-04-13 01:59:38.990694 Epoch [57/100] batch [1/391] loss 0.3552 lr 0.0406309342707138 acc 84.38% eta 0:51:48
2023-04-13 02:00:05,333 - __main__ - INFO - [INFO] 2023-04-13 02:00:05.333721 Epoch [57/100] batch [129/391] loss 0.3643 lr 0.0406309342707138 acc 81.25% eta 0:49:42
2023-04-13 02:00:31,511 - __main__ - INFO - [INFO] 2023-04-13 02:00:31.511805 Epoch [57/100] batch [257/391] loss 0.3884 lr 0.0406309342707138 acc 86.72% eta 0:49:10
2023-04-13 02:00:57,422 - __main__ - INFO - [INFO] 2023-04-13 02:00:57.421859 Epoch [57/100] batch [385/391] loss 0.4543 lr 0.0406309342707138 acc 85.16% eta 0:48:35
2023-04-13 02:00:58,606 - __main__ - INFO - Computing epoch 57 validation accuracy...
2023-04-13 02:01:03,687 - __main__ - INFO - Computing epoch 57 validation loss...
2023-04-13 02:01:09,178 - __main__ - INFO - [INFO] 2023-04-13 02:01:09.178154 Epoch [58/100] batch [1/391] loss 0.3086 lr 0.039092837930172916 acc 89.84% eta 0:50:05
2023-04-13 02:01:35,390 - __main__ - INFO - [INFO] 2023-04-13 02:01:35.390536 Epoch [58/100] batch [129/391] loss 0.3542 lr 0.039092837930172916 acc 87.50% eta 0:48:17
2023-04-13 02:02:01,582 - __main__ - INFO - [INFO] 2023-04-13 02:02:01.582405 Epoch [58/100] batch [257/391] loss 0.3572 lr 0.039092837930172916 acc 88.28% eta 0:47:54
2023-04-13 02:02:27,539 - __main__ - INFO - [INFO] 2023-04-13 02:02:27.539609 Epoch [58/100] batch [385/391] loss 0.4238 lr 0.039092837930172916 acc 85.16% eta 0:47:23
2023-04-13 02:02:28,710 - __main__ - INFO - Computing epoch 58 validation accuracy...
2023-04-13 02:02:33,724 - __main__ - INFO - Computing epoch 58 validation loss...
2023-04-13 02:02:39,211 - __main__ - INFO - [INFO] 2023-04-13 02:02:39.210956 Epoch [59/100] batch [1/391] loss 0.7627 lr 0.037565505641757285 acc 85.16% eta 0:49:49
2023-04-13 02:03:05,021 - __main__ - INFO - [INFO] 2023-04-13 02:03:05.021802 Epoch [59/100] batch [129/391] loss 0.3550 lr 0.037565505641757285 acc 86.72% eta 0:46:34
2023-04-13 02:03:30,845 - __main__ - INFO - [INFO] 2023-04-13 02:03:30.845257 Epoch [59/100] batch [257/391] loss 0.3801 lr 0.037565505641757285 acc 88.28% eta 0:46:09
2023-04-13 02:03:56,682 - __main__ - INFO - [INFO] 2023-04-13 02:03:56.682153 Epoch [59/100] batch [385/391] loss 0.3879 lr 0.037565505641757285 acc 88.28% eta 0:45:49
2023-04-13 02:03:57,889 - __main__ - INFO - Computing epoch 59 validation accuracy...
2023-04-13 02:04:02,985 - __main__ - INFO - Computing epoch 59 validation loss...
2023-04-13 02:04:08,445 - __main__ - INFO - [INFO] 2023-04-13 02:04:08.445727 Epoch [60/100] batch [1/391] loss 0.8652 lr 0.03605044469803857 acc 82.81% eta 0:47:45
2023-04-13 02:04:34,393 - __main__ - INFO - [INFO] 2023-04-13 02:04:34.393410 Epoch [60/100] batch [129/391] loss 0.3879 lr 0.03605044469803857 acc 85.16% eta 0:45:39
2023-04-13 02:05:00,173 - __main__ - INFO - [INFO] 2023-04-13 02:05:00.173027 Epoch [60/100] batch [257/391] loss 0.3838 lr 0.03605044469803857 acc 81.25% eta 0:45:09
2023-04-13 02:05:26,138 - __main__ - INFO - [INFO] 2023-04-13 02:05:26.138392 Epoch [60/100] batch [385/391] loss 0.3701 lr 0.03605044469803857 acc 82.81% eta 0:44:49
2023-04-13 02:05:27,527 - __main__ - INFO - Computing epoch 60 validation accuracy...
2023-04-13 02:05:32,583 - __main__ - INFO - Computing epoch 60 validation loss...
2023-04-13 02:05:37,935 - __main__ - INFO - [INFO] 2023-04-13 02:05:37.934890 Epoch [61/100] batch [1/391] loss 0.3052 lr 0.034549150281252675 acc 88.28% eta 0:46:15
2023-04-13 02:06:03,837 - __main__ - INFO - [INFO] 2023-04-13 02:06:03.837358 Epoch [61/100] batch [129/391] loss 0.4263 lr 0.034549150281252675 acc 86.72% eta 0:44:28
2023-04-13 02:06:29,672 - __main__ - INFO - [INFO] 2023-04-13 02:06:29.672562 Epoch [61/100] batch [257/391] loss 0.3901 lr 0.034549150281252675 acc 87.50% eta 0:44:01
2023-04-13 02:06:56,021 - __main__ - INFO - [INFO] 2023-04-13 02:06:56.021624 Epoch [61/100] batch [385/391] loss 0.2966 lr 0.034549150281252675 acc 86.72% eta 0:43:54
2023-04-13 02:06:57,210 - __main__ - INFO - Computing epoch 61 validation accuracy...
2023-04-13 02:07:02,222 - __main__ - INFO - Computing epoch 61 validation loss...
2023-04-13 02:07:07,623 - __main__ - INFO - [INFO] 2023-04-13 02:07:07.623600 Epoch [62/100] batch [1/391] loss 0.8877 lr 0.03306310398773546 acc 78.12% eta 0:45:02
2023-04-13 02:07:33,962 - __main__ - INFO - [INFO] 2023-04-13 02:07:33.962695 Epoch [62/100] batch [129/391] loss 0.3967 lr 0.03306310398773546 acc 84.38% eta 0:43:56
2023-04-13 02:07:59,895 - __main__ - INFO - [INFO] 2023-04-13 02:07:59.895553 Epoch [62/100] batch [257/391] loss 0.3279 lr 0.03306310398773546 acc 91.41% eta 0:43:14
2023-04-13 02:08:25,766 - __main__ - INFO - [INFO] 2023-04-13 02:08:25.766690 Epoch [62/100] batch [385/391] loss 0.3198 lr 0.03306310398773546 acc 88.28% eta 0:42:45
2023-04-13 02:08:26,948 - __main__ - INFO - Computing epoch 62 validation accuracy...
2023-04-13 02:08:32,023 - __main__ - INFO - Computing epoch 62 validation loss...
2023-04-13 02:08:37,474 - __main__ - INFO - [INFO] 2023-04-13 02:08:37.474591 Epoch [63/100] batch [1/391] loss 0.3091 lr 0.031593772365766146 acc 91.41% eta 0:44:09
2023-04-13 02:09:03,452 - __main__ - INFO - [INFO] 2023-04-13 02:09:03.452410 Epoch [63/100] batch [129/391] loss 0.4048 lr 0.031593772365766146 acc 83.59% eta 0:42:20
2023-04-13 02:09:29,231 - __main__ - INFO - [INFO] 2023-04-13 02:09:29.231767 Epoch [63/100] batch [257/391] loss 0.3164 lr 0.031593772365766146 acc 84.38% eta 0:41:47
2023-04-13 02:09:55,255 - __main__ - INFO - [INFO] 2023-04-13 02:09:55.254944 Epoch [63/100] batch [385/391] loss 0.2411 lr 0.031593772365766146 acc 83.59% eta 0:41:29
2023-04-13 02:09:56,437 - __main__ - INFO - Computing epoch 63 validation accuracy...
2023-04-13 02:10:01,430 - __main__ - INFO - Computing epoch 63 validation loss...
2023-04-13 02:10:06,910 - __main__ - INFO - [INFO] 2023-04-13 02:10:06.910397 Epoch [64/100] batch [1/391] loss 0.6714 lr 0.030142605468260992 acc 86.72% eta 0:42:41
2023-04-13 02:10:33,055 - __main__ - INFO - [INFO] 2023-04-13 02:10:33.054962 Epoch [64/100] batch [129/391] loss 0.3293 lr 0.030142605468260992 acc 89.06% eta 0:41:26
2023-04-13 02:10:59,097 - __main__ - INFO - [INFO] 2023-04-13 02:10:59.097504 Epoch [64/100] batch [257/391] loss 0.3257 lr 0.030142605468260992 acc 82.03% eta 0:40:58
2023-04-13 02:11:25,529 - __main__ - INFO - [INFO] 2023-04-13 02:11:25.529472 Epoch [64/100] batch [385/391] loss 0.3381 lr 0.030142605468260992 acc 89.84% eta 0:40:46
2023-04-13 02:11:26,710 - __main__ - INFO - Computing epoch 64 validation accuracy...
2023-04-13 02:11:31,729 - __main__ - INFO - Computing epoch 64 validation loss...
2023-04-13 02:11:37,277 - __main__ - INFO - [INFO] 2023-04-13 02:11:37.276900 Epoch [65/100] batch [1/391] loss 0.2717 lr 0.028711035421746394 acc 85.16% eta 0:42:37
2023-04-13 02:12:03,649 - __main__ - INFO - [INFO] 2023-04-13 02:12:03.649422 Epoch [65/100] batch [129/391] loss 0.4097 lr 0.028711035421746394 acc 79.69% eta 0:40:42
2023-04-13 02:12:29,729 - __main__ - INFO - [INFO] 2023-04-13 02:12:29.728642 Epoch [65/100] batch [257/391] loss 0.3347 lr 0.028711035421746394 acc 89.84% eta 0:40:04
2023-04-13 02:12:56,079 - __main__ - INFO - [INFO] 2023-04-13 02:12:56.079490 Epoch [65/100] batch [385/391] loss 0.3086 lr 0.028711035421746394 acc 89.06% eta 0:39:45
2023-04-13 02:12:57,290 - __main__ - INFO - Computing epoch 65 validation accuracy...
2023-04-13 02:13:02,375 - __main__ - INFO - Computing epoch 65 validation loss...
2023-04-13 02:13:07,893 - __main__ - INFO - [INFO] 2023-04-13 02:13:07.893493 Epoch [66/100] batch [1/391] loss 0.8354 lr 0.027300475013022688 acc 85.94% eta 0:41:19
2023-04-13 02:13:34,062 - __main__ - INFO - [INFO] 2023-04-13 02:13:34.062203 Epoch [66/100] batch [129/391] loss 0.5503 lr 0.027300475013022688 acc 82.81% eta 0:39:15
2023-04-13 02:14:00,339 - __main__ - INFO - [INFO] 2023-04-13 02:14:00.339165 Epoch [66/100] batch [257/391] loss 0.3337 lr 0.027300475013022688 acc 87.50% eta 0:38:56
2023-04-13 02:14:26,142 - __main__ - INFO - [INFO] 2023-04-13 02:14:26.142509 Epoch [66/100] batch [385/391] loss 0.3975 lr 0.027300475013022688 acc 85.94% eta 0:38:22
2023-04-13 02:14:27,315 - __main__ - INFO - Computing epoch 66 validation accuracy...
2023-04-13 02:14:32,291 - __main__ - INFO - Computing epoch 66 validation loss...
2023-04-13 02:14:37,692 - __main__ - INFO - [INFO] 2023-04-13 02:14:37.692713 Epoch [67/100] batch [1/391] loss 0.6763 lr 0.025912316294914254 acc 89.06% eta 0:40:39
2023-04-13 02:15:03,888 - __main__ - INFO - [INFO] 2023-04-13 02:15:03.888479 Epoch [67/100] batch [129/391] loss 0.3738 lr 0.025912316294914254 acc 89.84% eta 0:38:07
2023-04-13 02:15:29,800 - __main__ - INFO - [INFO] 2023-04-13 02:15:29.800725 Epoch [67/100] batch [257/391] loss 0.3325 lr 0.025912316294914254 acc 90.62% eta 0:37:33
2023-04-13 02:15:55,735 - __main__ - INFO - [INFO] 2023-04-13 02:15:55.735468 Epoch [67/100] batch [385/391] loss 0.3582 lr 0.025912316294914254 acc 88.28% eta 0:37:07
2023-04-13 02:15:56,907 - __main__ - INFO - Computing epoch 67 validation accuracy...
2023-04-13 02:16:01,898 - __main__ - INFO - Computing epoch 67 validation loss...
2023-04-13 02:16:07,529 - __main__ - INFO - [INFO] 2023-04-13 02:16:07.528838 Epoch [68/100] batch [1/391] loss 0.5869 lr 0.02454792921248146 acc 89.84% eta 1:02:55
2023-04-13 02:16:33,739 - __main__ - INFO - [INFO] 2023-04-13 02:16:33.739338 Epoch [68/100] batch [129/391] loss 0.2676 lr 0.02454792921248146 acc 92.19% eta 0:37:14
2023-04-13 02:16:59,771 - __main__ - INFO - [INFO] 2023-04-13 02:16:59.771470 Epoch [68/100] batch [257/391] loss 0.1802 lr 0.02454792921248146 acc 92.97% eta 0:36:38
2023-04-13 02:17:25,710 - __main__ - INFO - [INFO] 2023-04-13 02:17:25.710285 Epoch [68/100] batch [385/391] loss 0.3101 lr 0.02454792921248146 acc 87.50% eta 0:36:09
2023-04-13 02:17:26,957 - __main__ - INFO - Computing epoch 68 validation accuracy...
2023-04-13 02:17:32,001 - __main__ - INFO - Computing epoch 68 validation loss...
2023-04-13 02:17:37,527 - __main__ - INFO - [INFO] 2023-04-13 02:17:37.526776 Epoch [69/100] batch [1/391] loss 0.2524 lr 0.02320866025105018 acc 89.06% eta 0:45:50
2023-04-13 02:18:03,617 - __main__ - INFO - [INFO] 2023-04-13 02:18:03.617666 Epoch [69/100] batch [129/391] loss 0.3840 lr 0.02320866025105018 acc 91.41% eta 0:35:47
2023-04-13 02:18:29,577 - __main__ - INFO - [INFO] 2023-04-13 02:18:29.577299 Epoch [69/100] batch [257/391] loss 0.3079 lr 0.02320866025105018 acc 89.84% eta 0:35:18
2023-04-13 02:18:55,676 - __main__ - INFO - [INFO] 2023-04-13 02:18:55.675670 Epoch [69/100] batch [385/391] loss 0.2603 lr 0.02320866025105018 acc 90.62% eta 0:34:56
2023-04-13 02:18:56,867 - __main__ - INFO - Computing epoch 69 validation accuracy...
2023-04-13 02:19:01,864 - __main__ - INFO - Computing epoch 69 validation loss...
2023-04-13 02:19:07,368 - __main__ - INFO - [INFO] 2023-04-13 02:19:07.367940 Epoch [70/100] batch [1/391] loss 0.6943 lr 0.021895831107393487 acc 86.72% eta 0:37:04
2023-04-13 02:19:33,346 - __main__ - INFO - [INFO] 2023-04-13 02:19:33.346333 Epoch [70/100] batch [129/391] loss 0.2905 lr 0.021895831107393487 acc 89.06% eta 0:34:34
2023-04-13 02:19:59,048 - __main__ - INFO - [INFO] 2023-04-13 02:19:59.048788 Epoch [70/100] batch [257/391] loss 0.2661 lr 0.021895831107393487 acc 89.06% eta 0:33:57
2023-04-13 02:20:24,997 - __main__ - INFO - [INFO] 2023-04-13 02:20:24.997498 Epoch [70/100] batch [385/391] loss 0.3093 lr 0.021895831107393487 acc 91.41% eta 0:33:38
2023-04-13 02:20:26,175 - __main__ - INFO - Computing epoch 70 validation accuracy...
2023-04-13 02:20:31,338 - __main__ - INFO - Computing epoch 70 validation loss...
2023-04-13 02:20:36,855 - __main__ - INFO - [INFO] 2023-04-13 02:20:36.855101 Epoch [71/100] batch [1/391] loss 0.6753 lr 0.02061073738537637 acc 86.72% eta 0:38:13
2023-04-13 02:21:02,634 - __main__ - INFO - [INFO] 2023-04-13 02:21:02.634651 Epoch [71/100] batch [129/391] loss 0.3987 lr 0.02061073738537637 acc 89.06% eta 0:33:07
2023-04-13 02:21:28,486 - __main__ - INFO - [INFO] 2023-04-13 02:21:28.486775 Epoch [71/100] batch [257/391] loss 0.2864 lr 0.02061073738537637 acc 89.84% eta 0:32:47
2023-04-13 02:21:54,369 - __main__ - INFO - [INFO] 2023-04-13 02:21:54.369153 Epoch [71/100] batch [385/391] loss 0.2781 lr 0.02061073738537637 acc 94.53% eta 0:32:27
2023-04-13 02:21:55,566 - __main__ - INFO - Computing epoch 71 validation accuracy...
2023-04-13 02:22:00,542 - __main__ - INFO - Computing epoch 71 validation loss...
2023-04-13 02:22:05,861 - __main__ - INFO - [INFO] 2023-04-13 02:22:05.861452 Epoch [72/100] batch [1/391] loss 0.4490 lr 0.01935464731735119 acc 88.28% eta 0:32:49
2023-04-13 02:22:31,843 - __main__ - INFO - [INFO] 2023-04-13 02:22:31.843707 Epoch [72/100] batch [129/391] loss 0.3083 lr 0.01935464731735119 acc 92.19% eta 0:32:14
2023-04-13 02:22:57,553 - __main__ - INFO - [INFO] 2023-04-13 02:22:57.552855 Epoch [72/100] batch [257/391] loss 0.2258 lr 0.01935464731735119 acc 95.31% eta 0:31:42
2023-04-13 02:23:23,281 - __main__ - INFO - [INFO] 2023-04-13 02:23:23.281277 Epoch [72/100] batch [385/391] loss 0.2295 lr 0.01935464731735119 acc 92.97% eta 0:31:17
2023-04-13 02:23:24,458 - __main__ - INFO - Computing epoch 72 validation accuracy...
2023-04-13 02:23:29,463 - __main__ - INFO - Computing epoch 72 validation loss...
2023-04-13 02:23:34,900 - __main__ - INFO - [INFO] 2023-04-13 02:23:34.900514 Epoch [73/100] batch [1/391] loss 0.4648 lr 0.018128800512565532 acc 92.97% eta 0:35:18
2023-04-13 02:24:00,903 - __main__ - INFO - [INFO] 2023-04-13 02:24:00.903190 Epoch [73/100] batch [129/391] loss 0.1971 lr 0.018128800512565532 acc 91.41% eta 0:31:08
2023-04-13 02:24:26,762 - __main__ - INFO - [INFO] 2023-04-13 02:24:26.762411 Epoch [73/100] batch [257/391] loss 0.2778 lr 0.018128800512565532 acc 92.97% eta 0:30:40
2023-04-13 02:24:52,945 - __main__ - INFO - [INFO] 2023-04-13 02:24:52.945682 Epoch [73/100] batch [385/391] loss 0.2961 lr 0.018128800512565532 acc 92.19% eta 0:30:24
2023-04-13 02:24:54,173 - __main__ - INFO - Computing epoch 73 validation accuracy...
2023-04-13 02:24:59,189 - __main__ - INFO - Computing epoch 73 validation loss...
2023-04-13 02:25:04,563 - __main__ - INFO - [INFO] 2023-04-13 02:25:04.562849 Epoch [74/100] batch [1/391] loss 0.2385 lr 0.016934406733817433 acc 90.62% eta 0:35:07
2023-04-13 02:25:30,423 - __main__ - INFO - [INFO] 2023-04-13 02:25:30.423022 Epoch [74/100] batch [129/391] loss 0.2450 lr 0.016934406733817433 acc 92.19% eta 0:29:53
2023-04-13 02:25:56,571 - __main__ - INFO - [INFO] 2023-04-13 02:25:56.571408 Epoch [74/100] batch [257/391] loss 0.2554 lr 0.016934406733817433 acc 96.09% eta 0:29:39
2023-04-13 02:26:22,622 - __main__ - INFO - [INFO] 2023-04-13 02:26:22.622400 Epoch [74/100] batch [385/391] loss 0.3989 lr 0.016934406733817433 acc 94.53% eta 0:29:17
2023-04-13 02:26:23,822 - __main__ - INFO - Computing epoch 74 validation accuracy...
2023-04-13 02:26:28,878 - __main__ - INFO - Computing epoch 74 validation loss...
2023-04-13 02:26:34,345 - __main__ - INFO - [INFO] 2023-04-13 02:26:34.345481 Epoch [75/100] batch [1/391] loss 0.5317 lr 0.01577264470356558 acc 92.97% eta 0:34:01
2023-04-13 02:27:00,450 - __main__ - INFO - [INFO] 2023-04-13 02:27:00.450189 Epoch [75/100] batch [129/391] loss 0.3132 lr 0.01577264470356558 acc 93.75% eta 0:29:05
2023-04-13 02:27:26,383 - __main__ - INFO - [INFO] 2023-04-13 02:27:26.383254 Epoch [75/100] batch [257/391] loss 0.3159 lr 0.01577264470356558 acc 89.84% eta 0:28:33
2023-04-13 02:27:52,329 - __main__ - INFO - [INFO] 2023-04-13 02:27:52.329148 Epoch [75/100] batch [385/391] loss 0.2463 lr 0.01577264470356558 acc 93.75% eta 0:28:09
2023-04-13 02:27:53,572 - __main__ - INFO - Computing epoch 75 validation accuracy...
2023-04-13 02:27:58,630 - __main__ - INFO - Computing epoch 75 validation loss...
2023-04-13 02:28:04,130 - __main__ - INFO - [INFO] 2023-04-13 02:28:04.130712 Epoch [76/100] batch [1/391] loss 0.5093 lr 0.014644660940672643 acc 92.19% eta 0:30:31
2023-04-13 02:28:30,388 - __main__ - INFO - [INFO] 2023-04-13 02:28:30.387981 Epoch [76/100] batch [129/391] loss 0.1458 lr 0.014644660940672643 acc 97.66% eta 0:28:03
2023-04-13 02:28:56,856 - __main__ - INFO - [INFO] 2023-04-13 02:28:56.856775 Epoch [76/100] batch [257/391] loss 0.2045 lr 0.014644660940672643 acc 92.97% eta 0:27:45
2023-04-13 02:29:23,088 - __main__ - INFO - [INFO] 2023-04-13 02:29:23.088655 Epoch [76/100] batch [385/391] loss 0.2301 lr 0.014644660940672643 acc 92.19% eta 0:27:20
2023-04-13 02:29:24,323 - __main__ - INFO - Computing epoch 76 validation accuracy...
2023-04-13 02:29:29,326 - __main__ - INFO - Computing epoch 76 validation loss...
2023-04-13 02:29:34,746 - __main__ - INFO - [INFO] 2023-04-13 02:29:34.745887 Epoch [77/100] batch [1/391] loss 0.2607 lr 0.013551568628929448 acc 92.97% eta 0:27:43
2023-04-13 02:30:01,107 - __main__ - INFO - [INFO] 2023-04-13 02:30:01.107003 Epoch [77/100] batch [129/391] loss 0.3054 lr 0.013551568628929448 acc 89.06% eta 0:26:59
2023-04-13 02:30:27,008 - __main__ - INFO - [INFO] 2023-04-13 02:30:27.008046 Epoch [77/100] batch [257/391] loss 0.1931 lr 0.013551568628929448 acc 91.41% eta 0:26:22
2023-04-13 02:30:52,990 - __main__ - INFO - [INFO] 2023-04-13 02:30:52.990166 Epoch [77/100] batch [385/391] loss 0.3174 lr 0.013551568628929448 acc 92.19% eta 0:25:57
2023-04-13 02:30:54,161 - __main__ - INFO - Computing epoch 77 validation accuracy...
2023-04-13 02:30:59,270 - __main__ - INFO - Computing epoch 77 validation loss...
2023-04-13 02:31:04,760 - __main__ - INFO - [INFO] 2023-04-13 02:31:04.760164 Epoch [78/100] batch [1/391] loss 0.2133 lr 0.012494446518477033 acc 93.75% eta 0:27:36
2023-04-13 02:31:30,848 - __main__ - INFO - [INFO] 2023-04-13 02:31:30.847861 Epoch [78/100] batch [129/391] loss 0.1836 lr 0.012494446518477033 acc 88.28% eta 0:25:36
2023-04-13 02:31:56,931 - __main__ - INFO - [INFO] 2023-04-13 02:31:56.930722 Epoch [78/100] batch [257/391] loss 0.2949 lr 0.012494446518477033 acc 93.75% eta 0:25:12
2023-04-13 02:32:23,009 - __main__ - INFO - [INFO] 2023-04-13 02:32:23.009775 Epoch [78/100] batch [385/391] loss 0.1407 lr 0.012494446518477033 acc 93.75% eta 0:24:50
2023-04-13 02:32:24,194 - __main__ - INFO - Computing epoch 78 validation accuracy...
2023-04-13 02:32:29,228 - __main__ - INFO - Computing epoch 78 validation loss...
2023-04-13 02:32:34,581 - __main__ - INFO - [INFO] 2023-04-13 02:32:34.581197 Epoch [79/100] batch [1/391] loss 0.2500 lr 0.011474337861210555 acc 92.97% eta 0:26:33
2023-04-13 02:33:00,852 - __main__ - INFO - [INFO] 2023-04-13 02:33:00.852677 Epoch [79/100] batch [129/391] loss 0.1791 lr 0.011474337861210555 acc 94.53% eta 0:24:37
2023-04-13 02:33:27,001 - __main__ - INFO - [INFO] 2023-04-13 02:33:27.001639 Epoch [79/100] batch [257/391] loss 0.2380 lr 0.011474337861210555 acc 92.97% eta 0:24:11
2023-04-13 02:33:52,792 - __main__ - INFO - [INFO] 2023-04-13 02:33:52.791825 Epoch [79/100] batch [385/391] loss 0.2317 lr 0.011474337861210555 acc 94.53% eta 0:23:40
2023-04-13 02:33:53,966 - __main__ - INFO - Computing epoch 79 validation accuracy...
2023-04-13 02:33:58,885 - __main__ - INFO - Computing epoch 79 validation loss...
2023-04-13 02:34:04,192 - __main__ - INFO - [INFO] 2023-04-13 02:34:04.192421 Epoch [80/100] batch [1/391] loss 0.1172 lr 0.01049224938121549 acc 98.44% eta 0:23:38
2023-04-13 02:34:30,169 - __main__ - INFO - [INFO] 2023-04-13 02:34:30.169211 Epoch [80/100] batch [129/391] loss 0.2142 lr 0.01049224938121549 acc 93.75% eta 0:23:14
2023-04-13 02:34:55,909 - __main__ - INFO - [INFO] 2023-04-13 02:34:55.909152 Epoch [80/100] batch [257/391] loss 0.1960 lr 0.01049224938121549 acc 90.62% eta 0:22:45
2023-04-13 02:35:21,728 - __main__ - INFO - [INFO] 2023-04-13 02:35:21.727847 Epoch [80/100] batch [385/391] loss 0.1467 lr 0.01049224938121549 acc 96.09% eta 0:22:23
2023-04-13 02:35:22,890 - __main__ - INFO - Computing epoch 80 validation accuracy...
2023-04-13 02:35:27,926 - __main__ - INFO - Computing epoch 80 validation loss...
2023-04-13 02:35:33,325 - __main__ - INFO - [INFO] 2023-04-13 02:35:33.324893 Epoch [81/100] batch [1/391] loss 0.2688 lr 0.009549150281252642 acc 91.41% eta 0:23:43
2023-04-13 02:35:59,393 - __main__ - INFO - [INFO] 2023-04-13 02:35:59.392829 Epoch [81/100] batch [129/391] loss 0.1544 lr 0.009549150281252642 acc 91.41% eta 0:22:11
2023-04-13 02:36:25,309 - __main__ - INFO - [INFO] 2023-04-13 02:36:25.309429 Epoch [81/100] batch [257/391] loss 0.1211 lr 0.009549150281252642 acc 97.66% eta 0:21:45
2023-04-13 02:36:51,236 - __main__ - INFO - [INFO] 2023-04-13 02:36:51.236665 Epoch [81/100] batch [385/391] loss 0.2090 lr 0.009549150281252642 acc 96.09% eta 0:21:21
2023-04-13 02:36:52,404 - __main__ - INFO - Computing epoch 81 validation accuracy...
2023-04-13 02:36:57,446 - __main__ - INFO - Computing epoch 81 validation loss...
2023-04-13 02:37:02,892 - __main__ - INFO - [INFO] 2023-04-13 02:37:02.892529 Epoch [82/100] batch [1/391] loss 0.2800 lr 0.008645971286271922 acc 93.75% eta 0:22:40
2023-04-13 02:37:28,882 - __main__ - INFO - [INFO] 2023-04-13 02:37:28.881935 Epoch [82/100] batch [129/391] loss 0.2507 lr 0.008645971286271922 acc 94.53% eta 0:21:01
2023-04-13 02:37:54,684 - __main__ - INFO - [INFO] 2023-04-13 02:37:54.684754 Epoch [82/100] batch [257/391] loss 0.1174 lr 0.008645971286271922 acc 96.88% eta 0:20:33
2023-04-13 02:38:20,361 - __main__ - INFO - [INFO] 2023-04-13 02:38:20.361677 Epoch [82/100] batch [385/391] loss 0.1766 lr 0.008645971286271922 acc 93.75% eta 0:20:08
2023-04-13 02:38:21,541 - __main__ - INFO - Computing epoch 82 validation accuracy...
2023-04-13 02:38:26,553 - __main__ - INFO - Computing epoch 82 validation loss...
2023-04-13 02:38:31,945 - __main__ - INFO - [INFO] 2023-04-13 02:38:31.945602 Epoch [83/100] batch [1/391] loss 0.3921 lr 0.007783603724899264 acc 96.88% eta 0:20:17
2023-04-13 02:38:57,962 - __main__ - INFO - [INFO] 2023-04-13 02:38:57.962431 Epoch [83/100] batch [129/391] loss 0.2434 lr 0.007783603724899264 acc 96.88% eta 0:19:53
2023-04-13 02:39:23,901 - __main__ - INFO - [INFO] 2023-04-13 02:39:23.900838 Epoch [83/100] batch [257/391] loss 0.2878 lr 0.007783603724899264 acc 92.97% eta 0:19:28
2023-04-13 02:39:49,669 - __main__ - INFO - [INFO] 2023-04-13 02:39:49.669466 Epoch [83/100] batch [385/391] loss 0.1276 lr 0.007783603724899264 acc 96.88% eta 0:19:03
2023-04-13 02:39:50,850 - __main__ - INFO - Computing epoch 83 validation accuracy...
2023-04-13 02:39:55,910 - __main__ - INFO - Computing epoch 83 validation loss...
2023-04-13 02:40:01,356 - __main__ - INFO - [INFO] 2023-04-13 02:40:01.355849 Epoch [84/100] batch [1/391] loss 0.2666 lr 0.006962898649802819 acc 93.75% eta 0:19:31
2023-04-13 02:40:27,195 - __main__ - INFO - [INFO] 2023-04-13 02:40:27.195774 Epoch [84/100] batch [129/391] loss 0.2347 lr 0.006962898649802819 acc 91.41% eta 0:18:38
2023-04-13 02:40:52,970 - __main__ - INFO - [INFO] 2023-04-13 02:40:52.970044 Epoch [84/100] batch [257/391] loss 0.1664 lr 0.006962898649802819 acc 96.88% eta 0:18:14
2023-04-13 02:41:18,671 - __main__ - INFO - [INFO] 2023-04-13 02:41:18.671086 Epoch [84/100] batch [385/391] loss 0.1979 lr 0.006962898649802819 acc 92.19% eta 0:17:50
2023-04-13 02:41:19,934 - __main__ - INFO - Computing epoch 84 validation accuracy...
2023-04-13 02:41:25,084 - __main__ - INFO - Computing epoch 84 validation loss...
2023-04-13 02:41:30,593 - __main__ - INFO - [INFO] 2023-04-13 02:41:30.593110 Epoch [85/100] batch [1/391] loss 0.3010 lr 0.0061846659978068265 acc 97.66% eta 0:19:08
2023-04-13 02:41:56,844 - __main__ - INFO - [INFO] 2023-04-13 02:41:56.843986 Epoch [85/100] batch [129/391] loss 0.0978 lr 0.0061846659978068265 acc 96.88% eta 0:17:48
2023-04-13 02:42:22,605 - __main__ - INFO - [INFO] 2023-04-13 02:42:22.604798 Epoch [85/100] batch [257/391] loss 0.1372 lr 0.0061846659978068265 acc 94.53% eta 0:17:15
2023-04-13 02:42:48,440 - __main__ - INFO - [INFO] 2023-04-13 02:42:48.440430 Epoch [85/100] batch [385/391] loss 0.1656 lr 0.0061846659978068265 acc 95.31% eta 0:16:51
2023-04-13 02:42:49,640 - __main__ - INFO - Computing epoch 85 validation accuracy...
2023-04-13 02:42:54,734 - __main__ - INFO - Computing epoch 85 validation loss...
2023-04-13 02:43:00,290 - __main__ - INFO - [INFO] 2023-04-13 02:43:00.289897 Epoch [86/100] batch [1/391] loss 0.1107 lr 0.005449673790581615 acc 96.88% eta 0:17:11
2023-04-13 02:43:26,367 - __main__ - INFO - [INFO] 2023-04-13 02:43:26.366903 Epoch [86/100] batch [129/391] loss 0.1465 lr 0.005449673790581615 acc 95.31% eta 0:16:33
2023-04-13 02:43:52,236 - __main__ - INFO - [INFO] 2023-04-13 02:43:52.236811 Epoch [86/100] batch [257/391] loss 0.1178 lr 0.005449673790581615 acc 96.88% eta 0:16:07
2023-04-13 02:44:18,123 - __main__ - INFO - [INFO] 2023-04-13 02:44:18.123213 Epoch [86/100] batch [385/391] loss 0.1221 lr 0.005449673790581615 acc 97.66% eta 0:15:44
2023-04-13 02:44:19,300 - __main__ - INFO - Computing epoch 86 validation accuracy...
2023-04-13 02:44:24,348 - __main__ - INFO - Computing epoch 86 validation loss...
2023-04-13 02:44:29,841 - __main__ - INFO - [INFO] 2023-04-13 02:44:29.841589 Epoch [87/100] batch [1/391] loss 0.1043 lr 0.004758647376699036 acc 96.88% eta 0:16:09
2023-04-13 02:44:55,874 - __main__ - INFO - [INFO] 2023-04-13 02:44:55.874114 Epoch [87/100] batch [129/391] loss 0.1249 lr 0.004758647376699036 acc 98.44% eta 0:15:24
2023-04-13 02:45:21,784 - __main__ - INFO - [INFO] 2023-04-13 02:45:21.783934 Epoch [87/100] batch [257/391] loss 0.0723 lr 0.004758647376699036 acc 98.44% eta 0:15:00
2023-04-13 02:45:47,622 - __main__ - INFO - [INFO] 2023-04-13 02:45:47.622509 Epoch [87/100] batch [385/391] loss 0.1429 lr 0.004758647376699036 acc 96.88% eta 0:14:36
2023-04-13 02:45:48,803 - __main__ - INFO - Computing epoch 87 validation accuracy...
2023-04-13 02:45:53,841 - __main__ - INFO - Computing epoch 87 validation loss...
2023-04-13 02:45:59,138 - __main__ - INFO - [INFO] 2023-04-13 02:45:59.138730 Epoch [88/100] batch [1/391] loss 0.1445 lr 0.004112268715800957 acc 96.09% eta 0:14:50
2023-04-13 02:46:24,939 - __main__ - INFO - [INFO] 2023-04-13 02:46:24.939454 Epoch [88/100] batch [129/391] loss 0.1136 lr 0.004112268715800957 acc 98.44% eta 0:14:08
2023-04-13 02:46:50,634 - __main__ - INFO - [INFO] 2023-04-13 02:46:50.633979 Epoch [88/100] batch [257/391] loss 0.1071 lr 0.004112268715800957 acc 95.31% eta 0:13:45
2023-04-13 02:47:16,371 - __main__ - INFO - [INFO] 2023-04-13 02:47:16.371170 Epoch [88/100] batch [385/391] loss 0.1586 lr 0.004112268715800957 acc 95.31% eta 0:13:23
2023-04-13 02:47:17,606 - __main__ - INFO - Computing epoch 88 validation accuracy...
2023-04-13 02:47:22,681 - __main__ - INFO - Computing epoch 88 validation loss...
2023-04-13 02:47:28,097 - __main__ - INFO - [INFO] 2023-04-13 02:47:28.096965 Epoch [89/100] batch [1/391] loss 0.1039 lr 0.003511175705587435 acc 99.22% eta 0:14:24
2023-04-13 02:47:53,889 - __main__ - INFO - [INFO] 2023-04-13 02:47:53.889122 Epoch [89/100] batch [129/391] loss 0.0515 lr 0.003511175705587435 acc 99.22% eta 0:13:02
2023-04-13 02:48:19,637 - __main__ - INFO - [INFO] 2023-04-13 02:48:19.637538 Epoch [89/100] batch [257/391] loss 0.1851 lr 0.003511175705587435 acc 95.31% eta 0:12:39
2023-04-13 02:48:45,270 - __main__ - INFO - [INFO] 2023-04-13 02:48:45.270732 Epoch [89/100] batch [385/391] loss 0.1098 lr 0.003511175705587435 acc 96.88% eta 0:12:15
2023-04-13 02:48:46,425 - __main__ - INFO - Computing epoch 89 validation accuracy...
2023-04-13 02:48:51,493 - __main__ - INFO - Computing epoch 89 validation loss...
2023-04-13 02:48:56,999 - __main__ - INFO - [INFO] 2023-04-13 02:48:56.999682 Epoch [90/100] batch [1/391] loss 0.3955 lr 0.0029559615522887295 acc 93.75% eta 0:13:52
2023-04-13 02:49:22,803 - __main__ - INFO - [INFO] 2023-04-13 02:49:22.803140 Epoch [90/100] batch [129/391] loss 0.0410 lr 0.0029559615522887295 acc 99.22% eta 0:11:56
2023-04-13 02:49:48,635 - __main__ - INFO - [INFO] 2023-04-13 02:49:48.635223 Epoch [90/100] batch [257/391] loss 0.0986 lr 0.0029559615522887295 acc 96.88% eta 0:11:34
2023-04-13 02:50:14,457 - __main__ - INFO - [INFO] 2023-04-13 02:50:14.457520 Epoch [90/100] batch [385/391] loss 0.0960 lr 0.0029559615522887295 acc 97.66% eta 0:11:12
2023-04-13 02:50:15,612 - __main__ - INFO - Computing epoch 90 validation accuracy...
2023-04-13 02:50:20,530 - __main__ - INFO - Computing epoch 90 validation loss...
2023-04-13 02:50:25,929 - __main__ - INFO - [INFO] 2023-04-13 02:50:25.929116 Epoch [91/100] batch [1/391] loss 0.0656 lr 0.0024471741852423253 acc 99.22% eta 0:11:29
2023-04-13 02:50:51,836 - __main__ - INFO - [INFO] 2023-04-13 02:50:51.836212 Epoch [91/100] batch [129/391] loss 0.1504 lr 0.0024471741852423253 acc 96.88% eta 0:10:51
2023-04-13 02:51:17,540 - __main__ - INFO - [INFO] 2023-04-13 02:51:17.539832 Epoch [91/100] batch [257/391] loss 0.1293 lr 0.0024471741852423253 acc 96.09% eta 0:10:26
2023-04-13 02:51:43,345 - __main__ - INFO - [INFO] 2023-04-13 02:51:43.345562 Epoch [91/100] batch [385/391] loss 0.1243 lr 0.0024471741852423253 acc 97.66% eta 0:10:04
2023-04-13 02:51:44,534 - __main__ - INFO - Computing epoch 91 validation accuracy...
2023-04-13 02:51:49,592 - __main__ - INFO - Computing epoch 91 validation loss...
2023-04-13 02:51:54,945 - __main__ - INFO - [INFO] 2023-04-13 02:51:54.945621 Epoch [92/100] batch [1/391] loss 0.3950 lr 0.0019853157161528537 acc 96.88% eta 0:10:30
2023-04-13 02:52:20,865 - __main__ - INFO - [INFO] 2023-04-13 02:52:20.865059 Epoch [92/100] batch [129/391] loss 0.1320 lr 0.0019853157161528537 acc 96.88% eta 0:09:43
2023-04-13 02:52:46,903 - __main__ - INFO - [INFO] 2023-04-13 02:52:46.903693 Epoch [92/100] batch [257/391] loss 0.0597 lr 0.0019853157161528537 acc 98.44% eta 0:09:22
2023-04-13 02:53:12,650 - __main__ - INFO - [INFO] 2023-04-13 02:53:12.650571 Epoch [92/100] batch [385/391] loss 0.0845 lr 0.0019853157161528537 acc 98.44% eta 0:08:58
2023-04-13 02:53:13,814 - __main__ - INFO - Computing epoch 92 validation accuracy...
2023-04-13 02:53:18,849 - __main__ - INFO - Computing epoch 92 validation loss...
2023-04-13 02:53:24,245 - __main__ - INFO - [INFO] 2023-04-13 02:53:24.244947 Epoch [93/100] batch [1/391] loss 0.0796 lr 0.0015708419435684529 acc 98.44% eta 0:09:16
2023-04-13 02:53:50,026 - __main__ - INFO - [INFO] 2023-04-13 02:53:50.026621 Epoch [93/100] batch [129/391] loss 0.0971 lr 0.0015708419435684529 acc 96.09% eta 0:08:34
2023-04-13 02:54:15,637 - __main__ - INFO - [INFO] 2023-04-13 02:54:15.637705 Epoch [93/100] batch [257/391] loss 0.0503 lr 0.0015708419435684529 acc 97.66% eta 0:08:10
2023-04-13 02:54:41,664 - __main__ - INFO - [INFO] 2023-04-13 02:54:41.664502 Epoch [93/100] batch [385/391] loss 0.0611 lr 0.0015708419435684529 acc 99.22% eta 0:07:50
2023-04-13 02:54:42,863 - __main__ - INFO - Computing epoch 93 validation accuracy...
2023-04-13 02:54:47,882 - __main__ - INFO - Computing epoch 93 validation loss...
2023-04-13 02:54:53,255 - __main__ - INFO - [INFO] 2023-04-13 02:54:53.255208 Epoch [94/100] batch [1/391] loss 0.0822 lr 0.0012041619030626347 acc 98.44% eta 0:08:23
2023-04-13 02:55:19,163 - __main__ - INFO - [INFO] 2023-04-13 02:55:19.163530 Epoch [94/100] batch [129/391] loss 0.0595 lr 0.0012041619030626347 acc 98.44% eta 0:07:29
2023-04-13 02:55:45,087 - __main__ - INFO - [INFO] 2023-04-13 02:55:45.087615 Epoch [94/100] batch [257/391] loss 0.0782 lr 0.0012041619030626347 acc 96.88% eta 0:07:07
2023-04-13 02:56:10,749 - __main__ - INFO - [INFO] 2023-04-13 02:56:10.749668 Epoch [94/100] batch [385/391] loss 0.0952 lr 0.0012041619030626347 acc 98.44% eta 0:06:43
2023-04-13 02:56:11,933 - __main__ - INFO - Computing epoch 94 validation accuracy...
2023-04-13 02:56:16,881 - __main__ - INFO - Computing epoch 94 validation loss...
2023-04-13 02:56:22,359 - __main__ - INFO - [INFO] 2023-04-13 02:56:22.359316 Epoch [95/100] batch [1/391] loss 0.1068 lr 0.0008856374635655646 acc 96.09% eta 0:07:25
2023-04-13 02:56:48,281 - __main__ - INFO - [INFO] 2023-04-13 02:56:48.281128 Epoch [95/100] batch [129/391] loss 0.0631 lr 0.0008856374635655646 acc 98.44% eta 0:06:21
2023-04-13 02:57:14,165 - __main__ - INFO - [INFO] 2023-04-13 02:57:14.165094 Epoch [95/100] batch [257/391] loss 0.0422 lr 0.0008856374635655646 acc 99.22% eta 0:05:59
2023-04-13 02:57:40,031 - __main__ - INFO - [INFO] 2023-04-13 02:57:40.031624 Epoch [95/100] batch [385/391] loss 0.0306 lr 0.0008856374635655646 acc 99.22% eta 0:05:37
2023-04-13 02:57:41,269 - __main__ - INFO - Computing epoch 95 validation accuracy...
2023-04-13 02:57:46,429 - __main__ - INFO - Computing epoch 95 validation loss...
2023-04-13 02:57:51,980 - __main__ - INFO - [INFO] 2023-04-13 02:57:51.980736 Epoch [96/100] batch [1/391] loss 0.0460 lr 0.0006155829702431174 acc 98.44% eta 0:06:39
2023-04-13 02:58:18,028 - __main__ - INFO - [INFO] 2023-04-13 02:58:18.028334 Epoch [96/100] batch [129/391] loss 0.1082 lr 0.0006155829702431174 acc 97.66% eta 0:05:16
2023-04-13 02:58:43,922 - __main__ - INFO - [INFO] 2023-04-13 02:58:43.922402 Epoch [96/100] batch [257/391] loss 0.0449 lr 0.0006155829702431174 acc 100.00% eta 0:04:52
2023-04-13 02:59:09,659 - __main__ - INFO - [INFO] 2023-04-13 02:59:09.659721 Epoch [96/100] batch [385/391] loss 0.1085 lr 0.0006155829702431174 acc 97.66% eta 0:04:30
2023-04-13 02:59:10,859 - __main__ - INFO - Computing epoch 96 validation accuracy...
2023-04-13 02:59:15,846 - __main__ - INFO - Computing epoch 96 validation loss...
2023-04-13 02:59:21,194 - __main__ - INFO - [INFO] 2023-04-13 02:59:21.193883 Epoch [97/100] batch [1/391] loss 0.0922 lr 0.00039426493427611206 acc 96.88% eta 0:04:42
2023-04-13 02:59:47,071 - __main__ - INFO - [INFO] 2023-04-13 02:59:47.071183 Epoch [97/100] batch [129/391] loss 0.0331 lr 0.00039426493427611206 acc 100.00% eta 0:04:06
2023-04-13 03:00:13,022 - __main__ - INFO - [INFO] 2023-04-13 03:00:13.022728 Epoch [97/100] batch [257/391] loss 0.0560 lr 0.00039426493427611206 acc 99.22% eta 0:03:44
2023-04-13 03:00:38,916 - __main__ - INFO - [INFO] 2023-04-13 03:00:38.916529 Epoch [97/100] batch [385/391] loss 0.1021 lr 0.00039426493427611206 acc 96.09% eta 0:03:22
2023-04-13 03:00:40,131 - __main__ - INFO - Computing epoch 97 validation accuracy...
2023-04-13 03:00:45,145 - __main__ - INFO - Computing epoch 97 validation loss...
2023-04-13 03:00:50,503 - __main__ - INFO - [INFO] 2023-04-13 03:00:50.502979 Epoch [98/100] batch [1/391] loss 0.0695 lr 0.00022190176984600036 acc 98.44% eta 0:03:38
2023-04-13 03:01:16,316 - __main__ - INFO - [INFO] 2023-04-13 03:01:16.316097 Epoch [98/100] batch [129/391] loss 0.0515 lr 0.00022190176984600036 acc 98.44% eta 0:02:58
2023-04-13 03:01:42,271 - __main__ - INFO - [INFO] 2023-04-13 03:01:42.271071 Epoch [98/100] batch [257/391] loss 0.0328 lr 0.00022190176984600036 acc 100.00% eta 0:02:37
2023-04-13 03:02:07,870 - __main__ - INFO - [INFO] 2023-04-13 03:02:07.869767 Epoch [98/100] batch [385/391] loss 0.0834 lr 0.00022190176984600036 acc 97.66% eta 0:02:14
2023-04-13 03:02:09,060 - __main__ - INFO - Computing epoch 98 validation accuracy...
2023-04-13 03:02:14,013 - __main__ - INFO - Computing epoch 98 validation loss...
2023-04-13 03:02:19,363 - __main__ - INFO - [INFO] 2023-04-13 03:02:19.363113 Epoch [99/100] batch [1/391] loss 0.0445 lr 9.866357858642213e-05 acc 98.44% eta 0:02:26
2023-04-13 03:02:45,277 - __main__ - INFO - [INFO] 2023-04-13 03:02:45.277173 Epoch [99/100] batch [129/391] loss 0.0390 lr 9.866357858642213e-05 acc 99.22% eta 0:01:52
2023-04-13 03:03:11,147 - __main__ - INFO - [INFO] 2023-04-13 03:03:11.147323 Epoch [99/100] batch [257/391] loss 0.0792 lr 9.866357858642213e-05 acc 97.66% eta 0:01:30
2023-04-13 03:03:37,049 - __main__ - INFO - [INFO] 2023-04-13 03:03:37.049582 Epoch [99/100] batch [385/391] loss 0.0829 lr 9.866357858642213e-05 acc 97.66% eta 0:01:08
2023-04-13 03:03:38,236 - __main__ - INFO - Computing epoch 99 validation accuracy...
2023-04-13 03:03:43,202 - __main__ - INFO - Computing epoch 99 validation loss...
2023-04-13 03:03:48,508 - __main__ - INFO - [INFO] 2023-04-13 03:03:48.508679 Epoch [100/100] batch [1/391] loss 0.3237 lr 2.4671981713420017e-05 acc 96.88% eta 0:01:10
2023-04-13 03:04:14,640 - __main__ - INFO - [INFO] 2023-04-13 03:04:14.640543 Epoch [100/100] batch [129/391] loss 0.0824 lr 2.4671981713420017e-05 acc 97.66% eta 0:00:45
2023-04-13 03:04:40,319 - __main__ - INFO - [INFO] 2023-04-13 03:04:40.318825 Epoch [100/100] batch [257/391] loss 0.0616 lr 2.4671981713420017e-05 acc 98.44% eta 0:00:23
2023-04-13 03:05:06,262 - __main__ - INFO - [INFO] 2023-04-13 03:05:06.262780 Epoch [100/100] batch [385/391] loss 0.0392 lr 2.4671981713420017e-05 acc 98.44% eta 0:00:01
2023-04-13 03:05:07,444 - __main__ - INFO - Computing epoch 100 validation accuracy...
2023-04-13 03:05:12,468 - __main__ - INFO - Computing epoch 100 validation loss...
2023-04-13 03:05:17,813 - __main__ - INFO - Reading testing data set cifar10
2023-04-13 03:05:18,538 - __main__ - INFO - Loading trained model...
2023-04-13 03:05:25,023 - __main__ - INFO - Testing acc : 92.83%.
