2023-04-07 11:33:07,515 - __main__ - INFO - 

2023-04-07 11:33:07,516 - __main__ - INFO - ***************
2023-04-07 11:33:07,516 - __main__ - INFO - ** Arguments **
2023-04-07 11:33:07,516 - __main__ - INFO - ***************
2023-04-07 11:33:07,516 - __main__ - INFO - backbone: resnet110
2023-04-07 11:33:07,516 - __main__ - INFO - dataname: cifar100
2023-04-07 11:33:07,516 - __main__ - INFO - drop_method: d
2023-04-07 11:33:07,516 - __main__ - INFO - drop_rate: 0.3
2023-04-07 11:33:07,516 - __main__ - INFO - eval_only: 0
2023-04-07 11:33:07,516 - __main__ - INFO - output_path: checkpoints/cifar100/resnet110/drop_d/rate_0.3/seed2
2023-04-07 11:33:07,516 - __main__ - INFO - part_rate: 0.1
2023-04-07 11:33:07,516 - __main__ - INFO - seed: 2
2023-04-07 11:33:07,516 - __main__ - INFO - weight_decay: 0.0005
2023-04-07 11:33:07,516 - __main__ - INFO - ************
2023-04-07 11:33:07,516 - __main__ - INFO - ** Config **
2023-04-07 11:33:07,516 - __main__ - INFO - ************
2023-04-07 11:33:07,517 - __main__ - INFO - {'DATALOADER': {'PATH': './data', 'DATANAME': 'cifar100', 'BATCH_SIZE': 128, 'NUM_CLASSES': 100}, 'INPUT': {'SIZE': [32, 32], 'PIXEL_MEAN': [0.4914, 0.4822, 0.4465], 'PIXEL_STD': [0.2023, 0.1994, 0.201]}, 'OUTPUT': {'DIR': 'checkpoints/cifar100/resnet110/drop_d/rate_0.3/seed2'}, 'SEED': 2, 'OPTIM': {'LR': 0.1, 'MAX_EPOCH': 100, 'LR_SCHEDULER': 'step', 'LR_MILESTONES': [20, 40, 80, 120, 140], 'LR_DECAY': 0.2, 'PART_RATE': 0.1, 'WEIGHT_DECAY': 0.0005, 'DROP_RATE': 0.3, 'DROP_METHOD': 'd', 'BLOCK_SIZE': 7}, 'MODEL': {'BACKBONE': 'resnet110'}}
2023-04-07 11:33:07,537 - __main__ - INFO - Reading training data set cifar100
2023-04-07 11:33:09,598 - __main__ - INFO - Loading raw model
2023-04-07 11:33:12,846 - __main__ - INFO - 
Saving everything to checkpoints/cifar100/resnet110/drop_d/rate_0.3/seed2
2023-04-07 11:33:12,846 - __main__ - INFO - Start training...
2023-04-07 11:33:17,922 - __main__ - INFO - [INFO] 2023-04-07 11:33:17.922270 Epoch [1/100] batch [1/391] loss 17.3906 lr 0.1 acc 0.00% eta 2 days, 6:44:29
2023-04-07 11:33:43,609 - __main__ - INFO - [INFO] 2023-04-07 11:33:43.609686 Epoch [1/100] batch [129/391] loss 4.6289 lr 0.1 acc 0.00% eta 2:15:05
2023-04-07 11:34:09,384 - __main__ - INFO - [INFO] 2023-04-07 11:34:09.384104 Epoch [1/100] batch [257/391] loss 4.6016 lr 0.1 acc 1.56% eta 2:02:34
2023-04-07 11:34:35,115 - __main__ - INFO - [INFO] 2023-04-07 11:34:35.115013 Epoch [1/100] batch [385/391] loss 4.5391 lr 0.1 acc 1.56% eta 1:58:07
2023-04-07 11:34:36,302 - __main__ - INFO - Computing epoch 1 validation accuracy...
2023-04-07 11:34:41,427 - __main__ - INFO - Computing epoch 1 validation loss...
2023-04-07 11:34:46,907 - __main__ - INFO - [INFO] 2023-04-07 11:34:46.907734 Epoch [2/100] batch [1/391] loss 4.5547 lr 0.09997532801828658 acc 0.78% eta 1:54:41
2023-04-07 11:35:12,997 - __main__ - INFO - [INFO] 2023-04-07 11:35:12.997103 Epoch [2/100] batch [129/391] loss 4.6211 lr 0.09997532801828658 acc 0.00% eta 1:50:56
2023-04-07 11:35:38,789 - __main__ - INFO - [INFO] 2023-04-07 11:35:38.789713 Epoch [2/100] batch [257/391] loss 4.6055 lr 0.09997532801828658 acc 0.78% eta 1:49:57
2023-04-07 11:36:04,454 - __main__ - INFO - [INFO] 2023-04-07 11:36:04.454400 Epoch [2/100] batch [385/391] loss 4.5820 lr 0.09997532801828658 acc 1.56% eta 1:49:13
2023-04-07 11:36:05,648 - __main__ - INFO - Computing epoch 2 validation accuracy...
2023-04-07 11:36:10,843 - __main__ - INFO - Computing epoch 2 validation loss...
2023-04-07 11:36:16,672 - __main__ - INFO - [INFO] 2023-04-07 11:36:16.672437 Epoch [3/100] batch [1/391] loss 4.4609 lr 0.09990133642141358 acc 2.34% eta 1:54:26
2023-04-07 11:36:42,609 - __main__ - INFO - [INFO] 2023-04-07 11:36:42.609810 Epoch [3/100] batch [129/391] loss 4.4141 lr 0.09990133642141358 acc 1.56% eta 1:49:20
2023-04-07 11:37:08,981 - __main__ - INFO - [INFO] 2023-04-07 11:37:08.981045 Epoch [3/100] batch [257/391] loss 4.3242 lr 0.09990133642141358 acc 5.47% eta 1:49:45
2023-04-07 11:37:34,957 - __main__ - INFO - [INFO] 2023-04-07 11:37:34.957099 Epoch [3/100] batch [385/391] loss 4.3164 lr 0.09990133642141358 acc 2.34% eta 1:49:06
2023-04-07 11:37:36,141 - __main__ - INFO - Computing epoch 3 validation accuracy...
2023-04-07 11:37:41,178 - __main__ - INFO - Computing epoch 3 validation loss...
2023-04-07 11:37:46,530 - __main__ - INFO - [INFO] 2023-04-07 11:37:46.530429 Epoch [4/100] batch [1/391] loss 4.1328 lr 0.099778098230154 acc 5.47% eta 1:52:52
2023-04-07 11:38:12,603 - __main__ - INFO - [INFO] 2023-04-07 11:38:12.603160 Epoch [4/100] batch [129/391] loss 4.1367 lr 0.099778098230154 acc 5.47% eta 1:48:31
2023-04-07 11:38:38,238 - __main__ - INFO - [INFO] 2023-04-07 11:38:38.237937 Epoch [4/100] batch [257/391] loss 4.1523 lr 0.099778098230154 acc 7.81% eta 1:47:19
2023-04-07 11:39:04,269 - __main__ - INFO - [INFO] 2023-04-07 11:39:04.269784 Epoch [4/100] batch [385/391] loss 3.9883 lr 0.099778098230154 acc 8.59% eta 1:47:13
2023-04-07 11:39:05,448 - __main__ - INFO - Computing epoch 4 validation accuracy...
2023-04-07 11:39:10,444 - __main__ - INFO - Computing epoch 4 validation loss...
2023-04-07 11:39:15,689 - __main__ - INFO - [INFO] 2023-04-07 11:39:15.689397 Epoch [5/100] batch [1/391] loss 3.9590 lr 0.0996057350657239 acc 7.03% eta 1:49:30
2023-04-07 11:39:41,323 - __main__ - INFO - [INFO] 2023-04-07 11:39:41.323153 Epoch [5/100] batch [129/391] loss 3.7227 lr 0.0996057350657239 acc 7.03% eta 1:45:52
2023-04-07 11:40:07,200 - __main__ - INFO - [INFO] 2023-04-07 11:40:07.200584 Epoch [5/100] batch [257/391] loss 3.6504 lr 0.0996057350657239 acc 11.72% eta 1:45:51
2023-04-07 11:40:33,250 - __main__ - INFO - [INFO] 2023-04-07 11:40:33.249919 Epoch [5/100] batch [385/391] loss 3.5625 lr 0.0996057350657239 acc 17.97% eta 1:45:52
2023-04-07 11:40:34,414 - __main__ - INFO - Computing epoch 5 validation accuracy...
2023-04-07 11:40:39,457 - __main__ - INFO - Computing epoch 5 validation loss...
2023-04-07 11:40:44,881 - __main__ - INFO - [INFO] 2023-04-07 11:40:44.880897 Epoch [6/100] batch [1/391] loss 3.4824 lr 0.09938441702975688 acc 20.31% eta 2:00:10
2023-04-07 11:41:10,869 - __main__ - INFO - [INFO] 2023-04-07 11:41:10.869275 Epoch [6/100] batch [129/391] loss 3.4258 lr 0.09938441702975688 acc 16.41% eta 1:46:06
2023-04-07 11:41:36,828 - __main__ - INFO - [INFO] 2023-04-07 11:41:36.828270 Epoch [6/100] batch [257/391] loss 3.5000 lr 0.09938441702975688 acc 11.72% eta 1:45:35
2023-04-07 11:42:03,045 - __main__ - INFO - [INFO] 2023-04-07 11:42:03.044791 Epoch [6/100] batch [385/391] loss 3.4121 lr 0.09938441702975688 acc 19.53% eta 1:45:35
2023-04-07 11:42:04,271 - __main__ - INFO - Computing epoch 6 validation accuracy...
2023-04-07 11:42:09,382 - __main__ - INFO - Computing epoch 6 validation loss...
2023-04-07 11:42:14,830 - __main__ - INFO - [INFO] 2023-04-07 11:42:14.830648 Epoch [7/100] batch [1/391] loss 3.1875 lr 0.09911436253643444 acc 21.09% eta 1:55:16
2023-04-07 11:42:41,167 - __main__ - INFO - [INFO] 2023-04-07 11:42:41.167380 Epoch [7/100] batch [129/391] loss 3.2070 lr 0.09911436253643444 acc 21.88% eta 1:46:56
2023-04-07 11:43:07,754 - __main__ - INFO - [INFO] 2023-04-07 11:43:07.754399 Epoch [7/100] batch [257/391] loss 3.3691 lr 0.09911436253643444 acc 17.19% eta 1:46:48
2023-04-07 11:43:34,492 - __main__ - INFO - [INFO] 2023-04-07 11:43:34.491958 Epoch [7/100] batch [385/391] loss 3.2754 lr 0.09911436253643444 acc 18.75% eta 1:46:46
2023-04-07 11:43:35,707 - __main__ - INFO - Computing epoch 7 validation accuracy...
2023-04-07 11:43:40,839 - __main__ - INFO - Computing epoch 7 validation loss...
2023-04-07 11:43:46,350 - __main__ - INFO - [INFO] 2023-04-07 11:43:46.349803 Epoch [8/100] batch [1/391] loss 2.9160 lr 0.09879583809693737 acc 25.78% eta 2:15:25
2023-04-07 11:44:12,427 - __main__ - INFO - [INFO] 2023-04-07 11:44:12.427003 Epoch [8/100] batch [129/391] loss 2.7109 lr 0.09879583809693737 acc 32.03% eta 1:44:37
2023-04-07 11:44:38,665 - __main__ - INFO - [INFO] 2023-04-07 11:44:38.665622 Epoch [8/100] batch [257/391] loss 3.0039 lr 0.09879583809693737 acc 25.78% eta 1:44:21
2023-04-07 11:45:04,695 - __main__ - INFO - [INFO] 2023-04-07 11:45:04.695638 Epoch [8/100] batch [385/391] loss 2.8203 lr 0.09879583809693737 acc 25.78% eta 1:43:48
2023-04-07 11:45:05,906 - __main__ - INFO - Computing epoch 8 validation accuracy...
2023-04-07 11:45:11,303 - __main__ - INFO - Computing epoch 8 validation loss...
2023-04-07 11:45:16,700 - __main__ - INFO - [INFO] 2023-04-07 11:45:16.700009 Epoch [9/100] batch [1/391] loss 2.8828 lr 0.09842915805643156 acc 19.53% eta 1:47:23
2023-04-07 11:45:42,634 - __main__ - INFO - [INFO] 2023-04-07 11:45:42.634696 Epoch [9/100] batch [129/391] loss 2.6387 lr 0.09842915805643156 acc 23.44% eta 1:42:41
2023-04-07 11:46:08,797 - __main__ - INFO - [INFO] 2023-04-07 11:46:08.797683 Epoch [9/100] batch [257/391] loss 2.6426 lr 0.09842915805643156 acc 35.16% eta 1:42:41
2023-04-07 11:46:35,001 - __main__ - INFO - [INFO] 2023-04-07 11:46:35.001505 Epoch [9/100] batch [385/391] loss 2.7773 lr 0.09842915805643156 acc 28.12% eta 1:42:26
2023-04-07 11:46:36,175 - __main__ - INFO - Computing epoch 9 validation accuracy...
2023-04-07 11:46:41,139 - __main__ - INFO - Computing epoch 9 validation loss...
2023-04-07 11:46:46,553 - __main__ - INFO - [INFO] 2023-04-07 11:46:46.553819 Epoch [10/100] batch [1/391] loss 2.4883 lr 0.09801468428384716 acc 37.50% eta 1:52:50
2023-04-07 11:47:12,695 - __main__ - INFO - [INFO] 2023-04-07 11:47:12.695397 Epoch [10/100] batch [129/391] loss 2.2832 lr 0.09801468428384716 acc 32.81% eta 1:42:18
2023-04-07 11:47:38,493 - __main__ - INFO - [INFO] 2023-04-07 11:47:38.493483 Epoch [10/100] batch [257/391] loss 2.7559 lr 0.09801468428384716 acc 35.16% eta 1:41:15
2023-04-07 11:48:05,074 - __main__ - INFO - [INFO] 2023-04-07 11:48:05.074349 Epoch [10/100] batch [385/391] loss 2.4258 lr 0.09801468428384716 acc 39.84% eta 1:41:38
2023-04-07 11:48:06,295 - __main__ - INFO - Computing epoch 10 validation accuracy...
2023-04-07 11:48:11,376 - __main__ - INFO - Computing epoch 10 validation loss...
2023-04-07 11:48:16,828 - __main__ - INFO - [INFO] 2023-04-07 11:48:16.828661 Epoch [11/100] batch [1/391] loss 2.4980 lr 0.09755282581475769 acc 39.06% eta 1:46:28
2023-04-07 11:48:42,741 - __main__ - INFO - [INFO] 2023-04-07 11:48:42.740891 Epoch [11/100] batch [129/391] loss 2.4570 lr 0.09755282581475769 acc 35.94% eta 1:40:15
2023-04-07 11:49:08,487 - __main__ - INFO - [INFO] 2023-04-07 11:49:08.486958 Epoch [11/100] batch [257/391] loss 2.8613 lr 0.09755282581475769 acc 31.25% eta 1:39:32
2023-04-07 11:49:34,760 - __main__ - INFO - [INFO] 2023-04-07 11:49:34.760743 Epoch [11/100] batch [385/391] loss 2.4414 lr 0.09755282581475769 acc 39.06% eta 1:39:48
2023-04-07 11:49:35,908 - __main__ - INFO - Computing epoch 11 validation accuracy...
2023-04-07 11:49:40,930 - __main__ - INFO - Computing epoch 11 validation loss...
2023-04-07 11:49:46,352 - __main__ - INFO - [INFO] 2023-04-07 11:49:46.352241 Epoch [12/100] batch [1/391] loss 2.2852 lr 0.09704403844771128 acc 42.19% eta 1:53:19
2023-04-07 11:50:12,188 - __main__ - INFO - [INFO] 2023-04-07 11:50:12.188727 Epoch [12/100] batch [129/391] loss 2.4277 lr 0.09704403844771128 acc 38.28% eta 1:39:07
2023-04-07 11:50:38,380 - __main__ - INFO - [INFO] 2023-04-07 11:50:38.380031 Epoch [12/100] batch [257/391] loss 2.2695 lr 0.09704403844771128 acc 44.53% eta 1:39:18
2023-04-07 11:51:04,394 - __main__ - INFO - [INFO] 2023-04-07 11:51:04.394412 Epoch [12/100] batch [385/391] loss 2.4336 lr 0.09704403844771128 acc 34.38% eta 1:38:51
2023-04-07 11:51:05,563 - __main__ - INFO - Computing epoch 12 validation accuracy...
2023-04-07 11:51:10,872 - __main__ - INFO - Computing epoch 12 validation loss...
2023-04-07 11:51:16,444 - __main__ - INFO - [INFO] 2023-04-07 11:51:16.444116 Epoch [13/100] batch [1/391] loss 2.3008 lr 0.09648882429441258 acc 50.00% eta 1:42:59
2023-04-07 11:51:42,871 - __main__ - INFO - [INFO] 2023-04-07 11:51:42.871237 Epoch [13/100] batch [129/391] loss 2.6016 lr 0.09648882429441258 acc 24.22% eta 1:39:40
2023-04-07 11:52:08,876 - __main__ - INFO - [INFO] 2023-04-07 11:52:08.876503 Epoch [13/100] batch [257/391] loss 2.1484 lr 0.09648882429441258 acc 40.62% eta 1:38:38
2023-04-07 11:52:34,937 - __main__ - INFO - [INFO] 2023-04-07 11:52:34.937285 Epoch [13/100] batch [385/391] loss 2.4746 lr 0.09648882429441258 acc 31.25% eta 1:38:06
2023-04-07 11:52:36,105 - __main__ - INFO - Computing epoch 13 validation accuracy...
2023-04-07 11:52:41,257 - __main__ - INFO - Computing epoch 13 validation loss...
2023-04-07 11:52:46,786 - __main__ - INFO - [INFO] 2023-04-07 11:52:46.786721 Epoch [14/100] batch [1/391] loss 2.1543 lr 0.09588773128419906 acc 43.75% eta 1:41:01
2023-04-07 11:53:12,753 - __main__ - INFO - [INFO] 2023-04-07 11:53:12.752980 Epoch [14/100] batch [129/391] loss 2.2129 lr 0.09588773128419906 acc 33.59% eta 1:37:03
2023-04-07 11:53:39,443 - __main__ - INFO - [INFO] 2023-04-07 11:53:39.443601 Epoch [14/100] batch [257/391] loss 2.3945 lr 0.09588773128419906 acc 29.69% eta 1:37:59
2023-04-07 11:54:05,910 - __main__ - INFO - [INFO] 2023-04-07 11:54:05.910681 Epoch [14/100] batch [385/391] loss 2.1250 lr 0.09588773128419906 acc 38.28% eta 1:37:50
2023-04-07 11:54:07,086 - __main__ - INFO - Computing epoch 14 validation accuracy...
2023-04-07 11:54:12,220 - __main__ - INFO - Computing epoch 14 validation loss...
2023-04-07 11:54:17,737 - __main__ - INFO - [INFO] 2023-04-07 11:54:17.737413 Epoch [15/100] batch [1/391] loss 2.0898 lr 0.09524135262330098 acc 46.88% eta 1:40:51
2023-04-07 11:54:43,943 - __main__ - INFO - [INFO] 2023-04-07 11:54:43.943765 Epoch [15/100] batch [129/391] loss 2.1562 lr 0.09524135262330098 acc 39.06% eta 1:36:50
2023-04-07 11:55:10,736 - __main__ - INFO - [INFO] 2023-04-07 11:55:10.735955 Epoch [15/100] batch [257/391] loss 1.9111 lr 0.09524135262330098 acc 45.31% eta 1:37:39
2023-04-07 11:55:37,494 - __main__ - INFO - [INFO] 2023-04-07 11:55:37.494079 Epoch [15/100] batch [385/391] loss 2.2695 lr 0.09524135262330098 acc 29.69% eta 1:37:30
2023-04-07 11:55:38,712 - __main__ - INFO - Computing epoch 15 validation accuracy...
2023-04-07 11:55:43,756 - __main__ - INFO - Computing epoch 15 validation loss...
2023-04-07 11:55:49,255 - __main__ - INFO - [INFO] 2023-04-07 11:55:49.255043 Epoch [16/100] batch [1/391] loss 1.9961 lr 0.0945503262094184 acc 34.38% eta 1:39:09
2023-04-07 11:56:16,181 - __main__ - INFO - [INFO] 2023-04-07 11:56:16.181261 Epoch [16/100] batch [129/391] loss 2.1738 lr 0.0945503262094184 acc 32.81% eta 1:38:12
2023-04-07 11:56:42,861 - __main__ - INFO - [INFO] 2023-04-07 11:56:42.861012 Epoch [16/100] batch [257/391] loss 2.1094 lr 0.0945503262094184 acc 38.28% eta 1:37:18
2023-04-07 11:57:09,114 - __main__ - INFO - [INFO] 2023-04-07 11:57:09.114191 Epoch [16/100] batch [385/391] loss 1.8438 lr 0.0945503262094184 acc 42.19% eta 1:36:16
2023-04-07 11:57:10,285 - __main__ - INFO - Computing epoch 16 validation accuracy...
2023-04-07 11:57:15,304 - __main__ - INFO - Computing epoch 16 validation loss...
2023-04-07 11:57:21,153 - __main__ - INFO - [INFO] 2023-04-07 11:57:21.153485 Epoch [17/100] batch [1/391] loss 2.0352 lr 0.09381533400219319 acc 40.62% eta 1:47:24
2023-04-07 11:57:47,210 - __main__ - INFO - [INFO] 2023-04-07 11:57:47.210660 Epoch [17/100] batch [129/391] loss 2.3047 lr 0.09381533400219319 acc 41.41% eta 1:34:06
2023-04-07 11:58:13,648 - __main__ - INFO - [INFO] 2023-04-07 11:58:13.648492 Epoch [17/100] batch [257/391] loss 2.0605 lr 0.09381533400219319 acc 39.84% eta 1:34:20
2023-04-07 11:58:40,086 - __main__ - INFO - [INFO] 2023-04-07 11:58:40.086032 Epoch [17/100] batch [385/391] loss 2.3066 lr 0.09381533400219319 acc 35.16% eta 1:34:09
2023-04-07 11:58:41,285 - __main__ - INFO - Computing epoch 17 validation accuracy...
2023-04-07 11:58:46,623 - __main__ - INFO - Computing epoch 17 validation loss...
2023-04-07 11:58:52,129 - __main__ - INFO - [INFO] 2023-04-07 11:58:52.128950 Epoch [18/100] batch [1/391] loss 2.1152 lr 0.0930371013501972 acc 36.72% eta 1:38:42
2023-04-07 11:59:17,897 - __main__ - INFO - [INFO] 2023-04-07 11:59:17.897273 Epoch [18/100] batch [129/391] loss 2.0430 lr 0.0930371013501972 acc 43.75% eta 1:31:57
2023-04-07 11:59:44,436 - __main__ - INFO - [INFO] 2023-04-07 11:59:44.436140 Epoch [18/100] batch [257/391] loss 2.1094 lr 0.0930371013501972 acc 35.16% eta 1:32:50
2023-04-07 12:00:11,006 - __main__ - INFO - [INFO] 2023-04-07 12:00:11.006698 Epoch [18/100] batch [385/391] loss 2.1934 lr 0.0930371013501972 acc 34.38% eta 1:32:56
2023-04-07 12:00:12,197 - __main__ - INFO - Computing epoch 18 validation accuracy...
2023-04-07 12:00:17,263 - __main__ - INFO - Computing epoch 18 validation loss...
2023-04-07 12:00:22,715 - __main__ - INFO - [INFO] 2023-04-07 12:00:22.715662 Epoch [19/100] batch [1/391] loss 2.0859 lr 0.09221639627510078 acc 39.06% eta 1:37:28
2023-04-07 12:00:49,235 - __main__ - INFO - [INFO] 2023-04-07 12:00:49.235503 Epoch [19/100] batch [129/391] loss 2.0352 lr 0.09221639627510078 acc 45.31% eta 1:33:26
2023-04-07 12:01:16,174 - __main__ - INFO - [INFO] 2023-04-07 12:01:16.174412 Epoch [19/100] batch [257/391] loss 2.1250 lr 0.09221639627510078 acc 43.75% eta 1:33:51
2023-04-07 12:01:44,191 - __main__ - INFO - [INFO] 2023-04-07 12:01:44.191293 Epoch [19/100] batch [385/391] loss 2.0449 lr 0.09221639627510078 acc 50.78% eta 1:34:57
2023-04-07 12:01:45,425 - __main__ - INFO - Computing epoch 19 validation accuracy...
2023-04-07 12:01:50,925 - __main__ - INFO - Computing epoch 19 validation loss...
2023-04-07 12:01:56,770 - __main__ - INFO - [INFO] 2023-04-07 12:01:56.770115 Epoch [20/100] batch [1/391] loss 2.0723 lr 0.09135402871372812 acc 43.75% eta 1:46:56
2023-04-07 12:02:24,692 - __main__ - INFO - [INFO] 2023-04-07 12:02:24.692316 Epoch [20/100] batch [129/391] loss 2.1094 lr 0.09135402871372812 acc 39.84% eta 1:36:49
2023-04-07 12:02:51,490 - __main__ - INFO - [INFO] 2023-04-07 12:02:51.490393 Epoch [20/100] batch [257/391] loss 2.0781 lr 0.09135402871372812 acc 41.41% eta 1:34:38
2023-04-07 12:03:17,535 - __main__ - INFO - [INFO] 2023-04-07 12:03:17.535243 Epoch [20/100] batch [385/391] loss 2.1445 lr 0.09135402871372812 acc 46.09% eta 1:32:45
2023-04-07 12:03:18,742 - __main__ - INFO - Computing epoch 20 validation accuracy...
2023-04-07 12:03:23,959 - __main__ - INFO - Computing epoch 20 validation loss...
2023-04-07 12:03:29,427 - __main__ - INFO - [INFO] 2023-04-07 12:03:29.426953 Epoch [21/100] batch [1/391] loss 1.9277 lr 0.09045084971874741 acc 49.22% eta 1:36:03
2023-04-07 12:03:56,557 - __main__ - INFO - [INFO] 2023-04-07 12:03:56.556981 Epoch [21/100] batch [129/391] loss 1.8965 lr 0.09045084971874741 acc 53.91% eta 1:33:20
2023-04-07 12:04:23,401 - __main__ - INFO - [INFO] 2023-04-07 12:04:23.401279 Epoch [21/100] batch [257/391] loss 2.1055 lr 0.09045084971874741 acc 43.75% eta 1:32:24
2023-04-07 12:04:50,274 - __main__ - INFO - [INFO] 2023-04-07 12:04:50.274398 Epoch [21/100] batch [385/391] loss 2.0215 lr 0.09045084971874741 acc 43.75% eta 1:31:46
2023-04-07 12:04:51,587 - __main__ - INFO - Computing epoch 21 validation accuracy...
2023-04-07 12:04:57,267 - __main__ - INFO - Computing epoch 21 validation loss...
2023-04-07 12:05:02,851 - __main__ - INFO - [INFO] 2023-04-07 12:05:02.850920 Epoch [22/100] batch [1/391] loss 1.9658 lr 0.08950775061878455 acc 41.41% eta 1:44:54
2023-04-07 12:05:29,621 - __main__ - INFO - [INFO] 2023-04-07 12:05:29.621218 Epoch [22/100] batch [129/391] loss 2.2637 lr 0.08950775061878455 acc 36.72% eta 1:30:57
2023-04-07 12:05:56,003 - __main__ - INFO - [INFO] 2023-04-07 12:05:56.003211 Epoch [22/100] batch [257/391] loss 1.9590 lr 0.08950775061878455 acc 45.31% eta 1:29:47
2023-04-07 12:06:22,492 - __main__ - INFO - [INFO] 2023-04-07 12:06:22.492363 Epoch [22/100] batch [385/391] loss 1.6885 lr 0.08950775061878455 acc 58.59% eta 1:29:22
2023-04-07 12:06:23,923 - __main__ - INFO - Computing epoch 22 validation accuracy...
2023-04-07 12:06:29,166 - __main__ - INFO - Computing epoch 22 validation loss...
2023-04-07 12:06:34,662 - __main__ - INFO - [INFO] 2023-04-07 12:06:34.662359 Epoch [23/100] batch [1/391] loss 1.7168 lr 0.0885256621387895 acc 54.69% eta 1:37:57
2023-04-07 12:07:01,890 - __main__ - INFO - [INFO] 2023-04-07 12:07:01.890601 Epoch [23/100] batch [129/391] loss 1.7812 lr 0.0885256621387895 acc 50.00% eta 1:31:30
2023-04-07 12:07:28,893 - __main__ - INFO - [INFO] 2023-04-07 12:07:28.892628 Epoch [23/100] batch [257/391] loss 2.0527 lr 0.0885256621387895 acc 47.66% eta 1:30:38
2023-04-07 12:07:56,142 - __main__ - INFO - [INFO] 2023-04-07 12:07:56.142189 Epoch [23/100] batch [385/391] loss 1.9131 lr 0.0885256621387895 acc 45.31% eta 1:30:20
2023-04-07 12:07:57,335 - __main__ - INFO - Computing epoch 23 validation accuracy...
2023-04-07 12:08:02,542 - __main__ - INFO - Computing epoch 23 validation loss...
2023-04-07 12:08:08,155 - __main__ - INFO - [INFO] 2023-04-07 12:08:08.155329 Epoch [24/100] batch [1/391] loss 1.9785 lr 0.08750555348152302 acc 50.00% eta 1:59:13
2023-04-07 12:08:35,859 - __main__ - INFO - [INFO] 2023-04-07 12:08:35.859099 Epoch [24/100] batch [129/391] loss 1.9697 lr 0.08750555348152302 acc 52.34% eta 1:31:54
2023-04-07 12:09:02,865 - __main__ - INFO - [INFO] 2023-04-07 12:09:02.864587 Epoch [24/100] batch [257/391] loss 1.7139 lr 0.08750555348152302 acc 50.00% eta 1:30:13
2023-04-07 12:09:30,252 - __main__ - INFO - [INFO] 2023-04-07 12:09:30.252750 Epoch [24/100] batch [385/391] loss 1.8193 lr 0.08750555348152302 acc 53.12% eta 1:29:53
2023-04-07 12:09:31,554 - __main__ - INFO - Computing epoch 24 validation accuracy...
2023-04-07 12:09:36,768 - __main__ - INFO - Computing epoch 24 validation loss...
2023-04-07 12:09:42,202 - __main__ - INFO - [INFO] 2023-04-07 12:09:42.202111 Epoch [25/100] batch [1/391] loss 1.9600 lr 0.08644843137107061 acc 42.19% eta 1:33:48
2023-04-07 12:10:08,803 - __main__ - INFO - [INFO] 2023-04-07 12:10:08.803675 Epoch [25/100] batch [129/391] loss 1.6338 lr 0.08644843137107061 acc 50.78% eta 1:27:06
2023-04-07 12:10:35,809 - __main__ - INFO - [INFO] 2023-04-07 12:10:35.809675 Epoch [25/100] batch [257/391] loss 1.7539 lr 0.08644843137107061 acc 59.38% eta 1:27:16
2023-04-07 12:11:02,485 - __main__ - INFO - [INFO] 2023-04-07 12:11:02.485456 Epoch [25/100] batch [385/391] loss 1.8301 lr 0.08644843137107061 acc 50.78% eta 1:26:44
2023-04-07 12:11:03,680 - __main__ - INFO - Computing epoch 25 validation accuracy...
2023-04-07 12:11:08,913 - __main__ - INFO - Computing epoch 25 validation loss...
2023-04-07 12:11:14,411 - __main__ - INFO - [INFO] 2023-04-07 12:11:14.411105 Epoch [26/100] batch [1/391] loss 2.0547 lr 0.0853553390593274 acc 39.84% eta 1:31:07
2023-04-07 12:11:41,373 - __main__ - INFO - [INFO] 2023-04-07 12:11:41.373535 Epoch [26/100] batch [129/391] loss 1.8398 lr 0.0853553390593274 acc 50.78% eta 1:27:07
2023-04-07 12:12:07,912 - __main__ - INFO - [INFO] 2023-04-07 12:12:07.911877 Epoch [26/100] batch [257/391] loss 2.0762 lr 0.0853553390593274 acc 49.22% eta 1:26:02
2023-04-07 12:12:35,145 - __main__ - INFO - [INFO] 2023-04-07 12:12:35.145634 Epoch [26/100] batch [385/391] loss 1.9473 lr 0.0853553390593274 acc 45.31% eta 1:26:05
2023-04-07 12:12:36,346 - __main__ - INFO - Computing epoch 26 validation accuracy...
2023-04-07 12:12:41,450 - __main__ - INFO - Computing epoch 26 validation loss...
2023-04-07 12:12:46,888 - __main__ - INFO - [INFO] 2023-04-07 12:12:46.888708 Epoch [27/100] batch [1/391] loss 1.7109 lr 0.08422735529643446 acc 54.69% eta 1:31:06
2023-04-07 12:13:13,115 - __main__ - INFO - [INFO] 2023-04-07 12:13:13.115395 Epoch [27/100] batch [129/391] loss 1.8828 lr 0.08422735529643446 acc 39.84% eta 1:23:26
2023-04-07 12:13:39,812 - __main__ - INFO - [INFO] 2023-04-07 12:13:39.812169 Epoch [27/100] batch [257/391] loss 1.7705 lr 0.08422735529643446 acc 42.97% eta 1:23:44
2023-04-07 12:14:06,536 - __main__ - INFO - [INFO] 2023-04-07 12:14:06.536645 Epoch [27/100] batch [385/391] loss 1.8535 lr 0.08422735529643446 acc 51.56% eta 1:23:43
2023-04-07 12:14:07,774 - __main__ - INFO - Computing epoch 27 validation accuracy...
2023-04-07 12:14:13,033 - __main__ - INFO - Computing epoch 27 validation loss...
2023-04-07 12:14:18,452 - __main__ - INFO - [INFO] 2023-04-07 12:14:18.452661 Epoch [28/100] batch [1/391] loss 1.8271 lr 0.08306559326618262 acc 52.34% eta 1:26:31
2023-04-07 12:14:45,332 - __main__ - INFO - [INFO] 2023-04-07 12:14:45.332051 Epoch [28/100] batch [129/391] loss 1.5859 lr 0.08306559326618262 acc 60.94% eta 1:24:33
2023-04-07 12:15:12,061 - __main__ - INFO - [INFO] 2023-04-07 12:15:12.061373 Epoch [28/100] batch [257/391] loss 2.0625 lr 0.08306559326618262 acc 44.53% eta 1:24:00
2023-04-07 12:15:38,544 - __main__ - INFO - [INFO] 2023-04-07 12:15:38.544462 Epoch [28/100] batch [385/391] loss 1.9463 lr 0.08306559326618262 acc 44.53% eta 1:23:17
2023-04-07 12:15:39,734 - __main__ - INFO - Computing epoch 28 validation accuracy...
2023-04-07 12:15:44,782 - __main__ - INFO - Computing epoch 28 validation loss...
2023-04-07 12:15:50,412 - __main__ - INFO - [INFO] 2023-04-07 12:15:50.412151 Epoch [29/100] batch [1/391] loss 1.4561 lr 0.08187119948743452 acc 59.38% eta 1:43:27
2023-04-07 12:16:17,272 - __main__ - INFO - [INFO] 2023-04-07 12:16:17.271913 Epoch [29/100] batch [129/391] loss 1.8486 lr 0.08187119948743452 acc 48.44% eta 1:23:29
2023-04-07 12:16:44,549 - __main__ - INFO - [INFO] 2023-04-07 12:16:44.549565 Epoch [29/100] batch [257/391] loss 1.7949 lr 0.08187119948743452 acc 51.56% eta 1:23:36
2023-04-07 12:17:11,755 - __main__ - INFO - [INFO] 2023-04-07 12:17:11.755227 Epoch [29/100] batch [385/391] loss 1.9395 lr 0.08187119948743452 acc 43.75% eta 1:23:19
2023-04-07 12:17:12,996 - __main__ - INFO - Computing epoch 29 validation accuracy...
2023-04-07 12:17:18,222 - __main__ - INFO - Computing epoch 29 validation loss...
2023-04-07 12:17:23,798 - __main__ - INFO - [INFO] 2023-04-07 12:17:23.798391 Epoch [30/100] batch [1/391] loss 1.6963 lr 0.08064535268264886 acc 52.34% eta 1:25:30
2023-04-07 12:17:50,703 - __main__ - INFO - [INFO] 2023-04-07 12:17:50.703157 Epoch [30/100] batch [129/391] loss 1.7217 lr 0.08064535268264886 acc 39.84% eta 1:22:10
2023-04-07 12:18:17,533 - __main__ - INFO - [INFO] 2023-04-07 12:18:17.533562 Epoch [30/100] batch [257/391] loss 1.6797 lr 0.08064535268264886 acc 50.78% eta 1:21:35
2023-04-07 12:18:44,455 - __main__ - INFO - [INFO] 2023-04-07 12:18:44.455633 Epoch [30/100] batch [385/391] loss 1.8867 lr 0.08064535268264886 acc 41.41% eta 1:21:21
2023-04-07 12:18:45,671 - __main__ - INFO - Computing epoch 30 validation accuracy...
2023-04-07 12:18:50,838 - __main__ - INFO - Computing epoch 30 validation loss...
2023-04-07 12:18:56,507 - __main__ - INFO - [INFO] 2023-04-07 12:18:56.506969 Epoch [31/100] batch [1/391] loss 1.5068 lr 0.0793892626146237 acc 57.03% eta 1:41:39
2023-04-07 12:19:23,167 - __main__ - INFO - [INFO] 2023-04-07 12:19:23.167683 Epoch [31/100] batch [129/391] loss 1.8164 lr 0.0793892626146237 acc 54.69% eta 1:20:32
2023-04-07 12:19:49,674 - __main__ - INFO - [INFO] 2023-04-07 12:19:49.674365 Epoch [31/100] batch [257/391] loss 1.6738 lr 0.0793892626146237 acc 49.22% eta 1:19:50
2023-04-07 12:20:16,801 - __main__ - INFO - [INFO] 2023-04-07 12:20:16.801633 Epoch [31/100] batch [385/391] loss 1.7002 lr 0.0793892626146237 acc 53.91% eta 1:19:57
2023-04-07 12:20:18,003 - __main__ - INFO - Computing epoch 31 validation accuracy...
2023-04-07 12:20:23,165 - __main__ - INFO - Computing epoch 31 validation loss...
2023-04-07 12:20:28,767 - __main__ - INFO - [INFO] 2023-04-07 12:20:28.766964 Epoch [32/100] batch [1/391] loss 1.7666 lr 0.07810416889260657 acc 45.31% eta 1:23:36
2023-04-07 12:20:56,450 - __main__ - INFO - [INFO] 2023-04-07 12:20:56.450752 Epoch [32/100] batch [129/391] loss 1.8809 lr 0.07810416889260657 acc 46.09% eta 1:21:51
2023-04-07 12:21:22,917 - __main__ - INFO - [INFO] 2023-04-07 12:21:22.917060 Epoch [32/100] batch [257/391] loss 1.8721 lr 0.07810416889260657 acc 50.00% eta 1:19:50
2023-04-07 12:21:50,225 - __main__ - INFO - [INFO] 2023-04-07 12:21:50.224950 Epoch [32/100] batch [385/391] loss 1.9053 lr 0.07810416889260657 acc 47.66% eta 1:19:45
2023-04-07 12:21:51,438 - __main__ - INFO - Computing epoch 32 validation accuracy...
2023-04-07 12:21:56,662 - __main__ - INFO - Computing epoch 32 validation loss...
2023-04-07 12:22:02,320 - __main__ - INFO - [INFO] 2023-04-07 12:22:02.320339 Epoch [33/100] batch [1/391] loss 1.6162 lr 0.07679133974894986 acc 50.00% eta 1:20:41
2023-04-07 12:22:29,176 - __main__ - INFO - [INFO] 2023-04-07 12:22:29.176083 Epoch [33/100] batch [129/391] loss 1.6807 lr 0.07679133974894986 acc 53.12% eta 1:18:35
2023-04-07 12:22:56,089 - __main__ - INFO - [INFO] 2023-04-07 12:22:56.089534 Epoch [33/100] batch [257/391] loss 1.8896 lr 0.07679133974894986 acc 42.97% eta 1:18:17
2023-04-07 12:23:23,059 - __main__ - INFO - [INFO] 2023-04-07 12:23:23.059572 Epoch [33/100] batch [385/391] loss 1.7031 lr 0.07679133974894986 acc 48.44% eta 1:18:00
2023-04-07 12:23:24,316 - __main__ - INFO - Computing epoch 33 validation accuracy...
2023-04-07 12:23:29,704 - __main__ - INFO - Computing epoch 33 validation loss...
2023-04-07 12:23:35,245 - __main__ - INFO - [INFO] 2023-04-07 12:23:35.245011 Epoch [34/100] batch [1/391] loss 1.5000 lr 0.0754520707875186 acc 57.81% eta 1:19:46
2023-04-07 12:24:01,770 - __main__ - INFO - [INFO] 2023-04-07 12:24:01.770412 Epoch [34/100] batch [129/391] loss 1.7012 lr 0.0754520707875186 acc 55.47% eta 1:16:34
2023-04-07 12:24:28,297 - __main__ - INFO - [INFO] 2023-04-07 12:24:28.297824 Epoch [34/100] batch [257/391] loss 1.7129 lr 0.0754520707875186 acc 52.34% eta 1:16:12
2023-04-07 12:24:54,759 - __main__ - INFO - [INFO] 2023-04-07 12:24:54.758814 Epoch [34/100] batch [385/391] loss 1.7900 lr 0.0754520707875186 acc 46.88% eta 1:15:39
2023-04-07 12:24:55,986 - __main__ - INFO - Computing epoch 34 validation accuracy...
2023-04-07 12:25:01,126 - __main__ - INFO - Computing epoch 34 validation loss...
2023-04-07 12:25:06,579 - __main__ - INFO - [INFO] 2023-04-07 12:25:06.579701 Epoch [35/100] batch [1/391] loss 1.4365 lr 0.0740876837050858 acc 57.03% eta 1:16:43
2023-04-07 12:25:33,211 - __main__ - INFO - [INFO] 2023-04-07 12:25:33.210832 Epoch [35/100] batch [129/391] loss 1.9121 lr 0.0740876837050858 acc 43.75% eta 1:15:26
2023-04-07 12:25:59,660 - __main__ - INFO - [INFO] 2023-04-07 12:25:59.660399 Epoch [35/100] batch [257/391] loss 1.6621 lr 0.0740876837050858 acc 54.69% eta 1:14:46
2023-04-07 12:26:25,663 - __main__ - INFO - [INFO] 2023-04-07 12:26:25.663079 Epoch [35/100] batch [385/391] loss 1.6523 lr 0.0740876837050858 acc 50.00% eta 1:13:53
2023-04-07 12:26:26,887 - __main__ - INFO - Computing epoch 35 validation accuracy...
2023-04-07 12:26:32,123 - __main__ - INFO - Computing epoch 35 validation loss...
2023-04-07 12:26:37,646 - __main__ - INFO - [INFO] 2023-04-07 12:26:37.646226 Epoch [36/100] batch [1/391] loss 1.5625 lr 0.07269952498697738 acc 50.00% eta 1:24:03
2023-04-07 12:27:04,043 - __main__ - INFO - [INFO] 2023-04-07 12:27:04.043004 Epoch [36/100] batch [129/391] loss 1.6689 lr 0.07269952498697738 acc 59.38% eta 1:13:38
2023-04-07 12:27:30,702 - __main__ - INFO - [INFO] 2023-04-07 12:27:30.702036 Epoch [36/100] batch [257/391] loss 1.3584 lr 0.07269952498697738 acc 58.59% eta 1:13:36
2023-04-07 12:27:56,997 - __main__ - INFO - [INFO] 2023-04-07 12:27:56.996965 Epoch [36/100] batch [385/391] loss 1.6660 lr 0.07269952498697738 acc 63.28% eta 1:12:59
2023-04-07 12:27:58,188 - __main__ - INFO - Computing epoch 36 validation accuracy...
2023-04-07 12:28:03,223 - __main__ - INFO - Computing epoch 36 validation loss...
2023-04-07 12:28:08,884 - __main__ - INFO - [INFO] 2023-04-07 12:28:08.883988 Epoch [37/100] batch [1/391] loss 1.4990 lr 0.07128896457825366 acc 47.66% eta 1:24:07
2023-04-07 12:28:35,219 - __main__ - INFO - [INFO] 2023-04-07 12:28:35.219065 Epoch [37/100] batch [129/391] loss 1.6357 lr 0.07128896457825366 acc 52.34% eta 1:12:23
2023-04-07 12:29:01,074 - __main__ - INFO - [INFO] 2023-04-07 12:29:01.074010 Epoch [37/100] batch [257/391] loss 1.6973 lr 0.07128896457825366 acc 46.09% eta 1:11:19
2023-04-07 12:29:27,346 - __main__ - INFO - [INFO] 2023-04-07 12:29:27.346647 Epoch [37/100] batch [385/391] loss 1.7051 lr 0.07128896457825366 acc 43.75% eta 1:11:04
2023-04-07 12:29:28,530 - __main__ - INFO - Computing epoch 37 validation accuracy...
2023-04-07 12:29:33,559 - __main__ - INFO - Computing epoch 37 validation loss...
2023-04-07 12:29:39,055 - __main__ - INFO - [INFO] 2023-04-07 12:29:39.055579 Epoch [38/100] batch [1/391] loss 1.6602 lr 0.06985739453173906 acc 57.81% eta 1:13:57
2023-04-07 12:30:05,848 - __main__ - INFO - [INFO] 2023-04-07 12:30:05.848069 Epoch [38/100] batch [129/391] loss 1.4561 lr 0.06985739453173906 acc 50.00% eta 1:12:19
2023-04-07 12:30:31,755 - __main__ - INFO - [INFO] 2023-04-07 12:30:31.755383 Epoch [38/100] batch [257/391] loss 1.4551 lr 0.06985739453173906 acc 59.38% eta 1:10:50
2023-04-07 12:30:57,923 - __main__ - INFO - [INFO] 2023-04-07 12:30:57.922998 Epoch [38/100] batch [385/391] loss 1.8887 lr 0.06985739453173906 acc 46.88% eta 1:10:17
2023-04-07 12:30:59,098 - __main__ - INFO - Computing epoch 38 validation accuracy...
2023-04-07 12:31:04,212 - __main__ - INFO - Computing epoch 38 validation loss...
2023-04-07 12:31:09,685 - __main__ - INFO - [INFO] 2023-04-07 12:31:09.685505 Epoch [39/100] batch [1/391] loss 1.5293 lr 0.06840622763423394 acc 57.81% eta 1:12:51
2023-04-07 12:31:36,530 - __main__ - INFO - [INFO] 2023-04-07 12:31:36.529856 Epoch [39/100] batch [129/391] loss 1.7090 lr 0.06840622763423394 acc 53.12% eta 1:11:21
2023-04-07 12:32:03,191 - __main__ - INFO - [INFO] 2023-04-07 12:32:03.190885 Epoch [39/100] batch [257/391] loss 1.5410 lr 0.06840622763423394 acc 51.56% eta 1:10:43
2023-04-07 12:32:29,376 - __main__ - INFO - [INFO] 2023-04-07 12:32:29.376469 Epoch [39/100] batch [385/391] loss 1.6143 lr 0.06840622763423394 acc 49.22% eta 1:09:52
2023-04-07 12:32:30,549 - __main__ - INFO - Computing epoch 39 validation accuracy...
2023-04-07 12:32:35,523 - __main__ - INFO - Computing epoch 39 validation loss...
2023-04-07 12:32:41,022 - __main__ - INFO - [INFO] 2023-04-07 12:32:41.022768 Epoch [40/100] batch [1/391] loss 1.7734 lr 0.06693689601226462 acc 53.12% eta 1:15:18
2023-04-07 12:33:07,145 - __main__ - INFO - [INFO] 2023-04-07 12:33:07.145059 Epoch [40/100] batch [129/391] loss 1.4922 lr 0.06693689601226462 acc 54.69% eta 1:08:28
2023-04-07 12:33:33,293 - __main__ - INFO - [INFO] 2023-04-07 12:33:33.292841 Epoch [40/100] batch [257/391] loss 1.4814 lr 0.06693689601226462 acc 63.28% eta 1:08:04
2023-04-07 12:33:59,335 - __main__ - INFO - [INFO] 2023-04-07 12:33:59.335378 Epoch [40/100] batch [385/391] loss 1.4639 lr 0.06693689601226462 acc 57.03% eta 1:07:37
2023-04-07 12:34:00,499 - __main__ - INFO - Computing epoch 40 validation accuracy...
2023-04-07 12:34:05,732 - __main__ - INFO - Computing epoch 40 validation loss...
2023-04-07 12:34:11,274 - __main__ - INFO - [INFO] 2023-04-07 12:34:11.274339 Epoch [41/100] batch [1/391] loss 1.6562 lr 0.06545084971874741 acc 46.88% eta 1:06:02
2023-04-07 12:34:37,454 - __main__ - INFO - [INFO] 2023-04-07 12:34:37.454640 Epoch [41/100] batch [129/391] loss 1.7520 lr 0.06545084971874741 acc 53.12% eta 1:07:23
2023-04-07 12:35:03,372 - __main__ - INFO - [INFO] 2023-04-07 12:35:03.371966 Epoch [41/100] batch [257/391] loss 1.4824 lr 0.06545084971874741 acc 60.16% eta 1:06:38
2023-04-07 12:35:29,275 - __main__ - INFO - [INFO] 2023-04-07 12:35:29.275806 Epoch [41/100] batch [385/391] loss 1.6260 lr 0.06545084971874741 acc 56.25% eta 1:06:11
2023-04-07 12:35:30,444 - __main__ - INFO - Computing epoch 41 validation accuracy...
2023-04-07 12:35:35,469 - __main__ - INFO - Computing epoch 41 validation loss...
2023-04-07 12:35:40,945 - __main__ - INFO - [INFO] 2023-04-07 12:35:40.945200 Epoch [42/100] batch [1/391] loss 1.5967 lr 0.06394955530196152 acc 57.81% eta 1:12:47
2023-04-07 12:36:06,974 - __main__ - INFO - [INFO] 2023-04-07 12:36:06.974625 Epoch [42/100] batch [129/391] loss 1.6260 lr 0.06394955530196152 acc 58.59% eta 1:05:58
2023-04-07 12:36:32,845 - __main__ - INFO - [INFO] 2023-04-07 12:36:32.845123 Epoch [42/100] batch [257/391] loss 1.7744 lr 0.06394955530196152 acc 51.56% eta 1:05:25
2023-04-07 12:36:59,215 - __main__ - INFO - [INFO] 2023-04-07 12:36:59.215751 Epoch [42/100] batch [385/391] loss 1.7490 lr 0.06394955530196152 acc 56.25% eta 1:05:23
2023-04-07 12:37:00,586 - __main__ - INFO - Computing epoch 42 validation accuracy...
2023-04-07 12:37:05,679 - __main__ - INFO - Computing epoch 42 validation loss...
2023-04-07 12:37:11,121 - __main__ - INFO - [INFO] 2023-04-07 12:37:11.121725 Epoch [43/100] batch [1/391] loss 1.3633 lr 0.062434494358242776 acc 64.84% eta 1:03:50
2023-04-07 12:37:36,836 - __main__ - INFO - [INFO] 2023-04-07 12:37:36.835978 Epoch [43/100] batch [129/391] loss 1.5635 lr 0.062434494358242776 acc 50.00% eta 1:04:03
2023-04-07 12:38:02,986 - __main__ - INFO - [INFO] 2023-04-07 12:38:02.986295 Epoch [43/100] batch [257/391] loss 1.6016 lr 0.062434494358242776 acc 58.59% eta 1:04:12
2023-04-07 12:38:28,666 - __main__ - INFO - [INFO] 2023-04-07 12:38:28.666134 Epoch [43/100] batch [385/391] loss 1.7139 lr 0.062434494358242776 acc 54.69% eta 1:03:37
2023-04-07 12:38:29,886 - __main__ - INFO - Computing epoch 43 validation accuracy...
2023-04-07 12:38:35,201 - __main__ - INFO - Computing epoch 43 validation loss...
2023-04-07 12:38:40,591 - __main__ - INFO - [INFO] 2023-04-07 12:38:40.591465 Epoch [44/100] batch [1/391] loss 1.3848 lr 0.06090716206982718 acc 58.59% eta 1:06:47
2023-04-07 12:39:06,766 - __main__ - INFO - [INFO] 2023-04-07 12:39:06.765964 Epoch [44/100] batch [129/391] loss 1.5283 lr 0.06090716206982718 acc 54.69% eta 1:03:59
2023-04-07 12:39:32,603 - __main__ - INFO - [INFO] 2023-04-07 12:39:32.603468 Epoch [44/100] batch [257/391] loss 1.5205 lr 0.06090716206982718 acc 63.28% eta 1:03:11
2023-04-07 12:39:58,427 - __main__ - INFO - [INFO] 2023-04-07 12:39:58.427628 Epoch [44/100] batch [385/391] loss 1.6191 lr 0.06090716206982718 acc 53.12% eta 1:02:41
2023-04-07 12:39:59,658 - __main__ - INFO - Computing epoch 44 validation accuracy...
2023-04-07 12:40:04,743 - __main__ - INFO - Computing epoch 44 validation loss...
2023-04-07 12:40:10,188 - __main__ - INFO - [INFO] 2023-04-07 12:40:10.188326 Epoch [45/100] batch [1/391] loss 1.6504 lr 0.05936906572928628 acc 52.34% eta 1:02:20
2023-04-07 12:40:36,025 - __main__ - INFO - [INFO] 2023-04-07 12:40:36.025774 Epoch [45/100] batch [129/391] loss 1.5449 lr 0.05936906572928628 acc 63.28% eta 1:02:06
2023-04-07 12:41:01,819 - __main__ - INFO - [INFO] 2023-04-07 12:41:01.819405 Epoch [45/100] batch [257/391] loss 1.4355 lr 0.05936906572928628 acc 57.03% eta 1:01:41
2023-04-07 12:41:28,105 - __main__ - INFO - [INFO] 2023-04-07 12:41:28.105555 Epoch [45/100] batch [385/391] loss 1.4717 lr 0.05936906572928628 acc 57.81% eta 1:01:38
2023-04-07 12:41:29,288 - __main__ - INFO - Computing epoch 45 validation accuracy...
2023-04-07 12:41:34,552 - __main__ - INFO - Computing epoch 45 validation loss...
2023-04-07 12:41:40,060 - __main__ - INFO - [INFO] 2023-04-07 12:41:40.060187 Epoch [46/100] batch [1/391] loss 1.4668 lr 0.05782172325201159 acc 48.44% eta 1:07:26
2023-04-07 12:42:07,192 - __main__ - INFO - [INFO] 2023-04-07 12:42:07.192312 Epoch [46/100] batch [129/391] loss 1.5898 lr 0.05782172325201159 acc 50.78% eta 1:04:06
2023-04-07 12:42:33,852 - __main__ - INFO - [INFO] 2023-04-07 12:42:33.851998 Epoch [46/100] batch [257/391] loss 1.4180 lr 0.05782172325201159 acc 62.50% eta 1:03:14
2023-04-07 12:43:01,008 - __main__ - INFO - [INFO] 2023-04-07 12:43:01.008274 Epoch [46/100] batch [385/391] loss 1.6572 lr 0.05782172325201159 acc 56.25% eta 1:03:04
2023-04-07 12:43:02,213 - __main__ - INFO - Computing epoch 46 validation accuracy...
2023-04-07 12:43:07,253 - __main__ - INFO - Computing epoch 46 validation loss...
2023-04-07 12:43:12,835 - __main__ - INFO - [INFO] 2023-04-07 12:43:12.835682 Epoch [47/100] batch [1/391] loss 1.4443 lr 0.056266661678215264 acc 62.50% eta 1:04:49
2023-04-07 12:43:39,649 - __main__ - INFO - [INFO] 2023-04-07 12:43:39.649789 Epoch [47/100] batch [129/391] loss 1.3838 lr 0.056266661678215264 acc 55.47% eta 1:02:18
2023-04-07 12:44:05,819 - __main__ - INFO - [INFO] 2023-04-07 12:44:05.818888 Epoch [47/100] batch [257/391] loss 1.7031 lr 0.056266661678215264 acc 50.78% eta 1:01:01
2023-04-07 12:44:31,911 - __main__ - INFO - [INFO] 2023-04-07 12:44:31.911235 Epoch [47/100] batch [385/391] loss 1.5225 lr 0.056266661678215264 acc 55.47% eta 1:00:19
2023-04-07 12:44:33,074 - __main__ - INFO - Computing epoch 47 validation accuracy...
2023-04-07 12:44:38,101 - __main__ - INFO - Computing epoch 47 validation loss...
2023-04-07 12:44:43,696 - __main__ - INFO - [INFO] 2023-04-07 12:44:43.695876 Epoch [48/100] batch [1/391] loss 1.3457 lr 0.05470541566592575 acc 61.72% eta 1:03:26
2023-04-07 12:45:09,799 - __main__ - INFO - [INFO] 2023-04-07 12:45:09.799661 Epoch [48/100] batch [129/391] loss 1.4443 lr 0.05470541566592575 acc 61.72% eta 0:59:22
2023-04-07 12:45:36,071 - __main__ - INFO - [INFO] 2023-04-07 12:45:36.071803 Epoch [48/100] batch [257/391] loss 1.1924 lr 0.05470541566592575 acc 67.97% eta 0:59:08
2023-04-07 12:46:02,047 - __main__ - INFO - [INFO] 2023-04-07 12:46:02.047037 Epoch [48/100] batch [385/391] loss 1.6123 lr 0.05470541566592575 acc 57.03% eta 0:58:36
2023-04-07 12:46:03,234 - __main__ - INFO - Computing epoch 48 validation accuracy...
2023-04-07 12:46:08,403 - __main__ - INFO - Computing epoch 48 validation loss...
2023-04-07 12:46:14,245 - __main__ - INFO - [INFO] 2023-04-07 12:46:14.245796 Epoch [49/100] batch [1/391] loss 1.2773 lr 0.053139525976465714 acc 64.06% eta 1:01:03
2023-04-07 12:46:40,915 - __main__ - INFO - [INFO] 2023-04-07 12:46:40.915060 Epoch [49/100] batch [129/391] loss 1.3965 lr 0.053139525976465714 acc 65.62% eta 0:59:18
2023-04-07 12:47:08,006 - __main__ - INFO - [INFO] 2023-04-07 12:47:08.006203 Epoch [49/100] batch [257/391] loss 1.5322 lr 0.053139525976465714 acc 50.00% eta 0:59:28
2023-04-07 12:47:34,007 - __main__ - INFO - [INFO] 2023-04-07 12:47:34.007636 Epoch [49/100] batch [385/391] loss 1.5879 lr 0.053139525976465714 acc 57.03% eta 0:58:26
2023-04-07 12:47:35,204 - __main__ - INFO - Computing epoch 49 validation accuracy...
2023-04-07 12:47:40,286 - __main__ - INFO - Computing epoch 49 validation loss...
2023-04-07 12:47:45,658 - __main__ - INFO - [INFO] 2023-04-07 12:47:45.658748 Epoch [50/100] batch [1/391] loss 1.4189 lr 0.05157053795390645 acc 55.47% eta 0:59:24
2023-04-07 12:48:11,510 - __main__ - INFO - [INFO] 2023-04-07 12:48:11.510768 Epoch [50/100] batch [129/391] loss 1.6533 lr 0.05157053795390645 acc 53.12% eta 0:56:33
2023-04-07 12:48:37,219 - __main__ - INFO - [INFO] 2023-04-07 12:48:37.218994 Epoch [50/100] batch [257/391] loss 1.4150 lr 0.05157053795390645 acc 62.50% eta 0:56:02
2023-04-07 12:49:02,996 - __main__ - INFO - [INFO] 2023-04-07 12:49:02.995842 Epoch [50/100] batch [385/391] loss 1.1904 lr 0.05157053795390645 acc 61.72% eta 0:55:40
2023-04-07 12:49:04,158 - __main__ - INFO - Computing epoch 50 validation accuracy...
2023-04-07 12:49:09,074 - __main__ - INFO - Computing epoch 50 validation loss...
2023-04-07 12:49:14,463 - __main__ - INFO - [INFO] 2023-04-07 12:49:14.463704 Epoch [51/100] batch [1/391] loss 1.4688 lr 0.05000000000000004 acc 60.16% eta 0:56:54
2023-04-07 12:49:40,708 - __main__ - INFO - [INFO] 2023-04-07 12:49:40.708157 Epoch [51/100] batch [129/391] loss 1.2959 lr 0.05000000000000004 acc 66.41% eta 0:56:17
2023-04-07 12:50:07,303 - __main__ - INFO - [INFO] 2023-04-07 12:50:07.303314 Epoch [51/100] batch [257/391] loss 1.5068 lr 0.05000000000000004 acc 55.47% eta 0:56:11
2023-04-07 12:50:33,290 - __main__ - INFO - [INFO] 2023-04-07 12:50:33.290431 Epoch [51/100] batch [385/391] loss 2.0234 lr 0.05000000000000004 acc 43.75% eta 0:55:31
2023-04-07 12:50:34,451 - __main__ - INFO - Computing epoch 51 validation accuracy...
2023-04-07 12:50:39,508 - __main__ - INFO - Computing epoch 51 validation loss...
2023-04-07 12:50:44,929 - __main__ - INFO - [INFO] 2023-04-07 12:50:44.928873 Epoch [52/100] batch [1/391] loss 1.2031 lr 0.04842946204609362 acc 65.62% eta 0:59:14
2023-04-07 12:51:11,362 - __main__ - INFO - [INFO] 2023-04-07 12:51:11.362536 Epoch [52/100] batch [129/391] loss 1.2539 lr 0.04842946204609362 acc 69.53% eta 0:55:26
2023-04-07 12:51:36,923 - __main__ - INFO - [INFO] 2023-04-07 12:51:36.923042 Epoch [52/100] batch [257/391] loss 1.6377 lr 0.04842946204609362 acc 57.03% eta 0:54:13
2023-04-07 12:52:03,281 - __main__ - INFO - [INFO] 2023-04-07 12:52:03.280995 Epoch [52/100] batch [385/391] loss 1.2480 lr 0.04842946204609362 acc 63.28% eta 0:54:04
2023-04-07 12:52:04,468 - __main__ - INFO - Computing epoch 52 validation accuracy...
2023-04-07 12:52:09,426 - __main__ - INFO - Computing epoch 52 validation loss...
2023-04-07 12:52:14,862 - __main__ - INFO - [INFO] 2023-04-07 12:52:14.862295 Epoch [53/100] batch [1/391] loss 1.0908 lr 0.04686047402353437 acc 60.94% eta 0:56:27
2023-04-07 12:52:40,528 - __main__ - INFO - [INFO] 2023-04-07 12:52:40.527904 Epoch [53/100] batch [129/391] loss 1.4570 lr 0.04686047402353437 acc 60.16% eta 0:52:52
2023-04-07 12:53:06,456 - __main__ - INFO - [INFO] 2023-04-07 12:53:06.456705 Epoch [53/100] batch [257/391] loss 1.3682 lr 0.04686047402353437 acc 67.19% eta 0:52:43
2023-04-07 12:53:32,272 - __main__ - INFO - [INFO] 2023-04-07 12:53:32.272079 Epoch [53/100] batch [385/391] loss 1.4463 lr 0.04686047402353437 acc 57.81% eta 0:52:22
2023-04-07 12:53:33,444 - __main__ - INFO - Computing epoch 53 validation accuracy...
2023-04-07 12:53:38,606 - __main__ - INFO - Computing epoch 53 validation loss...
2023-04-07 12:53:44,254 - __main__ - INFO - [INFO] 2023-04-07 12:53:44.254611 Epoch [54/100] batch [1/391] loss 1.1650 lr 0.045294584334074316 acc 67.19% eta 0:53:43
2023-04-07 12:54:09,969 - __main__ - INFO - [INFO] 2023-04-07 12:54:09.969020 Epoch [54/100] batch [129/391] loss 1.3623 lr 0.045294584334074316 acc 60.94% eta 0:51:44
2023-04-07 12:54:36,184 - __main__ - INFO - [INFO] 2023-04-07 12:54:36.183870 Epoch [54/100] batch [257/391] loss 1.3506 lr 0.045294584334074316 acc 59.38% eta 0:51:51
2023-04-07 12:55:02,282 - __main__ - INFO - [INFO] 2023-04-07 12:55:02.282559 Epoch [54/100] batch [385/391] loss 1.2725 lr 0.045294584334074316 acc 65.62% eta 0:51:35
2023-04-07 12:55:03,468 - __main__ - INFO - Computing epoch 54 validation accuracy...
2023-04-07 12:55:08,481 - __main__ - INFO - Computing epoch 54 validation loss...
2023-04-07 12:55:14,022 - __main__ - INFO - [INFO] 2023-04-07 12:55:14.022476 Epoch [55/100] batch [1/391] loss 1.5029 lr 0.043733338321784825 acc 55.47% eta 0:54:37
2023-04-07 12:55:40,307 - __main__ - INFO - [INFO] 2023-04-07 12:55:40.307542 Epoch [55/100] batch [129/391] loss 1.1621 lr 0.043733338321784825 acc 64.06% eta 0:51:43
2023-04-07 12:56:06,047 - __main__ - INFO - [INFO] 2023-04-07 12:56:06.047755 Epoch [55/100] batch [257/391] loss 1.1582 lr 0.043733338321784825 acc 67.19% eta 0:50:52
2023-04-07 12:56:32,034 - __main__ - INFO - [INFO] 2023-04-07 12:56:32.034031 Epoch [55/100] batch [385/391] loss 1.6016 lr 0.043733338321784825 acc 58.59% eta 0:50:27
2023-04-07 12:56:33,252 - __main__ - INFO - Computing epoch 55 validation accuracy...
2023-04-07 12:56:38,360 - __main__ - INFO - Computing epoch 55 validation loss...
2023-04-07 12:56:43,912 - __main__ - INFO - [INFO] 2023-04-07 12:56:43.912340 Epoch [56/100] batch [1/391] loss 1.1846 lr 0.042178276747988484 acc 64.06% eta 1:04:49
2023-04-07 12:57:10,140 - __main__ - INFO - [INFO] 2023-04-07 12:57:10.139838 Epoch [56/100] batch [129/391] loss 1.2695 lr 0.042178276747988484 acc 70.31% eta 0:50:38
2023-04-07 12:57:36,900 - __main__ - INFO - [INFO] 2023-04-07 12:57:36.900329 Epoch [56/100] batch [257/391] loss 1.2480 lr 0.042178276747988484 acc 61.72% eta 0:50:47
2023-04-07 12:58:03,671 - __main__ - INFO - [INFO] 2023-04-07 12:58:03.671442 Epoch [56/100] batch [385/391] loss 1.2422 lr 0.042178276747988484 acc 67.97% eta 0:50:35
2023-04-07 12:58:04,891 - __main__ - INFO - Computing epoch 56 validation accuracy...
2023-04-07 12:58:09,901 - __main__ - INFO - Computing epoch 56 validation loss...
2023-04-07 12:58:15,274 - __main__ - INFO - [INFO] 2023-04-07 12:58:15.274115 Epoch [57/100] batch [1/391] loss 1.4268 lr 0.0406309342707138 acc 59.38% eta 0:54:46
2023-04-07 12:58:41,787 - __main__ - INFO - [INFO] 2023-04-07 12:58:41.787502 Epoch [57/100] batch [129/391] loss 1.1006 lr 0.0406309342707138 acc 68.75% eta 0:50:03
2023-04-07 12:59:08,718 - __main__ - INFO - [INFO] 2023-04-07 12:59:08.718658 Epoch [57/100] batch [257/391] loss 1.2412 lr 0.0406309342707138 acc 63.28% eta 0:50:05
2023-04-07 12:59:35,019 - __main__ - INFO - [INFO] 2023-04-07 12:59:35.018967 Epoch [57/100] batch [385/391] loss 1.2148 lr 0.0406309342707138 acc 61.72% eta 0:49:24
2023-04-07 12:59:36,215 - __main__ - INFO - Computing epoch 57 validation accuracy...
2023-04-07 12:59:41,264 - __main__ - INFO - Computing epoch 57 validation loss...
2023-04-07 12:59:46,690 - __main__ - INFO - [INFO] 2023-04-07 12:59:46.690490 Epoch [58/100] batch [1/391] loss 1.0566 lr 0.039092837930172916 acc 67.19% eta 0:51:00
2023-04-07 13:00:12,621 - __main__ - INFO - [INFO] 2023-04-07 13:00:12.621337 Epoch [58/100] batch [129/391] loss 1.6094 lr 0.039092837930172916 acc 55.47% eta 0:47:43
2023-04-07 13:00:38,988 - __main__ - INFO - [INFO] 2023-04-07 13:00:38.988008 Epoch [58/100] batch [257/391] loss 1.3389 lr 0.039092837930172916 acc 61.72% eta 0:47:43
2023-04-07 13:01:07,246 - __main__ - INFO - [INFO] 2023-04-07 13:01:07.246735 Epoch [58/100] batch [385/391] loss 1.0928 lr 0.039092837930172916 acc 71.09% eta 0:48:32
2023-04-07 13:01:08,448 - __main__ - INFO - Computing epoch 58 validation accuracy...
2023-04-07 13:01:13,558 - __main__ - INFO - Computing epoch 58 validation loss...
2023-04-07 13:01:19,149 - __main__ - INFO - [INFO] 2023-04-07 13:01:19.148978 Epoch [59/100] batch [1/391] loss 1.1279 lr 0.037565505641757285 acc 70.31% eta 1:00:12
2023-04-07 13:01:47,089 - __main__ - INFO - [INFO] 2023-04-07 13:01:47.089557 Epoch [59/100] batch [129/391] loss 1.2314 lr 0.037565505641757285 acc 61.72% eta 0:50:12
2023-04-07 13:02:12,830 - __main__ - INFO - [INFO] 2023-04-07 13:02:12.829969 Epoch [59/100] batch [257/391] loss 1.1465 lr 0.037565505641757285 acc 64.84% eta 0:47:52
2023-04-07 13:02:38,703 - __main__ - INFO - [INFO] 2023-04-07 13:02:38.702822 Epoch [59/100] batch [385/391] loss 1.2910 lr 0.037565505641757285 acc 64.06% eta 0:46:55
2023-04-07 13:02:39,880 - __main__ - INFO - Computing epoch 59 validation accuracy...
2023-04-07 13:02:44,862 - __main__ - INFO - Computing epoch 59 validation loss...
2023-04-07 13:02:50,326 - __main__ - INFO - [INFO] 2023-04-07 13:02:50.326431 Epoch [60/100] batch [1/391] loss 1.1582 lr 0.03605044469803857 acc 54.69% eta 0:47:27
2023-04-07 13:03:16,389 - __main__ - INFO - [INFO] 2023-04-07 13:03:16.389784 Epoch [60/100] batch [129/391] loss 1.1143 lr 0.03605044469803857 acc 66.41% eta 0:45:41
2023-04-07 13:03:42,402 - __main__ - INFO - [INFO] 2023-04-07 13:03:42.402334 Epoch [60/100] batch [257/391] loss 0.9580 lr 0.03605044469803857 acc 67.97% eta 0:45:21
2023-04-07 13:04:09,005 - __main__ - INFO - [INFO] 2023-04-07 13:04:09.005284 Epoch [60/100] batch [385/391] loss 1.3301 lr 0.03605044469803857 acc 60.94% eta 0:45:19
2023-04-07 13:04:10,241 - __main__ - INFO - Computing epoch 60 validation accuracy...
2023-04-07 13:04:15,685 - __main__ - INFO - Computing epoch 60 validation loss...
2023-04-07 13:04:21,112 - __main__ - INFO - [INFO] 2023-04-07 13:04:21.112270 Epoch [61/100] batch [1/391] loss 1.3115 lr 0.034549150281252675 acc 69.53% eta 0:49:47
2023-04-07 13:04:47,981 - __main__ - INFO - [INFO] 2023-04-07 13:04:47.981367 Epoch [61/100] batch [129/391] loss 1.3008 lr 0.034549150281252675 acc 71.09% eta 0:46:09
2023-04-07 13:05:14,501 - __main__ - INFO - [INFO] 2023-04-07 13:05:14.501083 Epoch [61/100] batch [257/391] loss 1.1055 lr 0.034549150281252675 acc 71.09% eta 0:45:27
2023-04-07 13:05:41,140 - __main__ - INFO - [INFO] 2023-04-07 13:05:41.140334 Epoch [61/100] batch [385/391] loss 1.4443 lr 0.034549150281252675 acc 64.06% eta 0:45:03
2023-04-07 13:05:42,365 - __main__ - INFO - Computing epoch 61 validation accuracy...
2023-04-07 13:05:47,384 - __main__ - INFO - Computing epoch 61 validation loss...
2023-04-07 13:05:52,889 - __main__ - INFO - [INFO] 2023-04-07 13:05:52.888965 Epoch [62/100] batch [1/391] loss 1.1846 lr 0.03306310398773546 acc 69.53% eta 0:49:38
2023-04-07 13:06:19,574 - __main__ - INFO - [INFO] 2023-04-07 13:06:19.573883 Epoch [62/100] batch [129/391] loss 1.1250 lr 0.03306310398773546 acc 67.19% eta 0:44:45
2023-04-07 13:06:45,898 - __main__ - INFO - [INFO] 2023-04-07 13:06:45.897995 Epoch [62/100] batch [257/391] loss 1.0537 lr 0.03306310398773546 acc 68.75% eta 0:44:03
2023-04-07 13:07:12,576 - __main__ - INFO - [INFO] 2023-04-07 13:07:12.576341 Epoch [62/100] batch [385/391] loss 1.3936 lr 0.03306310398773546 acc 58.59% eta 0:43:45
2023-04-07 13:07:13,786 - __main__ - INFO - Computing epoch 62 validation accuracy...
2023-04-07 13:07:18,767 - __main__ - INFO - Computing epoch 62 validation loss...
2023-04-07 13:07:24,139 - __main__ - INFO - [INFO] 2023-04-07 13:07:24.139611 Epoch [63/100] batch [1/391] loss 1.3037 lr 0.031593772365766146 acc 62.50% eta 0:41:46
2023-04-07 13:07:50,512 - __main__ - INFO - [INFO] 2023-04-07 13:07:50.511823 Epoch [63/100] batch [129/391] loss 1.0449 lr 0.031593772365766146 acc 74.22% eta 0:43:05
2023-04-07 13:08:16,787 - __main__ - INFO - [INFO] 2023-04-07 13:08:16.787510 Epoch [63/100] batch [257/391] loss 1.3164 lr 0.031593772365766146 acc 64.84% eta 0:42:34
2023-04-07 13:08:42,867 - __main__ - INFO - [INFO] 2023-04-07 13:08:42.867713 Epoch [63/100] batch [385/391] loss 1.2461 lr 0.031593772365766146 acc 67.19% eta 0:42:01
2023-04-07 13:08:44,034 - __main__ - INFO - Computing epoch 63 validation accuracy...
2023-04-07 13:08:49,099 - __main__ - INFO - Computing epoch 63 validation loss...
2023-04-07 13:08:54,587 - __main__ - INFO - [INFO] 2023-04-07 13:08:54.586935 Epoch [64/100] batch [1/391] loss 1.0557 lr 0.030142605468260992 acc 61.72% eta 0:42:35
2023-04-07 13:09:21,366 - __main__ - INFO - [INFO] 2023-04-07 13:09:21.366555 Epoch [64/100] batch [129/391] loss 0.8813 lr 0.030142605468260992 acc 75.78% eta 0:42:27
2023-04-07 13:09:48,225 - __main__ - INFO - [INFO] 2023-04-07 13:09:48.224935 Epoch [64/100] batch [257/391] loss 1.0469 lr 0.030142605468260992 acc 67.97% eta 0:42:09
2023-04-07 13:10:14,621 - __main__ - INFO - [INFO] 2023-04-07 13:10:14.621625 Epoch [64/100] batch [385/391] loss 1.2656 lr 0.030142605468260992 acc 64.06% eta 0:41:34
2023-04-07 13:10:15,905 - __main__ - INFO - Computing epoch 64 validation accuracy...
2023-04-07 13:10:20,980 - __main__ - INFO - Computing epoch 64 validation loss...
2023-04-07 13:10:26,453 - __main__ - INFO - [INFO] 2023-04-07 13:10:26.453589 Epoch [65/100] batch [1/391] loss 1.1846 lr 0.028711035421746394 acc 61.72% eta 0:42:15
2023-04-07 13:10:53,255 - __main__ - INFO - [INFO] 2023-04-07 13:10:53.254833 Epoch [65/100] batch [129/391] loss 1.0205 lr 0.028711035421746394 acc 74.22% eta 0:41:24
2023-04-07 13:11:19,842 - __main__ - INFO - [INFO] 2023-04-07 13:11:19.842699 Epoch [65/100] batch [257/391] loss 1.1465 lr 0.028711035421746394 acc 71.09% eta 0:40:55
2023-04-07 13:11:46,333 - __main__ - INFO - [INFO] 2023-04-07 13:11:46.333185 Epoch [65/100] batch [385/391] loss 1.2461 lr 0.028711035421746394 acc 65.62% eta 0:40:24
2023-04-07 13:11:47,555 - __main__ - INFO - Computing epoch 65 validation accuracy...
2023-04-07 13:11:52,709 - __main__ - INFO - Computing epoch 65 validation loss...
2023-04-07 13:11:58,278 - __main__ - INFO - [INFO] 2023-04-07 13:11:58.278545 Epoch [66/100] batch [1/391] loss 0.9619 lr 0.027300475013022688 acc 72.66% eta 0:41:58
2023-04-07 13:12:24,498 - __main__ - INFO - [INFO] 2023-04-07 13:12:24.497488 Epoch [66/100] batch [129/391] loss 0.9663 lr 0.027300475013022688 acc 71.88% eta 0:39:17
2023-04-07 13:12:50,559 - __main__ - INFO - [INFO] 2023-04-07 13:12:50.559555 Epoch [66/100] batch [257/391] loss 1.2451 lr 0.027300475013022688 acc 71.09% eta 0:38:46
2023-04-07 13:13:16,564 - __main__ - INFO - [INFO] 2023-04-07 13:13:16.564158 Epoch [66/100] batch [385/391] loss 0.9756 lr 0.027300475013022688 acc 66.41% eta 0:38:18
2023-04-07 13:13:17,801 - __main__ - INFO - Computing epoch 66 validation accuracy...
2023-04-07 13:13:22,954 - __main__ - INFO - Computing epoch 66 validation loss...
2023-04-07 13:13:28,464 - __main__ - INFO - [INFO] 2023-04-07 13:13:28.464818 Epoch [67/100] batch [1/391] loss 0.9307 lr 0.025912316294914254 acc 71.09% eta 0:39:17
2023-04-07 13:13:54,852 - __main__ - INFO - [INFO] 2023-04-07 13:13:54.852434 Epoch [67/100] batch [129/391] loss 1.1279 lr 0.025912316294914254 acc 67.19% eta 0:38:16
2023-04-07 13:14:22,083 - __main__ - INFO - [INFO] 2023-04-07 13:14:22.083359 Epoch [67/100] batch [257/391] loss 1.1973 lr 0.025912316294914254 acc 64.06% eta 0:38:30
2023-04-07 13:14:48,778 - __main__ - INFO - [INFO] 2023-04-07 13:14:48.777575 Epoch [67/100] batch [385/391] loss 1.2217 lr 0.025912316294914254 acc 70.31% eta 0:38:07
2023-04-07 13:14:50,016 - __main__ - INFO - Computing epoch 67 validation accuracy...
2023-04-07 13:14:55,327 - __main__ - INFO - Computing epoch 67 validation loss...
2023-04-07 13:15:00,834 - __main__ - INFO - [INFO] 2023-04-07 13:15:00.834782 Epoch [68/100] batch [1/391] loss 0.7622 lr 0.02454792921248146 acc 71.88% eta 0:46:39
2023-04-07 13:15:27,903 - __main__ - INFO - [INFO] 2023-04-07 13:15:27.903388 Epoch [68/100] batch [129/391] loss 1.0908 lr 0.02454792921248146 acc 67.97% eta 0:38:13
2023-04-07 13:15:54,558 - __main__ - INFO - [INFO] 2023-04-07 13:15:54.558328 Epoch [68/100] batch [257/391] loss 1.2578 lr 0.02454792921248146 acc 61.72% eta 0:37:33
2023-04-07 13:16:21,248 - __main__ - INFO - [INFO] 2023-04-07 13:16:21.248469 Epoch [68/100] batch [385/391] loss 1.0078 lr 0.02454792921248146 acc 71.09% eta 0:37:05
2023-04-07 13:16:22,424 - __main__ - INFO - Computing epoch 68 validation accuracy...
2023-04-07 13:16:27,764 - __main__ - INFO - Computing epoch 68 validation loss...
2023-04-07 13:16:33,434 - __main__ - INFO - [INFO] 2023-04-07 13:16:33.433975 Epoch [69/100] batch [1/391] loss 0.9873 lr 0.02320866025105018 acc 70.31% eta 0:36:00
2023-04-07 13:16:59,493 - __main__ - INFO - [INFO] 2023-04-07 13:16:59.492936 Epoch [69/100] batch [129/391] loss 0.8701 lr 0.02320866025105018 acc 71.09% eta 0:35:35
2023-04-07 13:17:25,610 - __main__ - INFO - [INFO] 2023-04-07 13:17:25.610556 Epoch [69/100] batch [257/391] loss 1.0166 lr 0.02320866025105018 acc 73.44% eta 0:35:16
2023-04-07 13:17:51,705 - __main__ - INFO - [INFO] 2023-04-07 13:17:51.705177 Epoch [69/100] batch [385/391] loss 0.9136 lr 0.02320866025105018 acc 71.88% eta 0:34:55
2023-04-07 13:17:52,907 - __main__ - INFO - Computing epoch 69 validation accuracy...
2023-04-07 13:17:58,202 - __main__ - INFO - Computing epoch 69 validation loss...
2023-04-07 13:18:03,604 - __main__ - INFO - [INFO] 2023-04-07 13:18:03.604024 Epoch [70/100] batch [1/391] loss 1.0098 lr 0.021895831107393487 acc 66.41% eta 0:36:32
2023-04-07 13:18:29,744 - __main__ - INFO - [INFO] 2023-04-07 13:18:29.744704 Epoch [70/100] batch [129/391] loss 0.6860 lr 0.021895831107393487 acc 82.03% eta 0:34:34
2023-04-07 13:18:56,414 - __main__ - INFO - [INFO] 2023-04-07 13:18:56.414652 Epoch [70/100] batch [257/391] loss 1.1025 lr 0.021895831107393487 acc 66.41% eta 0:34:31
2023-04-07 13:19:22,921 - __main__ - INFO - [INFO] 2023-04-07 13:19:22.921668 Epoch [70/100] batch [385/391] loss 0.9082 lr 0.021895831107393487 acc 75.00% eta 0:34:12
2023-04-07 13:19:24,140 - __main__ - INFO - Computing epoch 70 validation accuracy...
2023-04-07 13:19:29,233 - __main__ - INFO - Computing epoch 70 validation loss...
2023-04-07 13:19:34,616 - __main__ - INFO - [INFO] 2023-04-07 13:19:34.616197 Epoch [71/100] batch [1/391] loss 0.9067 lr 0.02061073738537637 acc 75.00% eta 0:35:51
2023-04-07 13:20:01,024 - __main__ - INFO - [INFO] 2023-04-07 13:20:01.024413 Epoch [71/100] batch [129/391] loss 1.0488 lr 0.02061073738537637 acc 70.31% eta 0:33:46
2023-04-07 13:20:26,906 - __main__ - INFO - [INFO] 2023-04-07 13:20:26.905911 Epoch [71/100] batch [257/391] loss 0.9629 lr 0.02061073738537637 acc 73.44% eta 0:33:05
2023-04-07 13:20:53,177 - __main__ - INFO - [INFO] 2023-04-07 13:20:53.177707 Epoch [71/100] batch [385/391] loss 0.9058 lr 0.02061073738537637 acc 76.56% eta 0:32:47
2023-04-07 13:20:54,377 - __main__ - INFO - Computing epoch 71 validation accuracy...
2023-04-07 13:20:59,558 - __main__ - INFO - Computing epoch 71 validation loss...
2023-04-07 13:21:05,063 - __main__ - INFO - [INFO] 2023-04-07 13:21:05.062896 Epoch [72/100] batch [1/391] loss 1.0518 lr 0.01935464731735119 acc 73.44% eta 0:42:53
2023-04-07 13:21:31,531 - __main__ - INFO - [INFO] 2023-04-07 13:21:31.530928 Epoch [72/100] batch [129/391] loss 0.8228 lr 0.01935464731735119 acc 73.44% eta 0:32:54
2023-04-07 13:21:58,495 - __main__ - INFO - [INFO] 2023-04-07 13:21:58.495177 Epoch [72/100] batch [257/391] loss 0.8936 lr 0.01935464731735119 acc 76.56% eta 0:32:47
2023-04-07 13:22:25,049 - __main__ - INFO - [INFO] 2023-04-07 13:22:25.048906 Epoch [72/100] batch [385/391] loss 0.9365 lr 0.01935464731735119 acc 75.78% eta 0:32:17
2023-04-07 13:22:26,292 - __main__ - INFO - Computing epoch 72 validation accuracy...
2023-04-07 13:22:31,524 - __main__ - INFO - Computing epoch 72 validation loss...
2023-04-07 13:22:37,000 - __main__ - INFO - [INFO] 2023-04-07 13:22:37.000650 Epoch [73/100] batch [1/391] loss 0.9956 lr 0.018128800512565532 acc 76.56% eta 0:34:27
2023-04-07 13:23:03,851 - __main__ - INFO - [INFO] 2023-04-07 13:23:03.850982 Epoch [73/100] batch [129/391] loss 0.9629 lr 0.018128800512565532 acc 79.69% eta 0:32:03
2023-04-07 13:23:30,246 - __main__ - INFO - [INFO] 2023-04-07 13:23:30.246168 Epoch [73/100] batch [257/391] loss 0.8452 lr 0.018128800512565532 acc 74.22% eta 0:31:22
2023-04-07 13:23:56,500 - __main__ - INFO - [INFO] 2023-04-07 13:23:56.500103 Epoch [73/100] batch [385/391] loss 0.8872 lr 0.018128800512565532 acc 75.00% eta 0:30:50
2023-04-07 13:23:57,733 - __main__ - INFO - Computing epoch 73 validation accuracy...
2023-04-07 13:24:02,870 - __main__ - INFO - Computing epoch 73 validation loss...
2023-04-07 13:24:08,629 - __main__ - INFO - [INFO] 2023-04-07 13:24:08.629026 Epoch [74/100] batch [1/391] loss 1.0332 lr 0.016934406733817433 acc 72.66% eta 0:33:44
2023-04-07 13:24:35,297 - __main__ - INFO - [INFO] 2023-04-07 13:24:35.296857 Epoch [74/100] batch [129/391] loss 0.9062 lr 0.016934406733817433 acc 78.91% eta 0:30:38
2023-04-07 13:25:01,993 - __main__ - INFO - [INFO] 2023-04-07 13:25:01.993128 Epoch [74/100] batch [257/391] loss 0.7778 lr 0.016934406733817433 acc 82.81% eta 0:30:15
2023-04-07 13:25:28,360 - __main__ - INFO - [INFO] 2023-04-07 13:25:28.360262 Epoch [74/100] batch [385/391] loss 1.1943 lr 0.016934406733817433 acc 72.66% eta 0:29:46
2023-04-07 13:25:29,587 - __main__ - INFO - Computing epoch 74 validation accuracy...
2023-04-07 13:25:34,836 - __main__ - INFO - Computing epoch 74 validation loss...
2023-04-07 13:25:40,393 - __main__ - INFO - [INFO] 2023-04-07 13:25:40.393184 Epoch [75/100] batch [1/391] loss 0.8794 lr 0.01577264470356558 acc 77.34% eta 0:31:55
2023-04-07 13:26:07,452 - __main__ - INFO - [INFO] 2023-04-07 13:26:07.451788 Epoch [75/100] batch [129/391] loss 0.9033 lr 0.01577264470356558 acc 77.34% eta 0:29:55
2023-04-07 13:26:34,207 - __main__ - INFO - [INFO] 2023-04-07 13:26:34.207585 Epoch [75/100] batch [257/391] loss 0.8423 lr 0.01577264470356558 acc 78.12% eta 0:29:25
2023-04-07 13:27:01,395 - __main__ - INFO - [INFO] 2023-04-07 13:27:01.394947 Epoch [75/100] batch [385/391] loss 0.9756 lr 0.01577264470356558 acc 74.22% eta 0:29:11
2023-04-07 13:27:02,669 - __main__ - INFO - Computing epoch 75 validation accuracy...
2023-04-07 13:27:07,839 - __main__ - INFO - Computing epoch 75 validation loss...
2023-04-07 13:27:13,515 - __main__ - INFO - [INFO] 2023-04-07 13:27:13.515021 Epoch [76/100] batch [1/391] loss 0.8149 lr 0.014644660940672643 acc 71.88% eta 0:33:13
2023-04-07 13:27:40,564 - __main__ - INFO - [INFO] 2023-04-07 13:27:40.564371 Epoch [76/100] batch [129/391] loss 0.6646 lr 0.014644660940672643 acc 82.03% eta 0:28:54
2023-04-07 13:28:08,007 - __main__ - INFO - [INFO] 2023-04-07 13:28:08.006928 Epoch [76/100] batch [257/391] loss 0.9380 lr 0.014644660940672643 acc 79.69% eta 0:28:41
2023-04-07 13:28:35,011 - __main__ - INFO - [INFO] 2023-04-07 13:28:35.011424 Epoch [76/100] batch [385/391] loss 0.9033 lr 0.014644660940672643 acc 76.56% eta 0:28:12
2023-04-07 13:28:36,236 - __main__ - INFO - Computing epoch 76 validation accuracy...
2023-04-07 13:28:41,248 - __main__ - INFO - Computing epoch 76 validation loss...
2023-04-07 13:28:46,678 - __main__ - INFO - [INFO] 2023-04-07 13:28:46.678732 Epoch [77/100] batch [1/391] loss 0.6152 lr 0.013551568628929448 acc 84.38% eta 0:28:04
2023-04-07 13:29:13,106 - __main__ - INFO - [INFO] 2023-04-07 13:29:13.106124 Epoch [77/100] batch [129/391] loss 0.7109 lr 0.013551568628929448 acc 82.81% eta 0:27:03
2023-04-07 13:29:39,549 - __main__ - INFO - [INFO] 2023-04-07 13:29:39.549725 Epoch [77/100] batch [257/391] loss 0.8076 lr 0.013551568628929448 acc 75.00% eta 0:26:42
2023-04-07 13:30:06,217 - __main__ - INFO - [INFO] 2023-04-07 13:30:06.217152 Epoch [77/100] batch [385/391] loss 0.8843 lr 0.013551568628929448 acc 75.78% eta 0:26:24
2023-04-07 13:30:07,539 - __main__ - INFO - Computing epoch 77 validation accuracy...
2023-04-07 13:30:13,013 - __main__ - INFO - Computing epoch 77 validation loss...
2023-04-07 13:30:18,479 - __main__ - INFO - [INFO] 2023-04-07 13:30:18.479471 Epoch [78/100] batch [1/391] loss 0.6338 lr 0.012494446518477033 acc 81.25% eta 0:28:22
2023-04-07 13:30:44,987 - __main__ - INFO - [INFO] 2023-04-07 13:30:44.987209 Epoch [78/100] batch [129/391] loss 0.7812 lr 0.012494446518477033 acc 82.81% eta 0:26:02
2023-04-07 13:31:11,891 - __main__ - INFO - [INFO] 2023-04-07 13:31:11.891673 Epoch [78/100] batch [257/391] loss 0.8169 lr 0.012494446518477033 acc 75.78% eta 0:25:51
2023-04-07 13:31:39,008 - __main__ - INFO - [INFO] 2023-04-07 13:31:39.008635 Epoch [78/100] batch [385/391] loss 0.8882 lr 0.012494446518477033 acc 75.78% eta 0:25:34
2023-04-07 13:31:40,206 - __main__ - INFO - Computing epoch 78 validation accuracy...
2023-04-07 13:31:45,331 - __main__ - INFO - Computing epoch 78 validation loss...
2023-04-07 13:31:50,772 - __main__ - INFO - [INFO] 2023-04-07 13:31:50.772394 Epoch [79/100] batch [1/391] loss 0.8525 lr 0.011474337861210555 acc 74.22% eta 0:26:26
2023-04-07 13:32:17,734 - __main__ - INFO - [INFO] 2023-04-07 13:32:17.734235 Epoch [79/100] batch [129/391] loss 0.6816 lr 0.011474337861210555 acc 82.03% eta 0:25:14
2023-04-07 13:32:47,450 - __main__ - INFO - [INFO] 2023-04-07 13:32:47.449732 Epoch [79/100] batch [257/391] loss 0.5659 lr 0.011474337861210555 acc 85.94% eta 0:26:15
2023-04-07 13:33:17,385 - __main__ - INFO - [INFO] 2023-04-07 13:33:17.385758 Epoch [79/100] batch [385/391] loss 0.5933 lr 0.011474337861210555 acc 82.81% eta 0:26:23
2023-04-07 13:33:18,728 - __main__ - INFO - Computing epoch 79 validation accuracy...
2023-04-07 13:33:24,190 - __main__ - INFO - Computing epoch 79 validation loss...
2023-04-07 13:33:29,980 - __main__ - INFO - [INFO] 2023-04-07 13:33:29.980051 Epoch [80/100] batch [1/391] loss 0.7139 lr 0.01049224938121549 acc 82.81% eta 0:25:01
2023-04-07 13:33:59,756 - __main__ - INFO - [INFO] 2023-04-07 13:33:59.756573 Epoch [80/100] batch [129/391] loss 0.5259 lr 0.01049224938121549 acc 85.16% eta 0:26:50
2023-04-07 13:34:29,653 - __main__ - INFO - [INFO] 2023-04-07 13:34:29.653054 Epoch [80/100] batch [257/391] loss 0.6299 lr 0.01049224938121549 acc 83.59% eta 0:26:30
2023-04-07 13:34:58,917 - __main__ - INFO - [INFO] 2023-04-07 13:34:58.917419 Epoch [80/100] batch [385/391] loss 0.8481 lr 0.01049224938121549 acc 78.91% eta 0:25:55
2023-04-07 13:35:00,295 - __main__ - INFO - Computing epoch 80 validation accuracy...
2023-04-07 13:35:05,638 - __main__ - INFO - Computing epoch 80 validation loss...
2023-04-07 13:35:11,305 - __main__ - INFO - [INFO] 2023-04-07 13:35:11.305586 Epoch [81/100] batch [1/391] loss 0.5688 lr 0.009549150281252642 acc 85.16% eta 0:27:10
2023-04-07 13:35:40,905 - __main__ - INFO - [INFO] 2023-04-07 13:35:40.905306 Epoch [81/100] batch [129/391] loss 0.5664 lr 0.009549150281252642 acc 87.50% eta 0:25:32
2023-04-07 13:36:10,821 - __main__ - INFO - [INFO] 2023-04-07 13:36:10.821392 Epoch [81/100] batch [257/391] loss 0.6377 lr 0.009549150281252642 acc 85.16% eta 0:25:14
2023-04-07 13:36:40,793 - __main__ - INFO - [INFO] 2023-04-07 13:36:40.793581 Epoch [81/100] batch [385/391] loss 0.5869 lr 0.009549150281252642 acc 89.06% eta 0:24:51
2023-04-07 13:36:42,163 - __main__ - INFO - Computing epoch 81 validation accuracy...
2023-04-07 13:36:47,479 - __main__ - INFO - Computing epoch 81 validation loss...
2023-04-07 13:36:53,359 - __main__ - INFO - [INFO] 2023-04-07 13:36:53.359728 Epoch [82/100] batch [1/391] loss 0.5732 lr 0.008645971286271922 acc 82.81% eta 0:26:14
2023-04-07 13:37:22,956 - __main__ - INFO - [INFO] 2023-04-07 13:37:22.956417 Epoch [82/100] batch [129/391] loss 0.5981 lr 0.008645971286271922 acc 83.59% eta 0:24:11
2023-04-07 13:37:52,461 - __main__ - INFO - [INFO] 2023-04-07 13:37:52.461562 Epoch [82/100] batch [257/391] loss 0.5220 lr 0.008645971286271922 acc 90.62% eta 0:23:45
2023-04-07 13:38:22,159 - __main__ - INFO - [INFO] 2023-04-07 13:38:22.159449 Epoch [82/100] batch [385/391] loss 0.7520 lr 0.008645971286271922 acc 82.81% eta 0:23:22
2023-04-07 13:38:23,498 - __main__ - INFO - Computing epoch 82 validation accuracy...
2023-04-07 13:38:28,890 - __main__ - INFO - Computing epoch 82 validation loss...
2023-04-07 13:38:34,444 - __main__ - INFO - [INFO] 2023-04-07 13:38:34.443880 Epoch [83/100] batch [1/391] loss 0.6426 lr 0.007783603724899264 acc 82.81% eta 0:20:57
2023-04-07 13:39:04,089 - __main__ - INFO - [INFO] 2023-04-07 13:39:04.088889 Epoch [83/100] batch [129/391] loss 0.8149 lr 0.007783603724899264 acc 78.91% eta 0:22:57
2023-04-07 13:39:33,561 - __main__ - INFO - [INFO] 2023-04-07 13:39:33.561736 Epoch [83/100] batch [257/391] loss 0.5771 lr 0.007783603724899264 acc 85.16% eta 0:22:27
2023-04-07 13:40:03,090 - __main__ - INFO - [INFO] 2023-04-07 13:40:03.089867 Epoch [83/100] batch [385/391] loss 0.6406 lr 0.007783603724899264 acc 86.72% eta 0:22:00
2023-04-07 13:40:04,415 - __main__ - INFO - Computing epoch 83 validation accuracy...
2023-04-07 13:40:09,788 - __main__ - INFO - Computing epoch 83 validation loss...
2023-04-07 13:40:15,407 - __main__ - INFO - [INFO] 2023-04-07 13:40:15.406854 Epoch [84/100] batch [1/391] loss 0.5049 lr 0.006962898649802819 acc 86.72% eta 0:21:37
2023-04-07 13:40:45,021 - __main__ - INFO - [INFO] 2023-04-07 13:40:45.021586 Epoch [84/100] batch [129/391] loss 0.6016 lr 0.006962898649802819 acc 85.16% eta 0:21:38
2023-04-07 13:41:14,920 - __main__ - INFO - [INFO] 2023-04-07 13:41:14.919991 Epoch [84/100] batch [257/391] loss 0.6162 lr 0.006962898649802819 acc 82.81% eta 0:21:20
2023-04-07 13:41:44,371 - __main__ - INFO - [INFO] 2023-04-07 13:41:44.371001 Epoch [84/100] batch [385/391] loss 0.5898 lr 0.006962898649802819 acc 87.50% eta 0:20:50
2023-04-07 13:41:45,722 - __main__ - INFO - Computing epoch 84 validation accuracy...
2023-04-07 13:41:51,053 - __main__ - INFO - Computing epoch 84 validation loss...
2023-04-07 13:41:57,022 - __main__ - INFO - [INFO] 2023-04-07 13:41:57.022240 Epoch [85/100] batch [1/391] loss 0.5596 lr 0.0061846659978068265 acc 85.94% eta 0:22:08
2023-04-07 13:42:26,425 - __main__ - INFO - [INFO] 2023-04-07 13:42:26.425802 Epoch [85/100] batch [129/391] loss 0.5103 lr 0.0061846659978068265 acc 90.62% eta 0:20:08
2023-04-07 13:42:56,346 - __main__ - INFO - [INFO] 2023-04-07 13:42:56.346129 Epoch [85/100] batch [257/391] loss 0.5767 lr 0.0061846659978068265 acc 85.94% eta 0:19:53
2023-04-07 13:43:26,222 - __main__ - INFO - [INFO] 2023-04-07 13:43:26.222734 Epoch [85/100] batch [385/391] loss 0.7227 lr 0.0061846659978068265 acc 79.69% eta 0:19:31
2023-04-07 13:43:27,618 - __main__ - INFO - Computing epoch 85 validation accuracy...
2023-04-07 13:43:33,121 - __main__ - INFO - Computing epoch 85 validation loss...
2023-04-07 13:43:38,735 - __main__ - INFO - [INFO] 2023-04-07 13:43:38.735601 Epoch [86/100] batch [1/391] loss 0.4895 lr 0.005449673790581615 acc 86.72% eta 0:20:11
2023-04-07 13:44:08,444 - __main__ - INFO - [INFO] 2023-04-07 13:44:08.444202 Epoch [86/100] batch [129/391] loss 0.3906 lr 0.005449673790581615 acc 89.84% eta 0:19:07
2023-04-07 13:44:38,141 - __main__ - INFO - [INFO] 2023-04-07 13:44:38.140926 Epoch [86/100] batch [257/391] loss 0.5488 lr 0.005449673790581615 acc 87.50% eta 0:18:41
2023-04-07 13:45:07,583 - __main__ - INFO - [INFO] 2023-04-07 13:45:07.583429 Epoch [86/100] batch [385/391] loss 0.5596 lr 0.005449673790581615 acc 85.16% eta 0:18:10
2023-04-07 13:45:08,963 - __main__ - INFO - Computing epoch 86 validation accuracy...
2023-04-07 13:45:14,356 - __main__ - INFO - Computing epoch 86 validation loss...
2023-04-07 13:45:20,249 - __main__ - INFO - [INFO] 2023-04-07 13:45:20.248935 Epoch [87/100] batch [1/391] loss 0.4385 lr 0.004758647376699036 acc 93.75% eta 0:19:51
2023-04-07 13:45:49,932 - __main__ - INFO - [INFO] 2023-04-07 13:45:49.932393 Epoch [87/100] batch [129/391] loss 0.3064 lr 0.004758647376699036 acc 94.53% eta 0:17:46
2023-04-07 13:46:19,475 - __main__ - INFO - [INFO] 2023-04-07 13:46:19.474913 Epoch [87/100] batch [257/391] loss 0.4509 lr 0.004758647376699036 acc 89.06% eta 0:17:20
2023-04-07 13:46:49,248 - __main__ - INFO - [INFO] 2023-04-07 13:46:49.248092 Epoch [87/100] batch [385/391] loss 0.4268 lr 0.004758647376699036 acc 86.72% eta 0:16:56
2023-04-07 13:46:50,591 - __main__ - INFO - Computing epoch 87 validation accuracy...
2023-04-07 13:46:56,322 - __main__ - INFO - Computing epoch 87 validation loss...
2023-04-07 13:47:01,847 - __main__ - INFO - [INFO] 2023-04-07 13:47:01.847011 Epoch [88/100] batch [1/391] loss 0.4551 lr 0.004112268715800957 acc 90.62% eta 0:17:36
2023-04-07 13:47:31,062 - __main__ - INFO - [INFO] 2023-04-07 13:47:31.062046 Epoch [88/100] batch [129/391] loss 0.4119 lr 0.004112268715800957 acc 91.41% eta 0:16:11
2023-04-07 13:48:00,910 - __main__ - INFO - [INFO] 2023-04-07 13:48:00.910330 Epoch [88/100] batch [257/391] loss 0.5151 lr 0.004112268715800957 acc 85.94% eta 0:15:58
2023-04-07 13:48:30,377 - __main__ - INFO - [INFO] 2023-04-07 13:48:30.377178 Epoch [88/100] batch [385/391] loss 0.3010 lr 0.004112268715800957 acc 95.31% eta 0:15:32
2023-04-07 13:48:31,753 - __main__ - INFO - Computing epoch 88 validation accuracy...
2023-04-07 13:48:37,066 - __main__ - INFO - Computing epoch 88 validation loss...
2023-04-07 13:48:42,984 - __main__ - INFO - [INFO] 2023-04-07 13:48:42.984023 Epoch [89/100] batch [1/391] loss 0.3967 lr 0.003511175705587435 acc 91.41% eta 0:20:41
2023-04-07 13:49:12,985 - __main__ - INFO - [INFO] 2023-04-07 13:49:12.985474 Epoch [89/100] batch [129/391] loss 0.3743 lr 0.003511175705587435 acc 90.62% eta 0:15:21
2023-04-07 13:49:43,112 - __main__ - INFO - [INFO] 2023-04-07 13:49:43.112122 Epoch [89/100] batch [257/391] loss 0.3467 lr 0.003511175705587435 acc 92.19% eta 0:14:57
2023-04-07 13:50:12,605 - __main__ - INFO - [INFO] 2023-04-07 13:50:12.605682 Epoch [89/100] batch [385/391] loss 0.4712 lr 0.003511175705587435 acc 89.06% eta 0:14:24
2023-04-07 13:50:13,954 - __main__ - INFO - Computing epoch 89 validation accuracy...
2023-04-07 13:50:19,299 - __main__ - INFO - Computing epoch 89 validation loss...
2023-04-07 13:50:25,073 - __main__ - INFO - [INFO] 2023-04-07 13:50:25.073431 Epoch [90/100] batch [1/391] loss 0.4329 lr 0.0029559615522887295 acc 92.97% eta 0:15:00
2023-04-07 13:50:54,494 - __main__ - INFO - [INFO] 2023-04-07 13:50:54.494218 Epoch [90/100] batch [129/391] loss 0.4346 lr 0.0029559615522887295 acc 92.19% eta 0:13:46
2023-04-07 13:51:23,929 - __main__ - INFO - [INFO] 2023-04-07 13:51:23.928898 Epoch [90/100] batch [257/391] loss 0.3169 lr 0.0029559615522887295 acc 93.75% eta 0:13:21
2023-04-07 13:51:54,128 - __main__ - INFO - [INFO] 2023-04-07 13:51:54.128567 Epoch [90/100] batch [385/391] loss 0.3762 lr 0.0029559615522887295 acc 90.62% eta 0:13:02
2023-04-07 13:51:55,531 - __main__ - INFO - Computing epoch 90 validation accuracy...
2023-04-07 13:52:01,272 - __main__ - INFO - Computing epoch 90 validation loss...
2023-04-07 13:52:07,379 - __main__ - INFO - [INFO] 2023-04-07 13:52:07.378988 Epoch [91/100] batch [1/391] loss 0.3132 lr 0.0024471741852423253 acc 92.97% eta 0:14:07
2023-04-07 13:52:37,116 - __main__ - INFO - [INFO] 2023-04-07 13:52:37.116075 Epoch [91/100] batch [129/391] loss 0.4033 lr 0.0024471741852423253 acc 91.41% eta 0:12:33
2023-04-07 13:53:07,111 - __main__ - INFO - [INFO] 2023-04-07 13:53:07.111476 Epoch [91/100] batch [257/391] loss 0.3586 lr 0.0024471741852423253 acc 92.19% eta 0:12:11
2023-04-07 13:53:36,591 - __main__ - INFO - [INFO] 2023-04-07 13:53:36.591410 Epoch [91/100] batch [385/391] loss 0.4963 lr 0.0024471741852423253 acc 85.94% eta 0:11:43
2023-04-07 13:53:37,922 - __main__ - INFO - Computing epoch 91 validation accuracy...
2023-04-07 13:53:43,436 - __main__ - INFO - Computing epoch 91 validation loss...
2023-04-07 13:53:49,113 - __main__ - INFO - [INFO] 2023-04-07 13:53:49.113687 Epoch [92/100] batch [1/391] loss 0.3875 lr 0.0019853157161528537 acc 89.84% eta 0:12:48
2023-04-07 13:54:18,877 - __main__ - INFO - [INFO] 2023-04-07 13:54:18.877634 Epoch [92/100] batch [129/391] loss 0.2051 lr 0.0019853157161528537 acc 96.88% eta 0:11:18
2023-04-07 13:54:48,362 - __main__ - INFO - [INFO] 2023-04-07 13:54:48.362072 Epoch [92/100] batch [257/391] loss 0.3267 lr 0.0019853157161528537 acc 91.41% eta 0:10:49
2023-04-07 13:55:18,098 - __main__ - INFO - [INFO] 2023-04-07 13:55:18.097943 Epoch [92/100] batch [385/391] loss 0.3462 lr 0.0019853157161528537 acc 91.41% eta 0:10:23
2023-04-07 13:55:19,424 - __main__ - INFO - Computing epoch 92 validation accuracy...
2023-04-07 13:55:24,704 - __main__ - INFO - Computing epoch 92 validation loss...
2023-04-07 13:55:30,426 - __main__ - INFO - [INFO] 2023-04-07 13:55:30.426406 Epoch [93/100] batch [1/391] loss 0.2549 lr 0.0015708419435684529 acc 96.09% eta 0:11:16
2023-04-07 13:56:00,214 - __main__ - INFO - [INFO] 2023-04-07 13:56:00.214077 Epoch [93/100] batch [129/391] loss 0.3115 lr 0.0015708419435684529 acc 94.53% eta 0:10:00
2023-04-07 13:56:29,763 - __main__ - INFO - [INFO] 2023-04-07 13:56:29.763285 Epoch [93/100] batch [257/391] loss 0.2366 lr 0.0015708419435684529 acc 96.88% eta 0:09:32
2023-04-07 13:56:59,477 - __main__ - INFO - [INFO] 2023-04-07 13:56:59.477152 Epoch [93/100] batch [385/391] loss 0.4097 lr 0.0015708419435684529 acc 90.62% eta 0:09:07
2023-04-07 13:57:00,844 - __main__ - INFO - Computing epoch 93 validation accuracy...
2023-04-07 13:57:06,236 - __main__ - INFO - Computing epoch 93 validation loss...
2023-04-07 13:57:12,543 - __main__ - INFO - [INFO] 2023-04-07 13:57:12.543321 Epoch [94/100] batch [1/391] loss 0.4094 lr 0.0012041619030626347 acc 87.50% eta 0:10:24
2023-04-07 13:57:42,178 - __main__ - INFO - [INFO] 2023-04-07 13:57:42.178086 Epoch [94/100] batch [129/391] loss 0.3245 lr 0.0012041619030626347 acc 92.97% eta 0:08:38
2023-04-07 13:58:13,051 - __main__ - INFO - [INFO] 2023-04-07 13:58:13.051043 Epoch [94/100] batch [257/391] loss 0.4282 lr 0.0012041619030626347 acc 88.28% eta 0:08:23
2023-04-07 13:58:43,007 - __main__ - INFO - [INFO] 2023-04-07 13:58:43.007615 Epoch [94/100] batch [385/391] loss 0.2615 lr 0.0012041619030626347 acc 96.88% eta 0:07:55
2023-04-07 13:58:44,352 - __main__ - INFO - Computing epoch 94 validation accuracy...
2023-04-07 13:58:49,768 - __main__ - INFO - Computing epoch 94 validation loss...
2023-04-07 13:58:55,617 - __main__ - INFO - [INFO] 2023-04-07 13:58:55.617620 Epoch [95/100] batch [1/391] loss 0.3369 lr 0.0008856374635655646 acc 89.84% eta 0:08:43
2023-04-07 13:59:25,412 - __main__ - INFO - [INFO] 2023-04-07 13:59:25.412751 Epoch [95/100] batch [129/391] loss 0.2871 lr 0.0008856374635655646 acc 94.53% eta 0:07:24
2023-04-07 13:59:55,040 - __main__ - INFO - [INFO] 2023-04-07 13:59:55.040136 Epoch [95/100] batch [257/391] loss 0.2822 lr 0.0008856374635655646 acc 89.06% eta 0:06:57
2023-04-07 14:00:24,435 - __main__ - INFO - [INFO] 2023-04-07 14:00:24.435009 Epoch [95/100] batch [385/391] loss 0.2432 lr 0.0008856374635655646 acc 93.75% eta 0:06:30
2023-04-07 14:00:25,781 - __main__ - INFO - Computing epoch 95 validation accuracy...
2023-04-07 14:00:31,189 - __main__ - INFO - Computing epoch 95 validation loss...
2023-04-07 14:00:36,801 - __main__ - INFO - [INFO] 2023-04-07 14:00:36.801244 Epoch [96/100] batch [1/391] loss 0.2289 lr 0.0006155829702431174 acc 96.88% eta 0:06:45
2023-04-07 14:01:06,694 - __main__ - INFO - [INFO] 2023-04-07 14:01:06.694620 Epoch [96/100] batch [129/391] loss 0.2842 lr 0.0006155829702431174 acc 95.31% eta 0:06:07
2023-04-07 14:01:36,378 - __main__ - INFO - [INFO] 2023-04-07 14:01:36.378073 Epoch [96/100] batch [257/391] loss 0.1891 lr 0.0006155829702431174 acc 94.53% eta 0:05:40
2023-04-07 14:02:05,929 - __main__ - INFO - [INFO] 2023-04-07 14:02:05.928865 Epoch [96/100] batch [385/391] loss 0.3337 lr 0.0006155829702431174 acc 93.75% eta 0:05:13
2023-04-07 14:02:07,284 - __main__ - INFO - Computing epoch 96 validation accuracy...
2023-04-07 14:02:12,914 - __main__ - INFO - Computing epoch 96 validation loss...
2023-04-07 14:02:19,302 - __main__ - INFO - [INFO] 2023-04-07 14:02:19.301817 Epoch [97/100] batch [1/391] loss 0.3232 lr 0.00039426493427611206 acc 91.41% eta 0:06:12
2023-04-07 14:02:49,654 - __main__ - INFO - [INFO] 2023-04-07 14:02:49.654247 Epoch [97/100] batch [129/391] loss 0.3525 lr 0.00039426493427611206 acc 89.06% eta 0:04:51
2023-04-07 14:03:19,793 - __main__ - INFO - [INFO] 2023-04-07 14:03:19.793183 Epoch [97/100] batch [257/391] loss 0.3943 lr 0.00039426493427611206 acc 92.19% eta 0:04:25
2023-04-07 14:03:49,287 - __main__ - INFO - [INFO] 2023-04-07 14:03:49.286989 Epoch [97/100] batch [385/391] loss 0.1818 lr 0.00039426493427611206 acc 98.44% eta 0:03:57
2023-04-07 14:03:50,645 - __main__ - INFO - Computing epoch 97 validation accuracy...
2023-04-07 14:03:56,024 - __main__ - INFO - Computing epoch 97 validation loss...
2023-04-07 14:04:02,094 - __main__ - INFO - [INFO] 2023-04-07 14:04:02.094767 Epoch [98/100] batch [1/391] loss 0.2084 lr 0.00022190176984600036 acc 96.09% eta 0:04:10
2023-04-07 14:04:31,882 - __main__ - INFO - [INFO] 2023-04-07 14:04:31.882217 Epoch [98/100] batch [129/391] loss 0.2178 lr 0.00022190176984600036 acc 93.75% eta 0:03:29
2023-04-07 14:05:01,528 - __main__ - INFO - [INFO] 2023-04-07 14:05:01.528200 Epoch [98/100] batch [257/391] loss 0.2986 lr 0.00022190176984600036 acc 94.53% eta 0:03:02
2023-04-07 14:05:31,215 - __main__ - INFO - [INFO] 2023-04-07 14:05:31.215107 Epoch [98/100] batch [385/391] loss 0.2644 lr 0.00022190176984600036 acc 92.97% eta 0:02:37
2023-04-07 14:05:32,568 - __main__ - INFO - Computing epoch 98 validation accuracy...
2023-04-07 14:05:37,850 - __main__ - INFO - Computing epoch 98 validation loss...
2023-04-07 14:05:43,798 - __main__ - INFO - [INFO] 2023-04-07 14:05:43.797943 Epoch [99/100] batch [1/391] loss 0.2573 lr 9.866357858642213e-05 acc 91.41% eta 0:02:32
2023-04-07 14:06:13,724 - __main__ - INFO - [INFO] 2023-04-07 14:06:13.724727 Epoch [99/100] batch [129/391] loss 0.3145 lr 9.866357858642213e-05 acc 91.41% eta 0:02:11
2023-04-07 14:06:43,559 - __main__ - INFO - [INFO] 2023-04-07 14:06:43.558971 Epoch [99/100] batch [257/391] loss 0.2932 lr 9.866357858642213e-05 acc 92.97% eta 0:01:45
2023-04-07 14:07:14,857 - __main__ - INFO - [INFO] 2023-04-07 14:07:14.857282 Epoch [99/100] batch [385/391] loss 0.2084 lr 9.866357858642213e-05 acc 96.88% eta 0:01:20
2023-04-07 14:07:16,262 - __main__ - INFO - Computing epoch 99 validation accuracy...
2023-04-07 14:07:22,150 - __main__ - INFO - Computing epoch 99 validation loss...
2023-04-07 14:07:28,627 - __main__ - INFO - [INFO] 2023-04-07 14:07:28.627304 Epoch [100/100] batch [1/391] loss 0.3442 lr 2.4671981713420017e-05 acc 94.53% eta 0:01:21
2023-04-07 14:07:59,586 - __main__ - INFO - [INFO] 2023-04-07 14:07:59.586389 Epoch [100/100] batch [129/391] loss 0.2754 lr 2.4671981713420017e-05 acc 93.75% eta 0:00:53
2023-04-07 14:08:30,068 - __main__ - INFO - [INFO] 2023-04-07 14:08:30.068579 Epoch [100/100] batch [257/391] loss 0.3049 lr 2.4671981713420017e-05 acc 92.19% eta 0:00:27
2023-04-07 14:08:59,790 - __main__ - INFO - [INFO] 2023-04-07 14:08:59.790163 Epoch [100/100] batch [385/391] loss 0.2676 lr 2.4671981713420017e-05 acc 94.53% eta 0:00:01
2023-04-07 14:09:01,146 - __main__ - INFO - Computing epoch 100 validation accuracy...
2023-04-07 14:09:06,534 - __main__ - INFO - Computing epoch 100 validation loss...
2023-04-07 14:09:12,316 - __main__ - INFO - Reading testing data set cifar100
2023-04-07 14:09:13,085 - __main__ - INFO - Loading trained model...
2023-04-07 14:09:21,241 - __main__ - INFO - Testing acc : 71.21%.
