2023-04-04 22:14:24,514 - __main__ - INFO - 

2023-04-04 22:14:24,514 - __main__ - INFO - ***************
2023-04-04 22:14:24,514 - __main__ - INFO - ** Arguments **
2023-04-04 22:14:24,514 - __main__ - INFO - ***************
2023-04-04 22:14:24,514 - __main__ - INFO - backbone: vgg19
2023-04-04 22:14:24,514 - __main__ - INFO - dataname: cifar100
2023-04-04 22:14:24,514 - __main__ - INFO - drop_method: no
2023-04-04 22:14:24,514 - __main__ - INFO - drop_rate: 0.0
2023-04-04 22:14:24,514 - __main__ - INFO - eval_only: 0
2023-04-04 22:14:24,514 - __main__ - INFO - output_path: checkpoints/cifar100/vgg19/drop_no/rate_0./seed2
2023-04-04 22:14:24,515 - __main__ - INFO - part_rate: 0.1
2023-04-04 22:14:24,515 - __main__ - INFO - seed: 2
2023-04-04 22:14:24,515 - __main__ - INFO - weight_decay: 0.0005
2023-04-04 22:14:24,515 - __main__ - INFO - ************
2023-04-04 22:14:24,515 - __main__ - INFO - ** Config **
2023-04-04 22:14:24,515 - __main__ - INFO - ************
2023-04-04 22:14:24,515 - __main__ - INFO - {'DATALOADER': {'PATH': './data', 'DATANAME': 'cifar100', 'BATCH_SIZE': 128, 'NUM_CLASSES': 100}, 'INPUT': {'SIZE': [32, 32], 'PIXEL_MEAN': [0.4914, 0.4822, 0.4465], 'PIXEL_STD': [0.2023, 0.1994, 0.201]}, 'OUTPUT': {'DIR': 'checkpoints/cifar100/vgg19/drop_no/rate_0./seed2'}, 'SEED': 2, 'OPTIM': {'LR': 0.1, 'MAX_EPOCH': 100, 'LR_SCHEDULER': 'step', 'LR_MILESTONES': [20, 40, 80, 120, 140], 'LR_DECAY': 0.2, 'PART_RATE': 0.1, 'WEIGHT_DECAY': 0.0005, 'DROP_RATE': 0.0, 'DROP_METHOD': 'no', 'BLOCK_SIZE': 7}, 'MODEL': {'BACKBONE': 'vgg19'}}
2023-04-04 22:14:24,534 - __main__ - INFO - Reading training data set cifar100
2023-04-04 22:14:26,565 - __main__ - INFO - Loading raw model
2023-04-04 22:14:29,720 - __main__ - INFO - 
Saving everything to checkpoints/cifar100/vgg19/drop_no/rate_0./seed2
2023-04-04 22:14:29,720 - __main__ - INFO - Start training...
2023-04-04 22:14:33,939 - __main__ - INFO - [INFO] 2023-04-04 22:14:33.939345 Epoch [1/100] batch [1/391] loss 4.6133 lr 0.1 acc 3.12% eta 1 day, 21:43:34
2023-04-04 22:14:46,444 - __main__ - INFO - [INFO] 2023-04-04 22:14:46.443894 Epoch [1/100] batch [129/391] loss 4.4609 lr 0.1 acc 0.78% eta 1:14:38
2023-04-04 22:14:59,111 - __main__ - INFO - [INFO] 2023-04-04 22:14:59.111044 Epoch [1/100] batch [257/391] loss 4.2773 lr 0.1 acc 3.12% eta 1:04:24
2023-04-04 22:15:11,232 - __main__ - INFO - [INFO] 2023-04-04 22:15:11.232117 Epoch [1/100] batch [385/391] loss 4.1562 lr 0.1 acc 2.34% eta 1:00:58
2023-04-04 22:15:11,840 - __main__ - INFO - Computing epoch 1 validation accuracy...
2023-04-04 22:15:15,033 - __main__ - INFO - Computing epoch 1 validation loss...
2023-04-04 22:15:18,313 - __main__ - INFO - [INFO] 2023-04-04 22:15:18.313719 Epoch [2/100] batch [1/391] loss 4.2891 lr 0.09997532801828658 acc 2.34% eta 1:01:51
2023-04-04 22:15:30,971 - __main__ - INFO - [INFO] 2023-04-04 22:15:30.971556 Epoch [2/100] batch [129/391] loss 4.2695 lr 0.09997532801828658 acc 3.12% eta 0:54:25
2023-04-04 22:15:43,600 - __main__ - INFO - [INFO] 2023-04-04 22:15:43.600587 Epoch [2/100] batch [257/391] loss 4.2031 lr 0.09997532801828658 acc 3.12% eta 0:54:28
2023-04-04 22:15:56,263 - __main__ - INFO - [INFO] 2023-04-04 22:15:56.263695 Epoch [2/100] batch [385/391] loss 4.0781 lr 0.09997532801828658 acc 7.03% eta 0:54:25
2023-04-04 22:15:56,816 - __main__ - INFO - Computing epoch 2 validation accuracy...
2023-04-04 22:15:59,994 - __main__ - INFO - Computing epoch 2 validation loss...
2023-04-04 22:16:03,394 - __main__ - INFO - [INFO] 2023-04-04 22:16:03.393883 Epoch [3/100] batch [1/391] loss 4.1680 lr 0.09990133642141358 acc 4.69% eta 0:57:59
2023-04-04 22:16:15,925 - __main__ - INFO - [INFO] 2023-04-04 22:16:15.925293 Epoch [3/100] batch [129/391] loss 4.1016 lr 0.09990133642141358 acc 3.12% eta 0:53:55
2023-04-04 22:16:28,728 - __main__ - INFO - [INFO] 2023-04-04 22:16:28.728802 Epoch [3/100] batch [257/391] loss 4.0430 lr 0.09990133642141358 acc 6.25% eta 0:54:18
2023-04-04 22:16:41,215 - __main__ - INFO - [INFO] 2023-04-04 22:16:41.215766 Epoch [3/100] batch [385/391] loss 4.0234 lr 0.09990133642141358 acc 10.94% eta 0:53:59
2023-04-04 22:16:41,783 - __main__ - INFO - Computing epoch 3 validation accuracy...
2023-04-04 22:16:44,893 - __main__ - INFO - Computing epoch 3 validation loss...
2023-04-04 22:16:48,151 - __main__ - INFO - [INFO] 2023-04-04 22:16:48.151063 Epoch [4/100] batch [1/391] loss 3.9141 lr 0.099778098230154 acc 8.59% eta 0:59:07
2023-04-04 22:17:00,678 - __main__ - INFO - [INFO] 2023-04-04 22:17:00.678039 Epoch [4/100] batch [129/391] loss 3.6543 lr 0.099778098230154 acc 7.03% eta 0:53:38
2023-04-04 22:17:13,439 - __main__ - INFO - [INFO] 2023-04-04 22:17:13.439102 Epoch [4/100] batch [257/391] loss 3.7969 lr 0.099778098230154 acc 10.94% eta 0:53:43
2023-04-04 22:17:26,046 - __main__ - INFO - [INFO] 2023-04-04 22:17:26.046750 Epoch [4/100] batch [385/391] loss 3.9219 lr 0.099778098230154 acc 10.16% eta 0:53:18
2023-04-04 22:17:26,594 - __main__ - INFO - Computing epoch 4 validation accuracy...
2023-04-04 22:17:29,900 - __main__ - INFO - Computing epoch 4 validation loss...
2023-04-04 22:17:33,223 - __main__ - INFO - [INFO] 2023-04-04 22:17:33.223207 Epoch [5/100] batch [1/391] loss 3.7891 lr 0.0996057350657239 acc 10.16% eta 0:56:28
2023-04-04 22:17:45,714 - __main__ - INFO - [INFO] 2023-04-04 22:17:45.714037 Epoch [5/100] batch [129/391] loss 3.7871 lr 0.0996057350657239 acc 7.81% eta 0:52:21
2023-04-04 22:17:58,535 - __main__ - INFO - [INFO] 2023-04-04 22:17:58.535526 Epoch [5/100] batch [257/391] loss 3.8535 lr 0.0996057350657239 acc 7.81% eta 0:53:05
2023-04-04 22:18:11,220 - __main__ - INFO - [INFO] 2023-04-04 22:18:11.220478 Epoch [5/100] batch [385/391] loss 3.5918 lr 0.0996057350657239 acc 13.28% eta 0:52:50
2023-04-04 22:18:11,798 - __main__ - INFO - Computing epoch 5 validation accuracy...
2023-04-04 22:18:14,975 - __main__ - INFO - Computing epoch 5 validation loss...
2023-04-04 22:18:18,308 - __main__ - INFO - [INFO] 2023-04-04 22:18:18.308583 Epoch [6/100] batch [1/391] loss 3.6250 lr 0.09938441702975688 acc 11.72% eta 0:53:22
2023-04-04 22:18:30,654 - __main__ - INFO - [INFO] 2023-04-04 22:18:30.654657 Epoch [6/100] batch [129/391] loss 3.7988 lr 0.09938441702975688 acc 6.25% eta 0:53:08
2023-04-04 22:18:43,271 - __main__ - INFO - [INFO] 2023-04-04 22:18:43.270979 Epoch [6/100] batch [257/391] loss 3.5566 lr 0.09938441702975688 acc 5.47% eta 0:52:49
2023-04-04 22:18:55,790 - __main__ - INFO - [INFO] 2023-04-04 22:18:55.789896 Epoch [6/100] batch [385/391] loss 3.7031 lr 0.09938441702975688 acc 8.59% eta 0:52:28
2023-04-04 22:18:56,345 - __main__ - INFO - Computing epoch 6 validation accuracy...
2023-04-04 22:18:59,482 - __main__ - INFO - Computing epoch 6 validation loss...
2023-04-04 22:19:02,782 - __main__ - INFO - [INFO] 2023-04-04 22:19:02.782107 Epoch [7/100] batch [1/391] loss 3.4980 lr 0.09911436253643444 acc 12.50% eta 0:56:03
2023-04-04 22:19:15,510 - __main__ - INFO - [INFO] 2023-04-04 22:19:15.509860 Epoch [7/100] batch [129/391] loss 3.4922 lr 0.09911436253643444 acc 16.41% eta 0:52:21
2023-04-04 22:19:28,167 - __main__ - INFO - [INFO] 2023-04-04 22:19:28.167280 Epoch [7/100] batch [257/391] loss 3.3691 lr 0.09911436253643444 acc 13.28% eta 0:52:01
2023-04-04 22:19:40,968 - __main__ - INFO - [INFO] 2023-04-04 22:19:40.968362 Epoch [7/100] batch [385/391] loss 3.4219 lr 0.09911436253643444 acc 17.19% eta 0:52:06
2023-04-04 22:19:41,568 - __main__ - INFO - Computing epoch 7 validation accuracy...
2023-04-04 22:19:44,687 - __main__ - INFO - Computing epoch 7 validation loss...
2023-04-04 22:19:47,980 - __main__ - INFO - [INFO] 2023-04-04 22:19:47.979841 Epoch [8/100] batch [1/391] loss 3.4590 lr 0.09879583809693737 acc 17.19% eta 0:58:36
2023-04-04 22:20:00,406 - __main__ - INFO - [INFO] 2023-04-04 22:20:00.406539 Epoch [8/100] batch [129/391] loss 3.3887 lr 0.09879583809693737 acc 12.50% eta 0:50:57
2023-04-04 22:20:12,880 - __main__ - INFO - [INFO] 2023-04-04 22:20:12.880436 Epoch [8/100] batch [257/391] loss 3.3164 lr 0.09879583809693737 acc 13.28% eta 0:51:15
2023-04-04 22:20:25,603 - __main__ - INFO - [INFO] 2023-04-04 22:20:25.602986 Epoch [8/100] batch [385/391] loss 3.2988 lr 0.09879583809693737 acc 16.41% eta 0:51:13
2023-04-04 22:20:26,186 - __main__ - INFO - Computing epoch 8 validation accuracy...
2023-04-04 22:20:29,518 - __main__ - INFO - Computing epoch 8 validation loss...
2023-04-04 22:20:32,679 - __main__ - INFO - [INFO] 2023-04-04 22:20:32.679715 Epoch [9/100] batch [1/391] loss 3.3379 lr 0.09842915805643156 acc 14.84% eta 0:50:38
2023-04-04 22:20:45,272 - __main__ - INFO - [INFO] 2023-04-04 22:20:45.272130 Epoch [9/100] batch [129/391] loss 3.2988 lr 0.09842915805643156 acc 12.50% eta 0:50:38
2023-04-04 22:20:57,789 - __main__ - INFO - [INFO] 2023-04-04 22:20:57.788976 Epoch [9/100] batch [257/391] loss 3.1973 lr 0.09842915805643156 acc 18.75% eta 0:50:17
2023-04-04 22:21:10,363 - __main__ - INFO - [INFO] 2023-04-04 22:21:10.363645 Epoch [9/100] batch [385/391] loss 3.3184 lr 0.09842915805643156 acc 17.19% eta 0:50:17
2023-04-04 22:21:10,900 - __main__ - INFO - Computing epoch 9 validation accuracy...
2023-04-04 22:21:14,058 - __main__ - INFO - Computing epoch 9 validation loss...
2023-04-04 22:21:17,479 - __main__ - INFO - [INFO] 2023-04-04 22:21:17.479144 Epoch [10/100] batch [1/391] loss 3.2129 lr 0.09801468428384716 acc 18.75% eta 0:53:23
2023-04-04 22:21:30,092 - __main__ - INFO - [INFO] 2023-04-04 22:21:30.091884 Epoch [10/100] batch [129/391] loss 3.2832 lr 0.09801468428384716 acc 21.88% eta 0:50:38
2023-04-04 22:21:42,296 - __main__ - INFO - [INFO] 2023-04-04 22:21:42.296583 Epoch [10/100] batch [257/391] loss 3.3262 lr 0.09801468428384716 acc 18.75% eta 0:50:05
2023-04-04 22:21:54,993 - __main__ - INFO - [INFO] 2023-04-04 22:21:54.993308 Epoch [10/100] batch [385/391] loss 3.0410 lr 0.09801468428384716 acc 22.66% eta 0:50:11
2023-04-04 22:21:55,571 - __main__ - INFO - Computing epoch 10 validation accuracy...
2023-04-04 22:21:58,769 - __main__ - INFO - Computing epoch 10 validation loss...
2023-04-04 22:22:02,130 - __main__ - INFO - [INFO] 2023-04-04 22:22:02.130300 Epoch [11/100] batch [1/391] loss 3.2129 lr 0.09755282581475769 acc 11.72% eta 0:52:49
2023-04-04 22:22:14,756 - __main__ - INFO - [INFO] 2023-04-04 22:22:14.755640 Epoch [11/100] batch [129/391] loss 3.2070 lr 0.09755282581475769 acc 20.31% eta 0:49:41
2023-04-04 22:22:27,767 - __main__ - INFO - [INFO] 2023-04-04 22:22:27.766869 Epoch [11/100] batch [257/391] loss 2.8340 lr 0.09755282581475769 acc 21.09% eta 0:50:37
2023-04-04 22:22:40,658 - __main__ - INFO - [INFO] 2023-04-04 22:22:40.658704 Epoch [11/100] batch [385/391] loss 3.0684 lr 0.09755282581475769 acc 19.53% eta 0:50:16
2023-04-04 22:22:41,231 - __main__ - INFO - Computing epoch 11 validation accuracy...
2023-04-04 22:22:44,436 - __main__ - INFO - Computing epoch 11 validation loss...
2023-04-04 22:22:47,719 - __main__ - INFO - [INFO] 2023-04-04 22:22:47.719065 Epoch [12/100] batch [1/391] loss 2.9473 lr 0.09704403844771128 acc 24.22% eta 0:56:28
2023-04-04 22:23:00,205 - __main__ - INFO - [INFO] 2023-04-04 22:23:00.205446 Epoch [12/100] batch [129/391] loss 3.2266 lr 0.09704403844771128 acc 17.19% eta 0:48:32
2023-04-04 22:23:12,818 - __main__ - INFO - [INFO] 2023-04-04 22:23:12.818031 Epoch [12/100] batch [257/391] loss 2.9102 lr 0.09704403844771128 acc 17.19% eta 0:48:55
2023-04-04 22:23:25,047 - __main__ - INFO - [INFO] 2023-04-04 22:23:25.047191 Epoch [12/100] batch [385/391] loss 3.1855 lr 0.09704403844771128 acc 25.78% eta 0:48:35
2023-04-04 22:23:25,592 - __main__ - INFO - Computing epoch 12 validation accuracy...
2023-04-04 22:23:28,743 - __main__ - INFO - Computing epoch 12 validation loss...
2023-04-04 22:23:32,024 - __main__ - INFO - [INFO] 2023-04-04 22:23:32.024559 Epoch [13/100] batch [1/391] loss 2.9844 lr 0.09648882429441258 acc 23.44% eta 0:49:44
2023-04-04 22:23:44,827 - __main__ - INFO - [INFO] 2023-04-04 22:23:44.827110 Epoch [13/100] batch [129/391] loss 2.8418 lr 0.09648882429441258 acc 24.22% eta 0:50:08
2023-04-04 22:23:57,409 - __main__ - INFO - [INFO] 2023-04-04 22:23:57.409228 Epoch [13/100] batch [257/391] loss 2.8477 lr 0.09648882429441258 acc 24.22% eta 0:49:00
2023-04-04 22:24:10,116 - __main__ - INFO - [INFO] 2023-04-04 22:24:10.116099 Epoch [13/100] batch [385/391] loss 2.9395 lr 0.09648882429441258 acc 28.12% eta 0:48:50
2023-04-04 22:24:10,688 - __main__ - INFO - Computing epoch 13 validation accuracy...
2023-04-04 22:24:13,870 - __main__ - INFO - Computing epoch 13 validation loss...
2023-04-04 22:24:17,047 - __main__ - INFO - [INFO] 2023-04-04 22:24:17.047673 Epoch [14/100] batch [1/391] loss 2.6621 lr 0.09588773128419906 acc 28.91% eta 0:52:58
2023-04-04 22:24:29,609 - __main__ - INFO - [INFO] 2023-04-04 22:24:29.609628 Epoch [14/100] batch [129/391] loss 2.8105 lr 0.09588773128419906 acc 17.97% eta 0:47:37
2023-04-04 22:24:42,466 - __main__ - INFO - [INFO] 2023-04-04 22:24:42.466543 Epoch [14/100] batch [257/391] loss 2.8672 lr 0.09588773128419906 acc 16.41% eta 0:48:16
2023-04-04 22:24:54,681 - __main__ - INFO - [INFO] 2023-04-04 22:24:54.681141 Epoch [14/100] batch [385/391] loss 2.9805 lr 0.09588773128419906 acc 25.00% eta 0:47:58
2023-04-04 22:24:55,221 - __main__ - INFO - Computing epoch 14 validation accuracy...
2023-04-04 22:24:58,547 - __main__ - INFO - Computing epoch 14 validation loss...
2023-04-04 22:25:01,825 - __main__ - INFO - [INFO] 2023-04-04 22:25:01.825129 Epoch [15/100] batch [1/391] loss 2.9199 lr 0.09524135262330098 acc 13.28% eta 0:59:02
2023-04-04 22:25:14,211 - __main__ - INFO - [INFO] 2023-04-04 22:25:14.211796 Epoch [15/100] batch [129/391] loss 2.6953 lr 0.09524135262330098 acc 25.78% eta 0:46:27
2023-04-04 22:25:26,767 - __main__ - INFO - [INFO] 2023-04-04 22:25:26.767522 Epoch [15/100] batch [257/391] loss 2.7305 lr 0.09524135262330098 acc 30.47% eta 0:46:28
2023-04-04 22:25:39,345 - __main__ - INFO - [INFO] 2023-04-04 22:25:39.345694 Epoch [15/100] batch [385/391] loss 2.6484 lr 0.09524135262330098 acc 21.09% eta 0:46:26
2023-04-04 22:25:39,914 - __main__ - INFO - Computing epoch 15 validation accuracy...
2023-04-04 22:25:43,082 - __main__ - INFO - Computing epoch 15 validation loss...
2023-04-04 22:25:46,443 - __main__ - INFO - [INFO] 2023-04-04 22:25:46.443389 Epoch [16/100] batch [1/391] loss 2.7578 lr 0.0945503262094184 acc 28.12% eta 0:49:18
2023-04-04 22:25:59,082 - __main__ - INFO - [INFO] 2023-04-04 22:25:59.082404 Epoch [16/100] batch [129/391] loss 2.8613 lr 0.0945503262094184 acc 28.91% eta 0:47:02
2023-04-04 22:26:11,608 - __main__ - INFO - [INFO] 2023-04-04 22:26:11.608618 Epoch [16/100] batch [257/391] loss 2.6035 lr 0.0945503262094184 acc 36.72% eta 0:46:20
2023-04-04 22:26:24,331 - __main__ - INFO - [INFO] 2023-04-04 22:26:24.330941 Epoch [16/100] batch [385/391] loss 2.8242 lr 0.0945503262094184 acc 32.03% eta 0:46:39
2023-04-04 22:26:24,876 - __main__ - INFO - Computing epoch 16 validation accuracy...
2023-04-04 22:26:27,985 - __main__ - INFO - Computing epoch 16 validation loss...
2023-04-04 22:26:31,178 - __main__ - INFO - [INFO] 2023-04-04 22:26:31.178136 Epoch [17/100] batch [1/391] loss 2.6914 lr 0.09381533400219319 acc 29.69% eta 0:53:40
2023-04-04 22:26:43,879 - __main__ - INFO - [INFO] 2023-04-04 22:26:43.878928 Epoch [17/100] batch [129/391] loss 2.6016 lr 0.09381533400219319 acc 26.56% eta 0:46:44
2023-04-04 22:26:56,417 - __main__ - INFO - [INFO] 2023-04-04 22:26:56.417720 Epoch [17/100] batch [257/391] loss 2.7363 lr 0.09381533400219319 acc 24.22% eta 0:46:14
2023-04-04 22:27:09,111 - __main__ - INFO - [INFO] 2023-04-04 22:27:09.111656 Epoch [17/100] batch [385/391] loss 2.6289 lr 0.09381533400219319 acc 25.78% eta 0:46:12
2023-04-04 22:27:09,676 - __main__ - INFO - Computing epoch 17 validation accuracy...
2023-04-04 22:27:12,926 - __main__ - INFO - Computing epoch 17 validation loss...
2023-04-04 22:27:16,178 - __main__ - INFO - [INFO] 2023-04-04 22:27:16.178657 Epoch [18/100] batch [1/391] loss 2.6309 lr 0.0930371013501972 acc 25.00% eta 0:52:18
2023-04-04 22:27:28,981 - __main__ - INFO - [INFO] 2023-04-04 22:27:28.981427 Epoch [18/100] batch [129/391] loss 2.2715 lr 0.0930371013501972 acc 33.59% eta 0:46:43
2023-04-04 22:27:41,579 - __main__ - INFO - [INFO] 2023-04-04 22:27:41.579122 Epoch [18/100] batch [257/391] loss 2.4902 lr 0.0930371013501972 acc 32.03% eta 0:46:00
2023-04-04 22:27:54,057 - __main__ - INFO - [INFO] 2023-04-04 22:27:54.057688 Epoch [18/100] batch [385/391] loss 2.4766 lr 0.0930371013501972 acc 25.78% eta 0:45:28
2023-04-04 22:27:54,636 - __main__ - INFO - Computing epoch 18 validation accuracy...
2023-04-04 22:27:57,714 - __main__ - INFO - Computing epoch 18 validation loss...
2023-04-04 22:28:00,888 - __main__ - INFO - [INFO] 2023-04-04 22:28:00.888577 Epoch [19/100] batch [1/391] loss 2.6543 lr 0.09221639627510078 acc 25.00% eta 0:48:58
2023-04-04 22:28:13,344 - __main__ - INFO - [INFO] 2023-04-04 22:28:13.344543 Epoch [19/100] batch [129/391] loss 2.6445 lr 0.09221639627510078 acc 32.81% eta 0:45:31
2023-04-04 22:28:26,221 - __main__ - INFO - [INFO] 2023-04-04 22:28:26.221367 Epoch [19/100] batch [257/391] loss 2.7031 lr 0.09221639627510078 acc 37.50% eta 0:45:45
2023-04-04 22:28:38,550 - __main__ - INFO - [INFO] 2023-04-04 22:28:38.550257 Epoch [19/100] batch [385/391] loss 2.7207 lr 0.09221639627510078 acc 34.38% eta 0:44:53
2023-04-04 22:28:39,124 - __main__ - INFO - Computing epoch 19 validation accuracy...
2023-04-04 22:28:42,339 - __main__ - INFO - Computing epoch 19 validation loss...
2023-04-04 22:28:45,462 - __main__ - INFO - [INFO] 2023-04-04 22:28:45.462666 Epoch [20/100] batch [1/391] loss 2.6660 lr 0.09135402871372812 acc 34.38% eta 0:47:34
2023-04-04 22:28:58,083 - __main__ - INFO - [INFO] 2023-04-04 22:28:58.083820 Epoch [20/100] batch [129/391] loss 2.5645 lr 0.09135402871372812 acc 24.22% eta 0:45:08
2023-04-04 22:29:10,647 - __main__ - INFO - [INFO] 2023-04-04 22:29:10.647534 Epoch [20/100] batch [257/391] loss 2.7129 lr 0.09135402871372812 acc 35.16% eta 0:44:31
2023-04-04 22:29:23,328 - __main__ - INFO - [INFO] 2023-04-04 22:29:23.328295 Epoch [20/100] batch [385/391] loss 2.3301 lr 0.09135402871372812 acc 30.47% eta 0:44:31
2023-04-04 22:29:23,890 - __main__ - INFO - Computing epoch 20 validation accuracy...
2023-04-04 22:29:27,020 - __main__ - INFO - Computing epoch 20 validation loss...
2023-04-04 22:29:30,299 - __main__ - INFO - [INFO] 2023-04-04 22:29:30.299808 Epoch [21/100] batch [1/391] loss 2.4941 lr 0.09045084971874741 acc 30.47% eta 0:45:46
2023-04-04 22:29:42,502 - __main__ - INFO - [INFO] 2023-04-04 22:29:42.502501 Epoch [21/100] batch [129/391] loss 2.4688 lr 0.09045084971874741 acc 35.94% eta 0:44:13
2023-04-04 22:29:55,203 - __main__ - INFO - [INFO] 2023-04-04 22:29:55.203227 Epoch [21/100] batch [257/391] loss 2.4629 lr 0.09045084971874741 acc 31.25% eta 0:43:55
2023-04-04 22:30:07,736 - __main__ - INFO - [INFO] 2023-04-04 22:30:07.735937 Epoch [21/100] batch [385/391] loss 2.7676 lr 0.09045084971874741 acc 28.91% eta 0:43:34
2023-04-04 22:30:08,300 - __main__ - INFO - Computing epoch 21 validation accuracy...
2023-04-04 22:30:11,623 - __main__ - INFO - Computing epoch 21 validation loss...
2023-04-04 22:30:14,883 - __main__ - INFO - [INFO] 2023-04-04 22:30:14.882948 Epoch [22/100] batch [1/391] loss 2.4121 lr 0.08950775061878455 acc 34.38% eta 0:50:19
2023-04-04 22:30:27,501 - __main__ - INFO - [INFO] 2023-04-04 22:30:27.501681 Epoch [22/100] batch [129/391] loss 2.5605 lr 0.08950775061878455 acc 38.28% eta 0:43:18
2023-04-04 22:30:40,095 - __main__ - INFO - [INFO] 2023-04-04 22:30:40.095687 Epoch [22/100] batch [257/391] loss 2.6094 lr 0.08950775061878455 acc 32.81% eta 0:43:18
2023-04-04 22:30:52,891 - __main__ - INFO - [INFO] 2023-04-04 22:30:52.891079 Epoch [22/100] batch [385/391] loss 2.1816 lr 0.08950775061878455 acc 39.06% eta 0:43:26
2023-04-04 22:30:53,465 - __main__ - INFO - Computing epoch 22 validation accuracy...
2023-04-04 22:30:56,638 - __main__ - INFO - Computing epoch 22 validation loss...
2023-04-04 22:30:59,972 - __main__ - INFO - [INFO] 2023-04-04 22:30:59.972417 Epoch [23/100] batch [1/391] loss 2.6406 lr 0.0885256621387895 acc 28.12% eta 0:44:40
2023-04-04 22:31:12,378 - __main__ - INFO - [INFO] 2023-04-04 22:31:12.378751 Epoch [23/100] batch [129/391] loss 2.4648 lr 0.0885256621387895 acc 33.59% eta 0:43:16
2023-04-04 22:31:25,030 - __main__ - INFO - [INFO] 2023-04-04 22:31:25.029920 Epoch [23/100] batch [257/391] loss 2.2969 lr 0.0885256621387895 acc 35.94% eta 0:43:39
2023-04-04 22:31:37,796 - __main__ - INFO - [INFO] 2023-04-04 22:31:37.796803 Epoch [23/100] batch [385/391] loss 2.3633 lr 0.0885256621387895 acc 25.00% eta 0:43:22
2023-04-04 22:31:38,343 - __main__ - INFO - Computing epoch 23 validation accuracy...
2023-04-04 22:31:41,437 - __main__ - INFO - Computing epoch 23 validation loss...
2023-04-04 22:31:44,588 - __main__ - INFO - [INFO] 2023-04-04 22:31:44.588085 Epoch [24/100] batch [1/391] loss 2.3203 lr 0.08750555348152302 acc 34.38% eta 0:45:07
2023-04-04 22:31:57,038 - __main__ - INFO - [INFO] 2023-04-04 22:31:57.038334 Epoch [24/100] batch [129/391] loss 2.5098 lr 0.08750555348152302 acc 32.81% eta 0:41:36
2023-04-04 22:32:09,636 - __main__ - INFO - [INFO] 2023-04-04 22:32:09.636169 Epoch [24/100] batch [257/391] loss 2.5820 lr 0.08750555348152302 acc 41.41% eta 0:41:54
2023-04-04 22:32:22,279 - __main__ - INFO - [INFO] 2023-04-04 22:32:22.279274 Epoch [24/100] batch [385/391] loss 2.4512 lr 0.08750555348152302 acc 28.91% eta 0:41:50
2023-04-04 22:32:22,851 - __main__ - INFO - Computing epoch 24 validation accuracy...
2023-04-04 22:32:26,121 - __main__ - INFO - Computing epoch 24 validation loss...
2023-04-04 22:32:29,569 - __main__ - INFO - [INFO] 2023-04-04 22:32:29.569531 Epoch [25/100] batch [1/391] loss 2.4961 lr 0.08644843137107061 acc 33.59% eta 0:42:42
2023-04-04 22:32:42,297 - __main__ - INFO - [INFO] 2023-04-04 22:32:42.297657 Epoch [25/100] batch [129/391] loss 2.5801 lr 0.08644843137107061 acc 35.94% eta 0:42:23
2023-04-04 22:32:54,398 - __main__ - INFO - [INFO] 2023-04-04 22:32:54.397880 Epoch [25/100] batch [257/391] loss 2.5508 lr 0.08644843137107061 acc 35.16% eta 0:41:52
2023-04-04 22:33:06,916 - __main__ - INFO - [INFO] 2023-04-04 22:33:06.915800 Epoch [25/100] batch [385/391] loss 2.3145 lr 0.08644843137107061 acc 33.59% eta 0:41:34
2023-04-04 22:33:07,479 - __main__ - INFO - Computing epoch 25 validation accuracy...
2023-04-04 22:33:10,664 - __main__ - INFO - Computing epoch 25 validation loss...
2023-04-04 22:33:13,813 - __main__ - INFO - [INFO] 2023-04-04 22:33:13.813366 Epoch [26/100] batch [1/391] loss 2.1719 lr 0.0853553390593274 acc 46.09% eta 0:45:12
2023-04-04 22:33:26,380 - __main__ - INFO - [INFO] 2023-04-04 22:33:26.380186 Epoch [26/100] batch [129/391] loss 2.3164 lr 0.0853553390593274 acc 34.38% eta 0:41:05
2023-04-04 22:33:39,105 - __main__ - INFO - [INFO] 2023-04-04 22:33:39.105219 Epoch [26/100] batch [257/391] loss 2.2012 lr 0.0853553390593274 acc 43.75% eta 0:41:10
2023-04-04 22:33:51,817 - __main__ - INFO - [INFO] 2023-04-04 22:33:51.817006 Epoch [26/100] batch [385/391] loss 2.5586 lr 0.0853553390593274 acc 30.47% eta 0:41:06
2023-04-04 22:33:52,375 - __main__ - INFO - Computing epoch 26 validation accuracy...
2023-04-04 22:33:55,465 - __main__ - INFO - Computing epoch 26 validation loss...
2023-04-04 22:33:58,826 - __main__ - INFO - [INFO] 2023-04-04 22:33:58.825996 Epoch [27/100] batch [1/391] loss 2.3867 lr 0.08422735529643446 acc 38.28% eta 0:41:27
2023-04-04 22:34:11,462 - __main__ - INFO - [INFO] 2023-04-04 22:34:11.462418 Epoch [27/100] batch [129/391] loss 2.5742 lr 0.08422735529643446 acc 25.78% eta 0:40:48
2023-04-04 22:34:24,267 - __main__ - INFO - [INFO] 2023-04-04 22:34:24.266903 Epoch [27/100] batch [257/391] loss 2.3496 lr 0.08422735529643446 acc 34.38% eta 0:41:17
2023-04-04 22:34:36,913 - __main__ - INFO - [INFO] 2023-04-04 22:34:36.913657 Epoch [27/100] batch [385/391] loss 2.1602 lr 0.08422735529643446 acc 33.59% eta 0:41:10
2023-04-04 22:34:37,511 - __main__ - INFO - Computing epoch 27 validation accuracy...
2023-04-04 22:34:40,688 - __main__ - INFO - Computing epoch 27 validation loss...
2023-04-04 22:34:43,945 - __main__ - INFO - [INFO] 2023-04-04 22:34:43.945822 Epoch [28/100] batch [1/391] loss 2.1738 lr 0.08306559326618262 acc 42.97% eta 0:40:54
2023-04-04 22:34:56,145 - __main__ - INFO - [INFO] 2023-04-04 22:34:56.145133 Epoch [28/100] batch [129/391] loss 2.0801 lr 0.08306559326618262 acc 36.72% eta 0:38:47
2023-04-04 22:35:08,584 - __main__ - INFO - [INFO] 2023-04-04 22:35:08.584231 Epoch [28/100] batch [257/391] loss 2.5859 lr 0.08306559326618262 acc 33.59% eta 0:38:56
2023-04-04 22:35:20,986 - __main__ - INFO - [INFO] 2023-04-04 22:35:20.986368 Epoch [28/100] batch [385/391] loss 2.1777 lr 0.08306559326618262 acc 42.97% eta 0:38:58
2023-04-04 22:35:21,556 - __main__ - INFO - Computing epoch 28 validation accuracy...
2023-04-04 22:35:24,662 - __main__ - INFO - Computing epoch 28 validation loss...
2023-04-04 22:35:27,979 - __main__ - INFO - [INFO] 2023-04-04 22:35:27.979336 Epoch [29/100] batch [1/391] loss 2.4121 lr 0.08187119948743452 acc 30.47% eta 0:40:39
2023-04-04 22:35:40,343 - __main__ - INFO - [INFO] 2023-04-04 22:35:40.343515 Epoch [29/100] batch [129/391] loss 2.2930 lr 0.08187119948743452 acc 38.28% eta 0:38:40
2023-04-04 22:35:52,543 - __main__ - INFO - [INFO] 2023-04-04 22:35:52.542835 Epoch [29/100] batch [257/391] loss 2.2266 lr 0.08187119948743452 acc 39.06% eta 0:38:18
2023-04-04 22:36:05,077 - __main__ - INFO - [INFO] 2023-04-04 22:36:05.077315 Epoch [29/100] batch [385/391] loss 2.3379 lr 0.08187119948743452 acc 41.41% eta 0:38:48
2023-04-04 22:36:05,611 - __main__ - INFO - Computing epoch 29 validation accuracy...
2023-04-04 22:36:08,775 - __main__ - INFO - Computing epoch 29 validation loss...
2023-04-04 22:36:11,858 - __main__ - INFO - [INFO] 2023-04-04 22:36:11.858592 Epoch [30/100] batch [1/391] loss 2.1875 lr 0.08064535268264886 acc 37.50% eta 0:39:59
2023-04-04 22:36:24,180 - __main__ - INFO - [INFO] 2023-04-04 22:36:24.180334 Epoch [30/100] batch [129/391] loss 2.2520 lr 0.08064535268264886 acc 41.41% eta 0:38:05
2023-04-04 22:36:36,412 - __main__ - INFO - [INFO] 2023-04-04 22:36:36.412532 Epoch [30/100] batch [257/391] loss 2.2324 lr 0.08064535268264886 acc 41.41% eta 0:37:48
2023-04-04 22:36:48,917 - __main__ - INFO - [INFO] 2023-04-04 22:36:48.917336 Epoch [30/100] batch [385/391] loss 2.1016 lr 0.08064535268264886 acc 42.19% eta 0:37:59
2023-04-04 22:36:49,465 - __main__ - INFO - Computing epoch 30 validation accuracy...
2023-04-04 22:36:52,569 - __main__ - INFO - Computing epoch 30 validation loss...
2023-04-04 22:36:55,739 - __main__ - INFO - [INFO] 2023-04-04 22:36:55.739584 Epoch [31/100] batch [1/391] loss 2.0547 lr 0.0793892626146237 acc 38.28% eta 0:37:34
2023-04-04 22:37:08,521 - __main__ - INFO - [INFO] 2023-04-04 22:37:08.521374 Epoch [31/100] batch [129/391] loss 2.2461 lr 0.0793892626146237 acc 49.22% eta 0:39:31
2023-04-04 22:37:21,054 - __main__ - INFO - [INFO] 2023-04-04 22:37:21.054578 Epoch [31/100] batch [257/391] loss 2.4512 lr 0.0793892626146237 acc 35.16% eta 0:38:50
2023-04-04 22:37:33,344 - __main__ - INFO - [INFO] 2023-04-04 22:37:33.344133 Epoch [31/100] batch [385/391] loss 2.6621 lr 0.0793892626146237 acc 32.03% eta 0:38:11
2023-04-04 22:37:33,916 - __main__ - INFO - Computing epoch 31 validation accuracy...
2023-04-04 22:37:37,029 - __main__ - INFO - Computing epoch 31 validation loss...
2023-04-04 22:37:40,348 - __main__ - INFO - [INFO] 2023-04-04 22:37:40.348387 Epoch [32/100] batch [1/391] loss 1.9287 lr 0.07810416889260657 acc 45.31% eta 0:40:10
2023-04-04 22:37:52,731 - __main__ - INFO - [INFO] 2023-04-04 22:37:52.730939 Epoch [32/100] batch [129/391] loss 1.6807 lr 0.07810416889260657 acc 50.00% eta 0:37:59
2023-04-04 22:38:05,222 - __main__ - INFO - [INFO] 2023-04-04 22:38:05.222694 Epoch [32/100] batch [257/391] loss 2.3438 lr 0.07810416889260657 acc 32.81% eta 0:37:43
2023-04-04 22:38:17,643 - __main__ - INFO - [INFO] 2023-04-04 22:38:17.642880 Epoch [32/100] batch [385/391] loss 2.3555 lr 0.07810416889260657 acc 41.41% eta 0:37:25
2023-04-04 22:38:18,199 - __main__ - INFO - Computing epoch 32 validation accuracy...
2023-04-04 22:38:21,446 - __main__ - INFO - Computing epoch 32 validation loss...
2023-04-04 22:38:24,719 - __main__ - INFO - [INFO] 2023-04-04 22:38:24.719034 Epoch [33/100] batch [1/391] loss 2.2500 lr 0.07679133974894986 acc 43.75% eta 0:37:40
2023-04-04 22:38:37,249 - __main__ - INFO - [INFO] 2023-04-04 22:38:37.248608 Epoch [33/100] batch [129/391] loss 2.1973 lr 0.07679133974894986 acc 35.94% eta 0:37:05
2023-04-04 22:38:49,786 - __main__ - INFO - [INFO] 2023-04-04 22:38:49.786784 Epoch [33/100] batch [257/391] loss 2.1914 lr 0.07679133974894986 acc 42.97% eta 0:36:47
2023-04-04 22:39:02,283 - __main__ - INFO - [INFO] 2023-04-04 22:39:02.283305 Epoch [33/100] batch [385/391] loss 1.9434 lr 0.07679133974894986 acc 50.00% eta 0:36:27
2023-04-04 22:39:02,837 - __main__ - INFO - Computing epoch 33 validation accuracy...
2023-04-04 22:39:06,031 - __main__ - INFO - Computing epoch 33 validation loss...
2023-04-04 22:39:09,348 - __main__ - INFO - [INFO] 2023-04-04 22:39:09.347892 Epoch [34/100] batch [1/391] loss 1.9375 lr 0.0754520707875186 acc 42.97% eta 0:39:04
2023-04-04 22:39:21,740 - __main__ - INFO - [INFO] 2023-04-04 22:39:21.740738 Epoch [34/100] batch [129/391] loss 2.2793 lr 0.0754520707875186 acc 40.62% eta 0:36:51
2023-04-04 22:39:34,017 - __main__ - INFO - [INFO] 2023-04-04 22:39:34.017223 Epoch [34/100] batch [257/391] loss 2.5156 lr 0.0754520707875186 acc 32.81% eta 0:36:12
2023-04-04 22:39:46,388 - __main__ - INFO - [INFO] 2023-04-04 22:39:46.388469 Epoch [34/100] batch [385/391] loss 2.2539 lr 0.0754520707875186 acc 40.62% eta 0:35:49
2023-04-04 22:39:46,953 - __main__ - INFO - Computing epoch 34 validation accuracy...
2023-04-04 22:39:50,155 - __main__ - INFO - Computing epoch 34 validation loss...
2023-04-04 22:39:53,423 - __main__ - INFO - [INFO] 2023-04-04 22:39:53.423760 Epoch [35/100] batch [1/391] loss 2.0391 lr 0.0740876837050858 acc 32.81% eta 0:38:58
2023-04-04 22:40:05,942 - __main__ - INFO - [INFO] 2023-04-04 22:40:05.942040 Epoch [35/100] batch [129/391] loss 2.1230 lr 0.0740876837050858 acc 39.84% eta 0:35:42
2023-04-04 22:40:18,209 - __main__ - INFO - [INFO] 2023-04-04 22:40:18.209078 Epoch [35/100] batch [257/391] loss 2.2129 lr 0.0740876837050858 acc 39.06% eta 0:35:08
2023-04-04 22:40:30,927 - __main__ - INFO - [INFO] 2023-04-04 22:40:30.926909 Epoch [35/100] batch [385/391] loss 2.4746 lr 0.0740876837050858 acc 37.50% eta 0:35:16
2023-04-04 22:40:31,468 - __main__ - INFO - Computing epoch 35 validation accuracy...
2023-04-04 22:40:34,616 - __main__ - INFO - Computing epoch 35 validation loss...
2023-04-04 22:40:37,945 - __main__ - INFO - [INFO] 2023-04-04 22:40:37.945274 Epoch [36/100] batch [1/391] loss 1.8926 lr 0.07269952498697738 acc 42.19% eta 0:37:38
2023-04-04 22:40:50,371 - __main__ - INFO - [INFO] 2023-04-04 22:40:50.371033 Epoch [36/100] batch [129/391] loss 2.4375 lr 0.07269952498697738 acc 40.62% eta 0:34:47
2023-04-04 22:41:02,255 - __main__ - INFO - [INFO] 2023-04-04 22:41:02.255032 Epoch [36/100] batch [257/391] loss 2.1855 lr 0.07269952498697738 acc 43.75% eta 0:34:28
2023-04-04 22:41:14,849 - __main__ - INFO - [INFO] 2023-04-04 22:41:14.849583 Epoch [36/100] batch [385/391] loss 1.9678 lr 0.07269952498697738 acc 50.78% eta 0:34:35
2023-04-04 22:41:15,435 - __main__ - INFO - Computing epoch 36 validation accuracy...
2023-04-04 22:41:18,608 - __main__ - INFO - Computing epoch 36 validation loss...
2023-04-04 22:41:21,925 - __main__ - INFO - [INFO] 2023-04-04 22:41:21.924816 Epoch [37/100] batch [1/391] loss 1.8916 lr 0.07128896457825366 acc 49.22% eta 0:40:41
2023-04-04 22:41:34,562 - __main__ - INFO - [INFO] 2023-04-04 22:41:34.562094 Epoch [37/100] batch [129/391] loss 2.0820 lr 0.07128896457825366 acc 43.75% eta 0:35:05
2023-04-04 22:41:46,991 - __main__ - INFO - [INFO] 2023-04-04 22:41:46.991571 Epoch [37/100] batch [257/391] loss 1.8574 lr 0.07128896457825366 acc 47.66% eta 0:34:25
2023-04-04 22:41:59,383 - __main__ - INFO - [INFO] 2023-04-04 22:41:59.383636 Epoch [37/100] batch [385/391] loss 1.8525 lr 0.07128896457825366 acc 45.31% eta 0:34:02
2023-04-04 22:41:59,925 - __main__ - INFO - Computing epoch 37 validation accuracy...
2023-04-04 22:42:03,140 - __main__ - INFO - Computing epoch 37 validation loss...
2023-04-04 22:42:06,449 - __main__ - INFO - [INFO] 2023-04-04 22:42:06.449001 Epoch [38/100] batch [1/391] loss 1.7441 lr 0.06985739453173906 acc 52.34% eta 0:37:03
2023-04-04 22:42:19,115 - __main__ - INFO - [INFO] 2023-04-04 22:42:19.115700 Epoch [38/100] batch [129/391] loss 2.3262 lr 0.06985739453173906 acc 39.84% eta 0:34:47
2023-04-04 22:42:31,630 - __main__ - INFO - [INFO] 2023-04-04 22:42:31.630681 Epoch [38/100] batch [257/391] loss 2.2090 lr 0.06985739453173906 acc 43.75% eta 0:34:28
2023-04-04 22:42:43,812 - __main__ - INFO - [INFO] 2023-04-04 22:42:43.812632 Epoch [38/100] batch [385/391] loss 2.1973 lr 0.06985739453173906 acc 46.88% eta 0:34:05
2023-04-04 22:42:44,358 - __main__ - INFO - Computing epoch 38 validation accuracy...
2023-04-04 22:42:47,497 - __main__ - INFO - Computing epoch 38 validation loss...
2023-04-04 22:42:50,807 - __main__ - INFO - [INFO] 2023-04-04 22:42:50.807895 Epoch [39/100] batch [1/391] loss 2.4043 lr 0.06840622763423394 acc 35.16% eta 0:36:24
2023-04-04 22:43:03,405 - __main__ - INFO - [INFO] 2023-04-04 22:43:03.404984 Epoch [39/100] batch [129/391] loss 2.1270 lr 0.06840622763423394 acc 45.31% eta 0:33:50
2023-04-04 22:43:15,913 - __main__ - INFO - [INFO] 2023-04-04 22:43:15.913488 Epoch [39/100] batch [257/391] loss 2.0820 lr 0.06840622763423394 acc 45.31% eta 0:33:28
2023-04-04 22:43:28,328 - __main__ - INFO - [INFO] 2023-04-04 22:43:28.328245 Epoch [39/100] batch [385/391] loss 2.1660 lr 0.06840622763423394 acc 39.84% eta 0:33:08
2023-04-04 22:43:28,908 - __main__ - INFO - Computing epoch 39 validation accuracy...
2023-04-04 22:43:32,243 - __main__ - INFO - Computing epoch 39 validation loss...
2023-04-04 22:43:35,616 - __main__ - INFO - [INFO] 2023-04-04 22:43:35.616054 Epoch [40/100] batch [1/391] loss 1.9717 lr 0.06693689601226462 acc 53.91% eta 0:42:57
2023-04-04 22:43:48,139 - __main__ - INFO - [INFO] 2023-04-04 22:43:48.139707 Epoch [40/100] batch [129/391] loss 1.8975 lr 0.06693689601226462 acc 49.22% eta 0:33:01
2023-04-04 22:44:00,736 - __main__ - INFO - [INFO] 2023-04-04 22:44:00.736317 Epoch [40/100] batch [257/391] loss 2.3105 lr 0.06693689601226462 acc 44.53% eta 0:32:54
2023-04-04 22:44:12,661 - __main__ - INFO - [INFO] 2023-04-04 22:44:12.661763 Epoch [40/100] batch [385/391] loss 2.0391 lr 0.06693689601226462 acc 46.88% eta 0:32:27
2023-04-04 22:44:13,203 - __main__ - INFO - Computing epoch 40 validation accuracy...
2023-04-04 22:44:16,334 - __main__ - INFO - Computing epoch 40 validation loss...
2023-04-04 22:44:19,647 - __main__ - INFO - [INFO] 2023-04-04 22:44:19.647558 Epoch [41/100] batch [1/391] loss 1.9824 lr 0.06545084971874741 acc 48.44% eta 0:39:49
2023-04-04 22:44:32,221 - __main__ - INFO - [INFO] 2023-04-04 22:44:32.220812 Epoch [41/100] batch [129/391] loss 2.0156 lr 0.06545084971874741 acc 45.31% eta 0:32:40
2023-04-04 22:44:45,581 - __main__ - INFO - [INFO] 2023-04-04 22:44:45.581556 Epoch [41/100] batch [257/391] loss 2.0195 lr 0.06545084971874741 acc 53.12% eta 0:33:51
2023-04-04 22:44:59,000 - __main__ - INFO - [INFO] 2023-04-04 22:44:59.000080 Epoch [41/100] batch [385/391] loss 1.7266 lr 0.06545084971874741 acc 54.69% eta 0:34:02
2023-04-04 22:44:59,631 - __main__ - INFO - Computing epoch 41 validation accuracy...
2023-04-04 22:45:03,169 - __main__ - INFO - Computing epoch 41 validation loss...
2023-04-04 22:45:06,850 - __main__ - INFO - [INFO] 2023-04-04 22:45:06.849949 Epoch [42/100] batch [1/391] loss 1.7295 lr 0.06394955530196152 acc 57.81% eta 0:36:45
2023-04-04 22:45:20,207 - __main__ - INFO - [INFO] 2023-04-04 22:45:20.207198 Epoch [42/100] batch [129/391] loss 1.7715 lr 0.06394955530196152 acc 60.16% eta 0:34:29
2023-04-04 22:45:33,502 - __main__ - INFO - [INFO] 2023-04-04 22:45:33.501999 Epoch [42/100] batch [257/391] loss 2.0586 lr 0.06394955530196152 acc 48.44% eta 0:34:21
2023-04-04 22:45:46,880 - __main__ - INFO - [INFO] 2023-04-04 22:45:46.880397 Epoch [42/100] batch [385/391] loss 2.1113 lr 0.06394955530196152 acc 46.09% eta 0:34:21
2023-04-04 22:45:47,471 - __main__ - INFO - Computing epoch 42 validation accuracy...
2023-04-04 22:45:51,102 - __main__ - INFO - Computing epoch 42 validation loss...
2023-04-04 22:45:54,782 - __main__ - INFO - [INFO] 2023-04-04 22:45:54.781891 Epoch [43/100] batch [1/391] loss 1.6982 lr 0.062434494358242776 acc 56.25% eta 0:38:53
2023-04-04 22:46:08,222 - __main__ - INFO - [INFO] 2023-04-04 22:46:08.222015 Epoch [43/100] batch [129/391] loss 2.1777 lr 0.062434494358242776 acc 43.75% eta 0:34:24
2023-04-04 22:46:21,658 - __main__ - INFO - [INFO] 2023-04-04 22:46:21.658492 Epoch [43/100] batch [257/391] loss 2.0938 lr 0.062434494358242776 acc 40.62% eta 0:34:09
2023-04-04 22:46:35,367 - __main__ - INFO - [INFO] 2023-04-04 22:46:35.367775 Epoch [43/100] batch [385/391] loss 1.7197 lr 0.062434494358242776 acc 47.66% eta 0:34:15
2023-04-04 22:46:35,985 - __main__ - INFO - Computing epoch 43 validation accuracy...
2023-04-04 22:46:39,501 - __main__ - INFO - Computing epoch 43 validation loss...
2023-04-04 22:46:43,201 - __main__ - INFO - [INFO] 2023-04-04 22:46:43.200808 Epoch [44/100] batch [1/391] loss 1.9619 lr 0.06090716206982718 acc 40.62% eta 0:35:47
2023-04-04 22:46:56,639 - __main__ - INFO - [INFO] 2023-04-04 22:46:56.638436 Epoch [44/100] batch [129/391] loss 2.0039 lr 0.06090716206982718 acc 49.22% eta 0:33:49
2023-04-04 22:47:09,509 - __main__ - INFO - [INFO] 2023-04-04 22:47:09.509097 Epoch [44/100] batch [257/391] loss 2.1992 lr 0.06090716206982718 acc 49.22% eta 0:32:54
2023-04-04 22:47:22,321 - __main__ - INFO - [INFO] 2023-04-04 22:47:22.321185 Epoch [44/100] batch [385/391] loss 1.7256 lr 0.06090716206982718 acc 55.47% eta 0:32:22
2023-04-04 22:47:22,866 - __main__ - INFO - Computing epoch 44 validation accuracy...
2023-04-04 22:47:26,086 - __main__ - INFO - Computing epoch 44 validation loss...
2023-04-04 22:47:29,633 - __main__ - INFO - [INFO] 2023-04-04 22:47:29.632452 Epoch [45/100] batch [1/391] loss 1.8896 lr 0.05936906572928628 acc 51.56% eta 0:32:47
2023-04-04 22:47:42,366 - __main__ - INFO - [INFO] 2023-04-04 22:47:42.365876 Epoch [45/100] batch [129/391] loss 1.9834 lr 0.05936906572928628 acc 44.53% eta 0:31:19
2023-04-04 22:47:55,076 - __main__ - INFO - [INFO] 2023-04-04 22:47:55.075908 Epoch [45/100] batch [257/391] loss 1.9736 lr 0.05936906572928628 acc 47.66% eta 0:30:58
2023-04-04 22:48:07,516 - __main__ - INFO - [INFO] 2023-04-04 22:48:07.516587 Epoch [45/100] batch [385/391] loss 1.7109 lr 0.05936906572928628 acc 56.25% eta 0:30:33
2023-04-04 22:48:08,115 - __main__ - INFO - Computing epoch 45 validation accuracy...
2023-04-04 22:48:11,516 - __main__ - INFO - Computing epoch 45 validation loss...
2023-04-04 22:48:14,971 - __main__ - INFO - [INFO] 2023-04-04 22:48:14.971616 Epoch [46/100] batch [1/391] loss 1.7285 lr 0.05782172325201159 acc 55.47% eta 0:56:43
2023-04-04 22:48:27,776 - __main__ - INFO - [INFO] 2023-04-04 22:48:27.775870 Epoch [46/100] batch [129/391] loss 1.8066 lr 0.05782172325201159 acc 49.22% eta 0:31:02
2023-04-04 22:48:40,125 - __main__ - INFO - [INFO] 2023-04-04 22:48:40.125541 Epoch [46/100] batch [257/391] loss 2.1641 lr 0.05782172325201159 acc 46.09% eta 0:30:10
2023-04-04 22:48:52,553 - __main__ - INFO - [INFO] 2023-04-04 22:48:52.553063 Epoch [46/100] batch [385/391] loss 1.7617 lr 0.05782172325201159 acc 53.91% eta 0:29:44
2023-04-04 22:48:53,097 - __main__ - INFO - Computing epoch 46 validation accuracy...
2023-04-04 22:48:56,292 - __main__ - INFO - Computing epoch 46 validation loss...
2023-04-04 22:48:59,543 - __main__ - INFO - [INFO] 2023-04-04 22:48:59.543518 Epoch [47/100] batch [1/391] loss 1.6748 lr 0.056266661678215264 acc 52.34% eta 0:31:34
2023-04-04 22:49:11,503 - __main__ - INFO - [INFO] 2023-04-04 22:49:11.503210 Epoch [47/100] batch [129/391] loss 1.6367 lr 0.056266661678215264 acc 60.94% eta 0:28:54
2023-04-04 22:49:23,870 - __main__ - INFO - [INFO] 2023-04-04 22:49:23.870079 Epoch [47/100] batch [257/391] loss 2.1602 lr 0.056266661678215264 acc 46.88% eta 0:28:47
2023-04-04 22:49:36,420 - __main__ - INFO - [INFO] 2023-04-04 22:49:36.419861 Epoch [47/100] batch [385/391] loss 1.8291 lr 0.056266661678215264 acc 55.47% eta 0:28:46
2023-04-04 22:49:37,026 - __main__ - INFO - Computing epoch 47 validation accuracy...
2023-04-04 22:49:40,301 - __main__ - INFO - Computing epoch 47 validation loss...
2023-04-04 22:49:43,711 - __main__ - INFO - [INFO] 2023-04-04 22:49:43.710476 Epoch [48/100] batch [1/391] loss 1.8047 lr 0.05470541566592575 acc 50.78% eta 0:40:54
2023-04-04 22:49:56,752 - __main__ - INFO - [INFO] 2023-04-04 22:49:56.752463 Epoch [48/100] batch [129/391] loss 1.9795 lr 0.05470541566592575 acc 40.62% eta 0:30:24
2023-04-04 22:50:09,603 - __main__ - INFO - [INFO] 2023-04-04 22:50:09.603417 Epoch [48/100] batch [257/391] loss 1.8379 lr 0.05470541566592575 acc 47.66% eta 0:30:02
2023-04-04 22:50:22,549 - __main__ - INFO - [INFO] 2023-04-04 22:50:22.548888 Epoch [48/100] batch [385/391] loss 1.8164 lr 0.05470541566592575 acc 47.66% eta 0:29:51
2023-04-04 22:50:23,103 - __main__ - INFO - Computing epoch 48 validation accuracy...
2023-04-04 22:50:26,410 - __main__ - INFO - Computing epoch 48 validation loss...
2023-04-04 22:50:29,678 - __main__ - INFO - [INFO] 2023-04-04 22:50:29.678746 Epoch [49/100] batch [1/391] loss 1.8311 lr 0.053139525976465714 acc 50.78% eta 0:31:11
2023-04-04 22:50:41,997 - __main__ - INFO - [INFO] 2023-04-04 22:50:41.997221 Epoch [49/100] batch [129/391] loss 1.7910 lr 0.053139525976465714 acc 52.34% eta 0:28:07
2023-04-04 22:50:53,926 - __main__ - INFO - [INFO] 2023-04-04 22:50:53.926405 Epoch [49/100] batch [257/391] loss 1.7617 lr 0.053139525976465714 acc 51.56% eta 0:27:56
2023-04-04 22:51:06,044 - __main__ - INFO - [INFO] 2023-04-04 22:51:06.043972 Epoch [49/100] batch [385/391] loss 1.6904 lr 0.053139525976465714 acc 52.34% eta 0:27:37
2023-04-04 22:51:06,588 - __main__ - INFO - Computing epoch 49 validation accuracy...
2023-04-04 22:51:09,801 - __main__ - INFO - Computing epoch 49 validation loss...
2023-04-04 22:51:13,104 - __main__ - INFO - [INFO] 2023-04-04 22:51:13.104748 Epoch [50/100] batch [1/391] loss 1.8486 lr 0.05157053795390645 acc 46.09% eta 0:30:39
2023-04-04 22:51:25,591 - __main__ - INFO - [INFO] 2023-04-04 22:51:25.591074 Epoch [50/100] batch [129/391] loss 1.6738 lr 0.05157053795390645 acc 55.47% eta 0:27:40
2023-04-04 22:51:37,899 - __main__ - INFO - [INFO] 2023-04-04 22:51:37.899198 Epoch [50/100] batch [257/391] loss 1.6748 lr 0.05157053795390645 acc 58.59% eta 0:27:15
2023-04-04 22:51:50,167 - __main__ - INFO - [INFO] 2023-04-04 22:51:50.167091 Epoch [50/100] batch [385/391] loss 1.6553 lr 0.05157053795390645 acc 58.59% eta 0:26:58
2023-04-04 22:51:50,734 - __main__ - INFO - Computing epoch 50 validation accuracy...
2023-04-04 22:51:53,879 - __main__ - INFO - Computing epoch 50 validation loss...
2023-04-04 22:51:57,138 - __main__ - INFO - [INFO] 2023-04-04 22:51:57.137981 Epoch [51/100] batch [1/391] loss 1.8506 lr 0.05000000000000004 acc 52.34% eta 0:29:23
2023-04-04 22:52:09,496 - __main__ - INFO - [INFO] 2023-04-04 22:52:09.496311 Epoch [51/100] batch [129/391] loss 1.3740 lr 0.05000000000000004 acc 66.41% eta 0:26:51
2023-04-04 22:52:21,934 - __main__ - INFO - [INFO] 2023-04-04 22:52:21.934291 Epoch [51/100] batch [257/391] loss 1.6943 lr 0.05000000000000004 acc 54.69% eta 0:26:44
2023-04-04 22:52:34,139 - __main__ - INFO - [INFO] 2023-04-04 22:52:34.139517 Epoch [51/100] batch [385/391] loss 1.5029 lr 0.05000000000000004 acc 62.50% eta 0:26:45
2023-04-04 22:52:34,696 - __main__ - INFO - Computing epoch 51 validation accuracy...
2023-04-04 22:52:37,862 - __main__ - INFO - Computing epoch 51 validation loss...
2023-04-04 22:52:41,097 - __main__ - INFO - [INFO] 2023-04-04 22:52:41.097474 Epoch [52/100] batch [1/391] loss 1.7871 lr 0.04842946204609362 acc 60.16% eta 0:30:25
2023-04-04 22:52:53,777 - __main__ - INFO - [INFO] 2023-04-04 22:52:53.777653 Epoch [52/100] batch [129/391] loss 1.5635 lr 0.04842946204609362 acc 55.47% eta 0:27:18
2023-04-04 22:53:06,532 - __main__ - INFO - [INFO] 2023-04-04 22:53:06.531871 Epoch [52/100] batch [257/391] loss 1.5381 lr 0.04842946204609362 acc 58.59% eta 0:27:12
2023-04-04 22:53:19,110 - __main__ - INFO - [INFO] 2023-04-04 22:53:19.109986 Epoch [52/100] batch [385/391] loss 1.4521 lr 0.04842946204609362 acc 59.38% eta 0:26:50
2023-04-04 22:53:19,734 - __main__ - INFO - Computing epoch 52 validation accuracy...
2023-04-04 22:53:22,860 - __main__ - INFO - Computing epoch 52 validation loss...
2023-04-04 22:53:26,107 - __main__ - INFO - [INFO] 2023-04-04 22:53:26.107364 Epoch [53/100] batch [1/391] loss 1.8203 lr 0.04686047402353437 acc 58.59% eta 0:28:23
2023-04-04 22:53:38,405 - __main__ - INFO - [INFO] 2023-04-04 22:53:38.405499 Epoch [53/100] batch [129/391] loss 1.5850 lr 0.04686047402353437 acc 54.69% eta 0:25:41
2023-04-04 22:53:50,864 - __main__ - INFO - [INFO] 2023-04-04 22:53:50.864674 Epoch [53/100] batch [257/391] loss 1.7793 lr 0.04686047402353437 acc 60.16% eta 0:25:46
2023-04-04 22:54:03,465 - __main__ - INFO - [INFO] 2023-04-04 22:54:03.465348 Epoch [53/100] batch [385/391] loss 1.6592 lr 0.04686047402353437 acc 60.94% eta 0:25:44
2023-04-04 22:54:04,028 - __main__ - INFO - Computing epoch 53 validation accuracy...
2023-04-04 22:54:07,253 - __main__ - INFO - Computing epoch 53 validation loss...
2023-04-04 22:54:10,518 - __main__ - INFO - [INFO] 2023-04-04 22:54:10.517808 Epoch [54/100] batch [1/391] loss 1.6787 lr 0.045294584334074316 acc 64.06% eta 0:28:20
2023-04-04 22:54:22,921 - __main__ - INFO - [INFO] 2023-04-04 22:54:22.921069 Epoch [54/100] batch [129/391] loss 1.5859 lr 0.045294584334074316 acc 53.91% eta 0:25:42
2023-04-04 22:54:35,767 - __main__ - INFO - [INFO] 2023-04-04 22:54:35.767311 Epoch [54/100] batch [257/391] loss 1.7920 lr 0.045294584334074316 acc 55.47% eta 0:25:58
2023-04-04 22:54:48,662 - __main__ - INFO - [INFO] 2023-04-04 22:54:48.662698 Epoch [54/100] batch [385/391] loss 1.7568 lr 0.045294584334074316 acc 60.16% eta 0:26:02
2023-04-04 22:54:49,236 - __main__ - INFO - Computing epoch 54 validation accuracy...
2023-04-04 22:54:52,318 - __main__ - INFO - Computing epoch 54 validation loss...
2023-04-04 22:54:55,591 - __main__ - INFO - [INFO] 2023-04-04 22:54:55.591743 Epoch [55/100] batch [1/391] loss 1.6191 lr 0.043733338321784825 acc 57.81% eta 0:29:04
2023-04-04 22:55:08,166 - __main__ - INFO - [INFO] 2023-04-04 22:55:08.166451 Epoch [55/100] batch [129/391] loss 1.5029 lr 0.043733338321784825 acc 62.50% eta 0:25:18
2023-04-04 22:55:20,902 - __main__ - INFO - [INFO] 2023-04-04 22:55:20.902415 Epoch [55/100] batch [257/391] loss 1.6387 lr 0.043733338321784825 acc 55.47% eta 0:25:17
2023-04-04 22:55:33,445 - __main__ - INFO - [INFO] 2023-04-04 22:55:33.445353 Epoch [55/100] batch [385/391] loss 1.5693 lr 0.043733338321784825 acc 60.94% eta 0:25:02
2023-04-04 22:55:34,054 - __main__ - INFO - Computing epoch 55 validation accuracy...
2023-04-04 22:55:37,270 - __main__ - INFO - Computing epoch 55 validation loss...
2023-04-04 22:55:40,804 - __main__ - INFO - [INFO] 2023-04-04 22:55:40.804591 Epoch [56/100] batch [1/391] loss 1.6396 lr 0.042178276747988484 acc 56.25% eta 0:28:20
2023-04-04 22:55:53,612 - __main__ - INFO - [INFO] 2023-04-04 22:55:53.612090 Epoch [56/100] batch [129/391] loss 1.6104 lr 0.042178276747988484 acc 50.00% eta 0:26:06
2023-04-04 22:56:06,643 - __main__ - INFO - [INFO] 2023-04-04 22:56:06.643740 Epoch [56/100] batch [257/391] loss 1.7686 lr 0.042178276747988484 acc 50.78% eta 0:25:42
2023-04-04 22:56:19,487 - __main__ - INFO - [INFO] 2023-04-04 22:56:19.487056 Epoch [56/100] batch [385/391] loss 1.6240 lr 0.042178276747988484 acc 47.66% eta 0:25:20
2023-04-04 22:56:20,087 - __main__ - INFO - Computing epoch 56 validation accuracy...
2023-04-04 22:56:23,358 - __main__ - INFO - Computing epoch 56 validation loss...
2023-04-04 22:56:26,813 - __main__ - INFO - [INFO] 2023-04-04 22:56:26.813906 Epoch [57/100] batch [1/391] loss 1.6123 lr 0.0406309342707138 acc 53.12% eta 0:27:04
2023-04-04 22:56:39,775 - __main__ - INFO - [INFO] 2023-04-04 22:56:39.775086 Epoch [57/100] batch [129/391] loss 1.5361 lr 0.0406309342707138 acc 60.94% eta 0:25:11
2023-04-04 22:56:52,467 - __main__ - INFO - [INFO] 2023-04-04 22:56:52.466820 Epoch [57/100] batch [257/391] loss 1.3232 lr 0.0406309342707138 acc 63.28% eta 0:24:37
2023-04-04 22:57:05,275 - __main__ - INFO - [INFO] 2023-04-04 22:57:05.275071 Epoch [57/100] batch [385/391] loss 1.6484 lr 0.0406309342707138 acc 62.50% eta 0:24:28
2023-04-04 22:57:05,886 - __main__ - INFO - Computing epoch 57 validation accuracy...
2023-04-04 22:57:09,195 - __main__ - INFO - Computing epoch 57 validation loss...
2023-04-04 22:57:12,648 - __main__ - INFO - [INFO] 2023-04-04 22:57:12.648282 Epoch [58/100] batch [1/391] loss 1.3535 lr 0.039092837930172916 acc 67.19% eta 0:25:33
2023-04-04 22:57:25,295 - __main__ - INFO - [INFO] 2023-04-04 22:57:25.295802 Epoch [58/100] batch [129/391] loss 1.6035 lr 0.039092837930172916 acc 57.03% eta 0:24:15
2023-04-04 22:57:37,788 - __main__ - INFO - [INFO] 2023-04-04 22:57:37.788790 Epoch [58/100] batch [257/391] loss 1.4434 lr 0.039092837930172916 acc 69.53% eta 0:23:48
2023-04-04 22:57:50,194 - __main__ - INFO - [INFO] 2023-04-04 22:57:50.194699 Epoch [58/100] batch [385/391] loss 1.7422 lr 0.039092837930172916 acc 54.69% eta 0:23:20
2023-04-04 22:57:50,793 - __main__ - INFO - Computing epoch 58 validation accuracy...
2023-04-04 22:57:54,129 - __main__ - INFO - Computing epoch 58 validation loss...
2023-04-04 22:57:57,663 - __main__ - INFO - [INFO] 2023-04-04 22:57:57.663054 Epoch [59/100] batch [1/391] loss 1.5625 lr 0.037565505641757285 acc 57.81% eta 0:24:40
2023-04-04 22:58:10,305 - __main__ - INFO - [INFO] 2023-04-04 22:58:10.305298 Epoch [59/100] batch [129/391] loss 1.5127 lr 0.037565505641757285 acc 67.97% eta 0:23:17
2023-04-04 22:58:23,045 - __main__ - INFO - [INFO] 2023-04-04 22:58:23.045496 Epoch [59/100] batch [257/391] loss 1.8369 lr 0.037565505641757285 acc 51.56% eta 0:23:12
2023-04-04 22:58:35,833 - __main__ - INFO - [INFO] 2023-04-04 22:58:35.832971 Epoch [59/100] batch [385/391] loss 1.4004 lr 0.037565505641757285 acc 66.41% eta 0:23:01
2023-04-04 22:58:36,428 - __main__ - INFO - Computing epoch 59 validation accuracy...
2023-04-04 22:58:39,669 - __main__ - INFO - Computing epoch 59 validation loss...
2023-04-04 22:58:43,046 - __main__ - INFO - [INFO] 2023-04-04 22:58:43.046716 Epoch [60/100] batch [1/391] loss 1.3857 lr 0.03605044469803857 acc 57.81% eta 0:28:32
2023-04-04 22:58:55,734 - __main__ - INFO - [INFO] 2023-04-04 22:58:55.734762 Epoch [60/100] batch [129/391] loss 1.4199 lr 0.03605044469803857 acc 56.25% eta 0:22:52
2023-04-04 22:59:08,066 - __main__ - INFO - [INFO] 2023-04-04 22:59:08.066479 Epoch [60/100] batch [257/391] loss 1.3857 lr 0.03605044469803857 acc 63.28% eta 0:22:40
2023-04-04 22:59:20,765 - __main__ - INFO - [INFO] 2023-04-04 22:59:20.765804 Epoch [60/100] batch [385/391] loss 1.3691 lr 0.03605044469803857 acc 66.41% eta 0:22:29
2023-04-04 22:59:21,327 - __main__ - INFO - Computing epoch 60 validation accuracy...
2023-04-04 22:59:24,568 - __main__ - INFO - Computing epoch 60 validation loss...
2023-04-04 22:59:28,038 - __main__ - INFO - [INFO] 2023-04-04 22:59:28.038122 Epoch [61/100] batch [1/391] loss 1.2305 lr 0.034549150281252675 acc 70.31% eta 0:24:25
2023-04-04 22:59:40,798 - __main__ - INFO - [INFO] 2023-04-04 22:59:40.798433 Epoch [61/100] batch [129/391] loss 1.3281 lr 0.034549150281252675 acc 64.84% eta 0:22:19
2023-04-04 22:59:53,797 - __main__ - INFO - [INFO] 2023-04-04 22:59:53.797607 Epoch [61/100] batch [257/391] loss 1.4170 lr 0.034549150281252675 acc 64.84% eta 0:22:24
2023-04-04 23:00:06,630 - __main__ - INFO - [INFO] 2023-04-04 23:00:06.630174 Epoch [61/100] batch [385/391] loss 1.5547 lr 0.034549150281252675 acc 60.16% eta 0:22:12
2023-04-04 23:00:07,196 - __main__ - INFO - Computing epoch 61 validation accuracy...
2023-04-04 23:00:10,510 - __main__ - INFO - Computing epoch 61 validation loss...
2023-04-04 23:00:13,887 - __main__ - INFO - [INFO] 2023-04-04 23:00:13.887274 Epoch [62/100] batch [1/391] loss 1.4883 lr 0.03306310398773546 acc 64.84% eta 0:26:49
2023-04-04 23:00:26,851 - __main__ - INFO - [INFO] 2023-04-04 23:00:26.851338 Epoch [62/100] batch [129/391] loss 1.5557 lr 0.03306310398773546 acc 64.84% eta 0:22:13
2023-04-04 23:00:39,585 - __main__ - INFO - [INFO] 2023-04-04 23:00:39.585500 Epoch [62/100] batch [257/391] loss 1.2793 lr 0.03306310398773546 acc 65.62% eta 0:21:55
2023-04-04 23:00:52,083 - __main__ - INFO - [INFO] 2023-04-04 23:00:52.083633 Epoch [62/100] batch [385/391] loss 1.5439 lr 0.03306310398773546 acc 52.34% eta 0:21:41
2023-04-04 23:00:52,682 - __main__ - INFO - Computing epoch 62 validation accuracy...
2023-04-04 23:00:56,030 - __main__ - INFO - Computing epoch 62 validation loss...
2023-04-04 23:00:59,357 - __main__ - INFO - [INFO] 2023-04-04 23:00:59.357395 Epoch [63/100] batch [1/391] loss 1.5664 lr 0.031593772365766146 acc 63.28% eta 0:24:04
2023-04-04 23:01:12,122 - __main__ - INFO - [INFO] 2023-04-04 23:01:12.122827 Epoch [63/100] batch [129/391] loss 1.4990 lr 0.031593772365766146 acc 67.97% eta 0:21:03
2023-04-04 23:01:24,797 - __main__ - INFO - [INFO] 2023-04-04 23:01:24.797475 Epoch [63/100] batch [257/391] loss 1.5176 lr 0.031593772365766146 acc 63.28% eta 0:20:54
2023-04-04 23:01:37,303 - __main__ - INFO - [INFO] 2023-04-04 23:01:37.303017 Epoch [63/100] batch [385/391] loss 1.3672 lr 0.031593772365766146 acc 63.28% eta 0:20:35
2023-04-04 23:01:37,900 - __main__ - INFO - Computing epoch 63 validation accuracy...
2023-04-04 23:01:41,062 - __main__ - INFO - Computing epoch 63 validation loss...
2023-04-04 23:01:44,547 - __main__ - INFO - [INFO] 2023-04-04 23:01:44.547288 Epoch [64/100] batch [1/391] loss 1.4072 lr 0.030142605468260992 acc 62.50% eta 0:23:33
2023-04-04 23:01:57,610 - __main__ - INFO - [INFO] 2023-04-04 23:01:57.610130 Epoch [64/100] batch [129/391] loss 1.1543 lr 0.030142605468260992 acc 71.88% eta 0:21:16
2023-04-04 23:02:10,595 - __main__ - INFO - [INFO] 2023-04-04 23:02:10.594972 Epoch [64/100] batch [257/391] loss 1.5479 lr 0.030142605468260992 acc 60.94% eta 0:20:55
2023-04-04 23:02:22,902 - __main__ - INFO - [INFO] 2023-04-04 23:02:22.902741 Epoch [64/100] batch [385/391] loss 1.1914 lr 0.030142605468260992 acc 70.31% eta 0:20:26
2023-04-04 23:02:23,448 - __main__ - INFO - Computing epoch 64 validation accuracy...
2023-04-04 23:02:26,737 - __main__ - INFO - Computing epoch 64 validation loss...
2023-04-04 23:02:30,101 - __main__ - INFO - [INFO] 2023-04-04 23:02:30.101204 Epoch [65/100] batch [1/391] loss 1.2803 lr 0.028711035421746394 acc 72.66% eta 0:22:19
2023-04-04 23:02:43,207 - __main__ - INFO - [INFO] 2023-04-04 23:02:43.207478 Epoch [65/100] batch [129/391] loss 1.3633 lr 0.028711035421746394 acc 61.72% eta 0:20:41
2023-04-04 23:02:55,825 - __main__ - INFO - [INFO] 2023-04-04 23:02:55.825396 Epoch [65/100] batch [257/391] loss 1.6025 lr 0.028711035421746394 acc 67.97% eta 0:20:01
2023-04-04 23:03:08,420 - __main__ - INFO - [INFO] 2023-04-04 23:03:08.420355 Epoch [65/100] batch [385/391] loss 1.4131 lr 0.028711035421746394 acc 67.19% eta 0:19:39
2023-04-04 23:03:08,985 - __main__ - INFO - Computing epoch 65 validation accuracy...
2023-04-04 23:03:12,253 - __main__ - INFO - Computing epoch 65 validation loss...
2023-04-04 23:03:15,691 - __main__ - INFO - [INFO] 2023-04-04 23:03:15.691761 Epoch [66/100] batch [1/391] loss 1.2939 lr 0.027300475013022688 acc 62.50% eta 0:20:03
2023-04-04 23:03:28,516 - __main__ - INFO - [INFO] 2023-04-04 23:03:28.516604 Epoch [66/100] batch [129/391] loss 1.4639 lr 0.027300475013022688 acc 64.06% eta 0:19:35
2023-04-04 23:03:41,334 - __main__ - INFO - [INFO] 2023-04-04 23:03:41.334422 Epoch [66/100] batch [257/391] loss 1.1143 lr 0.027300475013022688 acc 73.44% eta 0:19:25
2023-04-04 23:03:54,044 - __main__ - INFO - [INFO] 2023-04-04 23:03:54.044090 Epoch [66/100] batch [385/391] loss 1.2520 lr 0.027300475013022688 acc 71.09% eta 0:19:16
2023-04-04 23:03:54,608 - __main__ - INFO - Computing epoch 66 validation accuracy...
2023-04-04 23:03:58,135 - __main__ - INFO - Computing epoch 66 validation loss...
2023-04-04 23:04:01,681 - __main__ - INFO - [INFO] 2023-04-04 23:04:01.681196 Epoch [67/100] batch [1/391] loss 1.2246 lr 0.025912316294914254 acc 69.53% eta 0:25:33
2023-04-04 23:04:14,436 - __main__ - INFO - [INFO] 2023-04-04 23:04:14.436237 Epoch [67/100] batch [129/391] loss 1.0693 lr 0.025912316294914254 acc 69.53% eta 0:19:10
2023-04-04 23:04:27,118 - __main__ - INFO - [INFO] 2023-04-04 23:04:27.117858 Epoch [67/100] batch [257/391] loss 1.3213 lr 0.025912316294914254 acc 67.97% eta 0:18:48
2023-04-04 23:04:39,904 - __main__ - INFO - [INFO] 2023-04-04 23:04:39.903991 Epoch [67/100] batch [385/391] loss 1.4307 lr 0.025912316294914254 acc 62.50% eta 0:18:39
2023-04-04 23:04:40,483 - __main__ - INFO - Computing epoch 67 validation accuracy...
2023-04-04 23:04:43,780 - __main__ - INFO - Computing epoch 67 validation loss...
2023-04-04 23:04:47,330 - __main__ - INFO - [INFO] 2023-04-04 23:04:47.330334 Epoch [68/100] batch [1/391] loss 1.2881 lr 0.02454792921248146 acc 71.09% eta 0:21:31
2023-04-04 23:05:00,104 - __main__ - INFO - [INFO] 2023-04-04 23:05:00.104229 Epoch [68/100] batch [129/391] loss 1.3447 lr 0.02454792921248146 acc 63.28% eta 0:18:32
2023-04-04 23:05:13,020 - __main__ - INFO - [INFO] 2023-04-04 23:05:13.020256 Epoch [68/100] batch [257/391] loss 1.0703 lr 0.02454792921248146 acc 79.69% eta 0:18:23
2023-04-04 23:05:25,904 - __main__ - INFO - [INFO] 2023-04-04 23:05:25.904719 Epoch [68/100] batch [385/391] loss 1.3398 lr 0.02454792921248146 acc 75.00% eta 0:18:13
2023-04-04 23:05:26,449 - __main__ - INFO - Computing epoch 68 validation accuracy...
2023-04-04 23:05:29,662 - __main__ - INFO - Computing epoch 68 validation loss...
2023-04-04 23:05:33,087 - __main__ - INFO - [INFO] 2023-04-04 23:05:33.086869 Epoch [69/100] batch [1/391] loss 1.0801 lr 0.02320866025105018 acc 69.53% eta 0:18:21
2023-04-04 23:05:45,286 - __main__ - INFO - [INFO] 2023-04-04 23:05:45.286286 Epoch [69/100] batch [129/391] loss 1.5342 lr 0.02320866025105018 acc 65.62% eta 0:17:33
2023-04-04 23:05:57,836 - __main__ - INFO - [INFO] 2023-04-04 23:05:57.836073 Epoch [69/100] batch [257/391] loss 1.2744 lr 0.02320866025105018 acc 71.09% eta 0:17:15
2023-04-04 23:06:10,443 - __main__ - INFO - [INFO] 2023-04-04 23:06:10.443595 Epoch [69/100] batch [385/391] loss 1.4424 lr 0.02320866025105018 acc 69.53% eta 0:17:04
2023-04-04 23:06:11,017 - __main__ - INFO - Computing epoch 69 validation accuracy...
2023-04-04 23:06:14,427 - __main__ - INFO - Computing epoch 69 validation loss...
2023-04-04 23:06:17,719 - __main__ - INFO - [INFO] 2023-04-04 23:06:17.719406 Epoch [70/100] batch [1/391] loss 1.0889 lr 0.021895831107393487 acc 76.56% eta 0:19:11
2023-04-04 23:06:30,168 - __main__ - INFO - [INFO] 2023-04-04 23:06:30.167995 Epoch [70/100] batch [129/391] loss 1.2119 lr 0.021895831107393487 acc 68.75% eta 0:16:38
2023-04-04 23:06:42,716 - __main__ - INFO - [INFO] 2023-04-04 23:06:42.716237 Epoch [70/100] batch [257/391] loss 1.1699 lr 0.021895831107393487 acc 75.00% eta 0:16:32
2023-04-04 23:06:55,296 - __main__ - INFO - [INFO] 2023-04-04 23:06:55.296430 Epoch [70/100] batch [385/391] loss 1.2490 lr 0.021895831107393487 acc 71.88% eta 0:16:26
2023-04-04 23:06:55,853 - __main__ - INFO - Computing epoch 70 validation accuracy...
2023-04-04 23:06:59,150 - __main__ - INFO - Computing epoch 70 validation loss...
2023-04-04 23:07:02,553 - __main__ - INFO - [INFO] 2023-04-04 23:07:02.553466 Epoch [71/100] batch [1/391] loss 0.9526 lr 0.02061073738537637 acc 78.12% eta 0:21:07
2023-04-04 23:07:15,138 - __main__ - INFO - [INFO] 2023-04-04 23:07:15.137605 Epoch [71/100] batch [129/391] loss 1.0771 lr 0.02061073738537637 acc 71.09% eta 0:16:32
2023-04-04 23:07:27,196 - __main__ - INFO - [INFO] 2023-04-04 23:07:27.196153 Epoch [71/100] batch [257/391] loss 1.1504 lr 0.02061073738537637 acc 74.22% eta 0:16:05
2023-04-04 23:07:39,764 - __main__ - INFO - [INFO] 2023-04-04 23:07:39.764534 Epoch [71/100] batch [385/391] loss 1.1904 lr 0.02061073738537637 acc 78.91% eta 0:15:53
2023-04-04 23:07:40,334 - __main__ - INFO - Computing epoch 71 validation accuracy...
2023-04-04 23:07:43,603 - __main__ - INFO - Computing epoch 71 validation loss...
2023-04-04 23:07:46,892 - __main__ - INFO - [INFO] 2023-04-04 23:07:46.892111 Epoch [72/100] batch [1/391] loss 0.8877 lr 0.01935464731735119 acc 77.34% eta 0:18:21
2023-04-04 23:07:59,552 - __main__ - INFO - [INFO] 2023-04-04 23:07:59.552824 Epoch [72/100] batch [129/391] loss 1.2061 lr 0.01935464731735119 acc 73.44% eta 0:15:49
2023-04-04 23:08:12,248 - __main__ - INFO - [INFO] 2023-04-04 23:08:12.248426 Epoch [72/100] batch [257/391] loss 0.8286 lr 0.01935464731735119 acc 82.03% eta 0:15:38
2023-04-04 23:08:24,809 - __main__ - INFO - [INFO] 2023-04-04 23:08:24.808849 Epoch [72/100] batch [385/391] loss 0.9619 lr 0.01935464731735119 acc 80.47% eta 0:15:25
2023-04-04 23:08:25,378 - __main__ - INFO - Computing epoch 72 validation accuracy...
2023-04-04 23:08:28,608 - __main__ - INFO - Computing epoch 72 validation loss...
2023-04-04 23:08:31,947 - __main__ - INFO - [INFO] 2023-04-04 23:08:31.947193 Epoch [73/100] batch [1/391] loss 1.0312 lr 0.018128800512565532 acc 73.44% eta 0:19:21
2023-04-04 23:08:44,540 - __main__ - INFO - [INFO] 2023-04-04 23:08:44.540801 Epoch [73/100] batch [129/391] loss 1.3203 lr 0.018128800512565532 acc 70.31% eta 0:15:09
2023-04-04 23:08:57,044 - __main__ - INFO - [INFO] 2023-04-04 23:08:57.044799 Epoch [73/100] batch [257/391] loss 1.0205 lr 0.018128800512565532 acc 74.22% eta 0:15:08
2023-04-04 23:09:09,493 - __main__ - INFO - [INFO] 2023-04-04 23:09:09.493806 Epoch [73/100] batch [385/391] loss 1.0674 lr 0.018128800512565532 acc 75.78% eta 0:14:54
2023-04-04 23:09:10,060 - __main__ - INFO - Computing epoch 73 validation accuracy...
2023-04-04 23:09:13,245 - __main__ - INFO - Computing epoch 73 validation loss...
2023-04-04 23:09:16,485 - __main__ - INFO - [INFO] 2023-04-04 23:09:16.485063 Epoch [74/100] batch [1/391] loss 1.1553 lr 0.016934406733817433 acc 75.78% eta 0:15:16
2023-04-04 23:09:29,306 - __main__ - INFO - [INFO] 2023-04-04 23:09:29.306717 Epoch [74/100] batch [129/391] loss 0.8789 lr 0.016934406733817433 acc 78.91% eta 0:14:58
2023-04-04 23:09:41,984 - __main__ - INFO - [INFO] 2023-04-04 23:09:41.984301 Epoch [74/100] batch [257/391] loss 1.0068 lr 0.016934406733817433 acc 77.34% eta 0:14:43
2023-04-04 23:09:54,453 - __main__ - INFO - [INFO] 2023-04-04 23:09:54.452849 Epoch [74/100] batch [385/391] loss 1.2832 lr 0.016934406733817433 acc 69.53% eta 0:14:23
2023-04-04 23:09:55,019 - __main__ - INFO - Computing epoch 74 validation accuracy...
2023-04-04 23:09:58,186 - __main__ - INFO - Computing epoch 74 validation loss...
2023-04-04 23:10:01,516 - __main__ - INFO - [INFO] 2023-04-04 23:10:01.516094 Epoch [75/100] batch [1/391] loss 0.9180 lr 0.01577264470356558 acc 78.91% eta 0:15:55
2023-04-04 23:10:14,153 - __main__ - INFO - [INFO] 2023-04-04 23:10:14.153003 Epoch [75/100] batch [129/391] loss 1.0820 lr 0.01577264470356558 acc 72.66% eta 0:14:06
2023-04-04 23:10:26,893 - __main__ - INFO - [INFO] 2023-04-04 23:10:26.893700 Epoch [75/100] batch [257/391] loss 1.4180 lr 0.01577264470356558 acc 70.31% eta 0:14:01
2023-04-04 23:10:38,959 - __main__ - INFO - [INFO] 2023-04-04 23:10:38.958926 Epoch [75/100] batch [385/391] loss 1.0527 lr 0.01577264470356558 acc 78.91% eta 0:13:46
2023-04-04 23:10:39,525 - __main__ - INFO - Computing epoch 75 validation accuracy...
2023-04-04 23:10:42,715 - __main__ - INFO - Computing epoch 75 validation loss...
2023-04-04 23:10:45,946 - __main__ - INFO - [INFO] 2023-04-04 23:10:45.946500 Epoch [76/100] batch [1/391] loss 0.7739 lr 0.014644660940672643 acc 82.81% eta 0:14:51
2023-04-04 23:10:58,749 - __main__ - INFO - [INFO] 2023-04-04 23:10:58.748945 Epoch [76/100] batch [129/391] loss 1.0684 lr 0.014644660940672643 acc 76.56% eta 0:14:00
2023-04-04 23:11:11,429 - __main__ - INFO - [INFO] 2023-04-04 23:11:11.429432 Epoch [76/100] batch [257/391] loss 0.8135 lr 0.014644660940672643 acc 78.12% eta 0:13:45
2023-04-04 23:11:24,263 - __main__ - INFO - [INFO] 2023-04-04 23:11:24.263634 Epoch [76/100] batch [385/391] loss 0.9604 lr 0.014644660940672643 acc 75.00% eta 0:13:34
2023-04-04 23:11:24,843 - __main__ - INFO - Computing epoch 76 validation accuracy...
2023-04-04 23:11:28,171 - __main__ - INFO - Computing epoch 76 validation loss...
2023-04-04 23:11:31,471 - __main__ - INFO - [INFO] 2023-04-04 23:11:31.471214 Epoch [77/100] batch [1/391] loss 1.0752 lr 0.013551568628929448 acc 75.78% eta 0:17:27
2023-04-04 23:11:43,980 - __main__ - INFO - [INFO] 2023-04-04 23:11:43.980629 Epoch [77/100] batch [129/391] loss 0.7441 lr 0.013551568628929448 acc 84.38% eta 0:13:02
2023-04-04 23:11:56,731 - __main__ - INFO - [INFO] 2023-04-04 23:11:56.731474 Epoch [77/100] batch [257/391] loss 1.0469 lr 0.013551568628929448 acc 74.22% eta 0:13:02
2023-04-04 23:12:09,287 - __main__ - INFO - [INFO] 2023-04-04 23:12:09.287509 Epoch [77/100] batch [385/391] loss 1.1035 lr 0.013551568628929448 acc 73.44% eta 0:12:49
2023-04-04 23:12:09,846 - __main__ - INFO - Computing epoch 77 validation accuracy...
2023-04-04 23:12:13,023 - __main__ - INFO - Computing epoch 77 validation loss...
2023-04-04 23:12:16,256 - __main__ - INFO - [INFO] 2023-04-04 23:12:16.256285 Epoch [78/100] batch [1/391] loss 0.7607 lr 0.012494446518477033 acc 78.91% eta 0:15:29
2023-04-04 23:12:28,968 - __main__ - INFO - [INFO] 2023-04-04 23:12:28.967922 Epoch [78/100] batch [129/391] loss 0.7505 lr 0.012494446518477033 acc 84.38% eta 0:12:40
2023-04-04 23:12:41,474 - __main__ - INFO - [INFO] 2023-04-04 23:12:41.474087 Epoch [78/100] batch [257/391] loss 0.6816 lr 0.012494446518477033 acc 85.16% eta 0:12:20
2023-04-04 23:12:54,135 - __main__ - INFO - [INFO] 2023-04-04 23:12:54.135570 Epoch [78/100] batch [385/391] loss 0.8374 lr 0.012494446518477033 acc 81.25% eta 0:12:11
2023-04-04 23:12:54,717 - __main__ - INFO - Computing epoch 78 validation accuracy...
2023-04-04 23:12:57,975 - __main__ - INFO - Computing epoch 78 validation loss...
2023-04-04 23:13:01,216 - __main__ - INFO - [INFO] 2023-04-04 23:13:01.216522 Epoch [79/100] batch [1/391] loss 0.7163 lr 0.011474337861210555 acc 82.81% eta 0:13:13
2023-04-04 23:13:13,873 - __main__ - INFO - [INFO] 2023-04-04 23:13:13.873645 Epoch [79/100] batch [129/391] loss 1.1064 lr 0.011474337861210555 acc 73.44% eta 0:11:55
2023-04-04 23:13:26,293 - __main__ - INFO - [INFO] 2023-04-04 23:13:26.293205 Epoch [79/100] batch [257/391] loss 0.7842 lr 0.011474337861210555 acc 82.03% eta 0:11:37
2023-04-04 23:13:39,105 - __main__ - INFO - [INFO] 2023-04-04 23:13:39.105677 Epoch [79/100] batch [385/391] loss 1.0879 lr 0.011474337861210555 acc 75.78% eta 0:11:34
2023-04-04 23:13:39,680 - __main__ - INFO - Computing epoch 79 validation accuracy...
2023-04-04 23:13:42,911 - __main__ - INFO - Computing epoch 79 validation loss...
2023-04-04 23:13:46,169 - __main__ - INFO - [INFO] 2023-04-04 23:13:46.168998 Epoch [80/100] batch [1/391] loss 0.9683 lr 0.01049224938121549 acc 71.88% eta 0:12:35
2023-04-04 23:13:59,947 - __main__ - INFO - [INFO] 2023-04-04 23:13:59.947061 Epoch [80/100] batch [129/391] loss 0.7485 lr 0.01049224938121549 acc 82.03% eta 0:12:59
2023-04-04 23:14:12,762 - __main__ - INFO - [INFO] 2023-04-04 23:14:12.762428 Epoch [80/100] batch [257/391] loss 0.7725 lr 0.01049224938121549 acc 83.59% eta 0:12:02
2023-04-04 23:14:25,418 - __main__ - INFO - [INFO] 2023-04-04 23:14:25.418335 Epoch [80/100] batch [385/391] loss 0.7778 lr 0.01049224938121549 acc 82.81% eta 0:11:33
2023-04-04 23:14:25,963 - __main__ - INFO - Computing epoch 80 validation accuracy...
2023-04-04 23:14:29,191 - __main__ - INFO - Computing epoch 80 validation loss...
2023-04-04 23:14:32,538 - __main__ - INFO - [INFO] 2023-04-04 23:14:32.538205 Epoch [81/100] batch [1/391] loss 0.5342 lr 0.009549150281252642 acc 91.41% eta 0:12:12
2023-04-04 23:14:45,170 - __main__ - INFO - [INFO] 2023-04-04 23:14:45.170296 Epoch [81/100] batch [129/391] loss 0.7695 lr 0.009549150281252642 acc 82.81% eta 0:10:48
2023-04-04 23:14:57,770 - __main__ - INFO - [INFO] 2023-04-04 23:14:57.769867 Epoch [81/100] batch [257/391] loss 0.7822 lr 0.009549150281252642 acc 84.38% eta 0:10:36
2023-04-04 23:15:10,717 - __main__ - INFO - [INFO] 2023-04-04 23:15:10.717686 Epoch [81/100] batch [385/391] loss 0.7559 lr 0.009549150281252642 acc 79.69% eta 0:10:31
2023-04-04 23:15:11,256 - __main__ - INFO - Computing epoch 81 validation accuracy...
2023-04-04 23:15:14,477 - __main__ - INFO - Computing epoch 81 validation loss...
2023-04-04 23:15:17,951 - __main__ - INFO - [INFO] 2023-04-04 23:15:17.951749 Epoch [82/100] batch [1/391] loss 0.8359 lr 0.008645971286271922 acc 74.22% eta 0:11:00
2023-04-04 23:15:30,383 - __main__ - INFO - [INFO] 2023-04-04 23:15:30.382948 Epoch [82/100] batch [129/391] loss 0.5088 lr 0.008645971286271922 acc 90.62% eta 0:10:25
2023-04-04 23:15:42,909 - __main__ - INFO - [INFO] 2023-04-04 23:15:42.909752 Epoch [82/100] batch [257/391] loss 0.6279 lr 0.008645971286271922 acc 83.59% eta 0:10:11
2023-04-04 23:15:55,583 - __main__ - INFO - [INFO] 2023-04-04 23:15:55.583030 Epoch [82/100] batch [385/391] loss 0.7217 lr 0.008645971286271922 acc 85.94% eta 0:09:59
2023-04-04 23:15:56,157 - __main__ - INFO - Computing epoch 82 validation accuracy...
2023-04-04 23:15:59,425 - __main__ - INFO - Computing epoch 82 validation loss...
2023-04-04 23:16:02,812 - __main__ - INFO - [INFO] 2023-04-04 23:16:02.812482 Epoch [83/100] batch [1/391] loss 0.7578 lr 0.007783603724899264 acc 80.47% eta 0:10:42
2023-04-04 23:16:15,467 - __main__ - INFO - [INFO] 2023-04-04 23:16:15.466136 Epoch [83/100] batch [129/391] loss 0.7876 lr 0.007783603724899264 acc 82.81% eta 0:09:47
2023-04-04 23:16:28,266 - __main__ - INFO - [INFO] 2023-04-04 23:16:28.266677 Epoch [83/100] batch [257/391] loss 0.6528 lr 0.007783603724899264 acc 82.81% eta 0:09:39
2023-04-04 23:16:40,753 - __main__ - INFO - [INFO] 2023-04-04 23:16:40.753444 Epoch [83/100] batch [385/391] loss 0.5908 lr 0.007783603724899264 acc 87.50% eta 0:09:24
2023-04-04 23:16:41,338 - __main__ - INFO - Computing epoch 83 validation accuracy...
2023-04-04 23:16:44,442 - __main__ - INFO - Computing epoch 83 validation loss...
2023-04-04 23:16:47,686 - __main__ - INFO - [INFO] 2023-04-04 23:16:47.686809 Epoch [84/100] batch [1/391] loss 0.8809 lr 0.006962898649802819 acc 84.38% eta 0:10:14
2023-04-04 23:17:00,212 - __main__ - INFO - [INFO] 2023-04-04 23:17:00.212257 Epoch [84/100] batch [129/391] loss 0.6270 lr 0.006962898649802819 acc 83.59% eta 0:09:11
2023-04-04 23:17:12,425 - __main__ - INFO - [INFO] 2023-04-04 23:17:12.424841 Epoch [84/100] batch [257/391] loss 0.5269 lr 0.006962898649802819 acc 86.72% eta 0:09:01
2023-04-04 23:17:25,118 - __main__ - INFO - [INFO] 2023-04-04 23:17:25.118798 Epoch [84/100] batch [385/391] loss 0.5996 lr 0.006962898649802819 acc 85.94% eta 0:08:52
2023-04-04 23:17:25,691 - __main__ - INFO - Computing epoch 84 validation accuracy...
2023-04-04 23:17:28,997 - __main__ - INFO - Computing epoch 84 validation loss...
2023-04-04 23:17:32,303 - __main__ - INFO - [INFO] 2023-04-04 23:17:32.303581 Epoch [85/100] batch [1/391] loss 0.5005 lr 0.0061846659978068265 acc 88.28% eta 0:10:26
2023-04-04 23:17:44,993 - __main__ - INFO - [INFO] 2023-04-04 23:17:44.993391 Epoch [85/100] batch [129/391] loss 0.7378 lr 0.0061846659978068265 acc 89.84% eta 0:08:44
2023-04-04 23:17:57,661 - __main__ - INFO - [INFO] 2023-04-04 23:17:57.661334 Epoch [85/100] batch [257/391] loss 0.7192 lr 0.0061846659978068265 acc 84.38% eta 0:08:32
2023-04-04 23:18:10,298 - __main__ - INFO - [INFO] 2023-04-04 23:18:10.298288 Epoch [85/100] batch [385/391] loss 0.6982 lr 0.0061846659978068265 acc 85.16% eta 0:08:20
2023-04-04 23:18:10,858 - __main__ - INFO - Computing epoch 85 validation accuracy...
2023-04-04 23:18:14,194 - __main__ - INFO - Computing epoch 85 validation loss...
2023-04-04 23:18:17,418 - __main__ - INFO - [INFO] 2023-04-04 23:18:17.418148 Epoch [86/100] batch [1/391] loss 0.6611 lr 0.005449673790581615 acc 85.94% eta 0:09:11
2023-04-04 23:18:30,437 - __main__ - INFO - [INFO] 2023-04-04 23:18:30.437106 Epoch [86/100] batch [129/391] loss 0.4922 lr 0.005449673790581615 acc 89.84% eta 0:08:29
2023-04-04 23:18:42,910 - __main__ - INFO - [INFO] 2023-04-04 23:18:42.910613 Epoch [86/100] batch [257/391] loss 0.5205 lr 0.005449673790581615 acc 91.41% eta 0:08:08
2023-04-04 23:18:55,719 - __main__ - INFO - [INFO] 2023-04-04 23:18:55.718916 Epoch [86/100] batch [385/391] loss 0.4863 lr 0.005449673790581615 acc 89.06% eta 0:08:00
2023-04-04 23:18:56,280 - __main__ - INFO - Computing epoch 86 validation accuracy...
2023-04-04 23:18:59,497 - __main__ - INFO - Computing epoch 86 validation loss...
2023-04-04 23:19:02,755 - __main__ - INFO - [INFO] 2023-04-04 23:19:02.755671 Epoch [87/100] batch [1/391] loss 0.5728 lr 0.004758647376699036 acc 85.94% eta 0:08:58
2023-04-04 23:19:15,416 - __main__ - INFO - [INFO] 2023-04-04 23:19:15.416060 Epoch [87/100] batch [129/391] loss 0.5386 lr 0.004758647376699036 acc 87.50% eta 0:07:40
2023-04-04 23:19:28,136 - __main__ - INFO - [INFO] 2023-04-04 23:19:28.135966 Epoch [87/100] batch [257/391] loss 0.3440 lr 0.004758647376699036 acc 92.19% eta 0:07:29
2023-04-04 23:19:40,818 - __main__ - INFO - [INFO] 2023-04-04 23:19:40.817888 Epoch [87/100] batch [385/391] loss 0.6099 lr 0.004758647376699036 acc 88.28% eta 0:07:18
2023-04-04 23:19:41,397 - __main__ - INFO - Computing epoch 87 validation accuracy...
2023-04-04 23:19:44,636 - __main__ - INFO - Computing epoch 87 validation loss...
2023-04-04 23:19:47,841 - __main__ - INFO - [INFO] 2023-04-04 23:19:47.841774 Epoch [88/100] batch [1/391] loss 0.3792 lr 0.004112268715800957 acc 92.97% eta 0:07:34
2023-04-04 23:20:00,410 - __main__ - INFO - [INFO] 2023-04-04 23:20:00.410340 Epoch [88/100] batch [129/391] loss 0.4690 lr 0.004112268715800957 acc 89.06% eta 0:06:57
2023-04-04 23:20:12,975 - __main__ - INFO - [INFO] 2023-04-04 23:20:12.975100 Epoch [88/100] batch [257/391] loss 0.4714 lr 0.004112268715800957 acc 90.62% eta 0:06:47
2023-04-04 23:20:25,503 - __main__ - INFO - [INFO] 2023-04-04 23:20:25.503254 Epoch [88/100] batch [385/391] loss 0.4956 lr 0.004112268715800957 acc 89.84% eta 0:06:39
2023-04-04 23:20:26,082 - __main__ - INFO - Computing epoch 88 validation accuracy...
2023-04-04 23:20:29,165 - __main__ - INFO - Computing epoch 88 validation loss...
2023-04-04 23:20:32,670 - __main__ - INFO - [INFO] 2023-04-04 23:20:32.670768 Epoch [89/100] batch [1/391] loss 0.4282 lr 0.003511175705587435 acc 92.19% eta 0:11:06
2023-04-04 23:20:45,454 - __main__ - INFO - [INFO] 2023-04-04 23:20:45.454250 Epoch [89/100] batch [129/391] loss 0.5034 lr 0.003511175705587435 acc 89.06% eta 0:06:32
2023-04-04 23:20:57,971 - __main__ - INFO - [INFO] 2023-04-04 23:20:57.970904 Epoch [89/100] batch [257/391] loss 0.5522 lr 0.003511175705587435 acc 86.72% eta 0:06:16
2023-04-04 23:21:10,562 - __main__ - INFO - [INFO] 2023-04-04 23:21:10.562229 Epoch [89/100] batch [385/391] loss 0.4949 lr 0.003511175705587435 acc 90.62% eta 0:06:05
2023-04-04 23:21:11,148 - __main__ - INFO - Computing epoch 89 validation accuracy...
2023-04-04 23:21:14,386 - __main__ - INFO - Computing epoch 89 validation loss...
2023-04-04 23:21:17,799 - __main__ - INFO - [INFO] 2023-04-04 23:21:17.799717 Epoch [90/100] batch [1/391] loss 0.3733 lr 0.0029559615522887295 acc 89.06% eta 0:06:31
2023-04-04 23:21:30,251 - __main__ - INFO - [INFO] 2023-04-04 23:21:30.251396 Epoch [90/100] batch [129/391] loss 0.4441 lr 0.0029559615522887295 acc 89.06% eta 0:05:47
2023-04-04 23:21:42,675 - __main__ - INFO - [INFO] 2023-04-04 23:21:42.675060 Epoch [90/100] batch [257/391] loss 0.3179 lr 0.0029559615522887295 acc 93.75% eta 0:05:35
2023-04-04 23:21:55,541 - __main__ - INFO - [INFO] 2023-04-04 23:21:55.541588 Epoch [90/100] batch [385/391] loss 0.3987 lr 0.0029559615522887295 acc 90.62% eta 0:05:28
2023-04-04 23:21:56,083 - __main__ - INFO - Computing epoch 90 validation accuracy...
2023-04-04 23:21:59,350 - __main__ - INFO - Computing epoch 90 validation loss...
2023-04-04 23:22:02,648 - __main__ - INFO - [INFO] 2023-04-04 23:22:02.648631 Epoch [91/100] batch [1/391] loss 0.2878 lr 0.0024471741852423253 acc 92.97% eta 0:06:26
2023-04-04 23:22:15,010 - __main__ - INFO - [INFO] 2023-04-04 23:22:15.009854 Epoch [91/100] batch [129/391] loss 0.4089 lr 0.0024471741852423253 acc 89.84% eta 0:05:18
2023-04-04 23:22:27,488 - __main__ - INFO - [INFO] 2023-04-04 23:22:27.488197 Epoch [91/100] batch [257/391] loss 0.3125 lr 0.0024471741852423253 acc 94.53% eta 0:05:06
2023-04-04 23:22:40,251 - __main__ - INFO - [INFO] 2023-04-04 23:22:40.251652 Epoch [91/100] batch [385/391] loss 0.2367 lr 0.0024471741852423253 acc 95.31% eta 0:04:56
2023-04-04 23:22:40,831 - __main__ - INFO - Computing epoch 91 validation accuracy...
2023-04-04 23:22:44,140 - __main__ - INFO - Computing epoch 91 validation loss...
2023-04-04 23:22:47,493 - __main__ - INFO - [INFO] 2023-04-04 23:22:47.493764 Epoch [92/100] batch [1/391] loss 0.3982 lr 0.0019853157161528537 acc 91.41% eta 0:05:21
2023-04-04 23:23:00,036 - __main__ - INFO - [INFO] 2023-04-04 23:23:00.036578 Epoch [92/100] batch [129/391] loss 0.3120 lr 0.0019853157161528537 acc 92.19% eta 0:04:42
2023-04-04 23:23:12,794 - __main__ - INFO - [INFO] 2023-04-04 23:23:12.794033 Epoch [92/100] batch [257/391] loss 0.3674 lr 0.0019853157161528537 acc 91.41% eta 0:04:34
2023-04-04 23:23:25,660 - __main__ - INFO - [INFO] 2023-04-04 23:23:25.659921 Epoch [92/100] batch [385/391] loss 0.2766 lr 0.0019853157161528537 acc 94.53% eta 0:04:25
2023-04-04 23:23:26,215 - __main__ - INFO - Computing epoch 92 validation accuracy...
2023-04-04 23:23:29,560 - __main__ - INFO - Computing epoch 92 validation loss...
2023-04-04 23:23:33,032 - __main__ - INFO - [INFO] 2023-04-04 23:23:33.032141 Epoch [93/100] batch [1/391] loss 0.2922 lr 0.0015708419435684529 acc 92.97% eta 0:04:44
2023-04-04 23:23:45,563 - __main__ - INFO - [INFO] 2023-04-04 23:23:45.563810 Epoch [93/100] batch [129/391] loss 0.3584 lr 0.0015708419435684529 acc 92.97% eta 0:04:19
2023-04-04 23:23:58,531 - __main__ - INFO - [INFO] 2023-04-04 23:23:58.531231 Epoch [93/100] batch [257/391] loss 0.3916 lr 0.0015708419435684529 acc 89.84% eta 0:04:10
2023-04-04 23:24:11,214 - __main__ - INFO - [INFO] 2023-04-04 23:24:11.214549 Epoch [93/100] batch [385/391] loss 0.4309 lr 0.0015708419435684529 acc 89.06% eta 0:03:57
2023-04-04 23:24:11,810 - __main__ - INFO - Computing epoch 93 validation accuracy...
2023-04-04 23:24:15,058 - __main__ - INFO - Computing epoch 93 validation loss...
2023-04-04 23:24:18,438 - __main__ - INFO - [INFO] 2023-04-04 23:24:18.437975 Epoch [94/100] batch [1/391] loss 0.5015 lr 0.0012041619030626347 acc 89.84% eta 0:04:05
2023-04-04 23:24:30,985 - __main__ - INFO - [INFO] 2023-04-04 23:24:30.985474 Epoch [94/100] batch [129/391] loss 0.3752 lr 0.0012041619030626347 acc 92.19% eta 0:03:38
2023-04-04 23:24:43,779 - __main__ - INFO - [INFO] 2023-04-04 23:24:43.779054 Epoch [94/100] batch [257/391] loss 0.3506 lr 0.0012041619030626347 acc 92.19% eta 0:03:28
2023-04-04 23:24:56,477 - __main__ - INFO - [INFO] 2023-04-04 23:24:56.477238 Epoch [94/100] batch [385/391] loss 0.2649 lr 0.0012041619030626347 acc 96.09% eta 0:03:18
2023-04-04 23:24:57,033 - __main__ - INFO - Computing epoch 94 validation accuracy...
2023-04-04 23:25:00,233 - __main__ - INFO - Computing epoch 94 validation loss...
2023-04-04 23:25:03,532 - __main__ - INFO - [INFO] 2023-04-04 23:25:03.532094 Epoch [95/100] batch [1/391] loss 0.1945 lr 0.0008856374635655646 acc 93.75% eta 0:03:22
2023-04-04 23:25:16,068 - __main__ - INFO - [INFO] 2023-04-04 23:25:16.067925 Epoch [95/100] batch [129/391] loss 0.2421 lr 0.0008856374635655646 acc 92.19% eta 0:03:07
2023-04-04 23:25:28,251 - __main__ - INFO - [INFO] 2023-04-04 23:25:28.251800 Epoch [95/100] batch [257/391] loss 0.2218 lr 0.0008856374635655646 acc 94.53% eta 0:02:55
2023-04-04 23:25:40,999 - __main__ - INFO - [INFO] 2023-04-04 23:25:40.998943 Epoch [95/100] batch [385/391] loss 0.4187 lr 0.0008856374635655646 acc 91.41% eta 0:02:45
2023-04-04 23:25:41,578 - __main__ - INFO - Computing epoch 95 validation accuracy...
2023-04-04 23:25:44,905 - __main__ - INFO - Computing epoch 95 validation loss...
2023-04-04 23:25:48,262 - __main__ - INFO - [INFO] 2023-04-04 23:25:48.262770 Epoch [96/100] batch [1/391] loss 0.2717 lr 0.0006155829702431174 acc 92.97% eta 0:02:59
2023-04-04 23:26:00,904 - __main__ - INFO - [INFO] 2023-04-04 23:26:00.904007 Epoch [96/100] batch [129/391] loss 0.3057 lr 0.0006155829702431174 acc 95.31% eta 0:02:33
2023-04-04 23:26:13,441 - __main__ - INFO - [INFO] 2023-04-04 23:26:13.440892 Epoch [96/100] batch [257/391] loss 0.2754 lr 0.0006155829702431174 acc 93.75% eta 0:02:22
2023-04-04 23:26:25,947 - __main__ - INFO - [INFO] 2023-04-04 23:26:25.947812 Epoch [96/100] batch [385/391] loss 0.3738 lr 0.0006155829702431174 acc 92.19% eta 0:02:10
2023-04-04 23:26:26,501 - __main__ - INFO - Computing epoch 96 validation accuracy...
2023-04-04 23:26:29,817 - __main__ - INFO - Computing epoch 96 validation loss...
2023-04-04 23:26:33,163 - __main__ - INFO - [INFO] 2023-04-04 23:26:33.163233 Epoch [97/100] batch [1/391] loss 0.3474 lr 0.00039426493427611206 acc 91.41% eta 0:02:20
2023-04-04 23:26:47,085 - __main__ - INFO - [INFO] 2023-04-04 23:26:47.085102 Epoch [97/100] batch [129/391] loss 0.1252 lr 0.00039426493427611206 acc 97.66% eta 0:02:17
2023-04-04 23:26:59,353 - __main__ - INFO - [INFO] 2023-04-04 23:26:59.352844 Epoch [97/100] batch [257/391] loss 0.1843 lr 0.00039426493427611206 acc 96.88% eta 0:01:57
2023-04-04 23:27:12,310 - __main__ - INFO - [INFO] 2023-04-04 23:27:12.309861 Epoch [97/100] batch [385/391] loss 0.4397 lr 0.00039426493427611206 acc 90.62% eta 0:01:45
2023-04-04 23:27:12,897 - __main__ - INFO - Computing epoch 97 validation accuracy...
2023-04-04 23:27:16,342 - __main__ - INFO - Computing epoch 97 validation loss...
2023-04-04 23:27:19,827 - __main__ - INFO - [INFO] 2023-04-04 23:27:19.827671 Epoch [98/100] batch [1/391] loss 0.1903 lr 0.00022190176984600036 acc 96.09% eta 0:01:52
2023-04-04 23:27:32,523 - __main__ - INFO - [INFO] 2023-04-04 23:27:32.523306 Epoch [98/100] batch [129/391] loss 0.2457 lr 0.00022190176984600036 acc 96.09% eta 0:01:29
2023-04-04 23:27:44,966 - __main__ - INFO - [INFO] 2023-04-04 23:27:44.966551 Epoch [98/100] batch [257/391] loss 0.2141 lr 0.00022190176984600036 acc 95.31% eta 0:01:17
2023-04-04 23:27:57,783 - __main__ - INFO - [INFO] 2023-04-04 23:27:57.783589 Epoch [98/100] batch [385/391] loss 0.2124 lr 0.00022190176984600036 acc 92.19% eta 0:01:06
2023-04-04 23:27:58,343 - __main__ - INFO - Computing epoch 98 validation accuracy...
2023-04-04 23:28:01,721 - __main__ - INFO - Computing epoch 98 validation loss...
2023-04-04 23:28:05,040 - __main__ - INFO - [INFO] 2023-04-04 23:28:05.039965 Epoch [99/100] batch [1/391] loss 0.2251 lr 9.866357858642213e-05 acc 92.19% eta 0:01:11
2023-04-04 23:28:17,801 - __main__ - INFO - [INFO] 2023-04-04 23:28:17.801386 Epoch [99/100] batch [129/391] loss 0.2651 lr 9.866357858642213e-05 acc 93.75% eta 0:00:55
2023-04-04 23:28:30,297 - __main__ - INFO - [INFO] 2023-04-04 23:28:30.297490 Epoch [99/100] batch [257/391] loss 0.2563 lr 9.866357858642213e-05 acc 95.31% eta 0:00:44
2023-04-04 23:28:42,324 - __main__ - INFO - [INFO] 2023-04-04 23:28:42.324037 Epoch [99/100] batch [385/391] loss 0.2354 lr 9.866357858642213e-05 acc 96.09% eta 0:00:33
2023-04-04 23:28:42,882 - __main__ - INFO - Computing epoch 99 validation accuracy...
2023-04-04 23:28:46,085 - __main__ - INFO - Computing epoch 99 validation loss...
2023-04-04 23:28:49,570 - __main__ - INFO - [INFO] 2023-04-04 23:28:49.570194 Epoch [100/100] batch [1/391] loss 0.3274 lr 2.4671981713420017e-05 acc 92.97% eta 0:00:33
2023-04-04 23:29:02,311 - __main__ - INFO - [INFO] 2023-04-04 23:29:02.311719 Epoch [100/100] batch [129/391] loss 0.4009 lr 2.4671981713420017e-05 acc 91.41% eta 0:00:22
2023-04-04 23:29:14,951 - __main__ - INFO - [INFO] 2023-04-04 23:29:14.950469 Epoch [100/100] batch [257/391] loss 0.2037 lr 2.4671981713420017e-05 acc 95.31% eta 0:00:11
2023-04-04 23:29:27,533 - __main__ - INFO - [INFO] 2023-04-04 23:29:27.532944 Epoch [100/100] batch [385/391] loss 0.2200 lr 2.4671981713420017e-05 acc 93.75% eta 0:00:00
2023-04-04 23:29:28,145 - __main__ - INFO - Computing epoch 100 validation accuracy...
2023-04-04 23:29:31,385 - __main__ - INFO - Computing epoch 100 validation loss...
2023-04-04 23:29:34,837 - __main__ - INFO - Reading testing data set cifar100
2023-04-04 23:29:35,588 - __main__ - INFO - Loading trained model...
2023-04-04 23:29:39,291 - __main__ - INFO - Testing acc : 70.68%.
