2023-04-03 17:19:20,691 - __main__ - INFO - 

2023-04-03 17:19:20,691 - __main__ - INFO - ***************
2023-04-03 17:19:20,692 - __main__ - INFO - ** Arguments **
2023-04-03 17:19:20,692 - __main__ - INFO - ***************
2023-04-03 17:19:20,692 - __main__ - INFO - backbone: resnet20
2023-04-03 17:19:20,692 - __main__ - INFO - dataname: cifar10
2023-04-03 17:19:20,692 - __main__ - INFO - drop_method: no
2023-04-03 17:19:20,692 - __main__ - INFO - drop_rate: 0.0
2023-04-03 17:19:20,692 - __main__ - INFO - eval_only: 0
2023-04-03 17:19:20,692 - __main__ - INFO - output_path: checkpoints/cifar10/resnet20/drop_no/rate_0./seed3
2023-04-03 17:19:20,692 - __main__ - INFO - part_rate: 0.1
2023-04-03 17:19:20,692 - __main__ - INFO - seed: 3
2023-04-03 17:19:20,692 - __main__ - INFO - weight_decay: 0.0005
2023-04-03 17:19:20,692 - __main__ - INFO - ************
2023-04-03 17:19:20,692 - __main__ - INFO - ** Config **
2023-04-03 17:19:20,692 - __main__ - INFO - ************
2023-04-03 17:19:20,692 - __main__ - INFO - {'DATALOADER': {'PATH': './data', 'DATANAME': 'cifar10', 'BATCH_SIZE': 128, 'NUM_CLASSES': 10}, 'INPUT': {'SIZE': [32, 32], 'PIXEL_MEAN': [0.4914, 0.4822, 0.4465], 'PIXEL_STD': [0.2023, 0.1994, 0.201]}, 'OUTPUT': {'DIR': 'checkpoints/cifar10/resnet20/drop_no/rate_0./seed3'}, 'SEED': 3, 'OPTIM': {'LR': 0.1, 'MAX_EPOCH': 100, 'LR_SCHEDULER': 'step', 'LR_MILESTONES': [20, 40, 80, 120, 140], 'LR_DECAY': 0.2, 'PART_RATE': 0.1, 'WEIGHT_DECAY': 0.0005, 'DROP_RATE': 0.0, 'DROP_METHOD': 'no', 'BLOCK_SIZE': 7}, 'MODEL': {'BACKBONE': 'resnet20'}}
2023-04-03 17:19:20,712 - __main__ - INFO - Reading training data set cifar10
2023-04-03 17:19:22,468 - __main__ - INFO - Loading raw model
2023-04-03 17:19:24,789 - __main__ - INFO - 
Saving everything to checkpoints/cifar10/resnet20/drop_no/rate_0./seed3
2023-04-03 17:19:24,790 - __main__ - INFO - Start training...
2023-04-03 17:19:28,706 - __main__ - INFO - [INFO] 2023-04-03 17:19:28.706080 Epoch [1/100] batch [1/391] loss 4.5469 lr 0.1 acc 7.81% eta 1 day, 18:26:47
2023-04-03 17:19:40,209 - __main__ - INFO - [INFO] 2023-04-03 17:19:40.209207 Epoch [1/100] batch [129/391] loss 1.6553 lr 0.1 acc 35.94% eta 1:13:42
2023-04-03 17:19:51,742 - __main__ - INFO - [INFO] 2023-04-03 17:19:51.741873 Epoch [1/100] batch [257/391] loss 1.7217 lr 0.1 acc 39.84% eta 1:03:56
2023-04-03 17:20:03,155 - __main__ - INFO - [INFO] 2023-04-03 17:20:03.155813 Epoch [1/100] batch [385/391] loss 1.3369 lr 0.1 acc 47.66% eta 1:00:21
2023-04-03 17:20:03,716 - __main__ - INFO - Computing epoch 1 validation accuracy...
2023-04-03 17:20:06,844 - __main__ - INFO - Computing epoch 1 validation loss...
2023-04-03 17:20:10,025 - __main__ - INFO - [INFO] 2023-04-03 17:20:10.025068 Epoch [2/100] batch [1/391] loss 1.4355 lr 0.09997532801828658 acc 43.75% eta 0:56:29
2023-04-03 17:20:21,776 - __main__ - INFO - [INFO] 2023-04-03 17:20:21.776438 Epoch [2/100] batch [129/391] loss 1.2432 lr 0.09997532801828658 acc 53.12% eta 0:55:02
2023-04-03 17:20:33,569 - __main__ - INFO - [INFO] 2023-04-03 17:20:33.568951 Epoch [2/100] batch [257/391] loss 1.2236 lr 0.09997532801828658 acc 49.22% eta 0:54:55
2023-04-03 17:20:45,148 - __main__ - INFO - [INFO] 2023-04-03 17:20:45.148325 Epoch [2/100] batch [385/391] loss 1.2295 lr 0.09997532801828658 acc 48.44% eta 0:54:28
2023-04-03 17:20:45,677 - __main__ - INFO - Computing epoch 2 validation accuracy...
2023-04-03 17:20:48,821 - __main__ - INFO - Computing epoch 2 validation loss...
2023-04-03 17:20:52,253 - __main__ - INFO - [INFO] 2023-04-03 17:20:52.253302 Epoch [3/100] batch [1/391] loss 1.0332 lr 0.09990133642141358 acc 59.38% eta 1:17:31
2023-04-03 17:21:03,952 - __main__ - INFO - [INFO] 2023-04-03 17:21:03.952545 Epoch [3/100] batch [129/391] loss 1.2393 lr 0.09990133642141358 acc 57.03% eta 0:54:23
2023-04-03 17:21:15,692 - __main__ - INFO - [INFO] 2023-04-03 17:21:15.692570 Epoch [3/100] batch [257/391] loss 1.1885 lr 0.09990133642141358 acc 55.47% eta 0:54:09
2023-04-03 17:21:27,285 - __main__ - INFO - [INFO] 2023-04-03 17:21:27.285354 Epoch [3/100] batch [385/391] loss 1.1230 lr 0.09990133642141358 acc 62.50% eta 0:53:43
2023-04-03 17:21:27,818 - __main__ - INFO - Computing epoch 3 validation accuracy...
2023-04-03 17:21:30,837 - __main__ - INFO - Computing epoch 3 validation loss...
2023-04-03 17:21:34,233 - __main__ - INFO - [INFO] 2023-04-03 17:21:34.232889 Epoch [4/100] batch [1/391] loss 1.0498 lr 0.099778098230154 acc 57.81% eta 1:00:43
2023-04-03 17:21:46,063 - __main__ - INFO - [INFO] 2023-04-03 17:21:46.063809 Epoch [4/100] batch [129/391] loss 1.0000 lr 0.099778098230154 acc 63.28% eta 0:54:12
2023-04-03 17:21:57,898 - __main__ - INFO - [INFO] 2023-04-03 17:21:57.897911 Epoch [4/100] batch [257/391] loss 0.9570 lr 0.099778098230154 acc 54.69% eta 0:54:03
2023-04-03 17:22:10,115 - __main__ - INFO - [INFO] 2023-04-03 17:22:10.115312 Epoch [4/100] batch [385/391] loss 0.8057 lr 0.099778098230154 acc 66.41% eta 0:54:27
2023-04-03 17:22:10,668 - __main__ - INFO - Computing epoch 4 validation accuracy...
2023-04-03 17:22:13,801 - __main__ - INFO - Computing epoch 4 validation loss...
2023-04-03 17:22:16,992 - __main__ - INFO - [INFO] 2023-04-03 17:22:16.991786 Epoch [5/100] batch [1/391] loss 0.9062 lr 0.0996057350657239 acc 60.94% eta 1:01:52
2023-04-03 17:22:28,880 - __main__ - INFO - [INFO] 2023-04-03 17:22:28.880544 Epoch [5/100] batch [129/391] loss 0.8779 lr 0.0996057350657239 acc 70.31% eta 0:54:09
2023-04-03 17:22:41,230 - __main__ - INFO - [INFO] 2023-04-03 17:22:41.230290 Epoch [5/100] batch [257/391] loss 0.8062 lr 0.0996057350657239 acc 67.19% eta 0:54:50
2023-04-03 17:22:53,088 - __main__ - INFO - [INFO] 2023-04-03 17:22:53.088108 Epoch [5/100] batch [385/391] loss 0.7627 lr 0.0996057350657239 acc 71.88% eta 0:54:12
2023-04-03 17:22:53,628 - __main__ - INFO - Computing epoch 5 validation accuracy...
2023-04-03 17:22:56,949 - __main__ - INFO - Computing epoch 5 validation loss...
2023-04-03 17:23:00,145 - __main__ - INFO - [INFO] 2023-04-03 17:23:00.145817 Epoch [6/100] batch [1/391] loss 0.8892 lr 0.09938441702975688 acc 60.16% eta 0:59:39
2023-04-03 17:23:12,008 - __main__ - INFO - [INFO] 2023-04-03 17:23:12.008296 Epoch [6/100] batch [129/391] loss 0.8633 lr 0.09938441702975688 acc 72.66% eta 0:53:09
2023-04-03 17:23:24,038 - __main__ - INFO - [INFO] 2023-04-03 17:23:24.037931 Epoch [6/100] batch [257/391] loss 0.7827 lr 0.09938441702975688 acc 67.97% eta 0:53:17
2023-04-03 17:23:36,255 - __main__ - INFO - [INFO] 2023-04-03 17:23:36.255442 Epoch [6/100] batch [385/391] loss 0.8071 lr 0.09938441702975688 acc 68.75% eta 0:53:32
2023-04-03 17:23:36,812 - __main__ - INFO - Computing epoch 6 validation accuracy...
2023-04-03 17:23:39,997 - __main__ - INFO - Computing epoch 6 validation loss...
2023-04-03 17:23:43,246 - __main__ - INFO - [INFO] 2023-04-03 17:23:43.246755 Epoch [7/100] batch [1/391] loss 0.7896 lr 0.09911436253643444 acc 75.00% eta 0:59:47
2023-04-03 17:23:55,781 - __main__ - INFO - [INFO] 2023-04-03 17:23:55.780913 Epoch [7/100] batch [129/391] loss 0.7056 lr 0.09911436253643444 acc 70.31% eta 0:55:52
2023-04-03 17:24:08,828 - __main__ - INFO - [INFO] 2023-04-03 17:24:08.828573 Epoch [7/100] batch [257/391] loss 0.8223 lr 0.09911436253643444 acc 75.78% eta 0:56:46
2023-04-03 17:24:21,110 - __main__ - INFO - [INFO] 2023-04-03 17:24:21.110407 Epoch [7/100] batch [385/391] loss 0.8457 lr 0.09911436253643444 acc 68.75% eta 0:55:46
2023-04-03 17:24:21,687 - __main__ - INFO - Computing epoch 7 validation accuracy...
2023-04-03 17:24:24,910 - __main__ - INFO - Computing epoch 7 validation loss...
2023-04-03 17:24:28,235 - __main__ - INFO - [INFO] 2023-04-03 17:24:28.235038 Epoch [8/100] batch [1/391] loss 0.5952 lr 0.09879583809693737 acc 73.44% eta 0:58:15
2023-04-03 17:24:40,151 - __main__ - INFO - [INFO] 2023-04-03 17:24:40.150905 Epoch [8/100] batch [129/391] loss 0.7871 lr 0.09879583809693737 acc 77.34% eta 0:52:21
2023-04-03 17:24:51,997 - __main__ - INFO - [INFO] 2023-04-03 17:24:51.996858 Epoch [8/100] batch [257/391] loss 0.5820 lr 0.09879583809693737 acc 72.66% eta 0:52:02
2023-04-03 17:25:04,199 - __main__ - INFO - [INFO] 2023-04-03 17:25:04.199196 Epoch [8/100] batch [385/391] loss 0.8643 lr 0.09879583809693737 acc 67.97% eta 0:52:16
2023-04-03 17:25:04,752 - __main__ - INFO - Computing epoch 8 validation accuracy...
2023-04-03 17:25:07,938 - __main__ - INFO - Computing epoch 8 validation loss...
2023-04-03 17:25:11,424 - __main__ - INFO - [INFO] 2023-04-03 17:25:11.424189 Epoch [9/100] batch [1/391] loss 0.7598 lr 0.09842915805643156 acc 68.75% eta 1:17:09
2023-04-03 17:25:23,782 - __main__ - INFO - [INFO] 2023-04-03 17:25:23.782097 Epoch [9/100] batch [129/391] loss 0.8164 lr 0.09842915805643156 acc 70.31% eta 0:53:57
2023-04-03 17:25:36,128 - __main__ - INFO - [INFO] 2023-04-03 17:25:36.128640 Epoch [9/100] batch [257/391] loss 0.9282 lr 0.09842915805643156 acc 68.75% eta 0:53:35
2023-04-03 17:25:48,024 - __main__ - INFO - [INFO] 2023-04-03 17:25:48.023835 Epoch [9/100] batch [385/391] loss 0.5229 lr 0.09842915805643156 acc 80.47% eta 0:52:40
2023-04-03 17:25:48,627 - __main__ - INFO - Computing epoch 9 validation accuracy...
2023-04-03 17:25:51,835 - __main__ - INFO - Computing epoch 9 validation loss...
2023-04-03 17:25:55,325 - __main__ - INFO - [INFO] 2023-04-03 17:25:55.325189 Epoch [10/100] batch [1/391] loss 0.7241 lr 0.09801468428384716 acc 72.66% eta 1:02:53
2023-04-03 17:26:07,980 - __main__ - INFO - [INFO] 2023-04-03 17:26:07.980776 Epoch [10/100] batch [129/391] loss 0.7319 lr 0.09801468428384716 acc 75.00% eta 0:54:19
2023-04-03 17:26:20,260 - __main__ - INFO - [INFO] 2023-04-03 17:26:20.259568 Epoch [10/100] batch [257/391] loss 0.6792 lr 0.09801468428384716 acc 70.31% eta 0:53:27
2023-04-03 17:26:32,480 - __main__ - INFO - [INFO] 2023-04-03 17:26:32.480047 Epoch [10/100] batch [385/391] loss 0.5957 lr 0.09801468428384716 acc 76.56% eta 0:52:53
2023-04-03 17:26:33,031 - __main__ - INFO - Computing epoch 10 validation accuracy...
2023-04-03 17:26:36,215 - __main__ - INFO - Computing epoch 10 validation loss...
2023-04-03 17:26:39,512 - __main__ - INFO - [INFO] 2023-04-03 17:26:39.512604 Epoch [11/100] batch [1/391] loss 0.5942 lr 0.09755282581475769 acc 75.00% eta 0:55:38
2023-04-03 17:26:51,631 - __main__ - INFO - [INFO] 2023-04-03 17:26:51.631429 Epoch [11/100] batch [129/391] loss 0.6309 lr 0.09755282581475769 acc 73.44% eta 0:51:38
2023-04-03 17:27:04,250 - __main__ - INFO - [INFO] 2023-04-03 17:27:04.249445 Epoch [11/100] batch [257/391] loss 0.7256 lr 0.09755282581475769 acc 75.78% eta 0:52:25
2023-04-03 17:27:16,361 - __main__ - INFO - [INFO] 2023-04-03 17:27:16.361467 Epoch [11/100] batch [385/391] loss 0.7798 lr 0.09755282581475769 acc 69.53% eta 0:51:50
2023-04-03 17:27:16,902 - __main__ - INFO - Computing epoch 11 validation accuracy...
2023-04-03 17:27:20,004 - __main__ - INFO - Computing epoch 11 validation loss...
2023-04-03 17:27:23,147 - __main__ - INFO - [INFO] 2023-04-03 17:27:23.146722 Epoch [12/100] batch [1/391] loss 0.7085 lr 0.09704403844771128 acc 72.66% eta 0:51:11
2023-04-03 17:27:35,019 - __main__ - INFO - [INFO] 2023-04-03 17:27:35.019435 Epoch [12/100] batch [129/391] loss 0.6377 lr 0.09704403844771128 acc 75.78% eta 0:49:54
2023-04-03 17:27:46,727 - __main__ - INFO - [INFO] 2023-04-03 17:27:46.726842 Epoch [12/100] batch [257/391] loss 0.6460 lr 0.09704403844771128 acc 75.00% eta 0:49:23
2023-04-03 17:27:58,629 - __main__ - INFO - [INFO] 2023-04-03 17:27:58.629671 Epoch [12/100] batch [385/391] loss 0.6504 lr 0.09704403844771128 acc 64.06% eta 0:49:19
2023-04-03 17:27:59,162 - __main__ - INFO - Computing epoch 12 validation accuracy...
2023-04-03 17:28:02,581 - __main__ - INFO - Computing epoch 12 validation loss...
2023-04-03 17:28:05,782 - __main__ - INFO - [INFO] 2023-04-03 17:28:05.782211 Epoch [13/100] batch [1/391] loss 0.6528 lr 0.09648882429441258 acc 73.44% eta 0:50:47
2023-04-03 17:28:17,530 - __main__ - INFO - [INFO] 2023-04-03 17:28:17.529813 Epoch [13/100] batch [129/391] loss 0.7700 lr 0.09648882429441258 acc 61.72% eta 0:48:47
2023-04-03 17:28:29,385 - __main__ - INFO - [INFO] 2023-04-03 17:28:29.385526 Epoch [13/100] batch [257/391] loss 0.6157 lr 0.09648882429441258 acc 73.44% eta 0:48:50
2023-04-03 17:28:41,583 - __main__ - INFO - [INFO] 2023-04-03 17:28:41.583380 Epoch [13/100] batch [385/391] loss 0.5254 lr 0.09648882429441258 acc 75.00% eta 0:49:14
2023-04-03 17:28:42,179 - __main__ - INFO - Computing epoch 13 validation accuracy...
2023-04-03 17:28:45,268 - __main__ - INFO - Computing epoch 13 validation loss...
2023-04-03 17:28:48,415 - __main__ - INFO - [INFO] 2023-04-03 17:28:48.415643 Epoch [14/100] batch [1/391] loss 0.6396 lr 0.09588773128419906 acc 75.78% eta 0:49:56
2023-04-03 17:29:00,440 - __main__ - INFO - [INFO] 2023-04-03 17:29:00.440057 Epoch [14/100] batch [129/391] loss 0.6968 lr 0.09588773128419906 acc 82.03% eta 0:49:22
2023-04-03 17:29:12,506 - __main__ - INFO - [INFO] 2023-04-03 17:29:12.505856 Epoch [14/100] batch [257/391] loss 0.5879 lr 0.09588773128419906 acc 78.12% eta 0:49:18
2023-04-03 17:29:25,033 - __main__ - INFO - [INFO] 2023-04-03 17:29:25.033434 Epoch [14/100] batch [385/391] loss 0.5913 lr 0.09588773128419906 acc 72.66% eta 0:49:46
2023-04-03 17:29:25,572 - __main__ - INFO - Computing epoch 14 validation accuracy...
2023-04-03 17:29:28,753 - __main__ - INFO - Computing epoch 14 validation loss...
2023-04-03 17:29:31,993 - __main__ - INFO - [INFO] 2023-04-03 17:29:31.992854 Epoch [15/100] batch [1/391] loss 0.7603 lr 0.09524135262330098 acc 74.22% eta 0:51:21
2023-04-03 17:29:44,074 - __main__ - INFO - [INFO] 2023-04-03 17:29:44.073809 Epoch [15/100] batch [129/391] loss 0.5781 lr 0.09524135262330098 acc 78.91% eta 0:49:02
2023-04-03 17:29:55,943 - __main__ - INFO - [INFO] 2023-04-03 17:29:55.942522 Epoch [15/100] batch [257/391] loss 0.5645 lr 0.09524135262330098 acc 77.34% eta 0:48:25
2023-04-03 17:30:08,169 - __main__ - INFO - [INFO] 2023-04-03 17:30:08.169624 Epoch [15/100] batch [385/391] loss 0.6089 lr 0.09524135262330098 acc 76.56% eta 0:48:35
2023-04-03 17:30:08,723 - __main__ - INFO - Computing epoch 15 validation accuracy...
2023-04-03 17:30:11,972 - __main__ - INFO - Computing epoch 15 validation loss...
2023-04-03 17:30:15,252 - __main__ - INFO - [INFO] 2023-04-03 17:30:15.252201 Epoch [16/100] batch [1/391] loss 0.5669 lr 0.0945503262094184 acc 64.84% eta 0:52:30
2023-04-03 17:30:27,217 - __main__ - INFO - [INFO] 2023-04-03 17:30:27.216898 Epoch [16/100] batch [129/391] loss 0.6392 lr 0.0945503262094184 acc 76.56% eta 0:48:08
2023-04-03 17:30:38,940 - __main__ - INFO - [INFO] 2023-04-03 17:30:38.940046 Epoch [16/100] batch [257/391] loss 0.5415 lr 0.0945503262094184 acc 67.97% eta 0:47:25
2023-04-03 17:30:50,855 - __main__ - INFO - [INFO] 2023-04-03 17:30:50.855301 Epoch [16/100] batch [385/391] loss 0.6650 lr 0.0945503262094184 acc 76.56% eta 0:47:15
2023-04-03 17:30:51,399 - __main__ - INFO - Computing epoch 16 validation accuracy...
2023-04-03 17:30:54,740 - __main__ - INFO - Computing epoch 16 validation loss...
2023-04-03 17:30:58,090 - __main__ - INFO - [INFO] 2023-04-03 17:30:58.089948 Epoch [17/100] batch [1/391] loss 0.4602 lr 0.09381533400219319 acc 80.47% eta 0:59:50
2023-04-03 17:31:09,872 - __main__ - INFO - [INFO] 2023-04-03 17:31:09.872318 Epoch [17/100] batch [129/391] loss 0.5645 lr 0.09381533400219319 acc 78.91% eta 0:46:46
2023-04-03 17:31:21,662 - __main__ - INFO - [INFO] 2023-04-03 17:31:21.661990 Epoch [17/100] batch [257/391] loss 0.7798 lr 0.09381533400219319 acc 69.53% eta 0:46:35
2023-04-03 17:31:33,387 - __main__ - INFO - [INFO] 2023-04-03 17:31:33.387557 Epoch [17/100] batch [385/391] loss 0.6875 lr 0.09381533400219319 acc 78.91% eta 0:46:18
2023-04-03 17:31:33,927 - __main__ - INFO - Computing epoch 17 validation accuracy...
2023-04-03 17:31:37,001 - __main__ - INFO - Computing epoch 17 validation loss...
2023-04-03 17:31:40,223 - __main__ - INFO - [INFO] 2023-04-03 17:31:40.223227 Epoch [18/100] batch [1/391] loss 0.7114 lr 0.0930371013501972 acc 73.44% eta 1:04:33
2023-04-03 17:31:51,955 - __main__ - INFO - [INFO] 2023-04-03 17:31:51.955072 Epoch [18/100] batch [129/391] loss 0.6260 lr 0.0930371013501972 acc 77.34% eta 0:46:06
2023-04-03 17:32:03,726 - __main__ - INFO - [INFO] 2023-04-03 17:32:03.725924 Epoch [18/100] batch [257/391] loss 0.6479 lr 0.0930371013501972 acc 77.34% eta 0:45:53
2023-04-03 17:32:15,406 - __main__ - INFO - [INFO] 2023-04-03 17:32:15.405924 Epoch [18/100] batch [385/391] loss 0.6323 lr 0.0930371013501972 acc 72.66% eta 0:45:38
2023-04-03 17:32:15,952 - __main__ - INFO - Computing epoch 18 validation accuracy...
2023-04-03 17:32:19,141 - __main__ - INFO - Computing epoch 18 validation loss...
2023-04-03 17:32:22,499 - __main__ - INFO - [INFO] 2023-04-03 17:32:22.499176 Epoch [19/100] batch [1/391] loss 0.4766 lr 0.09221639627510078 acc 78.12% eta 1:03:16
2023-04-03 17:32:34,270 - __main__ - INFO - [INFO] 2023-04-03 17:32:34.270710 Epoch [19/100] batch [129/391] loss 0.6904 lr 0.09221639627510078 acc 74.22% eta 0:45:53
2023-04-03 17:32:45,957 - __main__ - INFO - [INFO] 2023-04-03 17:32:45.957280 Epoch [19/100] batch [257/391] loss 0.6978 lr 0.09221639627510078 acc 75.78% eta 0:45:25
2023-04-03 17:32:57,449 - __main__ - INFO - [INFO] 2023-04-03 17:32:57.449197 Epoch [19/100] batch [385/391] loss 0.6338 lr 0.09221639627510078 acc 80.47% eta 0:44:52
2023-04-03 17:32:57,944 - __main__ - INFO - Computing epoch 19 validation accuracy...
2023-04-03 17:33:01,123 - __main__ - INFO - Computing epoch 19 validation loss...
2023-04-03 17:33:04,652 - __main__ - INFO - [INFO] 2023-04-03 17:33:04.652786 Epoch [20/100] batch [1/391] loss 0.5156 lr 0.09135402871372812 acc 84.38% eta 0:46:52
2023-04-03 17:33:16,049 - __main__ - INFO - [INFO] 2023-04-03 17:33:16.049296 Epoch [20/100] batch [129/391] loss 0.6240 lr 0.09135402871372812 acc 78.91% eta 0:43:35
2023-04-03 17:33:27,865 - __main__ - INFO - [INFO] 2023-04-03 17:33:27.864457 Epoch [20/100] batch [257/391] loss 0.6318 lr 0.09135402871372812 acc 71.09% eta 0:44:13
2023-04-03 17:33:39,546 - __main__ - INFO - [INFO] 2023-04-03 17:33:39.545816 Epoch [20/100] batch [385/391] loss 0.6631 lr 0.09135402871372812 acc 74.22% eta 0:44:09
2023-04-03 17:33:40,083 - __main__ - INFO - Computing epoch 20 validation accuracy...
2023-04-03 17:33:43,280 - __main__ - INFO - Computing epoch 20 validation loss...
2023-04-03 17:33:46,562 - __main__ - INFO - [INFO] 2023-04-03 17:33:46.562253 Epoch [21/100] batch [1/391] loss 0.4451 lr 0.09045084971874741 acc 86.72% eta 0:48:36
2023-04-03 17:33:58,620 - __main__ - INFO - [INFO] 2023-04-03 17:33:58.619601 Epoch [21/100] batch [129/391] loss 0.5952 lr 0.09045084971874741 acc 72.66% eta 0:45:38
2023-04-03 17:34:10,405 - __main__ - INFO - [INFO] 2023-04-03 17:34:10.404705 Epoch [21/100] batch [257/391] loss 0.6450 lr 0.09045084971874741 acc 74.22% eta 0:44:53
2023-04-03 17:34:22,213 - __main__ - INFO - [INFO] 2023-04-03 17:34:22.212823 Epoch [21/100] batch [385/391] loss 0.5342 lr 0.09045084971874741 acc 81.25% eta 0:44:33
2023-04-03 17:34:22,735 - __main__ - INFO - Computing epoch 21 validation accuracy...
2023-04-03 17:34:25,829 - __main__ - INFO - Computing epoch 21 validation loss...
2023-04-03 17:34:29,018 - __main__ - INFO - [INFO] 2023-04-03 17:34:29.018525 Epoch [22/100] batch [1/391] loss 0.6738 lr 0.08950775061878455 acc 73.44% eta 0:44:53
2023-04-03 17:34:40,696 - __main__ - INFO - [INFO] 2023-04-03 17:34:40.695688 Epoch [22/100] batch [129/391] loss 0.7793 lr 0.08950775061878455 acc 71.09% eta 0:43:35
2023-04-03 17:34:52,545 - __main__ - INFO - [INFO] 2023-04-03 17:34:52.545523 Epoch [22/100] batch [257/391] loss 0.5728 lr 0.08950775061878455 acc 75.78% eta 0:43:41
2023-04-03 17:35:05,115 - __main__ - INFO - [INFO] 2023-04-03 17:35:05.115499 Epoch [22/100] batch [385/391] loss 0.6440 lr 0.08950775061878455 acc 71.88% eta 0:44:29
2023-04-03 17:35:05,636 - __main__ - INFO - Computing epoch 22 validation accuracy...
2023-04-03 17:35:08,695 - __main__ - INFO - Computing epoch 22 validation loss...
2023-04-03 17:35:11,869 - __main__ - INFO - [INFO] 2023-04-03 17:35:11.869164 Epoch [23/100] batch [1/391] loss 0.5347 lr 0.0885256621387895 acc 76.56% eta 0:43:50
2023-04-03 17:35:23,780 - __main__ - INFO - [INFO] 2023-04-03 17:35:23.780489 Epoch [23/100] batch [129/391] loss 0.6797 lr 0.0885256621387895 acc 72.66% eta 0:43:55
2023-04-03 17:35:35,536 - __main__ - INFO - [INFO] 2023-04-03 17:35:35.536205 Epoch [23/100] batch [257/391] loss 0.4067 lr 0.0885256621387895 acc 82.03% eta 0:43:24
2023-04-03 17:35:47,273 - __main__ - INFO - [INFO] 2023-04-03 17:35:47.273321 Epoch [23/100] batch [385/391] loss 0.6099 lr 0.0885256621387895 acc 75.78% eta 0:43:03
2023-04-03 17:35:47,795 - __main__ - INFO - Computing epoch 23 validation accuracy...
2023-04-03 17:35:50,947 - __main__ - INFO - Computing epoch 23 validation loss...
2023-04-03 17:35:54,255 - __main__ - INFO - [INFO] 2023-04-03 17:35:54.255380 Epoch [24/100] batch [1/391] loss 0.3928 lr 0.08750555348152302 acc 83.59% eta 0:49:28
2023-04-03 17:36:06,794 - __main__ - INFO - [INFO] 2023-04-03 17:36:06.794243 Epoch [24/100] batch [129/391] loss 0.4519 lr 0.08750555348152302 acc 71.88% eta 0:45:26
2023-04-03 17:36:18,674 - __main__ - INFO - [INFO] 2023-04-03 17:36:18.674348 Epoch [24/100] batch [257/391] loss 0.6309 lr 0.08750555348152302 acc 79.69% eta 0:44:07
2023-04-03 17:36:30,488 - __main__ - INFO - [INFO] 2023-04-03 17:36:30.487795 Epoch [24/100] batch [385/391] loss 0.5967 lr 0.08750555348152302 acc 84.38% eta 0:43:28
2023-04-03 17:36:31,089 - __main__ - INFO - Computing epoch 24 validation accuracy...
2023-04-03 17:36:34,327 - __main__ - INFO - Computing epoch 24 validation loss...
2023-04-03 17:36:37,564 - __main__ - INFO - [INFO] 2023-04-03 17:36:37.564301 Epoch [25/100] batch [1/391] loss 0.6396 lr 0.08644843137107061 acc 78.12% eta 0:49:52
2023-04-03 17:36:49,432 - __main__ - INFO - [INFO] 2023-04-03 17:36:49.431882 Epoch [25/100] batch [129/391] loss 0.6260 lr 0.08644843137107061 acc 73.44% eta 0:42:35
2023-04-03 17:37:01,456 - __main__ - INFO - [INFO] 2023-04-03 17:37:01.456165 Epoch [25/100] batch [257/391] loss 0.5620 lr 0.08644843137107061 acc 78.91% eta 0:42:40
2023-04-03 17:37:13,224 - __main__ - INFO - [INFO] 2023-04-03 17:37:13.224459 Epoch [25/100] batch [385/391] loss 0.6064 lr 0.08644843137107061 acc 82.03% eta 0:42:15
2023-04-03 17:37:13,754 - __main__ - INFO - Computing epoch 25 validation accuracy...
2023-04-03 17:37:16,970 - __main__ - INFO - Computing epoch 25 validation loss...
2023-04-03 17:37:20,334 - __main__ - INFO - [INFO] 2023-04-03 17:37:20.334708 Epoch [26/100] batch [1/391] loss 0.5781 lr 0.0853553390593274 acc 69.53% eta 0:51:56
2023-04-03 17:37:32,507 - __main__ - INFO - [INFO] 2023-04-03 17:37:32.507483 Epoch [26/100] batch [129/391] loss 0.5693 lr 0.0853553390593274 acc 68.75% eta 0:43:09
2023-04-03 17:37:44,747 - __main__ - INFO - [INFO] 2023-04-03 17:37:44.746928 Epoch [26/100] batch [257/391] loss 0.6211 lr 0.0853553390593274 acc 81.25% eta 0:43:01
2023-04-03 17:37:56,372 - __main__ - INFO - [INFO] 2023-04-03 17:37:56.372502 Epoch [26/100] batch [385/391] loss 0.4885 lr 0.0853553390593274 acc 79.69% eta 0:42:07
2023-04-03 17:37:56,934 - __main__ - INFO - Computing epoch 26 validation accuracy...
2023-04-03 17:38:00,246 - __main__ - INFO - Computing epoch 26 validation loss...
2023-04-03 17:38:03,360 - __main__ - INFO - [INFO] 2023-04-03 17:38:03.360324 Epoch [27/100] batch [1/391] loss 0.6152 lr 0.08422735529643446 acc 77.34% eta 0:42:18
2023-04-03 17:38:15,366 - __main__ - INFO - [INFO] 2023-04-03 17:38:15.366425 Epoch [27/100] batch [129/391] loss 0.5513 lr 0.08422735529643446 acc 81.25% eta 0:41:56
2023-04-03 17:38:27,273 - __main__ - INFO - [INFO] 2023-04-03 17:38:27.273037 Epoch [27/100] batch [257/391] loss 0.4346 lr 0.08422735529643446 acc 85.94% eta 0:41:33
2023-04-03 17:38:38,970 - __main__ - INFO - [INFO] 2023-04-03 17:38:38.970669 Epoch [27/100] batch [385/391] loss 0.6030 lr 0.08422735529643446 acc 75.00% eta 0:41:04
2023-04-03 17:38:39,509 - __main__ - INFO - Computing epoch 27 validation accuracy...
2023-04-03 17:38:42,734 - __main__ - INFO - Computing epoch 27 validation loss...
2023-04-03 17:38:46,404 - __main__ - INFO - [INFO] 2023-04-03 17:38:46.403959 Epoch [28/100] batch [1/391] loss 0.4397 lr 0.08306559326618262 acc 88.28% eta 0:50:29
2023-04-03 17:38:58,343 - __main__ - INFO - [INFO] 2023-04-03 17:38:58.343599 Epoch [28/100] batch [129/391] loss 0.6641 lr 0.08306559326618262 acc 71.88% eta 0:41:09
2023-04-03 17:39:10,609 - __main__ - INFO - [INFO] 2023-04-03 17:39:10.609313 Epoch [28/100] batch [257/391] loss 0.6113 lr 0.08306559326618262 acc 78.91% eta 0:41:31
2023-04-03 17:39:23,158 - __main__ - INFO - [INFO] 2023-04-03 17:39:23.157959 Epoch [28/100] batch [385/391] loss 0.5674 lr 0.08306559326618262 acc 78.12% eta 0:41:47
2023-04-03 17:39:23,748 - __main__ - INFO - Computing epoch 28 validation accuracy...
2023-04-03 17:39:27,002 - __main__ - INFO - Computing epoch 28 validation loss...
2023-04-03 17:39:30,426 - __main__ - INFO - [INFO] 2023-04-03 17:39:30.425982 Epoch [29/100] batch [1/391] loss 0.5762 lr 0.08187119948743452 acc 77.34% eta 0:43:37
2023-04-03 17:39:42,351 - __main__ - INFO - [INFO] 2023-04-03 17:39:42.350815 Epoch [29/100] batch [129/391] loss 0.4658 lr 0.08187119948743452 acc 84.38% eta 0:40:31
2023-04-03 17:39:54,755 - __main__ - INFO - [INFO] 2023-04-03 17:39:54.755465 Epoch [29/100] batch [257/391] loss 0.3818 lr 0.08187119948743452 acc 87.50% eta 0:41:09
2023-04-03 17:40:07,318 - __main__ - INFO - [INFO] 2023-04-03 17:40:07.318019 Epoch [29/100] batch [385/391] loss 0.6743 lr 0.08187119948743452 acc 80.47% eta 0:41:21
2023-04-03 17:40:07,835 - __main__ - INFO - Computing epoch 29 validation accuracy...
2023-04-03 17:40:11,076 - __main__ - INFO - Computing epoch 29 validation loss...
2023-04-03 17:40:14,539 - __main__ - INFO - [INFO] 2023-04-03 17:40:14.539686 Epoch [30/100] batch [1/391] loss 0.4700 lr 0.08064535268264886 acc 83.59% eta 0:42:02
2023-04-03 17:40:26,058 - __main__ - INFO - [INFO] 2023-04-03 17:40:26.058087 Epoch [30/100] batch [129/391] loss 0.6816 lr 0.08064535268264886 acc 73.44% eta 0:38:40
2023-04-03 17:40:38,296 - __main__ - INFO - [INFO] 2023-04-03 17:40:38.296181 Epoch [30/100] batch [257/391] loss 0.5127 lr 0.08064535268264886 acc 82.81% eta 0:39:40
2023-04-03 17:40:50,145 - __main__ - INFO - [INFO] 2023-04-03 17:40:50.145543 Epoch [30/100] batch [385/391] loss 0.6328 lr 0.08064535268264886 acc 78.91% eta 0:39:27
2023-04-03 17:40:50,657 - __main__ - INFO - Computing epoch 30 validation accuracy...
2023-04-03 17:40:53,803 - __main__ - INFO - Computing epoch 30 validation loss...
2023-04-03 17:40:57,260 - __main__ - INFO - [INFO] 2023-04-03 17:40:57.260012 Epoch [31/100] batch [1/391] loss 0.4861 lr 0.0793892626146237 acc 83.59% eta 0:41:42
2023-04-03 17:41:09,363 - __main__ - INFO - [INFO] 2023-04-03 17:41:09.363074 Epoch [31/100] batch [129/391] loss 0.4580 lr 0.0793892626146237 acc 82.81% eta 0:39:59
2023-04-03 17:41:21,148 - __main__ - INFO - [INFO] 2023-04-03 17:41:21.148048 Epoch [31/100] batch [257/391] loss 0.7158 lr 0.0793892626146237 acc 73.44% eta 0:39:15
2023-04-03 17:41:33,104 - __main__ - INFO - [INFO] 2023-04-03 17:41:33.104296 Epoch [31/100] batch [385/391] loss 0.5073 lr 0.0793892626146237 acc 74.22% eta 0:39:04
2023-04-03 17:41:33,623 - __main__ - INFO - Computing epoch 31 validation accuracy...
2023-04-03 17:41:36,678 - __main__ - INFO - Computing epoch 31 validation loss...
2023-04-03 17:41:39,927 - __main__ - INFO - [INFO] 2023-04-03 17:41:39.927085 Epoch [32/100] batch [1/391] loss 0.3921 lr 0.07810416889260657 acc 80.47% eta 0:41:49
2023-04-03 17:41:51,662 - __main__ - INFO - [INFO] 2023-04-03 17:41:51.662176 Epoch [32/100] batch [129/391] loss 0.6416 lr 0.07810416889260657 acc 73.44% eta 0:38:09
2023-04-03 17:42:03,217 - __main__ - INFO - [INFO] 2023-04-03 17:42:03.217236 Epoch [32/100] batch [257/391] loss 0.5737 lr 0.07810416889260657 acc 78.12% eta 0:37:42
2023-04-03 17:42:15,076 - __main__ - INFO - [INFO] 2023-04-03 17:42:15.076563 Epoch [32/100] batch [385/391] loss 0.4404 lr 0.07810416889260657 acc 85.16% eta 0:37:41
2023-04-03 17:42:15,600 - __main__ - INFO - Computing epoch 32 validation accuracy...
2023-04-03 17:42:18,621 - __main__ - INFO - Computing epoch 32 validation loss...
2023-04-03 17:42:22,073 - __main__ - INFO - [INFO] 2023-04-03 17:42:22.073770 Epoch [33/100] batch [1/391] loss 0.4385 lr 0.07679133974894986 acc 83.59% eta 0:58:04
2023-04-03 17:42:34,186 - __main__ - INFO - [INFO] 2023-04-03 17:42:34.185979 Epoch [33/100] batch [129/391] loss 0.4897 lr 0.07679133974894986 acc 84.38% eta 0:39:03
2023-04-03 17:42:46,619 - __main__ - INFO - [INFO] 2023-04-03 17:42:46.619467 Epoch [33/100] batch [257/391] loss 0.5073 lr 0.07679133974894986 acc 82.03% eta 0:39:08
2023-04-03 17:42:58,560 - __main__ - INFO - [INFO] 2023-04-03 17:42:58.560031 Epoch [33/100] batch [385/391] loss 0.4475 lr 0.07679133974894986 acc 86.72% eta 0:38:34
2023-04-03 17:42:59,076 - __main__ - INFO - Computing epoch 33 validation accuracy...
2023-04-03 17:43:02,294 - __main__ - INFO - Computing epoch 33 validation loss...
2023-04-03 17:43:05,559 - __main__ - INFO - [INFO] 2023-04-03 17:43:05.559500 Epoch [34/100] batch [1/391] loss 0.5718 lr 0.0754520707875186 acc 78.91% eta 0:41:02
2023-04-03 17:43:18,014 - __main__ - INFO - [INFO] 2023-04-03 17:43:18.014405 Epoch [34/100] batch [129/391] loss 0.4866 lr 0.0754520707875186 acc 84.38% eta 0:39:23
2023-04-03 17:43:29,758 - __main__ - INFO - [INFO] 2023-04-03 17:43:29.758033 Epoch [34/100] batch [257/391] loss 0.4631 lr 0.0754520707875186 acc 85.94% eta 0:38:05
2023-04-03 17:43:41,633 - __main__ - INFO - [INFO] 2023-04-03 17:43:41.632828 Epoch [34/100] batch [385/391] loss 0.4502 lr 0.0754520707875186 acc 79.69% eta 0:37:40
2023-04-03 17:43:42,193 - __main__ - INFO - Computing epoch 34 validation accuracy...
2023-04-03 17:43:45,221 - __main__ - INFO - Computing epoch 34 validation loss...
2023-04-03 17:43:48,421 - __main__ - INFO - [INFO] 2023-04-03 17:43:48.421635 Epoch [35/100] batch [1/391] loss 0.3672 lr 0.0740876837050858 acc 85.94% eta 0:43:33
2023-04-03 17:44:00,438 - __main__ - INFO - [INFO] 2023-04-03 17:44:00.438030 Epoch [35/100] batch [129/391] loss 0.5049 lr 0.0740876837050858 acc 81.25% eta 0:37:24
2023-04-03 17:44:12,236 - __main__ - INFO - [INFO] 2023-04-03 17:44:12.235973 Epoch [35/100] batch [257/391] loss 0.4951 lr 0.0740876837050858 acc 84.38% eta 0:36:49
2023-04-03 17:44:24,019 - __main__ - INFO - [INFO] 2023-04-03 17:44:24.019162 Epoch [35/100] batch [385/391] loss 0.4656 lr 0.0740876837050858 acc 77.34% eta 0:36:31
2023-04-03 17:44:24,541 - __main__ - INFO - Computing epoch 35 validation accuracy...
2023-04-03 17:44:27,751 - __main__ - INFO - Computing epoch 35 validation loss...
2023-04-03 17:44:30,956 - __main__ - INFO - [INFO] 2023-04-03 17:44:30.956025 Epoch [36/100] batch [1/391] loss 0.5723 lr 0.07269952498697738 acc 85.94% eta 0:39:05
2023-04-03 17:44:42,971 - __main__ - INFO - [INFO] 2023-04-03 17:44:42.971631 Epoch [36/100] batch [129/391] loss 0.4670 lr 0.07269952498697738 acc 85.16% eta 0:36:46
2023-04-03 17:44:54,623 - __main__ - INFO - [INFO] 2023-04-03 17:44:54.622920 Epoch [36/100] batch [257/391] loss 0.4385 lr 0.07269952498697738 acc 88.28% eta 0:36:06
2023-04-03 17:45:07,089 - __main__ - INFO - [INFO] 2023-04-03 17:45:07.089064 Epoch [36/100] batch [385/391] loss 0.5156 lr 0.07269952498697738 acc 80.47% eta 0:36:32
2023-04-03 17:45:07,611 - __main__ - INFO - Computing epoch 36 validation accuracy...
2023-04-03 17:45:10,853 - __main__ - INFO - Computing epoch 36 validation loss...
2023-04-03 17:45:14,048 - __main__ - INFO - [INFO] 2023-04-03 17:45:14.048560 Epoch [37/100] batch [1/391] loss 0.3630 lr 0.07128896457825366 acc 79.69% eta 0:37:57
2023-04-03 17:45:25,709 - __main__ - INFO - [INFO] 2023-04-03 17:45:25.708923 Epoch [37/100] batch [129/391] loss 0.4626 lr 0.07128896457825366 acc 81.25% eta 0:35:10
2023-04-03 17:45:37,595 - __main__ - INFO - [INFO] 2023-04-03 17:45:37.595567 Epoch [37/100] batch [257/391] loss 0.6191 lr 0.07128896457825366 acc 75.78% eta 0:35:20
2023-04-03 17:45:49,331 - __main__ - INFO - [INFO] 2023-04-03 17:45:49.331752 Epoch [37/100] batch [385/391] loss 0.6431 lr 0.07128896457825366 acc 68.75% eta 0:35:08
2023-04-03 17:45:49,852 - __main__ - INFO - Computing epoch 37 validation accuracy...
2023-04-03 17:45:53,087 - __main__ - INFO - Computing epoch 37 validation loss...
2023-04-03 17:45:56,493 - __main__ - INFO - [INFO] 2023-04-03 17:45:56.493694 Epoch [38/100] batch [1/391] loss 0.4690 lr 0.06985739453173906 acc 83.59% eta 0:43:18
2023-04-03 17:46:08,441 - __main__ - INFO - [INFO] 2023-04-03 17:46:08.441671 Epoch [38/100] batch [129/391] loss 0.4482 lr 0.06985739453173906 acc 84.38% eta 0:35:30
2023-04-03 17:46:20,606 - __main__ - INFO - [INFO] 2023-04-03 17:46:20.606415 Epoch [38/100] batch [257/391] loss 0.5176 lr 0.06985739453173906 acc 84.38% eta 0:35:37
2023-04-03 17:46:32,521 - __main__ - INFO - [INFO] 2023-04-03 17:46:32.521319 Epoch [38/100] batch [385/391] loss 0.4346 lr 0.06985739453173906 acc 80.47% eta 0:35:17
2023-04-03 17:46:33,042 - __main__ - INFO - Computing epoch 38 validation accuracy...
2023-04-03 17:46:36,170 - __main__ - INFO - Computing epoch 38 validation loss...
2023-04-03 17:46:39,493 - __main__ - INFO - [INFO] 2023-04-03 17:46:39.493312 Epoch [39/100] batch [1/391] loss 0.4919 lr 0.06840622763423394 acc 80.47% eta 0:55:38
2023-04-03 17:46:51,408 - __main__ - INFO - [INFO] 2023-04-03 17:46:51.407501 Epoch [39/100] batch [129/391] loss 0.3345 lr 0.06840622763423394 acc 87.50% eta 0:35:06
2023-04-03 17:47:03,441 - __main__ - INFO - [INFO] 2023-04-03 17:47:03.441676 Epoch [39/100] batch [257/391] loss 0.3379 lr 0.06840622763423394 acc 87.50% eta 0:34:59
2023-04-03 17:47:16,094 - __main__ - INFO - [INFO] 2023-04-03 17:47:16.093344 Epoch [39/100] batch [385/391] loss 0.5186 lr 0.06840622763423394 acc 85.94% eta 0:35:22
2023-04-03 17:47:16,693 - __main__ - INFO - Computing epoch 39 validation accuracy...
2023-04-03 17:47:19,843 - __main__ - INFO - Computing epoch 39 validation loss...
2023-04-03 17:47:23,139 - __main__ - INFO - [INFO] 2023-04-03 17:47:23.138904 Epoch [40/100] batch [1/391] loss 0.5010 lr 0.06693689601226462 acc 81.25% eta 0:43:01
2023-04-03 17:47:34,780 - __main__ - INFO - [INFO] 2023-04-03 17:47:34.780701 Epoch [40/100] batch [129/391] loss 0.4844 lr 0.06693689601226462 acc 82.81% eta 0:33:34
2023-04-03 17:47:46,826 - __main__ - INFO - [INFO] 2023-04-03 17:47:46.826385 Epoch [40/100] batch [257/391] loss 0.4951 lr 0.06693689601226462 acc 77.34% eta 0:33:57
2023-04-03 17:47:58,622 - __main__ - INFO - [INFO] 2023-04-03 17:47:58.621488 Epoch [40/100] batch [385/391] loss 0.3997 lr 0.06693689601226462 acc 84.38% eta 0:33:43
2023-04-03 17:47:59,150 - __main__ - INFO - Computing epoch 40 validation accuracy...
2023-04-03 17:48:02,560 - __main__ - INFO - Computing epoch 40 validation loss...
2023-04-03 17:48:05,994 - __main__ - INFO - [INFO] 2023-04-03 17:48:05.994092 Epoch [41/100] batch [1/391] loss 0.4573 lr 0.06545084971874741 acc 88.28% eta 0:44:04
2023-04-03 17:48:17,608 - __main__ - INFO - [INFO] 2023-04-03 17:48:17.608562 Epoch [41/100] batch [129/391] loss 0.5400 lr 0.06545084971874741 acc 80.47% eta 0:32:59
2023-04-03 17:48:29,206 - __main__ - INFO - [INFO] 2023-04-03 17:48:29.206054 Epoch [41/100] batch [257/391] loss 0.5044 lr 0.06545084971874741 acc 82.81% eta 0:32:44
2023-04-03 17:48:40,835 - __main__ - INFO - [INFO] 2023-04-03 17:48:40.835283 Epoch [41/100] batch [385/391] loss 0.3948 lr 0.06545084971874741 acc 83.59% eta 0:32:33
2023-04-03 17:48:41,360 - __main__ - INFO - Computing epoch 41 validation accuracy...
2023-04-03 17:48:44,466 - __main__ - INFO - Computing epoch 41 validation loss...
2023-04-03 17:48:47,740 - __main__ - INFO - [INFO] 2023-04-03 17:48:47.739391 Epoch [42/100] batch [1/391] loss 0.5640 lr 0.06394955530196152 acc 78.91% eta 0:39:40
2023-04-03 17:48:59,354 - __main__ - INFO - [INFO] 2023-04-03 17:48:59.353979 Epoch [42/100] batch [129/391] loss 0.4153 lr 0.06394955530196152 acc 84.38% eta 0:32:26
2023-04-03 17:49:11,078 - __main__ - INFO - [INFO] 2023-04-03 17:49:11.078377 Epoch [42/100] batch [257/391] loss 0.6445 lr 0.06394955530196152 acc 78.12% eta 0:32:21
2023-04-03 17:49:23,200 - __main__ - INFO - [INFO] 2023-04-03 17:49:23.200246 Epoch [42/100] batch [385/391] loss 0.6250 lr 0.06394955530196152 acc 81.25% eta 0:32:33
2023-04-03 17:49:23,752 - __main__ - INFO - Computing epoch 42 validation accuracy...
2023-04-03 17:49:26,926 - __main__ - INFO - Computing epoch 42 validation loss...
2023-04-03 17:49:30,441 - __main__ - INFO - [INFO] 2023-04-03 17:49:30.441342 Epoch [43/100] batch [1/391] loss 0.5034 lr 0.062434494358242776 acc 77.34% eta 0:38:30
2023-04-03 17:49:42,463 - __main__ - INFO - [INFO] 2023-04-03 17:49:42.463527 Epoch [43/100] batch [129/391] loss 0.5449 lr 0.062434494358242776 acc 83.59% eta 0:32:40
2023-04-03 17:49:54,331 - __main__ - INFO - [INFO] 2023-04-03 17:49:54.331342 Epoch [43/100] batch [257/391] loss 0.4280 lr 0.062434494358242776 acc 84.38% eta 0:32:23
2023-04-03 17:50:06,543 - __main__ - INFO - [INFO] 2023-04-03 17:50:06.543149 Epoch [43/100] batch [385/391] loss 0.4688 lr 0.062434494358242776 acc 86.72% eta 0:32:16
2023-04-03 17:50:07,085 - __main__ - INFO - Computing epoch 43 validation accuracy...
2023-04-03 17:50:10,229 - __main__ - INFO - Computing epoch 43 validation loss...
2023-04-03 17:50:13,582 - __main__ - INFO - [INFO] 2023-04-03 17:50:13.582488 Epoch [44/100] batch [1/391] loss 0.3809 lr 0.06090716206982718 acc 78.91% eta 0:34:05
2023-04-03 17:50:25,732 - __main__ - INFO - [INFO] 2023-04-03 17:50:25.732102 Epoch [44/100] batch [129/391] loss 0.6807 lr 0.06090716206982718 acc 69.53% eta 0:32:38
2023-04-03 17:50:37,593 - __main__ - INFO - [INFO] 2023-04-03 17:50:37.593209 Epoch [44/100] batch [257/391] loss 0.4509 lr 0.06090716206982718 acc 78.91% eta 0:32:02
2023-04-03 17:50:49,761 - __main__ - INFO - [INFO] 2023-04-03 17:50:49.761353 Epoch [44/100] batch [385/391] loss 0.6807 lr 0.06090716206982718 acc 77.34% eta 0:32:00
2023-04-03 17:50:50,403 - __main__ - INFO - Computing epoch 44 validation accuracy...
2023-04-03 17:50:53,941 - __main__ - INFO - Computing epoch 44 validation loss...
2023-04-03 17:50:57,461 - __main__ - INFO - [INFO] 2023-04-03 17:50:57.461560 Epoch [45/100] batch [1/391] loss 0.3528 lr 0.05936906572928628 acc 87.50% eta 0:34:21
2023-04-03 17:51:09,668 - __main__ - INFO - [INFO] 2023-04-03 17:51:09.668227 Epoch [45/100] batch [129/391] loss 0.4573 lr 0.05936906572928628 acc 79.69% eta 0:32:02
2023-04-03 17:51:22,028 - __main__ - INFO - [INFO] 2023-04-03 17:51:22.028423 Epoch [45/100] batch [257/391] loss 0.3726 lr 0.05936906572928628 acc 85.94% eta 0:32:01
2023-04-03 17:51:33,864 - __main__ - INFO - [INFO] 2023-04-03 17:51:33.864685 Epoch [45/100] batch [385/391] loss 0.5049 lr 0.05936906572928628 acc 79.69% eta 0:31:26
2023-04-03 17:51:34,407 - __main__ - INFO - Computing epoch 45 validation accuracy...
2023-04-03 17:51:37,594 - __main__ - INFO - Computing epoch 45 validation loss...
2023-04-03 17:51:40,985 - __main__ - INFO - [INFO] 2023-04-03 17:51:40.985733 Epoch [46/100] batch [1/391] loss 0.5698 lr 0.05782172325201159 acc 85.94% eta 0:36:16
2023-04-03 17:51:53,020 - __main__ - INFO - [INFO] 2023-04-03 17:51:53.020433 Epoch [46/100] batch [129/391] loss 0.3818 lr 0.05782172325201159 acc 79.69% eta 0:31:00
2023-04-03 17:52:04,973 - __main__ - INFO - [INFO] 2023-04-03 17:52:04.973369 Epoch [46/100] batch [257/391] loss 0.5728 lr 0.05782172325201159 acc 72.66% eta 0:30:41
2023-04-03 17:52:16,864 - __main__ - INFO - [INFO] 2023-04-03 17:52:16.864431 Epoch [46/100] batch [385/391] loss 0.4763 lr 0.05782172325201159 acc 86.72% eta 0:30:24
2023-04-03 17:52:17,449 - __main__ - INFO - Computing epoch 46 validation accuracy...
2023-04-03 17:52:20,737 - __main__ - INFO - Computing epoch 46 validation loss...
2023-04-03 17:52:24,123 - __main__ - INFO - [INFO] 2023-04-03 17:52:24.122940 Epoch [47/100] batch [1/391] loss 0.4990 lr 0.056266661678215264 acc 82.81% eta 0:31:08
2023-04-03 17:52:35,977 - __main__ - INFO - [INFO] 2023-04-03 17:52:35.977131 Epoch [47/100] batch [129/391] loss 0.4426 lr 0.056266661678215264 acc 85.94% eta 0:30:00
2023-04-03 17:52:47,925 - __main__ - INFO - [INFO] 2023-04-03 17:52:47.925268 Epoch [47/100] batch [257/391] loss 0.5610 lr 0.056266661678215264 acc 79.69% eta 0:29:53
2023-04-03 17:52:59,973 - __main__ - INFO - [INFO] 2023-04-03 17:52:59.973212 Epoch [47/100] batch [385/391] loss 0.3074 lr 0.056266661678215264 acc 86.72% eta 0:29:49
2023-04-03 17:53:00,563 - __main__ - INFO - Computing epoch 47 validation accuracy...
2023-04-03 17:53:04,629 - __main__ - INFO - Computing epoch 47 validation loss...
2023-04-03 17:53:08,296 - __main__ - INFO - [INFO] 2023-04-03 17:53:08.296501 Epoch [48/100] batch [1/391] loss 0.4712 lr 0.05470541566592575 acc 84.38% eta 0:33:53
2023-04-03 17:53:20,575 - __main__ - INFO - [INFO] 2023-04-03 17:53:20.575338 Epoch [48/100] batch [129/391] loss 0.5352 lr 0.05470541566592575 acc 82.81% eta 0:30:26
2023-04-03 17:53:32,448 - __main__ - INFO - [INFO] 2023-04-03 17:53:32.448498 Epoch [48/100] batch [257/391] loss 0.3950 lr 0.05470541566592575 acc 82.81% eta 0:29:45
2023-04-03 17:53:44,450 - __main__ - INFO - [INFO] 2023-04-03 17:53:44.450482 Epoch [48/100] batch [385/391] loss 0.4053 lr 0.05470541566592575 acc 84.38% eta 0:29:31
2023-04-03 17:53:44,985 - __main__ - INFO - Computing epoch 48 validation accuracy...
2023-04-03 17:53:48,304 - __main__ - INFO - Computing epoch 48 validation loss...
2023-04-03 17:53:51,635 - __main__ - INFO - [INFO] 2023-04-03 17:53:51.635635 Epoch [49/100] batch [1/391] loss 0.6050 lr 0.053139525976465714 acc 76.56% eta 0:30:32
2023-04-03 17:54:03,484 - __main__ - INFO - [INFO] 2023-04-03 17:54:03.484292 Epoch [49/100] batch [129/391] loss 0.4282 lr 0.053139525976465714 acc 84.38% eta 0:28:48
2023-04-03 17:54:15,564 - __main__ - INFO - [INFO] 2023-04-03 17:54:15.563999 Epoch [49/100] batch [257/391] loss 0.5405 lr 0.053139525976465714 acc 80.47% eta 0:28:53
2023-04-03 17:54:27,684 - __main__ - INFO - [INFO] 2023-04-03 17:54:27.683896 Epoch [49/100] batch [385/391] loss 0.4983 lr 0.053139525976465714 acc 78.91% eta 0:28:53
2023-04-03 17:54:28,265 - __main__ - INFO - Computing epoch 49 validation accuracy...
2023-04-03 17:54:31,561 - __main__ - INFO - Computing epoch 49 validation loss...
2023-04-03 17:54:35,030 - __main__ - INFO - [INFO] 2023-04-03 17:54:35.030001 Epoch [50/100] batch [1/391] loss 0.4685 lr 0.05157053795390645 acc 78.91% eta 0:34:37
2023-04-03 17:54:47,084 - __main__ - INFO - [INFO] 2023-04-03 17:54:47.084141 Epoch [50/100] batch [129/391] loss 0.3792 lr 0.05157053795390645 acc 84.38% eta 0:28:49
2023-04-03 17:54:58,965 - __main__ - INFO - [INFO] 2023-04-03 17:54:58.965041 Epoch [50/100] batch [257/391] loss 0.4575 lr 0.05157053795390645 acc 76.56% eta 0:28:27
2023-04-03 17:55:10,972 - __main__ - INFO - [INFO] 2023-04-03 17:55:10.972494 Epoch [50/100] batch [385/391] loss 0.4314 lr 0.05157053795390645 acc 85.16% eta 0:28:18
2023-04-03 17:55:11,551 - __main__ - INFO - Computing epoch 50 validation accuracy...
2023-04-03 17:55:14,785 - __main__ - INFO - Computing epoch 50 validation loss...
2023-04-03 17:55:18,102 - __main__ - INFO - [INFO] 2023-04-03 17:55:18.102564 Epoch [51/100] batch [1/391] loss 0.4702 lr 0.05000000000000004 acc 82.03% eta 0:29:38
2023-04-03 17:55:30,334 - __main__ - INFO - [INFO] 2023-04-03 17:55:30.333707 Epoch [51/100] batch [129/391] loss 0.3013 lr 0.05000000000000004 acc 86.72% eta 0:28:41
2023-04-03 17:55:42,705 - __main__ - INFO - [INFO] 2023-04-03 17:55:42.705299 Epoch [51/100] batch [257/391] loss 0.4685 lr 0.05000000000000004 acc 84.38% eta 0:28:39
2023-04-03 17:55:54,566 - __main__ - INFO - [INFO] 2023-04-03 17:55:54.566003 Epoch [51/100] batch [385/391] loss 0.5195 lr 0.05000000000000004 acc 78.12% eta 0:28:07
2023-04-03 17:55:55,167 - __main__ - INFO - Computing epoch 51 validation accuracy...
2023-04-03 17:55:58,448 - __main__ - INFO - Computing epoch 51 validation loss...
2023-04-03 17:56:01,890 - __main__ - INFO - [INFO] 2023-04-03 17:56:01.890655 Epoch [52/100] batch [1/391] loss 0.3372 lr 0.04842946204609362 acc 91.41% eta 0:31:02
2023-04-03 17:56:14,736 - __main__ - INFO - [INFO] 2023-04-03 17:56:14.736317 Epoch [52/100] batch [129/391] loss 0.4348 lr 0.04842946204609362 acc 83.59% eta 0:29:32
2023-04-03 17:56:26,489 - __main__ - INFO - [INFO] 2023-04-03 17:56:26.489047 Epoch [52/100] batch [257/391] loss 0.5454 lr 0.04842946204609362 acc 83.59% eta 0:28:06
2023-04-03 17:56:38,502 - __main__ - INFO - [INFO] 2023-04-03 17:56:38.502299 Epoch [52/100] batch [385/391] loss 0.4451 lr 0.04842946204609362 acc 83.59% eta 0:27:41
2023-04-03 17:56:39,060 - __main__ - INFO - Computing epoch 52 validation accuracy...
2023-04-03 17:56:42,496 - __main__ - INFO - Computing epoch 52 validation loss...
2023-04-03 17:56:45,800 - __main__ - INFO - [INFO] 2023-04-03 17:56:45.800702 Epoch [53/100] batch [1/391] loss 0.4783 lr 0.04686047402353437 acc 82.81% eta 0:27:55
2023-04-03 17:56:57,940 - __main__ - INFO - [INFO] 2023-04-03 17:56:57.940266 Epoch [53/100] batch [129/391] loss 0.3962 lr 0.04686047402353437 acc 85.16% eta 0:27:20
2023-04-03 17:57:10,057 - __main__ - INFO - [INFO] 2023-04-03 17:57:10.057107 Epoch [53/100] batch [257/391] loss 0.3972 lr 0.04686047402353437 acc 87.50% eta 0:27:04
2023-04-03 17:57:22,202 - __main__ - INFO - [INFO] 2023-04-03 17:57:22.201813 Epoch [53/100] batch [385/391] loss 0.3601 lr 0.04686047402353437 acc 89.06% eta 0:26:55
2023-04-03 17:57:22,772 - __main__ - INFO - Computing epoch 53 validation accuracy...
2023-04-03 17:57:26,043 - __main__ - INFO - Computing epoch 53 validation loss...
2023-04-03 17:57:29,337 - __main__ - INFO - [INFO] 2023-04-03 17:57:29.337060 Epoch [54/100] batch [1/391] loss 0.4236 lr 0.045294584334074316 acc 78.91% eta 0:26:36
2023-04-03 17:57:41,543 - __main__ - INFO - [INFO] 2023-04-03 17:57:41.543367 Epoch [54/100] batch [129/391] loss 0.4817 lr 0.045294584334074316 acc 85.16% eta 0:26:52
2023-04-03 17:57:53,798 - __main__ - INFO - [INFO] 2023-04-03 17:57:53.797918 Epoch [54/100] batch [257/391] loss 0.4866 lr 0.045294584334074316 acc 82.03% eta 0:26:42
2023-04-03 17:58:05,838 - __main__ - INFO - [INFO] 2023-04-03 17:58:05.838252 Epoch [54/100] batch [385/391] loss 0.4663 lr 0.045294584334074316 acc 81.25% eta 0:26:21
2023-04-03 17:58:06,439 - __main__ - INFO - Computing epoch 54 validation accuracy...
2023-04-03 17:58:09,856 - __main__ - INFO - Computing epoch 54 validation loss...
2023-04-03 17:58:13,222 - __main__ - INFO - [INFO] 2023-04-03 17:58:13.221993 Epoch [55/100] batch [1/391] loss 0.3738 lr 0.043733338321784825 acc 85.94% eta 0:30:16
2023-04-03 17:58:25,143 - __main__ - INFO - [INFO] 2023-04-03 17:58:25.142844 Epoch [55/100] batch [129/391] loss 0.4778 lr 0.043733338321784825 acc 81.25% eta 0:25:46
2023-04-03 17:58:37,480 - __main__ - INFO - [INFO] 2023-04-03 17:58:37.480419 Epoch [55/100] batch [257/391] loss 0.4094 lr 0.043733338321784825 acc 85.94% eta 0:26:00
2023-04-03 17:58:49,846 - __main__ - INFO - [INFO] 2023-04-03 17:58:49.845908 Epoch [55/100] batch [385/391] loss 0.4878 lr 0.043733338321784825 acc 80.47% eta 0:25:45
2023-04-03 17:58:50,405 - __main__ - INFO - Computing epoch 55 validation accuracy...
2023-04-03 17:58:53,762 - __main__ - INFO - Computing epoch 55 validation loss...
2023-04-03 17:58:57,291 - __main__ - INFO - [INFO] 2023-04-03 17:58:57.290925 Epoch [56/100] batch [1/391] loss 0.2908 lr 0.042178276747988484 acc 92.19% eta 0:27:56
2023-04-03 17:59:09,420 - __main__ - INFO - [INFO] 2023-04-03 17:59:09.420476 Epoch [56/100] batch [129/391] loss 0.4817 lr 0.042178276747988484 acc 82.81% eta 0:25:36
2023-04-03 17:59:21,298 - __main__ - INFO - [INFO] 2023-04-03 17:59:21.297873 Epoch [56/100] batch [257/391] loss 0.5049 lr 0.042178276747988484 acc 84.38% eta 0:25:07
2023-04-03 17:59:33,364 - __main__ - INFO - [INFO] 2023-04-03 17:59:33.363960 Epoch [56/100] batch [385/391] loss 0.3896 lr 0.042178276747988484 acc 87.50% eta 0:24:58
2023-04-03 17:59:33,960 - __main__ - INFO - Computing epoch 56 validation accuracy...
2023-04-03 17:59:37,263 - __main__ - INFO - Computing epoch 56 validation loss...
2023-04-03 17:59:40,671 - __main__ - INFO - [INFO] 2023-04-03 17:59:40.670838 Epoch [57/100] batch [1/391] loss 0.3342 lr 0.0406309342707138 acc 89.84% eta 0:28:48
2023-04-03 17:59:53,189 - __main__ - INFO - [INFO] 2023-04-03 17:59:53.188975 Epoch [57/100] batch [129/391] loss 0.3103 lr 0.0406309342707138 acc 89.84% eta 0:25:44
2023-04-03 18:00:05,400 - __main__ - INFO - [INFO] 2023-04-03 18:00:05.400523 Epoch [57/100] batch [257/391] loss 0.2727 lr 0.0406309342707138 acc 89.84% eta 0:25:13
2023-04-03 18:00:17,709 - __main__ - INFO - [INFO] 2023-04-03 18:00:17.709714 Epoch [57/100] batch [385/391] loss 0.4614 lr 0.0406309342707138 acc 81.25% eta 0:25:01
2023-04-03 18:00:18,294 - __main__ - INFO - Computing epoch 57 validation accuracy...
2023-04-03 18:00:21,741 - __main__ - INFO - Computing epoch 57 validation loss...
2023-04-03 18:00:25,253 - __main__ - INFO - [INFO] 2023-04-03 18:00:25.253551 Epoch [58/100] batch [1/391] loss 0.3262 lr 0.039092837930172916 acc 89.84% eta 0:24:59
2023-04-03 18:00:37,749 - __main__ - INFO - [INFO] 2023-04-03 18:00:37.749701 Epoch [58/100] batch [129/391] loss 0.3784 lr 0.039092837930172916 acc 85.94% eta 0:25:12
2023-04-03 18:00:50,440 - __main__ - INFO - [INFO] 2023-04-03 18:00:50.440150 Epoch [58/100] batch [257/391] loss 0.5654 lr 0.039092837930172916 acc 84.38% eta 0:25:11
2023-04-03 18:01:02,796 - __main__ - INFO - [INFO] 2023-04-03 18:01:02.796086 Epoch [58/100] batch [385/391] loss 0.4136 lr 0.039092837930172916 acc 82.81% eta 0:24:50
2023-04-03 18:01:03,358 - __main__ - INFO - Computing epoch 58 validation accuracy...
2023-04-03 18:01:06,778 - __main__ - INFO - Computing epoch 58 validation loss...
2023-04-03 18:01:10,221 - __main__ - INFO - [INFO] 2023-04-03 18:01:10.220966 Epoch [59/100] batch [1/391] loss 0.4624 lr 0.037565505641757285 acc 79.69% eta 0:27:58
2023-04-03 18:01:23,159 - __main__ - INFO - [INFO] 2023-04-03 18:01:23.159575 Epoch [59/100] batch [129/391] loss 0.3738 lr 0.037565505641757285 acc 90.62% eta 0:25:28
2023-04-03 18:01:23,780 - __main__ - INFO - 

2023-04-03 18:01:23,780 - __main__ - INFO - ***************
2023-04-03 18:01:24,151 - __main__ - INFO - ** Arguments **
2023-04-03 18:01:24,151 - __main__ - INFO - ***************
2023-04-03 18:01:24,152 - __main__ - INFO - backbone: resnet20
2023-04-03 18:01:24,152 - __main__ - INFO - dataname: cifar10
2023-04-03 18:01:24,152 - __main__ - INFO - drop_method: no
2023-04-03 18:01:24,152 - __main__ - INFO - drop_rate: 0.0
2023-04-03 18:01:24,152 - __main__ - INFO - eval_only: 1
2023-04-03 18:01:24,152 - __main__ - INFO - output_path: checkpoints/cifar10/resnet20/drop_no/rate_0./seed3
2023-04-03 18:01:24,152 - __main__ - INFO - part_rate: 0.1
2023-04-03 18:01:24,152 - __main__ - INFO - seed: 3
2023-04-03 18:01:24,152 - __main__ - INFO - weight_decay: 0.0005
2023-04-03 18:01:24,152 - __main__ - INFO - ************
2023-04-03 18:01:24,152 - __main__ - INFO - ** Config **
2023-04-03 18:01:24,152 - __main__ - INFO - ************
2023-04-03 18:01:24,152 - __main__ - INFO - {'DATALOADER': {'PATH': './data', 'DATANAME': 'cifar10', 'BATCH_SIZE': 128, 'NUM_CLASSES': 10}, 'INPUT': {'SIZE': [32, 32], 'PIXEL_MEAN': [0.4914, 0.4822, 0.4465], 'PIXEL_STD': [0.2023, 0.1994, 0.201]}, 'OUTPUT': {'DIR': 'checkpoints/cifar10/resnet20/drop_no/rate_0./seed3'}, 'SEED': 3, 'OPTIM': {'LR': 0.1, 'MAX_EPOCH': 100, 'LR_SCHEDULER': 'step', 'LR_MILESTONES': [20, 40, 80, 120, 140], 'LR_DECAY': 0.2, 'PART_RATE': 0.1, 'WEIGHT_DECAY': 0.0005, 'DROP_RATE': 0.0, 'DROP_METHOD': 'no', 'BLOCK_SIZE': 7}, 'MODEL': {'BACKBONE': 'resnet20'}}
2023-04-03 18:01:24,182 - __main__ - INFO - Reading testing data set cifar10
2023-04-03 18:01:25,039 - __main__ - INFO - Loading trained model...
2023-04-03 18:01:36,353 - __main__ - INFO - [INFO] 2023-04-03 18:01:36.353489 Epoch [59/100] batch [257/391] loss 0.3818 lr 0.037565505641757285 acc 89.84% eta 0:25:30
2023-04-03 18:01:48,816 - __main__ - INFO - [INFO] 2023-04-03 18:01:48.816106 Epoch [59/100] batch [385/391] loss 0.4050 lr 0.037565505641757285 acc 82.81% eta 0:24:54
2023-04-03 18:01:49,345 - __main__ - INFO - Computing epoch 59 validation accuracy...
2023-04-03 18:01:52,645 - __main__ - INFO - Computing epoch 59 validation loss...
2023-04-03 18:01:56,106 - __main__ - INFO - [INFO] 2023-04-03 18:01:56.106101 Epoch [60/100] batch [1/391] loss 0.4475 lr 0.03605044469803857 acc 79.69% eta 0:23:45
2023-04-03 18:02:07,991 - __main__ - INFO - [INFO] 2023-04-03 18:02:07.991529 Epoch [60/100] batch [129/391] loss 0.3801 lr 0.03605044469803857 acc 82.03% eta 0:22:53
2023-04-03 18:02:19,970 - __main__ - INFO - [INFO] 2023-04-03 18:02:19.970117 Epoch [60/100] batch [257/391] loss 0.4087 lr 0.03605044469803857 acc 84.38% eta 0:22:46
2023-04-03 18:02:31,727 - __main__ - INFO - [INFO] 2023-04-03 18:02:31.726955 Epoch [60/100] batch [385/391] loss 0.3398 lr 0.03605044469803857 acc 88.28% eta 0:22:28
2023-04-03 18:02:32,268 - __main__ - INFO - Computing epoch 60 validation accuracy...
2023-04-03 18:02:35,586 - __main__ - INFO - Computing epoch 60 validation loss...
2023-04-03 18:02:38,911 - __main__ - INFO - [INFO] 2023-04-03 18:02:38.911500 Epoch [61/100] batch [1/391] loss 0.5254 lr 0.034549150281252675 acc 81.25% eta 0:24:13
2023-04-03 18:02:50,836 - __main__ - INFO - [INFO] 2023-04-03 18:02:50.835991 Epoch [61/100] batch [129/391] loss 0.3623 lr 0.034549150281252675 acc 85.94% eta 0:22:25
2023-04-03 18:03:02,800 - __main__ - INFO - [INFO] 2023-04-03 18:03:02.800171 Epoch [61/100] batch [257/391] loss 0.3721 lr 0.034549150281252675 acc 88.28% eta 0:22:14
2023-04-03 18:03:14,684 - __main__ - INFO - [INFO] 2023-04-03 18:03:14.684586 Epoch [61/100] batch [385/391] loss 0.4109 lr 0.034549150281252675 acc 89.84% eta 0:22:00
2023-04-03 18:03:15,209 - __main__ - INFO - Computing epoch 61 validation accuracy...
2023-04-03 18:03:18,395 - __main__ - INFO - Computing epoch 61 validation loss...
2023-04-03 18:03:21,717 - __main__ - INFO - [INFO] 2023-04-03 18:03:21.717123 Epoch [62/100] batch [1/391] loss 0.2800 lr 0.03306310398773546 acc 92.19% eta 0:24:57
2023-04-03 18:03:33,394 - __main__ - INFO - [INFO] 2023-04-03 18:03:33.394317 Epoch [62/100] batch [129/391] loss 0.3689 lr 0.03306310398773546 acc 82.81% eta 0:21:23
2023-04-03 18:03:45,351 - __main__ - INFO - [INFO] 2023-04-03 18:03:45.351332 Epoch [62/100] batch [257/391] loss 0.3765 lr 0.03306310398773546 acc 87.50% eta 0:21:27
2023-04-03 18:03:57,356 - __main__ - INFO - [INFO] 2023-04-03 18:03:57.356358 Epoch [62/100] batch [385/391] loss 0.4299 lr 0.03306310398773546 acc 86.72% eta 0:21:22
2023-04-03 18:03:57,938 - __main__ - INFO - Computing epoch 62 validation accuracy...
2023-04-03 18:04:01,221 - __main__ - INFO - Computing epoch 62 validation loss...
2023-04-03 18:04:04,714 - __main__ - INFO - [INFO] 2023-04-03 18:04:04.713967 Epoch [63/100] batch [1/391] loss 0.3857 lr 0.031593772365766146 acc 86.72% eta 0:26:32
2023-04-03 18:04:16,854 - __main__ - INFO - [INFO] 2023-04-03 18:04:16.854630 Epoch [63/100] batch [129/391] loss 0.4438 lr 0.031593772365766146 acc 85.16% eta 0:21:41
2023-04-03 18:04:28,829 - __main__ - INFO - [INFO] 2023-04-03 18:04:28.829227 Epoch [63/100] batch [257/391] loss 0.3005 lr 0.031593772365766146 acc 89.06% eta 0:21:20
2023-04-03 18:04:40,866 - __main__ - INFO - [INFO] 2023-04-03 18:04:40.865989 Epoch [63/100] batch [385/391] loss 0.3386 lr 0.031593772365766146 acc 86.72% eta 0:21:07
2023-04-03 18:04:41,408 - __main__ - INFO - Computing epoch 63 validation accuracy...
2023-04-03 18:04:44,693 - __main__ - INFO - Computing epoch 63 validation loss...
2023-04-03 18:04:48,163 - __main__ - INFO - [INFO] 2023-04-03 18:04:48.162864 Epoch [64/100] batch [1/391] loss 0.3516 lr 0.030142605468260992 acc 88.28% eta 0:23:38
2023-04-03 18:04:55,781 - __main__ - INFO - 

2023-04-03 18:04:55,782 - __main__ - INFO - ***************
2023-04-03 18:04:55,782 - __main__ - INFO - ** Arguments **
2023-04-03 18:04:55,782 - __main__ - INFO - ***************
2023-04-03 18:04:55,782 - __main__ - INFO - backbone: resnet20
2023-04-03 18:04:55,782 - __main__ - INFO - dataname: cifar10
2023-04-03 18:04:55,782 - __main__ - INFO - drop_method: no
2023-04-03 18:04:55,782 - __main__ - INFO - drop_rate: 0.0
2023-04-03 18:04:55,782 - __main__ - INFO - eval_only: 1
2023-04-03 18:04:55,782 - __main__ - INFO - output_path: checkpoints/cifar10/resnet20/drop_no/rate_0./seed3
2023-04-03 18:04:55,782 - __main__ - INFO - part_rate: 0.1
2023-04-03 18:04:55,782 - __main__ - INFO - seed: 3
2023-04-03 18:04:55,782 - __main__ - INFO - weight_decay: 0.0005
2023-04-03 18:04:55,783 - __main__ - INFO - ************
2023-04-03 18:04:55,783 - __main__ - INFO - ** Config **
2023-04-03 18:04:55,783 - __main__ - INFO - ************
2023-04-03 18:04:55,783 - __main__ - INFO - {'DATALOADER': {'PATH': './data', 'DATANAME': 'cifar10', 'BATCH_SIZE': 128, 'NUM_CLASSES': 10}, 'INPUT': {'SIZE': [32, 32], 'PIXEL_MEAN': [0.4914, 0.4822, 0.4465], 'PIXEL_STD': [0.2023, 0.1994, 0.201]}, 'OUTPUT': {'DIR': 'checkpoints/cifar10/resnet20/drop_no/rate_0./seed3'}, 'SEED': 3, 'OPTIM': {'LR': 0.1, 'MAX_EPOCH': 100, 'LR_SCHEDULER': 'step', 'LR_MILESTONES': [20, 40, 80, 120, 140], 'LR_DECAY': 0.2, 'PART_RATE': 0.1, 'WEIGHT_DECAY': 0.0005, 'DROP_RATE': 0.0, 'DROP_METHOD': 'no', 'BLOCK_SIZE': 7}, 'MODEL': {'BACKBONE': 'resnet20'}}
2023-04-03 18:04:55,808 - __main__ - INFO - Reading testing data set cifar10
2023-04-03 18:04:56,633 - __main__ - INFO - Loading trained model...
2023-04-03 18:05:00,272 - __main__ - INFO - [INFO] 2023-04-03 18:05:00.272264 Epoch [64/100] batch [129/391] loss 0.2732 lr 0.030142605468260992 acc 93.75% eta 0:21:01
2023-04-03 18:05:12,203 - __main__ - INFO - [INFO] 2023-04-03 18:05:12.203775 Epoch [64/100] batch [257/391] loss 0.4668 lr 0.030142605468260992 acc 84.38% eta 0:20:39
2023-04-03 18:05:24,040 - __main__ - INFO - [INFO] 2023-04-03 18:05:24.040460 Epoch [64/100] batch [385/391] loss 0.3333 lr 0.030142605468260992 acc 82.81% eta 0:20:21
2023-04-03 18:05:24,576 - __main__ - INFO - Computing epoch 64 validation accuracy...
2023-04-03 18:05:27,801 - __main__ - INFO - Computing epoch 64 validation loss...
2023-04-03 18:05:31,107 - __main__ - INFO - [INFO] 2023-04-03 18:05:31.107102 Epoch [65/100] batch [1/391] loss 0.3787 lr 0.028711035421746394 acc 87.50% eta 0:21:00
2023-04-03 18:05:43,203 - __main__ - INFO - [INFO] 2023-04-03 18:05:43.203313 Epoch [65/100] batch [129/391] loss 0.3911 lr 0.028711035421746394 acc 86.72% eta 0:20:26
2023-04-03 18:05:55,016 - __main__ - INFO - [INFO] 2023-04-03 18:05:55.016792 Epoch [65/100] batch [257/391] loss 0.3218 lr 0.028711035421746394 acc 89.06% eta 0:20:00
2023-04-03 18:06:06,927 - __main__ - INFO - [INFO] 2023-04-03 18:06:06.927771 Epoch [65/100] batch [385/391] loss 0.4927 lr 0.028711035421746394 acc 84.38% eta 0:19:47
2023-04-03 18:06:07,470 - __main__ - INFO - Computing epoch 65 validation accuracy...
2023-04-03 18:06:10,721 - __main__ - INFO - Computing epoch 65 validation loss...
2023-04-03 18:06:14,031 - __main__ - INFO - [INFO] 2023-04-03 18:06:14.031316 Epoch [66/100] batch [1/391] loss 0.3271 lr 0.027300475013022688 acc 87.50% eta 0:20:42
2023-04-03 18:06:25,857 - __main__ - INFO - [INFO] 2023-04-03 18:06:25.857359 Epoch [66/100] batch [129/391] loss 0.2012 lr 0.027300475013022688 acc 92.97% eta 0:19:25
2023-04-03 18:06:37,566 - __main__ - INFO - [INFO] 2023-04-03 18:06:37.566307 Epoch [66/100] batch [257/391] loss 0.2438 lr 0.027300475013022688 acc 89.84% eta 0:19:07
2023-04-03 18:06:49,374 - __main__ - INFO - [INFO] 2023-04-03 18:06:49.374434 Epoch [66/100] batch [385/391] loss 0.3354 lr 0.027300475013022688 acc 89.84% eta 0:18:57
2023-04-03 18:06:49,917 - __main__ - INFO - Computing epoch 66 validation accuracy...
2023-04-03 18:06:53,107 - __main__ - INFO - Computing epoch 66 validation loss...
2023-04-03 18:06:56,452 - __main__ - INFO - [INFO] 2023-04-03 18:06:56.452715 Epoch [67/100] batch [1/391] loss 0.2805 lr 0.025912316294914254 acc 88.28% eta 0:19:58
2023-04-03 18:07:08,661 - __main__ - INFO - [INFO] 2023-04-03 18:07:08.661540 Epoch [67/100] batch [129/391] loss 0.3069 lr 0.025912316294914254 acc 88.28% eta 0:19:26
2023-04-03 18:07:20,579 - __main__ - INFO - [INFO] 2023-04-03 18:07:20.579507 Epoch [67/100] batch [257/391] loss 0.4285 lr 0.025912316294914254 acc 85.16% eta 0:19:00
2023-04-03 18:07:32,445 - __main__ - INFO - [INFO] 2023-04-03 18:07:32.444843 Epoch [67/100] batch [385/391] loss 0.3823 lr 0.025912316294914254 acc 92.97% eta 0:18:43
2023-04-03 18:07:32,983 - __main__ - INFO - Computing epoch 67 validation accuracy...
2023-04-03 18:07:36,191 - __main__ - INFO - Computing epoch 67 validation loss...
2023-04-03 18:07:39,687 - __main__ - INFO - [INFO] 2023-04-03 18:07:39.687016 Epoch [68/100] batch [1/391] loss 0.3252 lr 0.02454792921248146 acc 89.06% eta 0:20:20
2023-04-03 18:07:51,502 - __main__ - INFO - [INFO] 2023-04-03 18:07:51.502179 Epoch [68/100] batch [129/391] loss 0.3330 lr 0.02454792921248146 acc 89.84% eta 0:18:16
2023-04-03 18:08:03,144 - __main__ - INFO - [INFO] 2023-04-03 18:08:03.143830 Epoch [68/100] batch [257/391] loss 0.3325 lr 0.02454792921248146 acc 88.28% eta 0:17:57
2023-04-03 18:08:14,870 - __main__ - INFO - [INFO] 2023-04-03 18:08:14.870470 Epoch [68/100] batch [385/391] loss 0.4023 lr 0.02454792921248146 acc 87.50% eta 0:17:45
2023-04-03 18:08:15,388 - __main__ - INFO - Computing epoch 68 validation accuracy...
2023-04-03 18:08:18,604 - __main__ - INFO - Computing epoch 68 validation loss...
2023-04-03 18:08:21,950 - __main__ - INFO - [INFO] 2023-04-03 18:08:21.950092 Epoch [69/100] batch [1/391] loss 0.2971 lr 0.02320866025105018 acc 85.94% eta 0:19:18
2023-04-03 18:08:33,832 - __main__ - INFO - [INFO] 2023-04-03 18:08:33.832645 Epoch [69/100] batch [129/391] loss 0.3171 lr 0.02320866025105018 acc 90.62% eta 0:17:47
2023-04-03 18:08:45,654 - __main__ - INFO - [INFO] 2023-04-03 18:08:45.654196 Epoch [69/100] batch [257/391] loss 0.3459 lr 0.02320866025105018 acc 91.41% eta 0:17:34
2023-04-03 18:08:57,300 - __main__ - INFO - [INFO] 2023-04-03 18:08:57.300413 Epoch [69/100] batch [385/391] loss 0.3635 lr 0.02320866025105018 acc 88.28% eta 0:17:17
2023-04-03 18:08:57,829 - __main__ - INFO - Computing epoch 69 validation accuracy...
2023-04-03 18:09:01,007 - __main__ - INFO - Computing epoch 69 validation loss...
2023-04-03 18:09:04,365 - __main__ - INFO - [INFO] 2023-04-03 18:09:04.365208 Epoch [70/100] batch [1/391] loss 0.2456 lr 0.021895831107393487 acc 92.19% eta 0:18:21
2023-04-03 18:09:16,060 - __main__ - INFO - [INFO] 2023-04-03 18:09:16.060811 Epoch [70/100] batch [129/391] loss 0.2959 lr 0.021895831107393487 acc 89.06% eta 0:17:00
2023-04-03 18:09:27,671 - __main__ - INFO - [INFO] 2023-04-03 18:09:27.671616 Epoch [70/100] batch [257/391] loss 0.3718 lr 0.021895831107393487 acc 85.16% eta 0:16:45
2023-04-03 18:09:39,413 - __main__ - INFO - [INFO] 2023-04-03 18:09:39.413368 Epoch [70/100] batch [385/391] loss 0.2482 lr 0.021895831107393487 acc 94.53% eta 0:16:36
2023-04-03 18:09:39,954 - __main__ - INFO - Computing epoch 70 validation accuracy...
2023-04-03 18:09:43,088 - __main__ - INFO - Computing epoch 70 validation loss...
2023-04-03 18:09:46,368 - __main__ - INFO - [INFO] 2023-04-03 18:09:46.368356 Epoch [71/100] batch [1/391] loss 0.2489 lr 0.02061073738537637 acc 93.75% eta 0:17:54
2023-04-03 18:09:58,147 - __main__ - INFO - [INFO] 2023-04-03 18:09:58.147666 Epoch [71/100] batch [129/391] loss 0.3501 lr 0.02061073738537637 acc 89.84% eta 0:16:34
2023-04-03 18:10:09,934 - __main__ - INFO - [INFO] 2023-04-03 18:10:09.934627 Epoch [71/100] batch [257/391] loss 0.3804 lr 0.02061073738537637 acc 88.28% eta 0:16:23
2023-04-03 18:10:21,607 - __main__ - INFO - [INFO] 2023-04-03 18:10:21.607508 Epoch [71/100] batch [385/391] loss 0.2542 lr 0.02061073738537637 acc 88.28% eta 0:16:08
2023-04-03 18:10:22,192 - __main__ - INFO - Computing epoch 71 validation accuracy...
2023-04-03 18:10:25,424 - __main__ - INFO - Computing epoch 71 validation loss...
2023-04-03 18:10:28,821 - __main__ - INFO - [INFO] 2023-04-03 18:10:28.820968 Epoch [72/100] batch [1/391] loss 0.4609 lr 0.01935464731735119 acc 82.03% eta 0:17:59
2023-04-03 18:10:40,593 - __main__ - INFO - [INFO] 2023-04-03 18:10:40.593675 Epoch [72/100] batch [129/391] loss 0.2695 lr 0.01935464731735119 acc 88.28% eta 0:15:58
2023-04-03 18:10:52,025 - __main__ - INFO - [INFO] 2023-04-03 18:10:52.025259 Epoch [72/100] batch [257/391] loss 0.2925 lr 0.01935464731735119 acc 91.41% eta 0:15:34
2023-04-03 18:11:03,824 - __main__ - INFO - [INFO] 2023-04-03 18:11:03.824253 Epoch [72/100] batch [385/391] loss 0.2932 lr 0.01935464731735119 acc 89.84% eta 0:15:28
2023-04-03 18:11:04,389 - __main__ - INFO - Computing epoch 72 validation accuracy...
2023-04-03 18:11:07,616 - __main__ - INFO - Computing epoch 72 validation loss...
2023-04-03 18:11:10,988 - __main__ - INFO - [INFO] 2023-04-03 18:11:10.988811 Epoch [73/100] batch [1/391] loss 0.2612 lr 0.018128800512565532 acc 89.84% eta 0:15:59
2023-04-03 18:11:22,727 - __main__ - INFO - [INFO] 2023-04-03 18:11:22.726955 Epoch [73/100] batch [129/391] loss 0.2202 lr 0.018128800512565532 acc 93.75% eta 0:15:22
2023-04-03 18:11:34,353 - __main__ - INFO - [INFO] 2023-04-03 18:11:34.353456 Epoch [73/100] batch [257/391] loss 0.3330 lr 0.018128800512565532 acc 91.41% eta 0:15:08
2023-04-03 18:11:46,251 - __main__ - INFO - [INFO] 2023-04-03 18:11:46.251092 Epoch [73/100] batch [385/391] loss 0.3425 lr 0.018128800512565532 acc 85.94% eta 0:15:02
2023-04-03 18:11:46,788 - __main__ - INFO - Computing epoch 73 validation accuracy...
2023-04-03 18:11:49,947 - __main__ - INFO - Computing epoch 73 validation loss...
2023-04-03 18:11:53,252 - __main__ - INFO - [INFO] 2023-04-03 18:11:53.252269 Epoch [74/100] batch [1/391] loss 0.2314 lr 0.016934406733817433 acc 88.28% eta 0:16:49
2023-04-03 18:12:05,146 - __main__ - INFO - [INFO] 2023-04-03 18:12:05.145865 Epoch [74/100] batch [129/391] loss 0.2617 lr 0.016934406733817433 acc 91.41% eta 0:15:00
2023-04-03 18:12:16,926 - __main__ - INFO - [INFO] 2023-04-03 18:12:16.926382 Epoch [74/100] batch [257/391] loss 0.1592 lr 0.016934406733817433 acc 95.31% eta 0:14:45
2023-04-03 18:12:28,511 - __main__ - INFO - [INFO] 2023-04-03 18:12:28.510960 Epoch [74/100] batch [385/391] loss 0.2235 lr 0.016934406733817433 acc 92.97% eta 0:14:28
2023-04-03 18:12:29,042 - __main__ - INFO - Computing epoch 74 validation accuracy...
2023-04-03 18:12:32,255 - __main__ - INFO - Computing epoch 74 validation loss...
2023-04-03 18:12:35,585 - __main__ - INFO - [INFO] 2023-04-03 18:12:35.585024 Epoch [75/100] batch [1/391] loss 0.3977 lr 0.01577264470356558 acc 87.50% eta 0:14:48
2023-04-03 18:12:47,936 - __main__ - INFO - [INFO] 2023-04-03 18:12:47.936566 Epoch [75/100] batch [129/391] loss 0.2800 lr 0.01577264470356558 acc 88.28% eta 0:15:01
2023-04-03 18:12:59,562 - __main__ - INFO - [INFO] 2023-04-03 18:12:59.562781 Epoch [75/100] batch [257/391] loss 0.2209 lr 0.01577264470356558 acc 94.53% eta 0:14:24
2023-04-03 18:13:11,308 - __main__ - INFO - [INFO] 2023-04-03 18:13:11.308521 Epoch [75/100] batch [385/391] loss 0.4302 lr 0.01577264470356558 acc 87.50% eta 0:14:07
2023-04-03 18:13:11,846 - __main__ - INFO - Computing epoch 75 validation accuracy...
2023-04-03 18:13:15,094 - __main__ - INFO - Computing epoch 75 validation loss...
2023-04-03 18:13:18,437 - __main__ - INFO - [INFO] 2023-04-03 18:13:18.437300 Epoch [76/100] batch [1/391] loss 0.1562 lr 0.014644660940672643 acc 94.53% eta 0:14:41
2023-04-03 18:13:30,345 - __main__ - INFO - [INFO] 2023-04-03 18:13:30.345214 Epoch [76/100] batch [129/391] loss 0.3447 lr 0.014644660940672643 acc 88.28% eta 0:13:52
2023-04-03 18:13:42,090 - __main__ - INFO - [INFO] 2023-04-03 18:13:42.090721 Epoch [76/100] batch [257/391] loss 0.3518 lr 0.014644660940672643 acc 85.94% eta 0:13:37
2023-04-03 18:13:53,821 - __main__ - INFO - [INFO] 2023-04-03 18:13:53.821279 Epoch [76/100] batch [385/391] loss 0.2583 lr 0.014644660940672643 acc 93.75% eta 0:13:24
2023-04-03 18:13:54,395 - __main__ - INFO - Computing epoch 76 validation accuracy...
2023-04-03 18:13:57,701 - __main__ - INFO - Computing epoch 76 validation loss...
2023-04-03 18:14:01,064 - __main__ - INFO - [INFO] 2023-04-03 18:14:01.064726 Epoch [77/100] batch [1/391] loss 0.1913 lr 0.013551568628929448 acc 96.88% eta 0:14:23
2023-04-03 18:14:12,791 - __main__ - INFO - [INFO] 2023-04-03 18:14:12.791158 Epoch [77/100] batch [129/391] loss 0.3474 lr 0.013551568628929448 acc 85.16% eta 0:13:08
2023-04-03 18:14:24,706 - __main__ - INFO - [INFO] 2023-04-03 18:14:24.705966 Epoch [77/100] batch [257/391] loss 0.2449 lr 0.013551568628929448 acc 89.06% eta 0:13:03
2023-04-03 18:14:36,549 - __main__ - INFO - [INFO] 2023-04-03 18:14:36.549721 Epoch [77/100] batch [385/391] loss 0.3647 lr 0.013551568628929448 acc 90.62% eta 0:12:53
2023-04-03 18:14:37,091 - __main__ - INFO - Computing epoch 77 validation accuracy...
2023-04-03 18:14:40,323 - __main__ - INFO - Computing epoch 77 validation loss...
2023-04-03 18:14:43,734 - __main__ - INFO - [INFO] 2023-04-03 18:14:43.734237 Epoch [78/100] batch [1/391] loss 0.3086 lr 0.012494446518477033 acc 92.19% eta 0:14:35
2023-04-03 18:14:55,591 - __main__ - INFO - [INFO] 2023-04-03 18:14:55.591076 Epoch [78/100] batch [129/391] loss 0.1685 lr 0.012494446518477033 acc 94.53% eta 0:12:44
2023-04-03 18:15:07,585 - __main__ - INFO - [INFO] 2023-04-03 18:15:07.585650 Epoch [78/100] batch [257/391] loss 0.2798 lr 0.012494446518477033 acc 92.19% eta 0:12:37
2023-04-03 18:15:19,270 - __main__ - INFO - [INFO] 2023-04-03 18:15:19.270411 Epoch [78/100] batch [385/391] loss 0.3208 lr 0.012494446518477033 acc 87.50% eta 0:12:21
2023-04-03 18:15:19,790 - __main__ - INFO - Computing epoch 78 validation accuracy...
2023-04-03 18:15:22,978 - __main__ - INFO - Computing epoch 78 validation loss...
2023-04-03 18:15:26,363 - __main__ - INFO - [INFO] 2023-04-03 18:15:26.363537 Epoch [79/100] batch [1/391] loss 0.2844 lr 0.011474337861210555 acc 93.75% eta 0:13:04
2023-04-03 18:15:38,131 - __main__ - INFO - [INFO] 2023-04-03 18:15:38.130932 Epoch [79/100] batch [129/391] loss 0.3286 lr 0.011474337861210555 acc 87.50% eta 0:12:04
2023-04-03 18:15:49,965 - __main__ - INFO - [INFO] 2023-04-03 18:15:49.965223 Epoch [79/100] batch [257/391] loss 0.2710 lr 0.011474337861210555 acc 93.75% eta 0:11:55
2023-04-03 18:16:01,581 - __main__ - INFO - [INFO] 2023-04-03 18:16:01.581452 Epoch [79/100] batch [385/391] loss 0.3362 lr 0.011474337861210555 acc 90.62% eta 0:11:41
2023-04-03 18:16:02,125 - __main__ - INFO - Computing epoch 79 validation accuracy...
2023-04-03 18:16:05,476 - __main__ - INFO - Computing epoch 79 validation loss...
2023-04-03 18:16:08,950 - __main__ - INFO - [INFO] 2023-04-03 18:16:08.950226 Epoch [80/100] batch [1/391] loss 0.3359 lr 0.01049224938121549 acc 92.19% eta 0:12:08
2023-04-03 18:16:20,741 - __main__ - INFO - [INFO] 2023-04-03 18:16:20.741608 Epoch [80/100] batch [129/391] loss 0.2076 lr 0.01049224938121549 acc 94.53% eta 0:11:31
2023-04-03 18:16:32,850 - __main__ - INFO - [INFO] 2023-04-03 18:16:32.849996 Epoch [80/100] batch [257/391] loss 0.2661 lr 0.01049224938121549 acc 91.41% eta 0:11:29
2023-04-03 18:16:44,545 - __main__ - INFO - [INFO] 2023-04-03 18:16:44.545479 Epoch [80/100] batch [385/391] loss 0.2656 lr 0.01049224938121549 acc 91.41% eta 0:11:13
2023-04-03 18:16:45,074 - __main__ - INFO - Computing epoch 80 validation accuracy...
2023-04-03 18:16:48,290 - __main__ - INFO - Computing epoch 80 validation loss...
2023-04-03 18:16:51,733 - __main__ - INFO - [INFO] 2023-04-03 18:16:51.732882 Epoch [81/100] batch [1/391] loss 0.1870 lr 0.009549150281252642 acc 94.53% eta 0:18:27
2023-04-03 18:17:03,875 - __main__ - INFO - [INFO] 2023-04-03 18:17:03.875602 Epoch [81/100] batch [129/391] loss 0.1499 lr 0.009549150281252642 acc 95.31% eta 0:11:19
2023-04-03 18:17:16,041 - __main__ - INFO - [INFO] 2023-04-03 18:17:16.040616 Epoch [81/100] batch [257/391] loss 0.2869 lr 0.009549150281252642 acc 92.19% eta 0:11:07
2023-04-03 18:17:27,856 - __main__ - INFO - [INFO] 2023-04-03 18:17:27.855996 Epoch [81/100] batch [385/391] loss 0.3159 lr 0.009549150281252642 acc 90.62% eta 0:10:50
2023-04-03 18:17:28,424 - __main__ - INFO - Computing epoch 81 validation accuracy...
2023-04-03 18:17:31,812 - __main__ - INFO - Computing epoch 81 validation loss...
2023-04-03 18:17:35,213 - __main__ - INFO - [INFO] 2023-04-03 18:17:35.213598 Epoch [82/100] batch [1/391] loss 0.1796 lr 0.008645971286271922 acc 96.09% eta 0:11:28
2023-04-03 18:17:47,150 - __main__ - INFO - [INFO] 2023-04-03 18:17:47.150162 Epoch [82/100] batch [129/391] loss 0.1909 lr 0.008645971286271922 acc 94.53% eta 0:10:31
2023-04-03 18:17:58,770 - __main__ - INFO - [INFO] 2023-04-03 18:17:58.770354 Epoch [82/100] batch [257/391] loss 0.2690 lr 0.008645971286271922 acc 94.53% eta 0:10:13
2023-04-03 18:18:10,372 - __main__ - INFO - [INFO] 2023-04-03 18:18:10.372732 Epoch [82/100] batch [385/391] loss 0.2136 lr 0.008645971286271922 acc 91.41% eta 0:09:59
2023-04-03 18:18:10,970 - __main__ - INFO - Computing epoch 82 validation accuracy...
2023-04-03 18:18:14,324 - __main__ - INFO - Computing epoch 82 validation loss...
2023-04-03 18:18:17,826 - __main__ - INFO - [INFO] 2023-04-03 18:18:17.826461 Epoch [83/100] batch [1/391] loss 0.2032 lr 0.007783603724899264 acc 91.41% eta 0:11:29
2023-04-03 18:18:29,873 - __main__ - INFO - [INFO] 2023-04-03 18:18:29.873759 Epoch [83/100] batch [129/391] loss 0.2267 lr 0.007783603724899264 acc 88.28% eta 0:10:05
2023-04-03 18:18:41,979 - __main__ - INFO - [INFO] 2023-04-03 18:18:41.979014 Epoch [83/100] batch [257/391] loss 0.3179 lr 0.007783603724899264 acc 88.28% eta 0:09:55
2023-04-03 18:18:53,795 - __main__ - INFO - [INFO] 2023-04-03 18:18:53.795292 Epoch [83/100] batch [385/391] loss 0.1609 lr 0.007783603724899264 acc 92.19% eta 0:09:39
2023-04-03 18:18:54,333 - __main__ - INFO - Computing epoch 83 validation accuracy...
2023-04-03 18:18:57,555 - __main__ - INFO - Computing epoch 83 validation loss...
2023-04-03 18:19:00,877 - __main__ - INFO - [INFO] 2023-04-03 18:19:00.877729 Epoch [84/100] batch [1/391] loss 0.1012 lr 0.006962898649802819 acc 96.88% eta 0:10:31
2023-04-03 18:19:12,450 - __main__ - INFO - [INFO] 2023-04-03 18:19:12.450273 Epoch [84/100] batch [129/391] loss 0.2087 lr 0.006962898649802819 acc 92.19% eta 0:09:10
2023-04-03 18:19:24,117 - __main__ - INFO - [INFO] 2023-04-03 18:19:24.117018 Epoch [84/100] batch [257/391] loss 0.2096 lr 0.006962898649802819 acc 94.53% eta 0:09:00
2023-04-03 18:19:35,620 - __main__ - INFO - [INFO] 2023-04-03 18:19:35.620675 Epoch [84/100] batch [385/391] loss 0.2332 lr 0.006962898649802819 acc 93.75% eta 0:08:47
2023-04-03 18:19:36,216 - __main__ - INFO - Computing epoch 84 validation accuracy...
2023-04-03 18:19:39,568 - __main__ - INFO - Computing epoch 84 validation loss...
2023-04-03 18:19:42,883 - __main__ - INFO - [INFO] 2023-04-03 18:19:42.883228 Epoch [85/100] batch [1/391] loss 0.1604 lr 0.0061846659978068265 acc 93.75% eta 0:10:30
2023-04-03 18:19:54,542 - __main__ - INFO - [INFO] 2023-04-03 18:19:54.542211 Epoch [85/100] batch [129/391] loss 0.1593 lr 0.0061846659978068265 acc 96.09% eta 0:08:38
2023-04-03 18:20:06,457 - __main__ - INFO - [INFO] 2023-04-03 18:20:06.457066 Epoch [85/100] batch [257/391] loss 0.2688 lr 0.0061846659978068265 acc 94.53% eta 0:08:33
2023-04-03 18:20:18,177 - __main__ - INFO - [INFO] 2023-04-03 18:20:18.177475 Epoch [85/100] batch [385/391] loss 0.2333 lr 0.0061846659978068265 acc 94.53% eta 0:08:21
2023-04-03 18:20:18,699 - __main__ - INFO - Computing epoch 85 validation accuracy...
2023-04-03 18:20:21,890 - __main__ - INFO - Computing epoch 85 validation loss...
2023-04-03 18:20:25,235 - __main__ - INFO - [INFO] 2023-04-03 18:20:25.235529 Epoch [86/100] batch [1/391] loss 0.1877 lr 0.005449673790581615 acc 94.53% eta 0:13:00
2023-04-03 18:20:36,822 - __main__ - INFO - [INFO] 2023-04-03 18:20:36.821966 Epoch [86/100] batch [129/391] loss 0.1431 lr 0.005449673790581615 acc 94.53% eta 0:08:05
2023-04-03 18:20:48,580 - __main__ - INFO - [INFO] 2023-04-03 18:20:48.580343 Epoch [86/100] batch [257/391] loss 0.1616 lr 0.005449673790581615 acc 96.88% eta 0:07:56
2023-04-03 18:21:00,497 - __main__ - INFO - [INFO] 2023-04-03 18:21:00.497309 Epoch [86/100] batch [385/391] loss 0.1729 lr 0.005449673790581615 acc 94.53% eta 0:07:48
2023-04-03 18:21:01,021 - __main__ - INFO - Computing epoch 86 validation accuracy...
2023-04-03 18:21:04,207 - __main__ - INFO - Computing epoch 86 validation loss...
2023-04-03 18:21:07,568 - __main__ - INFO - [INFO] 2023-04-03 18:21:07.567865 Epoch [87/100] batch [1/391] loss 0.2075 lr 0.004758647376699036 acc 94.53% eta 0:08:28
2023-04-03 18:21:19,268 - __main__ - INFO - [INFO] 2023-04-03 18:21:19.267904 Epoch [87/100] batch [129/391] loss 0.1030 lr 0.004758647376699036 acc 98.44% eta 0:07:34
2023-04-03 18:21:30,824 - __main__ - INFO - [INFO] 2023-04-03 18:21:30.823877 Epoch [87/100] batch [257/391] loss 0.1844 lr 0.004758647376699036 acc 94.53% eta 0:07:20
2023-04-03 18:21:42,892 - __main__ - INFO - [INFO] 2023-04-03 18:21:42.892700 Epoch [87/100] batch [385/391] loss 0.1840 lr 0.004758647376699036 acc 94.53% eta 0:07:15
2023-04-03 18:21:43,472 - __main__ - INFO - Computing epoch 87 validation accuracy...
2023-04-03 18:21:46,711 - __main__ - INFO - Computing epoch 87 validation loss...
2023-04-03 18:21:50,035 - __main__ - INFO - [INFO] 2023-04-03 18:21:50.035144 Epoch [88/100] batch [1/391] loss 0.1482 lr 0.004112268715800957 acc 92.97% eta 0:08:07
2023-04-03 18:22:01,771 - __main__ - INFO - [INFO] 2023-04-03 18:22:01.771653 Epoch [88/100] batch [129/391] loss 0.1273 lr 0.004112268715800957 acc 96.09% eta 0:07:02
2023-04-03 18:22:13,439 - __main__ - INFO - [INFO] 2023-04-03 18:22:13.439529 Epoch [88/100] batch [257/391] loss 0.1837 lr 0.004112268715800957 acc 94.53% eta 0:06:51
2023-04-03 18:22:24,988 - __main__ - INFO - [INFO] 2023-04-03 18:22:24.988644 Epoch [88/100] batch [385/391] loss 0.2495 lr 0.004112268715800957 acc 95.31% eta 0:06:38
2023-04-03 18:22:25,523 - __main__ - INFO - Computing epoch 88 validation accuracy...
2023-04-03 18:22:28,762 - __main__ - INFO - Computing epoch 88 validation loss...
2023-04-03 18:22:32,119 - __main__ - INFO - [INFO] 2023-04-03 18:22:32.118994 Epoch [89/100] batch [1/391] loss 0.1765 lr 0.003511175705587435 acc 93.75% eta 0:07:30
2023-04-03 18:22:43,965 - __main__ - INFO - [INFO] 2023-04-03 18:22:43.965203 Epoch [89/100] batch [129/391] loss 0.2275 lr 0.003511175705587435 acc 94.53% eta 0:06:33
2023-04-03 18:22:55,822 - __main__ - INFO - [INFO] 2023-04-03 18:22:55.822527 Epoch [89/100] batch [257/391] loss 0.1166 lr 0.003511175705587435 acc 97.66% eta 0:06:22
2023-04-03 18:23:07,499 - __main__ - INFO - [INFO] 2023-04-03 18:23:07.498834 Epoch [89/100] batch [385/391] loss 0.1752 lr 0.003511175705587435 acc 96.88% eta 0:06:09
2023-04-03 18:23:08,021 - __main__ - INFO - Computing epoch 89 validation accuracy...
2023-04-03 18:23:11,141 - __main__ - INFO - Computing epoch 89 validation loss...
2023-04-03 18:23:14,420 - __main__ - INFO - [INFO] 2023-04-03 18:23:14.419932 Epoch [90/100] batch [1/391] loss 0.1005 lr 0.0029559615522887295 acc 100.00% eta 0:06:37
2023-04-03 18:23:26,143 - __main__ - INFO - [INFO] 2023-04-03 18:23:26.142866 Epoch [90/100] batch [129/391] loss 0.1378 lr 0.0029559615522887295 acc 96.09% eta 0:05:54
2023-04-03 18:23:37,677 - __main__ - INFO - [INFO] 2023-04-03 18:23:37.677705 Epoch [90/100] batch [257/391] loss 0.1371 lr 0.0029559615522887295 acc 94.53% eta 0:05:41
2023-04-03 18:23:49,525 - __main__ - INFO - [INFO] 2023-04-03 18:23:49.525019 Epoch [90/100] batch [385/391] loss 0.1423 lr 0.0029559615522887295 acc 94.53% eta 0:05:33
2023-04-03 18:23:50,083 - __main__ - INFO - Computing epoch 90 validation accuracy...
2023-04-03 18:23:53,370 - __main__ - INFO - Computing epoch 90 validation loss...
2023-04-03 18:23:56,699 - __main__ - INFO - [INFO] 2023-04-03 18:23:56.699736 Epoch [91/100] batch [1/391] loss 0.1835 lr 0.0024471741852423253 acc 94.53% eta 0:05:54
2023-04-03 18:24:08,636 - __main__ - INFO - [INFO] 2023-04-03 18:24:08.636264 Epoch [91/100] batch [129/391] loss 0.1731 lr 0.0024471741852423253 acc 94.53% eta 0:05:27
2023-04-03 18:24:20,446 - __main__ - INFO - [INFO] 2023-04-03 18:24:20.445847 Epoch [91/100] batch [257/391] loss 0.1240 lr 0.0024471741852423253 acc 97.66% eta 0:05:14
2023-04-03 18:24:32,126 - __main__ - INFO - [INFO] 2023-04-03 18:24:32.125939 Epoch [91/100] batch [385/391] loss 0.2291 lr 0.0024471741852423253 acc 93.75% eta 0:05:02
2023-04-03 18:24:32,695 - __main__ - INFO - Computing epoch 91 validation accuracy...
2023-04-03 18:24:35,880 - __main__ - INFO - Computing epoch 91 validation loss...
2023-04-03 18:24:39,224 - __main__ - INFO - [INFO] 2023-04-03 18:24:39.224251 Epoch [92/100] batch [1/391] loss 0.1715 lr 0.0019853157161528537 acc 96.88% eta 0:05:26
2023-04-03 18:24:50,776 - __main__ - INFO - [INFO] 2023-04-03 18:24:50.776058 Epoch [92/100] batch [129/391] loss 0.1190 lr 0.0019853157161528537 acc 96.09% eta 0:04:45
2023-04-03 18:25:02,592 - __main__ - INFO - [INFO] 2023-04-03 18:25:02.592162 Epoch [92/100] batch [257/391] loss 0.1337 lr 0.0019853157161528537 acc 96.88% eta 0:04:37
2023-04-03 18:25:14,500 - __main__ - INFO - [INFO] 2023-04-03 18:25:14.500333 Epoch [92/100] batch [385/391] loss 0.1473 lr 0.0019853157161528537 acc 96.09% eta 0:04:27
2023-04-03 18:25:15,042 - __main__ - INFO - Computing epoch 92 validation accuracy...
2023-04-03 18:25:18,249 - __main__ - INFO - Computing epoch 92 validation loss...
2023-04-03 18:25:21,524 - __main__ - INFO - [INFO] 2023-04-03 18:25:21.524293 Epoch [93/100] batch [1/391] loss 0.0920 lr 0.0015708419435684529 acc 99.22% eta 0:04:48
2023-04-03 18:25:33,237 - __main__ - INFO - [INFO] 2023-04-03 18:25:33.237337 Epoch [93/100] batch [129/391] loss 0.2113 lr 0.0015708419435684529 acc 92.19% eta 0:04:15
2023-04-03 18:25:45,039 - __main__ - INFO - [INFO] 2023-04-03 18:25:45.039439 Epoch [93/100] batch [257/391] loss 0.1031 lr 0.0015708419435684529 acc 96.88% eta 0:04:04
2023-04-03 18:25:56,589 - __main__ - INFO - [INFO] 2023-04-03 18:25:56.588954 Epoch [93/100] batch [385/391] loss 0.1907 lr 0.0015708419435684529 acc 96.09% eta 0:03:52
2023-04-03 18:25:57,113 - __main__ - INFO - Computing epoch 93 validation accuracy...
2023-04-03 18:26:00,283 - __main__ - INFO - Computing epoch 93 validation loss...
2023-04-03 18:26:03,743 - __main__ - INFO - [INFO] 2023-04-03 18:26:03.743737 Epoch [94/100] batch [1/391] loss 0.0760 lr 0.0012041619030626347 acc 96.88% eta 0:04:21
2023-04-03 18:26:15,619 - __main__ - INFO - [INFO] 2023-04-03 18:26:15.619671 Epoch [94/100] batch [129/391] loss 0.1205 lr 0.0012041619030626347 acc 96.88% eta 0:03:45
2023-04-03 18:26:27,421 - __main__ - INFO - [INFO] 2023-04-03 18:26:27.421404 Epoch [94/100] batch [257/391] loss 0.1008 lr 0.0012041619030626347 acc 96.09% eta 0:03:33
2023-04-03 18:26:38,973 - __main__ - INFO - [INFO] 2023-04-03 18:26:38.973075 Epoch [94/100] batch [385/391] loss 0.2168 lr 0.0012041619030626347 acc 93.75% eta 0:03:20
2023-04-03 18:26:39,510 - __main__ - INFO - Computing epoch 94 validation accuracy...
2023-04-03 18:26:42,815 - __main__ - INFO - Computing epoch 94 validation loss...
2023-04-03 18:26:46,260 - __main__ - INFO - [INFO] 2023-04-03 18:26:46.260722 Epoch [95/100] batch [1/391] loss 0.1749 lr 0.0008856374635655646 acc 94.53% eta 0:03:25
2023-04-03 18:26:57,973 - __main__ - INFO - [INFO] 2023-04-03 18:26:57.973821 Epoch [95/100] batch [129/391] loss 0.1787 lr 0.0008856374635655646 acc 94.53% eta 0:03:08
2023-04-03 18:27:10,033 - __main__ - INFO - [INFO] 2023-04-03 18:27:10.033087 Epoch [95/100] batch [257/391] loss 0.1418 lr 0.0008856374635655646 acc 96.09% eta 0:03:00
2023-04-03 18:27:22,070 - __main__ - INFO - [INFO] 2023-04-03 18:27:22.070087 Epoch [95/100] batch [385/391] loss 0.1186 lr 0.0008856374635655646 acc 97.66% eta 0:02:49
2023-04-03 18:27:22,625 - __main__ - INFO - Computing epoch 95 validation accuracy...
2023-04-03 18:27:25,826 - __main__ - INFO - Computing epoch 95 validation loss...
2023-04-03 18:27:29,204 - __main__ - INFO - [INFO] 2023-04-03 18:27:29.204053 Epoch [96/100] batch [1/391] loss 0.1114 lr 0.0006155829702431174 acc 97.66% eta 0:02:57
2023-04-03 18:27:41,311 - __main__ - INFO - [INFO] 2023-04-03 18:27:41.311576 Epoch [96/100] batch [129/391] loss 0.1353 lr 0.0006155829702431174 acc 95.31% eta 0:02:40
2023-04-03 18:27:53,125 - __main__ - INFO - [INFO] 2023-04-03 18:27:53.124591 Epoch [96/100] batch [257/391] loss 0.0782 lr 0.0006155829702431174 acc 98.44% eta 0:02:27
2023-04-03 18:28:04,955 - __main__ - INFO - [INFO] 2023-04-03 18:28:04.954975 Epoch [96/100] batch [385/391] loss 0.0959 lr 0.0006155829702431174 acc 97.66% eta 0:02:15
2023-04-03 18:28:05,498 - __main__ - INFO - Computing epoch 96 validation accuracy...
2023-04-03 18:28:08,882 - __main__ - INFO - Computing epoch 96 validation loss...
2023-04-03 18:28:12,303 - __main__ - INFO - [INFO] 2023-04-03 18:28:12.303078 Epoch [97/100] batch [1/391] loss 0.1285 lr 0.00039426493427611206 acc 97.66% eta 0:02:24
2023-04-03 18:28:24,299 - __main__ - INFO - [INFO] 2023-04-03 18:28:24.299184 Epoch [97/100] batch [129/391] loss 0.1360 lr 0.00039426493427611206 acc 95.31% eta 0:02:04
2023-04-03 18:28:36,212 - __main__ - INFO - [INFO] 2023-04-03 18:28:36.212008 Epoch [97/100] batch [257/391] loss 0.0839 lr 0.00039426493427611206 acc 96.88% eta 0:01:53
2023-04-03 18:28:48,017 - __main__ - INFO - [INFO] 2023-04-03 18:28:48.017012 Epoch [97/100] batch [385/391] loss 0.0833 lr 0.00039426493427611206 acc 98.44% eta 0:01:41
2023-04-03 18:28:48,572 - __main__ - INFO - Computing epoch 97 validation accuracy...
2023-04-03 18:28:51,798 - __main__ - INFO - Computing epoch 97 validation loss...
2023-04-03 18:28:55,341 - __main__ - INFO - [INFO] 2023-04-03 18:28:55.341227 Epoch [98/100] batch [1/391] loss 0.1848 lr 0.00022190176984600036 acc 93.75% eta 0:02:20
2023-04-03 18:29:07,711 - __main__ - INFO - [INFO] 2023-04-03 18:29:07.710858 Epoch [98/100] batch [129/391] loss 0.1267 lr 0.00022190176984600036 acc 96.88% eta 0:01:33
2023-04-03 18:29:19,556 - __main__ - INFO - [INFO] 2023-04-03 18:29:19.556746 Epoch [98/100] batch [257/391] loss 0.1492 lr 0.00022190176984600036 acc 96.09% eta 0:01:20
2023-04-03 18:29:31,689 - __main__ - INFO - [INFO] 2023-04-03 18:29:31.689701 Epoch [98/100] batch [385/391] loss 0.1663 lr 0.00022190176984600036 acc 94.53% eta 0:01:09
2023-04-03 18:29:32,304 - __main__ - INFO - Computing epoch 98 validation accuracy...
2023-04-03 18:29:35,585 - __main__ - INFO - Computing epoch 98 validation loss...
2023-04-03 18:29:38,976 - __main__ - INFO - [INFO] 2023-04-03 18:29:38.976694 Epoch [99/100] batch [1/391] loss 0.1241 lr 9.866357858642213e-05 acc 95.31% eta 0:01:20
2023-04-03 18:29:50,888 - __main__ - INFO - [INFO] 2023-04-03 18:29:50.888131 Epoch [99/100] batch [129/391] loss 0.1246 lr 9.866357858642213e-05 acc 96.88% eta 0:00:56
2023-04-03 18:30:02,993 - __main__ - INFO - [INFO] 2023-04-03 18:30:02.993508 Epoch [99/100] batch [257/391] loss 0.2010 lr 9.866357858642213e-05 acc 92.97% eta 0:00:45
2023-04-03 18:30:14,860 - __main__ - INFO - [INFO] 2023-04-03 18:30:14.860439 Epoch [99/100] batch [385/391] loss 0.1372 lr 9.866357858642213e-05 acc 92.97% eta 0:00:34
2023-04-03 18:30:15,405 - __main__ - INFO - Computing epoch 99 validation accuracy...
2023-04-03 18:30:18,572 - __main__ - INFO - Computing epoch 99 validation loss...
2023-04-03 18:30:22,230 - __main__ - INFO - [INFO] 2023-04-03 18:30:22.229934 Epoch [100/100] batch [1/391] loss 0.1323 lr 2.4671981713420017e-05 acc 96.09% eta 0:00:51
2023-04-03 18:30:34,668 - __main__ - INFO - [INFO] 2023-04-03 18:30:34.668296 Epoch [100/100] batch [129/391] loss 0.1035 lr 2.4671981713420017e-05 acc 97.66% eta 0:00:23
2023-04-03 18:30:47,320 - __main__ - INFO - [INFO] 2023-04-03 18:30:47.320304 Epoch [100/100] batch [257/391] loss 0.2043 lr 2.4671981713420017e-05 acc 94.53% eta 0:00:12
2023-04-03 18:30:58,963 - __main__ - INFO - [INFO] 2023-04-03 18:30:58.963382 Epoch [100/100] batch [385/391] loss 0.0800 lr 2.4671981713420017e-05 acc 97.66% eta 0:00:00
2023-04-03 18:30:59,524 - __main__ - INFO - Computing epoch 100 validation accuracy...
2023-04-03 18:31:02,768 - __main__ - INFO - Computing epoch 100 validation loss...
2023-04-03 18:31:06,045 - __main__ - INFO - Reading testing data set cifar10
2023-04-03 18:31:06,802 - __main__ - INFO - Loading trained model...
2023-04-03 18:31:10,113 - __main__ - INFO - Testing acc : 91.93%.
2023-04-03 18:36:37,021 - __main__ - INFO - 

2023-04-03 18:36:37,021 - __main__ - INFO - ***************
2023-04-03 18:36:37,022 - __main__ - INFO - ** Arguments **
2023-04-03 18:36:37,022 - __main__ - INFO - ***************
2023-04-03 18:36:37,022 - __main__ - INFO - backbone: resnet20
2023-04-03 18:36:37,022 - __main__ - INFO - dataname: cifar10
2023-04-03 18:36:37,022 - __main__ - INFO - drop_method: no
2023-04-03 18:36:37,022 - __main__ - INFO - drop_rate: 0.0
2023-04-03 18:36:37,022 - __main__ - INFO - eval_only: 1
2023-04-03 18:36:37,022 - __main__ - INFO - output_path: checkpoints/cifar10/resnet20/drop_no/rate_0./seed3
2023-04-03 18:36:37,022 - __main__ - INFO - part_rate: 0.1
2023-04-03 18:36:37,022 - __main__ - INFO - seed: 3
2023-04-03 18:36:37,022 - __main__ - INFO - weight_decay: 0.0005
2023-04-03 18:36:37,022 - __main__ - INFO - ************
2023-04-03 18:36:37,022 - __main__ - INFO - ** Config **
2023-04-03 18:36:37,022 - __main__ - INFO - ************
2023-04-03 18:36:37,022 - __main__ - INFO - {'DATALOADER': {'PATH': './data', 'DATANAME': 'cifar10', 'BATCH_SIZE': 128, 'NUM_CLASSES': 10}, 'INPUT': {'SIZE': [32, 32], 'PIXEL_MEAN': [0.4914, 0.4822, 0.4465], 'PIXEL_STD': [0.2023, 0.1994, 0.201]}, 'OUTPUT': {'DIR': 'checkpoints/cifar10/resnet20/drop_no/rate_0./seed3'}, 'SEED': 3, 'OPTIM': {'LR': 0.1, 'MAX_EPOCH': 100, 'LR_SCHEDULER': 'step', 'LR_MILESTONES': [20, 40, 80, 120, 140], 'LR_DECAY': 0.2, 'PART_RATE': 0.1, 'WEIGHT_DECAY': 0.0005, 'DROP_RATE': 0.0, 'DROP_METHOD': 'no', 'BLOCK_SIZE': 7}, 'MODEL': {'BACKBONE': 'resnet20'}}
2023-04-03 18:36:37,041 - __main__ - INFO - Reading testing data set cifar10
2023-04-03 18:36:37,807 - __main__ - INFO - Loading trained model...
2023-04-03 18:36:47,223 - __main__ - INFO - Testing acc : 91.93%.
