2023-04-13 13:33:32,504 - __main__ - INFO - 

2023-04-13 13:33:32,504 - __main__ - INFO - ***************
2023-04-13 13:33:32,504 - __main__ - INFO - ** Arguments **
2023-04-13 13:33:32,504 - __main__ - INFO - ***************
2023-04-13 13:33:32,504 - __main__ - INFO - backbone: resnet20
2023-04-13 13:33:32,504 - __main__ - INFO - dataname: cifar100
2023-04-13 13:33:32,505 - __main__ - INFO - drop_method: fd
2023-04-13 13:33:32,505 - __main__ - INFO - drop_rate: 0.0
2023-04-13 13:33:32,505 - __main__ - INFO - eval_only: 0
2023-04-13 13:33:32,505 - __main__ - INFO - output_path: checkpoints/cifar100/resnet20/drop_fd/rate_0./seed2
2023-04-13 13:33:32,505 - __main__ - INFO - part_rate: 0.1
2023-04-13 13:33:32,505 - __main__ - INFO - seed: 2
2023-04-13 13:33:32,505 - __main__ - INFO - weight_decay: 0.0005
2023-04-13 13:33:32,505 - __main__ - INFO - ************
2023-04-13 13:33:32,505 - __main__ - INFO - ** Config **
2023-04-13 13:33:32,505 - __main__ - INFO - ************
2023-04-13 13:33:32,505 - __main__ - INFO - {'DATALOADER': {'PATH': './data', 'DATANAME': 'cifar100', 'BATCH_SIZE': 128, 'NUM_CLASSES': 100}, 'INPUT': {'SIZE': [32, 32], 'PIXEL_MEAN': [0.4914, 0.4822, 0.4465], 'PIXEL_STD': [0.2023, 0.1994, 0.201]}, 'OUTPUT': {'DIR': 'checkpoints/cifar100/resnet20/drop_fd/rate_0./seed2'}, 'SEED': 2, 'OPTIM': {'LR': 0.1, 'MAX_EPOCH': 100, 'LR_SCHEDULER': 'step', 'LR_MILESTONES': [20, 40, 80, 120, 140], 'LR_DECAY': 0.2, 'PART_RATE': 0.1, 'WEIGHT_DECAY': 0.0005, 'DROP_RATE': 0.0, 'DROP_METHOD': 'fd', 'BLOCK_SIZE': 7}, 'MODEL': {'BACKBONE': 'resnet20'}}
2023-04-13 13:33:32,516 - __main__ - INFO - Reading training data set cifar100
2023-04-13 13:33:34,500 - __main__ - INFO - Loading raw model
2023-04-13 13:33:37,751 - __main__ - INFO - 
Saving everything to checkpoints/cifar100/resnet20/drop_fd/rate_0./seed2
2023-04-13 13:33:37,752 - __main__ - INFO - Start training...
2023-04-13 13:33:43,161 - __main__ - INFO - [INFO] 2023-04-13 13:33:43.161292 Epoch [1/100] batch [1/391] loss 4.6367 lr 0.1 acc 2.34% eta 2 days, 10:39:34
2023-04-13 13:33:54,860 - __main__ - INFO - [INFO] 2023-04-13 13:33:54.860290 Epoch [1/100] batch [129/391] loss 4.0625 lr 0.1 acc 8.59% eta 1:21:12
2023-04-13 13:34:06,640 - __main__ - INFO - [INFO] 2023-04-13 13:34:06.640765 Epoch [1/100] batch [257/391] loss 3.8906 lr 0.1 acc 3.91% eta 1:07:49
2023-04-13 13:34:18,623 - __main__ - INFO - [INFO] 2023-04-13 13:34:18.623545 Epoch [1/100] batch [385/391] loss 3.7988 lr 0.1 acc 7.81% eta 1:03:30
2023-04-13 13:34:19,175 - __main__ - INFO - Computing epoch 1 validation accuracy...
2023-04-13 13:34:22,398 - __main__ - INFO - Computing epoch 1 validation loss...
2023-04-13 13:34:25,814 - __main__ - INFO - [INFO] 2023-04-13 13:34:25.814690 Epoch [2/100] batch [1/391] loss 4.2031 lr 0.09997532801828658 acc 15.62% eta 1:05:56
2023-04-13 13:34:37,647 - __main__ - INFO - [INFO] 2023-04-13 13:34:37.647380 Epoch [2/100] batch [129/391] loss 3.5137 lr 0.09997532801828658 acc 14.84% eta 0:54:33
2023-04-13 13:34:49,335 - __main__ - INFO - [INFO] 2023-04-13 13:34:49.335103 Epoch [2/100] batch [257/391] loss 3.5430 lr 0.09997532801828658 acc 15.62% eta 0:54:02
2023-04-13 13:35:01,000 - __main__ - INFO - [INFO] 2023-04-13 13:35:01.000787 Epoch [2/100] batch [385/391] loss 3.3301 lr 0.09997532801828658 acc 20.31% eta 0:53:40
2023-04-13 13:35:01,543 - __main__ - INFO - Computing epoch 2 validation accuracy...
2023-04-13 13:35:04,747 - __main__ - INFO - Computing epoch 2 validation loss...
2023-04-13 13:35:08,227 - __main__ - INFO - [INFO] 2023-04-13 13:35:08.226589 Epoch [3/100] batch [1/391] loss 4.0625 lr 0.09990133642141358 acc 10.16% eta 1:44:05
2023-04-13 13:35:20,630 - __main__ - INFO - [INFO] 2023-04-13 13:35:20.630413 Epoch [3/100] batch [129/391] loss 3.0879 lr 0.09990133642141358 acc 18.75% eta 0:57:04
2023-04-13 13:35:32,984 - __main__ - INFO - [INFO] 2023-04-13 13:35:32.983662 Epoch [3/100] batch [257/391] loss 3.2559 lr 0.09990133642141358 acc 18.75% eta 0:56:32
2023-04-13 13:35:44,742 - __main__ - INFO - [INFO] 2023-04-13 13:35:44.742404 Epoch [3/100] batch [385/391] loss 3.1055 lr 0.09990133642141358 acc 22.66% eta 0:55:18
2023-04-13 13:35:45,260 - __main__ - INFO - Computing epoch 3 validation accuracy...
2023-04-13 13:35:48,437 - __main__ - INFO - Computing epoch 3 validation loss...
2023-04-13 13:35:51,628 - __main__ - INFO - [INFO] 2023-04-13 13:35:51.628477 Epoch [4/100] batch [1/391] loss 3.8848 lr 0.099778098230154 acc 20.31% eta 0:57:44
2023-04-13 13:36:03,508 - __main__ - INFO - [INFO] 2023-04-13 13:36:03.508110 Epoch [4/100] batch [129/391] loss 3.0547 lr 0.099778098230154 acc 25.00% eta 0:53:41
2023-04-13 13:36:15,252 - __main__ - INFO - [INFO] 2023-04-13 13:36:15.252766 Epoch [4/100] batch [257/391] loss 2.6387 lr 0.099778098230154 acc 29.69% eta 0:53:08
2023-04-13 13:36:27,075 - __main__ - INFO - [INFO] 2023-04-13 13:36:27.075304 Epoch [4/100] batch [385/391] loss 2.7559 lr 0.099778098230154 acc 28.91% eta 0:52:59
2023-04-13 13:36:27,607 - __main__ - INFO - Computing epoch 4 validation accuracy...
2023-04-13 13:36:30,890 - __main__ - INFO - Computing epoch 4 validation loss...
2023-04-13 13:36:34,214 - __main__ - INFO - [INFO] 2023-04-13 13:36:34.214210 Epoch [5/100] batch [1/391] loss 3.8711 lr 0.0996057350657239 acc 22.66% eta 1:01:27
2023-04-13 13:36:46,063 - __main__ - INFO - [INFO] 2023-04-13 13:36:46.062823 Epoch [5/100] batch [129/391] loss 2.9160 lr 0.0996057350657239 acc 16.41% eta 0:52:56
2023-04-13 13:36:58,038 - __main__ - INFO - [INFO] 2023-04-13 13:36:58.038352 Epoch [5/100] batch [257/391] loss 2.6621 lr 0.0996057350657239 acc 21.88% eta 0:53:02
2023-04-13 13:37:09,747 - __main__ - INFO - [INFO] 2023-04-13 13:37:09.747633 Epoch [5/100] batch [385/391] loss 2.7188 lr 0.0996057350657239 acc 29.69% eta 0:52:30
2023-04-13 13:37:10,279 - __main__ - INFO - Computing epoch 5 validation accuracy...
2023-04-13 13:37:13,495 - __main__ - INFO - Computing epoch 5 validation loss...
2023-04-13 13:37:16,831 - __main__ - INFO - [INFO] 2023-04-13 13:37:16.830961 Epoch [6/100] batch [1/391] loss 2.7734 lr 0.09938441702975688 acc 31.25% eta 0:56:00
2023-04-13 13:37:28,932 - __main__ - INFO - [INFO] 2023-04-13 13:37:28.932706 Epoch [6/100] batch [129/391] loss 2.3809 lr 0.09938441702975688 acc 36.72% eta 0:53:36
2023-04-13 13:37:40,842 - __main__ - INFO - [INFO] 2023-04-13 13:37:40.842745 Epoch [6/100] batch [257/391] loss 2.5156 lr 0.09938441702975688 acc 35.16% eta 0:52:56
2023-04-13 13:37:53,150 - __main__ - INFO - [INFO] 2023-04-13 13:37:53.150428 Epoch [6/100] batch [385/391] loss 2.3730 lr 0.09938441702975688 acc 39.84% eta 0:53:12
2023-04-13 13:37:53,732 - __main__ - INFO - Computing epoch 6 validation accuracy...
2023-04-13 13:37:56,977 - __main__ - INFO - Computing epoch 6 validation loss...
2023-04-13 13:38:00,505 - __main__ - INFO - [INFO] 2023-04-13 13:38:00.505380 Epoch [7/100] batch [1/391] loss 2.5625 lr 0.09911436253643444 acc 30.47% eta 1:00:45
2023-04-13 13:38:12,287 - __main__ - INFO - [INFO] 2023-04-13 13:38:12.287748 Epoch [7/100] batch [129/391] loss 2.7148 lr 0.09911436253643444 acc 30.47% eta 0:51:28
2023-04-13 13:38:24,073 - __main__ - INFO - [INFO] 2023-04-13 13:38:24.073323 Epoch [7/100] batch [257/391] loss 2.2930 lr 0.09911436253643444 acc 36.72% eta 0:51:19
2023-04-13 13:38:36,165 - __main__ - INFO - [INFO] 2023-04-13 13:38:36.164892 Epoch [7/100] batch [385/391] loss 2.5605 lr 0.09911436253643444 acc 31.25% eta 0:51:34
2023-04-13 13:38:36,704 - __main__ - INFO - Computing epoch 7 validation accuracy...
2023-04-13 13:38:40,023 - __main__ - INFO - Computing epoch 7 validation loss...
2023-04-13 13:38:43,365 - __main__ - INFO - [INFO] 2023-04-13 13:38:43.364895 Epoch [8/100] batch [1/391] loss 2.4219 lr 0.09879583809693737 acc 32.81% eta 0:56:09
2023-04-13 13:38:55,309 - __main__ - INFO - [INFO] 2023-04-13 13:38:55.309234 Epoch [8/100] batch [129/391] loss 2.2324 lr 0.09879583809693737 acc 41.41% eta 0:51:40
2023-04-13 13:39:07,239 - __main__ - INFO - [INFO] 2023-04-13 13:39:07.238782 Epoch [8/100] batch [257/391] loss 2.3340 lr 0.09879583809693737 acc 39.06% eta 0:51:25
2023-04-13 13:39:19,165 - __main__ - INFO - [INFO] 2023-04-13 13:39:19.164942 Epoch [8/100] batch [385/391] loss 2.3594 lr 0.09879583809693737 acc 26.56% eta 0:51:11
2023-04-13 13:39:19,698 - __main__ - INFO - Computing epoch 8 validation accuracy...
2023-04-13 13:39:22,924 - __main__ - INFO - Computing epoch 8 validation loss...
2023-04-13 13:39:26,222 - __main__ - INFO - [INFO] 2023-04-13 13:39:26.222723 Epoch [9/100] batch [1/391] loss 1.8047 lr 0.09842915805643156 acc 44.53% eta 0:53:37
2023-04-13 13:39:38,219 - __main__ - INFO - [INFO] 2023-04-13 13:39:38.219389 Epoch [9/100] batch [129/391] loss 2.4180 lr 0.09842915805643156 acc 37.50% eta 0:51:25
2023-04-13 13:39:50,001 - __main__ - INFO - [INFO] 2023-04-13 13:39:50.001416 Epoch [9/100] batch [257/391] loss 2.1445 lr 0.09842915805643156 acc 35.16% eta 0:50:41
2023-04-13 13:40:02,211 - __main__ - INFO - [INFO] 2023-04-13 13:40:02.211347 Epoch [9/100] batch [385/391] loss 2.1875 lr 0.09842915805643156 acc 40.62% eta 0:51:00
2023-04-13 13:40:02,766 - __main__ - INFO - Computing epoch 9 validation accuracy...
2023-04-13 13:40:05,998 - __main__ - INFO - Computing epoch 9 validation loss...
2023-04-13 13:40:09,290 - __main__ - INFO - [INFO] 2023-04-13 13:40:09.290041 Epoch [10/100] batch [1/391] loss 3.3945 lr 0.09801468428384716 acc 41.41% eta 0:54:24
2023-04-13 13:40:21,280 - __main__ - INFO - [INFO] 2023-04-13 13:40:21.279821 Epoch [10/100] batch [129/391] loss 2.3184 lr 0.09801468428384716 acc 29.69% eta 0:50:50
2023-04-13 13:40:33,306 - __main__ - INFO - [INFO] 2023-04-13 13:40:33.306466 Epoch [10/100] batch [257/391] loss 2.3477 lr 0.09801468428384716 acc 17.19% eta 0:50:39
2023-04-13 13:40:45,214 - __main__ - INFO - [INFO] 2023-04-13 13:40:45.214126 Epoch [10/100] batch [385/391] loss 2.2207 lr 0.09801468428384716 acc 40.62% eta 0:50:17
2023-04-13 13:40:45,806 - __main__ - INFO - Computing epoch 10 validation accuracy...
2023-04-13 13:40:49,174 - __main__ - INFO - Computing epoch 10 validation loss...
2023-04-13 13:40:52,640 - __main__ - INFO - [INFO] 2023-04-13 13:40:52.640571 Epoch [11/100] batch [1/391] loss 3.4395 lr 0.09755282581475769 acc 35.16% eta 1:00:47
2023-04-13 13:41:04,812 - __main__ - INFO - [INFO] 2023-04-13 13:41:04.812398 Epoch [11/100] batch [129/391] loss 2.1191 lr 0.09755282581475769 acc 32.03% eta 0:51:12
2023-04-13 13:41:16,859 - __main__ - INFO - [INFO] 2023-04-13 13:41:16.859136 Epoch [11/100] batch [257/391] loss 2.1543 lr 0.09755282581475769 acc 42.97% eta 0:50:41
2023-04-13 13:41:29,112 - __main__ - INFO - [INFO] 2023-04-13 13:41:29.111938 Epoch [11/100] batch [385/391] loss 1.8516 lr 0.09755282581475769 acc 39.84% eta 0:50:38
2023-04-13 13:41:29,671 - __main__ - INFO - Computing epoch 11 validation accuracy...
2023-04-13 13:41:32,992 - __main__ - INFO - Computing epoch 11 validation loss...
2023-04-13 13:41:36,324 - __main__ - INFO - [INFO] 2023-04-13 13:41:36.324551 Epoch [12/100] batch [1/391] loss 3.3848 lr 0.09704403844771128 acc 35.94% eta 0:55:57
2023-04-13 13:41:48,271 - __main__ - INFO - [INFO] 2023-04-13 13:41:48.271789 Epoch [12/100] batch [129/391] loss 2.2832 lr 0.09704403844771128 acc 38.28% eta 0:49:27
2023-04-13 13:42:00,275 - __main__ - INFO - [INFO] 2023-04-13 13:42:00.274891 Epoch [12/100] batch [257/391] loss 1.9375 lr 0.09704403844771128 acc 46.88% eta 0:49:19
2023-04-13 13:42:12,192 - __main__ - INFO - [INFO] 2023-04-13 13:42:12.192197 Epoch [12/100] batch [385/391] loss 2.2637 lr 0.09704403844771128 acc 26.56% eta 0:49:06
2023-04-13 13:42:12,723 - __main__ - INFO - Computing epoch 12 validation accuracy...
2023-04-13 13:42:15,899 - __main__ - INFO - Computing epoch 12 validation loss...
2023-04-13 13:42:19,409 - __main__ - INFO - [INFO] 2023-04-13 13:42:19.409079 Epoch [13/100] batch [1/391] loss 3.4512 lr 0.09648882429441258 acc 35.94% eta 1:09:10
2023-04-13 13:42:31,725 - __main__ - INFO - [INFO] 2023-04-13 13:42:31.725035 Epoch [13/100] batch [129/391] loss 1.8838 lr 0.09648882429441258 acc 38.28% eta 0:50:34
2023-04-13 13:42:43,579 - __main__ - INFO - [INFO] 2023-04-13 13:42:43.579363 Epoch [13/100] batch [257/391] loss 1.9336 lr 0.09648882429441258 acc 42.97% eta 0:49:18
2023-04-13 13:42:55,650 - __main__ - INFO - [INFO] 2023-04-13 13:42:55.650275 Epoch [13/100] batch [385/391] loss 2.2891 lr 0.09648882429441258 acc 37.50% eta 0:49:07
2023-04-13 13:42:56,189 - __main__ - INFO - Computing epoch 13 validation accuracy...
2023-04-13 13:42:59,480 - __main__ - INFO - Computing epoch 13 validation loss...
2023-04-13 13:43:02,977 - __main__ - INFO - [INFO] 2023-04-13 13:43:02.977139 Epoch [14/100] batch [1/391] loss 3.2969 lr 0.09588773128419906 acc 39.06% eta 0:57:33
2023-04-13 13:43:15,147 - __main__ - INFO - [INFO] 2023-04-13 13:43:15.147278 Epoch [14/100] batch [129/391] loss 2.2480 lr 0.09588773128419906 acc 42.19% eta 0:49:17
2023-04-13 13:43:27,308 - __main__ - INFO - [INFO] 2023-04-13 13:43:27.308345 Epoch [14/100] batch [257/391] loss 1.7471 lr 0.09588773128419906 acc 50.78% eta 0:49:06
2023-04-13 13:43:39,225 - __main__ - INFO - [INFO] 2023-04-13 13:43:39.225284 Epoch [14/100] batch [385/391] loss 1.9473 lr 0.09588773128419906 acc 41.41% eta 0:48:33
2023-04-13 13:43:39,761 - __main__ - INFO - Computing epoch 14 validation accuracy...
2023-04-13 13:43:43,000 - __main__ - INFO - Computing epoch 14 validation loss...
2023-04-13 13:43:46,374 - __main__ - INFO - [INFO] 2023-04-13 13:43:46.374793 Epoch [15/100] batch [1/391] loss 3.4238 lr 0.09524135262330098 acc 34.38% eta 0:52:43
2023-04-13 13:43:58,439 - __main__ - INFO - [INFO] 2023-04-13 13:43:58.439413 Epoch [15/100] batch [129/391] loss 1.9668 lr 0.09524135262330098 acc 41.41% eta 0:48:12
2023-04-13 13:44:10,440 - __main__ - INFO - [INFO] 2023-04-13 13:44:10.440146 Epoch [15/100] batch [257/391] loss 2.0547 lr 0.09524135262330098 acc 44.53% eta 0:47:56
2023-04-13 13:44:22,494 - __main__ - INFO - [INFO] 2023-04-13 13:44:22.494422 Epoch [15/100] batch [385/391] loss 1.9004 lr 0.09524135262330098 acc 52.34% eta 0:47:46
2023-04-13 13:44:23,056 - __main__ - INFO - Computing epoch 15 validation accuracy...
2023-04-13 13:44:26,267 - __main__ - INFO - Computing epoch 15 validation loss...
2023-04-13 13:44:29,549 - __main__ - INFO - [INFO] 2023-04-13 13:44:29.549721 Epoch [16/100] batch [1/391] loss 2.0293 lr 0.0945503262094184 acc 43.75% eta 0:48:48
2023-04-13 13:44:41,537 - __main__ - INFO - [INFO] 2023-04-13 13:44:41.537524 Epoch [16/100] batch [129/391] loss 2.0996 lr 0.0945503262094184 acc 37.50% eta 0:47:20
2023-04-13 13:44:53,295 - __main__ - INFO - [INFO] 2023-04-13 13:44:53.295193 Epoch [16/100] batch [257/391] loss 1.9248 lr 0.0945503262094184 acc 46.09% eta 0:46:40
2023-04-13 13:45:05,037 - __main__ - INFO - [INFO] 2023-04-13 13:45:05.037164 Epoch [16/100] batch [385/391] loss 1.7910 lr 0.0945503262094184 acc 47.66% eta 0:46:20
2023-04-13 13:45:05,586 - __main__ - INFO - Computing epoch 16 validation accuracy...
2023-04-13 13:45:08,716 - __main__ - INFO - Computing epoch 16 validation loss...
2023-04-13 13:45:12,410 - __main__ - INFO - [INFO] 2023-04-13 13:45:12.409912 Epoch [17/100] batch [1/391] loss 1.9521 lr 0.09381533400219319 acc 39.84% eta 0:49:58
2023-04-13 13:45:24,257 - __main__ - INFO - [INFO] 2023-04-13 13:45:24.256908 Epoch [17/100] batch [129/391] loss 2.1328 lr 0.09381533400219319 acc 42.19% eta 0:46:21
2023-04-13 13:45:36,059 - __main__ - INFO - [INFO] 2023-04-13 13:45:36.059707 Epoch [17/100] batch [257/391] loss 1.9561 lr 0.09381533400219319 acc 46.88% eta 0:45:59
2023-04-13 13:45:47,747 - __main__ - INFO - [INFO] 2023-04-13 13:45:47.747647 Epoch [17/100] batch [385/391] loss 1.9717 lr 0.09381533400219319 acc 36.72% eta 0:45:37
2023-04-13 13:45:48,287 - __main__ - INFO - Computing epoch 17 validation accuracy...
2023-04-13 13:45:51,545 - __main__ - INFO - Computing epoch 17 validation loss...
2023-04-13 13:45:54,783 - __main__ - INFO - [INFO] 2023-04-13 13:45:54.783167 Epoch [18/100] batch [1/391] loss 3.2832 lr 0.0930371013501972 acc 38.28% eta 0:49:58
2023-04-13 13:46:06,783 - __main__ - INFO - [INFO] 2023-04-13 13:46:06.782817 Epoch [18/100] batch [129/391] loss 2.2031 lr 0.0930371013501972 acc 39.06% eta 0:46:21
2023-04-13 13:46:18,727 - __main__ - INFO - [INFO] 2023-04-13 13:46:18.727148 Epoch [18/100] batch [257/391] loss 1.7695 lr 0.0930371013501972 acc 50.78% eta 0:45:58
2023-04-13 13:46:30,705 - __main__ - INFO - [INFO] 2023-04-13 13:46:30.705060 Epoch [18/100] batch [385/391] loss 1.9580 lr 0.0930371013501972 acc 42.97% eta 0:45:49
2023-04-13 13:46:31,245 - __main__ - INFO - Computing epoch 18 validation accuracy...
2023-04-13 13:46:34,451 - __main__ - INFO - Computing epoch 18 validation loss...
2023-04-13 13:46:37,718 - __main__ - INFO - [INFO] 2023-04-13 13:46:37.717986 Epoch [19/100] batch [1/391] loss 3.2520 lr 0.09221639627510078 acc 50.00% eta 0:48:52
2023-04-13 13:46:49,694 - __main__ - INFO - [INFO] 2023-04-13 13:46:49.694415 Epoch [19/100] batch [129/391] loss 1.9346 lr 0.09221639627510078 acc 39.06% eta 0:45:48
2023-04-13 13:47:02,098 - __main__ - INFO - [INFO] 2023-04-13 13:47:02.097849 Epoch [19/100] batch [257/391] loss 1.9033 lr 0.09221639627510078 acc 45.31% eta 0:46:23
2023-04-13 13:47:14,277 - __main__ - INFO - [INFO] 2023-04-13 13:47:14.276882 Epoch [19/100] batch [385/391] loss 2.0312 lr 0.09221639627510078 acc 36.72% eta 0:46:10
2023-04-13 13:47:14,817 - __main__ - INFO - Computing epoch 19 validation accuracy...
2023-04-13 13:47:18,042 - __main__ - INFO - Computing epoch 19 validation loss...
2023-04-13 13:47:21,331 - __main__ - INFO - [INFO] 2023-04-13 13:47:21.331310 Epoch [20/100] batch [1/391] loss 3.3301 lr 0.09135402871372812 acc 40.62% eta 0:48:31
2023-04-13 13:47:33,402 - __main__ - INFO - [INFO] 2023-04-13 13:47:33.402116 Epoch [20/100] batch [129/391] loss 2.1133 lr 0.09135402871372812 acc 35.16% eta 0:45:30
2023-04-13 13:47:45,376 - __main__ - INFO - [INFO] 2023-04-13 13:47:45.376652 Epoch [20/100] batch [257/391] loss 1.8105 lr 0.09135402871372812 acc 42.97% eta 0:45:06
2023-04-13 13:47:57,481 - __main__ - INFO - [INFO] 2023-04-13 13:47:57.481762 Epoch [20/100] batch [385/391] loss 1.8965 lr 0.09135402871372812 acc 39.84% eta 0:45:01
2023-04-13 13:47:58,018 - __main__ - INFO - Computing epoch 20 validation accuracy...
2023-04-13 13:48:01,264 - __main__ - INFO - Computing epoch 20 validation loss...
2023-04-13 13:48:04,747 - __main__ - INFO - [INFO] 2023-04-13 13:48:04.747759 Epoch [21/100] batch [1/391] loss 3.1855 lr 0.09045084971874741 acc 42.19% eta 0:49:54
2023-04-13 13:48:16,724 - __main__ - INFO - [INFO] 2023-04-13 13:48:16.724001 Epoch [21/100] batch [129/391] loss 2.0449 lr 0.09045084971874741 acc 43.75% eta 0:44:38
2023-04-13 13:48:28,480 - __main__ - INFO - [INFO] 2023-04-13 13:48:28.480311 Epoch [21/100] batch [257/391] loss 1.8379 lr 0.09045084971874741 acc 50.00% eta 0:43:58
2023-04-13 13:48:40,544 - __main__ - INFO - [INFO] 2023-04-13 13:48:40.544493 Epoch [21/100] batch [385/391] loss 2.0488 lr 0.09045084971874741 acc 46.09% eta 0:44:01
2023-04-13 13:48:41,076 - __main__ - INFO - Computing epoch 21 validation accuracy...
2023-04-13 13:48:44,260 - __main__ - INFO - Computing epoch 21 validation loss...
2023-04-13 13:48:47,645 - __main__ - INFO - [INFO] 2023-04-13 13:48:47.644996 Epoch [22/100] batch [1/391] loss 1.9453 lr 0.08950775061878455 acc 40.62% eta 0:46:07
2023-04-13 13:48:59,536 - __main__ - INFO - [INFO] 2023-04-13 13:48:59.536601 Epoch [22/100] batch [129/391] loss 1.9912 lr 0.08950775061878455 acc 50.00% eta 0:43:38
2023-04-13 13:49:11,611 - __main__ - INFO - [INFO] 2023-04-13 13:49:11.611127 Epoch [22/100] batch [257/391] loss 1.8975 lr 0.08950775061878455 acc 48.44% eta 0:43:47
2023-04-13 13:49:23,995 - __main__ - INFO - [INFO] 2023-04-13 13:49:23.994810 Epoch [22/100] batch [385/391] loss 1.6377 lr 0.08950775061878455 acc 51.56% eta 0:44:06
2023-04-13 13:49:24,534 - __main__ - INFO - Computing epoch 22 validation accuracy...
2023-04-13 13:49:27,851 - __main__ - INFO - Computing epoch 22 validation loss...
2023-04-13 13:49:31,229 - __main__ - INFO - [INFO] 2023-04-13 13:49:31.229021 Epoch [23/100] batch [1/391] loss 3.1211 lr 0.0885256621387895 acc 49.22% eta 0:49:56
2023-04-13 13:49:43,516 - __main__ - INFO - [INFO] 2023-04-13 13:49:43.516264 Epoch [23/100] batch [129/391] loss 2.0645 lr 0.0885256621387895 acc 34.38% eta 0:44:36
2023-04-13 13:49:55,807 - __main__ - INFO - [INFO] 2023-04-13 13:49:55.807493 Epoch [23/100] batch [257/391] loss 1.7061 lr 0.0885256621387895 acc 39.84% eta 0:44:25
2023-04-13 13:50:08,329 - __main__ - INFO - [INFO] 2023-04-13 13:50:08.329701 Epoch [23/100] batch [385/391] loss 1.8066 lr 0.0885256621387895 acc 48.44% eta 0:44:33
2023-04-13 13:50:08,900 - __main__ - INFO - Computing epoch 23 validation accuracy...
2023-04-13 13:50:12,218 - __main__ - INFO - Computing epoch 23 validation loss...
2023-04-13 13:50:15,682 - __main__ - INFO - [INFO] 2023-04-13 13:50:15.681861 Epoch [24/100] batch [1/391] loss 1.7676 lr 0.08750555348152302 acc 49.22% eta 0:51:18
2023-04-13 13:50:27,934 - __main__ - INFO - [INFO] 2023-04-13 13:50:27.934672 Epoch [24/100] batch [129/391] loss 2.0508 lr 0.08750555348152302 acc 45.31% eta 0:43:54
2023-04-13 13:50:39,961 - __main__ - INFO - [INFO] 2023-04-13 13:50:39.961242 Epoch [24/100] batch [257/391] loss 1.9434 lr 0.08750555348152302 acc 39.84% eta 0:43:17
2023-04-13 13:50:52,031 - __main__ - INFO - [INFO] 2023-04-13 13:50:52.031706 Epoch [24/100] batch [385/391] loss 2.1016 lr 0.08750555348152302 acc 43.75% eta 0:43:01
2023-04-13 13:50:52,596 - __main__ - INFO - Computing epoch 24 validation accuracy...
2023-04-13 13:50:55,875 - __main__ - INFO - Computing epoch 24 validation loss...
2023-04-13 13:50:59,239 - __main__ - INFO - [INFO] 2023-04-13 13:50:59.238944 Epoch [25/100] batch [1/391] loss 3.3281 lr 0.08644843137107061 acc 35.16% eta 0:45:09
2023-04-13 13:51:11,253 - __main__ - INFO - [INFO] 2023-04-13 13:51:11.253293 Epoch [25/100] batch [129/391] loss 1.7852 lr 0.08644843137107061 acc 50.00% eta 0:42:25
2023-04-13 13:51:23,496 - __main__ - INFO - [INFO] 2023-04-13 13:51:23.496065 Epoch [25/100] batch [257/391] loss 1.8564 lr 0.08644843137107061 acc 41.41% eta 0:42:42
2023-04-13 13:51:35,780 - __main__ - INFO - [INFO] 2023-04-13 13:51:35.780412 Epoch [25/100] batch [385/391] loss 1.8457 lr 0.08644843137107061 acc 45.31% eta 0:42:42
2023-04-13 13:51:36,324 - __main__ - INFO - Computing epoch 25 validation accuracy...
2023-04-13 13:51:39,658 - __main__ - INFO - Computing epoch 25 validation loss...
2023-04-13 13:51:43,088 - __main__ - INFO - [INFO] 2023-04-13 13:51:43.088254 Epoch [26/100] batch [1/391] loss 1.7002 lr 0.0853553390593274 acc 41.41% eta 0:45:56
2023-04-13 13:51:55,287 - __main__ - INFO - [INFO] 2023-04-13 13:51:55.286975 Epoch [26/100] batch [129/391] loss 2.0449 lr 0.0853553390593274 acc 42.97% eta 0:42:37
2023-04-13 13:52:07,327 - __main__ - INFO - [INFO] 2023-04-13 13:52:07.327640 Epoch [26/100] batch [257/391] loss 1.9258 lr 0.0853553390593274 acc 42.19% eta 0:42:04
2023-04-13 13:52:19,347 - __main__ - INFO - [INFO] 2023-04-13 13:52:19.347276 Epoch [26/100] batch [385/391] loss 1.9590 lr 0.0853553390593274 acc 39.84% eta 0:41:46
2023-04-13 13:52:19,887 - __main__ - INFO - Computing epoch 26 validation accuracy...
2023-04-13 13:52:23,155 - __main__ - INFO - Computing epoch 26 validation loss...
2023-04-13 13:52:26,625 - __main__ - INFO - [INFO] 2023-04-13 13:52:26.625077 Epoch [27/100] batch [1/391] loss 1.8398 lr 0.08422735529643446 acc 40.62% eta 0:56:40
2023-04-13 13:52:38,793 - __main__ - INFO - [INFO] 2023-04-13 13:52:38.793765 Epoch [27/100] batch [129/391] loss 1.7627 lr 0.08422735529643446 acc 50.00% eta 0:42:01
2023-04-13 13:52:50,844 - __main__ - INFO - [INFO] 2023-04-13 13:52:50.844240 Epoch [27/100] batch [257/391] loss 1.7363 lr 0.08422735529643446 acc 60.16% eta 0:41:33
2023-04-13 13:53:02,816 - __main__ - INFO - [INFO] 2023-04-13 13:53:02.816751 Epoch [27/100] batch [385/391] loss 1.6494 lr 0.08422735529643446 acc 40.62% eta 0:41:09
2023-04-13 13:53:03,370 - __main__ - INFO - Computing epoch 27 validation accuracy...
2023-04-13 13:53:06,619 - __main__ - INFO - Computing epoch 27 validation loss...
2023-04-13 13:53:09,930 - __main__ - INFO - [INFO] 2023-04-13 13:53:09.930633 Epoch [28/100] batch [1/391] loss 2.0488 lr 0.08306559326618262 acc 41.41% eta 0:45:51
2023-04-13 13:53:22,059 - __main__ - INFO - [INFO] 2023-04-13 13:53:22.059696 Epoch [28/100] batch [129/391] loss 1.5996 lr 0.08306559326618262 acc 50.00% eta 0:41:11
2023-04-13 13:53:34,024 - __main__ - INFO - [INFO] 2023-04-13 13:53:34.023961 Epoch [28/100] batch [257/391] loss 2.0371 lr 0.08306559326618262 acc 36.72% eta 0:40:40
2023-04-13 13:53:45,966 - __main__ - INFO - [INFO] 2023-04-13 13:53:45.966471 Epoch [28/100] batch [385/391] loss 1.6123 lr 0.08306559326618262 acc 45.31% eta 0:40:21
2023-04-13 13:53:46,529 - __main__ - INFO - Computing epoch 28 validation accuracy...
2023-04-13 13:53:49,841 - __main__ - INFO - Computing epoch 28 validation loss...
2023-04-13 13:53:53,193 - __main__ - INFO - [INFO] 2023-04-13 13:53:53.193509 Epoch [29/100] batch [1/391] loss 3.0449 lr 0.08187119948743452 acc 49.22% eta 0:46:06
2023-04-13 13:54:05,266 - __main__ - INFO - [INFO] 2023-04-13 13:54:05.266747 Epoch [29/100] batch [129/391] loss 1.9199 lr 0.08187119948743452 acc 38.28% eta 0:40:25
2023-04-13 13:54:17,331 - __main__ - INFO - [INFO] 2023-04-13 13:54:17.331464 Epoch [29/100] batch [257/391] loss 1.7158 lr 0.08187119948743452 acc 48.44% eta 0:40:11
2023-04-13 13:54:29,524 - __main__ - INFO - [INFO] 2023-04-13 13:54:29.523845 Epoch [29/100] batch [385/391] loss 1.8965 lr 0.08187119948743452 acc 50.00% eta 0:40:10
2023-04-13 13:54:30,068 - __main__ - INFO - Computing epoch 29 validation accuracy...
2023-04-13 13:54:33,369 - __main__ - INFO - Computing epoch 29 validation loss...
2023-04-13 13:54:36,754 - __main__ - INFO - [INFO] 2023-04-13 13:54:36.754804 Epoch [30/100] batch [1/391] loss 3.1621 lr 0.08064535268264886 acc 49.22% eta 0:44:48
2023-04-13 13:54:48,753 - __main__ - INFO - [INFO] 2023-04-13 13:54:48.752955 Epoch [30/100] batch [129/391] loss 1.8789 lr 0.08064535268264886 acc 49.22% eta 0:39:39
2023-04-13 13:55:00,940 - __main__ - INFO - [INFO] 2023-04-13 13:55:00.940290 Epoch [30/100] batch [257/391] loss 1.5850 lr 0.08064535268264886 acc 49.22% eta 0:39:47
2023-04-13 13:55:13,208 - __main__ - INFO - [INFO] 2023-04-13 13:55:13.208518 Epoch [30/100] batch [385/391] loss 1.6562 lr 0.08064535268264886 acc 53.91% eta 0:39:47
2023-04-13 13:55:13,759 - __main__ - INFO - Computing epoch 30 validation accuracy...
2023-04-13 13:55:17,067 - __main__ - INFO - Computing epoch 30 validation loss...
2023-04-13 13:55:20,442 - __main__ - INFO - [INFO] 2023-04-13 13:55:20.442042 Epoch [31/100] batch [1/391] loss 1.7012 lr 0.0793892626146237 acc 53.12% eta 0:40:58
2023-04-13 13:55:32,485 - __main__ - INFO - [INFO] 2023-04-13 13:55:32.485722 Epoch [31/100] batch [129/391] loss 1.7441 lr 0.0793892626146237 acc 37.50% eta 0:39:11
2023-04-13 13:55:44,691 - __main__ - INFO - [INFO] 2023-04-13 13:55:44.691525 Epoch [31/100] batch [257/391] loss 1.6865 lr 0.0793892626146237 acc 55.47% eta 0:39:13
2023-04-13 13:55:56,673 - __main__ - INFO - [INFO] 2023-04-13 13:55:56.673584 Epoch [31/100] batch [385/391] loss 1.6455 lr 0.0793892626146237 acc 58.59% eta 0:38:52
2023-04-13 13:55:57,215 - __main__ - INFO - Computing epoch 31 validation accuracy...
2023-04-13 13:56:00,505 - __main__ - INFO - Computing epoch 31 validation loss...
2023-04-13 13:56:03,957 - __main__ - INFO - [INFO] 2023-04-13 13:56:03.957220 Epoch [32/100] batch [1/391] loss 3.0703 lr 0.07810416889260657 acc 47.66% eta 0:41:39
2023-04-13 13:56:16,240 - __main__ - INFO - [INFO] 2023-04-13 13:56:16.240604 Epoch [32/100] batch [129/391] loss 1.5557 lr 0.07810416889260657 acc 57.81% eta 0:39:32
2023-04-13 13:56:28,459 - __main__ - INFO - [INFO] 2023-04-13 13:56:28.458970 Epoch [32/100] batch [257/391] loss 1.7598 lr 0.07810416889260657 acc 48.44% eta 0:39:09
2023-04-13 13:56:40,635 - __main__ - INFO - [INFO] 2023-04-13 13:56:40.635299 Epoch [32/100] batch [385/391] loss 1.7607 lr 0.07810416889260657 acc 56.25% eta 0:38:53
2023-04-13 13:56:41,179 - __main__ - INFO - Computing epoch 32 validation accuracy...
2023-04-13 13:56:44,527 - __main__ - INFO - Computing epoch 32 validation loss...
2023-04-13 13:56:47,925 - __main__ - INFO - [INFO] 2023-04-13 13:56:47.925626 Epoch [33/100] batch [1/391] loss 3.0078 lr 0.07679133974894986 acc 46.09% eta 0:41:52
2023-04-13 13:56:59,923 - __main__ - INFO - [INFO] 2023-04-13 13:56:59.922846 Epoch [33/100] batch [129/391] loss 1.5449 lr 0.07679133974894986 acc 52.34% eta 0:37:59
2023-04-13 13:57:12,013 - __main__ - INFO - [INFO] 2023-04-13 13:57:12.013678 Epoch [33/100] batch [257/391] loss 1.8506 lr 0.07679133974894986 acc 45.31% eta 0:37:51
2023-04-13 13:57:23,904 - __main__ - INFO - [INFO] 2023-04-13 13:57:23.904519 Epoch [33/100] batch [385/391] loss 1.7344 lr 0.07679133974894986 acc 53.12% eta 0:37:28
2023-04-13 13:57:24,450 - __main__ - INFO - Computing epoch 33 validation accuracy...
2023-04-13 13:57:27,773 - __main__ - INFO - Computing epoch 33 validation loss...
2023-04-13 13:57:31,247 - __main__ - INFO - [INFO] 2023-04-13 13:57:31.246917 Epoch [34/100] batch [1/391] loss 2.9609 lr 0.0754520707875186 acc 56.25% eta 0:42:03
2023-04-13 13:57:43,380 - __main__ - INFO - [INFO] 2023-04-13 13:57:43.380470 Epoch [34/100] batch [129/391] loss 1.7266 lr 0.0754520707875186 acc 44.53% eta 0:37:46
2023-04-13 13:57:55,501 - __main__ - INFO - [INFO] 2023-04-13 13:57:55.501057 Epoch [34/100] batch [257/391] loss 1.8086 lr 0.0754520707875186 acc 55.47% eta 0:37:32
2023-04-13 13:58:08,001 - __main__ - INFO - [INFO] 2023-04-13 13:58:08.001018 Epoch [34/100] batch [385/391] loss 1.5098 lr 0.0754520707875186 acc 57.03% eta 0:37:45
2023-04-13 13:58:08,558 - __main__ - INFO - Computing epoch 34 validation accuracy...
2023-04-13 13:58:12,014 - __main__ - INFO - Computing epoch 34 validation loss...
2023-04-13 13:58:15,463 - __main__ - INFO - [INFO] 2023-04-13 13:58:15.463007 Epoch [35/100] batch [1/391] loss 1.4854 lr 0.0740876837050858 acc 53.12% eta 0:41:10
2023-04-13 13:58:27,523 - __main__ - INFO - [INFO] 2023-04-13 13:58:27.523202 Epoch [35/100] batch [129/391] loss 1.6348 lr 0.0740876837050858 acc 53.91% eta 0:37:05
2023-04-13 13:58:39,732 - __main__ - INFO - [INFO] 2023-04-13 13:58:39.732790 Epoch [35/100] batch [257/391] loss 1.9082 lr 0.0740876837050858 acc 44.53% eta 0:37:06
2023-04-13 13:58:52,037 - __main__ - INFO - [INFO] 2023-04-13 13:58:52.036890 Epoch [35/100] batch [385/391] loss 1.7852 lr 0.0740876837050858 acc 47.66% eta 0:37:06
2023-04-13 13:58:52,596 - __main__ - INFO - Computing epoch 35 validation accuracy...
2023-04-13 13:58:55,981 - __main__ - INFO - Computing epoch 35 validation loss...
2023-04-13 13:58:59,388 - __main__ - INFO - [INFO] 2023-04-13 13:58:59.387976 Epoch [36/100] batch [1/391] loss 3.0781 lr 0.07269952498697738 acc 44.53% eta 0:43:34
2023-04-13 13:59:11,817 - __main__ - INFO - [INFO] 2023-04-13 13:59:11.817722 Epoch [36/100] batch [129/391] loss 1.5420 lr 0.07269952498697738 acc 57.03% eta 0:37:43
2023-04-13 13:59:23,883 - __main__ - INFO - [INFO] 2023-04-13 13:59:23.883762 Epoch [36/100] batch [257/391] loss 1.6250 lr 0.07269952498697738 acc 50.00% eta 0:36:53
2023-04-13 13:59:35,860 - __main__ - INFO - [INFO] 2023-04-13 13:59:35.860211 Epoch [36/100] batch [385/391] loss 1.6963 lr 0.07269952498697738 acc 59.38% eta 0:36:23
2023-04-13 13:59:36,393 - __main__ - INFO - Computing epoch 36 validation accuracy...
2023-04-13 13:59:39,934 - __main__ - INFO - Computing epoch 36 validation loss...
2023-04-13 13:59:43,389 - __main__ - INFO - [INFO] 2023-04-13 13:59:43.389532 Epoch [37/100] batch [1/391] loss 2.8789 lr 0.07128896457825366 acc 45.31% eta 0:40:30
2023-04-13 13:59:55,669 - __main__ - INFO - [INFO] 2023-04-13 13:59:55.669098 Epoch [37/100] batch [129/391] loss 1.9502 lr 0.07128896457825366 acc 42.97% eta 0:36:39
2023-04-13 14:00:07,868 - __main__ - INFO - [INFO] 2023-04-13 14:00:07.867856 Epoch [37/100] batch [257/391] loss 1.7607 lr 0.07128896457825366 acc 48.44% eta 0:36:16
2023-04-13 14:00:19,762 - __main__ - INFO - [INFO] 2023-04-13 14:00:19.762669 Epoch [37/100] batch [385/391] loss 1.5488 lr 0.07128896457825366 acc 50.78% eta 0:35:41
2023-04-13 14:00:20,293 - __main__ - INFO - Computing epoch 37 validation accuracy...
2023-04-13 14:00:23,521 - __main__ - INFO - Computing epoch 37 validation loss...
2023-04-13 14:00:26,886 - __main__ - INFO - [INFO] 2023-04-13 14:00:26.886607 Epoch [38/100] batch [1/391] loss 3.0508 lr 0.06985739453173906 acc 45.31% eta 0:37:02
2023-04-13 14:00:38,991 - __main__ - INFO - [INFO] 2023-04-13 14:00:38.991597 Epoch [38/100] batch [129/391] loss 1.7158 lr 0.06985739453173906 acc 54.69% eta 0:35:23
2023-04-13 14:00:50,852 - __main__ - INFO - [INFO] 2023-04-13 14:00:50.852685 Epoch [38/100] batch [257/391] loss 1.7207 lr 0.06985739453173906 acc 49.22% eta 0:34:52
2023-04-13 14:01:02,855 - __main__ - INFO - [INFO] 2023-04-13 14:01:02.854966 Epoch [38/100] batch [385/391] loss 1.6963 lr 0.06985739453173906 acc 48.44% eta 0:34:41
2023-04-13 14:01:03,392 - __main__ - INFO - Computing epoch 38 validation accuracy...
2023-04-13 14:01:06,698 - __main__ - INFO - Computing epoch 38 validation loss...
2023-04-13 14:01:10,100 - __main__ - INFO - [INFO] 2023-04-13 14:01:10.100189 Epoch [39/100] batch [1/391] loss 1.6680 lr 0.06840622763423394 acc 53.91% eta 0:37:47
2023-04-13 14:01:22,228 - __main__ - INFO - [INFO] 2023-04-13 14:01:22.228636 Epoch [39/100] batch [129/391] loss 1.6240 lr 0.06840622763423394 acc 53.91% eta 0:35:02
2023-04-13 14:01:34,179 - __main__ - INFO - [INFO] 2023-04-13 14:01:34.179484 Epoch [39/100] batch [257/391] loss 1.3477 lr 0.06840622763423394 acc 53.91% eta 0:34:30
2023-04-13 14:01:46,151 - __main__ - INFO - [INFO] 2023-04-13 14:01:46.151802 Epoch [39/100] batch [385/391] loss 1.5811 lr 0.06840622763423394 acc 46.09% eta 0:34:13
2023-04-13 14:01:46,689 - __main__ - INFO - Computing epoch 39 validation accuracy...
2023-04-13 14:01:49,956 - __main__ - INFO - Computing epoch 39 validation loss...
2023-04-13 14:01:53,325 - __main__ - INFO - [INFO] 2023-04-13 14:01:53.324900 Epoch [40/100] batch [1/391] loss 1.6318 lr 0.06693689601226462 acc 48.44% eta 0:36:49
2023-04-13 14:02:05,366 - __main__ - INFO - [INFO] 2023-04-13 14:02:05.365933 Epoch [40/100] batch [129/391] loss 1.8730 lr 0.06693689601226462 acc 45.31% eta 0:34:03
2023-04-13 14:02:17,245 - __main__ - INFO - [INFO] 2023-04-13 14:02:17.244860 Epoch [40/100] batch [257/391] loss 1.9355 lr 0.06693689601226462 acc 50.00% eta 0:33:37
2023-04-13 14:02:29,410 - __main__ - INFO - [INFO] 2023-04-13 14:02:29.410210 Epoch [40/100] batch [385/391] loss 1.6514 lr 0.06693689601226462 acc 48.44% eta 0:33:39
2023-04-13 14:02:29,943 - __main__ - INFO - Computing epoch 40 validation accuracy...
2023-04-13 14:02:33,357 - __main__ - INFO - Computing epoch 40 validation loss...
2023-04-13 14:02:36,730 - __main__ - INFO - [INFO] 2023-04-13 14:02:36.730651 Epoch [41/100] batch [1/391] loss 3.0410 lr 0.06545084971874741 acc 50.00% eta 0:37:08
2023-04-13 14:02:48,752 - __main__ - INFO - [INFO] 2023-04-13 14:02:48.752359 Epoch [41/100] batch [129/391] loss 1.5898 lr 0.06545084971874741 acc 56.25% eta 0:33:29
2023-04-13 14:03:00,581 - __main__ - INFO - [INFO] 2023-04-13 14:03:00.581139 Epoch [41/100] batch [257/391] loss 1.6729 lr 0.06545084971874741 acc 53.91% eta 0:32:58
2023-04-13 14:03:12,540 - __main__ - INFO - [INFO] 2023-04-13 14:03:12.539871 Epoch [41/100] batch [385/391] loss 1.5176 lr 0.06545084971874741 acc 55.47% eta 0:32:50
2023-04-13 14:03:13,080 - __main__ - INFO - Computing epoch 41 validation accuracy...
2023-04-13 14:03:16,361 - __main__ - INFO - Computing epoch 41 validation loss...
2023-04-13 14:03:19,729 - __main__ - INFO - [INFO] 2023-04-13 14:03:19.728907 Epoch [42/100] batch [1/391] loss 1.7920 lr 0.06394955530196152 acc 53.91% eta 0:33:53
2023-04-13 14:03:32,047 - __main__ - INFO - [INFO] 2023-04-13 14:03:32.046951 Epoch [42/100] batch [129/391] loss 2.0156 lr 0.06394955530196152 acc 48.44% eta 0:33:48
2023-04-13 14:03:44,819 - __main__ - INFO - [INFO] 2023-04-13 14:03:44.819298 Epoch [42/100] batch [257/391] loss 1.8584 lr 0.06394955530196152 acc 57.03% eta 0:34:16
2023-04-13 14:03:57,403 - __main__ - INFO - [INFO] 2023-04-13 14:03:57.403573 Epoch [42/100] batch [385/391] loss 1.8359 lr 0.06394955530196152 acc 40.62% eta 0:34:08
2023-04-13 14:03:57,952 - __main__ - INFO - Computing epoch 42 validation accuracy...
2023-04-13 14:04:01,217 - __main__ - INFO - Computing epoch 42 validation loss...
2023-04-13 14:04:04,584 - __main__ - INFO - [INFO] 2023-04-13 14:04:04.584277 Epoch [43/100] batch [1/391] loss 2.9648 lr 0.062434494358242776 acc 55.47% eta 0:36:05
2023-04-13 14:04:16,658 - __main__ - INFO - [INFO] 2023-04-13 14:04:16.658174 Epoch [43/100] batch [129/391] loss 1.7744 lr 0.062434494358242776 acc 50.00% eta 0:32:26
2023-04-13 14:04:28,547 - __main__ - INFO - [INFO] 2023-04-13 14:04:28.547726 Epoch [43/100] batch [257/391] loss 1.4590 lr 0.062434494358242776 acc 46.09% eta 0:31:59
2023-04-13 14:04:40,493 - __main__ - INFO - [INFO] 2023-04-13 14:04:40.493770 Epoch [43/100] batch [385/391] loss 1.5762 lr 0.062434494358242776 acc 47.66% eta 0:31:47
2023-04-13 14:04:41,028 - __main__ - INFO - Computing epoch 43 validation accuracy...
2023-04-13 14:04:44,586 - __main__ - INFO - Computing epoch 43 validation loss...
2023-04-13 14:04:48,047 - __main__ - INFO - [INFO] 2023-04-13 14:04:48.047548 Epoch [44/100] batch [1/391] loss 1.6934 lr 0.06090716206982718 acc 46.88% eta 0:34:48
2023-04-13 14:05:00,588 - __main__ - INFO - [INFO] 2023-04-13 14:05:00.588565 Epoch [44/100] batch [129/391] loss 1.6650 lr 0.06090716206982718 acc 47.66% eta 0:33:15
2023-04-13 14:05:12,634 - __main__ - INFO - [INFO] 2023-04-13 14:05:12.634730 Epoch [44/100] batch [257/391] loss 1.5566 lr 0.06090716206982718 acc 53.91% eta 0:32:20
2023-04-13 14:05:24,575 - __main__ - INFO - [INFO] 2023-04-13 14:05:24.575646 Epoch [44/100] batch [385/391] loss 1.6055 lr 0.06090716206982718 acc 52.34% eta 0:31:49
2023-04-13 14:05:25,110 - __main__ - INFO - Computing epoch 44 validation accuracy...
2023-04-13 14:05:28,583 - __main__ - INFO - Computing epoch 44 validation loss...
2023-04-13 14:05:31,977 - __main__ - INFO - [INFO] 2023-04-13 14:05:31.976948 Epoch [45/100] batch [1/391] loss 3.0117 lr 0.05936906572928628 acc 46.88% eta 0:34:25
2023-04-13 14:05:44,024 - __main__ - INFO - [INFO] 2023-04-13 14:05:44.024600 Epoch [45/100] batch [129/391] loss 1.8076 lr 0.05936906572928628 acc 50.78% eta 0:31:17
2023-04-13 14:05:56,069 - __main__ - INFO - [INFO] 2023-04-13 14:05:56.069239 Epoch [45/100] batch [257/391] loss 1.4912 lr 0.05936906572928628 acc 51.56% eta 0:31:04
2023-04-13 14:06:08,129 - __main__ - INFO - [INFO] 2023-04-13 14:06:08.129307 Epoch [45/100] batch [385/391] loss 1.6924 lr 0.05936906572928628 acc 55.47% eta 0:30:53
2023-04-13 14:06:08,781 - __main__ - INFO - Computing epoch 45 validation accuracy...
2023-04-13 14:06:12,088 - __main__ - INFO - Computing epoch 45 validation loss...
2023-04-13 14:06:15,455 - __main__ - INFO - [INFO] 2023-04-13 14:06:15.455217 Epoch [46/100] batch [1/391] loss 1.3408 lr 0.05782172325201159 acc 54.69% eta 0:33:59
2023-04-13 14:06:27,485 - __main__ - INFO - [INFO] 2023-04-13 14:06:27.485192 Epoch [46/100] batch [129/391] loss 1.6797 lr 0.05782172325201159 acc 49.22% eta 0:30:47
2023-04-13 14:06:39,498 - __main__ - INFO - [INFO] 2023-04-13 14:06:39.498079 Epoch [46/100] batch [257/391] loss 1.5703 lr 0.05782172325201159 acc 53.91% eta 0:30:30
2023-04-13 14:06:51,362 - __main__ - INFO - [INFO] 2023-04-13 14:06:51.362053 Epoch [46/100] batch [385/391] loss 1.7051 lr 0.05782172325201159 acc 48.44% eta 0:30:09
2023-04-13 14:06:51,904 - __main__ - INFO - Computing epoch 46 validation accuracy...
2023-04-13 14:06:55,121 - __main__ - INFO - Computing epoch 46 validation loss...
2023-04-13 14:06:58,464 - __main__ - INFO - [INFO] 2023-04-13 14:06:58.464287 Epoch [47/100] batch [1/391] loss 3.0410 lr 0.056266661678215264 acc 50.78% eta 0:33:43
2023-04-13 14:07:10,744 - __main__ - INFO - [INFO] 2023-04-13 14:07:10.744735 Epoch [47/100] batch [129/391] loss 1.4619 lr 0.056266661678215264 acc 48.44% eta 0:30:50
2023-04-13 14:07:22,701 - __main__ - INFO - [INFO] 2023-04-13 14:07:22.701100 Epoch [47/100] batch [257/391] loss 1.5918 lr 0.056266661678215264 acc 50.00% eta 0:30:10
2023-04-13 14:07:34,785 - __main__ - INFO - [INFO] 2023-04-13 14:07:34.785087 Epoch [47/100] batch [385/391] loss 1.7666 lr 0.056266661678215264 acc 53.91% eta 0:29:57
2023-04-13 14:07:35,340 - __main__ - INFO - Computing epoch 47 validation accuracy...
2023-04-13 14:07:38,648 - __main__ - INFO - Computing epoch 47 validation loss...
2023-04-13 14:07:42,015 - __main__ - INFO - [INFO] 2023-04-13 14:07:42.015824 Epoch [48/100] batch [1/391] loss 1.7051 lr 0.05470541566592575 acc 52.34% eta 0:31:07
2023-04-13 14:07:54,173 - __main__ - INFO - [INFO] 2023-04-13 14:07:54.173381 Epoch [48/100] batch [129/391] loss 1.5391 lr 0.05470541566592575 acc 58.59% eta 0:29:54
2023-04-13 14:08:06,316 - __main__ - INFO - [INFO] 2023-04-13 14:08:06.316808 Epoch [48/100] batch [257/391] loss 1.5127 lr 0.05470541566592575 acc 53.91% eta 0:29:41
2023-04-13 14:08:18,209 - __main__ - INFO - [INFO] 2023-04-13 14:08:18.209212 Epoch [48/100] batch [385/391] loss 1.4893 lr 0.05470541566592575 acc 57.03% eta 0:29:16
2023-04-13 14:08:18,759 - __main__ - INFO - Computing epoch 48 validation accuracy...
2023-04-13 14:08:22,393 - __main__ - INFO - Computing epoch 48 validation loss...
2023-04-13 14:08:25,908 - __main__ - INFO - [INFO] 2023-04-13 14:08:25.908707 Epoch [49/100] batch [1/391] loss 2.7344 lr 0.053139525976465714 acc 64.84% eta 0:32:17
2023-04-13 14:08:38,211 - __main__ - INFO - [INFO] 2023-04-13 14:08:38.211377 Epoch [49/100] batch [129/391] loss 1.3477 lr 0.053139525976465714 acc 59.38% eta 0:29:46
2023-04-13 14:08:51,068 - __main__ - INFO - [INFO] 2023-04-13 14:08:51.067922 Epoch [49/100] batch [257/391] loss 1.5293 lr 0.053139525976465714 acc 56.25% eta 0:30:15
2023-04-13 14:09:04,230 - __main__ - INFO - [INFO] 2023-04-13 14:09:04.230635 Epoch [49/100] batch [385/391] loss 1.5547 lr 0.053139525976465714 acc 54.69% eta 0:30:32
2023-04-13 14:09:04,900 - __main__ - INFO - Computing epoch 49 validation accuracy...
2023-04-13 14:09:08,702 - __main__ - INFO - Computing epoch 49 validation loss...
2023-04-13 14:09:12,191 - __main__ - INFO - [INFO] 2023-04-13 14:09:12.191120 Epoch [50/100] batch [1/391] loss 2.9551 lr 0.05157053795390645 acc 54.69% eta 0:33:18
2023-04-13 14:09:24,295 - __main__ - INFO - [INFO] 2023-04-13 14:09:24.295571 Epoch [50/100] batch [129/391] loss 1.6123 lr 0.05157053795390645 acc 48.44% eta 0:28:41
2023-04-13 14:09:36,310 - __main__ - INFO - [INFO] 2023-04-13 14:09:36.310288 Epoch [50/100] batch [257/391] loss 1.6279 lr 0.05157053795390645 acc 58.59% eta 0:28:22
2023-04-13 14:09:48,211 - __main__ - INFO - [INFO] 2023-04-13 14:09:48.211569 Epoch [50/100] batch [385/391] loss 1.5684 lr 0.05157053795390645 acc 57.81% eta 0:28:03
2023-04-13 14:09:48,752 - __main__ - INFO - Computing epoch 50 validation accuracy...
2023-04-13 14:09:52,035 - __main__ - INFO - Computing epoch 50 validation loss...
2023-04-13 14:09:55,551 - __main__ - INFO - [INFO] 2023-04-13 14:09:55.551414 Epoch [51/100] batch [1/391] loss 2.9160 lr 0.05000000000000004 acc 56.25% eta 0:31:22
2023-04-13 14:10:07,959 - __main__ - INFO - [INFO] 2023-04-13 14:10:07.959747 Epoch [51/100] batch [129/391] loss 1.3223 lr 0.05000000000000004 acc 55.47% eta 0:28:52
2023-04-13 14:10:19,962 - __main__ - INFO - [INFO] 2023-04-13 14:10:19.962135 Epoch [51/100] batch [257/391] loss 1.4385 lr 0.05000000000000004 acc 60.16% eta 0:28:09
2023-04-13 14:10:31,854 - __main__ - INFO - [INFO] 2023-04-13 14:10:31.853909 Epoch [51/100] batch [385/391] loss 1.4648 lr 0.05000000000000004 acc 61.72% eta 0:27:42
2023-04-13 14:10:32,401 - __main__ - INFO - Computing epoch 51 validation accuracy...
2023-04-13 14:10:35,656 - __main__ - INFO - Computing epoch 51 validation loss...
2023-04-13 14:10:39,031 - __main__ - INFO - [INFO] 2023-04-13 14:10:39.030858 Epoch [52/100] batch [1/391] loss 2.9902 lr 0.04842946204609362 acc 53.91% eta 0:29:29
2023-04-13 14:10:51,050 - __main__ - INFO - [INFO] 2023-04-13 14:10:51.050032 Epoch [52/100] batch [129/391] loss 1.6162 lr 0.04842946204609362 acc 51.56% eta 0:27:17
2023-04-13 14:11:03,020 - __main__ - INFO - [INFO] 2023-04-13 14:11:03.020327 Epoch [52/100] batch [257/391] loss 1.4590 lr 0.04842946204609362 acc 60.94% eta 0:27:03
2023-04-13 14:11:14,932 - __main__ - INFO - [INFO] 2023-04-13 14:11:14.932254 Epoch [52/100] batch [385/391] loss 1.4541 lr 0.04842946204609362 acc 60.94% eta 0:26:48
2023-04-13 14:11:15,483 - __main__ - INFO - Computing epoch 52 validation accuracy...
2023-04-13 14:11:18,732 - __main__ - INFO - Computing epoch 52 validation loss...
2023-04-13 14:11:22,139 - __main__ - INFO - [INFO] 2023-04-13 14:11:22.139050 Epoch [53/100] batch [1/391] loss 2.9941 lr 0.04686047402353437 acc 53.91% eta 0:28:54
2023-04-13 14:11:34,054 - __main__ - INFO - [INFO] 2023-04-13 14:11:34.054480 Epoch [53/100] batch [129/391] loss 1.4961 lr 0.04686047402353437 acc 46.88% eta 0:26:27
2023-04-13 14:11:45,895 - __main__ - INFO - [INFO] 2023-04-13 14:11:45.895342 Epoch [53/100] batch [257/391] loss 1.4756 lr 0.04686047402353437 acc 57.03% eta 0:26:09
2023-04-13 14:11:57,886 - __main__ - INFO - [INFO] 2023-04-13 14:11:57.886005 Epoch [53/100] batch [385/391] loss 1.4385 lr 0.04686047402353437 acc 54.69% eta 0:26:05
2023-04-13 14:11:58,465 - __main__ - INFO - Computing epoch 53 validation accuracy...
2023-04-13 14:12:01,714 - __main__ - INFO - Computing epoch 53 validation loss...
2023-04-13 14:12:05,118 - __main__ - INFO - [INFO] 2023-04-13 14:12:05.118202 Epoch [54/100] batch [1/391] loss 2.9258 lr 0.045294584334074316 acc 53.12% eta 0:30:23
2023-04-13 14:12:17,331 - __main__ - INFO - [INFO] 2023-04-13 14:12:17.331755 Epoch [54/100] batch [129/391] loss 1.1738 lr 0.045294584334074316 acc 63.28% eta 0:26:40
2023-04-13 14:12:29,602 - __main__ - INFO - [INFO] 2023-04-13 14:12:29.602761 Epoch [54/100] batch [257/391] loss 1.4824 lr 0.045294584334074316 acc 62.50% eta 0:26:31
2023-04-13 14:12:41,505 - __main__ - INFO - [INFO] 2023-04-13 14:12:41.505469 Epoch [54/100] batch [385/391] loss 1.5078 lr 0.045294584334074316 acc 53.12% eta 0:26:04
2023-04-13 14:12:42,054 - __main__ - INFO - Computing epoch 54 validation accuracy...
2023-04-13 14:12:45,269 - __main__ - INFO - Computing epoch 54 validation loss...
2023-04-13 14:12:48,547 - __main__ - INFO - [INFO] 2023-04-13 14:12:48.547355 Epoch [55/100] batch [1/391] loss 2.7969 lr 0.043733338321784825 acc 56.25% eta 0:27:49
2023-04-13 14:13:00,666 - __main__ - INFO - [INFO] 2023-04-13 14:13:00.666679 Epoch [55/100] batch [129/391] loss 1.3447 lr 0.043733338321784825 acc 60.94% eta 0:25:50
2023-04-13 14:13:12,854 - __main__ - INFO - [INFO] 2023-04-13 14:13:12.854096 Epoch [55/100] batch [257/391] loss 1.3906 lr 0.043733338321784825 acc 57.03% eta 0:25:44
2023-04-13 14:13:24,993 - __main__ - INFO - [INFO] 2023-04-13 14:13:24.993720 Epoch [55/100] batch [385/391] loss 1.6738 lr 0.043733338321784825 acc 49.22% eta 0:25:32
2023-04-13 14:13:25,559 - __main__ - INFO - Computing epoch 55 validation accuracy...
2023-04-13 14:13:28,799 - __main__ - INFO - Computing epoch 55 validation loss...
2023-04-13 14:13:32,291 - __main__ - INFO - [INFO] 2023-04-13 14:13:32.291006 Epoch [56/100] batch [1/391] loss 2.9512 lr 0.042178276747988484 acc 53.91% eta 0:26:34
2023-04-13 14:13:44,299 - __main__ - INFO - [INFO] 2023-04-13 14:13:44.299769 Epoch [56/100] batch [129/391] loss 1.5117 lr 0.042178276747988484 acc 53.12% eta 0:25:02
2023-04-13 14:13:56,270 - __main__ - INFO - [INFO] 2023-04-13 14:13:56.269857 Epoch [56/100] batch [257/391] loss 1.3721 lr 0.042178276747988484 acc 60.94% eta 0:24:48
2023-04-13 14:14:08,512 - __main__ - INFO - [INFO] 2023-04-13 14:14:08.511634 Epoch [56/100] batch [385/391] loss 1.5957 lr 0.042178276747988484 acc 54.69% eta 0:24:48
2023-04-13 14:14:09,052 - __main__ - INFO - Computing epoch 56 validation accuracy...
2023-04-13 14:14:12,722 - __main__ - INFO - Computing epoch 56 validation loss...
2023-04-13 14:14:16,246 - __main__ - INFO - [INFO] 2023-04-13 14:14:16.246221 Epoch [57/100] batch [1/391] loss 1.2822 lr 0.0406309342707138 acc 60.94% eta 0:30:05
2023-04-13 14:14:28,568 - __main__ - INFO - [INFO] 2023-04-13 14:14:28.568057 Epoch [57/100] batch [129/391] loss 1.4463 lr 0.0406309342707138 acc 50.78% eta 0:25:14
2023-04-13 14:14:40,620 - __main__ - INFO - [INFO] 2023-04-13 14:14:40.620151 Epoch [57/100] batch [257/391] loss 1.3018 lr 0.0406309342707138 acc 58.59% eta 0:24:44
2023-04-13 14:14:52,713 - __main__ - INFO - [INFO] 2023-04-13 14:14:52.713731 Epoch [57/100] batch [385/391] loss 1.6387 lr 0.0406309342707138 acc 53.12% eta 0:24:27
2023-04-13 14:14:53,263 - __main__ - INFO - Computing epoch 57 validation accuracy...
2023-04-13 14:14:56,549 - __main__ - INFO - Computing epoch 57 validation loss...
2023-04-13 14:14:59,950 - __main__ - INFO - [INFO] 2023-04-13 14:14:59.950716 Epoch [58/100] batch [1/391] loss 1.5391 lr 0.039092837930172916 acc 54.69% eta 0:30:40
2023-04-13 14:15:12,071 - __main__ - INFO - [INFO] 2023-04-13 14:15:12.071422 Epoch [58/100] batch [129/391] loss 1.3926 lr 0.039092837930172916 acc 59.38% eta 0:24:10
2023-04-13 14:15:24,154 - __main__ - INFO - [INFO] 2023-04-13 14:15:24.153886 Epoch [58/100] batch [257/391] loss 1.3262 lr 0.039092837930172916 acc 66.41% eta 0:23:56
2023-04-13 14:15:36,266 - __main__ - INFO - [INFO] 2023-04-13 14:15:36.265818 Epoch [58/100] batch [385/391] loss 1.6357 lr 0.039092837930172916 acc 51.56% eta 0:23:46
2023-04-13 14:15:36,807 - __main__ - INFO - Computing epoch 58 validation accuracy...
2023-04-13 14:15:40,172 - __main__ - INFO - Computing epoch 58 validation loss...
2023-04-13 14:15:43,594 - __main__ - INFO - [INFO] 2023-04-13 14:15:43.594381 Epoch [59/100] batch [1/391] loss 2.8613 lr 0.037565505641757285 acc 53.12% eta 0:27:20
2023-04-13 14:15:55,939 - __main__ - INFO - [INFO] 2023-04-13 14:15:55.938937 Epoch [59/100] batch [129/391] loss 1.3281 lr 0.037565505641757285 acc 67.97% eta 0:24:03
2023-04-13 14:16:08,238 - __main__ - INFO - [INFO] 2023-04-13 14:16:08.238002 Epoch [59/100] batch [257/391] loss 1.3945 lr 0.037565505641757285 acc 57.81% eta 0:23:49
2023-04-13 14:16:20,210 - __main__ - INFO - [INFO] 2023-04-13 14:16:20.210770 Epoch [59/100] batch [385/391] loss 1.5352 lr 0.037565505641757285 acc 59.38% eta 0:23:23
2023-04-13 14:16:20,747 - __main__ - INFO - Computing epoch 59 validation accuracy...
2023-04-13 14:16:24,030 - __main__ - INFO - Computing epoch 59 validation loss...
2023-04-13 14:16:27,429 - __main__ - INFO - [INFO] 2023-04-13 14:16:27.428996 Epoch [60/100] batch [1/391] loss 1.3271 lr 0.03605044469803857 acc 61.72% eta 0:24:18
2023-04-13 14:16:39,429 - __main__ - INFO - [INFO] 2023-04-13 14:16:39.429602 Epoch [60/100] batch [129/391] loss 1.3555 lr 0.03605044469803857 acc 63.28% eta 0:22:48
2023-04-13 14:16:51,779 - __main__ - INFO - [INFO] 2023-04-13 14:16:51.779093 Epoch [60/100] batch [257/391] loss 1.4873 lr 0.03605044469803857 acc 63.28% eta 0:22:57
2023-04-13 14:17:03,986 - __main__ - INFO - [INFO] 2023-04-13 14:17:03.985910 Epoch [60/100] batch [385/391] loss 1.4473 lr 0.03605044469803857 acc 66.41% eta 0:22:47
2023-04-13 14:17:04,518 - __main__ - INFO - Computing epoch 60 validation accuracy...
2023-04-13 14:17:07,890 - __main__ - INFO - Computing epoch 60 validation loss...
2023-04-13 14:17:11,333 - __main__ - INFO - [INFO] 2023-04-13 14:17:11.333666 Epoch [61/100] batch [1/391] loss 2.7871 lr 0.034549150281252675 acc 58.59% eta 0:31:10
2023-04-13 14:17:23,609 - __main__ - INFO - [INFO] 2023-04-13 14:17:23.608835 Epoch [61/100] batch [129/391] loss 1.4697 lr 0.034549150281252675 acc 58.59% eta 0:22:52
2023-04-13 14:17:35,731 - __main__ - INFO - [INFO] 2023-04-13 14:17:35.731480 Epoch [61/100] batch [257/391] loss 1.4033 lr 0.034549150281252675 acc 57.81% eta 0:22:29
2023-04-13 14:17:47,676 - __main__ - INFO - [INFO] 2023-04-13 14:17:47.676721 Epoch [61/100] batch [385/391] loss 1.5811 lr 0.034549150281252675 acc 55.47% eta 0:22:07
2023-04-13 14:17:48,297 - __main__ - INFO - Computing epoch 61 validation accuracy...
2023-04-13 14:17:51,604 - __main__ - INFO - Computing epoch 61 validation loss...
2023-04-13 14:17:54,947 - __main__ - INFO - [INFO] 2023-04-13 14:17:54.947357 Epoch [62/100] batch [1/391] loss 1.3223 lr 0.03306310398773546 acc 48.44% eta 0:23:41
2023-04-13 14:18:07,040 - __main__ - INFO - [INFO] 2023-04-13 14:18:07.040005 Epoch [62/100] batch [129/391] loss 1.3643 lr 0.03306310398773546 acc 65.62% eta 0:21:49
2023-04-13 14:18:19,084 - __main__ - INFO - [INFO] 2023-04-13 14:18:19.084662 Epoch [62/100] batch [257/391] loss 1.3311 lr 0.03306310398773546 acc 56.25% eta 0:21:35
2023-04-13 14:18:31,061 - __main__ - INFO - [INFO] 2023-04-13 14:18:31.061175 Epoch [62/100] batch [385/391] loss 1.2891 lr 0.03306310398773546 acc 60.94% eta 0:21:21
2023-04-13 14:18:31,613 - __main__ - INFO - Computing epoch 62 validation accuracy...
2023-04-13 14:18:34,956 - __main__ - INFO - Computing epoch 62 validation loss...
2023-04-13 14:18:38,329 - __main__ - INFO - [INFO] 2023-04-13 14:18:38.329153 Epoch [63/100] batch [1/391] loss 1.4277 lr 0.031593772365766146 acc 55.47% eta 0:22:28
2023-04-13 14:18:50,646 - __main__ - INFO - [INFO] 2023-04-13 14:18:50.646111 Epoch [63/100] batch [129/391] loss 1.4844 lr 0.031593772365766146 acc 54.69% eta 0:21:42
2023-04-13 14:19:02,859 - __main__ - INFO - [INFO] 2023-04-13 14:19:02.859062 Epoch [63/100] batch [257/391] loss 1.2256 lr 0.031593772365766146 acc 64.06% eta 0:21:23
2023-04-13 14:19:15,174 - __main__ - INFO - [INFO] 2023-04-13 14:19:15.174604 Epoch [63/100] batch [385/391] loss 1.4424 lr 0.031593772365766146 acc 57.03% eta 0:21:14
2023-04-13 14:19:15,715 - __main__ - INFO - Computing epoch 63 validation accuracy...
2023-04-13 14:19:18,948 - __main__ - INFO - Computing epoch 63 validation loss...
2023-04-13 14:19:22,325 - __main__ - INFO - [INFO] 2023-04-13 14:19:22.325842 Epoch [64/100] batch [1/391] loss 2.7031 lr 0.030142605468260992 acc 65.62% eta 0:23:05
2023-04-13 14:19:34,456 - __main__ - INFO - [INFO] 2023-04-13 14:19:34.456466 Epoch [64/100] batch [129/391] loss 1.3457 lr 0.030142605468260992 acc 56.25% eta 0:20:50
2023-04-13 14:19:46,329 - __main__ - INFO - [INFO] 2023-04-13 14:19:46.328821 Epoch [64/100] batch [257/391] loss 1.3760 lr 0.030142605468260992 acc 59.38% eta 0:20:22
2023-04-13 14:19:58,277 - __main__ - INFO - [INFO] 2023-04-13 14:19:58.277338 Epoch [64/100] batch [385/391] loss 1.3066 lr 0.030142605468260992 acc 64.84% eta 0:20:08
2023-04-13 14:19:58,825 - __main__ - INFO - Computing epoch 64 validation accuracy...
2023-04-13 14:20:02,165 - __main__ - INFO - Computing epoch 64 validation loss...
2023-04-13 14:20:05,735 - __main__ - INFO - [INFO] 2023-04-13 14:20:05.735613 Epoch [65/100] batch [1/391] loss 2.7012 lr 0.028711035421746394 acc 59.38% eta 0:22:03
2023-04-13 14:20:17,791 - __main__ - INFO - [INFO] 2023-04-13 14:20:17.791420 Epoch [65/100] batch [129/391] loss 1.1455 lr 0.028711035421746394 acc 65.62% eta 0:20:05
2023-04-13 14:20:29,841 - __main__ - INFO - [INFO] 2023-04-13 14:20:29.841520 Epoch [65/100] batch [257/391] loss 1.4229 lr 0.028711035421746394 acc 58.59% eta 0:19:53
2023-04-13 14:20:41,884 - __main__ - INFO - [INFO] 2023-04-13 14:20:41.883949 Epoch [65/100] batch [385/391] loss 1.2764 lr 0.028711035421746394 acc 63.28% eta 0:19:41
2023-04-13 14:20:42,426 - __main__ - INFO - Computing epoch 65 validation accuracy...
2023-04-13 14:20:45,627 - __main__ - INFO - Computing epoch 65 validation loss...
2023-04-13 14:20:48,946 - __main__ - INFO - [INFO] 2023-04-13 14:20:48.946062 Epoch [66/100] batch [1/391] loss 1.2783 lr 0.027300475013022688 acc 64.84% eta 0:20:35
2023-04-13 14:21:01,452 - __main__ - INFO - [INFO] 2023-04-13 14:21:01.451925 Epoch [66/100] batch [129/391] loss 1.4111 lr 0.027300475013022688 acc 61.72% eta 0:20:17
2023-04-13 14:21:13,601 - __main__ - INFO - [INFO] 2023-04-13 14:21:13.601294 Epoch [66/100] batch [257/391] loss 1.2002 lr 0.027300475013022688 acc 61.72% eta 0:19:48
2023-04-13 14:21:26,095 - __main__ - INFO - [INFO] 2023-04-13 14:21:26.094841 Epoch [66/100] batch [385/391] loss 1.4941 lr 0.027300475013022688 acc 65.62% eta 0:19:42
2023-04-13 14:21:26,635 - __main__ - INFO - Computing epoch 66 validation accuracy...
2023-04-13 14:21:30,011 - __main__ - INFO - Computing epoch 66 validation loss...
2023-04-13 14:21:33,440 - __main__ - INFO - [INFO] 2023-04-13 14:21:33.440172 Epoch [67/100] batch [1/391] loss 1.2412 lr 0.025912316294914254 acc 60.94% eta 0:20:41
2023-04-13 14:21:46,099 - __main__ - INFO - [INFO] 2023-04-13 14:21:46.098539 Epoch [67/100] batch [129/391] loss 1.2490 lr 0.025912316294914254 acc 60.94% eta 0:20:00
2023-04-13 14:21:58,559 - __main__ - INFO - [INFO] 2023-04-13 14:21:58.559321 Epoch [67/100] batch [257/391] loss 1.4131 lr 0.025912316294914254 acc 63.28% eta 0:19:36
2023-04-13 14:22:10,876 - __main__ - INFO - [INFO] 2023-04-13 14:22:10.876204 Epoch [67/100] batch [385/391] loss 1.3594 lr 0.025912316294914254 acc 62.50% eta 0:19:17
2023-04-13 14:22:11,423 - __main__ - INFO - Computing epoch 67 validation accuracy...
2023-04-13 14:22:14,699 - __main__ - INFO - Computing epoch 67 validation loss...
2023-04-13 14:22:18,220 - __main__ - INFO - [INFO] 2023-04-13 14:22:18.220759 Epoch [68/100] batch [1/391] loss 1.2852 lr 0.02454792921248146 acc 60.94% eta 0:20:09
2023-04-13 14:22:30,726 - __main__ - INFO - [INFO] 2023-04-13 14:22:30.726693 Epoch [68/100] batch [129/391] loss 1.0723 lr 0.02454792921248146 acc 70.31% eta 0:19:08
2023-04-13 14:22:42,724 - __main__ - INFO - [INFO] 2023-04-13 14:22:42.723829 Epoch [68/100] batch [257/391] loss 1.0723 lr 0.02454792921248146 acc 72.66% eta 0:18:31
2023-04-13 14:22:55,070 - __main__ - INFO - [INFO] 2023-04-13 14:22:55.070752 Epoch [68/100] batch [385/391] loss 1.4893 lr 0.02454792921248146 acc 57.81% eta 0:18:22
2023-04-13 14:22:55,618 - __main__ - INFO - Computing epoch 68 validation accuracy...
2023-04-13 14:22:59,035 - __main__ - INFO - Computing epoch 68 validation loss...
2023-04-13 14:23:02,454 - __main__ - INFO - [INFO] 2023-04-13 14:23:02.454140 Epoch [69/100] batch [1/391] loss 2.6289 lr 0.02320866025105018 acc 68.75% eta 0:20:11
2023-04-13 14:23:14,715 - __main__ - INFO - [INFO] 2023-04-13 14:23:14.715350 Epoch [69/100] batch [129/391] loss 1.1562 lr 0.02320866025105018 acc 67.97% eta 0:18:11
2023-04-13 14:23:26,954 - __main__ - INFO - [INFO] 2023-04-13 14:23:26.954746 Epoch [69/100] batch [257/391] loss 1.3936 lr 0.02320866025105018 acc 58.59% eta 0:17:57
2023-04-13 14:23:39,125 - __main__ - INFO - [INFO] 2023-04-13 14:23:39.125060 Epoch [69/100] batch [385/391] loss 1.3262 lr 0.02320866025105018 acc 64.06% eta 0:17:43
2023-04-13 14:23:39,655 - __main__ - INFO - Computing epoch 69 validation accuracy...
2023-04-13 14:23:42,941 - __main__ - INFO - Computing epoch 69 validation loss...
2023-04-13 14:23:46,256 - __main__ - INFO - [INFO] 2023-04-13 14:23:46.256504 Epoch [70/100] batch [1/391] loss 1.4082 lr 0.021895831107393487 acc 63.28% eta 0:18:39
2023-04-13 14:23:58,501 - __main__ - INFO - [INFO] 2023-04-13 14:23:58.501578 Epoch [70/100] batch [129/391] loss 1.4316 lr 0.021895831107393487 acc 57.03% eta 0:17:37
2023-04-13 14:24:10,672 - __main__ - INFO - [INFO] 2023-04-13 14:24:10.672295 Epoch [70/100] batch [257/391] loss 1.2969 lr 0.021895831107393487 acc 66.41% eta 0:17:19
2023-04-13 14:24:22,769 - __main__ - INFO - [INFO] 2023-04-13 14:24:22.769284 Epoch [70/100] batch [385/391] loss 1.3447 lr 0.021895831107393487 acc 64.84% eta 0:17:04
2023-04-13 14:24:23,315 - __main__ - INFO - Computing epoch 70 validation accuracy...
2023-04-13 14:24:26,617 - __main__ - INFO - Computing epoch 70 validation loss...
2023-04-13 14:24:29,936 - __main__ - INFO - [INFO] 2023-04-13 14:24:29.936243 Epoch [71/100] batch [1/391] loss 1.2373 lr 0.02061073738537637 acc 64.84% eta 0:18:47
2023-04-13 14:24:42,121 - __main__ - INFO - [INFO] 2023-04-13 14:24:42.121420 Epoch [71/100] batch [129/391] loss 1.3506 lr 0.02061073738537637 acc 62.50% eta 0:16:54
2023-04-13 14:24:54,745 - __main__ - INFO - [INFO] 2023-04-13 14:24:54.745379 Epoch [71/100] batch [257/391] loss 1.2021 lr 0.02061073738537637 acc 63.28% eta 0:17:01
2023-04-13 14:25:06,980 - __main__ - INFO - [INFO] 2023-04-13 14:25:06.980736 Epoch [71/100] batch [385/391] loss 1.1748 lr 0.02061073738537637 acc 67.19% eta 0:16:45
2023-04-13 14:25:07,515 - __main__ - INFO - Computing epoch 71 validation accuracy...
2023-04-13 14:25:10,995 - __main__ - INFO - Computing epoch 71 validation loss...
2023-04-13 14:25:14,689 - __main__ - INFO - [INFO] 2023-04-13 14:25:14.689592 Epoch [72/100] batch [1/391] loss 1.3477 lr 0.01935464731735119 acc 61.72% eta 0:17:58
2023-04-13 14:25:26,811 - __main__ - INFO - [INFO] 2023-04-13 14:25:26.811367 Epoch [72/100] batch [129/391] loss 1.2100 lr 0.01935464731735119 acc 63.28% eta 0:16:14
2023-04-13 14:25:39,271 - __main__ - INFO - [INFO] 2023-04-13 14:25:39.271040 Epoch [72/100] batch [257/391] loss 1.2520 lr 0.01935464731735119 acc 64.84% eta 0:16:17
2023-04-13 14:25:51,369 - __main__ - INFO - [INFO] 2023-04-13 14:25:51.369664 Epoch [72/100] batch [385/391] loss 1.4590 lr 0.01935464731735119 acc 56.25% eta 0:16:00
2023-04-13 14:25:51,914 - __main__ - INFO - Computing epoch 72 validation accuracy...
2023-04-13 14:25:55,336 - __main__ - INFO - Computing epoch 72 validation loss...
2023-04-13 14:25:58,693 - __main__ - INFO - [INFO] 2023-04-13 14:25:58.693160 Epoch [73/100] batch [1/391] loss 1.0732 lr 0.018128800512565532 acc 69.53% eta 0:21:22
2023-04-13 14:26:11,145 - __main__ - INFO - [INFO] 2023-04-13 14:26:11.144910 Epoch [73/100] batch [129/391] loss 1.1338 lr 0.018128800512565532 acc 63.28% eta 0:16:07
2023-04-13 14:26:23,333 - __main__ - INFO - [INFO] 2023-04-13 14:26:23.333006 Epoch [73/100] batch [257/391] loss 1.2881 lr 0.018128800512565532 acc 67.19% eta 0:15:44
2023-04-13 14:26:35,842 - __main__ - INFO - [INFO] 2023-04-13 14:26:35.841978 Epoch [73/100] batch [385/391] loss 1.1680 lr 0.018128800512565532 acc 64.06% eta 0:15:38
2023-04-13 14:26:36,383 - __main__ - INFO - Computing epoch 73 validation accuracy...
2023-04-13 14:26:39,686 - __main__ - INFO - Computing epoch 73 validation loss...
2023-04-13 14:26:43,318 - __main__ - INFO - [INFO] 2023-04-13 14:26:43.318599 Epoch [74/100] batch [1/391] loss 1.0986 lr 0.016934406733817433 acc 71.09% eta 0:16:36
2023-04-13 14:26:55,647 - __main__ - INFO - [INFO] 2023-04-13 14:26:55.647300 Epoch [74/100] batch [129/391] loss 1.3574 lr 0.016934406733817433 acc 63.28% eta 0:15:22
2023-04-13 14:27:07,720 - __main__ - INFO - [INFO] 2023-04-13 14:27:07.720494 Epoch [74/100] batch [257/391] loss 1.0654 lr 0.016934406733817433 acc 67.97% eta 0:15:00
2023-04-13 14:27:19,603 - __main__ - INFO - [INFO] 2023-04-13 14:27:19.603013 Epoch [74/100] batch [385/391] loss 1.1807 lr 0.016934406733817433 acc 61.72% eta 0:14:40
2023-04-13 14:27:20,123 - __main__ - INFO - Computing epoch 74 validation accuracy...
2023-04-13 14:27:23,444 - __main__ - INFO - Computing epoch 74 validation loss...
2023-04-13 14:27:26,771 - __main__ - INFO - [INFO] 2023-04-13 14:27:26.771493 Epoch [75/100] batch [1/391] loss 2.5547 lr 0.01577264470356558 acc 65.62% eta 0:15:45
2023-04-13 14:27:38,971 - __main__ - INFO - [INFO] 2023-04-13 14:27:38.971563 Epoch [75/100] batch [129/391] loss 1.2988 lr 0.01577264470356558 acc 69.53% eta 0:14:38
2023-04-13 14:27:51,160 - __main__ - INFO - [INFO] 2023-04-13 14:27:51.160404 Epoch [75/100] batch [257/391] loss 1.2285 lr 0.01577264470356558 acc 66.41% eta 0:14:26
2023-04-13 14:28:03,278 - __main__ - INFO - [INFO] 2023-04-13 14:28:03.278437 Epoch [75/100] batch [385/391] loss 0.9976 lr 0.01577264470356558 acc 72.66% eta 0:14:13
2023-04-13 14:28:03,881 - __main__ - INFO - Computing epoch 75 validation accuracy...
2023-04-13 14:28:07,332 - __main__ - INFO - Computing epoch 75 validation loss...
2023-04-13 14:28:10,953 - __main__ - INFO - [INFO] 2023-04-13 14:28:10.952936 Epoch [76/100] batch [1/391] loss 1.2080 lr 0.014644660940672643 acc 65.62% eta 0:15:26
2023-04-13 14:28:23,088 - __main__ - INFO - [INFO] 2023-04-13 14:28:23.087846 Epoch [76/100] batch [129/391] loss 1.3047 lr 0.014644660940672643 acc 66.41% eta 0:13:59
2023-04-13 14:28:35,012 - __main__ - INFO - [INFO] 2023-04-13 14:28:35.012110 Epoch [76/100] batch [257/391] loss 1.2705 lr 0.014644660940672643 acc 65.62% eta 0:13:40
2023-04-13 14:28:47,001 - __main__ - INFO - [INFO] 2023-04-13 14:28:47.001287 Epoch [76/100] batch [385/391] loss 1.0635 lr 0.014644660940672643 acc 70.31% eta 0:13:27
2023-04-13 14:28:47,529 - __main__ - INFO - Computing epoch 76 validation accuracy...
2023-04-13 14:28:50,718 - __main__ - INFO - Computing epoch 76 validation loss...
2023-04-13 14:28:54,090 - __main__ - INFO - [INFO] 2023-04-13 14:28:54.090016 Epoch [77/100] batch [1/391] loss 2.5078 lr 0.013551568628929448 acc 69.53% eta 0:15:25
2023-04-13 14:29:06,091 - __main__ - INFO - [INFO] 2023-04-13 14:29:06.091118 Epoch [77/100] batch [129/391] loss 1.4072 lr 0.013551568628929448 acc 56.25% eta 0:13:15
2023-04-13 14:29:18,188 - __main__ - INFO - [INFO] 2023-04-13 14:29:18.188448 Epoch [77/100] batch [257/391] loss 1.0850 lr 0.013551568628929448 acc 68.75% eta 0:13:06
2023-04-13 14:29:30,256 - __main__ - INFO - [INFO] 2023-04-13 14:29:30.256268 Epoch [77/100] batch [385/391] loss 1.3184 lr 0.013551568628929448 acc 66.41% eta 0:12:57
2023-04-13 14:29:30,794 - __main__ - INFO - Computing epoch 77 validation accuracy...
2023-04-13 14:29:34,125 - __main__ - INFO - Computing epoch 77 validation loss...
2023-04-13 14:29:37,568 - __main__ - INFO - [INFO] 2023-04-13 14:29:37.568349 Epoch [78/100] batch [1/391] loss 2.4414 lr 0.012494446518477033 acc 65.62% eta 0:15:02
2023-04-13 14:29:49,638 - __main__ - INFO - [INFO] 2023-04-13 14:29:49.638427 Epoch [78/100] batch [129/391] loss 0.7969 lr 0.012494446518477033 acc 79.69% eta 0:12:47
2023-04-13 14:30:01,582 - __main__ - INFO - [INFO] 2023-04-13 14:30:01.582631 Epoch [78/100] batch [257/391] loss 1.1045 lr 0.012494446518477033 acc 62.50% eta 0:12:31
2023-04-13 14:30:14,107 - __main__ - INFO - [INFO] 2023-04-13 14:30:14.107090 Epoch [78/100] batch [385/391] loss 1.3398 lr 0.012494446518477033 acc 66.41% eta 0:12:30
2023-04-13 14:30:14,657 - __main__ - INFO - Computing epoch 78 validation accuracy...
2023-04-13 14:30:18,128 - __main__ - INFO - Computing epoch 78 validation loss...
2023-04-13 14:30:21,474 - __main__ - INFO - [INFO] 2023-04-13 14:30:21.474215 Epoch [79/100] batch [1/391] loss 2.5996 lr 0.011474337861210555 acc 67.19% eta 0:13:59
2023-04-13 14:30:33,572 - __main__ - INFO - [INFO] 2023-04-13 14:30:33.571889 Epoch [79/100] batch [129/391] loss 0.9766 lr 0.011474337861210555 acc 73.44% eta 0:12:16
2023-04-13 14:30:45,565 - __main__ - INFO - [INFO] 2023-04-13 14:30:45.565793 Epoch [79/100] batch [257/391] loss 0.9058 lr 0.011474337861210555 acc 73.44% eta 0:12:01
2023-04-13 14:30:57,652 - __main__ - INFO - [INFO] 2023-04-13 14:30:57.652795 Epoch [79/100] batch [385/391] loss 1.0518 lr 0.011474337861210555 acc 73.44% eta 0:11:50
2023-04-13 14:30:58,246 - __main__ - INFO - Computing epoch 79 validation accuracy...
2023-04-13 14:31:01,591 - __main__ - INFO - Computing epoch 79 validation loss...
2023-04-13 14:31:05,018 - __main__ - INFO - [INFO] 2023-04-13 14:31:05.018211 Epoch [80/100] batch [1/391] loss 0.9038 lr 0.01049224938121549 acc 76.56% eta 0:12:40
2023-04-13 14:31:17,261 - __main__ - INFO - [INFO] 2023-04-13 14:31:17.261206 Epoch [80/100] batch [129/391] loss 1.0869 lr 0.01049224938121549 acc 67.97% eta 0:11:49
2023-04-13 14:31:29,159 - __main__ - INFO - [INFO] 2023-04-13 14:31:29.159399 Epoch [80/100] batch [257/391] loss 0.9414 lr 0.01049224938121549 acc 73.44% eta 0:11:27
2023-04-13 14:31:41,282 - __main__ - INFO - [INFO] 2023-04-13 14:31:41.282039 Epoch [80/100] batch [385/391] loss 1.1270 lr 0.01049224938121549 acc 67.97% eta 0:11:17
2023-04-13 14:31:41,814 - __main__ - INFO - Computing epoch 80 validation accuracy...
2023-04-13 14:31:45,110 - __main__ - INFO - Computing epoch 80 validation loss...
2023-04-13 14:31:48,497 - __main__ - INFO - [INFO] 2023-04-13 14:31:48.497752 Epoch [81/100] batch [1/391] loss 2.5039 lr 0.009549150281252642 acc 66.41% eta 0:11:55
2023-04-13 14:32:00,585 - __main__ - INFO - [INFO] 2023-04-13 14:32:00.585071 Epoch [81/100] batch [129/391] loss 0.8970 lr 0.009549150281252642 acc 78.12% eta 0:11:06
2023-04-13 14:32:12,647 - __main__ - INFO - [INFO] 2023-04-13 14:32:12.647313 Epoch [81/100] batch [257/391] loss 1.2090 lr 0.009549150281252642 acc 64.84% eta 0:10:53
2023-04-13 14:32:24,666 - __main__ - INFO - [INFO] 2023-04-13 14:32:24.666135 Epoch [81/100] batch [385/391] loss 0.9487 lr 0.009549150281252642 acc 70.31% eta 0:10:41
2023-04-13 14:32:25,198 - __main__ - INFO - Computing epoch 81 validation accuracy...
2023-04-13 14:32:28,478 - __main__ - INFO - Computing epoch 81 validation loss...
2023-04-13 14:32:31,918 - __main__ - INFO - [INFO] 2023-04-13 14:32:31.918277 Epoch [82/100] batch [1/391] loss 2.5273 lr 0.008645971286271922 acc 67.19% eta 0:11:51
2023-04-13 14:32:44,264 - __main__ - INFO - [INFO] 2023-04-13 14:32:44.263985 Epoch [82/100] batch [129/391] loss 0.9741 lr 0.008645971286271922 acc 69.53% eta 0:10:48
2023-04-13 14:32:56,315 - __main__ - INFO - [INFO] 2023-04-13 14:32:56.315203 Epoch [82/100] batch [257/391] loss 0.9893 lr 0.008645971286271922 acc 68.75% eta 0:10:28
2023-04-13 14:33:08,500 - __main__ - INFO - [INFO] 2023-04-13 14:33:08.500270 Epoch [82/100] batch [385/391] loss 1.1709 lr 0.008645971286271922 acc 67.97% eta 0:10:16
2023-04-13 14:33:09,045 - __main__ - INFO - Computing epoch 82 validation accuracy...
2023-04-13 14:33:12,338 - __main__ - INFO - Computing epoch 82 validation loss...
2023-04-13 14:33:15,748 - __main__ - INFO - [INFO] 2023-04-13 14:33:15.748502 Epoch [83/100] batch [1/391] loss 0.8477 lr 0.007783603724899264 acc 76.56% eta 0:11:31
2023-04-13 14:33:27,816 - __main__ - INFO - [INFO] 2023-04-13 14:33:27.816094 Epoch [83/100] batch [129/391] loss 0.9878 lr 0.007783603724899264 acc 67.19% eta 0:09:58
2023-04-13 14:33:39,894 - __main__ - INFO - [INFO] 2023-04-13 14:33:39.894419 Epoch [83/100] batch [257/391] loss 0.8682 lr 0.007783603724899264 acc 75.00% eta 0:09:46
2023-04-13 14:33:52,157 - __main__ - INFO - [INFO] 2023-04-13 14:33:52.157398 Epoch [83/100] batch [385/391] loss 1.1055 lr 0.007783603724899264 acc 71.88% eta 0:09:38
2023-04-13 14:33:52,698 - __main__ - INFO - Computing epoch 83 validation accuracy...
2023-04-13 14:33:55,977 - __main__ - INFO - Computing epoch 83 validation loss...
2023-04-13 14:33:59,448 - __main__ - INFO - [INFO] 2023-04-13 14:33:59.447826 Epoch [84/100] batch [1/391] loss 2.5449 lr 0.006962898649802819 acc 64.06% eta 0:10:54
2023-04-13 14:34:11,785 - __main__ - INFO - [INFO] 2023-04-13 14:34:11.785539 Epoch [84/100] batch [129/391] loss 0.8892 lr 0.006962898649802819 acc 73.44% eta 0:09:38
2023-04-13 14:34:23,886 - __main__ - INFO - [INFO] 2023-04-13 14:34:23.886651 Epoch [84/100] batch [257/391] loss 0.9189 lr 0.006962898649802819 acc 71.88% eta 0:09:20
2023-04-13 14:34:35,899 - __main__ - INFO - [INFO] 2023-04-13 14:34:35.899424 Epoch [84/100] batch [385/391] loss 1.0127 lr 0.006962898649802819 acc 66.41% eta 0:09:05
2023-04-13 14:34:36,474 - __main__ - INFO - Computing epoch 84 validation accuracy...
2023-04-13 14:34:39,853 - __main__ - INFO - Computing epoch 84 validation loss...
2023-04-13 14:34:43,140 - __main__ - INFO - [INFO] 2023-04-13 14:34:43.140392 Epoch [85/100] batch [1/391] loss 2.4004 lr 0.0061846659978068265 acc 78.91% eta 0:09:28
2023-04-13 14:34:55,320 - __main__ - INFO - [INFO] 2023-04-13 14:34:55.320538 Epoch [85/100] batch [129/391] loss 0.8008 lr 0.0061846659978068265 acc 76.56% eta 0:08:55
2023-04-13 14:35:07,287 - __main__ - INFO - [INFO] 2023-04-13 14:35:07.287509 Epoch [85/100] batch [257/391] loss 0.6870 lr 0.0061846659978068265 acc 78.91% eta 0:08:39
2023-04-13 14:35:19,472 - __main__ - INFO - [INFO] 2023-04-13 14:35:19.472260 Epoch [85/100] batch [385/391] loss 0.9536 lr 0.0061846659978068265 acc 72.66% eta 0:08:29
2023-04-13 14:35:20,022 - __main__ - INFO - Computing epoch 85 validation accuracy...
2023-04-13 14:35:23,282 - __main__ - INFO - Computing epoch 85 validation loss...
2023-04-13 14:35:26,733 - __main__ - INFO - [INFO] 2023-04-13 14:35:26.733099 Epoch [86/100] batch [1/391] loss 0.8262 lr 0.005449673790581615 acc 75.78% eta 0:10:34
2023-04-13 14:35:39,018 - __main__ - INFO - [INFO] 2023-04-13 14:35:39.018454 Epoch [86/100] batch [129/391] loss 0.9736 lr 0.005449673790581615 acc 72.66% eta 0:08:25
2023-04-13 14:35:51,016 - __main__ - INFO - [INFO] 2023-04-13 14:35:51.016049 Epoch [86/100] batch [257/391] loss 0.8428 lr 0.005449673790581615 acc 76.56% eta 0:08:08
2023-04-13 14:36:03,296 - __main__ - INFO - [INFO] 2023-04-13 14:36:03.296105 Epoch [86/100] batch [385/391] loss 1.0195 lr 0.005449673790581615 acc 75.78% eta 0:07:58
2023-04-13 14:36:03,865 - __main__ - INFO - Computing epoch 86 validation accuracy...
2023-04-13 14:36:07,130 - __main__ - INFO - Computing epoch 86 validation loss...
2023-04-13 14:36:10,478 - __main__ - INFO - [INFO] 2023-04-13 14:36:10.477829 Epoch [87/100] batch [1/391] loss 1.0127 lr 0.004758647376699036 acc 72.66% eta 0:08:26
2023-04-13 14:36:22,461 - __main__ - INFO - [INFO] 2023-04-13 14:36:22.461086 Epoch [87/100] batch [129/391] loss 0.9287 lr 0.004758647376699036 acc 76.56% eta 0:07:39
2023-04-13 14:36:34,483 - __main__ - INFO - [INFO] 2023-04-13 14:36:34.483504 Epoch [87/100] batch [257/391] loss 1.0518 lr 0.004758647376699036 acc 70.31% eta 0:07:28
2023-04-13 14:36:46,661 - __main__ - INFO - [INFO] 2023-04-13 14:36:46.661328 Epoch [87/100] batch [385/391] loss 0.8438 lr 0.004758647376699036 acc 72.66% eta 0:07:19
2023-04-13 14:36:47,206 - __main__ - INFO - Computing epoch 87 validation accuracy...
2023-04-13 14:36:50,477 - __main__ - INFO - Computing epoch 87 validation loss...
2023-04-13 14:36:53,873 - __main__ - INFO - [INFO] 2023-04-13 14:36:53.873206 Epoch [88/100] batch [1/391] loss 2.4688 lr 0.004112268715800957 acc 69.53% eta 0:07:58
2023-04-13 14:37:06,500 - __main__ - INFO - [INFO] 2023-04-13 14:37:06.500808 Epoch [88/100] batch [129/391] loss 0.6440 lr 0.004112268715800957 acc 85.16% eta 0:07:29
2023-04-13 14:37:18,904 - __main__ - INFO - [INFO] 2023-04-13 14:37:18.904141 Epoch [88/100] batch [257/391] loss 0.8804 lr 0.004112268715800957 acc 74.22% eta 0:07:14
2023-04-13 14:37:30,888 - __main__ - INFO - [INFO] 2023-04-13 14:37:30.888065 Epoch [88/100] batch [385/391] loss 0.9204 lr 0.004112268715800957 acc 77.34% eta 0:06:56
2023-04-13 14:37:31,438 - __main__ - INFO - Computing epoch 88 validation accuracy...
2023-04-13 14:37:34,763 - __main__ - INFO - Computing epoch 88 validation loss...
2023-04-13 14:37:38,345 - __main__ - INFO - [INFO] 2023-04-13 14:37:38.345746 Epoch [89/100] batch [1/391] loss 1.0771 lr 0.003511175705587435 acc 69.53% eta 0:07:56
2023-04-13 14:37:50,437 - __main__ - INFO - [INFO] 2023-04-13 14:37:50.436854 Epoch [89/100] batch [129/391] loss 0.8564 lr 0.003511175705587435 acc 74.22% eta 0:06:36
2023-04-13 14:38:02,442 - __main__ - INFO - [INFO] 2023-04-13 14:38:02.442267 Epoch [89/100] batch [257/391] loss 0.8032 lr 0.003511175705587435 acc 79.69% eta 0:06:23
2023-04-13 14:38:14,548 - __main__ - INFO - [INFO] 2023-04-13 14:38:14.548330 Epoch [89/100] batch [385/391] loss 0.8545 lr 0.003511175705587435 acc 77.34% eta 0:06:12
2023-04-13 14:38:15,080 - __main__ - INFO - Computing epoch 89 validation accuracy...
2023-04-13 14:38:18,326 - __main__ - INFO - Computing epoch 89 validation loss...
2023-04-13 14:38:21,778 - __main__ - INFO - [INFO] 2023-04-13 14:38:21.778758 Epoch [90/100] batch [1/391] loss 2.5801 lr 0.0029559615522887295 acc 72.66% eta 0:06:47
2023-04-13 14:38:34,196 - __main__ - INFO - [INFO] 2023-04-13 14:38:34.196664 Epoch [90/100] batch [129/391] loss 0.8672 lr 0.0029559615522887295 acc 79.69% eta 0:06:12
2023-04-13 14:38:46,347 - __main__ - INFO - [INFO] 2023-04-13 14:38:46.347693 Epoch [90/100] batch [257/391] loss 0.9668 lr 0.0029559615522887295 acc 72.66% eta 0:05:56
2023-04-13 14:38:58,406 - __main__ - INFO - [INFO] 2023-04-13 14:38:58.406161 Epoch [90/100] batch [385/391] loss 1.0342 lr 0.0029559615522887295 acc 74.22% eta 0:05:42
2023-04-13 14:38:58,959 - __main__ - INFO - Computing epoch 90 validation accuracy...
2023-04-13 14:39:02,221 - __main__ - INFO - Computing epoch 90 validation loss...
2023-04-13 14:39:05,609 - __main__ - INFO - [INFO] 2023-04-13 14:39:05.609599 Epoch [91/100] batch [1/391] loss 0.7124 lr 0.0024471741852423253 acc 82.03% eta 0:05:55
2023-04-13 14:39:17,623 - __main__ - INFO - [INFO] 2023-04-13 14:39:17.623327 Epoch [91/100] batch [129/391] loss 1.0420 lr 0.0024471741852423253 acc 69.53% eta 0:05:25
2023-04-13 14:39:29,610 - __main__ - INFO - [INFO] 2023-04-13 14:39:29.610176 Epoch [91/100] batch [257/391] loss 0.8677 lr 0.0024471741852423253 acc 75.00% eta 0:05:13
2023-04-13 14:39:41,547 - __main__ - INFO - [INFO] 2023-04-13 14:39:41.547349 Epoch [91/100] batch [385/391] loss 0.9946 lr 0.0024471741852423253 acc 74.22% eta 0:05:02
2023-04-13 14:39:42,082 - __main__ - INFO - Computing epoch 91 validation accuracy...
2023-04-13 14:39:45,443 - __main__ - INFO - Computing epoch 91 validation loss...
2023-04-13 14:39:48,855 - __main__ - INFO - [INFO] 2023-04-13 14:39:48.855263 Epoch [92/100] batch [1/391] loss 0.7573 lr 0.0019853157161528537 acc 76.56% eta 0:06:59
2023-04-13 14:40:01,058 - __main__ - INFO - [INFO] 2023-04-13 14:40:01.058682 Epoch [92/100] batch [129/391] loss 0.8213 lr 0.0019853157161528537 acc 77.34% eta 0:04:57
2023-04-13 14:40:13,563 - __main__ - INFO - [INFO] 2023-04-13 14:40:13.563355 Epoch [92/100] batch [257/391] loss 0.7983 lr 0.0019853157161528537 acc 75.78% eta 0:04:49
2023-04-13 14:40:25,530 - __main__ - INFO - [INFO] 2023-04-13 14:40:25.530264 Epoch [92/100] batch [385/391] loss 0.9985 lr 0.0019853157161528537 acc 71.09% eta 0:04:35
2023-04-13 14:40:26,053 - __main__ - INFO - Computing epoch 92 validation accuracy...
2023-04-13 14:40:29,354 - __main__ - INFO - Computing epoch 92 validation loss...
2023-04-13 14:40:32,705 - __main__ - INFO - [INFO] 2023-04-13 14:40:32.705696 Epoch [93/100] batch [1/391] loss 0.7710 lr 0.0015708419435684529 acc 76.56% eta 0:04:50
2023-04-13 14:40:44,761 - __main__ - INFO - [INFO] 2023-04-13 14:40:44.761698 Epoch [93/100] batch [129/391] loss 0.6787 lr 0.0015708419435684529 acc 81.25% eta 0:04:19
2023-04-13 14:40:56,786 - __main__ - INFO - [INFO] 2023-04-13 14:40:56.786001 Epoch [93/100] batch [257/391] loss 0.8989 lr 0.0015708419435684529 acc 76.56% eta 0:04:07
2023-04-13 14:41:08,920 - __main__ - INFO - [INFO] 2023-04-13 14:41:08.920258 Epoch [93/100] batch [385/391] loss 0.8398 lr 0.0015708419435684529 acc 77.34% eta 0:03:57
2023-04-13 14:41:09,456 - __main__ - INFO - Computing epoch 93 validation accuracy...
2023-04-13 14:41:12,932 - __main__ - INFO - Computing epoch 93 validation loss...
2023-04-13 14:41:16,343 - __main__ - INFO - [INFO] 2023-04-13 14:41:16.343103 Epoch [94/100] batch [1/391] loss 2.3555 lr 0.0012041619030626347 acc 75.78% eta 0:04:06
2023-04-13 14:41:28,772 - __main__ - INFO - [INFO] 2023-04-13 14:41:28.772620 Epoch [94/100] batch [129/391] loss 0.7412 lr 0.0012041619030626347 acc 79.69% eta 0:03:52
2023-04-13 14:41:41,081 - __main__ - INFO - [INFO] 2023-04-13 14:41:41.081497 Epoch [94/100] batch [257/391] loss 1.1748 lr 0.0012041619030626347 acc 71.88% eta 0:03:40
2023-04-13 14:41:53,432 - __main__ - INFO - [INFO] 2023-04-13 14:41:53.431969 Epoch [94/100] batch [385/391] loss 1.0322 lr 0.0012041619030626347 acc 71.88% eta 0:03:28
2023-04-13 14:41:53,977 - __main__ - INFO - Computing epoch 94 validation accuracy...
2023-04-13 14:41:57,258 - __main__ - INFO - Computing epoch 94 validation loss...
2023-04-13 14:42:00,647 - __main__ - INFO - [INFO] 2023-04-13 14:42:00.647777 Epoch [95/100] batch [1/391] loss 0.8223 lr 0.0008856374635655646 acc 78.12% eta 0:04:01
2023-04-13 14:42:12,873 - __main__ - INFO - [INFO] 2023-04-13 14:42:12.873355 Epoch [95/100] batch [129/391] loss 0.8149 lr 0.0008856374635655646 acc 77.34% eta 0:03:14
2023-04-13 14:42:25,137 - __main__ - INFO - [INFO] 2023-04-13 14:42:25.137135 Epoch [95/100] batch [257/391] loss 0.7031 lr 0.0008856374635655646 acc 82.81% eta 0:03:03
2023-04-13 14:42:37,134 - __main__ - INFO - [INFO] 2023-04-13 14:42:37.134410 Epoch [95/100] batch [385/391] loss 0.7495 lr 0.0008856374635655646 acc 80.47% eta 0:02:50
2023-04-13 14:42:37,693 - __main__ - INFO - Computing epoch 95 validation accuracy...
2023-04-13 14:42:40,966 - __main__ - INFO - Computing epoch 95 validation loss...
2023-04-13 14:42:44,387 - __main__ - INFO - [INFO] 2023-04-13 14:42:44.387509 Epoch [96/100] batch [1/391] loss 2.2168 lr 0.0006155829702431174 acc 78.91% eta 0:03:16
2023-04-13 14:42:56,663 - __main__ - INFO - [INFO] 2023-04-13 14:42:56.663201 Epoch [96/100] batch [129/391] loss 0.6758 lr 0.0006155829702431174 acc 80.47% eta 0:02:40
2023-04-13 14:43:09,251 - __main__ - INFO - [INFO] 2023-04-13 14:43:09.251038 Epoch [96/100] batch [257/391] loss 0.7778 lr 0.0006155829702431174 acc 78.12% eta 0:02:31
2023-04-13 14:43:21,383 - __main__ - INFO - [INFO] 2023-04-13 14:43:21.382903 Epoch [96/100] batch [385/391] loss 0.6660 lr 0.0006155829702431174 acc 83.59% eta 0:02:19
2023-04-13 14:43:21,931 - __main__ - INFO - Computing epoch 96 validation accuracy...
2023-04-13 14:43:25,154 - __main__ - INFO - Computing epoch 96 validation loss...
2023-04-13 14:43:28,544 - __main__ - INFO - [INFO] 2023-04-13 14:43:28.544267 Epoch [97/100] batch [1/391] loss 0.6885 lr 0.00039426493427611206 acc 78.91% eta 0:02:59
2023-04-13 14:43:40,717 - __main__ - INFO - [INFO] 2023-04-13 14:43:40.716942 Epoch [97/100] batch [129/391] loss 0.7832 lr 0.00039426493427611206 acc 82.81% eta 0:02:05
2023-04-13 14:43:53,269 - __main__ - INFO - [INFO] 2023-04-13 14:43:53.268827 Epoch [97/100] batch [257/391] loss 0.7656 lr 0.00039426493427611206 acc 75.78% eta 0:01:55
2023-04-13 14:44:05,265 - __main__ - INFO - [INFO] 2023-04-13 14:44:05.265304 Epoch [97/100] batch [385/391] loss 0.7085 lr 0.00039426493427611206 acc 82.81% eta 0:01:43
2023-04-13 14:44:05,802 - __main__ - INFO - Computing epoch 97 validation accuracy...
2023-04-13 14:44:09,119 - __main__ - INFO - Computing epoch 97 validation loss...
2023-04-13 14:44:12,536 - __main__ - INFO - [INFO] 2023-04-13 14:44:12.535926 Epoch [98/100] batch [1/391] loss 2.3203 lr 0.00022190176984600036 acc 78.12% eta 0:01:48
2023-04-13 14:44:24,656 - __main__ - INFO - [INFO] 2023-04-13 14:44:24.656311 Epoch [98/100] batch [129/391] loss 0.9194 lr 0.00022190176984600036 acc 77.34% eta 0:01:30
2023-04-13 14:44:36,794 - __main__ - INFO - [INFO] 2023-04-13 14:44:36.794111 Epoch [98/100] batch [257/391] loss 0.8813 lr 0.00022190176984600036 acc 78.12% eta 0:01:19
2023-04-13 14:44:49,162 - __main__ - INFO - [INFO] 2023-04-13 14:44:49.161893 Epoch [98/100] batch [385/391] loss 0.7129 lr 0.00022190176984600036 acc 78.12% eta 0:01:09
2023-04-13 14:44:49,694 - __main__ - INFO - Computing epoch 98 validation accuracy...
2023-04-13 14:44:52,991 - __main__ - INFO - Computing epoch 98 validation loss...
2023-04-13 14:44:56,422 - __main__ - INFO - [INFO] 2023-04-13 14:44:56.422614 Epoch [99/100] batch [1/391] loss 0.8882 lr 9.866357858642213e-05 acc 74.22% eta 0:01:12
2023-04-13 14:45:08,411 - __main__ - INFO - [INFO] 2023-04-13 14:45:08.411289 Epoch [99/100] batch [129/391] loss 0.8755 lr 9.866357858642213e-05 acc 73.44% eta 0:00:56
2023-04-13 14:45:20,697 - __main__ - INFO - [INFO] 2023-04-13 14:45:20.696898 Epoch [99/100] batch [257/391] loss 0.7622 lr 9.866357858642213e-05 acc 76.56% eta 0:00:45
2023-04-13 14:45:32,819 - __main__ - INFO - [INFO] 2023-04-13 14:45:32.818998 Epoch [99/100] batch [385/391] loss 0.9717 lr 9.866357858642213e-05 acc 72.66% eta 0:00:34
2023-04-13 14:45:33,364 - __main__ - INFO - Computing epoch 99 validation accuracy...
2023-04-13 14:45:36,634 - __main__ - INFO - Computing epoch 99 validation loss...
2023-04-13 14:45:40,011 - __main__ - INFO - [INFO] 2023-04-13 14:45:40.011046 Epoch [100/100] batch [1/391] loss 0.9854 lr 2.4671981713420017e-05 acc 70.31% eta 0:00:34
2023-04-13 14:45:52,108 - __main__ - INFO - [INFO] 2023-04-13 14:45:52.108597 Epoch [100/100] batch [129/391] loss 0.6685 lr 2.4671981713420017e-05 acc 82.03% eta 0:00:22
2023-04-13 14:46:04,046 - __main__ - INFO - [INFO] 2023-04-13 14:46:04.046321 Epoch [100/100] batch [257/391] loss 0.6230 lr 2.4671981713420017e-05 acc 85.16% eta 0:00:11
2023-04-13 14:46:16,029 - __main__ - INFO - [INFO] 2023-04-13 14:46:16.028818 Epoch [100/100] batch [385/391] loss 0.7505 lr 2.4671981713420017e-05 acc 78.91% eta 0:00:00
2023-04-13 14:46:16,602 - __main__ - INFO - Computing epoch 100 validation accuracy...
2023-04-13 14:46:19,986 - __main__ - INFO - Computing epoch 100 validation loss...
2023-04-13 14:46:23,360 - __main__ - INFO - Reading testing data set cifar100
2023-04-13 14:46:24,111 - __main__ - INFO - Loading trained model...
2023-04-13 14:46:27,683 - __main__ - INFO - Testing acc : 67.71%.
