2023-04-10 14:36:27,497 - __main__ - INFO - 

2023-04-10 14:36:27,497 - __main__ - INFO - ***************
2023-04-10 14:36:27,498 - __main__ - INFO - ** Arguments **
2023-04-10 14:36:27,498 - __main__ - INFO - ***************
2023-04-10 14:36:27,498 - __main__ - INFO - backbone: vgg19
2023-04-10 14:36:27,498 - __main__ - INFO - dataname: cifar10
2023-04-10 14:36:27,498 - __main__ - INFO - drop_method: db
2023-04-10 14:36:27,498 - __main__ - INFO - drop_rate: 0.3
2023-04-10 14:36:27,498 - __main__ - INFO - eval_only: 0
2023-04-10 14:36:27,498 - __main__ - INFO - output_path: checkpoints/cifar10/vgg19/drop_db/rate_0.3/seed3
2023-04-10 14:36:27,498 - __main__ - INFO - part_rate: 0.1
2023-04-10 14:36:27,498 - __main__ - INFO - seed: 3
2023-04-10 14:36:27,498 - __main__ - INFO - weight_decay: 0.0005
2023-04-10 14:36:27,498 - __main__ - INFO - ************
2023-04-10 14:36:27,498 - __main__ - INFO - ** Config **
2023-04-10 14:36:27,498 - __main__ - INFO - ************
2023-04-10 14:36:27,498 - __main__ - INFO - {'DATALOADER': {'PATH': './data', 'DATANAME': 'cifar10', 'BATCH_SIZE': 128, 'NUM_CLASSES': 10}, 'INPUT': {'SIZE': [32, 32], 'PIXEL_MEAN': [0.4914, 0.4822, 0.4465], 'PIXEL_STD': [0.2023, 0.1994, 0.201]}, 'OUTPUT': {'DIR': 'checkpoints/cifar10/vgg19/drop_db/rate_0.3/seed3'}, 'SEED': 3, 'OPTIM': {'LR': 0.1, 'MAX_EPOCH': 100, 'LR_SCHEDULER': 'step', 'LR_MILESTONES': [20, 40, 80, 120, 140], 'LR_DECAY': 0.2, 'PART_RATE': 0.1, 'WEIGHT_DECAY': 0.0005, 'DROP_RATE': 0.3, 'DROP_METHOD': 'db', 'BLOCK_SIZE': 7}, 'MODEL': {'BACKBONE': 'vgg19'}}
2023-04-10 14:36:27,510 - __main__ - INFO - Reading training data set cifar10
2023-04-10 14:36:29,219 - __main__ - INFO - Loading raw model
2023-04-10 14:36:32,884 - __main__ - INFO - 
Saving everything to checkpoints/cifar10/vgg19/drop_db/rate_0.3/seed3
2023-04-10 14:36:32,884 - __main__ - INFO - Start training...
2023-04-10 14:36:38,707 - __main__ - INFO - [INFO] 2023-04-10 14:36:38.707498 Epoch [1/100] batch [1/391] loss 2.3281 lr 0.1 acc 15.62% eta 2 days, 15:07:30
2023-04-10 14:36:52,412 - __main__ - INFO - [INFO] 2023-04-10 14:36:52.412518 Epoch [1/100] batch [129/391] loss 2.0176 lr 0.1 acc 19.53% eta 1:23:27
2023-04-10 14:37:06,049 - __main__ - INFO - [INFO] 2023-04-10 14:37:06.049102 Epoch [1/100] batch [257/391] loss 2.1230 lr 0.1 acc 24.22% eta 1:08:26
2023-04-10 14:37:19,794 - __main__ - INFO - [INFO] 2023-04-10 14:37:19.794185 Epoch [1/100] batch [385/391] loss 1.8154 lr 0.1 acc 28.91% eta 1:03:33
2023-04-10 14:37:20,448 - __main__ - INFO - Computing epoch 1 validation accuracy...
2023-04-10 14:37:23,820 - __main__ - INFO - Computing epoch 1 validation loss...
2023-04-10 14:37:27,275 - __main__ - INFO - [INFO] 2023-04-10 14:37:27.275481 Epoch [2/100] batch [1/391] loss 1.8418 lr 0.09997532801828658 acc 25.00% eta 0:59:32
2023-04-10 14:37:40,907 - __main__ - INFO - [INFO] 2023-04-10 14:37:40.907117 Epoch [2/100] batch [129/391] loss 1.7471 lr 0.09997532801828658 acc 28.91% eta 0:53:23
2023-04-10 14:37:54,555 - __main__ - INFO - [INFO] 2023-04-10 14:37:54.554934 Epoch [2/100] batch [257/391] loss 1.6650 lr 0.09997532801828658 acc 28.91% eta 0:53:08
2023-04-10 14:38:08,142 - __main__ - INFO - [INFO] 2023-04-10 14:38:08.141928 Epoch [2/100] batch [385/391] loss 1.5537 lr 0.09997532801828658 acc 39.84% eta 0:52:57
2023-04-10 14:38:08,749 - __main__ - INFO - Computing epoch 2 validation accuracy...
2023-04-10 14:38:12,194 - __main__ - INFO - Computing epoch 2 validation loss...
2023-04-10 14:38:15,743 - __main__ - INFO - [INFO] 2023-04-10 14:38:15.743480 Epoch [3/100] batch [1/391] loss 1.6660 lr 0.09990133642141358 acc 32.81% eta 0:59:09
2023-04-10 14:38:29,441 - __main__ - INFO - [INFO] 2023-04-10 14:38:29.441055 Epoch [3/100] batch [129/391] loss 1.4355 lr 0.09990133642141358 acc 47.66% eta 0:53:05
2023-04-10 14:38:43,323 - __main__ - INFO - [INFO] 2023-04-10 14:38:43.323276 Epoch [3/100] batch [257/391] loss 1.3096 lr 0.09990133642141358 acc 42.19% eta 0:53:24
2023-04-10 14:38:56,866 - __main__ - INFO - [INFO] 2023-04-10 14:38:56.866821 Epoch [3/100] batch [385/391] loss 1.4121 lr 0.09990133642141358 acc 41.41% eta 0:52:47
2023-04-10 14:38:57,491 - __main__ - INFO - Computing epoch 3 validation accuracy...
2023-04-10 14:39:00,881 - __main__ - INFO - Computing epoch 3 validation loss...
2023-04-10 14:39:04,361 - __main__ - INFO - [INFO] 2023-04-10 14:39:04.360913 Epoch [4/100] batch [1/391] loss 1.4229 lr 0.099778098230154 acc 48.44% eta 0:56:29
2023-04-10 14:39:18,018 - __main__ - INFO - [INFO] 2023-04-10 14:39:18.018715 Epoch [4/100] batch [129/391] loss 1.3271 lr 0.099778098230154 acc 46.88% eta 0:52:25
2023-04-10 14:39:31,730 - __main__ - INFO - [INFO] 2023-04-10 14:39:31.730515 Epoch [4/100] batch [257/391] loss 1.1299 lr 0.099778098230154 acc 54.69% eta 0:52:18
2023-04-10 14:39:45,362 - __main__ - INFO - [INFO] 2023-04-10 14:39:45.362616 Epoch [4/100] batch [385/391] loss 1.2871 lr 0.099778098230154 acc 53.91% eta 0:52:01
2023-04-10 14:39:45,985 - __main__ - INFO - Computing epoch 4 validation accuracy...
2023-04-10 14:39:49,346 - __main__ - INFO - Computing epoch 4 validation loss...
2023-04-10 14:39:52,877 - __main__ - INFO - [INFO] 2023-04-10 14:39:52.876973 Epoch [5/100] batch [1/391] loss 1.3818 lr 0.0996057350657239 acc 42.19% eta 0:55:48
2023-04-10 14:40:06,552 - __main__ - INFO - [INFO] 2023-04-10 14:40:06.552319 Epoch [5/100] batch [129/391] loss 1.2773 lr 0.0996057350657239 acc 55.47% eta 0:51:56
2023-04-10 14:40:20,156 - __main__ - INFO - [INFO] 2023-04-10 14:40:20.156758 Epoch [5/100] batch [257/391] loss 1.1680 lr 0.0996057350657239 acc 62.50% eta 0:51:31
2023-04-10 14:40:33,932 - __main__ - INFO - [INFO] 2023-04-10 14:40:33.932772 Epoch [5/100] batch [385/391] loss 1.0977 lr 0.0996057350657239 acc 61.72% eta 0:51:38
2023-04-10 14:40:34,548 - __main__ - INFO - Computing epoch 5 validation accuracy...
2023-04-10 14:40:38,001 - __main__ - INFO - Computing epoch 5 validation loss...
2023-04-10 14:40:41,496 - __main__ - INFO - [INFO] 2023-04-10 14:40:41.496240 Epoch [6/100] batch [1/391] loss 1.1650 lr 0.09938441702975688 acc 60.94% eta 0:54:02
2023-04-10 14:40:55,311 - __main__ - INFO - [INFO] 2023-04-10 14:40:55.311299 Epoch [6/100] batch [129/391] loss 1.0762 lr 0.09938441702975688 acc 64.84% eta 0:52:12
2023-04-10 14:41:09,140 - __main__ - INFO - [INFO] 2023-04-10 14:41:09.140714 Epoch [6/100] batch [257/391] loss 0.8521 lr 0.09938441702975688 acc 64.84% eta 0:52:11
2023-04-10 14:41:23,093 - __main__ - INFO - [INFO] 2023-04-10 14:41:23.093367 Epoch [6/100] batch [385/391] loss 0.9399 lr 0.09938441702975688 acc 61.72% eta 0:52:49
2023-04-10 14:41:23,726 - __main__ - INFO - Computing epoch 6 validation accuracy...
2023-04-10 14:41:27,108 - __main__ - INFO - Computing epoch 6 validation loss...
2023-04-10 14:41:30,619 - __main__ - INFO - [INFO] 2023-04-10 14:41:30.618794 Epoch [7/100] batch [1/391] loss 0.9487 lr 0.09911436253643444 acc 66.41% eta 0:57:35
2023-04-10 14:41:44,321 - __main__ - INFO - [INFO] 2023-04-10 14:41:44.321249 Epoch [7/100] batch [129/391] loss 0.9048 lr 0.09911436253643444 acc 56.25% eta 0:51:07
2023-04-10 14:41:57,932 - __main__ - INFO - [INFO] 2023-04-10 14:41:57.931899 Epoch [7/100] batch [257/391] loss 0.9727 lr 0.09911436253643444 acc 54.69% eta 0:50:40
2023-04-10 14:42:11,765 - __main__ - INFO - [INFO] 2023-04-10 14:42:11.765190 Epoch [7/100] batch [385/391] loss 1.0059 lr 0.09911436253643444 acc 60.16% eta 0:50:46
2023-04-10 14:42:12,366 - __main__ - INFO - Computing epoch 7 validation accuracy...
2023-04-10 14:42:15,774 - __main__ - INFO - Computing epoch 7 validation loss...
2023-04-10 14:42:19,302 - __main__ - INFO - [INFO] 2023-04-10 14:42:19.301959 Epoch [8/100] batch [1/391] loss 0.9663 lr 0.09879583809693737 acc 57.81% eta 0:56:41
2023-04-10 14:42:33,076 - __main__ - INFO - [INFO] 2023-04-10 14:42:33.076055 Epoch [8/100] batch [129/391] loss 1.0752 lr 0.09879583809693737 acc 62.50% eta 0:51:09
2023-04-10 14:42:46,694 - __main__ - INFO - [INFO] 2023-04-10 14:42:46.694748 Epoch [8/100] batch [257/391] loss 1.0615 lr 0.09879583809693737 acc 60.16% eta 0:50:21
2023-04-10 14:43:00,349 - __main__ - INFO - [INFO] 2023-04-10 14:43:00.349381 Epoch [8/100] batch [385/391] loss 0.9883 lr 0.09879583809693737 acc 67.19% eta 0:50:02
2023-04-10 14:43:00,968 - __main__ - INFO - Computing epoch 8 validation accuracy...
2023-04-10 14:43:04,439 - __main__ - INFO - Computing epoch 8 validation loss...
2023-04-10 14:43:08,063 - __main__ - INFO - [INFO] 2023-04-10 14:43:08.063112 Epoch [9/100] batch [1/391] loss 0.9487 lr 0.09842915805643156 acc 65.62% eta 0:51:31
2023-04-10 14:43:21,781 - __main__ - INFO - [INFO] 2023-04-10 14:43:21.781647 Epoch [9/100] batch [129/391] loss 1.0283 lr 0.09842915805643156 acc 71.88% eta 0:49:53
2023-04-10 14:43:35,465 - __main__ - INFO - [INFO] 2023-04-10 14:43:35.465047 Epoch [9/100] batch [257/391] loss 0.8047 lr 0.09842915805643156 acc 75.00% eta 0:49:36
2023-04-10 14:43:49,300 - __main__ - INFO - [INFO] 2023-04-10 14:43:49.300405 Epoch [9/100] batch [385/391] loss 0.7671 lr 0.09842915805643156 acc 64.84% eta 0:49:45
2023-04-10 14:43:49,908 - __main__ - INFO - Computing epoch 9 validation accuracy...
2023-04-10 14:43:53,278 - __main__ - INFO - Computing epoch 9 validation loss...
2023-04-10 14:43:56,716 - __main__ - INFO - [INFO] 2023-04-10 14:43:56.716435 Epoch [10/100] batch [1/391] loss 0.7798 lr 0.09801468428384716 acc 69.53% eta 0:52:35
2023-04-10 14:44:10,406 - __main__ - INFO - [INFO] 2023-04-10 14:44:10.406371 Epoch [10/100] batch [129/391] loss 1.2500 lr 0.09801468428384716 acc 54.69% eta 0:49:17
2023-04-10 14:44:24,163 - __main__ - INFO - [INFO] 2023-04-10 14:44:24.163646 Epoch [10/100] batch [257/391] loss 0.6079 lr 0.09801468428384716 acc 78.12% eta 0:49:15
2023-04-10 14:44:37,933 - __main__ - INFO - [INFO] 2023-04-10 14:44:37.933105 Epoch [10/100] batch [385/391] loss 0.8398 lr 0.09801468428384716 acc 71.88% eta 0:49:09
2023-04-10 14:44:38,560 - __main__ - INFO - Computing epoch 10 validation accuracy...
2023-04-10 14:44:41,986 - __main__ - INFO - Computing epoch 10 validation loss...
2023-04-10 14:44:45,439 - __main__ - INFO - [INFO] 2023-04-10 14:44:45.439700 Epoch [11/100] batch [1/391] loss 0.8218 lr 0.09755282581475769 acc 69.53% eta 0:50:49
2023-04-10 14:44:59,052 - __main__ - INFO - [INFO] 2023-04-10 14:44:59.052589 Epoch [11/100] batch [129/391] loss 1.0352 lr 0.09755282581475769 acc 60.16% eta 0:48:23
2023-04-10 14:45:12,769 - __main__ - INFO - [INFO] 2023-04-10 14:45:12.769669 Epoch [11/100] batch [257/391] loss 0.6714 lr 0.09755282581475769 acc 65.62% eta 0:48:30
2023-04-10 14:45:26,583 - __main__ - INFO - [INFO] 2023-04-10 14:45:26.583023 Epoch [11/100] batch [385/391] loss 1.0020 lr 0.09755282581475769 acc 65.62% eta 0:48:33
2023-04-10 14:45:27,207 - __main__ - INFO - Computing epoch 11 validation accuracy...
2023-04-10 14:45:30,590 - __main__ - INFO - Computing epoch 11 validation loss...
2023-04-10 14:45:34,107 - __main__ - INFO - [INFO] 2023-04-10 14:45:34.107513 Epoch [12/100] batch [1/391] loss 0.7568 lr 0.09704403844771128 acc 66.41% eta 0:54:10
2023-04-10 14:45:48,101 - __main__ - INFO - [INFO] 2023-04-10 14:45:48.101278 Epoch [12/100] batch [129/391] loss 0.7563 lr 0.09704403844771128 acc 73.44% eta 0:49:54
2023-04-10 14:46:01,810 - __main__ - INFO - [INFO] 2023-04-10 14:46:01.810415 Epoch [12/100] batch [257/391] loss 0.8896 lr 0.09704403844771128 acc 71.88% eta 0:49:02
2023-04-10 14:46:15,420 - __main__ - INFO - [INFO] 2023-04-10 14:46:15.420480 Epoch [12/100] batch [385/391] loss 0.7847 lr 0.09704403844771128 acc 72.66% eta 0:48:30
2023-04-10 14:46:16,034 - __main__ - INFO - Computing epoch 12 validation accuracy...
2023-04-10 14:46:19,457 - __main__ - INFO - Computing epoch 12 validation loss...
2023-04-10 14:46:23,040 - __main__ - INFO - [INFO] 2023-04-10 14:46:23.040379 Epoch [13/100] batch [1/391] loss 0.7563 lr 0.09648882429441258 acc 74.22% eta 0:53:15
2023-04-10 14:46:36,824 - __main__ - INFO - [INFO] 2023-04-10 14:46:36.824673 Epoch [13/100] batch [129/391] loss 0.6895 lr 0.09648882429441258 acc 69.53% eta 0:48:16
2023-04-10 14:46:50,370 - __main__ - INFO - [INFO] 2023-04-10 14:46:50.370708 Epoch [13/100] batch [257/391] loss 0.7988 lr 0.09648882429441258 acc 70.31% eta 0:48:00
2023-04-10 14:47:04,049 - __main__ - INFO - [INFO] 2023-04-10 14:47:04.049112 Epoch [13/100] batch [385/391] loss 0.7974 lr 0.09648882429441258 acc 67.97% eta 0:47:36
2023-04-10 14:47:04,659 - __main__ - INFO - Computing epoch 13 validation accuracy...
2023-04-10 14:47:08,076 - __main__ - INFO - Computing epoch 13 validation loss...
2023-04-10 14:47:11,709 - __main__ - INFO - [INFO] 2023-04-10 14:47:11.709426 Epoch [14/100] batch [1/391] loss 0.7822 lr 0.09588773128419906 acc 71.88% eta 0:52:29
2023-04-10 14:47:25,520 - __main__ - INFO - [INFO] 2023-04-10 14:47:25.520070 Epoch [14/100] batch [129/391] loss 0.7490 lr 0.09588773128419906 acc 61.72% eta 0:48:02
2023-04-10 14:47:39,196 - __main__ - INFO - [INFO] 2023-04-10 14:47:39.196093 Epoch [14/100] batch [257/391] loss 1.0010 lr 0.09588773128419906 acc 60.16% eta 0:47:25
2023-04-10 14:47:52,798 - __main__ - INFO - [INFO] 2023-04-10 14:47:52.798331 Epoch [14/100] batch [385/391] loss 0.7080 lr 0.09588773128419906 acc 71.88% eta 0:46:58
2023-04-10 14:47:53,406 - __main__ - INFO - Computing epoch 14 validation accuracy...
2023-04-10 14:47:56,872 - __main__ - INFO - Computing epoch 14 validation loss...
2023-04-10 14:48:00,333 - __main__ - INFO - [INFO] 2023-04-10 14:48:00.333683 Epoch [15/100] batch [1/391] loss 0.8003 lr 0.09524135262330098 acc 73.44% eta 0:50:33
2023-04-10 14:48:14,030 - __main__ - INFO - [INFO] 2023-04-10 14:48:14.030395 Epoch [15/100] batch [129/391] loss 0.5518 lr 0.09524135262330098 acc 82.81% eta 0:46:45
2023-04-10 14:48:27,741 - __main__ - INFO - [INFO] 2023-04-10 14:48:27.741348 Epoch [15/100] batch [257/391] loss 0.7139 lr 0.09524135262330098 acc 68.75% eta 0:46:33
2023-04-10 14:48:41,317 - __main__ - INFO - [INFO] 2023-04-10 14:48:41.317136 Epoch [15/100] batch [385/391] loss 0.8184 lr 0.09524135262330098 acc 75.78% eta 0:46:04
2023-04-10 14:48:41,928 - __main__ - INFO - Computing epoch 15 validation accuracy...
2023-04-10 14:48:45,260 - __main__ - INFO - Computing epoch 15 validation loss...
2023-04-10 14:48:48,686 - __main__ - INFO - [INFO] 2023-04-10 14:48:48.685986 Epoch [16/100] batch [1/391] loss 0.5498 lr 0.0945503262094184 acc 85.16% eta 0:46:25
2023-04-10 14:49:02,589 - __main__ - INFO - [INFO] 2023-04-10 14:49:02.589403 Epoch [16/100] batch [129/391] loss 0.8208 lr 0.0945503262094184 acc 66.41% eta 0:47:11
2023-04-10 14:49:16,373 - __main__ - INFO - [INFO] 2023-04-10 14:49:16.373691 Epoch [16/100] batch [257/391] loss 0.8647 lr 0.0945503262094184 acc 70.31% eta 0:46:39
2023-04-10 14:49:30,082 - __main__ - INFO - [INFO] 2023-04-10 14:49:30.082049 Epoch [16/100] batch [385/391] loss 0.7163 lr 0.0945503262094184 acc 78.12% eta 0:46:25
2023-04-10 14:49:30,707 - __main__ - INFO - Computing epoch 16 validation accuracy...
2023-04-10 14:49:34,105 - __main__ - INFO - Computing epoch 16 validation loss...
2023-04-10 14:49:37,647 - __main__ - INFO - [INFO] 2023-04-10 14:49:37.646865 Epoch [17/100] batch [1/391] loss 0.6001 lr 0.09381533400219319 acc 78.91% eta 0:49:04
2023-04-10 14:49:51,469 - __main__ - INFO - [INFO] 2023-04-10 14:49:51.469741 Epoch [17/100] batch [129/391] loss 0.7637 lr 0.09381533400219319 acc 69.53% eta 0:46:14
2023-04-10 14:50:05,180 - __main__ - INFO - [INFO] 2023-04-10 14:50:05.179955 Epoch [17/100] batch [257/391] loss 0.7222 lr 0.09381533400219319 acc 77.34% eta 0:45:42
2023-04-10 14:50:19,035 - __main__ - INFO - [INFO] 2023-04-10 14:50:19.035759 Epoch [17/100] batch [385/391] loss 0.8501 lr 0.09381533400219319 acc 71.09% eta 0:45:42
2023-04-10 14:50:19,660 - __main__ - INFO - Computing epoch 17 validation accuracy...
2023-04-10 14:50:23,045 - __main__ - INFO - Computing epoch 17 validation loss...
2023-04-10 14:50:26,537 - __main__ - INFO - [INFO] 2023-04-10 14:50:26.536901 Epoch [18/100] batch [1/391] loss 0.6396 lr 0.0930371013501972 acc 74.22% eta 0:47:46
2023-04-10 14:50:40,454 - __main__ - INFO - [INFO] 2023-04-10 14:50:40.454040 Epoch [18/100] batch [129/391] loss 0.8145 lr 0.0930371013501972 acc 68.75% eta 0:46:07
2023-04-10 14:50:54,311 - __main__ - INFO - [INFO] 2023-04-10 14:50:54.310926 Epoch [18/100] batch [257/391] loss 0.7075 lr 0.0930371013501972 acc 71.88% eta 0:45:52
2023-04-10 14:51:08,116 - __main__ - INFO - [INFO] 2023-04-10 14:51:08.116675 Epoch [18/100] batch [385/391] loss 0.6343 lr 0.0930371013501972 acc 71.09% eta 0:45:35
2023-04-10 14:51:08,728 - __main__ - INFO - Computing epoch 18 validation accuracy...
2023-04-10 14:51:12,131 - __main__ - INFO - Computing epoch 18 validation loss...
2023-04-10 14:51:15,640 - __main__ - INFO - [INFO] 2023-04-10 14:51:15.640304 Epoch [19/100] batch [1/391] loss 0.9883 lr 0.09221639627510078 acc 69.53% eta 1:12:27
2023-04-10 14:51:29,384 - __main__ - INFO - [INFO] 2023-04-10 14:51:29.384763 Epoch [19/100] batch [129/391] loss 0.6919 lr 0.09221639627510078 acc 77.34% eta 0:44:56
2023-04-10 14:51:43,075 - __main__ - INFO - [INFO] 2023-04-10 14:51:43.074612 Epoch [19/100] batch [257/391] loss 0.5488 lr 0.09221639627510078 acc 64.84% eta 0:44:29
2023-04-10 14:51:56,657 - __main__ - INFO - [INFO] 2023-04-10 14:51:56.657525 Epoch [19/100] batch [385/391] loss 0.6562 lr 0.09221639627510078 acc 78.91% eta 0:44:01
2023-04-10 14:51:57,263 - __main__ - INFO - Computing epoch 19 validation accuracy...
2023-04-10 14:52:00,650 - __main__ - INFO - Computing epoch 19 validation loss...
2023-04-10 14:52:04,341 - __main__ - INFO - [INFO] 2023-04-10 14:52:04.340906 Epoch [20/100] batch [1/391] loss 0.6787 lr 0.09135402871372812 acc 79.69% eta 0:46:34
2023-04-10 14:52:17,751 - __main__ - INFO - [INFO] 2023-04-10 14:52:17.751358 Epoch [20/100] batch [129/391] loss 0.5918 lr 0.09135402871372812 acc 78.91% eta 0:43:28
2023-04-10 14:52:31,421 - __main__ - INFO - [INFO] 2023-04-10 14:52:31.420994 Epoch [20/100] batch [257/391] loss 0.8525 lr 0.09135402871372812 acc 75.78% eta 0:43:28
2023-04-10 14:52:45,057 - __main__ - INFO - [INFO] 2023-04-10 14:52:45.057264 Epoch [20/100] batch [385/391] loss 0.5322 lr 0.09135402871372812 acc 78.12% eta 0:43:16
2023-04-10 14:52:45,669 - __main__ - INFO - Computing epoch 20 validation accuracy...
2023-04-10 14:52:49,108 - __main__ - INFO - Computing epoch 20 validation loss...
2023-04-10 14:52:52,581 - __main__ - INFO - [INFO] 2023-04-10 14:52:52.581052 Epoch [21/100] batch [1/391] loss 0.4954 lr 0.09045084971874741 acc 85.16% eta 0:47:39
2023-04-10 14:53:06,205 - __main__ - INFO - [INFO] 2023-04-10 14:53:06.205759 Epoch [21/100] batch [129/391] loss 0.7021 lr 0.09045084971874741 acc 72.66% eta 0:43:03
2023-04-10 14:53:19,846 - __main__ - INFO - [INFO] 2023-04-10 14:53:19.846224 Epoch [21/100] batch [257/391] loss 0.3899 lr 0.09045084971874741 acc 82.81% eta 0:42:59
2023-04-10 14:53:33,385 - __main__ - INFO - [INFO] 2023-04-10 14:53:33.385305 Epoch [21/100] batch [385/391] loss 0.7222 lr 0.09045084971874741 acc 71.88% eta 0:42:39
2023-04-10 14:53:33,991 - __main__ - INFO - Computing epoch 21 validation accuracy...
2023-04-10 14:53:37,372 - __main__ - INFO - Computing epoch 21 validation loss...
2023-04-10 14:53:40,856 - __main__ - INFO - [INFO] 2023-04-10 14:53:40.856028 Epoch [22/100] batch [1/391] loss 0.6016 lr 0.08950775061878455 acc 76.56% eta 0:46:35
2023-04-10 14:53:54,495 - __main__ - INFO - [INFO] 2023-04-10 14:53:54.495209 Epoch [22/100] batch [129/391] loss 0.6470 lr 0.08950775061878455 acc 76.56% eta 0:42:30
2023-04-10 14:54:08,424 - __main__ - INFO - [INFO] 2023-04-10 14:54:08.424013 Epoch [22/100] batch [257/391] loss 0.6792 lr 0.08950775061878455 acc 74.22% eta 0:43:02
2023-04-10 14:54:22,130 - __main__ - INFO - [INFO] 2023-04-10 14:54:22.130441 Epoch [22/100] batch [385/391] loss 0.6602 lr 0.08950775061878455 acc 71.09% eta 0:42:48
2023-04-10 14:54:22,763 - __main__ - INFO - Computing epoch 22 validation accuracy...
2023-04-10 14:54:26,102 - __main__ - INFO - Computing epoch 22 validation loss...
2023-04-10 14:54:29,548 - __main__ - INFO - [INFO] 2023-04-10 14:54:29.548228 Epoch [23/100] batch [1/391] loss 0.6348 lr 0.0885256621387895 acc 71.88% eta 0:43:56
2023-04-10 14:54:43,298 - __main__ - INFO - [INFO] 2023-04-10 14:54:43.298219 Epoch [23/100] batch [129/391] loss 0.6035 lr 0.0885256621387895 acc 82.81% eta 0:42:43
2023-04-10 14:54:56,886 - __main__ - INFO - [INFO] 2023-04-10 14:54:56.886496 Epoch [23/100] batch [257/391] loss 0.6665 lr 0.0885256621387895 acc 78.12% eta 0:42:13
2023-04-10 14:55:10,642 - __main__ - INFO - [INFO] 2023-04-10 14:55:10.642491 Epoch [23/100] batch [385/391] loss 0.7666 lr 0.0885256621387895 acc 70.31% eta 0:42:07
2023-04-10 14:55:11,259 - __main__ - INFO - Computing epoch 23 validation accuracy...
2023-04-10 14:55:14,640 - __main__ - INFO - Computing epoch 23 validation loss...
2023-04-10 14:55:18,053 - __main__ - INFO - [INFO] 2023-04-10 14:55:18.053003 Epoch [24/100] batch [1/391] loss 0.5811 lr 0.08750555348152302 acc 75.00% eta 0:43:15
2023-04-10 14:55:31,596 - __main__ - INFO - [INFO] 2023-04-10 14:55:31.596198 Epoch [24/100] batch [129/391] loss 0.5312 lr 0.08750555348152302 acc 84.38% eta 0:41:07
2023-04-10 14:55:45,264 - __main__ - INFO - [INFO] 2023-04-10 14:55:45.264363 Epoch [24/100] batch [257/391] loss 0.5122 lr 0.08750555348152302 acc 83.59% eta 0:41:18
2023-04-10 14:55:59,060 - __main__ - INFO - [INFO] 2023-04-10 14:55:59.060132 Epoch [24/100] batch [385/391] loss 0.7549 lr 0.08750555348152302 acc 76.56% eta 0:41:24
2023-04-10 14:55:59,669 - __main__ - INFO - Computing epoch 24 validation accuracy...
2023-04-10 14:56:03,093 - __main__ - INFO - Computing epoch 24 validation loss...
2023-04-10 14:56:07,071 - __main__ - INFO - [INFO] 2023-04-10 14:56:07.071085 Epoch [25/100] batch [1/391] loss 0.4844 lr 0.08644843137107061 acc 80.47% eta 0:58:01
2023-04-10 14:56:20,890 - __main__ - INFO - [INFO] 2023-04-10 14:56:20.890051 Epoch [25/100] batch [129/391] loss 0.6958 lr 0.08644843137107061 acc 83.59% eta 0:42:01
2023-04-10 14:56:34,470 - __main__ - INFO - [INFO] 2023-04-10 14:56:34.470478 Epoch [25/100] batch [257/391] loss 0.6318 lr 0.08644843137107061 acc 68.75% eta 0:41:12
2023-04-10 14:56:47,965 - __main__ - INFO - [INFO] 2023-04-10 14:56:47.965685 Epoch [25/100] batch [385/391] loss 0.6289 lr 0.08644843137107061 acc 75.00% eta 0:40:39
2023-04-10 14:56:48,574 - __main__ - INFO - Computing epoch 25 validation accuracy...
2023-04-10 14:56:52,018 - __main__ - INFO - Computing epoch 25 validation loss...
2023-04-10 14:56:55,447 - __main__ - INFO - [INFO] 2023-04-10 14:56:55.447543 Epoch [26/100] batch [1/391] loss 0.9067 lr 0.0853553390593274 acc 77.34% eta 0:42:02
2023-04-10 14:57:09,000 - __main__ - INFO - [INFO] 2023-04-10 14:57:09.000053 Epoch [26/100] batch [129/391] loss 0.7236 lr 0.0853553390593274 acc 73.44% eta 0:39:54
2023-04-10 14:57:22,541 - __main__ - INFO - [INFO] 2023-04-10 14:57:22.541067 Epoch [26/100] batch [257/391] loss 0.3994 lr 0.0853553390593274 acc 87.50% eta 0:39:42
2023-04-10 14:57:35,824 - __main__ - INFO - [INFO] 2023-04-10 14:57:35.824497 Epoch [26/100] batch [385/391] loss 0.6006 lr 0.0853553390593274 acc 71.09% eta 0:39:30
2023-04-10 14:57:36,442 - __main__ - INFO - Computing epoch 26 validation accuracy...
2023-04-10 14:57:39,853 - __main__ - INFO - Computing epoch 26 validation loss...
2023-04-10 14:57:43,332 - __main__ - INFO - [INFO] 2023-04-10 14:57:43.332435 Epoch [27/100] batch [1/391] loss 0.5361 lr 0.08422735529643446 acc 76.56% eta 0:42:43
2023-04-10 14:57:56,999 - __main__ - INFO - [INFO] 2023-04-10 14:57:56.999308 Epoch [27/100] batch [129/391] loss 0.7412 lr 0.08422735529643446 acc 75.78% eta 0:39:56
2023-04-10 14:58:10,501 - __main__ - INFO - [INFO] 2023-04-10 14:58:10.501621 Epoch [27/100] batch [257/391] loss 0.4485 lr 0.08422735529643446 acc 82.81% eta 0:39:26
2023-04-10 14:58:24,189 - __main__ - INFO - [INFO] 2023-04-10 14:58:24.189650 Epoch [27/100] batch [385/391] loss 0.6436 lr 0.08422735529643446 acc 72.66% eta 0:39:26
2023-04-10 14:58:24,798 - __main__ - INFO - Computing epoch 27 validation accuracy...
2023-04-10 14:58:28,154 - __main__ - INFO - Computing epoch 27 validation loss...
2023-04-10 14:58:31,648 - __main__ - INFO - [INFO] 2023-04-10 14:58:31.648013 Epoch [28/100] batch [1/391] loss 0.5215 lr 0.08306559326618262 acc 82.03% eta 0:42:38
2023-04-10 14:58:45,197 - __main__ - INFO - [INFO] 2023-04-10 14:58:45.197802 Epoch [28/100] batch [129/391] loss 0.5273 lr 0.08306559326618262 acc 78.12% eta 0:39:00
2023-04-10 14:58:58,872 - __main__ - INFO - [INFO] 2023-04-10 14:58:58.872767 Epoch [28/100] batch [257/391] loss 0.5596 lr 0.08306559326618262 acc 81.25% eta 0:39:03
2023-04-10 14:59:12,584 - __main__ - INFO - [INFO] 2023-04-10 14:59:12.584014 Epoch [28/100] batch [385/391] loss 0.8037 lr 0.08306559326618262 acc 73.44% eta 0:39:02
2023-04-10 14:59:13,199 - __main__ - INFO - Computing epoch 28 validation accuracy...
2023-04-10 14:59:16,568 - __main__ - INFO - Computing epoch 28 validation loss...
2023-04-10 14:59:20,013 - __main__ - INFO - [INFO] 2023-04-10 14:59:20.013493 Epoch [29/100] batch [1/391] loss 0.5142 lr 0.08187119948743452 acc 85.16% eta 0:45:16
2023-04-10 14:59:33,612 - __main__ - INFO - [INFO] 2023-04-10 14:59:33.612683 Epoch [29/100] batch [129/391] loss 0.6050 lr 0.08187119948743452 acc 75.00% eta 0:38:37
2023-04-10 14:59:47,341 - __main__ - INFO - [INFO] 2023-04-10 14:59:47.341517 Epoch [29/100] batch [257/391] loss 0.6074 lr 0.08187119948743452 acc 77.34% eta 0:38:38
2023-04-10 15:00:00,905 - __main__ - INFO - [INFO] 2023-04-10 15:00:00.905064 Epoch [29/100] batch [385/391] loss 0.7651 lr 0.08187119948743452 acc 78.12% eta 0:38:19
2023-04-10 15:00:01,521 - __main__ - INFO - Computing epoch 29 validation accuracy...
2023-04-10 15:00:04,883 - __main__ - INFO - Computing epoch 29 validation loss...
2023-04-10 15:00:08,324 - __main__ - INFO - [INFO] 2023-04-10 15:00:08.324751 Epoch [30/100] batch [1/391] loss 0.4878 lr 0.08064535268264886 acc 85.16% eta 0:41:16
2023-04-10 15:00:21,905 - __main__ - INFO - [INFO] 2023-04-10 15:00:21.905509 Epoch [30/100] batch [129/391] loss 0.6807 lr 0.08064535268264886 acc 79.69% eta 0:37:52
2023-04-10 15:00:35,738 - __main__ - INFO - [INFO] 2023-04-10 15:00:35.738437 Epoch [30/100] batch [257/391] loss 0.5571 lr 0.08064535268264886 acc 72.66% eta 0:38:21
2023-04-10 15:00:49,438 - __main__ - INFO - [INFO] 2023-04-10 15:00:49.438105 Epoch [30/100] batch [385/391] loss 0.5674 lr 0.08064535268264886 acc 74.22% eta 0:38:10
2023-04-10 15:00:50,047 - __main__ - INFO - Computing epoch 30 validation accuracy...
2023-04-10 15:00:53,474 - __main__ - INFO - Computing epoch 30 validation loss...
2023-04-10 15:00:56,971 - __main__ - INFO - [INFO] 2023-04-10 15:00:56.970863 Epoch [31/100] batch [1/391] loss 0.4973 lr 0.0793892626146237 acc 83.59% eta 0:42:51
2023-04-10 15:01:10,639 - __main__ - INFO - [INFO] 2023-04-10 15:01:10.639225 Epoch [31/100] batch [129/391] loss 0.6455 lr 0.0793892626146237 acc 79.69% eta 0:37:54
2023-04-10 15:01:24,344 - __main__ - INFO - [INFO] 2023-04-10 15:01:24.344673 Epoch [31/100] batch [257/391] loss 0.4727 lr 0.0793892626146237 acc 82.03% eta 0:37:51
2023-04-10 15:01:37,913 - __main__ - INFO - [INFO] 2023-04-10 15:01:37.913004 Epoch [31/100] batch [385/391] loss 0.6133 lr 0.0793892626146237 acc 77.34% eta 0:37:25
2023-04-10 15:01:38,513 - __main__ - INFO - Computing epoch 31 validation accuracy...
2023-04-10 15:01:41,892 - __main__ - INFO - Computing epoch 31 validation loss...
2023-04-10 15:01:45,321 - __main__ - INFO - [INFO] 2023-04-10 15:01:45.321684 Epoch [32/100] batch [1/391] loss 0.5342 lr 0.07810416889260657 acc 82.81% eta 0:38:46
2023-04-10 15:01:59,341 - __main__ - INFO - [INFO] 2023-04-10 15:01:59.340872 Epoch [32/100] batch [129/391] loss 0.6045 lr 0.07810416889260657 acc 78.12% eta 0:38:50
2023-04-10 15:02:13,126 - __main__ - INFO - [INFO] 2023-04-10 15:02:13.126479 Epoch [32/100] batch [257/391] loss 0.4919 lr 0.07810416889260657 acc 80.47% eta 0:38:12
2023-04-10 15:02:26,795 - __main__ - INFO - [INFO] 2023-04-10 15:02:26.795624 Epoch [32/100] batch [385/391] loss 0.6118 lr 0.07810416889260657 acc 78.12% eta 0:37:37
2023-04-10 15:02:27,430 - __main__ - INFO - Computing epoch 32 validation accuracy...
2023-04-10 15:02:30,855 - __main__ - INFO - Computing epoch 32 validation loss...
2023-04-10 15:02:34,346 - __main__ - INFO - [INFO] 2023-04-10 15:02:34.346480 Epoch [33/100] batch [1/391] loss 0.3491 lr 0.07679133974894986 acc 85.16% eta 0:38:57
2023-04-10 15:02:48,136 - __main__ - INFO - [INFO] 2023-04-10 15:02:48.135465 Epoch [33/100] batch [129/391] loss 0.5869 lr 0.07679133974894986 acc 72.66% eta 0:37:19
2023-04-10 15:03:01,630 - __main__ - INFO - [INFO] 2023-04-10 15:03:01.630308 Epoch [33/100] batch [257/391] loss 0.6216 lr 0.07679133974894986 acc 84.38% eta 0:36:56
2023-04-10 15:03:15,404 - __main__ - INFO - [INFO] 2023-04-10 15:03:15.404166 Epoch [33/100] batch [385/391] loss 0.5552 lr 0.07679133974894986 acc 85.16% eta 0:36:48
2023-04-10 15:03:16,039 - __main__ - INFO - Computing epoch 33 validation accuracy...
2023-04-10 15:03:19,810 - __main__ - INFO - Computing epoch 33 validation loss...
2023-04-10 15:03:23,363 - __main__ - INFO - [INFO] 2023-04-10 15:03:23.363278 Epoch [34/100] batch [1/391] loss 0.6343 lr 0.0754520707875186 acc 87.50% eta 0:39:44
2023-04-10 15:03:36,989 - __main__ - INFO - [INFO] 2023-04-10 15:03:36.989353 Epoch [34/100] batch [129/391] loss 0.4570 lr 0.0754520707875186 acc 78.91% eta 0:36:06
2023-04-10 15:03:50,655 - __main__ - INFO - [INFO] 2023-04-10 15:03:50.655327 Epoch [34/100] batch [257/391] loss 0.5308 lr 0.0754520707875186 acc 73.44% eta 0:35:57
2023-04-10 15:04:04,298 - __main__ - INFO - [INFO] 2023-04-10 15:04:04.298208 Epoch [34/100] batch [385/391] loss 0.5288 lr 0.0754520707875186 acc 75.78% eta 0:35:46
2023-04-10 15:04:04,892 - __main__ - INFO - Computing epoch 34 validation accuracy...
2023-04-10 15:04:08,263 - __main__ - INFO - Computing epoch 34 validation loss...
2023-04-10 15:04:11,849 - __main__ - INFO - [INFO] 2023-04-10 15:04:11.848936 Epoch [35/100] batch [1/391] loss 0.4875 lr 0.0740876837050858 acc 83.59% eta 0:43:32
2023-04-10 15:04:25,526 - __main__ - INFO - [INFO] 2023-04-10 15:04:25.526373 Epoch [35/100] batch [129/391] loss 0.4753 lr 0.0740876837050858 acc 82.81% eta 0:35:48
2023-04-10 15:04:39,215 - __main__ - INFO - [INFO] 2023-04-10 15:04:39.215750 Epoch [35/100] batch [257/391] loss 0.4983 lr 0.0740876837050858 acc 86.72% eta 0:35:36
2023-04-10 15:04:52,876 - __main__ - INFO - [INFO] 2023-04-10 15:04:52.876796 Epoch [35/100] batch [385/391] loss 0.7886 lr 0.0740876837050858 acc 75.78% eta 0:35:30
2023-04-10 15:04:53,503 - __main__ - INFO - Computing epoch 35 validation accuracy...
2023-04-10 15:04:56,936 - __main__ - INFO - Computing epoch 35 validation loss...
2023-04-10 15:05:00,557 - __main__ - INFO - [INFO] 2023-04-10 15:05:00.557203 Epoch [36/100] batch [1/391] loss 0.5625 lr 0.07269952498697738 acc 85.16% eta 0:49:41
2023-04-10 15:05:14,244 - __main__ - INFO - [INFO] 2023-04-10 15:05:14.244017 Epoch [36/100] batch [129/391] loss 0.5835 lr 0.07269952498697738 acc 82.81% eta 0:35:20
2023-04-10 15:05:28,052 - __main__ - INFO - [INFO] 2023-04-10 15:05:28.051596 Epoch [36/100] batch [257/391] loss 0.6211 lr 0.07269952498697738 acc 71.09% eta 0:35:33
2023-04-10 15:05:41,722 - __main__ - INFO - [INFO] 2023-04-10 15:05:41.722615 Epoch [36/100] batch [385/391] loss 0.4810 lr 0.07269952498697738 acc 82.81% eta 0:35:20
2023-04-10 15:05:42,322 - __main__ - INFO - Computing epoch 36 validation accuracy...
2023-04-10 15:05:45,721 - __main__ - INFO - Computing epoch 36 validation loss...
2023-04-10 15:05:49,178 - __main__ - INFO - [INFO] 2023-04-10 15:05:49.178017 Epoch [37/100] batch [1/391] loss 0.4429 lr 0.07128896457825366 acc 82.03% eta 0:36:29
2023-04-10 15:06:02,871 - __main__ - INFO - [INFO] 2023-04-10 15:06:02.871643 Epoch [37/100] batch [129/391] loss 0.6465 lr 0.07128896457825366 acc 75.78% eta 0:34:43
2023-04-10 15:06:16,409 - __main__ - INFO - [INFO] 2023-04-10 15:06:16.409275 Epoch [37/100] batch [257/391] loss 0.4851 lr 0.07128896457825366 acc 82.81% eta 0:34:10
2023-04-10 15:06:29,918 - __main__ - INFO - [INFO] 2023-04-10 15:06:29.918600 Epoch [37/100] batch [385/391] loss 0.7402 lr 0.07128896457825366 acc 78.12% eta 0:33:51
2023-04-10 15:06:30,541 - __main__ - INFO - Computing epoch 37 validation accuracy...
2023-04-10 15:06:33,934 - __main__ - INFO - Computing epoch 37 validation loss...
2023-04-10 15:06:37,365 - __main__ - INFO - [INFO] 2023-04-10 15:06:37.365347 Epoch [38/100] batch [1/391] loss 0.4111 lr 0.06985739453173906 acc 85.94% eta 0:36:29
2023-04-10 15:06:50,979 - __main__ - INFO - [INFO] 2023-04-10 15:06:50.979186 Epoch [38/100] batch [129/391] loss 0.4241 lr 0.06985739453173906 acc 83.59% eta 0:33:56
2023-04-10 15:07:04,548 - __main__ - INFO - [INFO] 2023-04-10 15:07:04.548684 Epoch [38/100] batch [257/391] loss 0.5762 lr 0.06985739453173906 acc 83.59% eta 0:33:41
2023-04-10 15:07:18,161 - __main__ - INFO - [INFO] 2023-04-10 15:07:18.161354 Epoch [38/100] batch [385/391] loss 0.3911 lr 0.06985739453173906 acc 78.12% eta 0:33:31
2023-04-10 15:07:18,770 - __main__ - INFO - Computing epoch 38 validation accuracy...
2023-04-10 15:07:22,240 - __main__ - INFO - Computing epoch 38 validation loss...
2023-04-10 15:07:25,634 - __main__ - INFO - [INFO] 2023-04-10 15:07:25.634047 Epoch [39/100] batch [1/391] loss 0.6436 lr 0.06840622763423394 acc 77.34% eta 0:35:05
2023-04-10 15:07:39,167 - __main__ - INFO - [INFO] 2023-04-10 15:07:39.167362 Epoch [39/100] batch [129/391] loss 0.5532 lr 0.06840622763423394 acc 78.91% eta 0:32:59
2023-04-10 15:07:52,711 - __main__ - INFO - [INFO] 2023-04-10 15:07:52.710798 Epoch [39/100] batch [257/391] loss 0.5137 lr 0.06840622763423394 acc 79.69% eta 0:32:50
2023-04-10 15:08:06,720 - __main__ - INFO - [INFO] 2023-04-10 15:08:06.719884 Epoch [39/100] batch [385/391] loss 0.5181 lr 0.06840622763423394 acc 72.66% eta 0:33:19
2023-04-10 15:08:07,308 - __main__ - INFO - Computing epoch 39 validation accuracy...
2023-04-10 15:08:10,605 - __main__ - INFO - Computing epoch 39 validation loss...
2023-04-10 15:08:14,014 - __main__ - INFO - [INFO] 2023-04-10 15:08:14.014560 Epoch [40/100] batch [1/391] loss 0.4595 lr 0.06693689601226462 acc 86.72% eta 0:35:25
2023-04-10 15:08:27,504 - __main__ - INFO - [INFO] 2023-04-10 15:08:27.504446 Epoch [40/100] batch [129/391] loss 0.6899 lr 0.06693689601226462 acc 75.00% eta 0:32:53
2023-04-10 15:08:41,149 - __main__ - INFO - [INFO] 2023-04-10 15:08:41.149408 Epoch [40/100] batch [257/391] loss 0.4917 lr 0.06693689601226462 acc 81.25% eta 0:32:42
2023-04-10 15:08:54,918 - __main__ - INFO - [INFO] 2023-04-10 15:08:54.918376 Epoch [40/100] batch [385/391] loss 0.4167 lr 0.06693689601226462 acc 87.50% eta 0:32:40
2023-04-10 15:08:55,540 - __main__ - INFO - Computing epoch 40 validation accuracy...
2023-04-10 15:08:58,895 - __main__ - INFO - Computing epoch 40 validation loss...
2023-04-10 15:09:02,336 - __main__ - INFO - [INFO] 2023-04-10 15:09:02.336079 Epoch [41/100] batch [1/391] loss 0.3845 lr 0.06545084971874741 acc 83.59% eta 0:36:03
2023-04-10 15:09:15,797 - __main__ - INFO - [INFO] 2023-04-10 15:09:15.796968 Epoch [41/100] batch [129/391] loss 0.5396 lr 0.06545084971874741 acc 82.03% eta 0:31:38
2023-04-10 15:09:29,471 - __main__ - INFO - [INFO] 2023-04-10 15:09:29.470900 Epoch [41/100] batch [257/391] loss 0.4985 lr 0.06545084971874741 acc 85.16% eta 0:31:57
2023-04-10 15:09:43,186 - __main__ - INFO - [INFO] 2023-04-10 15:09:43.185933 Epoch [41/100] batch [385/391] loss 0.4919 lr 0.06545084971874741 acc 83.59% eta 0:32:04
2023-04-10 15:09:43,816 - __main__ - INFO - Computing epoch 41 validation accuracy...
2023-04-10 15:09:47,224 - __main__ - INFO - Computing epoch 41 validation loss...
2023-04-10 15:09:50,686 - __main__ - INFO - [INFO] 2023-04-10 15:09:50.686353 Epoch [42/100] batch [1/391] loss 0.3962 lr 0.06394955530196152 acc 89.84% eta 0:34:53
2023-04-10 15:10:04,203 - __main__ - INFO - [INFO] 2023-04-10 15:10:04.203801 Epoch [42/100] batch [129/391] loss 0.4500 lr 0.06394955530196152 acc 85.16% eta 0:31:14
2023-04-10 15:10:17,745 - __main__ - INFO - [INFO] 2023-04-10 15:10:17.745205 Epoch [42/100] batch [257/391] loss 0.4277 lr 0.06394955530196152 acc 83.59% eta 0:31:07
2023-04-10 15:10:31,634 - __main__ - INFO - [INFO] 2023-04-10 15:10:31.634754 Epoch [42/100] batch [385/391] loss 0.5156 lr 0.06394955530196152 acc 85.94% eta 0:31:28
2023-04-10 15:10:32,262 - __main__ - INFO - Computing epoch 42 validation accuracy...
2023-04-10 15:10:35,658 - __main__ - INFO - Computing epoch 42 validation loss...
2023-04-10 15:10:39,158 - __main__ - INFO - [INFO] 2023-04-10 15:10:39.158804 Epoch [43/100] batch [1/391] loss 0.4873 lr 0.062434494358242776 acc 81.25% eta 0:33:45
2023-04-10 15:10:53,194 - __main__ - INFO - [INFO] 2023-04-10 15:10:53.194015 Epoch [43/100] batch [129/391] loss 0.4465 lr 0.062434494358242776 acc 85.16% eta 0:32:28
2023-04-10 15:11:06,925 - __main__ - INFO - [INFO] 2023-04-10 15:11:06.925164 Epoch [43/100] batch [257/391] loss 0.3396 lr 0.062434494358242776 acc 85.16% eta 0:31:49
2023-04-10 15:11:20,790 - __main__ - INFO - [INFO] 2023-04-10 15:11:20.790492 Epoch [43/100] batch [385/391] loss 0.5264 lr 0.062434494358242776 acc 82.03% eta 0:31:39
2023-04-10 15:11:21,416 - __main__ - INFO - Computing epoch 43 validation accuracy...
2023-04-10 15:11:24,822 - __main__ - INFO - Computing epoch 43 validation loss...
2023-04-10 15:11:28,456 - __main__ - INFO - [INFO] 2023-04-10 15:11:28.456182 Epoch [44/100] batch [1/391] loss 0.5259 lr 0.06090716206982718 acc 83.59% eta 0:33:05
2023-04-10 15:11:42,130 - __main__ - INFO - [INFO] 2023-04-10 15:11:42.130035 Epoch [44/100] batch [129/391] loss 0.4358 lr 0.06090716206982718 acc 80.47% eta 0:30:57
2023-04-10 15:11:55,843 - __main__ - INFO - [INFO] 2023-04-10 15:11:55.843250 Epoch [44/100] batch [257/391] loss 0.4321 lr 0.06090716206982718 acc 76.56% eta 0:30:45
2023-04-10 15:12:09,748 - __main__ - INFO - [INFO] 2023-04-10 15:12:09.748221 Epoch [44/100] batch [385/391] loss 0.6040 lr 0.06090716206982718 acc 77.34% eta 0:30:50
2023-04-10 15:12:10,360 - __main__ - INFO - Computing epoch 44 validation accuracy...
2023-04-10 15:12:13,749 - __main__ - INFO - Computing epoch 44 validation loss...
2023-04-10 15:12:17,235 - __main__ - INFO - [INFO] 2023-04-10 15:12:17.235028 Epoch [45/100] batch [1/391] loss 0.3628 lr 0.05936906572928628 acc 89.06% eta 0:32:10
2023-04-10 15:12:31,188 - __main__ - INFO - [INFO] 2023-04-10 15:12:31.187874 Epoch [45/100] batch [129/391] loss 0.2993 lr 0.05936906572928628 acc 86.72% eta 0:31:28
2023-04-10 15:12:44,892 - __main__ - INFO - [INFO] 2023-04-10 15:12:44.892441 Epoch [45/100] batch [257/391] loss 0.4409 lr 0.05936906572928628 acc 88.28% eta 0:30:59
2023-04-10 15:12:58,667 - __main__ - INFO - [INFO] 2023-04-10 15:12:58.666733 Epoch [45/100] batch [385/391] loss 0.5259 lr 0.05936906572928628 acc 89.06% eta 0:30:36
2023-04-10 15:12:59,290 - __main__ - INFO - Computing epoch 45 validation accuracy...
2023-04-10 15:13:02,653 - __main__ - INFO - Computing epoch 45 validation loss...
2023-04-10 15:13:06,107 - __main__ - INFO - [INFO] 2023-04-10 15:13:06.107245 Epoch [46/100] batch [1/391] loss 0.5347 lr 0.05782172325201159 acc 75.78% eta 0:30:36
2023-04-10 15:13:19,843 - __main__ - INFO - [INFO] 2023-04-10 15:13:19.843294 Epoch [46/100] batch [129/391] loss 0.6260 lr 0.05782172325201159 acc 82.03% eta 0:29:51
2023-04-10 15:13:33,606 - __main__ - INFO - [INFO] 2023-04-10 15:13:33.606469 Epoch [46/100] batch [257/391] loss 0.4434 lr 0.05782172325201159 acc 81.25% eta 0:29:49
2023-04-10 15:13:47,369 - __main__ - INFO - [INFO] 2023-04-10 15:13:47.369368 Epoch [46/100] batch [385/391] loss 0.3679 lr 0.05782172325201159 acc 82.81% eta 0:29:40
2023-04-10 15:13:47,989 - __main__ - INFO - Computing epoch 46 validation accuracy...
2023-04-10 15:13:51,376 - __main__ - INFO - Computing epoch 46 validation loss...
2023-04-10 15:13:54,793 - __main__ - INFO - [INFO] 2023-04-10 15:13:54.793029 Epoch [47/100] batch [1/391] loss 0.4458 lr 0.056266661678215264 acc 87.50% eta 0:30:41
2023-04-10 15:14:08,632 - __main__ - INFO - [INFO] 2023-04-10 15:14:08.631956 Epoch [47/100] batch [129/391] loss 0.5962 lr 0.056266661678215264 acc 79.69% eta 0:29:43
2023-04-10 15:14:22,533 - __main__ - INFO - [INFO] 2023-04-10 15:14:22.533082 Epoch [47/100] batch [257/391] loss 0.3691 lr 0.056266661678215264 acc 89.84% eta 0:29:37
2023-04-10 15:14:36,167 - __main__ - INFO - [INFO] 2023-04-10 15:14:36.166833 Epoch [47/100] batch [385/391] loss 0.4558 lr 0.056266661678215264 acc 83.59% eta 0:29:10
2023-04-10 15:14:36,778 - __main__ - INFO - Computing epoch 47 validation accuracy...
2023-04-10 15:14:40,192 - __main__ - INFO - Computing epoch 47 validation loss...
2023-04-10 15:14:43,906 - __main__ - INFO - [INFO] 2023-04-10 15:14:43.906569 Epoch [48/100] batch [1/391] loss 0.4507 lr 0.05470541566592575 acc 82.03% eta 0:32:45
2023-04-10 15:14:57,521 - __main__ - INFO - [INFO] 2023-04-10 15:14:57.521738 Epoch [48/100] batch [129/391] loss 0.3479 lr 0.05470541566592575 acc 93.75% eta 0:28:28
2023-04-10 15:15:11,223 - __main__ - INFO - [INFO] 2023-04-10 15:15:11.223287 Epoch [48/100] batch [257/391] loss 0.5732 lr 0.05470541566592575 acc 72.66% eta 0:28:20
2023-04-10 15:15:24,957 - __main__ - INFO - [INFO] 2023-04-10 15:15:24.957438 Epoch [48/100] batch [385/391] loss 0.5811 lr 0.05470541566592575 acc 82.03% eta 0:28:23
2023-04-10 15:15:25,575 - __main__ - INFO - Computing epoch 48 validation accuracy...
2023-04-10 15:15:28,972 - __main__ - INFO - Computing epoch 48 validation loss...
2023-04-10 15:15:32,448 - __main__ - INFO - [INFO] 2023-04-10 15:15:32.448207 Epoch [49/100] batch [1/391] loss 0.4514 lr 0.053139525976465714 acc 80.47% eta 0:33:20
2023-04-10 15:15:46,188 - __main__ - INFO - [INFO] 2023-04-10 15:15:46.187844 Epoch [49/100] batch [129/391] loss 0.3225 lr 0.053139525976465714 acc 89.84% eta 0:28:28
2023-04-10 15:15:59,988 - __main__ - INFO - [INFO] 2023-04-10 15:15:59.987782 Epoch [49/100] batch [257/391] loss 0.4526 lr 0.053139525976465714 acc 89.06% eta 0:28:23
2023-04-10 15:16:13,595 - __main__ - INFO - [INFO] 2023-04-10 15:16:13.594968 Epoch [49/100] batch [385/391] loss 0.6157 lr 0.053139525976465714 acc 84.38% eta 0:27:58
2023-04-10 15:16:14,205 - __main__ - INFO - Computing epoch 49 validation accuracy...
2023-04-10 15:16:17,591 - __main__ - INFO - Computing epoch 49 validation loss...
2023-04-10 15:16:21,016 - __main__ - INFO - [INFO] 2023-04-10 15:16:21.016419 Epoch [50/100] batch [1/391] loss 0.2903 lr 0.05157053795390645 acc 91.41% eta 0:30:11
2023-04-10 15:16:34,700 - __main__ - INFO - [INFO] 2023-04-10 15:16:34.699844 Epoch [50/100] batch [129/391] loss 0.5693 lr 0.05157053795390645 acc 78.91% eta 0:27:33
2023-04-10 15:16:48,622 - __main__ - INFO - [INFO] 2023-04-10 15:16:48.622515 Epoch [50/100] batch [257/391] loss 0.5249 lr 0.05157053795390645 acc 84.38% eta 0:27:47
2023-04-10 15:17:02,226 - __main__ - INFO - [INFO] 2023-04-10 15:17:02.226562 Epoch [50/100] batch [385/391] loss 0.3435 lr 0.05157053795390645 acc 88.28% eta 0:27:24
2023-04-10 15:17:02,836 - __main__ - INFO - Computing epoch 50 validation accuracy...
2023-04-10 15:17:06,237 - __main__ - INFO - Computing epoch 50 validation loss...
2023-04-10 15:17:09,680 - __main__ - INFO - [INFO] 2023-04-10 15:17:09.680585 Epoch [51/100] batch [1/391] loss 0.5059 lr 0.05000000000000004 acc 78.91% eta 0:29:47
2023-04-10 15:17:23,344 - __main__ - INFO - [INFO] 2023-04-10 15:17:23.344225 Epoch [51/100] batch [129/391] loss 0.5264 lr 0.05000000000000004 acc 85.16% eta 0:26:56
2023-04-10 15:17:37,118 - __main__ - INFO - [INFO] 2023-04-10 15:17:37.118390 Epoch [51/100] batch [257/391] loss 0.4294 lr 0.05000000000000004 acc 87.50% eta 0:26:56
2023-04-10 15:17:50,922 - __main__ - INFO - [INFO] 2023-04-10 15:17:50.922362 Epoch [51/100] batch [385/391] loss 0.4375 lr 0.05000000000000004 acc 85.16% eta 0:26:50
2023-04-10 15:17:51,545 - __main__ - INFO - Computing epoch 51 validation accuracy...
2023-04-10 15:17:55,006 - __main__ - INFO - Computing epoch 51 validation loss...
2023-04-10 15:17:58,503 - __main__ - INFO - [INFO] 2023-04-10 15:17:58.502854 Epoch [52/100] batch [1/391] loss 0.4766 lr 0.04842946204609362 acc 86.72% eta 0:30:34
2023-04-10 15:18:12,326 - __main__ - INFO - [INFO] 2023-04-10 15:18:12.326623 Epoch [52/100] batch [129/391] loss 0.3494 lr 0.04842946204609362 acc 89.06% eta 0:27:02
2023-04-10 15:18:26,272 - __main__ - INFO - [INFO] 2023-04-10 15:18:26.272256 Epoch [52/100] batch [257/391] loss 0.3228 lr 0.04842946204609362 acc 84.38% eta 0:26:57
2023-04-10 15:18:40,107 - __main__ - INFO - [INFO] 2023-04-10 15:18:40.107269 Epoch [52/100] batch [385/391] loss 0.5068 lr 0.04842946204609362 acc 87.50% eta 0:26:43
2023-04-10 15:18:40,720 - __main__ - INFO - Computing epoch 52 validation accuracy...
2023-04-10 15:18:44,119 - __main__ - INFO - Computing epoch 52 validation loss...
2023-04-10 15:18:47,678 - __main__ - INFO - [INFO] 2023-04-10 15:18:47.678444 Epoch [53/100] batch [1/391] loss 0.4287 lr 0.04686047402353437 acc 84.38% eta 0:29:22
2023-04-10 15:19:01,547 - __main__ - INFO - [INFO] 2023-04-10 15:19:01.547720 Epoch [53/100] batch [129/391] loss 0.2830 lr 0.04686047402353437 acc 86.72% eta 0:26:29
2023-04-10 15:19:15,488 - __main__ - INFO - [INFO] 2023-04-10 15:19:15.488221 Epoch [53/100] batch [257/391] loss 0.5107 lr 0.04686047402353437 acc 87.50% eta 0:26:23
2023-04-10 15:19:29,022 - __main__ - INFO - [INFO] 2023-04-10 15:19:29.022174 Epoch [53/100] batch [385/391] loss 0.5356 lr 0.04686047402353437 acc 85.16% eta 0:26:06
2023-04-10 15:19:29,635 - __main__ - INFO - Computing epoch 53 validation accuracy...
2023-04-10 15:19:32,972 - __main__ - INFO - Computing epoch 53 validation loss...
2023-04-10 15:19:36,438 - __main__ - INFO - [INFO] 2023-04-10 15:19:36.437933 Epoch [54/100] batch [1/391] loss 0.4336 lr 0.045294584334074316 acc 89.84% eta 0:27:15
2023-04-10 15:19:49,994 - __main__ - INFO - [INFO] 2023-04-10 15:19:49.994780 Epoch [54/100] batch [129/391] loss 0.4324 lr 0.045294584334074316 acc 78.91% eta 0:24:58
2023-04-10 15:20:03,585 - __main__ - INFO - [INFO] 2023-04-10 15:20:03.585153 Epoch [54/100] batch [257/391] loss 0.5098 lr 0.045294584334074316 acc 85.16% eta 0:24:50
2023-04-10 15:20:17,490 - __main__ - INFO - [INFO] 2023-04-10 15:20:17.490777 Epoch [54/100] batch [385/391] loss 0.4517 lr 0.045294584334074316 acc 78.91% eta 0:25:00
2023-04-10 15:20:18,093 - __main__ - INFO - Computing epoch 54 validation accuracy...
2023-04-10 15:20:21,500 - __main__ - INFO - Computing epoch 54 validation loss...
2023-04-10 15:20:24,931 - __main__ - INFO - [INFO] 2023-04-10 15:20:24.931179 Epoch [55/100] batch [1/391] loss 0.4905 lr 0.043733338321784825 acc 81.25% eta 0:27:11
2023-04-10 15:20:38,558 - __main__ - INFO - [INFO] 2023-04-10 15:20:38.558413 Epoch [55/100] batch [129/391] loss 0.4316 lr 0.043733338321784825 acc 87.50% eta 0:24:44
2023-04-10 15:20:52,392 - __main__ - INFO - [INFO] 2023-04-10 15:20:52.391798 Epoch [55/100] batch [257/391] loss 0.3594 lr 0.043733338321784825 acc 85.16% eta 0:24:52
2023-04-10 15:21:06,260 - __main__ - INFO - [INFO] 2023-04-10 15:21:06.259855 Epoch [55/100] batch [385/391] loss 0.4343 lr 0.043733338321784825 acc 90.62% eta 0:24:51
2023-04-10 15:21:06,885 - __main__ - INFO - Computing epoch 55 validation accuracy...
2023-04-10 15:21:10,486 - __main__ - INFO - Computing epoch 55 validation loss...
2023-04-10 15:21:13,984 - __main__ - INFO - [INFO] 2023-04-10 15:21:13.984248 Epoch [56/100] batch [1/391] loss 0.3701 lr 0.042178276747988484 acc 89.84% eta 0:27:28
2023-04-10 15:21:27,592 - __main__ - INFO - [INFO] 2023-04-10 15:21:27.592358 Epoch [56/100] batch [129/391] loss 0.2612 lr 0.042178276747988484 acc 94.53% eta 0:24:10
2023-04-10 15:21:41,373 - __main__ - INFO - [INFO] 2023-04-10 15:21:41.373133 Epoch [56/100] batch [257/391] loss 0.4053 lr 0.042178276747988484 acc 84.38% eta 0:24:23
2023-04-10 15:21:55,181 - __main__ - INFO - [INFO] 2023-04-10 15:21:55.180848 Epoch [56/100] batch [385/391] loss 0.5605 lr 0.042178276747988484 acc 86.72% eta 0:24:13
2023-04-10 15:21:55,785 - __main__ - INFO - Computing epoch 56 validation accuracy...
2023-04-10 15:21:59,154 - __main__ - INFO - Computing epoch 56 validation loss...
2023-04-10 15:22:02,649 - __main__ - INFO - [INFO] 2023-04-10 15:22:02.649055 Epoch [57/100] batch [1/391] loss 0.3333 lr 0.0406309342707138 acc 85.94% eta 0:29:15
2023-04-10 15:22:16,221 - __main__ - INFO - [INFO] 2023-04-10 15:22:16.221719 Epoch [57/100] batch [129/391] loss 0.3376 lr 0.0406309342707138 acc 92.19% eta 0:23:27
2023-04-10 15:22:29,889 - __main__ - INFO - [INFO] 2023-04-10 15:22:29.889258 Epoch [57/100] batch [257/391] loss 0.3972 lr 0.0406309342707138 acc 86.72% eta 0:23:23
2023-04-10 15:22:43,625 - __main__ - INFO - [INFO] 2023-04-10 15:22:43.625378 Epoch [57/100] batch [385/391] loss 0.3955 lr 0.0406309342707138 acc 91.41% eta 0:23:18
2023-04-10 15:22:44,230 - __main__ - INFO - Computing epoch 57 validation accuracy...
2023-04-10 15:22:47,615 - __main__ - INFO - Computing epoch 57 validation loss...
2023-04-10 15:22:51,085 - __main__ - INFO - [INFO] 2023-04-10 15:22:51.085330 Epoch [58/100] batch [1/391] loss 0.3298 lr 0.039092837930172916 acc 81.25% eta 0:24:34
2023-04-10 15:23:05,306 - __main__ - INFO - [INFO] 2023-04-10 15:23:05.306187 Epoch [58/100] batch [129/391] loss 0.4197 lr 0.039092837930172916 acc 89.84% eta 0:24:37
2023-04-10 15:23:18,984 - __main__ - INFO - [INFO] 2023-04-10 15:23:18.983562 Epoch [58/100] batch [257/391] loss 0.4783 lr 0.039092837930172916 acc 82.03% eta 0:23:46
2023-04-10 15:23:32,789 - __main__ - INFO - [INFO] 2023-04-10 15:23:32.789511 Epoch [58/100] batch [385/391] loss 0.3643 lr 0.039092837930172916 acc 87.50% eta 0:23:37
2023-04-10 15:23:33,499 - __main__ - INFO - Computing epoch 58 validation accuracy...
2023-04-10 15:23:37,031 - __main__ - INFO - Computing epoch 58 validation loss...
2023-04-10 15:23:40,632 - __main__ - INFO - [INFO] 2023-04-10 15:23:40.632690 Epoch [59/100] batch [1/391] loss 0.2612 lr 0.037565505641757285 acc 93.75% eta 0:26:28
2023-04-10 15:23:54,334 - __main__ - INFO - [INFO] 2023-04-10 15:23:54.334724 Epoch [59/100] batch [129/391] loss 0.3914 lr 0.037565505641757285 acc 85.94% eta 0:22:50
2023-04-10 15:24:08,103 - __main__ - INFO - [INFO] 2023-04-10 15:24:08.103122 Epoch [59/100] batch [257/391] loss 0.3079 lr 0.037565505641757285 acc 89.84% eta 0:22:40
2023-04-10 15:24:21,872 - __main__ - INFO - [INFO] 2023-04-10 15:24:21.871904 Epoch [59/100] batch [385/391] loss 0.3760 lr 0.037565505641757285 acc 88.28% eta 0:22:34
2023-04-10 15:24:22,476 - __main__ - INFO - Computing epoch 59 validation accuracy...
2023-04-10 15:24:25,937 - __main__ - INFO - Computing epoch 59 validation loss...
2023-04-10 15:24:29,568 - __main__ - INFO - [INFO] 2023-04-10 15:24:29.568274 Epoch [60/100] batch [1/391] loss 0.3457 lr 0.03605044469803857 acc 88.28% eta 0:26:51
2023-04-10 15:24:43,448 - __main__ - INFO - [INFO] 2023-04-10 15:24:43.447863 Epoch [60/100] batch [129/391] loss 0.1742 lr 0.03605044469803857 acc 96.09% eta 0:23:11
2023-04-10 15:24:57,095 - __main__ - INFO - [INFO] 2023-04-10 15:24:57.094818 Epoch [60/100] batch [257/391] loss 0.2864 lr 0.03605044469803857 acc 95.31% eta 0:22:28
2023-04-10 15:25:10,555 - __main__ - INFO - [INFO] 2023-04-10 15:25:10.555131 Epoch [60/100] batch [385/391] loss 0.4724 lr 0.03605044469803857 acc 86.72% eta 0:21:55
2023-04-10 15:25:11,181 - __main__ - INFO - Computing epoch 60 validation accuracy...
2023-04-10 15:25:14,534 - __main__ - INFO - Computing epoch 60 validation loss...
2023-04-10 15:25:17,921 - __main__ - INFO - [INFO] 2023-04-10 15:25:17.920968 Epoch [61/100] batch [1/391] loss 0.1724 lr 0.034549150281252675 acc 94.53% eta 0:22:59
2023-04-10 15:25:31,992 - __main__ - INFO - [INFO] 2023-04-10 15:25:31.992679 Epoch [61/100] batch [129/391] loss 0.2434 lr 0.034549150281252675 acc 92.19% eta 0:22:37
2023-04-10 15:25:45,662 - __main__ - INFO - [INFO] 2023-04-10 15:25:45.662752 Epoch [61/100] batch [257/391] loss 0.4431 lr 0.034549150281252675 acc 89.06% eta 0:21:55
2023-04-10 15:25:59,234 - __main__ - INFO - [INFO] 2023-04-10 15:25:59.234017 Epoch [61/100] batch [385/391] loss 0.2661 lr 0.034549150281252675 acc 91.41% eta 0:21:29
2023-04-10 15:25:59,864 - __main__ - INFO - Computing epoch 61 validation accuracy...
2023-04-10 15:26:03,326 - __main__ - INFO - Computing epoch 61 validation loss...
2023-04-10 15:26:06,746 - __main__ - INFO - [INFO] 2023-04-10 15:26:06.746748 Epoch [62/100] batch [1/391] loss 0.2316 lr 0.03306310398773546 acc 93.75% eta 0:22:09
2023-04-10 15:26:20,655 - __main__ - INFO - [INFO] 2023-04-10 15:26:20.654971 Epoch [62/100] batch [129/391] loss 0.3081 lr 0.03306310398773546 acc 92.19% eta 0:21:42
2023-04-10 15:26:34,302 - __main__ - INFO - [INFO] 2023-04-10 15:26:34.302288 Epoch [62/100] batch [257/391] loss 0.2942 lr 0.03306310398773546 acc 90.62% eta 0:21:07
2023-04-10 15:26:48,199 - __main__ - INFO - [INFO] 2023-04-10 15:26:48.199534 Epoch [62/100] batch [385/391] loss 0.2556 lr 0.03306310398773546 acc 92.19% eta 0:21:03
2023-04-10 15:26:48,807 - __main__ - INFO - Computing epoch 62 validation accuracy...
2023-04-10 15:26:52,217 - __main__ - INFO - Computing epoch 62 validation loss...
2023-04-10 15:26:55,638 - __main__ - INFO - [INFO] 2023-04-10 15:26:55.637967 Epoch [63/100] batch [1/391] loss 0.2415 lr 0.031593772365766146 acc 90.62% eta 0:21:18
2023-04-10 15:27:09,181 - __main__ - INFO - [INFO] 2023-04-10 15:27:09.181749 Epoch [63/100] batch [129/391] loss 0.3157 lr 0.031593772365766146 acc 89.84% eta 0:20:11
2023-04-10 15:27:22,703 - __main__ - INFO - [INFO] 2023-04-10 15:27:22.703253 Epoch [63/100] batch [257/391] loss 0.4177 lr 0.031593772365766146 acc 91.41% eta 0:20:00
2023-04-10 15:27:36,235 - __main__ - INFO - [INFO] 2023-04-10 15:27:36.235689 Epoch [63/100] batch [385/391] loss 0.2776 lr 0.031593772365766146 acc 91.41% eta 0:19:48
2023-04-10 15:27:36,843 - __main__ - INFO - Computing epoch 63 validation accuracy...
2023-04-10 15:27:40,215 - __main__ - INFO - Computing epoch 63 validation loss...
2023-04-10 15:27:43,619 - __main__ - INFO - [INFO] 2023-04-10 15:27:43.619553 Epoch [64/100] batch [1/391] loss 0.1605 lr 0.030142605468260992 acc 96.09% eta 0:22:01
2023-04-10 15:27:57,208 - __main__ - INFO - [INFO] 2023-04-10 15:27:57.208301 Epoch [64/100] batch [129/391] loss 0.3533 lr 0.030142605468260992 acc 90.62% eta 0:19:51
2023-04-10 15:28:10,685 - __main__ - INFO - [INFO] 2023-04-10 15:28:10.685565 Epoch [64/100] batch [257/391] loss 0.2751 lr 0.030142605468260992 acc 93.75% eta 0:19:30
2023-04-10 15:28:24,293 - __main__ - INFO - [INFO] 2023-04-10 15:28:24.293309 Epoch [64/100] batch [385/391] loss 0.3462 lr 0.030142605468260992 acc 92.97% eta 0:19:21
2023-04-10 15:28:24,892 - __main__ - INFO - Computing epoch 64 validation accuracy...
2023-04-10 15:28:28,328 - __main__ - INFO - Computing epoch 64 validation loss...
2023-04-10 15:28:31,756 - __main__ - INFO - [INFO] 2023-04-10 15:28:31.755922 Epoch [65/100] batch [1/391] loss 0.1753 lr 0.028711035421746394 acc 92.97% eta 0:20:24
2023-04-10 15:28:45,327 - __main__ - INFO - [INFO] 2023-04-10 15:28:45.327502 Epoch [65/100] batch [129/391] loss 0.1547 lr 0.028711035421746394 acc 95.31% eta 0:19:06
2023-04-10 15:28:58,861 - __main__ - INFO - [INFO] 2023-04-10 15:28:58.861575 Epoch [65/100] batch [257/391] loss 0.2197 lr 0.028711035421746394 acc 92.97% eta 0:18:54
2023-04-10 15:29:12,387 - __main__ - INFO - [INFO] 2023-04-10 15:29:12.387414 Epoch [65/100] batch [385/391] loss 0.3425 lr 0.028711035421746394 acc 86.72% eta 0:18:43
2023-04-10 15:29:12,996 - __main__ - INFO - Computing epoch 65 validation accuracy...
2023-04-10 15:29:16,498 - __main__ - INFO - Computing epoch 65 validation loss...
2023-04-10 15:29:19,967 - __main__ - INFO - [INFO] 2023-04-10 15:29:19.967849 Epoch [66/100] batch [1/391] loss 0.2673 lr 0.027300475013022688 acc 92.97% eta 0:20:18
2023-04-10 15:29:33,459 - __main__ - INFO - [INFO] 2023-04-10 15:29:33.459358 Epoch [66/100] batch [129/391] loss 0.4463 lr 0.027300475013022688 acc 94.53% eta 0:18:27
2023-04-10 15:29:47,097 - __main__ - INFO - [INFO] 2023-04-10 15:29:47.097741 Epoch [66/100] batch [257/391] loss 0.3276 lr 0.027300475013022688 acc 92.97% eta 0:18:28
2023-04-10 15:30:00,747 - __main__ - INFO - [INFO] 2023-04-10 15:30:00.747678 Epoch [66/100] batch [385/391] loss 0.3572 lr 0.027300475013022688 acc 89.06% eta 0:18:20
2023-04-10 15:30:01,348 - __main__ - INFO - Computing epoch 66 validation accuracy...
2023-04-10 15:30:04,680 - __main__ - INFO - Computing epoch 66 validation loss...
2023-04-10 15:30:08,073 - __main__ - INFO - [INFO] 2023-04-10 15:30:08.073239 Epoch [67/100] batch [1/391] loss 0.3501 lr 0.025912316294914254 acc 89.84% eta 0:19:44
2023-04-10 15:30:22,025 - __main__ - INFO - [INFO] 2023-04-10 15:30:22.024920 Epoch [67/100] batch [129/391] loss 0.2273 lr 0.025912316294914254 acc 94.53% eta 0:18:54
2023-04-10 15:30:35,708 - __main__ - INFO - [INFO] 2023-04-10 15:30:35.708321 Epoch [67/100] batch [257/391] loss 0.4192 lr 0.025912316294914254 acc 88.28% eta 0:18:29
2023-04-10 15:30:49,519 - __main__ - INFO - [INFO] 2023-04-10 15:30:49.518708 Epoch [67/100] batch [385/391] loss 0.2634 lr 0.025912316294914254 acc 90.62% eta 0:18:17
2023-04-10 15:30:50,125 - __main__ - INFO - Computing epoch 67 validation accuracy...
2023-04-10 15:30:53,434 - __main__ - INFO - Computing epoch 67 validation loss...
2023-04-10 15:30:56,872 - __main__ - INFO - [INFO] 2023-04-10 15:30:56.872206 Epoch [68/100] batch [1/391] loss 0.1495 lr 0.02454792921248146 acc 92.19% eta 0:19:28
2023-04-10 15:31:10,489 - __main__ - INFO - [INFO] 2023-04-10 15:31:10.489587 Epoch [68/100] batch [129/391] loss 0.3247 lr 0.02454792921248146 acc 90.62% eta 0:17:41
2023-04-10 15:31:24,263 - __main__ - INFO - [INFO] 2023-04-10 15:31:24.263289 Epoch [68/100] batch [257/391] loss 0.2323 lr 0.02454792921248146 acc 92.97% eta 0:17:41
2023-04-10 15:31:37,796 - __main__ - INFO - [INFO] 2023-04-10 15:31:37.795839 Epoch [68/100] batch [385/391] loss 0.2983 lr 0.02454792921248146 acc 90.62% eta 0:17:23
2023-04-10 15:31:38,399 - __main__ - INFO - Computing epoch 68 validation accuracy...
2023-04-10 15:31:41,804 - __main__ - INFO - Computing epoch 68 validation loss...
2023-04-10 15:31:45,261 - __main__ - INFO - [INFO] 2023-04-10 15:31:45.261463 Epoch [69/100] batch [1/391] loss 0.1527 lr 0.02320866025105018 acc 96.09% eta 0:18:34
2023-04-10 15:31:59,047 - __main__ - INFO - [INFO] 2023-04-10 15:31:59.047605 Epoch [69/100] batch [129/391] loss 0.3096 lr 0.02320866025105018 acc 91.41% eta 0:17:24
2023-04-10 15:32:12,565 - __main__ - INFO - [INFO] 2023-04-10 15:32:12.564433 Epoch [69/100] batch [257/391] loss 0.2141 lr 0.02320866025105018 acc 90.62% eta 0:16:59
2023-04-10 15:32:26,234 - __main__ - INFO - [INFO] 2023-04-10 15:32:26.233860 Epoch [69/100] batch [385/391] loss 0.3467 lr 0.02320866025105018 acc 91.41% eta 0:16:50
2023-04-10 15:32:26,845 - __main__ - INFO - Computing epoch 69 validation accuracy...
2023-04-10 15:32:30,173 - __main__ - INFO - Computing epoch 69 validation loss...
2023-04-10 15:32:33,562 - __main__ - INFO - [INFO] 2023-04-10 15:32:33.562350 Epoch [70/100] batch [1/391] loss 0.3032 lr 0.021895831107393487 acc 90.62% eta 0:17:30
2023-04-10 15:32:47,210 - __main__ - INFO - [INFO] 2023-04-10 15:32:47.210269 Epoch [70/100] batch [129/391] loss 0.1774 lr 0.021895831107393487 acc 95.31% eta 0:16:45
2023-04-10 15:33:00,806 - __main__ - INFO - [INFO] 2023-04-10 15:33:00.805857 Epoch [70/100] batch [257/391] loss 0.3408 lr 0.021895831107393487 acc 92.19% eta 0:16:28
2023-04-10 15:33:14,543 - __main__ - INFO - [INFO] 2023-04-10 15:33:14.542969 Epoch [70/100] batch [385/391] loss 0.2576 lr 0.021895831107393487 acc 92.97% eta 0:16:20
2023-04-10 15:33:15,165 - __main__ - INFO - Computing epoch 70 validation accuracy...
2023-04-10 15:33:18,537 - __main__ - INFO - Computing epoch 70 validation loss...
2023-04-10 15:33:21,922 - __main__ - INFO - [INFO] 2023-04-10 15:33:21.922481 Epoch [71/100] batch [1/391] loss 0.3186 lr 0.02061073738537637 acc 93.75% eta 0:17:35
2023-04-10 15:33:35,502 - __main__ - INFO - [INFO] 2023-04-10 15:33:35.502141 Epoch [71/100] batch [129/391] loss 0.2700 lr 0.02061073738537637 acc 92.97% eta 0:16:10
2023-04-10 15:33:49,127 - __main__ - INFO - [INFO] 2023-04-10 15:33:49.126830 Epoch [71/100] batch [257/391] loss 0.1825 lr 0.02061073738537637 acc 95.31% eta 0:15:56
2023-04-10 15:34:02,889 - __main__ - INFO - [INFO] 2023-04-10 15:34:02.889754 Epoch [71/100] batch [385/391] loss 0.2607 lr 0.02061073738537637 acc 87.50% eta 0:15:49
2023-04-10 15:34:03,490 - __main__ - INFO - Computing epoch 71 validation accuracy...
2023-04-10 15:34:06,882 - __main__ - INFO - Computing epoch 71 validation loss...
2023-04-10 15:34:10,317 - __main__ - INFO - [INFO] 2023-04-10 15:34:10.317531 Epoch [72/100] batch [1/391] loss 0.2485 lr 0.01935464731735119 acc 92.97% eta 0:16:36
2023-04-10 15:34:23,755 - __main__ - INFO - [INFO] 2023-04-10 15:34:23.755724 Epoch [72/100] batch [129/391] loss 0.1761 lr 0.01935464731735119 acc 96.09% eta 0:15:09
2023-04-10 15:34:37,327 - __main__ - INFO - [INFO] 2023-04-10 15:34:37.326925 Epoch [72/100] batch [257/391] loss 0.2386 lr 0.01935464731735119 acc 92.19% eta 0:15:05
2023-04-10 15:34:50,757 - __main__ - INFO - [INFO] 2023-04-10 15:34:50.757618 Epoch [72/100] batch [385/391] loss 0.2283 lr 0.01935464731735119 acc 97.66% eta 0:14:52
2023-04-10 15:34:51,367 - __main__ - INFO - Computing epoch 72 validation accuracy...
2023-04-10 15:34:54,748 - __main__ - INFO - Computing epoch 72 validation loss...
2023-04-10 15:34:58,215 - __main__ - INFO - [INFO] 2023-04-10 15:34:58.215220 Epoch [73/100] batch [1/391] loss 0.2012 lr 0.018128800512565532 acc 94.53% eta 0:16:41
2023-04-10 15:35:11,761 - __main__ - INFO - [INFO] 2023-04-10 15:35:11.761434 Epoch [73/100] batch [129/391] loss 0.2312 lr 0.018128800512565532 acc 95.31% eta 0:14:46
2023-04-10 15:35:25,364 - __main__ - INFO - [INFO] 2023-04-10 15:35:25.363981 Epoch [73/100] batch [257/391] loss 0.2401 lr 0.018128800512565532 acc 91.41% eta 0:14:39
2023-04-10 15:35:38,992 - __main__ - INFO - [INFO] 2023-04-10 15:35:38.992183 Epoch [73/100] batch [385/391] loss 0.4236 lr 0.018128800512565532 acc 94.53% eta 0:14:38
2023-04-10 15:35:39,607 - __main__ - INFO - Computing epoch 73 validation accuracy...
2023-04-10 15:35:42,945 - __main__ - INFO - Computing epoch 73 validation loss...
2023-04-10 15:35:46,373 - __main__ - INFO - [INFO] 2023-04-10 15:35:46.372991 Epoch [74/100] batch [1/391] loss 0.1699 lr 0.016934406733817433 acc 94.53% eta 0:15:10
2023-04-10 15:35:59,799 - __main__ - INFO - [INFO] 2023-04-10 15:35:59.799484 Epoch [74/100] batch [129/391] loss 0.4055 lr 0.016934406733817433 acc 87.50% eta 0:14:03
2023-04-10 15:36:13,389 - __main__ - INFO - [INFO] 2023-04-10 15:36:13.389544 Epoch [74/100] batch [257/391] loss 0.2571 lr 0.016934406733817433 acc 96.09% eta 0:13:59
2023-04-10 15:36:26,967 - __main__ - INFO - [INFO] 2023-04-10 15:36:26.967129 Epoch [74/100] batch [385/391] loss 0.1611 lr 0.016934406733817433 acc 98.44% eta 0:13:52
2023-04-10 15:36:27,578 - __main__ - INFO - Computing epoch 74 validation accuracy...
2023-04-10 15:36:31,063 - __main__ - INFO - Computing epoch 74 validation loss...
2023-04-10 15:36:34,690 - __main__ - INFO - [INFO] 2023-04-10 15:36:34.689865 Epoch [75/100] batch [1/391] loss 0.1555 lr 0.01577264470356558 acc 94.53% eta 0:24:12
2023-04-10 15:36:48,496 - __main__ - INFO - [INFO] 2023-04-10 15:36:48.496052 Epoch [75/100] batch [129/391] loss 0.1425 lr 0.01577264470356558 acc 96.09% eta 0:14:17
2023-04-10 15:37:01,959 - __main__ - INFO - [INFO] 2023-04-10 15:37:01.959294 Epoch [75/100] batch [257/391] loss 0.1549 lr 0.01577264470356558 acc 92.19% eta 0:13:47
2023-04-10 15:37:15,671 - __main__ - INFO - [INFO] 2023-04-10 15:37:15.671683 Epoch [75/100] batch [385/391] loss 0.2534 lr 0.01577264470356558 acc 96.09% eta 0:13:37
2023-04-10 15:37:16,276 - __main__ - INFO - Computing epoch 75 validation accuracy...
2023-04-10 15:37:19,612 - __main__ - INFO - Computing epoch 75 validation loss...
2023-04-10 15:37:23,094 - __main__ - INFO - [INFO] 2023-04-10 15:37:23.093946 Epoch [76/100] batch [1/391] loss 0.2920 lr 0.014644660940672643 acc 93.75% eta 0:15:32
2023-04-10 15:37:36,619 - __main__ - INFO - [INFO] 2023-04-10 15:37:36.619152 Epoch [76/100] batch [129/391] loss 0.1100 lr 0.014644660940672643 acc 97.66% eta 0:13:16
2023-04-10 15:37:50,372 - __main__ - INFO - [INFO] 2023-04-10 15:37:50.372672 Epoch [76/100] batch [257/391] loss 0.1533 lr 0.014644660940672643 acc 96.09% eta 0:13:13
2023-04-10 15:38:03,814 - __main__ - INFO - [INFO] 2023-04-10 15:38:03.814514 Epoch [76/100] batch [385/391] loss 0.2068 lr 0.014644660940672643 acc 93.75% eta 0:12:56
2023-04-10 15:38:04,415 - __main__ - INFO - Computing epoch 76 validation accuracy...
2023-04-10 15:38:07,778 - __main__ - INFO - Computing epoch 76 validation loss...
2023-04-10 15:38:11,289 - __main__ - INFO - [INFO] 2023-04-10 15:38:11.288928 Epoch [77/100] batch [1/391] loss 0.1254 lr 0.013551568628929448 acc 96.88% eta 0:14:05
2023-04-10 15:38:24,948 - __main__ - INFO - [INFO] 2023-04-10 15:38:24.948806 Epoch [77/100] batch [129/391] loss 0.1421 lr 0.013551568628929448 acc 96.88% eta 0:12:50
2023-04-10 15:38:38,661 - __main__ - INFO - [INFO] 2023-04-10 15:38:38.661539 Epoch [77/100] batch [257/391] loss 0.2051 lr 0.013551568628929448 acc 96.09% eta 0:12:42
2023-04-10 15:38:52,285 - __main__ - INFO - [INFO] 2023-04-10 15:38:52.285341 Epoch [77/100] batch [385/391] loss 0.2155 lr 0.013551568628929448 acc 96.88% eta 0:12:30
2023-04-10 15:38:52,892 - __main__ - INFO - Computing epoch 77 validation accuracy...
2023-04-10 15:38:56,241 - __main__ - INFO - Computing epoch 77 validation loss...
2023-04-10 15:38:59,664 - __main__ - INFO - [INFO] 2023-04-10 15:38:59.664399 Epoch [78/100] batch [1/391] loss 0.1676 lr 0.012494446518477033 acc 96.09% eta 0:14:05
2023-04-10 15:39:13,363 - __main__ - INFO - [INFO] 2023-04-10 15:39:13.363764 Epoch [78/100] batch [129/391] loss 0.0696 lr 0.012494446518477033 acc 98.44% eta 0:12:24
2023-04-10 15:39:26,906 - __main__ - INFO - [INFO] 2023-04-10 15:39:26.905985 Epoch [78/100] batch [257/391] loss 0.1703 lr 0.012494446518477033 acc 94.53% eta 0:12:06
2023-04-10 15:39:40,523 - __main__ - INFO - [INFO] 2023-04-10 15:39:40.522893 Epoch [78/100] batch [385/391] loss 0.2742 lr 0.012494446518477033 acc 93.75% eta 0:11:54
2023-04-10 15:39:41,133 - __main__ - INFO - Computing epoch 78 validation accuracy...
2023-04-10 15:39:44,544 - __main__ - INFO - Computing epoch 78 validation loss...
2023-04-10 15:39:47,989 - __main__ - INFO - [INFO] 2023-04-10 15:39:47.989027 Epoch [79/100] batch [1/391] loss 0.1333 lr 0.011474337861210555 acc 96.09% eta 0:13:46
2023-04-10 15:40:01,523 - __main__ - INFO - [INFO] 2023-04-10 15:40:01.523000 Epoch [79/100] batch [129/391] loss 0.3252 lr 0.011474337861210555 acc 95.31% eta 0:11:36
2023-04-10 15:40:15,103 - __main__ - INFO - [INFO] 2023-04-10 15:40:15.103449 Epoch [79/100] batch [257/391] loss 0.1913 lr 0.011474337861210555 acc 96.88% eta 0:11:26
2023-04-10 15:40:28,820 - __main__ - INFO - [INFO] 2023-04-10 15:40:28.820000 Epoch [79/100] batch [385/391] loss 0.1470 lr 0.011474337861210555 acc 97.66% eta 0:11:21
2023-04-10 15:40:29,448 - __main__ - INFO - Computing epoch 79 validation accuracy...
2023-04-10 15:40:33,048 - __main__ - INFO - Computing epoch 79 validation loss...
2023-04-10 15:40:36,485 - __main__ - INFO - [INFO] 2023-04-10 15:40:36.485723 Epoch [80/100] batch [1/391] loss 0.1329 lr 0.01049224938121549 acc 95.31% eta 0:15:19
2023-04-10 15:40:50,358 - __main__ - INFO - [INFO] 2023-04-10 15:40:50.358594 Epoch [80/100] batch [129/391] loss 0.1975 lr 0.01049224938121549 acc 98.44% eta 0:11:40
2023-04-10 15:41:03,820 - __main__ - INFO - [INFO] 2023-04-10 15:41:03.820769 Epoch [80/100] batch [257/391] loss 0.1547 lr 0.01049224938121549 acc 95.31% eta 0:11:19
2023-04-10 15:41:17,429 - __main__ - INFO - [INFO] 2023-04-10 15:41:17.429399 Epoch [80/100] batch [385/391] loss 0.0750 lr 0.01049224938121549 acc 100.00% eta 0:11:02
2023-04-10 15:41:18,046 - __main__ - INFO - Computing epoch 80 validation accuracy...
2023-04-10 15:41:21,450 - __main__ - INFO - Computing epoch 80 validation loss...
2023-04-10 15:41:24,847 - __main__ - INFO - [INFO] 2023-04-10 15:41:24.847577 Epoch [81/100] batch [1/391] loss 0.1281 lr 0.009549150281252642 acc 97.66% eta 0:12:03
2023-04-10 15:41:38,345 - __main__ - INFO - [INFO] 2023-04-10 15:41:38.345753 Epoch [81/100] batch [129/391] loss 0.0591 lr 0.009549150281252642 acc 100.00% eta 0:10:32
2023-04-10 15:41:51,811 - __main__ - INFO - [INFO] 2023-04-10 15:41:51.811544 Epoch [81/100] batch [257/391] loss 0.0679 lr 0.009549150281252642 acc 100.00% eta 0:10:21
2023-04-10 15:42:05,699 - __main__ - INFO - [INFO] 2023-04-10 15:42:05.699614 Epoch [81/100] batch [385/391] loss 0.2114 lr 0.009549150281252642 acc 94.53% eta 0:10:21
2023-04-10 15:42:06,319 - __main__ - INFO - Computing epoch 81 validation accuracy...
2023-04-10 15:42:09,678 - __main__ - INFO - Computing epoch 81 validation loss...
2023-04-10 15:42:13,181 - __main__ - INFO - [INFO] 2023-04-10 15:42:13.181715 Epoch [82/100] batch [1/391] loss 0.1613 lr 0.008645971286271922 acc 95.31% eta 0:11:21
2023-04-10 15:42:26,760 - __main__ - INFO - [INFO] 2023-04-10 15:42:26.760338 Epoch [82/100] batch [129/391] loss 0.1642 lr 0.008645971286271922 acc 93.75% eta 0:10:06
2023-04-10 15:42:40,200 - __main__ - INFO - [INFO] 2023-04-10 15:42:40.200266 Epoch [82/100] batch [257/391] loss 0.1589 lr 0.008645971286271922 acc 97.66% eta 0:09:51
2023-04-10 15:42:53,714 - __main__ - INFO - [INFO] 2023-04-10 15:42:53.714160 Epoch [82/100] batch [385/391] loss 0.0919 lr 0.008645971286271922 acc 96.88% eta 0:09:41
2023-04-10 15:42:54,363 - __main__ - INFO - Computing epoch 82 validation accuracy...
2023-04-10 15:42:57,805 - __main__ - INFO - Computing epoch 82 validation loss...
2023-04-10 15:43:01,221 - __main__ - INFO - [INFO] 2023-04-10 15:43:01.220914 Epoch [83/100] batch [1/391] loss 0.0621 lr 0.007783603724899264 acc 99.22% eta 0:10:24
2023-04-10 15:43:14,778 - __main__ - INFO - [INFO] 2023-04-10 15:43:14.778526 Epoch [83/100] batch [129/391] loss 0.1001 lr 0.007783603724899264 acc 98.44% eta 0:09:31
2023-04-10 15:43:28,448 - __main__ - INFO - [INFO] 2023-04-10 15:43:28.448698 Epoch [83/100] batch [257/391] loss 0.1781 lr 0.007783603724899264 acc 97.66% eta 0:09:25
2023-04-10 15:43:42,265 - __main__ - INFO - [INFO] 2023-04-10 15:43:42.265435 Epoch [83/100] batch [385/391] loss 0.0345 lr 0.007783603724899264 acc 98.44% eta 0:09:19
2023-04-10 15:43:42,891 - __main__ - INFO - Computing epoch 83 validation accuracy...
2023-04-10 15:43:46,208 - __main__ - INFO - Computing epoch 83 validation loss...
2023-04-10 15:43:49,617 - __main__ - INFO - [INFO] 2023-04-10 15:43:49.616846 Epoch [84/100] batch [1/391] loss 0.1705 lr 0.006962898649802819 acc 97.66% eta 0:10:50
2023-04-10 15:44:03,281 - __main__ - INFO - [INFO] 2023-04-10 15:44:03.280887 Epoch [84/100] batch [129/391] loss 0.0602 lr 0.006962898649802819 acc 99.22% eta 0:09:09
2023-04-10 15:44:16,873 - __main__ - INFO - [INFO] 2023-04-10 15:44:16.873254 Epoch [84/100] batch [257/391] loss 0.0714 lr 0.006962898649802819 acc 98.44% eta 0:08:55
2023-04-10 15:44:30,504 - __main__ - INFO - [INFO] 2023-04-10 15:44:30.503960 Epoch [84/100] batch [385/391] loss 0.1692 lr 0.006962898649802819 acc 93.75% eta 0:08:43
2023-04-10 15:44:31,117 - __main__ - INFO - Computing epoch 84 validation accuracy...
2023-04-10 15:44:34,495 - __main__ - INFO - Computing epoch 84 validation loss...
2023-04-10 15:44:37,972 - __main__ - INFO - [INFO] 2023-04-10 15:44:37.972253 Epoch [85/100] batch [1/391] loss 0.0946 lr 0.0061846659978068265 acc 96.09% eta 0:09:39
2023-04-10 15:44:51,545 - __main__ - INFO - [INFO] 2023-04-10 15:44:51.545307 Epoch [85/100] batch [129/391] loss 0.0833 lr 0.0061846659978068265 acc 97.66% eta 0:08:30
2023-04-10 15:45:05,150 - __main__ - INFO - [INFO] 2023-04-10 15:45:05.150372 Epoch [85/100] batch [257/391] loss 0.0795 lr 0.0061846659978068265 acc 98.44% eta 0:08:19
2023-04-10 15:45:18,688 - __main__ - INFO - [INFO] 2023-04-10 15:45:18.687920 Epoch [85/100] batch [385/391] loss 0.1608 lr 0.0061846659978068265 acc 97.66% eta 0:08:07
2023-04-10 15:45:19,293 - __main__ - INFO - Computing epoch 85 validation accuracy...
2023-04-10 15:45:22,544 - __main__ - INFO - Computing epoch 85 validation loss...
2023-04-10 15:45:25,930 - __main__ - INFO - [INFO] 2023-04-10 15:45:25.930464 Epoch [86/100] batch [1/391] loss 0.0834 lr 0.005449673790581615 acc 100.00% eta 0:09:17
2023-04-10 15:45:39,645 - __main__ - INFO - [INFO] 2023-04-10 15:45:39.645732 Epoch [86/100] batch [129/391] loss 0.0575 lr 0.005449673790581615 acc 99.22% eta 0:08:03
2023-04-10 15:45:53,471 - __main__ - INFO - [INFO] 2023-04-10 15:45:53.471080 Epoch [86/100] batch [257/391] loss 0.0236 lr 0.005449673790581615 acc 99.22% eta 0:07:55
2023-04-10 15:46:07,246 - __main__ - INFO - [INFO] 2023-04-10 15:46:07.246312 Epoch [86/100] batch [385/391] loss 0.0629 lr 0.005449673790581615 acc 99.22% eta 0:07:45
2023-04-10 15:46:07,864 - __main__ - INFO - Computing epoch 86 validation accuracy...
2023-04-10 15:46:11,275 - __main__ - INFO - Computing epoch 86 validation loss...
2023-04-10 15:46:14,875 - __main__ - INFO - [INFO] 2023-04-10 15:46:14.874511 Epoch [87/100] batch [1/391] loss 0.1038 lr 0.004758647376699036 acc 96.88% eta 0:10:59
2023-04-10 15:46:28,459 - __main__ - INFO - [INFO] 2023-04-10 15:46:28.459418 Epoch [87/100] batch [129/391] loss 0.0295 lr 0.004758647376699036 acc 99.22% eta 0:07:37
2023-04-10 15:46:42,284 - __main__ - INFO - [INFO] 2023-04-10 15:46:42.284305 Epoch [87/100] batch [257/391] loss 0.0565 lr 0.004758647376699036 acc 99.22% eta 0:07:26
2023-04-10 15:46:56,145 - __main__ - INFO - [INFO] 2023-04-10 15:46:56.144867 Epoch [87/100] batch [385/391] loss 0.0759 lr 0.004758647376699036 acc 98.44% eta 0:07:16
2023-04-10 15:46:56,782 - __main__ - INFO - Computing epoch 87 validation accuracy...
2023-04-10 15:47:00,241 - __main__ - INFO - Computing epoch 87 validation loss...
2023-04-10 15:47:03,691 - __main__ - INFO - [INFO] 2023-04-10 15:47:03.691494 Epoch [88/100] batch [1/391] loss 0.0765 lr 0.004112268715800957 acc 97.66% eta 0:08:16
2023-04-10 15:47:17,582 - __main__ - INFO - [INFO] 2023-04-10 15:47:17.582186 Epoch [88/100] batch [129/391] loss 0.1115 lr 0.004112268715800957 acc 97.66% eta 0:07:06
2023-04-10 15:47:31,325 - __main__ - INFO - [INFO] 2023-04-10 15:47:31.325347 Epoch [88/100] batch [257/391] loss 0.0662 lr 0.004112268715800957 acc 99.22% eta 0:06:52
2023-04-10 15:47:45,140 - __main__ - INFO - [INFO] 2023-04-10 15:47:45.139827 Epoch [88/100] batch [385/391] loss 0.0329 lr 0.004112268715800957 acc 99.22% eta 0:06:41
2023-04-10 15:47:45,758 - __main__ - INFO - Computing epoch 88 validation accuracy...
2023-04-10 15:47:49,098 - __main__ - INFO - Computing epoch 88 validation loss...
2023-04-10 15:47:52,558 - __main__ - INFO - [INFO] 2023-04-10 15:47:52.558065 Epoch [89/100] batch [1/391] loss 0.0698 lr 0.003511175705587435 acc 97.66% eta 0:06:56
2023-04-10 15:48:06,440 - __main__ - INFO - [INFO] 2023-04-10 15:48:06.440011 Epoch [89/100] batch [129/391] loss 0.0881 lr 0.003511175705587435 acc 98.44% eta 0:06:33
2023-04-10 15:48:20,001 - __main__ - INFO - [INFO] 2023-04-10 15:48:20.000931 Epoch [89/100] batch [257/391] loss 0.0334 lr 0.003511175705587435 acc 99.22% eta 0:06:15
2023-04-10 15:48:33,718 - __main__ - INFO - [INFO] 2023-04-10 15:48:33.718269 Epoch [89/100] batch [385/391] loss 0.0397 lr 0.003511175705587435 acc 99.22% eta 0:06:03
2023-04-10 15:48:34,352 - __main__ - INFO - Computing epoch 89 validation accuracy...
2023-04-10 15:48:37,814 - __main__ - INFO - Computing epoch 89 validation loss...
2023-04-10 15:48:41,333 - __main__ - INFO - [INFO] 2023-04-10 15:48:41.333712 Epoch [90/100] batch [1/391] loss 0.0707 lr 0.0029559615522887295 acc 97.66% eta 0:06:51
2023-04-10 15:48:54,916 - __main__ - INFO - [INFO] 2023-04-10 15:48:54.915649 Epoch [90/100] batch [129/391] loss 0.0224 lr 0.0029559615522887295 acc 100.00% eta 0:05:46
2023-04-10 15:49:08,870 - __main__ - INFO - [INFO] 2023-04-10 15:49:08.870600 Epoch [90/100] batch [257/391] loss 0.0172 lr 0.0029559615522887295 acc 100.00% eta 0:05:42
2023-04-10 15:49:22,536 - __main__ - INFO - [INFO] 2023-04-10 15:49:22.535747 Epoch [90/100] batch [385/391] loss 0.0218 lr 0.0029559615522887295 acc 100.00% eta 0:05:30
2023-04-10 15:49:23,193 - __main__ - INFO - Computing epoch 90 validation accuracy...
2023-04-10 15:49:26,589 - __main__ - INFO - Computing epoch 90 validation loss...
2023-04-10 15:49:30,086 - __main__ - INFO - [INFO] 2023-04-10 15:49:30.085925 Epoch [91/100] batch [1/391] loss 0.1039 lr 0.0024471741852423253 acc 97.66% eta 0:06:05
2023-04-10 15:49:43,862 - __main__ - INFO - [INFO] 2023-04-10 15:49:43.862491 Epoch [91/100] batch [129/391] loss 0.0286 lr 0.0024471741852423253 acc 99.22% eta 0:05:23
2023-04-10 15:49:57,504 - __main__ - INFO - [INFO] 2023-04-10 15:49:57.503786 Epoch [91/100] batch [257/391] loss 0.0715 lr 0.0024471741852423253 acc 98.44% eta 0:05:09
2023-04-10 15:50:11,293 - __main__ - INFO - [INFO] 2023-04-10 15:50:11.293269 Epoch [91/100] batch [385/391] loss 0.0656 lr 0.0024471741852423253 acc 98.44% eta 0:04:59
2023-04-10 15:50:11,883 - __main__ - INFO - Computing epoch 91 validation accuracy...
2023-04-10 15:50:15,224 - __main__ - INFO - Computing epoch 91 validation loss...
2023-04-10 15:50:18,663 - __main__ - INFO - [INFO] 2023-04-10 15:50:18.663240 Epoch [92/100] batch [1/391] loss 0.0926 lr 0.0019853157161528537 acc 98.44% eta 0:05:22
2023-04-10 15:50:32,153 - __main__ - INFO - [INFO] 2023-04-10 15:50:32.153253 Epoch [92/100] batch [129/391] loss 0.0358 lr 0.0019853157161528537 acc 99.22% eta 0:04:38
2023-04-10 15:50:45,916 - __main__ - INFO - [INFO] 2023-04-10 15:50:45.916369 Epoch [92/100] batch [257/391] loss 0.0094 lr 0.0019853157161528537 acc 100.00% eta 0:04:32
2023-04-10 15:50:59,580 - __main__ - INFO - [INFO] 2023-04-10 15:50:59.580738 Epoch [92/100] batch [385/391] loss 0.0038 lr 0.0019853157161528537 acc 100.00% eta 0:04:21
2023-04-10 15:51:00,202 - __main__ - INFO - Computing epoch 92 validation accuracy...
2023-04-10 15:51:03,548 - __main__ - INFO - Computing epoch 92 validation loss...
2023-04-10 15:51:06,912 - __main__ - INFO - [INFO] 2023-04-10 15:51:06.912679 Epoch [93/100] batch [1/391] loss 0.0419 lr 0.0015708419435684529 acc 98.44% eta 0:04:29
2023-04-10 15:51:20,611 - __main__ - INFO - [INFO] 2023-04-10 15:51:20.611667 Epoch [93/100] batch [129/391] loss 0.0072 lr 0.0015708419435684529 acc 100.00% eta 0:04:11
2023-04-10 15:51:34,357 - __main__ - INFO - [INFO] 2023-04-10 15:51:34.356910 Epoch [93/100] batch [257/391] loss 0.0212 lr 0.0015708419435684529 acc 100.00% eta 0:04:02
2023-04-10 15:51:48,127 - __main__ - INFO - [INFO] 2023-04-10 15:51:48.127307 Epoch [93/100] batch [385/391] loss 0.0140 lr 0.0015708419435684529 acc 100.00% eta 0:03:52
2023-04-10 15:51:48,747 - __main__ - INFO - Computing epoch 93 validation accuracy...
2023-04-10 15:51:52,091 - __main__ - INFO - Computing epoch 93 validation loss...
2023-04-10 15:51:55,586 - __main__ - INFO - [INFO] 2023-04-10 15:51:55.585817 Epoch [94/100] batch [1/391] loss 0.0107 lr 0.0012041619030626347 acc 100.00% eta 0:04:23
2023-04-10 15:52:09,277 - __main__ - INFO - [INFO] 2023-04-10 15:52:09.276838 Epoch [94/100] batch [129/391] loss 0.0141 lr 0.0012041619030626347 acc 100.00% eta 0:03:39
2023-04-10 15:52:23,054 - __main__ - INFO - [INFO] 2023-04-10 15:52:23.054660 Epoch [94/100] batch [257/391] loss 0.0066 lr 0.0012041619030626347 acc 100.00% eta 0:03:30
2023-04-10 15:52:36,716 - __main__ - INFO - [INFO] 2023-04-10 15:52:36.716267 Epoch [94/100] batch [385/391] loss 0.0806 lr 0.0012041619030626347 acc 98.44% eta 0:03:18
2023-04-10 15:52:37,321 - __main__ - INFO - Computing epoch 94 validation accuracy...
2023-04-10 15:52:40,621 - __main__ - INFO - Computing epoch 94 validation loss...
2023-04-10 15:52:44,153 - __main__ - INFO - [INFO] 2023-04-10 15:52:44.153489 Epoch [95/100] batch [1/391] loss 0.0135 lr 0.0008856374635655646 acc 100.00% eta 0:03:58
2023-04-10 15:52:57,841 - __main__ - INFO - [INFO] 2023-04-10 15:52:57.841793 Epoch [95/100] batch [129/391] loss 0.0583 lr 0.0008856374635655646 acc 97.66% eta 0:03:07
2023-04-10 15:53:11,616 - __main__ - INFO - [INFO] 2023-04-10 15:53:11.615839 Epoch [95/100] batch [257/391] loss 0.0786 lr 0.0008856374635655646 acc 96.88% eta 0:02:57
2023-04-10 15:53:25,297 - __main__ - INFO - [INFO] 2023-04-10 15:53:25.297062 Epoch [95/100] batch [385/391] loss 0.0209 lr 0.0008856374635655646 acc 98.44% eta 0:02:45
2023-04-10 15:53:25,932 - __main__ - INFO - Computing epoch 95 validation accuracy...
2023-04-10 15:53:29,422 - __main__ - INFO - Computing epoch 95 validation loss...
2023-04-10 15:53:32,913 - __main__ - INFO - [INFO] 2023-04-10 15:53:32.913562 Epoch [96/100] batch [1/391] loss 0.0856 lr 0.0006155829702431174 acc 97.66% eta 0:02:58
2023-04-10 15:53:46,503 - __main__ - INFO - [INFO] 2023-04-10 15:53:46.503018 Epoch [96/100] batch [129/391] loss 0.0457 lr 0.0006155829702431174 acc 98.44% eta 0:02:33
2023-04-10 15:54:00,138 - __main__ - INFO - [INFO] 2023-04-10 15:54:00.138175 Epoch [96/100] batch [257/391] loss 0.0525 lr 0.0006155829702431174 acc 98.44% eta 0:02:22
2023-04-10 15:54:13,716 - __main__ - INFO - [INFO] 2023-04-10 15:54:13.716360 Epoch [96/100] batch [385/391] loss 0.0422 lr 0.0006155829702431174 acc 97.66% eta 0:02:11
2023-04-10 15:54:14,328 - __main__ - INFO - Computing epoch 96 validation accuracy...
2023-04-10 15:54:17,714 - __main__ - INFO - Computing epoch 96 validation loss...
2023-04-10 15:54:21,192 - __main__ - INFO - [INFO] 2023-04-10 15:54:21.192687 Epoch [97/100] batch [1/391] loss 0.0218 lr 0.00039426493427611206 acc 100.00% eta 0:02:18
2023-04-10 15:54:34,884 - __main__ - INFO - [INFO] 2023-04-10 15:54:34.884164 Epoch [97/100] batch [129/391] loss 0.0117 lr 0.00039426493427611206 acc 100.00% eta 0:02:00
2023-04-10 15:54:48,745 - __main__ - INFO - [INFO] 2023-04-10 15:54:48.745071 Epoch [97/100] batch [257/391] loss 0.0144 lr 0.00039426493427611206 acc 99.22% eta 0:01:50
2023-04-10 15:55:02,513 - __main__ - INFO - [INFO] 2023-04-10 15:55:02.513053 Epoch [97/100] batch [385/391] loss 0.0181 lr 0.00039426493427611206 acc 100.00% eta 0:01:40
2023-04-10 15:55:03,130 - __main__ - INFO - Computing epoch 97 validation accuracy...
2023-04-10 15:55:06,498 - __main__ - INFO - Computing epoch 97 validation loss...
2023-04-10 15:55:10,009 - __main__ - INFO - [INFO] 2023-04-10 15:55:10.009232 Epoch [98/100] batch [1/391] loss 0.0494 lr 0.00022190176984600036 acc 99.22% eta 0:02:43
2023-04-10 15:55:23,657 - __main__ - INFO - [INFO] 2023-04-10 15:55:23.657557 Epoch [98/100] batch [129/391] loss 0.0232 lr 0.00022190176984600036 acc 100.00% eta 0:01:28
2023-04-10 15:55:37,311 - __main__ - INFO - [INFO] 2023-04-10 15:55:37.311195 Epoch [98/100] batch [257/391] loss 0.0265 lr 0.00022190176984600036 acc 99.22% eta 0:01:17
2023-04-10 15:55:51,011 - __main__ - INFO - [INFO] 2023-04-10 15:55:51.011612 Epoch [98/100] batch [385/391] loss 0.0471 lr 0.00022190176984600036 acc 99.22% eta 0:01:06
2023-04-10 15:55:51,630 - __main__ - INFO - Computing epoch 98 validation accuracy...
2023-04-10 15:55:55,025 - __main__ - INFO - Computing epoch 98 validation loss...
2023-04-10 15:55:58,427 - __main__ - INFO - [INFO] 2023-04-10 15:55:58.427181 Epoch [99/100] batch [1/391] loss 0.0444 lr 9.866357858642213e-05 acc 98.44% eta 0:01:10
2023-04-10 15:56:11,957 - __main__ - INFO - [INFO] 2023-04-10 15:56:11.956975 Epoch [99/100] batch [129/391] loss 0.0448 lr 9.866357858642213e-05 acc 98.44% eta 0:00:54
2023-04-10 15:56:25,581 - __main__ - INFO - [INFO] 2023-04-10 15:56:25.581261 Epoch [99/100] batch [257/391] loss 0.0109 lr 9.866357858642213e-05 acc 100.00% eta 0:00:43
2023-04-10 15:56:39,275 - __main__ - INFO - [INFO] 2023-04-10 15:56:39.275495 Epoch [99/100] batch [385/391] loss 0.0356 lr 9.866357858642213e-05 acc 99.22% eta 0:00:33
2023-04-10 15:56:39,884 - __main__ - INFO - Computing epoch 99 validation accuracy...
2023-04-10 15:56:43,247 - __main__ - INFO - Computing epoch 99 validation loss...
2023-04-10 15:56:46,698 - __main__ - INFO - [INFO] 2023-04-10 15:56:46.698200 Epoch [100/100] batch [1/391] loss 0.0277 lr 2.4671981713420017e-05 acc 100.00% eta 0:00:33
2023-04-10 15:57:00,265 - __main__ - INFO - [INFO] 2023-04-10 15:57:00.265580 Epoch [100/100] batch [129/391] loss 0.0111 lr 2.4671981713420017e-05 acc 100.00% eta 0:00:21
2023-04-10 15:57:13,773 - __main__ - INFO - [INFO] 2023-04-10 15:57:13.773699 Epoch [100/100] batch [257/391] loss 0.0235 lr 2.4671981713420017e-05 acc 98.44% eta 0:00:11
2023-04-10 15:57:27,220 - __main__ - INFO - [INFO] 2023-04-10 15:57:27.220269 Epoch [100/100] batch [385/391] loss 0.0116 lr 2.4671981713420017e-05 acc 100.00% eta 0:00:00
2023-04-10 15:57:27,831 - __main__ - INFO - Computing epoch 100 validation accuracy...
2023-04-10 15:57:31,359 - __main__ - INFO - Computing epoch 100 validation loss...
2023-04-10 15:57:34,961 - __main__ - INFO - Reading testing data set cifar10
2023-04-10 15:57:35,673 - __main__ - INFO - Loading trained model...
2023-04-10 15:57:39,826 - __main__ - INFO - Testing acc : 93.28%.
