2023-04-23 11:54:52,878 - __main__ - INFO - 

2023-04-23 11:54:52,878 - __main__ - INFO - ***************
2023-04-23 11:54:52,878 - __main__ - INFO - ** Arguments **
2023-04-23 11:54:52,878 - __main__ - INFO - ***************
2023-04-23 11:54:52,878 - __main__ - INFO - backbone: densenet100
2023-04-23 11:54:52,878 - __main__ - INFO - dataname: cifar10
2023-04-23 11:54:52,878 - __main__ - INFO - drop_method: sd
2023-04-23 11:54:52,878 - __main__ - INFO - drop_rate: 0.3
2023-04-23 11:54:52,879 - __main__ - INFO - eval_only: 0
2023-04-23 11:54:52,879 - __main__ - INFO - output_path: checkpoints/cifar10/densenet100/drop_sd/rate_0.3/seed3
2023-04-23 11:54:52,879 - __main__ - INFO - part_rate: 0.1
2023-04-23 11:54:52,879 - __main__ - INFO - seed: 3
2023-04-23 11:54:52,879 - __main__ - INFO - weight_decay: 0.0005
2023-04-23 11:54:52,879 - __main__ - INFO - ************
2023-04-23 11:54:52,879 - __main__ - INFO - ** Config **
2023-04-23 11:54:52,879 - __main__ - INFO - ************
2023-04-23 11:54:52,879 - __main__ - INFO - {'DATALOADER': {'PATH': './data', 'DATANAME': 'cifar10', 'BATCH_SIZE': 128, 'NUM_CLASSES': 10}, 'INPUT': {'SIZE': [32, 32], 'PIXEL_MEAN': [0.4914, 0.4822, 0.4465], 'PIXEL_STD': [0.2023, 0.1994, 0.201]}, 'OUTPUT': {'DIR': 'checkpoints/cifar10/densenet100/drop_sd/rate_0.3/seed3'}, 'SEED': 3, 'OPTIM': {'LR': 0.1, 'MAX_EPOCH': 100, 'LR_SCHEDULER': 'step', 'LR_MILESTONES': [20, 40, 80, 120, 140], 'LR_DECAY': 0.2, 'PART_RATE': 0.1, 'PREC': 'fp16', 'WEIGHT_DECAY': 0.0005, 'DROP_RATE': 0.3, 'DROP_METHOD': 'sd', 'BLOCK_SIZE': 7}, 'MODEL': {'BACKBONE': 'densenet100'}}
2023-04-23 11:54:52,927 - __main__ - INFO - Reading training data set cifar10
2023-04-23 11:54:54,665 - __main__ - INFO - Loading raw model
2023-04-23 11:54:57,626 - __main__ - INFO - 
Saving everything to checkpoints/cifar10/densenet100/drop_sd/rate_0.3/seed3
2023-04-23 11:54:57,626 - __main__ - INFO - Start training...
2023-04-23 11:55:01,771 - __main__ - INFO - [INFO] 2023-04-23 11:55:01.770800 Epoch [1/100] batch [1/391] loss 2.3714 lr 0.1 acc 13.28% eta 1 day, 20:30:57
2023-04-23 11:55:32,996 - __main__ - INFO - [INFO] 2023-04-23 11:55:32.996665 Epoch [1/100] batch [129/391] loss 1.8867 lr 0.1 acc 34.38% eta 2:29:23
2023-04-23 11:56:05,265 - __main__ - INFO - [INFO] 2023-04-23 11:56:05.264897 Epoch [1/100] batch [257/391] loss 1.7290 lr 0.1 acc 39.06% eta 2:21:07
2023-04-23 11:56:35,935 - __main__ - INFO - [INFO] 2023-04-23 11:56:35.934928 Epoch [1/100] batch [385/391] loss 1.5751 lr 0.1 acc 46.88% eta 2:16:21
2023-04-23 11:56:37,909 - __main__ - INFO - Computing epoch 1 validation accuracy...
2023-04-23 11:56:44,748 - __main__ - INFO - Computing epoch 1 validation loss...
2023-04-23 11:56:51,507 - __main__ - INFO - [INFO] 2023-04-23 11:56:51.507346 Epoch [2/100] batch [1/391] loss 1.4156 lr 0.09997532801828658 acc 46.88% eta 1:59:40
2023-04-23 11:57:25,440 - __main__ - INFO - [INFO] 2023-04-23 11:57:25.440655 Epoch [2/100] batch [129/391] loss 1.3394 lr 0.09997532801828658 acc 46.88% eta 2:19:00
2023-04-23 11:57:59,240 - __main__ - INFO - [INFO] 2023-04-23 11:57:59.240503 Epoch [2/100] batch [257/391] loss 1.3449 lr 0.09997532801828658 acc 53.91% eta 2:18:22
2023-04-23 11:58:33,615 - __main__ - INFO - [INFO] 2023-04-23 11:58:33.615299 Epoch [2/100] batch [385/391] loss 1.3486 lr 0.09997532801828658 acc 50.00% eta 2:18:40
2023-04-23 11:58:35,235 - __main__ - INFO - Computing epoch 2 validation accuracy...
2023-04-23 11:58:42,019 - __main__ - INFO - Computing epoch 2 validation loss...
2023-04-23 11:58:48,635 - __main__ - INFO - [INFO] 2023-04-23 11:58:48.634885 Epoch [3/100] batch [1/391] loss 1.3899 lr 0.09990133642141358 acc 53.91% eta 2:35:50
2023-04-23 11:59:22,016 - __main__ - INFO - [INFO] 2023-04-23 11:59:22.016584 Epoch [3/100] batch [129/391] loss 1.2029 lr 0.09990133642141358 acc 60.94% eta 2:15:57
2023-04-23 11:59:55,372 - __main__ - INFO - [INFO] 2023-04-23 11:59:55.372179 Epoch [3/100] batch [257/391] loss 1.1451 lr 0.09990133642141358 acc 61.72% eta 2:15:10
2023-04-23 12:00:29,447 - __main__ - INFO - [INFO] 2023-04-23 12:00:29.446814 Epoch [3/100] batch [385/391] loss 1.1332 lr 0.09990133642141358 acc 64.84% eta 2:15:45
2023-04-23 12:00:30,998 - __main__ - INFO - Computing epoch 3 validation accuracy...
2023-04-23 12:00:37,519 - __main__ - INFO - Computing epoch 3 validation loss...
2023-04-23 12:00:44,029 - __main__ - INFO - [INFO] 2023-04-23 12:00:44.029349 Epoch [4/100] batch [1/391] loss 1.0230 lr 0.099778098230154 acc 61.72% eta 2:23:48
2023-04-23 12:01:18,789 - __main__ - INFO - [INFO] 2023-04-23 12:01:18.789726 Epoch [4/100] batch [129/391] loss 0.9886 lr 0.099778098230154 acc 64.84% eta 2:19:34
2023-04-23 12:01:51,528 - __main__ - INFO - [INFO] 2023-04-23 12:01:51.528472 Epoch [4/100] batch [257/391] loss 1.0588 lr 0.099778098230154 acc 66.41% eta 2:15:06
2023-04-23 12:02:23,110 - __main__ - INFO - [INFO] 2023-04-23 12:02:23.110386 Epoch [4/100] batch [385/391] loss 0.9140 lr 0.099778098230154 acc 71.88% eta 2:12:09
2023-04-23 12:02:24,638 - __main__ - INFO - Computing epoch 4 validation accuracy...
2023-04-23 12:02:31,471 - __main__ - INFO - Computing epoch 4 validation loss...
2023-04-23 12:02:38,551 - __main__ - INFO - [INFO] 2023-04-23 12:02:38.551136 Epoch [5/100] batch [1/391] loss 0.9613 lr 0.0996057350657239 acc 64.06% eta 2:16:03
2023-04-23 12:03:09,759 - __main__ - INFO - [INFO] 2023-04-23 12:03:09.759029 Epoch [5/100] batch [129/391] loss 0.8041 lr 0.0996057350657239 acc 69.53% eta 2:05:34
2023-04-23 12:03:41,600 - __main__ - INFO - [INFO] 2023-04-23 12:03:41.600013 Epoch [5/100] batch [257/391] loss 1.1672 lr 0.0996057350657239 acc 59.38% eta 2:05:55
2023-04-23 12:04:16,424 - __main__ - INFO - [INFO] 2023-04-23 12:04:16.423862 Epoch [5/100] batch [385/391] loss 0.8911 lr 0.0996057350657239 acc 64.84% eta 2:09:37
2023-04-23 12:04:18,014 - __main__ - INFO - Computing epoch 5 validation accuracy...
2023-04-23 12:04:24,504 - __main__ - INFO - Computing epoch 5 validation loss...
2023-04-23 12:04:31,227 - __main__ - INFO - [INFO] 2023-04-23 12:04:31.227443 Epoch [6/100] batch [1/391] loss 0.9965 lr 0.09938441702975688 acc 69.53% eta 2:13:54
2023-04-23 12:05:04,121 - __main__ - INFO - [INFO] 2023-04-23 12:05:04.121698 Epoch [6/100] batch [129/391] loss 0.8715 lr 0.09938441702975688 acc 70.31% eta 2:09:26
2023-04-23 12:05:37,109 - __main__ - INFO - [INFO] 2023-04-23 12:05:37.109467 Epoch [6/100] batch [257/391] loss 0.7020 lr 0.09938441702975688 acc 70.31% eta 2:09:05
2023-04-23 12:06:10,621 - __main__ - INFO - [INFO] 2023-04-23 12:06:10.621415 Epoch [6/100] batch [385/391] loss 0.8829 lr 0.09938441702975688 acc 67.97% eta 2:09:22
2023-04-23 12:06:11,997 - __main__ - INFO - Computing epoch 6 validation accuracy...
2023-04-23 12:06:18,682 - __main__ - INFO - Computing epoch 6 validation loss...
2023-04-23 12:06:25,391 - __main__ - INFO - [INFO] 2023-04-23 12:06:25.391126 Epoch [7/100] batch [1/391] loss 0.7624 lr 0.09911436253643444 acc 68.75% eta 2:14:23
2023-04-23 12:06:58,257 - __main__ - INFO - [INFO] 2023-04-23 12:06:58.256963 Epoch [7/100] batch [129/391] loss 0.7507 lr 0.09911436253643444 acc 67.97% eta 2:08:12
2023-04-23 12:07:31,451 - __main__ - INFO - [INFO] 2023-04-23 12:07:31.451180 Epoch [7/100] batch [257/391] loss 0.8471 lr 0.09911436253643444 acc 72.66% eta 2:08:22
2023-04-23 12:08:04,822 - __main__ - INFO - [INFO] 2023-04-23 12:08:04.821840 Epoch [7/100] batch [385/391] loss 0.6177 lr 0.09911436253643444 acc 79.69% eta 2:08:14
2023-04-23 12:08:06,301 - __main__ - INFO - Computing epoch 7 validation accuracy...
2023-04-23 12:08:12,782 - __main__ - INFO - Computing epoch 7 validation loss...
2023-04-23 12:08:19,408 - __main__ - INFO - [INFO] 2023-04-23 12:08:19.408254 Epoch [8/100] batch [1/391] loss 0.7351 lr 0.09879583809693737 acc 79.69% eta 2:11:29
2023-04-23 12:08:49,607 - __main__ - INFO - [INFO] 2023-04-23 12:08:49.607677 Epoch [8/100] batch [129/391] loss 0.7252 lr 0.09879583809693737 acc 75.00% eta 1:57:26
2023-04-23 12:09:20,804 - __main__ - INFO - [INFO] 2023-04-23 12:09:20.804267 Epoch [8/100] batch [257/391] loss 0.7474 lr 0.09879583809693737 acc 69.53% eta 1:58:44
2023-04-23 12:09:53,287 - __main__ - INFO - [INFO] 2023-04-23 12:09:53.286817 Epoch [8/100] batch [385/391] loss 0.7547 lr 0.09879583809693737 acc 69.53% eta 2:00:14
2023-04-23 12:09:54,551 - __main__ - INFO - Computing epoch 8 validation accuracy...
2023-04-23 12:09:59,750 - __main__ - INFO - Computing epoch 8 validation loss...
2023-04-23 12:10:05,392 - __main__ - INFO - [INFO] 2023-04-23 12:10:05.392804 Epoch [9/100] batch [1/391] loss 0.6152 lr 0.09842915805643156 acc 78.12% eta 1:45:11
2023-04-23 12:10:37,461 - __main__ - INFO - [INFO] 2023-04-23 12:10:37.461410 Epoch [9/100] batch [129/391] loss 0.6767 lr 0.09842915805643156 acc 75.00% eta 2:02:25
2023-04-23 12:11:10,621 - __main__ - INFO - [INFO] 2023-04-23 12:11:10.620958 Epoch [9/100] batch [257/391] loss 0.6597 lr 0.09842915805643156 acc 75.00% eta 2:03:54
2023-04-23 12:11:43,739 - __main__ - INFO - [INFO] 2023-04-23 12:11:43.739347 Epoch [9/100] batch [385/391] loss 0.6878 lr 0.09842915805643156 acc 80.47% eta 2:04:00
2023-04-23 12:11:45,268 - __main__ - INFO - Computing epoch 9 validation accuracy...
2023-04-23 12:11:51,774 - __main__ - INFO - Computing epoch 9 validation loss...
2023-04-23 12:11:58,263 - __main__ - INFO - [INFO] 2023-04-23 12:11:58.262929 Epoch [10/100] batch [1/391] loss 0.5987 lr 0.09801468428384716 acc 78.12% eta 2:12:02
2023-04-23 12:12:31,867 - __main__ - INFO - [INFO] 2023-04-23 12:12:31.867271 Epoch [10/100] batch [129/391] loss 0.5655 lr 0.09801468428384716 acc 80.47% eta 2:06:06
2023-04-23 12:13:04,890 - __main__ - INFO - [INFO] 2023-04-23 12:13:04.890268 Epoch [10/100] batch [257/391] loss 0.7921 lr 0.09801468428384716 acc 68.75% eta 2:04:46
2023-04-23 12:13:38,107 - __main__ - INFO - [INFO] 2023-04-23 12:13:38.107799 Epoch [10/100] batch [385/391] loss 0.5678 lr 0.09801468428384716 acc 78.12% eta 2:04:16
2023-04-23 12:13:39,501 - __main__ - INFO - Computing epoch 10 validation accuracy...
2023-04-23 12:13:45,900 - __main__ - INFO - Computing epoch 10 validation loss...
2023-04-23 12:13:52,577 - __main__ - INFO - [INFO] 2023-04-23 12:13:52.577275 Epoch [11/100] batch [1/391] loss 0.7732 lr 0.09755282581475769 acc 71.88% eta 2:07:52
2023-04-23 12:14:25,566 - __main__ - INFO - [INFO] 2023-04-23 12:14:25.565852 Epoch [11/100] batch [129/391] loss 0.6703 lr 0.09755282581475769 acc 79.69% eta 2:02:41
2023-04-23 12:14:58,706 - __main__ - INFO - [INFO] 2023-04-23 12:14:58.705868 Epoch [11/100] batch [257/391] loss 0.6629 lr 0.09755282581475769 acc 78.12% eta 2:02:33
2023-04-23 12:15:31,999 - __main__ - INFO - [INFO] 2023-04-23 12:15:31.998948 Epoch [11/100] batch [385/391] loss 0.7818 lr 0.09755282581475769 acc 76.56% eta 2:02:21
2023-04-23 12:15:33,525 - __main__ - INFO - Computing epoch 11 validation accuracy...
2023-04-23 12:15:39,889 - __main__ - INFO - Computing epoch 11 validation loss...
2023-04-23 12:15:46,394 - __main__ - INFO - [INFO] 2023-04-23 12:15:46.394045 Epoch [12/100] batch [1/391] loss 0.6309 lr 0.09704403844771128 acc 73.44% eta 2:04:37
2023-04-23 12:16:19,806 - __main__ - INFO - [INFO] 2023-04-23 12:16:19.806087 Epoch [12/100] batch [129/391] loss 0.6910 lr 0.09704403844771128 acc 74.22% eta 2:02:53
2023-04-23 12:16:52,894 - __main__ - INFO - [INFO] 2023-04-23 12:16:52.894528 Epoch [12/100] batch [257/391] loss 0.6739 lr 0.09704403844771128 acc 65.62% eta 2:01:55
2023-04-23 12:17:26,252 - __main__ - INFO - [INFO] 2023-04-23 12:17:26.252774 Epoch [12/100] batch [385/391] loss 0.6505 lr 0.09704403844771128 acc 76.56% eta 2:01:34
2023-04-23 12:17:27,587 - __main__ - INFO - Computing epoch 12 validation accuracy...
2023-04-23 12:17:33,905 - __main__ - INFO - Computing epoch 12 validation loss...
2023-04-23 12:17:40,533 - __main__ - INFO - [INFO] 2023-04-23 12:17:40.532956 Epoch [13/100] batch [1/391] loss 0.5998 lr 0.09648882429441258 acc 78.91% eta 2:02:32
2023-04-23 12:18:13,661 - __main__ - INFO - [INFO] 2023-04-23 12:18:13.661739 Epoch [13/100] batch [129/391] loss 0.7259 lr 0.09648882429441258 acc 75.00% eta 2:00:40
2023-04-23 12:18:46,989 - __main__ - INFO - [INFO] 2023-04-23 12:18:46.989078 Epoch [13/100] batch [257/391] loss 0.4732 lr 0.09648882429441258 acc 86.72% eta 2:00:32
2023-04-23 12:19:20,146 - __main__ - INFO - [INFO] 2023-04-23 12:19:20.145865 Epoch [13/100] batch [385/391] loss 0.7699 lr 0.09648882429441258 acc 79.69% eta 2:00:02
2023-04-23 12:19:21,678 - __main__ - INFO - Computing epoch 13 validation accuracy...
2023-04-23 12:19:28,346 - __main__ - INFO - Computing epoch 13 validation loss...
2023-04-23 12:19:35,320 - __main__ - INFO - [INFO] 2023-04-23 12:19:35.320798 Epoch [14/100] batch [1/391] loss 0.7743 lr 0.09588773128419906 acc 66.41% eta 2:04:43
2023-04-23 12:20:03,252 - __main__ - INFO - [INFO] 2023-04-23 12:20:03.252231 Epoch [14/100] batch [129/391] loss 0.5638 lr 0.09588773128419906 acc 82.81% eta 1:42:42
2023-04-23 12:20:36,517 - __main__ - INFO - [INFO] 2023-04-23 12:20:36.517734 Epoch [14/100] batch [257/391] loss 0.6428 lr 0.09588773128419906 acc 74.22% eta 1:50:29
2023-04-23 12:21:05,926 - __main__ - INFO - [INFO] 2023-04-23 12:21:05.926577 Epoch [14/100] batch [385/391] loss 0.5680 lr 0.09588773128419906 acc 85.94% eta 1:48:44
2023-04-23 12:21:07,158 - __main__ - INFO - Computing epoch 14 validation accuracy...
2023-04-23 12:21:12,414 - __main__ - INFO - Computing epoch 14 validation loss...
2023-04-23 12:21:18,737 - __main__ - INFO - [INFO] 2023-04-23 12:21:18.737555 Epoch [15/100] batch [1/391] loss 0.4747 lr 0.09524135262330098 acc 74.22% eta 1:59:59
2023-04-23 12:21:52,251 - __main__ - INFO - [INFO] 2023-04-23 12:21:52.251204 Epoch [15/100] batch [129/391] loss 0.5694 lr 0.09524135262330098 acc 77.34% eta 1:59:14
2023-04-23 12:22:25,672 - __main__ - INFO - [INFO] 2023-04-23 12:22:25.671994 Epoch [15/100] batch [257/391] loss 0.5054 lr 0.09524135262330098 acc 82.03% eta 1:58:35
2023-04-23 12:22:58,957 - __main__ - INFO - [INFO] 2023-04-23 12:22:58.957502 Epoch [15/100] batch [385/391] loss 0.6689 lr 0.09524135262330098 acc 78.91% eta 1:57:52
2023-04-23 12:23:00,460 - __main__ - INFO - Computing epoch 15 validation accuracy...
2023-04-23 12:23:06,919 - __main__ - INFO - Computing epoch 15 validation loss...
2023-04-23 12:23:13,480 - __main__ - INFO - [INFO] 2023-04-23 12:23:13.480510 Epoch [16/100] batch [1/391] loss 0.5988 lr 0.0945503262094184 acc 78.91% eta 2:01:09
2023-04-23 12:23:46,309 - __main__ - INFO - [INFO] 2023-04-23 12:23:46.309616 Epoch [16/100] batch [129/391] loss 0.6011 lr 0.0945503262094184 acc 80.47% eta 1:55:23
2023-04-23 12:24:19,455 - __main__ - INFO - [INFO] 2023-04-23 12:24:19.455233 Epoch [16/100] batch [257/391] loss 0.5749 lr 0.0945503262094184 acc 82.03% eta 1:55:27
2023-04-23 12:24:53,091 - __main__ - INFO - [INFO] 2023-04-23 12:24:53.091614 Epoch [16/100] batch [385/391] loss 0.5183 lr 0.0945503262094184 acc 81.25% eta 1:55:43
2023-04-23 12:24:54,660 - __main__ - INFO - Computing epoch 16 validation accuracy...
2023-04-23 12:25:01,032 - __main__ - INFO - Computing epoch 16 validation loss...
2023-04-23 12:25:07,653 - __main__ - INFO - [INFO] 2023-04-23 12:25:07.653297 Epoch [17/100] batch [1/391] loss 0.4104 lr 0.09381533400219319 acc 89.06% eta 1:59:21
2023-04-23 12:25:41,283 - __main__ - INFO - [INFO] 2023-04-23 12:25:41.283079 Epoch [17/100] batch [129/391] loss 0.6481 lr 0.09381533400219319 acc 85.16% eta 1:56:50
2023-04-23 12:26:14,635 - __main__ - INFO - [INFO] 2023-04-23 12:26:14.635362 Epoch [17/100] batch [257/391] loss 0.6572 lr 0.09381533400219319 acc 78.91% eta 1:55:53
2023-04-23 12:26:48,081 - __main__ - INFO - [INFO] 2023-04-23 12:26:48.080986 Epoch [17/100] batch [385/391] loss 0.6366 lr 0.09381533400219319 acc 80.47% eta 1:55:30
2023-04-23 12:26:49,607 - __main__ - INFO - Computing epoch 17 validation accuracy...
2023-04-23 12:26:56,183 - __main__ - INFO - Computing epoch 17 validation loss...
2023-04-23 12:27:02,890 - __main__ - INFO - [INFO] 2023-04-23 12:27:02.890286 Epoch [18/100] batch [1/391] loss 0.5659 lr 0.0930371013501972 acc 81.25% eta 1:41:28
2023-04-23 12:27:36,552 - __main__ - INFO - [INFO] 2023-04-23 12:27:36.551862 Epoch [18/100] batch [129/391] loss 0.4596 lr 0.0930371013501972 acc 82.81% eta 1:55:28
2023-04-23 12:28:09,739 - __main__ - INFO - [INFO] 2023-04-23 12:28:09.739396 Epoch [18/100] batch [257/391] loss 0.5775 lr 0.0930371013501972 acc 79.69% eta 1:54:22
2023-04-23 12:28:43,465 - __main__ - INFO - [INFO] 2023-04-23 12:28:43.465456 Epoch [18/100] batch [385/391] loss 0.5368 lr 0.0930371013501972 acc 79.69% eta 1:54:16
2023-04-23 12:28:44,975 - __main__ - INFO - Computing epoch 18 validation accuracy...
2023-04-23 12:28:51,105 - __main__ - INFO - Computing epoch 18 validation loss...
2023-04-23 12:28:57,792 - __main__ - INFO - [INFO] 2023-04-23 12:28:57.792146 Epoch [19/100] batch [1/391] loss 0.4345 lr 0.09221639627510078 acc 87.50% eta 1:57:10
2023-04-23 12:29:30,830 - __main__ - INFO - [INFO] 2023-04-23 12:29:30.829807 Epoch [19/100] batch [129/391] loss 0.7612 lr 0.09221639627510078 acc 73.44% eta 1:52:06
2023-04-23 12:30:03,822 - __main__ - INFO - [INFO] 2023-04-23 12:30:03.822548 Epoch [19/100] batch [257/391] loss 0.5612 lr 0.09221639627510078 acc 76.56% eta 1:51:34
2023-04-23 12:30:37,916 - __main__ - INFO - [INFO] 2023-04-23 12:30:37.916759 Epoch [19/100] batch [385/391] loss 0.7125 lr 0.09221639627510078 acc 75.78% eta 1:52:10
2023-04-23 12:30:39,424 - __main__ - INFO - Computing epoch 19 validation accuracy...
2023-04-23 12:30:44,805 - __main__ - INFO - Computing epoch 19 validation loss...
2023-04-23 12:30:50,368 - __main__ - INFO - [INFO] 2023-04-23 12:30:50.367890 Epoch [20/100] batch [1/391] loss 0.5242 lr 0.09135402871372812 acc 76.56% eta 1:34:52
2023-04-23 12:31:21,163 - __main__ - INFO - [INFO] 2023-04-23 12:31:21.163734 Epoch [20/100] batch [129/391] loss 0.5604 lr 0.09135402871372812 acc 76.56% eta 1:43:54
2023-04-23 12:31:54,026 - __main__ - INFO - [INFO] 2023-04-23 12:31:54.026776 Epoch [20/100] batch [257/391] loss 0.4969 lr 0.09135402871372812 acc 82.03% eta 1:46:22
2023-04-23 12:32:23,233 - __main__ - INFO - [INFO] 2023-04-23 12:32:23.233042 Epoch [20/100] batch [385/391] loss 0.6105 lr 0.09135402871372812 acc 75.00% eta 1:43:27
2023-04-23 12:32:24,764 - __main__ - INFO - Computing epoch 20 validation accuracy...
2023-04-23 12:32:31,263 - __main__ - INFO - Computing epoch 20 validation loss...
2023-04-23 12:32:37,817 - __main__ - INFO - [INFO] 2023-04-23 12:32:37.816988 Epoch [21/100] batch [1/391] loss 0.5816 lr 0.09045084971874741 acc 78.91% eta 1:52:40
2023-04-23 12:33:11,920 - __main__ - INFO - [INFO] 2023-04-23 12:33:11.920058 Epoch [21/100] batch [129/391] loss 0.4700 lr 0.09045084971874741 acc 82.03% eta 1:53:07
2023-04-23 12:33:45,052 - __main__ - INFO - [INFO] 2023-04-23 12:33:45.051923 Epoch [21/100] batch [257/391] loss 0.4643 lr 0.09045084971874741 acc 88.28% eta 1:50:59
2023-04-23 12:34:18,471 - __main__ - INFO - [INFO] 2023-04-23 12:34:18.471333 Epoch [21/100] batch [385/391] loss 0.5468 lr 0.09045084971874741 acc 78.91% eta 1:50:15
2023-04-23 12:34:19,978 - __main__ - INFO - Computing epoch 21 validation accuracy...
2023-04-23 12:34:26,415 - __main__ - INFO - Computing epoch 21 validation loss...
2023-04-23 12:34:33,606 - __main__ - INFO - [INFO] 2023-04-23 12:34:33.606138 Epoch [22/100] batch [1/391] loss 0.4201 lr 0.08950775061878455 acc 82.81% eta 2:17:56
2023-04-23 12:35:07,281 - __main__ - INFO - [INFO] 2023-04-23 12:35:07.281338 Epoch [22/100] batch [129/391] loss 0.5030 lr 0.08950775061878455 acc 77.34% eta 1:50:10
2023-04-23 12:35:40,632 - __main__ - INFO - [INFO] 2023-04-23 12:35:40.632290 Epoch [22/100] batch [257/391] loss 0.5994 lr 0.08950775061878455 acc 83.59% eta 1:48:57
2023-04-23 12:36:14,267 - __main__ - INFO - [INFO] 2023-04-23 12:36:14.267682 Epoch [22/100] batch [385/391] loss 0.5795 lr 0.08950775061878455 acc 81.25% eta 1:48:36
2023-04-23 12:36:15,879 - __main__ - INFO - Computing epoch 22 validation accuracy...
2023-04-23 12:36:22,166 - __main__ - INFO - Computing epoch 22 validation loss...
2023-04-23 12:36:28,783 - __main__ - INFO - [INFO] 2023-04-23 12:36:28.783603 Epoch [23/100] batch [1/391] loss 0.5037 lr 0.0885256621387895 acc 77.34% eta 1:52:39
2023-04-23 12:37:02,389 - __main__ - INFO - [INFO] 2023-04-23 12:37:02.388797 Epoch [23/100] batch [129/391] loss 0.5210 lr 0.0885256621387895 acc 85.16% eta 1:48:13
2023-04-23 12:37:35,532 - __main__ - INFO - [INFO] 2023-04-23 12:37:35.532076 Epoch [23/100] batch [257/391] loss 0.4555 lr 0.0885256621387895 acc 78.12% eta 1:47:03
2023-04-23 12:38:09,168 - __main__ - INFO - [INFO] 2023-04-23 12:38:09.168609 Epoch [23/100] batch [385/391] loss 0.4752 lr 0.0885256621387895 acc 81.25% eta 1:46:56
2023-04-23 12:38:10,726 - __main__ - INFO - Computing epoch 23 validation accuracy...
2023-04-23 12:38:17,487 - __main__ - INFO - Computing epoch 23 validation loss...
2023-04-23 12:38:24,282 - __main__ - INFO - [INFO] 2023-04-23 12:38:24.282398 Epoch [24/100] batch [1/391] loss 0.6351 lr 0.08750555348152302 acc 77.34% eta 1:49:45
2023-04-23 12:38:57,843 - __main__ - INFO - [INFO] 2023-04-23 12:38:57.842913 Epoch [24/100] batch [129/391] loss 0.4040 lr 0.08750555348152302 acc 85.94% eta 1:47:18
2023-04-23 12:39:31,172 - __main__ - INFO - [INFO] 2023-04-23 12:39:31.172248 Epoch [24/100] batch [257/391] loss 0.4792 lr 0.08750555348152302 acc 79.69% eta 1:46:17
2023-04-23 12:40:05,122 - __main__ - INFO - [INFO] 2023-04-23 12:40:05.122147 Epoch [24/100] batch [385/391] loss 0.5921 lr 0.08750555348152302 acc 75.78% eta 1:46:15
2023-04-23 12:40:06,636 - __main__ - INFO - Computing epoch 24 validation accuracy...
2023-04-23 12:40:13,314 - __main__ - INFO - Computing epoch 24 validation loss...
2023-04-23 12:40:20,224 - __main__ - INFO - [INFO] 2023-04-23 12:40:20.224144 Epoch [25/100] batch [1/391] loss 0.4414 lr 0.08644843137107061 acc 85.94% eta 1:52:16
2023-04-23 12:40:53,068 - __main__ - INFO - [INFO] 2023-04-23 12:40:53.068619 Epoch [25/100] batch [129/391] loss 0.4373 lr 0.08644843137107061 acc 84.38% eta 1:43:07
2023-04-23 12:41:26,992 - __main__ - INFO - [INFO] 2023-04-23 12:41:26.992015 Epoch [25/100] batch [257/391] loss 0.5182 lr 0.08644843137107061 acc 84.38% eta 1:44:18
2023-04-23 12:41:58,014 - __main__ - INFO - [INFO] 2023-04-23 12:41:58.014266 Epoch [25/100] batch [385/391] loss 0.5750 lr 0.08644843137107061 acc 85.16% eta 1:41:42
2023-04-23 12:41:59,399 - __main__ - INFO - Computing epoch 25 validation accuracy...
2023-04-23 12:42:04,999 - __main__ - INFO - Computing epoch 25 validation loss...
2023-04-23 12:42:11,065 - __main__ - INFO - [INFO] 2023-04-23 12:42:11.065283 Epoch [26/100] batch [1/391] loss 0.5248 lr 0.0853553390593274 acc 82.03% eta 1:46:41
2023-04-23 12:42:45,213 - __main__ - INFO - [INFO] 2023-04-23 12:42:45.213217 Epoch [26/100] batch [129/391] loss 0.4690 lr 0.0853553390593274 acc 81.25% eta 1:45:15
2023-04-23 12:43:13,846 - __main__ - INFO - [INFO] 2023-04-23 12:43:13.846302 Epoch [26/100] batch [257/391] loss 0.5119 lr 0.0853553390593274 acc 85.16% eta 1:37:20
2023-04-23 12:43:47,207 - __main__ - INFO - [INFO] 2023-04-23 12:43:47.207262 Epoch [26/100] batch [385/391] loss 0.4196 lr 0.0853553390593274 acc 82.03% eta 1:38:45
2023-04-23 12:43:48,770 - __main__ - INFO - Computing epoch 26 validation accuracy...
2023-04-23 12:43:55,374 - __main__ - INFO - Computing epoch 26 validation loss...
2023-04-23 12:44:01,994 - __main__ - INFO - [INFO] 2023-04-23 12:44:01.994007 Epoch [27/100] batch [1/391] loss 0.3966 lr 0.08422735529643446 acc 86.72% eta 1:43:55
2023-04-23 12:44:36,008 - __main__ - INFO - [INFO] 2023-04-23 12:44:36.008759 Epoch [27/100] batch [129/391] loss 0.5649 lr 0.08422735529643446 acc 77.34% eta 1:44:03
2023-04-23 12:45:09,436 - __main__ - INFO - [INFO] 2023-04-23 12:45:09.436302 Epoch [27/100] batch [257/391] loss 0.4942 lr 0.08422735529643446 acc 85.16% eta 1:42:44
2023-04-23 12:45:43,173 - __main__ - INFO - [INFO] 2023-04-23 12:45:43.173516 Epoch [27/100] batch [385/391] loss 0.5129 lr 0.08422735529643446 acc 82.03% eta 1:42:19
2023-04-23 12:45:44,748 - __main__ - INFO - Computing epoch 27 validation accuracy...
2023-04-23 12:45:51,332 - __main__ - INFO - Computing epoch 27 validation loss...
2023-04-23 12:45:58,006 - __main__ - INFO - [INFO] 2023-04-23 12:45:58.006043 Epoch [28/100] batch [1/391] loss 0.2995 lr 0.08306559326618262 acc 92.97% eta 1:45:30
2023-04-23 12:46:31,477 - __main__ - INFO - [INFO] 2023-04-23 12:46:31.477159 Epoch [28/100] batch [129/391] loss 0.4846 lr 0.08306559326618262 acc 87.50% eta 1:41:11
2023-04-23 12:47:05,069 - __main__ - INFO - [INFO] 2023-04-23 12:47:05.069205 Epoch [28/100] batch [257/391] loss 0.4513 lr 0.08306559326618262 acc 85.16% eta 1:40:52
2023-04-23 12:47:38,642 - __main__ - INFO - [INFO] 2023-04-23 12:47:38.642585 Epoch [28/100] batch [385/391] loss 0.4172 lr 0.08306559326618262 acc 85.16% eta 1:40:24
2023-04-23 12:47:40,163 - __main__ - INFO - Computing epoch 28 validation accuracy...
2023-04-23 12:47:46,556 - __main__ - INFO - Computing epoch 28 validation loss...
2023-04-23 12:47:53,248 - __main__ - INFO - [INFO] 2023-04-23 12:47:53.248258 Epoch [29/100] batch [1/391] loss 0.6249 lr 0.08187119948743452 acc 82.81% eta 1:43:22
2023-04-23 12:48:26,756 - __main__ - INFO - [INFO] 2023-04-23 12:48:26.756227 Epoch [29/100] batch [129/391] loss 0.4432 lr 0.08187119948743452 acc 87.50% eta 1:39:31
2023-04-23 12:49:00,114 - __main__ - INFO - [INFO] 2023-04-23 12:49:00.114161 Epoch [29/100] batch [257/391] loss 0.5074 lr 0.08187119948743452 acc 82.03% eta 1:38:57
2023-04-23 12:49:33,809 - __main__ - INFO - [INFO] 2023-04-23 12:49:33.809592 Epoch [29/100] batch [385/391] loss 0.5115 lr 0.08187119948743452 acc 82.03% eta 1:38:44
2023-04-23 12:49:35,299 - __main__ - INFO - Computing epoch 29 validation accuracy...
2023-04-23 12:49:41,779 - __main__ - INFO - Computing epoch 29 validation loss...
2023-04-23 12:49:48,453 - __main__ - INFO - [INFO] 2023-04-23 12:49:48.453742 Epoch [30/100] batch [1/391] loss 0.3924 lr 0.08064535268264886 acc 87.50% eta 1:53:32
2023-04-23 12:50:22,217 - __main__ - INFO - [INFO] 2023-04-23 12:50:22.217522 Epoch [30/100] batch [129/391] loss 0.4404 lr 0.08064535268264886 acc 84.38% eta 1:39:12
2023-04-23 12:50:55,891 - __main__ - INFO - [INFO] 2023-04-23 12:50:55.891275 Epoch [30/100] batch [257/391] loss 0.4317 lr 0.08064535268264886 acc 82.81% eta 1:38:31
2023-04-23 12:51:29,563 - __main__ - INFO - [INFO] 2023-04-23 12:51:29.563199 Epoch [30/100] batch [385/391] loss 0.5537 lr 0.08064535268264886 acc 77.34% eta 1:38:04
2023-04-23 12:51:31,111 - __main__ - INFO - Computing epoch 30 validation accuracy...
2023-04-23 12:51:37,481 - __main__ - INFO - Computing epoch 30 validation loss...
2023-04-23 12:51:43,944 - __main__ - INFO - [INFO] 2023-04-23 12:51:43.944408 Epoch [31/100] batch [1/391] loss 0.2850 lr 0.0793892626146237 acc 89.06% eta 1:42:47
2023-04-23 12:52:17,631 - __main__ - INFO - [INFO] 2023-04-23 12:52:17.631278 Epoch [31/100] batch [129/391] loss 0.3277 lr 0.0793892626146237 acc 81.25% eta 1:37:17
2023-04-23 12:52:51,203 - __main__ - INFO - [INFO] 2023-04-23 12:52:51.203061 Epoch [31/100] batch [257/391] loss 0.5050 lr 0.0793892626146237 acc 89.84% eta 1:36:38
2023-04-23 12:53:25,076 - __main__ - INFO - [INFO] 2023-04-23 12:53:25.076302 Epoch [31/100] batch [385/391] loss 0.3517 lr 0.0793892626146237 acc 86.72% eta 1:36:29
2023-04-23 12:53:26,626 - __main__ - INFO - Computing epoch 31 validation accuracy...
2023-04-23 12:53:33,114 - __main__ - INFO - Computing epoch 31 validation loss...
2023-04-23 12:53:39,836 - __main__ - INFO - [INFO] 2023-04-23 12:53:39.836862 Epoch [32/100] batch [1/391] loss 0.3734 lr 0.07810416889260657 acc 91.41% eta 1:50:45
2023-04-23 12:54:13,501 - __main__ - INFO - [INFO] 2023-04-23 12:54:13.501347 Epoch [32/100] batch [129/391] loss 0.5221 lr 0.07810416889260657 acc 89.06% eta 1:35:54
2023-04-23 12:54:46,970 - __main__ - INFO - [INFO] 2023-04-23 12:54:46.970574 Epoch [32/100] batch [257/391] loss 0.2721 lr 0.07810416889260657 acc 88.28% eta 1:35:05
2023-04-23 12:55:20,793 - __main__ - INFO - [INFO] 2023-04-23 12:55:20.793729 Epoch [32/100] batch [385/391] loss 0.5105 lr 0.07810416889260657 acc 82.81% eta 1:34:56
2023-04-23 12:55:22,314 - __main__ - INFO - Computing epoch 32 validation accuracy...
2023-04-23 12:55:28,822 - __main__ - INFO - Computing epoch 32 validation loss...
2023-04-23 12:55:35,460 - __main__ - INFO - [INFO] 2023-04-23 12:55:35.460170 Epoch [33/100] batch [1/391] loss 0.5000 lr 0.07679133974894986 acc 84.38% eta 1:36:30
2023-04-23 12:56:08,826 - __main__ - INFO - [INFO] 2023-04-23 12:56:08.825938 Epoch [33/100] batch [129/391] loss 0.4554 lr 0.07679133974894986 acc 81.25% eta 1:33:36
2023-04-23 12:56:42,381 - __main__ - INFO - [INFO] 2023-04-23 12:56:42.380881 Epoch [33/100] batch [257/391] loss 0.3597 lr 0.07679133974894986 acc 88.28% eta 1:33:30
2023-04-23 12:57:16,090 - __main__ - INFO - [INFO] 2023-04-23 12:57:16.089980 Epoch [33/100] batch [385/391] loss 0.4222 lr 0.07679133974894986 acc 89.06% eta 1:33:16
2023-04-23 12:57:17,579 - __main__ - INFO - Computing epoch 33 validation accuracy...
2023-04-23 12:57:24,035 - __main__ - INFO - Computing epoch 33 validation loss...
2023-04-23 12:57:30,847 - __main__ - INFO - [INFO] 2023-04-23 12:57:30.847565 Epoch [34/100] batch [1/391] loss 0.4188 lr 0.0754520707875186 acc 89.06% eta 1:36:19
2023-04-23 12:58:04,078 - __main__ - INFO - [INFO] 2023-04-23 12:58:04.078272 Epoch [34/100] batch [129/391] loss 0.3687 lr 0.0754520707875186 acc 90.62% eta 1:31:53
2023-04-23 12:58:37,727 - __main__ - INFO - [INFO] 2023-04-23 12:58:37.727439 Epoch [34/100] batch [257/391] loss 0.4343 lr 0.0754520707875186 acc 85.94% eta 1:32:02
2023-04-23 12:59:11,030 - __main__ - INFO - [INFO] 2023-04-23 12:59:11.029869 Epoch [34/100] batch [385/391] loss 0.6051 lr 0.0754520707875186 acc 82.03% eta 1:31:27
2023-04-23 12:59:12,565 - __main__ - INFO - Computing epoch 34 validation accuracy...
2023-04-23 12:59:18,929 - __main__ - INFO - Computing epoch 34 validation loss...
2023-04-23 12:59:25,311 - __main__ - INFO - [INFO] 2023-04-23 12:59:25.311038 Epoch [35/100] batch [1/391] loss 0.3394 lr 0.0740876837050858 acc 84.38% eta 1:34:07
2023-04-23 12:59:58,727 - __main__ - INFO - [INFO] 2023-04-23 12:59:58.727117 Epoch [35/100] batch [129/391] loss 0.3898 lr 0.0740876837050858 acc 90.62% eta 1:30:52
2023-04-23 13:00:32,067 - __main__ - INFO - [INFO] 2023-04-23 13:00:32.067335 Epoch [35/100] batch [257/391] loss 0.2673 lr 0.0740876837050858 acc 89.06% eta 1:30:21
2023-04-23 13:01:05,348 - __main__ - INFO - [INFO] 2023-04-23 13:01:05.348453 Epoch [35/100] batch [385/391] loss 0.5317 lr 0.0740876837050858 acc 84.38% eta 1:29:52
2023-04-23 13:01:06,875 - __main__ - INFO - Computing epoch 35 validation accuracy...
2023-04-23 13:01:13,320 - __main__ - INFO - Computing epoch 35 validation loss...
2023-04-23 13:01:20,004 - __main__ - INFO - [INFO] 2023-04-23 13:01:20.004644 Epoch [36/100] batch [1/391] loss 0.3035 lr 0.07269952498697738 acc 89.06% eta 1:31:19
2023-04-23 13:01:49,483 - __main__ - INFO - [INFO] 2023-04-23 13:01:49.482908 Epoch [36/100] batch [129/391] loss 0.6268 lr 0.07269952498697738 acc 82.81% eta 1:19:51
2023-04-23 13:02:20,948 - __main__ - INFO - [INFO] 2023-04-23 13:02:20.948157 Epoch [36/100] batch [257/391] loss 0.6281 lr 0.07269952498697738 acc 80.47% eta 1:21:52
2023-04-23 13:02:53,921 - __main__ - INFO - [INFO] 2023-04-23 13:02:53.921746 Epoch [36/100] batch [385/391] loss 0.5863 lr 0.07269952498697738 acc 85.94% eta 1:23:35
2023-04-23 13:02:55,400 - __main__ - INFO - Computing epoch 36 validation accuracy...
2023-04-23 13:03:01,211 - __main__ - INFO - Computing epoch 36 validation loss...
2023-04-23 13:03:06,877 - __main__ - INFO - [INFO] 2023-04-23 13:03:06.877606 Epoch [37/100] batch [1/391] loss 0.3956 lr 0.07128896457825366 acc 85.16% eta 1:19:16
2023-04-23 13:03:40,023 - __main__ - INFO - [INFO] 2023-04-23 13:03:40.023227 Epoch [37/100] batch [129/391] loss 0.3688 lr 0.07128896457825366 acc 84.38% eta 1:27:26
2023-04-23 13:04:13,480 - __main__ - INFO - [INFO] 2023-04-23 13:04:13.480209 Epoch [37/100] batch [257/391] loss 0.3950 lr 0.07128896457825366 acc 89.84% eta 1:27:30
2023-04-23 13:04:47,039 - __main__ - INFO - [INFO] 2023-04-23 13:04:47.039086 Epoch [37/100] batch [385/391] loss 0.5970 lr 0.07128896457825366 acc 80.47% eta 1:27:14
2023-04-23 13:04:48,576 - __main__ - INFO - Computing epoch 37 validation accuracy...
2023-04-23 13:04:54,997 - __main__ - INFO - Computing epoch 37 validation loss...
2023-04-23 13:05:01,800 - __main__ - INFO - [INFO] 2023-04-23 13:05:01.800460 Epoch [38/100] batch [1/391] loss 0.3063 lr 0.06985739453173906 acc 89.06% eta 1:38:33
2023-04-23 13:05:35,148 - __main__ - INFO - [INFO] 2023-04-23 13:05:35.148117 Epoch [38/100] batch [129/391] loss 0.4762 lr 0.06985739453173906 acc 85.16% eta 1:26:59
2023-04-23 13:06:08,603 - __main__ - INFO - [INFO] 2023-04-23 13:06:08.603547 Epoch [38/100] batch [257/391] loss 0.3547 lr 0.06985739453173906 acc 88.28% eta 1:26:34
2023-04-23 13:06:42,372 - __main__ - INFO - [INFO] 2023-04-23 13:06:42.372096 Epoch [38/100] batch [385/391] loss 0.2866 lr 0.06985739453173906 acc 89.06% eta 1:26:23
2023-04-23 13:06:43,885 - __main__ - INFO - Computing epoch 38 validation accuracy...
2023-04-23 13:06:50,509 - __main__ - INFO - Computing epoch 38 validation loss...
2023-04-23 13:06:57,144 - __main__ - INFO - [INFO] 2023-04-23 13:06:57.143849 Epoch [39/100] batch [1/391] loss 0.2919 lr 0.06840622763423394 acc 88.28% eta 1:28:53
2023-04-23 13:07:30,410 - __main__ - INFO - [INFO] 2023-04-23 13:07:30.409802 Epoch [39/100] batch [129/391] loss 0.3886 lr 0.06840622763423394 acc 84.38% eta 1:25:11
2023-04-23 13:08:04,083 - __main__ - INFO - [INFO] 2023-04-23 13:08:04.083671 Epoch [39/100] batch [257/391] loss 0.2727 lr 0.06840622763423394 acc 89.06% eta 1:25:15
2023-04-23 13:08:37,915 - __main__ - INFO - [INFO] 2023-04-23 13:08:37.915175 Epoch [39/100] batch [385/391] loss 0.3705 lr 0.06840622763423394 acc 89.06% eta 1:25:04
2023-04-23 13:08:39,436 - __main__ - INFO - Computing epoch 39 validation accuracy...
2023-04-23 13:08:45,807 - __main__ - INFO - Computing epoch 39 validation loss...
2023-04-23 13:08:52,298 - __main__ - INFO - [INFO] 2023-04-23 13:08:52.298477 Epoch [40/100] batch [1/391] loss 0.3042 lr 0.06693689601226462 acc 90.62% eta 1:27:31
2023-04-23 13:09:25,944 - __main__ - INFO - [INFO] 2023-04-23 13:09:25.944307 Epoch [40/100] batch [129/391] loss 0.4945 lr 0.06693689601226462 acc 82.81% eta 1:24:37
2023-04-23 13:09:59,610 - __main__ - INFO - [INFO] 2023-04-23 13:09:59.610336 Epoch [40/100] batch [257/391] loss 0.4869 lr 0.06693689601226462 acc 88.28% eta 1:24:20
2023-04-23 13:10:33,118 - __main__ - INFO - [INFO] 2023-04-23 13:10:33.118001 Epoch [40/100] batch [385/391] loss 0.4114 lr 0.06693689601226462 acc 87.50% eta 1:23:43
2023-04-23 13:10:34,600 - __main__ - INFO - Computing epoch 40 validation accuracy...
2023-04-23 13:10:40,952 - __main__ - INFO - Computing epoch 40 validation loss...
2023-04-23 13:10:47,628 - __main__ - INFO - [INFO] 2023-04-23 13:10:47.628351 Epoch [41/100] batch [1/391] loss 0.4089 lr 0.06545084971874741 acc 86.72% eta 1:26:25
2023-04-23 13:11:21,948 - __main__ - INFO - [INFO] 2023-04-23 13:11:21.947946 Epoch [41/100] batch [129/391] loss 0.4494 lr 0.06545084971874741 acc 81.25% eta 1:25:06
2023-04-23 13:11:56,697 - __main__ - INFO - [INFO] 2023-04-23 13:11:56.697391 Epoch [41/100] batch [257/391] loss 0.3424 lr 0.06545084971874741 acc 90.62% eta 1:25:13
2023-04-23 13:12:31,440 - __main__ - INFO - [INFO] 2023-04-23 13:12:31.440346 Epoch [41/100] batch [385/391] loss 0.2928 lr 0.06545084971874741 acc 92.19% eta 1:24:49
2023-04-23 13:12:32,973 - __main__ - INFO - Computing epoch 41 validation accuracy...
2023-04-23 13:12:39,411 - __main__ - INFO - Computing epoch 41 validation loss...
2023-04-23 13:12:46,245 - __main__ - INFO - [INFO] 2023-04-23 13:12:46.244921 Epoch [42/100] batch [1/391] loss 0.2916 lr 0.06394955530196152 acc 95.31% eta 1:23:36
2023-04-23 13:13:20,230 - __main__ - INFO - [INFO] 2023-04-23 13:13:20.230377 Epoch [42/100] batch [129/391] loss 0.4604 lr 0.06394955530196152 acc 87.50% eta 1:22:49
2023-04-23 13:13:54,947 - __main__ - INFO - [INFO] 2023-04-23 13:13:54.947096 Epoch [42/100] batch [257/391] loss 0.3323 lr 0.06394955530196152 acc 92.19% eta 1:23:18
2023-04-23 13:14:29,174 - __main__ - INFO - [INFO] 2023-04-23 13:14:29.174399 Epoch [42/100] batch [385/391] loss 0.3140 lr 0.06394955530196152 acc 94.53% eta 1:22:43
2023-04-23 13:14:30,683 - __main__ - INFO - Computing epoch 42 validation accuracy...
2023-04-23 13:14:37,347 - __main__ - INFO - Computing epoch 42 validation loss...
2023-04-23 13:14:44,350 - __main__ - INFO - [INFO] 2023-04-23 13:14:44.350741 Epoch [43/100] batch [1/391] loss 0.3135 lr 0.062434494358242776 acc 89.84% eta 1:25:27
2023-04-23 13:15:18,578 - __main__ - INFO - [INFO] 2023-04-23 13:15:18.578214 Epoch [43/100] batch [129/391] loss 0.3317 lr 0.062434494358242776 acc 90.62% eta 1:22:13
2023-04-23 13:15:52,803 - __main__ - INFO - [INFO] 2023-04-23 13:15:52.803126 Epoch [43/100] batch [257/391] loss 0.2789 lr 0.062434494358242776 acc 89.06% eta 1:21:37
2023-04-23 13:16:26,571 - __main__ - INFO - [INFO] 2023-04-23 13:16:26.571616 Epoch [43/100] batch [385/391] loss 0.3333 lr 0.062434494358242776 acc 85.16% eta 1:20:44
2023-04-23 13:16:28,105 - __main__ - INFO - Computing epoch 43 validation accuracy...
2023-04-23 13:16:34,630 - __main__ - INFO - Computing epoch 43 validation loss...
2023-04-23 13:16:41,307 - __main__ - INFO - [INFO] 2023-04-23 13:16:41.307741 Epoch [44/100] batch [1/391] loss 0.1931 lr 0.06090716206982718 acc 92.19% eta 1:23:46
2023-04-23 13:17:15,144 - __main__ - INFO - [INFO] 2023-04-23 13:17:15.144062 Epoch [44/100] batch [129/391] loss 0.4063 lr 0.06090716206982718 acc 87.50% eta 1:19:57
2023-04-23 13:17:49,103 - __main__ - INFO - [INFO] 2023-04-23 13:17:49.103123 Epoch [44/100] batch [257/391] loss 0.3599 lr 0.06090716206982718 acc 87.50% eta 1:19:29
2023-04-23 13:18:22,757 - __main__ - INFO - [INFO] 2023-04-23 13:18:22.757054 Epoch [44/100] batch [385/391] loss 0.3943 lr 0.06090716206982718 acc 87.50% eta 1:18:42
2023-04-23 13:18:24,284 - __main__ - INFO - Computing epoch 44 validation accuracy...
2023-04-23 13:18:30,851 - __main__ - INFO - Computing epoch 44 validation loss...
2023-04-23 13:18:37,407 - __main__ - INFO - [INFO] 2023-04-23 13:18:37.407305 Epoch [45/100] batch [1/391] loss 0.4192 lr 0.05936906572928628 acc 91.41% eta 1:19:18
2023-04-23 13:19:11,138 - __main__ - INFO - [INFO] 2023-04-23 13:19:11.138433 Epoch [45/100] batch [129/391] loss 0.3425 lr 0.05936906572928628 acc 89.84% eta 1:17:55
2023-04-23 13:19:45,022 - __main__ - INFO - [INFO] 2023-04-23 13:19:45.022554 Epoch [45/100] batch [257/391] loss 0.4449 lr 0.05936906572928628 acc 92.97% eta 1:17:40
2023-04-23 13:20:18,656 - __main__ - INFO - [INFO] 2023-04-23 13:20:18.656572 Epoch [45/100] batch [385/391] loss 0.3921 lr 0.05936906572928628 acc 87.50% eta 1:17:07
2023-04-23 13:20:20,209 - __main__ - INFO - Computing epoch 45 validation accuracy...
2023-04-23 13:20:26,632 - __main__ - INFO - Computing epoch 45 validation loss...
2023-04-23 13:20:33,331 - __main__ - INFO - [INFO] 2023-04-23 13:20:33.330875 Epoch [46/100] batch [1/391] loss 0.3386 lr 0.05782172325201159 acc 89.06% eta 1:17:37
2023-04-23 13:21:06,705 - __main__ - INFO - [INFO] 2023-04-23 13:21:06.705307 Epoch [46/100] batch [129/391] loss 0.3838 lr 0.05782172325201159 acc 82.03% eta 1:15:50
2023-04-23 13:21:39,316 - __main__ - INFO - [INFO] 2023-04-23 13:21:39.316224 Epoch [46/100] batch [257/391] loss 0.2684 lr 0.05782172325201159 acc 93.75% eta 1:14:36
2023-04-23 13:22:10,754 - __main__ - INFO - [INFO] 2023-04-23 13:22:10.753835 Epoch [46/100] batch [385/391] loss 0.2569 lr 0.05782172325201159 acc 93.75% eta 1:13:01
2023-04-23 13:22:12,424 - __main__ - INFO - Computing epoch 46 validation accuracy...
2023-04-23 13:22:18,953 - __main__ - INFO - Computing epoch 46 validation loss...
2023-04-23 13:22:25,645 - __main__ - INFO - [INFO] 2023-04-23 13:22:25.645573 Epoch [47/100] batch [1/391] loss 0.2242 lr 0.056266661678215264 acc 96.09% eta 1:17:59
2023-04-23 13:22:55,166 - __main__ - INFO - [INFO] 2023-04-23 13:22:55.166005 Epoch [47/100] batch [129/391] loss 0.3316 lr 0.056266661678215264 acc 87.50% eta 1:06:37
2023-04-23 13:23:28,281 - __main__ - INFO - [INFO] 2023-04-23 13:23:28.280911 Epoch [47/100] batch [257/391] loss 0.3630 lr 0.056266661678215264 acc 89.06% eta 1:09:48
2023-04-23 13:24:01,639 - __main__ - INFO - [INFO] 2023-04-23 13:24:01.639341 Epoch [47/100] batch [385/391] loss 0.2811 lr 0.056266661678215264 acc 90.62% eta 1:10:41
2023-04-23 13:24:03,230 - __main__ - INFO - Computing epoch 47 validation accuracy...
2023-04-23 13:24:09,849 - __main__ - INFO - Computing epoch 47 validation loss...
2023-04-23 13:24:16,407 - __main__ - INFO - [INFO] 2023-04-23 13:24:16.407340 Epoch [48/100] batch [1/391] loss 0.3380 lr 0.05470541566592575 acc 91.41% eta 1:15:05
2023-04-23 13:24:49,982 - __main__ - INFO - [INFO] 2023-04-23 13:24:49.982183 Epoch [48/100] batch [129/391] loss 0.2219 lr 0.05470541566592575 acc 93.75% eta 1:13:22
2023-04-23 13:25:23,612 - __main__ - INFO - [INFO] 2023-04-23 13:25:23.612351 Epoch [48/100] batch [257/391] loss 0.3748 lr 0.05470541566592575 acc 89.84% eta 1:13:00
2023-04-23 13:25:57,148 - __main__ - INFO - [INFO] 2023-04-23 13:25:57.148107 Epoch [48/100] batch [385/391] loss 0.4626 lr 0.05470541566592575 acc 88.28% eta 1:12:32
2023-04-23 13:25:58,739 - __main__ - INFO - Computing epoch 48 validation accuracy...
2023-04-23 13:26:05,178 - __main__ - INFO - Computing epoch 48 validation loss...
2023-04-23 13:26:11,840 - __main__ - INFO - [INFO] 2023-04-23 13:26:11.839977 Epoch [49/100] batch [1/391] loss 0.3380 lr 0.053139525976465714 acc 92.19% eta 1:15:41
2023-04-23 13:26:45,687 - __main__ - INFO - [INFO] 2023-04-23 13:26:45.687649 Epoch [49/100] batch [129/391] loss 0.3075 lr 0.053139525976465714 acc 91.41% eta 1:12:27
2023-04-23 13:27:19,474 - __main__ - INFO - [INFO] 2023-04-23 13:27:19.474220 Epoch [49/100] batch [257/391] loss 0.2489 lr 0.053139525976465714 acc 87.50% eta 1:12:00
2023-04-23 13:27:53,002 - __main__ - INFO - [INFO] 2023-04-23 13:27:53.002781 Epoch [49/100] batch [385/391] loss 0.3615 lr 0.053139525976465714 acc 91.41% eta 1:11:21
2023-04-23 13:27:54,560 - __main__ - INFO - Computing epoch 49 validation accuracy...
2023-04-23 13:28:00,966 - __main__ - INFO - Computing epoch 49 validation loss...
2023-04-23 13:28:07,519 - __main__ - INFO - [INFO] 2023-04-23 13:28:07.519621 Epoch [50/100] batch [1/391] loss 0.3449 lr 0.05157053795390645 acc 90.62% eta 1:14:07
2023-04-23 13:28:41,246 - __main__ - INFO - [INFO] 2023-04-23 13:28:41.246136 Epoch [50/100] batch [129/391] loss 0.3010 lr 0.05157053795390645 acc 92.19% eta 1:10:58
2023-04-23 13:29:15,358 - __main__ - INFO - [INFO] 2023-04-23 13:29:15.358020 Epoch [50/100] batch [257/391] loss 0.3386 lr 0.05157053795390645 acc 85.94% eta 1:10:52
2023-04-23 13:29:49,323 - __main__ - INFO - [INFO] 2023-04-23 13:29:49.323325 Epoch [50/100] batch [385/391] loss 0.3166 lr 0.05157053795390645 acc 88.28% eta 1:10:25
2023-04-23 13:29:50,876 - __main__ - INFO - Computing epoch 50 validation accuracy...
2023-04-23 13:29:57,098 - __main__ - INFO - Computing epoch 50 validation loss...
2023-04-23 13:30:03,800 - __main__ - INFO - [INFO] 2023-04-23 13:30:03.800760 Epoch [51/100] batch [1/391] loss 0.3558 lr 0.05000000000000004 acc 89.84% eta 1:08:58
2023-04-23 13:30:37,338 - __main__ - INFO - [INFO] 2023-04-23 13:30:37.338066 Epoch [51/100] batch [129/391] loss 0.2294 lr 0.05000000000000004 acc 92.19% eta 1:09:16
2023-04-23 13:31:11,062 - __main__ - INFO - [INFO] 2023-04-23 13:31:11.062778 Epoch [51/100] batch [257/391] loss 0.2635 lr 0.05000000000000004 acc 85.16% eta 1:08:56
2023-04-23 13:31:44,379 - __main__ - INFO - [INFO] 2023-04-23 13:31:44.379722 Epoch [51/100] batch [385/391] loss 0.2293 lr 0.05000000000000004 acc 94.53% eta 1:08:14
2023-04-23 13:31:45,881 - __main__ - INFO - Computing epoch 51 validation accuracy...
2023-04-23 13:31:52,250 - __main__ - INFO - Computing epoch 51 validation loss...
2023-04-23 13:31:58,960 - __main__ - INFO - [INFO] 2023-04-23 13:31:58.960539 Epoch [52/100] batch [1/391] loss 0.3756 lr 0.04842946204609362 acc 89.84% eta 1:10:22
2023-04-23 13:32:32,802 - __main__ - INFO - [INFO] 2023-04-23 13:32:32.802517 Epoch [52/100] batch [129/391] loss 0.2932 lr 0.04842946204609362 acc 89.84% eta 1:08:31
2023-04-23 13:33:06,603 - __main__ - INFO - [INFO] 2023-04-23 13:33:06.603775 Epoch [52/100] batch [257/391] loss 0.2948 lr 0.04842946204609362 acc 92.19% eta 1:07:54
2023-04-23 13:33:39,901 - __main__ - INFO - [INFO] 2023-04-23 13:33:39.901097 Epoch [52/100] batch [385/391] loss 0.3147 lr 0.04842946204609362 acc 91.41% eta 1:07:07
2023-04-23 13:33:41,387 - __main__ - INFO - Computing epoch 52 validation accuracy...
2023-04-23 13:33:47,808 - __main__ - INFO - Computing epoch 52 validation loss...
2023-04-23 13:33:54,523 - __main__ - INFO - [INFO] 2023-04-23 13:33:54.523439 Epoch [53/100] batch [1/391] loss 0.2374 lr 0.04686047402353437 acc 92.19% eta 1:10:11
2023-04-23 13:34:28,003 - __main__ - INFO - [INFO] 2023-04-23 13:34:28.002849 Epoch [53/100] batch [129/391] loss 0.1234 lr 0.04686047402353437 acc 99.22% eta 1:06:13
2023-04-23 13:35:01,785 - __main__ - INFO - [INFO] 2023-04-23 13:35:01.785544 Epoch [53/100] batch [257/391] loss 0.2205 lr 0.04686047402353437 acc 93.75% eta 1:06:08
2023-04-23 13:35:35,047 - __main__ - INFO - [INFO] 2023-04-23 13:35:35.047636 Epoch [53/100] batch [385/391] loss 0.2735 lr 0.04686047402353437 acc 89.06% eta 1:05:25
2023-04-23 13:35:36,525 - __main__ - INFO - Computing epoch 53 validation accuracy...
2023-04-23 13:35:42,885 - __main__ - INFO - Computing epoch 53 validation loss...
2023-04-23 13:35:49,580 - __main__ - INFO - [INFO] 2023-04-23 13:35:49.579937 Epoch [54/100] batch [1/391] loss 0.2255 lr 0.045294584334074316 acc 92.97% eta 1:03:32
2023-04-23 13:36:23,158 - __main__ - INFO - [INFO] 2023-04-23 13:36:23.158634 Epoch [54/100] batch [129/391] loss 0.3213 lr 0.045294584334074316 acc 89.06% eta 1:05:04
2023-04-23 13:36:56,438 - __main__ - INFO - [INFO] 2023-04-23 13:36:56.438546 Epoch [54/100] batch [257/391] loss 0.3813 lr 0.045294584334074316 acc 89.06% eta 1:04:21
2023-04-23 13:37:30,185 - __main__ - INFO - [INFO] 2023-04-23 13:37:30.184993 Epoch [54/100] batch [385/391] loss 0.2898 lr 0.045294584334074316 acc 92.97% eta 1:04:07
2023-04-23 13:37:31,693 - __main__ - INFO - Computing epoch 54 validation accuracy...
2023-04-23 13:37:38,020 - __main__ - INFO - Computing epoch 54 validation loss...
2023-04-23 13:37:44,834 - __main__ - INFO - [INFO] 2023-04-23 13:37:44.834175 Epoch [55/100] batch [1/391] loss 0.2547 lr 0.043733338321784825 acc 96.88% eta 1:10:15
2023-04-23 13:38:18,470 - __main__ - INFO - [INFO] 2023-04-23 13:38:18.470304 Epoch [55/100] batch [129/391] loss 0.3332 lr 0.043733338321784825 acc 89.06% eta 1:03:51
2023-04-23 13:38:52,373 - __main__ - INFO - [INFO] 2023-04-23 13:38:52.372996 Epoch [55/100] batch [257/391] loss 0.2162 lr 0.043733338321784825 acc 93.75% eta 1:03:40
2023-04-23 13:39:25,778 - __main__ - INFO - [INFO] 2023-04-23 13:39:25.778343 Epoch [55/100] batch [385/391] loss 0.2292 lr 0.043733338321784825 acc 92.19% eta 1:02:55
2023-04-23 13:39:27,278 - __main__ - INFO - Computing epoch 55 validation accuracy...
2023-04-23 13:39:33,922 - __main__ - INFO - Computing epoch 55 validation loss...
2023-04-23 13:39:40,583 - __main__ - INFO - [INFO] 2023-04-23 13:39:40.583260 Epoch [56/100] batch [1/391] loss 0.2414 lr 0.042178276747988484 acc 91.41% eta 1:03:47
2023-04-23 13:40:14,231 - __main__ - INFO - [INFO] 2023-04-23 13:40:14.231068 Epoch [56/100] batch [129/391] loss 0.2170 lr 0.042178276747988484 acc 92.19% eta 1:02:26
2023-04-23 13:40:47,571 - __main__ - INFO - [INFO] 2023-04-23 13:40:47.571595 Epoch [56/100] batch [257/391] loss 0.1615 lr 0.042178276747988484 acc 96.09% eta 1:01:41
2023-04-23 13:41:20,333 - __main__ - INFO - [INFO] 2023-04-23 13:41:20.333329 Epoch [56/100] batch [385/391] loss 0.2474 lr 0.042178276747988484 acc 92.97% eta 1:00:48
2023-04-23 13:41:21,674 - __main__ - INFO - Computing epoch 56 validation accuracy...
2023-04-23 13:41:27,025 - __main__ - INFO - Computing epoch 56 validation loss...
2023-04-23 13:41:32,901 - __main__ - INFO - [INFO] 2023-04-23 13:41:32.900866 Epoch [57/100] batch [1/391] loss 0.3046 lr 0.0406309342707138 acc 89.84% eta 0:56:15
2023-04-23 13:42:05,976 - __main__ - INFO - [INFO] 2023-04-23 13:42:05.976609 Epoch [57/100] batch [129/391] loss 0.3460 lr 0.0406309342707138 acc 92.97% eta 0:59:58
2023-04-23 13:42:36,764 - __main__ - INFO - [INFO] 2023-04-23 13:42:36.764370 Epoch [57/100] batch [257/391] loss 0.2514 lr 0.0406309342707138 acc 94.53% eta 0:57:36
2023-04-23 13:43:07,792 - __main__ - INFO - [INFO] 2023-04-23 13:43:07.792260 Epoch [57/100] batch [385/391] loss 0.2157 lr 0.0406309342707138 acc 93.75% eta 0:56:42
2023-04-23 13:43:09,297 - __main__ - INFO - Computing epoch 57 validation accuracy...
2023-04-23 13:43:15,925 - __main__ - INFO - Computing epoch 57 validation loss...
2023-04-23 13:43:22,690 - __main__ - INFO - [INFO] 2023-04-23 13:43:22.690800 Epoch [58/100] batch [1/391] loss 0.2330 lr 0.039092837930172916 acc 95.31% eta 1:00:55
2023-04-23 13:43:56,563 - __main__ - INFO - [INFO] 2023-04-23 13:43:56.563253 Epoch [58/100] batch [129/391] loss 0.2425 lr 0.039092837930172916 acc 92.19% eta 0:59:52
2023-04-23 13:44:29,928 - __main__ - INFO - [INFO] 2023-04-23 13:44:29.928001 Epoch [58/100] batch [257/391] loss 0.2045 lr 0.039092837930172916 acc 92.19% eta 0:59:02
2023-04-23 13:45:03,734 - __main__ - INFO - [INFO] 2023-04-23 13:45:03.734393 Epoch [58/100] batch [385/391] loss 0.3389 lr 0.039092837930172916 acc 92.97% eta 0:58:41
2023-04-23 13:45:05,281 - __main__ - INFO - Computing epoch 58 validation accuracy...
2023-04-23 13:45:11,961 - __main__ - INFO - Computing epoch 58 validation loss...
2023-04-23 13:45:18,810 - __main__ - INFO - [INFO] 2023-04-23 13:45:18.810344 Epoch [59/100] batch [1/391] loss 0.2404 lr 0.037565505641757285 acc 94.53% eta 1:11:32
2023-04-23 13:45:52,737 - __main__ - INFO - [INFO] 2023-04-23 13:45:52.737554 Epoch [59/100] batch [129/391] loss 0.2951 lr 0.037565505641757285 acc 93.75% eta 0:58:56
2023-04-23 13:46:26,600 - __main__ - INFO - [INFO] 2023-04-23 13:46:26.600649 Epoch [59/100] batch [257/391] loss 0.2981 lr 0.037565505641757285 acc 94.53% eta 0:58:17
2023-04-23 13:47:00,663 - __main__ - INFO - [INFO] 2023-04-23 13:47:00.663039 Epoch [59/100] batch [385/391] loss 0.2331 lr 0.037565505641757285 acc 94.53% eta 0:57:54
2023-04-23 13:47:02,069 - __main__ - INFO - Computing epoch 59 validation accuracy...
2023-04-23 13:47:08,603 - __main__ - INFO - Computing epoch 59 validation loss...
2023-04-23 13:47:15,231 - __main__ - INFO - [INFO] 2023-04-23 13:47:15.230830 Epoch [60/100] batch [1/391] loss 0.1563 lr 0.03605044469803857 acc 97.66% eta 0:57:12
2023-04-23 13:47:49,587 - __main__ - INFO - [INFO] 2023-04-23 13:47:49.586991 Epoch [60/100] batch [129/391] loss 0.2949 lr 0.03605044469803857 acc 93.75% eta 0:58:02
2023-04-23 13:48:23,549 - __main__ - INFO - [INFO] 2023-04-23 13:48:23.549760 Epoch [60/100] batch [257/391] loss 0.3121 lr 0.03605044469803857 acc 92.19% eta 0:57:13
2023-04-23 13:48:56,787 - __main__ - INFO - [INFO] 2023-04-23 13:48:56.786883 Epoch [60/100] batch [385/391] loss 0.2166 lr 0.03605044469803857 acc 92.97% eta 0:56:15
2023-04-23 13:48:58,316 - __main__ - INFO - Computing epoch 60 validation accuracy...
2023-04-23 13:49:04,880 - __main__ - INFO - Computing epoch 60 validation loss...
2023-04-23 13:49:11,800 - __main__ - INFO - [INFO] 2023-04-23 13:49:11.800281 Epoch [61/100] batch [1/391] loss 0.2808 lr 0.034549150281252675 acc 93.75% eta 0:57:42
2023-04-23 13:49:45,868 - __main__ - INFO - [INFO] 2023-04-23 13:49:45.867862 Epoch [61/100] batch [129/391] loss 0.2162 lr 0.034549150281252675 acc 95.31% eta 0:56:04
2023-04-23 13:50:19,636 - __main__ - INFO - [INFO] 2023-04-23 13:50:19.636345 Epoch [61/100] batch [257/391] loss 0.3484 lr 0.034549150281252675 acc 91.41% eta 0:55:21
2023-04-23 13:50:53,602 - __main__ - INFO - [INFO] 2023-04-23 13:50:53.602627 Epoch [61/100] batch [385/391] loss 0.2741 lr 0.034549150281252675 acc 92.97% eta 0:54:58
2023-04-23 13:50:55,105 - __main__ - INFO - Computing epoch 61 validation accuracy...
2023-04-23 13:51:01,724 - __main__ - INFO - Computing epoch 61 validation loss...
2023-04-23 13:51:08,429 - __main__ - INFO - [INFO] 2023-04-23 13:51:08.429166 Epoch [62/100] batch [1/391] loss 0.2223 lr 0.03306310398773546 acc 93.75% eta 0:56:13
2023-04-23 13:51:42,405 - __main__ - INFO - [INFO] 2023-04-23 13:51:42.405228 Epoch [62/100] batch [129/391] loss 0.2217 lr 0.03306310398773546 acc 95.31% eta 0:54:43
2023-04-23 13:52:16,043 - __main__ - INFO - [INFO] 2023-04-23 13:52:16.042816 Epoch [62/100] batch [257/391] loss 0.2797 lr 0.03306310398773546 acc 90.62% eta 0:53:54
2023-04-23 13:52:49,997 - __main__ - INFO - [INFO] 2023-04-23 13:52:49.997249 Epoch [62/100] batch [385/391] loss 0.3709 lr 0.03306310398773546 acc 90.62% eta 0:53:28
2023-04-23 13:52:51,532 - __main__ - INFO - Computing epoch 62 validation accuracy...
2023-04-23 13:52:58,164 - __main__ - INFO - Computing epoch 62 validation loss...
2023-04-23 13:53:04,869 - __main__ - INFO - [INFO] 2023-04-23 13:53:04.869136 Epoch [63/100] batch [1/391] loss 0.1983 lr 0.031593772365766146 acc 95.31% eta 0:54:28
2023-04-23 13:53:39,056 - __main__ - INFO - [INFO] 2023-04-23 13:53:39.056478 Epoch [63/100] batch [129/391] loss 0.2216 lr 0.031593772365766146 acc 94.53% eta 0:53:34
2023-04-23 13:54:12,278 - __main__ - INFO - [INFO] 2023-04-23 13:54:12.277873 Epoch [63/100] batch [257/391] loss 0.2246 lr 0.031593772365766146 acc 95.31% eta 0:52:20
2023-04-23 13:54:46,284 - __main__ - INFO - [INFO] 2023-04-23 13:54:46.283969 Epoch [63/100] batch [385/391] loss 0.1812 lr 0.031593772365766146 acc 92.19% eta 0:52:02
2023-04-23 13:54:47,801 - __main__ - INFO - Computing epoch 63 validation accuracy...
2023-04-23 13:54:54,431 - __main__ - INFO - Computing epoch 63 validation loss...
2023-04-23 13:55:01,178 - __main__ - INFO - [INFO] 2023-04-23 13:55:01.178281 Epoch [64/100] batch [1/391] loss 0.1264 lr 0.030142605468260992 acc 95.31% eta 0:53:03
2023-04-23 13:55:35,466 - __main__ - INFO - [INFO] 2023-04-23 13:55:35.465934 Epoch [64/100] batch [129/391] loss 0.2133 lr 0.030142605468260992 acc 95.31% eta 0:52:14
2023-04-23 13:56:09,605 - __main__ - INFO - [INFO] 2023-04-23 13:56:09.605420 Epoch [64/100] batch [257/391] loss 0.2626 lr 0.030142605468260992 acc 94.53% eta 0:51:39
2023-04-23 13:56:43,803 - __main__ - INFO - [INFO] 2023-04-23 13:56:43.803255 Epoch [64/100] batch [385/391] loss 0.2021 lr 0.030142605468260992 acc 92.19% eta 0:51:09
2023-04-23 13:56:45,484 - __main__ - INFO - Computing epoch 64 validation accuracy...
2023-04-23 13:56:51,807 - __main__ - INFO - Computing epoch 64 validation loss...
2023-04-23 13:56:58,497 - __main__ - INFO - [INFO] 2023-04-23 13:56:58.497349 Epoch [65/100] batch [1/391] loss 0.2221 lr 0.028711035421746394 acc 92.97% eta 0:52:51
2023-04-23 13:57:32,426 - __main__ - INFO - [INFO] 2023-04-23 13:57:32.426465 Epoch [65/100] batch [129/391] loss 0.1393 lr 0.028711035421746394 acc 97.66% eta 0:50:20
2023-04-23 13:58:06,357 - __main__ - INFO - [INFO] 2023-04-23 13:58:06.357661 Epoch [65/100] batch [257/391] loss 0.2129 lr 0.028711035421746394 acc 95.31% eta 0:49:49
2023-04-23 13:58:39,905 - __main__ - INFO - [INFO] 2023-04-23 13:58:39.905729 Epoch [65/100] batch [385/391] loss 0.3065 lr 0.028711035421746394 acc 93.75% eta 0:49:09
2023-04-23 13:58:41,487 - __main__ - INFO - Computing epoch 65 validation accuracy...
2023-04-23 13:58:48,174 - __main__ - INFO - Computing epoch 65 validation loss...
2023-04-23 13:58:54,920 - __main__ - INFO - [INFO] 2023-04-23 13:58:54.920127 Epoch [66/100] batch [1/391] loss 0.1944 lr 0.027300475013022688 acc 96.09% eta 0:50:26
2023-04-23 13:59:28,587 - __main__ - INFO - [INFO] 2023-04-23 13:59:28.587234 Epoch [66/100] batch [129/391] loss 0.1160 lr 0.027300475013022688 acc 95.31% eta 0:48:30
2023-04-23 14:00:02,095 - __main__ - INFO - [INFO] 2023-04-23 14:00:02.095139 Epoch [66/100] batch [257/391] loss 0.1667 lr 0.027300475013022688 acc 95.31% eta 0:47:59
2023-04-23 14:00:36,200 - __main__ - INFO - [INFO] 2023-04-23 14:00:36.200046 Epoch [66/100] batch [385/391] loss 0.3844 lr 0.027300475013022688 acc 89.06% eta 0:47:46
2023-04-23 14:00:37,802 - __main__ - INFO - Computing epoch 66 validation accuracy...
2023-04-23 14:00:44,233 - __main__ - INFO - Computing epoch 66 validation loss...
2023-04-23 14:00:51,164 - __main__ - INFO - [INFO] 2023-04-23 14:00:51.164589 Epoch [67/100] batch [1/391] loss 0.1833 lr 0.025912316294914254 acc 96.09% eta 0:49:03
2023-04-23 14:01:25,103 - __main__ - INFO - [INFO] 2023-04-23 14:01:25.103284 Epoch [67/100] batch [129/391] loss 0.1369 lr 0.025912316294914254 acc 96.88% eta 0:47:31
2023-04-23 14:01:58,858 - __main__ - INFO - [INFO] 2023-04-23 14:01:58.858771 Epoch [67/100] batch [257/391] loss 0.0960 lr 0.025912316294914254 acc 98.44% eta 0:46:53
2023-04-23 14:02:32,937 - __main__ - INFO - [INFO] 2023-04-23 14:02:32.937262 Epoch [67/100] batch [385/391] loss 0.2098 lr 0.025912316294914254 acc 92.19% eta 0:46:30
2023-04-23 14:02:34,469 - __main__ - INFO - Computing epoch 67 validation accuracy...
2023-04-23 14:02:40,937 - __main__ - INFO - Computing epoch 67 validation loss...
2023-04-23 14:02:47,774 - __main__ - INFO - [INFO] 2023-04-23 14:02:47.774176 Epoch [68/100] batch [1/391] loss 0.1782 lr 0.02454792921248146 acc 95.31% eta 0:46:08
2023-04-23 14:03:21,523 - __main__ - INFO - [INFO] 2023-04-23 14:03:21.523011 Epoch [68/100] batch [129/391] loss 0.1295 lr 0.02454792921248146 acc 96.09% eta 0:45:44
2023-04-23 14:03:54,865 - __main__ - INFO - [INFO] 2023-04-23 14:03:54.865132 Epoch [68/100] batch [257/391] loss 0.1745 lr 0.02454792921248146 acc 94.53% eta 0:45:02
2023-04-23 14:04:28,957 - __main__ - INFO - [INFO] 2023-04-23 14:04:28.957114 Epoch [68/100] batch [385/391] loss 0.2577 lr 0.02454792921248146 acc 92.19% eta 0:44:50
2023-04-23 14:04:30,483 - __main__ - INFO - Computing epoch 68 validation accuracy...
2023-04-23 14:04:36,908 - __main__ - INFO - Computing epoch 68 validation loss...
2023-04-23 14:04:43,632 - __main__ - INFO - [INFO] 2023-04-23 14:04:43.632668 Epoch [69/100] batch [1/391] loss 0.1698 lr 0.02320866025105018 acc 96.88% eta 0:44:11
2023-04-23 14:05:16,982 - __main__ - INFO - [INFO] 2023-04-23 14:05:16.982322 Epoch [69/100] batch [129/391] loss 0.1633 lr 0.02320866025105018 acc 95.31% eta 0:43:55
2023-04-23 14:05:50,558 - __main__ - INFO - [INFO] 2023-04-23 14:05:50.557775 Epoch [69/100] batch [257/391] loss 0.1488 lr 0.02320866025105018 acc 96.88% eta 0:43:35
2023-04-23 14:06:24,836 - __main__ - INFO - [INFO] 2023-04-23 14:06:24.836742 Epoch [69/100] batch [385/391] loss 0.1654 lr 0.02320866025105018 acc 95.31% eta 0:43:27
2023-04-23 14:06:26,359 - __main__ - INFO - Computing epoch 69 validation accuracy...
2023-04-23 14:06:32,849 - __main__ - INFO - Computing epoch 69 validation loss...
2023-04-23 14:06:39,430 - __main__ - INFO - [INFO] 2023-04-23 14:06:39.429999 Epoch [70/100] batch [1/391] loss 0.1715 lr 0.021895831107393487 acc 96.88% eta 0:44:03
2023-04-23 14:07:13,154 - __main__ - INFO - [INFO] 2023-04-23 14:07:13.154739 Epoch [70/100] batch [129/391] loss 0.1009 lr 0.021895831107393487 acc 95.31% eta 0:42:54
2023-04-23 14:07:47,116 - __main__ - INFO - [INFO] 2023-04-23 14:07:47.116209 Epoch [70/100] batch [257/391] loss 0.1586 lr 0.021895831107393487 acc 94.53% eta 0:42:38
2023-04-23 14:08:20,558 - __main__ - INFO - [INFO] 2023-04-23 14:08:20.558575 Epoch [70/100] batch [385/391] loss 0.1696 lr 0.021895831107393487 acc 96.09% eta 0:42:00
2023-04-23 14:08:22,062 - __main__ - INFO - Computing epoch 70 validation accuracy...
2023-04-23 14:08:28,533 - __main__ - INFO - Computing epoch 70 validation loss...
2023-04-23 14:08:35,127 - __main__ - INFO - [INFO] 2023-04-23 14:08:35.127099 Epoch [71/100] batch [1/391] loss 0.1114 lr 0.02061073738537637 acc 99.22% eta 0:40:47
2023-04-23 14:09:08,846 - __main__ - INFO - [INFO] 2023-04-23 14:09:08.845991 Epoch [71/100] batch [129/391] loss 0.1293 lr 0.02061073738537637 acc 98.44% eta 0:41:30
2023-04-23 14:09:42,147 - __main__ - INFO - [INFO] 2023-04-23 14:09:42.147460 Epoch [71/100] batch [257/391] loss 0.1155 lr 0.02061073738537637 acc 97.66% eta 0:40:46
2023-04-23 14:10:15,774 - __main__ - INFO - [INFO] 2023-04-23 14:10:15.774221 Epoch [71/100] batch [385/391] loss 0.0909 lr 0.02061073738537637 acc 99.22% eta 0:40:20
2023-04-23 14:10:17,269 - __main__ - INFO - Computing epoch 71 validation accuracy...
2023-04-23 14:10:23,738 - __main__ - INFO - Computing epoch 71 validation loss...
2023-04-23 14:10:30,314 - __main__ - INFO - [INFO] 2023-04-23 14:10:30.314640 Epoch [72/100] batch [1/391] loss 0.1727 lr 0.01935464731735119 acc 96.09% eta 0:40:58
2023-04-23 14:11:03,629 - __main__ - INFO - [INFO] 2023-04-23 14:11:03.628992 Epoch [72/100] batch [129/391] loss 0.1420 lr 0.01935464731735119 acc 98.44% eta 0:39:38
2023-04-23 14:11:37,746 - __main__ - INFO - [INFO] 2023-04-23 14:11:37.746294 Epoch [72/100] batch [257/391] loss 0.2536 lr 0.01935464731735119 acc 93.75% eta 0:39:40
2023-04-23 14:12:11,933 - __main__ - INFO - [INFO] 2023-04-23 14:12:11.933499 Epoch [72/100] batch [385/391] loss 0.2606 lr 0.01935464731735119 acc 92.19% eta 0:39:24
2023-04-23 14:12:13,505 - __main__ - INFO - Computing epoch 72 validation accuracy...
2023-04-23 14:12:19,573 - __main__ - INFO - Computing epoch 72 validation loss...
2023-04-23 14:12:26,119 - __main__ - INFO - [INFO] 2023-04-23 14:12:26.119350 Epoch [73/100] batch [1/391] loss 0.0771 lr 0.018128800512565532 acc 97.66% eta 0:39:01
2023-04-23 14:12:59,710 - __main__ - INFO - [INFO] 2023-04-23 14:12:59.710577 Epoch [73/100] batch [129/391] loss 0.1440 lr 0.018128800512565532 acc 96.09% eta 0:38:37
2023-04-23 14:13:33,863 - __main__ - INFO - [INFO] 2023-04-23 14:13:33.863317 Epoch [73/100] batch [257/391] loss 0.1996 lr 0.018128800512565532 acc 92.19% eta 0:38:29
2023-04-23 14:14:07,441 - __main__ - INFO - [INFO] 2023-04-23 14:14:07.441717 Epoch [73/100] batch [385/391] loss 0.1800 lr 0.018128800512565532 acc 96.88% eta 0:37:55
2023-04-23 14:14:08,975 - __main__ - INFO - Computing epoch 73 validation accuracy...
2023-04-23 14:14:15,361 - __main__ - INFO - Computing epoch 73 validation loss...
2023-04-23 14:14:22,087 - __main__ - INFO - [INFO] 2023-04-23 14:14:22.086819 Epoch [74/100] batch [1/391] loss 0.0758 lr 0.016934406733817433 acc 98.44% eta 0:39:48
2023-04-23 14:14:56,030 - __main__ - INFO - [INFO] 2023-04-23 14:14:56.030707 Epoch [74/100] batch [129/391] loss 0.0927 lr 0.016934406733817433 acc 98.44% eta 0:37:37
2023-04-23 14:15:30,055 - __main__ - INFO - [INFO] 2023-04-23 14:15:30.054840 Epoch [74/100] batch [257/391] loss 0.1073 lr 0.016934406733817433 acc 95.31% eta 0:37:10
2023-04-23 14:16:03,720 - __main__ - INFO - [INFO] 2023-04-23 14:16:03.720087 Epoch [74/100] batch [385/391] loss 0.1604 lr 0.016934406733817433 acc 96.88% eta 0:36:35
2023-04-23 14:16:05,202 - __main__ - INFO - Computing epoch 74 validation accuracy...
2023-04-23 14:16:11,586 - __main__ - INFO - Computing epoch 74 validation loss...
2023-04-23 14:16:18,487 - __main__ - INFO - [INFO] 2023-04-23 14:16:18.487031 Epoch [75/100] batch [1/391] loss 0.0883 lr 0.01577264470356558 acc 98.44% eta 0:37:21
2023-04-23 14:16:51,789 - __main__ - INFO - [INFO] 2023-04-23 14:16:51.789170 Epoch [75/100] batch [129/391] loss 0.1777 lr 0.01577264470356558 acc 98.44% eta 0:35:30
2023-04-23 14:17:25,646 - __main__ - INFO - [INFO] 2023-04-23 14:17:25.646356 Epoch [75/100] batch [257/391] loss 0.1488 lr 0.01577264470356558 acc 94.53% eta 0:35:21
2023-04-23 14:17:59,060 - __main__ - INFO - [INFO] 2023-04-23 14:17:59.059961 Epoch [75/100] batch [385/391] loss 0.1714 lr 0.01577264470356558 acc 94.53% eta 0:34:51
2023-04-23 14:18:00,282 - __main__ - INFO - Computing epoch 75 validation accuracy...
2023-04-23 14:18:06,585 - __main__ - INFO - Computing epoch 75 validation loss...
2023-04-23 14:18:13,296 - __main__ - INFO - [INFO] 2023-04-23 14:18:13.295955 Epoch [76/100] batch [1/391] loss 0.1610 lr 0.014644660940672643 acc 97.66% eta 0:35:47
2023-04-23 14:18:47,535 - __main__ - INFO - [INFO] 2023-04-23 14:18:47.535261 Epoch [76/100] batch [129/391] loss 0.1358 lr 0.014644660940672643 acc 97.66% eta 0:35:00
2023-04-23 14:19:15,738 - __main__ - INFO - [INFO] 2023-04-23 14:19:15.738209 Epoch [76/100] batch [257/391] loss 0.1566 lr 0.014644660940672643 acc 96.09% eta 0:31:44
2023-04-23 14:19:49,956 - __main__ - INFO - [INFO] 2023-04-23 14:19:49.956774 Epoch [76/100] batch [385/391] loss 0.1882 lr 0.014644660940672643 acc 98.44% eta 0:32:11
2023-04-23 14:19:51,479 - __main__ - INFO - Computing epoch 76 validation accuracy...
2023-04-23 14:19:57,891 - __main__ - INFO - Computing epoch 76 validation loss...
2023-04-23 14:20:03,568 - __main__ - INFO - [INFO] 2023-04-23 14:20:03.568584 Epoch [77/100] batch [1/391] loss 0.1199 lr 0.013551568628929448 acc 99.22% eta 0:30:24
2023-04-23 14:20:32,684 - __main__ - INFO - [INFO] 2023-04-23 14:20:32.684054 Epoch [77/100] batch [129/391] loss 0.0691 lr 0.013551568628929448 acc 100.00% eta 0:29:02
2023-04-23 14:21:06,236 - __main__ - INFO - [INFO] 2023-04-23 14:21:06.235839 Epoch [77/100] batch [257/391] loss 0.0890 lr 0.013551568628929448 acc 99.22% eta 0:30:33
2023-04-23 14:21:39,938 - __main__ - INFO - [INFO] 2023-04-23 14:21:39.938537 Epoch [77/100] batch [385/391] loss 0.1654 lr 0.013551568628929448 acc 96.88% eta 0:30:48
2023-04-23 14:21:41,430 - __main__ - INFO - Computing epoch 77 validation accuracy...
2023-04-23 14:21:47,746 - __main__ - INFO - Computing epoch 77 validation loss...
2023-04-23 14:21:54,455 - __main__ - INFO - [INFO] 2023-04-23 14:21:54.455057 Epoch [78/100] batch [1/391] loss 0.0842 lr 0.012494446518477033 acc 97.66% eta 0:32:56
2023-04-23 14:22:28,044 - __main__ - INFO - [INFO] 2023-04-23 14:22:28.044324 Epoch [78/100] batch [129/391] loss 0.1158 lr 0.012494446518477033 acc 97.66% eta 0:31:36
2023-04-23 14:23:02,154 - __main__ - INFO - [INFO] 2023-04-23 14:23:02.154358 Epoch [78/100] batch [257/391] loss 0.0772 lr 0.012494446518477033 acc 99.22% eta 0:31:20
2023-04-23 14:23:35,206 - __main__ - INFO - [INFO] 2023-04-23 14:23:35.206494 Epoch [78/100] batch [385/391] loss 0.0788 lr 0.012494446518477033 acc 98.44% eta 0:30:38
2023-04-23 14:23:36,772 - __main__ - INFO - Computing epoch 78 validation accuracy...
2023-04-23 14:23:43,487 - __main__ - INFO - Computing epoch 78 validation loss...
2023-04-23 14:23:50,194 - __main__ - INFO - [INFO] 2023-04-23 14:23:50.194456 Epoch [79/100] batch [1/391] loss 0.1018 lr 0.011474337861210555 acc 96.09% eta 0:31:04
2023-04-23 14:24:23,934 - __main__ - INFO - [INFO] 2023-04-23 14:24:23.934759 Epoch [79/100] batch [129/391] loss 0.1151 lr 0.011474337861210555 acc 96.88% eta 0:30:21
2023-04-23 14:24:57,647 - __main__ - INFO - [INFO] 2023-04-23 14:24:57.647028 Epoch [79/100] batch [257/391] loss 0.0634 lr 0.011474337861210555 acc 99.22% eta 0:29:53
2023-04-23 14:25:31,154 - __main__ - INFO - [INFO] 2023-04-23 14:25:31.154474 Epoch [79/100] batch [385/391] loss 0.0826 lr 0.011474337861210555 acc 98.44% eta 0:29:20
2023-04-23 14:25:32,675 - __main__ - INFO - Computing epoch 79 validation accuracy...
2023-04-23 14:25:39,104 - __main__ - INFO - Computing epoch 79 validation loss...
2023-04-23 14:25:45,703 - __main__ - INFO - [INFO] 2023-04-23 14:25:45.703004 Epoch [80/100] batch [1/391] loss 0.1005 lr 0.01049224938121549 acc 98.44% eta 0:30:49
2023-04-23 14:26:19,162 - __main__ - INFO - [INFO] 2023-04-23 14:26:19.162015 Epoch [80/100] batch [129/391] loss 0.1103 lr 0.01049224938121549 acc 96.88% eta 0:28:46
2023-04-23 14:26:52,969 - __main__ - INFO - [INFO] 2023-04-23 14:26:52.969648 Epoch [80/100] batch [257/391] loss 0.0776 lr 0.01049224938121549 acc 98.44% eta 0:28:26
2023-04-23 14:27:26,404 - __main__ - INFO - [INFO] 2023-04-23 14:27:26.404478 Epoch [80/100] batch [385/391] loss 0.0902 lr 0.01049224938121549 acc 99.22% eta 0:27:54
2023-04-23 14:27:27,810 - __main__ - INFO - Computing epoch 80 validation accuracy...
2023-04-23 14:27:34,242 - __main__ - INFO - Computing epoch 80 validation loss...
2023-04-23 14:27:40,952 - __main__ - INFO - [INFO] 2023-04-23 14:27:40.952475 Epoch [81/100] batch [1/391] loss 0.0711 lr 0.009549150281252642 acc 98.44% eta 0:28:22
2023-04-23 14:28:14,561 - __main__ - INFO - [INFO] 2023-04-23 14:28:14.560946 Epoch [81/100] batch [129/391] loss 0.0885 lr 0.009549150281252642 acc 99.22% eta 0:27:25
2023-04-23 14:28:48,461 - __main__ - INFO - [INFO] 2023-04-23 14:28:48.461676 Epoch [81/100] batch [257/391] loss 0.0989 lr 0.009549150281252642 acc 97.66% eta 0:27:05
2023-04-23 14:29:21,787 - __main__ - INFO - [INFO] 2023-04-23 14:29:21.787074 Epoch [81/100] batch [385/391] loss 0.0475 lr 0.009549150281252642 acc 100.00% eta 0:26:31
2023-04-23 14:29:23,292 - __main__ - INFO - Computing epoch 81 validation accuracy...
2023-04-23 14:29:29,632 - __main__ - INFO - Computing epoch 81 validation loss...
2023-04-23 14:29:36,247 - __main__ - INFO - [INFO] 2023-04-23 14:29:36.247507 Epoch [82/100] batch [1/391] loss 0.0600 lr 0.008645971286271922 acc 99.22% eta 0:27:24
2023-04-23 14:30:10,033 - __main__ - INFO - [INFO] 2023-04-23 14:30:10.033604 Epoch [82/100] batch [129/391] loss 0.0518 lr 0.008645971286271922 acc 98.44% eta 0:26:09
2023-04-23 14:30:43,581 - __main__ - INFO - [INFO] 2023-04-23 14:30:43.581273 Epoch [82/100] batch [257/391] loss 0.0701 lr 0.008645971286271922 acc 99.22% eta 0:25:35
2023-04-23 14:31:17,339 - __main__ - INFO - [INFO] 2023-04-23 14:31:17.339314 Epoch [82/100] batch [385/391] loss 0.0429 lr 0.008645971286271922 acc 100.00% eta 0:25:09
2023-04-23 14:31:18,852 - __main__ - INFO - Computing epoch 82 validation accuracy...
2023-04-23 14:31:25,210 - __main__ - INFO - Computing epoch 82 validation loss...
2023-04-23 14:31:31,762 - __main__ - INFO - [INFO] 2023-04-23 14:31:31.761889 Epoch [83/100] batch [1/391] loss 0.0592 lr 0.007783603724899264 acc 99.22% eta 0:26:07
2023-04-23 14:32:05,256 - __main__ - INFO - [INFO] 2023-04-23 14:32:05.255816 Epoch [83/100] batch [129/391] loss 0.0714 lr 0.007783603724899264 acc 99.22% eta 0:24:34
2023-04-23 14:32:39,168 - __main__ - INFO - [INFO] 2023-04-23 14:32:39.168249 Epoch [83/100] batch [257/391] loss 0.0580 lr 0.007783603724899264 acc 97.66% eta 0:24:16
2023-04-23 14:33:12,442 - __main__ - INFO - [INFO] 2023-04-23 14:33:12.442492 Epoch [83/100] batch [385/391] loss 0.1032 lr 0.007783603724899264 acc 99.22% eta 0:23:43
2023-04-23 14:33:13,985 - __main__ - INFO - Computing epoch 83 validation accuracy...
2023-04-23 14:33:20,374 - __main__ - INFO - Computing epoch 83 validation loss...
2023-04-23 14:33:27,078 - __main__ - INFO - [INFO] 2023-04-23 14:33:27.078245 Epoch [84/100] batch [1/391] loss 0.0275 lr 0.006962898649802819 acc 99.22% eta 0:24:05
2023-04-23 14:34:00,612 - __main__ - INFO - [INFO] 2023-04-23 14:34:00.612474 Epoch [84/100] batch [129/391] loss 0.0502 lr 0.006962898649802819 acc 99.22% eta 0:23:10
2023-04-23 14:34:34,222 - __main__ - INFO - [INFO] 2023-04-23 14:34:34.222325 Epoch [84/100] batch [257/391] loss 0.0354 lr 0.006962898649802819 acc 99.22% eta 0:22:45
2023-04-23 14:35:07,814 - __main__ - INFO - [INFO] 2023-04-23 14:35:07.814373 Epoch [84/100] batch [385/391] loss 0.0354 lr 0.006962898649802819 acc 99.22% eta 0:22:18
2023-04-23 14:35:09,310 - __main__ - INFO - Computing epoch 84 validation accuracy...
2023-04-23 14:35:15,750 - __main__ - INFO - Computing epoch 84 validation loss...
2023-04-23 14:35:22,392 - __main__ - INFO - [INFO] 2023-04-23 14:35:22.392145 Epoch [85/100] batch [1/391] loss 0.0297 lr 0.0061846659978068265 acc 100.00% eta 0:22:11
2023-04-23 14:35:55,787 - __main__ - INFO - [INFO] 2023-04-23 14:35:55.787018 Epoch [85/100] batch [129/391] loss 0.0495 lr 0.0061846659978068265 acc 98.44% eta 0:21:43
2023-04-23 14:36:29,365 - __main__ - INFO - [INFO] 2023-04-23 14:36:29.365318 Epoch [85/100] batch [257/391] loss 0.0869 lr 0.0061846659978068265 acc 98.44% eta 0:21:18
2023-04-23 14:37:03,053 - __main__ - INFO - [INFO] 2023-04-23 14:37:03.053093 Epoch [85/100] batch [385/391] loss 0.0844 lr 0.0061846659978068265 acc 99.22% eta 0:20:53
2023-04-23 14:37:04,592 - __main__ - INFO - Computing epoch 85 validation accuracy...
2023-04-23 14:37:11,036 - __main__ - INFO - Computing epoch 85 validation loss...
2023-04-23 14:37:17,910 - __main__ - INFO - [INFO] 2023-04-23 14:37:17.909833 Epoch [86/100] batch [1/391] loss 0.0889 lr 0.005449673790581615 acc 99.22% eta 0:19:08
2023-04-23 14:37:51,547 - __main__ - INFO - [INFO] 2023-04-23 14:37:51.546845 Epoch [86/100] batch [129/391] loss 0.0344 lr 0.005449673790581615 acc 100.00% eta 0:20:27
2023-04-23 14:38:25,019 - __main__ - INFO - [INFO] 2023-04-23 14:38:25.019546 Epoch [86/100] batch [257/391] loss 0.0193 lr 0.005449673790581615 acc 100.00% eta 0:19:57
2023-04-23 14:38:58,453 - __main__ - INFO - [INFO] 2023-04-23 14:38:58.453059 Epoch [86/100] batch [385/391] loss 0.0214 lr 0.005449673790581615 acc 100.00% eta 0:19:29
2023-04-23 14:38:59,975 - __main__ - INFO - Computing epoch 86 validation accuracy...
2023-04-23 14:39:06,561 - __main__ - INFO - Computing epoch 86 validation loss...
2023-04-23 14:39:13,293 - __main__ - INFO - [INFO] 2023-04-23 14:39:13.293794 Epoch [87/100] batch [1/391] loss 0.0468 lr 0.004758647376699036 acc 99.22% eta 0:19:51
2023-04-23 14:39:47,023 - __main__ - INFO - [INFO] 2023-04-23 14:39:47.023207 Epoch [87/100] batch [129/391] loss 0.0393 lr 0.004758647376699036 acc 99.22% eta 0:19:09
2023-04-23 14:40:20,693 - __main__ - INFO - [INFO] 2023-04-23 14:40:20.693680 Epoch [87/100] batch [257/391] loss 0.0254 lr 0.004758647376699036 acc 100.00% eta 0:18:41
2023-04-23 14:40:54,001 - __main__ - INFO - [INFO] 2023-04-23 14:40:54.000954 Epoch [87/100] batch [385/391] loss 0.0855 lr 0.004758647376699036 acc 99.22% eta 0:18:08
2023-04-23 14:40:55,525 - __main__ - INFO - Computing epoch 87 validation accuracy...
2023-04-23 14:41:02,033 - __main__ - INFO - Computing epoch 87 validation loss...
2023-04-23 14:41:08,700 - __main__ - INFO - [INFO] 2023-04-23 14:41:08.700231 Epoch [88/100] batch [1/391] loss 0.0683 lr 0.004112268715800957 acc 100.00% eta 0:18:30
2023-04-23 14:41:42,154 - __main__ - INFO - [INFO] 2023-04-23 14:41:42.154507 Epoch [88/100] batch [129/391] loss 0.0280 lr 0.004112268715800957 acc 100.00% eta 0:17:34
2023-04-23 14:42:15,869 - __main__ - INFO - [INFO] 2023-04-23 14:42:15.869668 Epoch [88/100] batch [257/391] loss 0.0237 lr 0.004112268715800957 acc 100.00% eta 0:17:12
2023-04-23 14:42:49,536 - __main__ - INFO - [INFO] 2023-04-23 14:42:49.536120 Epoch [88/100] batch [385/391] loss 0.0359 lr 0.004112268715800957 acc 100.00% eta 0:16:45
2023-04-23 14:42:51,089 - __main__ - INFO - Computing epoch 88 validation accuracy...
2023-04-23 14:42:57,828 - __main__ - INFO - Computing epoch 88 validation loss...
2023-04-23 14:43:04,316 - __main__ - INFO - [INFO] 2023-04-23 14:43:04.316132 Epoch [89/100] batch [1/391] loss 0.0270 lr 0.003511175705587435 acc 100.00% eta 0:18:13
2023-04-23 14:43:38,206 - __main__ - INFO - [INFO] 2023-04-23 14:43:38.206450 Epoch [89/100] batch [129/391] loss 0.0464 lr 0.003511175705587435 acc 99.22% eta 0:16:25
2023-04-23 14:44:12,136 - __main__ - INFO - [INFO] 2023-04-23 14:44:12.136234 Epoch [89/100] batch [257/391] loss 0.0310 lr 0.003511175705587435 acc 100.00% eta 0:15:58
2023-04-23 14:44:46,167 - __main__ - INFO - [INFO] 2023-04-23 14:44:46.167519 Epoch [89/100] batch [385/391] loss 0.0181 lr 0.003511175705587435 acc 100.00% eta 0:15:32
2023-04-23 14:44:47,677 - __main__ - INFO - Computing epoch 89 validation accuracy...
2023-04-23 14:44:54,096 - __main__ - INFO - Computing epoch 89 validation loss...
2023-04-23 14:45:00,876 - __main__ - INFO - [INFO] 2023-04-23 14:45:00.876354 Epoch [90/100] batch [1/391] loss 0.0301 lr 0.0029559615522887295 acc 100.00% eta 0:15:46
2023-04-23 14:45:35,703 - __main__ - INFO - [INFO] 2023-04-23 14:45:35.702955 Epoch [90/100] batch [129/391] loss 0.0161 lr 0.0029559615522887295 acc 100.00% eta 0:15:25
2023-04-23 14:46:10,927 - __main__ - INFO - [INFO] 2023-04-23 14:46:10.927472 Epoch [90/100] batch [257/391] loss 0.0119 lr 0.0029559615522887295 acc 100.00% eta 0:15:02
2023-04-23 14:46:45,899 - __main__ - INFO - [INFO] 2023-04-23 14:46:45.899140 Epoch [90/100] batch [385/391] loss 0.0474 lr 0.0029559615522887295 acc 99.22% eta 0:14:33
2023-04-23 14:46:47,497 - __main__ - INFO - Computing epoch 90 validation accuracy...
2023-04-23 14:46:54,287 - __main__ - INFO - Computing epoch 90 validation loss...
2023-04-23 14:47:01,520 - __main__ - INFO - [INFO] 2023-04-23 14:47:01.520113 Epoch [91/100] batch [1/391] loss 0.0311 lr 0.0024471741852423253 acc 100.00% eta 0:16:02
2023-04-23 14:47:37,041 - __main__ - INFO - [INFO] 2023-04-23 14:47:37.041279 Epoch [91/100] batch [129/391] loss 0.0099 lr 0.0024471741852423253 acc 100.00% eta 0:14:16
2023-04-23 14:48:12,046 - __main__ - INFO - [INFO] 2023-04-23 14:48:12.046166 Epoch [91/100] batch [257/391] loss 0.0108 lr 0.0024471741852423253 acc 100.00% eta 0:13:40
2023-04-23 14:48:46,033 - __main__ - INFO - [INFO] 2023-04-23 14:48:46.033762 Epoch [91/100] batch [385/391] loss 0.0174 lr 0.0024471741852423253 acc 100.00% eta 0:13:01
2023-04-23 14:48:47,671 - __main__ - INFO - Computing epoch 91 validation accuracy...
2023-04-23 14:48:54,519 - __main__ - INFO - Computing epoch 91 validation loss...
2023-04-23 14:49:01,503 - __main__ - INFO - [INFO] 2023-04-23 14:49:01.503455 Epoch [92/100] batch [1/391] loss 0.0694 lr 0.0019853157161528537 acc 99.22% eta 0:14:17
2023-04-23 14:49:36,935 - __main__ - INFO - [INFO] 2023-04-23 14:49:36.935271 Epoch [92/100] batch [129/391] loss 0.0083 lr 0.0019853157161528537 acc 100.00% eta 0:12:43
2023-04-23 14:50:11,482 - __main__ - INFO - [INFO] 2023-04-23 14:50:11.482708 Epoch [92/100] batch [257/391] loss 0.0393 lr 0.0019853157161528537 acc 100.00% eta 0:12:07
2023-04-23 14:50:46,374 - __main__ - INFO - [INFO] 2023-04-23 14:50:46.374115 Epoch [92/100] batch [385/391] loss 0.0056 lr 0.0019853157161528537 acc 100.00% eta 0:11:37
2023-04-23 14:50:47,871 - __main__ - INFO - Computing epoch 92 validation accuracy...
2023-04-23 14:50:54,850 - __main__ - INFO - Computing epoch 92 validation loss...
2023-04-23 14:51:01,976 - __main__ - INFO - [INFO] 2023-04-23 14:51:01.976746 Epoch [93/100] batch [1/391] loss 0.0176 lr 0.0015708419435684529 acc 100.00% eta 0:13:01
2023-04-23 14:51:36,980 - __main__ - INFO - [INFO] 2023-04-23 14:51:36.980742 Epoch [93/100] batch [129/391] loss 0.0148 lr 0.0015708419435684529 acc 99.22% eta 0:11:10
2023-04-23 14:52:11,520 - __main__ - INFO - [INFO] 2023-04-23 14:52:11.520794 Epoch [93/100] batch [257/391] loss 0.0085 lr 0.0015708419435684529 acc 100.00% eta 0:10:37
2023-04-23 14:52:46,532 - __main__ - INFO - [INFO] 2023-04-23 14:52:46.532627 Epoch [93/100] batch [385/391] loss 0.0193 lr 0.0015708419435684529 acc 100.00% eta 0:10:09
2023-04-23 14:52:47,969 - __main__ - INFO - Computing epoch 93 validation accuracy...
2023-04-23 14:52:54,829 - __main__ - INFO - Computing epoch 93 validation loss...
2023-04-23 14:53:01,949 - __main__ - INFO - [INFO] 2023-04-23 14:53:01.949230 Epoch [94/100] batch [1/391] loss 0.0063 lr 0.0012041619030626347 acc 100.00% eta 0:09:28
2023-04-23 14:53:36,799 - __main__ - INFO - [INFO] 2023-04-23 14:53:36.799357 Epoch [94/100] batch [129/391] loss 0.0302 lr 0.0012041619030626347 acc 98.44% eta 0:09:38
2023-04-23 14:54:10,975 - __main__ - INFO - [INFO] 2023-04-23 14:54:10.975416 Epoch [94/100] batch [257/391] loss 0.0094 lr 0.0012041619030626347 acc 100.00% eta 0:09:04
2023-04-23 14:54:46,074 - __main__ - INFO - [INFO] 2023-04-23 14:54:46.074637 Epoch [94/100] batch [385/391] loss 0.0339 lr 0.0012041619030626347 acc 99.22% eta 0:08:39
2023-04-23 14:54:47,719 - __main__ - INFO - Computing epoch 94 validation accuracy...
2023-04-23 14:54:54,764 - __main__ - INFO - Computing epoch 94 validation loss...
2023-04-23 14:55:01,702 - __main__ - INFO - [INFO] 2023-04-23 14:55:01.702508 Epoch [95/100] batch [1/391] loss 0.0299 lr 0.0008856374635655646 acc 100.00% eta 0:08:24
2023-04-23 14:55:35,887 - __main__ - INFO - [INFO] 2023-04-23 14:55:35.886881 Epoch [95/100] batch [129/391] loss 0.0241 lr 0.0008856374635655646 acc 100.00% eta 0:08:03
2023-04-23 14:56:11,536 - __main__ - INFO - [INFO] 2023-04-23 14:56:11.536154 Epoch [95/100] batch [257/391] loss 0.0103 lr 0.0008856374635655646 acc 100.00% eta 0:07:44
2023-04-23 14:56:42,990 - __main__ - INFO - [INFO] 2023-04-23 14:56:42.990517 Epoch [95/100] batch [385/391] loss 0.0060 lr 0.0008856374635655646 acc 100.00% eta 0:07:03
2023-04-23 14:56:44,304 - __main__ - INFO - Computing epoch 95 validation accuracy...
2023-04-23 14:56:50,194 - __main__ - INFO - Computing epoch 95 validation loss...
2023-04-23 14:56:57,276 - __main__ - INFO - [INFO] 2023-04-23 14:56:57.275967 Epoch [96/100] batch [1/391] loss 0.0197 lr 0.0006155829702431174 acc 99.22% eta 0:08:37
2023-04-23 14:57:32,713 - __main__ - INFO - [INFO] 2023-04-23 14:57:32.713130 Epoch [96/100] batch [129/391] loss 0.0065 lr 0.0006155829702431174 acc 99.22% eta 0:06:51
2023-04-23 14:58:02,493 - __main__ - INFO - [INFO] 2023-04-23 14:58:02.492905 Epoch [96/100] batch [257/391] loss 0.0068 lr 0.0006155829702431174 acc 100.00% eta 0:05:55
2023-04-23 14:58:37,132 - __main__ - INFO - [INFO] 2023-04-23 14:58:37.132126 Epoch [96/100] batch [385/391] loss 0.0174 lr 0.0006155829702431174 acc 100.00% eta 0:05:34
2023-04-23 14:58:38,636 - __main__ - INFO - Computing epoch 96 validation accuracy...
2023-04-23 14:58:45,348 - __main__ - INFO - Computing epoch 96 validation loss...
2023-04-23 14:58:52,098 - __main__ - INFO - [INFO] 2023-04-23 14:58:52.098382 Epoch [97/100] batch [1/391] loss 0.0031 lr 0.00039426493427611206 acc 100.00% eta 0:05:37
2023-04-23 14:59:26,511 - __main__ - INFO - [INFO] 2023-04-23 14:59:26.510808 Epoch [97/100] batch [129/391] loss 0.0038 lr 0.00039426493427611206 acc 100.00% eta 0:05:14
2023-04-23 15:00:00,867 - __main__ - INFO - [INFO] 2023-04-23 15:00:00.867440 Epoch [97/100] batch [257/391] loss 0.0213 lr 0.00039426493427611206 acc 99.22% eta 0:04:46
2023-04-23 15:00:35,904 - __main__ - INFO - [INFO] 2023-04-23 15:00:35.903850 Epoch [97/100] batch [385/391] loss 0.0225 lr 0.00039426493427611206 acc 99.22% eta 0:04:19
2023-04-23 15:00:37,527 - __main__ - INFO - Computing epoch 97 validation accuracy...
2023-04-23 15:00:44,312 - __main__ - INFO - Computing epoch 97 validation loss...
2023-04-23 15:00:51,351 - __main__ - INFO - [INFO] 2023-04-23 15:00:51.351395 Epoch [98/100] batch [1/391] loss 0.0038 lr 0.00022190176984600036 acc 100.00% eta 0:04:04
2023-04-23 15:01:26,081 - __main__ - INFO - [INFO] 2023-04-23 15:01:26.081201 Epoch [98/100] batch [129/391] loss 0.0076 lr 0.00022190176984600036 acc 100.00% eta 0:03:51
2023-04-23 15:02:00,366 - __main__ - INFO - [INFO] 2023-04-23 15:02:00.366085 Epoch [98/100] batch [257/391] loss 0.0028 lr 0.00022190176984600036 acc 100.00% eta 0:03:21
2023-04-23 15:02:36,320 - __main__ - INFO - [INFO] 2023-04-23 15:02:36.320760 Epoch [98/100] batch [385/391] loss 0.0057 lr 0.00022190176984600036 acc 100.00% eta 0:02:55
2023-04-23 15:02:37,997 - __main__ - INFO - Computing epoch 98 validation accuracy...
2023-04-23 15:02:44,590 - __main__ - INFO - Computing epoch 98 validation loss...
2023-04-23 15:02:51,454 - __main__ - INFO - [INFO] 2023-04-23 15:02:51.454563 Epoch [99/100] batch [1/391] loss 0.0135 lr 9.866357858642213e-05 acc 100.00% eta 0:03:13
2023-04-23 15:03:26,110 - __main__ - INFO - [INFO] 2023-04-23 15:03:26.110347 Epoch [99/100] batch [129/391] loss 0.0077 lr 9.866357858642213e-05 acc 100.00% eta 0:02:23
2023-04-23 15:04:00,746 - __main__ - INFO - [INFO] 2023-04-23 15:04:00.745778 Epoch [99/100] batch [257/391] loss 0.0065 lr 9.866357858642213e-05 acc 100.00% eta 0:01:55
2023-04-23 15:04:36,029 - __main__ - INFO - [INFO] 2023-04-23 15:04:36.029570 Epoch [99/100] batch [385/391] loss 0.0097 lr 9.866357858642213e-05 acc 100.00% eta 0:01:28
2023-04-23 15:04:37,583 - __main__ - INFO - Computing epoch 99 validation accuracy...
2023-04-23 15:04:44,292 - __main__ - INFO - Computing epoch 99 validation loss...
2023-04-23 15:04:51,190 - __main__ - INFO - [INFO] 2023-04-23 15:04:51.190121 Epoch [100/100] batch [1/391] loss 0.0056 lr 2.4671981713420017e-05 acc 100.00% eta 0:01:44
2023-04-23 15:05:25,243 - __main__ - INFO - [INFO] 2023-04-23 15:05:25.243767 Epoch [100/100] batch [129/391] loss 0.0700 lr 2.4671981713420017e-05 acc 98.44% eta 0:00:57
2023-04-23 15:05:59,765 - __main__ - INFO - [INFO] 2023-04-23 15:05:59.765677 Epoch [100/100] batch [257/391] loss 0.0038 lr 2.4671981713420017e-05 acc 100.00% eta 0:00:29
2023-04-23 15:06:35,069 - __main__ - INFO - [INFO] 2023-04-23 15:06:35.069184 Epoch [100/100] batch [385/391] loss 0.0367 lr 2.4671981713420017e-05 acc 98.44% eta 0:00:01
2023-04-23 15:06:36,596 - __main__ - INFO - Computing epoch 100 validation accuracy...
2023-04-23 15:06:43,620 - __main__ - INFO - Computing epoch 100 validation loss...
2023-04-23 15:06:50,279 - __main__ - INFO - Reading testing data set cifar10
2023-04-23 15:06:50,991 - __main__ - INFO - Loading trained model...
2023-04-23 15:06:58,724 - __main__ - INFO - Testing acc : 95.03%.
