2023-04-14 00:12:54,399 - __main__ - INFO - 

2023-04-14 00:12:54,399 - __main__ - INFO - ***************
2023-04-14 00:12:54,399 - __main__ - INFO - ** Arguments **
2023-04-14 00:12:54,399 - __main__ - INFO - ***************
2023-04-14 00:12:54,399 - __main__ - INFO - backbone: vgg19
2023-04-14 00:12:54,399 - __main__ - INFO - dataname: cifar100
2023-04-14 00:12:54,399 - __main__ - INFO - drop_method: fd
2023-04-14 00:12:54,399 - __main__ - INFO - drop_rate: 0.0
2023-04-14 00:12:54,399 - __main__ - INFO - eval_only: 0
2023-04-14 00:12:54,400 - __main__ - INFO - output_path: checkpoints/cifar100/vgg19/drop_fd/rate_0./seed3
2023-04-14 00:12:54,400 - __main__ - INFO - part_rate: 0.1
2023-04-14 00:12:54,400 - __main__ - INFO - seed: 3
2023-04-14 00:12:54,400 - __main__ - INFO - weight_decay: 0.0005
2023-04-14 00:12:54,400 - __main__ - INFO - ************
2023-04-14 00:12:54,400 - __main__ - INFO - ** Config **
2023-04-14 00:12:54,400 - __main__ - INFO - ************
2023-04-14 00:12:54,400 - __main__ - INFO - {'DATALOADER': {'PATH': './data', 'DATANAME': 'cifar100', 'BATCH_SIZE': 128, 'NUM_CLASSES': 100}, 'INPUT': {'SIZE': [32, 32], 'PIXEL_MEAN': [0.4914, 0.4822, 0.4465], 'PIXEL_STD': [0.2023, 0.1994, 0.201]}, 'OUTPUT': {'DIR': 'checkpoints/cifar100/vgg19/drop_fd/rate_0./seed3'}, 'SEED': 3, 'OPTIM': {'LR': 0.1, 'MAX_EPOCH': 100, 'LR_SCHEDULER': 'step', 'LR_MILESTONES': [20, 40, 80, 120, 140], 'LR_DECAY': 0.2, 'PART_RATE': 0.1, 'WEIGHT_DECAY': 0.0005, 'DROP_RATE': 0.0, 'DROP_METHOD': 'fd', 'BLOCK_SIZE': 7}, 'MODEL': {'BACKBONE': 'vgg19'}}
2023-04-14 00:12:54,411 - __main__ - INFO - Reading training data set cifar100
2023-04-14 00:12:56,412 - __main__ - INFO - Loading raw model
2023-04-14 00:13:00,115 - __main__ - INFO - 
Saving everything to checkpoints/cifar100/vgg19/drop_fd/rate_0./seed3
2023-04-14 00:13:00,116 - __main__ - INFO - Start training...
2023-04-14 00:13:05,585 - __main__ - INFO - [INFO] 2023-04-14 00:13:05.585047 Epoch [1/100] batch [1/391] loss 4.6289 lr 0.1 acc 3.12% eta 2 days, 11:16:22
2023-04-14 00:13:19,491 - __main__ - INFO - [INFO] 2023-04-14 00:13:19.490888 Epoch [1/100] batch [129/391] loss 4.4609 lr 0.1 acc 1.56% eta 1:23:16
2023-04-14 00:13:33,115 - __main__ - INFO - [INFO] 2023-04-14 00:13:33.115721 Epoch [1/100] batch [257/391] loss 4.2461 lr 0.1 acc 0.00% eta 1:08:22
2023-04-14 00:13:46,719 - __main__ - INFO - [INFO] 2023-04-14 00:13:46.719244 Epoch [1/100] batch [385/391] loss 4.1914 lr 0.1 acc 4.69% eta 1:03:12
2023-04-14 00:13:47,371 - __main__ - INFO - Computing epoch 1 validation accuracy...
2023-04-14 00:13:50,779 - __main__ - INFO - Computing epoch 1 validation loss...
2023-04-14 00:13:54,192 - __main__ - INFO - [INFO] 2023-04-14 00:13:54.192567 Epoch [2/100] batch [1/391] loss 4.3164 lr 0.09997532801828658 acc 3.91% eta 1:00:32
2023-04-14 00:14:08,220 - __main__ - INFO - [INFO] 2023-04-14 00:14:08.220311 Epoch [2/100] batch [129/391] loss 4.2578 lr 0.09997532801828658 acc 4.69% eta 0:56:10
2023-04-14 00:14:21,891 - __main__ - INFO - [INFO] 2023-04-14 00:14:21.891725 Epoch [2/100] batch [257/391] loss 4.0898 lr 0.09997532801828658 acc 6.25% eta 0:54:42
2023-04-14 00:14:35,580 - __main__ - INFO - [INFO] 2023-04-14 00:14:35.580335 Epoch [2/100] batch [385/391] loss 3.9570 lr 0.09997532801828658 acc 1.56% eta 0:54:06
2023-04-14 00:14:36,188 - __main__ - INFO - Computing epoch 2 validation accuracy...
2023-04-14 00:14:39,529 - __main__ - INFO - Computing epoch 2 validation loss...
2023-04-14 00:14:42,959 - __main__ - INFO - [INFO] 2023-04-14 00:14:42.959029 Epoch [3/100] batch [1/391] loss 3.9902 lr 0.09990133642141358 acc 8.59% eta 0:59:49
2023-04-14 00:14:56,670 - __main__ - INFO - [INFO] 2023-04-14 00:14:56.670035 Epoch [3/100] batch [129/391] loss 4.1680 lr 0.09990133642141358 acc 6.25% eta 0:53:48
2023-04-14 00:15:10,464 - __main__ - INFO - [INFO] 2023-04-14 00:15:10.463669 Epoch [3/100] batch [257/391] loss 4.0352 lr 0.09990133642141358 acc 7.03% eta 0:53:39
2023-04-14 00:15:24,216 - __main__ - INFO - [INFO] 2023-04-14 00:15:24.215885 Epoch [3/100] batch [385/391] loss 3.8652 lr 0.09990133642141358 acc 10.16% eta 0:53:27
2023-04-14 00:15:24,845 - __main__ - INFO - Computing epoch 3 validation accuracy...
2023-04-14 00:15:28,335 - __main__ - INFO - Computing epoch 3 validation loss...
2023-04-14 00:15:31,828 - __main__ - INFO - [INFO] 2023-04-14 00:15:31.827952 Epoch [4/100] batch [1/391] loss 3.9062 lr 0.099778098230154 acc 9.38% eta 0:58:10
2023-04-14 00:15:45,824 - __main__ - INFO - [INFO] 2023-04-14 00:15:45.824702 Epoch [4/100] batch [129/391] loss 3.9395 lr 0.099778098230154 acc 6.25% eta 0:55:20
2023-04-14 00:15:59,396 - __main__ - INFO - [INFO] 2023-04-14 00:15:59.396247 Epoch [4/100] batch [257/391] loss 3.9277 lr 0.099778098230154 acc 7.03% eta 0:53:47
2023-04-14 00:16:13,286 - __main__ - INFO - [INFO] 2023-04-14 00:16:13.286786 Epoch [4/100] batch [385/391] loss 3.8496 lr 0.099778098230154 acc 7.81% eta 0:53:42
2023-04-14 00:16:13,899 - __main__ - INFO - Computing epoch 4 validation accuracy...
2023-04-14 00:16:17,312 - __main__ - INFO - Computing epoch 4 validation loss...
2023-04-14 00:16:20,754 - __main__ - INFO - [INFO] 2023-04-14 00:16:20.754245 Epoch [5/100] batch [1/391] loss 3.8828 lr 0.0996057350657239 acc 2.34% eta 0:54:47
2023-04-14 00:16:34,578 - __main__ - INFO - [INFO] 2023-04-14 00:16:34.577777 Epoch [5/100] batch [129/391] loss 3.8340 lr 0.0996057350657239 acc 9.38% eta 0:53:47
2023-04-14 00:16:48,248 - __main__ - INFO - [INFO] 2023-04-14 00:16:48.248670 Epoch [5/100] batch [257/391] loss 3.8750 lr 0.0996057350657239 acc 9.38% eta 0:52:57
2023-04-14 00:17:02,030 - __main__ - INFO - [INFO] 2023-04-14 00:17:02.030788 Epoch [5/100] batch [385/391] loss 3.8555 lr 0.0996057350657239 acc 7.03% eta 0:52:53
2023-04-14 00:17:02,643 - __main__ - INFO - Computing epoch 5 validation accuracy...
2023-04-14 00:17:06,041 - __main__ - INFO - Computing epoch 5 validation loss...
2023-04-14 00:17:09,575 - __main__ - INFO - [INFO] 2023-04-14 00:17:09.575521 Epoch [6/100] batch [1/391] loss 3.7383 lr 0.09938441702975688 acc 6.25% eta 1:01:07
2023-04-14 00:17:23,434 - __main__ - INFO - [INFO] 2023-04-14 00:17:23.433887 Epoch [6/100] batch [129/391] loss 4.0430 lr 0.09938441702975688 acc 8.59% eta 0:53:19
2023-04-14 00:17:37,578 - __main__ - INFO - [INFO] 2023-04-14 00:17:37.578295 Epoch [6/100] batch [257/391] loss 3.7109 lr 0.09938441702975688 acc 7.03% eta 0:53:47
2023-04-14 00:17:51,320 - __main__ - INFO - [INFO] 2023-04-14 00:17:51.320159 Epoch [6/100] batch [385/391] loss 3.5312 lr 0.09938441702975688 acc 10.16% eta 0:53:05
2023-04-14 00:17:51,936 - __main__ - INFO - Computing epoch 6 validation accuracy...
2023-04-14 00:17:55,360 - __main__ - INFO - Computing epoch 6 validation loss...
2023-04-14 00:17:58,840 - __main__ - INFO - [INFO] 2023-04-14 00:17:58.840696 Epoch [7/100] batch [1/391] loss 3.9238 lr 0.09911436253643444 acc 14.06% eta 0:59:33
2023-04-14 00:18:12,668 - __main__ - INFO - [INFO] 2023-04-14 00:18:12.668004 Epoch [7/100] batch [129/391] loss 3.5801 lr 0.09911436253643444 acc 14.06% eta 0:52:39
2023-04-14 00:18:26,255 - __main__ - INFO - [INFO] 2023-04-14 00:18:26.255700 Epoch [7/100] batch [257/391] loss 3.5645 lr 0.09911436253643444 acc 10.16% eta 0:51:39
2023-04-14 00:18:39,976 - __main__ - INFO - [INFO] 2023-04-14 00:18:39.975817 Epoch [7/100] batch [385/391] loss 3.5273 lr 0.09911436253643444 acc 13.28% eta 0:51:23
2023-04-14 00:18:40,598 - __main__ - INFO - Computing epoch 7 validation accuracy...
2023-04-14 00:18:44,028 - __main__ - INFO - Computing epoch 7 validation loss...
2023-04-14 00:18:47,518 - __main__ - INFO - [INFO] 2023-04-14 00:18:47.517909 Epoch [8/100] batch [1/391] loss 3.4980 lr 0.09879583809693737 acc 10.16% eta 0:54:11
2023-04-14 00:19:01,314 - __main__ - INFO - [INFO] 2023-04-14 00:19:01.314209 Epoch [8/100] batch [129/391] loss 3.4609 lr 0.09879583809693737 acc 11.72% eta 0:51:50
2023-04-14 00:19:15,071 - __main__ - INFO - [INFO] 2023-04-14 00:19:15.071249 Epoch [8/100] batch [257/391] loss 3.6328 lr 0.09879583809693737 acc 12.50% eta 0:51:29
2023-04-14 00:19:28,825 - __main__ - INFO - [INFO] 2023-04-14 00:19:28.825149 Epoch [8/100] batch [385/391] loss 3.3105 lr 0.09879583809693737 acc 14.84% eta 0:51:09
2023-04-14 00:19:29,462 - __main__ - INFO - Computing epoch 8 validation accuracy...
2023-04-14 00:19:32,865 - __main__ - INFO - Computing epoch 8 validation loss...
2023-04-14 00:19:36,294 - __main__ - INFO - [INFO] 2023-04-14 00:19:36.294158 Epoch [9/100] batch [1/391] loss 3.6074 lr 0.09842915805643156 acc 16.41% eta 0:56:35
2023-04-14 00:19:49,954 - __main__ - INFO - [INFO] 2023-04-14 00:19:49.954142 Epoch [9/100] batch [129/391] loss 3.4062 lr 0.09842915805643156 acc 10.16% eta 0:50:49
2023-04-14 00:20:03,672 - __main__ - INFO - [INFO] 2023-04-14 00:20:03.672103 Epoch [9/100] batch [257/391] loss 3.4375 lr 0.09842915805643156 acc 13.28% eta 0:50:33
2023-04-14 00:20:17,395 - __main__ - INFO - [INFO] 2023-04-14 00:20:17.395781 Epoch [9/100] batch [385/391] loss 3.3164 lr 0.09842915805643156 acc 12.50% eta 0:50:16
2023-04-14 00:20:18,017 - __main__ - INFO - Computing epoch 9 validation accuracy...
2023-04-14 00:20:21,347 - __main__ - INFO - Computing epoch 9 validation loss...
2023-04-14 00:20:24,814 - __main__ - INFO - [INFO] 2023-04-14 00:20:24.814602 Epoch [10/100] batch [1/391] loss 3.9941 lr 0.09801468428384716 acc 13.28% eta 0:53:43
2023-04-14 00:20:38,844 - __main__ - INFO - [INFO] 2023-04-14 00:20:38.843739 Epoch [10/100] batch [129/391] loss 3.1602 lr 0.09801468428384716 acc 11.72% eta 0:51:46
2023-04-14 00:20:52,509 - __main__ - INFO - [INFO] 2023-04-14 00:20:52.509308 Epoch [10/100] batch [257/391] loss 3.1250 lr 0.09801468428384716 acc 25.78% eta 0:50:37
2023-04-14 00:21:06,447 - __main__ - INFO - [INFO] 2023-04-14 00:21:06.447607 Epoch [10/100] batch [385/391] loss 3.0430 lr 0.09801468428384716 acc 22.66% eta 0:50:35
2023-04-14 00:21:07,064 - __main__ - INFO - Computing epoch 10 validation accuracy...
2023-04-14 00:21:10,448 - __main__ - INFO - Computing epoch 10 validation loss...
2023-04-14 00:21:14,034 - __main__ - INFO - [INFO] 2023-04-14 00:21:14.034217 Epoch [11/100] batch [1/391] loss 3.2832 lr 0.09755282581475769 acc 17.97% eta 0:54:46
2023-04-14 00:21:27,949 - __main__ - INFO - [INFO] 2023-04-14 00:21:27.948989 Epoch [11/100] batch [129/391] loss 3.1816 lr 0.09755282581475769 acc 16.41% eta 0:50:47
2023-04-14 00:21:41,625 - __main__ - INFO - [INFO] 2023-04-14 00:21:41.625534 Epoch [11/100] batch [257/391] loss 3.1270 lr 0.09755282581475769 acc 14.84% eta 0:49:47
2023-04-14 00:21:55,365 - __main__ - INFO - [INFO] 2023-04-14 00:21:55.365650 Epoch [11/100] batch [385/391] loss 3.2305 lr 0.09755282581475769 acc 25.00% eta 0:49:30
2023-04-14 00:21:55,986 - __main__ - INFO - Computing epoch 11 validation accuracy...
2023-04-14 00:21:59,459 - __main__ - INFO - Computing epoch 11 validation loss...
2023-04-14 00:22:03,063 - __main__ - INFO - [INFO] 2023-04-14 00:22:03.063499 Epoch [12/100] batch [1/391] loss 3.3027 lr 0.09704403844771128 acc 20.31% eta 0:56:37
2023-04-14 00:22:16,817 - __main__ - INFO - [INFO] 2023-04-14 00:22:16.816826 Epoch [12/100] batch [129/391] loss 3.0723 lr 0.09704403844771128 acc 22.66% eta 0:49:24
2023-04-14 00:22:30,521 - __main__ - INFO - [INFO] 2023-04-14 00:22:30.521266 Epoch [12/100] batch [257/391] loss 2.9805 lr 0.09704403844771128 acc 26.56% eta 0:48:53
2023-04-14 00:22:44,331 - __main__ - INFO - [INFO] 2023-04-14 00:22:44.331204 Epoch [12/100] batch [385/391] loss 3.2266 lr 0.09704403844771128 acc 13.28% eta 0:48:52
2023-04-14 00:22:44,955 - __main__ - INFO - Computing epoch 12 validation accuracy...
2023-04-14 00:22:48,353 - __main__ - INFO - Computing epoch 12 validation loss...
2023-04-14 00:22:51,838 - __main__ - INFO - [INFO] 2023-04-14 00:22:51.838733 Epoch [13/100] batch [1/391] loss 2.9746 lr 0.09648882429441258 acc 22.66% eta 0:59:08
2023-04-14 00:23:05,594 - __main__ - INFO - [INFO] 2023-04-14 00:23:05.594786 Epoch [13/100] batch [129/391] loss 3.0293 lr 0.09648882429441258 acc 23.44% eta 0:48:54
2023-04-14 00:23:19,416 - __main__ - INFO - [INFO] 2023-04-14 00:23:19.415822 Epoch [13/100] batch [257/391] loss 2.8770 lr 0.09648882429441258 acc 30.47% eta 0:48:37
2023-04-14 00:23:33,173 - __main__ - INFO - [INFO] 2023-04-14 00:23:33.173612 Epoch [13/100] batch [385/391] loss 3.0098 lr 0.09648882429441258 acc 17.19% eta 0:48:21
2023-04-14 00:23:33,796 - __main__ - INFO - Computing epoch 13 validation accuracy...
2023-04-14 00:23:37,116 - __main__ - INFO - Computing epoch 13 validation loss...
2023-04-14 00:23:40,607 - __main__ - INFO - [INFO] 2023-04-14 00:23:40.607439 Epoch [14/100] batch [1/391] loss 2.9727 lr 0.09588773128419906 acc 18.75% eta 0:50:35
2023-04-14 00:23:54,424 - __main__ - INFO - [INFO] 2023-04-14 00:23:54.424422 Epoch [14/100] batch [129/391] loss 2.6719 lr 0.09588773128419906 acc 27.34% eta 0:48:40
2023-04-14 00:24:08,075 - __main__ - INFO - [INFO] 2023-04-14 00:24:08.075173 Epoch [14/100] batch [257/391] loss 2.6777 lr 0.09588773128419906 acc 25.78% eta 0:47:53
2023-04-14 00:24:21,796 - __main__ - INFO - [INFO] 2023-04-14 00:24:21.796083 Epoch [14/100] batch [385/391] loss 2.8613 lr 0.09588773128419906 acc 29.69% eta 0:47:42
2023-04-14 00:24:22,397 - __main__ - INFO - Computing epoch 14 validation accuracy...
2023-04-14 00:24:25,803 - __main__ - INFO - Computing epoch 14 validation loss...
2023-04-14 00:24:29,252 - __main__ - INFO - [INFO] 2023-04-14 00:24:29.251814 Epoch [15/100] batch [1/391] loss 2.9141 lr 0.09524135262330098 acc 23.44% eta 0:49:50
2023-04-14 00:24:43,092 - __main__ - INFO - [INFO] 2023-04-14 00:24:43.092385 Epoch [15/100] batch [129/391] loss 2.8184 lr 0.09524135262330098 acc 24.22% eta 0:48:19
2023-04-14 00:24:56,731 - __main__ - INFO - [INFO] 2023-04-14 00:24:56.730936 Epoch [15/100] batch [257/391] loss 2.8867 lr 0.09524135262330098 acc 23.44% eta 0:47:23
2023-04-14 00:25:10,345 - __main__ - INFO - [INFO] 2023-04-14 00:25:10.345033 Epoch [15/100] batch [385/391] loss 3.0020 lr 0.09524135262330098 acc 22.66% eta 0:46:56
2023-04-14 00:25:10,959 - __main__ - INFO - Computing epoch 15 validation accuracy...
2023-04-14 00:25:14,298 - __main__ - INFO - Computing epoch 15 validation loss...
2023-04-14 00:25:17,790 - __main__ - INFO - [INFO] 2023-04-14 00:25:17.790525 Epoch [16/100] batch [1/391] loss 2.7656 lr 0.0945503262094184 acc 25.78% eta 0:49:40
2023-04-14 00:25:31,625 - __main__ - INFO - [INFO] 2023-04-14 00:25:31.624550 Epoch [16/100] batch [129/391] loss 3.0039 lr 0.0945503262094184 acc 21.88% eta 0:47:26
2023-04-14 00:25:45,388 - __main__ - INFO - [INFO] 2023-04-14 00:25:45.388028 Epoch [16/100] batch [257/391] loss 2.6719 lr 0.0945503262094184 acc 28.91% eta 0:47:00
2023-04-14 00:25:59,258 - __main__ - INFO - [INFO] 2023-04-14 00:25:59.258710 Epoch [16/100] batch [385/391] loss 3.0879 lr 0.0945503262094184 acc 11.72% eta 0:46:52
2023-04-14 00:25:59,887 - __main__ - INFO - Computing epoch 16 validation accuracy...
2023-04-14 00:26:03,425 - __main__ - INFO - Computing epoch 16 validation loss...
2023-04-14 00:26:06,889 - __main__ - INFO - [INFO] 2023-04-14 00:26:06.889607 Epoch [17/100] batch [1/391] loss 2.6816 lr 0.09381533400219319 acc 25.78% eta 0:52:38
2023-04-14 00:26:20,730 - __main__ - INFO - [INFO] 2023-04-14 00:26:20.730481 Epoch [17/100] batch [129/391] loss 2.6836 lr 0.09381533400219319 acc 29.69% eta 0:47:03
2023-04-14 00:26:34,446 - __main__ - INFO - [INFO] 2023-04-14 00:26:34.446115 Epoch [17/100] batch [257/391] loss 2.6523 lr 0.09381533400219319 acc 35.94% eta 0:46:26
2023-04-14 00:26:48,170 - __main__ - INFO - [INFO] 2023-04-14 00:26:48.170121 Epoch [17/100] batch [385/391] loss 2.9844 lr 0.09381533400219319 acc 25.78% eta 0:46:06
2023-04-14 00:26:48,791 - __main__ - INFO - Computing epoch 17 validation accuracy...
2023-04-14 00:26:52,168 - __main__ - INFO - Computing epoch 17 validation loss...
2023-04-14 00:26:55,670 - __main__ - INFO - [INFO] 2023-04-14 00:26:55.670723 Epoch [18/100] batch [1/391] loss 2.7793 lr 0.0930371013501972 acc 31.25% eta 0:51:03
2023-04-14 00:27:09,503 - __main__ - INFO - [INFO] 2023-04-14 00:27:09.502900 Epoch [18/100] batch [129/391] loss 2.8945 lr 0.0930371013501972 acc 20.31% eta 0:46:36
2023-04-14 00:27:23,652 - __main__ - INFO - [INFO] 2023-04-14 00:27:23.652114 Epoch [18/100] batch [257/391] loss 2.7070 lr 0.0930371013501972 acc 28.91% eta 0:46:58
2023-04-14 00:27:37,359 - __main__ - INFO - [INFO] 2023-04-14 00:27:37.359009 Epoch [18/100] batch [385/391] loss 2.5742 lr 0.0930371013501972 acc 29.69% eta 0:46:14
2023-04-14 00:27:38,020 - __main__ - INFO - Computing epoch 18 validation accuracy...
2023-04-14 00:27:41,506 - __main__ - INFO - Computing epoch 18 validation loss...
2023-04-14 00:27:44,920 - __main__ - INFO - [INFO] 2023-04-14 00:27:44.920685 Epoch [19/100] batch [1/391] loss 2.6758 lr 0.09221639627510078 acc 28.12% eta 0:51:17
2023-04-14 00:27:58,812 - __main__ - INFO - [INFO] 2023-04-14 00:27:58.811802 Epoch [19/100] batch [129/391] loss 2.4531 lr 0.09221639627510078 acc 31.25% eta 0:46:04
2023-04-14 00:28:12,613 - __main__ - INFO - [INFO] 2023-04-14 00:28:12.613610 Epoch [19/100] batch [257/391] loss 2.5547 lr 0.09221639627510078 acc 24.22% eta 0:45:36
2023-04-14 00:28:26,328 - __main__ - INFO - [INFO] 2023-04-14 00:28:26.327986 Epoch [19/100] batch [385/391] loss 2.7656 lr 0.09221639627510078 acc 23.44% eta 0:45:11
2023-04-14 00:28:26,952 - __main__ - INFO - Computing epoch 19 validation accuracy...
2023-04-14 00:28:30,359 - __main__ - INFO - Computing epoch 19 validation loss...
2023-04-14 00:28:33,882 - __main__ - INFO - [INFO] 2023-04-14 00:28:33.882559 Epoch [20/100] batch [1/391] loss 2.5996 lr 0.09135402871372812 acc 23.44% eta 0:48:23
2023-04-14 00:28:47,708 - __main__ - INFO - [INFO] 2023-04-14 00:28:47.708677 Epoch [20/100] batch [129/391] loss 2.5195 lr 0.09135402871372812 acc 32.03% eta 0:45:12
2023-04-14 00:29:01,397 - __main__ - INFO - [INFO] 2023-04-14 00:29:01.397298 Epoch [20/100] batch [257/391] loss 2.3027 lr 0.09135402871372812 acc 44.53% eta 0:44:38
2023-04-14 00:29:15,143 - __main__ - INFO - [INFO] 2023-04-14 00:29:15.142923 Epoch [20/100] batch [385/391] loss 2.4980 lr 0.09135402871372812 acc 35.16% eta 0:44:20
2023-04-14 00:29:15,748 - __main__ - INFO - Computing epoch 20 validation accuracy...
2023-04-14 00:29:19,124 - __main__ - INFO - Computing epoch 20 validation loss...
2023-04-14 00:29:22,608 - __main__ - INFO - [INFO] 2023-04-14 00:29:22.608069 Epoch [21/100] batch [1/391] loss 2.6777 lr 0.09045084971874741 acc 31.25% eta 0:47:09
2023-04-14 00:29:36,376 - __main__ - INFO - [INFO] 2023-04-14 00:29:36.376210 Epoch [21/100] batch [129/391] loss 2.6582 lr 0.09045084971874741 acc 34.38% eta 0:44:34
2023-04-14 00:29:50,021 - __main__ - INFO - [INFO] 2023-04-14 00:29:50.021351 Epoch [21/100] batch [257/391] loss 2.3477 lr 0.09045084971874741 acc 35.94% eta 0:43:58
2023-04-14 00:30:03,714 - __main__ - INFO - [INFO] 2023-04-14 00:30:03.714587 Epoch [21/100] batch [385/391] loss 2.7949 lr 0.09045084971874741 acc 28.12% eta 0:43:40
2023-04-14 00:30:04,326 - __main__ - INFO - Computing epoch 21 validation accuracy...
2023-04-14 00:30:07,670 - __main__ - INFO - Computing epoch 21 validation loss...
2023-04-14 00:30:11,167 - __main__ - INFO - [INFO] 2023-04-14 00:30:11.167181 Epoch [22/100] batch [1/391] loss 2.8477 lr 0.08950775061878455 acc 27.34% eta 0:55:45
2023-04-14 00:30:25,056 - __main__ - INFO - [INFO] 2023-04-14 00:30:25.056144 Epoch [22/100] batch [129/391] loss 2.4062 lr 0.08950775061878455 acc 29.69% eta 0:44:44
2023-04-14 00:30:38,682 - __main__ - INFO - [INFO] 2023-04-14 00:30:38.682497 Epoch [22/100] batch [257/391] loss 2.4297 lr 0.08950775061878455 acc 38.28% eta 0:43:38
2023-04-14 00:30:52,470 - __main__ - INFO - [INFO] 2023-04-14 00:30:52.470257 Epoch [22/100] batch [385/391] loss 2.4688 lr 0.08950775061878455 acc 36.72% eta 0:43:24
2023-04-14 00:30:53,088 - __main__ - INFO - Computing epoch 22 validation accuracy...
2023-04-14 00:30:56,488 - __main__ - INFO - Computing epoch 22 validation loss...
2023-04-14 00:30:59,903 - __main__ - INFO - [INFO] 2023-04-14 00:30:59.902885 Epoch [23/100] batch [1/391] loss 2.6309 lr 0.0885256621387895 acc 28.91% eta 0:48:09
2023-04-14 00:31:13,734 - __main__ - INFO - [INFO] 2023-04-14 00:31:13.734693 Epoch [23/100] batch [129/391] loss 2.5137 lr 0.0885256621387895 acc 31.25% eta 0:43:50
2023-04-14 00:31:27,404 - __main__ - INFO - [INFO] 2023-04-14 00:31:27.402926 Epoch [23/100] batch [257/391] loss 2.5957 lr 0.0885256621387895 acc 39.84% eta 0:43:09
2023-04-14 00:31:41,144 - __main__ - INFO - [INFO] 2023-04-14 00:31:41.144681 Epoch [23/100] batch [385/391] loss 2.4180 lr 0.0885256621387895 acc 32.81% eta 0:42:55
2023-04-14 00:31:41,751 - __main__ - INFO - Computing epoch 23 validation accuracy...
2023-04-14 00:31:45,167 - __main__ - INFO - Computing epoch 23 validation loss...
2023-04-14 00:31:48,675 - __main__ - INFO - [INFO] 2023-04-14 00:31:48.675216 Epoch [24/100] batch [1/391] loss 2.2656 lr 0.08750555348152302 acc 34.38% eta 0:46:47
2023-04-14 00:32:02,405 - __main__ - INFO - [INFO] 2023-04-14 00:32:02.405809 Epoch [24/100] batch [129/391] loss 2.6348 lr 0.08750555348152302 acc 28.12% eta 0:42:31
2023-04-14 00:32:16,095 - __main__ - INFO - [INFO] 2023-04-14 00:32:16.095442 Epoch [24/100] batch [257/391] loss 2.3105 lr 0.08750555348152302 acc 35.94% eta 0:42:05
2023-04-14 00:32:29,799 - __main__ - INFO - [INFO] 2023-04-14 00:32:29.799610 Epoch [24/100] batch [385/391] loss 2.5059 lr 0.08750555348152302 acc 34.38% eta 0:41:54
2023-04-14 00:32:30,407 - __main__ - INFO - Computing epoch 24 validation accuracy...
2023-04-14 00:32:33,813 - __main__ - INFO - Computing epoch 24 validation loss...
2023-04-14 00:32:37,428 - __main__ - INFO - [INFO] 2023-04-14 00:32:37.428178 Epoch [25/100] batch [1/391] loss 2.7617 lr 0.08644843137107061 acc 28.91% eta 0:47:11
2023-04-14 00:32:51,216 - __main__ - INFO - [INFO] 2023-04-14 00:32:51.216243 Epoch [25/100] batch [129/391] loss 2.4180 lr 0.08644843137107061 acc 40.62% eta 0:43:06
2023-04-14 00:33:05,018 - __main__ - INFO - [INFO] 2023-04-14 00:33:05.018453 Epoch [25/100] batch [257/391] loss 2.4531 lr 0.08644843137107061 acc 41.41% eta 0:42:35
2023-04-14 00:33:18,728 - __main__ - INFO - [INFO] 2023-04-14 00:33:18.728687 Epoch [25/100] batch [385/391] loss 2.2129 lr 0.08644843137107061 acc 42.97% eta 0:42:04
2023-04-14 00:33:19,333 - __main__ - INFO - Computing epoch 25 validation accuracy...
2023-04-14 00:33:22,851 - __main__ - INFO - Computing epoch 25 validation loss...
2023-04-14 00:33:26,432 - __main__ - INFO - [INFO] 2023-04-14 00:33:26.431927 Epoch [26/100] batch [1/391] loss 2.3184 lr 0.0853553390593274 acc 23.44% eta 0:48:13
2023-04-14 00:33:40,506 - __main__ - INFO - [INFO] 2023-04-14 00:33:40.505576 Epoch [26/100] batch [129/391] loss 2.3105 lr 0.0853553390593274 acc 27.34% eta 0:43:19
2023-04-14 00:33:54,287 - __main__ - INFO - [INFO] 2023-04-14 00:33:54.287280 Epoch [26/100] batch [257/391] loss 2.4395 lr 0.0853553390593274 acc 34.38% eta 0:42:13
2023-04-14 00:34:07,979 - __main__ - INFO - [INFO] 2023-04-14 00:34:07.979266 Epoch [26/100] batch [385/391] loss 2.4824 lr 0.0853553390593274 acc 35.94% eta 0:41:37
2023-04-14 00:34:08,603 - __main__ - INFO - Computing epoch 26 validation accuracy...
2023-04-14 00:34:12,122 - __main__ - INFO - Computing epoch 26 validation loss...
2023-04-14 00:34:15,737 - __main__ - INFO - [INFO] 2023-04-14 00:34:15.737354 Epoch [27/100] batch [1/391] loss 2.2969 lr 0.08422735529643446 acc 31.25% eta 0:47:29
2023-04-14 00:34:29,614 - __main__ - INFO - [INFO] 2023-04-14 00:34:29.613941 Epoch [27/100] batch [129/391] loss 2.6699 lr 0.08422735529643446 acc 30.47% eta 0:41:35
2023-04-14 00:34:43,243 - __main__ - INFO - [INFO] 2023-04-14 00:34:43.243287 Epoch [27/100] batch [257/391] loss 2.7188 lr 0.08422735529643446 acc 28.91% eta 0:40:46
2023-04-14 00:34:56,767 - __main__ - INFO - [INFO] 2023-04-14 00:34:56.767804 Epoch [27/100] batch [385/391] loss 2.2695 lr 0.08422735529643446 acc 35.94% eta 0:40:14
2023-04-14 00:34:57,379 - __main__ - INFO - Computing epoch 27 validation accuracy...
2023-04-14 00:35:00,792 - __main__ - INFO - Computing epoch 27 validation loss...
2023-04-14 00:35:04,277 - __main__ - INFO - [INFO] 2023-04-14 00:35:04.277543 Epoch [28/100] batch [1/391] loss 2.3672 lr 0.08306559326618262 acc 34.38% eta 0:45:02
2023-04-14 00:35:17,958 - __main__ - INFO - [INFO] 2023-04-14 00:35:17.958706 Epoch [28/100] batch [129/391] loss 2.4160 lr 0.08306559326618262 acc 38.28% eta 0:39:58
2023-04-14 00:35:31,847 - __main__ - INFO - [INFO] 2023-04-14 00:35:31.847491 Epoch [28/100] batch [257/391] loss 2.0938 lr 0.08306559326618262 acc 46.88% eta 0:40:13
2023-04-14 00:35:45,631 - __main__ - INFO - [INFO] 2023-04-14 00:35:45.631029 Epoch [28/100] batch [385/391] loss 2.3457 lr 0.08306559326618262 acc 41.41% eta 0:40:00
2023-04-14 00:35:46,240 - __main__ - INFO - Computing epoch 28 validation accuracy...
2023-04-14 00:35:49,645 - __main__ - INFO - Computing epoch 28 validation loss...
2023-04-14 00:35:53,167 - __main__ - INFO - [INFO] 2023-04-14 00:35:53.167793 Epoch [29/100] batch [1/391] loss 2.2422 lr 0.08187119948743452 acc 32.81% eta 0:41:43
2023-04-14 00:36:07,037 - __main__ - INFO - [INFO] 2023-04-14 00:36:07.037590 Epoch [29/100] batch [129/391] loss 2.0176 lr 0.08187119948743452 acc 49.22% eta 0:40:24
2023-04-14 00:36:20,864 - __main__ - INFO - [INFO] 2023-04-14 00:36:20.864260 Epoch [29/100] batch [257/391] loss 2.6152 lr 0.08187119948743452 acc 43.75% eta 0:40:00
2023-04-14 00:36:34,516 - __main__ - INFO - [INFO] 2023-04-14 00:36:34.516782 Epoch [29/100] batch [385/391] loss 2.5000 lr 0.08187119948743452 acc 32.81% eta 0:39:34
2023-04-14 00:36:35,122 - __main__ - INFO - Computing epoch 29 validation accuracy...
2023-04-14 00:36:38,569 - __main__ - INFO - Computing epoch 29 validation loss...
2023-04-14 00:36:42,056 - __main__ - INFO - [INFO] 2023-04-14 00:36:42.056757 Epoch [30/100] batch [1/391] loss 2.1875 lr 0.08064535268264886 acc 33.59% eta 0:43:19
2023-04-14 00:36:55,856 - __main__ - INFO - [INFO] 2023-04-14 00:36:55.856523 Epoch [30/100] batch [129/391] loss 2.2051 lr 0.08064535268264886 acc 38.28% eta 0:39:36
2023-04-14 00:37:09,636 - __main__ - INFO - [INFO] 2023-04-14 00:37:09.636390 Epoch [30/100] batch [257/391] loss 2.5371 lr 0.08064535268264886 acc 35.16% eta 0:39:23
2023-04-14 00:37:23,408 - __main__ - INFO - [INFO] 2023-04-14 00:37:23.408442 Epoch [30/100] batch [385/391] loss 2.2383 lr 0.08064535268264886 acc 35.94% eta 0:39:05
2023-04-14 00:37:24,029 - __main__ - INFO - Computing epoch 30 validation accuracy...
2023-04-14 00:37:27,500 - __main__ - INFO - Computing epoch 30 validation loss...
2023-04-14 00:37:31,068 - __main__ - INFO - [INFO] 2023-04-14 00:37:31.067979 Epoch [31/100] batch [1/391] loss 2.4746 lr 0.0793892626146237 acc 41.41% eta 0:42:19
2023-04-14 00:37:44,829 - __main__ - INFO - [INFO] 2023-04-14 00:37:44.829429 Epoch [31/100] batch [129/391] loss 2.3398 lr 0.0793892626146237 acc 37.50% eta 0:38:48
2023-04-14 00:37:58,614 - __main__ - INFO - [INFO] 2023-04-14 00:37:58.614583 Epoch [31/100] batch [257/391] loss 2.2129 lr 0.0793892626146237 acc 37.50% eta 0:38:35
2023-04-14 00:38:12,422 - __main__ - INFO - [INFO] 2023-04-14 00:38:12.421953 Epoch [31/100] batch [385/391] loss 2.5957 lr 0.0793892626146237 acc 26.56% eta 0:38:24
2023-04-14 00:38:13,028 - __main__ - INFO - Computing epoch 31 validation accuracy...
2023-04-14 00:38:16,524 - __main__ - INFO - Computing epoch 31 validation loss...
2023-04-14 00:38:20,054 - __main__ - INFO - [INFO] 2023-04-14 00:38:20.054298 Epoch [32/100] batch [1/391] loss 2.0410 lr 0.07810416889260657 acc 43.75% eta 0:44:12
2023-04-14 00:38:33,883 - __main__ - INFO - [INFO] 2023-04-14 00:38:33.883568 Epoch [32/100] batch [129/391] loss 2.3672 lr 0.07810416889260657 acc 38.28% eta 0:38:40
2023-04-14 00:38:47,747 - __main__ - INFO - [INFO] 2023-04-14 00:38:47.747420 Epoch [32/100] batch [257/391] loss 2.2793 lr 0.07810416889260657 acc 30.47% eta 0:38:24
2023-04-14 00:39:01,394 - __main__ - INFO - [INFO] 2023-04-14 00:39:01.394601 Epoch [32/100] batch [385/391] loss 2.1680 lr 0.07810416889260657 acc 39.06% eta 0:37:56
2023-04-14 00:39:02,013 - __main__ - INFO - Computing epoch 32 validation accuracy...
2023-04-14 00:39:05,485 - __main__ - INFO - Computing epoch 32 validation loss...
2023-04-14 00:39:08,935 - __main__ - INFO - [INFO] 2023-04-14 00:39:08.935359 Epoch [33/100] batch [1/391] loss 2.2344 lr 0.07679133974894986 acc 39.06% eta 0:41:41
2023-04-14 00:39:23,026 - __main__ - INFO - [INFO] 2023-04-14 00:39:23.025676 Epoch [33/100] batch [129/391] loss 2.2031 lr 0.07679133974894986 acc 45.31% eta 0:39:05
2023-04-14 00:39:36,921 - __main__ - INFO - [INFO] 2023-04-14 00:39:36.921685 Epoch [33/100] batch [257/391] loss 2.0059 lr 0.07679133974894986 acc 47.66% eta 0:38:25
2023-04-14 00:39:50,800 - __main__ - INFO - [INFO] 2023-04-14 00:39:50.800506 Epoch [33/100] batch [385/391] loss 2.2305 lr 0.07679133974894986 acc 41.41% eta 0:38:02
2023-04-14 00:39:51,427 - __main__ - INFO - Computing epoch 33 validation accuracy...
2023-04-14 00:39:54,844 - __main__ - INFO - Computing epoch 33 validation loss...
2023-04-14 00:39:58,351 - __main__ - INFO - [INFO] 2023-04-14 00:39:58.351707 Epoch [34/100] batch [1/391] loss 1.9990 lr 0.0754520707875186 acc 39.84% eta 0:39:35
2023-04-14 00:40:12,129 - __main__ - INFO - [INFO] 2023-04-14 00:40:12.129187 Epoch [34/100] batch [129/391] loss 2.2988 lr 0.0754520707875186 acc 43.75% eta 0:37:20
2023-04-14 00:40:25,996 - __main__ - INFO - [INFO] 2023-04-14 00:40:25.996669 Epoch [34/100] batch [257/391] loss 2.1738 lr 0.0754520707875186 acc 40.62% eta 0:37:12
2023-04-14 00:40:39,789 - __main__ - INFO - [INFO] 2023-04-14 00:40:39.788885 Epoch [34/100] batch [385/391] loss 2.5352 lr 0.0754520707875186 acc 28.12% eta 0:36:53
2023-04-14 00:40:40,403 - __main__ - INFO - Computing epoch 34 validation accuracy...
2023-04-14 00:40:43,812 - __main__ - INFO - Computing epoch 34 validation loss...
2023-04-14 00:40:47,325 - __main__ - INFO - [INFO] 2023-04-14 00:40:47.324865 Epoch [35/100] batch [1/391] loss 2.1895 lr 0.0740876837050858 acc 42.19% eta 0:39:46
2023-04-14 00:41:01,135 - __main__ - INFO - [INFO] 2023-04-14 00:41:01.135786 Epoch [35/100] batch [129/391] loss 2.0352 lr 0.0740876837050858 acc 46.88% eta 0:37:06
2023-04-14 00:41:14,771 - __main__ - INFO - [INFO] 2023-04-14 00:41:14.771203 Epoch [35/100] batch [257/391] loss 2.3047 lr 0.0740876837050858 acc 43.75% eta 0:36:15
2023-04-14 00:41:28,803 - __main__ - INFO - [INFO] 2023-04-14 00:41:28.803120 Epoch [35/100] batch [385/391] loss 2.3086 lr 0.0740876837050858 acc 44.53% eta 0:36:27
2023-04-14 00:41:29,449 - __main__ - INFO - Computing epoch 35 validation accuracy...
2023-04-14 00:41:32,883 - __main__ - INFO - Computing epoch 35 validation loss...
2023-04-14 00:41:36,404 - __main__ - INFO - [INFO] 2023-04-14 00:41:36.404185 Epoch [36/100] batch [1/391] loss 2.4668 lr 0.07269952498697738 acc 42.97% eta 0:39:34
2023-04-14 00:41:50,113 - __main__ - INFO - [INFO] 2023-04-14 00:41:50.113460 Epoch [36/100] batch [129/391] loss 2.2383 lr 0.07269952498697738 acc 39.84% eta 0:36:06
2023-04-14 00:42:03,828 - __main__ - INFO - [INFO] 2023-04-14 00:42:03.828238 Epoch [36/100] batch [257/391] loss 2.1328 lr 0.07269952498697738 acc 37.50% eta 0:35:40
2023-04-14 00:42:17,710 - __main__ - INFO - [INFO] 2023-04-14 00:42:17.710511 Epoch [36/100] batch [385/391] loss 2.1602 lr 0.07269952498697738 acc 45.31% eta 0:35:38
2023-04-14 00:42:18,310 - __main__ - INFO - Computing epoch 36 validation accuracy...
2023-04-14 00:42:21,594 - __main__ - INFO - Computing epoch 36 validation loss...
2023-04-14 00:42:25,063 - __main__ - INFO - [INFO] 2023-04-14 00:42:25.063318 Epoch [37/100] batch [1/391] loss 1.9385 lr 0.07128896457825366 acc 49.22% eta 0:37:18
2023-04-14 00:42:38,876 - __main__ - INFO - [INFO] 2023-04-14 00:42:38.876189 Epoch [37/100] batch [129/391] loss 1.8184 lr 0.07128896457825366 acc 48.44% eta 0:35:40
2023-04-14 00:42:52,845 - __main__ - INFO - [INFO] 2023-04-14 00:42:52.845341 Epoch [37/100] batch [257/391] loss 1.9609 lr 0.07128896457825366 acc 46.88% eta 0:35:52
2023-04-14 00:43:06,671 - __main__ - INFO - [INFO] 2023-04-14 00:43:06.671598 Epoch [37/100] batch [385/391] loss 2.1348 lr 0.07128896457825366 acc 43.75% eta 0:35:32
2023-04-14 00:43:07,296 - __main__ - INFO - Computing epoch 37 validation accuracy...
2023-04-14 00:43:10,757 - __main__ - INFO - Computing epoch 37 validation loss...
2023-04-14 00:43:14,195 - __main__ - INFO - [INFO] 2023-04-14 00:43:14.194881 Epoch [38/100] batch [1/391] loss 1.9619 lr 0.06985739453173906 acc 50.00% eta 0:38:01
2023-04-14 00:43:27,927 - __main__ - INFO - [INFO] 2023-04-14 00:43:27.927107 Epoch [38/100] batch [129/391] loss 2.0000 lr 0.06985739453173906 acc 51.56% eta 0:34:59
2023-04-14 00:43:41,615 - __main__ - INFO - [INFO] 2023-04-14 00:43:41.615647 Epoch [38/100] batch [257/391] loss 2.1426 lr 0.06985739453173906 acc 35.94% eta 0:34:35
2023-04-14 00:43:55,277 - __main__ - INFO - [INFO] 2023-04-14 00:43:55.277057 Epoch [38/100] batch [385/391] loss 1.7344 lr 0.06985739453173906 acc 53.91% eta 0:34:16
2023-04-14 00:43:55,913 - __main__ - INFO - Computing epoch 38 validation accuracy...
2023-04-14 00:43:59,378 - __main__ - INFO - Computing epoch 38 validation loss...
2023-04-14 00:44:02,916 - __main__ - INFO - [INFO] 2023-04-14 00:44:02.915978 Epoch [39/100] batch [1/391] loss 2.1562 lr 0.06840622763423394 acc 44.53% eta 0:40:31
2023-04-14 00:44:16,777 - __main__ - INFO - [INFO] 2023-04-14 00:44:16.777366 Epoch [39/100] batch [129/391] loss 2.3555 lr 0.06840622763423394 acc 43.75% eta 0:34:50
2023-04-14 00:44:30,523 - __main__ - INFO - [INFO] 2023-04-14 00:44:30.523789 Epoch [39/100] batch [257/391] loss 2.0137 lr 0.06840622763423394 acc 57.81% eta 0:34:23
2023-04-14 00:44:44,288 - __main__ - INFO - [INFO] 2023-04-14 00:44:44.288490 Epoch [39/100] batch [385/391] loss 1.9521 lr 0.06840622763423394 acc 48.44% eta 0:34:06
2023-04-14 00:44:44,921 - __main__ - INFO - Computing epoch 39 validation accuracy...
2023-04-14 00:44:48,401 - __main__ - INFO - Computing epoch 39 validation loss...
2023-04-14 00:44:51,973 - __main__ - INFO - [INFO] 2023-04-14 00:44:51.972965 Epoch [40/100] batch [1/391] loss 2.1641 lr 0.06693689601226462 acc 35.94% eta 0:34:53
2023-04-14 00:45:05,847 - __main__ - INFO - [INFO] 2023-04-14 00:45:05.846961 Epoch [40/100] batch [129/391] loss 1.9697 lr 0.06693689601226462 acc 44.53% eta 0:34:07
2023-04-14 00:45:19,631 - __main__ - INFO - [INFO] 2023-04-14 00:45:19.631247 Epoch [40/100] batch [257/391] loss 2.0273 lr 0.06693689601226462 acc 42.19% eta 0:33:42
2023-04-14 00:45:33,433 - __main__ - INFO - [INFO] 2023-04-14 00:45:33.433742 Epoch [40/100] batch [385/391] loss 2.0234 lr 0.06693689601226462 acc 50.78% eta 0:33:28
2023-04-14 00:45:34,048 - __main__ - INFO - Computing epoch 40 validation accuracy...
2023-04-14 00:45:37,394 - __main__ - INFO - Computing epoch 40 validation loss...
2023-04-14 00:45:40,963 - __main__ - INFO - [INFO] 2023-04-14 00:45:40.962874 Epoch [41/100] batch [1/391] loss 2.0410 lr 0.06545084971874741 acc 46.09% eta 0:37:02
2023-04-14 00:45:54,946 - __main__ - INFO - [INFO] 2023-04-14 00:45:54.946114 Epoch [41/100] batch [129/391] loss 2.1055 lr 0.06545084971874741 acc 40.62% eta 0:34:08
2023-04-14 00:46:09,137 - __main__ - INFO - [INFO] 2023-04-14 00:46:09.137229 Epoch [41/100] batch [257/391] loss 1.9775 lr 0.06545084971874741 acc 49.22% eta 0:34:14
2023-04-14 00:46:22,992 - __main__ - INFO - [INFO] 2023-04-14 00:46:22.992393 Epoch [41/100] batch [385/391] loss 2.0781 lr 0.06545084971874741 acc 43.75% eta 0:33:48
2023-04-14 00:46:23,618 - __main__ - INFO - Computing epoch 41 validation accuracy...
2023-04-14 00:46:27,134 - __main__ - INFO - Computing epoch 41 validation loss...
2023-04-14 00:46:30,747 - __main__ - INFO - [INFO] 2023-04-14 00:46:30.747307 Epoch [42/100] batch [1/391] loss 2.2148 lr 0.06394955530196152 acc 42.97% eta 0:37:14
2023-04-14 00:46:44,561 - __main__ - INFO - [INFO] 2023-04-14 00:46:44.561217 Epoch [42/100] batch [129/391] loss 1.9971 lr 0.06394955530196152 acc 47.66% eta 0:32:57
2023-04-14 00:46:58,580 - __main__ - INFO - [INFO] 2023-04-14 00:46:58.580029 Epoch [42/100] batch [257/391] loss 1.9307 lr 0.06394955530196152 acc 53.91% eta 0:32:59
2023-04-14 00:47:12,322 - __main__ - INFO - [INFO] 2023-04-14 00:47:12.322587 Epoch [42/100] batch [385/391] loss 2.4297 lr 0.06394955530196152 acc 42.19% eta 0:32:37
2023-04-14 00:47:12,940 - __main__ - INFO - Computing epoch 42 validation accuracy...
2023-04-14 00:47:16,299 - __main__ - INFO - Computing epoch 42 validation loss...
2023-04-14 00:47:19,969 - __main__ - INFO - [INFO] 2023-04-14 00:47:19.968773 Epoch [43/100] batch [1/391] loss 1.9629 lr 0.062434494358242776 acc 43.75% eta 0:35:32
2023-04-14 00:47:34,375 - __main__ - INFO - [INFO] 2023-04-14 00:47:34.375266 Epoch [43/100] batch [129/391] loss 2.0723 lr 0.062434494358242776 acc 44.53% eta 0:34:31
2023-04-14 00:47:48,163 - __main__ - INFO - [INFO] 2023-04-14 00:47:48.163365 Epoch [43/100] batch [257/391] loss 2.2090 lr 0.062434494358242776 acc 44.53% eta 0:33:06
2023-04-14 00:48:01,847 - __main__ - INFO - [INFO] 2023-04-14 00:48:01.847481 Epoch [43/100] batch [385/391] loss 1.7734 lr 0.062434494358242776 acc 50.00% eta 0:32:23
2023-04-14 00:48:02,457 - __main__ - INFO - Computing epoch 43 validation accuracy...
2023-04-14 00:48:06,030 - __main__ - INFO - Computing epoch 43 validation loss...
2023-04-14 00:48:09,526 - __main__ - INFO - [INFO] 2023-04-14 00:48:09.526068 Epoch [44/100] batch [1/391] loss 2.2949 lr 0.06090716206982718 acc 50.78% eta 0:34:17
2023-04-14 00:48:23,261 - __main__ - INFO - [INFO] 2023-04-14 00:48:23.261566 Epoch [44/100] batch [129/391] loss 2.0117 lr 0.06090716206982718 acc 39.84% eta 0:31:30
2023-04-14 00:48:36,975 - __main__ - INFO - [INFO] 2023-04-14 00:48:36.975419 Epoch [44/100] batch [257/391] loss 1.8496 lr 0.06090716206982718 acc 49.22% eta 0:31:12
2023-04-14 00:48:50,648 - __main__ - INFO - [INFO] 2023-04-14 00:48:50.648198 Epoch [44/100] batch [385/391] loss 1.9844 lr 0.06090716206982718 acc 49.22% eta 0:30:56
2023-04-14 00:48:51,261 - __main__ - INFO - Computing epoch 44 validation accuracy...
2023-04-14 00:48:54,640 - __main__ - INFO - Computing epoch 44 validation loss...
2023-04-14 00:48:58,120 - __main__ - INFO - [INFO] 2023-04-14 00:48:58.120515 Epoch [45/100] batch [1/391] loss 2.0547 lr 0.05936906572928628 acc 48.44% eta 0:34:52
2023-04-14 00:49:11,966 - __main__ - INFO - [INFO] 2023-04-14 00:49:11.966295 Epoch [45/100] batch [129/391] loss 1.9736 lr 0.05936906572928628 acc 48.44% eta 0:31:20
2023-04-14 00:49:25,734 - __main__ - INFO - [INFO] 2023-04-14 00:49:25.734587 Epoch [45/100] batch [257/391] loss 1.8594 lr 0.05936906572928628 acc 52.34% eta 0:30:56
2023-04-14 00:49:39,544 - __main__ - INFO - [INFO] 2023-04-14 00:49:39.543878 Epoch [45/100] batch [385/391] loss 1.7490 lr 0.05936906572928628 acc 45.31% eta 0:30:43
2023-04-14 00:49:40,171 - __main__ - INFO - Computing epoch 45 validation accuracy...
2023-04-14 00:49:43,553 - __main__ - INFO - Computing epoch 45 validation loss...
2023-04-14 00:49:46,962 - __main__ - INFO - [INFO] 2023-04-14 00:49:46.962396 Epoch [46/100] batch [1/391] loss 1.7578 lr 0.05782172325201159 acc 49.22% eta 0:32:04
2023-04-14 00:50:00,768 - __main__ - INFO - [INFO] 2023-04-14 00:50:00.768428 Epoch [46/100] batch [129/391] loss 1.6465 lr 0.05782172325201159 acc 58.59% eta 0:30:31
2023-04-14 00:50:14,471 - __main__ - INFO - [INFO] 2023-04-14 00:50:14.471392 Epoch [46/100] batch [257/391] loss 2.1328 lr 0.05782172325201159 acc 53.91% eta 0:30:08
2023-04-14 00:50:28,748 - __main__ - INFO - [INFO] 2023-04-14 00:50:28.747893 Epoch [46/100] batch [385/391] loss 1.7188 lr 0.05782172325201159 acc 55.47% eta 0:30:33
2023-04-14 00:50:29,358 - __main__ - INFO - Computing epoch 46 validation accuracy...
2023-04-14 00:50:32,812 - __main__ - INFO - Computing epoch 46 validation loss...
2023-04-14 00:50:36,340 - __main__ - INFO - [INFO] 2023-04-14 00:50:36.339961 Epoch [47/100] batch [1/391] loss 1.7256 lr 0.056266661678215264 acc 51.56% eta 0:36:06
2023-04-14 00:50:50,163 - __main__ - INFO - [INFO] 2023-04-14 00:50:50.163234 Epoch [47/100] batch [129/391] loss 2.0703 lr 0.056266661678215264 acc 53.91% eta 0:30:13
2023-04-14 00:51:04,009 - __main__ - INFO - [INFO] 2023-04-14 00:51:04.009338 Epoch [47/100] batch [257/391] loss 1.9189 lr 0.056266661678215264 acc 51.56% eta 0:29:50
2023-04-14 00:51:17,647 - __main__ - INFO - [INFO] 2023-04-14 00:51:17.647260 Epoch [47/100] batch [385/391] loss 1.8311 lr 0.056266661678215264 acc 55.47% eta 0:29:30
2023-04-14 00:51:18,259 - __main__ - INFO - Computing epoch 47 validation accuracy...
2023-04-14 00:51:21,749 - __main__ - INFO - Computing epoch 47 validation loss...
2023-04-14 00:51:25,233 - __main__ - INFO - [INFO] 2023-04-14 00:51:25.233172 Epoch [48/100] batch [1/391] loss 2.0312 lr 0.05470541566592575 acc 47.66% eta 0:33:34
2023-04-14 00:51:39,012 - __main__ - INFO - [INFO] 2023-04-14 00:51:39.012048 Epoch [48/100] batch [129/391] loss 1.7793 lr 0.05470541566592575 acc 52.34% eta 0:29:27
2023-04-14 00:51:52,930 - __main__ - INFO - [INFO] 2023-04-14 00:51:52.930269 Epoch [48/100] batch [257/391] loss 1.9102 lr 0.05470541566592575 acc 50.00% eta 0:29:21
2023-04-14 00:52:06,725 - __main__ - INFO - [INFO] 2023-04-14 00:52:06.725383 Epoch [48/100] batch [385/391] loss 2.0234 lr 0.05470541566592575 acc 43.75% eta 0:29:05
2023-04-14 00:52:07,405 - __main__ - INFO - Computing epoch 48 validation accuracy...
2023-04-14 00:52:10,775 - __main__ - INFO - Computing epoch 48 validation loss...
2023-04-14 00:52:14,319 - __main__ - INFO - [INFO] 2023-04-14 00:52:14.319456 Epoch [49/100] batch [1/391] loss 1.8438 lr 0.053139525976465714 acc 57.81% eta 0:32:44
2023-04-14 00:52:28,231 - __main__ - INFO - [INFO] 2023-04-14 00:52:28.231716 Epoch [49/100] batch [129/391] loss 1.7705 lr 0.053139525976465714 acc 54.69% eta 0:29:18
2023-04-14 00:52:41,960 - __main__ - INFO - [INFO] 2023-04-14 00:52:41.960385 Epoch [49/100] batch [257/391] loss 2.2051 lr 0.053139525976465714 acc 46.09% eta 0:28:41
2023-04-14 00:52:55,576 - __main__ - INFO - [INFO] 2023-04-14 00:52:55.576560 Epoch [49/100] batch [385/391] loss 1.9512 lr 0.053139525976465714 acc 43.75% eta 0:28:19
2023-04-14 00:52:56,193 - __main__ - INFO - Computing epoch 49 validation accuracy...
2023-04-14 00:52:59,607 - __main__ - INFO - Computing epoch 49 validation loss...
2023-04-14 00:53:03,113 - __main__ - INFO - [INFO] 2023-04-14 00:53:03.113007 Epoch [50/100] batch [1/391] loss 1.6816 lr 0.05157053795390645 acc 54.69% eta 0:30:56
2023-04-14 00:53:16,933 - __main__ - INFO - [INFO] 2023-04-14 00:53:16.933765 Epoch [50/100] batch [129/391] loss 1.7139 lr 0.05157053795390645 acc 57.03% eta 0:28:30
2023-04-14 00:53:30,621 - __main__ - INFO - [INFO] 2023-04-14 00:53:30.621376 Epoch [50/100] batch [257/391] loss 1.6572 lr 0.05157053795390645 acc 55.47% eta 0:28:00
2023-04-14 00:53:44,357 - __main__ - INFO - [INFO] 2023-04-14 00:53:44.357433 Epoch [50/100] batch [385/391] loss 1.8301 lr 0.05157053795390645 acc 59.38% eta 0:27:44
2023-04-14 00:53:44,972 - __main__ - INFO - Computing epoch 50 validation accuracy...
2023-04-14 00:53:48,340 - __main__ - INFO - Computing epoch 50 validation loss...
2023-04-14 00:53:51,912 - __main__ - INFO - [INFO] 2023-04-14 00:53:51.911893 Epoch [51/100] batch [1/391] loss 1.7041 lr 0.05000000000000004 acc 55.47% eta 0:31:53
2023-04-14 00:54:05,681 - __main__ - INFO - [INFO] 2023-04-14 00:54:05.681033 Epoch [51/100] batch [129/391] loss 1.5908 lr 0.05000000000000004 acc 65.62% eta 0:27:46
2023-04-14 00:54:19,024 - __main__ - INFO - [INFO] 2023-04-14 00:54:19.024831 Epoch [51/100] batch [257/391] loss 1.7217 lr 0.05000000000000004 acc 57.81% eta 0:27:10
2023-04-14 00:54:32,685 - __main__ - INFO - [INFO] 2023-04-14 00:54:32.685800 Epoch [51/100] batch [385/391] loss 1.7930 lr 0.05000000000000004 acc 48.44% eta 0:26:56
2023-04-14 00:54:33,303 - __main__ - INFO - Computing epoch 51 validation accuracy...
2023-04-14 00:54:36,673 - __main__ - INFO - Computing epoch 51 validation loss...
2023-04-14 00:54:40,163 - __main__ - INFO - [INFO] 2023-04-14 00:54:40.163158 Epoch [52/100] batch [1/391] loss 1.9170 lr 0.04842946204609362 acc 54.69% eta 0:30:36
2023-04-14 00:54:53,888 - __main__ - INFO - [INFO] 2023-04-14 00:54:53.888534 Epoch [52/100] batch [129/391] loss 1.6562 lr 0.04842946204609362 acc 55.47% eta 0:27:08
2023-04-14 00:55:07,913 - __main__ - INFO - [INFO] 2023-04-14 00:55:07.913438 Epoch [52/100] batch [257/391] loss 1.7227 lr 0.04842946204609362 acc 57.03% eta 0:27:20
2023-04-14 00:55:21,616 - __main__ - INFO - [INFO] 2023-04-14 00:55:21.616710 Epoch [52/100] batch [385/391] loss 1.7812 lr 0.04842946204609362 acc 53.91% eta 0:26:55
2023-04-14 00:55:22,233 - __main__ - INFO - Computing epoch 52 validation accuracy...
2023-04-14 00:55:25,580 - __main__ - INFO - Computing epoch 52 validation loss...
2023-04-14 00:55:29,193 - __main__ - INFO - [INFO] 2023-04-14 00:55:29.193499 Epoch [53/100] batch [1/391] loss 1.9971 lr 0.04686047402353437 acc 51.56% eta 0:40:05
2023-04-14 00:55:42,931 - __main__ - INFO - [INFO] 2023-04-14 00:55:42.931565 Epoch [53/100] batch [129/391] loss 1.8145 lr 0.04686047402353437 acc 53.91% eta 0:26:34
2023-04-14 00:55:56,631 - __main__ - INFO - [INFO] 2023-04-14 00:55:56.631411 Epoch [53/100] batch [257/391] loss 1.8965 lr 0.04686047402353437 acc 58.59% eta 0:26:14
2023-04-14 00:56:10,335 - __main__ - INFO - [INFO] 2023-04-14 00:56:10.335074 Epoch [53/100] batch [385/391] loss 1.4814 lr 0.04686047402353437 acc 62.50% eta 0:25:59
2023-04-14 00:56:10,993 - __main__ - INFO - Computing epoch 53 validation accuracy...
2023-04-14 00:56:14,417 - __main__ - INFO - Computing epoch 53 validation loss...
2023-04-14 00:56:17,877 - __main__ - INFO - [INFO] 2023-04-14 00:56:17.877081 Epoch [54/100] batch [1/391] loss 1.9453 lr 0.045294584334074316 acc 57.81% eta 0:29:00
2023-04-14 00:56:31,670 - __main__ - INFO - [INFO] 2023-04-14 00:56:31.670567 Epoch [54/100] batch [129/391] loss 1.6113 lr 0.045294584334074316 acc 68.75% eta 0:26:10
2023-04-14 00:56:45,526 - __main__ - INFO - [INFO] 2023-04-14 00:56:45.526142 Epoch [54/100] batch [257/391] loss 1.7695 lr 0.045294584334074316 acc 48.44% eta 0:25:58
2023-04-14 00:56:59,379 - __main__ - INFO - [INFO] 2023-04-14 00:56:59.379689 Epoch [54/100] batch [385/391] loss 1.8057 lr 0.045294584334074316 acc 50.00% eta 0:25:47
2023-04-14 00:56:59,986 - __main__ - INFO - Computing epoch 54 validation accuracy...
2023-04-14 00:57:03,352 - __main__ - INFO - Computing epoch 54 validation loss...
2023-04-14 00:57:06,887 - __main__ - INFO - [INFO] 2023-04-14 00:57:06.887287 Epoch [55/100] batch [1/391] loss 2.1035 lr 0.043733338321784825 acc 61.72% eta 0:27:45
2023-04-14 00:57:20,648 - __main__ - INFO - [INFO] 2023-04-14 00:57:20.648403 Epoch [55/100] batch [129/391] loss 1.7188 lr 0.043733338321784825 acc 56.25% eta 0:25:33
2023-04-14 00:57:34,481 - __main__ - INFO - [INFO] 2023-04-14 00:57:34.481417 Epoch [55/100] batch [257/391] loss 1.7607 lr 0.043733338321784825 acc 63.28% eta 0:25:22
2023-04-14 00:57:48,126 - __main__ - INFO - [INFO] 2023-04-14 00:57:48.126364 Epoch [55/100] batch [385/391] loss 1.4902 lr 0.043733338321784825 acc 56.25% eta 0:25:00
2023-04-14 00:57:48,736 - __main__ - INFO - Computing epoch 55 validation accuracy...
2023-04-14 00:57:52,535 - __main__ - INFO - Computing epoch 55 validation loss...
2023-04-14 00:57:56,194 - __main__ - INFO - [INFO] 2023-04-14 00:57:56.194552 Epoch [56/100] batch [1/391] loss 1.5547 lr 0.042178276747988484 acc 63.28% eta 0:29:37
2023-04-14 00:58:09,998 - __main__ - INFO - [INFO] 2023-04-14 00:58:09.997855 Epoch [56/100] batch [129/391] loss 1.9639 lr 0.042178276747988484 acc 53.91% eta 0:25:02
2023-04-14 00:58:23,670 - __main__ - INFO - [INFO] 2023-04-14 00:58:23.669917 Epoch [56/100] batch [257/391] loss 1.4756 lr 0.042178276747988484 acc 62.50% eta 0:24:38
2023-04-14 00:58:37,705 - __main__ - INFO - [INFO] 2023-04-14 00:58:37.705308 Epoch [56/100] batch [385/391] loss 1.7061 lr 0.042178276747988484 acc 57.03% eta 0:24:45
2023-04-14 00:58:38,320 - __main__ - INFO - Computing epoch 56 validation accuracy...
2023-04-14 00:58:41,701 - __main__ - INFO - Computing epoch 56 validation loss...
2023-04-14 00:58:45,244 - __main__ - INFO - [INFO] 2023-04-14 00:58:45.244471 Epoch [57/100] batch [1/391] loss 1.7998 lr 0.0406309342707138 acc 62.50% eta 0:27:38
2023-04-14 00:58:59,153 - __main__ - INFO - [INFO] 2023-04-14 00:58:59.152943 Epoch [57/100] batch [129/391] loss 1.9199 lr 0.0406309342707138 acc 60.16% eta 0:24:46
2023-04-14 00:59:12,804 - __main__ - INFO - [INFO] 2023-04-14 00:59:12.804249 Epoch [57/100] batch [257/391] loss 1.5742 lr 0.0406309342707138 acc 62.50% eta 0:24:05
2023-04-14 00:59:26,430 - __main__ - INFO - [INFO] 2023-04-14 00:59:26.430583 Epoch [57/100] batch [385/391] loss 1.8203 lr 0.0406309342707138 acc 58.59% eta 0:23:50
2023-04-14 00:59:27,058 - __main__ - INFO - Computing epoch 57 validation accuracy...
2023-04-14 00:59:30,424 - __main__ - INFO - Computing epoch 57 validation loss...
2023-04-14 00:59:34,004 - __main__ - INFO - [INFO] 2023-04-14 00:59:34.004347 Epoch [58/100] batch [1/391] loss 1.3545 lr 0.039092837930172916 acc 64.84% eta 0:25:35
2023-04-14 00:59:47,886 - __main__ - INFO - [INFO] 2023-04-14 00:59:47.886520 Epoch [58/100] batch [129/391] loss 1.5566 lr 0.039092837930172916 acc 58.59% eta 0:24:05
2023-04-14 01:00:01,601 - __main__ - INFO - [INFO] 2023-04-14 01:00:01.601694 Epoch [58/100] batch [257/391] loss 1.4629 lr 0.039092837930172916 acc 63.28% eta 0:23:39
2023-04-14 01:00:15,266 - __main__ - INFO - [INFO] 2023-04-14 01:00:15.266548 Epoch [58/100] batch [385/391] loss 1.7363 lr 0.039092837930172916 acc 52.34% eta 0:23:19
2023-04-14 01:00:15,887 - __main__ - INFO - Computing epoch 58 validation accuracy...
2023-04-14 01:00:19,652 - __main__ - INFO - Computing epoch 58 validation loss...
2023-04-14 01:00:23,172 - __main__ - INFO - [INFO] 2023-04-14 01:00:23.172671 Epoch [59/100] batch [1/391] loss 1.8242 lr 0.037565505641757285 acc 51.56% eta 0:26:59
2023-04-14 01:00:37,026 - __main__ - INFO - [INFO] 2023-04-14 01:00:37.026346 Epoch [59/100] batch [129/391] loss 1.0801 lr 0.037565505641757285 acc 69.53% eta 0:23:26
2023-04-14 01:00:50,699 - __main__ - INFO - [INFO] 2023-04-14 01:00:50.699222 Epoch [59/100] batch [257/391] loss 1.2822 lr 0.037565505641757285 acc 70.31% eta 0:22:56
2023-04-14 01:01:04,646 - __main__ - INFO - [INFO] 2023-04-14 01:01:04.646662 Epoch [59/100] batch [385/391] loss 1.7021 lr 0.037565505641757285 acc 60.16% eta 0:22:54
2023-04-14 01:01:05,288 - __main__ - INFO - Computing epoch 59 validation accuracy...
2023-04-14 01:01:08,732 - __main__ - INFO - Computing epoch 59 validation loss...
2023-04-14 01:01:12,270 - __main__ - INFO - [INFO] 2023-04-14 01:01:12.270368 Epoch [60/100] batch [1/391] loss 1.3359 lr 0.03605044469803857 acc 57.81% eta 0:26:17
2023-04-14 01:01:26,009 - __main__ - INFO - [INFO] 2023-04-14 01:01:26.009225 Epoch [60/100] batch [129/391] loss 1.5518 lr 0.03605044469803857 acc 63.28% eta 0:22:42
2023-04-14 01:01:39,755 - __main__ - INFO - [INFO] 2023-04-14 01:01:39.755754 Epoch [60/100] batch [257/391] loss 1.5068 lr 0.03605044469803857 acc 57.81% eta 0:22:26
2023-04-14 01:01:53,471 - __main__ - INFO - [INFO] 2023-04-14 01:01:53.471297 Epoch [60/100] batch [385/391] loss 1.3955 lr 0.03605044469803857 acc 66.41% eta 0:22:14
2023-04-14 01:01:54,073 - __main__ - INFO - Computing epoch 60 validation accuracy...
2023-04-14 01:01:57,503 - __main__ - INFO - Computing epoch 60 validation loss...
2023-04-14 01:02:00,981 - __main__ - INFO - [INFO] 2023-04-14 01:02:00.981619 Epoch [61/100] batch [1/391] loss 1.8535 lr 0.034549150281252675 acc 62.50% eta 0:25:22
2023-04-14 01:02:14,731 - __main__ - INFO - [INFO] 2023-04-14 01:02:14.731673 Epoch [61/100] batch [129/391] loss 1.2891 lr 0.034549150281252675 acc 68.75% eta 0:22:08
2023-04-14 01:02:28,509 - __main__ - INFO - [INFO] 2023-04-14 01:02:28.508955 Epoch [61/100] batch [257/391] loss 1.6279 lr 0.034549150281252675 acc 60.94% eta 0:21:56
2023-04-14 01:02:42,344 - __main__ - INFO - [INFO] 2023-04-14 01:02:42.344231 Epoch [61/100] batch [385/391] loss 1.5703 lr 0.034549150281252675 acc 60.16% eta 0:21:47
2023-04-14 01:02:42,954 - __main__ - INFO - Computing epoch 61 validation accuracy...
2023-04-14 01:02:46,354 - __main__ - INFO - Computing epoch 61 validation loss...
2023-04-14 01:02:49,884 - __main__ - INFO - [INFO] 2023-04-14 01:02:49.884249 Epoch [62/100] batch [1/391] loss 1.3799 lr 0.03306310398773546 acc 68.75% eta 0:22:40
2023-04-14 01:03:03,748 - __main__ - INFO - [INFO] 2023-04-14 01:03:03.747882 Epoch [62/100] batch [129/391] loss 1.2227 lr 0.03306310398773546 acc 64.06% eta 0:21:54
2023-04-14 01:03:17,429 - __main__ - INFO - [INFO] 2023-04-14 01:03:17.429583 Epoch [62/100] batch [257/391] loss 1.4814 lr 0.03306310398773546 acc 66.41% eta 0:21:25
2023-04-14 01:03:31,164 - __main__ - INFO - [INFO] 2023-04-14 01:03:31.164574 Epoch [62/100] batch [385/391] loss 1.6816 lr 0.03306310398773546 acc 57.81% eta 0:21:10
2023-04-14 01:03:31,782 - __main__ - INFO - Computing epoch 62 validation accuracy...
2023-04-14 01:03:35,174 - __main__ - INFO - Computing epoch 62 validation loss...
2023-04-14 01:03:38,692 - __main__ - INFO - [INFO] 2023-04-14 01:03:38.691904 Epoch [63/100] batch [1/391] loss 1.7314 lr 0.031593772365766146 acc 56.25% eta 0:24:03
2023-04-14 01:03:52,464 - __main__ - INFO - [INFO] 2023-04-14 01:03:52.464395 Epoch [63/100] batch [129/391] loss 1.6826 lr 0.031593772365766146 acc 58.59% eta 0:21:03
2023-04-14 01:04:06,212 - __main__ - INFO - [INFO] 2023-04-14 01:04:06.212604 Epoch [63/100] batch [257/391] loss 1.3857 lr 0.031593772365766146 acc 65.62% eta 0:20:47
2023-04-14 01:04:19,924 - __main__ - INFO - [INFO] 2023-04-14 01:04:19.924211 Epoch [63/100] batch [385/391] loss 1.4834 lr 0.031593772365766146 acc 64.84% eta 0:20:36
2023-04-14 01:04:20,537 - __main__ - INFO - Computing epoch 63 validation accuracy...
2023-04-14 01:04:23,985 - __main__ - INFO - Computing epoch 63 validation loss...
2023-04-14 01:04:27,603 - __main__ - INFO - [INFO] 2023-04-14 01:04:27.603392 Epoch [64/100] batch [1/391] loss 1.6572 lr 0.030142605468260992 acc 55.47% eta 0:22:17
2023-04-14 01:04:41,471 - __main__ - INFO - [INFO] 2023-04-14 01:04:41.471415 Epoch [64/100] batch [129/391] loss 1.1514 lr 0.030142605468260992 acc 75.00% eta 0:20:39
2023-04-14 01:04:55,262 - __main__ - INFO - [INFO] 2023-04-14 01:04:55.261831 Epoch [64/100] batch [257/391] loss 1.5049 lr 0.030142605468260992 acc 61.72% eta 0:20:18
2023-04-14 01:05:08,923 - __main__ - INFO - [INFO] 2023-04-14 01:05:08.923300 Epoch [64/100] batch [385/391] loss 1.2734 lr 0.030142605468260992 acc 61.72% eta 0:19:58
2023-04-14 01:05:09,529 - __main__ - INFO - Computing epoch 64 validation accuracy...
2023-04-14 01:05:12,976 - __main__ - INFO - Computing epoch 64 validation loss...
2023-04-14 01:05:16,392 - __main__ - INFO - [INFO] 2023-04-14 01:05:16.392176 Epoch [65/100] batch [1/391] loss 1.3779 lr 0.028711035421746394 acc 66.41% eta 0:22:03
2023-04-14 01:05:30,316 - __main__ - INFO - [INFO] 2023-04-14 01:05:30.316198 Epoch [65/100] batch [129/391] loss 1.6660 lr 0.028711035421746394 acc 61.72% eta 0:20:20
2023-04-14 01:05:44,121 - __main__ - INFO - [INFO] 2023-04-14 01:05:44.121399 Epoch [65/100] batch [257/391] loss 1.5352 lr 0.028711035421746394 acc 60.16% eta 0:19:58
2023-04-14 01:05:57,760 - __main__ - INFO - [INFO] 2023-04-14 01:05:57.760026 Epoch [65/100] batch [385/391] loss 1.4121 lr 0.028711035421746394 acc 64.84% eta 0:19:37
2023-04-14 01:05:58,384 - __main__ - INFO - Computing epoch 65 validation accuracy...
2023-04-14 01:06:01,836 - __main__ - INFO - Computing epoch 65 validation loss...
2023-04-14 01:06:05,320 - __main__ - INFO - [INFO] 2023-04-14 01:06:05.320022 Epoch [66/100] batch [1/391] loss 1.2373 lr 0.027300475013022688 acc 66.41% eta 0:20:46
2023-04-14 01:06:19,143 - __main__ - INFO - [INFO] 2023-04-14 01:06:19.143276 Epoch [66/100] batch [129/391] loss 1.2842 lr 0.027300475013022688 acc 72.66% eta 0:19:25
2023-04-14 01:06:33,361 - __main__ - INFO - [INFO] 2023-04-14 01:06:33.361652 Epoch [66/100] batch [257/391] loss 1.5098 lr 0.027300475013022688 acc 60.94% eta 0:19:39
2023-04-14 01:06:47,197 - __main__ - INFO - [INFO] 2023-04-14 01:06:47.196889 Epoch [66/100] batch [385/391] loss 1.3174 lr 0.027300475013022688 acc 64.06% eta 0:19:20
2023-04-14 01:06:47,822 - __main__ - INFO - Computing epoch 66 validation accuracy...
2023-04-14 01:06:51,258 - __main__ - INFO - Computing epoch 66 validation loss...
2023-04-14 01:06:54,774 - __main__ - INFO - [INFO] 2023-04-14 01:06:54.773728 Epoch [67/100] batch [1/391] loss 1.4014 lr 0.025912316294914254 acc 70.31% eta 0:21:21
2023-04-14 01:07:08,598 - __main__ - INFO - [INFO] 2023-04-14 01:07:08.598263 Epoch [67/100] batch [129/391] loss 1.4082 lr 0.025912316294914254 acc 63.28% eta 0:19:00
2023-04-14 01:07:22,444 - __main__ - INFO - [INFO] 2023-04-14 01:07:22.443980 Epoch [67/100] batch [257/391] loss 1.3711 lr 0.025912316294914254 acc 70.31% eta 0:18:48
2023-04-14 01:07:36,395 - __main__ - INFO - [INFO] 2023-04-14 01:07:36.395744 Epoch [67/100] batch [385/391] loss 1.4131 lr 0.025912316294914254 acc 67.19% eta 0:18:37
2023-04-14 01:07:37,010 - __main__ - INFO - Computing epoch 67 validation accuracy...
2023-04-14 01:07:40,394 - __main__ - INFO - Computing epoch 67 validation loss...
2023-04-14 01:07:43,869 - __main__ - INFO - [INFO] 2023-04-14 01:07:43.869610 Epoch [68/100] batch [1/391] loss 1.4014 lr 0.02454792921248146 acc 60.16% eta 0:19:31
2023-04-14 01:07:57,612 - __main__ - INFO - [INFO] 2023-04-14 01:07:57.612061 Epoch [68/100] batch [129/391] loss 1.2500 lr 0.02454792921248146 acc 71.88% eta 0:18:11
2023-04-14 01:08:11,276 - __main__ - INFO - [INFO] 2023-04-14 01:08:11.276279 Epoch [68/100] batch [257/391] loss 1.1953 lr 0.02454792921248146 acc 64.84% eta 0:17:50
2023-04-14 01:08:25,014 - __main__ - INFO - [INFO] 2023-04-14 01:08:25.014443 Epoch [68/100] batch [385/391] loss 1.0332 lr 0.02454792921248146 acc 75.78% eta 0:17:41
2023-04-14 01:08:25,646 - __main__ - INFO - Computing epoch 68 validation accuracy...
2023-04-14 01:08:29,074 - __main__ - INFO - Computing epoch 68 validation loss...
2023-04-14 01:08:32,558 - __main__ - INFO - [INFO] 2023-04-14 01:08:32.557868 Epoch [69/100] batch [1/391] loss 1.0781 lr 0.02320866025105018 acc 76.56% eta 0:19:43
2023-04-14 01:08:46,422 - __main__ - INFO - [INFO] 2023-04-14 01:08:46.421857 Epoch [69/100] batch [129/391] loss 1.3105 lr 0.02320866025105018 acc 67.19% eta 0:17:55
2023-04-14 01:09:00,158 - __main__ - INFO - [INFO] 2023-04-14 01:09:00.157807 Epoch [69/100] batch [257/391] loss 0.9756 lr 0.02320866025105018 acc 78.12% eta 0:17:33
2023-04-14 01:09:13,912 - __main__ - INFO - [INFO] 2023-04-14 01:09:13.911969 Epoch [69/100] batch [385/391] loss 1.2607 lr 0.02320866025105018 acc 75.78% eta 0:17:17
2023-04-14 01:09:14,527 - __main__ - INFO - Computing epoch 69 validation accuracy...
2023-04-14 01:09:17,914 - __main__ - INFO - Computing epoch 69 validation loss...
2023-04-14 01:09:21,393 - __main__ - INFO - [INFO] 2023-04-14 01:09:21.393542 Epoch [70/100] batch [1/391] loss 1.2744 lr 0.021895831107393487 acc 68.75% eta 0:19:21
2023-04-14 01:09:35,305 - __main__ - INFO - [INFO] 2023-04-14 01:09:35.304920 Epoch [70/100] batch [129/391] loss 1.3936 lr 0.021895831107393487 acc 64.84% eta 0:17:30
2023-04-14 01:09:49,007 - __main__ - INFO - [INFO] 2023-04-14 01:09:49.006815 Epoch [70/100] batch [257/391] loss 1.1309 lr 0.021895831107393487 acc 73.44% eta 0:16:59
2023-04-14 01:10:02,759 - __main__ - INFO - [INFO] 2023-04-14 01:10:02.759256 Epoch [70/100] batch [385/391] loss 1.1123 lr 0.021895831107393487 acc 74.22% eta 0:16:45
2023-04-14 01:10:03,385 - __main__ - INFO - Computing epoch 70 validation accuracy...
2023-04-14 01:10:06,898 - __main__ - INFO - Computing epoch 70 validation loss...
2023-04-14 01:10:10,517 - __main__ - INFO - [INFO] 2023-04-14 01:10:10.517041 Epoch [71/100] batch [1/391] loss 1.0635 lr 0.02061073738537637 acc 71.09% eta 0:20:21
2023-04-14 01:10:24,457 - __main__ - INFO - [INFO] 2023-04-14 01:10:24.456900 Epoch [71/100] batch [129/391] loss 0.9927 lr 0.02061073738537637 acc 75.00% eta 0:16:56
2023-04-14 01:10:38,175 - __main__ - INFO - [INFO] 2023-04-14 01:10:38.175396 Epoch [71/100] batch [257/391] loss 1.1504 lr 0.02061073738537637 acc 67.19% eta 0:16:30
2023-04-14 01:10:51,993 - __main__ - INFO - [INFO] 2023-04-14 01:10:51.993226 Epoch [71/100] batch [385/391] loss 1.2295 lr 0.02061073738537637 acc 72.66% eta 0:16:16
2023-04-14 01:10:52,604 - __main__ - INFO - Computing epoch 71 validation accuracy...
2023-04-14 01:10:56,027 - __main__ - INFO - Computing epoch 71 validation loss...
2023-04-14 01:10:59,508 - __main__ - INFO - [INFO] 2023-04-14 01:10:59.508913 Epoch [72/100] batch [1/391] loss 1.3604 lr 0.01935464731735119 acc 73.44% eta 0:17:36
2023-04-14 01:11:13,343 - __main__ - INFO - [INFO] 2023-04-14 01:11:13.343155 Epoch [72/100] batch [129/391] loss 1.2979 lr 0.01935464731735119 acc 71.88% eta 0:16:07
2023-04-14 01:11:27,280 - __main__ - INFO - [INFO] 2023-04-14 01:11:27.280763 Epoch [72/100] batch [257/391] loss 1.4512 lr 0.01935464731735119 acc 67.97% eta 0:15:58
2023-04-14 01:11:41,027 - __main__ - INFO - [INFO] 2023-04-14 01:11:41.026995 Epoch [72/100] batch [385/391] loss 1.3359 lr 0.01935464731735119 acc 67.19% eta 0:15:43
2023-04-14 01:11:41,646 - __main__ - INFO - Computing epoch 72 validation accuracy...
2023-04-14 01:11:45,146 - __main__ - INFO - Computing epoch 72 validation loss...
2023-04-14 01:11:48,622 - __main__ - INFO - [INFO] 2023-04-14 01:11:48.622029 Epoch [73/100] batch [1/391] loss 1.5977 lr 0.018128800512565532 acc 69.53% eta 0:17:45
2023-04-14 01:12:02,449 - __main__ - INFO - [INFO] 2023-04-14 01:12:02.448903 Epoch [73/100] batch [129/391] loss 0.9741 lr 0.018128800512565532 acc 75.78% eta 0:15:32
2023-04-14 01:12:16,131 - __main__ - INFO - [INFO] 2023-04-14 01:12:16.131759 Epoch [73/100] batch [257/391] loss 0.9800 lr 0.018128800512565532 acc 77.34% eta 0:15:15
2023-04-14 01:12:29,795 - __main__ - INFO - [INFO] 2023-04-14 01:12:29.795729 Epoch [73/100] batch [385/391] loss 1.4111 lr 0.018128800512565532 acc 71.88% eta 0:14:59
2023-04-14 01:12:30,401 - __main__ - INFO - Computing epoch 73 validation accuracy...
2023-04-14 01:12:33,820 - __main__ - INFO - Computing epoch 73 validation loss...
2023-04-14 01:12:37,354 - __main__ - INFO - [INFO] 2023-04-14 01:12:37.354681 Epoch [74/100] batch [1/391] loss 1.6094 lr 0.016934406733817433 acc 71.09% eta 0:16:28
2023-04-14 01:12:51,205 - __main__ - INFO - [INFO] 2023-04-14 01:12:51.205436 Epoch [74/100] batch [129/391] loss 1.0908 lr 0.016934406733817433 acc 74.22% eta 0:15:04
2023-04-14 01:13:04,811 - __main__ - INFO - [INFO] 2023-04-14 01:13:04.811762 Epoch [74/100] batch [257/391] loss 1.0029 lr 0.016934406733817433 acc 77.34% eta 0:14:39
2023-04-14 01:13:18,496 - __main__ - INFO - [INFO] 2023-04-14 01:13:18.496460 Epoch [74/100] batch [385/391] loss 0.7412 lr 0.016934406733817433 acc 82.81% eta 0:14:29
2023-04-14 01:13:19,110 - __main__ - INFO - Computing epoch 74 validation accuracy...
2023-04-14 01:13:22,529 - __main__ - INFO - Computing epoch 74 validation loss...
2023-04-14 01:13:26,033 - __main__ - INFO - [INFO] 2023-04-14 01:13:26.033269 Epoch [75/100] batch [1/391] loss 0.9556 lr 0.01577264470356558 acc 78.12% eta 0:15:21
2023-04-14 01:13:39,818 - __main__ - INFO - [INFO] 2023-04-14 01:13:39.818380 Epoch [75/100] batch [129/391] loss 1.0078 lr 0.01577264470356558 acc 75.00% eta 0:14:36
2023-04-14 01:13:53,514 - __main__ - INFO - [INFO] 2023-04-14 01:13:53.514529 Epoch [75/100] batch [257/391] loss 0.9287 lr 0.01577264470356558 acc 78.12% eta 0:14:16
2023-04-14 01:14:07,345 - __main__ - INFO - [INFO] 2023-04-14 01:14:07.345741 Epoch [75/100] batch [385/391] loss 1.2139 lr 0.01577264470356558 acc 75.00% eta 0:14:06
2023-04-14 01:14:07,967 - __main__ - INFO - Computing epoch 75 validation accuracy...
2023-04-14 01:14:11,345 - __main__ - INFO - Computing epoch 75 validation loss...
2023-04-14 01:14:14,747 - __main__ - INFO - [INFO] 2023-04-14 01:14:14.747713 Epoch [76/100] batch [1/391] loss 1.5840 lr 0.014644660940672643 acc 70.31% eta 0:15:31
2023-04-14 01:14:28,608 - __main__ - INFO - [INFO] 2023-04-14 01:14:28.608534 Epoch [76/100] batch [129/391] loss 1.0020 lr 0.014644660940672643 acc 76.56% eta 0:13:58
2023-04-14 01:14:42,353 - __main__ - INFO - [INFO] 2023-04-14 01:14:42.353688 Epoch [76/100] batch [257/391] loss 1.0820 lr 0.014644660940672643 acc 74.22% eta 0:13:39
2023-04-14 01:14:56,181 - __main__ - INFO - [INFO] 2023-04-14 01:14:56.181190 Epoch [76/100] batch [385/391] loss 0.9609 lr 0.014644660940672643 acc 76.56% eta 0:13:30
2023-04-14 01:14:56,803 - __main__ - INFO - Computing epoch 76 validation accuracy...
2023-04-14 01:15:00,197 - __main__ - INFO - Computing epoch 76 validation loss...
2023-04-14 01:15:03,655 - __main__ - INFO - [INFO] 2023-04-14 01:15:03.655926 Epoch [77/100] batch [1/391] loss 1.5850 lr 0.013551568628929448 acc 71.88% eta 0:14:49
2023-04-14 01:15:17,413 - __main__ - INFO - [INFO] 2023-04-14 01:15:17.413078 Epoch [77/100] batch [129/391] loss 0.7588 lr 0.013551568628929448 acc 78.12% eta 0:13:24
2023-04-14 01:15:31,284 - __main__ - INFO - [INFO] 2023-04-14 01:15:31.284072 Epoch [77/100] batch [257/391] loss 1.1562 lr 0.013551568628929448 acc 72.66% eta 0:13:11
2023-04-14 01:15:45,045 - __main__ - INFO - [INFO] 2023-04-14 01:15:45.045188 Epoch [77/100] batch [385/391] loss 0.8662 lr 0.013551568628929448 acc 82.03% eta 0:12:55
2023-04-14 01:15:45,782 - __main__ - INFO - Computing epoch 77 validation accuracy...
2023-04-14 01:15:49,454 - __main__ - INFO - Computing epoch 77 validation loss...
2023-04-14 01:15:52,943 - __main__ - INFO - [INFO] 2023-04-14 01:15:52.943463 Epoch [78/100] batch [1/391] loss 0.6865 lr 0.012494446518477033 acc 82.81% eta 0:14:11
2023-04-14 01:16:06,811 - __main__ - INFO - [INFO] 2023-04-14 01:16:06.810683 Epoch [78/100] batch [129/391] loss 1.0000 lr 0.012494446518477033 acc 77.34% eta 0:12:52
2023-04-14 01:16:20,398 - __main__ - INFO - [INFO] 2023-04-14 01:16:20.398362 Epoch [78/100] batch [257/391] loss 1.0029 lr 0.012494446518477033 acc 73.44% eta 0:12:30
2023-04-14 01:16:34,000 - __main__ - INFO - [INFO] 2023-04-14 01:16:34.000525 Epoch [78/100] batch [385/391] loss 0.9023 lr 0.012494446518477033 acc 77.34% eta 0:12:16
2023-04-14 01:16:34,601 - __main__ - INFO - Computing epoch 78 validation accuracy...
2023-04-14 01:16:37,984 - __main__ - INFO - Computing epoch 78 validation loss...
2023-04-14 01:16:41,360 - __main__ - INFO - [INFO] 2023-04-14 01:16:41.360257 Epoch [79/100] batch [1/391] loss 0.8765 lr 0.011474337861210555 acc 79.69% eta 0:12:52
2023-04-14 01:16:55,111 - __main__ - INFO - [INFO] 2023-04-14 01:16:55.111238 Epoch [79/100] batch [129/391] loss 0.8027 lr 0.011474337861210555 acc 84.38% eta 0:12:12
2023-04-14 01:17:09,011 - __main__ - INFO - [INFO] 2023-04-14 01:17:09.011326 Epoch [79/100] batch [257/391] loss 1.0107 lr 0.011474337861210555 acc 78.12% eta 0:12:02
2023-04-14 01:17:22,698 - __main__ - INFO - [INFO] 2023-04-14 01:17:22.698577 Epoch [79/100] batch [385/391] loss 0.8496 lr 0.011474337861210555 acc 82.03% eta 0:11:48
2023-04-14 01:17:23,314 - __main__ - INFO - Computing epoch 79 validation accuracy...
2023-04-14 01:17:26,731 - __main__ - INFO - Computing epoch 79 validation loss...
2023-04-14 01:17:30,202 - __main__ - INFO - [INFO] 2023-04-14 01:17:30.202384 Epoch [80/100] batch [1/391] loss 1.2314 lr 0.01049224938121549 acc 81.25% eta 0:12:46
2023-04-14 01:17:43,901 - __main__ - INFO - [INFO] 2023-04-14 01:17:43.901374 Epoch [80/100] batch [129/391] loss 0.8809 lr 0.01049224938121549 acc 79.69% eta 0:11:34
2023-04-14 01:17:57,485 - __main__ - INFO - [INFO] 2023-04-14 01:17:57.484953 Epoch [80/100] batch [257/391] loss 0.8965 lr 0.01049224938121549 acc 82.03% eta 0:11:17
2023-04-14 01:18:11,243 - __main__ - INFO - [INFO] 2023-04-14 01:18:11.243052 Epoch [80/100] batch [385/391] loss 0.9053 lr 0.01049224938121549 acc 78.12% eta 0:11:07
2023-04-14 01:18:11,855 - __main__ - INFO - Computing epoch 80 validation accuracy...
2023-04-14 01:18:15,263 - __main__ - INFO - Computing epoch 80 validation loss...
2023-04-14 01:18:18,782 - __main__ - INFO - [INFO] 2023-04-14 01:18:18.782325 Epoch [81/100] batch [1/391] loss 1.0928 lr 0.009549150281252642 acc 82.03% eta 0:12:41
2023-04-14 01:18:32,537 - __main__ - INFO - [INFO] 2023-04-14 01:18:32.537773 Epoch [81/100] batch [129/391] loss 0.8843 lr 0.009549150281252642 acc 81.25% eta 0:11:06
2023-04-14 01:18:46,267 - __main__ - INFO - [INFO] 2023-04-14 01:18:46.267163 Epoch [81/100] batch [257/391] loss 0.8672 lr 0.009549150281252642 acc 85.94% eta 0:10:53
2023-04-14 01:18:59,994 - __main__ - INFO - [INFO] 2023-04-14 01:18:59.994036 Epoch [81/100] batch [385/391] loss 1.1299 lr 0.009549150281252642 acc 78.91% eta 0:10:40
2023-04-14 01:19:00,604 - __main__ - INFO - Computing epoch 81 validation accuracy...
2023-04-14 01:19:03,909 - __main__ - INFO - Computing epoch 81 validation loss...
2023-04-14 01:19:07,282 - __main__ - INFO - [INFO] 2023-04-14 01:19:07.282334 Epoch [82/100] batch [1/391] loss 0.7441 lr 0.008645971286271922 acc 82.03% eta 0:11:14
2023-04-14 01:19:21,153 - __main__ - INFO - [INFO] 2023-04-14 01:19:21.152960 Epoch [82/100] batch [129/391] loss 0.7412 lr 0.008645971286271922 acc 79.69% eta 0:10:48
2023-04-14 01:19:34,794 - __main__ - INFO - [INFO] 2023-04-14 01:19:34.793978 Epoch [82/100] batch [257/391] loss 0.7056 lr 0.008645971286271922 acc 83.59% eta 0:10:26
2023-04-14 01:19:48,637 - __main__ - INFO - [INFO] 2023-04-14 01:19:48.637206 Epoch [82/100] batch [385/391] loss 0.7007 lr 0.008645971286271922 acc 82.81% eta 0:10:12
2023-04-14 01:19:49,245 - __main__ - INFO - Computing epoch 82 validation accuracy...
2023-04-14 01:19:52,680 - __main__ - INFO - Computing epoch 82 validation loss...
2023-04-14 01:19:56,232 - __main__ - INFO - [INFO] 2023-04-14 01:19:56.232263 Epoch [83/100] batch [1/391] loss 1.1465 lr 0.007783603724899264 acc 83.59% eta 0:10:20
2023-04-14 01:20:09,991 - __main__ - INFO - [INFO] 2023-04-14 01:20:09.991648 Epoch [83/100] batch [129/391] loss 0.8804 lr 0.007783603724899264 acc 78.12% eta 0:09:53
2023-04-14 01:20:23,776 - __main__ - INFO - [INFO] 2023-04-14 01:20:23.776407 Epoch [83/100] batch [257/391] loss 0.5972 lr 0.007783603724899264 acc 86.72% eta 0:09:42
2023-04-14 01:20:37,444 - __main__ - INFO - [INFO] 2023-04-14 01:20:37.444199 Epoch [83/100] batch [385/391] loss 0.6919 lr 0.007783603724899264 acc 84.38% eta 0:09:31
2023-04-14 01:20:38,062 - __main__ - INFO - Computing epoch 83 validation accuracy...
2023-04-14 01:20:41,504 - __main__ - INFO - Computing epoch 83 validation loss...
2023-04-14 01:20:45,103 - __main__ - INFO - [INFO] 2023-04-14 01:20:45.103575 Epoch [84/100] batch [1/391] loss 1.0049 lr 0.006962898649802819 acc 80.47% eta 0:11:36
2023-04-14 01:20:59,090 - __main__ - INFO - [INFO] 2023-04-14 01:20:59.090543 Epoch [84/100] batch [129/391] loss 0.5713 lr 0.006962898649802819 acc 85.16% eta 0:09:40
2023-04-14 01:21:12,867 - __main__ - INFO - [INFO] 2023-04-14 01:21:12.867499 Epoch [84/100] batch [257/391] loss 0.6714 lr 0.006962898649802819 acc 84.38% eta 0:09:18
2023-04-14 01:21:26,563 - __main__ - INFO - [INFO] 2023-04-14 01:21:26.563183 Epoch [84/100] batch [385/391] loss 0.6948 lr 0.006962898649802819 acc 89.06% eta 0:09:01
2023-04-14 01:21:27,182 - __main__ - INFO - Computing epoch 84 validation accuracy...
2023-04-14 01:21:30,525 - __main__ - INFO - Computing epoch 84 validation loss...
2023-04-14 01:21:33,991 - __main__ - INFO - [INFO] 2023-04-14 01:21:33.991157 Epoch [85/100] batch [1/391] loss 0.9087 lr 0.0061846659978068265 acc 91.41% eta 0:09:33
2023-04-14 01:21:47,666 - __main__ - INFO - [INFO] 2023-04-14 01:21:47.665957 Epoch [85/100] batch [129/391] loss 0.6489 lr 0.0061846659978068265 acc 85.94% eta 0:08:43
2023-04-14 01:22:01,365 - __main__ - INFO - [INFO] 2023-04-14 01:22:01.365120 Epoch [85/100] batch [257/391] loss 0.6235 lr 0.0061846659978068265 acc 87.50% eta 0:08:29
2023-04-14 01:22:15,056 - __main__ - INFO - [INFO] 2023-04-14 01:22:15.056321 Epoch [85/100] batch [385/391] loss 0.6396 lr 0.0061846659978068265 acc 88.28% eta 0:08:18
2023-04-14 01:22:15,684 - __main__ - INFO - Computing epoch 85 validation accuracy...
2023-04-14 01:22:19,325 - __main__ - INFO - Computing epoch 85 validation loss...
2023-04-14 01:22:22,924 - __main__ - INFO - [INFO] 2023-04-14 01:22:22.924095 Epoch [86/100] batch [1/391] loss 0.5342 lr 0.005449673790581615 acc 89.84% eta 0:09:05
2023-04-14 01:22:36,880 - __main__ - INFO - [INFO] 2023-04-14 01:22:36.879854 Epoch [86/100] batch [129/391] loss 0.6045 lr 0.005449673790581615 acc 86.72% eta 0:08:23
2023-04-14 01:22:50,561 - __main__ - INFO - [INFO] 2023-04-14 01:22:50.561574 Epoch [86/100] batch [257/391] loss 0.5933 lr 0.005449673790581615 acc 84.38% eta 0:08:03
2023-04-14 01:23:04,326 - __main__ - INFO - [INFO] 2023-04-14 01:23:04.326311 Epoch [86/100] batch [385/391] loss 0.6465 lr 0.005449673790581615 acc 83.59% eta 0:07:50
2023-04-14 01:23:04,964 - __main__ - INFO - Computing epoch 86 validation accuracy...
2023-04-14 01:23:08,444 - __main__ - INFO - Computing epoch 86 validation loss...
2023-04-14 01:23:11,934 - __main__ - INFO - [INFO] 2023-04-14 01:23:11.934688 Epoch [87/100] batch [1/391] loss 0.6855 lr 0.004758647376699036 acc 89.06% eta 0:08:25
2023-04-14 01:23:25,624 - __main__ - INFO - [INFO] 2023-04-14 01:23:25.624740 Epoch [87/100] batch [129/391] loss 0.5859 lr 0.004758647376699036 acc 89.84% eta 0:07:36
2023-04-14 01:23:39,387 - __main__ - INFO - [INFO] 2023-04-14 01:23:39.386930 Epoch [87/100] batch [257/391] loss 0.6362 lr 0.004758647376699036 acc 86.72% eta 0:07:25
2023-04-14 01:23:53,094 - __main__ - INFO - [INFO] 2023-04-14 01:23:53.094395 Epoch [87/100] batch [385/391] loss 0.6011 lr 0.004758647376699036 acc 88.28% eta 0:07:13
2023-04-14 01:23:53,700 - __main__ - INFO - Computing epoch 87 validation accuracy...
2023-04-14 01:23:57,084 - __main__ - INFO - Computing epoch 87 validation loss...
2023-04-14 01:24:00,565 - __main__ - INFO - [INFO] 2023-04-14 01:24:00.565655 Epoch [88/100] batch [1/391] loss 0.3933 lr 0.004112268715800957 acc 91.41% eta 0:07:41
2023-04-14 01:24:14,256 - __main__ - INFO - [INFO] 2023-04-14 01:24:14.256335 Epoch [88/100] batch [129/391] loss 0.6514 lr 0.004112268715800957 acc 89.06% eta 0:07:02
2023-04-14 01:24:27,975 - __main__ - INFO - [INFO] 2023-04-14 01:24:27.975606 Epoch [88/100] batch [257/391] loss 0.5845 lr 0.004112268715800957 acc 85.16% eta 0:06:50
2023-04-14 01:24:41,770 - __main__ - INFO - [INFO] 2023-04-14 01:24:41.770299 Epoch [88/100] batch [385/391] loss 0.6494 lr 0.004112268715800957 acc 84.38% eta 0:06:40
2023-04-14 01:24:42,390 - __main__ - INFO - Computing epoch 88 validation accuracy...
2023-04-14 01:24:45,826 - __main__ - INFO - Computing epoch 88 validation loss...
2023-04-14 01:24:49,357 - __main__ - INFO - [INFO] 2023-04-14 01:24:49.357582 Epoch [89/100] batch [1/391] loss 0.5083 lr 0.003511175705587435 acc 89.06% eta 0:06:52
2023-04-14 01:25:03,255 - __main__ - INFO - [INFO] 2023-04-14 01:25:03.255352 Epoch [89/100] batch [129/391] loss 0.5718 lr 0.003511175705587435 acc 89.84% eta 0:06:38
2023-04-14 01:25:16,844 - __main__ - INFO - [INFO] 2023-04-14 01:25:16.843896 Epoch [89/100] batch [257/391] loss 0.3896 lr 0.003511175705587435 acc 90.62% eta 0:06:19
2023-04-14 01:25:30,519 - __main__ - INFO - [INFO] 2023-04-14 01:25:30.519331 Epoch [89/100] batch [385/391] loss 0.5103 lr 0.003511175705587435 acc 86.72% eta 0:06:07
2023-04-14 01:25:31,140 - __main__ - INFO - Computing epoch 89 validation accuracy...
2023-04-14 01:25:34,572 - __main__ - INFO - Computing epoch 89 validation loss...
2023-04-14 01:25:38,065 - __main__ - INFO - [INFO] 2023-04-14 01:25:38.065561 Epoch [90/100] batch [1/391] loss 0.8442 lr 0.0029559615522887295 acc 88.28% eta 0:06:43
2023-04-14 01:25:52,051 - __main__ - INFO - [INFO] 2023-04-14 01:25:52.051533 Epoch [90/100] batch [129/391] loss 0.6113 lr 0.0029559615522887295 acc 87.50% eta 0:06:07
2023-04-14 01:26:05,881 - __main__ - INFO - [INFO] 2023-04-14 01:26:05.881281 Epoch [90/100] batch [257/391] loss 0.3145 lr 0.0029559615522887295 acc 92.97% eta 0:05:51
2023-04-14 01:26:19,627 - __main__ - INFO - [INFO] 2023-04-14 01:26:19.627142 Epoch [90/100] batch [385/391] loss 0.6904 lr 0.0029559615522887295 acc 85.16% eta 0:05:37
2023-04-14 01:26:20,231 - __main__ - INFO - Computing epoch 90 validation accuracy...
2023-04-14 01:26:23,664 - __main__ - INFO - Computing epoch 90 validation loss...
2023-04-14 01:26:27,240 - __main__ - INFO - [INFO] 2023-04-14 01:26:27.240120 Epoch [91/100] batch [1/391] loss 0.8037 lr 0.0024471741852423253 acc 89.06% eta 0:06:38
2023-04-14 01:26:41,391 - __main__ - INFO - [INFO] 2023-04-14 01:26:41.391149 Epoch [91/100] batch [129/391] loss 0.2109 lr 0.0024471741852423253 acc 92.97% eta 0:05:38
2023-04-14 01:26:55,148 - __main__ - INFO - [INFO] 2023-04-14 01:26:55.148397 Epoch [91/100] batch [257/391] loss 0.3284 lr 0.0024471741852423253 acc 90.62% eta 0:05:19
2023-04-14 01:27:08,881 - __main__ - INFO - [INFO] 2023-04-14 01:27:08.881298 Epoch [91/100] batch [385/391] loss 0.4844 lr 0.0024471741852423253 acc 88.28% eta 0:05:05
2023-04-14 01:27:09,489 - __main__ - INFO - Computing epoch 91 validation accuracy...
2023-04-14 01:27:12,941 - __main__ - INFO - Computing epoch 91 validation loss...
2023-04-14 01:27:16,517 - __main__ - INFO - [INFO] 2023-04-14 01:27:16.517134 Epoch [92/100] batch [1/391] loss 0.4497 lr 0.0019853157161528537 acc 91.41% eta 0:05:06
2023-04-14 01:27:30,448 - __main__ - INFO - [INFO] 2023-04-14 01:27:30.448699 Epoch [92/100] batch [129/391] loss 0.3325 lr 0.0019853157161528537 acc 92.97% eta 0:04:57
2023-04-14 01:27:44,295 - __main__ - INFO - [INFO] 2023-04-14 01:27:44.295290 Epoch [92/100] batch [257/391] loss 0.4595 lr 0.0019853157161528537 acc 94.53% eta 0:04:43
2023-04-14 01:27:57,976 - __main__ - INFO - [INFO] 2023-04-14 01:27:57.975987 Epoch [92/100] batch [385/391] loss 0.3723 lr 0.0019853157161528537 acc 87.50% eta 0:04:29
2023-04-14 01:27:58,599 - __main__ - INFO - Computing epoch 92 validation accuracy...
2023-04-14 01:28:02,084 - __main__ - INFO - Computing epoch 92 validation loss...
2023-04-14 01:28:05,565 - __main__ - INFO - [INFO] 2023-04-14 01:28:05.564971 Epoch [93/100] batch [1/391] loss 0.8101 lr 0.0015708419435684529 acc 91.41% eta 0:05:07
2023-04-14 01:28:19,418 - __main__ - INFO - [INFO] 2023-04-14 01:28:19.418689 Epoch [93/100] batch [129/391] loss 0.3069 lr 0.0015708419435684529 acc 90.62% eta 0:04:20
2023-04-14 01:28:33,148 - __main__ - INFO - [INFO] 2023-04-14 01:28:33.148375 Epoch [93/100] batch [257/391] loss 0.3352 lr 0.0015708419435684529 acc 88.28% eta 0:04:07
2023-04-14 01:28:46,839 - __main__ - INFO - [INFO] 2023-04-14 01:28:46.839203 Epoch [93/100] batch [385/391] loss 0.4009 lr 0.0015708419435684529 acc 91.41% eta 0:03:55
2023-04-14 01:28:47,450 - __main__ - INFO - Computing epoch 93 validation accuracy...
2023-04-14 01:28:50,888 - __main__ - INFO - Computing epoch 93 validation loss...
2023-04-14 01:28:54,491 - __main__ - INFO - [INFO] 2023-04-14 01:28:54.491507 Epoch [94/100] batch [1/391] loss 0.4016 lr 0.0012041619030626347 acc 89.06% eta 0:04:44
2023-04-14 01:29:08,342 - __main__ - INFO - [INFO] 2023-04-14 01:29:08.342677 Epoch [94/100] batch [129/391] loss 0.3596 lr 0.0012041619030626347 acc 92.97% eta 0:03:45
2023-04-14 01:29:22,329 - __main__ - INFO - [INFO] 2023-04-14 01:29:22.329447 Epoch [94/100] batch [257/391] loss 0.3162 lr 0.0012041619030626347 acc 93.75% eta 0:03:35
2023-04-14 01:29:36,012 - __main__ - INFO - [INFO] 2023-04-14 01:29:36.012379 Epoch [94/100] batch [385/391] loss 0.3552 lr 0.0012041619030626347 acc 90.62% eta 0:03:22
2023-04-14 01:29:36,628 - __main__ - INFO - Computing epoch 94 validation accuracy...
2023-04-14 01:29:40,033 - __main__ - INFO - Computing epoch 94 validation loss...
2023-04-14 01:29:43,571 - __main__ - INFO - [INFO] 2023-04-14 01:29:43.570791 Epoch [95/100] batch [1/391] loss 0.6333 lr 0.0008856374635655646 acc 90.62% eta 0:05:13
2023-04-14 01:29:57,487 - __main__ - INFO - [INFO] 2023-04-14 01:29:57.486952 Epoch [95/100] batch [129/391] loss 0.2238 lr 0.0008856374635655646 acc 96.88% eta 0:03:14
2023-04-14 01:30:11,110 - __main__ - INFO - [INFO] 2023-04-14 01:30:11.110197 Epoch [95/100] batch [257/391] loss 0.4014 lr 0.0008856374635655646 acc 89.84% eta 0:02:59
2023-04-14 01:30:24,781 - __main__ - INFO - [INFO] 2023-04-14 01:30:24.781762 Epoch [95/100] batch [385/391] loss 0.3645 lr 0.0008856374635655646 acc 91.41% eta 0:02:47
2023-04-14 01:30:25,401 - __main__ - INFO - Computing epoch 95 validation accuracy...
2023-04-14 01:30:28,781 - __main__ - INFO - Computing epoch 95 validation loss...
2023-04-14 01:30:32,244 - __main__ - INFO - [INFO] 2023-04-14 01:30:32.244141 Epoch [96/100] batch [1/391] loss 0.5942 lr 0.0006155829702431174 acc 92.19% eta 0:03:06
2023-04-14 01:30:45,982 - __main__ - INFO - [INFO] 2023-04-14 01:30:45.982728 Epoch [96/100] batch [129/391] loss 0.3411 lr 0.0006155829702431174 acc 90.62% eta 0:02:36
2023-04-14 01:30:59,624 - __main__ - INFO - [INFO] 2023-04-14 01:30:59.624535 Epoch [96/100] batch [257/391] loss 0.2292 lr 0.0006155829702431174 acc 96.88% eta 0:02:24
2023-04-14 01:31:13,375 - __main__ - INFO - [INFO] 2023-04-14 01:31:13.375710 Epoch [96/100] batch [385/391] loss 0.2959 lr 0.0006155829702431174 acc 95.31% eta 0:02:13
2023-04-14 01:31:13,993 - __main__ - INFO - Computing epoch 96 validation accuracy...
2023-04-14 01:31:17,445 - __main__ - INFO - Computing epoch 96 validation loss...
2023-04-14 01:31:21,035 - __main__ - INFO - [INFO] 2023-04-14 01:31:21.034837 Epoch [97/100] batch [1/391] loss 0.8169 lr 0.00039426493427611206 acc 94.53% eta 0:02:57
2023-04-14 01:31:34,859 - __main__ - INFO - [INFO] 2023-04-14 01:31:34.858895 Epoch [97/100] batch [129/391] loss 0.2534 lr 0.00039426493427611206 acc 95.31% eta 0:02:03
2023-04-14 01:31:48,579 - __main__ - INFO - [INFO] 2023-04-14 01:31:48.578807 Epoch [97/100] batch [257/391] loss 0.1956 lr 0.00039426493427611206 acc 95.31% eta 0:01:51
2023-04-14 01:32:02,284 - __main__ - INFO - [INFO] 2023-04-14 01:32:02.284114 Epoch [97/100] batch [385/391] loss 0.2218 lr 0.00039426493427611206 acc 96.09% eta 0:01:40
2023-04-14 01:32:02,903 - __main__ - INFO - Computing epoch 97 validation accuracy...
2023-04-14 01:32:06,310 - __main__ - INFO - Computing epoch 97 validation loss...
2023-04-14 01:32:09,838 - __main__ - INFO - [INFO] 2023-04-14 01:32:09.838563 Epoch [98/100] batch [1/391] loss 0.4050 lr 0.00022190176984600036 acc 88.28% eta 0:01:50
2023-04-14 01:32:23,715 - __main__ - INFO - [INFO] 2023-04-14 01:32:23.715507 Epoch [98/100] batch [129/391] loss 0.2170 lr 0.00022190176984600036 acc 95.31% eta 0:01:30
2023-04-14 01:32:37,604 - __main__ - INFO - [INFO] 2023-04-14 01:32:37.604765 Epoch [98/100] batch [257/391] loss 0.3069 lr 0.00022190176984600036 acc 91.41% eta 0:01:19
2023-04-14 01:32:51,239 - __main__ - INFO - [INFO] 2023-04-14 01:32:51.238809 Epoch [98/100] batch [385/391] loss 0.2135 lr 0.00022190176984600036 acc 96.09% eta 0:01:07
2023-04-14 01:32:51,858 - __main__ - INFO - Computing epoch 98 validation accuracy...
2023-04-14 01:32:55,222 - __main__ - INFO - Computing epoch 98 validation loss...
2023-04-14 01:32:58,654 - __main__ - INFO - [INFO] 2023-04-14 01:32:58.654836 Epoch [99/100] batch [1/391] loss 0.3054 lr 9.866357858642213e-05 acc 94.53% eta 0:01:08
2023-04-14 01:33:12,368 - __main__ - INFO - [INFO] 2023-04-14 01:33:12.368364 Epoch [99/100] batch [129/391] loss 0.3230 lr 9.866357858642213e-05 acc 95.31% eta 0:00:55
2023-04-14 01:33:26,177 - __main__ - INFO - [INFO] 2023-04-14 01:33:26.177504 Epoch [99/100] batch [257/391] loss 0.1726 lr 9.866357858642213e-05 acc 97.66% eta 0:00:44
2023-04-14 01:33:39,844 - __main__ - INFO - [INFO] 2023-04-14 01:33:39.844606 Epoch [99/100] batch [385/391] loss 0.2888 lr 9.866357858642213e-05 acc 93.75% eta 0:00:33
2023-04-14 01:33:40,455 - __main__ - INFO - Computing epoch 99 validation accuracy...
2023-04-14 01:33:43,857 - __main__ - INFO - Computing epoch 99 validation loss...
2023-04-14 01:33:47,358 - __main__ - INFO - [INFO] 2023-04-14 01:33:47.358856 Epoch [100/100] batch [1/391] loss 0.7603 lr 2.4671981713420017e-05 acc 84.38% eta 0:00:38
2023-04-14 01:34:01,121 - __main__ - INFO - [INFO] 2023-04-14 01:34:01.121747 Epoch [100/100] batch [129/391] loss 0.1896 lr 2.4671981713420017e-05 acc 95.31% eta 0:00:22
2023-04-14 01:34:14,776 - __main__ - INFO - [INFO] 2023-04-14 01:34:14.776368 Epoch [100/100] batch [257/391] loss 0.2100 lr 2.4671981713420017e-05 acc 96.88% eta 0:00:11
2023-04-14 01:34:28,848 - __main__ - INFO - [INFO] 2023-04-14 01:34:28.848124 Epoch [100/100] batch [385/391] loss 0.3477 lr 2.4671981713420017e-05 acc 96.09% eta 0:00:00
2023-04-14 01:34:29,505 - __main__ - INFO - Computing epoch 100 validation accuracy...
2023-04-14 01:34:32,991 - __main__ - INFO - Computing epoch 100 validation loss...
2023-04-14 01:34:36,783 - __main__ - INFO - Reading testing data set cifar100
2023-04-14 01:34:37,527 - __main__ - INFO - Loading trained model...
2023-04-14 01:34:41,772 - __main__ - INFO - Testing acc : 69.83%.
