2023-04-12 07:04:46,952 - __main__ - INFO - 

2023-04-12 07:04:46,952 - __main__ - INFO - ***************
2023-04-12 07:04:46,952 - __main__ - INFO - ** Arguments **
2023-04-12 07:04:46,952 - __main__ - INFO - ***************
2023-04-12 07:04:46,952 - __main__ - INFO - backbone: resnet56
2023-04-12 07:04:46,952 - __main__ - INFO - dataname: cifar10
2023-04-12 07:04:46,952 - __main__ - INFO - drop_method: d
2023-04-12 07:04:46,953 - __main__ - INFO - drop_rate: 0.3
2023-04-12 07:04:46,953 - __main__ - INFO - eval_only: 0
2023-04-12 07:04:46,953 - __main__ - INFO - output_path: checkpoints/cifar10/resnet56/drop_d/rate_0.3/seed2
2023-04-12 07:04:46,953 - __main__ - INFO - part_rate: 0.1
2023-04-12 07:04:46,953 - __main__ - INFO - seed: 2
2023-04-12 07:04:46,953 - __main__ - INFO - weight_decay: 0.0005
2023-04-12 07:04:46,953 - __main__ - INFO - ************
2023-04-12 07:04:46,953 - __main__ - INFO - ** Config **
2023-04-12 07:04:46,953 - __main__ - INFO - ************
2023-04-12 07:04:46,953 - __main__ - INFO - {'DATALOADER': {'PATH': './data', 'DATANAME': 'cifar10', 'BATCH_SIZE': 128, 'NUM_CLASSES': 10}, 'INPUT': {'SIZE': [32, 32], 'PIXEL_MEAN': [0.4914, 0.4822, 0.4465], 'PIXEL_STD': [0.2023, 0.1994, 0.201]}, 'OUTPUT': {'DIR': 'checkpoints/cifar10/resnet56/drop_d/rate_0.3/seed2'}, 'SEED': 2, 'OPTIM': {'LR': 0.1, 'MAX_EPOCH': 100, 'LR_SCHEDULER': 'step', 'LR_MILESTONES': [20, 40, 80, 120, 140], 'LR_DECAY': 0.2, 'PART_RATE': 0.1, 'WEIGHT_DECAY': 0.0005, 'DROP_RATE': 0.3, 'DROP_METHOD': 'd', 'BLOCK_SIZE': 7}, 'MODEL': {'BACKBONE': 'resnet56'}}
2023-04-12 07:04:46,965 - __main__ - INFO - Reading training data set cifar10
2023-04-12 07:04:48,658 - __main__ - INFO - Loading raw model
2023-04-12 07:04:51,942 - __main__ - INFO - 
Saving everything to checkpoints/cifar10/resnet56/drop_d/rate_0.3/seed2
2023-04-12 07:04:51,943 - __main__ - INFO - Start training...
2023-04-12 07:04:57,240 - __main__ - INFO - [INFO] 2023-04-12 07:04:57.240770 Epoch [1/100] batch [1/391] loss 8.1016 lr 0.1 acc 5.47% eta 2 days, 9:20:13
2023-04-12 07:05:14,257 - __main__ - INFO - [INFO] 2023-04-12 07:05:14.256941 Epoch [1/100] batch [129/391] loss 2.2500 lr 0.1 acc 17.19% eta 1:40:45
2023-04-12 07:05:31,184 - __main__ - INFO - [INFO] 2023-04-12 07:05:31.184757 Epoch [1/100] batch [257/391] loss 2.0215 lr 0.1 acc 28.91% eta 1:27:22
2023-04-12 07:05:48,061 - __main__ - INFO - [INFO] 2023-04-12 07:05:48.061279 Epoch [1/100] batch [385/391] loss 1.9521 lr 0.1 acc 23.44% eta 1:22:41
2023-04-12 07:05:48,851 - __main__ - INFO - Computing epoch 1 validation accuracy...
2023-04-12 07:05:52,856 - __main__ - INFO - Computing epoch 1 validation loss...
2023-04-12 07:05:56,990 - __main__ - INFO - [INFO] 2023-04-12 07:05:56.990227 Epoch [2/100] batch [1/391] loss 2.0137 lr 0.09997532801828658 acc 25.00% eta 1:17:50
2023-04-12 07:06:13,883 - __main__ - INFO - [INFO] 2023-04-12 07:06:13.882967 Epoch [2/100] batch [129/391] loss 1.6504 lr 0.09997532801828658 acc 37.50% eta 1:13:43
2023-04-12 07:06:31,122 - __main__ - INFO - [INFO] 2023-04-12 07:06:31.122005 Epoch [2/100] batch [257/391] loss 1.6045 lr 0.09997532801828658 acc 46.09% eta 1:14:15
2023-04-12 07:06:48,168 - __main__ - INFO - [INFO] 2023-04-12 07:06:48.168326 Epoch [2/100] batch [385/391] loss 1.5312 lr 0.09997532801828658 acc 38.28% eta 1:13:54
2023-04-12 07:06:48,966 - __main__ - INFO - Computing epoch 2 validation accuracy...
2023-04-12 07:06:52,911 - __main__ - INFO - Computing epoch 2 validation loss...
2023-04-12 07:06:57,081 - __main__ - INFO - [INFO] 2023-04-12 07:06:57.080923 Epoch [3/100] batch [1/391] loss 1.5947 lr 0.09990133642141358 acc 39.84% eta 1:18:05
2023-04-12 07:07:14,017 - __main__ - INFO - [INFO] 2023-04-12 07:07:14.017093 Epoch [3/100] batch [129/391] loss 1.5605 lr 0.09990133642141358 acc 37.50% eta 1:12:56
2023-04-12 07:07:31,050 - __main__ - INFO - [INFO] 2023-04-12 07:07:31.050341 Epoch [3/100] batch [257/391] loss 1.4375 lr 0.09990133642141358 acc 51.56% eta 1:12:56
2023-04-12 07:07:48,326 - __main__ - INFO - [INFO] 2023-04-12 07:07:48.326512 Epoch [3/100] batch [385/391] loss 1.4150 lr 0.09990133642141358 acc 53.91% eta 1:13:11
2023-04-12 07:07:49,135 - __main__ - INFO - Computing epoch 3 validation accuracy...
2023-04-12 07:07:53,093 - __main__ - INFO - Computing epoch 3 validation loss...
2023-04-12 07:07:57,370 - __main__ - INFO - [INFO] 2023-04-12 07:07:57.370388 Epoch [4/100] batch [1/391] loss 1.2578 lr 0.099778098230154 acc 51.56% eta 1:33:02
2023-04-12 07:08:14,607 - __main__ - INFO - [INFO] 2023-04-12 07:08:14.607513 Epoch [4/100] batch [129/391] loss 1.1748 lr 0.099778098230154 acc 55.47% eta 1:14:03
2023-04-12 07:08:31,935 - __main__ - INFO - [INFO] 2023-04-12 07:08:31.934863 Epoch [4/100] batch [257/391] loss 1.2061 lr 0.099778098230154 acc 46.88% eta 1:13:48
2023-04-12 07:08:48,694 - __main__ - INFO - [INFO] 2023-04-12 07:08:48.694462 Epoch [4/100] batch [385/391] loss 1.0195 lr 0.099778098230154 acc 61.72% eta 1:12:43
2023-04-12 07:08:49,490 - __main__ - INFO - Computing epoch 4 validation accuracy...
2023-04-12 07:08:53,604 - __main__ - INFO - Computing epoch 4 validation loss...
2023-04-12 07:08:57,806 - __main__ - INFO - [INFO] 2023-04-12 07:08:57.806804 Epoch [5/100] batch [1/391] loss 1.2012 lr 0.0996057350657239 acc 49.22% eta 1:14:49
2023-04-12 07:09:14,874 - __main__ - INFO - [INFO] 2023-04-12 07:09:14.872634 Epoch [5/100] batch [129/391] loss 1.2314 lr 0.0996057350657239 acc 61.72% eta 1:12:09
2023-04-12 07:09:32,159 - __main__ - INFO - [INFO] 2023-04-12 07:09:32.158922 Epoch [5/100] batch [257/391] loss 1.0322 lr 0.0996057350657239 acc 64.06% eta 1:12:24
2023-04-12 07:09:49,265 - __main__ - INFO - [INFO] 2023-04-12 07:09:49.265135 Epoch [5/100] batch [385/391] loss 1.0674 lr 0.0996057350657239 acc 58.59% eta 1:12:03
2023-04-12 07:09:50,050 - __main__ - INFO - Computing epoch 5 validation accuracy...
2023-04-12 07:09:54,101 - __main__ - INFO - Computing epoch 5 validation loss...
2023-04-12 07:09:58,527 - __main__ - INFO - [INFO] 2023-04-12 07:09:58.527464 Epoch [6/100] batch [1/391] loss 1.1797 lr 0.09938441702975688 acc 64.06% eta 1:45:59
2023-04-12 07:10:15,822 - __main__ - INFO - [INFO] 2023-04-12 07:10:15.821986 Epoch [6/100] batch [129/391] loss 0.9678 lr 0.09938441702975688 acc 63.28% eta 1:12:33
2023-04-12 07:10:32,924 - __main__ - INFO - [INFO] 2023-04-12 07:10:32.924509 Epoch [6/100] batch [257/391] loss 0.8750 lr 0.09938441702975688 acc 67.97% eta 1:11:53
2023-04-12 07:10:50,081 - __main__ - INFO - [INFO] 2023-04-12 07:10:50.081104 Epoch [6/100] batch [385/391] loss 0.8872 lr 0.09938441702975688 acc 71.88% eta 1:11:31
2023-04-12 07:10:50,840 - __main__ - INFO - Computing epoch 6 validation accuracy...
2023-04-12 07:10:54,934 - __main__ - INFO - Computing epoch 6 validation loss...
2023-04-12 07:10:59,229 - __main__ - INFO - [INFO] 2023-04-12 07:10:59.229508 Epoch [7/100] batch [1/391] loss 0.8052 lr 0.09911436253643444 acc 69.53% eta 1:12:10
2023-04-12 07:11:16,218 - __main__ - INFO - [INFO] 2023-04-12 07:11:16.218281 Epoch [7/100] batch [129/391] loss 0.9170 lr 0.09911436253643444 acc 60.94% eta 1:10:26
2023-04-12 07:11:33,009 - __main__ - INFO - [INFO] 2023-04-12 07:11:33.008872 Epoch [7/100] batch [257/391] loss 1.0752 lr 0.09911436253643444 acc 62.50% eta 1:09:38
2023-04-12 07:11:49,927 - __main__ - INFO - [INFO] 2023-04-12 07:11:49.927452 Epoch [7/100] batch [385/391] loss 0.7222 lr 0.09911436253643444 acc 69.53% eta 1:09:26
2023-04-12 07:11:50,696 - __main__ - INFO - Computing epoch 7 validation accuracy...
2023-04-12 07:11:54,675 - __main__ - INFO - Computing epoch 7 validation loss...
2023-04-12 07:11:58,792 - __main__ - INFO - [INFO] 2023-04-12 07:11:58.792399 Epoch [8/100] batch [1/391] loss 0.9697 lr 0.09879583809693737 acc 57.03% eta 1:15:48
2023-04-12 07:12:16,117 - __main__ - INFO - [INFO] 2023-04-12 07:12:16.116953 Epoch [8/100] batch [129/391] loss 0.7729 lr 0.09879583809693737 acc 70.31% eta 1:11:12
2023-04-12 07:12:33,627 - __main__ - INFO - [INFO] 2023-04-12 07:12:33.626958 Epoch [8/100] batch [257/391] loss 1.0303 lr 0.09879583809693737 acc 60.94% eta 1:11:17
2023-04-12 07:12:50,617 - __main__ - INFO - [INFO] 2023-04-12 07:12:50.616505 Epoch [8/100] batch [385/391] loss 0.6851 lr 0.09879583809693737 acc 74.22% eta 1:10:23
2023-04-12 07:12:51,408 - __main__ - INFO - Computing epoch 8 validation accuracy...
2023-04-12 07:12:55,374 - __main__ - INFO - Computing epoch 8 validation loss...
2023-04-12 07:12:59,547 - __main__ - INFO - [INFO] 2023-04-12 07:12:59.547104 Epoch [9/100] batch [1/391] loss 1.0068 lr 0.09842915805643156 acc 70.31% eta 1:14:50
2023-04-12 07:13:16,622 - __main__ - INFO - [INFO] 2023-04-12 07:13:16.622253 Epoch [9/100] batch [129/391] loss 0.9233 lr 0.09842915805643156 acc 75.00% eta 1:09:16
2023-04-12 07:13:33,687 - __main__ - INFO - [INFO] 2023-04-12 07:13:33.687379 Epoch [9/100] batch [257/391] loss 0.7959 lr 0.09842915805643156 acc 66.41% eta 1:09:00
2023-04-12 07:13:51,391 - __main__ - INFO - [INFO] 2023-04-12 07:13:51.391719 Epoch [9/100] batch [385/391] loss 0.8184 lr 0.09842915805643156 acc 67.19% eta 1:09:40
2023-04-12 07:13:52,167 - __main__ - INFO - Computing epoch 9 validation accuracy...
2023-04-12 07:13:56,139 - __main__ - INFO - Computing epoch 9 validation loss...
2023-04-12 07:14:00,366 - __main__ - INFO - [INFO] 2023-04-12 07:14:00.366030 Epoch [10/100] batch [1/391] loss 0.7915 lr 0.09801468428384716 acc 75.00% eta 1:16:59
2023-04-12 07:14:17,589 - __main__ - INFO - [INFO] 2023-04-12 07:14:17.589800 Epoch [10/100] batch [129/391] loss 0.8350 lr 0.09801468428384716 acc 69.53% eta 1:09:29
2023-04-12 07:14:34,650 - __main__ - INFO - [INFO] 2023-04-12 07:14:34.650338 Epoch [10/100] batch [257/391] loss 0.6934 lr 0.09801468428384716 acc 71.09% eta 1:08:46
2023-04-12 07:14:51,675 - __main__ - INFO - [INFO] 2023-04-12 07:14:51.674980 Epoch [10/100] batch [385/391] loss 0.8003 lr 0.09801468428384716 acc 70.31% eta 1:08:18
2023-04-12 07:14:52,457 - __main__ - INFO - Computing epoch 10 validation accuracy...
2023-04-12 07:14:56,507 - __main__ - INFO - Computing epoch 10 validation loss...
2023-04-12 07:15:01,111 - __main__ - INFO - [INFO] 2023-04-12 07:15:01.111216 Epoch [11/100] batch [1/391] loss 0.7114 lr 0.09755282581475769 acc 75.00% eta 2:00:59
2023-04-12 07:15:18,167 - __main__ - INFO - [INFO] 2023-04-12 07:15:18.167179 Epoch [11/100] batch [129/391] loss 0.7466 lr 0.09755282581475769 acc 64.84% eta 1:07:59
2023-04-12 07:15:35,096 - __main__ - INFO - [INFO] 2023-04-12 07:15:35.096177 Epoch [11/100] batch [257/391] loss 0.9683 lr 0.09755282581475769 acc 65.62% eta 1:07:19
2023-04-12 07:15:52,289 - __main__ - INFO - [INFO] 2023-04-12 07:15:52.289564 Epoch [11/100] batch [385/391] loss 0.7017 lr 0.09755282581475769 acc 71.88% eta 1:07:18
2023-04-12 07:15:53,103 - __main__ - INFO - Computing epoch 11 validation accuracy...
2023-04-12 07:15:57,158 - __main__ - INFO - Computing epoch 11 validation loss...
2023-04-12 07:16:01,411 - __main__ - INFO - [INFO] 2023-04-12 07:16:01.411039 Epoch [12/100] batch [1/391] loss 0.6733 lr 0.09704403844771128 acc 72.66% eta 1:42:17
2023-04-12 07:16:18,577 - __main__ - INFO - [INFO] 2023-04-12 07:16:18.576959 Epoch [12/100] batch [129/391] loss 0.8042 lr 0.09704403844771128 acc 71.88% eta 1:07:40
2023-04-12 07:16:36,027 - __main__ - INFO - [INFO] 2023-04-12 07:16:36.027154 Epoch [12/100] batch [257/391] loss 0.9082 lr 0.09704403844771128 acc 71.88% eta 1:07:47
2023-04-12 07:16:53,158 - __main__ - INFO - [INFO] 2023-04-12 07:16:53.158389 Epoch [12/100] batch [385/391] loss 0.6089 lr 0.09704403844771128 acc 75.00% eta 1:07:15
2023-04-12 07:16:53,937 - __main__ - INFO - Computing epoch 12 validation accuracy...
2023-04-12 07:16:58,036 - __main__ - INFO - Computing epoch 12 validation loss...
2023-04-12 07:17:02,202 - __main__ - INFO - [INFO] 2023-04-12 07:17:02.202600 Epoch [13/100] batch [1/391] loss 0.7900 lr 0.09648882429441258 acc 65.62% eta 1:17:21
2023-04-12 07:17:19,632 - __main__ - INFO - [INFO] 2023-04-12 07:17:19.631944 Epoch [13/100] batch [129/391] loss 0.8271 lr 0.09648882429441258 acc 68.75% eta 1:07:44
2023-04-12 07:17:37,021 - __main__ - INFO - [INFO] 2023-04-12 07:17:37.020891 Epoch [13/100] batch [257/391] loss 0.6265 lr 0.09648882429441258 acc 74.22% eta 1:07:22
2023-04-12 07:17:54,209 - __main__ - INFO - [INFO] 2023-04-12 07:17:54.209262 Epoch [13/100] batch [385/391] loss 0.7837 lr 0.09648882429441258 acc 72.66% eta 1:06:47
2023-04-12 07:17:55,006 - __main__ - INFO - Computing epoch 13 validation accuracy...
2023-04-12 07:17:58,903 - __main__ - INFO - Computing epoch 13 validation loss...
2023-04-12 07:18:03,187 - __main__ - INFO - [INFO] 2023-04-12 07:18:03.187156 Epoch [14/100] batch [1/391] loss 0.6011 lr 0.09588773128419906 acc 73.44% eta 1:20:38
2023-04-12 07:18:20,307 - __main__ - INFO - [INFO] 2023-04-12 07:18:20.307754 Epoch [14/100] batch [129/391] loss 0.5586 lr 0.09588773128419906 acc 78.12% eta 1:05:44
2023-04-12 07:18:37,853 - __main__ - INFO - [INFO] 2023-04-12 07:18:37.853160 Epoch [14/100] batch [257/391] loss 0.7490 lr 0.09588773128419906 acc 70.31% eta 1:06:18
2023-04-12 07:18:55,009 - __main__ - INFO - [INFO] 2023-04-12 07:18:55.009732 Epoch [14/100] batch [385/391] loss 0.7100 lr 0.09588773128419906 acc 67.97% eta 1:05:46
2023-04-12 07:18:55,808 - __main__ - INFO - Computing epoch 14 validation accuracy...
2023-04-12 07:18:59,748 - __main__ - INFO - Computing epoch 14 validation loss...
2023-04-12 07:19:03,949 - __main__ - INFO - [INFO] 2023-04-12 07:19:03.949079 Epoch [15/100] batch [1/391] loss 0.5493 lr 0.09524135262330098 acc 79.69% eta 1:09:48
2023-04-12 07:19:21,340 - __main__ - INFO - [INFO] 2023-04-12 07:19:21.339840 Epoch [15/100] batch [129/391] loss 0.7930 lr 0.09524135262330098 acc 64.06% eta 1:06:05
2023-04-12 07:19:38,173 - __main__ - INFO - [INFO] 2023-04-12 07:19:38.173754 Epoch [15/100] batch [257/391] loss 0.7065 lr 0.09524135262330098 acc 77.34% eta 1:04:41
2023-04-12 07:19:55,186 - __main__ - INFO - [INFO] 2023-04-12 07:19:55.186267 Epoch [15/100] batch [385/391] loss 0.7466 lr 0.09524135262330098 acc 78.12% eta 1:04:17
2023-04-12 07:19:55,973 - __main__ - INFO - Computing epoch 15 validation accuracy...
2023-04-12 07:20:00,114 - __main__ - INFO - Computing epoch 15 validation loss...
2023-04-12 07:20:04,336 - __main__ - INFO - [INFO] 2023-04-12 07:20:04.336697 Epoch [16/100] batch [1/391] loss 0.7568 lr 0.0945503262094184 acc 67.97% eta 1:07:30
2023-04-12 07:20:21,444 - __main__ - INFO - [INFO] 2023-04-12 07:20:21.444752 Epoch [16/100] batch [129/391] loss 0.7231 lr 0.0945503262094184 acc 77.34% eta 1:04:10
2023-04-12 07:20:38,478 - __main__ - INFO - [INFO] 2023-04-12 07:20:38.478208 Epoch [16/100] batch [257/391] loss 0.7935 lr 0.0945503262094184 acc 71.88% eta 1:03:47
2023-04-12 07:20:55,493 - __main__ - INFO - [INFO] 2023-04-12 07:20:55.492854 Epoch [16/100] batch [385/391] loss 0.6392 lr 0.0945503262094184 acc 75.00% eta 1:03:24
2023-04-12 07:20:56,252 - __main__ - INFO - Computing epoch 16 validation accuracy...
2023-04-12 07:21:00,161 - __main__ - INFO - Computing epoch 16 validation loss...
2023-04-12 07:21:04,260 - __main__ - INFO - [INFO] 2023-04-12 07:21:04.260699 Epoch [17/100] batch [1/391] loss 0.7715 lr 0.09381533400219319 acc 72.66% eta 1:07:55
2023-04-12 07:21:21,477 - __main__ - INFO - [INFO] 2023-04-12 07:21:21.477125 Epoch [17/100] batch [129/391] loss 0.7212 lr 0.09381533400219319 acc 75.78% eta 1:03:52
2023-04-12 07:21:38,266 - __main__ - INFO - [INFO] 2023-04-12 07:21:38.266202 Epoch [17/100] batch [257/391] loss 0.8174 lr 0.09381533400219319 acc 61.72% eta 1:02:42
2023-04-12 07:21:55,209 - __main__ - INFO - [INFO] 2023-04-12 07:21:55.208946 Epoch [17/100] batch [385/391] loss 0.6426 lr 0.09381533400219319 acc 68.75% eta 1:02:24
2023-04-12 07:21:55,996 - __main__ - INFO - Computing epoch 17 validation accuracy...
2023-04-12 07:22:00,013 - __main__ - INFO - Computing epoch 17 validation loss...
2023-04-12 07:22:04,253 - __main__ - INFO - [INFO] 2023-04-12 07:22:04.252950 Epoch [18/100] batch [1/391] loss 0.5562 lr 0.0930371013501972 acc 78.12% eta 1:32:12
2023-04-12 07:22:21,349 - __main__ - INFO - [INFO] 2023-04-12 07:22:21.349528 Epoch [18/100] batch [129/391] loss 0.5737 lr 0.0930371013501972 acc 81.25% eta 1:02:50
2023-04-12 07:22:38,558 - __main__ - INFO - [INFO] 2023-04-12 07:22:38.558319 Epoch [18/100] batch [257/391] loss 0.7578 lr 0.0930371013501972 acc 70.31% eta 1:02:37
2023-04-12 07:22:55,413 - __main__ - INFO - [INFO] 2023-04-12 07:22:55.412511 Epoch [18/100] batch [385/391] loss 0.7900 lr 0.0930371013501972 acc 71.09% eta 1:01:57
2023-04-12 07:22:56,224 - __main__ - INFO - Computing epoch 18 validation accuracy...
2023-04-12 07:23:00,172 - __main__ - INFO - Computing epoch 18 validation loss...
2023-04-12 07:23:04,349 - __main__ - INFO - [INFO] 2023-04-12 07:23:04.349091 Epoch [19/100] batch [1/391] loss 0.4348 lr 0.09221639627510078 acc 78.91% eta 1:09:26
2023-04-12 07:23:21,288 - __main__ - INFO - [INFO] 2023-04-12 07:23:21.287799 Epoch [19/100] batch [129/391] loss 0.6128 lr 0.09221639627510078 acc 67.97% eta 1:01:14
2023-04-12 07:23:38,503 - __main__ - INFO - [INFO] 2023-04-12 07:23:38.503488 Epoch [19/100] batch [257/391] loss 0.4065 lr 0.09221639627510078 acc 81.25% eta 1:01:26
2023-04-12 07:23:55,499 - __main__ - INFO - [INFO] 2023-04-12 07:23:55.499646 Epoch [19/100] batch [385/391] loss 0.4868 lr 0.09221639627510078 acc 84.38% eta 1:01:02
2023-04-12 07:23:56,269 - __main__ - INFO - Computing epoch 19 validation accuracy...
2023-04-12 07:24:00,332 - __main__ - INFO - Computing epoch 19 validation loss...
2023-04-12 07:24:04,664 - __main__ - INFO - [INFO] 2023-04-12 07:24:04.664047 Epoch [20/100] batch [1/391] loss 0.6313 lr 0.09135402871372812 acc 68.75% eta 1:06:27
2023-04-12 07:24:21,657 - __main__ - INFO - [INFO] 2023-04-12 07:24:21.656987 Epoch [20/100] batch [129/391] loss 0.6592 lr 0.09135402871372812 acc 75.78% eta 1:00:31
2023-04-12 07:24:38,545 - __main__ - INFO - [INFO] 2023-04-12 07:24:38.545093 Epoch [20/100] batch [257/391] loss 0.4927 lr 0.09135402871372812 acc 82.81% eta 1:00:05
2023-04-12 07:24:55,486 - __main__ - INFO - [INFO] 2023-04-12 07:24:55.486322 Epoch [20/100] batch [385/391] loss 0.4939 lr 0.09135402871372812 acc 75.78% eta 0:59:49
2023-04-12 07:24:56,232 - __main__ - INFO - Computing epoch 20 validation accuracy...
2023-04-12 07:25:00,194 - __main__ - INFO - Computing epoch 20 validation loss...
2023-04-12 07:25:04,435 - __main__ - INFO - [INFO] 2023-04-12 07:25:04.435325 Epoch [21/100] batch [1/391] loss 0.6025 lr 0.09045084971874741 acc 78.12% eta 1:05:38
2023-04-12 07:25:21,281 - __main__ - INFO - [INFO] 2023-04-12 07:25:21.280834 Epoch [21/100] batch [129/391] loss 0.5850 lr 0.09045084971874741 acc 77.34% eta 0:59:17
2023-04-12 07:25:38,300 - __main__ - INFO - [INFO] 2023-04-12 07:25:38.300774 Epoch [21/100] batch [257/391] loss 0.7578 lr 0.09045084971874741 acc 71.09% eta 0:59:19
2023-04-12 07:25:55,363 - __main__ - INFO - [INFO] 2023-04-12 07:25:55.362826 Epoch [21/100] batch [385/391] loss 0.5298 lr 0.09045084971874741 acc 81.25% eta 0:59:16
2023-04-12 07:25:56,133 - __main__ - INFO - Computing epoch 21 validation accuracy...
2023-04-12 07:26:00,086 - __main__ - INFO - Computing epoch 21 validation loss...
2023-04-12 07:26:04,339 - __main__ - INFO - [INFO] 2023-04-12 07:26:04.339744 Epoch [22/100] batch [1/391] loss 0.5894 lr 0.08950775061878455 acc 73.44% eta 1:24:51
2023-04-12 07:26:21,208 - __main__ - INFO - [INFO] 2023-04-12 07:26:21.208291 Epoch [22/100] batch [129/391] loss 0.6333 lr 0.08950775061878455 acc 82.81% eta 0:58:46
2023-04-12 07:26:38,216 - __main__ - INFO - [INFO] 2023-04-12 07:26:38.216281 Epoch [22/100] batch [257/391] loss 0.5215 lr 0.08950775061878455 acc 80.47% eta 0:58:38
2023-04-12 07:26:55,558 - __main__ - INFO - [INFO] 2023-04-12 07:26:55.558027 Epoch [22/100] batch [385/391] loss 0.5884 lr 0.08950775061878455 acc 83.59% eta 0:58:53
2023-04-12 07:26:56,355 - __main__ - INFO - Computing epoch 22 validation accuracy...
2023-04-12 07:27:00,331 - __main__ - INFO - Computing epoch 22 validation loss...
2023-04-12 07:27:04,647 - __main__ - INFO - [INFO] 2023-04-12 07:27:04.647756 Epoch [23/100] batch [1/391] loss 0.5923 lr 0.0885256621387895 acc 74.22% eta 1:05:56
2023-04-12 07:27:21,563 - __main__ - INFO - [INFO] 2023-04-12 07:27:21.562995 Epoch [23/100] batch [129/391] loss 0.4707 lr 0.0885256621387895 acc 78.91% eta 0:57:59
2023-04-12 07:27:38,632 - __main__ - INFO - [INFO] 2023-04-12 07:27:38.631920 Epoch [23/100] batch [257/391] loss 0.4673 lr 0.0885256621387895 acc 85.94% eta 0:58:02
2023-04-12 07:27:55,636 - __main__ - INFO - [INFO] 2023-04-12 07:27:55.636182 Epoch [23/100] batch [385/391] loss 0.5879 lr 0.0885256621387895 acc 75.00% eta 0:57:49
2023-04-12 07:27:56,417 - __main__ - INFO - Computing epoch 23 validation accuracy...
2023-04-12 07:28:00,579 - __main__ - INFO - Computing epoch 23 validation loss...
2023-04-12 07:28:04,798 - __main__ - INFO - [INFO] 2023-04-12 07:28:04.798176 Epoch [24/100] batch [1/391] loss 0.6133 lr 0.08750555348152302 acc 78.91% eta 1:05:00
2023-04-12 07:28:21,657 - __main__ - INFO - [INFO] 2023-04-12 07:28:21.657053 Epoch [24/100] batch [129/391] loss 0.6470 lr 0.08750555348152302 acc 78.91% eta 0:57:03
2023-04-12 07:28:38,428 - __main__ - INFO - [INFO] 2023-04-12 07:28:38.428348 Epoch [24/100] batch [257/391] loss 0.6650 lr 0.08750555348152302 acc 75.00% eta 0:56:40
2023-04-12 07:28:55,519 - __main__ - INFO - [INFO] 2023-04-12 07:28:55.519374 Epoch [24/100] batch [385/391] loss 0.7271 lr 0.08750555348152302 acc 69.53% eta 0:56:45
2023-04-12 07:28:56,322 - __main__ - INFO - Computing epoch 24 validation accuracy...
2023-04-12 07:29:00,538 - __main__ - INFO - Computing epoch 24 validation loss...
2023-04-12 07:29:04,781 - __main__ - INFO - [INFO] 2023-04-12 07:29:04.781396 Epoch [25/100] batch [1/391] loss 0.5752 lr 0.08644843137107061 acc 80.47% eta 0:58:21
2023-04-12 07:29:22,332 - __main__ - INFO - [INFO] 2023-04-12 07:29:22.332033 Epoch [25/100] batch [129/391] loss 0.5806 lr 0.08644843137107061 acc 76.56% eta 0:58:49
2023-04-12 07:29:39,540 - __main__ - INFO - [INFO] 2023-04-12 07:29:39.539806 Epoch [25/100] batch [257/391] loss 0.5894 lr 0.08644843137107061 acc 75.78% eta 0:58:04
2023-04-12 07:29:56,887 - __main__ - INFO - [INFO] 2023-04-12 07:29:56.887665 Epoch [25/100] batch [385/391] loss 0.6055 lr 0.08644843137107061 acc 79.69% eta 0:57:44
2023-04-12 07:29:57,648 - __main__ - INFO - Computing epoch 25 validation accuracy...
2023-04-12 07:30:01,547 - __main__ - INFO - Computing epoch 25 validation loss...
2023-04-12 07:30:05,675 - __main__ - INFO - [INFO] 2023-04-12 07:30:05.675780 Epoch [26/100] batch [1/391] loss 0.7593 lr 0.0853553390593274 acc 76.56% eta 0:58:30
2023-04-12 07:30:22,600 - __main__ - INFO - [INFO] 2023-04-12 07:30:22.600244 Epoch [26/100] batch [129/391] loss 0.4958 lr 0.0853553390593274 acc 78.91% eta 0:55:49
2023-04-12 07:30:39,765 - __main__ - INFO - [INFO] 2023-04-12 07:30:39.765598 Epoch [26/100] batch [257/391] loss 0.7236 lr 0.0853553390593274 acc 63.28% eta 0:55:59
2023-04-12 07:30:56,665 - __main__ - INFO - [INFO] 2023-04-12 07:30:56.665377 Epoch [26/100] batch [385/391] loss 0.5259 lr 0.0853553390593274 acc 77.34% eta 0:55:34
2023-04-12 07:30:57,418 - __main__ - INFO - Computing epoch 26 validation accuracy...
2023-04-12 07:31:01,392 - __main__ - INFO - Computing epoch 26 validation loss...
2023-04-12 07:31:05,647 - __main__ - INFO - [INFO] 2023-04-12 07:31:05.647129 Epoch [27/100] batch [1/391] loss 0.5342 lr 0.08422735529643446 acc 74.22% eta 1:01:54
2023-04-12 07:31:22,571 - __main__ - INFO - [INFO] 2023-04-12 07:31:22.570965 Epoch [27/100] batch [129/391] loss 0.6938 lr 0.08422735529643446 acc 67.19% eta 0:55:11
2023-04-12 07:31:39,429 - __main__ - INFO - [INFO] 2023-04-12 07:31:39.429745 Epoch [27/100] batch [257/391] loss 0.5356 lr 0.08422735529643446 acc 82.03% eta 0:54:44
2023-04-12 07:31:56,227 - __main__ - INFO - [INFO] 2023-04-12 07:31:56.227179 Epoch [27/100] batch [385/391] loss 0.5278 lr 0.08422735529643446 acc 83.59% eta 0:54:23
2023-04-12 07:31:57,003 - __main__ - INFO - Computing epoch 27 validation accuracy...
2023-04-12 07:32:00,995 - __main__ - INFO - Computing epoch 27 validation loss...
2023-04-12 07:32:05,610 - __main__ - INFO - [INFO] 2023-04-12 07:32:05.610380 Epoch [28/100] batch [1/391] loss 0.6504 lr 0.08306559326618262 acc 77.34% eta 0:57:02
2023-04-12 07:32:22,532 - __main__ - INFO - [INFO] 2023-04-12 07:32:22.531958 Epoch [28/100] batch [129/391] loss 0.4810 lr 0.08306559326618262 acc 80.47% eta 0:54:16
2023-04-12 07:32:39,569 - __main__ - INFO - [INFO] 2023-04-12 07:32:39.568922 Epoch [28/100] batch [257/391] loss 0.6509 lr 0.08306559326618262 acc 78.91% eta 0:54:13
2023-04-12 07:32:56,613 - __main__ - INFO - [INFO] 2023-04-12 07:32:56.612990 Epoch [28/100] batch [385/391] loss 0.7002 lr 0.08306559326618262 acc 74.22% eta 0:54:06
2023-04-12 07:32:57,377 - __main__ - INFO - Computing epoch 28 validation accuracy...
2023-04-12 07:33:01,371 - __main__ - INFO - Computing epoch 28 validation loss...
2023-04-12 07:33:05,531 - __main__ - INFO - [INFO] 2023-04-12 07:33:05.531616 Epoch [29/100] batch [1/391] loss 0.6216 lr 0.08187119948743452 acc 77.34% eta 0:59:49
2023-04-12 07:33:22,951 - __main__ - INFO - [INFO] 2023-04-12 07:33:22.951244 Epoch [29/100] batch [129/391] loss 0.5972 lr 0.08187119948743452 acc 82.81% eta 0:55:24
2023-04-12 07:33:40,185 - __main__ - INFO - [INFO] 2023-04-12 07:33:40.185384 Epoch [29/100] batch [257/391] loss 0.5942 lr 0.08187119948743452 acc 81.25% eta 0:54:45
2023-04-12 07:33:57,298 - __main__ - INFO - [INFO] 2023-04-12 07:33:57.297953 Epoch [29/100] batch [385/391] loss 0.6626 lr 0.08187119948743452 acc 78.91% eta 0:54:13
2023-04-12 07:33:58,070 - __main__ - INFO - Computing epoch 29 validation accuracy...
2023-04-12 07:34:02,028 - __main__ - INFO - Computing epoch 29 validation loss...
2023-04-12 07:34:06,228 - __main__ - INFO - [INFO] 2023-04-12 07:34:06.228692 Epoch [30/100] batch [1/391] loss 0.4834 lr 0.08064535268264886 acc 81.25% eta 0:57:10
2023-04-12 07:34:23,322 - __main__ - INFO - [INFO] 2023-04-12 07:34:23.322296 Epoch [30/100] batch [129/391] loss 0.5371 lr 0.08064535268264886 acc 80.47% eta 0:53:21
2023-04-12 07:34:40,337 - __main__ - INFO - [INFO] 2023-04-12 07:34:40.337638 Epoch [30/100] batch [257/391] loss 0.7241 lr 0.08064535268264886 acc 68.75% eta 0:52:59
2023-04-12 07:34:57,184 - __main__ - INFO - [INFO] 2023-04-12 07:34:57.183938 Epoch [30/100] batch [385/391] loss 0.6089 lr 0.08064535268264886 acc 75.78% eta 0:52:32
2023-04-12 07:34:57,954 - __main__ - INFO - Computing epoch 30 validation accuracy...
2023-04-12 07:35:01,834 - __main__ - INFO - Computing epoch 30 validation loss...
2023-04-12 07:35:05,989 - __main__ - INFO - [INFO] 2023-04-12 07:35:05.989238 Epoch [31/100] batch [1/391] loss 0.6211 lr 0.0793892626146237 acc 78.91% eta 0:55:16
2023-04-12 07:35:23,247 - __main__ - INFO - [INFO] 2023-04-12 07:35:23.247629 Epoch [31/100] batch [129/391] loss 0.6367 lr 0.0793892626146237 acc 75.00% eta 0:53:07
2023-04-12 07:35:40,287 - __main__ - INFO - [INFO] 2023-04-12 07:35:40.287570 Epoch [31/100] batch [257/391] loss 0.5137 lr 0.0793892626146237 acc 71.09% eta 0:52:30
2023-04-12 07:35:57,191 - __main__ - INFO - [INFO] 2023-04-12 07:35:57.191429 Epoch [31/100] batch [385/391] loss 0.5234 lr 0.0793892626146237 acc 75.78% eta 0:52:01
2023-04-12 07:35:57,979 - __main__ - INFO - Computing epoch 31 validation accuracy...
2023-04-12 07:36:01,960 - __main__ - INFO - Computing epoch 31 validation loss...
2023-04-12 07:36:06,114 - __main__ - INFO - [INFO] 2023-04-12 07:36:06.114442 Epoch [32/100] batch [1/391] loss 0.5117 lr 0.07810416889260657 acc 82.03% eta 0:54:38
2023-04-12 07:36:23,045 - __main__ - INFO - [INFO] 2023-04-12 07:36:23.045282 Epoch [32/100] batch [129/391] loss 0.5527 lr 0.07810416889260657 acc 82.81% eta 0:51:21
2023-04-12 07:36:40,005 - __main__ - INFO - [INFO] 2023-04-12 07:36:40.005333 Epoch [32/100] batch [257/391] loss 0.6382 lr 0.07810416889260657 acc 72.66% eta 0:51:10
2023-04-12 07:36:57,124 - __main__ - INFO - [INFO] 2023-04-12 07:36:57.124496 Epoch [32/100] batch [385/391] loss 0.4172 lr 0.07810416889260657 acc 82.81% eta 0:51:05
2023-04-12 07:36:57,894 - __main__ - INFO - Computing epoch 32 validation accuracy...
2023-04-12 07:37:01,815 - __main__ - INFO - Computing epoch 32 validation loss...
2023-04-12 07:37:05,949 - __main__ - INFO - [INFO] 2023-04-12 07:37:05.949334 Epoch [33/100] batch [1/391] loss 0.6230 lr 0.07679133974894986 acc 82.81% eta 0:52:03
2023-04-12 07:37:22,758 - __main__ - INFO - [INFO] 2023-04-12 07:37:22.757837 Epoch [33/100] batch [129/391] loss 0.4248 lr 0.07679133974894986 acc 85.16% eta 0:50:09
2023-04-12 07:37:39,650 - __main__ - INFO - [INFO] 2023-04-12 07:37:39.650386 Epoch [33/100] batch [257/391] loss 0.4395 lr 0.07679133974894986 acc 84.38% eta 0:50:02
2023-04-12 07:37:56,662 - __main__ - INFO - [INFO] 2023-04-12 07:37:56.662011 Epoch [33/100] batch [385/391] loss 0.6631 lr 0.07679133974894986 acc 81.25% eta 0:50:01
2023-04-12 07:37:57,418 - __main__ - INFO - Computing epoch 33 validation accuracy...
2023-04-12 07:38:01,346 - __main__ - INFO - Computing epoch 33 validation loss...
2023-04-12 07:38:05,758 - __main__ - INFO - [INFO] 2023-04-12 07:38:05.758026 Epoch [34/100] batch [1/391] loss 0.7085 lr 0.0754520707875186 acc 79.69% eta 0:55:16
2023-04-12 07:38:23,270 - __main__ - INFO - [INFO] 2023-04-12 07:38:23.269863 Epoch [34/100] batch [129/391] loss 0.4407 lr 0.0754520707875186 acc 79.69% eta 0:51:38
2023-04-12 07:38:40,370 - __main__ - INFO - [INFO] 2023-04-12 07:38:40.370311 Epoch [34/100] batch [257/391] loss 0.4263 lr 0.0754520707875186 acc 81.25% eta 0:50:44
2023-04-12 07:38:57,243 - __main__ - INFO - [INFO] 2023-04-12 07:38:57.243607 Epoch [34/100] batch [385/391] loss 0.5161 lr 0.0754520707875186 acc 80.47% eta 0:50:03
2023-04-12 07:38:58,015 - __main__ - INFO - Computing epoch 34 validation accuracy...
2023-04-12 07:39:01,951 - __main__ - INFO - Computing epoch 34 validation loss...
2023-04-12 07:39:06,053 - __main__ - INFO - [INFO] 2023-04-12 07:39:06.053377 Epoch [35/100] batch [1/391] loss 0.4675 lr 0.0740876837050858 acc 82.81% eta 0:52:31
2023-04-12 07:39:22,948 - __main__ - INFO - [INFO] 2023-04-12 07:39:22.948620 Epoch [35/100] batch [129/391] loss 0.3525 lr 0.0740876837050858 acc 77.34% eta 0:49:04
2023-04-12 07:39:40,185 - __main__ - INFO - [INFO] 2023-04-12 07:39:40.185739 Epoch [35/100] batch [257/391] loss 0.5986 lr 0.0740876837050858 acc 75.00% eta 0:49:18
2023-04-12 07:39:57,520 - __main__ - INFO - [INFO] 2023-04-12 07:39:57.520042 Epoch [35/100] batch [385/391] loss 0.5063 lr 0.0740876837050858 acc 81.25% eta 0:49:21
2023-04-12 07:39:58,310 - __main__ - INFO - Computing epoch 35 validation accuracy...
2023-04-12 07:40:02,254 - __main__ - INFO - Computing epoch 35 validation loss...
2023-04-12 07:40:06,440 - __main__ - INFO - [INFO] 2023-04-12 07:40:06.440005 Epoch [36/100] batch [1/391] loss 0.4551 lr 0.07269952498697738 acc 81.25% eta 0:50:58
2023-04-12 07:40:23,300 - __main__ - INFO - [INFO] 2023-04-12 07:40:23.299832 Epoch [36/100] batch [129/391] loss 0.5225 lr 0.07269952498697738 acc 79.69% eta 0:48:07
2023-04-12 07:40:40,594 - __main__ - INFO - [INFO] 2023-04-12 07:40:40.594261 Epoch [36/100] batch [257/391] loss 0.5566 lr 0.07269952498697738 acc 76.56% eta 0:48:30
2023-04-12 07:40:57,632 - __main__ - INFO - [INFO] 2023-04-12 07:40:57.631989 Epoch [36/100] batch [385/391] loss 0.6211 lr 0.07269952498697738 acc 71.88% eta 0:48:13
2023-04-12 07:40:58,398 - __main__ - INFO - Computing epoch 36 validation accuracy...
2023-04-12 07:41:02,352 - __main__ - INFO - Computing epoch 36 validation loss...
2023-04-12 07:41:06,596 - __main__ - INFO - [INFO] 2023-04-12 07:41:06.596167 Epoch [37/100] batch [1/391] loss 0.4988 lr 0.07128896457825366 acc 80.47% eta 0:51:35
2023-04-12 07:41:23,684 - __main__ - INFO - [INFO] 2023-04-12 07:41:23.684655 Epoch [37/100] batch [129/391] loss 0.4055 lr 0.07128896457825366 acc 73.44% eta 0:48:09
2023-04-12 07:41:40,962 - __main__ - INFO - [INFO] 2023-04-12 07:41:40.962374 Epoch [37/100] batch [257/391] loss 0.5303 lr 0.07128896457825366 acc 78.12% eta 0:48:10
2023-04-12 07:41:57,905 - __main__ - INFO - [INFO] 2023-04-12 07:41:57.905589 Epoch [37/100] batch [385/391] loss 0.5142 lr 0.07128896457825366 acc 78.91% eta 0:47:39
2023-04-12 07:41:58,675 - __main__ - INFO - Computing epoch 37 validation accuracy...
2023-04-12 07:42:02,664 - __main__ - INFO - Computing epoch 37 validation loss...
2023-04-12 07:42:06,799 - __main__ - INFO - [INFO] 2023-04-12 07:42:06.799764 Epoch [38/100] batch [1/391] loss 0.5957 lr 0.06985739453173906 acc 78.12% eta 0:48:19
2023-04-12 07:42:23,699 - __main__ - INFO - [INFO] 2023-04-12 07:42:23.699822 Epoch [38/100] batch [129/391] loss 0.5928 lr 0.06985739453173906 acc 78.12% eta 0:46:49
2023-04-12 07:42:40,942 - __main__ - INFO - [INFO] 2023-04-12 07:42:40.942101 Epoch [38/100] batch [257/391] loss 0.6084 lr 0.06985739453173906 acc 75.78% eta 0:47:02
2023-04-12 07:42:57,809 - __main__ - INFO - [INFO] 2023-04-12 07:42:57.809460 Epoch [38/100] batch [385/391] loss 0.5537 lr 0.06985739453173906 acc 78.12% eta 0:46:36
2023-04-12 07:42:58,573 - __main__ - INFO - Computing epoch 38 validation accuracy...
2023-04-12 07:43:02,554 - __main__ - INFO - Computing epoch 38 validation loss...
2023-04-12 07:43:06,713 - __main__ - INFO - [INFO] 2023-04-12 07:43:06.713071 Epoch [39/100] batch [1/391] loss 0.4614 lr 0.06840622763423394 acc 78.91% eta 0:48:46
2023-04-12 07:43:23,830 - __main__ - INFO - [INFO] 2023-04-12 07:43:23.830266 Epoch [39/100] batch [129/391] loss 0.5010 lr 0.06840622763423394 acc 79.69% eta 0:46:47
2023-04-12 07:43:41,277 - __main__ - INFO - [INFO] 2023-04-12 07:43:41.277208 Epoch [39/100] batch [257/391] loss 0.4224 lr 0.06840622763423394 acc 82.81% eta 0:47:00
2023-04-12 07:43:58,103 - __main__ - INFO - [INFO] 2023-04-12 07:43:58.102937 Epoch [39/100] batch [385/391] loss 0.4304 lr 0.06840622763423394 acc 82.03% eta 0:46:16
2023-04-12 07:43:58,878 - __main__ - INFO - Computing epoch 39 validation accuracy...
2023-04-12 07:44:02,882 - __main__ - INFO - Computing epoch 39 validation loss...
2023-04-12 07:44:06,980 - __main__ - INFO - [INFO] 2023-04-12 07:44:06.980779 Epoch [40/100] batch [1/391] loss 0.3904 lr 0.06693689601226462 acc 83.59% eta 0:49:30
2023-04-12 07:44:23,842 - __main__ - INFO - [INFO] 2023-04-12 07:44:23.842444 Epoch [40/100] batch [129/391] loss 0.5356 lr 0.06693689601226462 acc 84.38% eta 0:45:18
2023-04-12 07:44:40,668 - __main__ - INFO - [INFO] 2023-04-12 07:44:40.668213 Epoch [40/100] batch [257/391] loss 0.4653 lr 0.06693689601226462 acc 77.34% eta 0:44:58
2023-04-12 07:44:57,569 - __main__ - INFO - [INFO] 2023-04-12 07:44:57.569721 Epoch [40/100] batch [385/391] loss 0.4458 lr 0.06693689601226462 acc 82.03% eta 0:44:45
2023-04-12 07:44:58,330 - __main__ - INFO - Computing epoch 40 validation accuracy...
2023-04-12 07:45:02,304 - __main__ - INFO - Computing epoch 40 validation loss...
2023-04-12 07:45:06,615 - __main__ - INFO - [INFO] 2023-04-12 07:45:06.615140 Epoch [41/100] batch [1/391] loss 0.4536 lr 0.06545084971874741 acc 82.03% eta 0:47:04
2023-04-12 07:45:23,799 - __main__ - INFO - [INFO] 2023-04-12 07:45:23.799039 Epoch [41/100] batch [129/391] loss 0.5029 lr 0.06545084971874741 acc 82.03% eta 0:45:16
2023-04-12 07:45:40,743 - __main__ - INFO - [INFO] 2023-04-12 07:45:40.742925 Epoch [41/100] batch [257/391] loss 0.4668 lr 0.06545084971874741 acc 87.50% eta 0:44:42
2023-04-12 07:45:57,942 - __main__ - INFO - [INFO] 2023-04-12 07:45:57.942248 Epoch [41/100] batch [385/391] loss 0.5098 lr 0.06545084971874741 acc 76.56% eta 0:44:38
2023-04-12 07:45:58,725 - __main__ - INFO - Computing epoch 41 validation accuracy...
2023-04-12 07:46:02,872 - __main__ - INFO - Computing epoch 41 validation loss...
2023-04-12 07:46:07,324 - __main__ - INFO - [INFO] 2023-04-12 07:46:07.324707 Epoch [42/100] batch [1/391] loss 0.4763 lr 0.06394955530196152 acc 85.94% eta 0:47:29
2023-04-12 07:46:24,380 - __main__ - INFO - [INFO] 2023-04-12 07:46:24.380288 Epoch [42/100] batch [129/391] loss 0.5894 lr 0.06394955530196152 acc 82.03% eta 0:44:15
2023-04-12 07:46:41,450 - __main__ - INFO - [INFO] 2023-04-12 07:46:41.450715 Epoch [42/100] batch [257/391] loss 0.5396 lr 0.06394955530196152 acc 88.28% eta 0:44:02
2023-04-12 07:46:58,551 - __main__ - INFO - [INFO] 2023-04-12 07:46:58.551513 Epoch [42/100] batch [385/391] loss 0.5142 lr 0.06394955530196152 acc 84.38% eta 0:43:48
2023-04-12 07:46:59,317 - __main__ - INFO - Computing epoch 42 validation accuracy...
2023-04-12 07:47:03,354 - __main__ - INFO - Computing epoch 42 validation loss...
2023-04-12 07:47:07,555 - __main__ - INFO - [INFO] 2023-04-12 07:47:07.555462 Epoch [43/100] batch [1/391] loss 0.5225 lr 0.062434494358242776 acc 78.91% eta 0:45:22
2023-04-12 07:47:24,677 - __main__ - INFO - [INFO] 2023-04-12 07:47:24.676921 Epoch [43/100] batch [129/391] loss 0.4417 lr 0.062434494358242776 acc 83.59% eta 0:43:38
2023-04-12 07:47:41,887 - __main__ - INFO - [INFO] 2023-04-12 07:47:41.887174 Epoch [43/100] batch [257/391] loss 0.4980 lr 0.062434494358242776 acc 85.94% eta 0:43:33
2023-04-12 07:47:58,865 - __main__ - INFO - [INFO] 2023-04-12 07:47:58.864927 Epoch [43/100] batch [385/391] loss 0.4255 lr 0.062434494358242776 acc 84.38% eta 0:43:08
2023-04-12 07:47:59,647 - __main__ - INFO - Computing epoch 43 validation accuracy...
2023-04-12 07:48:03,694 - __main__ - INFO - Computing epoch 43 validation loss...
2023-04-12 07:48:07,861 - __main__ - INFO - [INFO] 2023-04-12 07:48:07.861755 Epoch [44/100] batch [1/391] loss 0.4631 lr 0.06090716206982718 acc 78.12% eta 0:43:54
2023-04-12 07:48:24,726 - __main__ - INFO - [INFO] 2023-04-12 07:48:24.725883 Epoch [44/100] batch [129/391] loss 0.4255 lr 0.06090716206982718 acc 87.50% eta 0:42:10
2023-04-12 07:48:41,684 - __main__ - INFO - [INFO] 2023-04-12 07:48:41.684652 Epoch [44/100] batch [257/391] loss 0.5137 lr 0.06090716206982718 acc 82.81% eta 0:42:03
2023-04-12 07:48:58,569 - __main__ - INFO - [INFO] 2023-04-12 07:48:58.569694 Epoch [44/100] batch [385/391] loss 0.4636 lr 0.06090716206982718 acc 83.59% eta 0:41:48
2023-04-12 07:48:59,347 - __main__ - INFO - Computing epoch 44 validation accuracy...
2023-04-12 07:49:03,332 - __main__ - INFO - Computing epoch 44 validation loss...
2023-04-12 07:49:07,542 - __main__ - INFO - [INFO] 2023-04-12 07:49:07.541987 Epoch [45/100] batch [1/391] loss 0.6206 lr 0.05936906572928628 acc 75.00% eta 0:49:22
2023-04-12 07:49:24,751 - __main__ - INFO - [INFO] 2023-04-12 07:49:24.751655 Epoch [45/100] batch [129/391] loss 0.4878 lr 0.05936906572928628 acc 78.91% eta 0:42:22
2023-04-12 07:49:41,597 - __main__ - INFO - [INFO] 2023-04-12 07:49:41.597259 Epoch [45/100] batch [257/391] loss 0.4050 lr 0.05936906572928628 acc 82.81% eta 0:41:37
2023-04-12 07:49:58,911 - __main__ - INFO - [INFO] 2023-04-12 07:49:58.911089 Epoch [45/100] batch [385/391] loss 0.4553 lr 0.05936906572928628 acc 83.59% eta 0:41:37
2023-04-12 07:49:59,737 - __main__ - INFO - Computing epoch 45 validation accuracy...
2023-04-12 07:50:03,733 - __main__ - INFO - Computing epoch 45 validation loss...
2023-04-12 07:50:07,874 - __main__ - INFO - [INFO] 2023-04-12 07:50:07.874810 Epoch [46/100] batch [1/391] loss 0.4465 lr 0.05782172325201159 acc 78.12% eta 0:53:19
2023-04-12 07:50:25,200 - __main__ - INFO - [INFO] 2023-04-12 07:50:25.200562 Epoch [46/100] batch [129/391] loss 0.4670 lr 0.05782172325201159 acc 82.81% eta 0:42:01
2023-04-12 07:50:42,106 - __main__ - INFO - [INFO] 2023-04-12 07:50:42.105892 Epoch [46/100] batch [257/391] loss 0.5327 lr 0.05782172325201159 acc 82.03% eta 0:41:10
2023-04-12 07:50:59,381 - __main__ - INFO - [INFO] 2023-04-12 07:50:59.381199 Epoch [46/100] batch [385/391] loss 0.5210 lr 0.05782172325201159 acc 76.56% eta 0:41:02
2023-04-12 07:51:00,202 - __main__ - INFO - Computing epoch 46 validation accuracy...
2023-04-12 07:51:04,163 - __main__ - INFO - Computing epoch 46 validation loss...
2023-04-12 07:51:08,444 - __main__ - INFO - [INFO] 2023-04-12 07:51:08.444640 Epoch [47/100] batch [1/391] loss 0.3826 lr 0.056266661678215264 acc 78.12% eta 0:50:07
2023-04-12 07:51:25,303 - __main__ - INFO - [INFO] 2023-04-12 07:51:25.303558 Epoch [47/100] batch [129/391] loss 0.5630 lr 0.056266661678215264 acc 75.00% eta 0:40:00
2023-04-12 07:51:42,236 - __main__ - INFO - [INFO] 2023-04-12 07:51:42.236161 Epoch [47/100] batch [257/391] loss 0.5190 lr 0.056266661678215264 acc 78.12% eta 0:39:48
2023-04-12 07:51:59,462 - __main__ - INFO - [INFO] 2023-04-12 07:51:59.462478 Epoch [47/100] batch [385/391] loss 0.3845 lr 0.056266661678215264 acc 85.16% eta 0:39:52
2023-04-12 07:52:00,259 - __main__ - INFO - Computing epoch 47 validation accuracy...
2023-04-12 07:52:04,240 - __main__ - INFO - Computing epoch 47 validation loss...
2023-04-12 07:52:08,382 - __main__ - INFO - [INFO] 2023-04-12 07:52:08.381700 Epoch [48/100] batch [1/391] loss 0.4004 lr 0.05470541566592575 acc 85.94% eta 0:42:52
2023-04-12 07:52:25,576 - __main__ - INFO - [INFO] 2023-04-12 07:52:25.575882 Epoch [48/100] batch [129/391] loss 0.4167 lr 0.05470541566592575 acc 78.12% eta 0:40:07
2023-04-12 07:52:42,585 - __main__ - INFO - [INFO] 2023-04-12 07:52:42.585105 Epoch [48/100] batch [257/391] loss 0.4397 lr 0.05470541566592575 acc 78.91% eta 0:39:38
2023-04-12 07:52:59,504 - __main__ - INFO - [INFO] 2023-04-12 07:52:59.504092 Epoch [48/100] batch [385/391] loss 0.6616 lr 0.05470541566592575 acc 83.59% eta 0:39:14
2023-04-12 07:53:00,272 - __main__ - INFO - Computing epoch 48 validation accuracy...
2023-04-12 07:53:04,183 - __main__ - INFO - Computing epoch 48 validation loss...
2023-04-12 07:53:08,366 - __main__ - INFO - [INFO] 2023-04-12 07:53:08.366477 Epoch [49/100] batch [1/391] loss 0.5879 lr 0.053139525976465714 acc 83.59% eta 0:40:09
2023-04-12 07:53:25,260 - __main__ - INFO - [INFO] 2023-04-12 07:53:25.260472 Epoch [49/100] batch [129/391] loss 0.3977 lr 0.053139525976465714 acc 81.25% eta 0:38:39
2023-04-12 07:53:42,436 - __main__ - INFO - [INFO] 2023-04-12 07:53:42.436641 Epoch [49/100] batch [257/391] loss 0.5210 lr 0.053139525976465714 acc 84.38% eta 0:38:40
2023-04-12 07:53:59,374 - __main__ - INFO - [INFO] 2023-04-12 07:53:59.374607 Epoch [49/100] batch [385/391] loss 0.3784 lr 0.053139525976465714 acc 86.72% eta 0:38:20
2023-04-12 07:54:00,176 - __main__ - INFO - Computing epoch 49 validation accuracy...
2023-04-12 07:54:04,090 - __main__ - INFO - Computing epoch 49 validation loss...
2023-04-12 07:54:08,211 - __main__ - INFO - [INFO] 2023-04-12 07:54:08.211810 Epoch [50/100] batch [1/391] loss 0.4719 lr 0.05157053795390645 acc 75.00% eta 0:39:58
2023-04-12 07:54:25,180 - __main__ - INFO - [INFO] 2023-04-12 07:54:25.180067 Epoch [50/100] batch [129/391] loss 0.4944 lr 0.05157053795390645 acc 78.91% eta 0:38:01
2023-04-12 07:54:42,134 - __main__ - INFO - [INFO] 2023-04-12 07:54:42.134192 Epoch [50/100] batch [257/391] loss 0.4128 lr 0.05157053795390645 acc 85.94% eta 0:37:42
2023-04-12 07:54:59,210 - __main__ - INFO - [INFO] 2023-04-12 07:54:59.210455 Epoch [50/100] batch [385/391] loss 0.4514 lr 0.05157053795390645 acc 87.50% eta 0:37:34
2023-04-12 07:55:00,009 - __main__ - INFO - Computing epoch 50 validation accuracy...
2023-04-12 07:55:04,048 - __main__ - INFO - Computing epoch 50 validation loss...
2023-04-12 07:55:08,267 - __main__ - INFO - [INFO] 2023-04-12 07:55:08.267199 Epoch [51/100] batch [1/391] loss 0.4019 lr 0.05000000000000004 acc 85.16% eta 0:39:36
2023-04-12 07:55:25,614 - __main__ - INFO - [INFO] 2023-04-12 07:55:25.613976 Epoch [51/100] batch [129/391] loss 0.3508 lr 0.05000000000000004 acc 88.28% eta 0:38:11
2023-04-12 07:55:43,229 - __main__ - INFO - [INFO] 2023-04-12 07:55:43.228760 Epoch [51/100] batch [257/391] loss 0.5122 lr 0.05000000000000004 acc 83.59% eta 0:38:15
2023-04-12 07:56:00,588 - __main__ - INFO - [INFO] 2023-04-12 07:56:00.587975 Epoch [51/100] batch [385/391] loss 0.4863 lr 0.05000000000000004 acc 75.00% eta 0:37:54
2023-04-12 07:56:01,356 - __main__ - INFO - Computing epoch 51 validation accuracy...
2023-04-12 07:56:05,442 - __main__ - INFO - Computing epoch 51 validation loss...
2023-04-12 07:56:09,630 - __main__ - INFO - [INFO] 2023-04-12 07:56:09.630715 Epoch [52/100] batch [1/391] loss 0.4370 lr 0.04842946204609362 acc 88.28% eta 0:38:44
2023-04-12 07:56:26,625 - __main__ - INFO - [INFO] 2023-04-12 07:56:26.625370 Epoch [52/100] batch [129/391] loss 0.4297 lr 0.04842946204609362 acc 89.84% eta 0:36:29
2023-04-12 07:56:43,477 - __main__ - INFO - [INFO] 2023-04-12 07:56:43.477216 Epoch [52/100] batch [257/391] loss 0.3547 lr 0.04842946204609362 acc 91.41% eta 0:36:08
2023-04-12 07:57:00,281 - __main__ - INFO - [INFO] 2023-04-12 07:57:00.280838 Epoch [52/100] batch [385/391] loss 0.4060 lr 0.04842946204609362 acc 83.59% eta 0:35:47
2023-04-12 07:57:01,078 - __main__ - INFO - Computing epoch 52 validation accuracy...
2023-04-12 07:57:05,002 - __main__ - INFO - Computing epoch 52 validation loss...
2023-04-12 07:57:09,218 - __main__ - INFO - [INFO] 2023-04-12 07:57:09.218139 Epoch [53/100] batch [1/391] loss 0.4561 lr 0.04686047402353437 acc 73.44% eta 0:38:02
2023-04-12 07:57:26,136 - __main__ - INFO - [INFO] 2023-04-12 07:57:26.136123 Epoch [53/100] batch [129/391] loss 0.3494 lr 0.04686047402353437 acc 94.53% eta 0:35:38
2023-04-12 07:57:43,214 - __main__ - INFO - [INFO] 2023-04-12 07:57:43.214379 Epoch [53/100] batch [257/391] loss 0.6450 lr 0.04686047402353437 acc 76.56% eta 0:35:34
2023-04-12 07:58:00,339 - __main__ - INFO - [INFO] 2023-04-12 07:58:00.339362 Epoch [53/100] batch [385/391] loss 0.3826 lr 0.04686047402353437 acc 89.06% eta 0:35:25
2023-04-12 07:58:01,144 - __main__ - INFO - Computing epoch 53 validation accuracy...
2023-04-12 07:58:05,118 - __main__ - INFO - Computing epoch 53 validation loss...
2023-04-12 07:58:09,318 - __main__ - INFO - [INFO] 2023-04-12 07:58:09.318403 Epoch [54/100] batch [1/391] loss 0.4688 lr 0.045294584334074316 acc 88.28% eta 0:36:33
2023-04-12 07:58:26,520 - __main__ - INFO - [INFO] 2023-04-12 07:58:26.520344 Epoch [54/100] batch [129/391] loss 0.4377 lr 0.045294584334074316 acc 88.28% eta 0:35:29
2023-04-12 07:58:43,731 - __main__ - INFO - [INFO] 2023-04-12 07:58:43.731137 Epoch [54/100] batch [257/391] loss 0.4556 lr 0.045294584334074316 acc 83.59% eta 0:35:15
2023-04-12 07:59:00,930 - __main__ - INFO - [INFO] 2023-04-12 07:59:00.930637 Epoch [54/100] batch [385/391] loss 0.4890 lr 0.045294584334074316 acc 89.84% eta 0:34:59
2023-04-12 07:59:01,724 - __main__ - INFO - Computing epoch 54 validation accuracy...
2023-04-12 07:59:05,873 - __main__ - INFO - Computing epoch 54 validation loss...
2023-04-12 07:59:10,088 - __main__ - INFO - [INFO] 2023-04-12 07:59:10.088155 Epoch [55/100] batch [1/391] loss 0.4272 lr 0.043733338321784825 acc 79.69% eta 0:38:16
2023-04-12 07:59:27,228 - __main__ - INFO - [INFO] 2023-04-12 07:59:27.228406 Epoch [55/100] batch [129/391] loss 0.4729 lr 0.043733338321784825 acc 89.06% eta 0:34:39
2023-04-12 07:59:44,197 - __main__ - INFO - [INFO] 2023-04-12 07:59:44.197705 Epoch [55/100] batch [257/391] loss 0.4861 lr 0.043733338321784825 acc 82.03% eta 0:34:13
2023-04-12 08:00:01,487 - __main__ - INFO - [INFO] 2023-04-12 08:00:01.487067 Epoch [55/100] batch [385/391] loss 0.5562 lr 0.043733338321784825 acc 82.81% eta 0:34:06
2023-04-12 08:00:02,282 - __main__ - INFO - Computing epoch 55 validation accuracy...
2023-04-12 08:00:06,201 - __main__ - INFO - Computing epoch 55 validation loss...
2023-04-12 08:00:10,405 - __main__ - INFO - [INFO] 2023-04-12 08:00:10.404856 Epoch [56/100] batch [1/391] loss 0.3171 lr 0.042178276747988484 acc 87.50% eta 0:35:58
2023-04-12 08:00:27,406 - __main__ - INFO - [INFO] 2023-04-12 08:00:27.406492 Epoch [56/100] batch [129/391] loss 0.3943 lr 0.042178276747988484 acc 88.28% eta 0:33:36
2023-04-12 08:00:44,437 - __main__ - INFO - [INFO] 2023-04-12 08:00:44.437604 Epoch [56/100] batch [257/391] loss 0.2996 lr 0.042178276747988484 acc 85.16% eta 0:33:21
2023-04-12 08:01:02,088 - __main__ - INFO - [INFO] 2023-04-12 08:01:02.088752 Epoch [56/100] batch [385/391] loss 0.4077 lr 0.042178276747988484 acc 76.56% eta 0:33:30
2023-04-12 08:01:02,864 - __main__ - INFO - Computing epoch 56 validation accuracy...
2023-04-12 08:01:06,841 - __main__ - INFO - Computing epoch 56 validation loss...
2023-04-12 08:01:11,059 - __main__ - INFO - [INFO] 2023-04-12 08:01:11.059752 Epoch [57/100] batch [1/391] loss 0.4392 lr 0.0406309342707138 acc 82.81% eta 0:35:15
2023-04-12 08:01:28,130 - __main__ - INFO - [INFO] 2023-04-12 08:01:28.130787 Epoch [57/100] batch [129/391] loss 0.4609 lr 0.0406309342707138 acc 82.81% eta 0:32:54
2023-04-12 08:01:45,079 - __main__ - INFO - [INFO] 2023-04-12 08:01:45.078831 Epoch [57/100] batch [257/391] loss 0.3887 lr 0.0406309342707138 acc 85.94% eta 0:32:33
2023-04-12 08:02:02,196 - __main__ - INFO - [INFO] 2023-04-12 08:02:02.196312 Epoch [57/100] batch [385/391] loss 0.4070 lr 0.0406309342707138 acc 84.38% eta 0:32:23
2023-04-12 08:02:02,987 - __main__ - INFO - Computing epoch 57 validation accuracy...
2023-04-12 08:02:06,987 - __main__ - INFO - Computing epoch 57 validation loss...
2023-04-12 08:02:11,295 - __main__ - INFO - [INFO] 2023-04-12 08:02:11.295590 Epoch [58/100] batch [1/391] loss 0.2930 lr 0.039092837930172916 acc 82.81% eta 0:32:41
2023-04-12 08:02:28,390 - __main__ - INFO - [INFO] 2023-04-12 08:02:28.390584 Epoch [58/100] batch [129/391] loss 0.4727 lr 0.039092837930172916 acc 82.03% eta 0:32:15
2023-04-12 08:02:45,427 - __main__ - INFO - [INFO] 2023-04-12 08:02:45.427479 Epoch [58/100] batch [257/391] loss 0.3999 lr 0.039092837930172916 acc 81.25% eta 0:31:54
2023-04-12 08:03:02,833 - __main__ - INFO - [INFO] 2023-04-12 08:03:02.833156 Epoch [58/100] batch [385/391] loss 0.4082 lr 0.039092837930172916 acc 89.06% eta 0:31:55
2023-04-12 08:03:03,601 - __main__ - INFO - Computing epoch 58 validation accuracy...
2023-04-12 08:03:07,607 - __main__ - INFO - Computing epoch 58 validation loss...
2023-04-12 08:03:11,851 - __main__ - INFO - [INFO] 2023-04-12 08:03:11.850919 Epoch [59/100] batch [1/391] loss 0.4399 lr 0.037565505641757285 acc 85.94% eta 0:33:57
2023-04-12 08:03:28,919 - __main__ - INFO - [INFO] 2023-04-12 08:03:28.918786 Epoch [59/100] batch [129/391] loss 0.3562 lr 0.037565505641757285 acc 85.16% eta 0:31:28
2023-04-12 08:03:46,133 - __main__ - INFO - [INFO] 2023-04-12 08:03:46.133052 Epoch [59/100] batch [257/391] loss 0.3269 lr 0.037565505641757285 acc 76.56% eta 0:31:20
2023-04-12 08:04:03,351 - __main__ - INFO - [INFO] 2023-04-12 08:04:03.351272 Epoch [59/100] batch [385/391] loss 0.4026 lr 0.037565505641757285 acc 83.59% eta 0:31:07
2023-04-12 08:04:04,123 - __main__ - INFO - Computing epoch 59 validation accuracy...
2023-04-12 08:04:08,152 - __main__ - INFO - Computing epoch 59 validation loss...
2023-04-12 08:04:12,498 - __main__ - INFO - [INFO] 2023-04-12 08:04:12.497940 Epoch [60/100] batch [1/391] loss 0.2991 lr 0.03605044469803857 acc 85.94% eta 0:38:43
2023-04-12 08:04:29,902 - __main__ - INFO - [INFO] 2023-04-12 08:04:29.902177 Epoch [60/100] batch [129/391] loss 0.2979 lr 0.03605044469803857 acc 89.84% eta 0:31:26
2023-04-12 08:04:47,156 - __main__ - INFO - [INFO] 2023-04-12 08:04:47.155938 Epoch [60/100] batch [257/391] loss 0.3020 lr 0.03605044469803857 acc 89.84% eta 0:30:56
2023-04-12 08:05:04,263 - __main__ - INFO - [INFO] 2023-04-12 08:05:04.263327 Epoch [60/100] batch [385/391] loss 0.4197 lr 0.03605044469803857 acc 82.81% eta 0:30:33
2023-04-12 08:05:05,047 - __main__ - INFO - Computing epoch 60 validation accuracy...
2023-04-12 08:05:09,069 - __main__ - INFO - Computing epoch 60 validation loss...
2023-04-12 08:05:13,301 - __main__ - INFO - [INFO] 2023-04-12 08:05:13.301078 Epoch [61/100] batch [1/391] loss 0.2786 lr 0.034549150281252675 acc 91.41% eta 0:34:43
2023-04-12 08:05:30,439 - __main__ - INFO - [INFO] 2023-04-12 08:05:30.438865 Epoch [61/100] batch [129/391] loss 0.3811 lr 0.034549150281252675 acc 89.84% eta 0:30:05
2023-04-12 08:05:47,443 - __main__ - INFO - [INFO] 2023-04-12 08:05:47.443094 Epoch [61/100] batch [257/391] loss 0.4712 lr 0.034549150281252675 acc 85.16% eta 0:29:43
2023-04-12 08:06:04,807 - __main__ - INFO - [INFO] 2023-04-12 08:06:04.807749 Epoch [61/100] batch [385/391] loss 0.3823 lr 0.034549150281252675 acc 88.28% eta 0:29:39
2023-04-12 08:06:05,571 - __main__ - INFO - Computing epoch 61 validation accuracy...
2023-04-12 08:06:09,606 - __main__ - INFO - Computing epoch 61 validation loss...
2023-04-12 08:06:13,806 - __main__ - INFO - [INFO] 2023-04-12 08:06:13.806699 Epoch [62/100] batch [1/391] loss 0.3643 lr 0.03306310398773546 acc 85.94% eta 0:33:22
2023-04-12 08:06:30,837 - __main__ - INFO - [INFO] 2023-04-12 08:06:30.837525 Epoch [62/100] batch [129/391] loss 0.3889 lr 0.03306310398773546 acc 85.94% eta 0:29:08
2023-04-12 08:06:47,658 - __main__ - INFO - [INFO] 2023-04-12 08:06:47.657868 Epoch [62/100] batch [257/391] loss 0.2925 lr 0.03306310398773546 acc 92.19% eta 0:28:40
2023-04-12 08:07:04,633 - __main__ - INFO - [INFO] 2023-04-12 08:07:04.633059 Epoch [62/100] batch [385/391] loss 0.4207 lr 0.03306310398773546 acc 84.38% eta 0:28:27
2023-04-12 08:07:05,410 - __main__ - INFO - Computing epoch 62 validation accuracy...
2023-04-12 08:07:09,346 - __main__ - INFO - Computing epoch 62 validation loss...
2023-04-12 08:07:13,571 - __main__ - INFO - [INFO] 2023-04-12 08:07:13.571254 Epoch [63/100] batch [1/391] loss 0.2527 lr 0.031593772365766146 acc 93.75% eta 0:29:00
2023-04-12 08:07:30,436 - __main__ - INFO - [INFO] 2023-04-12 08:07:30.436808 Epoch [63/100] batch [129/391] loss 0.4355 lr 0.031593772365766146 acc 85.16% eta 0:28:02
2023-04-12 08:07:47,432 - __main__ - INFO - [INFO] 2023-04-12 08:07:47.431942 Epoch [63/100] batch [257/391] loss 0.3931 lr 0.031593772365766146 acc 85.16% eta 0:27:54
2023-04-12 08:08:04,421 - __main__ - INFO - [INFO] 2023-04-12 08:08:04.421132 Epoch [63/100] batch [385/391] loss 0.3193 lr 0.031593772365766146 acc 89.84% eta 0:27:41
2023-04-12 08:08:05,204 - __main__ - INFO - Computing epoch 63 validation accuracy...
2023-04-12 08:08:09,197 - __main__ - INFO - Computing epoch 63 validation loss...
2023-04-12 08:08:13,348 - __main__ - INFO - [INFO] 2023-04-12 08:08:13.348171 Epoch [64/100] batch [1/391] loss 0.3403 lr 0.030142605468260992 acc 87.50% eta 0:28:07
2023-04-12 08:08:30,736 - __main__ - INFO - [INFO] 2023-04-12 08:08:30.736246 Epoch [64/100] batch [129/391] loss 0.3970 lr 0.030142605468260992 acc 88.28% eta 0:28:16
2023-04-12 08:08:47,884 - __main__ - INFO - [INFO] 2023-04-12 08:08:47.884088 Epoch [64/100] batch [257/391] loss 0.4375 lr 0.030142605468260992 acc 86.72% eta 0:27:50
2023-04-12 08:09:05,104 - __main__ - INFO - [INFO] 2023-04-12 08:09:05.104249 Epoch [64/100] batch [385/391] loss 0.4446 lr 0.030142605468260992 acc 83.59% eta 0:27:33
2023-04-12 08:09:05,896 - __main__ - INFO - Computing epoch 64 validation accuracy...
2023-04-12 08:09:10,025 - __main__ - INFO - Computing epoch 64 validation loss...
2023-04-12 08:09:14,331 - __main__ - INFO - [INFO] 2023-04-12 08:09:14.331649 Epoch [65/100] batch [1/391] loss 0.3164 lr 0.028711035421746394 acc 85.94% eta 0:40:07
2023-04-12 08:09:31,320 - __main__ - INFO - [INFO] 2023-04-12 08:09:31.320468 Epoch [65/100] batch [129/391] loss 0.2720 lr 0.028711035421746394 acc 88.28% eta 0:26:51
2023-04-12 08:09:48,323 - __main__ - INFO - [INFO] 2023-04-12 08:09:48.322942 Epoch [65/100] batch [257/391] loss 0.3101 lr 0.028711035421746394 acc 89.06% eta 0:26:35
2023-04-12 08:10:05,265 - __main__ - INFO - [INFO] 2023-04-12 08:10:05.264889 Epoch [65/100] batch [385/391] loss 0.2385 lr 0.028711035421746394 acc 92.97% eta 0:26:18
2023-04-12 08:10:06,030 - __main__ - INFO - Computing epoch 65 validation accuracy...
2023-04-12 08:10:09,958 - __main__ - INFO - Computing epoch 65 validation loss...
2023-04-12 08:10:14,137 - __main__ - INFO - [INFO] 2023-04-12 08:10:14.137717 Epoch [66/100] batch [1/391] loss 0.2749 lr 0.027300475013022688 acc 92.97% eta 0:29:06
2023-04-12 08:10:33,465 - __main__ - INFO - [INFO] 2023-04-12 08:10:33.465442 Epoch [66/100] batch [129/391] loss 0.4275 lr 0.027300475013022688 acc 85.94% eta 0:30:07
2023-04-12 08:10:53,181 - __main__ - INFO - [INFO] 2023-04-12 08:10:53.180924 Epoch [66/100] batch [257/391] loss 0.2664 lr 0.027300475013022688 acc 92.19% eta 0:30:09
2023-04-12 08:11:13,048 - __main__ - INFO - [INFO] 2023-04-12 08:11:13.047886 Epoch [66/100] batch [385/391] loss 0.4343 lr 0.027300475013022688 acc 87.50% eta 0:30:04
2023-04-12 08:11:13,902 - __main__ - INFO - Computing epoch 66 validation accuracy...
2023-04-12 08:11:17,873 - __main__ - INFO - Computing epoch 66 validation loss...
2023-04-12 08:11:22,057 - __main__ - INFO - [INFO] 2023-04-12 08:11:22.056875 Epoch [67/100] batch [1/391] loss 0.2413 lr 0.025912316294914254 acc 92.97% eta 0:27:46
2023-04-12 08:11:39,221 - __main__ - INFO - [INFO] 2023-04-12 08:11:39.221158 Epoch [67/100] batch [129/391] loss 0.3074 lr 0.025912316294914254 acc 90.62% eta 0:25:36
2023-04-12 08:11:56,695 - __main__ - INFO - [INFO] 2023-04-12 08:11:56.694895 Epoch [67/100] batch [257/391] loss 0.3030 lr 0.025912316294914254 acc 88.28% eta 0:25:35
2023-04-12 08:12:14,028 - __main__ - INFO - [INFO] 2023-04-12 08:12:14.028587 Epoch [67/100] batch [385/391] loss 0.2668 lr 0.025912316294914254 acc 91.41% eta 0:25:20
2023-04-12 08:12:14,807 - __main__ - INFO - Computing epoch 67 validation accuracy...
2023-04-12 08:12:18,830 - __main__ - INFO - Computing epoch 67 validation loss...
2023-04-12 08:12:23,068 - __main__ - INFO - [INFO] 2023-04-12 08:12:23.067476 Epoch [68/100] batch [1/391] loss 0.1038 lr 0.02454792921248146 acc 99.22% eta 0:26:29
2023-04-12 08:12:40,512 - __main__ - INFO - [INFO] 2023-04-12 08:12:40.511814 Epoch [68/100] batch [129/391] loss 0.3088 lr 0.02454792921248146 acc 85.16% eta 0:25:15
2023-04-12 08:12:57,487 - __main__ - INFO - [INFO] 2023-04-12 08:12:57.486613 Epoch [68/100] batch [257/391] loss 0.2634 lr 0.02454792921248146 acc 87.50% eta 0:24:38
2023-04-12 08:13:14,742 - __main__ - INFO - [INFO] 2023-04-12 08:13:14.742111 Epoch [68/100] batch [385/391] loss 0.2749 lr 0.02454792921248146 acc 93.75% eta 0:24:26
2023-04-12 08:13:15,534 - __main__ - INFO - Computing epoch 68 validation accuracy...
2023-04-12 08:13:19,796 - __main__ - INFO - Computing epoch 68 validation loss...
2023-04-12 08:13:23,966 - __main__ - INFO - [INFO] 2023-04-12 08:13:23.965778 Epoch [69/100] batch [1/391] loss 0.1864 lr 0.02320866025105018 acc 92.19% eta 0:27:30
2023-04-12 08:13:41,180 - __main__ - INFO - [INFO] 2023-04-12 08:13:41.180002 Epoch [69/100] batch [129/391] loss 0.2028 lr 0.02320866025105018 acc 94.53% eta 0:24:12
2023-04-12 08:13:58,487 - __main__ - INFO - [INFO] 2023-04-12 08:13:58.487170 Epoch [69/100] batch [257/391] loss 0.1992 lr 0.02320866025105018 acc 93.75% eta 0:23:58
2023-04-12 08:14:15,734 - __main__ - INFO - [INFO] 2023-04-12 08:14:15.733923 Epoch [69/100] batch [385/391] loss 0.1925 lr 0.02320866025105018 acc 92.19% eta 0:23:42
2023-04-12 08:14:16,526 - __main__ - INFO - Computing epoch 69 validation accuracy...
2023-04-12 08:14:20,668 - __main__ - INFO - Computing epoch 69 validation loss...
2023-04-12 08:14:24,822 - __main__ - INFO - [INFO] 2023-04-12 08:14:24.821872 Epoch [70/100] batch [1/391] loss 0.2423 lr 0.021895831107393487 acc 85.16% eta 0:24:24
2023-04-12 08:14:41,947 - __main__ - INFO - [INFO] 2023-04-12 08:14:41.947073 Epoch [70/100] batch [129/391] loss 0.3264 lr 0.021895831107393487 acc 92.19% eta 0:23:14
2023-04-12 08:14:58,852 - __main__ - INFO - [INFO] 2023-04-12 08:14:58.852731 Epoch [70/100] batch [257/391] loss 0.2778 lr 0.021895831107393487 acc 92.97% eta 0:22:49
2023-04-12 08:15:16,242 - __main__ - INFO - [INFO] 2023-04-12 08:15:16.242059 Epoch [70/100] batch [385/391] loss 0.3027 lr 0.021895831107393487 acc 85.16% eta 0:22:45
2023-04-12 08:15:17,038 - __main__ - INFO - Computing epoch 70 validation accuracy...
2023-04-12 08:15:21,004 - __main__ - INFO - Computing epoch 70 validation loss...
2023-04-12 08:15:25,133 - __main__ - INFO - [INFO] 2023-04-12 08:15:25.133552 Epoch [71/100] batch [1/391] loss 0.3311 lr 0.02061073738537637 acc 89.06% eta 0:24:12
2023-04-12 08:15:42,304 - __main__ - INFO - [INFO] 2023-04-12 08:15:42.304370 Epoch [71/100] batch [129/391] loss 0.1826 lr 0.02061073738537637 acc 96.09% eta 0:22:32
2023-04-12 08:15:59,393 - __main__ - INFO - [INFO] 2023-04-12 08:15:59.393593 Epoch [71/100] batch [257/391] loss 0.4084 lr 0.02061073738537637 acc 87.50% eta 0:22:13
2023-04-12 08:16:16,489 - __main__ - INFO - [INFO] 2023-04-12 08:16:16.488995 Epoch [71/100] batch [385/391] loss 0.3447 lr 0.02061073738537637 acc 89.06% eta 0:21:58
2023-04-12 08:16:17,268 - __main__ - INFO - Computing epoch 71 validation accuracy...
2023-04-12 08:16:21,314 - __main__ - INFO - Computing epoch 71 validation loss...
2023-04-12 08:16:25,469 - __main__ - INFO - [INFO] 2023-04-12 08:16:25.469240 Epoch [72/100] batch [1/391] loss 0.2971 lr 0.01935464731735119 acc 94.53% eta 0:22:39
2023-04-12 08:16:42,537 - __main__ - INFO - [INFO] 2023-04-12 08:16:42.536848 Epoch [72/100] batch [129/391] loss 0.2864 lr 0.01935464731735119 acc 92.97% eta 0:21:38
2023-04-12 08:16:59,780 - __main__ - INFO - [INFO] 2023-04-12 08:16:59.780722 Epoch [72/100] batch [257/391] loss 0.3357 lr 0.01935464731735119 acc 89.84% eta 0:21:29
2023-04-12 08:17:16,838 - __main__ - INFO - [INFO] 2023-04-12 08:17:16.838172 Epoch [72/100] batch [385/391] loss 0.1810 lr 0.01935464731735119 acc 96.09% eta 0:21:12
2023-04-12 08:17:17,612 - __main__ - INFO - Computing epoch 72 validation accuracy...
2023-04-12 08:17:21,547 - __main__ - INFO - Computing epoch 72 validation loss...
2023-04-12 08:17:25,691 - __main__ - INFO - [INFO] 2023-04-12 08:17:25.691354 Epoch [73/100] batch [1/391] loss 0.2822 lr 0.018128800512565532 acc 92.19% eta 0:20:46
2023-04-12 08:17:43,031 - __main__ - INFO - [INFO] 2023-04-12 08:17:43.031468 Epoch [73/100] batch [129/391] loss 0.3616 lr 0.018128800512565532 acc 89.84% eta 0:21:13
2023-04-12 08:18:00,063 - __main__ - INFO - [INFO] 2023-04-12 08:18:00.063357 Epoch [73/100] batch [257/391] loss 0.2722 lr 0.018128800512565532 acc 90.62% eta 0:20:47
2023-04-12 08:18:17,099 - __main__ - INFO - [INFO] 2023-04-12 08:18:17.099808 Epoch [73/100] batch [385/391] loss 0.2272 lr 0.018128800512565532 acc 94.53% eta 0:20:28
2023-04-12 08:18:17,926 - __main__ - INFO - Computing epoch 73 validation accuracy...
2023-04-12 08:18:22,263 - __main__ - INFO - Computing epoch 73 validation loss...
2023-04-12 08:18:26,441 - __main__ - INFO - [INFO] 2023-04-12 08:18:26.441726 Epoch [74/100] batch [1/391] loss 0.2878 lr 0.016934406733817433 acc 89.84% eta 0:21:22
2023-04-12 08:18:43,314 - __main__ - INFO - [INFO] 2023-04-12 08:18:43.314512 Epoch [74/100] batch [129/391] loss 0.2041 lr 0.016934406733817433 acc 92.97% eta 0:19:51
2023-04-12 08:19:00,450 - __main__ - INFO - [INFO] 2023-04-12 08:19:00.450207 Epoch [74/100] batch [257/391] loss 0.2593 lr 0.016934406733817433 acc 91.41% eta 0:19:47
2023-04-12 08:19:17,587 - __main__ - INFO - [INFO] 2023-04-12 08:19:17.587079 Epoch [74/100] batch [385/391] loss 0.1339 lr 0.016934406733817433 acc 97.66% eta 0:19:35
2023-04-12 08:19:18,364 - __main__ - INFO - Computing epoch 74 validation accuracy...
2023-04-12 08:19:22,434 - __main__ - INFO - Computing epoch 74 validation loss...
2023-04-12 08:19:26,663 - __main__ - INFO - [INFO] 2023-04-12 08:19:26.663719 Epoch [75/100] batch [1/391] loss 0.2000 lr 0.01577264470356558 acc 96.09% eta 0:29:37
2023-04-12 08:19:43,878 - __main__ - INFO - [INFO] 2023-04-12 08:19:43.878793 Epoch [75/100] batch [129/391] loss 0.2495 lr 0.01577264470356558 acc 92.97% eta 0:19:36
2023-04-12 08:20:00,899 - __main__ - INFO - [INFO] 2023-04-12 08:20:00.899607 Epoch [75/100] batch [257/391] loss 0.2646 lr 0.01577264470356558 acc 94.53% eta 0:19:11
2023-04-12 08:20:17,879 - __main__ - INFO - [INFO] 2023-04-12 08:20:17.879346 Epoch [75/100] batch [385/391] loss 0.2286 lr 0.01577264470356558 acc 92.19% eta 0:18:52
2023-04-12 08:20:18,669 - __main__ - INFO - Computing epoch 75 validation accuracy...
2023-04-12 08:20:22,709 - __main__ - INFO - Computing epoch 75 validation loss...
2023-04-12 08:20:27,004 - __main__ - INFO - [INFO] 2023-04-12 08:20:27.004165 Epoch [76/100] batch [1/391] loss 0.2588 lr 0.014644660940672643 acc 92.19% eta 0:19:59
2023-04-12 08:20:43,931 - __main__ - INFO - [INFO] 2023-04-12 08:20:43.931179 Epoch [76/100] batch [129/391] loss 0.2808 lr 0.014644660940672643 acc 92.19% eta 0:18:28
2023-04-12 08:21:01,143 - __main__ - INFO - [INFO] 2023-04-12 08:21:01.143726 Epoch [76/100] batch [257/391] loss 0.2306 lr 0.014644660940672643 acc 92.97% eta 0:18:21
2023-04-12 08:21:18,214 - __main__ - INFO - [INFO] 2023-04-12 08:21:18.214772 Epoch [76/100] batch [385/391] loss 0.2284 lr 0.014644660940672643 acc 92.19% eta 0:18:07
2023-04-12 08:21:18,983 - __main__ - INFO - Computing epoch 76 validation accuracy...
2023-04-12 08:21:22,944 - __main__ - INFO - Computing epoch 76 validation loss...
2023-04-12 08:21:27,107 - __main__ - INFO - [INFO] 2023-04-12 08:21:27.106976 Epoch [77/100] batch [1/391] loss 0.2225 lr 0.013551568628929448 acc 92.97% eta 0:19:13
2023-04-12 08:21:44,436 - __main__ - INFO - [INFO] 2023-04-12 08:21:44.435995 Epoch [77/100] batch [129/391] loss 0.2810 lr 0.013551568628929448 acc 95.31% eta 0:18:10
2023-04-12 08:22:01,632 - __main__ - INFO - [INFO] 2023-04-12 08:22:01.632150 Epoch [77/100] batch [257/391] loss 0.2627 lr 0.013551568628929448 acc 89.84% eta 0:17:49
2023-04-12 08:22:18,795 - __main__ - INFO - [INFO] 2023-04-12 08:22:18.795139 Epoch [77/100] batch [385/391] loss 0.1912 lr 0.013551568628929448 acc 93.75% eta 0:17:32
2023-04-12 08:22:19,576 - __main__ - INFO - Computing epoch 77 validation accuracy...
2023-04-12 08:22:23,665 - __main__ - INFO - Computing epoch 77 validation loss...
2023-04-12 08:22:27,916 - __main__ - INFO - [INFO] 2023-04-12 08:22:27.916558 Epoch [78/100] batch [1/391] loss 0.1973 lr 0.012494446518477033 acc 94.53% eta 0:18:56
2023-04-12 08:22:45,059 - __main__ - INFO - [INFO] 2023-04-12 08:22:45.059267 Epoch [78/100] batch [129/391] loss 0.1860 lr 0.012494446518477033 acc 95.31% eta 0:17:10
2023-04-12 08:23:02,116 - __main__ - INFO - [INFO] 2023-04-12 08:23:02.115866 Epoch [78/100] batch [257/391] loss 0.2705 lr 0.012494446518477033 acc 91.41% eta 0:16:53
2023-04-12 08:23:19,285 - __main__ - INFO - [INFO] 2023-04-12 08:23:19.284854 Epoch [78/100] batch [385/391] loss 0.2009 lr 0.012494446518477033 acc 92.19% eta 0:16:40
2023-04-12 08:23:20,076 - __main__ - INFO - Computing epoch 78 validation accuracy...
2023-04-12 08:23:24,135 - __main__ - INFO - Computing epoch 78 validation loss...
2023-04-12 08:23:28,322 - __main__ - INFO - [INFO] 2023-04-12 08:23:28.322778 Epoch [79/100] batch [1/391] loss 0.2341 lr 0.011474337861210555 acc 95.31% eta 0:21:24
2023-04-12 08:23:45,776 - __main__ - INFO - [INFO] 2023-04-12 08:23:45.775993 Epoch [79/100] batch [129/391] loss 0.1849 lr 0.011474337861210555 acc 94.53% eta 0:16:45
2023-04-12 08:24:02,826 - __main__ - INFO - [INFO] 2023-04-12 08:24:02.826503 Epoch [79/100] batch [257/391] loss 0.2112 lr 0.011474337861210555 acc 92.97% eta 0:16:17
2023-04-12 08:24:20,047 - __main__ - INFO - [INFO] 2023-04-12 08:24:20.047298 Epoch [79/100] batch [385/391] loss 0.2083 lr 0.011474337861210555 acc 92.97% eta 0:16:01
2023-04-12 08:24:20,855 - __main__ - INFO - Computing epoch 79 validation accuracy...
2023-04-12 08:24:24,896 - __main__ - INFO - Computing epoch 79 validation loss...
2023-04-12 08:24:29,116 - __main__ - INFO - [INFO] 2023-04-12 08:24:29.116123 Epoch [80/100] batch [1/391] loss 0.2498 lr 0.01049224938121549 acc 94.53% eta 0:17:12
2023-04-12 08:24:47,291 - __main__ - INFO - [INFO] 2023-04-12 08:24:47.291715 Epoch [80/100] batch [129/391] loss 0.1539 lr 0.01049224938121549 acc 94.53% eta 0:16:38
2023-04-12 08:25:04,566 - __main__ - INFO - [INFO] 2023-04-12 08:25:04.566590 Epoch [80/100] batch [257/391] loss 0.1853 lr 0.01049224938121549 acc 97.66% eta 0:15:58
2023-04-12 08:25:21,785 - __main__ - INFO - [INFO] 2023-04-12 08:25:21.785437 Epoch [80/100] batch [385/391] loss 0.2367 lr 0.01049224938121549 acc 90.62% eta 0:15:33
2023-04-12 08:25:22,556 - __main__ - INFO - Computing epoch 80 validation accuracy...
2023-04-12 08:25:26,514 - __main__ - INFO - Computing epoch 80 validation loss...
2023-04-12 08:25:30,702 - __main__ - INFO - [INFO] 2023-04-12 08:25:30.702259 Epoch [81/100] batch [1/391] loss 0.1992 lr 0.009549150281252642 acc 93.75% eta 0:16:44
2023-04-12 08:25:48,157 - __main__ - INFO - [INFO] 2023-04-12 08:25:48.157483 Epoch [81/100] batch [129/391] loss 0.1287 lr 0.009549150281252642 acc 96.88% eta 0:15:12
2023-04-12 08:26:05,105 - __main__ - INFO - [INFO] 2023-04-12 08:26:05.104919 Epoch [81/100] batch [257/391] loss 0.1580 lr 0.009549150281252642 acc 96.88% eta 0:14:43
2023-04-12 08:26:22,247 - __main__ - INFO - [INFO] 2023-04-12 08:26:22.247292 Epoch [81/100] batch [385/391] loss 0.1722 lr 0.009549150281252642 acc 97.66% eta 0:14:26
2023-04-12 08:26:23,032 - __main__ - INFO - Computing epoch 81 validation accuracy...
2023-04-12 08:26:27,007 - __main__ - INFO - Computing epoch 81 validation loss...
2023-04-12 08:26:31,227 - __main__ - INFO - [INFO] 2023-04-12 08:26:31.227230 Epoch [82/100] batch [1/391] loss 0.1770 lr 0.008645971286271922 acc 96.88% eta 0:16:06
2023-04-12 08:26:48,561 - __main__ - INFO - [INFO] 2023-04-12 08:26:48.561722 Epoch [82/100] batch [129/391] loss 0.2029 lr 0.008645971286271922 acc 93.75% eta 0:14:21
2023-04-12 08:27:05,540 - __main__ - INFO - [INFO] 2023-04-12 08:27:05.539836 Epoch [82/100] batch [257/391] loss 0.0667 lr 0.008645971286271922 acc 98.44% eta 0:13:56
2023-04-12 08:27:22,946 - __main__ - INFO - [INFO] 2023-04-12 08:27:22.946181 Epoch [82/100] batch [385/391] loss 0.1501 lr 0.008645971286271922 acc 96.88% eta 0:13:45
2023-04-12 08:27:23,735 - __main__ - INFO - Computing epoch 82 validation accuracy...
2023-04-12 08:27:27,779 - __main__ - INFO - Computing epoch 82 validation loss...
2023-04-12 08:27:31,961 - __main__ - INFO - [INFO] 2023-04-12 08:27:31.961707 Epoch [83/100] batch [1/391] loss 0.1763 lr 0.007783603724899264 acc 96.09% eta 0:14:38
2023-04-12 08:27:48,984 - __main__ - INFO - [INFO] 2023-04-12 08:27:48.983930 Epoch [83/100] batch [129/391] loss 0.1384 lr 0.007783603724899264 acc 98.44% eta 0:13:19
2023-04-12 08:28:06,200 - __main__ - INFO - [INFO] 2023-04-12 08:28:06.200205 Epoch [83/100] batch [257/391] loss 0.2749 lr 0.007783603724899264 acc 92.97% eta 0:13:08
2023-04-12 08:28:23,005 - __main__ - INFO - [INFO] 2023-04-12 08:28:23.005777 Epoch [83/100] batch [385/391] loss 0.1318 lr 0.007783603724899264 acc 96.88% eta 0:12:48
2023-04-12 08:28:23,786 - __main__ - INFO - Computing epoch 83 validation accuracy...
2023-04-12 08:28:27,759 - __main__ - INFO - Computing epoch 83 validation loss...
2023-04-12 08:28:31,921 - __main__ - INFO - [INFO] 2023-04-12 08:28:31.921012 Epoch [84/100] batch [1/391] loss 0.1051 lr 0.006962898649802819 acc 97.66% eta 0:13:27
2023-04-12 08:28:48,878 - __main__ - INFO - [INFO] 2023-04-12 08:28:48.878152 Epoch [84/100] batch [129/391] loss 0.1447 lr 0.006962898649802819 acc 96.88% eta 0:12:29
2023-04-12 08:29:06,013 - __main__ - INFO - [INFO] 2023-04-12 08:29:06.013784 Epoch [84/100] batch [257/391] loss 0.1920 lr 0.006962898649802819 acc 92.97% eta 0:12:18
2023-04-12 08:29:22,908 - __main__ - INFO - [INFO] 2023-04-12 08:29:22.908216 Epoch [84/100] batch [385/391] loss 0.1589 lr 0.006962898649802819 acc 96.88% eta 0:12:01
2023-04-12 08:29:23,682 - __main__ - INFO - Computing epoch 84 validation accuracy...
2023-04-12 08:29:27,689 - __main__ - INFO - Computing epoch 84 validation loss...
2023-04-12 08:29:32,149 - __main__ - INFO - [INFO] 2023-04-12 08:29:32.149345 Epoch [85/100] batch [1/391] loss 0.1251 lr 0.0061846659978068265 acc 96.09% eta 0:13:19
2023-04-12 08:29:49,520 - __main__ - INFO - [INFO] 2023-04-12 08:29:49.520401 Epoch [85/100] batch [129/391] loss 0.0728 lr 0.0061846659978068265 acc 100.00% eta 0:12:02
2023-04-12 08:30:06,890 - __main__ - INFO - [INFO] 2023-04-12 08:30:06.890353 Epoch [85/100] batch [257/391] loss 0.1112 lr 0.0061846659978068265 acc 97.66% eta 0:11:48
2023-04-12 08:30:24,073 - __main__ - INFO - [INFO] 2023-04-12 08:30:24.073382 Epoch [85/100] batch [385/391] loss 0.0919 lr 0.0061846659978068265 acc 98.44% eta 0:11:30
2023-04-12 08:30:24,922 - __main__ - INFO - Computing epoch 85 validation accuracy...
2023-04-12 08:30:28,907 - __main__ - INFO - Computing epoch 85 validation loss...
2023-04-12 08:30:33,107 - __main__ - INFO - [INFO] 2023-04-12 08:30:33.107388 Epoch [86/100] batch [1/391] loss 0.0894 lr 0.005449673790581615 acc 99.22% eta 0:12:32
2023-04-12 08:30:50,390 - __main__ - INFO - [INFO] 2023-04-12 08:30:50.390199 Epoch [86/100] batch [129/391] loss 0.0987 lr 0.005449673790581615 acc 97.66% eta 0:11:12
2023-04-12 08:31:07,358 - __main__ - INFO - [INFO] 2023-04-12 08:31:07.358482 Epoch [86/100] batch [257/391] loss 0.1625 lr 0.005449673790581615 acc 96.88% eta 0:10:51
2023-04-12 08:31:24,586 - __main__ - INFO - [INFO] 2023-04-12 08:31:24.586294 Epoch [86/100] batch [385/391] loss 0.1530 lr 0.005449673790581615 acc 95.31% eta 0:10:37
2023-04-12 08:31:25,368 - __main__ - INFO - Computing epoch 86 validation accuracy...
2023-04-12 08:31:29,439 - __main__ - INFO - Computing epoch 86 validation loss...
2023-04-12 08:31:33,661 - __main__ - INFO - [INFO] 2023-04-12 08:31:33.661289 Epoch [87/100] batch [1/391] loss 0.1390 lr 0.004758647376699036 acc 97.66% eta 0:11:31
2023-04-12 08:31:50,913 - __main__ - INFO - [INFO] 2023-04-12 08:31:50.913334 Epoch [87/100] batch [129/391] loss 0.1241 lr 0.004758647376699036 acc 96.88% eta 0:10:26
2023-04-12 08:32:08,150 - __main__ - INFO - [INFO] 2023-04-12 08:32:08.150768 Epoch [87/100] batch [257/391] loss 0.0952 lr 0.004758647376699036 acc 97.66% eta 0:10:10
2023-04-12 08:32:25,296 - __main__ - INFO - [INFO] 2023-04-12 08:32:25.296286 Epoch [87/100] batch [385/391] loss 0.1624 lr 0.004758647376699036 acc 96.88% eta 0:09:54
2023-04-12 08:32:26,069 - __main__ - INFO - Computing epoch 87 validation accuracy...
2023-04-12 08:32:30,068 - __main__ - INFO - Computing epoch 87 validation loss...
2023-04-12 08:32:34,262 - __main__ - INFO - [INFO] 2023-04-12 08:32:34.261889 Epoch [88/100] batch [1/391] loss 0.1328 lr 0.004112268715800957 acc 97.66% eta 0:09:59
2023-04-12 08:32:51,167 - __main__ - INFO - [INFO] 2023-04-12 08:32:51.167684 Epoch [88/100] batch [129/391] loss 0.0688 lr 0.004112268715800957 acc 98.44% eta 0:09:27
2023-04-12 08:33:08,663 - __main__ - INFO - [INFO] 2023-04-12 08:33:08.662848 Epoch [88/100] batch [257/391] loss 0.1162 lr 0.004112268715800957 acc 96.88% eta 0:09:22
2023-04-12 08:33:25,643 - __main__ - INFO - [INFO] 2023-04-12 08:33:25.643423 Epoch [88/100] batch [385/391] loss 0.1226 lr 0.004112268715800957 acc 96.09% eta 0:09:05
2023-04-12 08:33:26,424 - __main__ - INFO - Computing epoch 88 validation accuracy...
2023-04-12 08:33:30,390 - __main__ - INFO - Computing epoch 88 validation loss...
2023-04-12 08:33:34,544 - __main__ - INFO - [INFO] 2023-04-12 08:33:34.543946 Epoch [89/100] batch [1/391] loss 0.1205 lr 0.003511175705587435 acc 96.88% eta 0:09:31
2023-04-12 08:33:51,827 - __main__ - INFO - [INFO] 2023-04-12 08:33:51.827769 Epoch [89/100] batch [129/391] loss 0.1340 lr 0.003511175705587435 acc 97.66% eta 0:08:56
2023-04-12 08:34:08,928 - __main__ - INFO - [INFO] 2023-04-12 08:34:08.927904 Epoch [89/100] batch [257/391] loss 0.0625 lr 0.003511175705587435 acc 96.88% eta 0:08:36
2023-04-12 08:34:25,857 - __main__ - INFO - [INFO] 2023-04-12 08:34:25.857733 Epoch [89/100] batch [385/391] loss 0.1453 lr 0.003511175705587435 acc 94.53% eta 0:08:19
2023-04-12 08:34:26,634 - __main__ - INFO - Computing epoch 89 validation accuracy...
2023-04-12 08:34:30,651 - __main__ - INFO - Computing epoch 89 validation loss...
2023-04-12 08:34:34,807 - __main__ - INFO - [INFO] 2023-04-12 08:34:34.807021 Epoch [90/100] batch [1/391] loss 0.1198 lr 0.0029559615522887295 acc 97.66% eta 0:08:56
2023-04-12 08:34:52,141 - __main__ - INFO - [INFO] 2023-04-12 08:34:52.141275 Epoch [90/100] batch [129/391] loss 0.1281 lr 0.0029559615522887295 acc 97.66% eta 0:08:11
2023-04-12 08:35:09,020 - __main__ - INFO - [INFO] 2023-04-12 08:35:09.020216 Epoch [90/100] batch [257/391] loss 0.0710 lr 0.0029559615522887295 acc 97.66% eta 0:07:49
2023-04-12 08:35:26,176 - __main__ - INFO - [INFO] 2023-04-12 08:35:26.176189 Epoch [90/100] batch [385/391] loss 0.1040 lr 0.0029559615522887295 acc 97.66% eta 0:07:34
2023-04-12 08:35:26,943 - __main__ - INFO - Computing epoch 90 validation accuracy...
2023-04-12 08:35:30,969 - __main__ - INFO - Computing epoch 90 validation loss...
2023-04-12 08:35:35,120 - __main__ - INFO - [INFO] 2023-04-12 08:35:35.120723 Epoch [91/100] batch [1/391] loss 0.0995 lr 0.0024471741852423253 acc 96.88% eta 0:08:06
2023-04-12 08:35:52,183 - __main__ - INFO - [INFO] 2023-04-12 08:35:52.183616 Epoch [91/100] batch [129/391] loss 0.0979 lr 0.0024471741852423253 acc 96.88% eta 0:07:19
2023-04-12 08:36:09,488 - __main__ - INFO - [INFO] 2023-04-12 08:36:09.488139 Epoch [91/100] batch [257/391] loss 0.0660 lr 0.0024471741852423253 acc 99.22% eta 0:07:06
2023-04-12 08:36:26,372 - __main__ - INFO - [INFO] 2023-04-12 08:36:26.371957 Epoch [91/100] batch [385/391] loss 0.0688 lr 0.0024471741852423253 acc 98.44% eta 0:06:48
2023-04-12 08:36:27,145 - __main__ - INFO - Computing epoch 91 validation accuracy...
2023-04-12 08:36:31,100 - __main__ - INFO - Computing epoch 91 validation loss...
2023-04-12 08:36:35,258 - __main__ - INFO - [INFO] 2023-04-12 08:36:35.257826 Epoch [92/100] batch [1/391] loss 0.1062 lr 0.0019853157161528537 acc 96.88% eta 0:07:43
2023-04-12 08:36:52,345 - __main__ - INFO - [INFO] 2023-04-12 08:36:52.344838 Epoch [92/100] batch [129/391] loss 0.1044 lr 0.0019853157161528537 acc 98.44% eta 0:06:32
2023-04-12 08:37:09,401 - __main__ - INFO - [INFO] 2023-04-12 08:37:09.401495 Epoch [92/100] batch [257/391] loss 0.1125 lr 0.0019853157161528537 acc 98.44% eta 0:06:17
2023-04-12 08:37:26,410 - __main__ - INFO - [INFO] 2023-04-12 08:37:26.410421 Epoch [92/100] batch [385/391] loss 0.0375 lr 0.0019853157161528537 acc 100.00% eta 0:06:02
2023-04-12 08:37:27,191 - __main__ - INFO - Computing epoch 92 validation accuracy...
2023-04-12 08:37:31,177 - __main__ - INFO - Computing epoch 92 validation loss...
2023-04-12 08:37:35,388 - __main__ - INFO - [INFO] 2023-04-12 08:37:35.387855 Epoch [93/100] batch [1/391] loss 0.0971 lr 0.0015708419435684529 acc 97.66% eta 0:06:22
2023-04-12 08:37:52,298 - __main__ - INFO - [INFO] 2023-04-12 08:37:52.298474 Epoch [93/100] batch [129/391] loss 0.1101 lr 0.0015708419435684529 acc 96.88% eta 0:05:43
2023-04-12 08:38:09,193 - __main__ - INFO - [INFO] 2023-04-12 08:38:09.193351 Epoch [93/100] batch [257/391] loss 0.0323 lr 0.0015708419435684529 acc 99.22% eta 0:05:28
2023-04-12 08:38:26,295 - __main__ - INFO - [INFO] 2023-04-12 08:38:26.295722 Epoch [93/100] batch [385/391] loss 0.1272 lr 0.0015708419435684529 acc 97.66% eta 0:05:15
2023-04-12 08:38:27,124 - __main__ - INFO - Computing epoch 93 validation accuracy...
2023-04-12 08:38:31,123 - __main__ - INFO - Computing epoch 93 validation loss...
2023-04-12 08:38:35,377 - __main__ - INFO - [INFO] 2023-04-12 08:38:35.377785 Epoch [94/100] batch [1/391] loss 0.0639 lr 0.0012041619030626347 acc 98.44% eta 0:05:40
2023-04-12 08:38:52,291 - __main__ - INFO - [INFO] 2023-04-12 08:38:52.291458 Epoch [94/100] batch [129/391] loss 0.0561 lr 0.0012041619030626347 acc 99.22% eta 0:04:58
2023-04-12 08:39:10,049 - __main__ - INFO - [INFO] 2023-04-12 08:39:10.049057 Epoch [94/100] batch [257/391] loss 0.0620 lr 0.0012041619030626347 acc 98.44% eta 0:04:51
2023-04-12 08:39:26,958 - __main__ - INFO - [INFO] 2023-04-12 08:39:26.958810 Epoch [94/100] batch [385/391] loss 0.0775 lr 0.0012041619030626347 acc 97.66% eta 0:04:34
2023-04-12 08:39:27,735 - __main__ - INFO - Computing epoch 94 validation accuracy...
2023-04-12 08:39:31,725 - __main__ - INFO - Computing epoch 94 validation loss...
2023-04-12 08:39:35,937 - __main__ - INFO - [INFO] 2023-04-12 08:39:35.937063 Epoch [95/100] batch [1/391] loss 0.0751 lr 0.0008856374635655646 acc 96.88% eta 0:04:56
2023-04-12 08:39:52,968 - __main__ - INFO - [INFO] 2023-04-12 08:39:52.968394 Epoch [95/100] batch [129/391] loss 0.0604 lr 0.0008856374635655646 acc 97.66% eta 0:04:16
2023-04-12 08:40:10,120 - __main__ - INFO - [INFO] 2023-04-12 08:40:10.120222 Epoch [95/100] batch [257/391] loss 0.0573 lr 0.0008856374635655646 acc 99.22% eta 0:04:02
2023-04-12 08:40:26,956 - __main__ - INFO - [INFO] 2023-04-12 08:40:26.956783 Epoch [95/100] batch [385/391] loss 0.0967 lr 0.0008856374635655646 acc 98.44% eta 0:03:46
2023-04-12 08:40:27,733 - __main__ - INFO - Computing epoch 95 validation accuracy...
2023-04-12 08:40:31,815 - __main__ - INFO - Computing epoch 95 validation loss...
2023-04-12 08:40:36,000 - __main__ - INFO - [INFO] 2023-04-12 08:40:36.000778 Epoch [96/100] batch [1/391] loss 0.0316 lr 0.0006155829702431174 acc 100.00% eta 0:03:49
2023-04-12 08:40:53,129 - __main__ - INFO - [INFO] 2023-04-12 08:40:53.129541 Epoch [96/100] batch [129/391] loss 0.0658 lr 0.0006155829702431174 acc 97.66% eta 0:03:32
2023-04-12 08:41:09,946 - __main__ - INFO - [INFO] 2023-04-12 08:41:09.946586 Epoch [96/100] batch [257/391] loss 0.0861 lr 0.0006155829702431174 acc 96.88% eta 0:03:15
2023-04-12 08:41:27,194 - __main__ - INFO - [INFO] 2023-04-12 08:41:27.194022 Epoch [96/100] batch [385/391] loss 0.0390 lr 0.0006155829702431174 acc 99.22% eta 0:03:01
2023-04-12 08:41:27,965 - __main__ - INFO - Computing epoch 96 validation accuracy...
2023-04-12 08:41:32,004 - __main__ - INFO - Computing epoch 96 validation loss...
2023-04-12 08:41:36,183 - __main__ - INFO - [INFO] 2023-04-12 08:41:36.183384 Epoch [97/100] batch [1/391] loss 0.0464 lr 0.00039426493427611206 acc 99.22% eta 0:03:11
2023-04-12 08:41:53,107 - __main__ - INFO - [INFO] 2023-04-12 08:41:53.106816 Epoch [97/100] batch [129/391] loss 0.0566 lr 0.00039426493427611206 acc 98.44% eta 0:02:44
2023-04-12 08:42:10,730 - __main__ - INFO - [INFO] 2023-04-12 08:42:10.729749 Epoch [97/100] batch [257/391] loss 0.0561 lr 0.00039426493427611206 acc 100.00% eta 0:02:33
2023-04-12 08:42:27,822 - __main__ - INFO - [INFO] 2023-04-12 08:42:27.821968 Epoch [97/100] batch [385/391] loss 0.0521 lr 0.00039426493427611206 acc 97.66% eta 0:02:17
2023-04-12 08:42:28,617 - __main__ - INFO - Computing epoch 97 validation accuracy...
2023-04-12 08:42:32,559 - __main__ - INFO - Computing epoch 97 validation loss...
2023-04-12 08:42:36,713 - __main__ - INFO - [INFO] 2023-04-12 08:42:36.713731 Epoch [98/100] batch [1/391] loss 0.0468 lr 0.00022190176984600036 acc 99.22% eta 0:02:28
2023-04-12 08:42:53,553 - __main__ - INFO - [INFO] 2023-04-12 08:42:53.552974 Epoch [98/100] batch [129/391] loss 0.0374 lr 0.00022190176984600036 acc 100.00% eta 0:01:59
2023-04-12 08:43:10,409 - __main__ - INFO - [INFO] 2023-04-12 08:43:10.409788 Epoch [98/100] batch [257/391] loss 0.0539 lr 0.00022190176984600036 acc 98.44% eta 0:01:44
2023-04-12 08:43:27,673 - __main__ - INFO - [INFO] 2023-04-12 08:43:27.673640 Epoch [98/100] batch [385/391] loss 0.0652 lr 0.00022190176984600036 acc 98.44% eta 0:01:30
2023-04-12 08:43:28,446 - __main__ - INFO - Computing epoch 98 validation accuracy...
2023-04-12 08:43:32,443 - __main__ - INFO - Computing epoch 98 validation loss...
2023-04-12 08:43:36,631 - __main__ - INFO - [INFO] 2023-04-12 08:43:36.631222 Epoch [99/100] batch [1/391] loss 0.0385 lr 9.866357858642213e-05 acc 99.22% eta 0:01:43
2023-04-12 08:43:53,674 - __main__ - INFO - [INFO] 2023-04-12 08:43:53.673947 Epoch [99/100] batch [129/391] loss 0.0441 lr 9.866357858642213e-05 acc 99.22% eta 0:01:15
2023-04-12 08:44:10,857 - __main__ - INFO - [INFO] 2023-04-12 08:44:10.856916 Epoch [99/100] batch [257/391] loss 0.1132 lr 9.866357858642213e-05 acc 96.88% eta 0:01:00
2023-04-12 08:44:27,914 - __main__ - INFO - [INFO] 2023-04-12 08:44:27.914798 Epoch [99/100] batch [385/391] loss 0.0685 lr 9.866357858642213e-05 acc 98.44% eta 0:00:46
2023-04-12 08:44:28,664 - __main__ - INFO - Computing epoch 99 validation accuracy...
2023-04-12 08:44:32,640 - __main__ - INFO - Computing epoch 99 validation loss...
2023-04-12 08:44:36,829 - __main__ - INFO - [INFO] 2023-04-12 08:44:36.828903 Epoch [100/100] batch [1/391] loss 0.0384 lr 2.4671981713420017e-05 acc 99.22% eta 0:00:45
2023-04-12 08:44:53,710 - __main__ - INFO - [INFO] 2023-04-12 08:44:53.710073 Epoch [100/100] batch [129/391] loss 0.0460 lr 2.4671981713420017e-05 acc 99.22% eta 0:00:29
2023-04-12 08:45:10,659 - __main__ - INFO - [INFO] 2023-04-12 08:45:10.659685 Epoch [100/100] batch [257/391] loss 0.0696 lr 2.4671981713420017e-05 acc 99.22% eta 0:00:15
2023-04-12 08:45:27,784 - __main__ - INFO - [INFO] 2023-04-12 08:45:27.784534 Epoch [100/100] batch [385/391] loss 0.0468 lr 2.4671981713420017e-05 acc 99.22% eta 0:00:00
2023-04-12 08:45:28,566 - __main__ - INFO - Computing epoch 100 validation accuracy...
2023-04-12 08:45:32,480 - __main__ - INFO - Computing epoch 100 validation loss...
2023-04-12 08:45:36,608 - __main__ - INFO - Reading testing data set cifar10
2023-04-12 08:45:37,326 - __main__ - INFO - Loading trained model...
2023-04-12 08:45:41,847 - __main__ - INFO - Testing acc : 92.64%.
