2023-04-06 20:16:12,660 - __main__ - INFO - 

2023-04-06 20:16:12,661 - __main__ - INFO - ***************
2023-04-06 20:16:12,661 - __main__ - INFO - ** Arguments **
2023-04-06 20:16:12,661 - __main__ - INFO - ***************
2023-04-06 20:16:12,661 - __main__ - INFO - backbone: densenet100
2023-04-06 20:16:12,661 - __main__ - INFO - dataname: cifar100
2023-04-06 20:16:12,661 - __main__ - INFO - drop_method: sd
2023-04-06 20:16:12,661 - __main__ - INFO - drop_rate: 0.3
2023-04-06 20:16:12,661 - __main__ - INFO - eval_only: 0
2023-04-06 20:16:12,661 - __main__ - INFO - output_path: checkpoints/cifar100/densenet100/drop_sd/rate_0.3/seed1
2023-04-06 20:16:12,661 - __main__ - INFO - part_rate: 0.1
2023-04-06 20:16:12,661 - __main__ - INFO - seed: 1
2023-04-06 20:16:12,661 - __main__ - INFO - weight_decay: 0.0005
2023-04-06 20:16:12,661 - __main__ - INFO - ************
2023-04-06 20:16:12,661 - __main__ - INFO - ** Config **
2023-04-06 20:16:12,661 - __main__ - INFO - ************
2023-04-06 20:16:12,661 - __main__ - INFO - {'DATALOADER': {'PATH': './data', 'DATANAME': 'cifar100', 'BATCH_SIZE': 128, 'NUM_CLASSES': 100}, 'INPUT': {'SIZE': [32, 32], 'PIXEL_MEAN': [0.4914, 0.4822, 0.4465], 'PIXEL_STD': [0.2023, 0.1994, 0.201]}, 'OUTPUT': {'DIR': 'checkpoints/cifar100/densenet100/drop_sd/rate_0.3/seed1'}, 'SEED': 1, 'OPTIM': {'LR': 0.1, 'MAX_EPOCH': 100, 'LR_SCHEDULER': 'step', 'LR_MILESTONES': [20, 40, 80, 120, 140], 'LR_DECAY': 0.2, 'PART_RATE': 0.1, 'WEIGHT_DECAY': 0.0005, 'DROP_RATE': 0.3, 'DROP_METHOD': 'sd', 'BLOCK_SIZE': 7}, 'MODEL': {'BACKBONE': 'densenet100'}}
2023-04-06 20:16:12,680 - __main__ - INFO - Reading training data set cifar100
2023-04-06 20:16:14,761 - __main__ - INFO - Loading raw model
2023-04-06 20:16:18,801 - __main__ - INFO - 
Saving everything to checkpoints/cifar100/densenet100/drop_sd/rate_0.3/seed1
2023-04-06 20:16:18,802 - __main__ - INFO - Start training...
2023-04-06 20:16:24,996 - __main__ - INFO - [INFO] 2023-04-06 20:16:24.996553 Epoch [1/100] batch [1/391] loss 4.6641 lr 0.1 acc 3.12% eta 2 days, 18:20:28
2023-04-06 20:17:05,892 - __main__ - INFO - [INFO] 2023-04-06 20:17:05.892687 Epoch [1/100] batch [129/391] loss 4.0625 lr 0.1 acc 5.47% eta 3:16:24
2023-04-06 20:17:47,338 - __main__ - INFO - [INFO] 2023-04-06 20:17:47.338052 Epoch [1/100] batch [257/391] loss 3.9980 lr 0.1 acc 11.72% eta 3:02:00
2023-04-06 20:18:28,371 - __main__ - INFO - [INFO] 2023-04-06 20:18:28.371553 Epoch [1/100] batch [385/391] loss 3.6953 lr 0.1 acc 14.84% eta 2:56:23
2023-04-06 20:18:30,472 - __main__ - INFO - Computing epoch 1 validation accuracy...
2023-04-06 20:18:38,427 - __main__ - INFO - Computing epoch 1 validation loss...
2023-04-06 20:18:46,486 - __main__ - INFO - [INFO] 2023-04-06 20:18:46.486062 Epoch [2/100] batch [1/391] loss 3.6465 lr 0.09997532801828658 acc 17.19% eta 2:25:05
2023-04-06 20:19:27,529 - __main__ - INFO - [INFO] 2023-04-06 20:19:27.528804 Epoch [2/100] batch [129/391] loss 3.7148 lr 0.09997532801828658 acc 11.72% eta 2:45:26
2023-04-06 20:20:08,944 - __main__ - INFO - [INFO] 2023-04-06 20:20:08.944259 Epoch [2/100] batch [257/391] loss 3.1641 lr 0.09997532801828658 acc 25.00% eta 2:45:45
2023-04-06 20:20:50,352 - __main__ - INFO - [INFO] 2023-04-06 20:20:50.351841 Epoch [2/100] batch [385/391] loss 3.2578 lr 0.09997532801828658 acc 18.75% eta 2:45:18
2023-04-06 20:20:52,202 - __main__ - INFO - Computing epoch 2 validation accuracy...
2023-04-06 20:21:00,056 - __main__ - INFO - Computing epoch 2 validation loss...
2023-04-06 20:21:07,573 - __main__ - INFO - [INFO] 2023-04-06 20:21:07.572982 Epoch [3/100] batch [1/391] loss 3.6133 lr 0.09990133642141358 acc 21.88% eta 2:48:58
2023-04-06 20:21:49,115 - __main__ - INFO - [INFO] 2023-04-06 20:21:49.114908 Epoch [3/100] batch [129/391] loss 3.1055 lr 0.09990133642141358 acc 17.97% eta 2:46:33
2023-04-06 20:22:30,842 - __main__ - INFO - [INFO] 2023-04-06 20:22:30.842739 Epoch [3/100] batch [257/391] loss 3.1191 lr 0.09990133642141358 acc 25.78% eta 2:46:04
2023-04-06 20:23:11,614 - __main__ - INFO - [INFO] 2023-04-06 20:23:11.614190 Epoch [3/100] batch [385/391] loss 3.0488 lr 0.09990133642141358 acc 20.31% eta 2:44:38
2023-04-06 20:23:13,524 - __main__ - INFO - Computing epoch 3 validation accuracy...
2023-04-06 20:23:21,252 - __main__ - INFO - Computing epoch 3 validation loss...
2023-04-06 20:23:29,273 - __main__ - INFO - [INFO] 2023-04-06 20:23:29.273032 Epoch [4/100] batch [1/391] loss 2.5391 lr 0.099778098230154 acc 34.38% eta 3:00:49
2023-04-06 20:24:10,784 - __main__ - INFO - [INFO] 2023-04-06 20:24:10.784124 Epoch [4/100] batch [129/391] loss 2.7051 lr 0.099778098230154 acc 32.81% eta 2:44:07
2023-04-06 20:24:51,784 - __main__ - INFO - [INFO] 2023-04-06 20:24:51.784183 Epoch [4/100] batch [257/391] loss 2.5410 lr 0.099778098230154 acc 40.62% eta 2:42:40
2023-04-06 20:25:33,555 - __main__ - INFO - [INFO] 2023-04-06 20:25:33.555796 Epoch [4/100] batch [385/391] loss 2.5781 lr 0.099778098230154 acc 40.62% eta 2:42:40
2023-04-06 20:25:35,400 - __main__ - INFO - Computing epoch 4 validation accuracy...
2023-04-06 20:25:43,051 - __main__ - INFO - Computing epoch 4 validation loss...
2023-04-06 20:25:51,158 - __main__ - INFO - [INFO] 2023-04-06 20:25:51.158300 Epoch [5/100] batch [1/391] loss 2.6543 lr 0.0996057350657239 acc 31.25% eta 3:01:17
2023-04-06 20:26:32,185 - __main__ - INFO - [INFO] 2023-04-06 20:26:32.185723 Epoch [5/100] batch [129/391] loss 2.5723 lr 0.0996057350657239 acc 39.84% eta 2:41:20
2023-04-06 20:27:13,893 - __main__ - INFO - [INFO] 2023-04-06 20:27:13.892958 Epoch [5/100] batch [257/391] loss 2.5000 lr 0.0996057350657239 acc 37.50% eta 2:41:36
2023-04-06 20:27:54,617 - __main__ - INFO - [INFO] 2023-04-06 20:27:54.617635 Epoch [5/100] batch [385/391] loss 2.6367 lr 0.0996057350657239 acc 27.34% eta 2:40:15
2023-04-06 20:27:56,478 - __main__ - INFO - Computing epoch 5 validation accuracy...
2023-04-06 20:28:04,158 - __main__ - INFO - Computing epoch 5 validation loss...
2023-04-06 20:28:11,796 - __main__ - INFO - [INFO] 2023-04-06 20:28:11.796185 Epoch [6/100] batch [1/391] loss 2.5840 lr 0.09938441702975688 acc 35.94% eta 2:24:54
2023-04-06 20:28:53,542 - __main__ - INFO - [INFO] 2023-04-06 20:28:53.542548 Epoch [6/100] batch [129/391] loss 2.6797 lr 0.09938441702975688 acc 35.16% eta 2:41:41
2023-04-06 20:29:34,064 - __main__ - INFO - [INFO] 2023-04-06 20:29:34.064250 Epoch [6/100] batch [257/391] loss 2.5059 lr 0.09938441702975688 acc 37.50% eta 2:38:53
2023-04-06 20:30:15,443 - __main__ - INFO - [INFO] 2023-04-06 20:30:15.443461 Epoch [6/100] batch [385/391] loss 2.2500 lr 0.09938441702975688 acc 42.19% eta 2:38:23
2023-04-06 20:30:17,252 - __main__ - INFO - Computing epoch 6 validation accuracy...
2023-04-06 20:30:24,931 - __main__ - INFO - Computing epoch 6 validation loss...
2023-04-06 20:30:32,925 - __main__ - INFO - [INFO] 2023-04-06 20:30:32.925093 Epoch [7/100] batch [1/391] loss 2.4609 lr 0.09911436253643444 acc 34.38% eta 2:48:54
2023-04-06 20:31:13,580 - __main__ - INFO - [INFO] 2023-04-06 20:31:13.580492 Epoch [7/100] batch [129/391] loss 2.2559 lr 0.09911436253643444 acc 45.31% eta 2:36:00
2023-04-06 20:31:54,965 - __main__ - INFO - [INFO] 2023-04-06 20:31:54.965267 Epoch [7/100] batch [257/391] loss 2.1191 lr 0.09911436253643444 acc 53.91% eta 2:36:48
2023-04-06 20:32:36,562 - __main__ - INFO - [INFO] 2023-04-06 20:32:36.562674 Epoch [7/100] batch [385/391] loss 2.0508 lr 0.09911436253643444 acc 49.22% eta 2:36:56
2023-04-06 20:32:38,395 - __main__ - INFO - Computing epoch 7 validation accuracy...
2023-04-06 20:32:45,586 - __main__ - INFO - Computing epoch 7 validation loss...
2023-04-06 20:32:53,366 - __main__ - INFO - [INFO] 2023-04-06 20:32:53.365871 Epoch [8/100] batch [1/391] loss 1.9199 lr 0.09879583809693737 acc 47.66% eta 2:51:21
2023-04-06 20:33:34,867 - __main__ - INFO - [INFO] 2023-04-06 20:33:34.867466 Epoch [8/100] batch [129/391] loss 2.3223 lr 0.09879583809693737 acc 41.41% eta 2:37:29
2023-04-06 20:34:16,347 - __main__ - INFO - [INFO] 2023-04-06 20:34:16.347679 Epoch [8/100] batch [257/391] loss 1.8750 lr 0.09879583809693737 acc 53.91% eta 2:36:51
2023-04-06 20:34:56,697 - __main__ - INFO - [INFO] 2023-04-06 20:34:56.696867 Epoch [8/100] batch [385/391] loss 2.2168 lr 0.09879583809693737 acc 39.84% eta 2:34:53
2023-04-06 20:34:58,516 - __main__ - INFO - Computing epoch 8 validation accuracy...
2023-04-06 20:35:06,249 - __main__ - INFO - Computing epoch 8 validation loss...
2023-04-06 20:35:14,357 - __main__ - INFO - [INFO] 2023-04-06 20:35:14.357358 Epoch [9/100] batch [1/391] loss 1.8447 lr 0.09842915805643156 acc 39.06% eta 2:46:39
2023-04-06 20:35:55,900 - __main__ - INFO - [INFO] 2023-04-06 20:35:55.900605 Epoch [9/100] batch [129/391] loss 1.9219 lr 0.09842915805643156 acc 42.97% eta 2:35:40
2023-04-06 20:36:36,515 - __main__ - INFO - [INFO] 2023-04-06 20:36:36.514989 Epoch [9/100] batch [257/391] loss 1.8936 lr 0.09842915805643156 acc 42.97% eta 2:33:36
2023-04-06 20:37:18,029 - __main__ - INFO - [INFO] 2023-04-06 20:37:18.029207 Epoch [9/100] batch [385/391] loss 1.9473 lr 0.09842915805643156 acc 53.12% eta 2:33:38
2023-04-06 20:37:19,861 - __main__ - INFO - Computing epoch 9 validation accuracy...
2023-04-06 20:37:27,553 - __main__ - INFO - Computing epoch 9 validation loss...
2023-04-06 20:37:35,538 - __main__ - INFO - [INFO] 2023-04-06 20:37:35.538613 Epoch [10/100] batch [1/391] loss 2.0195 lr 0.09801468428384716 acc 50.00% eta 2:47:13
2023-04-06 20:38:16,393 - __main__ - INFO - [INFO] 2023-04-06 20:38:16.392858 Epoch [10/100] batch [129/391] loss 1.9219 lr 0.09801468428384716 acc 49.22% eta 2:31:40
2023-04-06 20:38:57,847 - __main__ - INFO - [INFO] 2023-04-06 20:38:57.847615 Epoch [10/100] batch [257/391] loss 1.9756 lr 0.09801468428384716 acc 51.56% eta 2:32:00
2023-04-06 20:39:38,699 - __main__ - INFO - [INFO] 2023-04-06 20:39:38.699179 Epoch [10/100] batch [385/391] loss 1.9482 lr 0.09801468428384716 acc 43.75% eta 2:31:10
2023-04-06 20:39:40,544 - __main__ - INFO - Computing epoch 10 validation accuracy...
2023-04-06 20:39:48,308 - __main__ - INFO - Computing epoch 10 validation loss...
2023-04-06 20:39:55,946 - __main__ - INFO - [INFO] 2023-04-06 20:39:55.946446 Epoch [11/100] batch [1/391] loss 1.4980 lr 0.09755282581475769 acc 66.41% eta 2:45:45
2023-04-06 20:40:37,325 - __main__ - INFO - [INFO] 2023-04-06 20:40:37.325146 Epoch [11/100] batch [129/391] loss 1.9189 lr 0.09755282581475769 acc 45.31% eta 2:32:20
2023-04-06 20:41:18,230 - __main__ - INFO - [INFO] 2023-04-06 20:41:18.230155 Epoch [11/100] batch [257/391] loss 1.8359 lr 0.09755282581475769 acc 34.38% eta 2:30:37
2023-04-06 20:41:59,780 - __main__ - INFO - [INFO] 2023-04-06 20:41:59.779990 Epoch [11/100] batch [385/391] loss 1.8584 lr 0.09755282581475769 acc 57.81% eta 2:30:29
2023-04-06 20:42:01,619 - __main__ - INFO - Computing epoch 11 validation accuracy...
2023-04-06 20:42:09,298 - __main__ - INFO - Computing epoch 11 validation loss...
2023-04-06 20:42:17,332 - __main__ - INFO - [INFO] 2023-04-06 20:42:17.332634 Epoch [12/100] batch [1/391] loss 1.5654 lr 0.09704403844771128 acc 54.69% eta 2:42:58
2023-04-06 20:42:58,244 - __main__ - INFO - [INFO] 2023-04-06 20:42:58.244774 Epoch [12/100] batch [129/391] loss 1.9922 lr 0.09704403844771128 acc 54.69% eta 2:29:01
2023-04-06 20:43:39,750 - __main__ - INFO - [INFO] 2023-04-06 20:43:39.750599 Epoch [12/100] batch [257/391] loss 1.6934 lr 0.09704403844771128 acc 60.94% eta 2:29:04
2023-04-06 20:44:20,536 - __main__ - INFO - [INFO] 2023-04-06 20:44:20.535915 Epoch [12/100] batch [385/391] loss 1.8604 lr 0.09704403844771128 acc 56.25% eta 2:27:51
2023-04-06 20:44:22,281 - __main__ - INFO - Computing epoch 12 validation accuracy...
2023-04-06 20:44:29,787 - __main__ - INFO - Computing epoch 12 validation loss...
2023-04-06 20:44:37,706 - __main__ - INFO - [INFO] 2023-04-06 20:44:37.705950 Epoch [13/100] batch [1/391] loss 1.5391 lr 0.09648882429441258 acc 60.94% eta 2:31:11
2023-04-06 20:45:19,231 - __main__ - INFO - [INFO] 2023-04-06 20:45:19.231812 Epoch [13/100] batch [129/391] loss 1.7158 lr 0.09648882429441258 acc 55.47% eta 2:29:01
2023-04-06 20:46:00,056 - __main__ - INFO - [INFO] 2023-04-06 20:46:00.056682 Epoch [13/100] batch [257/391] loss 1.9404 lr 0.09648882429441258 acc 47.66% eta 2:27:07
2023-04-06 20:46:41,311 - __main__ - INFO - [INFO] 2023-04-06 20:46:41.310814 Epoch [13/100] batch [385/391] loss 1.8965 lr 0.09648882429441258 acc 47.66% eta 2:26:32
2023-04-06 20:46:43,135 - __main__ - INFO - Computing epoch 13 validation accuracy...
2023-04-06 20:46:50,893 - __main__ - INFO - Computing epoch 13 validation loss...
2023-04-06 20:46:58,924 - __main__ - INFO - [INFO] 2023-04-06 20:46:58.923903 Epoch [14/100] batch [1/391] loss 1.6406 lr 0.09588773128419906 acc 57.03% eta 2:48:50
2023-04-06 20:47:40,007 - __main__ - INFO - [INFO] 2023-04-06 20:47:40.006824 Epoch [14/100] batch [129/391] loss 1.7646 lr 0.09588773128419906 acc 50.78% eta 2:26:03
2023-04-06 20:48:21,164 - __main__ - INFO - [INFO] 2023-04-06 20:48:21.164808 Epoch [14/100] batch [257/391] loss 1.5811 lr 0.09588773128419906 acc 61.72% eta 2:25:32
2023-04-06 20:49:02,764 - __main__ - INFO - [INFO] 2023-04-06 20:49:02.763947 Epoch [14/100] batch [385/391] loss 1.7373 lr 0.09588773128419906 acc 54.69% eta 2:25:36
2023-04-06 20:49:04,573 - __main__ - INFO - Computing epoch 14 validation accuracy...
2023-04-06 20:49:12,102 - __main__ - INFO - Computing epoch 14 validation loss...
2023-04-06 20:49:19,599 - __main__ - INFO - [INFO] 2023-04-06 20:49:19.599673 Epoch [15/100] batch [1/391] loss 1.6816 lr 0.09524135262330098 acc 53.91% eta 2:27:09
2023-04-06 20:50:01,102 - __main__ - INFO - [INFO] 2023-04-06 20:50:01.102422 Epoch [15/100] batch [129/391] loss 1.6992 lr 0.09524135262330098 acc 57.03% eta 2:25:42
2023-04-06 20:50:42,871 - __main__ - INFO - [INFO] 2023-04-06 20:50:42.871789 Epoch [15/100] batch [257/391] loss 1.6104 lr 0.09524135262330098 acc 50.78% eta 2:25:30
2023-04-06 20:51:23,683 - __main__ - INFO - [INFO] 2023-04-06 20:51:23.683091 Epoch [15/100] batch [385/391] loss 1.6787 lr 0.09524135262330098 acc 55.47% eta 2:24:01
2023-04-06 20:51:25,541 - __main__ - INFO - Computing epoch 15 validation accuracy...
2023-04-06 20:51:33,001 - __main__ - INFO - Computing epoch 15 validation loss...
2023-04-06 20:51:40,785 - __main__ - INFO - [INFO] 2023-04-06 20:51:40.785442 Epoch [16/100] batch [1/391] loss 1.5176 lr 0.0945503262094184 acc 60.94% eta 2:48:44
2023-04-06 20:52:22,562 - __main__ - INFO - [INFO] 2023-04-06 20:52:22.562751 Epoch [16/100] batch [129/391] loss 1.8867 lr 0.0945503262094184 acc 49.22% eta 2:24:56
2023-04-06 20:53:03,095 - __main__ - INFO - [INFO] 2023-04-06 20:53:03.095220 Epoch [16/100] batch [257/391] loss 1.6348 lr 0.0945503262094184 acc 57.81% eta 2:22:15
2023-04-06 20:53:44,502 - __main__ - INFO - [INFO] 2023-04-06 20:53:44.502424 Epoch [16/100] batch [385/391] loss 1.6348 lr 0.0945503262094184 acc 63.28% eta 2:21:56
2023-04-06 20:53:46,246 - __main__ - INFO - Computing epoch 16 validation accuracy...
2023-04-06 20:53:53,863 - __main__ - INFO - Computing epoch 16 validation loss...
2023-04-06 20:54:01,837 - __main__ - INFO - [INFO] 2023-04-06 20:54:01.837777 Epoch [17/100] batch [1/391] loss 1.7656 lr 0.09381533400219319 acc 54.69% eta 2:34:35
2023-04-06 20:54:42,592 - __main__ - INFO - [INFO] 2023-04-06 20:54:42.592814 Epoch [17/100] batch [129/391] loss 1.6904 lr 0.09381533400219319 acc 55.47% eta 2:19:37
2023-04-06 20:55:24,232 - __main__ - INFO - [INFO] 2023-04-06 20:55:24.232148 Epoch [17/100] batch [257/391] loss 1.6133 lr 0.09381533400219319 acc 54.69% eta 2:20:33
2023-04-06 20:56:04,886 - __main__ - INFO - [INFO] 2023-04-06 20:56:04.885787 Epoch [17/100] batch [385/391] loss 1.6719 lr 0.09381533400219319 acc 48.44% eta 2:19:26
2023-04-06 20:56:06,694 - __main__ - INFO - Computing epoch 17 validation accuracy...
2023-04-06 20:56:14,434 - __main__ - INFO - Computing epoch 17 validation loss...
2023-04-06 20:56:22,302 - __main__ - INFO - [INFO] 2023-04-06 20:56:22.302670 Epoch [18/100] batch [1/391] loss 1.4053 lr 0.0930371013501972 acc 64.06% eta 2:22:13
2023-04-06 20:57:03,815 - __main__ - INFO - [INFO] 2023-04-06 20:57:03.814930 Epoch [18/100] batch [129/391] loss 1.4521 lr 0.0930371013501972 acc 58.59% eta 2:20:52
2023-04-06 20:57:44,587 - __main__ - INFO - [INFO] 2023-04-06 20:57:44.587511 Epoch [18/100] batch [257/391] loss 1.4229 lr 0.0930371013501972 acc 65.62% eta 2:19:08
2023-04-06 20:58:26,010 - __main__ - INFO - [INFO] 2023-04-06 20:58:26.010207 Epoch [18/100] batch [385/391] loss 1.6670 lr 0.0930371013501972 acc 57.03% eta 2:18:36
2023-04-06 20:58:27,861 - __main__ - INFO - Computing epoch 18 validation accuracy...
2023-04-06 20:58:35,569 - __main__ - INFO - Computing epoch 18 validation loss...
2023-04-06 20:58:43,505 - __main__ - INFO - [INFO] 2023-04-06 20:58:43.505770 Epoch [19/100] batch [1/391] loss 1.4971 lr 0.09221639627510078 acc 61.72% eta 2:31:14
2023-04-06 20:59:24,284 - __main__ - INFO - [INFO] 2023-04-06 20:59:24.284117 Epoch [19/100] batch [129/391] loss 1.5713 lr 0.09221639627510078 acc 63.28% eta 2:16:08
2023-04-06 21:00:05,903 - __main__ - INFO - [INFO] 2023-04-06 21:00:05.902926 Epoch [19/100] batch [257/391] loss 1.5127 lr 0.09221639627510078 acc 61.72% eta 2:16:56
2023-04-06 21:00:47,470 - __main__ - INFO - [INFO] 2023-04-06 21:00:47.470524 Epoch [19/100] batch [385/391] loss 1.5713 lr 0.09221639627510078 acc 57.81% eta 2:16:51
2023-04-06 21:00:49,234 - __main__ - INFO - Computing epoch 19 validation accuracy...
2023-04-06 21:00:56,418 - __main__ - INFO - Computing epoch 19 validation loss...
2023-04-06 21:01:04,470 - __main__ - INFO - [INFO] 2023-04-06 21:01:04.470649 Epoch [20/100] batch [1/391] loss 1.5146 lr 0.09135402871372812 acc 53.12% eta 2:35:50
2023-04-06 21:01:45,844 - __main__ - INFO - [INFO] 2023-04-06 21:01:45.844492 Epoch [20/100] batch [129/391] loss 1.5742 lr 0.09135402871372812 acc 49.22% eta 2:16:10
2023-04-06 21:02:26,942 - __main__ - INFO - [INFO] 2023-04-06 21:02:26.942753 Epoch [20/100] batch [257/391] loss 1.6660 lr 0.09135402871372812 acc 56.25% eta 2:15:17
2023-04-06 21:03:07,597 - __main__ - INFO - [INFO] 2023-04-06 21:03:07.596847 Epoch [20/100] batch [385/391] loss 1.3438 lr 0.09135402871372812 acc 57.03% eta 2:14:15
2023-04-06 21:03:09,476 - __main__ - INFO - Computing epoch 20 validation accuracy...
2023-04-06 21:03:16,957 - __main__ - INFO - Computing epoch 20 validation loss...
2023-04-06 21:03:24,902 - __main__ - INFO - [INFO] 2023-04-06 21:03:24.902383 Epoch [21/100] batch [1/391] loss 1.6270 lr 0.09045084971874741 acc 61.72% eta 2:35:19
2023-04-06 21:04:06,041 - __main__ - INFO - [INFO] 2023-04-06 21:04:06.041500 Epoch [21/100] batch [129/391] loss 1.5303 lr 0.09045084971874741 acc 64.06% eta 2:14:26
2023-04-06 21:04:46,816 - __main__ - INFO - [INFO] 2023-04-06 21:04:46.816739 Epoch [21/100] batch [257/391] loss 1.7959 lr 0.09045084971874741 acc 54.69% eta 2:13:22
2023-04-06 21:05:28,685 - __main__ - INFO - [INFO] 2023-04-06 21:05:28.684961 Epoch [21/100] batch [385/391] loss 1.5342 lr 0.09045084971874741 acc 62.50% eta 2:13:32
2023-04-06 21:05:30,523 - __main__ - INFO - Computing epoch 21 validation accuracy...
2023-04-06 21:05:38,241 - __main__ - INFO - Computing epoch 21 validation loss...
2023-04-06 21:05:45,961 - __main__ - INFO - [INFO] 2023-04-06 21:05:45.961651 Epoch [22/100] batch [1/391] loss 1.4961 lr 0.08950775061878455 acc 62.50% eta 2:19:27
2023-04-06 21:06:27,021 - __main__ - INFO - [INFO] 2023-04-06 21:06:27.021754 Epoch [22/100] batch [129/391] loss 1.4844 lr 0.08950775061878455 acc 68.75% eta 2:11:47
2023-04-06 21:07:08,649 - __main__ - INFO - [INFO] 2023-04-06 21:07:08.649061 Epoch [22/100] batch [257/391] loss 1.5049 lr 0.08950775061878455 acc 63.28% eta 2:12:19
2023-04-06 21:07:49,561 - __main__ - INFO - [INFO] 2023-04-06 21:07:49.561049 Epoch [22/100] batch [385/391] loss 1.6211 lr 0.08950775061878455 acc 57.81% eta 2:11:29
2023-04-06 21:07:51,374 - __main__ - INFO - Computing epoch 22 validation accuracy...
2023-04-06 21:07:59,178 - __main__ - INFO - Computing epoch 22 validation loss...
2023-04-06 21:08:07,279 - __main__ - INFO - [INFO] 2023-04-06 21:08:07.279285 Epoch [23/100] batch [1/391] loss 1.8662 lr 0.0885256621387895 acc 55.47% eta 2:27:12
2023-04-06 21:08:48,910 - __main__ - INFO - [INFO] 2023-04-06 21:08:48.910400 Epoch [23/100] batch [129/391] loss 1.6729 lr 0.0885256621387895 acc 57.03% eta 2:12:20
2023-04-06 21:09:29,564 - __main__ - INFO - [INFO] 2023-04-06 21:09:29.564333 Epoch [23/100] batch [257/391] loss 1.5430 lr 0.0885256621387895 acc 52.34% eta 2:10:17
2023-04-06 21:10:10,801 - __main__ - INFO - [INFO] 2023-04-06 21:10:10.801045 Epoch [23/100] batch [385/391] loss 1.5371 lr 0.0885256621387895 acc 60.94% eta 2:09:52
2023-04-06 21:10:12,731 - __main__ - INFO - Computing epoch 23 validation accuracy...
2023-04-06 21:10:20,416 - __main__ - INFO - Computing epoch 23 validation loss...
2023-04-06 21:10:28,501 - __main__ - INFO - [INFO] 2023-04-06 21:10:28.501204 Epoch [24/100] batch [1/391] loss 1.3857 lr 0.08750555348152302 acc 60.94% eta 2:18:02
2023-04-06 21:11:09,430 - __main__ - INFO - [INFO] 2023-04-06 21:11:09.430281 Epoch [24/100] batch [129/391] loss 1.4258 lr 0.08750555348152302 acc 64.84% eta 2:08:22
2023-04-06 21:11:51,220 - __main__ - INFO - [INFO] 2023-04-06 21:11:51.220270 Epoch [24/100] batch [257/391] loss 1.3945 lr 0.08750555348152302 acc 65.62% eta 2:09:20
2023-04-06 21:12:31,933 - __main__ - INFO - [INFO] 2023-04-06 21:12:31.933324 Epoch [24/100] batch [385/391] loss 1.4072 lr 0.08750555348152302 acc 63.28% eta 2:08:23
2023-04-06 21:12:33,793 - __main__ - INFO - Computing epoch 24 validation accuracy...
2023-04-06 21:12:41,655 - __main__ - INFO - Computing epoch 24 validation loss...
2023-04-06 21:12:49,690 - __main__ - INFO - [INFO] 2023-04-06 21:12:49.690200 Epoch [25/100] batch [1/391] loss 1.5762 lr 0.08644843137107061 acc 53.91% eta 2:23:38
2023-04-06 21:13:31,370 - __main__ - INFO - [INFO] 2023-04-06 21:13:31.370299 Epoch [25/100] batch [129/391] loss 1.3555 lr 0.08644843137107061 acc 70.31% eta 2:09:12
2023-04-06 21:14:12,430 - __main__ - INFO - [INFO] 2023-04-06 21:14:12.429942 Epoch [25/100] batch [257/391] loss 1.6953 lr 0.08644843137107061 acc 55.47% eta 2:07:46
2023-04-06 21:14:54,383 - __main__ - INFO - [INFO] 2023-04-06 21:14:54.383773 Epoch [25/100] batch [385/391] loss 1.6777 lr 0.08644843137107061 acc 60.16% eta 2:07:52
2023-04-06 21:14:56,248 - __main__ - INFO - Computing epoch 25 validation accuracy...
2023-04-06 21:15:03,517 - __main__ - INFO - Computing epoch 25 validation loss...
2023-04-06 21:15:11,562 - __main__ - INFO - [INFO] 2023-04-06 21:15:11.562734 Epoch [26/100] batch [1/391] loss 1.5254 lr 0.0853553390593274 acc 69.53% eta 1:55:31
2023-04-06 21:15:52,282 - __main__ - INFO - [INFO] 2023-04-06 21:15:52.282421 Epoch [26/100] batch [129/391] loss 1.5137 lr 0.0853553390593274 acc 60.16% eta 2:04:44
2023-04-06 21:16:34,021 - __main__ - INFO - [INFO] 2023-04-06 21:16:34.021667 Epoch [26/100] batch [257/391] loss 1.4424 lr 0.0853553390593274 acc 57.03% eta 2:05:34
2023-04-06 21:17:15,589 - __main__ - INFO - [INFO] 2023-04-06 21:17:15.589557 Epoch [26/100] batch [385/391] loss 1.6279 lr 0.0853553390593274 acc 56.25% eta 2:05:17
2023-04-06 21:17:17,411 - __main__ - INFO - Computing epoch 26 validation accuracy...
2023-04-06 21:17:24,523 - __main__ - INFO - Computing epoch 26 validation loss...
2023-04-06 21:17:32,236 - __main__ - INFO - [INFO] 2023-04-06 21:17:32.236387 Epoch [27/100] batch [1/391] loss 1.3770 lr 0.08422735529643446 acc 60.94% eta 1:48:01
2023-04-06 21:18:13,878 - __main__ - INFO - [INFO] 2023-04-06 21:18:13.877845 Epoch [27/100] batch [129/391] loss 1.3926 lr 0.08422735529643446 acc 59.38% eta 2:05:15
2023-04-06 21:18:55,451 - __main__ - INFO - [INFO] 2023-04-06 21:18:55.451241 Epoch [27/100] batch [257/391] loss 1.4893 lr 0.08422735529643446 acc 64.06% eta 2:04:50
2023-04-06 21:19:36,093 - __main__ - INFO - [INFO] 2023-04-06 21:19:36.092888 Epoch [27/100] batch [385/391] loss 1.6865 lr 0.08422735529643446 acc 51.56% eta 2:03:26
2023-04-06 21:19:37,924 - __main__ - INFO - Computing epoch 27 validation accuracy...
2023-04-06 21:19:45,551 - __main__ - INFO - Computing epoch 27 validation loss...
2023-04-06 21:19:53,767 - __main__ - INFO - [INFO] 2023-04-06 21:19:53.767596 Epoch [28/100] batch [1/391] loss 1.1719 lr 0.08306559326618262 acc 67.19% eta 1:51:00
2023-04-06 21:20:35,114 - __main__ - INFO - [INFO] 2023-04-06 21:20:35.114517 Epoch [28/100] batch [129/391] loss 1.1768 lr 0.08306559326618262 acc 70.31% eta 2:02:27
2023-04-06 21:21:16,249 - __main__ - INFO - [INFO] 2023-04-06 21:21:16.249099 Epoch [28/100] batch [257/391] loss 1.6758 lr 0.08306559326618262 acc 50.78% eta 2:02:12
2023-04-06 21:21:58,011 - __main__ - INFO - [INFO] 2023-04-06 21:21:58.011409 Epoch [28/100] batch [385/391] loss 1.0957 lr 0.08306559326618262 acc 69.53% eta 2:02:07
2023-04-06 21:21:59,812 - __main__ - INFO - Computing epoch 28 validation accuracy...
2023-04-06 21:22:07,545 - __main__ - INFO - Computing epoch 28 validation loss...
2023-04-06 21:22:15,264 - __main__ - INFO - [INFO] 2023-04-06 21:22:15.264116 Epoch [29/100] batch [1/391] loss 1.2373 lr 0.08187119948743452 acc 70.31% eta 2:00:56
2023-04-06 21:22:56,492 - __main__ - INFO - [INFO] 2023-04-06 21:22:56.492212 Epoch [29/100] batch [129/391] loss 1.4355 lr 0.08187119948743452 acc 60.94% eta 2:00:44
2023-04-06 21:23:37,809 - __main__ - INFO - [INFO] 2023-04-06 21:23:37.809448 Epoch [29/100] batch [257/391] loss 1.3125 lr 0.08187119948743452 acc 63.28% eta 2:00:15
2023-04-06 21:24:18,700 - __main__ - INFO - [INFO] 2023-04-06 21:24:18.700771 Epoch [29/100] batch [385/391] loss 1.4404 lr 0.08187119948743452 acc 67.97% eta 1:59:24
2023-04-06 21:24:20,555 - __main__ - INFO - Computing epoch 29 validation accuracy...
2023-04-06 21:24:28,203 - __main__ - INFO - Computing epoch 29 validation loss...
2023-04-06 21:24:36,130 - __main__ - INFO - [INFO] 2023-04-06 21:24:36.129969 Epoch [30/100] batch [1/391] loss 1.3613 lr 0.08064535268264886 acc 64.84% eta 2:07:25
2023-04-06 21:25:17,876 - __main__ - INFO - [INFO] 2023-04-06 21:25:17.876498 Epoch [30/100] batch [129/391] loss 1.5889 lr 0.08064535268264886 acc 63.28% eta 2:00:35
2023-04-06 21:25:58,787 - __main__ - INFO - [INFO] 2023-04-06 21:25:58.787400 Epoch [30/100] batch [257/391] loss 1.3340 lr 0.08064535268264886 acc 67.97% eta 1:59:10
2023-04-06 21:26:40,266 - __main__ - INFO - [INFO] 2023-04-06 21:26:40.266280 Epoch [30/100] batch [385/391] loss 1.4424 lr 0.08064535268264886 acc 62.50% eta 1:58:38
2023-04-06 21:26:41,738 - __main__ - INFO - Computing epoch 30 validation accuracy...
2023-04-06 21:26:49,372 - __main__ - INFO - Computing epoch 30 validation loss...
2023-04-06 21:26:57,469 - __main__ - INFO - [INFO] 2023-04-06 21:26:57.469012 Epoch [31/100] batch [1/391] loss 1.4160 lr 0.0793892626146237 acc 66.41% eta 2:08:20
2023-04-06 21:27:38,601 - __main__ - INFO - [INFO] 2023-04-06 21:27:38.600979 Epoch [31/100] batch [129/391] loss 1.4814 lr 0.0793892626146237 acc 59.38% eta 1:57:38
2023-04-06 21:28:20,142 - __main__ - INFO - [INFO] 2023-04-06 21:28:20.142157 Epoch [31/100] batch [257/391] loss 1.5264 lr 0.0793892626146237 acc 60.16% eta 1:57:32
2023-04-06 21:29:00,976 - __main__ - INFO - [INFO] 2023-04-06 21:29:00.976099 Epoch [31/100] batch [385/391] loss 1.2422 lr 0.0793892626146237 acc 70.31% eta 1:56:36
2023-04-06 21:29:02,775 - __main__ - INFO - Computing epoch 31 validation accuracy...
2023-04-06 21:29:10,433 - __main__ - INFO - Computing epoch 31 validation loss...
2023-04-06 21:29:18,576 - __main__ - INFO - [INFO] 2023-04-06 21:29:18.576000 Epoch [32/100] batch [1/391] loss 1.1787 lr 0.07810416889260657 acc 66.41% eta 1:55:19
2023-04-06 21:30:00,611 - __main__ - INFO - [INFO] 2023-04-06 21:30:00.611668 Epoch [32/100] batch [129/391] loss 1.5840 lr 0.07810416889260657 acc 61.72% eta 1:58:20
2023-04-06 21:30:41,260 - __main__ - INFO - [INFO] 2023-04-06 21:30:41.260455 Epoch [32/100] batch [257/391] loss 1.5107 lr 0.07810416889260657 acc 64.06% eta 1:55:58
2023-04-06 21:31:22,975 - __main__ - INFO - [INFO] 2023-04-06 21:31:22.974965 Epoch [32/100] batch [385/391] loss 1.5742 lr 0.07810416889260657 acc 63.28% eta 1:55:42
2023-04-06 21:31:24,829 - __main__ - INFO - Computing epoch 32 validation accuracy...
2023-04-06 21:31:32,493 - __main__ - INFO - Computing epoch 32 validation loss...
2023-04-06 21:31:40,677 - __main__ - INFO - [INFO] 2023-04-06 21:31:40.677162 Epoch [33/100] batch [1/391] loss 1.2031 lr 0.07679133974894986 acc 65.62% eta 2:34:04
2023-04-06 21:32:21,543 - __main__ - INFO - [INFO] 2023-04-06 21:32:21.543012 Epoch [33/100] batch [129/391] loss 1.4248 lr 0.07679133974894986 acc 64.84% eta 1:53:57
2023-04-06 21:33:03,542 - __main__ - INFO - [INFO] 2023-04-06 21:33:03.542361 Epoch [33/100] batch [257/391] loss 1.2715 lr 0.07679133974894986 acc 67.19% eta 1:54:45
2023-04-06 21:33:45,301 - __main__ - INFO - [INFO] 2023-04-06 21:33:45.301293 Epoch [33/100] batch [385/391] loss 1.3184 lr 0.07679133974894986 acc 69.53% eta 1:54:21
2023-04-06 21:33:47,169 - __main__ - INFO - Computing epoch 33 validation accuracy...
2023-04-06 21:33:54,397 - __main__ - INFO - Computing epoch 33 validation loss...
2023-04-06 21:34:02,160 - __main__ - INFO - [INFO] 2023-04-06 21:34:02.160216 Epoch [34/100] batch [1/391] loss 1.2559 lr 0.0754520707875186 acc 63.28% eta 2:14:16
2023-04-06 21:34:44,054 - __main__ - INFO - [INFO] 2023-04-06 21:34:44.054747 Epoch [34/100] batch [129/391] loss 1.4639 lr 0.0754520707875186 acc 63.28% eta 1:54:07
2023-04-06 21:35:25,873 - __main__ - INFO - [INFO] 2023-04-06 21:35:25.873333 Epoch [34/100] batch [257/391] loss 1.3887 lr 0.0754520707875186 acc 60.94% eta 1:53:47
2023-04-06 21:36:06,987 - __main__ - INFO - [INFO] 2023-04-06 21:36:06.986924 Epoch [34/100] batch [385/391] loss 1.4824 lr 0.0754520707875186 acc 63.28% eta 1:52:23
2023-04-06 21:36:08,857 - __main__ - INFO - Computing epoch 34 validation accuracy...
2023-04-06 21:36:16,544 - __main__ - INFO - Computing epoch 34 validation loss...
2023-04-06 21:36:24,549 - __main__ - INFO - [INFO] 2023-04-06 21:36:24.549501 Epoch [35/100] batch [1/391] loss 1.3896 lr 0.0740876837050858 acc 57.81% eta 2:00:04
2023-04-06 21:37:06,331 - __main__ - INFO - [INFO] 2023-04-06 21:37:06.331579 Epoch [35/100] batch [129/391] loss 1.3398 lr 0.0740876837050858 acc 64.06% eta 1:52:21
2023-04-06 21:37:47,176 - __main__ - INFO - [INFO] 2023-04-06 21:37:47.175985 Epoch [35/100] batch [257/391] loss 1.2119 lr 0.0740876837050858 acc 66.41% eta 1:50:38
2023-04-06 21:38:28,461 - __main__ - INFO - [INFO] 2023-04-06 21:38:28.461541 Epoch [35/100] batch [385/391] loss 1.4346 lr 0.0740876837050858 acc 67.97% eta 1:50:01
2023-04-06 21:38:30,258 - __main__ - INFO - Computing epoch 35 validation accuracy...
2023-04-06 21:38:37,920 - __main__ - INFO - Computing epoch 35 validation loss...
2023-04-06 21:38:45,939 - __main__ - INFO - [INFO] 2023-04-06 21:38:45.938915 Epoch [36/100] batch [1/391] loss 1.2148 lr 0.07269952498697738 acc 66.41% eta 1:35:35
2023-04-06 21:39:27,010 - __main__ - INFO - [INFO] 2023-04-06 21:39:27.010100 Epoch [36/100] batch [129/391] loss 1.3496 lr 0.07269952498697738 acc 69.53% eta 1:48:49
2023-04-06 21:40:08,742 - __main__ - INFO - [INFO] 2023-04-06 21:40:08.742186 Epoch [36/100] batch [257/391] loss 1.3193 lr 0.07269952498697738 acc 63.28% eta 1:48:57
2023-04-06 21:40:49,700 - __main__ - INFO - [INFO] 2023-04-06 21:40:49.700550 Epoch [36/100] batch [385/391] loss 1.3252 lr 0.07269952498697738 acc 68.75% eta 1:48:07
2023-04-06 21:40:51,535 - __main__ - INFO - Computing epoch 36 validation accuracy...
2023-04-06 21:40:59,200 - __main__ - INFO - Computing epoch 36 validation loss...
2023-04-06 21:41:07,161 - __main__ - INFO - [INFO] 2023-04-06 21:41:07.161373 Epoch [37/100] batch [1/391] loss 1.0469 lr 0.07128896457825366 acc 66.41% eta 1:53:46
2023-04-06 21:41:48,993 - __main__ - INFO - [INFO] 2023-04-06 21:41:48.993290 Epoch [37/100] batch [129/391] loss 1.1553 lr 0.07128896457825366 acc 65.62% eta 1:48:46
2023-04-06 21:42:29,773 - __main__ - INFO - [INFO] 2023-04-06 21:42:29.773031 Epoch [37/100] batch [257/391] loss 1.3740 lr 0.07128896457825366 acc 66.41% eta 1:47:13
2023-04-06 21:43:11,713 - __main__ - INFO - [INFO] 2023-04-06 21:43:11.713326 Epoch [37/100] batch [385/391] loss 1.2598 lr 0.07128896457825366 acc 64.06% eta 1:47:11
2023-04-06 21:43:13,548 - __main__ - INFO - Computing epoch 37 validation accuracy...
2023-04-06 21:43:21,156 - __main__ - INFO - Computing epoch 37 validation loss...
2023-04-06 21:43:29,168 - __main__ - INFO - [INFO] 2023-04-06 21:43:29.167817 Epoch [38/100] batch [1/391] loss 1.2148 lr 0.06985739453173906 acc 70.31% eta 1:25:13
2023-04-06 21:44:10,295 - __main__ - INFO - [INFO] 2023-04-06 21:44:10.295535 Epoch [38/100] batch [129/391] loss 1.2930 lr 0.06985739453173906 acc 63.28% eta 1:45:29
2023-04-06 21:44:52,324 - __main__ - INFO - [INFO] 2023-04-06 21:44:52.324076 Epoch [38/100] batch [257/391] loss 1.2061 lr 0.06985739453173906 acc 61.72% eta 1:46:09
2023-04-06 21:45:33,502 - __main__ - INFO - [INFO] 2023-04-06 21:45:33.501939 Epoch [38/100] batch [385/391] loss 1.2803 lr 0.06985739453173906 acc 68.75% eta 1:45:14
2023-04-06 21:45:35,186 - __main__ - INFO - Computing epoch 38 validation accuracy...
2023-04-06 21:45:42,574 - __main__ - INFO - Computing epoch 38 validation loss...
2023-04-06 21:45:50,502 - __main__ - INFO - [INFO] 2023-04-06 21:45:50.502297 Epoch [39/100] batch [1/391] loss 1.0703 lr 0.06840622763423394 acc 68.75% eta 1:52:58
2023-04-06 21:46:31,772 - __main__ - INFO - [INFO] 2023-04-06 21:46:31.772498 Epoch [39/100] batch [129/391] loss 1.1221 lr 0.06840622763423394 acc 72.66% eta 1:44:14
2023-04-06 21:47:12,509 - __main__ - INFO - [INFO] 2023-04-06 21:47:12.509370 Epoch [39/100] batch [257/391] loss 1.3418 lr 0.06840622763423394 acc 67.97% eta 1:42:58
2023-04-06 21:47:53,899 - __main__ - INFO - [INFO] 2023-04-06 21:47:53.899083 Epoch [39/100] batch [385/391] loss 1.2568 lr 0.06840622763423394 acc 71.09% eta 1:42:47
2023-04-06 21:47:55,880 - __main__ - INFO - Computing epoch 39 validation accuracy...
2023-04-06 21:48:03,572 - __main__ - INFO - Computing epoch 39 validation loss...
2023-04-06 21:48:11,648 - __main__ - INFO - [INFO] 2023-04-06 21:48:11.648244 Epoch [40/100] batch [1/391] loss 1.2285 lr 0.06693689601226462 acc 70.31% eta 1:50:02
2023-04-06 21:48:52,219 - __main__ - INFO - [INFO] 2023-04-06 21:48:52.219217 Epoch [40/100] batch [129/391] loss 1.0996 lr 0.06693689601226462 acc 67.19% eta 1:40:58
2023-04-06 21:49:27,771 - __main__ - INFO - [INFO] 2023-04-06 21:49:27.771295 Epoch [40/100] batch [257/391] loss 1.2197 lr 0.06693689601226462 acc 65.62% eta 1:35:04
2023-04-06 21:50:07,075 - __main__ - INFO - [INFO] 2023-04-06 21:50:07.075639 Epoch [40/100] batch [385/391] loss 1.5225 lr 0.06693689601226462 acc 61.72% eta 1:35:22
2023-04-06 21:50:08,971 - __main__ - INFO - Computing epoch 40 validation accuracy...
2023-04-06 21:50:16,690 - __main__ - INFO - Computing epoch 40 validation loss...
2023-04-06 21:50:24,821 - __main__ - INFO - [INFO] 2023-04-06 21:50:24.821363 Epoch [41/100] batch [1/391] loss 1.1445 lr 0.06545084971874741 acc 68.75% eta 1:43:53
2023-04-06 21:51:05,735 - __main__ - INFO - [INFO] 2023-04-06 21:51:05.734970 Epoch [41/100] batch [129/391] loss 1.1172 lr 0.06545084971874741 acc 75.78% eta 1:39:57
2023-04-06 21:51:46,798 - __main__ - INFO - [INFO] 2023-04-06 21:51:46.797976 Epoch [41/100] batch [257/391] loss 1.0156 lr 0.06545084971874741 acc 60.94% eta 1:39:34
2023-04-06 21:52:28,210 - __main__ - INFO - [INFO] 2023-04-06 21:52:28.210023 Epoch [41/100] batch [385/391] loss 1.2861 lr 0.06545084971874741 acc 71.09% eta 1:39:19
2023-04-06 21:52:30,093 - __main__ - INFO - Computing epoch 41 validation accuracy...
2023-04-06 21:52:37,801 - __main__ - INFO - Computing epoch 41 validation loss...
2023-04-06 21:52:45,510 - __main__ - INFO - [INFO] 2023-04-06 21:52:45.510704 Epoch [42/100] batch [1/391] loss 1.0303 lr 0.06394955530196152 acc 74.22% eta 1:39:37
2023-04-06 21:53:26,739 - __main__ - INFO - [INFO] 2023-04-06 21:53:26.739085 Epoch [42/100] batch [129/391] loss 1.1953 lr 0.06394955530196152 acc 75.00% eta 1:39:01
2023-04-06 21:54:08,565 - __main__ - INFO - [INFO] 2023-04-06 21:54:08.565768 Epoch [42/100] batch [257/391] loss 1.2129 lr 0.06394955530196152 acc 71.09% eta 1:39:02
2023-04-06 21:54:49,058 - __main__ - INFO - [INFO] 2023-04-06 21:54:49.057838 Epoch [42/100] batch [385/391] loss 1.1240 lr 0.06394955530196152 acc 71.88% eta 1:37:44
2023-04-06 21:54:50,962 - __main__ - INFO - Computing epoch 42 validation accuracy...
2023-04-06 21:54:58,712 - __main__ - INFO - Computing epoch 42 validation loss...
2023-04-06 21:55:06,706 - __main__ - INFO - [INFO] 2023-04-06 21:55:06.705896 Epoch [43/100] batch [1/391] loss 1.1084 lr 0.062434494358242776 acc 64.06% eta 1:33:22
2023-04-06 21:55:48,285 - __main__ - INFO - [INFO] 2023-04-06 21:55:48.285540 Epoch [43/100] batch [129/391] loss 1.3193 lr 0.062434494358242776 acc 65.62% eta 1:37:47
2023-04-06 21:56:29,245 - __main__ - INFO - [INFO] 2023-04-06 21:56:29.245779 Epoch [43/100] batch [257/391] loss 1.2793 lr 0.062434494358242776 acc 73.44% eta 1:36:40
2023-04-06 21:57:10,911 - __main__ - INFO - [INFO] 2023-04-06 21:57:10.911518 Epoch [43/100] batch [385/391] loss 1.0732 lr 0.062434494358242776 acc 71.88% eta 1:36:25
2023-04-06 21:57:12,755 - __main__ - INFO - Computing epoch 43 validation accuracy...
2023-04-06 21:57:20,524 - __main__ - INFO - Computing epoch 43 validation loss...
2023-04-06 21:57:28,637 - __main__ - INFO - [INFO] 2023-04-06 21:57:28.637019 Epoch [44/100] batch [1/391] loss 1.1650 lr 0.06090716206982718 acc 64.84% eta 1:41:52
2023-04-06 21:58:09,132 - __main__ - INFO - [INFO] 2023-04-06 21:58:09.132620 Epoch [44/100] batch [129/391] loss 1.1592 lr 0.06090716206982718 acc 67.97% eta 1:33:59
2023-04-06 21:58:50,782 - __main__ - INFO - [INFO] 2023-04-06 21:58:50.782112 Epoch [44/100] batch [257/391] loss 1.2969 lr 0.06090716206982718 acc 66.41% eta 1:34:44
2023-04-06 21:59:31,514 - __main__ - INFO - [INFO] 2023-04-06 21:59:31.514454 Epoch [44/100] batch [385/391] loss 1.2666 lr 0.06090716206982718 acc 65.62% eta 1:34:02
2023-04-06 21:59:33,381 - __main__ - INFO - Computing epoch 44 validation accuracy...
2023-04-06 21:59:41,087 - __main__ - INFO - Computing epoch 44 validation loss...
2023-04-06 21:59:49,135 - __main__ - INFO - [INFO] 2023-04-06 21:59:49.135598 Epoch [45/100] batch [1/391] loss 1.2344 lr 0.05936906572928628 acc 67.19% eta 1:43:04
2023-04-06 22:00:30,651 - __main__ - INFO - [INFO] 2023-04-06 22:00:30.651234 Epoch [45/100] batch [129/391] loss 1.3770 lr 0.05936906572928628 acc 71.09% eta 1:34:34
2023-04-06 22:01:11,228 - __main__ - INFO - [INFO] 2023-04-06 22:01:11.228382 Epoch [45/100] batch [257/391] loss 1.1719 lr 0.05936906572928628 acc 69.53% eta 1:32:59
2023-04-06 22:01:52,138 - __main__ - INFO - [INFO] 2023-04-06 22:01:52.137948 Epoch [45/100] batch [385/391] loss 1.0068 lr 0.05936906572928628 acc 78.12% eta 1:32:20
2023-04-06 22:01:54,086 - __main__ - INFO - Computing epoch 45 validation accuracy...
2023-04-06 22:02:01,812 - __main__ - INFO - Computing epoch 45 validation loss...
2023-04-06 22:02:09,734 - __main__ - INFO - [INFO] 2023-04-06 22:02:09.734246 Epoch [46/100] batch [1/391] loss 1.0508 lr 0.05782172325201159 acc 74.22% eta 1:23:49
2023-04-06 22:02:50,467 - __main__ - INFO - [INFO] 2023-04-06 22:02:50.467287 Epoch [46/100] batch [129/391] loss 1.1279 lr 0.05782172325201159 acc 72.66% eta 1:31:10
2023-04-06 22:03:32,359 - __main__ - INFO - [INFO] 2023-04-06 22:03:32.359256 Epoch [46/100] batch [257/391] loss 1.1250 lr 0.05782172325201159 acc 70.31% eta 1:31:54
2023-04-06 22:04:13,538 - __main__ - INFO - [INFO] 2023-04-06 22:04:13.538545 Epoch [46/100] batch [385/391] loss 1.1592 lr 0.05782172325201159 acc 68.75% eta 1:31:13
2023-04-06 22:04:15,324 - __main__ - INFO - Computing epoch 46 validation accuracy...
2023-04-06 22:04:22,680 - __main__ - INFO - Computing epoch 46 validation loss...
2023-04-06 22:04:30,722 - __main__ - INFO - [INFO] 2023-04-06 22:04:30.721937 Epoch [47/100] batch [1/391] loss 1.0586 lr 0.056266661678215264 acc 69.53% eta 1:30:25
2023-04-06 22:05:12,075 - __main__ - INFO - [INFO] 2023-04-06 22:05:12.075599 Epoch [47/100] batch [129/391] loss 1.0723 lr 0.056266661678215264 acc 74.22% eta 1:30:41
2023-04-06 22:05:53,222 - __main__ - INFO - [INFO] 2023-04-06 22:05:53.222495 Epoch [47/100] batch [257/391] loss 1.1729 lr 0.056266661678215264 acc 71.09% eta 1:29:59
2023-04-06 22:06:34,345 - __main__ - INFO - [INFO] 2023-04-06 22:06:34.345087 Epoch [47/100] batch [385/391] loss 1.2490 lr 0.056266661678215264 acc 72.66% eta 1:29:24
2023-04-06 22:06:36,151 - __main__ - INFO - Computing epoch 47 validation accuracy...
2023-04-06 22:06:43,829 - __main__ - INFO - Computing epoch 47 validation loss...
2023-04-06 22:06:51,999 - __main__ - INFO - [INFO] 2023-04-06 22:06:51.999742 Epoch [48/100] batch [1/391] loss 0.8110 lr 0.05470541566592575 acc 81.25% eta 1:41:31
2023-04-06 22:07:33,099 - __main__ - INFO - [INFO] 2023-04-06 22:07:33.099323 Epoch [48/100] batch [129/391] loss 1.2207 lr 0.05470541566592575 acc 67.19% eta 1:29:03
2023-04-06 22:08:14,277 - __main__ - INFO - [INFO] 2023-04-06 22:08:14.277432 Epoch [48/100] batch [257/391] loss 1.1113 lr 0.05470541566592575 acc 62.50% eta 1:28:17
2023-04-06 22:08:55,780 - __main__ - INFO - [INFO] 2023-04-06 22:08:55.780814 Epoch [48/100] batch [385/391] loss 1.0098 lr 0.05470541566592575 acc 71.88% eta 1:27:50
2023-04-06 22:08:57,657 - __main__ - INFO - Computing epoch 48 validation accuracy...
2023-04-06 22:09:05,266 - __main__ - INFO - Computing epoch 48 validation loss...
2023-04-06 22:09:12,738 - __main__ - INFO - [INFO] 2023-04-06 22:09:12.738324 Epoch [49/100] batch [1/391] loss 1.0273 lr 0.053139525976465714 acc 78.12% eta 1:23:58
2023-04-06 22:09:54,492 - __main__ - INFO - [INFO] 2023-04-06 22:09:54.491994 Epoch [49/100] batch [129/391] loss 1.2148 lr 0.053139525976465714 acc 70.31% eta 1:28:20
2023-04-06 22:10:35,956 - __main__ - INFO - [INFO] 2023-04-06 22:10:35.956193 Epoch [49/100] batch [257/391] loss 0.7793 lr 0.053139525976465714 acc 77.34% eta 1:27:24
2023-04-06 22:11:16,406 - __main__ - INFO - [INFO] 2023-04-06 22:11:16.406237 Epoch [49/100] batch [385/391] loss 1.1055 lr 0.053139525976465714 acc 71.09% eta 1:26:07
2023-04-06 22:11:18,205 - __main__ - INFO - Computing epoch 49 validation accuracy...
2023-04-06 22:11:25,908 - __main__ - INFO - Computing epoch 49 validation loss...
2023-04-06 22:11:33,923 - __main__ - INFO - [INFO] 2023-04-06 22:11:33.923801 Epoch [50/100] batch [1/391] loss 0.8677 lr 0.05157053795390645 acc 75.78% eta 1:32:23
2023-04-06 22:12:15,884 - __main__ - INFO - [INFO] 2023-04-06 22:12:15.883821 Epoch [50/100] batch [129/391] loss 0.8115 lr 0.05157053795390645 acc 81.25% eta 1:26:52
2023-04-06 22:12:56,686 - __main__ - INFO - [INFO] 2023-04-06 22:12:56.685831 Epoch [50/100] batch [257/391] loss 1.0322 lr 0.05157053795390645 acc 75.78% eta 1:25:17
2023-04-06 22:13:37,554 - __main__ - INFO - [INFO] 2023-04-06 22:13:37.554060 Epoch [50/100] batch [385/391] loss 1.1963 lr 0.05157053795390645 acc 66.41% eta 1:24:25
2023-04-06 22:13:39,481 - __main__ - INFO - Computing epoch 50 validation accuracy...
2023-04-06 22:13:47,194 - __main__ - INFO - Computing epoch 50 validation loss...
2023-04-06 22:13:55,107 - __main__ - INFO - [INFO] 2023-04-06 22:13:55.107265 Epoch [51/100] batch [1/391] loss 0.8394 lr 0.05000000000000004 acc 77.34% eta 1:15:24
2023-04-06 22:14:36,030 - __main__ - INFO - [INFO] 2023-04-06 22:14:36.030757 Epoch [51/100] batch [129/391] loss 0.9106 lr 0.05000000000000004 acc 80.47% eta 1:23:10
2023-04-06 22:15:17,565 - __main__ - INFO - [INFO] 2023-04-06 22:15:17.565268 Epoch [51/100] batch [257/391] loss 1.1875 lr 0.05000000000000004 acc 71.09% eta 1:23:12
2023-04-06 22:15:58,097 - __main__ - INFO - [INFO] 2023-04-06 22:15:58.097382 Epoch [51/100] batch [385/391] loss 1.0938 lr 0.05000000000000004 acc 75.00% eta 1:22:19
2023-04-06 22:15:59,969 - __main__ - INFO - Computing epoch 51 validation accuracy...
2023-04-06 22:16:07,698 - __main__ - INFO - Computing epoch 51 validation loss...
2023-04-06 22:16:15,769 - __main__ - INFO - [INFO] 2023-04-06 22:16:15.769528 Epoch [52/100] batch [1/391] loss 1.0400 lr 0.04842946204609362 acc 72.66% eta 1:22:35
2023-04-06 22:16:57,271 - __main__ - INFO - [INFO] 2023-04-06 22:16:57.271497 Epoch [52/100] batch [129/391] loss 0.9785 lr 0.04842946204609362 acc 76.56% eta 1:22:43
2023-04-06 22:17:37,843 - __main__ - INFO - [INFO] 2023-04-06 22:17:37.843716 Epoch [52/100] batch [257/391] loss 1.1748 lr 0.04842946204609362 acc 68.75% eta 1:21:14
2023-04-06 22:18:19,195 - __main__ - INFO - [INFO] 2023-04-06 22:18:19.195722 Epoch [52/100] batch [385/391] loss 1.1641 lr 0.04842946204609362 acc 75.78% eta 1:20:52
2023-04-06 22:18:21,067 - __main__ - INFO - Computing epoch 52 validation accuracy...
2023-04-06 22:18:28,834 - __main__ - INFO - Computing epoch 52 validation loss...
2023-04-06 22:18:36,883 - __main__ - INFO - [INFO] 2023-04-06 22:18:36.883655 Epoch [53/100] batch [1/391] loss 0.7910 lr 0.04686047402353437 acc 70.31% eta 1:26:19
2023-04-06 22:19:17,594 - __main__ - INFO - [INFO] 2023-04-06 22:19:17.594775 Epoch [53/100] batch [129/391] loss 0.9536 lr 0.04686047402353437 acc 79.69% eta 1:19:37
2023-04-06 22:19:59,405 - __main__ - INFO - [INFO] 2023-04-06 22:19:59.405739 Epoch [53/100] batch [257/391] loss 1.1367 lr 0.04686047402353437 acc 75.00% eta 1:19:55
2023-04-06 22:20:40,325 - __main__ - INFO - [INFO] 2023-04-06 22:20:40.325698 Epoch [53/100] batch [385/391] loss 1.0137 lr 0.04686047402353437 acc 67.19% eta 1:19:09
2023-04-06 22:20:42,064 - __main__ - INFO - Computing epoch 53 validation accuracy...
2023-04-06 22:20:49,498 - __main__ - INFO - Computing epoch 53 validation loss...
2023-04-06 22:20:57,563 - __main__ - INFO - [INFO] 2023-04-06 22:20:57.563809 Epoch [54/100] batch [1/391] loss 0.8223 lr 0.045294584334074316 acc 82.81% eta 1:19:10
2023-04-06 22:21:39,359 - __main__ - INFO - [INFO] 2023-04-06 22:21:39.359420 Epoch [54/100] batch [129/391] loss 0.9761 lr 0.045294584334074316 acc 74.22% eta 1:19:36
2023-04-06 22:22:20,375 - __main__ - INFO - [INFO] 2023-04-06 22:22:20.375246 Epoch [54/100] batch [257/391] loss 0.9204 lr 0.045294584334074316 acc 75.00% eta 1:18:29
2023-04-06 22:23:01,940 - __main__ - INFO - [INFO] 2023-04-06 22:23:01.939988 Epoch [54/100] batch [385/391] loss 1.2744 lr 0.045294584334074316 acc 65.62% eta 1:18:08
2023-04-06 22:23:03,764 - __main__ - INFO - Computing epoch 54 validation accuracy...
2023-04-06 22:23:11,530 - __main__ - INFO - Computing epoch 54 validation loss...
2023-04-06 22:23:19,542 - __main__ - INFO - [INFO] 2023-04-06 22:23:19.541849 Epoch [55/100] batch [1/391] loss 1.0742 lr 0.043733338321784825 acc 78.12% eta 1:23:45
2023-04-06 22:24:00,397 - __main__ - INFO - [INFO] 2023-04-06 22:24:00.397728 Epoch [55/100] batch [129/391] loss 1.0889 lr 0.043733338321784825 acc 73.44% eta 1:16:28
2023-04-06 22:24:41,930 - __main__ - INFO - [INFO] 2023-04-06 22:24:41.930571 Epoch [55/100] batch [257/391] loss 0.9629 lr 0.043733338321784825 acc 76.56% eta 1:16:22
2023-04-06 22:25:22,943 - __main__ - INFO - [INFO] 2023-04-06 22:25:22.942922 Epoch [55/100] batch [385/391] loss 1.1299 lr 0.043733338321784825 acc 75.00% eta 1:15:45
2023-04-06 22:25:24,756 - __main__ - INFO - Computing epoch 55 validation accuracy...
2023-04-06 22:25:32,177 - __main__ - INFO - Computing epoch 55 validation loss...
2023-04-06 22:25:39,642 - __main__ - INFO - [INFO] 2023-04-06 22:25:39.642043 Epoch [56/100] batch [1/391] loss 0.6616 lr 0.042178276747988484 acc 81.25% eta 1:23:14
2023-04-06 22:26:21,261 - __main__ - INFO - [INFO] 2023-04-06 22:26:21.261305 Epoch [56/100] batch [129/391] loss 0.8169 lr 0.042178276747988484 acc 79.69% eta 1:16:02
2023-04-06 22:27:03,059 - __main__ - INFO - [INFO] 2023-04-06 22:27:03.059057 Epoch [56/100] batch [257/391] loss 0.7749 lr 0.042178276747988484 acc 82.03% eta 1:15:44
2023-04-06 22:27:43,787 - __main__ - INFO - [INFO] 2023-04-06 22:27:43.786916 Epoch [56/100] batch [385/391] loss 1.0293 lr 0.042178276747988484 acc 74.22% eta 1:14:39
2023-04-06 22:27:45,678 - __main__ - INFO - Computing epoch 56 validation accuracy...
2023-04-06 22:27:53,437 - __main__ - INFO - Computing epoch 56 validation loss...
2023-04-06 22:28:01,523 - __main__ - INFO - [INFO] 2023-04-06 22:28:01.523078 Epoch [57/100] batch [1/391] loss 0.8828 lr 0.0406309342707138 acc 77.34% eta 1:23:04
2023-04-06 22:28:43,421 - __main__ - INFO - [INFO] 2023-04-06 22:28:43.421346 Epoch [57/100] batch [129/391] loss 0.7065 lr 0.0406309342707138 acc 80.47% eta 1:14:40
2023-04-06 22:29:24,602 - __main__ - INFO - [INFO] 2023-04-06 22:29:24.602230 Epoch [57/100] batch [257/391] loss 0.8901 lr 0.0406309342707138 acc 78.12% eta 1:13:35
2023-04-06 22:30:06,021 - __main__ - INFO - [INFO] 2023-04-06 22:30:06.021135 Epoch [57/100] batch [385/391] loss 1.1494 lr 0.0406309342707138 acc 77.34% eta 1:12:59
2023-04-06 22:30:07,865 - __main__ - INFO - Computing epoch 57 validation accuracy...
2023-04-06 22:30:15,495 - __main__ - INFO - Computing epoch 57 validation loss...
2023-04-06 22:30:23,503 - __main__ - INFO - [INFO] 2023-04-06 22:30:23.503073 Epoch [58/100] batch [1/391] loss 0.9438 lr 0.039092837930172916 acc 78.12% eta 1:04:08
2023-04-06 22:31:04,778 - __main__ - INFO - [INFO] 2023-04-06 22:31:04.778487 Epoch [58/100] batch [129/391] loss 0.8306 lr 0.039092837930172916 acc 84.38% eta 1:12:28
2023-04-06 22:31:46,550 - __main__ - INFO - [INFO] 2023-04-06 22:31:46.550009 Epoch [58/100] batch [257/391] loss 0.9707 lr 0.039092837930172916 acc 77.34% eta 1:12:10
2023-04-06 22:32:27,119 - __main__ - INFO - [INFO] 2023-04-06 22:32:27.119629 Epoch [58/100] batch [385/391] loss 1.0459 lr 0.039092837930172916 acc 74.22% eta 1:11:00
2023-04-06 22:32:29,025 - __main__ - INFO - Computing epoch 58 validation accuracy...
2023-04-06 22:32:36,711 - __main__ - INFO - Computing epoch 58 validation loss...
2023-04-06 22:32:44,790 - __main__ - INFO - [INFO] 2023-04-06 22:32:44.790125 Epoch [59/100] batch [1/391] loss 0.7749 lr 0.037565505641757285 acc 82.03% eta 1:07:05
2023-04-06 22:33:26,283 - __main__ - INFO - [INFO] 2023-04-06 22:33:26.282986 Epoch [59/100] batch [129/391] loss 0.8262 lr 0.037565505641757285 acc 78.12% eta 1:10:35
2023-04-06 22:34:07,031 - __main__ - INFO - [INFO] 2023-04-06 22:34:07.030913 Epoch [59/100] batch [257/391] loss 1.1104 lr 0.037565505641757285 acc 82.81% eta 1:09:30
2023-04-06 22:34:48,507 - __main__ - INFO - [INFO] 2023-04-06 22:34:48.507242 Epoch [59/100] batch [385/391] loss 0.7212 lr 0.037565505641757285 acc 78.91% eta 1:09:07
2023-04-06 22:34:50,311 - __main__ - INFO - Computing epoch 59 validation accuracy...
2023-04-06 22:34:57,958 - __main__ - INFO - Computing epoch 59 validation loss...
2023-04-06 22:35:05,947 - __main__ - INFO - [INFO] 2023-04-06 22:35:05.947415 Epoch [60/100] batch [1/391] loss 0.6748 lr 0.03605044469803857 acc 80.47% eta 1:13:30
2023-04-06 22:35:46,920 - __main__ - INFO - [INFO] 2023-04-06 22:35:46.920423 Epoch [60/100] batch [129/391] loss 0.9839 lr 0.03605044469803857 acc 78.12% eta 1:08:15
2023-04-06 22:36:28,440 - __main__ - INFO - [INFO] 2023-04-06 22:36:28.440722 Epoch [60/100] batch [257/391] loss 1.0537 lr 0.03605044469803857 acc 75.00% eta 1:08:04
2023-04-06 22:37:08,898 - __main__ - INFO - [INFO] 2023-04-06 22:37:08.898054 Epoch [60/100] batch [385/391] loss 0.8765 lr 0.03605044469803857 acc 78.12% eta 1:07:08
2023-04-06 22:37:10,690 - __main__ - INFO - Computing epoch 60 validation accuracy...
2023-04-06 22:37:18,292 - __main__ - INFO - Computing epoch 60 validation loss...
2023-04-06 22:37:26,335 - __main__ - INFO - [INFO] 2023-04-06 22:37:26.334827 Epoch [61/100] batch [1/391] loss 0.6973 lr 0.034549150281252675 acc 83.59% eta 1:14:01
2023-04-06 22:38:07,850 - __main__ - INFO - [INFO] 2023-04-06 22:38:07.850228 Epoch [61/100] batch [129/391] loss 0.6592 lr 0.034549150281252675 acc 86.72% eta 1:07:33
2023-04-06 22:38:48,512 - __main__ - INFO - [INFO] 2023-04-06 22:38:48.512270 Epoch [61/100] batch [257/391] loss 0.9365 lr 0.034549150281252675 acc 74.22% eta 1:06:13
2023-04-06 22:39:30,012 - __main__ - INFO - [INFO] 2023-04-06 22:39:30.012312 Epoch [61/100] batch [385/391] loss 0.7734 lr 0.034549150281252675 acc 79.69% eta 1:05:51
2023-04-06 22:39:31,848 - __main__ - INFO - Computing epoch 61 validation accuracy...
2023-04-06 22:39:39,502 - __main__ - INFO - Computing epoch 61 validation loss...
2023-04-06 22:39:47,658 - __main__ - INFO - [INFO] 2023-04-06 22:39:47.658765 Epoch [62/100] batch [1/391] loss 0.7598 lr 0.03306310398773546 acc 87.50% eta 1:03:38
2023-04-06 22:40:29,024 - __main__ - INFO - [INFO] 2023-04-06 22:40:29.024155 Epoch [62/100] batch [129/391] loss 0.8862 lr 0.03306310398773546 acc 82.81% eta 1:06:08
2023-04-06 22:41:11,470 - __main__ - INFO - [INFO] 2023-04-06 22:41:11.470498 Epoch [62/100] batch [257/391] loss 0.7642 lr 0.03306310398773546 acc 78.12% eta 1:06:10
2023-04-06 22:41:54,337 - __main__ - INFO - [INFO] 2023-04-06 22:41:54.337199 Epoch [62/100] batch [385/391] loss 0.9097 lr 0.03306310398773546 acc 77.34% eta 1:06:06
2023-04-06 22:41:56,147 - __main__ - INFO - Computing epoch 62 validation accuracy...
2023-04-06 22:42:03,238 - __main__ - INFO - Computing epoch 62 validation loss...
2023-04-06 22:42:10,904 - __main__ - INFO - [INFO] 2023-04-06 22:42:10.903820 Epoch [63/100] batch [1/391] loss 0.8657 lr 0.031593772365766146 acc 84.38% eta 0:55:16
2023-04-06 22:42:52,532 - __main__ - INFO - [INFO] 2023-04-06 22:42:52.531808 Epoch [63/100] batch [129/391] loss 0.9370 lr 0.031593772365766146 acc 78.12% eta 1:04:01
2023-04-06 22:43:34,075 - __main__ - INFO - [INFO] 2023-04-06 22:43:34.075592 Epoch [63/100] batch [257/391] loss 0.8481 lr 0.031593772365766146 acc 81.25% eta 1:03:26
2023-04-06 22:44:14,703 - __main__ - INFO - [INFO] 2023-04-06 22:44:14.703721 Epoch [63/100] batch [385/391] loss 0.6699 lr 0.031593772365766146 acc 85.16% eta 1:02:25
2023-04-06 22:44:16,605 - __main__ - INFO - Computing epoch 63 validation accuracy...
2023-04-06 22:44:24,404 - __main__ - INFO - Computing epoch 63 validation loss...
2023-04-06 22:44:32,435 - __main__ - INFO - [INFO] 2023-04-06 22:44:32.435770 Epoch [64/100] batch [1/391] loss 0.6284 lr 0.030142605468260992 acc 85.16% eta 0:59:57
2023-04-06 22:45:13,993 - __main__ - INFO - [INFO] 2023-04-06 22:45:13.993169 Epoch [64/100] batch [129/391] loss 0.7603 lr 0.030142605468260992 acc 84.38% eta 1:02:28
2023-04-06 22:45:55,085 - __main__ - INFO - [INFO] 2023-04-06 22:45:55.085513 Epoch [64/100] batch [257/391] loss 0.7783 lr 0.030142605468260992 acc 81.25% eta 1:01:34
2023-04-06 22:46:36,748 - __main__ - INFO - [INFO] 2023-04-06 22:46:36.748007 Epoch [64/100] batch [385/391] loss 0.6953 lr 0.030142605468260992 acc 77.34% eta 1:01:11
2023-04-06 22:46:38,622 - __main__ - INFO - Computing epoch 64 validation accuracy...
2023-04-06 22:46:46,379 - __main__ - INFO - Computing epoch 64 validation loss...
2023-04-06 22:46:54,176 - __main__ - INFO - [INFO] 2023-04-06 22:46:54.176778 Epoch [65/100] batch [1/391] loss 0.5742 lr 0.028711035421746394 acc 83.59% eta 0:46:12
2023-04-06 22:47:35,447 - __main__ - INFO - [INFO] 2023-04-06 22:47:35.447431 Epoch [65/100] batch [129/391] loss 0.6196 lr 0.028711035421746394 acc 84.38% eta 1:00:24
2023-04-06 22:48:17,217 - __main__ - INFO - [INFO] 2023-04-06 22:48:17.216958 Epoch [65/100] batch [257/391] loss 0.6948 lr 0.028711035421746394 acc 84.38% eta 1:00:05
2023-04-06 22:48:57,498 - __main__ - INFO - [INFO] 2023-04-06 22:48:57.498103 Epoch [65/100] batch [385/391] loss 0.8633 lr 0.028711035421746394 acc 81.25% eta 0:59:00
2023-04-06 22:48:59,338 - __main__ - INFO - Computing epoch 65 validation accuracy...
2023-04-06 22:49:07,008 - __main__ - INFO - Computing epoch 65 validation loss...
2023-04-06 22:49:15,115 - __main__ - INFO - [INFO] 2023-04-06 22:49:15.114970 Epoch [66/100] batch [1/391] loss 0.7505 lr 0.027300475013022688 acc 82.81% eta 0:57:48
2023-04-06 22:49:56,619 - __main__ - INFO - [INFO] 2023-04-06 22:49:56.619414 Epoch [66/100] batch [129/391] loss 0.5483 lr 0.027300475013022688 acc 84.38% eta 0:58:50
2023-04-06 22:50:37,444 - __main__ - INFO - [INFO] 2023-04-06 22:50:37.444356 Epoch [66/100] batch [257/391] loss 0.7246 lr 0.027300475013022688 acc 89.84% eta 0:57:59
2023-04-06 22:51:19,290 - __main__ - INFO - [INFO] 2023-04-06 22:51:19.290317 Epoch [66/100] batch [385/391] loss 0.6567 lr 0.027300475013022688 acc 84.38% eta 0:57:44
2023-04-06 22:51:21,133 - __main__ - INFO - Computing epoch 66 validation accuracy...
2023-04-06 22:51:28,816 - __main__ - INFO - Computing epoch 66 validation loss...
2023-04-06 22:51:36,740 - __main__ - INFO - [INFO] 2023-04-06 22:51:36.740370 Epoch [67/100] batch [1/391] loss 0.5547 lr 0.025912316294914254 acc 86.72% eta 0:59:10
2023-04-06 22:52:17,398 - __main__ - INFO - [INFO] 2023-04-06 22:52:17.398524 Epoch [67/100] batch [129/391] loss 0.5864 lr 0.025912316294914254 acc 87.50% eta 0:56:09
2023-04-06 22:52:59,042 - __main__ - INFO - [INFO] 2023-04-06 22:52:59.041901 Epoch [67/100] batch [257/391] loss 0.7314 lr 0.025912316294914254 acc 85.16% eta 0:56:14
2023-04-06 22:53:39,762 - __main__ - INFO - [INFO] 2023-04-06 22:53:39.762100 Epoch [67/100] batch [385/391] loss 0.8696 lr 0.025912316294914254 acc 80.47% eta 0:55:31
2023-04-06 22:53:41,593 - __main__ - INFO - Computing epoch 67 validation accuracy...
2023-04-06 22:53:49,396 - __main__ - INFO - Computing epoch 67 validation loss...
2023-04-06 22:53:57,452 - __main__ - INFO - [INFO] 2023-04-06 22:53:57.451994 Epoch [68/100] batch [1/391] loss 0.5771 lr 0.02454792921248146 acc 93.75% eta 0:58:19
2023-04-06 22:54:38,943 - __main__ - INFO - [INFO] 2023-04-06 22:54:38.943023 Epoch [68/100] batch [129/391] loss 0.5283 lr 0.02454792921248146 acc 89.84% eta 0:55:32
2023-04-06 22:55:19,782 - __main__ - INFO - [INFO] 2023-04-06 22:55:19.782340 Epoch [68/100] batch [257/391] loss 0.5845 lr 0.02454792921248146 acc 83.59% eta 0:54:30
2023-04-06 22:56:01,483 - __main__ - INFO - [INFO] 2023-04-06 22:56:01.483807 Epoch [68/100] batch [385/391] loss 0.6309 lr 0.02454792921248146 acc 87.50% eta 0:54:11
2023-04-06 22:56:03,403 - __main__ - INFO - Computing epoch 68 validation accuracy...
2023-04-06 22:56:10,940 - __main__ - INFO - Computing epoch 68 validation loss...
2023-04-06 22:56:18,865 - __main__ - INFO - [INFO] 2023-04-06 22:56:18.865192 Epoch [69/100] batch [1/391] loss 0.5493 lr 0.02320866025105018 acc 89.84% eta 0:57:46
2023-04-06 22:57:00,105 - __main__ - INFO - [INFO] 2023-04-06 22:57:00.105268 Epoch [69/100] batch [129/391] loss 0.5845 lr 0.02320866025105018 acc 87.50% eta 0:53:33
2023-04-06 22:57:41,415 - __main__ - INFO - [INFO] 2023-04-06 22:57:41.415619 Epoch [69/100] batch [257/391] loss 0.4380 lr 0.02320866025105018 acc 86.72% eta 0:52:56
2023-04-06 22:58:22,680 - __main__ - INFO - [INFO] 2023-04-06 22:58:22.680490 Epoch [69/100] batch [385/391] loss 0.6333 lr 0.02320866025105018 acc 83.59% eta 0:52:20
2023-04-06 22:58:24,453 - __main__ - INFO - Computing epoch 69 validation accuracy...
2023-04-06 22:58:31,529 - __main__ - INFO - Computing epoch 69 validation loss...
2023-04-06 22:58:39,291 - __main__ - INFO - [INFO] 2023-04-06 22:58:39.291128 Epoch [70/100] batch [1/391] loss 0.5562 lr 0.021895831107393487 acc 89.06% eta 0:56:02
2023-04-06 22:59:20,822 - __main__ - INFO - [INFO] 2023-04-06 22:59:20.822466 Epoch [70/100] batch [129/391] loss 0.4260 lr 0.021895831107393487 acc 92.19% eta 0:52:07
2023-04-06 23:00:02,478 - __main__ - INFO - [INFO] 2023-04-06 23:00:02.478530 Epoch [70/100] batch [257/391] loss 0.7202 lr 0.021895831107393487 acc 86.72% eta 0:51:37
2023-04-06 23:00:42,458 - __main__ - INFO - [INFO] 2023-04-06 23:00:42.458793 Epoch [70/100] batch [385/391] loss 0.4712 lr 0.021895831107393487 acc 92.97% eta 0:50:26
2023-04-06 23:00:44,446 - __main__ - INFO - Computing epoch 70 validation accuracy...
2023-04-06 23:00:52,727 - __main__ - INFO - Computing epoch 70 validation loss...
2023-04-06 23:01:01,366 - __main__ - INFO - [INFO] 2023-04-06 23:01:01.366833 Epoch [71/100] batch [1/391] loss 0.5117 lr 0.02061073738537637 acc 85.94% eta 0:57:20
2023-04-06 23:01:45,600 - __main__ - INFO - [INFO] 2023-04-06 23:01:45.600385 Epoch [71/100] batch [129/391] loss 0.6675 lr 0.02061073738537637 acc 88.28% eta 0:53:35
2023-04-06 23:02:29,240 - __main__ - INFO - [INFO] 2023-04-06 23:02:29.240673 Epoch [71/100] batch [257/391] loss 0.4580 lr 0.02061073738537637 acc 92.19% eta 0:52:38
2023-04-06 23:03:13,726 - __main__ - INFO - [INFO] 2023-04-06 23:03:13.726507 Epoch [71/100] batch [385/391] loss 0.5762 lr 0.02061073738537637 acc 87.50% eta 0:52:17
2023-04-06 23:03:15,731 - __main__ - INFO - Computing epoch 71 validation accuracy...
2023-04-06 23:03:23,921 - __main__ - INFO - Computing epoch 71 validation loss...
2023-04-06 23:03:31,968 - __main__ - INFO - [INFO] 2023-04-06 23:03:31.967953 Epoch [72/100] batch [1/391] loss 0.4458 lr 0.01935464731735119 acc 91.41% eta 0:50:24
2023-04-06 23:04:15,814 - __main__ - INFO - [INFO] 2023-04-06 23:04:15.814743 Epoch [72/100] batch [129/391] loss 0.3264 lr 0.01935464731735119 acc 93.75% eta 0:51:15
2023-04-06 23:05:00,087 - __main__ - INFO - [INFO] 2023-04-06 23:05:00.087273 Epoch [72/100] batch [257/391] loss 0.5356 lr 0.01935464731735119 acc 88.28% eta 0:50:49
2023-04-06 23:05:43,431 - __main__ - INFO - [INFO] 2023-04-06 23:05:43.431162 Epoch [72/100] batch [385/391] loss 0.5205 lr 0.01935464731735119 acc 86.72% eta 0:50:01
2023-04-06 23:05:45,406 - __main__ - INFO - Computing epoch 72 validation accuracy...
2023-04-06 23:05:53,633 - __main__ - INFO - Computing epoch 72 validation loss...
2023-04-06 23:06:02,252 - __main__ - INFO - [INFO] 2023-04-06 23:06:02.251923 Epoch [73/100] batch [1/391] loss 0.4678 lr 0.018128800512565532 acc 92.19% eta 0:49:12
2023-04-06 23:06:46,361 - __main__ - INFO - [INFO] 2023-04-06 23:06:46.361248 Epoch [73/100] batch [129/391] loss 0.4028 lr 0.018128800512565532 acc 95.31% eta 0:49:39
2023-04-06 23:07:29,486 - __main__ - INFO - [INFO] 2023-04-06 23:07:29.486701 Epoch [73/100] batch [257/391] loss 0.5562 lr 0.018128800512565532 acc 91.41% eta 0:48:36
2023-04-06 23:08:13,594 - __main__ - INFO - [INFO] 2023-04-06 23:08:13.593945 Epoch [73/100] batch [385/391] loss 0.6553 lr 0.018128800512565532 acc 83.59% eta 0:48:11
2023-04-06 23:08:15,599 - __main__ - INFO - Computing epoch 73 validation accuracy...
2023-04-06 23:08:23,826 - __main__ - INFO - Computing epoch 73 validation loss...
2023-04-06 23:08:32,158 - __main__ - INFO - [INFO] 2023-04-06 23:08:32.158333 Epoch [74/100] batch [1/391] loss 0.3477 lr 0.016934406733817433 acc 92.19% eta 0:47:06
2023-04-06 23:09:15,881 - __main__ - INFO - [INFO] 2023-04-06 23:09:15.881618 Epoch [74/100] batch [129/391] loss 0.4341 lr 0.016934406733817433 acc 92.19% eta 0:47:31
2023-04-06 23:10:00,181 - __main__ - INFO - [INFO] 2023-04-06 23:10:00.181614 Epoch [74/100] batch [257/391] loss 0.3789 lr 0.016934406733817433 acc 92.97% eta 0:47:14
2023-04-06 23:10:43,764 - __main__ - INFO - [INFO] 2023-04-06 23:10:43.764117 Epoch [74/100] batch [385/391] loss 0.5283 lr 0.016934406733817433 acc 89.84% eta 0:46:32
2023-04-06 23:10:45,824 - __main__ - INFO - Computing epoch 74 validation accuracy...
2023-04-06 23:10:54,117 - __main__ - INFO - Computing epoch 74 validation loss...
2023-04-06 23:11:02,808 - __main__ - INFO - [INFO] 2023-04-06 23:11:02.807989 Epoch [75/100] batch [1/391] loss 0.4246 lr 0.01577264470356558 acc 92.19% eta 0:51:04
2023-04-06 23:11:47,286 - __main__ - INFO - [INFO] 2023-04-06 23:11:47.286769 Epoch [75/100] batch [129/391] loss 0.3545 lr 0.01577264470356558 acc 93.75% eta 0:46:31
2023-04-06 23:12:30,586 - __main__ - INFO - [INFO] 2023-04-06 23:12:30.586004 Epoch [75/100] batch [257/391] loss 0.3896 lr 0.01577264470356558 acc 91.41% eta 0:45:20
2023-04-06 23:13:14,895 - __main__ - INFO - [INFO] 2023-04-06 23:13:14.895206 Epoch [75/100] batch [385/391] loss 0.4194 lr 0.01577264470356558 acc 94.53% eta 0:44:53
2023-04-06 23:13:16,872 - __main__ - INFO - Computing epoch 75 validation accuracy...
2023-04-06 23:13:25,101 - __main__ - INFO - Computing epoch 75 validation loss...
2023-04-06 23:13:33,517 - __main__ - INFO - [INFO] 2023-04-06 23:13:33.517338 Epoch [76/100] batch [1/391] loss 0.3096 lr 0.014644660940672643 acc 95.31% eta 0:42:52
2023-04-06 23:14:17,100 - __main__ - INFO - [INFO] 2023-04-06 23:14:17.100283 Epoch [76/100] batch [129/391] loss 0.3838 lr 0.014644660940672643 acc 92.19% eta 0:43:46
2023-04-06 23:15:01,089 - __main__ - INFO - [INFO] 2023-04-06 23:15:01.088822 Epoch [76/100] batch [257/391] loss 0.3784 lr 0.014644660940672643 acc 92.19% eta 0:43:26
2023-04-06 23:15:44,369 - __main__ - INFO - [INFO] 2023-04-06 23:15:44.369767 Epoch [76/100] batch [385/391] loss 0.2296 lr 0.014644660940672643 acc 97.66% eta 0:42:42
2023-04-06 23:15:46,369 - __main__ - INFO - Computing epoch 76 validation accuracy...
2023-04-06 23:15:54,592 - __main__ - INFO - Computing epoch 76 validation loss...
2023-04-06 23:16:03,099 - __main__ - INFO - [INFO] 2023-04-06 23:16:03.098988 Epoch [77/100] batch [1/391] loss 0.3872 lr 0.013551568628929448 acc 91.41% eta 0:45:55
2023-04-06 23:16:47,483 - __main__ - INFO - [INFO] 2023-04-06 23:16:47.482754 Epoch [77/100] batch [129/391] loss 0.4739 lr 0.013551568628929448 acc 91.41% eta 0:42:55
2023-04-06 23:17:30,963 - __main__ - INFO - [INFO] 2023-04-06 23:17:30.963055 Epoch [77/100] batch [257/391] loss 0.3494 lr 0.013551568628929448 acc 92.19% eta 0:41:53
2023-04-06 23:18:15,064 - __main__ - INFO - [INFO] 2023-04-06 23:18:15.064776 Epoch [77/100] batch [385/391] loss 0.3301 lr 0.013551568628929448 acc 97.66% eta 0:41:17
2023-04-06 23:18:16,983 - __main__ - INFO - Computing epoch 77 validation accuracy...
2023-04-06 23:18:25,408 - __main__ - INFO - Computing epoch 77 validation loss...
2023-04-06 23:18:33,995 - __main__ - INFO - [INFO] 2023-04-06 23:18:33.995253 Epoch [78/100] batch [1/391] loss 0.3684 lr 0.012494446518477033 acc 98.44% eta 0:44:12
2023-04-06 23:19:17,245 - __main__ - INFO - [INFO] 2023-04-06 23:19:17.245468 Epoch [78/100] batch [129/391] loss 0.2805 lr 0.012494446518477033 acc 92.97% eta 0:40:05
2023-04-06 23:20:01,614 - __main__ - INFO - [INFO] 2023-04-06 23:20:01.613986 Epoch [78/100] batch [257/391] loss 0.3472 lr 0.012494446518477033 acc 96.09% eta 0:39:58
2023-04-06 23:20:45,080 - __main__ - INFO - [INFO] 2023-04-06 23:20:45.080274 Epoch [78/100] batch [385/391] loss 0.3726 lr 0.012494446518477033 acc 95.31% eta 0:39:17
2023-04-06 23:20:47,058 - __main__ - INFO - Computing epoch 78 validation accuracy...
2023-04-06 23:20:55,331 - __main__ - INFO - Computing epoch 78 validation loss...
2023-04-06 23:21:03,902 - __main__ - INFO - [INFO] 2023-04-06 23:21:03.902490 Epoch [79/100] batch [1/391] loss 0.2374 lr 0.011474337861210555 acc 92.19% eta 0:42:32
2023-04-06 23:21:48,165 - __main__ - INFO - [INFO] 2023-04-06 23:21:48.165572 Epoch [79/100] batch [129/391] loss 0.2808 lr 0.011474337861210555 acc 96.88% eta 0:39:00
2023-04-06 23:22:31,621 - __main__ - INFO - [INFO] 2023-04-06 23:22:31.621595 Epoch [79/100] batch [257/391] loss 0.2627 lr 0.011474337861210555 acc 96.09% eta 0:38:06
2023-04-06 23:23:16,118 - __main__ - INFO - [INFO] 2023-04-06 23:23:16.118341 Epoch [79/100] batch [385/391] loss 0.3572 lr 0.011474337861210555 acc 96.09% eta 0:37:41
2023-04-06 23:23:18,123 - __main__ - INFO - Computing epoch 79 validation accuracy...
2023-04-06 23:23:26,397 - __main__ - INFO - Computing epoch 79 validation loss...
2023-04-06 23:23:34,999 - __main__ - INFO - [INFO] 2023-04-06 23:23:34.999119 Epoch [80/100] batch [1/391] loss 0.3494 lr 0.01049224938121549 acc 97.66% eta 0:40:35
2023-04-06 23:24:18,750 - __main__ - INFO - [INFO] 2023-04-06 23:24:18.750580 Epoch [80/100] batch [129/391] loss 0.1937 lr 0.01049224938121549 acc 96.88% eta 0:36:50
2023-04-06 23:25:03,291 - __main__ - INFO - [INFO] 2023-04-06 23:25:03.290945 Epoch [80/100] batch [257/391] loss 0.3406 lr 0.01049224938121549 acc 96.88% eta 0:36:33
2023-04-06 23:25:46,764 - __main__ - INFO - [INFO] 2023-04-06 23:25:46.764583 Epoch [80/100] batch [385/391] loss 0.2151 lr 0.01049224938121549 acc 96.09% eta 0:35:48
2023-04-06 23:25:48,716 - __main__ - INFO - Computing epoch 80 validation accuracy...
2023-04-06 23:25:56,932 - __main__ - INFO - Computing epoch 80 validation loss...
2023-04-06 23:26:05,583 - __main__ - INFO - [INFO] 2023-04-06 23:26:05.583474 Epoch [81/100] batch [1/391] loss 0.2374 lr 0.009549150281252642 acc 96.09% eta 0:35:41
2023-04-06 23:26:49,786 - __main__ - INFO - [INFO] 2023-04-06 23:26:49.785990 Epoch [81/100] batch [129/391] loss 0.1636 lr 0.009549150281252642 acc 98.44% eta 0:35:23
2023-04-06 23:27:33,234 - __main__ - INFO - [INFO] 2023-04-06 23:27:33.234129 Epoch [81/100] batch [257/391] loss 0.2108 lr 0.009549150281252642 acc 95.31% eta 0:34:31
2023-04-06 23:28:17,701 - __main__ - INFO - [INFO] 2023-04-06 23:28:17.701088 Epoch [81/100] batch [385/391] loss 0.2822 lr 0.009549150281252642 acc 96.09% eta 0:34:04
2023-04-06 23:28:19,663 - __main__ - INFO - Computing epoch 81 validation accuracy...
2023-04-06 23:28:27,951 - __main__ - INFO - Computing epoch 81 validation loss...
2023-04-06 23:28:36,502 - __main__ - INFO - [INFO] 2023-04-06 23:28:36.502661 Epoch [82/100] batch [1/391] loss 0.2822 lr 0.008645971286271922 acc 98.44% eta 0:36:28
2023-04-06 23:29:19,957 - __main__ - INFO - [INFO] 2023-04-06 23:29:19.956962 Epoch [82/100] batch [129/391] loss 0.2395 lr 0.008645971286271922 acc 98.44% eta 0:33:06
2023-04-06 23:30:04,225 - __main__ - INFO - [INFO] 2023-04-06 23:30:04.225738 Epoch [82/100] batch [257/391] loss 0.3386 lr 0.008645971286271922 acc 92.19% eta 0:32:47
2023-04-06 23:30:47,704 - __main__ - INFO - [INFO] 2023-04-06 23:30:47.704407 Epoch [82/100] batch [385/391] loss 0.1901 lr 0.008645971286271922 acc 99.22% eta 0:32:08
2023-04-06 23:30:49,674 - __main__ - INFO - Computing epoch 82 validation accuracy...
2023-04-06 23:30:57,958 - __main__ - INFO - Computing epoch 82 validation loss...
2023-04-06 23:31:06,541 - __main__ - INFO - [INFO] 2023-04-06 23:31:06.541032 Epoch [83/100] batch [1/391] loss 0.1184 lr 0.007783603724899264 acc 99.22% eta 0:35:59
2023-04-06 23:31:50,924 - __main__ - INFO - [INFO] 2023-04-06 23:31:50.923943 Epoch [83/100] batch [129/391] loss 0.1514 lr 0.007783603724899264 acc 99.22% eta 0:31:56
2023-04-06 23:32:34,303 - __main__ - INFO - [INFO] 2023-04-06 23:32:34.303280 Epoch [83/100] batch [257/391] loss 0.1929 lr 0.007783603724899264 acc 98.44% eta 0:30:59
2023-04-06 23:33:18,574 - __main__ - INFO - [INFO] 2023-04-06 23:33:18.574068 Epoch [83/100] batch [385/391] loss 0.1985 lr 0.007783603724899264 acc 99.22% eta 0:30:28
2023-04-06 23:33:20,580 - __main__ - INFO - Computing epoch 83 validation accuracy...
2023-04-06 23:33:28,879 - __main__ - INFO - Computing epoch 83 validation loss...
2023-04-06 23:33:37,509 - __main__ - INFO - [INFO] 2023-04-06 23:33:37.509072 Epoch [84/100] batch [1/391] loss 0.1230 lr 0.006962898649802819 acc 99.22% eta 0:33:06
2023-04-06 23:34:21,200 - __main__ - INFO - [INFO] 2023-04-06 23:34:21.200163 Epoch [84/100] batch [129/391] loss 0.1195 lr 0.006962898649802819 acc 100.00% eta 0:29:45
2023-04-06 23:35:05,694 - __main__ - INFO - [INFO] 2023-04-06 23:35:05.693900 Epoch [84/100] batch [257/391] loss 0.1465 lr 0.006962898649802819 acc 98.44% eta 0:29:21
2023-04-06 23:35:49,297 - __main__ - INFO - [INFO] 2023-04-06 23:35:49.297704 Epoch [84/100] batch [385/391] loss 0.2145 lr 0.006962898649802819 acc 100.00% eta 0:28:39
2023-04-06 23:35:51,260 - __main__ - INFO - Computing epoch 84 validation accuracy...
2023-04-06 23:35:59,636 - __main__ - INFO - Computing epoch 84 validation loss...
2023-04-06 23:36:08,225 - __main__ - INFO - [INFO] 2023-04-06 23:36:08.225781 Epoch [85/100] batch [1/391] loss 0.1401 lr 0.0061846659978068265 acc 100.00% eta 0:30:40
2023-04-06 23:36:52,914 - __main__ - INFO - [INFO] 2023-04-06 23:36:52.914556 Epoch [85/100] batch [129/391] loss 0.2124 lr 0.0061846659978068265 acc 98.44% eta 0:28:30
2023-04-06 23:37:36,698 - __main__ - INFO - [INFO] 2023-04-06 23:37:36.698398 Epoch [85/100] batch [257/391] loss 0.2145 lr 0.0061846659978068265 acc 100.00% eta 0:27:39
2023-04-06 23:38:21,329 - __main__ - INFO - [INFO] 2023-04-06 23:38:21.329738 Epoch [85/100] batch [385/391] loss 0.0759 lr 0.0061846659978068265 acc 100.00% eta 0:27:10
2023-04-06 23:38:23,332 - __main__ - INFO - Computing epoch 85 validation accuracy...
2023-04-06 23:38:31,615 - __main__ - INFO - Computing epoch 85 validation loss...
2023-04-06 23:38:40,193 - __main__ - INFO - [INFO] 2023-04-06 23:38:40.193766 Epoch [86/100] batch [1/391] loss 0.0735 lr 0.005449673790581615 acc 100.00% eta 0:28:40
2023-04-06 23:39:23,697 - __main__ - INFO - [INFO] 2023-04-06 23:39:23.696984 Epoch [86/100] batch [129/391] loss 0.0753 lr 0.005449673790581615 acc 100.00% eta 0:25:59
2023-04-06 23:40:08,227 - __main__ - INFO - [INFO] 2023-04-06 23:40:08.227161 Epoch [86/100] batch [257/391] loss 0.1254 lr 0.005449673790581615 acc 98.44% eta 0:25:40
2023-04-06 23:40:51,942 - __main__ - INFO - [INFO] 2023-04-06 23:40:51.942707 Epoch [86/100] batch [385/391] loss 0.1335 lr 0.005449673790581615 acc 97.66% eta 0:25:03
2023-04-06 23:40:53,916 - __main__ - INFO - Computing epoch 86 validation accuracy...
2023-04-06 23:41:02,093 - __main__ - INFO - Computing epoch 86 validation loss...
2023-04-06 23:41:10,779 - __main__ - INFO - [INFO] 2023-04-06 23:41:10.779122 Epoch [87/100] batch [1/391] loss 0.0635 lr 0.004758647376699036 acc 98.44% eta 0:25:42
2023-04-06 23:41:55,107 - __main__ - INFO - [INFO] 2023-04-06 23:41:55.107503 Epoch [87/100] batch [129/391] loss 0.0886 lr 0.004758647376699036 acc 100.00% eta 0:24:42
2023-04-06 23:42:38,683 - __main__ - INFO - [INFO] 2023-04-06 23:42:38.683010 Epoch [87/100] batch [257/391] loss 0.1428 lr 0.004758647376699036 acc 99.22% eta 0:23:52
2023-04-06 23:43:23,130 - __main__ - INFO - [INFO] 2023-04-06 23:43:23.130328 Epoch [87/100] batch [385/391] loss 0.0844 lr 0.004758647376699036 acc 100.00% eta 0:23:21
2023-04-06 23:43:25,105 - __main__ - INFO - Computing epoch 87 validation accuracy...
2023-04-06 23:43:33,441 - __main__ - INFO - Computing epoch 87 validation loss...
2023-04-06 23:43:42,046 - __main__ - INFO - [INFO] 2023-04-06 23:43:42.046223 Epoch [88/100] batch [1/391] loss 0.0812 lr 0.004112268715800957 acc 100.00% eta 0:25:17
2023-04-06 23:44:25,635 - __main__ - INFO - [INFO] 2023-04-06 23:44:25.635590 Epoch [88/100] batch [129/391] loss 0.0456 lr 0.004112268715800957 acc 99.22% eta 0:22:33
2023-04-06 23:45:10,058 - __main__ - INFO - [INFO] 2023-04-06 23:45:10.057918 Epoch [88/100] batch [257/391] loss 0.0764 lr 0.004112268715800957 acc 99.22% eta 0:22:09
2023-04-06 23:45:53,455 - __main__ - INFO - [INFO] 2023-04-06 23:45:53.455771 Epoch [88/100] batch [385/391] loss 0.0792 lr 0.004112268715800957 acc 98.44% eta 0:21:28
2023-04-06 23:45:55,432 - __main__ - INFO - Computing epoch 88 validation accuracy...
2023-04-06 23:46:03,771 - __main__ - INFO - Computing epoch 88 validation loss...
2023-04-06 23:46:12,498 - __main__ - INFO - [INFO] 2023-04-06 23:46:12.497857 Epoch [89/100] batch [1/391] loss 0.0902 lr 0.003511175705587435 acc 97.66% eta 0:22:08
2023-04-06 23:46:56,716 - __main__ - INFO - [INFO] 2023-04-06 23:46:56.716738 Epoch [89/100] batch [129/391] loss 0.1061 lr 0.003511175705587435 acc 99.22% eta 0:20:58
2023-04-06 23:47:40,385 - __main__ - INFO - [INFO] 2023-04-06 23:47:40.385031 Epoch [89/100] batch [257/391] loss 0.0401 lr 0.003511175705587435 acc 100.00% eta 0:20:17
2023-04-06 23:48:24,853 - __main__ - INFO - [INFO] 2023-04-06 23:48:24.853199 Epoch [89/100] batch [385/391] loss 0.0551 lr 0.003511175705587435 acc 99.22% eta 0:19:46
2023-04-06 23:48:26,829 - __main__ - INFO - Computing epoch 89 validation accuracy...
2023-04-06 23:48:35,113 - __main__ - INFO - Computing epoch 89 validation loss...
2023-04-06 23:48:43,705 - __main__ - INFO - [INFO] 2023-04-06 23:48:43.705322 Epoch [90/100] batch [1/391] loss 0.0509 lr 0.0029559615522887295 acc 100.00% eta 0:21:08
2023-04-06 23:49:27,126 - __main__ - INFO - [INFO] 2023-04-06 23:49:27.126129 Epoch [90/100] batch [129/391] loss 0.0818 lr 0.0029559615522887295 acc 99.22% eta 0:18:52
2023-04-06 23:50:11,592 - __main__ - INFO - [INFO] 2023-04-06 23:50:11.592786 Epoch [90/100] batch [257/391] loss 0.0610 lr 0.0029559615522887295 acc 100.00% eta 0:18:28
2023-04-06 23:50:55,096 - __main__ - INFO - [INFO] 2023-04-06 23:50:55.096126 Epoch [90/100] batch [385/391] loss 0.0397 lr 0.0029559615522887295 acc 100.00% eta 0:17:51
2023-04-06 23:50:57,101 - __main__ - INFO - Computing epoch 90 validation accuracy...
2023-04-06 23:51:05,401 - __main__ - INFO - Computing epoch 90 validation loss...
2023-04-06 23:51:14,091 - __main__ - INFO - [INFO] 2023-04-06 23:51:14.091326 Epoch [91/100] batch [1/391] loss 0.0352 lr 0.0024471741852423253 acc 99.22% eta 0:20:11
2023-04-06 23:51:58,620 - __main__ - INFO - [INFO] 2023-04-06 23:51:58.620567 Epoch [91/100] batch [129/391] loss 0.0712 lr 0.0024471741852423253 acc 100.00% eta 0:17:34
2023-04-06 23:52:42,005 - __main__ - INFO - [INFO] 2023-04-06 23:52:42.005161 Epoch [91/100] batch [257/391] loss 0.0387 lr 0.0024471741852423253 acc 100.00% eta 0:16:45
2023-04-06 23:53:26,456 - __main__ - INFO - [INFO] 2023-04-06 23:53:26.455933 Epoch [91/100] batch [385/391] loss 0.0400 lr 0.0024471741852423253 acc 100.00% eta 0:16:12
2023-04-06 23:53:28,426 - __main__ - INFO - Computing epoch 91 validation accuracy...
2023-04-06 23:53:36,831 - __main__ - INFO - Computing epoch 91 validation loss...
2023-04-06 23:53:45,460 - __main__ - INFO - [INFO] 2023-04-06 23:53:45.460586 Epoch [92/100] batch [1/391] loss 0.0688 lr 0.0019853157161528537 acc 99.22% eta 0:15:59
2023-04-06 23:54:29,155 - __main__ - INFO - [INFO] 2023-04-06 23:54:29.155522 Epoch [92/100] batch [129/391] loss 0.0223 lr 0.0019853157161528537 acc 100.00% eta 0:15:28
2023-04-06 23:55:09,233 - __main__ - INFO - [INFO] 2023-04-06 23:55:09.233308 Epoch [92/100] batch [257/391] loss 0.0619 lr 0.0019853157161528537 acc 100.00% eta 0:14:17
2023-04-06 23:55:38,139 - __main__ - INFO - [INFO] 2023-04-06 23:55:38.139186 Epoch [92/100] batch [385/391] loss 0.0362 lr 0.0019853157161528537 acc 99.22% eta 0:12:25
2023-04-06 23:55:39,379 - __main__ - INFO - Computing epoch 92 validation accuracy...
2023-04-06 23:55:44,880 - __main__ - INFO - Computing epoch 92 validation loss...
2023-04-06 23:55:50,819 - __main__ - INFO - [INFO] 2023-04-06 23:55:50.819654 Epoch [93/100] batch [1/391] loss 0.0173 lr 0.0015708419435684529 acc 100.00% eta 0:10:02
2023-04-06 23:56:30,157 - __main__ - INFO - [INFO] 2023-04-06 23:56:30.157596 Epoch [93/100] batch [129/391] loss 0.0163 lr 0.0015708419435684529 acc 100.00% eta 0:12:24
2023-04-06 23:57:14,701 - __main__ - INFO - [INFO] 2023-04-06 23:57:14.701519 Epoch [93/100] batch [257/391] loss 0.0454 lr 0.0015708419435684529 acc 99.22% eta 0:12:35
2023-04-06 23:57:58,663 - __main__ - INFO - [INFO] 2023-04-06 23:57:58.663152 Epoch [93/100] batch [385/391] loss 0.0902 lr 0.0015708419435684529 acc 99.22% eta 0:12:13
2023-04-06 23:58:00,633 - __main__ - INFO - Computing epoch 93 validation accuracy...
2023-04-06 23:58:09,021 - __main__ - INFO - Computing epoch 93 validation loss...
2023-04-06 23:58:17,803 - __main__ - INFO - [INFO] 2023-04-06 23:58:17.803473 Epoch [94/100] batch [1/391] loss 0.0556 lr 0.0012041619030626347 acc 98.44% eta 0:13:48
2023-04-06 23:59:02,317 - __main__ - INFO - [INFO] 2023-04-06 23:59:02.317592 Epoch [94/100] batch [129/391] loss 0.0232 lr 0.0012041619030626347 acc 99.22% eta 0:12:06
2023-04-06 23:59:46,166 - __main__ - INFO - [INFO] 2023-04-06 23:59:46.166547 Epoch [94/100] batch [257/391] loss 0.0217 lr 0.0012041619030626347 acc 100.00% eta 0:11:26
2023-04-07 00:00:30,579 - __main__ - INFO - [INFO] 2023-04-07 00:00:30.578951 Epoch [94/100] batch [385/391] loss 0.0297 lr 0.0012041619030626347 acc 100.00% eta 0:10:51
2023-04-07 00:00:32,578 - __main__ - INFO - Computing epoch 94 validation accuracy...
2023-04-07 00:00:40,764 - __main__ - INFO - Computing epoch 94 validation loss...
2023-04-07 00:00:48,760 - __main__ - INFO - [INFO] 2023-04-07 00:00:48.760345 Epoch [95/100] batch [1/391] loss 0.0494 lr 0.0008856374635655646 acc 100.00% eta 0:10:17
2023-04-07 00:01:33,013 - __main__ - INFO - [INFO] 2023-04-07 00:01:33.013034 Epoch [95/100] batch [129/391] loss 0.0364 lr 0.0008856374635655646 acc 100.00% eta 0:10:13
2023-04-07 00:02:17,554 - __main__ - INFO - [INFO] 2023-04-07 00:02:17.554125 Epoch [95/100] batch [257/391] loss 0.0181 lr 0.0008856374635655646 acc 100.00% eta 0:09:40
2023-04-07 00:03:01,268 - __main__ - INFO - [INFO] 2023-04-07 00:03:01.268493 Epoch [95/100] batch [385/391] loss 0.0151 lr 0.0008856374635655646 acc 100.00% eta 0:09:01
2023-04-07 00:03:03,176 - __main__ - INFO - Computing epoch 95 validation accuracy...
2023-04-07 00:03:11,545 - __main__ - INFO - Computing epoch 95 validation loss...
2023-04-07 00:03:20,230 - __main__ - INFO - [INFO] 2023-04-07 00:03:20.230309 Epoch [96/100] batch [1/391] loss 0.0251 lr 0.0006155829702431174 acc 99.22% eta 0:09:54
2023-04-07 00:04:04,717 - __main__ - INFO - [INFO] 2023-04-07 00:04:04.716488 Epoch [96/100] batch [129/391] loss 0.0291 lr 0.0006155829702431174 acc 99.22% eta 0:08:29
2023-04-07 00:04:47,881 - __main__ - INFO - [INFO] 2023-04-07 00:04:47.880926 Epoch [96/100] batch [257/391] loss 0.0285 lr 0.0006155829702431174 acc 100.00% eta 0:07:45
2023-04-07 00:05:31,979 - __main__ - INFO - [INFO] 2023-04-07 00:05:31.979236 Epoch [96/100] batch [385/391] loss 0.0203 lr 0.0006155829702431174 acc 100.00% eta 0:07:11
2023-04-07 00:05:33,927 - __main__ - INFO - Computing epoch 96 validation accuracy...
2023-04-07 00:05:42,129 - __main__ - INFO - Computing epoch 96 validation loss...
2023-04-07 00:05:50,314 - __main__ - INFO - [INFO] 2023-04-07 00:05:50.314304 Epoch [97/100] batch [1/391] loss 0.0366 lr 0.00039426493427611206 acc 100.00% eta 0:06:47
2023-04-07 00:06:33,908 - __main__ - INFO - [INFO] 2023-04-07 00:06:33.908640 Epoch [97/100] batch [129/391] loss 0.0410 lr 0.00039426493427611206 acc 100.00% eta 0:06:31
2023-04-07 00:07:18,270 - __main__ - INFO - [INFO] 2023-04-07 00:07:18.269804 Epoch [97/100] batch [257/391] loss 0.0210 lr 0.00039426493427611206 acc 100.00% eta 0:05:59
2023-04-07 00:08:01,555 - __main__ - INFO - [INFO] 2023-04-07 00:08:01.555436 Epoch [97/100] batch [385/391] loss 0.0188 lr 0.00039426493427611206 acc 100.00% eta 0:05:22
2023-04-07 00:08:03,517 - __main__ - INFO - Computing epoch 97 validation accuracy...
2023-04-07 00:08:11,664 - __main__ - INFO - Computing epoch 97 validation loss...
2023-04-07 00:08:20,149 - __main__ - INFO - [INFO] 2023-04-07 00:08:20.149158 Epoch [98/100] batch [1/391] loss 0.0413 lr 0.00022190176984600036 acc 99.22% eta 0:05:52
2023-04-07 00:09:04,413 - __main__ - INFO - [INFO] 2023-04-07 00:09:04.413209 Epoch [98/100] batch [129/391] loss 0.0160 lr 0.00022190176984600036 acc 100.00% eta 0:04:47
2023-04-07 00:09:47,794 - __main__ - INFO - [INFO] 2023-04-07 00:09:47.794700 Epoch [98/100] batch [257/391] loss 0.0198 lr 0.00022190176984600036 acc 100.00% eta 0:04:10
2023-04-07 00:10:32,023 - __main__ - INFO - [INFO] 2023-04-07 00:10:32.023289 Epoch [98/100] batch [385/391] loss 0.0290 lr 0.00022190176984600036 acc 100.00% eta 0:03:36
2023-04-07 00:10:34,004 - __main__ - INFO - Computing epoch 98 validation accuracy...
2023-04-07 00:10:42,156 - __main__ - INFO - Computing epoch 98 validation loss...
2023-04-07 00:10:50,669 - __main__ - INFO - [INFO] 2023-04-07 00:10:50.669050 Epoch [99/100] batch [1/391] loss 0.0301 lr 9.866357858642213e-05 acc 100.00% eta 0:03:30
2023-04-07 00:11:34,535 - __main__ - INFO - [INFO] 2023-04-07 00:11:34.535097 Epoch [99/100] batch [129/391] loss 0.0161 lr 9.866357858642213e-05 acc 100.00% eta 0:02:59
2023-04-07 00:12:18,698 - __main__ - INFO - [INFO] 2023-04-07 00:12:18.698426 Epoch [99/100] batch [257/391] loss 0.0182 lr 9.866357858642213e-05 acc 100.00% eta 0:02:24
2023-04-07 00:13:01,846 - __main__ - INFO - [INFO] 2023-04-07 00:13:01.845834 Epoch [99/100] batch [385/391] loss 0.0231 lr 9.866357858642213e-05 acc 100.00% eta 0:01:48
2023-04-07 00:13:03,863 - __main__ - INFO - Computing epoch 99 validation accuracy...
2023-04-07 00:13:11,970 - __main__ - INFO - Computing epoch 99 validation loss...
2023-04-07 00:13:20,504 - __main__ - INFO - [INFO] 2023-04-07 00:13:20.504166 Epoch [100/100] batch [1/391] loss 0.0363 lr 2.4671981713420017e-05 acc 99.22% eta 0:01:46
2023-04-07 00:14:04,522 - __main__ - INFO - [INFO] 2023-04-07 00:14:04.522591 Epoch [100/100] batch [129/391] loss 0.0310 lr 2.4671981713420017e-05 acc 100.00% eta 0:01:11
2023-04-07 00:14:47,589 - __main__ - INFO - [INFO] 2023-04-07 00:14:47.589517 Epoch [100/100] batch [257/391] loss 0.0128 lr 2.4671981713420017e-05 acc 100.00% eta 0:00:36
2023-04-07 00:15:31,750 - __main__ - INFO - [INFO] 2023-04-07 00:15:31.750190 Epoch [100/100] batch [385/391] loss 0.0309 lr 2.4671981713420017e-05 acc 99.22% eta 0:00:01
2023-04-07 00:15:33,693 - __main__ - INFO - Computing epoch 100 validation accuracy...
2023-04-07 00:15:41,966 - __main__ - INFO - Computing epoch 100 validation loss...
2023-04-07 00:15:50,296 - __main__ - INFO - Reading testing data set cifar100
2023-04-07 00:15:51,104 - __main__ - INFO - Loading trained model...
2023-04-07 00:16:01,463 - __main__ - INFO - Testing acc : 76.28%.
