2023-04-07 21:20:05,168 - __main__ - INFO - 

2023-04-07 21:20:05,168 - __main__ - INFO - ***************
2023-04-07 21:20:05,169 - __main__ - INFO - ** Arguments **
2023-04-07 21:20:05,169 - __main__ - INFO - ***************
2023-04-07 21:20:05,169 - __main__ - INFO - backbone: densenet100
2023-04-07 21:20:05,169 - __main__ - INFO - dataname: cifar100
2023-04-07 21:20:05,169 - __main__ - INFO - drop_method: fd
2023-04-07 21:20:05,169 - __main__ - INFO - drop_rate: 0.0
2023-04-07 21:20:05,169 - __main__ - INFO - eval_only: 0
2023-04-07 21:20:05,169 - __main__ - INFO - output_path: checkpoints/cifar100/densenet100/drop_fd/rate_0./seed3
2023-04-07 21:20:05,169 - __main__ - INFO - part_rate: 0.1
2023-04-07 21:20:05,169 - __main__ - INFO - seed: 3
2023-04-07 21:20:05,169 - __main__ - INFO - weight_decay: 0.0005
2023-04-07 21:20:05,169 - __main__ - INFO - ************
2023-04-07 21:20:05,169 - __main__ - INFO - ** Config **
2023-04-07 21:20:05,169 - __main__ - INFO - ************
2023-04-07 21:20:05,169 - __main__ - INFO - {'DATALOADER': {'PATH': './data', 'DATANAME': 'cifar100', 'BATCH_SIZE': 128, 'NUM_CLASSES': 100}, 'INPUT': {'SIZE': [32, 32], 'PIXEL_MEAN': [0.4914, 0.4822, 0.4465], 'PIXEL_STD': [0.2023, 0.1994, 0.201]}, 'OUTPUT': {'DIR': 'checkpoints/cifar100/densenet100/drop_fd/rate_0./seed3'}, 'SEED': 3, 'OPTIM': {'LR': 0.1, 'MAX_EPOCH': 100, 'LR_SCHEDULER': 'step', 'LR_MILESTONES': [20, 40, 80, 120, 140], 'LR_DECAY': 0.2, 'PART_RATE': 0.1, 'WEIGHT_DECAY': 0.0005, 'DROP_RATE': 0.0, 'DROP_METHOD': 'fd', 'BLOCK_SIZE': 7}, 'MODEL': {'BACKBONE': 'densenet100'}}
2023-04-07 21:20:05,193 - __main__ - INFO - Reading training data set cifar100
2023-04-07 21:20:07,523 - __main__ - INFO - Loading raw model
2023-04-07 21:20:11,870 - __main__ - INFO - 
Saving everything to checkpoints/cifar100/densenet100/drop_fd/rate_0./seed3
2023-04-07 21:20:11,871 - __main__ - INFO - Start training...
2023-04-07 21:20:18,561 - __main__ - INFO - [INFO] 2023-04-07 21:20:18.561649 Epoch [1/100] batch [1/391] loss 4.6055 lr 0.1 acc 0.78% eta 2 days, 23:55:39
2023-04-07 21:20:58,897 - __main__ - INFO - [INFO] 2023-04-07 21:20:58.897383 Epoch [1/100] batch [129/391] loss 3.9062 lr 0.1 acc 9.38% eta 3:18:37
2023-04-07 21:21:37,890 - __main__ - INFO - [INFO] 2023-04-07 21:21:37.889933 Epoch [1/100] batch [257/391] loss 3.8965 lr 0.1 acc 8.59% eta 2:58:52
2023-04-07 21:22:17,204 - __main__ - INFO - [INFO] 2023-04-07 21:22:17.204331 Epoch [1/100] batch [385/391] loss 3.7148 lr 0.1 acc 10.94% eta 2:51:50
2023-04-07 21:22:19,153 - __main__ - INFO - Computing epoch 1 validation accuracy...
2023-04-07 21:22:26,653 - __main__ - INFO - Computing epoch 1 validation loss...
2023-04-07 21:22:34,296 - __main__ - INFO - [INFO] 2023-04-07 21:22:34.296453 Epoch [2/100] batch [1/391] loss 3.4512 lr 0.09997532801828658 acc 14.84% eta 2:59:54
2023-04-07 21:23:13,741 - __main__ - INFO - [INFO] 2023-04-07 21:23:13.740871 Epoch [2/100] batch [129/391] loss 3.5078 lr 0.09997532801828658 acc 21.09% eta 2:39:35
2023-04-07 21:23:53,330 - __main__ - INFO - [INFO] 2023-04-07 21:23:53.330338 Epoch [2/100] batch [257/391] loss 3.5371 lr 0.09997532801828658 acc 19.53% eta 2:39:14
2023-04-07 21:24:32,625 - __main__ - INFO - [INFO] 2023-04-07 21:24:32.624979 Epoch [2/100] batch [385/391] loss 3.1738 lr 0.09997532801828658 acc 25.00% eta 2:38:13
2023-04-07 21:24:34,299 - __main__ - INFO - Computing epoch 2 validation accuracy...
2023-04-07 21:24:41,586 - __main__ - INFO - Computing epoch 2 validation loss...
2023-04-07 21:24:49,141 - __main__ - INFO - [INFO] 2023-04-07 21:24:49.141584 Epoch [3/100] batch [1/391] loss 3.7793 lr 0.09990133642141358 acc 22.66% eta 2:49:12
2023-04-07 21:25:28,688 - __main__ - INFO - [INFO] 2023-04-07 21:25:28.688587 Epoch [3/100] batch [129/391] loss 3.1016 lr 0.09990133642141358 acc 21.88% eta 2:39:48
2023-04-07 21:26:07,401 - __main__ - INFO - [INFO] 2023-04-07 21:26:07.401555 Epoch [3/100] batch [257/391] loss 3.0176 lr 0.09990133642141358 acc 29.69% eta 2:37:18
2023-04-07 21:26:46,586 - __main__ - INFO - [INFO] 2023-04-07 21:26:46.586635 Epoch [3/100] batch [385/391] loss 2.7324 lr 0.09990133642141358 acc 33.59% eta 2:36:24
2023-04-07 21:26:48,289 - __main__ - INFO - Computing epoch 3 validation accuracy...
2023-04-07 21:26:55,592 - __main__ - INFO - Computing epoch 3 validation loss...
2023-04-07 21:27:03,246 - __main__ - INFO - [INFO] 2023-04-07 21:27:03.246122 Epoch [4/100] batch [1/391] loss 3.4629 lr 0.099778098230154 acc 32.81% eta 2:29:14
2023-04-07 21:27:42,948 - __main__ - INFO - [INFO] 2023-04-07 21:27:42.948081 Epoch [4/100] batch [129/391] loss 2.9570 lr 0.099778098230154 acc 25.00% eta 2:38:01
2023-04-07 21:28:21,977 - __main__ - INFO - [INFO] 2023-04-07 21:28:21.977105 Epoch [4/100] batch [257/391] loss 2.4199 lr 0.099778098230154 acc 34.38% eta 2:35:50
2023-04-07 21:29:01,029 - __main__ - INFO - [INFO] 2023-04-07 21:29:01.029756 Epoch [4/100] batch [385/391] loss 2.3750 lr 0.099778098230154 acc 42.19% eta 2:34:48
2023-04-07 21:29:02,852 - __main__ - INFO - Computing epoch 4 validation accuracy...
2023-04-07 21:29:10,174 - __main__ - INFO - Computing epoch 4 validation loss...
2023-04-07 21:29:17,791 - __main__ - INFO - [INFO] 2023-04-07 21:29:17.791494 Epoch [5/100] batch [1/391] loss 3.2578 lr 0.0996057350657239 acc 36.72% eta 2:22:18
2023-04-07 21:29:56,904 - __main__ - INFO - [INFO] 2023-04-07 21:29:56.904672 Epoch [5/100] batch [129/391] loss 2.3359 lr 0.0996057350657239 acc 35.94% eta 2:34:05
2023-04-07 21:30:36,302 - __main__ - INFO - [INFO] 2023-04-07 21:30:36.302466 Epoch [5/100] batch [257/391] loss 2.4199 lr 0.0996057350657239 acc 38.28% eta 2:33:49
2023-04-07 21:31:15,522 - __main__ - INFO - [INFO] 2023-04-07 21:31:15.522252 Epoch [5/100] batch [385/391] loss 2.1855 lr 0.0996057350657239 acc 39.84% eta 2:33:00
2023-04-07 21:31:17,236 - __main__ - INFO - Computing epoch 5 validation accuracy...
2023-04-07 21:31:24,847 - __main__ - INFO - Computing epoch 5 validation loss...
2023-04-07 21:31:32,770 - __main__ - INFO - [INFO] 2023-04-07 21:31:32.770579 Epoch [6/100] batch [1/391] loss 2.2715 lr 0.09938441702975688 acc 42.19% eta 2:55:59
2023-04-07 21:32:12,564 - __main__ - INFO - [INFO] 2023-04-07 21:32:12.563849 Epoch [6/100] batch [129/391] loss 2.2695 lr 0.09938441702975688 acc 45.31% eta 2:34:49
2023-04-07 21:32:51,228 - __main__ - INFO - [INFO] 2023-04-07 21:32:51.228069 Epoch [6/100] batch [257/391] loss 2.0410 lr 0.09938441702975688 acc 48.44% eta 2:31:22
2023-04-07 21:33:38,086 - __main__ - INFO - [INFO] 2023-04-07 21:33:38.085818 Epoch [6/100] batch [385/391] loss 1.8867 lr 0.09938441702975688 acc 50.00% eta 2:41:43
2023-04-07 21:33:40,149 - __main__ - INFO - Computing epoch 6 validation accuracy...
2023-04-07 21:33:48,262 - __main__ - INFO - Computing epoch 6 validation loss...
2023-04-07 21:33:56,756 - __main__ - INFO - [INFO] 2023-04-07 21:33:56.756386 Epoch [7/100] batch [1/391] loss 2.9551 lr 0.09911436253643444 acc 39.06% eta 2:59:14
2023-04-07 21:34:42,733 - __main__ - INFO - [INFO] 2023-04-07 21:34:42.733167 Epoch [7/100] batch [129/391] loss 2.2246 lr 0.09911436253643444 acc 42.97% eta 2:57:56
2023-04-07 21:35:22,447 - __main__ - INFO - [INFO] 2023-04-07 21:35:22.446921 Epoch [7/100] batch [257/391] loss 2.2754 lr 0.09911436253643444 acc 42.97% eta 2:45:38
2023-04-07 21:36:05,157 - __main__ - INFO - [INFO] 2023-04-07 21:36:05.157052 Epoch [7/100] batch [385/391] loss 2.1543 lr 0.09911436253643444 acc 43.75% eta 2:43:41
2023-04-07 21:36:07,078 - __main__ - INFO - Computing epoch 7 validation accuracy...
2023-04-07 21:36:15,250 - __main__ - INFO - Computing epoch 7 validation loss...
2023-04-07 21:36:23,722 - __main__ - INFO - [INFO] 2023-04-07 21:36:23.722655 Epoch [8/100] batch [1/391] loss 2.8594 lr 0.09879583809693737 acc 46.09% eta 2:31:19
2023-04-07 21:37:10,076 - __main__ - INFO - [INFO] 2023-04-07 21:37:10.076537 Epoch [8/100] batch [129/391] loss 2.0410 lr 0.09879583809693737 acc 39.84% eta 2:56:50
2023-04-07 21:37:49,957 - __main__ - INFO - [INFO] 2023-04-07 21:37:49.956939 Epoch [8/100] batch [257/391] loss 2.0488 lr 0.09879583809693737 acc 40.62% eta 2:42:14
2023-04-07 21:38:30,867 - __main__ - INFO - [INFO] 2023-04-07 21:38:30.867099 Epoch [8/100] batch [385/391] loss 1.8613 lr 0.09879583809693737 acc 44.53% eta 2:38:52
2023-04-07 21:38:32,753 - __main__ - INFO - Computing epoch 8 validation accuracy...
2023-04-07 21:38:40,900 - __main__ - INFO - Computing epoch 8 validation loss...
2023-04-07 21:38:49,451 - __main__ - INFO - [INFO] 2023-04-07 21:38:49.450960 Epoch [9/100] batch [1/391] loss 1.6338 lr 0.09842915805643156 acc 50.78% eta 3:10:19
2023-04-07 21:39:35,041 - __main__ - INFO - [INFO] 2023-04-07 21:39:35.040948 Epoch [9/100] batch [129/391] loss 1.8096 lr 0.09842915805643156 acc 51.56% eta 2:53:13
2023-04-07 21:40:20,899 - __main__ - INFO - [INFO] 2023-04-07 21:40:20.899583 Epoch [9/100] batch [257/391] loss 1.6934 lr 0.09842915805643156 acc 53.91% eta 2:53:00
2023-04-07 21:40:56,720 - __main__ - INFO - [INFO] 2023-04-07 21:40:56.720405 Epoch [9/100] batch [385/391] loss 1.6318 lr 0.09842915805643156 acc 55.47% eta 2:40:20
2023-04-07 21:40:58,407 - __main__ - INFO - Computing epoch 9 validation accuracy...
2023-04-07 21:41:05,537 - __main__ - INFO - Computing epoch 9 validation loss...
2023-04-07 21:41:12,896 - __main__ - INFO - [INFO] 2023-04-07 21:41:12.896697 Epoch [10/100] batch [1/391] loss 1.6494 lr 0.09801468428384716 acc 57.03% eta 2:28:07
2023-04-07 21:41:50,293 - __main__ - INFO - [INFO] 2023-04-07 21:41:50.293065 Epoch [10/100] batch [129/391] loss 1.6973 lr 0.09801468428384716 acc 39.84% eta 2:18:55
2023-04-07 21:42:27,091 - __main__ - INFO - [INFO] 2023-04-07 21:42:27.091476 Epoch [10/100] batch [257/391] loss 1.9873 lr 0.09801468428384716 acc 41.41% eta 2:18:27
2023-04-07 21:43:04,314 - __main__ - INFO - [INFO] 2023-04-07 21:43:04.314454 Epoch [10/100] batch [385/391] loss 1.6416 lr 0.09801468428384716 acc 58.59% eta 2:18:11
2023-04-07 21:43:05,951 - __main__ - INFO - Computing epoch 10 validation accuracy...
2023-04-07 21:43:13,113 - __main__ - INFO - Computing epoch 10 validation loss...
2023-04-07 21:43:20,680 - __main__ - INFO - [INFO] 2023-04-07 21:43:20.679828 Epoch [11/100] batch [1/391] loss 1.7422 lr 0.09755282581475769 acc 53.91% eta 2:33:16
2023-04-07 21:43:58,417 - __main__ - INFO - [INFO] 2023-04-07 21:43:58.417633 Epoch [11/100] batch [129/391] loss 1.7979 lr 0.09755282581475769 acc 40.62% eta 2:18:04
2023-04-07 21:44:36,113 - __main__ - INFO - [INFO] 2023-04-07 21:44:36.112828 Epoch [11/100] batch [257/391] loss 1.7305 lr 0.09755282581475769 acc 58.59% eta 2:19:16
2023-04-07 21:45:13,998 - __main__ - INFO - [INFO] 2023-04-07 21:45:13.998450 Epoch [11/100] batch [385/391] loss 1.7588 lr 0.09755282581475769 acc 45.31% eta 2:18:14
2023-04-07 21:45:15,721 - __main__ - INFO - Computing epoch 11 validation accuracy...
2023-04-07 21:45:22,835 - __main__ - INFO - Computing epoch 11 validation loss...
2023-04-07 21:45:30,160 - __main__ - INFO - [INFO] 2023-04-07 21:45:30.160334 Epoch [12/100] batch [1/391] loss 1.6162 lr 0.09704403844771128 acc 54.69% eta 2:27:23
2023-04-07 21:46:07,682 - __main__ - INFO - [INFO] 2023-04-07 21:46:07.681852 Epoch [12/100] batch [129/391] loss 1.5371 lr 0.09704403844771128 acc 46.88% eta 2:19:20
2023-04-07 21:46:44,589 - __main__ - INFO - [INFO] 2023-04-07 21:46:44.589664 Epoch [12/100] batch [257/391] loss 1.5723 lr 0.09704403844771128 acc 55.47% eta 2:16:50
2023-04-07 21:47:22,118 - __main__ - INFO - [INFO] 2023-04-07 21:47:22.117973 Epoch [12/100] batch [385/391] loss 1.5928 lr 0.09704403844771128 acc 50.00% eta 2:16:37
2023-04-07 21:47:23,714 - __main__ - INFO - Computing epoch 12 validation accuracy...
2023-04-07 21:47:30,775 - __main__ - INFO - Computing epoch 12 validation loss...
2023-04-07 21:47:38,272 - __main__ - INFO - [INFO] 2023-04-07 21:47:38.272373 Epoch [13/100] batch [1/391] loss 2.6348 lr 0.09648882429441258 acc 49.22% eta 2:28:14
2023-04-07 21:48:15,127 - __main__ - INFO - [INFO] 2023-04-07 21:48:15.127234 Epoch [13/100] batch [129/391] loss 1.8359 lr 0.09648882429441258 acc 53.91% eta 2:15:21
2023-04-07 21:48:52,223 - __main__ - INFO - [INFO] 2023-04-07 21:48:52.223144 Epoch [13/100] batch [257/391] loss 1.5273 lr 0.09648882429441258 acc 57.81% eta 2:14:03
2023-04-07 21:49:29,505 - __main__ - INFO - [INFO] 2023-04-07 21:49:29.505661 Epoch [13/100] batch [385/391] loss 1.5342 lr 0.09648882429441258 acc 54.69% eta 2:13:30
2023-04-07 21:49:31,166 - __main__ - INFO - Computing epoch 13 validation accuracy...
2023-04-07 21:49:37,983 - __main__ - INFO - Computing epoch 13 validation loss...
2023-04-07 21:49:45,263 - __main__ - INFO - [INFO] 2023-04-07 21:49:45.263003 Epoch [14/100] batch [1/391] loss 2.6152 lr 0.09588773128419906 acc 49.22% eta 2:26:45
2023-04-07 21:50:23,010 - __main__ - INFO - [INFO] 2023-04-07 21:50:23.010500 Epoch [14/100] batch [129/391] loss 1.7295 lr 0.09588773128419906 acc 59.38% eta 2:15:59
2023-04-07 21:51:00,191 - __main__ - INFO - [INFO] 2023-04-07 21:51:00.191713 Epoch [14/100] batch [257/391] loss 1.6396 lr 0.09588773128419906 acc 57.81% eta 2:13:44
2023-04-07 21:51:37,337 - __main__ - INFO - [INFO] 2023-04-07 21:51:37.336958 Epoch [14/100] batch [385/391] loss 1.3936 lr 0.09588773128419906 acc 61.72% eta 2:12:36
2023-04-07 21:51:38,993 - __main__ - INFO - Computing epoch 14 validation accuracy...
2023-04-07 21:51:46,037 - __main__ - INFO - Computing epoch 14 validation loss...
2023-04-07 21:51:53,174 - __main__ - INFO - [INFO] 2023-04-07 21:51:53.174342 Epoch [15/100] batch [1/391] loss 2.5684 lr 0.09524135262330098 acc 51.56% eta 2:21:25
2023-04-07 21:52:30,836 - __main__ - INFO - [INFO] 2023-04-07 21:52:30.836376 Epoch [15/100] batch [129/391] loss 1.6318 lr 0.09524135262330098 acc 51.56% eta 2:12:38
2023-04-07 21:53:07,821 - __main__ - INFO - [INFO] 2023-04-07 21:53:07.821650 Epoch [15/100] batch [257/391] loss 1.6670 lr 0.09524135262330098 acc 60.16% eta 2:10:53
2023-04-07 21:53:44,939 - __main__ - INFO - [INFO] 2023-04-07 21:53:44.939414 Epoch [15/100] batch [385/391] loss 1.4756 lr 0.09524135262330098 acc 55.47% eta 2:10:15
2023-04-07 21:53:46,645 - __main__ - INFO - Computing epoch 15 validation accuracy...
2023-04-07 21:53:53,752 - __main__ - INFO - Computing epoch 15 validation loss...
2023-04-07 21:54:01,107 - __main__ - INFO - [INFO] 2023-04-07 21:54:01.107067 Epoch [16/100] batch [1/391] loss 1.4561 lr 0.0945503262094184 acc 55.47% eta 2:16:43
2023-04-07 21:54:38,277 - __main__ - INFO - [INFO] 2023-04-07 21:54:38.277126 Epoch [16/100] batch [129/391] loss 1.9502 lr 0.0945503262094184 acc 46.09% eta 2:09:48
2023-04-07 21:55:15,442 - __main__ - INFO - [INFO] 2023-04-07 21:55:15.442234 Epoch [16/100] batch [257/391] loss 1.2695 lr 0.0945503262094184 acc 64.06% eta 2:09:13
2023-04-07 21:55:52,877 - __main__ - INFO - [INFO] 2023-04-07 21:55:52.877133 Epoch [16/100] batch [385/391] loss 1.5576 lr 0.0945503262094184 acc 60.94% eta 2:08:56
2023-04-07 21:55:54,585 - __main__ - INFO - Computing epoch 16 validation accuracy...
2023-04-07 21:56:01,593 - __main__ - INFO - Computing epoch 16 validation loss...
2023-04-07 21:56:08,961 - __main__ - INFO - [INFO] 2023-04-07 21:56:08.960964 Epoch [17/100] batch [1/391] loss 2.4043 lr 0.09381533400219319 acc 55.47% eta 2:23:27
2023-04-07 21:56:45,919 - __main__ - INFO - [INFO] 2023-04-07 21:56:45.918877 Epoch [17/100] batch [129/391] loss 1.4326 lr 0.09381533400219319 acc 57.03% eta 2:08:35
2023-04-07 21:57:23,253 - __main__ - INFO - [INFO] 2023-04-07 21:57:23.253750 Epoch [17/100] batch [257/391] loss 1.5693 lr 0.09381533400219319 acc 53.91% eta 2:08:32
2023-04-07 21:58:00,633 - __main__ - INFO - [INFO] 2023-04-07 21:58:00.633057 Epoch [17/100] batch [385/391] loss 1.4297 lr 0.09381533400219319 acc 61.72% eta 2:07:49
2023-04-07 21:58:02,293 - __main__ - INFO - Computing epoch 17 validation accuracy...
2023-04-07 21:58:09,291 - __main__ - INFO - Computing epoch 17 validation loss...
2023-04-07 21:58:16,702 - __main__ - INFO - [INFO] 2023-04-07 21:58:16.702781 Epoch [18/100] batch [1/391] loss 2.3926 lr 0.0930371013501972 acc 51.56% eta 2:25:03
2023-04-07 21:58:53,681 - __main__ - INFO - [INFO] 2023-04-07 21:58:53.680864 Epoch [18/100] batch [129/391] loss 1.6670 lr 0.0930371013501972 acc 55.47% eta 2:08:33
2023-04-07 21:59:31,336 - __main__ - INFO - [INFO] 2023-04-07 21:59:31.336550 Epoch [18/100] batch [257/391] loss 1.6240 lr 0.0930371013501972 acc 56.25% eta 2:07:26
2023-04-07 22:00:08,314 - __main__ - INFO - [INFO] 2023-04-07 22:00:08.313891 Epoch [18/100] batch [385/391] loss 1.4062 lr 0.0930371013501972 acc 62.50% eta 2:06:24
2023-04-07 22:00:09,909 - __main__ - INFO - Computing epoch 18 validation accuracy...
2023-04-07 22:00:16,846 - __main__ - INFO - Computing epoch 18 validation loss...
2023-04-07 22:00:24,312 - __main__ - INFO - [INFO] 2023-04-07 22:00:24.312393 Epoch [19/100] batch [1/391] loss 2.4941 lr 0.09221639627510078 acc 53.91% eta 2:18:02
2023-04-07 22:01:01,621 - __main__ - INFO - [INFO] 2023-04-07 22:01:01.621011 Epoch [19/100] batch [129/391] loss 1.1094 lr 0.09221639627510078 acc 68.75% eta 2:06:25
2023-04-07 22:01:38,483 - __main__ - INFO - [INFO] 2023-04-07 22:01:38.482995 Epoch [19/100] batch [257/391] loss 1.3984 lr 0.09221639627510078 acc 60.16% eta 2:05:17
2023-04-07 22:02:16,043 - __main__ - INFO - [INFO] 2023-04-07 22:02:16.043533 Epoch [19/100] batch [385/391] loss 1.2051 lr 0.09221639627510078 acc 57.03% eta 2:04:52
2023-04-07 22:02:17,644 - __main__ - INFO - Computing epoch 19 validation accuracy...
2023-04-07 22:02:24,438 - __main__ - INFO - Computing epoch 19 validation loss...
2023-04-07 22:02:31,812 - __main__ - INFO - [INFO] 2023-04-07 22:02:31.812012 Epoch [20/100] batch [1/391] loss 1.4180 lr 0.09135402871372812 acc 61.72% eta 1:46:50
2023-04-07 22:03:08,465 - __main__ - INFO - [INFO] 2023-04-07 22:03:08.465792 Epoch [20/100] batch [129/391] loss 1.7998 lr 0.09135402871372812 acc 55.47% eta 2:01:19
2023-04-07 22:03:46,546 - __main__ - INFO - [INFO] 2023-04-07 22:03:46.546201 Epoch [20/100] batch [257/391] loss 1.4775 lr 0.09135402871372812 acc 59.38% eta 2:03:06
2023-04-07 22:04:23,340 - __main__ - INFO - [INFO] 2023-04-07 22:04:23.340420 Epoch [20/100] batch [385/391] loss 1.4150 lr 0.09135402871372812 acc 64.06% eta 2:02:13
2023-04-07 22:04:24,993 - __main__ - INFO - Computing epoch 20 validation accuracy...
2023-04-07 22:04:32,055 - __main__ - INFO - Computing epoch 20 validation loss...
2023-04-07 22:04:39,213 - __main__ - INFO - [INFO] 2023-04-07 22:04:39.213686 Epoch [21/100] batch [1/391] loss 2.2910 lr 0.09045084971874741 acc 63.28% eta 2:07:09
2023-04-07 22:05:17,012 - __main__ - INFO - [INFO] 2023-04-07 22:05:17.012601 Epoch [21/100] batch [129/391] loss 1.3379 lr 0.09045084971874741 acc 64.06% eta 2:05:27
2023-04-07 22:05:53,896 - __main__ - INFO - [INFO] 2023-04-07 22:05:53.896501 Epoch [21/100] batch [257/391] loss 1.1494 lr 0.09045084971874741 acc 71.88% eta 2:03:07
2023-04-07 22:06:31,664 - __main__ - INFO - [INFO] 2023-04-07 22:06:31.663883 Epoch [21/100] batch [385/391] loss 1.1367 lr 0.09045084971874741 acc 64.84% eta 2:02:25
2023-04-07 22:06:33,298 - __main__ - INFO - Computing epoch 21 validation accuracy...
2023-04-07 22:06:40,271 - __main__ - INFO - Computing epoch 21 validation loss...
2023-04-07 22:06:47,540 - __main__ - INFO - [INFO] 2023-04-07 22:06:47.540531 Epoch [22/100] batch [1/391] loss 2.3926 lr 0.08950775061878455 acc 58.59% eta 2:06:15
2023-04-07 22:07:25,149 - __main__ - INFO - [INFO] 2023-04-07 22:07:25.148827 Epoch [22/100] batch [129/391] loss 1.5518 lr 0.08950775061878455 acc 62.50% eta 2:03:26
2023-04-07 22:08:02,170 - __main__ - INFO - [INFO] 2023-04-07 22:08:02.170284 Epoch [22/100] batch [257/391] loss 1.4668 lr 0.08950775061878455 acc 63.28% eta 2:01:48
2023-04-07 22:08:39,217 - __main__ - INFO - [INFO] 2023-04-07 22:08:39.217640 Epoch [22/100] batch [385/391] loss 1.2539 lr 0.08950775061878455 acc 61.72% eta 2:01:03
2023-04-07 22:08:40,862 - __main__ - INFO - Computing epoch 22 validation accuracy...
2023-04-07 22:08:47,946 - __main__ - INFO - Computing epoch 22 validation loss...
2023-04-07 22:08:54,943 - __main__ - INFO - [INFO] 2023-04-07 22:08:54.943603 Epoch [23/100] batch [1/391] loss 1.2129 lr 0.0885256621387895 acc 64.06% eta 2:10:08
2023-04-07 22:09:32,170 - __main__ - INFO - [INFO] 2023-04-07 22:09:32.170081 Epoch [23/100] batch [129/391] loss 1.3340 lr 0.0885256621387895 acc 56.25% eta 2:01:40
2023-04-07 22:10:09,173 - __main__ - INFO - [INFO] 2023-04-07 22:10:09.173078 Epoch [23/100] batch [257/391] loss 1.3760 lr 0.0885256621387895 acc 63.28% eta 1:59:09
2023-04-07 22:10:45,998 - __main__ - INFO - [INFO] 2023-04-07 22:10:45.998540 Epoch [23/100] batch [385/391] loss 1.2881 lr 0.0885256621387895 acc 67.97% eta 1:58:21
2023-04-07 22:10:47,569 - __main__ - INFO - Computing epoch 23 validation accuracy...
2023-04-07 22:10:54,698 - __main__ - INFO - Computing epoch 23 validation loss...
2023-04-07 22:11:02,014 - __main__ - INFO - [INFO] 2023-04-07 22:11:02.014478 Epoch [24/100] batch [1/391] loss 1.0811 lr 0.08750555348152302 acc 74.22% eta 1:45:28
2023-04-07 22:11:39,428 - __main__ - INFO - [INFO] 2023-04-07 22:11:39.428006 Epoch [24/100] batch [129/391] loss 1.4629 lr 0.08750555348152302 acc 64.06% eta 1:58:39
2023-04-07 22:12:16,391 - __main__ - INFO - [INFO] 2023-04-07 22:12:16.391539 Epoch [24/100] batch [257/391] loss 1.6348 lr 0.08750555348152302 acc 57.81% eta 1:58:03
2023-04-07 22:12:53,269 - __main__ - INFO - [INFO] 2023-04-07 22:12:53.269120 Epoch [24/100] batch [385/391] loss 1.3857 lr 0.08750555348152302 acc 53.91% eta 1:57:36
2023-04-07 22:12:54,975 - __main__ - INFO - Computing epoch 24 validation accuracy...
2023-04-07 22:13:01,938 - __main__ - INFO - Computing epoch 24 validation loss...
2023-04-07 22:13:09,268 - __main__ - INFO - [INFO] 2023-04-07 22:13:09.268233 Epoch [25/100] batch [1/391] loss 2.1816 lr 0.08644843137107061 acc 64.84% eta 1:57:49
2023-04-07 22:13:47,037 - __main__ - INFO - [INFO] 2023-04-07 22:13:47.037391 Epoch [25/100] batch [129/391] loss 1.4756 lr 0.08644843137107061 acc 59.38% eta 1:58:04
2023-04-07 22:14:24,176 - __main__ - INFO - [INFO] 2023-04-07 22:14:24.175969 Epoch [25/100] batch [257/391] loss 1.3857 lr 0.08644843137107061 acc 63.28% eta 1:56:03
2023-04-07 22:15:01,576 - __main__ - INFO - [INFO] 2023-04-07 22:15:01.576134 Epoch [25/100] batch [385/391] loss 1.3467 lr 0.08644843137107061 acc 61.72% eta 1:55:27
2023-04-07 22:15:03,192 - __main__ - INFO - Computing epoch 25 validation accuracy...
2023-04-07 22:15:09,994 - __main__ - INFO - Computing epoch 25 validation loss...
2023-04-07 22:15:17,332 - __main__ - INFO - [INFO] 2023-04-07 22:15:17.332074 Epoch [26/100] batch [1/391] loss 2.2129 lr 0.0853553390593274 acc 66.41% eta 2:09:47
2023-04-07 22:15:54,171 - __main__ - INFO - [INFO] 2023-04-07 22:15:54.171764 Epoch [26/100] batch [129/391] loss 1.3711 lr 0.0853553390593274 acc 67.97% eta 1:54:50
2023-04-07 22:16:31,305 - __main__ - INFO - [INFO] 2023-04-07 22:16:31.305174 Epoch [26/100] batch [257/391] loss 1.2080 lr 0.0853553390593274 acc 63.28% eta 1:54:07
2023-04-07 22:17:08,664 - __main__ - INFO - [INFO] 2023-04-07 22:17:08.663874 Epoch [26/100] batch [385/391] loss 1.3389 lr 0.0853553390593274 acc 67.97% eta 1:53:31
2023-04-07 22:17:10,366 - __main__ - INFO - Computing epoch 26 validation accuracy...
2023-04-07 22:17:17,404 - __main__ - INFO - Computing epoch 26 validation loss...
2023-04-07 22:17:24,613 - __main__ - INFO - [INFO] 2023-04-07 22:17:24.613761 Epoch [27/100] batch [1/391] loss 2.3438 lr 0.08422735529643446 acc 53.91% eta 2:08:11
2023-04-07 22:18:02,864 - __main__ - INFO - [INFO] 2023-04-07 22:18:02.863927 Epoch [27/100] batch [129/391] loss 1.7109 lr 0.08422735529643446 acc 53.91% eta 1:56:37
2023-04-07 22:18:40,628 - __main__ - INFO - [INFO] 2023-04-07 22:18:40.628497 Epoch [27/100] batch [257/391] loss 1.3887 lr 0.08422735529643446 acc 63.28% eta 1:55:01
2023-04-07 22:19:17,948 - __main__ - INFO - [INFO] 2023-04-07 22:19:17.948448 Epoch [27/100] batch [385/391] loss 1.1455 lr 0.08422735529643446 acc 63.28% eta 1:53:34
2023-04-07 22:19:19,679 - __main__ - INFO - Computing epoch 27 validation accuracy...
2023-04-07 22:19:26,582 - __main__ - INFO - Computing epoch 27 validation loss...
2023-04-07 22:19:33,871 - __main__ - INFO - [INFO] 2023-04-07 22:19:33.871649 Epoch [28/100] batch [1/391] loss 2.2129 lr 0.08306559326618262 acc 61.72% eta 1:53:27
2023-04-07 22:20:11,223 - __main__ - INFO - [INFO] 2023-04-07 22:20:11.223775 Epoch [28/100] batch [129/391] loss 1.0566 lr 0.08306559326618262 acc 69.53% eta 1:51:30
2023-04-07 22:20:48,421 - __main__ - INFO - [INFO] 2023-04-07 22:20:48.420926 Epoch [28/100] batch [257/391] loss 1.2256 lr 0.08306559326618262 acc 69.53% eta 1:51:44
2023-04-07 22:21:25,705 - __main__ - INFO - [INFO] 2023-04-07 22:21:25.704902 Epoch [28/100] batch [385/391] loss 1.2949 lr 0.08306559326618262 acc 62.50% eta 1:51:05
2023-04-07 22:21:27,388 - __main__ - INFO - Computing epoch 28 validation accuracy...
2023-04-07 22:21:34,404 - __main__ - INFO - Computing epoch 28 validation loss...
2023-04-07 22:21:41,725 - __main__ - INFO - [INFO] 2023-04-07 22:21:41.724827 Epoch [29/100] batch [1/391] loss 1.1455 lr 0.08187119948743452 acc 70.31% eta 1:52:25
2023-04-07 22:22:19,188 - __main__ - INFO - [INFO] 2023-04-07 22:22:19.188549 Epoch [29/100] batch [129/391] loss 1.2559 lr 0.08187119948743452 acc 66.41% eta 1:50:21
2023-04-07 22:22:57,745 - __main__ - INFO - [INFO] 2023-04-07 22:22:57.745343 Epoch [29/100] batch [257/391] loss 1.2100 lr 0.08187119948743452 acc 70.31% eta 1:52:00
2023-04-07 22:23:34,782 - __main__ - INFO - [INFO] 2023-04-07 22:23:34.782489 Epoch [29/100] batch [385/391] loss 0.9800 lr 0.08187119948743452 acc 75.00% eta 1:50:32
2023-04-07 22:23:36,515 - __main__ - INFO - Computing epoch 29 validation accuracy...
2023-04-07 22:23:43,707 - __main__ - INFO - Computing epoch 29 validation loss...
2023-04-07 22:23:51,151 - __main__ - INFO - [INFO] 2023-04-07 22:23:51.151239 Epoch [30/100] batch [1/391] loss 2.2383 lr 0.08064535268264886 acc 62.50% eta 2:04:12
2023-04-07 22:24:28,531 - __main__ - INFO - [INFO] 2023-04-07 22:24:28.531572 Epoch [30/100] batch [129/391] loss 1.3340 lr 0.08064535268264886 acc 61.72% eta 1:49:57
2023-04-07 22:25:05,468 - __main__ - INFO - [INFO] 2023-04-07 22:25:05.467901 Epoch [30/100] batch [257/391] loss 1.1846 lr 0.08064535268264886 acc 66.41% eta 1:48:47
2023-04-07 22:25:42,843 - __main__ - INFO - [INFO] 2023-04-07 22:25:42.842975 Epoch [30/100] batch [385/391] loss 1.2734 lr 0.08064535268264886 acc 60.94% eta 1:48:16
2023-04-07 22:25:44,498 - __main__ - INFO - Computing epoch 30 validation accuracy...
2023-04-07 22:25:51,543 - __main__ - INFO - Computing epoch 30 validation loss...
2023-04-07 22:25:58,832 - __main__ - INFO - [INFO] 2023-04-07 22:25:58.832066 Epoch [31/100] batch [1/391] loss 2.1680 lr 0.0793892626146237 acc 65.62% eta 1:58:56
2023-04-07 22:26:36,987 - __main__ - INFO - [INFO] 2023-04-07 22:26:36.987534 Epoch [31/100] batch [129/391] loss 1.4258 lr 0.0793892626146237 acc 60.94% eta 1:52:13
2023-04-07 22:27:14,939 - __main__ - INFO - [INFO] 2023-04-07 22:27:14.939325 Epoch [31/100] batch [257/391] loss 1.3252 lr 0.0793892626146237 acc 62.50% eta 1:50:05
2023-04-07 22:27:52,024 - __main__ - INFO - [INFO] 2023-04-07 22:27:52.024607 Epoch [31/100] batch [385/391] loss 1.1650 lr 0.0793892626146237 acc 62.50% eta 1:48:26
2023-04-07 22:27:53,700 - __main__ - INFO - Computing epoch 31 validation accuracy...
2023-04-07 22:28:00,662 - __main__ - INFO - Computing epoch 31 validation loss...
2023-04-07 22:28:07,952 - __main__ - INFO - [INFO] 2023-04-07 22:28:07.952579 Epoch [32/100] batch [1/391] loss 2.1270 lr 0.07810416889260657 acc 59.38% eta 1:44:01
2023-04-07 22:28:44,734 - __main__ - INFO - [INFO] 2023-04-07 22:28:44.734378 Epoch [32/100] batch [129/391] loss 1.1250 lr 0.07810416889260657 acc 63.28% eta 1:44:20
2023-04-07 22:29:22,049 - __main__ - INFO - [INFO] 2023-04-07 22:29:22.049332 Epoch [32/100] batch [257/391] loss 1.3438 lr 0.07810416889260657 acc 60.94% eta 1:44:41
2023-04-07 22:29:59,110 - __main__ - INFO - [INFO] 2023-04-07 22:29:59.110530 Epoch [32/100] batch [385/391] loss 1.2441 lr 0.07810416889260657 acc 67.19% eta 1:43:51
2023-04-07 22:30:00,824 - __main__ - INFO - Computing epoch 32 validation accuracy...
2023-04-07 22:30:07,988 - __main__ - INFO - Computing epoch 32 validation loss...
2023-04-07 22:30:15,331 - __main__ - INFO - [INFO] 2023-04-07 22:30:15.331719 Epoch [33/100] batch [1/391] loss 1.0967 lr 0.07679133974894986 acc 70.31% eta 1:34:14
2023-04-07 22:30:53,107 - __main__ - INFO - [INFO] 2023-04-07 22:30:53.107112 Epoch [33/100] batch [129/391] loss 1.2861 lr 0.07679133974894986 acc 60.94% eta 1:46:30
2023-04-07 22:31:31,344 - __main__ - INFO - [INFO] 2023-04-07 22:31:31.344025 Epoch [33/100] batch [257/391] loss 1.1758 lr 0.07679133974894986 acc 71.88% eta 1:46:11
2023-04-07 22:32:08,451 - __main__ - INFO - [INFO] 2023-04-07 22:32:08.451125 Epoch [33/100] batch [385/391] loss 1.1768 lr 0.07679133974894986 acc 67.97% eta 1:44:43
2023-04-07 22:32:10,058 - __main__ - INFO - Computing epoch 33 validation accuracy...
2023-04-07 22:32:17,157 - __main__ - INFO - Computing epoch 33 validation loss...
2023-04-07 22:32:24,522 - __main__ - INFO - [INFO] 2023-04-07 22:32:24.521941 Epoch [34/100] batch [1/391] loss 1.1016 lr 0.0754520707875186 acc 69.53% eta 1:52:06
2023-04-07 22:33:01,619 - __main__ - INFO - [INFO] 2023-04-07 22:33:01.619500 Epoch [34/100] batch [129/391] loss 1.1572 lr 0.0754520707875186 acc 67.97% eta 1:42:57
2023-04-07 22:33:38,966 - __main__ - INFO - [INFO] 2023-04-07 22:33:38.966247 Epoch [34/100] batch [257/391] loss 1.2861 lr 0.0754520707875186 acc 57.81% eta 1:42:23
2023-04-07 22:34:16,272 - __main__ - INFO - [INFO] 2023-04-07 22:34:16.272687 Epoch [34/100] batch [385/391] loss 1.0400 lr 0.0754520707875186 acc 67.19% eta 1:41:55
2023-04-07 22:34:17,929 - __main__ - INFO - Computing epoch 34 validation accuracy...
2023-04-07 22:34:24,977 - __main__ - INFO - Computing epoch 34 validation loss...
2023-04-07 22:34:32,387 - __main__ - INFO - [INFO] 2023-04-07 22:34:32.386899 Epoch [35/100] batch [1/391] loss 2.1523 lr 0.0740876837050858 acc 65.62% eta 1:57:01
2023-04-07 22:35:09,911 - __main__ - INFO - [INFO] 2023-04-07 22:35:09.911694 Epoch [35/100] batch [129/391] loss 0.7832 lr 0.0740876837050858 acc 70.31% eta 1:42:43
2023-04-07 22:35:47,742 - __main__ - INFO - [INFO] 2023-04-07 22:35:47.742689 Epoch [35/100] batch [257/391] loss 1.1416 lr 0.0740876837050858 acc 66.41% eta 1:41:55
2023-04-07 22:36:24,912 - __main__ - INFO - [INFO] 2023-04-07 22:36:24.912313 Epoch [35/100] batch [385/391] loss 1.1709 lr 0.0740876837050858 acc 65.62% eta 1:40:46
2023-04-07 22:36:26,486 - __main__ - INFO - Computing epoch 35 validation accuracy...
2023-04-07 22:36:33,664 - __main__ - INFO - Computing epoch 35 validation loss...
2023-04-07 22:36:41,020 - __main__ - INFO - [INFO] 2023-04-07 22:36:41.020555 Epoch [36/100] batch [1/391] loss 0.8481 lr 0.07269952498697738 acc 77.34% eta 1:42:29
2023-04-07 22:37:18,066 - __main__ - INFO - [INFO] 2023-04-07 22:37:18.066351 Epoch [36/100] batch [129/391] loss 1.1865 lr 0.07269952498697738 acc 69.53% eta 1:41:14
2023-04-07 22:37:55,282 - __main__ - INFO - [INFO] 2023-04-07 22:37:55.282416 Epoch [36/100] batch [257/391] loss 1.2607 lr 0.07269952498697738 acc 68.75% eta 1:40:20
2023-04-07 22:38:32,630 - __main__ - INFO - [INFO] 2023-04-07 22:38:32.630656 Epoch [36/100] batch [385/391] loss 1.1445 lr 0.07269952498697738 acc 69.53% eta 1:39:45
2023-04-07 22:38:34,234 - __main__ - INFO - Computing epoch 36 validation accuracy...
2023-04-07 22:38:41,180 - __main__ - INFO - Computing epoch 36 validation loss...
2023-04-07 22:38:48,363 - __main__ - INFO - [INFO] 2023-04-07 22:38:48.363707 Epoch [37/100] batch [1/391] loss 2.1387 lr 0.07128896457825366 acc 60.94% eta 1:36:00
2023-04-07 22:39:26,194 - __main__ - INFO - [INFO] 2023-04-07 22:39:26.194634 Epoch [37/100] batch [129/391] loss 1.1816 lr 0.07128896457825366 acc 63.28% eta 1:39:56
2023-04-07 22:40:04,560 - __main__ - INFO - [INFO] 2023-04-07 22:40:04.560337 Epoch [37/100] batch [257/391] loss 1.2012 lr 0.07128896457825366 acc 67.97% eta 1:40:12
2023-04-07 22:40:41,188 - __main__ - INFO - [INFO] 2023-04-07 22:40:41.188394 Epoch [37/100] batch [385/391] loss 1.1016 lr 0.07128896457825366 acc 70.31% eta 1:37:57
2023-04-07 22:40:42,849 - __main__ - INFO - Computing epoch 37 validation accuracy...
2023-04-07 22:40:49,847 - __main__ - INFO - Computing epoch 37 validation loss...
2023-04-07 22:40:57,229 - __main__ - INFO - [INFO] 2023-04-07 22:40:57.229223 Epoch [38/100] batch [1/391] loss 1.2471 lr 0.06985739453173906 acc 58.59% eta 1:40:33
2023-04-07 22:41:35,126 - __main__ - INFO - [INFO] 2023-04-07 22:41:35.126195 Epoch [38/100] batch [129/391] loss 1.0801 lr 0.06985739453173906 acc 71.09% eta 1:37:31
2023-04-07 22:42:11,811 - __main__ - INFO - [INFO] 2023-04-07 22:42:11.811287 Epoch [38/100] batch [257/391] loss 1.1865 lr 0.06985739453173906 acc 66.41% eta 1:36:24
2023-04-07 22:42:49,724 - __main__ - INFO - [INFO] 2023-04-07 22:42:49.723877 Epoch [38/100] batch [385/391] loss 0.9741 lr 0.06985739453173906 acc 71.88% eta 1:36:06
2023-04-07 22:42:51,297 - __main__ - INFO - Computing epoch 38 validation accuracy...
2023-04-07 22:42:58,413 - __main__ - INFO - Computing epoch 38 validation loss...
2023-04-07 22:43:05,715 - __main__ - INFO - [INFO] 2023-04-07 22:43:05.715594 Epoch [39/100] batch [1/391] loss 1.0400 lr 0.06840622763423394 acc 66.41% eta 1:41:07
2023-04-07 22:43:42,489 - __main__ - INFO - [INFO] 2023-04-07 22:43:42.488923 Epoch [39/100] batch [129/391] loss 0.9839 lr 0.06840622763423394 acc 71.09% eta 1:34:22
2023-04-07 22:44:19,650 - __main__ - INFO - [INFO] 2023-04-07 22:44:19.650257 Epoch [39/100] batch [257/391] loss 0.9092 lr 0.06840622763423394 acc 75.00% eta 1:33:58
2023-04-07 22:44:57,218 - __main__ - INFO - [INFO] 2023-04-07 22:44:57.218205 Epoch [39/100] batch [385/391] loss 1.1572 lr 0.06840622763423394 acc 72.66% eta 1:33:34
2023-04-07 22:44:58,890 - __main__ - INFO - Computing epoch 39 validation accuracy...
2023-04-07 22:45:05,882 - __main__ - INFO - Computing epoch 39 validation loss...
2023-04-07 22:45:13,218 - __main__ - INFO - [INFO] 2023-04-07 22:45:13.218118 Epoch [40/100] batch [1/391] loss 2.0547 lr 0.06693689601226462 acc 73.44% eta 1:38:43
2023-04-07 22:45:50,640 - __main__ - INFO - [INFO] 2023-04-07 22:45:50.639864 Epoch [40/100] batch [129/391] loss 1.0811 lr 0.06693689601226462 acc 74.22% eta 1:34:03
2023-04-07 22:46:27,592 - __main__ - INFO - [INFO] 2023-04-07 22:46:27.592103 Epoch [40/100] batch [257/391] loss 0.9775 lr 0.06693689601226462 acc 62.50% eta 1:32:53
2023-04-07 22:47:04,766 - __main__ - INFO - [INFO] 2023-04-07 22:47:04.766315 Epoch [40/100] batch [385/391] loss 1.1309 lr 0.06693689601226462 acc 68.75% eta 1:32:16
2023-04-07 22:47:06,472 - __main__ - INFO - Computing epoch 40 validation accuracy...
2023-04-07 22:47:13,456 - __main__ - INFO - Computing epoch 40 validation loss...
2023-04-07 22:47:20,822 - __main__ - INFO - [INFO] 2023-04-07 22:47:20.821839 Epoch [41/100] batch [1/391] loss 1.1064 lr 0.06545084971874741 acc 71.88% eta 1:36:43
2023-04-07 22:47:57,489 - __main__ - INFO - [INFO] 2023-04-07 22:47:57.489678 Epoch [41/100] batch [129/391] loss 1.1514 lr 0.06545084971874741 acc 71.88% eta 1:32:31
2023-04-07 22:48:35,124 - __main__ - INFO - [INFO] 2023-04-07 22:48:35.124560 Epoch [41/100] batch [257/391] loss 1.0850 lr 0.06545084971874741 acc 71.09% eta 1:32:37
2023-04-07 22:49:12,569 - __main__ - INFO - [INFO] 2023-04-07 22:49:12.569736 Epoch [41/100] batch [385/391] loss 1.0732 lr 0.06545084971874741 acc 69.53% eta 1:32:02
2023-04-07 22:49:14,292 - __main__ - INFO - Computing epoch 41 validation accuracy...
2023-04-07 22:49:21,206 - __main__ - INFO - Computing epoch 41 validation loss...
2023-04-07 22:49:28,513 - __main__ - INFO - [INFO] 2023-04-07 22:49:28.513398 Epoch [42/100] batch [1/391] loss 0.9756 lr 0.06394955530196152 acc 71.09% eta 1:38:07
2023-04-07 22:50:05,862 - __main__ - INFO - [INFO] 2023-04-07 22:50:05.862146 Epoch [42/100] batch [129/391] loss 1.2334 lr 0.06394955530196152 acc 63.28% eta 1:30:48
2023-04-07 22:50:43,277 - __main__ - INFO - [INFO] 2023-04-07 22:50:43.276995 Epoch [42/100] batch [257/391] loss 1.0898 lr 0.06394955530196152 acc 75.78% eta 1:29:39
2023-04-07 22:51:19,899 - __main__ - INFO - [INFO] 2023-04-07 22:51:19.899453 Epoch [42/100] batch [385/391] loss 1.3574 lr 0.06394955530196152 acc 67.19% eta 1:29:02
2023-04-07 22:51:21,591 - __main__ - INFO - Computing epoch 42 validation accuracy...
2023-04-07 22:51:28,583 - __main__ - INFO - Computing epoch 42 validation loss...
2023-04-07 22:51:35,765 - __main__ - INFO - [INFO] 2023-04-07 22:51:35.765384 Epoch [43/100] batch [1/391] loss 1.0215 lr 0.062434494358242776 acc 73.44% eta 1:32:33
2023-04-07 22:52:13,433 - __main__ - INFO - [INFO] 2023-04-07 22:52:13.433423 Epoch [43/100] batch [129/391] loss 0.9380 lr 0.062434494358242776 acc 73.44% eta 1:30:54
2023-04-07 22:52:50,616 - __main__ - INFO - [INFO] 2023-04-07 22:52:50.616673 Epoch [43/100] batch [257/391] loss 1.0801 lr 0.062434494358242776 acc 73.44% eta 1:28:56
2023-04-07 22:53:27,940 - __main__ - INFO - [INFO] 2023-04-07 22:53:27.940604 Epoch [43/100] batch [385/391] loss 0.9238 lr 0.062434494358242776 acc 75.78% eta 1:28:13
2023-04-07 22:53:29,591 - __main__ - INFO - Computing epoch 43 validation accuracy...
2023-04-07 22:53:36,714 - __main__ - INFO - Computing epoch 43 validation loss...
2023-04-07 22:53:44,094 - __main__ - INFO - [INFO] 2023-04-07 22:53:44.094309 Epoch [44/100] batch [1/391] loss 1.9932 lr 0.06090716206982718 acc 70.31% eta 1:29:28
2023-04-07 22:54:20,899 - __main__ - INFO - [INFO] 2023-04-07 22:54:20.899031 Epoch [44/100] batch [129/391] loss 1.2354 lr 0.06090716206982718 acc 75.00% eta 1:26:15
2023-04-07 22:54:58,220 - __main__ - INFO - [INFO] 2023-04-07 22:54:58.220691 Epoch [44/100] batch [257/391] loss 0.9111 lr 0.06090716206982718 acc 76.56% eta 1:26:37
2023-04-07 22:55:35,768 - __main__ - INFO - [INFO] 2023-04-07 22:55:35.768432 Epoch [44/100] batch [385/391] loss 0.9985 lr 0.06090716206982718 acc 71.88% eta 1:26:47
2023-04-07 22:55:37,493 - __main__ - INFO - Computing epoch 44 validation accuracy...
2023-04-07 22:55:44,554 - __main__ - INFO - Computing epoch 44 validation loss...
2023-04-07 22:55:52,086 - __main__ - INFO - [INFO] 2023-04-07 22:55:52.086721 Epoch [45/100] batch [1/391] loss 1.9434 lr 0.05936906572928628 acc 70.31% eta 1:37:50
2023-04-07 22:56:27,811 - __main__ - INFO - [INFO] 2023-04-07 22:56:27.811483 Epoch [45/100] batch [129/391] loss 1.0000 lr 0.05936906572928628 acc 71.09% eta 1:22:42
2023-04-07 22:57:03,078 - __main__ - INFO - [INFO] 2023-04-07 22:57:03.078080 Epoch [45/100] batch [257/391] loss 1.4170 lr 0.05936906572928628 acc 69.53% eta 1:21:36
2023-04-07 22:57:40,150 - __main__ - INFO - [INFO] 2023-04-07 22:57:40.150535 Epoch [45/100] batch [385/391] loss 1.0488 lr 0.05936906572928628 acc 69.53% eta 1:22:42
2023-04-07 22:57:41,834 - __main__ - INFO - Computing epoch 45 validation accuracy...
2023-04-07 22:57:48,798 - __main__ - INFO - Computing epoch 45 validation loss...
2023-04-07 22:57:56,076 - __main__ - INFO - [INFO] 2023-04-07 22:57:56.075803 Epoch [46/100] batch [1/391] loss 0.9448 lr 0.05782172325201159 acc 71.09% eta 1:26:20
2023-04-07 22:58:33,182 - __main__ - INFO - [INFO] 2023-04-07 22:58:33.182690 Epoch [46/100] batch [129/391] loss 1.1104 lr 0.05782172325201159 acc 64.06% eta 1:25:19
2023-04-07 22:59:09,946 - __main__ - INFO - [INFO] 2023-04-07 22:59:09.946689 Epoch [46/100] batch [257/391] loss 0.8877 lr 0.05782172325201159 acc 82.03% eta 1:23:31
2023-04-07 22:59:47,530 - __main__ - INFO - [INFO] 2023-04-07 22:59:47.529928 Epoch [46/100] batch [385/391] loss 0.9136 lr 0.05782172325201159 acc 81.25% eta 1:23:08
2023-04-07 22:59:49,209 - __main__ - INFO - Computing epoch 46 validation accuracy...
2023-04-07 22:59:56,266 - __main__ - INFO - Computing epoch 46 validation loss...
2023-04-07 23:00:03,729 - __main__ - INFO - [INFO] 2023-04-07 23:00:03.729239 Epoch [47/100] batch [1/391] loss 0.7891 lr 0.056266661678215264 acc 80.47% eta 1:20:43
2023-04-07 23:00:41,411 - __main__ - INFO - [INFO] 2023-04-07 23:00:41.411526 Epoch [47/100] batch [129/391] loss 0.7280 lr 0.056266661678215264 acc 77.34% eta 1:23:08
2023-04-07 23:01:18,479 - __main__ - INFO - [INFO] 2023-04-07 23:01:18.479512 Epoch [47/100] batch [257/391] loss 0.8228 lr 0.056266661678215264 acc 82.03% eta 1:22:07
2023-04-07 23:01:55,831 - __main__ - INFO - [INFO] 2023-04-07 23:01:55.831593 Epoch [47/100] batch [385/391] loss 1.0918 lr 0.056266661678215264 acc 71.88% eta 1:21:41
2023-04-07 23:01:57,535 - __main__ - INFO - Computing epoch 47 validation accuracy...
2023-04-07 23:02:04,405 - __main__ - INFO - Computing epoch 47 validation loss...
2023-04-07 23:02:11,742 - __main__ - INFO - [INFO] 2023-04-07 23:02:11.741839 Epoch [48/100] batch [1/391] loss 0.7812 lr 0.05470541566592575 acc 77.34% eta 1:25:13
2023-04-07 23:02:49,191 - __main__ - INFO - [INFO] 2023-04-07 23:02:49.191462 Epoch [48/100] batch [129/391] loss 1.0498 lr 0.05470541566592575 acc 69.53% eta 1:21:57
2023-04-07 23:03:26,268 - __main__ - INFO - [INFO] 2023-04-07 23:03:26.268327 Epoch [48/100] batch [257/391] loss 0.9468 lr 0.05470541566592575 acc 74.22% eta 1:21:02
2023-04-07 23:04:03,661 - __main__ - INFO - [INFO] 2023-04-07 23:04:03.661167 Epoch [48/100] batch [385/391] loss 0.9448 lr 0.05470541566592575 acc 73.44% eta 1:20:29
2023-04-07 23:04:05,364 - __main__ - INFO - Computing epoch 48 validation accuracy...
2023-04-07 23:04:12,452 - __main__ - INFO - Computing epoch 48 validation loss...
2023-04-07 23:04:19,790 - __main__ - INFO - [INFO] 2023-04-07 23:04:19.790648 Epoch [49/100] batch [1/391] loss 1.9307 lr 0.053139525976465714 acc 74.22% eta 1:29:11
2023-04-07 23:04:57,209 - __main__ - INFO - [INFO] 2023-04-07 23:04:57.209339 Epoch [49/100] batch [129/391] loss 1.0176 lr 0.053139525976465714 acc 78.91% eta 1:20:58
2023-04-07 23:05:34,645 - __main__ - INFO - [INFO] 2023-04-07 23:05:34.644888 Epoch [49/100] batch [257/391] loss 0.7881 lr 0.053139525976465714 acc 80.47% eta 1:19:39
2023-04-07 23:06:12,027 - __main__ - INFO - [INFO] 2023-04-07 23:06:12.026843 Epoch [49/100] batch [385/391] loss 0.9668 lr 0.053139525976465714 acc 80.47% eta 1:18:50
2023-04-07 23:06:13,795 - __main__ - INFO - Computing epoch 49 validation accuracy...
2023-04-07 23:06:20,861 - __main__ - INFO - Computing epoch 49 validation loss...
2023-04-07 23:06:28,384 - __main__ - INFO - [INFO] 2023-04-07 23:06:28.384303 Epoch [50/100] batch [1/391] loss 0.8682 lr 0.05157053795390645 acc 72.66% eta 1:24:09
2023-04-07 23:07:05,035 - __main__ - INFO - [INFO] 2023-04-07 23:07:05.034833 Epoch [50/100] batch [129/391] loss 0.9937 lr 0.05157053795390645 acc 72.66% eta 1:18:18
2023-04-07 23:07:42,719 - __main__ - INFO - [INFO] 2023-04-07 23:07:42.719672 Epoch [50/100] batch [257/391] loss 1.0566 lr 0.05157053795390645 acc 69.53% eta 1:17:49
2023-04-07 23:08:20,028 - __main__ - INFO - [INFO] 2023-04-07 23:08:20.028522 Epoch [50/100] batch [385/391] loss 0.8042 lr 0.05157053795390645 acc 80.47% eta 1:17:11
2023-04-07 23:08:21,715 - __main__ - INFO - Computing epoch 50 validation accuracy...
2023-04-07 23:08:28,767 - __main__ - INFO - Computing epoch 50 validation loss...
2023-04-07 23:08:36,104 - __main__ - INFO - [INFO] 2023-04-07 23:08:36.104111 Epoch [51/100] batch [1/391] loss 0.7822 lr 0.05000000000000004 acc 77.34% eta 1:17:36
2023-04-07 23:09:13,161 - __main__ - INFO - [INFO] 2023-04-07 23:09:13.161309 Epoch [51/100] batch [129/391] loss 0.9414 lr 0.05000000000000004 acc 76.56% eta 1:16:42
2023-04-07 23:09:50,693 - __main__ - INFO - [INFO] 2023-04-07 23:09:50.693579 Epoch [51/100] batch [257/391] loss 0.9131 lr 0.05000000000000004 acc 77.34% eta 1:16:00
2023-04-07 23:10:28,537 - __main__ - INFO - [INFO] 2023-04-07 23:10:28.537592 Epoch [51/100] batch [385/391] loss 0.7129 lr 0.05000000000000004 acc 82.81% eta 1:15:53
2023-04-07 23:10:30,127 - __main__ - INFO - Computing epoch 51 validation accuracy...
2023-04-07 23:10:37,224 - __main__ - INFO - Computing epoch 51 validation loss...
2023-04-07 23:10:44,585 - __main__ - INFO - [INFO] 2023-04-07 23:10:44.585003 Epoch [52/100] batch [1/391] loss 1.9150 lr 0.04842946204609362 acc 77.34% eta 1:12:31
2023-04-07 23:11:22,706 - __main__ - INFO - [INFO] 2023-04-07 23:11:22.706627 Epoch [52/100] batch [129/391] loss 0.8247 lr 0.04842946204609362 acc 78.12% eta 1:16:24
2023-04-07 23:12:00,272 - __main__ - INFO - [INFO] 2023-04-07 23:12:00.272776 Epoch [52/100] batch [257/391] loss 1.0312 lr 0.04842946204609362 acc 73.44% eta 1:15:07
2023-04-07 23:12:38,037 - __main__ - INFO - [INFO] 2023-04-07 23:12:38.036909 Epoch [52/100] batch [385/391] loss 0.8594 lr 0.04842946204609362 acc 77.34% eta 1:14:36
2023-04-07 23:12:39,705 - __main__ - INFO - Computing epoch 52 validation accuracy...
2023-04-07 23:12:46,715 - __main__ - INFO - Computing epoch 52 validation loss...
2023-04-07 23:12:53,876 - __main__ - INFO - [INFO] 2023-04-07 23:12:53.876081 Epoch [53/100] batch [1/391] loss 1.7793 lr 0.04686047402353437 acc 81.25% eta 1:19:38
2023-04-07 23:13:31,165 - __main__ - INFO - [INFO] 2023-04-07 23:13:31.164961 Epoch [53/100] batch [129/391] loss 0.7520 lr 0.04686047402353437 acc 78.12% eta 1:15:12
2023-04-07 23:14:08,779 - __main__ - INFO - [INFO] 2023-04-07 23:14:08.779408 Epoch [53/100] batch [257/391] loss 0.6650 lr 0.04686047402353437 acc 85.16% eta 1:13:39
2023-04-07 23:14:46,376 - __main__ - INFO - [INFO] 2023-04-07 23:14:46.376745 Epoch [53/100] batch [385/391] loss 0.8950 lr 0.04686047402353437 acc 80.47% eta 1:13:20
2023-04-07 23:14:48,051 - __main__ - INFO - Computing epoch 53 validation accuracy...
2023-04-07 23:14:55,098 - __main__ - INFO - Computing epoch 53 validation loss...
2023-04-07 23:15:02,414 - __main__ - INFO - [INFO] 2023-04-07 23:15:02.414707 Epoch [54/100] batch [1/391] loss 1.7422 lr 0.045294584334074316 acc 75.78% eta 1:18:34
2023-04-07 23:15:39,989 - __main__ - INFO - [INFO] 2023-04-07 23:15:39.989180 Epoch [54/100] batch [129/391] loss 0.8223 lr 0.045294584334074316 acc 82.03% eta 1:12:18
2023-04-07 23:16:17,449 - __main__ - INFO - [INFO] 2023-04-07 23:16:17.448927 Epoch [54/100] batch [257/391] loss 0.8174 lr 0.045294584334074316 acc 78.91% eta 1:11:51
2023-04-07 23:16:54,699 - __main__ - INFO - [INFO] 2023-04-07 23:16:54.699564 Epoch [54/100] batch [385/391] loss 0.8940 lr 0.045294584334074316 acc 75.00% eta 1:11:13
2023-04-07 23:16:56,356 - __main__ - INFO - Computing epoch 54 validation accuracy...
2023-04-07 23:17:03,305 - __main__ - INFO - Computing epoch 54 validation loss...
2023-04-07 23:17:10,723 - __main__ - INFO - [INFO] 2023-04-07 23:17:10.723702 Epoch [55/100] batch [1/391] loss 1.6953 lr 0.043733338321784825 acc 71.88% eta 1:17:48
2023-04-07 23:17:48,062 - __main__ - INFO - [INFO] 2023-04-07 23:17:48.062335 Epoch [55/100] batch [129/391] loss 0.8271 lr 0.043733338321784825 acc 78.91% eta 1:11:11
2023-04-07 23:18:25,412 - __main__ - INFO - [INFO] 2023-04-07 23:18:25.412130 Epoch [55/100] batch [257/391] loss 1.0312 lr 0.043733338321784825 acc 75.00% eta 1:10:13
2023-04-07 23:19:03,058 - __main__ - INFO - [INFO] 2023-04-07 23:19:03.058016 Epoch [55/100] batch [385/391] loss 0.8091 lr 0.043733338321784825 acc 80.47% eta 1:09:50
2023-04-07 23:19:04,740 - __main__ - INFO - Computing epoch 55 validation accuracy...
2023-04-07 23:19:11,826 - __main__ - INFO - Computing epoch 55 validation loss...
2023-04-07 23:19:19,249 - __main__ - INFO - [INFO] 2023-04-07 23:19:19.249270 Epoch [56/100] batch [1/391] loss 0.8354 lr 0.042178276747988484 acc 78.12% eta 1:14:04
2023-04-07 23:19:56,494 - __main__ - INFO - [INFO] 2023-04-07 23:19:56.494536 Epoch [56/100] batch [129/391] loss 1.0713 lr 0.042178276747988484 acc 75.78% eta 1:09:28
2023-04-07 23:20:34,047 - __main__ - INFO - [INFO] 2023-04-07 23:20:34.047402 Epoch [56/100] batch [257/391] loss 0.8071 lr 0.042178276747988484 acc 81.25% eta 1:08:43
2023-04-07 23:21:11,794 - __main__ - INFO - [INFO] 2023-04-07 23:21:11.794589 Epoch [56/100] batch [385/391] loss 0.8398 lr 0.042178276747988484 acc 83.59% eta 1:08:21
2023-04-07 23:21:13,542 - __main__ - INFO - Computing epoch 56 validation accuracy...
2023-04-07 23:21:20,420 - __main__ - INFO - Computing epoch 56 validation loss...
2023-04-07 23:21:27,677 - __main__ - INFO - [INFO] 2023-04-07 23:21:27.676843 Epoch [57/100] batch [1/391] loss 0.7280 lr 0.0406309342707138 acc 84.38% eta 1:10:49
2023-04-07 23:22:05,387 - __main__ - INFO - [INFO] 2023-04-07 23:22:05.387335 Epoch [57/100] batch [129/391] loss 0.8120 lr 0.0406309342707138 acc 79.69% eta 1:07:51
2023-04-07 23:22:42,727 - __main__ - INFO - [INFO] 2023-04-07 23:22:42.726992 Epoch [57/100] batch [257/391] loss 0.7236 lr 0.0406309342707138 acc 82.81% eta 1:07:03
2023-04-07 23:23:20,199 - __main__ - INFO - [INFO] 2023-04-07 23:23:20.199018 Epoch [57/100] batch [385/391] loss 0.9165 lr 0.0406309342707138 acc 77.34% eta 1:06:46
2023-04-07 23:23:21,926 - __main__ - INFO - Computing epoch 57 validation accuracy...
2023-04-07 23:23:28,979 - __main__ - INFO - Computing epoch 57 validation loss...
2023-04-07 23:23:36,052 - __main__ - INFO - [INFO] 2023-04-07 23:23:36.051979 Epoch [58/100] batch [1/391] loss 1.7656 lr 0.039092837930172916 acc 81.25% eta 1:16:04
2023-04-07 23:24:13,779 - __main__ - INFO - [INFO] 2023-04-07 23:24:13.779236 Epoch [58/100] batch [129/391] loss 0.6274 lr 0.039092837930172916 acc 85.16% eta 1:07:34
2023-04-07 23:24:51,030 - __main__ - INFO - [INFO] 2023-04-07 23:24:51.030629 Epoch [58/100] batch [257/391] loss 0.8501 lr 0.039092837930172916 acc 77.34% eta 1:06:23
2023-04-07 23:25:28,201 - __main__ - INFO - [INFO] 2023-04-07 23:25:28.201138 Epoch [58/100] batch [385/391] loss 0.7485 lr 0.039092837930172916 acc 81.25% eta 1:05:28
2023-04-07 23:25:29,892 - __main__ - INFO - Computing epoch 58 validation accuracy...
2023-04-07 23:25:36,816 - __main__ - INFO - Computing epoch 58 validation loss...
2023-04-07 23:25:44,177 - __main__ - INFO - [INFO] 2023-04-07 23:25:44.177555 Epoch [59/100] batch [1/391] loss 0.6758 lr 0.037565505641757285 acc 84.38% eta 1:10:02
2023-04-07 23:26:21,232 - __main__ - INFO - [INFO] 2023-04-07 23:26:21.231826 Epoch [59/100] batch [129/391] loss 0.7285 lr 0.037565505641757285 acc 78.91% eta 1:04:19
2023-04-07 23:26:57,819 - __main__ - INFO - [INFO] 2023-04-07 23:26:57.818800 Epoch [59/100] batch [257/391] loss 0.7407 lr 0.037565505641757285 acc 82.81% eta 1:02:53
2023-04-07 23:27:35,492 - __main__ - INFO - [INFO] 2023-04-07 23:27:35.492482 Epoch [59/100] batch [385/391] loss 0.6597 lr 0.037565505641757285 acc 76.56% eta 1:02:50
2023-04-07 23:27:37,233 - __main__ - INFO - Computing epoch 59 validation accuracy...
2023-04-07 23:27:44,173 - __main__ - INFO - Computing epoch 59 validation loss...
2023-04-07 23:27:51,492 - __main__ - INFO - [INFO] 2023-04-07 23:27:51.491815 Epoch [60/100] batch [1/391] loss 1.6406 lr 0.03605044469803857 acc 78.12% eta 1:12:00
2023-04-07 23:28:28,894 - __main__ - INFO - [INFO] 2023-04-07 23:28:28.894464 Epoch [60/100] batch [129/391] loss 0.8936 lr 0.03605044469803857 acc 79.69% eta 1:03:15
2023-04-07 23:29:06,105 - __main__ - INFO - [INFO] 2023-04-07 23:29:06.105744 Epoch [60/100] batch [257/391] loss 0.5659 lr 0.03605044469803857 acc 91.41% eta 1:02:28
2023-04-07 23:29:43,493 - __main__ - INFO - [INFO] 2023-04-07 23:29:43.493186 Epoch [60/100] batch [385/391] loss 0.6875 lr 0.03605044469803857 acc 87.50% eta 1:01:51
2023-04-07 23:29:45,130 - __main__ - INFO - Computing epoch 60 validation accuracy...
2023-04-07 23:29:52,193 - __main__ - INFO - Computing epoch 60 validation loss...
2023-04-07 23:29:59,513 - __main__ - INFO - [INFO] 2023-04-07 23:29:59.513589 Epoch [61/100] batch [1/391] loss 0.5483 lr 0.034549150281252675 acc 76.56% eta 1:04:07
2023-04-07 23:30:37,234 - __main__ - INFO - [INFO] 2023-04-07 23:30:37.233846 Epoch [61/100] batch [129/391] loss 0.5405 lr 0.034549150281252675 acc 84.38% eta 1:01:13
2023-04-07 23:31:14,478 - __main__ - INFO - [INFO] 2023-04-07 23:31:14.477976 Epoch [61/100] batch [257/391] loss 0.5864 lr 0.034549150281252675 acc 88.28% eta 1:00:41
2023-04-07 23:31:51,732 - __main__ - INFO - [INFO] 2023-04-07 23:31:51.731831 Epoch [61/100] batch [385/391] loss 0.7227 lr 0.034549150281252675 acc 79.69% eta 0:59:53
2023-04-07 23:31:53,339 - __main__ - INFO - Computing epoch 61 validation accuracy...
2023-04-07 23:32:00,187 - __main__ - INFO - Computing epoch 61 validation loss...
2023-04-07 23:32:07,560 - __main__ - INFO - [INFO] 2023-04-07 23:32:07.559817 Epoch [62/100] batch [1/391] loss 1.6836 lr 0.03306310398773546 acc 79.69% eta 1:09:31
2023-04-07 23:32:44,857 - __main__ - INFO - [INFO] 2023-04-07 23:32:44.857567 Epoch [62/100] batch [129/391] loss 0.8110 lr 0.03306310398773546 acc 83.59% eta 0:59:35
2023-04-07 23:33:22,246 - __main__ - INFO - [INFO] 2023-04-07 23:33:22.246785 Epoch [62/100] batch [257/391] loss 0.6006 lr 0.03306310398773546 acc 88.28% eta 0:58:49
2023-04-07 23:33:59,444 - __main__ - INFO - [INFO] 2023-04-07 23:33:59.444299 Epoch [62/100] batch [385/391] loss 0.6465 lr 0.03306310398773546 acc 82.81% eta 0:58:18
2023-04-07 23:34:01,123 - __main__ - INFO - Computing epoch 62 validation accuracy...
2023-04-07 23:34:08,166 - __main__ - INFO - Computing epoch 62 validation loss...
2023-04-07 23:34:15,271 - __main__ - INFO - [INFO] 2023-04-07 23:34:15.271281 Epoch [63/100] batch [1/391] loss 1.6240 lr 0.031593772365766146 acc 85.16% eta 1:02:18
2023-04-07 23:34:52,805 - __main__ - INFO - [INFO] 2023-04-07 23:34:52.805253 Epoch [63/100] batch [129/391] loss 0.8149 lr 0.031593772365766146 acc 82.81% eta 0:59:48
2023-04-07 23:35:29,998 - __main__ - INFO - [INFO] 2023-04-07 23:35:29.997807 Epoch [63/100] batch [257/391] loss 0.5981 lr 0.031593772365766146 acc 89.06% eta 0:58:30
2023-04-07 23:36:07,527 - __main__ - INFO - [INFO] 2023-04-07 23:36:07.527739 Epoch [63/100] batch [385/391] loss 0.7837 lr 0.031593772365766146 acc 83.59% eta 0:57:46
2023-04-07 23:36:09,342 - __main__ - INFO - Computing epoch 63 validation accuracy...
2023-04-07 23:36:16,364 - __main__ - INFO - Computing epoch 63 validation loss...
2023-04-07 23:36:23,657 - __main__ - INFO - [INFO] 2023-04-07 23:36:23.657065 Epoch [64/100] batch [1/391] loss 1.5859 lr 0.030142605468260992 acc 86.72% eta 1:05:04
2023-04-07 23:37:00,804 - __main__ - INFO - [INFO] 2023-04-07 23:37:00.804118 Epoch [64/100] batch [129/391] loss 0.5273 lr 0.030142605468260992 acc 85.94% eta 0:56:55
2023-04-07 23:37:37,443 - __main__ - INFO - [INFO] 2023-04-07 23:37:37.443239 Epoch [64/100] batch [257/391] loss 0.7085 lr 0.030142605468260992 acc 82.03% eta 0:56:02
2023-04-07 23:38:14,459 - __main__ - INFO - [INFO] 2023-04-07 23:38:14.459698 Epoch [64/100] batch [385/391] loss 0.6934 lr 0.030142605468260992 acc 83.59% eta 0:55:23
2023-04-07 23:38:16,153 - __main__ - INFO - Computing epoch 64 validation accuracy...
2023-04-07 23:38:23,264 - __main__ - INFO - Computing epoch 64 validation loss...
2023-04-07 23:38:30,561 - __main__ - INFO - [INFO] 2023-04-07 23:38:30.560870 Epoch [65/100] batch [1/391] loss 0.5112 lr 0.028711035421746394 acc 89.84% eta 0:59:45
2023-04-07 23:39:07,597 - __main__ - INFO - [INFO] 2023-04-07 23:39:07.597072 Epoch [65/100] batch [129/391] loss 0.5420 lr 0.028711035421746394 acc 89.06% eta 0:54:43
2023-04-07 23:39:45,026 - __main__ - INFO - [INFO] 2023-04-07 23:39:45.026603 Epoch [65/100] batch [257/391] loss 0.4573 lr 0.028711035421746394 acc 93.75% eta 0:54:06
2023-04-07 23:40:21,922 - __main__ - INFO - [INFO] 2023-04-07 23:40:21.922075 Epoch [65/100] batch [385/391] loss 0.6533 lr 0.028711035421746394 acc 86.72% eta 0:53:30
2023-04-07 23:40:23,601 - __main__ - INFO - Computing epoch 65 validation accuracy...
2023-04-07 23:40:30,654 - __main__ - INFO - Computing epoch 65 validation loss...
2023-04-07 23:40:38,057 - __main__ - INFO - [INFO] 2023-04-07 23:40:38.057155 Epoch [66/100] batch [1/391] loss 0.5000 lr 0.027300475013022688 acc 89.06% eta 0:55:34
2023-04-07 23:41:15,486 - __main__ - INFO - [INFO] 2023-04-07 23:41:15.485833 Epoch [66/100] batch [129/391] loss 0.3845 lr 0.027300475013022688 acc 89.84% eta 0:54:03
2023-04-07 23:41:53,001 - __main__ - INFO - [INFO] 2023-04-07 23:41:53.000983 Epoch [66/100] batch [257/391] loss 0.5645 lr 0.027300475013022688 acc 90.62% eta 0:53:25
2023-04-07 23:42:30,804 - __main__ - INFO - [INFO] 2023-04-07 23:42:30.804201 Epoch [66/100] batch [385/391] loss 0.5532 lr 0.027300475013022688 acc 89.06% eta 0:52:59
2023-04-07 23:42:32,435 - __main__ - INFO - Computing epoch 66 validation accuracy...
2023-04-07 23:42:39,249 - __main__ - INFO - Computing epoch 66 validation loss...
2023-04-07 23:42:46,595 - __main__ - INFO - [INFO] 2023-04-07 23:42:46.595282 Epoch [67/100] batch [1/391] loss 1.5381 lr 0.025912316294914254 acc 86.72% eta 1:00:48
2023-04-07 23:43:24,678 - __main__ - INFO - [INFO] 2023-04-07 23:43:24.678692 Epoch [67/100] batch [129/391] loss 0.4001 lr 0.025912316294914254 acc 89.06% eta 0:52:48
2023-04-07 23:44:02,259 - __main__ - INFO - [INFO] 2023-04-07 23:44:02.259392 Epoch [67/100] batch [257/391] loss 0.3738 lr 0.025912316294914254 acc 89.06% eta 0:52:05
2023-04-07 23:44:39,987 - __main__ - INFO - [INFO] 2023-04-07 23:44:39.987663 Epoch [67/100] batch [385/391] loss 0.6504 lr 0.025912316294914254 acc 80.47% eta 0:51:39
2023-04-07 23:44:41,666 - __main__ - INFO - Computing epoch 67 validation accuracy...
2023-04-07 23:44:48,585 - __main__ - INFO - Computing epoch 67 validation loss...
2023-04-07 23:44:55,688 - __main__ - INFO - [INFO] 2023-04-07 23:44:55.688665 Epoch [68/100] batch [1/391] loss 0.5200 lr 0.02454792921248146 acc 82.81% eta 0:54:19
2023-04-07 23:45:33,275 - __main__ - INFO - [INFO] 2023-04-07 23:45:33.275702 Epoch [68/100] batch [129/391] loss 0.4451 lr 0.02454792921248146 acc 88.28% eta 0:51:10
2023-04-07 23:46:09,921 - __main__ - INFO - [INFO] 2023-04-07 23:46:09.920843 Epoch [68/100] batch [257/391] loss 0.5298 lr 0.02454792921248146 acc 88.28% eta 0:49:51
2023-04-07 23:46:47,047 - __main__ - INFO - [INFO] 2023-04-07 23:46:47.046932 Epoch [68/100] batch [385/391] loss 0.4490 lr 0.02454792921248146 acc 88.28% eta 0:49:08
2023-04-07 23:46:48,700 - __main__ - INFO - Computing epoch 68 validation accuracy...
2023-04-07 23:46:55,792 - __main__ - INFO - Computing epoch 68 validation loss...
2023-04-07 23:47:03,075 - __main__ - INFO - [INFO] 2023-04-07 23:47:03.075796 Epoch [69/100] batch [1/391] loss 0.3333 lr 0.02320866025105018 acc 90.62% eta 0:51:47
2023-04-07 23:47:40,447 - __main__ - INFO - [INFO] 2023-04-07 23:47:40.447509 Epoch [69/100] batch [129/391] loss 0.3833 lr 0.02320866025105018 acc 92.19% eta 0:49:26
2023-04-07 23:48:17,349 - __main__ - INFO - [INFO] 2023-04-07 23:48:17.349733 Epoch [69/100] batch [257/391] loss 0.5908 lr 0.02320866025105018 acc 87.50% eta 0:48:15
2023-04-07 23:48:54,553 - __main__ - INFO - [INFO] 2023-04-07 23:48:54.553023 Epoch [69/100] batch [385/391] loss 0.4343 lr 0.02320866025105018 acc 92.97% eta 0:47:44
2023-04-07 23:48:56,287 - __main__ - INFO - Computing epoch 69 validation accuracy...
2023-04-07 23:49:03,355 - __main__ - INFO - Computing epoch 69 validation loss...
2023-04-07 23:49:10,683 - __main__ - INFO - [INFO] 2023-04-07 23:49:10.683014 Epoch [70/100] batch [1/391] loss 1.4404 lr 0.021895831107393487 acc 91.41% eta 0:52:54
2023-04-07 23:49:48,274 - __main__ - INFO - [INFO] 2023-04-07 23:49:48.273845 Epoch [70/100] batch [129/391] loss 0.5112 lr 0.021895831107393487 acc 89.84% eta 0:47:59
2023-04-07 23:50:25,307 - __main__ - INFO - [INFO] 2023-04-07 23:50:25.307385 Epoch [70/100] batch [257/391] loss 0.4629 lr 0.021895831107393487 acc 89.84% eta 0:47:11
2023-04-07 23:51:02,545 - __main__ - INFO - [INFO] 2023-04-07 23:51:02.545133 Epoch [70/100] batch [385/391] loss 0.4822 lr 0.021895831107393487 acc 89.84% eta 0:46:30
2023-04-07 23:51:04,325 - __main__ - INFO - Computing epoch 70 validation accuracy...
2023-04-07 23:51:11,379 - __main__ - INFO - Computing epoch 70 validation loss...
2023-04-07 23:51:18,760 - __main__ - INFO - [INFO] 2023-04-07 23:51:18.760635 Epoch [71/100] batch [1/391] loss 0.3049 lr 0.02061073738537637 acc 95.31% eta 0:48:22
2023-04-07 23:51:55,933 - __main__ - INFO - [INFO] 2023-04-07 23:51:55.933610 Epoch [71/100] batch [129/391] loss 0.3547 lr 0.02061073738537637 acc 92.97% eta 0:45:36
2023-04-07 23:52:32,716 - __main__ - INFO - [INFO] 2023-04-07 23:52:32.716625 Epoch [71/100] batch [257/391] loss 0.3347 lr 0.02061073738537637 acc 90.62% eta 0:45:02
2023-04-07 23:53:10,097 - __main__ - INFO - [INFO] 2023-04-07 23:53:10.097458 Epoch [71/100] batch [385/391] loss 0.5405 lr 0.02061073738537637 acc 88.28% eta 0:44:32
2023-04-07 23:53:11,715 - __main__ - INFO - Computing epoch 71 validation accuracy...
2023-04-07 23:53:18,661 - __main__ - INFO - Computing epoch 71 validation loss...
2023-04-07 23:53:25,959 - __main__ - INFO - [INFO] 2023-04-07 23:53:25.959670 Epoch [72/100] batch [1/391] loss 0.2610 lr 0.01935464731735119 acc 96.09% eta 0:48:29
2023-04-07 23:54:03,541 - __main__ - INFO - [INFO] 2023-04-07 23:54:03.540876 Epoch [72/100] batch [129/391] loss 0.2837 lr 0.01935464731735119 acc 93.75% eta 0:44:34
2023-04-07 23:54:40,747 - __main__ - INFO - [INFO] 2023-04-07 23:54:40.747461 Epoch [72/100] batch [257/391] loss 0.3372 lr 0.01935464731735119 acc 91.41% eta 0:44:03
2023-04-07 23:55:18,322 - __main__ - INFO - [INFO] 2023-04-07 23:55:18.322716 Epoch [72/100] batch [385/391] loss 0.3538 lr 0.01935464731735119 acc 92.97% eta 0:43:21
2023-04-07 23:55:19,968 - __main__ - INFO - Computing epoch 72 validation accuracy...
2023-04-07 23:55:26,992 - __main__ - INFO - Computing epoch 72 validation loss...
2023-04-07 23:55:34,093 - __main__ - INFO - [INFO] 2023-04-07 23:55:34.093499 Epoch [73/100] batch [1/391] loss 0.2810 lr 0.018128800512565532 acc 93.75% eta 0:40:39
2023-04-07 23:56:11,789 - __main__ - INFO - [INFO] 2023-04-07 23:56:11.788809 Epoch [73/100] batch [129/391] loss 0.3213 lr 0.018128800512565532 acc 96.09% eta 0:43:06
2023-04-07 23:56:48,954 - __main__ - INFO - [INFO] 2023-04-07 23:56:48.954617 Epoch [73/100] batch [257/391] loss 0.2424 lr 0.018128800512565532 acc 97.66% eta 0:42:06
2023-04-07 23:57:26,021 - __main__ - INFO - [INFO] 2023-04-07 23:57:26.020988 Epoch [73/100] batch [385/391] loss 0.4238 lr 0.018128800512565532 acc 85.94% eta 0:41:31
2023-04-07 23:57:27,721 - __main__ - INFO - Computing epoch 73 validation accuracy...
2023-04-07 23:57:34,775 - __main__ - INFO - Computing epoch 73 validation loss...
2023-04-07 23:57:42,088 - __main__ - INFO - [INFO] 2023-04-07 23:57:42.088231 Epoch [74/100] batch [1/391] loss 1.3418 lr 0.016934406733817433 acc 87.50% eta 0:45:23
2023-04-07 23:58:19,301 - __main__ - INFO - [INFO] 2023-04-07 23:58:19.300868 Epoch [74/100] batch [129/391] loss 0.3308 lr 0.016934406733817433 acc 96.88% eta 0:41:26
2023-04-07 23:58:57,122 - __main__ - INFO - [INFO] 2023-04-07 23:58:57.122439 Epoch [74/100] batch [257/391] loss 0.4004 lr 0.016934406733817433 acc 94.53% eta 0:40:55
2023-04-07 23:59:33,697 - __main__ - INFO - [INFO] 2023-04-07 23:59:33.696594 Epoch [74/100] batch [385/391] loss 0.3901 lr 0.016934406733817433 acc 92.97% eta 0:40:02
2023-04-07 23:59:35,461 - __main__ - INFO - Computing epoch 74 validation accuracy...
2023-04-07 23:59:42,583 - __main__ - INFO - Computing epoch 74 validation loss...
2023-04-07 23:59:49,954 - __main__ - INFO - [INFO] 2023-04-07 23:59:49.953865 Epoch [75/100] batch [1/391] loss 0.3833 lr 0.01577264470356558 acc 93.75% eta 0:43:54
2023-04-08 00:00:26,988 - __main__ - INFO - [INFO] 2023-04-08 00:00:26.988798 Epoch [75/100] batch [129/391] loss 0.2976 lr 0.01577264470356558 acc 91.41% eta 0:39:14
2023-04-08 00:01:03,971 - __main__ - INFO - [INFO] 2023-04-08 00:01:03.971379 Epoch [75/100] batch [257/391] loss 0.2795 lr 0.01577264470356558 acc 94.53% eta 0:38:44
2023-04-08 00:01:40,955 - __main__ - INFO - [INFO] 2023-04-08 00:01:40.955486 Epoch [75/100] batch [385/391] loss 0.3245 lr 0.01577264470356558 acc 95.31% eta 0:38:16
2023-04-08 00:01:42,663 - __main__ - INFO - Computing epoch 75 validation accuracy...
2023-04-08 00:01:49,592 - __main__ - INFO - Computing epoch 75 validation loss...
2023-04-08 00:01:56,918 - __main__ - INFO - [INFO] 2023-04-08 00:01:56.918588 Epoch [76/100] batch [1/391] loss 1.1357 lr 0.014644660940672643 acc 92.97% eta 0:43:08
2023-04-08 00:02:34,531 - __main__ - INFO - [INFO] 2023-04-08 00:02:34.531521 Epoch [76/100] batch [129/391] loss 0.1423 lr 0.014644660940672643 acc 96.09% eta 0:38:24
2023-04-08 00:03:12,046 - __main__ - INFO - [INFO] 2023-04-08 00:03:12.046083 Epoch [76/100] batch [257/391] loss 0.2683 lr 0.014644660940672643 acc 96.88% eta 0:37:58
2023-04-08 00:03:49,262 - __main__ - INFO - [INFO] 2023-04-08 00:03:49.262156 Epoch [76/100] batch [385/391] loss 0.2651 lr 0.014644660940672643 acc 94.53% eta 0:37:17
2023-04-08 00:03:50,814 - __main__ - INFO - Computing epoch 76 validation accuracy...
2023-04-08 00:03:57,713 - __main__ - INFO - Computing epoch 76 validation loss...
2023-04-08 00:04:05,090 - __main__ - INFO - [INFO] 2023-04-08 00:04:05.090433 Epoch [77/100] batch [1/391] loss 0.2379 lr 0.013551568628929448 acc 97.66% eta 0:39:50
2023-04-08 00:04:42,352 - __main__ - INFO - [INFO] 2023-04-08 00:04:42.352791 Epoch [77/100] batch [129/391] loss 0.2795 lr 0.013551568628929448 acc 96.09% eta 0:37:00
2023-04-08 00:05:17,762 - __main__ - INFO - [INFO] 2023-04-08 00:05:17.762545 Epoch [77/100] batch [257/391] loss 0.3350 lr 0.013551568628929448 acc 94.53% eta 0:35:15
2023-04-08 00:05:57,244 - __main__ - INFO - [INFO] 2023-04-08 00:05:57.244210 Epoch [77/100] batch [385/391] loss 0.2759 lr 0.013551568628929448 acc 97.66% eta 0:35:36
2023-04-08 00:05:59,017 - __main__ - INFO - Computing epoch 77 validation accuracy...
2023-04-08 00:06:06,429 - __main__ - INFO - Computing epoch 77 validation loss...
2023-04-08 00:06:14,049 - __main__ - INFO - [INFO] 2023-04-08 00:06:14.049589 Epoch [78/100] batch [1/391] loss 1.2363 lr 0.012494446518477033 acc 97.66% eta 0:40:02
2023-04-08 00:06:53,916 - __main__ - INFO - [INFO] 2023-04-08 00:06:53.916020 Epoch [78/100] batch [129/391] loss 0.2542 lr 0.012494446518477033 acc 97.66% eta 0:37:08
2023-04-08 00:07:33,620 - __main__ - INFO - [INFO] 2023-04-08 00:07:33.620067 Epoch [78/100] batch [257/391] loss 0.2561 lr 0.012494446518477033 acc 96.09% eta 0:36:28
2023-04-08 00:08:13,069 - __main__ - INFO - [INFO] 2023-04-08 00:08:13.069633 Epoch [78/100] batch [385/391] loss 0.2207 lr 0.012494446518477033 acc 94.53% eta 0:35:52
2023-04-08 00:08:14,859 - __main__ - INFO - Computing epoch 78 validation accuracy...
2023-04-08 00:08:22,423 - __main__ - INFO - Computing epoch 78 validation loss...
2023-04-08 00:08:29,868 - __main__ - INFO - [INFO] 2023-04-08 00:08:29.868066 Epoch [79/100] batch [1/391] loss 0.1461 lr 0.011474337861210555 acc 96.88% eta 0:35:06
2023-04-08 00:09:09,946 - __main__ - INFO - [INFO] 2023-04-08 00:09:09.946717 Epoch [79/100] batch [129/391] loss 0.1134 lr 0.011474337861210555 acc 99.22% eta 0:35:45
2023-04-08 00:09:49,426 - __main__ - INFO - [INFO] 2023-04-08 00:09:49.425954 Epoch [79/100] batch [257/391] loss 0.1365 lr 0.011474337861210555 acc 99.22% eta 0:34:52
2023-04-08 00:10:28,876 - __main__ - INFO - [INFO] 2023-04-08 00:10:28.876662 Epoch [79/100] batch [385/391] loss 0.1521 lr 0.011474337861210555 acc 96.88% eta 0:34:14
2023-04-08 00:10:30,635 - __main__ - INFO - Computing epoch 79 validation accuracy...
2023-04-08 00:10:38,200 - __main__ - INFO - Computing epoch 79 validation loss...
2023-04-08 00:10:45,756 - __main__ - INFO - [INFO] 2023-04-08 00:10:45.756652 Epoch [80/100] batch [1/391] loss 0.1113 lr 0.01049224938121549 acc 97.66% eta 0:33:13
2023-04-08 00:11:25,763 - __main__ - INFO - [INFO] 2023-04-08 00:11:25.763554 Epoch [80/100] batch [129/391] loss 0.1180 lr 0.01049224938121549 acc 98.44% eta 0:34:03
2023-04-08 00:12:05,175 - __main__ - INFO - [INFO] 2023-04-08 00:12:05.175293 Epoch [80/100] batch [257/391] loss 0.1229 lr 0.01049224938121549 acc 98.44% eta 0:33:12
2023-04-08 00:12:44,492 - __main__ - INFO - [INFO] 2023-04-08 00:12:44.491809 Epoch [80/100] batch [385/391] loss 0.1759 lr 0.01049224938121549 acc 96.88% eta 0:32:31
2023-04-08 00:12:46,246 - __main__ - INFO - Computing epoch 80 validation accuracy...
2023-04-08 00:12:53,701 - __main__ - INFO - Computing epoch 80 validation loss...
2023-04-08 00:13:01,516 - __main__ - INFO - [INFO] 2023-04-08 00:13:01.516069 Epoch [81/100] batch [1/391] loss 1.0156 lr 0.009549150281252642 acc 98.44% eta 0:33:25
2023-04-08 00:13:39,581 - __main__ - INFO - [INFO] 2023-04-08 00:13:39.581150 Epoch [81/100] batch [129/391] loss 0.0893 lr 0.009549150281252642 acc 99.22% eta 0:31:02
2023-04-08 00:14:19,481 - __main__ - INFO - [INFO] 2023-04-08 00:14:19.480857 Epoch [81/100] batch [257/391] loss 0.1077 lr 0.009549150281252642 acc 100.00% eta 0:31:02
2023-04-08 00:14:58,873 - __main__ - INFO - [INFO] 2023-04-08 00:14:58.873751 Epoch [81/100] batch [385/391] loss 0.1952 lr 0.009549150281252642 acc 98.44% eta 0:30:38
2023-04-08 00:15:00,664 - __main__ - INFO - Computing epoch 81 validation accuracy...
2023-04-08 00:15:08,199 - __main__ - INFO - Computing epoch 81 validation loss...
2023-04-08 00:15:15,637 - __main__ - INFO - [INFO] 2023-04-08 00:15:15.637335 Epoch [82/100] batch [1/391] loss 0.9058 lr 0.008645971286271922 acc 97.66% eta 0:31:48
2023-04-08 00:15:55,604 - __main__ - INFO - [INFO] 2023-04-08 00:15:55.604081 Epoch [82/100] batch [129/391] loss 0.1002 lr 0.008645971286271922 acc 98.44% eta 0:30:42
2023-04-08 00:16:35,083 - __main__ - INFO - [INFO] 2023-04-08 00:16:35.082926 Epoch [82/100] batch [257/391] loss 0.1065 lr 0.008645971286271922 acc 99.22% eta 0:29:51
2023-04-08 00:17:14,497 - __main__ - INFO - [INFO] 2023-04-08 00:17:14.497313 Epoch [82/100] batch [385/391] loss 0.0575 lr 0.008645971286271922 acc 100.00% eta 0:29:19
2023-04-08 00:17:16,310 - __main__ - INFO - Computing epoch 82 validation accuracy...
2023-04-08 00:17:23,789 - __main__ - INFO - Computing epoch 82 validation loss...
2023-04-08 00:17:31,629 - __main__ - INFO - [INFO] 2023-04-08 00:17:31.629433 Epoch [83/100] batch [1/391] loss 0.9409 lr 0.007783603724899264 acc 99.22% eta 0:30:27
2023-04-08 00:18:11,750 - __main__ - INFO - [INFO] 2023-04-08 00:18:11.750289 Epoch [83/100] batch [129/391] loss 0.0923 lr 0.007783603724899264 acc 100.00% eta 0:29:06
2023-04-08 00:18:51,326 - __main__ - INFO - [INFO] 2023-04-08 00:18:51.326432 Epoch [83/100] batch [257/391] loss 0.0695 lr 0.007783603724899264 acc 99.22% eta 0:28:21
2023-04-08 00:19:30,894 - __main__ - INFO - [INFO] 2023-04-08 00:19:30.894778 Epoch [83/100] batch [385/391] loss 0.0899 lr 0.007783603724899264 acc 100.00% eta 0:27:42
2023-04-08 00:19:32,681 - __main__ - INFO - Computing epoch 83 validation accuracy...
2023-04-08 00:19:40,154 - __main__ - INFO - Computing epoch 83 validation loss...
2023-04-08 00:19:47,932 - __main__ - INFO - [INFO] 2023-04-08 00:19:47.932514 Epoch [84/100] batch [1/391] loss 0.1656 lr 0.006962898649802819 acc 98.44% eta 0:29:00
2023-04-08 00:20:27,654 - __main__ - INFO - [INFO] 2023-04-08 00:20:27.654580 Epoch [84/100] batch [129/391] loss 0.0530 lr 0.006962898649802819 acc 100.00% eta 0:27:11
2023-04-08 00:21:07,061 - __main__ - INFO - [INFO] 2023-04-08 00:21:07.061544 Epoch [84/100] batch [257/391] loss 0.1028 lr 0.006962898649802819 acc 100.00% eta 0:26:31
2023-04-08 00:21:46,471 - __main__ - INFO - [INFO] 2023-04-08 00:21:46.470966 Epoch [84/100] batch [385/391] loss 0.1238 lr 0.006962898649802819 acc 97.66% eta 0:25:58
2023-04-08 00:21:48,270 - __main__ - INFO - Computing epoch 84 validation accuracy...
2023-04-08 00:21:55,778 - __main__ - INFO - Computing epoch 84 validation loss...
2023-04-08 00:22:03,588 - __main__ - INFO - [INFO] 2023-04-08 00:22:03.588568 Epoch [85/100] batch [1/391] loss 0.8096 lr 0.0061846659978068265 acc 100.00% eta 0:28:34
2023-04-08 00:22:43,612 - __main__ - INFO - [INFO] 2023-04-08 00:22:43.611843 Epoch [85/100] batch [129/391] loss 0.0952 lr 0.0061846659978068265 acc 98.44% eta 0:25:51
2023-04-08 00:23:23,295 - __main__ - INFO - [INFO] 2023-04-08 00:23:23.294713 Epoch [85/100] batch [257/391] loss 0.0248 lr 0.0061846659978068265 acc 100.00% eta 0:25:09
2023-04-08 00:24:03,348 - __main__ - INFO - [INFO] 2023-04-08 00:24:03.348157 Epoch [85/100] batch [385/391] loss 0.0495 lr 0.0061846659978068265 acc 100.00% eta 0:24:35
2023-04-08 00:24:05,067 - __main__ - INFO - Computing epoch 85 validation accuracy...
2023-04-08 00:24:12,391 - __main__ - INFO - Computing epoch 85 validation loss...
2023-04-08 00:24:20,223 - __main__ - INFO - [INFO] 2023-04-08 00:24:20.223390 Epoch [86/100] batch [1/391] loss 0.8296 lr 0.005449673790581615 acc 98.44% eta 0:26:31
2023-04-08 00:25:00,034 - __main__ - INFO - [INFO] 2023-04-08 00:25:00.033899 Epoch [86/100] batch [129/391] loss 0.1075 lr 0.005449673790581615 acc 100.00% eta 0:24:05
2023-04-08 00:25:39,926 - __main__ - INFO - [INFO] 2023-04-08 00:25:39.926347 Epoch [86/100] batch [257/391] loss 0.0684 lr 0.005449673790581615 acc 99.22% eta 0:23:32
2023-04-08 00:26:19,736 - __main__ - INFO - [INFO] 2023-04-08 00:26:19.736600 Epoch [86/100] batch [385/391] loss 0.0466 lr 0.005449673790581615 acc 100.00% eta 0:22:58
2023-04-08 00:26:21,562 - __main__ - INFO - Computing epoch 86 validation accuracy...
2023-04-08 00:26:28,807 - __main__ - INFO - Computing epoch 86 validation loss...
2023-04-08 00:26:36,532 - __main__ - INFO - [INFO] 2023-04-08 00:26:36.532525 Epoch [87/100] batch [1/391] loss 0.0199 lr 0.004758647376699036 acc 100.00% eta 0:22:58
2023-04-08 00:27:16,631 - __main__ - INFO - [INFO] 2023-04-08 00:27:16.631795 Epoch [87/100] batch [129/391] loss 0.0593 lr 0.004758647376699036 acc 100.00% eta 0:22:30
2023-04-08 00:27:56,140 - __main__ - INFO - [INFO] 2023-04-08 00:27:56.140309 Epoch [87/100] batch [257/391] loss 0.0388 lr 0.004758647376699036 acc 100.00% eta 0:21:45
2023-04-08 00:28:36,068 - __main__ - INFO - [INFO] 2023-04-08 00:28:36.067542 Epoch [87/100] batch [385/391] loss 0.0282 lr 0.004758647376699036 acc 100.00% eta 0:21:15
2023-04-08 00:28:37,848 - __main__ - INFO - Computing epoch 87 validation accuracy...
2023-04-08 00:28:45,367 - __main__ - INFO - Computing epoch 87 validation loss...
2023-04-08 00:28:52,931 - __main__ - INFO - [INFO] 2023-04-08 00:28:52.930897 Epoch [88/100] batch [1/391] loss 0.0421 lr 0.004112268715800957 acc 100.00% eta 0:21:25
2023-04-08 00:29:32,863 - __main__ - INFO - [INFO] 2023-04-08 00:29:32.862996 Epoch [88/100] batch [129/391] loss 0.0605 lr 0.004112268715800957 acc 100.00% eta 0:20:49
2023-04-08 00:30:12,551 - __main__ - INFO - [INFO] 2023-04-08 00:30:12.551558 Epoch [88/100] batch [257/391] loss 0.0200 lr 0.004112268715800957 acc 100.00% eta 0:20:11
2023-04-08 00:30:52,051 - __main__ - INFO - [INFO] 2023-04-08 00:30:52.051137 Epoch [88/100] batch [385/391] loss 0.0324 lr 0.004112268715800957 acc 100.00% eta 0:19:38
2023-04-08 00:30:53,828 - __main__ - INFO - Computing epoch 88 validation accuracy...
2023-04-08 00:31:01,481 - __main__ - INFO - Computing epoch 88 validation loss...
2023-04-08 00:31:09,341 - __main__ - INFO - [INFO] 2023-04-08 00:31:09.341546 Epoch [89/100] batch [1/391] loss 0.7471 lr 0.003511175705587435 acc 98.44% eta 0:20:57
2023-04-08 00:31:49,088 - __main__ - INFO - [INFO] 2023-04-08 00:31:49.087883 Epoch [89/100] batch [129/391] loss 0.0203 lr 0.003511175705587435 acc 100.00% eta 0:19:06
2023-04-08 00:32:28,912 - __main__ - INFO - [INFO] 2023-04-08 00:32:28.912361 Epoch [89/100] batch [257/391] loss 0.0436 lr 0.003511175705587435 acc 100.00% eta 0:18:34
2023-04-08 00:33:08,379 - __main__ - INFO - [INFO] 2023-04-08 00:33:08.379117 Epoch [89/100] batch [385/391] loss 0.0251 lr 0.003511175705587435 acc 100.00% eta 0:17:57
2023-04-08 00:33:10,151 - __main__ - INFO - Computing epoch 89 validation accuracy...
2023-04-08 00:33:17,775 - __main__ - INFO - Computing epoch 89 validation loss...
2023-04-08 00:33:25,647 - __main__ - INFO - [INFO] 2023-04-08 00:33:25.647718 Epoch [90/100] batch [1/391] loss 0.0221 lr 0.0029559615522887295 acc 100.00% eta 0:18:36
2023-04-08 00:34:05,384 - __main__ - INFO - [INFO] 2023-04-08 00:34:05.384339 Epoch [90/100] batch [129/391] loss 0.0184 lr 0.0029559615522887295 acc 100.00% eta 0:17:27
2023-04-08 00:34:44,979 - __main__ - INFO - [INFO] 2023-04-08 00:34:44.979453 Epoch [90/100] batch [257/391] loss 0.0180 lr 0.0029559615522887295 acc 100.00% eta 0:16:52
2023-04-08 00:35:24,286 - __main__ - INFO - [INFO] 2023-04-08 00:35:24.286198 Epoch [90/100] batch [385/391] loss 0.0397 lr 0.0029559615522887295 acc 100.00% eta 0:16:16
2023-04-08 00:35:26,050 - __main__ - INFO - Computing epoch 90 validation accuracy...
2023-04-08 00:35:33,512 - __main__ - INFO - Computing epoch 90 validation loss...
2023-04-08 00:35:41,314 - __main__ - INFO - [INFO] 2023-04-08 00:35:41.314006 Epoch [91/100] batch [1/391] loss 0.0147 lr 0.0024471741852423253 acc 100.00% eta 0:17:07
2023-04-08 00:36:21,134 - __main__ - INFO - [INFO] 2023-04-08 00:36:21.134170 Epoch [91/100] batch [129/391] loss 0.0170 lr 0.0024471741852423253 acc 100.00% eta 0:15:53
2023-04-08 00:37:00,418 - __main__ - INFO - [INFO] 2023-04-08 00:37:00.418025 Epoch [91/100] batch [257/391] loss 0.0278 lr 0.0024471741852423253 acc 99.22% eta 0:15:13
2023-04-08 00:37:40,147 - __main__ - INFO - [INFO] 2023-04-08 00:37:40.147122 Epoch [91/100] batch [385/391] loss 0.0363 lr 0.0024471741852423253 acc 100.00% eta 0:14:39
2023-04-08 00:37:41,870 - __main__ - INFO - Computing epoch 91 validation accuracy...
2023-04-08 00:37:49,331 - __main__ - INFO - Computing epoch 91 validation loss...
2023-04-08 00:37:57,164 - __main__ - INFO - [INFO] 2023-04-08 00:37:57.164793 Epoch [92/100] batch [1/391] loss 0.6826 lr 0.0019853157161528537 acc 100.00% eta 0:15:51
2023-04-08 00:38:36,962 - __main__ - INFO - [INFO] 2023-04-08 00:38:36.962043 Epoch [92/100] batch [129/391] loss 0.0330 lr 0.0019853157161528537 acc 99.22% eta 0:14:12
2023-04-08 00:39:16,718 - __main__ - INFO - [INFO] 2023-04-08 00:39:16.717995 Epoch [92/100] batch [257/391] loss 0.0265 lr 0.0019853157161528537 acc 100.00% eta 0:13:38
2023-04-08 00:39:56,471 - __main__ - INFO - [INFO] 2023-04-08 00:39:56.470912 Epoch [92/100] batch [385/391] loss 0.0110 lr 0.0019853157161528537 acc 100.00% eta 0:13:05
2023-04-08 00:39:58,271 - __main__ - INFO - Computing epoch 92 validation accuracy...
2023-04-08 00:40:05,579 - __main__ - INFO - Computing epoch 92 validation loss...
2023-04-08 00:40:13,363 - __main__ - INFO - [INFO] 2023-04-08 00:40:13.363094 Epoch [93/100] batch [1/391] loss 0.0315 lr 0.0015708419435684529 acc 100.00% eta 0:13:44
2023-04-08 00:40:53,104 - __main__ - INFO - [INFO] 2023-04-08 00:40:53.104488 Epoch [93/100] batch [129/391] loss 0.0166 lr 0.0015708419435684529 acc 100.00% eta 0:12:34
2023-04-08 00:41:33,022 - __main__ - INFO - [INFO] 2023-04-08 00:41:33.022657 Epoch [93/100] batch [257/391] loss 0.0176 lr 0.0015708419435684529 acc 100.00% eta 0:11:59
2023-04-08 00:42:12,631 - __main__ - INFO - [INFO] 2023-04-08 00:42:12.630941 Epoch [93/100] batch [385/391] loss 0.0193 lr 0.0015708419435684529 acc 100.00% eta 0:11:24
2023-04-08 00:42:14,488 - __main__ - INFO - Computing epoch 93 validation accuracy...
2023-04-08 00:42:21,980 - __main__ - INFO - Computing epoch 93 validation loss...
2023-04-08 00:42:29,557 - __main__ - INFO - [INFO] 2023-04-08 00:42:29.556835 Epoch [94/100] batch [1/391] loss 0.0140 lr 0.0012041619030626347 acc 100.00% eta 0:11:17
2023-04-08 00:43:09,469 - __main__ - INFO - [INFO] 2023-04-08 00:43:09.469257 Epoch [94/100] batch [129/391] loss 0.0220 lr 0.0012041619030626347 acc 100.00% eta 0:10:57
2023-04-08 00:43:48,978 - __main__ - INFO - [INFO] 2023-04-08 00:43:48.978420 Epoch [94/100] batch [257/391] loss 0.0309 lr 0.0012041619030626347 acc 100.00% eta 0:10:20
2023-04-08 00:44:28,508 - __main__ - INFO - [INFO] 2023-04-08 00:44:28.507996 Epoch [94/100] batch [385/391] loss 0.0084 lr 0.0012041619030626347 acc 100.00% eta 0:09:47
2023-04-08 00:44:30,329 - __main__ - INFO - Computing epoch 94 validation accuracy...
2023-04-08 00:44:37,794 - __main__ - INFO - Computing epoch 94 validation loss...
2023-04-08 00:44:45,581 - __main__ - INFO - [INFO] 2023-04-08 00:44:45.581509 Epoch [95/100] batch [1/391] loss 0.6938 lr 0.0008856374635655646 acc 100.00% eta 0:10:25
2023-04-08 00:45:25,487 - __main__ - INFO - [INFO] 2023-04-08 00:45:25.487595 Epoch [95/100] batch [129/391] loss 0.0179 lr 0.0008856374635655646 acc 100.00% eta 0:09:18
2023-04-08 00:46:04,993 - __main__ - INFO - [INFO] 2023-04-08 00:46:04.993299 Epoch [95/100] batch [257/391] loss 0.0150 lr 0.0008856374635655646 acc 100.00% eta 0:08:43
2023-04-08 00:46:44,732 - __main__ - INFO - [INFO] 2023-04-08 00:46:44.732122 Epoch [95/100] batch [385/391] loss 0.0360 lr 0.0008856374635655646 acc 100.00% eta 0:08:12
2023-04-08 00:46:46,527 - __main__ - INFO - Computing epoch 95 validation accuracy...
2023-04-08 00:46:54,093 - __main__ - INFO - Computing epoch 95 validation loss...
2023-04-08 00:47:01,936 - __main__ - INFO - [INFO] 2023-04-08 00:47:01.936323 Epoch [96/100] batch [1/391] loss 0.0291 lr 0.0006155829702431174 acc 100.00% eta 0:09:21
2023-04-08 00:47:41,816 - __main__ - INFO - [INFO] 2023-04-08 00:47:41.816799 Epoch [96/100] batch [129/391] loss 0.0258 lr 0.0006155829702431174 acc 99.22% eta 0:07:39
2023-04-08 00:48:21,164 - __main__ - INFO - [INFO] 2023-04-08 00:48:21.164491 Epoch [96/100] batch [257/391] loss 0.0268 lr 0.0006155829702431174 acc 99.22% eta 0:07:04
2023-04-08 00:49:00,802 - __main__ - INFO - [INFO] 2023-04-08 00:49:00.802038 Epoch [96/100] batch [385/391] loss 0.0095 lr 0.0006155829702431174 acc 100.00% eta 0:06:31
2023-04-08 00:49:02,593 - __main__ - INFO - Computing epoch 96 validation accuracy...
2023-04-08 00:49:09,987 - __main__ - INFO - Computing epoch 96 validation loss...
2023-04-08 00:49:17,927 - __main__ - INFO - [INFO] 2023-04-08 00:49:17.927057 Epoch [97/100] batch [1/391] loss 0.0291 lr 0.00039426493427611206 acc 100.00% eta 0:06:56
2023-04-08 00:49:57,670 - __main__ - INFO - [INFO] 2023-04-08 00:49:57.669901 Epoch [97/100] batch [129/391] loss 0.0166 lr 0.00039426493427611206 acc 100.00% eta 0:06:00
2023-04-08 00:50:31,765 - __main__ - INFO - [INFO] 2023-04-08 00:50:31.765007 Epoch [97/100] batch [257/391] loss 0.0489 lr 0.00039426493427611206 acc 99.22% eta 0:05:06
2023-04-08 00:50:59,131 - __main__ - INFO - [INFO] 2023-04-08 00:50:59.130989 Epoch [97/100] batch [385/391] loss 0.0450 lr 0.00039426493427611206 acc 98.44% eta 0:04:14
2023-04-08 00:51:00,459 - __main__ - INFO - Computing epoch 97 validation accuracy...
2023-04-08 00:51:05,756 - __main__ - INFO - Computing epoch 97 validation loss...
2023-04-08 00:51:11,543 - __main__ - INFO - [INFO] 2023-04-08 00:51:11.543782 Epoch [98/100] batch [1/391] loss 0.5049 lr 0.00022190176984600036 acc 99.22% eta 0:03:31
2023-04-08 00:51:49,224 - __main__ - INFO - [INFO] 2023-04-08 00:51:49.223999 Epoch [98/100] batch [129/391] loss 0.0217 lr 0.00022190176984600036 acc 100.00% eta 0:04:07
2023-04-08 00:52:28,843 - __main__ - INFO - [INFO] 2023-04-08 00:52:28.842808 Epoch [98/100] batch [257/391] loss 0.0086 lr 0.00022190176984600036 acc 100.00% eta 0:03:42
2023-04-08 00:53:08,730 - __main__ - INFO - [INFO] 2023-04-08 00:53:08.730137 Epoch [98/100] batch [385/391] loss 0.0215 lr 0.00022190176984600036 acc 100.00% eta 0:03:13
2023-04-08 00:53:10,512 - __main__ - INFO - Computing epoch 98 validation accuracy...
2023-04-08 00:53:18,067 - __main__ - INFO - Computing epoch 98 validation loss...
2023-04-08 00:53:25,893 - __main__ - INFO - [INFO] 2023-04-08 00:53:25.893270 Epoch [99/100] batch [1/391] loss 0.0294 lr 9.866357858642213e-05 acc 99.22% eta 0:03:18
2023-04-08 00:54:05,589 - __main__ - INFO - [INFO] 2023-04-08 00:54:05.589289 Epoch [99/100] batch [129/391] loss 0.0242 lr 9.866357858642213e-05 acc 99.22% eta 0:02:45
2023-04-08 00:54:45,194 - __main__ - INFO - [INFO] 2023-04-08 00:54:45.194287 Epoch [99/100] batch [257/391] loss 0.0360 lr 9.866357858642213e-05 acc 100.00% eta 0:02:11
2023-04-08 00:55:24,618 - __main__ - INFO - [INFO] 2023-04-08 00:55:24.618464 Epoch [99/100] batch [385/391] loss 0.0236 lr 9.866357858642213e-05 acc 99.22% eta 0:01:39
2023-04-08 00:55:26,395 - __main__ - INFO - Computing epoch 99 validation accuracy...
2023-04-08 00:55:33,891 - __main__ - INFO - Computing epoch 99 validation loss...
2023-04-08 00:55:41,763 - __main__ - INFO - [INFO] 2023-04-08 00:55:41.762922 Epoch [100/100] batch [1/391] loss 0.6406 lr 2.4671981713420017e-05 acc 100.00% eta 0:01:46
2023-04-08 00:56:21,714 - __main__ - INFO - [INFO] 2023-04-08 00:56:21.714173 Epoch [100/100] batch [129/391] loss 0.0424 lr 2.4671981713420017e-05 acc 99.22% eta 0:01:06
2023-04-08 00:57:01,034 - __main__ - INFO - [INFO] 2023-04-08 00:57:01.033975 Epoch [100/100] batch [257/391] loss 0.0096 lr 2.4671981713420017e-05 acc 100.00% eta 0:00:33
2023-04-08 00:57:40,474 - __main__ - INFO - [INFO] 2023-04-08 00:57:40.474688 Epoch [100/100] batch [385/391] loss 0.0206 lr 2.4671981713420017e-05 acc 100.00% eta 0:00:01
2023-04-08 00:57:42,255 - __main__ - INFO - Computing epoch 100 validation accuracy...
2023-04-08 00:57:49,744 - __main__ - INFO - Computing epoch 100 validation loss...
2023-04-08 00:57:57,430 - __main__ - INFO - Reading testing data set cifar100
2023-04-08 00:57:58,180 - __main__ - INFO - Loading trained model...
2023-04-08 00:58:07,741 - __main__ - INFO - Testing acc : 77.74%.
