2023-04-24 04:21:15,738 - __main__ - INFO - 

2023-04-24 04:21:15,738 - __main__ - INFO - ***************
2023-04-24 04:21:15,739 - __main__ - INFO - ** Arguments **
2023-04-24 04:21:15,739 - __main__ - INFO - ***************
2023-04-24 04:21:15,739 - __main__ - INFO - backbone: densenet100
2023-04-24 04:21:15,739 - __main__ - INFO - dataname: cifar10
2023-04-24 04:21:15,739 - __main__ - INFO - drop_method: db
2023-04-24 04:21:15,739 - __main__ - INFO - drop_rate: 0.3
2023-04-24 04:21:15,739 - __main__ - INFO - eval_only: 0
2023-04-24 04:21:15,739 - __main__ - INFO - output_path: checkpoints/cifar10/densenet100/drop_db/rate_0.3/seed1
2023-04-24 04:21:15,739 - __main__ - INFO - part_rate: 0.1
2023-04-24 04:21:15,739 - __main__ - INFO - seed: 1
2023-04-24 04:21:15,739 - __main__ - INFO - weight_decay: 0.0005
2023-04-24 04:21:15,740 - __main__ - INFO - ************
2023-04-24 04:21:15,740 - __main__ - INFO - ** Config **
2023-04-24 04:21:15,740 - __main__ - INFO - ************
2023-04-24 04:21:15,740 - __main__ - INFO - {'DATALOADER': {'PATH': './data', 'DATANAME': 'cifar10', 'BATCH_SIZE': 128, 'NUM_CLASSES': 10}, 'INPUT': {'SIZE': [32, 32], 'PIXEL_MEAN': [0.4914, 0.4822, 0.4465], 'PIXEL_STD': [0.2023, 0.1994, 0.201]}, 'OUTPUT': {'DIR': 'checkpoints/cifar10/densenet100/drop_db/rate_0.3/seed1'}, 'SEED': 1, 'OPTIM': {'LR': 0.1, 'MAX_EPOCH': 100, 'LR_SCHEDULER': 'step', 'LR_MILESTONES': [20, 40, 80, 120, 140], 'LR_DECAY': 0.2, 'PART_RATE': 0.1, 'PREC': 'fp16', 'WEIGHT_DECAY': 0.0005, 'DROP_RATE': 0.3, 'DROP_METHOD': 'db', 'BLOCK_SIZE': 7}, 'MODEL': {'BACKBONE': 'densenet100'}}
2023-04-24 04:21:15,754 - __main__ - INFO - Reading training data set cifar10
2023-04-24 04:21:17,455 - __main__ - INFO - Loading raw model
2023-04-24 04:21:21,117 - __main__ - INFO - 
Saving everything to checkpoints/cifar10/densenet100/drop_db/rate_0.3/seed1
2023-04-24 04:21:21,118 - __main__ - INFO - Start training...
2023-04-24 04:21:26,589 - __main__ - INFO - [INFO] 2023-04-24 04:21:26.589365 Epoch [1/100] batch [1/391] loss 2.2708 lr 0.1 acc 21.09% eta 2 days, 10:46:38
2023-04-24 04:22:00,811 - __main__ - INFO - [INFO] 2023-04-24 04:22:00.811363 Epoch [1/100] batch [129/391] loss 1.7549 lr 0.1 acc 32.81% eta 2:47:17
2023-04-24 04:22:35,287 - __main__ - INFO - [INFO] 2023-04-24 04:22:35.286922 Epoch [1/100] batch [257/391] loss 1.7006 lr 0.1 acc 34.38% eta 2:34:06
2023-04-24 04:23:09,580 - __main__ - INFO - [INFO] 2023-04-24 04:23:09.580518 Epoch [1/100] batch [385/391] loss 1.3991 lr 0.1 acc 50.78% eta 2:29:01
2023-04-24 04:23:11,368 - __main__ - INFO - Computing epoch 1 validation accuracy...
2023-04-24 04:23:18,335 - __main__ - INFO - Computing epoch 1 validation loss...
2023-04-24 04:23:25,286 - __main__ - INFO - [INFO] 2023-04-24 04:23:25.286524 Epoch [2/100] batch [1/391] loss 1.2141 lr 0.09997532801828658 acc 50.78% eta 2:19:50
2023-04-24 04:23:59,742 - __main__ - INFO - [INFO] 2023-04-24 04:23:59.742453 Epoch [2/100] batch [129/391] loss 1.1905 lr 0.09997532801828658 acc 51.56% eta 2:20:47
2023-04-24 04:24:31,054 - __main__ - INFO - [INFO] 2023-04-24 04:24:31.054380 Epoch [2/100] batch [257/391] loss 1.2844 lr 0.09997532801828658 acc 53.12% eta 2:14:27
2023-04-24 04:25:01,342 - __main__ - INFO - [INFO] 2023-04-24 04:25:01.342653 Epoch [2/100] batch [385/391] loss 1.0737 lr 0.09997532801828658 acc 61.72% eta 2:10:54
2023-04-24 04:25:02,960 - __main__ - INFO - Computing epoch 2 validation accuracy...
2023-04-24 04:25:09,443 - __main__ - INFO - Computing epoch 2 validation loss...
2023-04-24 04:25:16,161 - __main__ - INFO - [INFO] 2023-04-24 04:25:16.161453 Epoch [3/100] batch [1/391] loss 1.2053 lr 0.09990133642141358 acc 54.69% eta 2:21:09
2023-04-24 04:25:49,478 - __main__ - INFO - [INFO] 2023-04-24 04:25:49.477923 Epoch [3/100] batch [129/391] loss 1.2316 lr 0.09990133642141358 acc 53.91% eta 2:14:53
2023-04-24 04:26:23,082 - __main__ - INFO - [INFO] 2023-04-24 04:26:23.082206 Epoch [3/100] batch [257/391] loss 1.0395 lr 0.09990133642141358 acc 57.81% eta 2:15:12
2023-04-24 04:26:56,408 - __main__ - INFO - [INFO] 2023-04-24 04:26:56.407900 Epoch [3/100] batch [385/391] loss 1.1117 lr 0.09990133642141358 acc 61.72% eta 2:14:37
2023-04-24 04:26:57,891 - __main__ - INFO - Computing epoch 3 validation accuracy...
2023-04-24 04:27:04,435 - __main__ - INFO - Computing epoch 3 validation loss...
2023-04-24 04:27:11,111 - __main__ - INFO - [INFO] 2023-04-24 04:27:11.111109 Epoch [4/100] batch [1/391] loss 0.8987 lr 0.099778098230154 acc 64.84% eta 2:18:56
2023-04-24 04:27:44,953 - __main__ - INFO - [INFO] 2023-04-24 04:27:44.953085 Epoch [4/100] batch [129/391] loss 1.1915 lr 0.099778098230154 acc 64.06% eta 2:15:34
2023-04-24 04:28:18,379 - __main__ - INFO - [INFO] 2023-04-24 04:28:18.379738 Epoch [4/100] batch [257/391] loss 0.9530 lr 0.099778098230154 acc 70.31% eta 2:14:28
2023-04-24 04:28:52,794 - __main__ - INFO - [INFO] 2023-04-24 04:28:52.793987 Epoch [4/100] batch [385/391] loss 0.7968 lr 0.099778098230154 acc 68.75% eta 2:15:04
2023-04-24 04:28:54,317 - __main__ - INFO - Computing epoch 4 validation accuracy...
2023-04-24 04:29:00,792 - __main__ - INFO - Computing epoch 4 validation loss...
2023-04-24 04:29:07,413 - __main__ - INFO - [INFO] 2023-04-24 04:29:07.413709 Epoch [5/100] batch [1/391] loss 0.7478 lr 0.0996057350657239 acc 64.84% eta 2:12:23
2023-04-24 04:29:41,356 - __main__ - INFO - [INFO] 2023-04-24 04:29:41.356581 Epoch [5/100] batch [129/391] loss 0.9085 lr 0.0996057350657239 acc 62.50% eta 2:14:42
2023-04-24 04:30:14,659 - __main__ - INFO - [INFO] 2023-04-24 04:30:14.659630 Epoch [5/100] batch [257/391] loss 0.7505 lr 0.0996057350657239 acc 73.44% eta 2:13:06
2023-04-24 04:30:48,045 - __main__ - INFO - [INFO] 2023-04-24 04:30:48.045524 Epoch [5/100] batch [385/391] loss 0.8726 lr 0.0996057350657239 acc 69.53% eta 2:12:23
2023-04-24 04:30:49,545 - __main__ - INFO - Computing epoch 5 validation accuracy...
2023-04-24 04:30:55,994 - __main__ - INFO - Computing epoch 5 validation loss...
2023-04-24 04:31:02,716 - __main__ - INFO - [INFO] 2023-04-24 04:31:02.716092 Epoch [6/100] batch [1/391] loss 0.8729 lr 0.09938441702975688 acc 70.31% eta 2:13:31
2023-04-24 04:31:36,148 - __main__ - INFO - [INFO] 2023-04-24 04:31:36.148392 Epoch [6/100] batch [129/391] loss 0.7530 lr 0.09938441702975688 acc 66.41% eta 2:11:35
2023-04-24 04:32:09,692 - __main__ - INFO - [INFO] 2023-04-24 04:32:09.691819 Epoch [6/100] batch [257/391] loss 0.8411 lr 0.09938441702975688 acc 72.66% eta 2:11:20
2023-04-24 04:32:43,609 - __main__ - INFO - [INFO] 2023-04-24 04:32:43.609290 Epoch [6/100] batch [385/391] loss 0.8136 lr 0.09938441702975688 acc 70.31% eta 2:11:23
2023-04-24 04:32:45,106 - __main__ - INFO - Computing epoch 6 validation accuracy...
2023-04-24 04:32:51,762 - __main__ - INFO - Computing epoch 6 validation loss...
2023-04-24 04:32:58,392 - __main__ - INFO - [INFO] 2023-04-24 04:32:58.392605 Epoch [7/100] batch [1/391] loss 0.7570 lr 0.09911436253643444 acc 74.22% eta 2:18:15
2023-04-24 04:33:31,999 - __main__ - INFO - [INFO] 2023-04-24 04:33:31.999783 Epoch [7/100] batch [129/391] loss 0.7030 lr 0.09911436253643444 acc 70.31% eta 2:11:00
2023-04-24 04:34:05,143 - __main__ - INFO - [INFO] 2023-04-24 04:34:05.143799 Epoch [7/100] batch [257/391] loss 0.7059 lr 0.09911436253643444 acc 77.34% eta 2:09:32
2023-04-24 04:34:38,910 - __main__ - INFO - [INFO] 2023-04-24 04:34:38.910471 Epoch [7/100] batch [385/391] loss 0.6741 lr 0.09911436253643444 acc 78.12% eta 2:09:37
2023-04-24 04:34:40,404 - __main__ - INFO - Computing epoch 7 validation accuracy...
2023-04-24 04:34:47,114 - __main__ - INFO - Computing epoch 7 validation loss...
2023-04-24 04:34:53,758 - __main__ - INFO - [INFO] 2023-04-24 04:34:53.758752 Epoch [8/100] batch [1/391] loss 0.6348 lr 0.09879583809693737 acc 78.12% eta 2:06:17
2023-04-24 04:35:27,463 - __main__ - INFO - [INFO] 2023-04-24 04:35:27.463700 Epoch [8/100] batch [129/391] loss 0.7748 lr 0.09879583809693737 acc 64.06% eta 2:09:50
2023-04-24 04:36:00,693 - __main__ - INFO - [INFO] 2023-04-24 04:36:00.693364 Epoch [8/100] batch [257/391] loss 0.6717 lr 0.09879583809693737 acc 82.03% eta 2:08:26
2023-04-24 04:36:34,675 - __main__ - INFO - [INFO] 2023-04-24 04:36:34.674868 Epoch [8/100] batch [385/391] loss 0.8053 lr 0.09879583809693737 acc 66.41% eta 2:08:32
2023-04-24 04:36:36,188 - __main__ - INFO - Computing epoch 8 validation accuracy...
2023-04-24 04:36:42,586 - __main__ - INFO - Computing epoch 8 validation loss...
2023-04-24 04:36:49,317 - __main__ - INFO - [INFO] 2023-04-24 04:36:49.317516 Epoch [9/100] batch [1/391] loss 0.6738 lr 0.09842915805643156 acc 80.47% eta 2:10:57
2023-04-24 04:37:23,064 - __main__ - INFO - [INFO] 2023-04-24 04:37:23.063856 Epoch [9/100] batch [129/391] loss 0.5034 lr 0.09842915805643156 acc 82.81% eta 2:08:19
2023-04-24 04:37:56,613 - __main__ - INFO - [INFO] 2023-04-24 04:37:56.613687 Epoch [9/100] batch [257/391] loss 0.6283 lr 0.09842915805643156 acc 78.91% eta 2:07:39
2023-04-24 04:38:30,623 - __main__ - INFO - [INFO] 2023-04-24 04:38:30.623330 Epoch [9/100] batch [385/391] loss 0.5992 lr 0.09842915805643156 acc 77.34% eta 2:07:33
2023-04-24 04:38:32,145 - __main__ - INFO - Computing epoch 9 validation accuracy...
2023-04-24 04:38:38,679 - __main__ - INFO - Computing epoch 9 validation loss...
2023-04-24 04:38:45,482 - __main__ - INFO - [INFO] 2023-04-24 04:38:45.481824 Epoch [10/100] batch [1/391] loss 0.7337 lr 0.09801468428384716 acc 72.66% eta 2:47:31
2023-04-24 04:39:19,324 - __main__ - INFO - [INFO] 2023-04-24 04:39:19.323838 Epoch [10/100] batch [129/391] loss 0.5155 lr 0.09801468428384716 acc 76.56% eta 2:07:56
2023-04-24 04:39:52,590 - __main__ - INFO - [INFO] 2023-04-24 04:39:52.590047 Epoch [10/100] batch [257/391] loss 0.7624 lr 0.09801468428384716 acc 76.56% eta 2:06:11
2023-04-24 04:40:25,833 - __main__ - INFO - [INFO] 2023-04-24 04:40:25.833723 Epoch [10/100] batch [385/391] loss 0.6103 lr 0.09801468428384716 acc 82.03% eta 2:05:19
2023-04-24 04:40:27,364 - __main__ - INFO - Computing epoch 10 validation accuracy...
2023-04-24 04:40:34,112 - __main__ - INFO - Computing epoch 10 validation loss...
2023-04-24 04:40:41,013 - __main__ - INFO - [INFO] 2023-04-24 04:40:41.013753 Epoch [11/100] batch [1/391] loss 0.5036 lr 0.09755282581475769 acc 78.91% eta 2:45:44
2023-04-24 04:41:15,004 - __main__ - INFO - [INFO] 2023-04-24 04:41:15.003797 Epoch [11/100] batch [129/391] loss 0.6149 lr 0.09755282581475769 acc 74.22% eta 2:06:52
2023-04-24 04:41:49,361 - __main__ - INFO - [INFO] 2023-04-24 04:41:49.361278 Epoch [11/100] batch [257/391] loss 0.6069 lr 0.09755282581475769 acc 57.03% eta 2:06:53
2023-04-24 04:42:22,321 - __main__ - INFO - [INFO] 2023-04-24 04:42:22.321029 Epoch [11/100] batch [385/391] loss 0.5738 lr 0.09755282581475769 acc 83.59% eta 2:05:01
2023-04-24 04:42:23,941 - __main__ - INFO - Computing epoch 11 validation accuracy...
2023-04-24 04:42:30,683 - __main__ - INFO - Computing epoch 11 validation loss...
2023-04-24 04:42:37,581 - __main__ - INFO - [INFO] 2023-04-24 04:42:37.581157 Epoch [12/100] batch [1/391] loss 0.5901 lr 0.09704403844771128 acc 79.69% eta 2:08:15
2023-04-24 04:43:11,648 - __main__ - INFO - [INFO] 2023-04-24 04:43:11.647878 Epoch [12/100] batch [129/391] loss 0.7479 lr 0.09704403844771128 acc 78.91% eta 2:05:12
2023-04-24 04:43:45,701 - __main__ - INFO - [INFO] 2023-04-24 04:43:45.701013 Epoch [12/100] batch [257/391] loss 0.5144 lr 0.09704403844771128 acc 80.47% eta 2:04:49
2023-04-24 04:44:19,711 - __main__ - INFO - [INFO] 2023-04-24 04:44:19.710900 Epoch [12/100] batch [385/391] loss 0.3874 lr 0.09704403844771128 acc 82.81% eta 2:04:17
2023-04-24 04:44:21,348 - __main__ - INFO - Computing epoch 12 validation accuracy...
2023-04-24 04:44:28,000 - __main__ - INFO - Computing epoch 12 validation loss...
2023-04-24 04:44:34,901 - __main__ - INFO - [INFO] 2023-04-24 04:44:34.900976 Epoch [13/100] batch [1/391] loss 0.5471 lr 0.09648882429441258 acc 77.34% eta 2:09:51
2023-04-24 04:45:09,080 - __main__ - INFO - [INFO] 2023-04-24 04:45:09.080631 Epoch [13/100] batch [129/391] loss 0.5828 lr 0.09648882429441258 acc 78.91% eta 2:04:15
2023-04-24 04:45:43,300 - __main__ - INFO - [INFO] 2023-04-24 04:45:43.300431 Epoch [13/100] batch [257/391] loss 0.4482 lr 0.09648882429441258 acc 88.28% eta 2:03:49
2023-04-24 04:46:17,205 - __main__ - INFO - [INFO] 2023-04-24 04:46:17.205232 Epoch [13/100] batch [385/391] loss 0.3846 lr 0.09648882429441258 acc 76.56% eta 2:03:04
2023-04-24 04:46:18,737 - __main__ - INFO - Computing epoch 13 validation accuracy...
2023-04-24 04:46:25,603 - __main__ - INFO - Computing epoch 13 validation loss...
2023-04-24 04:46:32,734 - __main__ - INFO - [INFO] 2023-04-24 04:46:32.733823 Epoch [14/100] batch [1/391] loss 0.5886 lr 0.09588773128419906 acc 75.00% eta 2:20:54
2023-04-24 04:47:07,097 - __main__ - INFO - [INFO] 2023-04-24 04:47:07.096827 Epoch [14/100] batch [129/391] loss 0.7132 lr 0.09588773128419906 acc 75.78% eta 2:03:41
2023-04-24 04:47:42,060 - __main__ - INFO - [INFO] 2023-04-24 04:47:42.059962 Epoch [14/100] batch [257/391] loss 0.5677 lr 0.09588773128419906 acc 71.88% eta 2:04:23
2023-04-24 04:48:16,241 - __main__ - INFO - [INFO] 2023-04-24 04:48:16.241516 Epoch [14/100] batch [385/391] loss 0.5385 lr 0.09588773128419906 acc 75.00% eta 2:03:14
2023-04-24 04:48:17,816 - __main__ - INFO - Computing epoch 14 validation accuracy...
2023-04-24 04:48:24,640 - __main__ - INFO - Computing epoch 14 validation loss...
2023-04-24 04:48:31,141 - __main__ - INFO - [INFO] 2023-04-24 04:48:31.141523 Epoch [15/100] batch [1/391] loss 0.6130 lr 0.09524135262330098 acc 70.31% eta 1:42:42
2023-04-24 04:48:58,319 - __main__ - INFO - [INFO] 2023-04-24 04:48:58.319687 Epoch [15/100] batch [129/391] loss 0.4398 lr 0.09524135262330098 acc 84.38% eta 1:39:16
2023-04-24 04:49:32,551 - __main__ - INFO - [INFO] 2023-04-24 04:49:32.551634 Epoch [15/100] batch [257/391] loss 0.5518 lr 0.09524135262330098 acc 80.47% eta 1:49:48
2023-04-24 04:50:06,610 - __main__ - INFO - [INFO] 2023-04-24 04:50:06.610028 Epoch [15/100] batch [385/391] loss 0.3505 lr 0.09524135262330098 acc 85.94% eta 1:52:48
2023-04-24 04:50:08,160 - __main__ - INFO - Computing epoch 15 validation accuracy...
2023-04-24 04:50:14,935 - __main__ - INFO - Computing epoch 15 validation loss...
2023-04-24 04:50:21,720 - __main__ - INFO - [INFO] 2023-04-24 04:50:21.720408 Epoch [16/100] batch [1/391] loss 0.7054 lr 0.0945503262094184 acc 75.78% eta 2:03:49
2023-04-24 04:50:56,282 - __main__ - INFO - [INFO] 2023-04-24 04:50:56.281895 Epoch [16/100] batch [129/391] loss 0.6441 lr 0.0945503262094184 acc 74.22% eta 2:00:39
2023-04-24 04:51:30,467 - __main__ - INFO - [INFO] 2023-04-24 04:51:30.466980 Epoch [16/100] batch [257/391] loss 0.6501 lr 0.0945503262094184 acc 71.88% eta 1:59:35
2023-04-24 04:52:04,520 - __main__ - INFO - [INFO] 2023-04-24 04:52:04.520296 Epoch [16/100] batch [385/391] loss 0.4906 lr 0.0945503262094184 acc 87.50% eta 1:58:48
2023-04-24 04:52:06,011 - __main__ - INFO - Computing epoch 16 validation accuracy...
2023-04-24 04:52:12,664 - __main__ - INFO - Computing epoch 16 validation loss...
2023-04-24 04:52:19,501 - __main__ - INFO - [INFO] 2023-04-24 04:52:19.500885 Epoch [17/100] batch [1/391] loss 0.6495 lr 0.09381533400219319 acc 78.91% eta 1:57:02
2023-04-24 04:52:54,285 - __main__ - INFO - [INFO] 2023-04-24 04:52:54.285102 Epoch [17/100] batch [129/391] loss 0.6159 lr 0.09381533400219319 acc 82.81% eta 2:00:14
2023-04-24 04:53:28,617 - __main__ - INFO - [INFO] 2023-04-24 04:53:28.617513 Epoch [17/100] batch [257/391] loss 0.5569 lr 0.09381533400219319 acc 82.03% eta 1:59:05
2023-04-24 04:54:03,009 - __main__ - INFO - [INFO] 2023-04-24 04:54:03.008849 Epoch [17/100] batch [385/391] loss 0.4461 lr 0.09381533400219319 acc 87.50% eta 1:58:28
2023-04-24 04:54:04,526 - __main__ - INFO - Computing epoch 17 validation accuracy...
2023-04-24 04:54:11,153 - __main__ - INFO - Computing epoch 17 validation loss...
2023-04-24 04:54:17,982 - __main__ - INFO - [INFO] 2023-04-24 04:54:17.982609 Epoch [18/100] batch [1/391] loss 0.5192 lr 0.0930371013501972 acc 82.03% eta 2:02:07
2023-04-24 04:54:52,647 - __main__ - INFO - [INFO] 2023-04-24 04:54:52.647145 Epoch [18/100] batch [129/391] loss 0.3531 lr 0.0930371013501972 acc 86.72% eta 1:58:40
2023-04-24 04:55:20,838 - __main__ - INFO - [INFO] 2023-04-24 04:55:20.838323 Epoch [18/100] batch [257/391] loss 0.4520 lr 0.0930371013501972 acc 74.22% eta 1:48:21
2023-04-24 04:55:53,486 - __main__ - INFO - [INFO] 2023-04-24 04:55:53.486178 Epoch [18/100] batch [385/391] loss 0.3752 lr 0.0930371013501972 acc 85.16% eta 1:49:10
2023-04-24 04:55:54,880 - __main__ - INFO - Computing epoch 18 validation accuracy...
2023-04-24 04:56:01,214 - __main__ - INFO - Computing epoch 18 validation loss...
2023-04-24 04:56:07,773 - __main__ - INFO - [INFO] 2023-04-24 04:56:07.773365 Epoch [19/100] batch [1/391] loss 0.4338 lr 0.09221639627510078 acc 84.38% eta 1:58:21
2023-04-24 04:56:40,283 - __main__ - INFO - [INFO] 2023-04-24 04:56:40.283090 Epoch [19/100] batch [129/391] loss 0.5060 lr 0.09221639627510078 acc 82.03% eta 1:51:04
2023-04-24 04:57:11,894 - __main__ - INFO - [INFO] 2023-04-24 04:57:11.894107 Epoch [19/100] batch [257/391] loss 0.3820 lr 0.09221639627510078 acc 76.56% eta 1:48:57
2023-04-24 04:57:43,967 - __main__ - INFO - [INFO] 2023-04-24 04:57:43.967186 Epoch [19/100] batch [385/391] loss 0.5104 lr 0.09221639627510078 acc 81.25% eta 1:48:28
2023-04-24 04:57:45,454 - __main__ - INFO - Computing epoch 19 validation accuracy...
2023-04-24 04:57:51,108 - __main__ - INFO - Computing epoch 19 validation loss...
2023-04-24 04:57:57,855 - __main__ - INFO - [INFO] 2023-04-24 04:57:57.854976 Epoch [20/100] batch [1/391] loss 0.6372 lr 0.09135402871372812 acc 83.59% eta 1:50:02
2023-04-24 04:58:32,050 - __main__ - INFO - [INFO] 2023-04-24 04:58:32.049828 Epoch [20/100] batch [129/391] loss 0.4433 lr 0.09135402871372812 acc 83.59% eta 1:54:37
2023-04-24 04:59:06,689 - __main__ - INFO - [INFO] 2023-04-24 04:59:06.689694 Epoch [20/100] batch [257/391] loss 0.5159 lr 0.09135402871372812 acc 85.16% eta 1:54:42
2023-04-24 04:59:40,846 - __main__ - INFO - [INFO] 2023-04-24 04:59:40.846225 Epoch [20/100] batch [385/391] loss 0.4593 lr 0.09135402871372812 acc 84.38% eta 1:53:56
2023-04-24 04:59:42,350 - __main__ - INFO - Computing epoch 20 validation accuracy...
2023-04-24 04:59:49,004 - __main__ - INFO - Computing epoch 20 validation loss...
2023-04-24 04:59:55,951 - __main__ - INFO - [INFO] 2023-04-24 04:59:55.951683 Epoch [21/100] batch [1/391] loss 0.5524 lr 0.09045084971874741 acc 82.03% eta 1:56:20
2023-04-24 05:00:30,326 - __main__ - INFO - [INFO] 2023-04-24 05:00:30.325900 Epoch [21/100] batch [129/391] loss 0.4811 lr 0.09045084971874741 acc 87.50% eta 1:53:32
2023-04-24 05:01:04,449 - __main__ - INFO - [INFO] 2023-04-24 05:01:04.449323 Epoch [21/100] batch [257/391] loss 0.5807 lr 0.09045084971874741 acc 85.16% eta 1:52:37
2023-04-24 05:01:38,545 - __main__ - INFO - [INFO] 2023-04-24 05:01:38.545075 Epoch [21/100] batch [385/391] loss 0.5320 lr 0.09045084971874741 acc 89.06% eta 1:52:04
2023-04-24 05:01:40,090 - __main__ - INFO - Computing epoch 21 validation accuracy...
2023-04-24 05:01:46,606 - __main__ - INFO - Computing epoch 21 validation loss...
2023-04-24 05:01:53,399 - __main__ - INFO - [INFO] 2023-04-24 05:01:53.399040 Epoch [22/100] batch [1/391] loss 0.4339 lr 0.08950775061878455 acc 79.69% eta 1:52:08
2023-04-24 05:02:27,930 - __main__ - INFO - [INFO] 2023-04-24 05:02:27.930315 Epoch [22/100] batch [129/391] loss 0.4471 lr 0.08950775061878455 acc 87.50% eta 1:53:02
2023-04-24 05:03:02,049 - __main__ - INFO - [INFO] 2023-04-24 05:03:02.048838 Epoch [22/100] batch [257/391] loss 0.5615 lr 0.08950775061878455 acc 80.47% eta 1:51:38
2023-04-24 05:03:36,185 - __main__ - INFO - [INFO] 2023-04-24 05:03:36.185291 Epoch [22/100] batch [385/391] loss 0.3940 lr 0.08950775061878455 acc 86.72% eta 1:50:57
2023-04-24 05:03:37,726 - __main__ - INFO - Computing epoch 22 validation accuracy...
2023-04-24 05:03:44,197 - __main__ - INFO - Computing epoch 22 validation loss...
2023-04-24 05:03:51,033 - __main__ - INFO - [INFO] 2023-04-24 05:03:51.033218 Epoch [23/100] batch [1/391] loss 0.6054 lr 0.0885256621387895 acc 82.81% eta 1:52:07
2023-04-24 05:04:20,377 - __main__ - INFO - [INFO] 2023-04-24 05:04:20.377532 Epoch [23/100] batch [129/391] loss 0.4368 lr 0.0885256621387895 acc 85.16% eta 1:36:35
2023-04-24 05:04:53,476 - __main__ - INFO - [INFO] 2023-04-24 05:04:53.476333 Epoch [23/100] batch [257/391] loss 0.5362 lr 0.0885256621387895 acc 81.25% eta 1:41:11
2023-04-24 05:05:27,815 - __main__ - INFO - [INFO] 2023-04-24 05:05:27.814998 Epoch [23/100] batch [385/391] loss 0.5376 lr 0.0885256621387895 acc 82.81% eta 1:43:37
2023-04-24 05:05:29,341 - __main__ - INFO - Computing epoch 23 validation accuracy...
2023-04-24 05:05:35,898 - __main__ - INFO - Computing epoch 23 validation loss...
2023-04-24 05:05:42,751 - __main__ - INFO - [INFO] 2023-04-24 05:05:42.751634 Epoch [24/100] batch [1/391] loss 0.5479 lr 0.08750555348152302 acc 82.81% eta 1:50:33
2023-04-24 05:06:16,690 - __main__ - INFO - [INFO] 2023-04-24 05:06:16.689863 Epoch [24/100] batch [129/391] loss 0.4788 lr 0.08750555348152302 acc 79.69% eta 1:47:38
2023-04-24 05:06:50,863 - __main__ - INFO - [INFO] 2023-04-24 05:06:50.863550 Epoch [24/100] batch [257/391] loss 0.4513 lr 0.08750555348152302 acc 82.03% eta 1:47:40
2023-04-24 05:07:24,741 - __main__ - INFO - [INFO] 2023-04-24 05:07:24.741741 Epoch [24/100] batch [385/391] loss 0.5402 lr 0.08750555348152302 acc 80.47% eta 1:47:04
2023-04-24 05:07:26,321 - __main__ - INFO - Computing epoch 24 validation accuracy...
2023-04-24 05:07:32,790 - __main__ - INFO - Computing epoch 24 validation loss...
2023-04-24 05:07:39,546 - __main__ - INFO - [INFO] 2023-04-24 05:07:39.546291 Epoch [25/100] batch [1/391] loss 0.4738 lr 0.08644843137107061 acc 85.94% eta 1:47:35
2023-04-24 05:08:13,434 - __main__ - INFO - [INFO] 2023-04-24 05:08:13.434102 Epoch [25/100] batch [129/391] loss 0.4276 lr 0.08644843137107061 acc 85.16% eta 1:45:55
2023-04-24 05:08:47,765 - __main__ - INFO - [INFO] 2023-04-24 05:08:47.765609 Epoch [25/100] batch [257/391] loss 0.3699 lr 0.08644843137107061 acc 90.62% eta 1:46:10
2023-04-24 05:09:21,844 - __main__ - INFO - [INFO] 2023-04-24 05:09:21.844002 Epoch [25/100] batch [385/391] loss 0.4010 lr 0.08644843137107061 acc 87.50% eta 1:45:37
2023-04-24 05:09:23,373 - __main__ - INFO - Computing epoch 25 validation accuracy...
2023-04-24 05:09:30,049 - __main__ - INFO - Computing epoch 25 validation loss...
2023-04-24 05:09:36,787 - __main__ - INFO - [INFO] 2023-04-24 05:09:36.786841 Epoch [26/100] batch [1/391] loss 0.4471 lr 0.0853553390593274 acc 85.94% eta 1:57:54
2023-04-24 05:10:10,983 - __main__ - INFO - [INFO] 2023-04-24 05:10:10.983781 Epoch [26/100] batch [129/391] loss 0.6076 lr 0.0853553390593274 acc 76.56% eta 1:45:27
2023-04-24 05:10:42,946 - __main__ - INFO - [INFO] 2023-04-24 05:10:42.946378 Epoch [26/100] batch [257/391] loss 0.3440 lr 0.0853553390593274 acc 89.06% eta 1:41:55
2023-04-24 05:11:14,891 - __main__ - INFO - [INFO] 2023-04-24 05:11:14.891487 Epoch [26/100] batch [385/391] loss 0.4582 lr 0.0853553390593274 acc 83.59% eta 1:40:49
2023-04-24 05:11:16,473 - __main__ - INFO - Computing epoch 26 validation accuracy...
2023-04-24 05:11:24,281 - __main__ - INFO - Computing epoch 26 validation loss...
2023-04-24 05:11:30,851 - __main__ - INFO - [INFO] 2023-04-24 05:11:30.851553 Epoch [27/100] batch [1/391] loss 0.3542 lr 0.08422735529643446 acc 88.28% eta 1:47:02
2023-04-24 05:12:05,064 - __main__ - INFO - [INFO] 2023-04-24 05:12:05.063922 Epoch [27/100] batch [129/391] loss 0.3127 lr 0.08422735529643446 acc 91.41% eta 1:45:33
2023-04-24 05:12:38,590 - __main__ - INFO - [INFO] 2023-04-24 05:12:38.590218 Epoch [27/100] batch [257/391] loss 0.4408 lr 0.08422735529643446 acc 89.84% eta 1:43:47
2023-04-24 05:13:10,612 - __main__ - INFO - [INFO] 2023-04-24 05:13:10.612376 Epoch [27/100] batch [385/391] loss 0.5449 lr 0.08422735529643446 acc 85.16% eta 1:41:26
2023-04-24 05:13:12,040 - __main__ - INFO - Computing epoch 27 validation accuracy...
2023-04-24 05:13:18,523 - __main__ - INFO - Computing epoch 27 validation loss...
2023-04-24 05:13:24,935 - __main__ - INFO - [INFO] 2023-04-24 05:13:24.935608 Epoch [28/100] batch [1/391] loss 0.3610 lr 0.08306559326618262 acc 83.59% eta 1:37:29
2023-04-24 05:13:58,674 - __main__ - INFO - [INFO] 2023-04-24 05:13:58.674052 Epoch [28/100] batch [129/391] loss 0.3908 lr 0.08306559326618262 acc 86.72% eta 1:41:43
2023-04-24 05:14:32,771 - __main__ - INFO - [INFO] 2023-04-24 05:14:32.771291 Epoch [28/100] batch [257/391] loss 0.3827 lr 0.08306559326618262 acc 87.50% eta 1:41:47
2023-04-24 05:15:06,556 - __main__ - INFO - [INFO] 2023-04-24 05:15:06.556350 Epoch [28/100] batch [385/391] loss 0.5667 lr 0.08306559326618262 acc 87.50% eta 1:41:08
2023-04-24 05:15:08,084 - __main__ - INFO - Computing epoch 28 validation accuracy...
2023-04-24 05:15:14,796 - __main__ - INFO - Computing epoch 28 validation loss...
2023-04-24 05:15:21,626 - __main__ - INFO - [INFO] 2023-04-24 05:15:21.626416 Epoch [29/100] batch [1/391] loss 0.3257 lr 0.08187119948743452 acc 85.16% eta 1:37:10
2023-04-24 05:15:55,519 - __main__ - INFO - [INFO] 2023-04-24 05:15:55.519111 Epoch [29/100] batch [129/391] loss 0.4661 lr 0.08187119948743452 acc 89.06% eta 1:40:42
2023-04-24 05:16:29,872 - __main__ - INFO - [INFO] 2023-04-24 05:16:29.872026 Epoch [29/100] batch [257/391] loss 0.4391 lr 0.08187119948743452 acc 85.94% eta 1:41:02
2023-04-24 05:17:04,405 - __main__ - INFO - [INFO] 2023-04-24 05:17:04.405130 Epoch [29/100] batch [385/391] loss 0.4780 lr 0.08187119948743452 acc 82.03% eta 1:40:53
2023-04-24 05:17:05,933 - __main__ - INFO - Computing epoch 29 validation accuracy...
2023-04-24 05:17:12,525 - __main__ - INFO - Computing epoch 29 validation loss...
2023-04-24 05:17:19,364 - __main__ - INFO - [INFO] 2023-04-24 05:17:19.364404 Epoch [30/100] batch [1/391] loss 0.2999 lr 0.08064535268264886 acc 92.19% eta 1:41:55
2023-04-24 05:17:53,802 - __main__ - INFO - [INFO] 2023-04-24 05:17:53.801878 Epoch [30/100] batch [129/391] loss 0.4611 lr 0.08064535268264886 acc 84.38% eta 1:40:41
2023-04-24 05:18:28,156 - __main__ - INFO - [INFO] 2023-04-24 05:18:28.156280 Epoch [30/100] batch [257/391] loss 0.4218 lr 0.08064535268264886 acc 77.34% eta 1:40:09
2023-04-24 05:19:02,465 - __main__ - INFO - [INFO] 2023-04-24 05:19:02.464993 Epoch [30/100] batch [385/391] loss 0.6317 lr 0.08064535268264886 acc 85.16% eta 1:39:38
2023-04-24 05:19:03,997 - __main__ - INFO - Computing epoch 30 validation accuracy...
2023-04-24 05:19:10,671 - __main__ - INFO - Computing epoch 30 validation loss...
2023-04-24 05:19:17,406 - __main__ - INFO - [INFO] 2023-04-24 05:19:17.406345 Epoch [31/100] batch [1/391] loss 0.4138 lr 0.0793892626146237 acc 89.06% eta 1:39:51
2023-04-24 05:19:48,695 - __main__ - INFO - [INFO] 2023-04-24 05:19:48.695586 Epoch [31/100] batch [129/391] loss 0.5639 lr 0.0793892626146237 acc 86.72% eta 1:31:04
2023-04-24 05:20:18,605 - __main__ - INFO - [INFO] 2023-04-24 05:20:18.604896 Epoch [31/100] batch [257/391] loss 0.3829 lr 0.0793892626146237 acc 89.06% eta 1:28:39
2023-04-24 05:20:52,748 - __main__ - INFO - [INFO] 2023-04-24 05:20:52.748575 Epoch [31/100] batch [385/391] loss 0.3519 lr 0.0793892626146237 acc 82.03% eta 1:31:13
2023-04-24 05:20:54,270 - __main__ - INFO - Computing epoch 31 validation accuracy...
2023-04-24 05:21:00,762 - __main__ - INFO - Computing epoch 31 validation loss...
2023-04-24 05:21:07,561 - __main__ - INFO - [INFO] 2023-04-24 05:21:07.560966 Epoch [32/100] batch [1/391] loss 0.6043 lr 0.07810416889260657 acc 85.16% eta 1:41:20
2023-04-24 05:21:41,898 - __main__ - INFO - [INFO] 2023-04-24 05:21:41.898082 Epoch [32/100] batch [129/391] loss 0.3999 lr 0.07810416889260657 acc 83.59% eta 1:37:23
2023-04-24 05:22:16,508 - __main__ - INFO - [INFO] 2023-04-24 05:22:16.508134 Epoch [32/100] batch [257/391] loss 0.4153 lr 0.07810416889260657 acc 89.06% eta 1:37:19
2023-04-24 05:22:51,252 - __main__ - INFO - [INFO] 2023-04-24 05:22:51.252363 Epoch [32/100] batch [385/391] loss 0.3259 lr 0.07810416889260657 acc 85.16% eta 1:37:00
2023-04-24 05:22:52,785 - __main__ - INFO - Computing epoch 32 validation accuracy...
2023-04-24 05:22:59,282 - __main__ - INFO - Computing epoch 32 validation loss...
2023-04-24 05:23:06,017 - __main__ - INFO - [INFO] 2023-04-24 05:23:06.017228 Epoch [33/100] batch [1/391] loss 0.5993 lr 0.07679133974894986 acc 82.81% eta 1:38:09
2023-04-24 05:23:40,522 - __main__ - INFO - [INFO] 2023-04-24 05:23:40.521945 Epoch [33/100] batch [129/391] loss 0.3693 lr 0.07679133974894986 acc 81.25% eta 1:36:29
2023-04-24 05:24:14,839 - __main__ - INFO - [INFO] 2023-04-24 05:24:14.839586 Epoch [33/100] batch [257/391] loss 0.3542 lr 0.07679133974894986 acc 85.16% eta 1:35:47
2023-04-24 05:24:49,074 - __main__ - INFO - [INFO] 2023-04-24 05:24:49.074136 Epoch [33/100] batch [385/391] loss 0.4239 lr 0.07679133974894986 acc 82.03% eta 1:35:13
2023-04-24 05:24:50,597 - __main__ - INFO - Computing epoch 33 validation accuracy...
2023-04-24 05:24:57,356 - __main__ - INFO - Computing epoch 33 validation loss...
2023-04-24 05:25:04,133 - __main__ - INFO - [INFO] 2023-04-24 05:25:04.133476 Epoch [34/100] batch [1/391] loss 0.4230 lr 0.0754520707875186 acc 82.03% eta 1:34:42
2023-04-24 05:25:37,947 - __main__ - INFO - [INFO] 2023-04-24 05:25:37.947535 Epoch [34/100] batch [129/391] loss 0.3830 lr 0.0754520707875186 acc 84.38% eta 1:33:11
2023-04-24 05:26:10,916 - __main__ - INFO - [INFO] 2023-04-24 05:26:10.915872 Epoch [34/100] batch [257/391] loss 0.3804 lr 0.0754520707875186 acc 82.81% eta 1:31:40
2023-04-24 05:26:39,705 - __main__ - INFO - [INFO] 2023-04-24 05:26:39.705060 Epoch [34/100] batch [385/391] loss 0.3826 lr 0.0754520707875186 acc 86.72% eta 1:27:33
2023-04-24 05:26:40,960 - __main__ - INFO - Computing epoch 34 validation accuracy...
2023-04-24 05:26:47,369 - __main__ - INFO - Computing epoch 34 validation loss...
2023-04-24 05:26:54,212 - __main__ - INFO - [INFO] 2023-04-24 05:26:54.211852 Epoch [35/100] batch [1/391] loss 0.4000 lr 0.0740876837050858 acc 87.50% eta 1:33:54
2023-04-24 05:27:26,667 - __main__ - INFO - [INFO] 2023-04-24 05:27:26.666829 Epoch [35/100] batch [129/391] loss 0.3621 lr 0.0740876837050858 acc 89.06% eta 1:29:08
2023-04-24 05:27:59,029 - __main__ - INFO - [INFO] 2023-04-24 05:27:59.029139 Epoch [35/100] batch [257/391] loss 0.3604 lr 0.0740876837050858 acc 89.84% eta 1:28:30
2023-04-24 05:28:31,235 - __main__ - INFO - [INFO] 2023-04-24 05:28:31.235359 Epoch [35/100] batch [385/391] loss 0.3498 lr 0.0740876837050858 acc 91.41% eta 1:27:47
2023-04-24 05:28:32,778 - __main__ - INFO - Computing epoch 35 validation accuracy...
2023-04-24 05:28:39,109 - __main__ - INFO - Computing epoch 35 validation loss...
2023-04-24 05:28:45,601 - __main__ - INFO - [INFO] 2023-04-24 05:28:45.601717 Epoch [36/100] batch [1/391] loss 0.4350 lr 0.07269952498697738 acc 84.38% eta 1:30:20
2023-04-24 05:29:19,085 - __main__ - INFO - [INFO] 2023-04-24 05:29:19.085161 Epoch [36/100] batch [129/391] loss 0.3239 lr 0.07269952498697738 acc 90.62% eta 1:30:07
2023-04-24 05:29:53,549 - __main__ - INFO - [INFO] 2023-04-24 05:29:53.549728 Epoch [36/100] batch [257/391] loss 0.4840 lr 0.07269952498697738 acc 88.28% eta 1:30:43
2023-04-24 05:30:27,662 - __main__ - INFO - [INFO] 2023-04-24 05:30:27.662221 Epoch [36/100] batch [385/391] loss 0.3327 lr 0.07269952498697738 acc 92.19% eta 1:30:19
2023-04-24 05:30:29,148 - __main__ - INFO - Computing epoch 36 validation accuracy...
2023-04-24 05:30:35,804 - __main__ - INFO - Computing epoch 36 validation loss...
2023-04-24 05:30:42,621 - __main__ - INFO - [INFO] 2023-04-24 05:30:42.621117 Epoch [37/100] batch [1/391] loss 0.3908 lr 0.07128896457825366 acc 89.84% eta 1:34:43
2023-04-24 05:31:16,918 - __main__ - INFO - [INFO] 2023-04-24 05:31:16.918397 Epoch [37/100] batch [129/391] loss 0.3963 lr 0.07128896457825366 acc 85.94% eta 1:30:40
2023-04-24 05:31:50,530 - __main__ - INFO - [INFO] 2023-04-24 05:31:50.530206 Epoch [37/100] batch [257/391] loss 0.3465 lr 0.07128896457825366 acc 80.47% eta 1:29:19
2023-04-24 05:32:24,762 - __main__ - INFO - [INFO] 2023-04-24 05:32:24.762057 Epoch [37/100] batch [385/391] loss 0.4262 lr 0.07128896457825366 acc 86.72% eta 1:29:04
2023-04-24 05:32:26,309 - __main__ - INFO - Computing epoch 37 validation accuracy...
2023-04-24 05:32:32,839 - __main__ - INFO - Computing epoch 37 validation loss...
2023-04-24 05:32:39,865 - __main__ - INFO - [INFO] 2023-04-24 05:32:39.865425 Epoch [38/100] batch [1/391] loss 0.3735 lr 0.06985739453173906 acc 92.19% eta 1:30:56
2023-04-24 05:33:14,022 - __main__ - INFO - [INFO] 2023-04-24 05:33:14.022458 Epoch [38/100] batch [129/391] loss 0.3975 lr 0.06985739453173906 acc 89.06% eta 1:28:43
2023-04-24 05:33:47,905 - __main__ - INFO - [INFO] 2023-04-24 05:33:47.905587 Epoch [38/100] batch [257/391] loss 0.3939 lr 0.06985739453173906 acc 90.62% eta 1:27:49
2023-04-24 05:34:21,856 - __main__ - INFO - [INFO] 2023-04-24 05:34:21.856347 Epoch [38/100] batch [385/391] loss 0.3486 lr 0.06985739453173906 acc 90.62% eta 1:27:16
2023-04-24 05:34:23,367 - __main__ - INFO - Computing epoch 38 validation accuracy...
2023-04-24 05:34:30,166 - __main__ - INFO - Computing epoch 38 validation loss...
2023-04-24 05:34:36,927 - __main__ - INFO - [INFO] 2023-04-24 05:34:36.926883 Epoch [39/100] batch [1/391] loss 0.3649 lr 0.06840622763423394 acc 87.50% eta 1:28:59
2023-04-24 05:35:10,868 - __main__ - INFO - [INFO] 2023-04-24 05:35:10.868768 Epoch [39/100] batch [129/391] loss 0.3371 lr 0.06840622763423394 acc 82.03% eta 1:26:37
2023-04-24 05:35:38,431 - __main__ - INFO - [INFO] 2023-04-24 05:35:38.431012 Epoch [39/100] batch [257/391] loss 0.3459 lr 0.06840622763423394 acc 86.72% eta 1:19:00
2023-04-24 05:36:12,011 - __main__ - INFO - [INFO] 2023-04-24 05:36:12.011611 Epoch [39/100] batch [385/391] loss 0.3637 lr 0.06840622763423394 acc 90.62% eta 1:20:34
2023-04-24 05:36:13,532 - __main__ - INFO - Computing epoch 39 validation accuracy...
2023-04-24 05:36:20,269 - __main__ - INFO - Computing epoch 39 validation loss...
2023-04-24 05:36:27,223 - __main__ - INFO - [INFO] 2023-04-24 05:36:27.223499 Epoch [40/100] batch [1/391] loss 0.2164 lr 0.06693689601226462 acc 93.75% eta 1:47:43
2023-04-24 05:37:01,859 - __main__ - INFO - [INFO] 2023-04-24 05:37:01.859691 Epoch [40/100] batch [129/391] loss 0.4671 lr 0.06693689601226462 acc 85.16% eta 1:27:06
2023-04-24 05:37:36,294 - __main__ - INFO - [INFO] 2023-04-24 05:37:36.294035 Epoch [40/100] batch [257/391] loss 0.3517 lr 0.06693689601226462 acc 84.38% eta 1:26:08
2023-04-24 05:38:10,472 - __main__ - INFO - [INFO] 2023-04-24 05:38:10.472670 Epoch [40/100] batch [385/391] loss 0.3863 lr 0.06693689601226462 acc 89.06% eta 1:25:24
2023-04-24 05:38:11,989 - __main__ - INFO - Computing epoch 40 validation accuracy...
2023-04-24 05:38:18,592 - __main__ - INFO - Computing epoch 40 validation loss...
2023-04-24 05:38:25,547 - __main__ - INFO - [INFO] 2023-04-24 05:38:25.547078 Epoch [41/100] batch [1/391] loss 0.3507 lr 0.06545084971874741 acc 88.28% eta 1:27:12
2023-04-24 05:38:59,799 - __main__ - INFO - [INFO] 2023-04-24 05:38:59.799639 Epoch [41/100] batch [129/391] loss 0.3776 lr 0.06545084971874741 acc 82.81% eta 1:24:20
2023-04-24 05:39:34,677 - __main__ - INFO - [INFO] 2023-04-24 05:39:34.677377 Epoch [41/100] batch [257/391] loss 0.3197 lr 0.06545084971874741 acc 90.62% eta 1:24:33
2023-04-24 05:40:09,355 - __main__ - INFO - [INFO] 2023-04-24 05:40:09.355385 Epoch [41/100] batch [385/391] loss 0.4066 lr 0.06545084971874741 acc 82.03% eta 1:24:11
2023-04-24 05:40:10,963 - __main__ - INFO - Computing epoch 41 validation accuracy...
2023-04-24 05:40:17,614 - __main__ - INFO - Computing epoch 41 validation loss...
2023-04-24 05:40:24,748 - __main__ - INFO - [INFO] 2023-04-24 05:40:24.748648 Epoch [42/100] batch [1/391] loss 0.5212 lr 0.06394955530196152 acc 82.81% eta 1:21:58
2023-04-24 05:40:59,012 - __main__ - INFO - [INFO] 2023-04-24 05:40:59.011982 Epoch [42/100] batch [129/391] loss 0.4744 lr 0.06394955530196152 acc 82.03% eta 1:23:06
2023-04-24 05:41:33,432 - __main__ - INFO - [INFO] 2023-04-24 05:41:33.432706 Epoch [42/100] batch [257/391] loss 0.3499 lr 0.06394955530196152 acc 89.06% eta 1:22:51
2023-04-24 05:42:01,136 - __main__ - INFO - [INFO] 2023-04-24 05:42:01.136107 Epoch [42/100] batch [385/391] loss 0.3700 lr 0.06394955530196152 acc 89.84% eta 1:17:41
2023-04-24 05:42:02,437 - __main__ - INFO - Computing epoch 42 validation accuracy...
2023-04-24 05:42:08,817 - __main__ - INFO - Computing epoch 42 validation loss...
2023-04-24 05:42:15,319 - __main__ - INFO - [INFO] 2023-04-24 05:42:15.318957 Epoch [43/100] batch [1/391] loss 0.2607 lr 0.062434494358242776 acc 94.53% eta 1:21:46
2023-04-24 05:42:48,813 - __main__ - INFO - [INFO] 2023-04-24 05:42:48.813474 Epoch [43/100] batch [129/391] loss 0.4733 lr 0.062434494358242776 acc 85.94% eta 1:20:23
2023-04-24 05:43:21,679 - __main__ - INFO - [INFO] 2023-04-24 05:43:21.679660 Epoch [43/100] batch [257/391] loss 0.3553 lr 0.062434494358242776 acc 88.28% eta 1:19:11
2023-04-24 05:43:54,670 - __main__ - INFO - [INFO] 2023-04-24 05:43:54.670032 Epoch [43/100] batch [385/391] loss 0.3618 lr 0.062434494358242776 acc 87.50% eta 1:18:36
2023-04-24 05:43:56,196 - __main__ - INFO - Computing epoch 43 validation accuracy...
2023-04-24 05:44:02,605 - __main__ - INFO - Computing epoch 43 validation loss...
2023-04-24 05:44:09,218 - __main__ - INFO - [INFO] 2023-04-24 05:44:09.217943 Epoch [44/100] batch [1/391] loss 0.3138 lr 0.06090716206982718 acc 87.50% eta 1:20:58
2023-04-24 05:44:42,998 - __main__ - INFO - [INFO] 2023-04-24 05:44:42.998488 Epoch [44/100] batch [129/391] loss 0.3046 lr 0.06090716206982718 acc 86.72% eta 1:19:37
2023-04-24 05:45:15,778 - __main__ - INFO - [INFO] 2023-04-24 05:45:15.777818 Epoch [44/100] batch [257/391] loss 0.3466 lr 0.06090716206982718 acc 89.06% eta 1:18:07
2023-04-24 05:45:48,689 - __main__ - INFO - [INFO] 2023-04-24 05:45:48.689559 Epoch [44/100] batch [385/391] loss 0.3010 lr 0.06090716206982718 acc 87.50% eta 1:17:21
2023-04-24 05:45:50,300 - __main__ - INFO - Computing epoch 44 validation accuracy...
2023-04-24 05:45:56,608 - __main__ - INFO - Computing epoch 44 validation loss...
2023-04-24 05:46:03,110 - __main__ - INFO - [INFO] 2023-04-24 05:46:03.110697 Epoch [45/100] batch [1/391] loss 0.3465 lr 0.05936906572928628 acc 85.16% eta 1:20:40
2023-04-24 05:46:36,614 - __main__ - INFO - [INFO] 2023-04-24 05:46:36.614657 Epoch [45/100] batch [129/391] loss 0.2580 lr 0.05936906572928628 acc 85.94% eta 1:17:46
2023-04-24 05:47:10,956 - __main__ - INFO - [INFO] 2023-04-24 05:47:10.956225 Epoch [45/100] batch [257/391] loss 0.4067 lr 0.05936906572928628 acc 89.06% eta 1:18:03
2023-04-24 05:47:45,131 - __main__ - INFO - [INFO] 2023-04-24 05:47:45.131340 Epoch [45/100] batch [385/391] loss 0.3536 lr 0.05936906572928628 acc 81.25% eta 1:17:43
2023-04-24 05:47:46,622 - __main__ - INFO - Computing epoch 45 validation accuracy...
2023-04-24 05:47:53,203 - __main__ - INFO - Computing epoch 45 validation loss...
2023-04-24 05:48:00,232 - __main__ - INFO - [INFO] 2023-04-24 05:48:00.232182 Epoch [46/100] batch [1/391] loss 0.3251 lr 0.05782172325201159 acc 92.19% eta 1:20:54
2023-04-24 05:48:34,314 - __main__ - INFO - [INFO] 2023-04-24 05:48:34.314586 Epoch [46/100] batch [129/391] loss 0.3531 lr 0.05782172325201159 acc 89.06% eta 1:17:17
2023-04-24 05:49:08,362 - __main__ - INFO - [INFO] 2023-04-24 05:49:08.362798 Epoch [46/100] batch [257/391] loss 0.3277 lr 0.05782172325201159 acc 85.94% eta 1:16:47
2023-04-24 05:49:42,490 - __main__ - INFO - [INFO] 2023-04-24 05:49:42.490730 Epoch [46/100] batch [385/391] loss 0.3255 lr 0.05782172325201159 acc 90.62% eta 1:16:24
2023-04-24 05:49:44,017 - __main__ - INFO - Computing epoch 46 validation accuracy...
2023-04-24 05:49:50,668 - __main__ - INFO - Computing epoch 46 validation loss...
2023-04-24 05:49:57,504 - __main__ - INFO - [INFO] 2023-04-24 05:49:57.504386 Epoch [47/100] batch [1/391] loss 0.2612 lr 0.056266661678215264 acc 89.84% eta 1:21:24
2023-04-24 05:50:32,193 - __main__ - INFO - [INFO] 2023-04-24 05:50:32.193772 Epoch [47/100] batch [129/391] loss 0.4352 lr 0.056266661678215264 acc 82.81% eta 1:17:08
2023-04-24 05:51:06,597 - __main__ - INFO - [INFO] 2023-04-24 05:51:06.597734 Epoch [47/100] batch [257/391] loss 0.3659 lr 0.056266661678215264 acc 90.62% eta 1:16:20
2023-04-24 05:51:40,897 - __main__ - INFO - [INFO] 2023-04-24 05:51:40.897322 Epoch [47/100] batch [385/391] loss 0.2627 lr 0.056266661678215264 acc 87.50% eta 1:15:41
2023-04-24 05:51:42,479 - __main__ - INFO - Computing epoch 47 validation accuracy...
2023-04-24 05:51:49,136 - __main__ - INFO - Computing epoch 47 validation loss...
2023-04-24 05:51:55,925 - __main__ - INFO - [INFO] 2023-04-24 05:51:55.924988 Epoch [48/100] batch [1/391] loss 0.4656 lr 0.05470541566592575 acc 85.16% eta 1:15:41
2023-04-24 05:52:30,431 - __main__ - INFO - [INFO] 2023-04-24 05:52:30.430959 Epoch [48/100] batch [129/391] loss 0.2966 lr 0.05470541566592575 acc 92.19% eta 1:15:24
2023-04-24 05:53:01,163 - __main__ - INFO - [INFO] 2023-04-24 05:53:01.162938 Epoch [48/100] batch [257/391] loss 0.4653 lr 0.05470541566592575 acc 88.28% eta 1:11:09
2023-04-24 05:53:31,708 - __main__ - INFO - [INFO] 2023-04-24 05:53:31.708009 Epoch [48/100] batch [385/391] loss 0.4208 lr 0.05470541566592575 acc 88.28% eta 1:09:18
2023-04-24 05:53:33,258 - __main__ - INFO - Computing epoch 48 validation accuracy...
2023-04-24 05:53:40,057 - __main__ - INFO - Computing epoch 48 validation loss...
2023-04-24 05:53:47,158 - __main__ - INFO - [INFO] 2023-04-24 05:53:47.157917 Epoch [49/100] batch [1/391] loss 0.2848 lr 0.053139525976465714 acc 92.19% eta 1:13:08
2023-04-24 05:54:21,137 - __main__ - INFO - [INFO] 2023-04-24 05:54:21.137548 Epoch [49/100] batch [129/391] loss 0.2428 lr 0.053139525976465714 acc 94.53% eta 1:12:34
2023-04-24 05:54:55,197 - __main__ - INFO - [INFO] 2023-04-24 05:54:55.197544 Epoch [49/100] batch [257/391] loss 0.2900 lr 0.053139525976465714 acc 92.97% eta 1:12:07
2023-04-24 05:55:29,381 - __main__ - INFO - [INFO] 2023-04-24 05:55:29.381179 Epoch [49/100] batch [385/391] loss 0.2995 lr 0.053139525976465714 acc 91.41% eta 1:11:45
2023-04-24 05:55:30,913 - __main__ - INFO - Computing epoch 49 validation accuracy...
2023-04-24 05:55:37,551 - __main__ - INFO - Computing epoch 49 validation loss...
2023-04-24 05:55:44,517 - __main__ - INFO - [INFO] 2023-04-24 05:55:44.517006 Epoch [50/100] batch [1/391] loss 0.2376 lr 0.05157053795390645 acc 90.62% eta 1:16:20
2023-04-24 05:56:18,746 - __main__ - INFO - [INFO] 2023-04-24 05:56:18.745952 Epoch [50/100] batch [129/391] loss 0.3996 lr 0.05157053795390645 acc 92.19% eta 1:11:46
2023-04-24 05:56:53,368 - __main__ - INFO - [INFO] 2023-04-24 05:56:53.368598 Epoch [50/100] batch [257/391] loss 0.2167 lr 0.05157053795390645 acc 89.84% eta 1:11:45
2023-04-24 05:57:27,610 - __main__ - INFO - [INFO] 2023-04-24 05:57:27.610591 Epoch [50/100] batch [385/391] loss 0.1599 lr 0.05157053795390645 acc 97.66% eta 1:11:04
2023-04-24 05:57:29,331 - __main__ - INFO - Computing epoch 50 validation accuracy...
2023-04-24 05:57:36,296 - __main__ - INFO - Computing epoch 50 validation loss...
2023-04-24 05:57:43,166 - __main__ - INFO - [INFO] 2023-04-24 05:57:43.165929 Epoch [51/100] batch [1/391] loss 0.2540 lr 0.05000000000000004 acc 93.75% eta 1:06:28
2023-04-24 05:58:17,395 - __main__ - INFO - [INFO] 2023-04-24 05:58:17.395493 Epoch [51/100] batch [129/391] loss 0.3266 lr 0.05000000000000004 acc 94.53% eta 1:10:13
2023-04-24 05:58:52,106 - __main__ - INFO - [INFO] 2023-04-24 05:58:52.106170 Epoch [51/100] batch [257/391] loss 0.2677 lr 0.05000000000000004 acc 92.19% eta 1:10:16
2023-04-24 05:59:24,424 - __main__ - INFO - [INFO] 2023-04-24 05:59:24.424085 Epoch [51/100] batch [385/391] loss 0.3512 lr 0.05000000000000004 acc 92.19% eta 1:08:28
2023-04-24 05:59:25,754 - __main__ - INFO - Computing epoch 51 validation accuracy...
2023-04-24 05:59:30,854 - __main__ - INFO - Computing epoch 51 validation loss...
2023-04-24 05:59:36,395 - __main__ - INFO - [INFO] 2023-04-24 05:59:36.395746 Epoch [52/100] batch [1/391] loss 0.3438 lr 0.04842946204609362 acc 88.28% eta 0:56:34
2023-04-24 06:00:08,552 - __main__ - INFO - [INFO] 2023-04-24 06:00:08.551917 Epoch [52/100] batch [129/391] loss 0.2461 lr 0.04842946204609362 acc 90.62% eta 1:05:18
2023-04-24 06:00:42,075 - __main__ - INFO - [INFO] 2023-04-24 06:00:42.074833 Epoch [52/100] batch [257/391] loss 0.2335 lr 0.04842946204609362 acc 92.19% eta 1:06:10
2023-04-24 06:01:15,525 - __main__ - INFO - [INFO] 2023-04-24 06:01:15.525541 Epoch [52/100] batch [385/391] loss 0.3676 lr 0.04842946204609362 acc 85.94% eta 1:06:12
2023-04-24 06:01:17,118 - __main__ - INFO - Computing epoch 52 validation accuracy...
2023-04-24 06:01:23,266 - __main__ - INFO - Computing epoch 52 validation loss...
2023-04-24 06:01:29,685 - __main__ - INFO - [INFO] 2023-04-24 06:01:29.685471 Epoch [53/100] batch [1/391] loss 0.2457 lr 0.04686047402353437 acc 91.41% eta 1:07:37
2023-04-24 06:02:02,589 - __main__ - INFO - [INFO] 2023-04-24 06:02:02.589162 Epoch [53/100] batch [129/391] loss 0.3402 lr 0.04686047402353437 acc 90.62% eta 1:05:27
2023-04-24 06:02:35,689 - __main__ - INFO - [INFO] 2023-04-24 06:02:35.689676 Epoch [53/100] batch [257/391] loss 0.2828 lr 0.04686047402353437 acc 92.97% eta 1:05:13
2023-04-24 06:03:08,901 - __main__ - INFO - [INFO] 2023-04-24 06:03:08.901472 Epoch [53/100] batch [385/391] loss 0.2362 lr 0.04686047402353437 acc 90.62% eta 1:04:50
2023-04-24 06:03:10,430 - __main__ - INFO - Computing epoch 53 validation accuracy...
2023-04-24 06:03:17,042 - __main__ - INFO - Computing epoch 53 validation loss...
2023-04-24 06:03:23,502 - __main__ - INFO - [INFO] 2023-04-24 06:03:23.502623 Epoch [54/100] batch [1/391] loss 0.2730 lr 0.045294584334074316 acc 94.53% eta 1:07:00
2023-04-24 06:03:57,266 - __main__ - INFO - [INFO] 2023-04-24 06:03:57.266639 Epoch [54/100] batch [129/391] loss 0.2521 lr 0.045294584334074316 acc 91.41% eta 1:05:46
2023-04-24 06:04:29,842 - __main__ - INFO - [INFO] 2023-04-24 06:04:29.842514 Epoch [54/100] batch [257/391] loss 0.3005 lr 0.045294584334074316 acc 90.62% eta 1:04:05
2023-04-24 06:05:04,086 - __main__ - INFO - [INFO] 2023-04-24 06:05:04.086543 Epoch [54/100] batch [385/391] loss 0.3309 lr 0.045294584334074316 acc 92.97% eta 1:04:13
2023-04-24 06:05:05,602 - __main__ - INFO - Computing epoch 54 validation accuracy...
2023-04-24 06:05:12,314 - __main__ - INFO - Computing epoch 54 validation loss...
2023-04-24 06:05:19,227 - __main__ - INFO - [INFO] 2023-04-24 06:05:19.227519 Epoch [55/100] batch [1/391] loss 0.1857 lr 0.043733338321784825 acc 93.75% eta 1:13:31
2023-04-24 06:05:53,127 - __main__ - INFO - [INFO] 2023-04-24 06:05:53.126912 Epoch [55/100] batch [129/391] loss 0.3785 lr 0.043733338321784825 acc 91.41% eta 1:04:12
2023-04-24 06:06:27,566 - __main__ - INFO - [INFO] 2023-04-24 06:06:27.566303 Epoch [55/100] batch [257/391] loss 0.2157 lr 0.043733338321784825 acc 94.53% eta 1:04:14
2023-04-24 06:07:01,635 - __main__ - INFO - [INFO] 2023-04-24 06:07:01.635429 Epoch [55/100] batch [385/391] loss 0.2277 lr 0.043733338321784825 acc 92.19% eta 1:03:44
2023-04-24 06:07:03,133 - __main__ - INFO - Computing epoch 55 validation accuracy...
2023-04-24 06:07:09,821 - __main__ - INFO - Computing epoch 55 validation loss...
2023-04-24 06:07:16,736 - __main__ - INFO - [INFO] 2023-04-24 06:07:16.736452 Epoch [56/100] batch [1/391] loss 0.2942 lr 0.042178276747988484 acc 89.84% eta 1:04:29
2023-04-24 06:07:51,006 - __main__ - INFO - [INFO] 2023-04-24 06:07:51.006098 Epoch [56/100] batch [129/391] loss 0.1997 lr 0.042178276747988484 acc 94.53% eta 1:03:38
2023-04-24 06:08:25,430 - __main__ - INFO - [INFO] 2023-04-24 06:08:25.430212 Epoch [56/100] batch [257/391] loss 0.2521 lr 0.042178276747988484 acc 92.97% eta 1:03:15
2023-04-24 06:08:59,539 - __main__ - INFO - [INFO] 2023-04-24 06:08:59.538923 Epoch [56/100] batch [385/391] loss 0.2902 lr 0.042178276747988484 acc 91.41% eta 1:02:34
2023-04-24 06:09:01,088 - __main__ - INFO - Computing epoch 56 validation accuracy...
2023-04-24 06:09:07,656 - __main__ - INFO - Computing epoch 56 validation loss...
2023-04-24 06:09:14,618 - __main__ - INFO - [INFO] 2023-04-24 06:09:14.618597 Epoch [57/100] batch [1/391] loss 0.2513 lr 0.0406309342707138 acc 92.97% eta 1:04:21
2023-04-24 06:09:49,079 - __main__ - INFO - [INFO] 2023-04-24 06:09:49.079533 Epoch [57/100] batch [129/391] loss 0.2618 lr 0.0406309342707138 acc 93.75% eta 1:02:28
2023-04-24 06:10:23,132 - __main__ - INFO - [INFO] 2023-04-24 06:10:23.132372 Epoch [57/100] batch [257/391] loss 0.2685 lr 0.0406309342707138 acc 94.53% eta 1:01:35
2023-04-24 06:10:51,098 - __main__ - INFO - [INFO] 2023-04-24 06:10:51.097915 Epoch [57/100] batch [385/391] loss 0.2748 lr 0.0406309342707138 acc 92.19% eta 0:57:42
2023-04-24 06:10:52,306 - __main__ - INFO - Computing epoch 57 validation accuracy...
2023-04-24 06:10:58,315 - __main__ - INFO - Computing epoch 57 validation loss...
2023-04-24 06:11:05,117 - __main__ - INFO - [INFO] 2023-04-24 06:11:05.117077 Epoch [58/100] batch [1/391] loss 0.1620 lr 0.039092837930172916 acc 96.88% eta 1:02:00
2023-04-24 06:11:39,629 - __main__ - INFO - [INFO] 2023-04-24 06:11:39.629306 Epoch [58/100] batch [129/391] loss 0.1574 lr 0.039092837930172916 acc 93.75% eta 1:00:47
2023-04-24 06:12:13,703 - __main__ - INFO - [INFO] 2023-04-24 06:12:13.703433 Epoch [58/100] batch [257/391] loss 0.2238 lr 0.039092837930172916 acc 93.75% eta 0:59:55
2023-04-24 06:12:48,317 - __main__ - INFO - [INFO] 2023-04-24 06:12:48.317750 Epoch [58/100] batch [385/391] loss 0.2051 lr 0.039092837930172916 acc 90.62% eta 0:59:39
2023-04-24 06:12:49,833 - __main__ - INFO - Computing epoch 58 validation accuracy...
2023-04-24 06:12:56,535 - __main__ - INFO - Computing epoch 58 validation loss...
2023-04-24 06:13:03,388 - __main__ - INFO - [INFO] 2023-04-24 06:13:03.388794 Epoch [59/100] batch [1/391] loss 0.2077 lr 0.037565505641757285 acc 93.75% eta 1:00:17
2023-04-24 06:13:37,502 - __main__ - INFO - [INFO] 2023-04-24 06:13:37.502749 Epoch [59/100] batch [129/391] loss 0.1393 lr 0.037565505641757285 acc 98.44% eta 0:58:35
2023-04-24 06:14:11,924 - __main__ - INFO - [INFO] 2023-04-24 06:14:11.924282 Epoch [59/100] batch [257/391] loss 0.2005 lr 0.037565505641757285 acc 92.19% eta 0:58:26
2023-04-24 06:14:46,569 - __main__ - INFO - [INFO] 2023-04-24 06:14:46.569393 Epoch [59/100] batch [385/391] loss 0.3991 lr 0.037565505641757285 acc 89.06% eta 0:58:15
2023-04-24 06:14:48,122 - __main__ - INFO - Computing epoch 59 validation accuracy...
2023-04-24 06:14:54,837 - __main__ - INFO - Computing epoch 59 validation loss...
2023-04-24 06:15:01,605 - __main__ - INFO - [INFO] 2023-04-24 06:15:01.604946 Epoch [60/100] batch [1/391] loss 0.2217 lr 0.03605044469803857 acc 95.31% eta 0:57:31
2023-04-24 06:15:35,816 - __main__ - INFO - [INFO] 2023-04-24 06:15:35.816086 Epoch [60/100] batch [129/391] loss 0.2001 lr 0.03605044469803857 acc 92.19% eta 0:57:32
2023-04-24 06:16:09,789 - __main__ - INFO - [INFO] 2023-04-24 06:16:09.789447 Epoch [60/100] batch [257/391] loss 0.1997 lr 0.03605044469803857 acc 90.62% eta 0:56:50
2023-04-24 06:16:44,178 - __main__ - INFO - [INFO] 2023-04-24 06:16:44.178422 Epoch [60/100] batch [385/391] loss 0.2289 lr 0.03605044469803857 acc 93.75% eta 0:56:32
2023-04-24 06:16:45,700 - __main__ - INFO - Computing epoch 60 validation accuracy...
2023-04-24 06:16:52,387 - __main__ - INFO - Computing epoch 60 validation loss...
2023-04-24 06:16:58,178 - __main__ - INFO - [INFO] 2023-04-24 06:16:58.178246 Epoch [61/100] batch [1/391] loss 0.1713 lr 0.034549150281252675 acc 96.88% eta 0:45:31
2023-04-24 06:17:26,700 - __main__ - INFO - [INFO] 2023-04-24 06:17:26.700750 Epoch [61/100] batch [129/391] loss 0.4196 lr 0.034549150281252675 acc 94.53% eta 0:47:49
2023-04-24 06:17:59,319 - __main__ - INFO - [INFO] 2023-04-24 06:17:59.318992 Epoch [61/100] batch [257/391] loss 0.2480 lr 0.034549150281252675 acc 90.62% eta 0:50:25
2023-04-24 06:18:32,378 - __main__ - INFO - [INFO] 2023-04-24 06:18:32.378402 Epoch [61/100] batch [385/391] loss 0.2320 lr 0.034549150281252675 acc 95.31% eta 0:51:14
2023-04-24 06:18:33,785 - __main__ - INFO - Computing epoch 61 validation accuracy...
2023-04-24 06:18:40,366 - __main__ - INFO - Computing epoch 61 validation loss...
2023-04-24 06:18:46,920 - __main__ - INFO - [INFO] 2023-04-24 06:18:46.920727 Epoch [62/100] batch [1/391] loss 0.1230 lr 0.03306310398773546 acc 99.22% eta 0:56:11
2023-04-24 06:19:19,769 - __main__ - INFO - [INFO] 2023-04-24 06:19:19.769492 Epoch [62/100] batch [129/391] loss 0.1473 lr 0.03306310398773546 acc 96.88% eta 0:52:54
2023-04-24 06:19:52,828 - __main__ - INFO - [INFO] 2023-04-24 06:19:52.828002 Epoch [62/100] batch [257/391] loss 0.2108 lr 0.03306310398773546 acc 95.31% eta 0:52:38
2023-04-24 06:20:25,597 - __main__ - INFO - [INFO] 2023-04-24 06:20:25.597681 Epoch [62/100] batch [385/391] loss 0.3115 lr 0.03306310398773546 acc 93.75% eta 0:52:05
2023-04-24 06:20:27,112 - __main__ - INFO - Computing epoch 62 validation accuracy...
2023-04-24 06:20:33,296 - __main__ - INFO - Computing epoch 62 validation loss...
2023-04-24 06:20:40,029 - __main__ - INFO - [INFO] 2023-04-24 06:20:40.029578 Epoch [63/100] batch [1/391] loss 0.1962 lr 0.031593772365766146 acc 92.97% eta 0:57:48
2023-04-24 06:21:12,897 - __main__ - INFO - [INFO] 2023-04-24 06:21:12.897414 Epoch [63/100] batch [129/391] loss 0.2072 lr 0.031593772365766146 acc 97.66% eta 0:51:34
2023-04-24 06:21:46,163 - __main__ - INFO - [INFO] 2023-04-24 06:21:46.163241 Epoch [63/100] batch [257/391] loss 0.2935 lr 0.031593772365766146 acc 91.41% eta 0:51:31
2023-04-24 06:22:19,123 - __main__ - INFO - [INFO] 2023-04-24 06:22:19.123254 Epoch [63/100] batch [385/391] loss 0.2069 lr 0.031593772365766146 acc 93.75% eta 0:51:00
2023-04-24 06:22:20,743 - __main__ - INFO - Computing epoch 63 validation accuracy...
2023-04-24 06:22:27,340 - __main__ - INFO - Computing epoch 63 validation loss...
2023-04-24 06:22:34,281 - __main__ - INFO - [INFO] 2023-04-24 06:22:34.281282 Epoch [64/100] batch [1/391] loss 0.2316 lr 0.030142605468260992 acc 94.53% eta 0:52:00
2023-04-24 06:23:08,358 - __main__ - INFO - [INFO] 2023-04-24 06:23:08.358024 Epoch [64/100] batch [129/391] loss 0.3596 lr 0.030142605468260992 acc 92.19% eta 0:51:50
2023-04-24 06:23:42,436 - __main__ - INFO - [INFO] 2023-04-24 06:23:42.436231 Epoch [64/100] batch [257/391] loss 0.3087 lr 0.030142605468260992 acc 92.19% eta 0:51:22
2023-04-24 06:24:16,276 - __main__ - INFO - [INFO] 2023-04-24 06:24:16.276071 Epoch [64/100] batch [385/391] loss 0.2078 lr 0.030142605468260992 acc 93.75% eta 0:50:45
2023-04-24 06:24:17,830 - __main__ - INFO - Computing epoch 64 validation accuracy...
2023-04-24 06:24:24,473 - __main__ - INFO - Computing epoch 64 validation loss...
2023-04-24 06:24:31,285 - __main__ - INFO - [INFO] 2023-04-24 06:24:31.285330 Epoch [65/100] batch [1/391] loss 0.1671 lr 0.028711035421746394 acc 91.41% eta 0:52:19
2023-04-24 06:25:05,735 - __main__ - INFO - [INFO] 2023-04-24 06:25:05.735792 Epoch [65/100] batch [129/391] loss 0.1730 lr 0.028711035421746394 acc 96.88% eta 0:50:48
2023-04-24 06:25:39,603 - __main__ - INFO - [INFO] 2023-04-24 06:25:39.603742 Epoch [65/100] batch [257/391] loss 0.3050 lr 0.028711035421746394 acc 94.53% eta 0:49:58
2023-04-24 06:26:13,528 - __main__ - INFO - [INFO] 2023-04-24 06:26:13.528017 Epoch [65/100] batch [385/391] loss 0.1679 lr 0.028711035421746394 acc 96.09% eta 0:49:23
2023-04-24 06:26:15,153 - __main__ - INFO - Computing epoch 65 validation accuracy...
2023-04-24 06:26:21,918 - __main__ - INFO - Computing epoch 65 validation loss...
2023-04-24 06:26:28,769 - __main__ - INFO - [INFO] 2023-04-24 06:26:28.769255 Epoch [66/100] batch [1/391] loss 0.1281 lr 0.027300475013022688 acc 94.53% eta 0:49:58
2023-04-24 06:27:03,037 - __main__ - INFO - [INFO] 2023-04-24 06:27:03.036916 Epoch [66/100] batch [129/391] loss 0.1487 lr 0.027300475013022688 acc 95.31% eta 0:49:18
2023-04-24 06:27:37,218 - __main__ - INFO - [INFO] 2023-04-24 06:27:37.217978 Epoch [66/100] batch [257/391] loss 0.2414 lr 0.027300475013022688 acc 92.19% eta 0:48:42
2023-04-24 06:28:10,689 - __main__ - INFO - [INFO] 2023-04-24 06:28:10.689759 Epoch [66/100] batch [385/391] loss 0.2428 lr 0.027300475013022688 acc 95.31% eta 0:47:56
2023-04-24 06:28:12,000 - __main__ - INFO - Computing epoch 66 validation accuracy...
2023-04-24 06:28:17,244 - __main__ - INFO - Computing epoch 66 validation loss...
2023-04-24 06:28:23,296 - __main__ - INFO - [INFO] 2023-04-24 06:28:23.295922 Epoch [67/100] batch [1/391] loss 0.3279 lr 0.025912316294914254 acc 91.41% eta 0:40:13
2023-04-24 06:28:55,954 - __main__ - INFO - [INFO] 2023-04-24 06:28:55.953898 Epoch [67/100] batch [129/391] loss 0.1326 lr 0.025912316294914254 acc 96.09% eta 0:45:48
2023-04-24 06:29:30,189 - __main__ - INFO - [INFO] 2023-04-24 06:29:30.189761 Epoch [67/100] batch [257/391] loss 0.2095 lr 0.025912316294914254 acc 95.31% eta 0:46:16
2023-04-24 06:30:04,263 - __main__ - INFO - [INFO] 2023-04-24 06:30:04.263276 Epoch [67/100] batch [385/391] loss 0.1997 lr 0.025912316294914254 acc 95.31% eta 0:46:01
2023-04-24 06:30:05,795 - __main__ - INFO - Computing epoch 67 validation accuracy...
2023-04-24 06:30:12,251 - __main__ - INFO - Computing epoch 67 validation loss...
2023-04-24 06:30:19,128 - __main__ - INFO - [INFO] 2023-04-24 06:30:19.128599 Epoch [68/100] batch [1/391] loss 0.1773 lr 0.02454792921248146 acc 92.97% eta 0:45:02
2023-04-24 06:30:53,611 - __main__ - INFO - [INFO] 2023-04-24 06:30:53.611386 Epoch [68/100] batch [129/391] loss 0.2556 lr 0.02454792921248146 acc 96.09% eta 0:46:30
2023-04-24 06:31:28,221 - __main__ - INFO - [INFO] 2023-04-24 06:31:28.221677 Epoch [68/100] batch [257/391] loss 0.2251 lr 0.02454792921248146 acc 96.09% eta 0:46:07
2023-04-24 06:32:02,131 - __main__ - INFO - [INFO] 2023-04-24 06:32:02.131511 Epoch [68/100] batch [385/391] loss 0.1900 lr 0.02454792921248146 acc 96.88% eta 0:45:25
2023-04-24 06:32:03,637 - __main__ - INFO - Computing epoch 68 validation accuracy...
2023-04-24 06:32:10,163 - __main__ - INFO - Computing epoch 68 validation loss...
2023-04-24 06:32:16,918 - __main__ - INFO - [INFO] 2023-04-24 06:32:16.918144 Epoch [69/100] batch [1/391] loss 0.2247 lr 0.02320866025105018 acc 92.97% eta 0:45:33
2023-04-24 06:32:51,618 - __main__ - INFO - [INFO] 2023-04-24 06:32:51.617953 Epoch [69/100] batch [129/391] loss 0.1926 lr 0.02320866025105018 acc 97.66% eta 0:45:25
2023-04-24 06:33:25,420 - __main__ - INFO - [INFO] 2023-04-24 06:33:25.420056 Epoch [69/100] batch [257/391] loss 0.1055 lr 0.02320866025105018 acc 96.09% eta 0:44:23
2023-04-24 06:34:00,336 - __main__ - INFO - [INFO] 2023-04-24 06:34:00.336633 Epoch [69/100] batch [385/391] loss 0.1330 lr 0.02320866025105018 acc 92.97% eta 0:44:10
2023-04-24 06:34:01,955 - __main__ - INFO - Computing epoch 69 validation accuracy...
2023-04-24 06:34:08,717 - __main__ - INFO - Computing epoch 69 validation loss...
2023-04-24 06:34:15,538 - __main__ - INFO - [INFO] 2023-04-24 06:34:15.538802 Epoch [70/100] batch [1/391] loss 0.1361 lr 0.021895831107393487 acc 97.66% eta 0:44:32
2023-04-24 06:34:46,000 - __main__ - INFO - [INFO] 2023-04-24 06:34:46.000761 Epoch [70/100] batch [129/391] loss 0.1664 lr 0.021895831107393487 acc 95.31% eta 0:39:14
2023-04-24 06:35:16,822 - __main__ - INFO - [INFO] 2023-04-24 06:35:16.822644 Epoch [70/100] batch [257/391] loss 0.2346 lr 0.021895831107393487 acc 92.97% eta 0:38:57
2023-04-24 06:35:50,248 - __main__ - INFO - [INFO] 2023-04-24 06:35:50.248672 Epoch [70/100] batch [385/391] loss 0.1350 lr 0.021895831107393487 acc 95.31% eta 0:39:35
2023-04-24 06:35:51,766 - __main__ - INFO - Computing epoch 70 validation accuracy...
2023-04-24 06:35:58,236 - __main__ - INFO - Computing epoch 70 validation loss...
2023-04-24 06:36:04,840 - __main__ - INFO - [INFO] 2023-04-24 06:36:04.840465 Epoch [71/100] batch [1/391] loss 0.1061 lr 0.02061073738537637 acc 98.44% eta 0:41:35
2023-04-24 06:36:38,141 - __main__ - INFO - [INFO] 2023-04-24 06:36:38.141759 Epoch [71/100] batch [129/391] loss 0.0980 lr 0.02061073738537637 acc 99.22% eta 0:41:01
2023-04-24 06:37:11,200 - __main__ - INFO - [INFO] 2023-04-24 06:37:11.199899 Epoch [71/100] batch [257/391] loss 0.1738 lr 0.02061073738537637 acc 98.44% eta 0:40:25
2023-04-24 06:37:44,699 - __main__ - INFO - [INFO] 2023-04-24 06:37:44.699484 Epoch [71/100] batch [385/391] loss 0.1662 lr 0.02061073738537637 acc 96.09% eta 0:40:06
2023-04-24 06:37:46,087 - __main__ - INFO - Computing epoch 71 validation accuracy...
2023-04-24 06:37:52,551 - __main__ - INFO - Computing epoch 71 validation loss...
2023-04-24 06:37:59,319 - __main__ - INFO - [INFO] 2023-04-24 06:37:59.319299 Epoch [72/100] batch [1/391] loss 0.1423 lr 0.01935464731735119 acc 95.31% eta 0:41:50
2023-04-24 06:38:33,021 - __main__ - INFO - [INFO] 2023-04-24 06:38:33.021354 Epoch [72/100] batch [129/391] loss 0.0714 lr 0.01935464731735119 acc 96.88% eta 0:40:14
2023-04-24 06:39:06,661 - __main__ - INFO - [INFO] 2023-04-24 06:39:06.661817 Epoch [72/100] batch [257/391] loss 0.2764 lr 0.01935464731735119 acc 93.75% eta 0:39:39
2023-04-24 06:39:40,277 - __main__ - INFO - [INFO] 2023-04-24 06:39:40.277332 Epoch [72/100] batch [385/391] loss 0.1162 lr 0.01935464731735119 acc 98.44% eta 0:39:11
2023-04-24 06:39:41,818 - __main__ - INFO - Computing epoch 72 validation accuracy...
2023-04-24 06:39:48,220 - __main__ - INFO - Computing epoch 72 validation loss...
2023-04-24 06:39:54,813 - __main__ - INFO - [INFO] 2023-04-24 06:39:54.813583 Epoch [73/100] batch [1/391] loss 0.1119 lr 0.018128800512565532 acc 97.66% eta 0:40:06
2023-04-24 06:40:28,767 - __main__ - INFO - [INFO] 2023-04-24 06:40:28.767307 Epoch [73/100] batch [129/391] loss 0.1414 lr 0.018128800512565532 acc 97.66% eta 0:38:59
2023-04-24 06:41:02,383 - __main__ - INFO - [INFO] 2023-04-24 06:41:02.383206 Epoch [73/100] batch [257/391] loss 0.0905 lr 0.018128800512565532 acc 97.66% eta 0:38:19
2023-04-24 06:41:35,602 - __main__ - INFO - [INFO] 2023-04-24 06:41:35.601836 Epoch [73/100] batch [385/391] loss 0.1295 lr 0.018128800512565532 acc 98.44% eta 0:37:41
2023-04-24 06:41:37,189 - __main__ - INFO - Computing epoch 73 validation accuracy...
2023-04-24 06:41:43,780 - __main__ - INFO - Computing epoch 73 validation loss...
2023-04-24 06:41:50,487 - __main__ - INFO - [INFO] 2023-04-24 06:41:50.487465 Epoch [74/100] batch [1/391] loss 0.0641 lr 0.016934406733817433 acc 99.22% eta 0:38:15
2023-04-24 06:42:23,613 - __main__ - INFO - [INFO] 2023-04-24 06:42:23.613581 Epoch [74/100] batch [129/391] loss 0.0658 lr 0.016934406733817433 acc 100.00% eta 0:36:43
2023-04-24 06:42:57,095 - __main__ - INFO - [INFO] 2023-04-24 06:42:57.095058 Epoch [74/100] batch [257/391] loss 0.1204 lr 0.016934406733817433 acc 96.09% eta 0:36:26
2023-04-24 06:43:30,599 - __main__ - INFO - [INFO] 2023-04-24 06:43:30.599462 Epoch [74/100] batch [385/391] loss 0.1894 lr 0.016934406733817433 acc 94.53% eta 0:36:03
2023-04-24 06:43:32,099 - __main__ - INFO - Computing epoch 74 validation accuracy...
2023-04-24 06:43:38,493 - __main__ - INFO - Computing epoch 74 validation loss...
2023-04-24 06:43:45,139 - __main__ - INFO - [INFO] 2023-04-24 06:43:45.139021 Epoch [75/100] batch [1/391] loss 0.1579 lr 0.01577264470356558 acc 95.31% eta 0:37:10
2023-04-24 06:44:18,297 - __main__ - INFO - [INFO] 2023-04-24 06:44:18.297193 Epoch [75/100] batch [129/391] loss 0.1016 lr 0.01577264470356558 acc 96.88% eta 0:35:30
2023-04-24 06:44:51,736 - __main__ - INFO - [INFO] 2023-04-24 06:44:51.736583 Epoch [75/100] batch [257/391] loss 0.1012 lr 0.01577264470356558 acc 99.22% eta 0:35:08
2023-04-24 06:45:25,368 - __main__ - INFO - [INFO] 2023-04-24 06:45:25.368448 Epoch [75/100] batch [385/391] loss 0.1327 lr 0.01577264470356558 acc 97.66% eta 0:34:45
2023-04-24 06:45:26,880 - __main__ - INFO - Computing epoch 75 validation accuracy...
2023-04-24 06:45:33,372 - __main__ - INFO - Computing epoch 75 validation loss...
2023-04-24 06:45:40,220 - __main__ - INFO - [INFO] 2023-04-24 06:45:40.220350 Epoch [76/100] batch [1/391] loss 0.0699 lr 0.014644660940672643 acc 98.44% eta 0:35:13
2023-04-24 06:46:13,448 - __main__ - INFO - [INFO] 2023-04-24 06:46:13.448693 Epoch [76/100] batch [129/391] loss 0.1051 lr 0.014644660940672643 acc 98.44% eta 0:34:05
2023-04-24 06:46:47,271 - __main__ - INFO - [INFO] 2023-04-24 06:46:47.271719 Epoch [76/100] batch [257/391] loss 0.1978 lr 0.014644660940672643 acc 96.88% eta 0:33:55
2023-04-24 06:47:20,227 - __main__ - INFO - [INFO] 2023-04-24 06:47:20.226837 Epoch [76/100] batch [385/391] loss 0.2023 lr 0.014644660940672643 acc 96.88% eta 0:33:18
2023-04-24 06:47:21,717 - __main__ - INFO - Computing epoch 76 validation accuracy...
2023-04-24 06:47:28,200 - __main__ - INFO - Computing epoch 76 validation loss...
2023-04-24 06:47:34,777 - __main__ - INFO - [INFO] 2023-04-24 06:47:34.777123 Epoch [77/100] batch [1/391] loss 0.0644 lr 0.013551568628929448 acc 97.66% eta 0:34:06
2023-04-24 06:48:08,283 - __main__ - INFO - [INFO] 2023-04-24 06:48:08.283016 Epoch [77/100] batch [129/391] loss 0.0340 lr 0.013551568628929448 acc 98.44% eta 0:32:56
2023-04-24 06:48:41,726 - __main__ - INFO - [INFO] 2023-04-24 06:48:41.726211 Epoch [77/100] batch [257/391] loss 0.1395 lr 0.013551568628929448 acc 97.66% eta 0:32:29
2023-04-24 06:49:15,159 - __main__ - INFO - [INFO] 2023-04-24 06:49:15.159148 Epoch [77/100] batch [385/391] loss 0.1067 lr 0.013551568628929448 acc 97.66% eta 0:32:00
2023-04-24 06:49:16,656 - __main__ - INFO - Computing epoch 77 validation accuracy...
2023-04-24 06:49:23,045 - __main__ - INFO - Computing epoch 77 validation loss...
2023-04-24 06:49:29,625 - __main__ - INFO - [INFO] 2023-04-24 06:49:29.625032 Epoch [78/100] batch [1/391] loss 0.1336 lr 0.012494446518477033 acc 96.09% eta 0:32:56
2023-04-24 06:50:03,098 - __main__ - INFO - [INFO] 2023-04-24 06:50:03.098416 Epoch [78/100] batch [129/391] loss 0.1644 lr 0.012494446518477033 acc 97.66% eta 0:31:35
2023-04-24 06:50:36,655 - __main__ - INFO - [INFO] 2023-04-24 06:50:36.655666 Epoch [78/100] batch [257/391] loss 0.0535 lr 0.012494446518477033 acc 99.22% eta 0:31:09
2023-04-24 06:51:09,950 - __main__ - INFO - [INFO] 2023-04-24 06:51:09.950087 Epoch [78/100] batch [385/391] loss 0.0598 lr 0.012494446518477033 acc 99.22% eta 0:30:36
2023-04-24 06:51:11,455 - __main__ - INFO - Computing epoch 78 validation accuracy...
2023-04-24 06:51:18,114 - __main__ - INFO - Computing epoch 78 validation loss...
2023-04-24 06:51:24,820 - __main__ - INFO - [INFO] 2023-04-24 06:51:24.820748 Epoch [79/100] batch [1/391] loss 0.0422 lr 0.011474337861210555 acc 100.00% eta 0:31:26
2023-04-24 06:51:58,395 - __main__ - INFO - [INFO] 2023-04-24 06:51:58.395543 Epoch [79/100] batch [129/391] loss 0.0491 lr 0.011474337861210555 acc 99.22% eta 0:30:10
2023-04-24 06:52:31,398 - __main__ - INFO - [INFO] 2023-04-24 06:52:31.398043 Epoch [79/100] batch [257/391] loss 0.0352 lr 0.011474337861210555 acc 100.00% eta 0:29:31
2023-04-24 06:53:04,951 - __main__ - INFO - [INFO] 2023-04-24 06:53:04.951201 Epoch [79/100] batch [385/391] loss 0.0252 lr 0.011474337861210555 acc 100.00% eta 0:29:08
2023-04-24 06:53:06,478 - __main__ - INFO - Computing epoch 79 validation accuracy...
2023-04-24 06:53:13,136 - __main__ - INFO - Computing epoch 79 validation loss...
2023-04-24 06:53:19,766 - __main__ - INFO - [INFO] 2023-04-24 06:53:19.765972 Epoch [80/100] batch [1/391] loss 0.0734 lr 0.01049224938121549 acc 98.44% eta 0:29:54
2023-04-24 06:53:53,944 - __main__ - INFO - [INFO] 2023-04-24 06:53:53.944508 Epoch [80/100] batch [129/391] loss 0.0876 lr 0.01049224938121549 acc 99.22% eta 0:29:12
2023-04-24 06:54:27,734 - __main__ - INFO - [INFO] 2023-04-24 06:54:27.734691 Epoch [80/100] batch [257/391] loss 0.0385 lr 0.01049224938121549 acc 100.00% eta 0:28:37
2023-04-24 06:55:01,496 - __main__ - INFO - [INFO] 2023-04-24 06:55:01.496383 Epoch [80/100] batch [385/391] loss 0.0806 lr 0.01049224938121549 acc 100.00% eta 0:28:06
2023-04-24 06:55:03,142 - __main__ - INFO - Computing epoch 80 validation accuracy...
2023-04-24 06:55:09,714 - __main__ - INFO - Computing epoch 80 validation loss...
2023-04-24 06:55:16,438 - __main__ - INFO - [INFO] 2023-04-24 06:55:16.438336 Epoch [81/100] batch [1/391] loss 0.1655 lr 0.009549150281252642 acc 95.31% eta 0:28:34
2023-04-24 06:55:50,449 - __main__ - INFO - [INFO] 2023-04-24 06:55:50.448970 Epoch [81/100] batch [129/391] loss 0.0444 lr 0.009549150281252642 acc 99.22% eta 0:27:46
2023-04-24 06:56:24,696 - __main__ - INFO - [INFO] 2023-04-24 06:56:24.695990 Epoch [81/100] batch [257/391] loss 0.0352 lr 0.009549150281252642 acc 100.00% eta 0:27:24
2023-04-24 06:56:58,649 - __main__ - INFO - [INFO] 2023-04-24 06:56:58.649066 Epoch [81/100] batch [385/391] loss 0.0442 lr 0.009549150281252642 acc 98.44% eta 0:26:53
2023-04-24 06:57:00,184 - __main__ - INFO - Computing epoch 81 validation accuracy...
2023-04-24 06:57:06,782 - __main__ - INFO - Computing epoch 81 validation loss...
2023-04-24 06:57:13,457 - __main__ - INFO - [INFO] 2023-04-24 06:57:13.457120 Epoch [82/100] batch [1/391] loss 0.0769 lr 0.008645971286271922 acc 99.22% eta 0:27:20
2023-04-24 06:57:47,777 - __main__ - INFO - [INFO] 2023-04-24 06:57:47.776999 Epoch [82/100] batch [129/391] loss 0.0573 lr 0.008645971286271922 acc 98.44% eta 0:26:33
2023-04-24 06:58:21,481 - __main__ - INFO - [INFO] 2023-04-24 06:58:21.481434 Epoch [82/100] batch [257/391] loss 0.0813 lr 0.008645971286271922 acc 100.00% eta 0:25:47
2023-04-24 06:58:54,328 - __main__ - INFO - [INFO] 2023-04-24 06:58:54.327870 Epoch [82/100] batch [385/391] loss 0.0519 lr 0.008645971286271922 acc 99.22% eta 0:25:05
2023-04-24 06:58:55,516 - __main__ - INFO - Computing epoch 82 validation accuracy...
2023-04-24 06:59:00,607 - __main__ - INFO - Computing epoch 82 validation loss...
2023-04-24 06:59:06,196 - __main__ - INFO - [INFO] 2023-04-24 06:59:06.196712 Epoch [83/100] batch [1/391] loss 0.0531 lr 0.007783603724899264 acc 98.44% eta 0:24:33
2023-04-24 06:59:38,054 - __main__ - INFO - [INFO] 2023-04-24 06:59:38.053938 Epoch [83/100] batch [129/391] loss 0.0982 lr 0.007783603724899264 acc 100.00% eta 0:23:31
2023-04-24 07:00:12,377 - __main__ - INFO - [INFO] 2023-04-24 07:00:12.376945 Epoch [83/100] batch [257/391] loss 0.0331 lr 0.007783603724899264 acc 100.00% eta 0:23:52
2023-04-24 07:00:46,623 - __main__ - INFO - [INFO] 2023-04-24 07:00:46.623679 Epoch [83/100] batch [385/391] loss 0.0686 lr 0.007783603724899264 acc 100.00% eta 0:23:37
2023-04-24 07:00:48,138 - __main__ - INFO - Computing epoch 83 validation accuracy...
2023-04-24 07:00:54,670 - __main__ - INFO - Computing epoch 83 validation loss...
2023-04-24 07:01:01,445 - __main__ - INFO - [INFO] 2023-04-24 07:01:01.444845 Epoch [84/100] batch [1/391] loss 0.0508 lr 0.006962898649802819 acc 98.44% eta 0:24:51
2023-04-24 07:01:35,959 - __main__ - INFO - [INFO] 2023-04-24 07:01:35.959249 Epoch [84/100] batch [129/391] loss 0.0376 lr 0.006962898649802819 acc 96.88% eta 0:23:46
2023-04-24 07:02:10,009 - __main__ - INFO - [INFO] 2023-04-24 07:02:10.008958 Epoch [84/100] batch [257/391] loss 0.0590 lr 0.006962898649802819 acc 99.22% eta 0:23:09
2023-04-24 07:02:44,384 - __main__ - INFO - [INFO] 2023-04-24 07:02:44.384619 Epoch [84/100] batch [385/391] loss 0.0802 lr 0.006962898649802819 acc 100.00% eta 0:22:42
2023-04-24 07:02:45,912 - __main__ - INFO - Computing epoch 84 validation accuracy...
2023-04-24 07:02:52,403 - __main__ - INFO - Computing epoch 84 validation loss...
2023-04-24 07:02:59,206 - __main__ - INFO - [INFO] 2023-04-24 07:02:59.205851 Epoch [85/100] batch [1/391] loss 0.0574 lr 0.0061846659978068265 acc 99.22% eta 0:22:52
2023-04-24 07:03:33,331 - __main__ - INFO - [INFO] 2023-04-24 07:03:33.331188 Epoch [85/100] batch [129/391] loss 0.0166 lr 0.0061846659978068265 acc 100.00% eta 0:22:04
2023-04-24 07:04:07,788 - __main__ - INFO - [INFO] 2023-04-24 07:04:07.788591 Epoch [85/100] batch [257/391] loss 0.0414 lr 0.0061846659978068265 acc 100.00% eta 0:21:43
2023-04-24 07:04:42,300 - __main__ - INFO - [INFO] 2023-04-24 07:04:42.300336 Epoch [85/100] batch [385/391] loss 0.0514 lr 0.0061846659978068265 acc 99.22% eta 0:21:17
2023-04-24 07:04:43,820 - __main__ - INFO - Computing epoch 85 validation accuracy...
2023-04-24 07:04:50,285 - __main__ - INFO - Computing epoch 85 validation loss...
2023-04-24 07:04:57,015 - __main__ - INFO - [INFO] 2023-04-24 07:04:57.015356 Epoch [86/100] batch [1/391] loss 0.0068 lr 0.005449673790581615 acc 100.00% eta 0:21:40
2023-04-24 07:05:28,355 - __main__ - INFO - [INFO] 2023-04-24 07:05:28.355555 Epoch [86/100] batch [129/391] loss 0.0808 lr 0.005449673790581615 acc 99.22% eta 0:19:12
2023-04-24 07:05:58,524 - __main__ - INFO - [INFO] 2023-04-24 07:05:58.524139 Epoch [86/100] batch [257/391] loss 0.0158 lr 0.005449673790581615 acc 100.00% eta 0:18:28
2023-04-24 07:06:31,744 - __main__ - INFO - [INFO] 2023-04-24 07:06:31.744815 Epoch [86/100] batch [385/391] loss 0.0386 lr 0.005449673790581615 acc 100.00% eta 0:18:28
2023-04-24 07:06:33,213 - __main__ - INFO - Computing epoch 86 validation accuracy...
2023-04-24 07:06:39,484 - __main__ - INFO - Computing epoch 86 validation loss...
2023-04-24 07:06:46,102 - __main__ - INFO - [INFO] 2023-04-24 07:06:46.102783 Epoch [87/100] batch [1/391] loss 0.0517 lr 0.004758647376699036 acc 99.22% eta 0:19:39
2023-04-24 07:07:19,579 - __main__ - INFO - [INFO] 2023-04-24 07:07:19.578858 Epoch [87/100] batch [129/391] loss 0.0115 lr 0.004758647376699036 acc 99.22% eta 0:19:00
2023-04-24 07:07:52,893 - __main__ - INFO - [INFO] 2023-04-24 07:07:52.893255 Epoch [87/100] batch [257/391] loss 0.0277 lr 0.004758647376699036 acc 100.00% eta 0:18:31
2023-04-24 07:08:26,615 - __main__ - INFO - [INFO] 2023-04-24 07:08:26.615129 Epoch [87/100] batch [385/391] loss 0.0176 lr 0.004758647376699036 acc 100.00% eta 0:18:06
2023-04-24 07:08:28,113 - __main__ - INFO - Computing epoch 87 validation accuracy...
2023-04-24 07:08:34,666 - __main__ - INFO - Computing epoch 87 validation loss...
2023-04-24 07:08:41,273 - __main__ - INFO - [INFO] 2023-04-24 07:08:41.273349 Epoch [88/100] batch [1/391] loss 0.0105 lr 0.004112268715800957 acc 100.00% eta 0:18:34
2023-04-24 07:09:14,819 - __main__ - INFO - [INFO] 2023-04-24 07:09:14.819622 Epoch [88/100] batch [129/391] loss 0.0151 lr 0.004112268715800957 acc 100.00% eta 0:17:40
2023-04-24 07:09:48,832 - __main__ - INFO - [INFO] 2023-04-24 07:09:48.832154 Epoch [88/100] batch [257/391] loss 0.0046 lr 0.004112268715800957 acc 100.00% eta 0:17:17
2023-04-24 07:10:22,366 - __main__ - INFO - [INFO] 2023-04-24 07:10:22.366608 Epoch [88/100] batch [385/391] loss 0.0226 lr 0.004112268715800957 acc 100.00% eta 0:16:48
2023-04-24 07:10:23,882 - __main__ - INFO - Computing epoch 88 validation accuracy...
2023-04-24 07:10:30,454 - __main__ - INFO - Computing epoch 88 validation loss...
2023-04-24 07:10:37,112 - __main__ - INFO - [INFO] 2023-04-24 07:10:37.112683 Epoch [89/100] batch [1/391] loss 0.0363 lr 0.003511175705587435 acc 99.22% eta 0:17:07
2023-04-24 07:11:10,559 - __main__ - INFO - [INFO] 2023-04-24 07:11:10.559214 Epoch [89/100] batch [129/391] loss 0.0092 lr 0.003511175705587435 acc 100.00% eta 0:16:14
2023-04-24 07:11:44,150 - __main__ - INFO - [INFO] 2023-04-24 07:11:44.149932 Epoch [89/100] batch [257/391] loss 0.0258 lr 0.003511175705587435 acc 100.00% eta 0:15:46
2023-04-24 07:12:17,824 - __main__ - INFO - [INFO] 2023-04-24 07:12:17.824167 Epoch [89/100] batch [385/391] loss 0.0202 lr 0.003511175705587435 acc 100.00% eta 0:15:21
2023-04-24 07:12:19,303 - __main__ - INFO - Computing epoch 89 validation accuracy...
2023-04-24 07:12:25,709 - __main__ - INFO - Computing epoch 89 validation loss...
2023-04-24 07:12:32,411 - __main__ - INFO - [INFO] 2023-04-24 07:12:32.411134 Epoch [90/100] batch [1/391] loss 0.0037 lr 0.0029559615522887295 acc 100.00% eta 0:15:47
2023-04-24 07:13:05,993 - __main__ - INFO - [INFO] 2023-04-24 07:13:05.993473 Epoch [90/100] batch [129/391] loss 0.0178 lr 0.0029559615522887295 acc 100.00% eta 0:14:52
2023-04-24 07:13:39,717 - __main__ - INFO - [INFO] 2023-04-24 07:13:39.717264 Epoch [90/100] batch [257/391] loss 0.0368 lr 0.0029559615522887295 acc 100.00% eta 0:14:26
2023-04-24 07:14:13,735 - __main__ - INFO - [INFO] 2023-04-24 07:14:13.735019 Epoch [90/100] batch [385/391] loss 0.0122 lr 0.0029559615522887295 acc 100.00% eta 0:14:02
2023-04-24 07:14:15,277 - __main__ - INFO - Computing epoch 90 validation accuracy...
2023-04-24 07:14:21,960 - __main__ - INFO - Computing epoch 90 validation loss...
2023-04-24 07:14:28,649 - __main__ - INFO - [INFO] 2023-04-24 07:14:28.649712 Epoch [91/100] batch [1/391] loss 0.0326 lr 0.0024471741852423253 acc 99.22% eta 0:14:27
2023-04-24 07:15:02,085 - __main__ - INFO - [INFO] 2023-04-24 07:15:02.085009 Epoch [91/100] batch [129/391] loss 0.0049 lr 0.0024471741852423253 acc 100.00% eta 0:13:29
2023-04-24 07:15:35,962 - __main__ - INFO - [INFO] 2023-04-24 07:15:35.962395 Epoch [91/100] batch [257/391] loss 0.0049 lr 0.0024471741852423253 acc 100.00% eta 0:13:07
2023-04-24 07:16:09,935 - __main__ - INFO - [INFO] 2023-04-24 07:16:09.935553 Epoch [91/100] batch [385/391] loss 0.0042 lr 0.0024471741852423253 acc 100.00% eta 0:12:40
2023-04-24 07:16:11,429 - __main__ - INFO - Computing epoch 91 validation accuracy...
2023-04-24 07:16:17,772 - __main__ - INFO - Computing epoch 91 validation loss...
2023-04-24 07:16:24,554 - __main__ - INFO - [INFO] 2023-04-24 07:16:24.554395 Epoch [92/100] batch [1/391] loss 0.0350 lr 0.0019853157161528537 acc 100.00% eta 0:12:50
2023-04-24 07:16:58,229 - __main__ - INFO - [INFO] 2023-04-24 07:16:58.229481 Epoch [92/100] batch [129/391] loss 0.0210 lr 0.0019853157161528537 acc 100.00% eta 0:12:08
2023-04-24 07:17:32,072 - __main__ - INFO - [INFO] 2023-04-24 07:17:32.071877 Epoch [92/100] batch [257/391] loss 0.0017 lr 0.0019853157161528537 acc 100.00% eta 0:11:42
2023-04-24 07:18:05,666 - __main__ - INFO - [INFO] 2023-04-24 07:18:05.666395 Epoch [92/100] batch [385/391] loss 0.0093 lr 0.0019853157161528537 acc 100.00% eta 0:11:13
2023-04-24 07:18:07,181 - __main__ - INFO - Computing epoch 92 validation accuracy...
2023-04-24 07:18:13,661 - __main__ - INFO - Computing epoch 92 validation loss...
2023-04-24 07:18:20,330 - __main__ - INFO - [INFO] 2023-04-24 07:18:20.330026 Epoch [93/100] batch [1/391] loss 0.0238 lr 0.0015708419435684529 acc 100.00% eta 0:11:23
2023-04-24 07:18:54,216 - __main__ - INFO - [INFO] 2023-04-24 07:18:54.215947 Epoch [93/100] batch [129/391] loss 0.0034 lr 0.0015708419435684529 acc 100.00% eta 0:10:47
2023-04-24 07:19:28,072 - __main__ - INFO - [INFO] 2023-04-24 07:19:28.072357 Epoch [93/100] batch [257/391] loss 0.0172 lr 0.0015708419435684529 acc 100.00% eta 0:10:20
2023-04-24 07:20:01,979 - __main__ - INFO - [INFO] 2023-04-24 07:20:01.979456 Epoch [93/100] batch [385/391] loss 0.0015 lr 0.0015708419435684529 acc 100.00% eta 0:09:53
2023-04-24 07:20:03,547 - __main__ - INFO - Computing epoch 93 validation accuracy...
2023-04-24 07:20:09,947 - __main__ - INFO - Computing epoch 93 validation loss...
2023-04-24 07:20:16,563 - __main__ - INFO - [INFO] 2023-04-24 07:20:16.563418 Epoch [94/100] batch [1/391] loss 0.0189 lr 0.0012041619030626347 acc 100.00% eta 0:09:59
2023-04-24 07:20:50,501 - __main__ - INFO - [INFO] 2023-04-24 07:20:50.501374 Epoch [94/100] batch [129/391] loss 0.0095 lr 0.0012041619030626347 acc 100.00% eta 0:09:24
2023-04-24 07:21:24,662 - __main__ - INFO - [INFO] 2023-04-24 07:21:24.662229 Epoch [94/100] batch [257/391] loss 0.0024 lr 0.0012041619030626347 acc 100.00% eta 0:08:57
2023-04-24 07:21:58,830 - __main__ - INFO - [INFO] 2023-04-24 07:21:58.830011 Epoch [94/100] batch [385/391] loss 0.0202 lr 0.0012041619030626347 acc 99.22% eta 0:08:31
2023-04-24 07:22:00,319 - __main__ - INFO - Computing epoch 94 validation accuracy...
2023-04-24 07:22:06,735 - __main__ - INFO - Computing epoch 94 validation loss...
2023-04-24 07:22:13,415 - __main__ - INFO - [INFO] 2023-04-24 07:22:13.415244 Epoch [95/100] batch [1/391] loss 0.0084 lr 0.0008856374635655646 acc 100.00% eta 0:08:34
2023-04-24 07:22:47,753 - __main__ - INFO - [INFO] 2023-04-24 07:22:47.753465 Epoch [95/100] batch [129/391] loss 0.0040 lr 0.0008856374635655646 acc 100.00% eta 0:08:05
2023-04-24 07:23:20,997 - __main__ - INFO - [INFO] 2023-04-24 07:23:20.997437 Epoch [95/100] batch [257/391] loss 0.0155 lr 0.0008856374635655646 acc 99.22% eta 0:07:30
2023-04-24 07:23:55,361 - __main__ - INFO - [INFO] 2023-04-24 07:23:55.361117 Epoch [95/100] batch [385/391] loss 0.0044 lr 0.0008856374635655646 acc 100.00% eta 0:07:04
2023-04-24 07:23:56,862 - __main__ - INFO - Computing epoch 95 validation accuracy...
2023-04-24 07:24:03,642 - __main__ - INFO - Computing epoch 95 validation loss...
2023-04-24 07:24:10,396 - __main__ - INFO - [INFO] 2023-04-24 07:24:10.396767 Epoch [96/100] batch [1/391] loss 0.0053 lr 0.0006155829702431174 acc 100.00% eta 0:07:08
2023-04-24 07:24:44,644 - __main__ - INFO - [INFO] 2023-04-24 07:24:44.644149 Epoch [96/100] batch [129/391] loss 0.0475 lr 0.0006155829702431174 acc 99.22% eta 0:06:38
2023-04-24 07:25:19,043 - __main__ - INFO - [INFO] 2023-04-24 07:25:19.043137 Epoch [96/100] batch [257/391] loss 0.0097 lr 0.0006155829702431174 acc 100.00% eta 0:06:11
2023-04-24 07:25:54,008 - __main__ - INFO - [INFO] 2023-04-24 07:25:54.008324 Epoch [96/100] batch [385/391] loss 0.0072 lr 0.0006155829702431174 acc 100.00% eta 0:05:44
2023-04-24 07:25:55,534 - __main__ - INFO - Computing epoch 96 validation accuracy...
2023-04-24 07:26:02,219 - __main__ - INFO - Computing epoch 96 validation loss...
2023-04-24 07:26:09,100 - __main__ - INFO - [INFO] 2023-04-24 07:26:09.100322 Epoch [97/100] batch [1/391] loss 0.0339 lr 0.00039426493427611206 acc 99.22% eta 0:06:06
2023-04-24 07:26:43,778 - __main__ - INFO - [INFO] 2023-04-24 07:26:43.778213 Epoch [97/100] batch [129/391] loss 0.0048 lr 0.00039426493427611206 acc 100.00% eta 0:05:17
2023-04-24 07:27:18,380 - __main__ - INFO - [INFO] 2023-04-24 07:27:18.379851 Epoch [97/100] batch [257/391] loss 0.0061 lr 0.00039426493427611206 acc 100.00% eta 0:04:48
2023-04-24 07:27:53,599 - __main__ - INFO - [INFO] 2023-04-24 07:27:53.599762 Epoch [97/100] batch [385/391] loss 0.0037 lr 0.00039426493427611206 acc 100.00% eta 0:04:21
2023-04-24 07:27:55,153 - __main__ - INFO - Computing epoch 97 validation accuracy...
2023-04-24 07:28:01,834 - __main__ - INFO - Computing epoch 97 validation loss...
2023-04-24 07:28:08,753 - __main__ - INFO - [INFO] 2023-04-24 07:28:08.753059 Epoch [98/100] batch [1/391] loss 0.0113 lr 0.00022190176984600036 acc 100.00% eta 0:04:23
2023-04-24 07:28:43,143 - __main__ - INFO - [INFO] 2023-04-24 07:28:43.142819 Epoch [98/100] batch [129/391] loss 0.0046 lr 0.00022190176984600036 acc 100.00% eta 0:03:48
2023-04-24 07:29:17,625 - __main__ - INFO - [INFO] 2023-04-24 07:29:17.625009 Epoch [98/100] batch [257/391] loss 0.0105 lr 0.00022190176984600036 acc 100.00% eta 0:03:20
2023-04-24 07:29:48,969 - __main__ - INFO - [INFO] 2023-04-24 07:29:48.969718 Epoch [98/100] batch [385/391] loss 0.0025 lr 0.00022190176984600036 acc 100.00% eta 0:02:48
2023-04-24 07:29:50,396 - __main__ - INFO - Computing epoch 98 validation accuracy...
2023-04-24 07:29:56,654 - __main__ - INFO - Computing epoch 98 validation loss...
2023-04-24 07:30:03,273 - __main__ - INFO - [INFO] 2023-04-24 07:30:03.272882 Epoch [99/100] batch [1/391] loss 0.0067 lr 9.866357858642213e-05 acc 100.00% eta 0:02:50
2023-04-24 07:30:38,304 - __main__ - INFO - [INFO] 2023-04-24 07:30:38.304658 Epoch [99/100] batch [129/391] loss 0.0105 lr 9.866357858642213e-05 acc 99.22% eta 0:02:24
2023-04-24 07:31:12,415 - __main__ - INFO - [INFO] 2023-04-24 07:31:12.414912 Epoch [99/100] batch [257/391] loss 0.0149 lr 9.866357858642213e-05 acc 99.22% eta 0:01:55
2023-04-24 07:31:46,842 - __main__ - INFO - [INFO] 2023-04-24 07:31:46.842007 Epoch [99/100] batch [385/391] loss 0.0032 lr 9.866357858642213e-05 acc 100.00% eta 0:01:26
2023-04-24 07:31:48,579 - __main__ - INFO - Computing epoch 99 validation accuracy...
2023-04-24 07:31:55,600 - __main__ - INFO - Computing epoch 99 validation loss...
2023-04-24 07:32:02,570 - __main__ - INFO - [INFO] 2023-04-24 07:32:02.569851 Epoch [100/100] batch [1/391] loss 0.0157 lr 2.4671981713420017e-05 acc 99.22% eta 0:01:26
2023-04-24 07:32:37,131 - __main__ - INFO - [INFO] 2023-04-24 07:32:37.130789 Epoch [100/100] batch [129/391] loss 0.0099 lr 2.4671981713420017e-05 acc 100.00% eta 0:00:57
2023-04-24 07:33:11,645 - __main__ - INFO - [INFO] 2023-04-24 07:33:11.644959 Epoch [100/100] batch [257/391] loss 0.0125 lr 2.4671981713420017e-05 acc 100.00% eta 0:00:29
2023-04-24 07:33:45,980 - __main__ - INFO - [INFO] 2023-04-24 07:33:45.980297 Epoch [100/100] batch [385/391] loss 0.0483 lr 2.4671981713420017e-05 acc 98.44% eta 0:00:01
2023-04-24 07:33:47,528 - __main__ - INFO - Computing epoch 100 validation accuracy...
2023-04-24 07:33:54,644 - __main__ - INFO - Computing epoch 100 validation loss...
2023-04-24 07:34:01,626 - __main__ - INFO - Reading testing data set cifar10
2023-04-24 07:34:02,352 - __main__ - INFO - Loading trained model...
2023-04-24 07:34:10,811 - __main__ - INFO - Testing acc : 94.85%.
