2023-04-12 19:30:26,448 - __main__ - INFO - 

2023-04-12 19:30:26,448 - __main__ - INFO - ***************
2023-04-12 19:30:26,449 - __main__ - INFO - ** Arguments **
2023-04-12 19:30:26,449 - __main__ - INFO - ***************
2023-04-12 19:30:26,449 - __main__ - INFO - backbone: resnet110
2023-04-12 19:30:26,449 - __main__ - INFO - dataname: cifar10
2023-04-12 19:30:26,449 - __main__ - INFO - drop_method: fd
2023-04-12 19:30:26,449 - __main__ - INFO - drop_rate: 0.0
2023-04-12 19:30:26,449 - __main__ - INFO - eval_only: 0
2023-04-12 19:30:26,449 - __main__ - INFO - output_path: checkpoints/cifar10/resnet110/drop_fd/rate_0./seed1
2023-04-12 19:30:26,449 - __main__ - INFO - part_rate: 0.1
2023-04-12 19:30:26,449 - __main__ - INFO - seed: 1
2023-04-12 19:30:26,449 - __main__ - INFO - weight_decay: 0.0005
2023-04-12 19:30:26,449 - __main__ - INFO - ************
2023-04-12 19:30:26,449 - __main__ - INFO - ** Config **
2023-04-12 19:30:26,449 - __main__ - INFO - ************
2023-04-12 19:30:26,449 - __main__ - INFO - {'DATALOADER': {'PATH': './data', 'DATANAME': 'cifar10', 'BATCH_SIZE': 128, 'NUM_CLASSES': 10}, 'INPUT': {'SIZE': [32, 32], 'PIXEL_MEAN': [0.4914, 0.4822, 0.4465], 'PIXEL_STD': [0.2023, 0.1994, 0.201]}, 'OUTPUT': {'DIR': 'checkpoints/cifar10/resnet110/drop_fd/rate_0./seed1'}, 'SEED': 1, 'OPTIM': {'LR': 0.1, 'MAX_EPOCH': 100, 'LR_SCHEDULER': 'step', 'LR_MILESTONES': [20, 40, 80, 120, 140], 'LR_DECAY': 0.2, 'PART_RATE': 0.1, 'WEIGHT_DECAY': 0.0005, 'DROP_RATE': 0.0, 'DROP_METHOD': 'fd', 'BLOCK_SIZE': 7}, 'MODEL': {'BACKBONE': 'resnet110'}}
2023-04-12 19:30:26,461 - __main__ - INFO - Reading training data set cifar10
2023-04-12 19:30:28,207 - __main__ - INFO - Loading raw model
2023-04-12 19:30:32,453 - __main__ - INFO - 
Saving everything to checkpoints/cifar10/resnet110/drop_fd/rate_0./seed1
2023-04-12 19:30:32,454 - __main__ - INFO - Start training...
2023-04-12 19:30:38,096 - __main__ - INFO - [INFO] 2023-04-12 19:30:38.096343 Epoch [1/100] batch [1/391] loss 10.1797 lr 0.1 acc 8.59% eta 2 days, 12:55:51
2023-04-12 19:31:04,106 - __main__ - INFO - [INFO] 2023-04-12 19:31:04.105941 Epoch [1/100] batch [129/391] loss 2.2773 lr 0.1 acc 11.72% eta 2:19:17
2023-04-12 19:31:30,117 - __main__ - INFO - [INFO] 2023-04-12 19:31:30.116829 Epoch [1/100] batch [257/391] loss 2.2773 lr 0.1 acc 20.31% eta 2:05:13
2023-04-12 19:31:55,795 - __main__ - INFO - [INFO] 2023-04-12 19:31:55.795753 Epoch [1/100] batch [385/391] loss 2.0273 lr 0.1 acc 21.09% eta 1:59:47
2023-04-12 19:31:57,019 - __main__ - INFO - Computing epoch 1 validation accuracy...
2023-04-12 19:32:02,306 - __main__ - INFO - Computing epoch 1 validation loss...
2023-04-12 19:32:07,893 - __main__ - INFO - [INFO] 2023-04-12 19:32:07.892889 Epoch [2/100] batch [1/391] loss 2.2695 lr 0.09997532801828658 acc 18.75% eta 1:59:45
2023-04-12 19:32:34,121 - __main__ - INFO - [INFO] 2023-04-12 19:32:34.121268 Epoch [2/100] batch [129/391] loss 2.0625 lr 0.09997532801828658 acc 24.22% eta 1:51:45
2023-04-12 19:33:00,598 - __main__ - INFO - [INFO] 2023-04-12 19:33:00.598288 Epoch [2/100] batch [257/391] loss 1.9102 lr 0.09997532801828658 acc 26.56% eta 1:51:50
2023-04-12 19:33:27,022 - __main__ - INFO - [INFO] 2023-04-12 19:33:27.022093 Epoch [2/100] batch [385/391] loss 1.8496 lr 0.09997532801828658 acc 24.22% eta 1:51:25
2023-04-12 19:33:28,244 - __main__ - INFO - Computing epoch 2 validation accuracy...
2023-04-12 19:33:33,467 - __main__ - INFO - Computing epoch 2 validation loss...
2023-04-12 19:33:39,021 - __main__ - INFO - [INFO] 2023-04-12 19:33:39.021682 Epoch [3/100] batch [1/391] loss 1.7646 lr 0.09990133642141358 acc 34.38% eta 1:58:45
2023-04-12 19:34:05,324 - __main__ - INFO - [INFO] 2023-04-12 19:34:05.323858 Epoch [3/100] batch [129/391] loss 1.8262 lr 0.09990133642141358 acc 26.56% eta 1:50:50
2023-04-12 19:34:31,558 - __main__ - INFO - [INFO] 2023-04-12 19:34:31.558159 Epoch [3/100] batch [257/391] loss 1.7363 lr 0.09990133642141358 acc 38.28% eta 1:50:11
2023-04-12 19:34:57,388 - __main__ - INFO - [INFO] 2023-04-12 19:34:57.387819 Epoch [3/100] batch [385/391] loss 1.5898 lr 0.09990133642141358 acc 42.97% eta 1:49:13
2023-04-12 19:34:58,568 - __main__ - INFO - Computing epoch 3 validation accuracy...
2023-04-12 19:35:03,671 - __main__ - INFO - Computing epoch 3 validation loss...
2023-04-12 19:35:09,287 - __main__ - INFO - [INFO] 2023-04-12 19:35:09.287489 Epoch [4/100] batch [1/391] loss 2.3965 lr 0.099778098230154 acc 42.19% eta 1:57:21
2023-04-12 19:35:36,376 - __main__ - INFO - [INFO] 2023-04-12 19:35:36.376592 Epoch [4/100] batch [129/391] loss 1.7275 lr 0.099778098230154 acc 40.62% eta 1:52:49
2023-04-12 19:36:02,963 - __main__ - INFO - [INFO] 2023-04-12 19:36:02.963337 Epoch [4/100] batch [257/391] loss 1.7402 lr 0.099778098230154 acc 33.59% eta 1:51:22
2023-04-12 19:36:29,488 - __main__ - INFO - [INFO] 2023-04-12 19:36:29.488798 Epoch [4/100] batch [385/391] loss 1.5078 lr 0.099778098230154 acc 50.00% eta 1:50:35
2023-04-12 19:36:30,747 - __main__ - INFO - Computing epoch 4 validation accuracy...
2023-04-12 19:36:35,951 - __main__ - INFO - Computing epoch 4 validation loss...
2023-04-12 19:36:41,470 - __main__ - INFO - [INFO] 2023-04-12 19:36:41.470231 Epoch [5/100] batch [1/391] loss 1.4004 lr 0.0996057350657239 acc 48.44% eta 1:53:27
2023-04-12 19:37:07,840 - __main__ - INFO - [INFO] 2023-04-12 19:37:07.839530 Epoch [5/100] batch [129/391] loss 1.2979 lr 0.0996057350657239 acc 50.00% eta 1:48:50
2023-04-12 19:37:34,434 - __main__ - INFO - [INFO] 2023-04-12 19:37:34.433985 Epoch [5/100] batch [257/391] loss 1.1533 lr 0.0996057350657239 acc 57.81% eta 1:48:58
2023-04-12 19:38:01,323 - __main__ - INFO - [INFO] 2023-04-12 19:38:01.323257 Epoch [5/100] batch [385/391] loss 1.2803 lr 0.0996057350657239 acc 43.75% eta 1:49:09
2023-04-12 19:38:02,517 - __main__ - INFO - Computing epoch 5 validation accuracy...
2023-04-12 19:38:07,510 - __main__ - INFO - Computing epoch 5 validation loss...
2023-04-12 19:38:12,914 - __main__ - INFO - [INFO] 2023-04-12 19:38:12.914022 Epoch [6/100] batch [1/391] loss 1.7959 lr 0.09938441702975688 acc 52.34% eta 1:48:51
2023-04-12 19:38:39,190 - __main__ - INFO - [INFO] 2023-04-12 19:38:39.190042 Epoch [6/100] batch [129/391] loss 1.2891 lr 0.09938441702975688 acc 53.12% eta 1:47:20
2023-04-12 19:39:05,351 - __main__ - INFO - [INFO] 2023-04-12 19:39:05.351082 Epoch [6/100] batch [257/391] loss 1.1768 lr 0.09938441702975688 acc 59.38% eta 1:46:40
2023-04-12 19:39:31,577 - __main__ - INFO - [INFO] 2023-04-12 19:39:31.576961 Epoch [6/100] batch [385/391] loss 0.9292 lr 0.09938441702975688 acc 65.62% eta 1:46:17
2023-04-12 19:39:32,855 - __main__ - INFO - Computing epoch 6 validation accuracy...
2023-04-12 19:39:38,208 - __main__ - INFO - Computing epoch 6 validation loss...
2023-04-12 19:39:43,849 - __main__ - INFO - [INFO] 2023-04-12 19:39:43.848815 Epoch [7/100] batch [1/391] loss 1.2930 lr 0.09911436253643444 acc 55.47% eta 2:01:53
2023-04-12 19:40:10,740 - __main__ - INFO - [INFO] 2023-04-12 19:40:10.740299 Epoch [7/100] batch [129/391] loss 1.1221 lr 0.09911436253643444 acc 65.62% eta 1:48:34
2023-04-12 19:40:37,382 - __main__ - INFO - [INFO] 2023-04-12 19:40:37.382153 Epoch [7/100] batch [257/391] loss 1.0430 lr 0.09911436253643444 acc 53.12% eta 1:47:38
2023-04-12 19:41:03,998 - __main__ - INFO - [INFO] 2023-04-12 19:41:03.997835 Epoch [7/100] batch [385/391] loss 1.2158 lr 0.09911436253643444 acc 52.34% eta 1:47:06
2023-04-12 19:41:05,242 - __main__ - INFO - Computing epoch 7 validation accuracy...
2023-04-12 19:41:10,413 - __main__ - INFO - Computing epoch 7 validation loss...
2023-04-12 19:41:16,057 - __main__ - INFO - [INFO] 2023-04-12 19:41:16.056367 Epoch [8/100] batch [1/391] loss 1.4805 lr 0.09879583809693737 acc 67.97% eta 2:50:12
2023-04-12 19:41:42,756 - __main__ - INFO - [INFO] 2023-04-12 19:41:42.756624 Epoch [8/100] batch [129/391] loss 1.0742 lr 0.09879583809693737 acc 62.50% eta 1:47:03
2023-04-12 19:42:09,655 - __main__ - INFO - [INFO] 2023-04-12 19:42:09.654918 Epoch [8/100] batch [257/391] loss 0.7656 lr 0.09879583809693737 acc 76.56% eta 1:46:53
2023-04-12 19:42:36,253 - __main__ - INFO - [INFO] 2023-04-12 19:42:36.253278 Epoch [8/100] batch [385/391] loss 0.9414 lr 0.09879583809693737 acc 60.94% eta 1:46:12
2023-04-12 19:42:37,419 - __main__ - INFO - Computing epoch 8 validation accuracy...
2023-04-12 19:42:42,584 - __main__ - INFO - Computing epoch 8 validation loss...
2023-04-12 19:42:48,155 - __main__ - INFO - [INFO] 2023-04-12 19:42:48.154588 Epoch [9/100] batch [1/391] loss 1.4766 lr 0.09842915805643156 acc 57.03% eta 1:51:10
2023-04-12 19:43:15,067 - __main__ - INFO - [INFO] 2023-04-12 19:43:15.067570 Epoch [9/100] batch [129/391] loss 0.8359 lr 0.09842915805643156 acc 64.84% eta 1:46:17
2023-04-12 19:43:41,743 - __main__ - INFO - [INFO] 2023-04-12 19:43:41.743145 Epoch [9/100] batch [257/391] loss 0.9326 lr 0.09842915805643156 acc 67.19% eta 1:45:29
2023-04-12 19:44:08,640 - __main__ - INFO - [INFO] 2023-04-12 19:44:08.640093 Epoch [9/100] batch [385/391] loss 0.8364 lr 0.09842915805643156 acc 64.84% eta 1:45:15
2023-04-12 19:44:09,857 - __main__ - INFO - Computing epoch 9 validation accuracy...
2023-04-12 19:44:15,138 - __main__ - INFO - Computing epoch 9 validation loss...
2023-04-12 19:44:20,674 - __main__ - INFO - [INFO] 2023-04-12 19:44:20.673987 Epoch [10/100] batch [1/391] loss 1.4316 lr 0.09801468428384716 acc 67.97% eta 1:48:38
2023-04-12 19:44:47,266 - __main__ - INFO - [INFO] 2023-04-12 19:44:47.265821 Epoch [10/100] batch [129/391] loss 0.8999 lr 0.09801468428384716 acc 65.62% eta 1:44:06
2023-04-12 19:45:13,719 - __main__ - INFO - [INFO] 2023-04-12 19:45:13.718847 Epoch [10/100] batch [257/391] loss 0.8711 lr 0.09801468428384716 acc 63.28% eta 1:43:24
2023-04-12 19:45:40,039 - __main__ - INFO - [INFO] 2023-04-12 19:45:40.039341 Epoch [10/100] batch [385/391] loss 0.7998 lr 0.09801468428384716 acc 70.31% eta 1:42:46
2023-04-12 19:45:41,261 - __main__ - INFO - Computing epoch 10 validation accuracy...
2023-04-12 19:45:46,351 - __main__ - INFO - Computing epoch 10 validation loss...
2023-04-12 19:45:51,805 - __main__ - INFO - [INFO] 2023-04-12 19:45:51.805045 Epoch [11/100] batch [1/391] loss 1.4336 lr 0.09755282581475769 acc 66.41% eta 1:46:14
2023-04-12 19:46:18,314 - __main__ - INFO - [INFO] 2023-04-12 19:46:18.314526 Epoch [11/100] batch [129/391] loss 0.8564 lr 0.09755282581475769 acc 70.31% eta 1:42:33
2023-04-12 19:46:44,938 - __main__ - INFO - [INFO] 2023-04-12 19:46:44.938666 Epoch [11/100] batch [257/391] loss 0.6499 lr 0.09755282581475769 acc 76.56% eta 1:42:17
2023-04-12 19:47:11,352 - __main__ - INFO - [INFO] 2023-04-12 19:47:11.352361 Epoch [11/100] batch [385/391] loss 0.9937 lr 0.09755282581475769 acc 65.62% eta 1:41:39
2023-04-12 19:47:12,530 - __main__ - INFO - Computing epoch 11 validation accuracy...
2023-04-12 19:47:17,551 - __main__ - INFO - Computing epoch 11 validation loss...
2023-04-12 19:47:22,946 - __main__ - INFO - [INFO] 2023-04-12 19:47:22.946414 Epoch [12/100] batch [1/391] loss 1.3721 lr 0.09704403844771128 acc 60.94% eta 1:44:01
2023-04-12 19:47:49,517 - __main__ - INFO - [INFO] 2023-04-12 19:47:49.516948 Epoch [12/100] batch [129/391] loss 0.7930 lr 0.09704403844771128 acc 70.31% eta 1:41:43
2023-04-12 19:48:16,449 - __main__ - INFO - [INFO] 2023-04-12 19:48:16.448958 Epoch [12/100] batch [257/391] loss 0.7656 lr 0.09704403844771128 acc 75.00% eta 1:41:51
2023-04-12 19:48:42,599 - __main__ - INFO - [INFO] 2023-04-12 19:48:42.599701 Epoch [12/100] batch [385/391] loss 0.7515 lr 0.09704403844771128 acc 71.09% eta 1:40:44
2023-04-12 19:48:43,814 - __main__ - INFO - Computing epoch 12 validation accuracy...
2023-04-12 19:48:48,908 - __main__ - INFO - Computing epoch 12 validation loss...
2023-04-12 19:48:54,505 - __main__ - INFO - [INFO] 2023-04-12 19:48:54.505400 Epoch [13/100] batch [1/391] loss 1.4443 lr 0.09648882429441258 acc 63.28% eta 2:06:28
2023-04-12 19:49:20,886 - __main__ - INFO - [INFO] 2023-04-12 19:49:20.886025 Epoch [13/100] batch [129/391] loss 0.7720 lr 0.09648882429441258 acc 77.34% eta 1:40:01
2023-04-12 19:49:47,590 - __main__ - INFO - [INFO] 2023-04-12 19:49:47.589844 Epoch [13/100] batch [257/391] loss 0.6953 lr 0.09648882429441258 acc 76.56% eta 1:40:02
2023-04-12 19:50:14,121 - __main__ - INFO - [INFO] 2023-04-12 19:50:14.120988 Epoch [13/100] batch [385/391] loss 0.8315 lr 0.09648882429441258 acc 75.78% eta 1:39:39
2023-04-12 19:50:15,341 - __main__ - INFO - Computing epoch 13 validation accuracy...
2023-04-12 19:50:20,696 - __main__ - INFO - Computing epoch 13 validation loss...
2023-04-12 19:50:26,626 - __main__ - INFO - [INFO] 2023-04-12 19:50:26.626673 Epoch [14/100] batch [1/391] loss 0.8208 lr 0.09588773128419906 acc 71.09% eta 1:47:22
2023-04-12 19:50:52,761 - __main__ - INFO - [INFO] 2023-04-12 19:50:52.761273 Epoch [14/100] batch [129/391] loss 0.8115 lr 0.09588773128419906 acc 71.88% eta 1:37:50
2023-04-12 19:51:19,047 - __main__ - INFO - [INFO] 2023-04-12 19:51:19.047458 Epoch [14/100] batch [257/391] loss 0.7661 lr 0.09588773128419906 acc 62.50% eta 1:37:28
2023-04-12 19:51:45,476 - __main__ - INFO - [INFO] 2023-04-12 19:51:45.476330 Epoch [14/100] batch [385/391] loss 0.7363 lr 0.09588773128419906 acc 68.75% eta 1:37:24
2023-04-12 19:51:47,150 - __main__ - INFO - Computing epoch 14 validation accuracy...
2023-04-12 19:51:52,710 - __main__ - INFO - Computing epoch 14 validation loss...
2023-04-12 19:51:58,166 - __main__ - INFO - [INFO] 2023-04-12 19:51:58.165883 Epoch [15/100] batch [1/391] loss 1.3066 lr 0.09524135262330098 acc 67.97% eta 1:49:41
2023-04-12 19:52:25,012 - __main__ - INFO - [INFO] 2023-04-12 19:52:25.012708 Epoch [15/100] batch [129/391] loss 0.6528 lr 0.09524135262330098 acc 67.97% eta 1:38:54
2023-04-12 19:52:51,586 - __main__ - INFO - [INFO] 2023-04-12 19:52:51.586479 Epoch [15/100] batch [257/391] loss 0.6602 lr 0.09524135262330098 acc 74.22% eta 1:38:11
2023-04-12 19:53:17,913 - __main__ - INFO - [INFO] 2023-04-12 19:53:17.913226 Epoch [15/100] batch [385/391] loss 0.6616 lr 0.09524135262330098 acc 78.12% eta 1:37:20
2023-04-12 19:53:19,124 - __main__ - INFO - Computing epoch 15 validation accuracy...
2023-04-12 19:53:24,314 - __main__ - INFO - Computing epoch 15 validation loss...
2023-04-12 19:53:29,754 - __main__ - INFO - [INFO] 2023-04-12 19:53:29.754239 Epoch [16/100] batch [1/391] loss 1.2461 lr 0.0945503262094184 acc 78.12% eta 1:41:41
2023-04-12 19:53:56,636 - __main__ - INFO - [INFO] 2023-04-12 19:53:56.636181 Epoch [16/100] batch [129/391] loss 0.7095 lr 0.0945503262094184 acc 71.88% eta 1:38:18
2023-04-12 19:54:22,970 - __main__ - INFO - [INFO] 2023-04-12 19:54:22.970071 Epoch [16/100] batch [257/391] loss 0.7148 lr 0.0945503262094184 acc 68.75% eta 1:36:50
2023-04-12 19:54:49,203 - __main__ - INFO - [INFO] 2023-04-12 19:54:49.202942 Epoch [16/100] batch [385/391] loss 0.7734 lr 0.0945503262094184 acc 71.88% eta 1:36:00
2023-04-12 19:54:50,397 - __main__ - INFO - Computing epoch 16 validation accuracy...
2023-04-12 19:54:55,833 - __main__ - INFO - Computing epoch 16 validation loss...
2023-04-12 19:55:01,340 - __main__ - INFO - [INFO] 2023-04-12 19:55:01.340759 Epoch [17/100] batch [1/391] loss 0.6367 lr 0.09381533400219319 acc 74.22% eta 1:38:50
2023-04-12 19:55:27,836 - __main__ - INFO - [INFO] 2023-04-12 19:55:27.835905 Epoch [17/100] batch [129/391] loss 0.7188 lr 0.09381533400219319 acc 61.72% eta 1:35:30
2023-04-12 19:55:54,136 - __main__ - INFO - [INFO] 2023-04-12 19:55:54.136074 Epoch [17/100] batch [257/391] loss 0.6260 lr 0.09381533400219319 acc 70.31% eta 1:34:48
2023-04-12 19:56:20,401 - __main__ - INFO - [INFO] 2023-04-12 19:56:20.401623 Epoch [17/100] batch [385/391] loss 0.6675 lr 0.09381533400219319 acc 74.22% eta 1:34:16
2023-04-12 19:56:21,598 - __main__ - INFO - Computing epoch 17 validation accuracy...
2023-04-12 19:56:26,981 - __main__ - INFO - Computing epoch 17 validation loss...
2023-04-12 19:56:32,515 - __main__ - INFO - [INFO] 2023-04-12 19:56:32.514907 Epoch [18/100] batch [1/391] loss 1.3252 lr 0.0930371013501972 acc 66.41% eta 1:42:48
2023-04-12 19:56:59,214 - __main__ - INFO - [INFO] 2023-04-12 19:56:59.213871 Epoch [18/100] batch [129/391] loss 0.7407 lr 0.0930371013501972 acc 70.31% eta 1:35:20
2023-04-12 19:57:25,522 - __main__ - INFO - [INFO] 2023-04-12 19:57:25.522463 Epoch [18/100] batch [257/391] loss 0.6968 lr 0.0930371013501972 acc 72.66% eta 1:34:08
2023-04-12 19:57:51,797 - __main__ - INFO - [INFO] 2023-04-12 19:57:51.797422 Epoch [18/100] batch [385/391] loss 0.6323 lr 0.0930371013501972 acc 75.78% eta 1:33:26
2023-04-12 19:57:53,015 - __main__ - INFO - Computing epoch 18 validation accuracy...
2023-04-12 19:57:58,067 - __main__ - INFO - Computing epoch 18 validation loss...
2023-04-12 19:58:03,558 - __main__ - INFO - [INFO] 2023-04-12 19:58:03.558019 Epoch [19/100] batch [1/391] loss 1.1807 lr 0.09221639627510078 acc 64.06% eta 1:40:32
2023-04-12 19:58:30,234 - __main__ - INFO - [INFO] 2023-04-12 19:58:30.234738 Epoch [19/100] batch [129/391] loss 0.5645 lr 0.09221639627510078 acc 78.12% eta 1:34:00
2023-04-12 19:58:56,297 - __main__ - INFO - [INFO] 2023-04-12 19:58:56.297746 Epoch [19/100] batch [257/391] loss 0.8354 lr 0.09221639627510078 acc 70.31% eta 1:32:32
2023-04-12 19:59:22,844 - __main__ - INFO - [INFO] 2023-04-12 19:59:22.844258 Epoch [19/100] batch [385/391] loss 0.6001 lr 0.09221639627510078 acc 82.81% eta 1:32:21
2023-04-12 19:59:24,020 - __main__ - INFO - Computing epoch 19 validation accuracy...
2023-04-12 19:59:29,076 - __main__ - INFO - Computing epoch 19 validation loss...
2023-04-12 19:59:34,551 - __main__ - INFO - [INFO] 2023-04-12 19:59:34.551609 Epoch [20/100] batch [1/391] loss 1.2031 lr 0.09135402871372812 acc 65.62% eta 1:32:20
2023-04-12 20:00:01,712 - __main__ - INFO - [INFO] 2023-04-12 20:00:01.712606 Epoch [20/100] batch [129/391] loss 0.8267 lr 0.09135402871372812 acc 71.88% eta 1:34:31
2023-04-12 20:00:28,616 - __main__ - INFO - [INFO] 2023-04-12 20:00:28.616388 Epoch [20/100] batch [257/391] loss 0.7603 lr 0.09135402871372812 acc 74.22% eta 1:33:41
2023-04-12 20:00:54,880 - __main__ - INFO - [INFO] 2023-04-12 20:00:54.880233 Epoch [20/100] batch [385/391] loss 0.7173 lr 0.09135402871372812 acc 68.75% eta 1:32:23
2023-04-12 20:00:56,104 - __main__ - INFO - Computing epoch 20 validation accuracy...
2023-04-12 20:01:01,336 - __main__ - INFO - Computing epoch 20 validation loss...
2023-04-12 20:01:06,856 - __main__ - INFO - [INFO] 2023-04-12 20:01:06.855961 Epoch [21/100] batch [1/391] loss 1.2266 lr 0.09045084971874741 acc 60.16% eta 1:37:42
2023-04-12 20:01:33,435 - __main__ - INFO - [INFO] 2023-04-12 20:01:33.434771 Epoch [21/100] batch [129/391] loss 0.5527 lr 0.09045084971874741 acc 63.28% eta 1:31:21
2023-04-12 20:01:59,900 - __main__ - INFO - [INFO] 2023-04-12 20:01:59.899885 Epoch [21/100] batch [257/391] loss 0.7061 lr 0.09045084971874741 acc 78.91% eta 1:30:41
2023-04-12 20:02:26,201 - __main__ - INFO - [INFO] 2023-04-12 20:02:26.200894 Epoch [21/100] batch [385/391] loss 0.6963 lr 0.09045084971874741 acc 73.44% eta 1:30:05
2023-04-12 20:02:27,511 - __main__ - INFO - Computing epoch 21 validation accuracy...
2023-04-12 20:02:32,949 - __main__ - INFO - Computing epoch 21 validation loss...
2023-04-12 20:02:38,394 - __main__ - INFO - [INFO] 2023-04-12 20:02:38.393869 Epoch [22/100] batch [1/391] loss 1.1523 lr 0.08950775061878455 acc 74.22% eta 1:30:56
2023-04-12 20:03:04,647 - __main__ - INFO - [INFO] 2023-04-12 20:03:04.647638 Epoch [22/100] batch [129/391] loss 0.7749 lr 0.08950775061878455 acc 72.66% eta 1:29:07
2023-04-12 20:03:31,340 - __main__ - INFO - [INFO] 2023-04-12 20:03:31.339802 Epoch [22/100] batch [257/391] loss 0.5254 lr 0.08950775061878455 acc 83.59% eta 1:29:23
2023-04-12 20:03:58,214 - __main__ - INFO - [INFO] 2023-04-12 20:03:58.213694 Epoch [22/100] batch [385/391] loss 0.5000 lr 0.08950775061878455 acc 84.38% eta 1:29:31
2023-04-12 20:03:59,546 - __main__ - INFO - Computing epoch 22 validation accuracy...
2023-04-12 20:04:04,989 - __main__ - INFO - Computing epoch 22 validation loss...
2023-04-12 20:04:10,456 - __main__ - INFO - [INFO] 2023-04-12 20:04:10.456094 Epoch [23/100] batch [1/391] loss 1.1572 lr 0.0885256621387895 acc 78.91% eta 1:35:40
2023-04-12 20:04:37,505 - __main__ - INFO - [INFO] 2023-04-12 20:04:37.505199 Epoch [23/100] batch [129/391] loss 0.6899 lr 0.0885256621387895 acc 72.66% eta 1:30:39
2023-04-12 20:05:03,910 - __main__ - INFO - [INFO] 2023-04-12 20:05:03.909833 Epoch [23/100] batch [257/391] loss 0.5239 lr 0.0885256621387895 acc 84.38% eta 1:29:06
2023-04-12 20:05:30,607 - __main__ - INFO - [INFO] 2023-04-12 20:05:30.607287 Epoch [23/100] batch [385/391] loss 0.6514 lr 0.0885256621387895 acc 68.75% eta 1:28:37
2023-04-12 20:05:31,854 - __main__ - INFO - Computing epoch 23 validation accuracy...
2023-04-12 20:05:37,145 - __main__ - INFO - Computing epoch 23 validation loss...
2023-04-12 20:05:42,514 - __main__ - INFO - [INFO] 2023-04-12 20:05:42.514651 Epoch [24/100] batch [1/391] loss 1.0928 lr 0.08750555348152302 acc 71.88% eta 1:31:07
2023-04-12 20:06:08,712 - __main__ - INFO - [INFO] 2023-04-12 20:06:08.712603 Epoch [24/100] batch [129/391] loss 0.5107 lr 0.08750555348152302 acc 75.78% eta 1:26:34
2023-04-12 20:06:34,839 - __main__ - INFO - [INFO] 2023-04-12 20:06:34.839481 Epoch [24/100] batch [257/391] loss 0.4216 lr 0.08750555348152302 acc 79.69% eta 1:26:09
2023-04-12 20:07:01,188 - __main__ - INFO - [INFO] 2023-04-12 20:07:01.187882 Epoch [24/100] batch [385/391] loss 0.5166 lr 0.08750555348152302 acc 81.25% eta 1:25:58
2023-04-12 20:07:02,388 - __main__ - INFO - Computing epoch 24 validation accuracy...
2023-04-12 20:07:07,598 - __main__ - INFO - Computing epoch 24 validation loss...
2023-04-12 20:07:13,047 - __main__ - INFO - [INFO] 2023-04-12 20:07:13.047431 Epoch [25/100] batch [1/391] loss 1.1523 lr 0.08644843137107061 acc 68.75% eta 1:34:55
2023-04-12 20:07:39,178 - __main__ - INFO - [INFO] 2023-04-12 20:07:39.178285 Epoch [25/100] batch [129/391] loss 0.5562 lr 0.08644843137107061 acc 75.00% eta 1:25:19
2023-04-12 20:08:05,618 - __main__ - INFO - [INFO] 2023-04-12 20:08:05.618553 Epoch [25/100] batch [257/391] loss 0.6768 lr 0.08644843137107061 acc 69.53% eta 1:25:21
2023-04-12 20:08:32,240 - __main__ - INFO - [INFO] 2023-04-12 20:08:32.240625 Epoch [25/100] batch [385/391] loss 0.6929 lr 0.08644843137107061 acc 75.78% eta 1:25:15
2023-04-12 20:08:33,482 - __main__ - INFO - Computing epoch 25 validation accuracy...
2023-04-12 20:08:38,701 - __main__ - INFO - Computing epoch 25 validation loss...
2023-04-12 20:08:44,321 - __main__ - INFO - [INFO] 2023-04-12 20:08:44.321342 Epoch [26/100] batch [1/391] loss 1.1504 lr 0.0853553390593274 acc 62.50% eta 1:31:15
2023-04-12 20:09:10,909 - __main__ - INFO - [INFO] 2023-04-12 20:09:10.909430 Epoch [26/100] batch [129/391] loss 0.5269 lr 0.0853553390593274 acc 76.56% eta 1:25:45
2023-04-12 20:09:37,281 - __main__ - INFO - [INFO] 2023-04-12 20:09:37.280940 Epoch [26/100] batch [257/391] loss 0.6934 lr 0.0853553390593274 acc 69.53% eta 1:24:56
2023-04-12 20:10:04,369 - __main__ - INFO - [INFO] 2023-04-12 20:10:04.368847 Epoch [26/100] batch [385/391] loss 0.5952 lr 0.0853553390593274 acc 75.00% eta 1:25:09
2023-04-12 20:10:05,583 - __main__ - INFO - Computing epoch 26 validation accuracy...
2023-04-12 20:10:10,757 - __main__ - INFO - Computing epoch 26 validation loss...
2023-04-12 20:10:16,227 - __main__ - INFO - [INFO] 2023-04-12 20:10:16.226861 Epoch [27/100] batch [1/391] loss 0.5542 lr 0.08422735529643446 acc 80.47% eta 1:30:56
2023-04-12 20:10:42,758 - __main__ - INFO - [INFO] 2023-04-12 20:10:42.758012 Epoch [27/100] batch [129/391] loss 0.8784 lr 0.08422735529643446 acc 72.66% eta 1:24:18
2023-04-12 20:11:08,773 - __main__ - INFO - [INFO] 2023-04-12 20:11:08.773506 Epoch [27/100] batch [257/391] loss 0.7739 lr 0.08422735529643446 acc 75.00% eta 1:23:08
2023-04-12 20:11:35,328 - __main__ - INFO - [INFO] 2023-04-12 20:11:35.327908 Epoch [27/100] batch [385/391] loss 0.5312 lr 0.08422735529643446 acc 83.59% eta 1:22:59
2023-04-12 20:11:36,509 - __main__ - INFO - Computing epoch 27 validation accuracy...
2023-04-12 20:11:41,584 - __main__ - INFO - Computing epoch 27 validation loss...
2023-04-12 20:11:47,119 - __main__ - INFO - [INFO] 2023-04-12 20:11:47.119516 Epoch [28/100] batch [1/391] loss 1.1045 lr 0.08306559326618262 acc 82.03% eta 1:27:28
2023-04-12 20:12:13,726 - __main__ - INFO - [INFO] 2023-04-12 20:12:13.726164 Epoch [28/100] batch [129/391] loss 0.5557 lr 0.08306559326618262 acc 80.47% eta 1:23:20
2023-04-12 20:12:40,513 - __main__ - INFO - [INFO] 2023-04-12 20:12:40.512860 Epoch [28/100] batch [257/391] loss 0.7417 lr 0.08306559326618262 acc 72.66% eta 1:23:10
2023-04-12 20:13:07,574 - __main__ - INFO - [INFO] 2023-04-12 20:13:07.574348 Epoch [28/100] batch [385/391] loss 0.5571 lr 0.08306559326618262 acc 79.69% eta 1:23:13
2023-04-12 20:13:08,778 - __main__ - INFO - Computing epoch 28 validation accuracy...
2023-04-12 20:13:13,862 - __main__ - INFO - Computing epoch 28 validation loss...
2023-04-12 20:13:19,272 - __main__ - INFO - [INFO] 2023-04-12 20:13:19.272364 Epoch [29/100] batch [1/391] loss 1.0664 lr 0.08187119948743452 acc 63.28% eta 1:26:06
2023-04-12 20:13:45,410 - __main__ - INFO - [INFO] 2023-04-12 20:13:45.410224 Epoch [29/100] batch [129/391] loss 0.5166 lr 0.08187119948743452 acc 75.78% eta 1:20:57
2023-04-12 20:14:12,094 - __main__ - INFO - [INFO] 2023-04-12 20:14:12.094325 Epoch [29/100] batch [257/391] loss 0.6509 lr 0.08187119948743452 acc 79.69% eta 1:21:14
2023-04-12 20:14:38,239 - __main__ - INFO - [INFO] 2023-04-12 20:14:38.239786 Epoch [29/100] batch [385/391] loss 0.5083 lr 0.08187119948743452 acc 67.97% eta 1:20:34
2023-04-12 20:14:39,452 - __main__ - INFO - Computing epoch 29 validation accuracy...
2023-04-12 20:14:44,830 - __main__ - INFO - Computing epoch 29 validation loss...
2023-04-12 20:14:50,547 - __main__ - INFO - [INFO] 2023-04-12 20:14:50.547011 Epoch [30/100] batch [1/391] loss 0.5244 lr 0.08064535268264886 acc 73.44% eta 1:29:12
2023-04-12 20:15:16,831 - __main__ - INFO - [INFO] 2023-04-12 20:15:16.830942 Epoch [30/100] batch [129/391] loss 0.4854 lr 0.08064535268264886 acc 73.44% eta 1:20:12
2023-04-12 20:15:43,552 - __main__ - INFO - [INFO] 2023-04-12 20:15:43.552332 Epoch [30/100] batch [257/391] loss 0.5674 lr 0.08064535268264886 acc 76.56% eta 1:20:21
2023-04-12 20:16:09,593 - __main__ - INFO - [INFO] 2023-04-12 20:16:09.593051 Epoch [30/100] batch [385/391] loss 0.6118 lr 0.08064535268264886 acc 71.09% eta 1:19:32
2023-04-12 20:16:10,796 - __main__ - INFO - Computing epoch 30 validation accuracy...
2023-04-12 20:16:15,865 - __main__ - INFO - Computing epoch 30 validation loss...
2023-04-12 20:16:21,537 - __main__ - INFO - [INFO] 2023-04-12 20:16:21.537008 Epoch [31/100] batch [1/391] loss 1.0322 lr 0.0793892626146237 acc 81.25% eta 1:26:13
2023-04-12 20:16:48,016 - __main__ - INFO - [INFO] 2023-04-12 20:16:48.016269 Epoch [31/100] batch [129/391] loss 0.7476 lr 0.0793892626146237 acc 69.53% eta 1:19:33
2023-04-12 20:17:14,408 - __main__ - INFO - [INFO] 2023-04-12 20:17:14.407823 Epoch [31/100] batch [257/391] loss 0.5332 lr 0.0793892626146237 acc 80.47% eta 1:18:59
2023-04-12 20:17:40,939 - __main__ - INFO - [INFO] 2023-04-12 20:17:40.938982 Epoch [31/100] batch [385/391] loss 0.6719 lr 0.0793892626146237 acc 71.88% eta 1:18:44
2023-04-12 20:17:42,152 - __main__ - INFO - Computing epoch 31 validation accuracy...
2023-04-12 20:17:47,276 - __main__ - INFO - Computing epoch 31 validation loss...
2023-04-12 20:17:52,908 - __main__ - INFO - [INFO] 2023-04-12 20:17:52.908702 Epoch [32/100] batch [1/391] loss 1.0459 lr 0.07810416889260657 acc 79.69% eta 1:30:22
2023-04-12 20:18:19,543 - __main__ - INFO - [INFO] 2023-04-12 20:18:19.543546 Epoch [32/100] batch [129/391] loss 0.5977 lr 0.07810416889260657 acc 81.25% eta 1:18:49
2023-04-12 20:18:45,825 - __main__ - INFO - [INFO] 2023-04-12 20:18:45.825756 Epoch [32/100] batch [257/391] loss 0.5898 lr 0.07810416889260657 acc 80.47% eta 1:17:54
2023-04-12 20:19:12,145 - __main__ - INFO - [INFO] 2023-04-12 20:19:12.145497 Epoch [32/100] batch [385/391] loss 0.4458 lr 0.07810416889260657 acc 87.50% eta 1:17:25
2023-04-12 20:19:13,354 - __main__ - INFO - Computing epoch 32 validation accuracy...
2023-04-12 20:19:18,753 - __main__ - INFO - Computing epoch 32 validation loss...
2023-04-12 20:19:24,222 - __main__ - INFO - [INFO] 2023-04-12 20:19:24.222146 Epoch [33/100] batch [1/391] loss 0.5674 lr 0.07679133974894986 acc 82.81% eta 1:23:00
2023-04-12 20:19:50,650 - __main__ - INFO - [INFO] 2023-04-12 20:19:50.650250 Epoch [33/100] batch [129/391] loss 0.6367 lr 0.07679133974894986 acc 74.22% eta 1:17:13
2023-04-12 20:20:17,250 - __main__ - INFO - [INFO] 2023-04-12 20:20:17.250554 Epoch [33/100] batch [257/391] loss 0.4971 lr 0.07679133974894986 acc 83.59% eta 1:17:03
2023-04-12 20:20:43,520 - __main__ - INFO - [INFO] 2023-04-12 20:20:43.520150 Epoch [33/100] batch [385/391] loss 0.6157 lr 0.07679133974894986 acc 78.12% eta 1:16:21
2023-04-12 20:20:44,715 - __main__ - INFO - Computing epoch 33 validation accuracy...
2023-04-12 20:20:49,825 - __main__ - INFO - Computing epoch 33 validation loss...
2023-04-12 20:20:55,259 - __main__ - INFO - [INFO] 2023-04-12 20:20:55.259313 Epoch [34/100] batch [1/391] loss 0.4543 lr 0.0754520707875186 acc 83.59% eta 1:18:22
2023-04-12 20:21:21,823 - __main__ - INFO - [INFO] 2023-04-12 20:21:21.823299 Epoch [34/100] batch [129/391] loss 0.4709 lr 0.0754520707875186 acc 79.69% eta 1:16:19
2023-04-12 20:21:48,602 - __main__ - INFO - [INFO] 2023-04-12 20:21:48.602187 Epoch [34/100] batch [257/391] loss 0.4937 lr 0.0754520707875186 acc 78.91% eta 1:16:11
2023-04-12 20:22:14,606 - __main__ - INFO - [INFO] 2023-04-12 20:22:14.606736 Epoch [34/100] batch [385/391] loss 0.4878 lr 0.0754520707875186 acc 75.00% eta 1:15:15
2023-04-12 20:22:15,886 - __main__ - INFO - Computing epoch 34 validation accuracy...
2023-04-12 20:22:21,417 - __main__ - INFO - Computing epoch 34 validation loss...
2023-04-12 20:22:26,822 - __main__ - INFO - [INFO] 2023-04-12 20:22:26.822099 Epoch [35/100] batch [1/391] loss 0.5298 lr 0.0740876837050858 acc 75.78% eta 1:16:15
2023-04-12 20:22:53,639 - __main__ - INFO - [INFO] 2023-04-12 20:22:53.639688 Epoch [35/100] batch [129/391] loss 0.6919 lr 0.0740876837050858 acc 72.66% eta 1:15:42
2023-04-12 20:23:19,970 - __main__ - INFO - [INFO] 2023-04-12 20:23:19.969841 Epoch [35/100] batch [257/391] loss 0.6104 lr 0.0740876837050858 acc 79.69% eta 1:14:45
2023-04-12 20:23:46,054 - __main__ - INFO - [INFO] 2023-04-12 20:23:46.054418 Epoch [35/100] batch [385/391] loss 0.5034 lr 0.0740876837050858 acc 87.50% eta 1:13:55
2023-04-12 20:23:47,266 - __main__ - INFO - Computing epoch 35 validation accuracy...
2023-04-12 20:23:52,522 - __main__ - INFO - Computing epoch 35 validation loss...
2023-04-12 20:23:58,166 - __main__ - INFO - [INFO] 2023-04-12 20:23:58.165953 Epoch [36/100] batch [1/391] loss 0.9883 lr 0.07269952498697738 acc 79.69% eta 1:22:26
2023-04-12 20:24:24,549 - __main__ - INFO - [INFO] 2023-04-12 20:24:24.549491 Epoch [36/100] batch [129/391] loss 0.4561 lr 0.07269952498697738 acc 79.69% eta 1:13:36
2023-04-12 20:24:50,940 - __main__ - INFO - [INFO] 2023-04-12 20:24:50.940220 Epoch [36/100] batch [257/391] loss 0.3987 lr 0.07269952498697738 acc 85.16% eta 1:13:12
2023-04-12 20:25:16,954 - __main__ - INFO - [INFO] 2023-04-12 20:25:16.954446 Epoch [36/100] batch [385/391] loss 0.4753 lr 0.07269952498697738 acc 85.94% eta 1:12:32
2023-04-12 20:25:18,151 - __main__ - INFO - Computing epoch 36 validation accuracy...
2023-04-12 20:25:23,408 - __main__ - INFO - Computing epoch 36 validation loss...
2023-04-12 20:25:28,912 - __main__ - INFO - [INFO] 2023-04-12 20:25:28.911817 Epoch [37/100] batch [1/391] loss 0.9194 lr 0.07128896457825366 acc 80.47% eta 1:31:25
2023-04-12 20:25:55,081 - __main__ - INFO - [INFO] 2023-04-12 20:25:55.080853 Epoch [37/100] batch [129/391] loss 0.4519 lr 0.07128896457825366 acc 76.56% eta 1:12:06
2023-04-12 20:26:21,493 - __main__ - INFO - [INFO] 2023-04-12 20:26:21.493554 Epoch [37/100] batch [257/391] loss 0.5225 lr 0.07128896457825366 acc 80.47% eta 1:11:59
2023-04-12 20:26:48,030 - __main__ - INFO - [INFO] 2023-04-12 20:26:48.030666 Epoch [37/100] batch [385/391] loss 0.5024 lr 0.07128896457825366 acc 82.03% eta 1:11:49
2023-04-12 20:26:49,251 - __main__ - INFO - Computing epoch 37 validation accuracy...
2023-04-12 20:26:54,225 - __main__ - INFO - Computing epoch 37 validation loss...
2023-04-12 20:26:59,821 - __main__ - INFO - [INFO] 2023-04-12 20:26:59.821636 Epoch [38/100] batch [1/391] loss 0.3899 lr 0.06985739453173906 acc 91.41% eta 1:16:01
2023-04-12 20:27:26,251 - __main__ - INFO - [INFO] 2023-04-12 20:27:26.250872 Epoch [38/100] batch [129/391] loss 0.6221 lr 0.06985739453173906 acc 71.09% eta 1:11:30
2023-04-12 20:27:52,568 - __main__ - INFO - [INFO] 2023-04-12 20:27:52.568809 Epoch [38/100] batch [257/391] loss 0.5073 lr 0.06985739453173906 acc 83.59% eta 1:10:58
2023-04-12 20:28:18,763 - __main__ - INFO - [INFO] 2023-04-12 20:28:18.763553 Epoch [38/100] batch [385/391] loss 0.5669 lr 0.06985739453173906 acc 72.66% eta 1:10:28
2023-04-12 20:28:20,006 - __main__ - INFO - Computing epoch 38 validation accuracy...
2023-04-12 20:28:25,184 - __main__ - INFO - Computing epoch 38 validation loss...
2023-04-12 20:28:30,577 - __main__ - INFO - [INFO] 2023-04-12 20:28:30.576831 Epoch [39/100] batch [1/391] loss 0.5547 lr 0.06840622763423394 acc 81.25% eta 1:18:28
2023-04-12 20:28:57,180 - __main__ - INFO - [INFO] 2023-04-12 20:28:57.180620 Epoch [39/100] batch [129/391] loss 0.5825 lr 0.06840622763423394 acc 62.50% eta 1:10:52
2023-04-12 20:29:24,004 - __main__ - INFO - [INFO] 2023-04-12 20:29:24.003987 Epoch [39/100] batch [257/391] loss 0.4807 lr 0.06840622763423394 acc 85.16% eta 1:10:43
2023-04-12 20:29:50,685 - __main__ - INFO - [INFO] 2023-04-12 20:29:50.685134 Epoch [39/100] batch [385/391] loss 0.5107 lr 0.06840622763423394 acc 82.81% eta 1:10:18
2023-04-12 20:29:51,940 - __main__ - INFO - Computing epoch 39 validation accuracy...
2023-04-12 20:29:57,037 - __main__ - INFO - Computing epoch 39 validation loss...
2023-04-12 20:30:02,722 - __main__ - INFO - [INFO] 2023-04-12 20:30:02.722431 Epoch [40/100] batch [1/391] loss 0.4690 lr 0.06693689601226462 acc 82.81% eta 1:12:46
2023-04-12 20:30:30,166 - __main__ - INFO - [INFO] 2023-04-12 20:30:30.166420 Epoch [40/100] batch [129/391] loss 0.6191 lr 0.06693689601226462 acc 76.56% eta 1:11:51
2023-04-12 20:30:56,554 - __main__ - INFO - [INFO] 2023-04-12 20:30:56.554331 Epoch [40/100] batch [257/391] loss 0.5713 lr 0.06693689601226462 acc 73.44% eta 1:10:03
2023-04-12 20:31:23,304 - __main__ - INFO - [INFO] 2023-04-12 20:31:23.303440 Epoch [40/100] batch [385/391] loss 0.3892 lr 0.06693689601226462 acc 85.16% eta 1:09:30
2023-04-12 20:31:24,496 - __main__ - INFO - Computing epoch 40 validation accuracy...
2023-04-12 20:31:29,566 - __main__ - INFO - Computing epoch 40 validation loss...
2023-04-12 20:31:35,129 - __main__ - INFO - [INFO] 2023-04-12 20:31:35.129465 Epoch [41/100] batch [1/391] loss 0.9844 lr 0.06545084971874741 acc 79.69% eta 1:32:22
2023-04-12 20:32:01,905 - __main__ - INFO - [INFO] 2023-04-12 20:32:01.905748 Epoch [41/100] batch [129/391] loss 0.5898 lr 0.06545084971874741 acc 78.91% eta 1:09:07
2023-04-12 20:32:29,001 - __main__ - INFO - [INFO] 2023-04-12 20:32:29.000871 Epoch [41/100] batch [257/391] loss 0.4194 lr 0.06545084971874741 acc 84.38% eta 1:09:00
2023-04-12 20:32:55,862 - __main__ - INFO - [INFO] 2023-04-12 20:32:55.862342 Epoch [41/100] batch [385/391] loss 0.5654 lr 0.06545084971874741 acc 79.69% eta 1:08:30
2023-04-12 20:32:57,055 - __main__ - INFO - Computing epoch 41 validation accuracy...
2023-04-12 20:33:02,235 - __main__ - INFO - Computing epoch 41 validation loss...
2023-04-12 20:33:07,804 - __main__ - INFO - [INFO] 2023-04-12 20:33:07.804089 Epoch [42/100] batch [1/391] loss 0.4446 lr 0.06394955530196152 acc 82.81% eta 1:10:58
2023-04-12 20:33:34,648 - __main__ - INFO - [INFO] 2023-04-12 20:33:34.648743 Epoch [42/100] batch [129/391] loss 0.3625 lr 0.06394955530196152 acc 84.38% eta 1:07:53
2023-04-12 20:34:01,131 - __main__ - INFO - [INFO] 2023-04-12 20:34:01.131643 Epoch [42/100] batch [257/391] loss 0.5771 lr 0.06394955530196152 acc 84.38% eta 1:07:04
2023-04-12 20:34:27,763 - __main__ - INFO - [INFO] 2023-04-12 20:34:27.763732 Epoch [42/100] batch [385/391] loss 0.4607 lr 0.06394955530196152 acc 81.25% eta 1:06:38
2023-04-12 20:34:28,967 - __main__ - INFO - Computing epoch 42 validation accuracy...
2023-04-12 20:34:34,024 - __main__ - INFO - Computing epoch 42 validation loss...
2023-04-12 20:34:39,461 - __main__ - INFO - [INFO] 2023-04-12 20:34:39.461420 Epoch [43/100] batch [1/391] loss 0.5718 lr 0.062434494358242776 acc 77.34% eta 1:08:31
2023-04-12 20:35:06,315 - __main__ - INFO - [INFO] 2023-04-12 20:35:06.315280 Epoch [43/100] batch [129/391] loss 0.5498 lr 0.062434494358242776 acc 79.69% eta 1:06:53
2023-04-12 20:35:32,414 - __main__ - INFO - [INFO] 2023-04-12 20:35:32.414393 Epoch [43/100] batch [257/391] loss 0.5254 lr 0.062434494358242776 acc 83.59% eta 1:05:34
2023-04-12 20:35:58,660 - __main__ - INFO - [INFO] 2023-04-12 20:35:58.659908 Epoch [43/100] batch [385/391] loss 0.4148 lr 0.062434494358242776 acc 85.94% eta 1:04:58
2023-04-12 20:35:59,852 - __main__ - INFO - Computing epoch 43 validation accuracy...
2023-04-12 20:36:05,003 - __main__ - INFO - Computing epoch 43 validation loss...
2023-04-12 20:36:10,712 - __main__ - INFO - [INFO] 2023-04-12 20:36:10.712565 Epoch [44/100] batch [1/391] loss 0.8892 lr 0.06090716206982718 acc 79.69% eta 1:07:54
2023-04-12 20:36:37,756 - __main__ - INFO - [INFO] 2023-04-12 20:36:37.756718 Epoch [44/100] batch [129/391] loss 0.4766 lr 0.06090716206982718 acc 74.22% eta 1:06:07
2023-04-12 20:37:04,012 - __main__ - INFO - [INFO] 2023-04-12 20:37:04.011441 Epoch [44/100] batch [257/391] loss 0.5635 lr 0.06090716206982718 acc 82.81% eta 1:04:46
2023-04-12 20:37:30,445 - __main__ - INFO - [INFO] 2023-04-12 20:37:30.444956 Epoch [44/100] batch [385/391] loss 0.5342 lr 0.06090716206982718 acc 81.25% eta 1:04:11
2023-04-12 20:37:31,647 - __main__ - INFO - Computing epoch 44 validation accuracy...
2023-04-12 20:37:36,751 - __main__ - INFO - Computing epoch 44 validation loss...
2023-04-12 20:37:42,535 - __main__ - INFO - [INFO] 2023-04-12 20:37:42.534982 Epoch [45/100] batch [1/391] loss 0.9917 lr 0.05936906572928628 acc 73.44% eta 1:05:07
2023-04-12 20:38:09,582 - __main__ - INFO - [INFO] 2023-04-12 20:38:09.582408 Epoch [45/100] batch [129/391] loss 0.5625 lr 0.05936906572928628 acc 78.91% eta 1:05:02
2023-04-12 20:38:35,768 - __main__ - INFO - [INFO] 2023-04-12 20:38:35.767846 Epoch [45/100] batch [257/391] loss 0.5518 lr 0.05936906572928628 acc 82.81% eta 1:03:36
2023-04-12 20:39:02,995 - __main__ - INFO - [INFO] 2023-04-12 20:39:02.995791 Epoch [45/100] batch [385/391] loss 0.4114 lr 0.05936906572928628 acc 82.81% eta 1:03:38
2023-04-12 20:39:04,204 - __main__ - INFO - Computing epoch 45 validation accuracy...
2023-04-12 20:39:09,316 - __main__ - INFO - Computing epoch 45 validation loss...
2023-04-12 20:39:14,944 - __main__ - INFO - [INFO] 2023-04-12 20:39:14.944701 Epoch [46/100] batch [1/391] loss 0.4055 lr 0.05782172325201159 acc 87.50% eta 1:04:46
2023-04-12 20:39:41,766 - __main__ - INFO - [INFO] 2023-04-12 20:39:41.766460 Epoch [46/100] batch [129/391] loss 0.4482 lr 0.05782172325201159 acc 80.47% eta 1:03:10
2023-04-12 20:40:08,089 - __main__ - INFO - [INFO] 2023-04-12 20:40:08.089526 Epoch [46/100] batch [257/391] loss 0.5171 lr 0.05782172325201159 acc 76.56% eta 1:02:13
2023-04-12 20:40:34,809 - __main__ - INFO - [INFO] 2023-04-12 20:40:34.809419 Epoch [46/100] batch [385/391] loss 0.4407 lr 0.05782172325201159 acc 76.56% eta 1:01:56
2023-04-12 20:40:36,077 - __main__ - INFO - Computing epoch 46 validation accuracy...
2023-04-12 20:40:41,083 - __main__ - INFO - Computing epoch 46 validation loss...
2023-04-12 20:40:46,466 - __main__ - INFO - [INFO] 2023-04-12 20:40:46.466074 Epoch [47/100] batch [1/391] loss 0.4192 lr 0.056266661678215264 acc 78.91% eta 1:03:27
2023-04-12 20:41:13,151 - __main__ - INFO - [INFO] 2023-04-12 20:41:13.151573 Epoch [47/100] batch [129/391] loss 0.4033 lr 0.056266661678215264 acc 80.47% eta 1:01:43
2023-04-12 20:41:39,837 - __main__ - INFO - [INFO] 2023-04-12 20:41:39.837040 Epoch [47/100] batch [257/391] loss 0.5454 lr 0.056266661678215264 acc 79.69% eta 1:01:23
2023-04-12 20:42:06,709 - __main__ - INFO - [INFO] 2023-04-12 20:42:06.709439 Epoch [47/100] batch [385/391] loss 0.4910 lr 0.056266661678215264 acc 80.47% eta 1:01:10
2023-04-12 20:42:08,005 - __main__ - INFO - Computing epoch 47 validation accuracy...
2023-04-12 20:42:13,176 - __main__ - INFO - Computing epoch 47 validation loss...
2023-04-12 20:42:18,742 - __main__ - INFO - [INFO] 2023-04-12 20:42:18.742488 Epoch [48/100] batch [1/391] loss 0.8003 lr 0.05470541566592575 acc 84.38% eta 1:04:26
2023-04-12 20:42:45,080 - __main__ - INFO - [INFO] 2023-04-12 20:42:45.080292 Epoch [48/100] batch [129/391] loss 0.5137 lr 0.05470541566592575 acc 82.81% eta 0:59:57
2023-04-12 20:43:11,793 - __main__ - INFO - [INFO] 2023-04-12 20:43:11.792855 Epoch [48/100] batch [257/391] loss 0.4795 lr 0.05470541566592575 acc 84.38% eta 0:59:58
2023-04-12 20:43:38,748 - __main__ - INFO - [INFO] 2023-04-12 20:43:38.747910 Epoch [48/100] batch [385/391] loss 0.5229 lr 0.05470541566592575 acc 82.81% eta 0:59:50
2023-04-12 20:43:39,946 - __main__ - INFO - Computing epoch 48 validation accuracy...
2023-04-12 20:43:45,053 - __main__ - INFO - Computing epoch 48 validation loss...
2023-04-12 20:43:50,920 - __main__ - INFO - [INFO] 2023-04-12 20:43:50.920400 Epoch [49/100] batch [1/391] loss 0.4561 lr 0.053139525976465714 acc 81.25% eta 1:09:28
2023-04-12 20:44:17,446 - __main__ - INFO - [INFO] 2023-04-12 20:44:17.446041 Epoch [49/100] batch [129/391] loss 0.5088 lr 0.053139525976465714 acc 83.59% eta 0:59:09
2023-04-12 20:44:43,755 - __main__ - INFO - [INFO] 2023-04-12 20:44:43.755314 Epoch [49/100] batch [257/391] loss 0.5278 lr 0.053139525976465714 acc 76.56% eta 0:58:30
2023-04-12 20:45:10,366 - __main__ - INFO - [INFO] 2023-04-12 20:45:10.365651 Epoch [49/100] batch [385/391] loss 0.4033 lr 0.053139525976465714 acc 83.59% eta 0:58:12
2023-04-12 20:45:11,558 - __main__ - INFO - Computing epoch 49 validation accuracy...
2023-04-12 20:45:16,743 - __main__ - INFO - Computing epoch 49 validation loss...
2023-04-12 20:45:22,260 - __main__ - INFO - [INFO] 2023-04-12 20:45:22.259543 Epoch [50/100] batch [1/391] loss 0.9136 lr 0.05157053795390645 acc 77.34% eta 1:14:58
2023-04-12 20:45:48,861 - __main__ - INFO - [INFO] 2023-04-12 20:45:48.860857 Epoch [50/100] batch [129/391] loss 0.3633 lr 0.05157053795390645 acc 82.03% eta 0:58:17
2023-04-12 20:46:15,436 - __main__ - INFO - [INFO] 2023-04-12 20:46:15.436221 Epoch [50/100] batch [257/391] loss 0.4524 lr 0.05157053795390645 acc 82.81% eta 0:57:45
2023-04-12 20:46:42,375 - __main__ - INFO - [INFO] 2023-04-12 20:46:42.375190 Epoch [50/100] batch [385/391] loss 0.3948 lr 0.05157053795390645 acc 80.47% eta 0:57:36
2023-04-12 20:46:43,563 - __main__ - INFO - Computing epoch 50 validation accuracy...
2023-04-12 20:46:48,705 - __main__ - INFO - Computing epoch 50 validation loss...
2023-04-12 20:46:54,190 - __main__ - INFO - [INFO] 2023-04-12 20:46:54.190743 Epoch [51/100] batch [1/391] loss 0.4626 lr 0.05000000000000004 acc 82.81% eta 0:58:54
2023-04-12 20:47:20,620 - __main__ - INFO - [INFO] 2023-04-12 20:47:20.619941 Epoch [51/100] batch [129/391] loss 0.4644 lr 0.05000000000000004 acc 83.59% eta 0:56:32
2023-04-12 20:47:46,549 - __main__ - INFO - [INFO] 2023-04-12 20:47:46.549437 Epoch [51/100] batch [257/391] loss 0.6396 lr 0.05000000000000004 acc 77.34% eta 0:55:40
2023-04-12 20:48:12,632 - __main__ - INFO - [INFO] 2023-04-12 20:48:12.632307 Epoch [51/100] batch [385/391] loss 0.4058 lr 0.05000000000000004 acc 88.28% eta 0:55:12
2023-04-12 20:48:13,832 - __main__ - INFO - Computing epoch 51 validation accuracy...
2023-04-12 20:48:19,015 - __main__ - INFO - Computing epoch 51 validation loss...
2023-04-12 20:48:24,536 - __main__ - INFO - [INFO] 2023-04-12 20:48:24.536259 Epoch [52/100] batch [1/391] loss 0.8721 lr 0.04842946204609362 acc 83.59% eta 0:55:54
2023-04-12 20:48:50,945 - __main__ - INFO - [INFO] 2023-04-12 20:48:50.945473 Epoch [52/100] batch [129/391] loss 0.4407 lr 0.04842946204609362 acc 85.94% eta 0:55:22
2023-04-12 20:49:17,019 - __main__ - INFO - [INFO] 2023-04-12 20:49:17.019521 Epoch [52/100] batch [257/391] loss 0.3967 lr 0.04842946204609362 acc 82.03% eta 0:54:40
2023-04-12 20:49:43,305 - __main__ - INFO - [INFO] 2023-04-12 20:49:43.304838 Epoch [52/100] batch [385/391] loss 0.4001 lr 0.04842946204609362 acc 87.50% eta 0:54:18
2023-04-12 20:49:44,476 - __main__ - INFO - Computing epoch 52 validation accuracy...
2023-04-12 20:49:49,567 - __main__ - INFO - Computing epoch 52 validation loss...
2023-04-12 20:49:54,916 - __main__ - INFO - [INFO] 2023-04-12 20:49:54.916004 Epoch [53/100] batch [1/391] loss 0.8159 lr 0.04686047402353437 acc 82.81% eta 0:55:33
2023-04-12 20:50:21,265 - __main__ - INFO - [INFO] 2023-04-12 20:50:21.265449 Epoch [53/100] batch [129/391] loss 0.3291 lr 0.04686047402353437 acc 85.94% eta 0:54:07
2023-04-12 20:50:47,779 - __main__ - INFO - [INFO] 2023-04-12 20:50:47.778984 Epoch [53/100] batch [257/391] loss 0.5317 lr 0.04686047402353437 acc 78.12% eta 0:53:54
2023-04-12 20:51:14,828 - __main__ - INFO - [INFO] 2023-04-12 20:51:14.828530 Epoch [53/100] batch [385/391] loss 0.6797 lr 0.04686047402353437 acc 80.47% eta 0:53:58
2023-04-12 20:51:16,041 - __main__ - INFO - Computing epoch 53 validation accuracy...
2023-04-12 20:51:21,380 - __main__ - INFO - Computing epoch 53 validation loss...
2023-04-12 20:51:27,218 - __main__ - INFO - [INFO] 2023-04-12 20:51:27.218381 Epoch [54/100] batch [1/391] loss 0.7783 lr 0.045294584334074316 acc 85.94% eta 1:20:28
2023-04-12 20:51:53,919 - __main__ - INFO - [INFO] 2023-04-12 20:51:53.919283 Epoch [54/100] batch [129/391] loss 0.3333 lr 0.045294584334074316 acc 88.28% eta 0:53:59
2023-04-12 20:52:20,490 - __main__ - INFO - [INFO] 2023-04-12 20:52:20.489890 Epoch [54/100] batch [257/391] loss 0.4734 lr 0.045294584334074316 acc 84.38% eta 0:53:21
2023-04-12 20:52:46,928 - __main__ - INFO - [INFO] 2023-04-12 20:52:46.928246 Epoch [54/100] batch [385/391] loss 0.4150 lr 0.045294584334074316 acc 83.59% eta 0:52:46
2023-04-12 20:52:48,227 - __main__ - INFO - Computing epoch 54 validation accuracy...
2023-04-12 20:52:53,315 - __main__ - INFO - Computing epoch 54 validation loss...
2023-04-12 20:52:58,873 - __main__ - INFO - [INFO] 2023-04-12 20:52:58.873101 Epoch [55/100] batch [1/391] loss 0.4382 lr 0.043733338321784825 acc 86.72% eta 0:56:23
2023-04-12 20:53:25,562 - __main__ - INFO - [INFO] 2023-04-12 20:53:25.562624 Epoch [55/100] batch [129/391] loss 0.3574 lr 0.043733338321784825 acc 83.59% eta 0:52:33
2023-04-12 20:53:52,440 - __main__ - INFO - [INFO] 2023-04-12 20:53:52.440015 Epoch [55/100] batch [257/391] loss 0.4937 lr 0.043733338321784825 acc 84.38% eta 0:52:22
2023-04-12 20:54:18,791 - __main__ - INFO - [INFO] 2023-04-12 20:54:18.791455 Epoch [55/100] batch [385/391] loss 0.3054 lr 0.043733338321784825 acc 89.84% eta 0:51:40
2023-04-12 20:54:19,982 - __main__ - INFO - Computing epoch 55 validation accuracy...
2023-04-12 20:54:25,054 - __main__ - INFO - Computing epoch 55 validation loss...
2023-04-12 20:54:30,462 - __main__ - INFO - [INFO] 2023-04-12 20:54:30.462093 Epoch [56/100] batch [1/391] loss 0.4285 lr 0.042178276747988484 acc 85.94% eta 0:51:24
2023-04-12 20:54:56,872 - __main__ - INFO - [INFO] 2023-04-12 20:54:56.872539 Epoch [56/100] batch [129/391] loss 0.5322 lr 0.042178276747988484 acc 85.94% eta 0:50:47
2023-04-12 20:55:23,160 - __main__ - INFO - [INFO] 2023-04-12 20:55:23.160677 Epoch [56/100] batch [257/391] loss 0.3330 lr 0.042178276747988484 acc 84.38% eta 0:50:20
2023-04-12 20:55:49,476 - __main__ - INFO - [INFO] 2023-04-12 20:55:49.476087 Epoch [56/100] batch [385/391] loss 0.5186 lr 0.042178276747988484 acc 85.16% eta 0:49:56
2023-04-12 20:55:50,692 - __main__ - INFO - Computing epoch 56 validation accuracy...
2023-04-12 20:55:55,714 - __main__ - INFO - Computing epoch 56 validation loss...
2023-04-12 20:56:01,164 - __main__ - INFO - [INFO] 2023-04-12 20:56:01.164005 Epoch [57/100] batch [1/391] loss 0.7725 lr 0.0406309342707138 acc 73.44% eta 0:52:13
2023-04-12 20:56:27,421 - __main__ - INFO - [INFO] 2023-04-12 20:56:27.421415 Epoch [57/100] batch [129/391] loss 0.2927 lr 0.0406309342707138 acc 86.72% eta 0:49:25
2023-04-12 20:56:53,297 - __main__ - INFO - [INFO] 2023-04-12 20:56:53.297448 Epoch [57/100] batch [257/391] loss 0.4636 lr 0.0406309342707138 acc 71.09% eta 0:48:42
2023-04-12 20:57:19,604 - __main__ - INFO - [INFO] 2023-04-12 20:57:19.603661 Epoch [57/100] batch [385/391] loss 0.4253 lr 0.0406309342707138 acc 86.72% eta 0:48:29
2023-04-12 20:57:20,858 - __main__ - INFO - Computing epoch 57 validation accuracy...
2023-04-12 20:57:26,341 - __main__ - INFO - Computing epoch 57 validation loss...
2023-04-12 20:57:31,827 - __main__ - INFO - [INFO] 2023-04-12 20:57:31.827499 Epoch [58/100] batch [1/391] loss 0.4990 lr 0.039092837930172916 acc 81.25% eta 0:53:00
2023-04-12 20:57:58,392 - __main__ - INFO - [INFO] 2023-04-12 20:57:58.391886 Epoch [58/100] batch [129/391] loss 0.4922 lr 0.039092837930172916 acc 87.50% eta 0:48:59
2023-04-12 20:58:24,943 - __main__ - INFO - [INFO] 2023-04-12 20:58:24.943529 Epoch [58/100] batch [257/391] loss 0.4822 lr 0.039092837930172916 acc 85.16% eta 0:48:32
2023-04-12 20:58:51,259 - __main__ - INFO - [INFO] 2023-04-12 20:58:51.259152 Epoch [58/100] batch [385/391] loss 0.3293 lr 0.039092837930172916 acc 89.84% eta 0:48:00
2023-04-12 20:58:52,484 - __main__ - INFO - Computing epoch 58 validation accuracy...
2023-04-12 20:58:57,585 - __main__ - INFO - Computing epoch 58 validation loss...
2023-04-12 20:59:03,154 - __main__ - INFO - [INFO] 2023-04-12 20:59:03.154471 Epoch [59/100] batch [1/391] loss 0.4492 lr 0.037565505641757285 acc 84.38% eta 0:49:15
2023-04-12 20:59:29,600 - __main__ - INFO - [INFO] 2023-04-12 20:59:29.600580 Epoch [59/100] batch [129/391] loss 0.5376 lr 0.037565505641757285 acc 78.91% eta 0:47:31
2023-04-12 20:59:56,205 - __main__ - INFO - [INFO] 2023-04-12 20:59:56.205178 Epoch [59/100] batch [257/391] loss 0.2793 lr 0.037565505641757285 acc 94.53% eta 0:47:18
2023-04-12 21:00:22,370 - __main__ - INFO - [INFO] 2023-04-12 21:00:22.370528 Epoch [59/100] batch [385/391] loss 0.4561 lr 0.037565505641757285 acc 85.16% eta 0:46:43
2023-04-12 21:00:23,633 - __main__ - INFO - Computing epoch 59 validation accuracy...
2023-04-12 21:00:28,913 - __main__ - INFO - Computing epoch 59 validation loss...
2023-04-12 21:00:34,481 - __main__ - INFO - [INFO] 2023-04-12 21:00:34.481083 Epoch [60/100] batch [1/391] loss 0.7842 lr 0.03605044469803857 acc 84.38% eta 1:02:15
2023-04-12 21:01:01,038 - __main__ - INFO - [INFO] 2023-04-12 21:01:01.038790 Epoch [60/100] batch [129/391] loss 0.3701 lr 0.03605044469803857 acc 83.59% eta 0:46:45
2023-04-12 21:01:27,277 - __main__ - INFO - [INFO] 2023-04-12 21:01:27.276740 Epoch [60/100] batch [257/391] loss 0.3748 lr 0.03605044469803857 acc 83.59% eta 0:45:58
2023-04-12 21:01:53,515 - __main__ - INFO - [INFO] 2023-04-12 21:01:53.515644 Epoch [60/100] batch [385/391] loss 0.4224 lr 0.03605044469803857 acc 82.03% eta 0:45:31
2023-04-12 21:01:54,692 - __main__ - INFO - Computing epoch 60 validation accuracy...
2023-04-12 21:01:59,894 - __main__ - INFO - Computing epoch 60 validation loss...
2023-04-12 21:02:05,547 - __main__ - INFO - [INFO] 2023-04-12 21:02:05.547563 Epoch [61/100] batch [1/391] loss 0.8535 lr 0.034549150281252675 acc 85.16% eta 0:48:23
2023-04-12 21:02:31,993 - __main__ - INFO - [INFO] 2023-04-12 21:02:31.993755 Epoch [61/100] batch [129/391] loss 0.4373 lr 0.034549150281252675 acc 77.34% eta 0:45:12
2023-04-12 21:02:58,226 - __main__ - INFO - [INFO] 2023-04-12 21:02:58.226314 Epoch [61/100] batch [257/391] loss 0.3562 lr 0.034549150281252675 acc 89.06% eta 0:44:38
2023-04-12 21:03:24,537 - __main__ - INFO - [INFO] 2023-04-12 21:03:24.537067 Epoch [61/100] batch [385/391] loss 0.2766 lr 0.034549150281252675 acc 84.38% eta 0:44:16
2023-04-12 21:03:25,715 - __main__ - INFO - Computing epoch 61 validation accuracy...
2023-04-12 21:03:30,793 - __main__ - INFO - Computing epoch 61 validation loss...
2023-04-12 21:03:36,248 - __main__ - INFO - [INFO] 2023-04-12 21:03:36.248252 Epoch [62/100] batch [1/391] loss 0.6758 lr 0.03306310398773546 acc 85.16% eta 0:51:02
2023-04-12 21:04:03,466 - __main__ - INFO - [INFO] 2023-04-12 21:04:03.466752 Epoch [62/100] batch [129/391] loss 0.5283 lr 0.03306310398773546 acc 89.06% eta 0:45:23
2023-04-12 21:04:29,431 - __main__ - INFO - [INFO] 2023-04-12 21:04:29.430907 Epoch [62/100] batch [257/391] loss 0.5156 lr 0.03306310398773546 acc 88.28% eta 0:43:59
2023-04-12 21:04:56,421 - __main__ - INFO - [INFO] 2023-04-12 21:04:56.421237 Epoch [62/100] batch [385/391] loss 0.3462 lr 0.03306310398773546 acc 89.84% eta 0:43:47
2023-04-12 21:04:57,645 - __main__ - INFO - Computing epoch 62 validation accuracy...
2023-04-12 21:05:02,944 - __main__ - INFO - Computing epoch 62 validation loss...
2023-04-12 21:05:08,443 - __main__ - INFO - [INFO] 2023-04-12 21:05:08.443767 Epoch [63/100] batch [1/391] loss 0.8174 lr 0.031593772365766146 acc 82.03% eta 0:45:39
2023-04-12 21:05:34,783 - __main__ - INFO - [INFO] 2023-04-12 21:05:34.783477 Epoch [63/100] batch [129/391] loss 0.3601 lr 0.031593772365766146 acc 85.94% eta 0:42:47
2023-04-12 21:06:00,545 - __main__ - INFO - [INFO] 2023-04-12 21:06:00.545482 Epoch [63/100] batch [257/391] loss 0.4304 lr 0.031593772365766146 acc 80.47% eta 0:41:57
2023-04-12 21:06:26,806 - __main__ - INFO - [INFO] 2023-04-12 21:06:26.805950 Epoch [63/100] batch [385/391] loss 0.3235 lr 0.031593772365766146 acc 90.62% eta 0:41:40
2023-04-12 21:06:28,011 - __main__ - INFO - Computing epoch 63 validation accuracy...
2023-04-12 21:06:33,074 - __main__ - INFO - Computing epoch 63 validation loss...
2023-04-12 21:06:38,469 - __main__ - INFO - [INFO] 2023-04-12 21:06:38.469268 Epoch [64/100] batch [1/391] loss 0.6670 lr 0.030142605468260992 acc 88.28% eta 0:42:09
2023-04-12 21:07:04,516 - __main__ - INFO - [INFO] 2023-04-12 21:07:04.516684 Epoch [64/100] batch [129/391] loss 0.3184 lr 0.030142605468260992 acc 85.94% eta 0:41:12
2023-04-12 21:07:30,862 - __main__ - INFO - [INFO] 2023-04-12 21:07:30.862091 Epoch [64/100] batch [257/391] loss 0.3701 lr 0.030142605468260992 acc 90.62% eta 0:41:03
2023-04-12 21:07:57,178 - __main__ - INFO - [INFO] 2023-04-12 21:07:57.178210 Epoch [64/100] batch [385/391] loss 0.2996 lr 0.030142605468260992 acc 89.06% eta 0:40:45
2023-04-12 21:07:58,346 - __main__ - INFO - Computing epoch 64 validation accuracy...
2023-04-12 21:08:03,447 - __main__ - INFO - Computing epoch 64 validation loss...
2023-04-12 21:08:08,938 - __main__ - INFO - [INFO] 2023-04-12 21:08:08.938863 Epoch [65/100] batch [1/391] loss 0.3770 lr 0.028711035421746394 acc 86.72% eta 0:43:33
2023-04-12 21:08:35,119 - __main__ - INFO - [INFO] 2023-04-12 21:08:35.119153 Epoch [65/100] batch [129/391] loss 0.3101 lr 0.028711035421746394 acc 87.50% eta 0:40:19
2023-04-12 21:09:01,127 - __main__ - INFO - [INFO] 2023-04-12 21:09:01.126855 Epoch [65/100] batch [257/391] loss 0.3215 lr 0.028711035421746394 acc 88.28% eta 0:39:47
2023-04-12 21:09:27,213 - __main__ - INFO - [INFO] 2023-04-12 21:09:27.213175 Epoch [65/100] batch [385/391] loss 0.2771 lr 0.028711035421746394 acc 89.06% eta 0:39:24
2023-04-12 21:09:28,378 - __main__ - INFO - Computing epoch 65 validation accuracy...
2023-04-12 21:09:33,529 - __main__ - INFO - Computing epoch 65 validation loss...
2023-04-12 21:09:39,059 - __main__ - INFO - [INFO] 2023-04-12 21:09:39.059351 Epoch [66/100] batch [1/391] loss 0.3330 lr 0.027300475013022688 acc 89.06% eta 0:42:22
2023-04-12 21:10:05,325 - __main__ - INFO - [INFO] 2023-04-12 21:10:05.325475 Epoch [66/100] batch [129/391] loss 0.4575 lr 0.027300475013022688 acc 87.50% eta 0:39:17
2023-04-12 21:10:31,783 - __main__ - INFO - [INFO] 2023-04-12 21:10:31.782836 Epoch [66/100] batch [257/391] loss 0.3474 lr 0.027300475013022688 acc 89.06% eta 0:39:03
2023-04-12 21:10:57,868 - __main__ - INFO - [INFO] 2023-04-12 21:10:57.868233 Epoch [66/100] batch [385/391] loss 0.3359 lr 0.027300475013022688 acc 91.41% eta 0:38:32
2023-04-12 21:10:59,044 - __main__ - INFO - Computing epoch 66 validation accuracy...
2023-04-12 21:11:04,063 - __main__ - INFO - Computing epoch 66 validation loss...
2023-04-12 21:11:09,542 - __main__ - INFO - [INFO] 2023-04-12 21:11:09.542821 Epoch [67/100] batch [1/391] loss 0.4924 lr 0.025912316294914254 acc 84.38% eta 0:42:08
2023-04-12 21:11:35,670 - __main__ - INFO - [INFO] 2023-04-12 21:11:35.670193 Epoch [67/100] batch [129/391] loss 0.4058 lr 0.025912316294914254 acc 89.84% eta 0:38:00
2023-04-12 21:12:01,674 - __main__ - INFO - [INFO] 2023-04-12 21:12:01.674449 Epoch [67/100] batch [257/391] loss 0.3335 lr 0.025912316294914254 acc 90.62% eta 0:37:30
2023-04-12 21:12:27,745 - __main__ - INFO - [INFO] 2023-04-12 21:12:27.745484 Epoch [67/100] batch [385/391] loss 0.2499 lr 0.025912316294914254 acc 90.62% eta 0:37:08
2023-04-12 21:12:28,923 - __main__ - INFO - Computing epoch 67 validation accuracy...
2023-04-12 21:12:34,018 - __main__ - INFO - Computing epoch 67 validation loss...
2023-04-12 21:12:39,382 - __main__ - INFO - [INFO] 2023-04-12 21:12:39.382723 Epoch [68/100] batch [1/391] loss 0.6309 lr 0.02454792921248146 acc 93.75% eta 0:40:51
2023-04-12 21:13:05,748 - __main__ - INFO - [INFO] 2023-04-12 21:13:05.748140 Epoch [68/100] batch [129/391] loss 0.3704 lr 0.02454792921248146 acc 88.28% eta 0:37:05
2023-04-12 21:13:32,134 - __main__ - INFO - [INFO] 2023-04-12 21:13:32.134592 Epoch [68/100] batch [257/391] loss 0.3323 lr 0.02454792921248146 acc 90.62% eta 0:36:46
2023-04-12 21:13:59,037 - __main__ - INFO - [INFO] 2023-04-12 21:13:59.037391 Epoch [68/100] batch [385/391] loss 0.3215 lr 0.02454792921248146 acc 89.84% eta 0:36:38
2023-04-12 21:14:00,246 - __main__ - INFO - Computing epoch 68 validation accuracy...
2023-04-12 21:14:05,226 - __main__ - INFO - Computing epoch 68 validation loss...
2023-04-12 21:14:10,606 - __main__ - INFO - [INFO] 2023-04-12 21:14:10.606682 Epoch [69/100] batch [1/391] loss 0.5889 lr 0.02320866025105018 acc 91.41% eta 0:37:51
2023-04-12 21:14:36,688 - __main__ - INFO - [INFO] 2023-04-12 21:14:36.688512 Epoch [69/100] batch [129/391] loss 0.4287 lr 0.02320866025105018 acc 87.50% eta 0:35:41
2023-04-12 21:15:02,769 - __main__ - INFO - [INFO] 2023-04-12 21:15:02.769704 Epoch [69/100] batch [257/391] loss 0.3582 lr 0.02320866025105018 acc 89.06% eta 0:35:18
2023-04-12 21:15:28,695 - __main__ - INFO - [INFO] 2023-04-12 21:15:28.695323 Epoch [69/100] batch [385/391] loss 0.2532 lr 0.02320866025105018 acc 94.53% eta 0:34:51
2023-04-12 21:15:29,898 - __main__ - INFO - Computing epoch 69 validation accuracy...
2023-04-12 21:15:34,903 - __main__ - INFO - Computing epoch 69 validation loss...
2023-04-12 21:15:40,278 - __main__ - INFO - [INFO] 2023-04-12 21:15:40.278221 Epoch [70/100] batch [1/391] loss 0.7217 lr 0.021895831107393487 acc 86.72% eta 0:35:07
2023-04-12 21:16:06,691 - __main__ - INFO - [INFO] 2023-04-12 21:16:06.691592 Epoch [70/100] batch [129/391] loss 0.2477 lr 0.021895831107393487 acc 89.84% eta 0:34:57
2023-04-12 21:16:32,652 - __main__ - INFO - [INFO] 2023-04-12 21:16:32.652648 Epoch [70/100] batch [257/391] loss 0.2454 lr 0.021895831107393487 acc 92.97% eta 0:34:18
2023-04-12 21:16:58,649 - __main__ - INFO - [INFO] 2023-04-12 21:16:58.649109 Epoch [70/100] batch [385/391] loss 0.2184 lr 0.021895831107393487 acc 92.97% eta 0:33:49
2023-04-12 21:16:59,854 - __main__ - INFO - Computing epoch 70 validation accuracy...
2023-04-12 21:17:04,931 - __main__ - INFO - Computing epoch 70 validation loss...
2023-04-12 21:17:10,414 - __main__ - INFO - [INFO] 2023-04-12 21:17:10.414414 Epoch [71/100] batch [1/391] loss 0.5288 lr 0.02061073738537637 acc 89.06% eta 0:35:45
2023-04-12 21:17:36,822 - __main__ - INFO - [INFO] 2023-04-12 21:17:36.821897 Epoch [71/100] batch [129/391] loss 0.3096 lr 0.02061073738537637 acc 94.53% eta 0:33:49
2023-04-12 21:18:02,954 - __main__ - INFO - [INFO] 2023-04-12 21:18:02.954656 Epoch [71/100] batch [257/391] loss 0.3535 lr 0.02061073738537637 acc 87.50% eta 0:33:16
2023-04-12 21:18:29,224 - __main__ - INFO - [INFO] 2023-04-12 21:18:29.224582 Epoch [71/100] batch [385/391] loss 0.2705 lr 0.02061073738537637 acc 86.72% eta 0:32:53
2023-04-12 21:18:30,411 - __main__ - INFO - Computing epoch 71 validation accuracy...
2023-04-12 21:18:35,423 - __main__ - INFO - Computing epoch 71 validation loss...
2023-04-12 21:18:40,883 - __main__ - INFO - [INFO] 2023-04-12 21:18:40.883515 Epoch [72/100] batch [1/391] loss 0.5269 lr 0.01935464731735119 acc 93.75% eta 0:34:09
2023-04-12 21:19:07,335 - __main__ - INFO - [INFO] 2023-04-12 21:19:07.335566 Epoch [72/100] batch [129/391] loss 0.2627 lr 0.01935464731735119 acc 93.75% eta 0:32:43
2023-04-12 21:19:33,597 - __main__ - INFO - [INFO] 2023-04-12 21:19:33.597195 Epoch [72/100] batch [257/391] loss 0.4087 lr 0.01935464731735119 acc 88.28% eta 0:32:12
2023-04-12 21:19:59,658 - __main__ - INFO - [INFO] 2023-04-12 21:19:59.657821 Epoch [72/100] batch [385/391] loss 0.1664 lr 0.01935464731735119 acc 91.41% eta 0:31:43
2023-04-12 21:20:00,866 - __main__ - INFO - Computing epoch 72 validation accuracy...
2023-04-12 21:20:06,140 - __main__ - INFO - Computing epoch 72 validation loss...
2023-04-12 21:20:11,584 - __main__ - INFO - [INFO] 2023-04-12 21:20:11.584101 Epoch [73/100] batch [1/391] loss 0.2598 lr 0.018128800512565532 acc 92.19% eta 0:32:17
2023-04-12 21:20:37,891 - __main__ - INFO - [INFO] 2023-04-12 21:20:37.891638 Epoch [73/100] batch [129/391] loss 0.2468 lr 0.018128800512565532 acc 94.53% eta 0:31:26
2023-04-12 21:21:03,973 - __main__ - INFO - [INFO] 2023-04-12 21:21:03.973414 Epoch [73/100] batch [257/391] loss 0.1266 lr 0.018128800512565532 acc 99.22% eta 0:30:54
2023-04-12 21:21:30,052 - __main__ - INFO - [INFO] 2023-04-12 21:21:30.052154 Epoch [73/100] batch [385/391] loss 0.3228 lr 0.018128800512565532 acc 92.97% eta 0:30:28
2023-04-12 21:21:31,266 - __main__ - INFO - Computing epoch 73 validation accuracy...
2023-04-12 21:21:36,267 - __main__ - INFO - Computing epoch 73 validation loss...
2023-04-12 21:21:41,693 - __main__ - INFO - [INFO] 2023-04-12 21:21:41.693364 Epoch [74/100] batch [1/391] loss 0.1562 lr 0.016934406733817433 acc 93.75% eta 0:30:51
2023-04-12 21:22:08,121 - __main__ - INFO - [INFO] 2023-04-12 21:22:08.121111 Epoch [74/100] batch [129/391] loss 0.2852 lr 0.016934406733817433 acc 90.62% eta 0:30:22
2023-04-12 21:22:34,254 - __main__ - INFO - [INFO] 2023-04-12 21:22:34.254359 Epoch [74/100] batch [257/391] loss 0.1949 lr 0.016934406733817433 acc 92.97% eta 0:29:51
2023-04-12 21:23:00,507 - __main__ - INFO - [INFO] 2023-04-12 21:23:00.507429 Epoch [74/100] batch [385/391] loss 0.2324 lr 0.016934406733817433 acc 90.62% eta 0:29:29
2023-04-12 21:23:01,697 - __main__ - INFO - Computing epoch 74 validation accuracy...
2023-04-12 21:23:06,682 - __main__ - INFO - Computing epoch 74 validation loss...
2023-04-12 21:23:12,092 - __main__ - INFO - [INFO] 2023-04-12 21:23:12.092511 Epoch [75/100] batch [1/391] loss 0.5840 lr 0.01577264470356558 acc 87.50% eta 0:31:10
2023-04-12 21:23:38,386 - __main__ - INFO - [INFO] 2023-04-12 21:23:38.386633 Epoch [75/100] batch [129/391] loss 0.3220 lr 0.01577264470356558 acc 89.06% eta 0:29:11
2023-04-12 21:24:04,604 - __main__ - INFO - [INFO] 2023-04-12 21:24:04.604246 Epoch [75/100] batch [257/391] loss 0.2004 lr 0.01577264470356558 acc 95.31% eta 0:28:45
2023-04-12 21:24:30,605 - __main__ - INFO - [INFO] 2023-04-12 21:24:30.605324 Epoch [75/100] batch [385/391] loss 0.2461 lr 0.01577264470356558 acc 90.62% eta 0:28:17
2023-04-12 21:24:31,790 - __main__ - INFO - Computing epoch 75 validation accuracy...
2023-04-12 21:24:36,807 - __main__ - INFO - Computing epoch 75 validation loss...
2023-04-12 21:24:42,162 - __main__ - INFO - [INFO] 2023-04-12 21:24:42.162754 Epoch [76/100] batch [1/391] loss 0.5205 lr 0.014644660940672643 acc 92.97% eta 0:29:47
2023-04-12 21:25:08,946 - __main__ - INFO - [INFO] 2023-04-12 21:25:08.946158 Epoch [76/100] batch [129/391] loss 0.2600 lr 0.014644660940672643 acc 91.41% eta 0:28:32
2023-04-12 21:25:35,474 - __main__ - INFO - [INFO] 2023-04-12 21:25:35.473956 Epoch [76/100] batch [257/391] loss 0.2905 lr 0.014644660940672643 acc 92.97% eta 0:28:00
2023-04-12 21:26:02,372 - __main__ - INFO - [INFO] 2023-04-12 21:26:02.371669 Epoch [76/100] batch [385/391] loss 0.2932 lr 0.014644660940672643 acc 91.41% eta 0:27:41
2023-04-12 21:26:03,646 - __main__ - INFO - Computing epoch 76 validation accuracy...
2023-04-12 21:26:08,869 - __main__ - INFO - Computing epoch 76 validation loss...
2023-04-12 21:26:14,364 - __main__ - INFO - [INFO] 2023-04-12 21:26:14.364231 Epoch [77/100] batch [1/391] loss 0.1026 lr 0.013551568628929448 acc 96.88% eta 0:29:15
2023-04-12 21:26:40,804 - __main__ - INFO - [INFO] 2023-04-12 21:26:40.804348 Epoch [77/100] batch [129/391] loss 0.1997 lr 0.013551568628929448 acc 91.41% eta 0:27:02
2023-04-12 21:27:07,536 - __main__ - INFO - [INFO] 2023-04-12 21:27:07.536605 Epoch [77/100] batch [257/391] loss 0.2145 lr 0.013551568628929448 acc 89.06% eta 0:26:46
2023-04-12 21:27:33,470 - __main__ - INFO - [INFO] 2023-04-12 21:27:33.469711 Epoch [77/100] batch [385/391] loss 0.2460 lr 0.013551568628929448 acc 93.75% eta 0:26:10
2023-04-12 21:27:34,681 - __main__ - INFO - Computing epoch 77 validation accuracy...
2023-04-12 21:27:39,984 - __main__ - INFO - Computing epoch 77 validation loss...
2023-04-12 21:27:45,571 - __main__ - INFO - [INFO] 2023-04-12 21:27:45.571303 Epoch [78/100] batch [1/391] loss 0.2700 lr 0.012494446518477033 acc 92.97% eta 0:28:17
2023-04-12 21:28:11,891 - __main__ - INFO - [INFO] 2023-04-12 21:28:11.891615 Epoch [78/100] batch [129/391] loss 0.1538 lr 0.012494446518477033 acc 94.53% eta 0:25:47
2023-04-12 21:28:38,242 - __main__ - INFO - [INFO] 2023-04-12 21:28:38.242089 Epoch [78/100] batch [257/391] loss 0.2817 lr 0.012494446518477033 acc 93.75% eta 0:25:24
2023-04-12 21:29:04,881 - __main__ - INFO - [INFO] 2023-04-12 21:29:04.881449 Epoch [78/100] batch [385/391] loss 0.2052 lr 0.012494446518477033 acc 92.19% eta 0:25:06
2023-04-12 21:29:06,064 - __main__ - INFO - Computing epoch 78 validation accuracy...
2023-04-12 21:29:11,349 - __main__ - INFO - Computing epoch 78 validation loss...
2023-04-12 21:29:16,856 - __main__ - INFO - [INFO] 2023-04-12 21:29:16.856739 Epoch [79/100] batch [1/391] loss 0.2089 lr 0.011474337861210555 acc 95.31% eta 0:25:46
2023-04-12 21:29:43,612 - __main__ - INFO - [INFO] 2023-04-12 21:29:43.612597 Epoch [79/100] batch [129/391] loss 0.1962 lr 0.011474337861210555 acc 92.19% eta 0:25:01
2023-04-12 21:30:09,971 - __main__ - INFO - [INFO] 2023-04-12 21:30:09.971285 Epoch [79/100] batch [257/391] loss 0.2517 lr 0.011474337861210555 acc 92.19% eta 0:24:27
2023-04-12 21:30:36,504 - __main__ - INFO - [INFO] 2023-04-12 21:30:36.503844 Epoch [79/100] batch [385/391] loss 0.1543 lr 0.011474337861210555 acc 95.31% eta 0:24:04
2023-04-12 21:30:37,707 - __main__ - INFO - Computing epoch 79 validation accuracy...
2023-04-12 21:30:42,778 - __main__ - INFO - Computing epoch 79 validation loss...
2023-04-12 21:30:48,294 - __main__ - INFO - [INFO] 2023-04-12 21:30:48.293993 Epoch [80/100] batch [1/391] loss 0.2400 lr 0.01049224938121549 acc 93.75% eta 0:29:09
2023-04-12 21:31:15,151 - __main__ - INFO - [INFO] 2023-04-12 21:31:15.151157 Epoch [80/100] batch [129/391] loss 0.2068 lr 0.01049224938121549 acc 95.31% eta 0:23:57
2023-04-12 21:31:41,916 - __main__ - INFO - [INFO] 2023-04-12 21:31:41.915963 Epoch [80/100] batch [257/391] loss 0.1621 lr 0.01049224938121549 acc 96.88% eta 0:23:31
2023-04-12 21:32:08,212 - __main__ - INFO - [INFO] 2023-04-12 21:32:08.212180 Epoch [80/100] batch [385/391] loss 0.1594 lr 0.01049224938121549 acc 95.31% eta 0:22:59
2023-04-12 21:32:09,373 - __main__ - INFO - Computing epoch 80 validation accuracy...
2023-04-12 21:32:14,508 - __main__ - INFO - Computing epoch 80 validation loss...
2023-04-12 21:32:19,982 - __main__ - INFO - [INFO] 2023-04-12 21:32:19.982687 Epoch [81/100] batch [1/391] loss 0.1683 lr 0.009549150281252642 acc 95.31% eta 0:23:54
2023-04-12 21:32:46,230 - __main__ - INFO - [INFO] 2023-04-12 21:32:46.230261 Epoch [81/100] batch [129/391] loss 0.1935 lr 0.009549150281252642 acc 95.31% eta 0:22:18
2023-04-12 21:33:12,144 - __main__ - INFO - [INFO] 2023-04-12 21:33:12.144574 Epoch [81/100] batch [257/391] loss 0.1619 lr 0.009549150281252642 acc 96.09% eta 0:21:46
2023-04-12 21:33:38,090 - __main__ - INFO - [INFO] 2023-04-12 21:33:38.090137 Epoch [81/100] batch [385/391] loss 0.1729 lr 0.009549150281252642 acc 97.66% eta 0:21:21
2023-04-12 21:33:39,282 - __main__ - INFO - Computing epoch 81 validation accuracy...
2023-04-12 21:33:44,260 - __main__ - INFO - Computing epoch 81 validation loss...
2023-04-12 21:33:49,624 - __main__ - INFO - [INFO] 2023-04-12 21:33:49.624132 Epoch [82/100] batch [1/391] loss 0.3503 lr 0.008645971286271922 acc 96.09% eta 0:22:49
2023-04-12 21:34:16,019 - __main__ - INFO - [INFO] 2023-04-12 21:34:16.019061 Epoch [82/100] batch [129/391] loss 0.1548 lr 0.008645971286271922 acc 95.31% eta 0:21:14
2023-04-12 21:34:42,359 - __main__ - INFO - [INFO] 2023-04-12 21:34:42.359495 Epoch [82/100] batch [257/391] loss 0.1729 lr 0.008645971286271922 acc 96.09% eta 0:20:50
2023-04-12 21:35:08,672 - __main__ - INFO - [INFO] 2023-04-12 21:35:08.671993 Epoch [82/100] batch [385/391] loss 0.2964 lr 0.008645971286271922 acc 89.84% eta 0:20:28
2023-04-12 21:35:09,865 - __main__ - INFO - Computing epoch 82 validation accuracy...
2023-04-12 21:35:14,871 - __main__ - INFO - Computing epoch 82 validation loss...
2023-04-12 21:35:20,184 - __main__ - INFO - [INFO] 2023-04-12 21:35:20.184172 Epoch [83/100] batch [1/391] loss 0.1771 lr 0.007783603724899264 acc 95.31% eta 0:21:34
2023-04-12 21:35:46,789 - __main__ - INFO - [INFO] 2023-04-12 21:35:46.789597 Epoch [83/100] batch [129/391] loss 0.1829 lr 0.007783603724899264 acc 96.09% eta 0:20:17
2023-04-12 21:36:12,901 - __main__ - INFO - [INFO] 2023-04-12 21:36:12.900575 Epoch [83/100] batch [257/391] loss 0.1050 lr 0.007783603724899264 acc 98.44% eta 0:19:42
2023-04-12 21:36:39,035 - __main__ - INFO - [INFO] 2023-04-12 21:36:39.035519 Epoch [83/100] batch [385/391] loss 0.1302 lr 0.007783603724899264 acc 96.09% eta 0:19:17
2023-04-12 21:36:40,256 - __main__ - INFO - Computing epoch 83 validation accuracy...
2023-04-12 21:36:45,269 - __main__ - INFO - Computing epoch 83 validation loss...
2023-04-12 21:36:50,815 - __main__ - INFO - [INFO] 2023-04-12 21:36:50.815640 Epoch [84/100] batch [1/391] loss 0.4075 lr 0.006962898649802819 acc 93.75% eta 0:20:48
2023-04-12 21:37:16,725 - __main__ - INFO - [INFO] 2023-04-12 21:37:16.725733 Epoch [84/100] batch [129/391] loss 0.1516 lr 0.006962898649802819 acc 96.09% eta 0:18:40
2023-04-12 21:37:42,673 - __main__ - INFO - [INFO] 2023-04-12 21:37:42.673671 Epoch [84/100] batch [257/391] loss 0.1893 lr 0.006962898649802819 acc 91.41% eta 0:18:18
2023-04-12 21:38:08,659 - __main__ - INFO - [INFO] 2023-04-12 21:38:08.658810 Epoch [84/100] batch [385/391] loss 0.2295 lr 0.006962898649802819 acc 89.84% eta 0:17:57
2023-04-12 21:38:09,874 - __main__ - INFO - Computing epoch 84 validation accuracy...
2023-04-12 21:38:14,941 - __main__ - INFO - Computing epoch 84 validation loss...
2023-04-12 21:38:20,540 - __main__ - INFO - [INFO] 2023-04-12 21:38:20.540389 Epoch [85/100] batch [1/391] loss 0.3962 lr 0.0061846659978068265 acc 92.19% eta 0:20:04
2023-04-12 21:38:46,783 - __main__ - INFO - [INFO] 2023-04-12 21:38:46.783073 Epoch [85/100] batch [129/391] loss 0.0754 lr 0.0061846659978068265 acc 96.88% eta 0:17:45
2023-04-12 21:39:12,594 - __main__ - INFO - [INFO] 2023-04-12 21:39:12.594506 Epoch [85/100] batch [257/391] loss 0.1915 lr 0.0061846659978068265 acc 93.75% eta 0:17:14
2023-04-12 21:39:38,314 - __main__ - INFO - [INFO] 2023-04-12 21:39:38.314361 Epoch [85/100] batch [385/391] loss 0.2349 lr 0.0061846659978068265 acc 94.53% eta 0:16:48
2023-04-12 21:39:39,542 - __main__ - INFO - Computing epoch 85 validation accuracy...
2023-04-12 21:39:44,998 - __main__ - INFO - Computing epoch 85 validation loss...
2023-04-12 21:39:50,393 - __main__ - INFO - [INFO] 2023-04-12 21:39:50.392814 Epoch [86/100] batch [1/391] loss 0.2415 lr 0.005449673790581615 acc 94.53% eta 0:17:12
2023-04-12 21:40:16,842 - __main__ - INFO - [INFO] 2023-04-12 21:40:16.842227 Epoch [86/100] batch [129/391] loss 0.1538 lr 0.005449673790581615 acc 97.66% eta 0:16:44
2023-04-12 21:40:43,033 - __main__ - INFO - [INFO] 2023-04-12 21:40:43.033319 Epoch [86/100] batch [257/391] loss 0.2399 lr 0.005449673790581615 acc 94.53% eta 0:16:17
2023-04-12 21:41:09,011 - __main__ - INFO - [INFO] 2023-04-12 21:41:09.011066 Epoch [86/100] batch [385/391] loss 0.1776 lr 0.005449673790581615 acc 93.75% eta 0:15:51
2023-04-12 21:41:10,372 - __main__ - INFO - Computing epoch 86 validation accuracy...
2023-04-12 21:41:15,542 - __main__ - INFO - Computing epoch 86 validation loss...
2023-04-12 21:41:21,206 - __main__ - INFO - [INFO] 2023-04-12 21:41:21.206586 Epoch [87/100] batch [1/391] loss 0.0912 lr 0.004758647376699036 acc 97.66% eta 0:19:42
2023-04-12 21:41:47,221 - __main__ - INFO - [INFO] 2023-04-12 21:41:47.221034 Epoch [87/100] batch [129/391] loss 0.1085 lr 0.004758647376699036 acc 96.88% eta 0:15:23
2023-04-12 21:42:13,541 - __main__ - INFO - [INFO] 2023-04-12 21:42:13.541625 Epoch [87/100] batch [257/391] loss 0.1099 lr 0.004758647376699036 acc 97.66% eta 0:15:04
2023-04-12 21:42:39,992 - __main__ - INFO - [INFO] 2023-04-12 21:42:39.991831 Epoch [87/100] batch [385/391] loss 0.1412 lr 0.004758647376699036 acc 95.31% eta 0:14:45
2023-04-12 21:42:41,168 - __main__ - INFO - Computing epoch 87 validation accuracy...
2023-04-12 21:42:46,217 - __main__ - INFO - Computing epoch 87 validation loss...
2023-04-12 21:42:51,830 - __main__ - INFO - [INFO] 2023-04-12 21:42:51.830264 Epoch [88/100] batch [1/391] loss 0.1455 lr 0.004112268715800957 acc 96.88% eta 0:15:50
2023-04-12 21:43:18,474 - __main__ - INFO - [INFO] 2023-04-12 21:43:18.473976 Epoch [88/100] batch [129/391] loss 0.1254 lr 0.004112268715800957 acc 95.31% eta 0:14:33
2023-04-12 21:43:44,952 - __main__ - INFO - [INFO] 2023-04-12 21:43:44.951476 Epoch [88/100] batch [257/391] loss 0.0889 lr 0.004112268715800957 acc 97.66% eta 0:14:08
2023-04-12 21:44:11,748 - __main__ - INFO - [INFO] 2023-04-12 21:44:11.748193 Epoch [88/100] batch [385/391] loss 0.1359 lr 0.004112268715800957 acc 96.09% eta 0:13:47
2023-04-12 21:44:12,983 - __main__ - INFO - Computing epoch 88 validation accuracy...
2023-04-12 21:44:18,015 - __main__ - INFO - Computing epoch 88 validation loss...
2023-04-12 21:44:23,614 - __main__ - INFO - [INFO] 2023-04-12 21:44:23.613524 Epoch [89/100] batch [1/391] loss 0.1443 lr 0.003511175705587435 acc 96.09% eta 0:14:17
2023-04-12 21:44:50,009 - __main__ - INFO - [INFO] 2023-04-12 21:44:50.009592 Epoch [89/100] batch [129/391] loss 0.0684 lr 0.003511175705587435 acc 97.66% eta 0:13:17
2023-04-12 21:45:16,552 - __main__ - INFO - [INFO] 2023-04-12 21:45:16.552784 Epoch [89/100] batch [257/391] loss 0.1077 lr 0.003511175705587435 acc 98.44% eta 0:12:57
2023-04-12 21:45:43,193 - __main__ - INFO - [INFO] 2023-04-12 21:45:43.193081 Epoch [89/100] batch [385/391] loss 0.0986 lr 0.003511175705587435 acc 95.31% eta 0:12:36
2023-04-12 21:45:44,432 - __main__ - INFO - Computing epoch 89 validation accuracy...
2023-04-12 21:45:49,714 - __main__ - INFO - Computing epoch 89 validation loss...
2023-04-12 21:45:55,713 - __main__ - INFO - [INFO] 2023-04-12 21:45:55.713571 Epoch [90/100] batch [1/391] loss 0.1140 lr 0.0029559615522887295 acc 95.31% eta 0:17:26
2023-04-12 21:46:22,038 - __main__ - INFO - [INFO] 2023-04-12 21:46:22.038104 Epoch [90/100] batch [129/391] loss 0.1367 lr 0.0029559615522887295 acc 95.31% eta 0:12:09
2023-04-12 21:46:48,513 - __main__ - INFO - [INFO] 2023-04-12 21:46:48.513641 Epoch [90/100] batch [257/391] loss 0.0735 lr 0.0029559615522887295 acc 98.44% eta 0:11:48
2023-04-12 21:47:15,466 - __main__ - INFO - [INFO] 2023-04-12 21:47:15.465445 Epoch [90/100] batch [385/391] loss 0.1174 lr 0.0029559615522887295 acc 96.88% eta 0:11:29
2023-04-12 21:47:16,668 - __main__ - INFO - Computing epoch 90 validation accuracy...
2023-04-12 21:47:21,721 - __main__ - INFO - Computing epoch 90 validation loss...
2023-04-12 21:47:27,272 - __main__ - INFO - [INFO] 2023-04-12 21:47:27.272261 Epoch [91/100] batch [1/391] loss 0.2017 lr 0.0024471741852423253 acc 99.22% eta 0:12:24
2023-04-12 21:47:54,040 - __main__ - INFO - [INFO] 2023-04-12 21:47:54.040695 Epoch [91/100] batch [129/391] loss 0.0908 lr 0.0024471741852423253 acc 97.66% eta 0:11:09
2023-04-12 21:48:20,076 - __main__ - INFO - [INFO] 2023-04-12 21:48:20.076734 Epoch [91/100] batch [257/391] loss 0.0345 lr 0.0024471741852423253 acc 99.22% eta 0:10:38
2023-04-12 21:48:46,058 - __main__ - INFO - [INFO] 2023-04-12 21:48:46.058799 Epoch [91/100] batch [385/391] loss 0.1002 lr 0.0024471741852423253 acc 97.66% eta 0:10:12
2023-04-12 21:48:47,261 - __main__ - INFO - Computing epoch 91 validation accuracy...
2023-04-12 21:48:52,398 - __main__ - INFO - Computing epoch 91 validation loss...
2023-04-12 21:48:57,791 - __main__ - INFO - [INFO] 2023-04-12 21:48:57.791787 Epoch [92/100] batch [1/391] loss 0.2524 lr 0.0019853157161528537 acc 96.88% eta 0:10:20
2023-04-12 21:49:24,149 - __main__ - INFO - [INFO] 2023-04-12 21:49:24.149024 Epoch [92/100] batch [129/391] loss 0.0797 lr 0.0019853157161528537 acc 97.66% eta 0:09:50
2023-04-12 21:49:50,177 - __main__ - INFO - [INFO] 2023-04-12 21:49:50.177707 Epoch [92/100] batch [257/391] loss 0.0576 lr 0.0019853157161528537 acc 99.22% eta 0:09:25
2023-04-12 21:50:16,410 - __main__ - INFO - [INFO] 2023-04-12 21:50:16.410206 Epoch [92/100] batch [385/391] loss 0.0555 lr 0.0019853157161528537 acc 97.66% eta 0:09:03
2023-04-12 21:50:17,627 - __main__ - INFO - Computing epoch 92 validation accuracy...
2023-04-12 21:50:22,654 - __main__ - INFO - Computing epoch 92 validation loss...
2023-04-12 21:50:28,295 - __main__ - INFO - [INFO] 2023-04-12 21:50:28.295527 Epoch [93/100] batch [1/391] loss 0.2815 lr 0.0015708419435684529 acc 97.66% eta 0:12:13
2023-04-12 21:50:54,901 - __main__ - INFO - [INFO] 2023-04-12 21:50:54.901425 Epoch [93/100] batch [129/391] loss 0.0334 lr 0.0015708419435684529 acc 99.22% eta 0:08:49
2023-04-12 21:51:21,083 - __main__ - INFO - [INFO] 2023-04-12 21:51:21.083104 Epoch [93/100] batch [257/391] loss 0.0945 lr 0.0015708419435684529 acc 97.66% eta 0:08:22
2023-04-12 21:51:47,473 - __main__ - INFO - [INFO] 2023-04-12 21:51:47.473095 Epoch [93/100] batch [385/391] loss 0.1605 lr 0.0015708419435684529 acc 96.09% eta 0:07:59
2023-04-12 21:51:48,656 - __main__ - INFO - Computing epoch 93 validation accuracy...
2023-04-12 21:51:53,622 - __main__ - INFO - Computing epoch 93 validation loss...
2023-04-12 21:51:59,004 - __main__ - INFO - [INFO] 2023-04-12 21:51:59.004040 Epoch [94/100] batch [1/391] loss 0.0788 lr 0.0012041619030626347 acc 98.44% eta 0:08:02
2023-04-12 21:52:25,148 - __main__ - INFO - [INFO] 2023-04-12 21:52:25.148452 Epoch [94/100] batch [129/391] loss 0.0981 lr 0.0012041619030626347 acc 96.88% eta 0:07:30
2023-04-12 21:52:51,297 - __main__ - INFO - [INFO] 2023-04-12 21:52:51.297737 Epoch [94/100] batch [257/391] loss 0.0493 lr 0.0012041619030626347 acc 98.44% eta 0:07:08
2023-04-12 21:53:17,169 - __main__ - INFO - [INFO] 2023-04-12 21:53:17.169143 Epoch [94/100] batch [385/391] loss 0.0820 lr 0.0012041619030626347 acc 98.44% eta 0:06:44
2023-04-12 21:53:18,354 - __main__ - INFO - Computing epoch 94 validation accuracy...
2023-04-12 21:53:23,511 - __main__ - INFO - Computing epoch 94 validation loss...
2023-04-12 21:53:29,072 - __main__ - INFO - [INFO] 2023-04-12 21:53:29.071884 Epoch [95/100] batch [1/391] loss 0.2866 lr 0.0008856374635655646 acc 97.66% eta 0:07:18
2023-04-12 21:53:55,358 - __main__ - INFO - [INFO] 2023-04-12 21:53:55.358639 Epoch [95/100] batch [129/391] loss 0.0437 lr 0.0008856374635655646 acc 99.22% eta 0:06:26
2023-04-12 21:54:21,644 - __main__ - INFO - [INFO] 2023-04-12 21:54:21.644090 Epoch [95/100] batch [257/391] loss 0.0845 lr 0.0008856374635655646 acc 96.88% eta 0:06:03
2023-04-12 21:54:47,986 - __main__ - INFO - [INFO] 2023-04-12 21:54:47.985437 Epoch [95/100] batch [385/391] loss 0.1160 lr 0.0008856374635655646 acc 96.09% eta 0:05:41
2023-04-12 21:54:49,200 - __main__ - INFO - Computing epoch 95 validation accuracy...
2023-04-12 21:54:54,346 - __main__ - INFO - Computing epoch 95 validation loss...
2023-04-12 21:54:59,862 - __main__ - INFO - [INFO] 2023-04-12 21:54:59.862427 Epoch [96/100] batch [1/391] loss 0.0997 lr 0.0006155829702431174 acc 95.31% eta 0:06:03
2023-04-12 21:55:26,614 - __main__ - INFO - [INFO] 2023-04-12 21:55:26.614659 Epoch [96/100] batch [129/391] loss 0.0704 lr 0.0006155829702431174 acc 98.44% eta 0:05:22
2023-04-12 21:55:53,317 - __main__ - INFO - [INFO] 2023-04-12 21:55:53.317225 Epoch [96/100] batch [257/391] loss 0.0374 lr 0.0006155829702431174 acc 98.44% eta 0:04:59
2023-04-12 21:56:19,539 - __main__ - INFO - [INFO] 2023-04-12 21:56:19.538959 Epoch [96/100] batch [385/391] loss 0.1346 lr 0.0006155829702431174 acc 97.66% eta 0:04:35
2023-04-12 21:56:20,753 - __main__ - INFO - Computing epoch 96 validation accuracy...
2023-04-12 21:56:25,950 - __main__ - INFO - Computing epoch 96 validation loss...
2023-04-12 21:56:31,276 - __main__ - INFO - [INFO] 2023-04-12 21:56:31.275822 Epoch [97/100] batch [1/391] loss 0.0450 lr 0.00039426493427611206 acc 99.22% eta 0:05:35
2023-04-12 21:56:57,628 - __main__ - INFO - [INFO] 2023-04-12 21:56:57.628000 Epoch [97/100] batch [129/391] loss 0.0664 lr 0.00039426493427611206 acc 97.66% eta 0:04:10
2023-04-12 21:57:23,908 - __main__ - INFO - [INFO] 2023-04-12 21:57:23.908174 Epoch [97/100] batch [257/391] loss 0.1421 lr 0.00039426493427611206 acc 94.53% eta 0:03:47
2023-04-12 21:57:49,883 - __main__ - INFO - [INFO] 2023-04-12 21:57:49.882865 Epoch [97/100] batch [385/391] loss 0.0853 lr 0.00039426493427611206 acc 97.66% eta 0:03:24
2023-04-12 21:57:51,073 - __main__ - INFO - Computing epoch 97 validation accuracy...
2023-04-12 21:57:56,001 - __main__ - INFO - Computing epoch 97 validation loss...
2023-04-12 21:58:01,400 - __main__ - INFO - [INFO] 2023-04-12 21:58:01.400305 Epoch [98/100] batch [1/391] loss 0.2744 lr 0.00022190176984600036 acc 96.09% eta 0:03:33
2023-04-12 21:58:28,127 - __main__ - INFO - [INFO] 2023-04-12 21:58:28.127403 Epoch [98/100] batch [129/391] loss 0.0853 lr 0.00022190176984600036 acc 97.66% eta 0:03:04
2023-04-12 21:58:54,470 - __main__ - INFO - [INFO] 2023-04-12 21:58:54.470411 Epoch [98/100] batch [257/391] loss 0.0746 lr 0.00022190176984600036 acc 95.31% eta 0:02:41
2023-04-12 21:59:20,886 - __main__ - INFO - [INFO] 2023-04-12 21:59:20.885821 Epoch [98/100] batch [385/391] loss 0.1216 lr 0.00022190176984600036 acc 98.44% eta 0:02:18
2023-04-12 21:59:22,123 - __main__ - INFO - Computing epoch 98 validation accuracy...
2023-04-12 21:59:27,202 - __main__ - INFO - Computing epoch 98 validation loss...
2023-04-12 21:59:32,578 - __main__ - INFO - [INFO] 2023-04-12 21:59:32.578332 Epoch [99/100] batch [1/391] loss 0.0865 lr 9.866357858642213e-05 acc 98.44% eta 0:02:24
2023-04-12 21:59:58,978 - __main__ - INFO - [INFO] 2023-04-12 21:59:58.977950 Epoch [99/100] batch [129/391] loss 0.1610 lr 9.866357858642213e-05 acc 96.88% eta 0:01:54
2023-04-12 22:00:25,485 - __main__ - INFO - [INFO] 2023-04-12 22:00:25.485671 Epoch [99/100] batch [257/391] loss 0.0592 lr 9.866357858642213e-05 acc 99.22% eta 0:01:31
2023-04-12 22:00:51,539 - __main__ - INFO - [INFO] 2023-04-12 22:00:51.539218 Epoch [99/100] batch [385/391] loss 0.0571 lr 9.866357858642213e-05 acc 97.66% eta 0:01:09
2023-04-12 22:00:52,809 - __main__ - INFO - Computing epoch 99 validation accuracy...
2023-04-12 22:00:57,957 - __main__ - INFO - Computing epoch 99 validation loss...
2023-04-12 22:01:03,618 - __main__ - INFO - [INFO] 2023-04-12 22:01:03.617928 Epoch [100/100] batch [1/391] loss 0.2673 lr 2.4671981713420017e-05 acc 98.44% eta 0:01:12
2023-04-12 22:01:30,348 - __main__ - INFO - [INFO] 2023-04-12 22:01:30.348262 Epoch [100/100] batch [129/391] loss 0.1799 lr 2.4671981713420017e-05 acc 96.09% eta 0:00:46
2023-04-12 22:01:56,848 - __main__ - INFO - [INFO] 2023-04-12 22:01:56.848037 Epoch [100/100] batch [257/391] loss 0.0366 lr 2.4671981713420017e-05 acc 99.22% eta 0:00:23
2023-04-12 22:02:22,881 - __main__ - INFO - [INFO] 2023-04-12 22:02:22.881434 Epoch [100/100] batch [385/391] loss 0.0523 lr 2.4671981713420017e-05 acc 99.22% eta 0:00:01
2023-04-12 22:02:24,070 - __main__ - INFO - Computing epoch 100 validation accuracy...
2023-04-12 22:02:29,101 - __main__ - INFO - Computing epoch 100 validation loss...
2023-04-12 22:02:34,420 - __main__ - INFO - Reading testing data set cifar10
2023-04-12 22:02:35,142 - __main__ - INFO - Loading trained model...
2023-04-12 22:02:41,652 - __main__ - INFO - Testing acc : 92.68%.
