2023-04-07 05:22:12,014 - __main__ - INFO - 

2023-04-07 05:22:12,014 - __main__ - INFO - ***************
2023-04-07 05:22:12,014 - __main__ - INFO - ** Arguments **
2023-04-07 05:22:12,014 - __main__ - INFO - ***************
2023-04-07 05:22:12,014 - __main__ - INFO - backbone: resnet56
2023-04-07 05:22:12,014 - __main__ - INFO - dataname: cifar100
2023-04-07 05:22:12,014 - __main__ - INFO - drop_method: d
2023-04-07 05:22:12,014 - __main__ - INFO - drop_rate: 0.3
2023-04-07 05:22:12,014 - __main__ - INFO - eval_only: 0
2023-04-07 05:22:12,014 - __main__ - INFO - output_path: checkpoints/cifar100/resnet56/drop_d/rate_0.3/seed2
2023-04-07 05:22:12,014 - __main__ - INFO - part_rate: 0.1
2023-04-07 05:22:12,014 - __main__ - INFO - seed: 2
2023-04-07 05:22:12,014 - __main__ - INFO - weight_decay: 0.0005
2023-04-07 05:22:12,015 - __main__ - INFO - ************
2023-04-07 05:22:12,015 - __main__ - INFO - ** Config **
2023-04-07 05:22:12,015 - __main__ - INFO - ************
2023-04-07 05:22:12,015 - __main__ - INFO - {'DATALOADER': {'PATH': './data', 'DATANAME': 'cifar100', 'BATCH_SIZE': 128, 'NUM_CLASSES': 100}, 'INPUT': {'SIZE': [32, 32], 'PIXEL_MEAN': [0.4914, 0.4822, 0.4465], 'PIXEL_STD': [0.2023, 0.1994, 0.201]}, 'OUTPUT': {'DIR': 'checkpoints/cifar100/resnet56/drop_d/rate_0.3/seed2'}, 'SEED': 2, 'OPTIM': {'LR': 0.1, 'MAX_EPOCH': 100, 'LR_SCHEDULER': 'step', 'LR_MILESTONES': [20, 40, 80, 120, 140], 'LR_DECAY': 0.2, 'PART_RATE': 0.1, 'WEIGHT_DECAY': 0.0005, 'DROP_RATE': 0.3, 'DROP_METHOD': 'd', 'BLOCK_SIZE': 7}, 'MODEL': {'BACKBONE': 'resnet56'}}
2023-04-07 05:22:12,033 - __main__ - INFO - Reading training data set cifar100
2023-04-07 05:22:14,053 - __main__ - INFO - Loading raw model
2023-04-07 05:22:17,629 - __main__ - INFO - 
Saving everything to checkpoints/cifar100/resnet56/drop_d/rate_0.3/seed2
2023-04-07 05:22:17,630 - __main__ - INFO - Start training...
2023-04-07 05:22:23,427 - __main__ - INFO - [INFO] 2023-04-07 05:22:23.427417 Epoch [1/100] batch [1/391] loss 11.0469 lr 0.1 acc 1.56% eta 2 days, 14:38:58
2023-04-07 05:22:42,106 - __main__ - INFO - [INFO] 2023-04-07 05:22:42.106473 Epoch [1/100] batch [129/391] loss 4.5156 lr 0.1 acc 2.34% eta 1:43:16
2023-04-07 05:23:00,914 - __main__ - INFO - [INFO] 2023-04-07 05:23:00.914441 Epoch [1/100] batch [257/391] loss 4.4414 lr 0.1 acc 1.56% eta 1:29:06
2023-04-07 05:23:19,575 - __main__ - INFO - [INFO] 2023-04-07 05:23:19.575250 Epoch [1/100] batch [385/391] loss 4.2656 lr 0.1 acc 1.56% eta 1:23:57
2023-04-07 05:23:20,481 - __main__ - INFO - Computing epoch 1 validation accuracy...
2023-04-07 05:23:24,627 - __main__ - INFO - Computing epoch 1 validation loss...
2023-04-07 05:23:28,963 - __main__ - INFO - [INFO] 2023-04-07 05:23:28.963618 Epoch [2/100] batch [1/391] loss 4.3438 lr 0.09997532801828658 acc 4.69% eta 1:17:21
2023-04-07 05:23:47,526 - __main__ - INFO - [INFO] 2023-04-07 05:23:47.526577 Epoch [2/100] batch [129/391] loss 4.3203 lr 0.09997532801828658 acc 3.12% eta 1:13:48
2023-04-07 05:24:06,300 - __main__ - INFO - [INFO] 2023-04-07 05:24:06.300583 Epoch [2/100] batch [257/391] loss 4.0508 lr 0.09997532801828658 acc 2.34% eta 1:13:58
2023-04-07 05:24:24,989 - __main__ - INFO - [INFO] 2023-04-07 05:24:24.989462 Epoch [2/100] batch [385/391] loss 4.0039 lr 0.09997532801828658 acc 7.03% eta 1:13:47
2023-04-07 05:24:25,789 - __main__ - INFO - Computing epoch 2 validation accuracy...
2023-04-07 05:24:29,895 - __main__ - INFO - Computing epoch 2 validation loss...
2023-04-07 05:24:34,202 - __main__ - INFO - [INFO] 2023-04-07 05:24:34.202791 Epoch [3/100] batch [1/391] loss 3.9551 lr 0.09990133642141358 acc 6.25% eta 1:20:49
2023-04-07 05:24:52,805 - __main__ - INFO - [INFO] 2023-04-07 05:24:52.805207 Epoch [3/100] batch [129/391] loss 3.8496 lr 0.09990133642141358 acc 10.94% eta 1:13:55
2023-04-07 05:25:11,728 - __main__ - INFO - [INFO] 2023-04-07 05:25:11.727982 Epoch [3/100] batch [257/391] loss 3.7227 lr 0.09990133642141358 acc 10.94% eta 1:14:10
2023-04-07 05:25:30,449 - __main__ - INFO - [INFO] 2023-04-07 05:25:30.449625 Epoch [3/100] batch [385/391] loss 3.7031 lr 0.09990133642141358 acc 9.38% eta 1:13:40
2023-04-07 05:25:31,309 - __main__ - INFO - Computing epoch 3 validation accuracy...
2023-04-07 05:25:35,467 - __main__ - INFO - Computing epoch 3 validation loss...
2023-04-07 05:25:39,777 - __main__ - INFO - [INFO] 2023-04-07 05:25:39.777523 Epoch [4/100] batch [1/391] loss 3.7617 lr 0.099778098230154 acc 7.81% eta 1:16:15
2023-04-07 05:25:59,290 - __main__ - INFO - [INFO] 2023-04-07 05:25:59.290718 Epoch [4/100] batch [129/391] loss 3.6582 lr 0.099778098230154 acc 8.59% eta 1:18:38
2023-04-07 05:26:18,152 - __main__ - INFO - [INFO] 2023-04-07 05:26:18.152250 Epoch [4/100] batch [257/391] loss 3.0449 lr 0.099778098230154 acc 23.44% eta 1:15:59
2023-04-07 05:26:36,783 - __main__ - INFO - [INFO] 2023-04-07 05:26:36.783560 Epoch [4/100] batch [385/391] loss 3.3145 lr 0.099778098230154 acc 24.22% eta 1:14:26
2023-04-07 05:26:37,625 - __main__ - INFO - Computing epoch 4 validation accuracy...
2023-04-07 05:26:41,849 - __main__ - INFO - Computing epoch 4 validation loss...
2023-04-07 05:26:46,215 - __main__ - INFO - [INFO] 2023-04-07 05:26:46.215525 Epoch [5/100] batch [1/391] loss 3.1270 lr 0.0996057350657239 acc 21.09% eta 1:20:35
2023-04-07 05:27:04,863 - __main__ - INFO - [INFO] 2023-04-07 05:27:04.863794 Epoch [5/100] batch [129/391] loss 3.2285 lr 0.0996057350657239 acc 13.28% eta 1:12:58
2023-04-07 05:27:23,581 - __main__ - INFO - [INFO] 2023-04-07 05:27:23.581018 Epoch [5/100] batch [257/391] loss 2.8633 lr 0.0996057350657239 acc 26.56% eta 1:12:15
2023-04-07 05:27:42,304 - __main__ - INFO - [INFO] 2023-04-07 05:27:42.304620 Epoch [5/100] batch [385/391] loss 3.0449 lr 0.0996057350657239 acc 25.00% eta 1:12:01
2023-04-07 05:27:43,184 - __main__ - INFO - Computing epoch 5 validation accuracy...
2023-04-07 05:27:47,399 - __main__ - INFO - Computing epoch 5 validation loss...
2023-04-07 05:27:51,891 - __main__ - INFO - [INFO] 2023-04-07 05:27:51.891345 Epoch [6/100] batch [1/391] loss 3.1602 lr 0.09938441702975688 acc 18.75% eta 1:14:10
2023-04-07 05:28:10,608 - __main__ - INFO - [INFO] 2023-04-07 05:28:10.608022 Epoch [6/100] batch [129/391] loss 2.9961 lr 0.09938441702975688 acc 21.09% eta 1:11:35
2023-04-07 05:28:29,294 - __main__ - INFO - [INFO] 2023-04-07 05:28:29.294543 Epoch [6/100] batch [257/391] loss 2.9414 lr 0.09938441702975688 acc 22.66% eta 1:11:09
2023-04-07 05:28:48,045 - __main__ - INFO - [INFO] 2023-04-07 05:28:48.044969 Epoch [6/100] batch [385/391] loss 2.8496 lr 0.09938441702975688 acc 20.31% eta 1:11:02
2023-04-07 05:28:48,982 - __main__ - INFO - Computing epoch 6 validation accuracy...
2023-04-07 05:28:53,246 - __main__ - INFO - Computing epoch 6 validation loss...
2023-04-07 05:28:57,618 - __main__ - INFO - [INFO] 2023-04-07 05:28:57.618034 Epoch [7/100] batch [1/391] loss 2.7871 lr 0.09911436253643444 acc 23.44% eta 1:16:45
2023-04-07 05:29:16,020 - __main__ - INFO - [INFO] 2023-04-07 05:29:16.020623 Epoch [7/100] batch [129/391] loss 2.8691 lr 0.09911436253643444 acc 27.34% eta 1:10:17
2023-04-07 05:29:34,801 - __main__ - INFO - [INFO] 2023-04-07 05:29:34.800854 Epoch [7/100] batch [257/391] loss 2.8711 lr 0.09911436253643444 acc 21.88% eta 1:10:20
2023-04-07 05:29:53,617 - __main__ - INFO - [INFO] 2023-04-07 05:29:53.617163 Epoch [7/100] batch [385/391] loss 2.7324 lr 0.09911436253643444 acc 26.56% eta 1:10:13
2023-04-07 05:29:54,476 - __main__ - INFO - Computing epoch 7 validation accuracy...
2023-04-07 05:29:58,628 - __main__ - INFO - Computing epoch 7 validation loss...
2023-04-07 05:30:02,986 - __main__ - INFO - [INFO] 2023-04-07 05:30:02.986247 Epoch [8/100] batch [1/391] loss 2.6406 lr 0.09879583809693737 acc 34.38% eta 1:16:01
2023-04-07 05:30:21,532 - __main__ - INFO - [INFO] 2023-04-07 05:30:21.531875 Epoch [8/100] batch [129/391] loss 2.3477 lr 0.09879583809693737 acc 35.16% eta 1:09:07
2023-04-07 05:30:40,153 - __main__ - INFO - [INFO] 2023-04-07 05:30:40.153613 Epoch [8/100] batch [257/391] loss 2.4180 lr 0.09879583809693737 acc 32.03% eta 1:09:02
2023-04-07 05:30:58,906 - __main__ - INFO - [INFO] 2023-04-07 05:30:58.906352 Epoch [8/100] batch [385/391] loss 2.4668 lr 0.09879583809693737 acc 33.59% eta 1:09:11
2023-04-07 05:30:59,759 - __main__ - INFO - Computing epoch 8 validation accuracy...
2023-04-07 05:31:03,903 - __main__ - INFO - Computing epoch 8 validation loss...
2023-04-07 05:31:08,275 - __main__ - INFO - [INFO] 2023-04-07 05:31:08.275738 Epoch [9/100] batch [1/391] loss 2.4023 lr 0.09842915805643156 acc 37.50% eta 1:15:23
2023-04-07 05:31:26,695 - __main__ - INFO - [INFO] 2023-04-07 05:31:26.695786 Epoch [9/100] batch [129/391] loss 2.3867 lr 0.09842915805643156 acc 33.59% eta 1:09:25
2023-04-07 05:31:45,704 - __main__ - INFO - [INFO] 2023-04-07 05:31:45.704650 Epoch [9/100] batch [257/391] loss 2.3145 lr 0.09842915805643156 acc 37.50% eta 1:10:20
2023-04-07 05:32:05,049 - __main__ - INFO - [INFO] 2023-04-07 05:32:05.049347 Epoch [9/100] batch [385/391] loss 2.1035 lr 0.09842915805643156 acc 32.03% eta 1:11:32
2023-04-07 05:32:05,915 - __main__ - INFO - Computing epoch 9 validation accuracy...
2023-04-07 05:32:10,237 - __main__ - INFO - Computing epoch 9 validation loss...
2023-04-07 05:32:14,617 - __main__ - INFO - [INFO] 2023-04-07 05:32:14.617612 Epoch [10/100] batch [1/391] loss 2.3477 lr 0.09801468428384716 acc 37.50% eta 1:23:23
2023-04-07 05:32:33,874 - __main__ - INFO - [INFO] 2023-04-07 05:32:33.874109 Epoch [10/100] batch [129/391] loss 2.3750 lr 0.09801468428384716 acc 38.28% eta 1:13:35
2023-04-07 05:32:52,915 - __main__ - INFO - [INFO] 2023-04-07 05:32:52.914884 Epoch [10/100] batch [257/391] loss 2.4746 lr 0.09801468428384716 acc 35.94% eta 1:12:53
2023-04-07 05:33:12,386 - __main__ - INFO - [INFO] 2023-04-07 05:33:12.386516 Epoch [10/100] batch [385/391] loss 2.1875 lr 0.09801468428384716 acc 34.38% eta 1:12:31
2023-04-07 05:33:13,295 - __main__ - INFO - Computing epoch 10 validation accuracy...
2023-04-07 05:33:17,434 - __main__ - INFO - Computing epoch 10 validation loss...
2023-04-07 05:33:22,083 - __main__ - INFO - [INFO] 2023-04-07 05:33:22.083732 Epoch [11/100] batch [1/391] loss 2.4980 lr 0.09755282581475769 acc 34.38% eta 1:14:42
2023-04-07 05:33:41,657 - __main__ - INFO - [INFO] 2023-04-07 05:33:41.657546 Epoch [11/100] batch [129/391] loss 2.3984 lr 0.09755282581475769 acc 39.06% eta 1:13:13
2023-04-07 05:34:01,091 - __main__ - INFO - [INFO] 2023-04-07 05:34:01.091050 Epoch [11/100] batch [257/391] loss 2.2109 lr 0.09755282581475769 acc 38.28% eta 1:12:16
2023-04-07 05:34:20,697 - __main__ - INFO - [INFO] 2023-04-07 05:34:20.697340 Epoch [11/100] batch [385/391] loss 2.2246 lr 0.09755282581475769 acc 36.72% eta 1:12:09
2023-04-07 05:34:21,590 - __main__ - INFO - Computing epoch 11 validation accuracy...
2023-04-07 05:34:25,850 - __main__ - INFO - Computing epoch 11 validation loss...
2023-04-07 05:34:30,206 - __main__ - INFO - [INFO] 2023-04-07 05:34:30.206467 Epoch [12/100] batch [1/391] loss 2.1113 lr 0.09704403844771128 acc 41.41% eta 1:20:42
2023-04-07 05:34:49,860 - __main__ - INFO - [INFO] 2023-04-07 05:34:49.859925 Epoch [12/100] batch [129/391] loss 2.5000 lr 0.09704403844771128 acc 39.84% eta 1:11:45
2023-04-07 05:35:09,468 - __main__ - INFO - [INFO] 2023-04-07 05:35:09.467928 Epoch [12/100] batch [257/391] loss 2.0957 lr 0.09704403844771128 acc 46.88% eta 1:11:29
2023-04-07 05:35:29,049 - __main__ - INFO - [INFO] 2023-04-07 05:35:29.049186 Epoch [12/100] batch [385/391] loss 2.0078 lr 0.09704403844771128 acc 39.84% eta 1:11:15
2023-04-07 05:35:29,968 - __main__ - INFO - Computing epoch 12 validation accuracy...
2023-04-07 05:35:34,177 - __main__ - INFO - Computing epoch 12 validation loss...
2023-04-07 05:35:38,710 - __main__ - INFO - [INFO] 2023-04-07 05:35:38.710734 Epoch [13/100] batch [1/391] loss 1.9990 lr 0.09648882429441258 acc 46.88% eta 1:13:41
2023-04-07 05:35:58,197 - __main__ - INFO - [INFO] 2023-04-07 05:35:58.197477 Epoch [13/100] batch [129/391] loss 1.9551 lr 0.09648882429441258 acc 42.19% eta 1:11:02
2023-04-07 05:36:17,590 - __main__ - INFO - [INFO] 2023-04-07 05:36:17.590472 Epoch [13/100] batch [257/391] loss 2.0996 lr 0.09648882429441258 acc 41.41% eta 1:10:17
2023-04-07 05:36:37,022 - __main__ - INFO - [INFO] 2023-04-07 05:36:37.022059 Epoch [13/100] batch [385/391] loss 2.2852 lr 0.09648882429441258 acc 43.75% eta 1:09:35
2023-04-07 05:36:37,877 - __main__ - INFO - Computing epoch 13 validation accuracy...
2023-04-07 05:36:42,133 - __main__ - INFO - Computing epoch 13 validation loss...
2023-04-07 05:36:46,568 - __main__ - INFO - [INFO] 2023-04-07 05:36:46.567933 Epoch [14/100] batch [1/391] loss 1.9297 lr 0.09588773128419906 acc 38.28% eta 1:21:53
2023-04-07 05:37:06,236 - __main__ - INFO - [INFO] 2023-04-07 05:37:06.236185 Epoch [14/100] batch [129/391] loss 2.1289 lr 0.09588773128419906 acc 45.31% eta 1:09:41
2023-04-07 05:37:25,883 - __main__ - INFO - [INFO] 2023-04-07 05:37:25.882782 Epoch [14/100] batch [257/391] loss 1.9600 lr 0.09588773128419906 acc 45.31% eta 1:08:44
2023-04-07 05:37:45,089 - __main__ - INFO - [INFO] 2023-04-07 05:37:45.089238 Epoch [14/100] batch [385/391] loss 2.1289 lr 0.09588773128419906 acc 39.06% eta 1:07:07
2023-04-07 05:37:45,927 - __main__ - INFO - Computing epoch 14 validation accuracy...
2023-04-07 05:37:50,282 - __main__ - INFO - Computing epoch 14 validation loss...
2023-04-07 05:37:54,731 - __main__ - INFO - [INFO] 2023-04-07 05:37:54.731356 Epoch [15/100] batch [1/391] loss 2.0469 lr 0.09524135262330098 acc 39.06% eta 1:07:06
2023-04-07 05:38:13,753 - __main__ - INFO - [INFO] 2023-04-07 05:38:13.753148 Epoch [15/100] batch [129/391] loss 1.7822 lr 0.09524135262330098 acc 49.22% eta 1:03:51
2023-04-07 05:38:32,809 - __main__ - INFO - [INFO] 2023-04-07 05:38:32.809032 Epoch [15/100] batch [257/391] loss 2.1035 lr 0.09524135262330098 acc 38.28% eta 1:04:07
2023-04-07 05:38:52,113 - __main__ - INFO - [INFO] 2023-04-07 05:38:52.113157 Epoch [15/100] batch [385/391] loss 2.1973 lr 0.09524135262330098 acc 37.50% eta 1:04:36
2023-04-07 05:38:52,994 - __main__ - INFO - Computing epoch 15 validation accuracy...
2023-04-07 05:38:57,122 - __main__ - INFO - Computing epoch 15 validation loss...
2023-04-07 05:39:01,608 - __main__ - INFO - [INFO] 2023-04-07 05:39:01.607786 Epoch [16/100] batch [1/391] loss 1.8740 lr 0.0945503262094184 acc 46.88% eta 1:14:32
2023-04-07 05:39:21,229 - __main__ - INFO - [INFO] 2023-04-07 05:39:21.229376 Epoch [16/100] batch [129/391] loss 2.1465 lr 0.0945503262094184 acc 46.88% eta 1:07:19
2023-04-07 05:39:40,367 - __main__ - INFO - [INFO] 2023-04-07 05:39:40.367001 Epoch [16/100] batch [257/391] loss 2.1953 lr 0.0945503262094184 acc 46.09% eta 1:05:16
2023-04-07 05:39:59,614 - __main__ - INFO - [INFO] 2023-04-07 05:39:59.614745 Epoch [16/100] batch [385/391] loss 1.8027 lr 0.0945503262094184 acc 49.22% eta 1:04:28
2023-04-07 05:40:00,469 - __main__ - INFO - Computing epoch 16 validation accuracy...
2023-04-07 05:40:04,712 - __main__ - INFO - Computing epoch 16 validation loss...
2023-04-07 05:40:09,091 - __main__ - INFO - [INFO] 2023-04-07 05:40:09.091765 Epoch [17/100] batch [1/391] loss 1.9404 lr 0.09381533400219319 acc 33.59% eta 1:08:28
2023-04-07 05:40:28,190 - __main__ - INFO - [INFO] 2023-04-07 05:40:28.189891 Epoch [17/100] batch [129/391] loss 1.9453 lr 0.09381533400219319 acc 46.88% eta 1:02:50
2023-04-07 05:40:47,128 - __main__ - INFO - [INFO] 2023-04-07 05:40:47.128207 Epoch [17/100] batch [257/391] loss 2.1641 lr 0.09381533400219319 acc 31.25% eta 1:02:15
2023-04-07 05:41:06,410 - __main__ - INFO - [INFO] 2023-04-07 05:41:06.410143 Epoch [17/100] batch [385/391] loss 1.9951 lr 0.09381533400219319 acc 42.97% eta 1:02:37
2023-04-07 05:41:07,255 - __main__ - INFO - Computing epoch 17 validation accuracy...
2023-04-07 05:41:11,427 - __main__ - INFO - Computing epoch 17 validation loss...
2023-04-07 05:41:15,872 - __main__ - INFO - [INFO] 2023-04-07 05:41:15.872477 Epoch [18/100] batch [1/391] loss 2.0957 lr 0.0930371013501972 acc 53.12% eta 1:10:34
2023-04-07 05:41:35,094 - __main__ - INFO - [INFO] 2023-04-07 05:41:35.094331 Epoch [18/100] batch [129/391] loss 1.9326 lr 0.0930371013501972 acc 46.09% eta 1:02:22
2023-04-07 05:41:54,235 - __main__ - INFO - [INFO] 2023-04-07 05:41:54.235411 Epoch [18/100] batch [257/391] loss 2.2109 lr 0.0930371013501972 acc 44.53% eta 1:01:53
2023-04-07 05:42:13,353 - __main__ - INFO - [INFO] 2023-04-07 05:42:13.353545 Epoch [18/100] batch [385/391] loss 1.9014 lr 0.0930371013501972 acc 42.19% eta 1:01:23
2023-04-07 05:42:14,232 - __main__ - INFO - Computing epoch 18 validation accuracy...
2023-04-07 05:42:18,347 - __main__ - INFO - Computing epoch 18 validation loss...
2023-04-07 05:42:22,761 - __main__ - INFO - [INFO] 2023-04-07 05:42:22.761794 Epoch [19/100] batch [1/391] loss 1.9111 lr 0.09221639627510078 acc 46.88% eta 1:01:56
2023-04-07 05:42:41,902 - __main__ - INFO - [INFO] 2023-04-07 05:42:41.902535 Epoch [19/100] batch [129/391] loss 1.7910 lr 0.09221639627510078 acc 50.78% eta 1:01:22
2023-04-07 05:43:01,049 - __main__ - INFO - [INFO] 2023-04-07 05:43:01.049165 Epoch [19/100] batch [257/391] loss 2.0293 lr 0.09221639627510078 acc 45.31% eta 1:01:01
2023-04-07 05:43:20,459 - __main__ - INFO - [INFO] 2023-04-07 05:43:20.459764 Epoch [19/100] batch [385/391] loss 2.0293 lr 0.09221639627510078 acc 45.31% eta 1:01:59
2023-04-07 05:43:21,352 - __main__ - INFO - Computing epoch 19 validation accuracy...
2023-04-07 05:43:25,527 - __main__ - INFO - Computing epoch 19 validation loss...
2023-04-07 05:43:29,951 - __main__ - INFO - [INFO] 2023-04-07 05:43:29.951210 Epoch [20/100] batch [1/391] loss 1.6924 lr 0.09135402871372812 acc 58.59% eta 1:12:54
2023-04-07 05:43:49,423 - __main__ - INFO - [INFO] 2023-04-07 05:43:49.423387 Epoch [20/100] batch [129/391] loss 1.9277 lr 0.09135402871372812 acc 43.75% eta 1:04:25
2023-04-07 05:44:08,896 - __main__ - INFO - [INFO] 2023-04-07 05:44:08.896668 Epoch [20/100] batch [257/391] loss 1.9434 lr 0.09135402871372812 acc 48.44% eta 1:04:15
2023-04-07 05:44:28,165 - __main__ - INFO - [INFO] 2023-04-07 05:44:28.164891 Epoch [20/100] batch [385/391] loss 1.7617 lr 0.09135402871372812 acc 51.56% eta 1:02:58
2023-04-07 05:44:29,052 - __main__ - INFO - Computing epoch 20 validation accuracy...
2023-04-07 05:44:33,368 - __main__ - INFO - Computing epoch 20 validation loss...
2023-04-07 05:44:37,804 - __main__ - INFO - [INFO] 2023-04-07 05:44:37.804054 Epoch [21/100] batch [1/391] loss 1.9346 lr 0.09045084971874741 acc 40.62% eta 1:09:02
2023-04-07 05:44:57,192 - __main__ - INFO - [INFO] 2023-04-07 05:44:57.192624 Epoch [21/100] batch [129/391] loss 1.9238 lr 0.09045084971874741 acc 49.22% eta 1:02:43
2023-04-07 05:45:16,792 - __main__ - INFO - [INFO] 2023-04-07 05:45:16.792524 Epoch [21/100] batch [257/391] loss 1.6484 lr 0.09045084971874741 acc 52.34% eta 1:03:17
2023-04-07 05:45:36,215 - __main__ - INFO - [INFO] 2023-04-07 05:45:36.215344 Epoch [21/100] batch [385/391] loss 1.6338 lr 0.09045084971874741 acc 44.53% eta 1:03:20
2023-04-07 05:45:37,128 - __main__ - INFO - Computing epoch 21 validation accuracy...
2023-04-07 05:45:41,291 - __main__ - INFO - Computing epoch 21 validation loss...
2023-04-07 05:45:45,728 - __main__ - INFO - [INFO] 2023-04-07 05:45:45.727921 Epoch [22/100] batch [1/391] loss 1.7666 lr 0.08950775061878455 acc 37.50% eta 1:05:36
2023-04-07 05:46:05,362 - __main__ - INFO - [INFO] 2023-04-07 05:46:05.362456 Epoch [22/100] batch [129/391] loss 1.7246 lr 0.08950775061878455 acc 56.25% eta 1:03:27
2023-04-07 05:46:24,961 - __main__ - INFO - [INFO] 2023-04-07 05:46:24.961181 Epoch [22/100] batch [257/391] loss 1.9297 lr 0.08950775061878455 acc 43.75% eta 1:03:02
2023-04-07 05:46:44,280 - __main__ - INFO - [INFO] 2023-04-07 05:46:44.279741 Epoch [22/100] batch [385/391] loss 1.7578 lr 0.08950775061878455 acc 49.22% eta 1:01:43
2023-04-07 05:46:45,189 - __main__ - INFO - Computing epoch 22 validation accuracy...
2023-04-07 05:46:49,525 - __main__ - INFO - Computing epoch 22 validation loss...
2023-04-07 05:46:54,029 - __main__ - INFO - [INFO] 2023-04-07 05:46:54.029079 Epoch [23/100] batch [1/391] loss 1.4609 lr 0.0885256621387895 acc 60.16% eta 1:01:33
2023-04-07 05:47:13,286 - __main__ - INFO - [INFO] 2023-04-07 05:47:13.286094 Epoch [23/100] batch [129/391] loss 1.8213 lr 0.0885256621387895 acc 49.22% eta 0:58:58
2023-04-07 05:47:32,827 - __main__ - INFO - [INFO] 2023-04-07 05:47:32.827406 Epoch [23/100] batch [257/391] loss 1.9414 lr 0.0885256621387895 acc 41.41% eta 1:00:13
2023-04-07 05:47:52,389 - __main__ - INFO - [INFO] 2023-04-07 05:47:52.389114 Epoch [23/100] batch [385/391] loss 1.9150 lr 0.0885256621387895 acc 38.28% eta 1:00:37
2023-04-07 05:47:53,310 - __main__ - INFO - Computing epoch 23 validation accuracy...
2023-04-07 05:47:57,514 - __main__ - INFO - Computing epoch 23 validation loss...
2023-04-07 05:48:02,050 - __main__ - INFO - [INFO] 2023-04-07 05:48:02.050424 Epoch [24/100] batch [1/391] loss 1.7217 lr 0.08750555348152302 acc 45.31% eta 1:08:41
2023-04-07 05:48:21,766 - __main__ - INFO - [INFO] 2023-04-07 05:48:21.765821 Epoch [24/100] batch [129/391] loss 1.6836 lr 0.08750555348152302 acc 51.56% eta 1:02:22
2023-04-07 05:48:41,500 - __main__ - INFO - [INFO] 2023-04-07 05:48:41.500393 Epoch [24/100] batch [257/391] loss 1.7041 lr 0.08750555348152302 acc 45.31% eta 1:02:12
2023-04-07 05:49:01,324 - __main__ - INFO - [INFO] 2023-04-07 05:49:01.324742 Epoch [24/100] batch [385/391] loss 1.5732 lr 0.08750555348152302 acc 50.78% eta 1:01:59
2023-04-07 05:49:02,197 - __main__ - INFO - Computing epoch 24 validation accuracy...
2023-04-07 05:49:06,498 - __main__ - INFO - Computing epoch 24 validation loss...
2023-04-07 05:49:10,960 - __main__ - INFO - [INFO] 2023-04-07 05:49:10.960646 Epoch [25/100] batch [1/391] loss 1.6768 lr 0.08644843137107061 acc 53.91% eta 1:26:56
2023-04-07 05:49:30,663 - __main__ - INFO - [INFO] 2023-04-07 05:49:30.663040 Epoch [25/100] batch [129/391] loss 1.8848 lr 0.08644843137107061 acc 51.56% eta 1:01:38
2023-04-07 05:49:50,374 - __main__ - INFO - [INFO] 2023-04-07 05:49:50.374776 Epoch [25/100] batch [257/391] loss 1.9678 lr 0.08644843137107061 acc 52.34% eta 1:01:22
2023-04-07 05:50:10,285 - __main__ - INFO - [INFO] 2023-04-07 05:50:10.284821 Epoch [25/100] batch [385/391] loss 1.8916 lr 0.08644843137107061 acc 54.69% eta 1:01:17
2023-04-07 05:50:11,183 - __main__ - INFO - Computing epoch 25 validation accuracy...
2023-04-07 05:50:15,435 - __main__ - INFO - Computing epoch 25 validation loss...
2023-04-07 05:50:19,818 - __main__ - INFO - [INFO] 2023-04-07 05:50:19.818785 Epoch [26/100] batch [1/391] loss 1.7568 lr 0.0853553390593274 acc 48.44% eta 1:17:29
2023-04-07 05:50:39,532 - __main__ - INFO - [INFO] 2023-04-07 05:50:39.532726 Epoch [26/100] batch [129/391] loss 1.9902 lr 0.0853553390593274 acc 45.31% eta 1:01:34
2023-04-07 05:50:59,044 - __main__ - INFO - [INFO] 2023-04-07 05:50:59.044550 Epoch [26/100] batch [257/391] loss 1.6953 lr 0.0853553390593274 acc 39.84% eta 1:00:24
2023-04-07 05:51:18,786 - __main__ - INFO - [INFO] 2023-04-07 05:51:18.785851 Epoch [26/100] batch [385/391] loss 2.0488 lr 0.0853553390593274 acc 40.62% eta 1:00:04
2023-04-07 05:51:19,647 - __main__ - INFO - Computing epoch 26 validation accuracy...
2023-04-07 05:51:23,884 - __main__ - INFO - Computing epoch 26 validation loss...
2023-04-07 05:51:28,373 - __main__ - INFO - [INFO] 2023-04-07 05:51:28.373444 Epoch [27/100] batch [1/391] loss 1.6064 lr 0.08422735529643446 acc 45.31% eta 1:06:12
2023-04-07 05:51:47,935 - __main__ - INFO - [INFO] 2023-04-07 05:51:47.935062 Epoch [27/100] batch [129/391] loss 1.5049 lr 0.08422735529643446 acc 50.00% eta 0:59:51
2023-04-07 05:52:07,723 - __main__ - INFO - [INFO] 2023-04-07 05:52:07.723016 Epoch [27/100] batch [257/391] loss 1.7002 lr 0.08422735529643446 acc 50.78% eta 0:59:39
2023-04-07 05:52:27,363 - __main__ - INFO - [INFO] 2023-04-07 05:52:27.362825 Epoch [27/100] batch [385/391] loss 2.0312 lr 0.08422735529643446 acc 39.84% eta 0:59:15
2023-04-07 05:52:28,273 - __main__ - INFO - Computing epoch 27 validation accuracy...
2023-04-07 05:52:32,396 - __main__ - INFO - Computing epoch 27 validation loss...
2023-04-07 05:52:36,713 - __main__ - INFO - [INFO] 2023-04-07 05:52:36.713165 Epoch [28/100] batch [1/391] loss 1.5674 lr 0.08306559326618262 acc 59.38% eta 1:04:30
2023-04-07 05:52:56,154 - __main__ - INFO - [INFO] 2023-04-07 05:52:56.154748 Epoch [28/100] batch [129/391] loss 1.7178 lr 0.08306559326618262 acc 54.69% eta 0:58:50
2023-04-07 05:53:15,440 - __main__ - INFO - [INFO] 2023-04-07 05:53:15.440109 Epoch [28/100] batch [257/391] loss 1.8916 lr 0.08306559326618262 acc 48.44% eta 0:57:52
2023-04-07 05:53:35,232 - __main__ - INFO - [INFO] 2023-04-07 05:53:35.232539 Epoch [28/100] batch [385/391] loss 1.7725 lr 0.08306559326618262 acc 57.81% eta 0:58:05
2023-04-07 05:53:36,091 - __main__ - INFO - Computing epoch 28 validation accuracy...
2023-04-07 05:53:40,414 - __main__ - INFO - Computing epoch 28 validation loss...
2023-04-07 05:53:44,810 - __main__ - INFO - [INFO] 2023-04-07 05:53:44.809888 Epoch [29/100] batch [1/391] loss 1.6475 lr 0.08187119948743452 acc 54.69% eta 0:57:37
2023-04-07 05:54:05,265 - __main__ - INFO - [INFO] 2023-04-07 05:54:05.265152 Epoch [29/100] batch [129/391] loss 1.7998 lr 0.08187119948743452 acc 51.56% eta 1:00:54
2023-04-07 05:54:25,289 - __main__ - INFO - [INFO] 2023-04-07 05:54:25.289488 Epoch [29/100] batch [257/391] loss 1.5596 lr 0.08187119948743452 acc 53.12% eta 0:59:43
2023-04-07 05:54:45,365 - __main__ - INFO - [INFO] 2023-04-07 05:54:45.364842 Epoch [29/100] batch [385/391] loss 2.1035 lr 0.08187119948743452 acc 47.66% eta 0:59:08
2023-04-07 05:54:46,291 - __main__ - INFO - Computing epoch 29 validation accuracy...
2023-04-07 05:54:50,466 - __main__ - INFO - Computing epoch 29 validation loss...
2023-04-07 05:54:55,119 - __main__ - INFO - [INFO] 2023-04-07 05:54:55.118877 Epoch [30/100] batch [1/391] loss 1.6055 lr 0.08064535268264886 acc 53.91% eta 1:05:47
2023-04-07 05:55:14,527 - __main__ - INFO - [INFO] 2023-04-07 05:55:14.527701 Epoch [30/100] batch [129/391] loss 1.6758 lr 0.08064535268264886 acc 50.00% eta 0:57:11
2023-04-07 05:55:34,016 - __main__ - INFO - [INFO] 2023-04-07 05:55:34.015518 Epoch [30/100] batch [257/391] loss 1.6826 lr 0.08064535268264886 acc 48.44% eta 0:56:40
2023-04-07 05:55:53,618 - __main__ - INFO - [INFO] 2023-04-07 05:55:53.617994 Epoch [30/100] batch [385/391] loss 1.8301 lr 0.08064535268264886 acc 44.53% eta 0:56:07
2023-04-07 05:55:54,498 - __main__ - INFO - Computing epoch 30 validation accuracy...
2023-04-07 05:55:58,661 - __main__ - INFO - Computing epoch 30 validation loss...
2023-04-07 05:56:02,987 - __main__ - INFO - [INFO] 2023-04-07 05:56:02.987691 Epoch [31/100] batch [1/391] loss 1.6729 lr 0.0793892626146237 acc 51.56% eta 0:56:45
2023-04-07 05:56:22,319 - __main__ - INFO - [INFO] 2023-04-07 05:56:22.319394 Epoch [31/100] batch [129/391] loss 1.8750 lr 0.0793892626146237 acc 39.06% eta 0:54:02
2023-04-07 05:56:41,617 - __main__ - INFO - [INFO] 2023-04-07 05:56:41.617170 Epoch [31/100] batch [257/391] loss 1.7900 lr 0.0793892626146237 acc 52.34% eta 0:53:04
2023-04-07 05:57:00,797 - __main__ - INFO - [INFO] 2023-04-07 05:57:00.797008 Epoch [31/100] batch [385/391] loss 1.6143 lr 0.0793892626146237 acc 58.59% eta 0:52:30
2023-04-07 05:57:01,662 - __main__ - INFO - Computing epoch 31 validation accuracy...
2023-04-07 05:57:05,870 - __main__ - INFO - Computing epoch 31 validation loss...
2023-04-07 05:57:10,318 - __main__ - INFO - [INFO] 2023-04-07 05:57:10.317858 Epoch [32/100] batch [1/391] loss 1.6533 lr 0.07810416889260657 acc 57.03% eta 0:54:10
2023-04-07 05:57:29,361 - __main__ - INFO - [INFO] 2023-04-07 05:57:29.361729 Epoch [32/100] batch [129/391] loss 1.7139 lr 0.07810416889260657 acc 43.75% eta 0:51:18
2023-04-07 05:57:48,409 - __main__ - INFO - [INFO] 2023-04-07 05:57:48.409711 Epoch [32/100] batch [257/391] loss 2.1191 lr 0.07810416889260657 acc 35.16% eta 0:51:10
2023-04-07 05:58:07,517 - __main__ - INFO - [INFO] 2023-04-07 05:58:07.517135 Epoch [32/100] batch [385/391] loss 1.5400 lr 0.07810416889260657 acc 48.44% eta 0:50:55
2023-04-07 05:58:08,385 - __main__ - INFO - Computing epoch 32 validation accuracy...
2023-04-07 05:58:12,567 - __main__ - INFO - Computing epoch 32 validation loss...
2023-04-07 05:58:17,000 - __main__ - INFO - [INFO] 2023-04-07 05:58:17.000428 Epoch [33/100] batch [1/391] loss 1.6113 lr 0.07679133974894986 acc 43.75% eta 0:53:24
2023-04-07 05:58:36,164 - __main__ - INFO - [INFO] 2023-04-07 05:58:36.164461 Epoch [33/100] batch [129/391] loss 1.2812 lr 0.07679133974894986 acc 53.12% eta 0:50:28
2023-04-07 05:58:55,273 - __main__ - INFO - [INFO] 2023-04-07 05:58:55.272976 Epoch [33/100] batch [257/391] loss 2.0117 lr 0.07679133974894986 acc 44.53% eta 0:50:23
2023-04-07 05:59:14,537 - __main__ - INFO - [INFO] 2023-04-07 05:59:14.536680 Epoch [33/100] batch [385/391] loss 1.4150 lr 0.07679133974894986 acc 63.28% eta 0:50:19
2023-04-07 05:59:15,398 - __main__ - INFO - Computing epoch 33 validation accuracy...
2023-04-07 05:59:19,631 - __main__ - INFO - Computing epoch 33 validation loss...
2023-04-07 05:59:24,083 - __main__ - INFO - [INFO] 2023-04-07 05:59:24.083115 Epoch [34/100] batch [1/391] loss 1.5264 lr 0.0754520707875186 acc 53.12% eta 0:54:25
2023-04-07 05:59:43,311 - __main__ - INFO - [INFO] 2023-04-07 05:59:43.311551 Epoch [34/100] batch [129/391] loss 1.8096 lr 0.0754520707875186 acc 47.66% eta 0:50:20
2023-04-07 06:00:02,520 - __main__ - INFO - [INFO] 2023-04-07 06:00:02.519910 Epoch [34/100] batch [257/391] loss 1.8379 lr 0.0754520707875186 acc 52.34% eta 0:50:22
2023-04-07 06:00:21,655 - __main__ - INFO - [INFO] 2023-04-07 06:00:21.655659 Epoch [34/100] batch [385/391] loss 1.6689 lr 0.0754520707875186 acc 50.78% eta 0:49:57
2023-04-07 06:00:22,535 - __main__ - INFO - Computing epoch 34 validation accuracy...
2023-04-07 06:00:26,956 - __main__ - INFO - Computing epoch 34 validation loss...
2023-04-07 06:00:31,444 - __main__ - INFO - [INFO] 2023-04-07 06:00:31.443966 Epoch [35/100] batch [1/391] loss 1.3564 lr 0.0740876837050858 acc 62.50% eta 0:50:45
2023-04-07 06:00:50,959 - __main__ - INFO - [INFO] 2023-04-07 06:00:50.959193 Epoch [35/100] batch [129/391] loss 1.6377 lr 0.0740876837050858 acc 58.59% eta 0:51:03
2023-04-07 06:01:10,140 - __main__ - INFO - [INFO] 2023-04-07 06:01:10.140103 Epoch [35/100] batch [257/391] loss 1.6104 lr 0.0740876837050858 acc 48.44% eta 0:50:02
2023-04-07 06:01:29,298 - __main__ - INFO - [INFO] 2023-04-07 06:01:29.298712 Epoch [35/100] batch [385/391] loss 1.8350 lr 0.0740876837050858 acc 44.53% eta 0:49:26
2023-04-07 06:01:30,151 - __main__ - INFO - Computing epoch 35 validation accuracy...
2023-04-07 06:01:34,371 - __main__ - INFO - Computing epoch 35 validation loss...
2023-04-07 06:01:38,836 - __main__ - INFO - [INFO] 2023-04-07 06:01:38.835892 Epoch [36/100] batch [1/391] loss 1.7119 lr 0.07269952498697738 acc 46.88% eta 0:50:32
2023-04-07 06:01:58,000 - __main__ - INFO - [INFO] 2023-04-07 06:01:58.000098 Epoch [36/100] batch [129/391] loss 1.5479 lr 0.07269952498697738 acc 64.84% eta 0:48:37
2023-04-07 06:02:17,073 - __main__ - INFO - [INFO] 2023-04-07 06:02:17.073558 Epoch [36/100] batch [257/391] loss 1.7354 lr 0.07269952498697738 acc 50.78% eta 0:48:26
2023-04-07 06:02:36,024 - __main__ - INFO - [INFO] 2023-04-07 06:02:36.024094 Epoch [36/100] batch [385/391] loss 1.7148 lr 0.07269952498697738 acc 51.56% eta 0:48:04
2023-04-07 06:02:36,929 - __main__ - INFO - Computing epoch 36 validation accuracy...
2023-04-07 06:02:41,112 - __main__ - INFO - Computing epoch 36 validation loss...
2023-04-07 06:02:45,524 - __main__ - INFO - [INFO] 2023-04-07 06:02:45.523897 Epoch [37/100] batch [1/391] loss 1.5801 lr 0.07128896457825366 acc 57.81% eta 0:55:32
2023-04-07 06:03:04,753 - __main__ - INFO - [INFO] 2023-04-07 06:03:04.753095 Epoch [37/100] batch [129/391] loss 1.3945 lr 0.07128896457825366 acc 57.03% eta 0:48:12
2023-04-07 06:03:23,903 - __main__ - INFO - [INFO] 2023-04-07 06:03:23.903813 Epoch [37/100] batch [257/391] loss 1.4600 lr 0.07128896457825366 acc 54.69% eta 0:47:45
2023-04-07 06:03:43,201 - __main__ - INFO - [INFO] 2023-04-07 06:03:43.201265 Epoch [37/100] batch [385/391] loss 1.6826 lr 0.07128896457825366 acc 53.12% eta 0:47:35
2023-04-07 06:03:44,072 - __main__ - INFO - Computing epoch 37 validation accuracy...
2023-04-07 06:03:48,403 - __main__ - INFO - Computing epoch 37 validation loss...
2023-04-07 06:03:52,930 - __main__ - INFO - [INFO] 2023-04-07 06:03:52.930516 Epoch [38/100] batch [1/391] loss 1.4971 lr 0.06985739453173906 acc 57.03% eta 0:51:58
2023-04-07 06:04:12,158 - __main__ - INFO - [INFO] 2023-04-07 06:04:12.158229 Epoch [38/100] batch [129/391] loss 1.6318 lr 0.06985739453173906 acc 52.34% eta 0:47:22
2023-04-07 06:04:31,282 - __main__ - INFO - [INFO] 2023-04-07 06:04:31.282457 Epoch [38/100] batch [257/391] loss 1.6475 lr 0.06985739453173906 acc 52.34% eta 0:47:03
2023-04-07 06:04:50,340 - __main__ - INFO - [INFO] 2023-04-07 06:04:50.340151 Epoch [38/100] batch [385/391] loss 1.6367 lr 0.06985739453173906 acc 48.44% eta 0:46:51
2023-04-07 06:04:51,202 - __main__ - INFO - Computing epoch 38 validation accuracy...
2023-04-07 06:04:55,533 - __main__ - INFO - Computing epoch 38 validation loss...
2023-04-07 06:05:00,008 - __main__ - INFO - [INFO] 2023-04-07 06:05:00.008658 Epoch [39/100] batch [1/391] loss 1.5674 lr 0.06840622763423394 acc 53.12% eta 0:50:23
2023-04-07 06:05:19,325 - __main__ - INFO - [INFO] 2023-04-07 06:05:19.325089 Epoch [39/100] batch [129/391] loss 1.3672 lr 0.06840622763423394 acc 58.59% eta 0:46:50
2023-04-07 06:05:38,435 - __main__ - INFO - [INFO] 2023-04-07 06:05:38.434843 Epoch [39/100] batch [257/391] loss 1.6035 lr 0.06840622763423394 acc 52.34% eta 0:46:22
2023-04-07 06:05:57,668 - __main__ - INFO - [INFO] 2023-04-07 06:05:57.668051 Epoch [39/100] batch [385/391] loss 1.6328 lr 0.06840622763423394 acc 53.91% eta 0:46:04
2023-04-07 06:05:58,539 - __main__ - INFO - Computing epoch 39 validation accuracy...
2023-04-07 06:06:02,731 - __main__ - INFO - Computing epoch 39 validation loss...
2023-04-07 06:06:07,229 - __main__ - INFO - [INFO] 2023-04-07 06:06:07.229794 Epoch [40/100] batch [1/391] loss 1.5596 lr 0.06693689601226462 acc 52.34% eta 0:47:36
2023-04-07 06:06:26,497 - __main__ - INFO - [INFO] 2023-04-07 06:06:26.497132 Epoch [40/100] batch [129/391] loss 1.5635 lr 0.06693689601226462 acc 55.47% eta 0:45:59
2023-04-07 06:06:45,642 - __main__ - INFO - [INFO] 2023-04-07 06:06:45.642222 Epoch [40/100] batch [257/391] loss 1.4365 lr 0.06693689601226462 acc 60.94% eta 0:45:26
2023-04-07 06:07:05,042 - __main__ - INFO - [INFO] 2023-04-07 06:07:05.042656 Epoch [40/100] batch [385/391] loss 1.6084 lr 0.06693689601226462 acc 55.47% eta 0:45:28
2023-04-07 06:07:05,893 - __main__ - INFO - Computing epoch 40 validation accuracy...
2023-04-07 06:07:10,075 - __main__ - INFO - Computing epoch 40 validation loss...
2023-04-07 06:07:14,547 - __main__ - INFO - [INFO] 2023-04-07 06:07:14.547319 Epoch [41/100] batch [1/391] loss 1.6094 lr 0.06545084971874741 acc 54.69% eta 0:49:49
2023-04-07 06:07:33,677 - __main__ - INFO - [INFO] 2023-04-07 06:07:33.677223 Epoch [41/100] batch [129/391] loss 1.5449 lr 0.06545084971874741 acc 56.25% eta 0:44:59
2023-04-07 06:07:53,231 - __main__ - INFO - [INFO] 2023-04-07 06:07:53.230919 Epoch [41/100] batch [257/391] loss 1.5605 lr 0.06545084971874741 acc 54.69% eta 0:45:30
2023-04-07 06:08:12,680 - __main__ - INFO - [INFO] 2023-04-07 06:08:12.680652 Epoch [41/100] batch [385/391] loss 1.3154 lr 0.06545084971874741 acc 58.59% eta 0:45:25
2023-04-07 06:08:13,544 - __main__ - INFO - Computing epoch 41 validation accuracy...
2023-04-07 06:08:17,802 - __main__ - INFO - Computing epoch 41 validation loss...
2023-04-07 06:08:22,235 - __main__ - INFO - [INFO] 2023-04-07 06:08:22.235401 Epoch [42/100] batch [1/391] loss 1.4688 lr 0.06394955530196152 acc 60.94% eta 0:46:14
2023-04-07 06:08:41,368 - __main__ - INFO - [INFO] 2023-04-07 06:08:41.368124 Epoch [42/100] batch [129/391] loss 1.6211 lr 0.06394955530196152 acc 58.59% eta 0:43:54
2023-04-07 06:09:00,495 - __main__ - INFO - [INFO] 2023-04-07 06:09:00.495036 Epoch [42/100] batch [257/391] loss 1.5254 lr 0.06394955530196152 acc 55.47% eta 0:43:40
2023-04-07 06:09:19,459 - __main__ - INFO - [INFO] 2023-04-07 06:09:19.459803 Epoch [42/100] batch [385/391] loss 1.8594 lr 0.06394955530196152 acc 51.56% eta 0:43:13
2023-04-07 06:09:20,308 - __main__ - INFO - Computing epoch 42 validation accuracy...
2023-04-07 06:09:24,566 - __main__ - INFO - Computing epoch 42 validation loss...
2023-04-07 06:09:28,981 - __main__ - INFO - [INFO] 2023-04-07 06:09:28.981478 Epoch [43/100] batch [1/391] loss 1.6836 lr 0.062434494358242776 acc 44.53% eta 0:48:40
2023-04-07 06:09:48,236 - __main__ - INFO - [INFO] 2023-04-07 06:09:48.236440 Epoch [43/100] batch [129/391] loss 1.4717 lr 0.062434494358242776 acc 56.25% eta 0:44:01
2023-04-07 06:10:07,443 - __main__ - INFO - [INFO] 2023-04-07 06:10:07.442947 Epoch [43/100] batch [257/391] loss 1.7842 lr 0.062434494358242776 acc 50.00% eta 0:43:36
2023-04-07 06:10:26,525 - __main__ - INFO - [INFO] 2023-04-07 06:10:26.525384 Epoch [43/100] batch [385/391] loss 1.7695 lr 0.062434494358242776 acc 50.00% eta 0:43:08
2023-04-07 06:10:27,407 - __main__ - INFO - Computing epoch 43 validation accuracy...
2023-04-07 06:10:31,726 - __main__ - INFO - Computing epoch 43 validation loss...
2023-04-07 06:10:36,104 - __main__ - INFO - [INFO] 2023-04-07 06:10:36.104275 Epoch [44/100] batch [1/391] loss 1.4521 lr 0.06090716206982718 acc 52.34% eta 0:43:54
2023-04-07 06:10:55,266 - __main__ - INFO - [INFO] 2023-04-07 06:10:55.265836 Epoch [44/100] batch [129/391] loss 1.4141 lr 0.06090716206982718 acc 64.06% eta 0:42:38
2023-04-07 06:11:14,690 - __main__ - INFO - [INFO] 2023-04-07 06:11:14.690545 Epoch [44/100] batch [257/391] loss 1.5215 lr 0.06090716206982718 acc 55.47% eta 0:42:53
2023-04-07 06:11:34,238 - __main__ - INFO - [INFO] 2023-04-07 06:11:34.237891 Epoch [44/100] batch [385/391] loss 1.8018 lr 0.06090716206982718 acc 46.88% eta 0:43:14
2023-04-07 06:11:35,128 - __main__ - INFO - Computing epoch 44 validation accuracy...
2023-04-07 06:11:39,333 - __main__ - INFO - Computing epoch 44 validation loss...
2023-04-07 06:11:43,797 - __main__ - INFO - [INFO] 2023-04-07 06:11:43.797585 Epoch [45/100] batch [1/391] loss 1.6641 lr 0.05936906572928628 acc 50.00% eta 0:45:23
2023-04-07 06:12:03,349 - __main__ - INFO - [INFO] 2023-04-07 06:12:03.349263 Epoch [45/100] batch [129/391] loss 1.4785 lr 0.05936906572928628 acc 53.12% eta 0:45:00
2023-04-07 06:12:22,878 - __main__ - INFO - [INFO] 2023-04-07 06:12:22.878022 Epoch [45/100] batch [257/391] loss 1.7002 lr 0.05936906572928628 acc 42.97% eta 0:44:46
2023-04-07 06:12:42,164 - __main__ - INFO - [INFO] 2023-04-07 06:12:42.164604 Epoch [45/100] batch [385/391] loss 1.5010 lr 0.05936906572928628 acc 57.81% eta 0:44:07
2023-04-07 06:12:43,036 - __main__ - INFO - Computing epoch 45 validation accuracy...
2023-04-07 06:12:47,333 - __main__ - INFO - Computing epoch 45 validation loss...
2023-04-07 06:12:51,742 - __main__ - INFO - [INFO] 2023-04-07 06:12:51.742185 Epoch [46/100] batch [1/391] loss 1.5176 lr 0.05782172325201159 acc 51.56% eta 0:47:55
2023-04-07 06:13:11,639 - __main__ - INFO - [INFO] 2023-04-07 06:13:11.639217 Epoch [46/100] batch [129/391] loss 1.6709 lr 0.05782172325201159 acc 53.12% eta 0:44:46
2023-04-07 06:13:31,248 - __main__ - INFO - [INFO] 2023-04-07 06:13:31.248688 Epoch [46/100] batch [257/391] loss 1.4600 lr 0.05782172325201159 acc 59.38% eta 0:43:56
2023-04-07 06:13:50,871 - __main__ - INFO - [INFO] 2023-04-07 06:13:50.871230 Epoch [46/100] batch [385/391] loss 1.5840 lr 0.05782172325201159 acc 53.12% eta 0:43:29
2023-04-07 06:13:51,779 - __main__ - INFO - Computing epoch 46 validation accuracy...
2023-04-07 06:13:55,953 - __main__ - INFO - Computing epoch 46 validation loss...
2023-04-07 06:14:00,393 - __main__ - INFO - [INFO] 2023-04-07 06:14:00.392981 Epoch [47/100] batch [1/391] loss 1.4414 lr 0.056266661678215264 acc 58.59% eta 0:44:48
2023-04-07 06:14:19,791 - __main__ - INFO - [INFO] 2023-04-07 06:14:19.791575 Epoch [47/100] batch [129/391] loss 1.4395 lr 0.056266661678215264 acc 57.03% eta 0:42:20
2023-04-07 06:14:39,213 - __main__ - INFO - [INFO] 2023-04-07 06:14:39.213423 Epoch [47/100] batch [257/391] loss 1.3467 lr 0.056266661678215264 acc 61.72% eta 0:42:30
2023-04-07 06:14:58,788 - __main__ - INFO - [INFO] 2023-04-07 06:14:58.788112 Epoch [47/100] batch [385/391] loss 1.4678 lr 0.056266661678215264 acc 56.25% eta 0:42:26
2023-04-07 06:14:59,695 - __main__ - INFO - Computing epoch 47 validation accuracy...
2023-04-07 06:15:03,885 - __main__ - INFO - Computing epoch 47 validation loss...
2023-04-07 06:15:08,340 - __main__ - INFO - [INFO] 2023-04-07 06:15:08.340006 Epoch [48/100] batch [1/391] loss 1.2842 lr 0.05470541566592575 acc 64.84% eta 0:49:23
2023-04-07 06:15:28,113 - __main__ - INFO - [INFO] 2023-04-07 06:15:28.113312 Epoch [48/100] batch [129/391] loss 1.4941 lr 0.05470541566592575 acc 57.03% eta 0:43:15
2023-04-07 06:15:47,646 - __main__ - INFO - [INFO] 2023-04-07 06:15:47.646603 Epoch [48/100] batch [257/391] loss 1.5215 lr 0.05470541566592575 acc 61.72% eta 0:42:42
2023-04-07 06:16:07,347 - __main__ - INFO - [INFO] 2023-04-07 06:16:07.347028 Epoch [48/100] batch [385/391] loss 1.5156 lr 0.05470541566592575 acc 52.34% eta 0:42:26
2023-04-07 06:16:08,255 - __main__ - INFO - Computing epoch 48 validation accuracy...
2023-04-07 06:16:12,523 - __main__ - INFO - Computing epoch 48 validation loss...
2023-04-07 06:16:16,987 - __main__ - INFO - [INFO] 2023-04-07 06:16:16.987618 Epoch [49/100] batch [1/391] loss 1.4668 lr 0.053139525976465714 acc 56.25% eta 0:47:19
2023-04-07 06:16:36,527 - __main__ - INFO - [INFO] 2023-04-07 06:16:36.527803 Epoch [49/100] batch [129/391] loss 1.4619 lr 0.053139525976465714 acc 56.25% eta 0:41:40
2023-04-07 06:16:55,794 - __main__ - INFO - [INFO] 2023-04-07 06:16:55.794083 Epoch [49/100] batch [257/391] loss 1.4795 lr 0.053139525976465714 acc 62.50% eta 0:40:46
2023-04-07 06:17:15,059 - __main__ - INFO - [INFO] 2023-04-07 06:17:15.059195 Epoch [49/100] batch [385/391] loss 1.5146 lr 0.053139525976465714 acc 56.25% eta 0:40:15
2023-04-07 06:17:15,926 - __main__ - INFO - Computing epoch 49 validation accuracy...
2023-04-07 06:17:20,191 - __main__ - INFO - Computing epoch 49 validation loss...
2023-04-07 06:17:24,573 - __main__ - INFO - [INFO] 2023-04-07 06:17:24.573177 Epoch [50/100] batch [1/391] loss 1.7998 lr 0.05157053795390645 acc 52.34% eta 0:41:16
2023-04-07 06:17:43,897 - __main__ - INFO - [INFO] 2023-04-07 06:17:43.897740 Epoch [50/100] batch [129/391] loss 1.3848 lr 0.05157053795390645 acc 60.94% eta 0:39:02
2023-04-07 06:18:03,370 - __main__ - INFO - [INFO] 2023-04-07 06:18:03.370021 Epoch [50/100] batch [257/391] loss 1.5410 lr 0.05157053795390645 acc 67.19% eta 0:39:25
2023-04-07 06:18:23,041 - __main__ - INFO - [INFO] 2023-04-07 06:18:23.040889 Epoch [50/100] batch [385/391] loss 1.5547 lr 0.05157053795390645 acc 57.03% eta 0:39:32
2023-04-07 06:18:23,891 - __main__ - INFO - Computing epoch 50 validation accuracy...
2023-04-07 06:18:28,172 - __main__ - INFO - Computing epoch 50 validation loss...
2023-04-07 06:18:32,453 - __main__ - INFO - [INFO] 2023-04-07 06:18:32.453488 Epoch [51/100] batch [1/391] loss 1.3838 lr 0.05000000000000004 acc 58.59% eta 0:44:00
2023-04-07 06:18:52,124 - __main__ - INFO - [INFO] 2023-04-07 06:18:52.123925 Epoch [51/100] batch [129/391] loss 1.2715 lr 0.05000000000000004 acc 64.84% eta 0:40:16
2023-04-07 06:19:11,906 - __main__ - INFO - [INFO] 2023-04-07 06:19:11.906228 Epoch [51/100] batch [257/391] loss 1.4580 lr 0.05000000000000004 acc 55.47% eta 0:40:20
2023-04-07 06:19:31,472 - __main__ - INFO - [INFO] 2023-04-07 06:19:31.472525 Epoch [51/100] batch [385/391] loss 1.5244 lr 0.05000000000000004 acc 50.00% eta 0:39:51
2023-04-07 06:19:32,371 - __main__ - INFO - Computing epoch 51 validation accuracy...
2023-04-07 06:19:36,556 - __main__ - INFO - Computing epoch 51 validation loss...
2023-04-07 06:19:40,867 - __main__ - INFO - [INFO] 2023-04-07 06:19:40.867779 Epoch [52/100] batch [1/391] loss 1.5020 lr 0.04842946204609362 acc 54.69% eta 0:39:28
2023-04-07 06:20:00,493 - __main__ - INFO - [INFO] 2023-04-07 06:20:00.493306 Epoch [52/100] batch [129/391] loss 1.2441 lr 0.04842946204609362 acc 67.19% eta 0:38:26
2023-04-07 06:20:19,538 - __main__ - INFO - [INFO] 2023-04-07 06:20:19.538097 Epoch [52/100] batch [257/391] loss 1.1260 lr 0.04842946204609362 acc 62.50% eta 0:37:19
2023-04-07 06:20:38,742 - __main__ - INFO - [INFO] 2023-04-07 06:20:38.742049 Epoch [52/100] batch [385/391] loss 1.1631 lr 0.04842946204609362 acc 70.31% eta 0:36:45
2023-04-07 06:20:39,633 - __main__ - INFO - Computing epoch 52 validation accuracy...
2023-04-07 06:20:43,887 - __main__ - INFO - Computing epoch 52 validation loss...
2023-04-07 06:20:48,243 - __main__ - INFO - [INFO] 2023-04-07 06:20:48.243189 Epoch [53/100] batch [1/391] loss 1.2529 lr 0.04686047402353437 acc 59.38% eta 0:42:19
2023-04-07 06:21:07,436 - __main__ - INFO - [INFO] 2023-04-07 06:21:07.436433 Epoch [53/100] batch [129/391] loss 1.2178 lr 0.04686047402353437 acc 60.94% eta 0:35:53
2023-04-07 06:21:26,494 - __main__ - INFO - [INFO] 2023-04-07 06:21:26.493894 Epoch [53/100] batch [257/391] loss 1.2324 lr 0.04686047402353437 acc 64.84% eta 0:35:28
2023-04-07 06:21:45,247 - __main__ - INFO - [INFO] 2023-04-07 06:21:45.247117 Epoch [53/100] batch [385/391] loss 1.6982 lr 0.04686047402353437 acc 53.91% eta 0:35:02
2023-04-07 06:21:46,115 - __main__ - INFO - Computing epoch 53 validation accuracy...
2023-04-07 06:21:50,332 - __main__ - INFO - Computing epoch 53 validation loss...
2023-04-07 06:21:55,010 - __main__ - INFO - [INFO] 2023-04-07 06:21:55.010161 Epoch [54/100] batch [1/391] loss 1.3105 lr 0.045294584334074316 acc 59.38% eta 0:42:02
2023-04-07 06:22:14,169 - __main__ - INFO - [INFO] 2023-04-07 06:22:14.168943 Epoch [54/100] batch [129/391] loss 1.5293 lr 0.045294584334074316 acc 54.69% eta 0:34:52
2023-04-07 06:22:33,526 - __main__ - INFO - [INFO] 2023-04-07 06:22:33.526815 Epoch [54/100] batch [257/391] loss 1.5908 lr 0.045294584334074316 acc 56.25% eta 0:35:06
2023-04-07 06:22:52,914 - __main__ - INFO - [INFO] 2023-04-07 06:22:52.914711 Epoch [54/100] batch [385/391] loss 1.1572 lr 0.045294584334074316 acc 74.22% eta 0:34:57
2023-04-07 06:22:53,768 - __main__ - INFO - Computing epoch 54 validation accuracy...
2023-04-07 06:22:57,965 - __main__ - INFO - Computing epoch 54 validation loss...
2023-04-07 06:23:02,626 - __main__ - INFO - [INFO] 2023-04-07 06:23:02.626442 Epoch [55/100] batch [1/391] loss 1.1543 lr 0.043733338321784825 acc 62.50% eta 0:37:21
2023-04-07 06:23:21,862 - __main__ - INFO - [INFO] 2023-04-07 06:23:21.862144 Epoch [55/100] batch [129/391] loss 1.4287 lr 0.043733338321784825 acc 57.81% eta 0:34:40
2023-04-07 06:23:39,546 - __main__ - INFO - [INFO] 2023-04-07 06:23:39.546334 Epoch [55/100] batch [257/391] loss 1.2686 lr 0.043733338321784825 acc 64.06% eta 0:34:06
2023-04-07 06:23:56,315 - __main__ - INFO - [INFO] 2023-04-07 06:23:56.315346 Epoch [55/100] batch [385/391] loss 1.4844 lr 0.043733338321784825 acc 60.16% eta 0:33:48
2023-04-07 06:23:57,126 - __main__ - INFO - Computing epoch 55 validation accuracy...
2023-04-07 06:24:00,898 - __main__ - INFO - Computing epoch 55 validation loss...
2023-04-07 06:24:04,911 - __main__ - INFO - [INFO] 2023-04-07 06:24:04.911694 Epoch [56/100] batch [1/391] loss 1.2051 lr 0.042178276747988484 acc 67.19% eta 0:36:47
2023-04-07 06:24:21,622 - __main__ - INFO - [INFO] 2023-04-07 06:24:21.622116 Epoch [56/100] batch [129/391] loss 1.4971 lr 0.042178276747988484 acc 57.03% eta 0:33:24
2023-04-07 06:24:39,560 - __main__ - INFO - [INFO] 2023-04-07 06:24:39.560537 Epoch [56/100] batch [257/391] loss 1.3994 lr 0.042178276747988484 acc 67.19% eta 0:33:06
2023-04-07 06:24:58,652 - __main__ - INFO - [INFO] 2023-04-07 06:24:58.652515 Epoch [56/100] batch [385/391] loss 1.3848 lr 0.042178276747988484 acc 58.59% eta 0:32:58
2023-04-07 06:24:59,506 - __main__ - INFO - Computing epoch 56 validation accuracy...
2023-04-07 06:25:03,626 - __main__ - INFO - Computing epoch 56 validation loss...
2023-04-07 06:25:08,018 - __main__ - INFO - [INFO] 2023-04-07 06:25:08.018478 Epoch [57/100] batch [1/391] loss 1.2939 lr 0.0406309342707138 acc 67.19% eta 0:37:27
2023-04-07 06:25:27,008 - __main__ - INFO - [INFO] 2023-04-07 06:25:27.008096 Epoch [57/100] batch [129/391] loss 1.4375 lr 0.0406309342707138 acc 59.38% eta 0:32:43
2023-04-07 06:25:46,165 - __main__ - INFO - [INFO] 2023-04-07 06:25:46.165567 Epoch [57/100] batch [257/391] loss 1.2412 lr 0.0406309342707138 acc 65.62% eta 0:32:34
2023-04-07 06:26:05,016 - __main__ - INFO - [INFO] 2023-04-07 06:26:05.016325 Epoch [57/100] batch [385/391] loss 1.3184 lr 0.0406309342707138 acc 60.16% eta 0:32:16
2023-04-07 06:26:05,862 - __main__ - INFO - Computing epoch 57 validation accuracy...
2023-04-07 06:26:10,086 - __main__ - INFO - Computing epoch 57 validation loss...
2023-04-07 06:26:14,489 - __main__ - INFO - [INFO] 2023-04-07 06:26:14.489185 Epoch [58/100] batch [1/391] loss 1.1572 lr 0.039092837930172916 acc 69.53% eta 0:35:21
2023-04-07 06:26:33,658 - __main__ - INFO - [INFO] 2023-04-07 06:26:33.658776 Epoch [58/100] batch [129/391] loss 1.0850 lr 0.039092837930172916 acc 67.19% eta 0:32:04
2023-04-07 06:26:52,717 - __main__ - INFO - [INFO] 2023-04-07 06:26:52.717213 Epoch [58/100] batch [257/391] loss 1.4355 lr 0.039092837930172916 acc 59.38% eta 0:31:47
2023-04-07 06:27:11,809 - __main__ - INFO - [INFO] 2023-04-07 06:27:11.809571 Epoch [58/100] batch [385/391] loss 1.3359 lr 0.039092837930172916 acc 65.62% eta 0:31:29
2023-04-07 06:27:12,661 - __main__ - INFO - Computing epoch 58 validation accuracy...
2023-04-07 06:27:16,826 - __main__ - INFO - Computing epoch 58 validation loss...
2023-04-07 06:27:21,235 - __main__ - INFO - [INFO] 2023-04-07 06:27:21.235253 Epoch [59/100] batch [1/391] loss 1.2207 lr 0.037565505641757285 acc 57.03% eta 0:34:11
2023-04-07 06:27:40,590 - __main__ - INFO - [INFO] 2023-04-07 06:27:40.590408 Epoch [59/100] batch [129/391] loss 1.4307 lr 0.037565505641757285 acc 56.25% eta 0:31:47
2023-04-07 06:27:59,967 - __main__ - INFO - [INFO] 2023-04-07 06:27:59.967105 Epoch [59/100] batch [257/391] loss 1.2861 lr 0.037565505641757285 acc 64.84% eta 0:31:40
2023-04-07 06:28:18,933 - __main__ - INFO - [INFO] 2023-04-07 06:28:18.933453 Epoch [59/100] batch [385/391] loss 1.4688 lr 0.037565505641757285 acc 57.03% eta 0:31:12
2023-04-07 06:28:19,799 - __main__ - INFO - Computing epoch 59 validation accuracy...
2023-04-07 06:28:23,968 - __main__ - INFO - Computing epoch 59 validation loss...
2023-04-07 06:28:28,360 - __main__ - INFO - [INFO] 2023-04-07 06:28:28.360354 Epoch [60/100] batch [1/391] loss 1.0879 lr 0.03605044469803857 acc 67.19% eta 0:33:28
2023-04-07 06:28:47,456 - __main__ - INFO - [INFO] 2023-04-07 06:28:47.456307 Epoch [60/100] batch [129/391] loss 1.0938 lr 0.03605044469803857 acc 67.97% eta 0:30:21
2023-04-07 06:29:06,644 - __main__ - INFO - [INFO] 2023-04-07 06:29:06.644735 Epoch [60/100] batch [257/391] loss 1.4531 lr 0.03605044469803857 acc 57.81% eta 0:30:19
2023-04-07 06:29:25,684 - __main__ - INFO - [INFO] 2023-04-07 06:29:25.684600 Epoch [60/100] batch [385/391] loss 1.6387 lr 0.03605044469803857 acc 57.81% eta 0:29:58
2023-04-07 06:29:26,523 - __main__ - INFO - Computing epoch 60 validation accuracy...
2023-04-07 06:29:30,712 - __main__ - INFO - Computing epoch 60 validation loss...
2023-04-07 06:29:35,106 - __main__ - INFO - [INFO] 2023-04-07 06:29:35.106236 Epoch [61/100] batch [1/391] loss 1.1172 lr 0.034549150281252675 acc 62.50% eta 0:32:15
2023-04-07 06:29:54,486 - __main__ - INFO - [INFO] 2023-04-07 06:29:54.486378 Epoch [61/100] batch [129/391] loss 1.5088 lr 0.034549150281252675 acc 50.78% eta 0:30:26
2023-04-07 06:30:13,522 - __main__ - INFO - [INFO] 2023-04-07 06:30:13.521859 Epoch [61/100] batch [257/391] loss 1.5020 lr 0.034549150281252675 acc 59.38% eta 0:29:48
2023-04-07 06:30:32,776 - __main__ - INFO - [INFO] 2023-04-07 06:30:32.775862 Epoch [61/100] batch [385/391] loss 1.2793 lr 0.034549150281252675 acc 61.72% eta 0:29:37
2023-04-07 06:30:33,662 - __main__ - INFO - Computing epoch 61 validation accuracy...
2023-04-07 06:30:37,822 - __main__ - INFO - Computing epoch 61 validation loss...
2023-04-07 06:30:42,328 - __main__ - INFO - [INFO] 2023-04-07 06:30:42.328210 Epoch [62/100] batch [1/391] loss 1.1963 lr 0.03306310398773546 acc 68.75% eta 0:29:39
2023-04-07 06:31:01,421 - __main__ - INFO - [INFO] 2023-04-07 06:31:01.420925 Epoch [62/100] batch [129/391] loss 1.0430 lr 0.03306310398773546 acc 75.00% eta 0:29:08
2023-04-07 06:31:20,534 - __main__ - INFO - [INFO] 2023-04-07 06:31:20.533983 Epoch [62/100] batch [257/391] loss 1.3477 lr 0.03306310398773546 acc 60.16% eta 0:28:49
2023-04-07 06:31:39,659 - __main__ - INFO - [INFO] 2023-04-07 06:31:39.659409 Epoch [62/100] batch [385/391] loss 1.5303 lr 0.03306310398773546 acc 61.72% eta 0:28:38
2023-04-07 06:31:40,515 - __main__ - INFO - Computing epoch 62 validation accuracy...
2023-04-07 06:31:44,734 - __main__ - INFO - Computing epoch 62 validation loss...
2023-04-07 06:31:49,070 - __main__ - INFO - [INFO] 2023-04-07 06:31:49.070509 Epoch [63/100] batch [1/391] loss 1.1006 lr 0.031593772365766146 acc 67.97% eta 0:31:07
2023-04-07 06:32:08,175 - __main__ - INFO - [INFO] 2023-04-07 06:32:08.174870 Epoch [63/100] batch [129/391] loss 1.1855 lr 0.031593772365766146 acc 64.84% eta 0:28:07
2023-04-07 06:32:27,183 - __main__ - INFO - [INFO] 2023-04-07 06:32:27.183803 Epoch [63/100] batch [257/391] loss 1.3340 lr 0.031593772365766146 acc 61.72% eta 0:27:50
2023-04-07 06:32:46,638 - __main__ - INFO - [INFO] 2023-04-07 06:32:46.637930 Epoch [63/100] batch [385/391] loss 1.0957 lr 0.031593772365766146 acc 67.19% eta 0:27:58
2023-04-07 06:32:47,475 - __main__ - INFO - Computing epoch 63 validation accuracy...
2023-04-07 06:32:51,762 - __main__ - INFO - Computing epoch 63 validation loss...
2023-04-07 06:32:56,192 - __main__ - INFO - [INFO] 2023-04-07 06:32:56.192247 Epoch [64/100] batch [1/391] loss 1.3281 lr 0.030142605468260992 acc 60.94% eta 0:29:58
2023-04-07 06:33:15,113 - __main__ - INFO - [INFO] 2023-04-07 06:33:15.113786 Epoch [64/100] batch [129/391] loss 1.1172 lr 0.030142605468260992 acc 68.75% eta 0:27:40
2023-04-07 06:33:34,335 - __main__ - INFO - [INFO] 2023-04-07 06:33:34.335361 Epoch [64/100] batch [257/391] loss 1.4961 lr 0.030142605468260992 acc 64.84% eta 0:27:28
2023-04-07 06:33:53,601 - __main__ - INFO - [INFO] 2023-04-07 06:33:53.601482 Epoch [64/100] batch [385/391] loss 1.2500 lr 0.030142605468260992 acc 67.19% eta 0:27:15
2023-04-07 06:33:54,449 - __main__ - INFO - Computing epoch 64 validation accuracy...
2023-04-07 06:33:58,620 - __main__ - INFO - Computing epoch 64 validation loss...
2023-04-07 06:34:03,007 - __main__ - INFO - [INFO] 2023-04-07 06:34:03.007631 Epoch [65/100] batch [1/391] loss 1.0195 lr 0.028711035421746394 acc 67.97% eta 0:29:22
2023-04-07 06:34:22,026 - __main__ - INFO - [INFO] 2023-04-07 06:34:22.026126 Epoch [65/100] batch [129/391] loss 1.0332 lr 0.028711035421746394 acc 75.78% eta 0:26:34
2023-04-07 06:34:41,204 - __main__ - INFO - [INFO] 2023-04-07 06:34:41.204556 Epoch [65/100] batch [257/391] loss 1.0479 lr 0.028711035421746394 acc 71.88% eta 0:26:28
2023-04-07 06:35:00,437 - __main__ - INFO - [INFO] 2023-04-07 06:35:00.437131 Epoch [65/100] batch [385/391] loss 1.2051 lr 0.028711035421746394 acc 68.75% eta 0:26:20
2023-04-07 06:35:01,285 - __main__ - INFO - Computing epoch 65 validation accuracy...
2023-04-07 06:35:05,464 - __main__ - INFO - Computing epoch 65 validation loss...
2023-04-07 06:35:09,914 - __main__ - INFO - [INFO] 2023-04-07 06:35:09.914498 Epoch [66/100] batch [1/391] loss 1.3242 lr 0.027300475013022688 acc 58.59% eta 0:40:19
2023-04-07 06:35:29,272 - __main__ - INFO - [INFO] 2023-04-07 06:35:29.272123 Epoch [66/100] batch [129/391] loss 0.8252 lr 0.027300475013022688 acc 78.91% eta 0:27:18
2023-04-07 06:35:48,601 - __main__ - INFO - [INFO] 2023-04-07 06:35:48.601401 Epoch [66/100] batch [257/391] loss 1.1689 lr 0.027300475013022688 acc 63.28% eta 0:26:57
2023-04-07 06:36:07,981 - __main__ - INFO - [INFO] 2023-04-07 06:36:07.981050 Epoch [66/100] batch [385/391] loss 1.1963 lr 0.027300475013022688 acc 69.53% eta 0:26:40
2023-04-07 06:36:08,883 - __main__ - INFO - Computing epoch 66 validation accuracy...
2023-04-07 06:36:13,100 - __main__ - INFO - Computing epoch 66 validation loss...
2023-04-07 06:36:17,586 - __main__ - INFO - [INFO] 2023-04-07 06:36:17.585979 Epoch [67/100] batch [1/391] loss 0.9609 lr 0.025912316294914254 acc 77.34% eta 0:37:53
2023-04-07 06:36:36,892 - __main__ - INFO - [INFO] 2023-04-07 06:36:36.892340 Epoch [67/100] batch [129/391] loss 1.1787 lr 0.025912316294914254 acc 71.88% eta 0:26:09
2023-04-07 06:36:56,223 - __main__ - INFO - [INFO] 2023-04-07 06:36:56.223265 Epoch [67/100] batch [257/391] loss 1.2539 lr 0.025912316294914254 acc 65.62% eta 0:25:48
2023-04-07 06:37:15,633 - __main__ - INFO - [INFO] 2023-04-07 06:37:15.633594 Epoch [67/100] batch [385/391] loss 1.1270 lr 0.025912316294914254 acc 71.88% eta 0:25:29
2023-04-07 06:37:16,482 - __main__ - INFO - Computing epoch 67 validation accuracy...
2023-04-07 06:37:20,710 - __main__ - INFO - Computing epoch 67 validation loss...
2023-04-07 06:37:25,141 - __main__ - INFO - [INFO] 2023-04-07 06:37:25.140864 Epoch [68/100] batch [1/391] loss 1.1230 lr 0.02454792921248146 acc 72.66% eta 0:28:10
2023-04-07 06:37:44,198 - __main__ - INFO - [INFO] 2023-04-07 06:37:44.198085 Epoch [68/100] batch [129/391] loss 1.0098 lr 0.02454792921248146 acc 75.00% eta 0:24:39
2023-04-07 06:38:03,267 - __main__ - INFO - [INFO] 2023-04-07 06:38:03.267022 Epoch [68/100] batch [257/391] loss 1.0410 lr 0.02454792921248146 acc 70.31% eta 0:24:25
2023-04-07 06:38:22,489 - __main__ - INFO - [INFO] 2023-04-07 06:38:22.488981 Epoch [68/100] batch [385/391] loss 1.0703 lr 0.02454792921248146 acc 67.97% eta 0:24:14
2023-04-07 06:38:23,385 - __main__ - INFO - Computing epoch 68 validation accuracy...
2023-04-07 06:38:27,610 - __main__ - INFO - Computing epoch 68 validation loss...
2023-04-07 06:38:32,030 - __main__ - INFO - [INFO] 2023-04-07 06:38:32.030492 Epoch [69/100] batch [1/391] loss 0.9116 lr 0.02320866025105018 acc 74.22% eta 0:25:59
2023-04-07 06:38:51,464 - __main__ - INFO - [INFO] 2023-04-07 06:38:51.464525 Epoch [69/100] batch [129/391] loss 1.0947 lr 0.02320866025105018 acc 68.75% eta 0:24:18
2023-04-07 06:39:10,619 - __main__ - INFO - [INFO] 2023-04-07 06:39:10.619094 Epoch [69/100] batch [257/391] loss 1.2188 lr 0.02320866025105018 acc 67.19% eta 0:23:53
2023-04-07 06:39:29,948 - __main__ - INFO - [INFO] 2023-04-07 06:39:29.948021 Epoch [69/100] batch [385/391] loss 1.0645 lr 0.02320866025105018 acc 74.22% eta 0:23:41
2023-04-07 06:39:30,832 - __main__ - INFO - Computing epoch 69 validation accuracy...
2023-04-07 06:39:34,997 - __main__ - INFO - Computing epoch 69 validation loss...
2023-04-07 06:39:39,388 - __main__ - INFO - [INFO] 2023-04-07 06:39:39.388756 Epoch [70/100] batch [1/391] loss 1.1660 lr 0.021895831107393487 acc 67.97% eta 0:25:37
2023-04-07 06:39:58,668 - __main__ - INFO - [INFO] 2023-04-07 06:39:58.668288 Epoch [70/100] batch [129/391] loss 1.0020 lr 0.021895831107393487 acc 75.00% eta 0:23:32
2023-04-07 06:40:17,641 - __main__ - INFO - [INFO] 2023-04-07 06:40:17.641426 Epoch [70/100] batch [257/391] loss 1.1787 lr 0.021895831107393487 acc 73.44% eta 0:23:03
2023-04-07 06:40:36,572 - __main__ - INFO - [INFO] 2023-04-07 06:40:36.572414 Epoch [70/100] batch [385/391] loss 1.2227 lr 0.021895831107393487 acc 67.97% eta 0:22:40
2023-04-07 06:40:37,466 - __main__ - INFO - Computing epoch 70 validation accuracy...
2023-04-07 06:40:41,714 - __main__ - INFO - Computing epoch 70 validation loss...
2023-04-07 06:40:46,124 - __main__ - INFO - [INFO] 2023-04-07 06:40:46.123962 Epoch [71/100] batch [1/391] loss 0.9463 lr 0.02061073738537637 acc 74.22% eta 0:24:41
2023-04-07 06:41:05,274 - __main__ - INFO - [INFO] 2023-04-07 06:41:05.274445 Epoch [71/100] batch [129/391] loss 1.2139 lr 0.02061073738537637 acc 67.97% eta 0:22:26
2023-04-07 06:41:24,510 - __main__ - INFO - [INFO] 2023-04-07 06:41:24.510032 Epoch [71/100] batch [257/391] loss 0.9673 lr 0.02061073738537637 acc 78.12% eta 0:22:16
2023-04-07 06:41:43,613 - __main__ - INFO - [INFO] 2023-04-07 06:41:43.613023 Epoch [71/100] batch [385/391] loss 0.9321 lr 0.02061073738537637 acc 73.44% eta 0:21:55
2023-04-07 06:41:44,477 - __main__ - INFO - Computing epoch 71 validation accuracy...
2023-04-07 06:41:48,626 - __main__ - INFO - Computing epoch 71 validation loss...
2023-04-07 06:41:53,046 - __main__ - INFO - [INFO] 2023-04-07 06:41:53.046056 Epoch [72/100] batch [1/391] loss 0.8857 lr 0.01935464731735119 acc 72.66% eta 0:24:05
2023-04-07 06:42:12,423 - __main__ - INFO - [INFO] 2023-04-07 06:42:12.423096 Epoch [72/100] batch [129/391] loss 1.2168 lr 0.01935464731735119 acc 70.31% eta 0:22:30
2023-04-07 06:42:31,801 - __main__ - INFO - [INFO] 2023-04-07 06:42:31.801056 Epoch [72/100] batch [257/391] loss 0.9189 lr 0.01935464731735119 acc 74.22% eta 0:22:05
2023-04-07 06:42:50,620 - __main__ - INFO - [INFO] 2023-04-07 06:42:50.620767 Epoch [72/100] batch [385/391] loss 1.1738 lr 0.01935464731735119 acc 67.97% eta 0:21:40
2023-04-07 06:42:51,509 - __main__ - INFO - Computing epoch 72 validation accuracy...
2023-04-07 06:42:55,756 - __main__ - INFO - Computing epoch 72 validation loss...
2023-04-07 06:43:00,174 - __main__ - INFO - [INFO] 2023-04-07 06:43:00.174434 Epoch [73/100] batch [1/391] loss 0.8330 lr 0.018128800512565532 acc 71.88% eta 0:24:05
2023-04-07 06:43:19,388 - __main__ - INFO - [INFO] 2023-04-07 06:43:19.388279 Epoch [73/100] batch [129/391] loss 1.0645 lr 0.018128800512565532 acc 69.53% eta 0:21:21
2023-04-07 06:43:38,835 - __main__ - INFO - [INFO] 2023-04-07 06:43:38.835094 Epoch [73/100] batch [257/391] loss 0.9248 lr 0.018128800512565532 acc 75.78% eta 0:21:10
2023-04-07 06:43:57,988 - __main__ - INFO - [INFO] 2023-04-07 06:43:57.988538 Epoch [73/100] batch [385/391] loss 0.9199 lr 0.018128800512565532 acc 72.66% eta 0:20:50
2023-04-07 06:43:58,864 - __main__ - INFO - Computing epoch 73 validation accuracy...
2023-04-07 06:44:03,132 - __main__ - INFO - Computing epoch 73 validation loss...
2023-04-07 06:44:07,600 - __main__ - INFO - [INFO] 2023-04-07 06:44:07.600779 Epoch [74/100] batch [1/391] loss 0.9434 lr 0.016934406733817433 acc 73.44% eta 0:24:04
2023-04-07 06:44:26,760 - __main__ - INFO - [INFO] 2023-04-07 06:44:26.759857 Epoch [74/100] batch [129/391] loss 0.9521 lr 0.016934406733817433 acc 76.56% eta 0:20:30
2023-04-07 06:44:45,921 - __main__ - INFO - [INFO] 2023-04-07 06:44:45.921062 Epoch [74/100] batch [257/391] loss 1.1484 lr 0.016934406733817433 acc 71.09% eta 0:20:12
2023-04-07 06:45:04,937 - __main__ - INFO - [INFO] 2023-04-07 06:45:04.937563 Epoch [74/100] batch [385/391] loss 1.0068 lr 0.016934406733817433 acc 75.78% eta 0:19:56
2023-04-07 06:45:05,809 - __main__ - INFO - Computing epoch 74 validation accuracy...
2023-04-07 06:45:10,052 - __main__ - INFO - Computing epoch 74 validation loss...
2023-04-07 06:45:14,516 - __main__ - INFO - [INFO] 2023-04-07 06:45:14.516615 Epoch [75/100] batch [1/391] loss 0.7183 lr 0.01577264470356558 acc 83.59% eta 0:20:55
2023-04-07 06:45:33,821 - __main__ - INFO - [INFO] 2023-04-07 06:45:33.820940 Epoch [75/100] batch [129/391] loss 1.0957 lr 0.01577264470356558 acc 69.53% eta 0:19:38
2023-04-07 06:45:53,105 - __main__ - INFO - [INFO] 2023-04-07 06:45:53.104974 Epoch [75/100] batch [257/391] loss 1.0430 lr 0.01577264470356558 acc 71.88% eta 0:19:23
2023-04-07 06:46:12,422 - __main__ - INFO - [INFO] 2023-04-07 06:46:12.421839 Epoch [75/100] batch [385/391] loss 0.9336 lr 0.01577264470356558 acc 77.34% eta 0:19:15
2023-04-07 06:46:13,305 - __main__ - INFO - Computing epoch 75 validation accuracy...
2023-04-07 06:46:17,498 - __main__ - INFO - Computing epoch 75 validation loss...
2023-04-07 06:46:21,878 - __main__ - INFO - [INFO] 2023-04-07 06:46:21.878254 Epoch [76/100] batch [1/391] loss 0.8818 lr 0.014644660940672643 acc 77.34% eta 0:19:31
2023-04-07 06:46:41,084 - __main__ - INFO - [INFO] 2023-04-07 06:46:41.084041 Epoch [76/100] batch [129/391] loss 0.9312 lr 0.014644660940672643 acc 75.78% eta 0:18:59
2023-04-07 06:47:00,283 - __main__ - INFO - [INFO] 2023-04-07 06:47:00.283245 Epoch [76/100] batch [257/391] loss 0.9175 lr 0.014644660940672643 acc 77.34% eta 0:18:45
2023-04-07 06:47:19,892 - __main__ - INFO - [INFO] 2023-04-07 06:47:19.891963 Epoch [76/100] batch [385/391] loss 1.0811 lr 0.014644660940672643 acc 68.75% eta 0:18:39
2023-04-07 06:47:20,754 - __main__ - INFO - Computing epoch 76 validation accuracy...
2023-04-07 06:47:24,934 - __main__ - INFO - Computing epoch 76 validation loss...
2023-04-07 06:47:29,281 - __main__ - INFO - [INFO] 2023-04-07 06:47:29.281500 Epoch [77/100] batch [1/391] loss 0.8267 lr 0.013551568628929448 acc 75.78% eta 0:21:55
2023-04-07 06:47:48,552 - __main__ - INFO - [INFO] 2023-04-07 06:47:48.551837 Epoch [77/100] batch [129/391] loss 0.8945 lr 0.013551568628929448 acc 72.66% eta 0:18:15
2023-04-07 06:48:07,846 - __main__ - INFO - [INFO] 2023-04-07 06:48:07.846167 Epoch [77/100] batch [257/391] loss 0.8481 lr 0.013551568628929448 acc 76.56% eta 0:17:58
2023-04-07 06:48:27,180 - __main__ - INFO - [INFO] 2023-04-07 06:48:27.180093 Epoch [77/100] batch [385/391] loss 0.7251 lr 0.013551568628929448 acc 77.34% eta 0:17:40
2023-04-07 06:48:28,068 - __main__ - INFO - Computing epoch 77 validation accuracy...
2023-04-07 06:48:32,345 - __main__ - INFO - Computing epoch 77 validation loss...
2023-04-07 06:48:36,862 - __main__ - INFO - [INFO] 2023-04-07 06:48:36.862566 Epoch [78/100] batch [1/391] loss 0.8208 lr 0.012494446518477033 acc 77.34% eta 0:19:53
2023-04-07 06:48:56,034 - __main__ - INFO - [INFO] 2023-04-07 06:48:56.034590 Epoch [78/100] batch [129/391] loss 0.8789 lr 0.012494446518477033 acc 72.66% eta 0:17:12
2023-04-07 06:49:15,067 - __main__ - INFO - [INFO] 2023-04-07 06:49:15.067007 Epoch [78/100] batch [257/391] loss 0.8408 lr 0.012494446518477033 acc 75.78% eta 0:16:47
2023-04-07 06:49:34,032 - __main__ - INFO - [INFO] 2023-04-07 06:49:34.032025 Epoch [78/100] batch [385/391] loss 0.8154 lr 0.012494446518477033 acc 74.22% eta 0:16:30
2023-04-07 06:49:34,875 - __main__ - INFO - Computing epoch 78 validation accuracy...
2023-04-07 06:49:39,078 - __main__ - INFO - Computing epoch 78 validation loss...
2023-04-07 06:49:43,441 - __main__ - INFO - [INFO] 2023-04-07 06:49:43.440844 Epoch [79/100] batch [1/391] loss 0.8184 lr 0.011474337861210555 acc 76.56% eta 0:17:00
2023-04-07 06:50:02,598 - __main__ - INFO - [INFO] 2023-04-07 06:50:02.598712 Epoch [79/100] batch [129/391] loss 0.8853 lr 0.011474337861210555 acc 75.00% eta 0:16:37
2023-04-07 06:50:21,662 - __main__ - INFO - [INFO] 2023-04-07 06:50:21.662643 Epoch [79/100] batch [257/391] loss 0.9053 lr 0.011474337861210555 acc 78.12% eta 0:16:12
2023-04-07 06:50:40,887 - __main__ - INFO - [INFO] 2023-04-07 06:50:40.887659 Epoch [79/100] batch [385/391] loss 0.9634 lr 0.011474337861210555 acc 75.00% eta 0:15:56
2023-04-07 06:50:41,748 - __main__ - INFO - Computing epoch 79 validation accuracy...
2023-04-07 06:50:45,924 - __main__ - INFO - Computing epoch 79 validation loss...
2023-04-07 06:50:50,424 - __main__ - INFO - [INFO] 2023-04-07 06:50:50.424733 Epoch [80/100] batch [1/391] loss 0.7759 lr 0.01049224938121549 acc 78.91% eta 0:17:09
2023-04-07 06:51:09,571 - __main__ - INFO - [INFO] 2023-04-07 06:51:09.571709 Epoch [80/100] batch [129/391] loss 0.8218 lr 0.01049224938121549 acc 78.91% eta 0:15:35
2023-04-07 06:51:28,820 - __main__ - INFO - [INFO] 2023-04-07 06:51:28.820479 Epoch [80/100] batch [257/391] loss 0.8486 lr 0.01049224938121549 acc 78.12% eta 0:15:22
2023-04-07 06:51:48,000 - __main__ - INFO - [INFO] 2023-04-07 06:51:48.000019 Epoch [80/100] batch [385/391] loss 0.7837 lr 0.01049224938121549 acc 82.81% eta 0:15:08
2023-04-07 06:51:48,897 - __main__ - INFO - Computing epoch 80 validation accuracy...
2023-04-07 06:51:53,170 - __main__ - INFO - Computing epoch 80 validation loss...
2023-04-07 06:51:57,619 - __main__ - INFO - [INFO] 2023-04-07 06:51:57.618931 Epoch [81/100] batch [1/391] loss 0.8750 lr 0.009549150281252642 acc 73.44% eta 0:16:01
2023-04-07 06:52:17,021 - __main__ - INFO - [INFO] 2023-04-07 06:52:17.021451 Epoch [81/100] batch [129/391] loss 0.7969 lr 0.009549150281252642 acc 80.47% eta 0:15:15
2023-04-07 06:52:36,224 - __main__ - INFO - [INFO] 2023-04-07 06:52:36.224209 Epoch [81/100] batch [257/391] loss 0.7061 lr 0.009549150281252642 acc 83.59% eta 0:14:53
2023-04-07 06:52:55,512 - __main__ - INFO - [INFO] 2023-04-07 06:52:55.511973 Epoch [81/100] batch [385/391] loss 0.9268 lr 0.009549150281252642 acc 78.91% eta 0:14:34
2023-04-07 06:52:56,354 - __main__ - INFO - Computing epoch 81 validation accuracy...
2023-04-07 06:53:00,538 - __main__ - INFO - Computing epoch 81 validation loss...
2023-04-07 06:53:04,949 - __main__ - INFO - [INFO] 2023-04-07 06:53:04.949551 Epoch [82/100] batch [1/391] loss 0.5786 lr 0.008645971286271922 acc 78.91% eta 0:14:39
2023-04-07 06:53:24,190 - __main__ - INFO - [INFO] 2023-04-07 06:53:24.190551 Epoch [82/100] batch [129/391] loss 0.6582 lr 0.008645971286271922 acc 86.72% eta 0:14:04
2023-04-07 06:53:43,597 - __main__ - INFO - [INFO] 2023-04-07 06:53:43.597294 Epoch [82/100] batch [257/391] loss 0.7852 lr 0.008645971286271922 acc 75.78% eta 0:13:59
2023-04-07 06:54:03,211 - __main__ - INFO - [INFO] 2023-04-07 06:54:03.211216 Epoch [82/100] batch [385/391] loss 0.6157 lr 0.008645971286271922 acc 85.94% eta 0:13:54
2023-04-07 06:54:04,111 - __main__ - INFO - Computing epoch 82 validation accuracy...
2023-04-07 06:54:08,321 - __main__ - INFO - Computing epoch 82 validation loss...
2023-04-07 06:54:12,679 - __main__ - INFO - [INFO] 2023-04-07 06:54:12.679396 Epoch [83/100] batch [1/391] loss 0.4805 lr 0.007783603724899264 acc 87.50% eta 0:14:21
2023-04-07 06:54:31,856 - __main__ - INFO - [INFO] 2023-04-07 06:54:31.856376 Epoch [83/100] batch [129/391] loss 0.7739 lr 0.007783603724899264 acc 77.34% eta 0:13:24
2023-04-07 06:54:50,784 - __main__ - INFO - [INFO] 2023-04-07 06:54:50.784643 Epoch [83/100] batch [257/391] loss 0.5991 lr 0.007783603724899264 acc 88.28% eta 0:13:06
2023-04-07 06:55:10,275 - __main__ - INFO - [INFO] 2023-04-07 06:55:10.275049 Epoch [83/100] batch [385/391] loss 0.7534 lr 0.007783603724899264 acc 77.34% eta 0:12:59
2023-04-07 06:55:11,182 - __main__ - INFO - Computing epoch 83 validation accuracy...
2023-04-07 06:55:15,410 - __main__ - INFO - Computing epoch 83 validation loss...
2023-04-07 06:55:19,826 - __main__ - INFO - [INFO] 2023-04-07 06:55:19.826725 Epoch [84/100] batch [1/391] loss 0.6050 lr 0.006962898649802819 acc 81.25% eta 0:15:44
2023-04-07 06:55:39,040 - __main__ - INFO - [INFO] 2023-04-07 06:55:39.039738 Epoch [84/100] batch [129/391] loss 0.7104 lr 0.006962898649802819 acc 79.69% eta 0:12:45
2023-04-07 06:55:58,436 - __main__ - INFO - [INFO] 2023-04-07 06:55:58.436419 Epoch [84/100] batch [257/391] loss 0.6909 lr 0.006962898649802819 acc 86.72% eta 0:12:35
2023-04-07 06:56:17,612 - __main__ - INFO - [INFO] 2023-04-07 06:56:17.612220 Epoch [84/100] batch [385/391] loss 0.6050 lr 0.006962898649802819 acc 85.16% eta 0:12:15
2023-04-07 06:56:18,477 - __main__ - INFO - Computing epoch 84 validation accuracy...
2023-04-07 06:56:22,729 - __main__ - INFO - Computing epoch 84 validation loss...
2023-04-07 06:56:27,130 - __main__ - INFO - [INFO] 2023-04-07 06:56:27.130345 Epoch [85/100] batch [1/391] loss 0.6152 lr 0.0061846659978068265 acc 85.16% eta 0:16:47
2023-04-07 06:56:46,501 - __main__ - INFO - [INFO] 2023-04-07 06:56:46.501238 Epoch [85/100] batch [129/391] loss 0.5659 lr 0.0061846659978068265 acc 85.16% eta 0:12:03
2023-04-07 06:57:05,625 - __main__ - INFO - [INFO] 2023-04-07 06:57:05.625350 Epoch [85/100] batch [257/391] loss 0.8008 lr 0.0061846659978068265 acc 82.03% eta 0:11:47
2023-04-07 06:57:24,920 - __main__ - INFO - [INFO] 2023-04-07 06:57:24.920509 Epoch [85/100] batch [385/391] loss 0.5483 lr 0.0061846659978068265 acc 85.16% eta 0:11:34
2023-04-07 06:57:25,778 - __main__ - INFO - Computing epoch 85 validation accuracy...
2023-04-07 06:57:30,022 - __main__ - INFO - Computing epoch 85 validation loss...
2023-04-07 06:57:34,535 - __main__ - INFO - [INFO] 2023-04-07 06:57:34.535194 Epoch [86/100] batch [1/391] loss 0.5977 lr 0.005449673790581615 acc 89.84% eta 0:12:59
2023-04-07 06:57:53,712 - __main__ - INFO - [INFO] 2023-04-07 06:57:53.712468 Epoch [86/100] batch [129/391] loss 0.7002 lr 0.005449673790581615 acc 81.25% eta 0:11:05
2023-04-07 06:58:12,746 - __main__ - INFO - [INFO] 2023-04-07 06:58:12.746809 Epoch [86/100] batch [257/391] loss 0.7183 lr 0.005449673790581615 acc 82.81% eta 0:10:46
2023-04-07 06:58:31,935 - __main__ - INFO - [INFO] 2023-04-07 06:58:31.935257 Epoch [86/100] batch [385/391] loss 0.5024 lr 0.005449673790581615 acc 90.62% eta 0:10:35
2023-04-07 06:58:32,825 - __main__ - INFO - Computing epoch 86 validation accuracy...
2023-04-07 06:58:37,049 - __main__ - INFO - Computing epoch 86 validation loss...
2023-04-07 06:58:41,426 - __main__ - INFO - [INFO] 2023-04-07 06:58:41.426718 Epoch [87/100] batch [1/391] loss 0.7466 lr 0.004758647376699036 acc 83.59% eta 0:11:56
2023-04-07 06:59:00,655 - __main__ - INFO - [INFO] 2023-04-07 06:59:00.655408 Epoch [87/100] batch [129/391] loss 0.6343 lr 0.004758647376699036 acc 82.81% eta 0:10:28
2023-04-07 06:59:20,060 - __main__ - INFO - [INFO] 2023-04-07 06:59:20.060781 Epoch [87/100] batch [257/391] loss 0.6318 lr 0.004758647376699036 acc 89.06% eta 0:10:17
2023-04-07 06:59:38,904 - __main__ - INFO - [INFO] 2023-04-07 06:59:38.904347 Epoch [87/100] batch [385/391] loss 0.7065 lr 0.004758647376699036 acc 85.94% eta 0:10:00
2023-04-07 06:59:39,764 - __main__ - INFO - Computing epoch 87 validation accuracy...
2023-04-07 06:59:44,008 - __main__ - INFO - Computing epoch 87 validation loss...
2023-04-07 06:59:48,426 - __main__ - INFO - [INFO] 2023-04-07 06:59:48.426595 Epoch [88/100] batch [1/391] loss 0.5923 lr 0.004112268715800957 acc 85.16% eta 0:10:57
2023-04-07 07:00:07,515 - __main__ - INFO - [INFO] 2023-04-07 07:00:07.515011 Epoch [88/100] batch [129/391] loss 0.4875 lr 0.004112268715800957 acc 88.28% eta 0:09:40
2023-04-07 07:00:26,614 - __main__ - INFO - [INFO] 2023-04-07 07:00:26.613888 Epoch [88/100] batch [257/391] loss 0.6646 lr 0.004112268715800957 acc 82.03% eta 0:09:26
2023-04-07 07:00:45,801 - __main__ - INFO - [INFO] 2023-04-07 07:00:45.801493 Epoch [88/100] batch [385/391] loss 0.6528 lr 0.004112268715800957 acc 85.16% eta 0:09:11
2023-04-07 07:00:46,663 - __main__ - INFO - Computing epoch 88 validation accuracy...
2023-04-07 07:00:50,859 - __main__ - INFO - Computing epoch 88 validation loss...
2023-04-07 07:00:55,262 - __main__ - INFO - [INFO] 2023-04-07 07:00:55.262029 Epoch [89/100] batch [1/391] loss 0.6616 lr 0.003511175705587435 acc 82.81% eta 0:09:55
2023-04-07 07:01:14,442 - __main__ - INFO - [INFO] 2023-04-07 07:01:14.442173 Epoch [89/100] batch [129/391] loss 0.5527 lr 0.003511175705587435 acc 83.59% eta 0:08:59
2023-04-07 07:01:33,798 - __main__ - INFO - [INFO] 2023-04-07 07:01:33.798458 Epoch [89/100] batch [257/391] loss 0.6069 lr 0.003511175705587435 acc 84.38% eta 0:08:45
2023-04-07 07:01:53,074 - __main__ - INFO - [INFO] 2023-04-07 07:01:53.074471 Epoch [89/100] batch [385/391] loss 0.5269 lr 0.003511175705587435 acc 83.59% eta 0:08:31
2023-04-07 07:01:53,950 - __main__ - INFO - Computing epoch 89 validation accuracy...
2023-04-07 07:01:58,186 - __main__ - INFO - Computing epoch 89 validation loss...
2023-04-07 07:02:02,627 - __main__ - INFO - [INFO] 2023-04-07 07:02:02.627807 Epoch [90/100] batch [1/391] loss 0.4580 lr 0.0029559615522887295 acc 88.28% eta 0:09:36
2023-04-07 07:02:22,073 - __main__ - INFO - [INFO] 2023-04-07 07:02:22.072880 Epoch [90/100] batch [129/391] loss 0.3896 lr 0.0029559615522887295 acc 90.62% eta 0:08:19
2023-04-07 07:02:41,279 - __main__ - INFO - [INFO] 2023-04-07 07:02:41.279525 Epoch [90/100] batch [257/391] loss 0.5591 lr 0.0029559615522887295 acc 84.38% eta 0:08:01
2023-04-07 07:03:00,627 - __main__ - INFO - [INFO] 2023-04-07 07:03:00.626941 Epoch [90/100] batch [385/391] loss 0.5610 lr 0.0029559615522887295 acc 85.94% eta 0:07:45
2023-04-07 07:03:01,534 - __main__ - INFO - Computing epoch 90 validation accuracy...
2023-04-07 07:03:05,785 - __main__ - INFO - Computing epoch 90 validation loss...
2023-04-07 07:03:10,123 - __main__ - INFO - [INFO] 2023-04-07 07:03:10.123519 Epoch [91/100] batch [1/391] loss 0.4153 lr 0.0024471741852423253 acc 90.62% eta 0:08:00
2023-04-07 07:03:29,229 - __main__ - INFO - [INFO] 2023-04-07 07:03:29.229204 Epoch [91/100] batch [129/391] loss 0.6050 lr 0.0024471741852423253 acc 85.94% eta 0:07:20
2023-04-07 07:03:48,505 - __main__ - INFO - [INFO] 2023-04-07 07:03:48.505304 Epoch [91/100] batch [257/391] loss 0.3779 lr 0.0024471741852423253 acc 91.41% eta 0:07:08
2023-04-07 07:04:07,917 - __main__ - INFO - [INFO] 2023-04-07 07:04:07.916927 Epoch [91/100] batch [385/391] loss 0.5952 lr 0.0024471741852423253 acc 85.16% eta 0:06:56
2023-04-07 07:04:08,781 - __main__ - INFO - Computing epoch 91 validation accuracy...
2023-04-07 07:04:13,080 - __main__ - INFO - Computing epoch 91 validation loss...
2023-04-07 07:04:17,461 - __main__ - INFO - [INFO] 2023-04-07 07:04:17.461030 Epoch [92/100] batch [1/391] loss 0.4229 lr 0.0019853157161528537 acc 92.19% eta 0:07:29
2023-04-07 07:04:36,638 - __main__ - INFO - [INFO] 2023-04-07 07:04:36.638451 Epoch [92/100] batch [129/391] loss 0.5815 lr 0.0019853157161528537 acc 84.38% eta 0:06:42
2023-04-07 07:04:55,795 - __main__ - INFO - [INFO] 2023-04-07 07:04:55.794968 Epoch [92/100] batch [257/391] loss 0.5728 lr 0.0019853157161528537 acc 88.28% eta 0:06:25
2023-04-07 07:05:15,015 - __main__ - INFO - [INFO] 2023-04-07 07:05:15.015575 Epoch [92/100] batch [385/391] loss 0.5854 lr 0.0019853157161528537 acc 85.16% eta 0:06:09
2023-04-07 07:05:15,877 - __main__ - INFO - Computing epoch 92 validation accuracy...
2023-04-07 07:05:20,146 - __main__ - INFO - Computing epoch 92 validation loss...
2023-04-07 07:05:24,552 - __main__ - INFO - [INFO] 2023-04-07 07:05:24.552086 Epoch [93/100] batch [1/391] loss 0.5596 lr 0.0015708419435684529 acc 83.59% eta 0:06:57
2023-04-07 07:05:43,808 - __main__ - INFO - [INFO] 2023-04-07 07:05:43.808554 Epoch [93/100] batch [129/391] loss 0.4832 lr 0.0015708419435684529 acc 89.06% eta 0:05:54
2023-04-07 07:06:03,017 - __main__ - INFO - [INFO] 2023-04-07 07:06:03.017545 Epoch [93/100] batch [257/391] loss 0.4492 lr 0.0015708419435684529 acc 89.84% eta 0:05:38
2023-04-07 07:06:22,112 - __main__ - INFO - [INFO] 2023-04-07 07:06:22.112050 Epoch [93/100] batch [385/391] loss 0.4626 lr 0.0015708419435684529 acc 89.06% eta 0:05:22
2023-04-07 07:06:23,000 - __main__ - INFO - Computing epoch 93 validation accuracy...
2023-04-07 07:06:27,201 - __main__ - INFO - Computing epoch 93 validation loss...
2023-04-07 07:06:31,701 - __main__ - INFO - [INFO] 2023-04-07 07:06:31.700934 Epoch [94/100] batch [1/391] loss 0.3533 lr 0.0012041619030626347 acc 93.75% eta 0:06:08
2023-04-07 07:06:50,798 - __main__ - INFO - [INFO] 2023-04-07 07:06:50.798524 Epoch [94/100] batch [129/391] loss 0.4055 lr 0.0012041619030626347 acc 87.50% eta 0:05:12
2023-04-07 07:07:10,031 - __main__ - INFO - [INFO] 2023-04-07 07:07:10.031559 Epoch [94/100] batch [257/391] loss 0.4087 lr 0.0012041619030626347 acc 90.62% eta 0:04:54
2023-04-07 07:07:29,276 - __main__ - INFO - [INFO] 2023-04-07 07:07:29.276319 Epoch [94/100] batch [385/391] loss 0.4700 lr 0.0012041619030626347 acc 89.84% eta 0:04:39
2023-04-07 07:07:30,188 - __main__ - INFO - Computing epoch 94 validation accuracy...
2023-04-07 07:07:34,410 - __main__ - INFO - Computing epoch 94 validation loss...
2023-04-07 07:07:38,884 - __main__ - INFO - [INFO] 2023-04-07 07:07:38.884540 Epoch [95/100] batch [1/391] loss 0.5024 lr 0.0008856374635655646 acc 91.41% eta 0:05:05
2023-04-07 07:07:58,331 - __main__ - INFO - [INFO] 2023-04-07 07:07:58.331312 Epoch [95/100] batch [129/391] loss 0.3586 lr 0.0008856374635655646 acc 92.19% eta 0:04:27
2023-04-07 07:08:17,526 - __main__ - INFO - [INFO] 2023-04-07 07:08:17.526589 Epoch [95/100] batch [257/391] loss 0.4243 lr 0.0008856374635655646 acc 91.41% eta 0:04:10
2023-04-07 07:08:36,902 - __main__ - INFO - [INFO] 2023-04-07 07:08:36.901985 Epoch [95/100] batch [385/391] loss 0.4624 lr 0.0008856374635655646 acc 89.84% eta 0:03:54
2023-04-07 07:08:37,799 - __main__ - INFO - Computing epoch 95 validation accuracy...
2023-04-07 07:08:42,049 - __main__ - INFO - Computing epoch 95 validation loss...
2023-04-07 07:08:46,526 - __main__ - INFO - [INFO] 2023-04-07 07:08:46.526197 Epoch [96/100] batch [1/391] loss 0.4478 lr 0.0006155829702431174 acc 87.50% eta 0:04:19
2023-04-07 07:09:05,839 - __main__ - INFO - [INFO] 2023-04-07 07:09:05.838490 Epoch [96/100] batch [129/391] loss 0.3977 lr 0.0006155829702431174 acc 89.84% eta 0:03:41
2023-04-07 07:09:25,074 - __main__ - INFO - [INFO] 2023-04-07 07:09:25.074197 Epoch [96/100] batch [257/391] loss 0.4185 lr 0.0006155829702431174 acc 89.06% eta 0:03:24
2023-04-07 07:09:44,329 - __main__ - INFO - [INFO] 2023-04-07 07:09:44.329747 Epoch [96/100] batch [385/391] loss 0.3860 lr 0.0006155829702431174 acc 90.62% eta 0:03:07
2023-04-07 07:09:45,198 - __main__ - INFO - Computing epoch 96 validation accuracy...
2023-04-07 07:09:49,431 - __main__ - INFO - Computing epoch 96 validation loss...
2023-04-07 07:09:53,908 - __main__ - INFO - [INFO] 2023-04-07 07:09:53.907941 Epoch [97/100] batch [1/391] loss 0.5278 lr 0.00039426493427611206 acc 87.50% eta 0:03:36
2023-04-07 07:10:13,169 - __main__ - INFO - [INFO] 2023-04-07 07:10:13.169258 Epoch [97/100] batch [129/391] loss 0.4819 lr 0.00039426493427611206 acc 88.28% eta 0:02:49
2023-04-07 07:10:32,550 - __main__ - INFO - [INFO] 2023-04-07 07:10:32.550444 Epoch [97/100] batch [257/391] loss 0.5537 lr 0.00039426493427611206 acc 85.94% eta 0:02:34
2023-04-07 07:10:51,812 - __main__ - INFO - [INFO] 2023-04-07 07:10:51.812207 Epoch [97/100] batch [385/391] loss 0.4397 lr 0.00039426493427611206 acc 88.28% eta 0:02:19
2023-04-07 07:10:52,670 - __main__ - INFO - Computing epoch 97 validation accuracy...
2023-04-07 07:10:56,932 - __main__ - INFO - Computing epoch 97 validation loss...
2023-04-07 07:11:01,348 - __main__ - INFO - [INFO] 2023-04-07 07:11:01.348309 Epoch [98/100] batch [1/391] loss 0.3816 lr 0.00022190176984600036 acc 89.84% eta 0:02:31
2023-04-07 07:11:20,595 - __main__ - INFO - [INFO] 2023-04-07 07:11:20.595053 Epoch [98/100] batch [129/391] loss 0.5928 lr 0.00022190176984600036 acc 90.62% eta 0:02:03
2023-04-07 07:11:39,663 - __main__ - INFO - [INFO] 2023-04-07 07:11:39.663450 Epoch [98/100] batch [257/391] loss 0.5332 lr 0.00022190176984600036 acc 86.72% eta 0:01:48
2023-04-07 07:11:58,908 - __main__ - INFO - [INFO] 2023-04-07 07:11:58.908008 Epoch [98/100] batch [385/391] loss 0.5718 lr 0.00022190176984600036 acc 83.59% eta 0:01:33
2023-04-07 07:11:59,766 - __main__ - INFO - Computing epoch 98 validation accuracy...
2023-04-07 07:12:03,981 - __main__ - INFO - Computing epoch 98 validation loss...
2023-04-07 07:12:08,424 - __main__ - INFO - [INFO] 2023-04-07 07:12:08.424647 Epoch [99/100] batch [1/391] loss 0.4377 lr 9.866357858642213e-05 acc 91.41% eta 0:01:42
2023-04-07 07:12:27,773 - __main__ - INFO - [INFO] 2023-04-07 07:12:27.773295 Epoch [99/100] batch [129/391] loss 0.4741 lr 9.866357858642213e-05 acc 86.72% eta 0:01:18
2023-04-07 07:12:46,899 - __main__ - INFO - [INFO] 2023-04-07 07:12:46.899719 Epoch [99/100] batch [257/391] loss 0.4587 lr 9.866357858642213e-05 acc 88.28% eta 0:01:02
2023-04-07 07:13:06,346 - __main__ - INFO - [INFO] 2023-04-07 07:13:06.345958 Epoch [99/100] batch [385/391] loss 0.4656 lr 9.866357858642213e-05 acc 89.06% eta 0:00:47
2023-04-07 07:13:07,227 - __main__ - INFO - Computing epoch 99 validation accuracy...
2023-04-07 07:13:11,617 - __main__ - INFO - Computing epoch 99 validation loss...
2023-04-07 07:13:16,111 - __main__ - INFO - [INFO] 2023-04-07 07:13:16.111341 Epoch [100/100] batch [1/391] loss 0.3894 lr 2.4671981713420017e-05 acc 92.19% eta 0:00:53
2023-04-07 07:13:35,269 - __main__ - INFO - [INFO] 2023-04-07 07:13:35.268994 Epoch [100/100] batch [129/391] loss 0.5303 lr 2.4671981713420017e-05 acc 85.94% eta 0:00:30
2023-04-07 07:13:54,423 - __main__ - INFO - [INFO] 2023-04-07 07:13:54.423112 Epoch [100/100] batch [257/391] loss 0.4365 lr 2.4671981713420017e-05 acc 86.72% eta 0:00:15
2023-04-07 07:14:13,923 - __main__ - INFO - [INFO] 2023-04-07 07:14:13.923784 Epoch [100/100] batch [385/391] loss 0.3743 lr 2.4671981713420017e-05 acc 92.19% eta 0:00:00
2023-04-07 07:14:14,837 - __main__ - INFO - Computing epoch 100 validation accuracy...
2023-04-07 07:14:19,091 - __main__ - INFO - Computing epoch 100 validation loss...
2023-04-07 07:14:23,431 - __main__ - INFO - Reading testing data set cifar100
2023-04-07 07:14:24,205 - __main__ - INFO - Loading trained model...
2023-04-07 07:14:29,674 - __main__ - INFO - Testing acc : 71.23%.
