2023-04-04 06:10:24,335 - __main__ - INFO - 

2023-04-04 06:10:24,335 - __main__ - INFO - ***************
2023-04-04 06:10:24,335 - __main__ - INFO - ** Arguments **
2023-04-04 06:10:24,335 - __main__ - INFO - ***************
2023-04-04 06:10:24,335 - __main__ - INFO - backbone: vgg19
2023-04-04 06:10:24,336 - __main__ - INFO - dataname: cifar10
2023-04-04 06:10:24,336 - __main__ - INFO - drop_method: d
2023-04-04 06:10:24,336 - __main__ - INFO - drop_rate: 0.3
2023-04-04 06:10:24,336 - __main__ - INFO - eval_only: 0
2023-04-04 06:10:24,336 - __main__ - INFO - output_path: checkpoints/cifar10/vgg19/drop_d/rate_0.3/seed3
2023-04-04 06:10:24,336 - __main__ - INFO - part_rate: 0.1
2023-04-04 06:10:24,336 - __main__ - INFO - seed: 3
2023-04-04 06:10:24,336 - __main__ - INFO - weight_decay: 0.0005
2023-04-04 06:10:24,336 - __main__ - INFO - ************
2023-04-04 06:10:24,336 - __main__ - INFO - ** Config **
2023-04-04 06:10:24,336 - __main__ - INFO - ************
2023-04-04 06:10:24,336 - __main__ - INFO - {'DATALOADER': {'PATH': './data', 'DATANAME': 'cifar10', 'BATCH_SIZE': 128, 'NUM_CLASSES': 10}, 'INPUT': {'SIZE': [32, 32], 'PIXEL_MEAN': [0.4914, 0.4822, 0.4465], 'PIXEL_STD': [0.2023, 0.1994, 0.201]}, 'OUTPUT': {'DIR': 'checkpoints/cifar10/vgg19/drop_d/rate_0.3/seed3'}, 'SEED': 3, 'OPTIM': {'LR': 0.1, 'MAX_EPOCH': 100, 'LR_SCHEDULER': 'step', 'LR_MILESTONES': [20, 40, 80, 120, 140], 'LR_DECAY': 0.2, 'PART_RATE': 0.1, 'WEIGHT_DECAY': 0.0005, 'DROP_RATE': 0.3, 'DROP_METHOD': 'd', 'BLOCK_SIZE': 7}, 'MODEL': {'BACKBONE': 'vgg19'}}
2023-04-04 06:10:24,356 - __main__ - INFO - Reading training data set cifar10
2023-04-04 06:10:26,196 - __main__ - INFO - Loading raw model
2023-04-04 06:10:29,267 - __main__ - INFO - 
Saving everything to checkpoints/cifar10/vgg19/drop_d/rate_0.3/seed3
2023-04-04 06:10:29,267 - __main__ - INFO - Start training...
2023-04-04 06:10:33,398 - __main__ - INFO - [INFO] 2023-04-04 06:10:33.398687 Epoch [1/100] batch [1/391] loss 2.3203 lr 0.1 acc 15.62% eta 1 day, 20:44:29
2023-04-04 06:10:45,955 - __main__ - INFO - [INFO] 2023-04-04 06:10:45.955423 Epoch [1/100] batch [129/391] loss 2.0801 lr 0.1 acc 17.97% eta 1:17:53
2023-04-04 06:10:58,308 - __main__ - INFO - [INFO] 2023-04-04 06:10:58.308498 Epoch [1/100] batch [257/391] loss 2.1250 lr 0.1 acc 15.62% eta 1:07:16
2023-04-04 06:11:10,904 - __main__ - INFO - [INFO] 2023-04-04 06:11:10.904251 Epoch [1/100] batch [385/391] loss 1.9570 lr 0.1 acc 20.31% eta 1:03:49
2023-04-04 06:11:11,558 - __main__ - INFO - Computing epoch 1 validation accuracy...
2023-04-04 06:11:15,246 - __main__ - INFO - Computing epoch 1 validation loss...
2023-04-04 06:11:18,785 - __main__ - INFO - [INFO] 2023-04-04 06:11:18.785615 Epoch [2/100] batch [1/391] loss 1.9521 lr 0.09997532801828658 acc 12.50% eta 0:57:33
2023-04-04 06:11:31,752 - __main__ - INFO - [INFO] 2023-04-04 06:11:31.751513 Epoch [2/100] batch [129/391] loss 1.8623 lr 0.09997532801828658 acc 14.84% eta 0:58:49
2023-04-04 06:11:44,548 - __main__ - INFO - [INFO] 2023-04-04 06:11:44.548290 Epoch [2/100] batch [257/391] loss 1.8555 lr 0.09997532801828658 acc 22.66% eta 0:58:37
2023-04-04 06:11:57,117 - __main__ - INFO - [INFO] 2023-04-04 06:11:57.117467 Epoch [2/100] batch [385/391] loss 1.6357 lr 0.09997532801828658 acc 32.81% eta 0:57:56
2023-04-04 06:11:57,641 - __main__ - INFO - Computing epoch 2 validation accuracy...
2023-04-04 06:12:01,110 - __main__ - INFO - Computing epoch 2 validation loss...
2023-04-04 06:12:04,577 - __main__ - INFO - [INFO] 2023-04-04 06:12:04.577709 Epoch [3/100] batch [1/391] loss 1.8564 lr 0.09990133642141358 acc 14.84% eta 0:56:44
2023-04-04 06:12:17,018 - __main__ - INFO - [INFO] 2023-04-04 06:12:17.018470 Epoch [3/100] batch [129/391] loss 1.5703 lr 0.09990133642141358 acc 29.69% eta 0:55:58
2023-04-04 06:12:29,317 - __main__ - INFO - [INFO] 2023-04-04 06:12:29.317690 Epoch [3/100] batch [257/391] loss 1.3906 lr 0.09990133642141358 acc 45.31% eta 0:55:27
2023-04-04 06:12:41,801 - __main__ - INFO - [INFO] 2023-04-04 06:12:41.800981 Epoch [3/100] batch [385/391] loss 1.4053 lr 0.09990133642141358 acc 42.19% eta 0:55:29
2023-04-04 06:12:42,343 - __main__ - INFO - Computing epoch 3 validation accuracy...
2023-04-04 06:12:45,737 - __main__ - INFO - Computing epoch 3 validation loss...
2023-04-04 06:12:49,158 - __main__ - INFO - [INFO] 2023-04-04 06:12:49.158631 Epoch [4/100] batch [1/391] loss 1.4717 lr 0.099778098230154 acc 39.06% eta 1:02:44
2023-04-04 06:13:01,657 - __main__ - INFO - [INFO] 2023-04-04 06:13:01.656976 Epoch [4/100] batch [129/391] loss 1.4941 lr 0.099778098230154 acc 39.84% eta 0:55:41
2023-04-04 06:13:14,169 - __main__ - INFO - [INFO] 2023-04-04 06:13:14.169284 Epoch [4/100] batch [257/391] loss 1.2500 lr 0.099778098230154 acc 57.03% eta 0:55:19
2023-04-04 06:13:26,582 - __main__ - INFO - [INFO] 2023-04-04 06:13:26.582337 Epoch [4/100] batch [385/391] loss 1.3867 lr 0.099778098230154 acc 46.88% eta 0:55:03
2023-04-04 06:13:27,130 - __main__ - INFO - Computing epoch 4 validation accuracy...
2023-04-04 06:13:30,563 - __main__ - INFO - Computing epoch 4 validation loss...
2023-04-04 06:13:33,955 - __main__ - INFO - [INFO] 2023-04-04 06:13:33.955794 Epoch [5/100] batch [1/391] loss 1.4990 lr 0.0996057350657239 acc 42.97% eta 1:02:52
2023-04-04 06:13:46,528 - __main__ - INFO - [INFO] 2023-04-04 06:13:46.528607 Epoch [5/100] batch [129/391] loss 1.3379 lr 0.0996057350657239 acc 39.84% eta 0:54:59
2023-04-04 06:13:58,894 - __main__ - INFO - [INFO] 2023-04-04 06:13:58.894380 Epoch [5/100] batch [257/391] loss 1.2646 lr 0.0996057350657239 acc 49.22% eta 0:54:48
2023-04-04 06:14:11,413 - __main__ - INFO - [INFO] 2023-04-04 06:14:11.413059 Epoch [5/100] batch [385/391] loss 1.3398 lr 0.0996057350657239 acc 53.91% eta 0:54:26
2023-04-04 06:14:11,972 - __main__ - INFO - Computing epoch 5 validation accuracy...
2023-04-04 06:14:15,227 - __main__ - INFO - Computing epoch 5 validation loss...
2023-04-04 06:14:18,654 - __main__ - INFO - [INFO] 2023-04-04 06:14:18.653841 Epoch [6/100] batch [1/391] loss 1.3711 lr 0.09938441702975688 acc 48.44% eta 0:59:43
2023-04-04 06:14:30,737 - __main__ - INFO - [INFO] 2023-04-04 06:14:30.737054 Epoch [6/100] batch [129/391] loss 1.1104 lr 0.09938441702975688 acc 60.94% eta 0:53:13
2023-04-04 06:14:42,931 - __main__ - INFO - [INFO] 2023-04-04 06:14:42.931322 Epoch [6/100] batch [257/391] loss 1.0996 lr 0.09938441702975688 acc 58.59% eta 0:53:07
2023-04-04 06:14:55,269 - __main__ - INFO - [INFO] 2023-04-04 06:14:55.268966 Epoch [6/100] batch [385/391] loss 1.1230 lr 0.09938441702975688 acc 53.12% eta 0:52:53
2023-04-04 06:14:55,821 - __main__ - INFO - Computing epoch 6 validation accuracy...
2023-04-04 06:14:59,061 - __main__ - INFO - Computing epoch 6 validation loss...
2023-04-04 06:15:02,381 - __main__ - INFO - [INFO] 2023-04-04 06:15:02.381034 Epoch [7/100] batch [1/391] loss 1.1416 lr 0.09911436253643444 acc 59.38% eta 0:56:55
2023-04-04 06:15:15,214 - __main__ - INFO - [INFO] 2023-04-04 06:15:15.214218 Epoch [7/100] batch [129/391] loss 1.0186 lr 0.09911436253643444 acc 50.78% eta 0:54:56
2023-04-04 06:15:27,764 - __main__ - INFO - [INFO] 2023-04-04 06:15:27.764591 Epoch [7/100] batch [257/391] loss 1.0361 lr 0.09911436253643444 acc 60.16% eta 0:54:12
2023-04-04 06:15:40,227 - __main__ - INFO - [INFO] 2023-04-04 06:15:40.226955 Epoch [7/100] batch [385/391] loss 1.1484 lr 0.09911436253643444 acc 60.94% eta 0:53:47
2023-04-04 06:15:40,754 - __main__ - INFO - Computing epoch 7 validation accuracy...
2023-04-04 06:15:44,147 - __main__ - INFO - Computing epoch 7 validation loss...
2023-04-04 06:15:47,573 - __main__ - INFO - [INFO] 2023-04-04 06:15:47.573638 Epoch [8/100] batch [1/391] loss 1.0381 lr 0.09879583809693737 acc 59.38% eta 0:59:49
2023-04-04 06:15:59,920 - __main__ - INFO - [INFO] 2023-04-04 06:15:59.920103 Epoch [8/100] batch [129/391] loss 1.1396 lr 0.09879583809693737 acc 60.16% eta 0:53:34
2023-04-04 06:16:12,970 - __main__ - INFO - [INFO] 2023-04-04 06:16:12.970666 Epoch [8/100] batch [257/391] loss 1.0293 lr 0.09879583809693737 acc 59.38% eta 0:54:15
2023-04-04 06:16:25,628 - __main__ - INFO - [INFO] 2023-04-04 06:16:25.628624 Epoch [8/100] batch [385/391] loss 1.0400 lr 0.09879583809693737 acc 60.94% eta 0:53:51
2023-04-04 06:16:26,178 - __main__ - INFO - Computing epoch 8 validation accuracy...
2023-04-04 06:16:29,497 - __main__ - INFO - Computing epoch 8 validation loss...
2023-04-04 06:16:32,821 - __main__ - INFO - [INFO] 2023-04-04 06:16:32.821351 Epoch [9/100] batch [1/391] loss 1.0107 lr 0.09842915805643156 acc 60.16% eta 1:03:57
2023-04-04 06:16:45,321 - __main__ - INFO - [INFO] 2023-04-04 06:16:45.321442 Epoch [9/100] batch [129/391] loss 1.1816 lr 0.09842915805643156 acc 60.94% eta 0:52:19
2023-04-04 06:16:58,031 - __main__ - INFO - [INFO] 2023-04-04 06:16:58.031153 Epoch [9/100] batch [257/391] loss 0.9155 lr 0.09842915805643156 acc 72.66% eta 0:52:45
2023-04-04 06:17:10,525 - __main__ - INFO - [INFO] 2023-04-04 06:17:10.525490 Epoch [9/100] batch [385/391] loss 0.7539 lr 0.09842915805643156 acc 75.78% eta 0:52:29
2023-04-04 06:17:11,097 - __main__ - INFO - Computing epoch 9 validation accuracy...
2023-04-04 06:17:14,480 - __main__ - INFO - Computing epoch 9 validation loss...
2023-04-04 06:17:17,954 - __main__ - INFO - [INFO] 2023-04-04 06:17:17.954744 Epoch [10/100] batch [1/391] loss 0.7759 lr 0.09801468428384716 acc 64.84% eta 0:56:09
2023-04-04 06:17:30,323 - __main__ - INFO - [INFO] 2023-04-04 06:17:30.323319 Epoch [10/100] batch [129/391] loss 1.1748 lr 0.09801468428384716 acc 59.38% eta 0:51:50
2023-04-04 06:17:42,839 - __main__ - INFO - [INFO] 2023-04-04 06:17:42.839128 Epoch [10/100] batch [257/391] loss 0.6748 lr 0.09801468428384716 acc 78.12% eta 0:51:44
2023-04-04 06:17:55,357 - __main__ - INFO - [INFO] 2023-04-04 06:17:55.357756 Epoch [10/100] batch [385/391] loss 0.8066 lr 0.09801468428384716 acc 61.72% eta 0:51:35
2023-04-04 06:17:55,908 - __main__ - INFO - Computing epoch 10 validation accuracy...
2023-04-04 06:17:59,218 - __main__ - INFO - Computing epoch 10 validation loss...
2023-04-04 06:18:02,562 - __main__ - INFO - [INFO] 2023-04-04 06:18:02.562550 Epoch [11/100] batch [1/391] loss 0.9453 lr 0.09755282581475769 acc 61.72% eta 0:53:23
2023-04-04 06:18:14,967 - __main__ - INFO - [INFO] 2023-04-04 06:18:14.967546 Epoch [11/100] batch [129/391] loss 0.9258 lr 0.09755282581475769 acc 69.53% eta 0:51:07
2023-04-04 06:18:27,174 - __main__ - INFO - [INFO] 2023-04-04 06:18:27.174298 Epoch [11/100] batch [257/391] loss 0.7246 lr 0.09755282581475769 acc 74.22% eta 0:50:44
2023-04-04 06:18:39,934 - __main__ - INFO - [INFO] 2023-04-04 06:18:39.934293 Epoch [11/100] batch [385/391] loss 0.9370 lr 0.09755282581475769 acc 70.31% eta 0:51:11
2023-04-04 06:18:40,526 - __main__ - INFO - Computing epoch 11 validation accuracy...
2023-04-04 06:18:43,931 - __main__ - INFO - Computing epoch 11 validation loss...
2023-04-04 06:18:47,236 - __main__ - INFO - [INFO] 2023-04-04 06:18:47.235855 Epoch [12/100] batch [1/391] loss 0.6846 lr 0.09704403844771128 acc 75.78% eta 0:57:39
2023-04-04 06:18:59,717 - __main__ - INFO - [INFO] 2023-04-04 06:18:59.716841 Epoch [12/100] batch [129/391] loss 0.7739 lr 0.09704403844771128 acc 67.19% eta 0:51:27
2023-04-04 06:19:12,038 - __main__ - INFO - [INFO] 2023-04-04 06:19:12.038452 Epoch [12/100] batch [257/391] loss 1.0039 lr 0.09704403844771128 acc 62.50% eta 0:50:48
2023-04-04 06:19:24,669 - __main__ - INFO - [INFO] 2023-04-04 06:19:24.669221 Epoch [12/100] batch [385/391] loss 0.8398 lr 0.09704403844771128 acc 69.53% eta 0:50:42
2023-04-04 06:19:25,244 - __main__ - INFO - Computing epoch 12 validation accuracy...
2023-04-04 06:19:28,578 - __main__ - INFO - Computing epoch 12 validation loss...
2023-04-04 06:19:32,012 - __main__ - INFO - [INFO] 2023-04-04 06:19:32.012146 Epoch [13/100] batch [1/391] loss 0.7959 lr 0.09648882429441258 acc 75.00% eta 0:56:07
2023-04-04 06:19:44,744 - __main__ - INFO - [INFO] 2023-04-04 06:19:44.744207 Epoch [13/100] batch [129/391] loss 0.6772 lr 0.09648882429441258 acc 58.59% eta 0:51:08
2023-04-04 06:19:57,022 - __main__ - INFO - [INFO] 2023-04-04 06:19:57.022049 Epoch [13/100] batch [257/391] loss 0.9263 lr 0.09648882429441258 acc 64.06% eta 0:49:58
2023-04-04 06:20:09,657 - __main__ - INFO - [INFO] 2023-04-04 06:20:09.657313 Epoch [13/100] batch [385/391] loss 0.7080 lr 0.09648882429441258 acc 67.97% eta 0:50:01
2023-04-04 06:20:10,221 - __main__ - INFO - Computing epoch 13 validation accuracy...
2023-04-04 06:20:13,808 - __main__ - INFO - Computing epoch 13 validation loss...
2023-04-04 06:20:17,099 - __main__ - INFO - [INFO] 2023-04-04 06:20:17.099704 Epoch [14/100] batch [1/391] loss 0.7778 lr 0.09588773128419906 acc 68.75% eta 0:56:02
2023-04-04 06:20:29,614 - __main__ - INFO - [INFO] 2023-04-04 06:20:29.614654 Epoch [14/100] batch [129/391] loss 0.7725 lr 0.09588773128419906 acc 67.19% eta 0:49:53
2023-04-04 06:20:42,071 - __main__ - INFO - [INFO] 2023-04-04 06:20:42.071236 Epoch [14/100] batch [257/391] loss 0.8403 lr 0.09588773128419906 acc 64.84% eta 0:49:31
2023-04-04 06:20:54,607 - __main__ - INFO - [INFO] 2023-04-04 06:20:54.607204 Epoch [14/100] batch [385/391] loss 0.7300 lr 0.09588773128419906 acc 76.56% eta 0:49:29
2023-04-04 06:20:55,202 - __main__ - INFO - Computing epoch 14 validation accuracy...
2023-04-04 06:20:58,701 - __main__ - INFO - Computing epoch 14 validation loss...
2023-04-04 06:21:02,078 - __main__ - INFO - [INFO] 2023-04-04 06:21:02.078433 Epoch [15/100] batch [1/391] loss 0.7734 lr 0.09524135262330098 acc 73.44% eta 0:54:31
2023-04-04 06:21:14,782 - __main__ - INFO - [INFO] 2023-04-04 06:21:14.781950 Epoch [15/100] batch [129/391] loss 0.5747 lr 0.09524135262330098 acc 70.31% eta 0:49:38
2023-04-04 06:21:27,410 - __main__ - INFO - [INFO] 2023-04-04 06:21:27.410062 Epoch [15/100] batch [257/391] loss 0.7002 lr 0.09524135262330098 acc 71.09% eta 0:49:31
2023-04-04 06:21:39,690 - __main__ - INFO - [INFO] 2023-04-04 06:21:39.689921 Epoch [15/100] batch [385/391] loss 0.7788 lr 0.09524135262330098 acc 64.06% eta 0:48:58
2023-04-04 06:21:40,224 - __main__ - INFO - Computing epoch 15 validation accuracy...
2023-04-04 06:21:43,600 - __main__ - INFO - Computing epoch 15 validation loss...
2023-04-04 06:21:46,978 - __main__ - INFO - [INFO] 2023-04-04 06:21:46.978199 Epoch [16/100] batch [1/391] loss 0.5483 lr 0.0945503262094184 acc 83.59% eta 0:51:00
2023-04-04 06:21:59,473 - __main__ - INFO - [INFO] 2023-04-04 06:21:59.473139 Epoch [16/100] batch [129/391] loss 0.9243 lr 0.0945503262094184 acc 68.75% eta 0:48:44
2023-04-04 06:22:11,984 - __main__ - INFO - [INFO] 2023-04-04 06:22:11.984517 Epoch [16/100] batch [257/391] loss 0.8701 lr 0.0945503262094184 acc 66.41% eta 0:48:34
2023-04-04 06:22:24,526 - __main__ - INFO - [INFO] 2023-04-04 06:22:24.526044 Epoch [16/100] batch [385/391] loss 0.7485 lr 0.0945503262094184 acc 76.56% eta 0:48:22
2023-04-04 06:22:25,117 - __main__ - INFO - Computing epoch 16 validation accuracy...
2023-04-04 06:22:28,548 - __main__ - INFO - Computing epoch 16 validation loss...
2023-04-04 06:22:31,860 - __main__ - INFO - [INFO] 2023-04-04 06:22:31.860372 Epoch [17/100] batch [1/391] loss 0.7271 lr 0.09381533400219319 acc 70.31% eta 0:48:16
2023-04-04 06:22:44,730 - __main__ - INFO - [INFO] 2023-04-04 06:22:44.730758 Epoch [17/100] batch [129/391] loss 0.6270 lr 0.09381533400219319 acc 77.34% eta 0:49:36
2023-04-04 06:22:57,345 - __main__ - INFO - [INFO] 2023-04-04 06:22:57.345309 Epoch [17/100] batch [257/391] loss 0.5537 lr 0.09381533400219319 acc 71.88% eta 0:48:49
2023-04-04 06:23:09,886 - __main__ - INFO - [INFO] 2023-04-04 06:23:09.885898 Epoch [17/100] batch [385/391] loss 0.7886 lr 0.09381533400219319 acc 72.66% eta 0:48:23
2023-04-04 06:23:10,450 - __main__ - INFO - Computing epoch 17 validation accuracy...
2023-04-04 06:23:13,963 - __main__ - INFO - Computing epoch 17 validation loss...
2023-04-04 06:23:17,508 - __main__ - INFO - [INFO] 2023-04-04 06:23:17.508673 Epoch [18/100] batch [1/391] loss 0.7979 lr 0.0930371013501972 acc 68.75% eta 0:55:54
2023-04-04 06:23:30,071 - __main__ - INFO - [INFO] 2023-04-04 06:23:30.071551 Epoch [18/100] batch [129/391] loss 1.0352 lr 0.0930371013501972 acc 70.31% eta 0:47:55
2023-04-04 06:23:42,667 - __main__ - INFO - [INFO] 2023-04-04 06:23:42.667165 Epoch [18/100] batch [257/391] loss 0.6846 lr 0.0930371013501972 acc 78.91% eta 0:47:44
2023-04-04 06:23:55,279 - __main__ - INFO - [INFO] 2023-04-04 06:23:55.279619 Epoch [18/100] batch [385/391] loss 0.6475 lr 0.0930371013501972 acc 78.91% eta 0:47:42
2023-04-04 06:23:55,881 - __main__ - INFO - Computing epoch 18 validation accuracy...
2023-04-04 06:23:59,262 - __main__ - INFO - Computing epoch 18 validation loss...
2023-04-04 06:24:02,693 - __main__ - INFO - [INFO] 2023-04-04 06:24:02.693049 Epoch [19/100] batch [1/391] loss 0.9570 lr 0.09221639627510078 acc 71.09% eta 0:49:43
2023-04-04 06:24:15,213 - __main__ - INFO - [INFO] 2023-04-04 06:24:15.213340 Epoch [19/100] batch [129/391] loss 0.6875 lr 0.09221639627510078 acc 71.09% eta 0:47:17
2023-04-04 06:24:27,785 - __main__ - INFO - [INFO] 2023-04-04 06:24:27.785660 Epoch [19/100] batch [257/391] loss 0.6729 lr 0.09221639627510078 acc 70.31% eta 0:47:10
2023-04-04 06:24:39,833 - __main__ - INFO - [INFO] 2023-04-04 06:24:39.832807 Epoch [19/100] batch [385/391] loss 0.7412 lr 0.09221639627510078 acc 76.56% eta 0:46:20
2023-04-04 06:24:40,366 - __main__ - INFO - Computing epoch 19 validation accuracy...
2023-04-04 06:24:43,504 - __main__ - INFO - Computing epoch 19 validation loss...
2023-04-04 06:24:46,798 - __main__ - INFO - [INFO] 2023-04-04 06:24:46.798464 Epoch [20/100] batch [1/391] loss 0.7358 lr 0.09135402871372812 acc 64.06% eta 0:47:58
2023-04-04 06:24:59,003 - __main__ - INFO - [INFO] 2023-04-04 06:24:59.003560 Epoch [20/100] batch [129/391] loss 0.5981 lr 0.09135402871372812 acc 75.00% eta 0:45:25
2023-04-04 06:25:11,286 - __main__ - INFO - [INFO] 2023-04-04 06:25:11.286106 Epoch [20/100] batch [257/391] loss 0.9648 lr 0.09135402871372812 acc 69.53% eta 0:45:07
2023-04-04 06:25:23,624 - __main__ - INFO - [INFO] 2023-04-04 06:25:23.624637 Epoch [20/100] batch [385/391] loss 0.6230 lr 0.09135402871372812 acc 74.22% eta 0:44:52
2023-04-04 06:25:24,162 - __main__ - INFO - Computing epoch 20 validation accuracy...
2023-04-04 06:25:27,416 - __main__ - INFO - Computing epoch 20 validation loss...
2023-04-04 06:25:30,860 - __main__ - INFO - [INFO] 2023-04-04 06:25:30.859846 Epoch [21/100] batch [1/391] loss 0.4878 lr 0.09045084971874741 acc 82.03% eta 0:54:06
2023-04-04 06:25:43,282 - __main__ - INFO - [INFO] 2023-04-04 06:25:43.282642 Epoch [21/100] batch [129/391] loss 0.8267 lr 0.09045084971874741 acc 80.47% eta 0:45:24
2023-04-04 06:25:55,641 - __main__ - INFO - [INFO] 2023-04-04 06:25:55.641726 Epoch [21/100] batch [257/391] loss 0.4678 lr 0.09045084971874741 acc 77.34% eta 0:45:02
2023-04-04 06:26:07,813 - __main__ - INFO - [INFO] 2023-04-04 06:26:07.813387 Epoch [21/100] batch [385/391] loss 0.6895 lr 0.09045084971874741 acc 72.66% eta 0:44:50
2023-04-04 06:26:08,390 - __main__ - INFO - Computing epoch 21 validation accuracy...
2023-04-04 06:26:11,709 - __main__ - INFO - Computing epoch 21 validation loss...
2023-04-04 06:26:15,142 - __main__ - INFO - [INFO] 2023-04-04 06:26:15.142074 Epoch [22/100] batch [1/391] loss 0.6328 lr 0.08950775061878455 acc 80.47% eta 0:52:56
2023-04-04 06:26:27,664 - __main__ - INFO - [INFO] 2023-04-04 06:26:27.663879 Epoch [22/100] batch [129/391] loss 0.8965 lr 0.08950775061878455 acc 75.78% eta 0:45:36
2023-04-04 06:26:40,188 - __main__ - INFO - [INFO] 2023-04-04 06:26:40.188296 Epoch [22/100] batch [257/391] loss 0.7822 lr 0.08950775061878455 acc 80.47% eta 0:45:12
2023-04-04 06:26:52,501 - __main__ - INFO - [INFO] 2023-04-04 06:26:52.501203 Epoch [22/100] batch [385/391] loss 0.7280 lr 0.08950775061878455 acc 69.53% eta 0:44:41
2023-04-04 06:26:53,047 - __main__ - INFO - Computing epoch 22 validation accuracy...
2023-04-04 06:26:56,251 - __main__ - INFO - Computing epoch 22 validation loss...
2023-04-04 06:26:59,570 - __main__ - INFO - [INFO] 2023-04-04 06:26:59.570866 Epoch [23/100] batch [1/391] loss 0.6846 lr 0.0885256621387895 acc 76.56% eta 0:47:30
2023-04-04 06:27:12,110 - __main__ - INFO - [INFO] 2023-04-04 06:27:12.110737 Epoch [23/100] batch [129/391] loss 0.6167 lr 0.0885256621387895 acc 76.56% eta 0:44:52
2023-04-04 06:27:24,533 - __main__ - INFO - [INFO] 2023-04-04 06:27:24.533199 Epoch [23/100] batch [257/391] loss 0.6724 lr 0.0885256621387895 acc 77.34% eta 0:44:13
2023-04-04 06:27:36,740 - __main__ - INFO - [INFO] 2023-04-04 06:27:36.740734 Epoch [23/100] batch [385/391] loss 0.7344 lr 0.0885256621387895 acc 74.22% eta 0:43:58
2023-04-04 06:27:37,331 - __main__ - INFO - Computing epoch 23 validation accuracy...
2023-04-04 06:27:40,634 - __main__ - INFO - Computing epoch 23 validation loss...
2023-04-04 06:27:44,078 - __main__ - INFO - [INFO] 2023-04-04 06:27:44.078625 Epoch [24/100] batch [1/391] loss 0.7969 lr 0.08750555348152302 acc 72.66% eta 0:49:53
2023-04-04 06:27:56,841 - __main__ - INFO - [INFO] 2023-04-04 06:27:56.841149 Epoch [24/100] batch [129/391] loss 0.5977 lr 0.08750555348152302 acc 78.12% eta 0:44:48
2023-04-04 06:28:09,215 - __main__ - INFO - [INFO] 2023-04-04 06:28:09.215448 Epoch [24/100] batch [257/391] loss 0.5806 lr 0.08750555348152302 acc 84.38% eta 0:43:57
2023-04-04 06:28:21,651 - __main__ - INFO - [INFO] 2023-04-04 06:28:21.650964 Epoch [24/100] batch [385/391] loss 0.7354 lr 0.08750555348152302 acc 76.56% eta 0:43:36
2023-04-04 06:28:22,254 - __main__ - INFO - Computing epoch 24 validation accuracy...
2023-04-04 06:28:25,773 - __main__ - INFO - Computing epoch 24 validation loss...
2023-04-04 06:28:29,191 - __main__ - INFO - [INFO] 2023-04-04 06:28:29.191452 Epoch [25/100] batch [1/391] loss 0.5015 lr 0.08644843137107061 acc 87.50% eta 0:46:20
2023-04-04 06:28:41,681 - __main__ - INFO - [INFO] 2023-04-04 06:28:41.681128 Epoch [25/100] batch [129/391] loss 0.6904 lr 0.08644843137107061 acc 71.88% eta 0:43:23
2023-04-04 06:28:54,476 - __main__ - INFO - [INFO] 2023-04-04 06:28:54.475899 Epoch [25/100] batch [257/391] loss 0.5762 lr 0.08644843137107061 acc 61.72% eta 0:43:49
2023-04-04 06:29:06,779 - __main__ - INFO - [INFO] 2023-04-04 06:29:06.779689 Epoch [25/100] batch [385/391] loss 0.7148 lr 0.08644843137107061 acc 77.34% eta 0:43:24
2023-04-04 06:29:07,361 - __main__ - INFO - Computing epoch 25 validation accuracy...
2023-04-04 06:29:10,692 - __main__ - INFO - Computing epoch 25 validation loss...
2023-04-04 06:29:14,351 - __main__ - INFO - [INFO] 2023-04-04 06:29:14.351025 Epoch [26/100] batch [1/391] loss 0.8765 lr 0.0853553390593274 acc 73.44% eta 0:55:08
2023-04-04 06:29:26,792 - __main__ - INFO - [INFO] 2023-04-04 06:29:26.792268 Epoch [26/100] batch [129/391] loss 0.7656 lr 0.0853553390593274 acc 71.88% eta 0:42:58
2023-04-04 06:29:39,422 - __main__ - INFO - [INFO] 2023-04-04 06:29:39.422518 Epoch [26/100] batch [257/391] loss 0.4988 lr 0.0853553390593274 acc 75.78% eta 0:43:08
2023-04-04 06:29:52,303 - __main__ - INFO - [INFO] 2023-04-04 06:29:52.303616 Epoch [26/100] batch [385/391] loss 0.4875 lr 0.0853553390593274 acc 78.12% eta 0:43:11
2023-04-04 06:29:52,862 - __main__ - INFO - Computing epoch 26 validation accuracy...
2023-04-04 06:29:56,111 - __main__ - INFO - Computing epoch 26 validation loss...
2023-04-04 06:29:59,460 - __main__ - INFO - [INFO] 2023-04-04 06:29:59.460674 Epoch [27/100] batch [1/391] loss 0.5708 lr 0.08422735529643446 acc 82.81% eta 0:45:30
2023-04-04 06:30:12,011 - __main__ - INFO - [INFO] 2023-04-04 06:30:12.010900 Epoch [27/100] batch [129/391] loss 0.6846 lr 0.08422735529643446 acc 64.84% eta 0:42:29
2023-04-04 06:30:24,504 - __main__ - INFO - [INFO] 2023-04-04 06:30:24.504417 Epoch [27/100] batch [257/391] loss 0.5444 lr 0.08422735529643446 acc 78.12% eta 0:42:18
2023-04-04 06:30:36,754 - __main__ - INFO - [INFO] 2023-04-04 06:30:36.754293 Epoch [27/100] batch [385/391] loss 0.6812 lr 0.08422735529643446 acc 78.12% eta 0:41:51
2023-04-04 06:30:37,290 - __main__ - INFO - Computing epoch 27 validation accuracy...
2023-04-04 06:30:40,591 - __main__ - INFO - Computing epoch 27 validation loss...
2023-04-04 06:30:43,987 - __main__ - INFO - [INFO] 2023-04-04 06:30:43.987522 Epoch [28/100] batch [1/391] loss 0.4885 lr 0.08306559326618262 acc 85.16% eta 0:42:24
2023-04-04 06:30:56,311 - __main__ - INFO - [INFO] 2023-04-04 06:30:56.310986 Epoch [28/100] batch [129/391] loss 0.6348 lr 0.08306559326618262 acc 73.44% eta 0:41:16
2023-04-04 06:31:08,600 - __main__ - INFO - [INFO] 2023-04-04 06:31:08.600602 Epoch [28/100] batch [257/391] loss 0.6152 lr 0.08306559326618262 acc 76.56% eta 0:40:58
2023-04-04 06:31:20,992 - __main__ - INFO - [INFO] 2023-04-04 06:31:20.991995 Epoch [28/100] batch [385/391] loss 0.7017 lr 0.08306559326618262 acc 72.66% eta 0:40:47
2023-04-04 06:31:21,538 - __main__ - INFO - Computing epoch 28 validation accuracy...
2023-04-04 06:31:24,768 - __main__ - INFO - Computing epoch 28 validation loss...
2023-04-04 06:31:28,160 - __main__ - INFO - [INFO] 2023-04-04 06:31:28.160824 Epoch [29/100] batch [1/391] loss 0.5254 lr 0.08187119948743452 acc 82.81% eta 0:42:47
2023-04-04 06:31:40,694 - __main__ - INFO - [INFO] 2023-04-04 06:31:40.694342 Epoch [29/100] batch [129/391] loss 0.6543 lr 0.08187119948743452 acc 72.66% eta 0:41:14
2023-04-04 06:31:53,123 - __main__ - INFO - [INFO] 2023-04-04 06:31:53.123578 Epoch [29/100] batch [257/391] loss 0.5771 lr 0.08187119948743452 acc 86.72% eta 0:40:59
2023-04-04 06:32:05,870 - __main__ - INFO - [INFO] 2023-04-04 06:32:05.869838 Epoch [29/100] batch [385/391] loss 0.6899 lr 0.08187119948743452 acc 74.22% eta 0:41:03
2023-04-04 06:32:06,436 - __main__ - INFO - Computing epoch 29 validation accuracy...
2023-04-04 06:32:09,750 - __main__ - INFO - Computing epoch 29 validation loss...
2023-04-04 06:32:13,178 - __main__ - INFO - [INFO] 2023-04-04 06:32:13.178584 Epoch [30/100] batch [1/391] loss 0.4644 lr 0.08064535268264886 acc 77.34% eta 0:42:38
2023-04-04 06:32:25,768 - __main__ - INFO - [INFO] 2023-04-04 06:32:25.768721 Epoch [30/100] batch [129/391] loss 0.7793 lr 0.08064535268264886 acc 73.44% eta 0:40:38
2023-04-04 06:32:38,232 - __main__ - INFO - [INFO] 2023-04-04 06:32:38.232505 Epoch [30/100] batch [257/391] loss 0.6313 lr 0.08064535268264886 acc 77.34% eta 0:40:02
2023-04-04 06:32:50,829 - __main__ - INFO - [INFO] 2023-04-04 06:32:50.828908 Epoch [30/100] batch [385/391] loss 0.6001 lr 0.08064535268264886 acc 64.06% eta 0:39:59
2023-04-04 06:32:51,368 - __main__ - INFO - Computing epoch 30 validation accuracy...
2023-04-04 06:32:54,715 - __main__ - INFO - Computing epoch 30 validation loss...
2023-04-04 06:32:58,193 - __main__ - INFO - [INFO] 2023-04-04 06:32:58.193168 Epoch [31/100] batch [1/391] loss 0.5747 lr 0.0793892626146237 acc 80.47% eta 0:43:42
2023-04-04 06:33:10,368 - __main__ - INFO - [INFO] 2023-04-04 06:33:10.368749 Epoch [31/100] batch [129/391] loss 0.6689 lr 0.0793892626146237 acc 74.22% eta 0:38:44
2023-04-04 06:33:22,533 - __main__ - INFO - [INFO] 2023-04-04 06:33:22.533733 Epoch [31/100] batch [257/391] loss 0.5684 lr 0.0793892626146237 acc 83.59% eta 0:38:52
2023-04-04 06:33:34,765 - __main__ - INFO - [INFO] 2023-04-04 06:33:34.765077 Epoch [31/100] batch [385/391] loss 0.7183 lr 0.0793892626146237 acc 80.47% eta 0:38:42
2023-04-04 06:33:35,324 - __main__ - INFO - Computing epoch 31 validation accuracy...
2023-04-04 06:33:38,801 - __main__ - INFO - Computing epoch 31 validation loss...
2023-04-04 06:33:42,211 - __main__ - INFO - [INFO] 2023-04-04 06:33:42.211179 Epoch [32/100] batch [1/391] loss 0.5464 lr 0.07810416889260657 acc 83.59% eta 0:41:52
2023-04-04 06:33:54,668 - __main__ - INFO - [INFO] 2023-04-04 06:33:54.668408 Epoch [32/100] batch [129/391] loss 0.5679 lr 0.07810416889260657 acc 82.03% eta 0:39:14
2023-04-04 06:34:07,058 - __main__ - INFO - [INFO] 2023-04-04 06:34:07.057958 Epoch [32/100] batch [257/391] loss 0.6479 lr 0.07810416889260657 acc 75.78% eta 0:39:01
2023-04-04 06:34:19,584 - __main__ - INFO - [INFO] 2023-04-04 06:34:19.584403 Epoch [32/100] batch [385/391] loss 0.6729 lr 0.07810416889260657 acc 85.94% eta 0:39:00
2023-04-04 06:34:20,183 - __main__ - INFO - Computing epoch 32 validation accuracy...
2023-04-04 06:34:23,459 - __main__ - INFO - Computing epoch 32 validation loss...
2023-04-04 06:34:26,889 - __main__ - INFO - [INFO] 2023-04-04 06:34:26.889845 Epoch [33/100] batch [1/391] loss 0.5107 lr 0.07679133974894986 acc 79.69% eta 0:39:22
2023-04-04 06:34:39,431 - __main__ - INFO - [INFO] 2023-04-04 06:34:39.431342 Epoch [33/100] batch [129/391] loss 0.5757 lr 0.07679133974894986 acc 82.03% eta 0:38:44
2023-04-04 06:34:51,700 - __main__ - INFO - [INFO] 2023-04-04 06:34:51.700617 Epoch [33/100] batch [257/391] loss 0.5962 lr 0.07679133974894986 acc 82.03% eta 0:38:26
2023-04-04 06:35:04,380 - __main__ - INFO - [INFO] 2023-04-04 06:35:04.380293 Epoch [33/100] batch [385/391] loss 0.6572 lr 0.07679133974894986 acc 85.16% eta 0:38:29
2023-04-04 06:35:04,960 - __main__ - INFO - Computing epoch 33 validation accuracy...
2023-04-04 06:35:08,232 - __main__ - INFO - Computing epoch 33 validation loss...
2023-04-04 06:35:11,543 - __main__ - INFO - [INFO] 2023-04-04 06:35:11.543302 Epoch [34/100] batch [1/391] loss 0.5874 lr 0.0754520707875186 acc 85.16% eta 0:40:30
2023-04-04 06:35:24,141 - __main__ - INFO - [INFO] 2023-04-04 06:35:24.141101 Epoch [34/100] batch [129/391] loss 0.4727 lr 0.0754520707875186 acc 70.31% eta 0:38:20
2023-04-04 06:35:36,729 - __main__ - INFO - [INFO] 2023-04-04 06:35:36.728823 Epoch [34/100] batch [257/391] loss 0.5898 lr 0.0754520707875186 acc 75.78% eta 0:38:04
2023-04-04 06:35:49,007 - __main__ - INFO - [INFO] 2023-04-04 06:35:49.007709 Epoch [34/100] batch [385/391] loss 0.5337 lr 0.0754520707875186 acc 81.25% eta 0:37:39
2023-04-04 06:35:49,557 - __main__ - INFO - Computing epoch 34 validation accuracy...
2023-04-04 06:35:52,908 - __main__ - INFO - Computing epoch 34 validation loss...
2023-04-04 06:35:56,353 - __main__ - INFO - [INFO] 2023-04-04 06:35:56.353217 Epoch [35/100] batch [1/391] loss 0.4976 lr 0.0740876837050858 acc 86.72% eta 0:41:22
2023-04-04 06:36:08,779 - __main__ - INFO - [INFO] 2023-04-04 06:36:08.779191 Epoch [35/100] batch [129/391] loss 0.6128 lr 0.0740876837050858 acc 79.69% eta 0:37:37
2023-04-04 06:36:21,222 - __main__ - INFO - [INFO] 2023-04-04 06:36:21.222631 Epoch [35/100] batch [257/391] loss 0.4277 lr 0.0740876837050858 acc 78.12% eta 0:37:30
2023-04-04 06:36:34,030 - __main__ - INFO - [INFO] 2023-04-04 06:36:34.030108 Epoch [35/100] batch [385/391] loss 0.7778 lr 0.0740876837050858 acc 75.78% eta 0:37:35
2023-04-04 06:36:34,631 - __main__ - INFO - Computing epoch 35 validation accuracy...
2023-04-04 06:36:37,983 - __main__ - INFO - Computing epoch 35 validation loss...
2023-04-04 06:36:41,367 - __main__ - INFO - [INFO] 2023-04-04 06:36:41.367114 Epoch [36/100] batch [1/391] loss 0.6929 lr 0.07269952498697738 acc 71.88% eta 0:38:13
2023-04-04 06:36:53,976 - __main__ - INFO - [INFO] 2023-04-04 06:36:53.975973 Epoch [36/100] batch [129/391] loss 0.6592 lr 0.07269952498697738 acc 75.00% eta 0:37:18
2023-04-04 06:37:06,272 - __main__ - INFO - [INFO] 2023-04-04 06:37:06.271886 Epoch [36/100] batch [257/391] loss 0.6489 lr 0.07269952498697738 acc 79.69% eta 0:36:44
2023-04-04 06:37:19,310 - __main__ - INFO - [INFO] 2023-04-04 06:37:19.310114 Epoch [36/100] batch [385/391] loss 0.5063 lr 0.07269952498697738 acc 78.91% eta 0:37:17
2023-04-04 06:37:19,871 - __main__ - INFO - Computing epoch 36 validation accuracy...
2023-04-04 06:37:23,182 - __main__ - INFO - Computing epoch 36 validation loss...
2023-04-04 06:37:26,588 - __main__ - INFO - [INFO] 2023-04-04 06:37:26.588345 Epoch [37/100] batch [1/391] loss 0.4744 lr 0.07128896457825366 acc 80.47% eta 0:38:50
2023-04-04 06:37:38,850 - __main__ - INFO - [INFO] 2023-04-04 06:37:38.850272 Epoch [37/100] batch [129/391] loss 0.6499 lr 0.07128896457825366 acc 81.25% eta 0:36:04
2023-04-04 06:37:51,306 - __main__ - INFO - [INFO] 2023-04-04 06:37:51.306188 Epoch [37/100] batch [257/391] loss 0.4490 lr 0.07128896457825366 acc 84.38% eta 0:36:05
2023-04-04 06:38:03,703 - __main__ - INFO - [INFO] 2023-04-04 06:38:03.703018 Epoch [37/100] batch [385/391] loss 0.6802 lr 0.07128896457825366 acc 77.34% eta 0:35:57
2023-04-04 06:38:04,286 - __main__ - INFO - Computing epoch 37 validation accuracy...
2023-04-04 06:38:07,535 - __main__ - INFO - Computing epoch 37 validation loss...
2023-04-04 06:38:10,927 - __main__ - INFO - [INFO] 2023-04-04 06:38:10.927674 Epoch [38/100] batch [1/391] loss 0.4070 lr 0.06985739453173906 acc 85.94% eta 0:38:19
2023-04-04 06:38:23,512 - __main__ - INFO - [INFO] 2023-04-04 06:38:23.512392 Epoch [38/100] batch [129/391] loss 0.4329 lr 0.06985739453173906 acc 90.62% eta 0:36:23
2023-04-04 06:38:35,845 - __main__ - INFO - [INFO] 2023-04-04 06:38:35.845555 Epoch [38/100] batch [257/391] loss 0.5215 lr 0.06985739453173906 acc 73.44% eta 0:35:35
2023-04-04 06:38:48,131 - __main__ - INFO - [INFO] 2023-04-04 06:38:48.131493 Epoch [38/100] batch [385/391] loss 0.5483 lr 0.06985739453173906 acc 82.03% eta 0:35:17
2023-04-04 06:38:48,671 - __main__ - INFO - Computing epoch 38 validation accuracy...
2023-04-04 06:38:52,210 - __main__ - INFO - Computing epoch 38 validation loss...
2023-04-04 06:38:55,655 - __main__ - INFO - [INFO] 2023-04-04 06:38:55.655527 Epoch [39/100] batch [1/391] loss 0.5132 lr 0.06840622763423394 acc 81.25% eta 0:37:38
2023-04-04 06:39:07,938 - __main__ - INFO - [INFO] 2023-04-04 06:39:07.937995 Epoch [39/100] batch [129/391] loss 0.3899 lr 0.06840622763423394 acc 81.25% eta 0:35:24
2023-04-04 06:39:20,451 - __main__ - INFO - [INFO] 2023-04-04 06:39:20.451574 Epoch [39/100] batch [257/391] loss 0.5249 lr 0.06840622763423394 acc 78.12% eta 0:35:14
2023-04-04 06:39:33,018 - __main__ - INFO - [INFO] 2023-04-04 06:39:33.018406 Epoch [39/100] batch [385/391] loss 0.5942 lr 0.06840622763423394 acc 81.25% eta 0:35:03
2023-04-04 06:39:33,575 - __main__ - INFO - Computing epoch 39 validation accuracy...
2023-04-04 06:39:36,855 - __main__ - INFO - Computing epoch 39 validation loss...
2023-04-04 06:39:40,320 - __main__ - INFO - [INFO] 2023-04-04 06:39:40.320693 Epoch [40/100] batch [1/391] loss 0.4106 lr 0.06693689601226462 acc 85.94% eta 0:38:04
2023-04-04 06:39:52,591 - __main__ - INFO - [INFO] 2023-04-04 06:39:52.591745 Epoch [40/100] batch [129/391] loss 0.5874 lr 0.06693689601226462 acc 77.34% eta 0:33:59
2023-04-04 06:40:05,018 - __main__ - INFO - [INFO] 2023-04-04 06:40:05.017977 Epoch [40/100] batch [257/391] loss 0.7842 lr 0.06693689601226462 acc 74.22% eta 0:34:09
2023-04-04 06:40:17,262 - __main__ - INFO - [INFO] 2023-04-04 06:40:17.262256 Epoch [40/100] batch [385/391] loss 0.4893 lr 0.06693689601226462 acc 84.38% eta 0:33:41
2023-04-04 06:40:17,821 - __main__ - INFO - Computing epoch 40 validation accuracy...
2023-04-04 06:40:21,104 - __main__ - INFO - Computing epoch 40 validation loss...
2023-04-04 06:40:24,605 - __main__ - INFO - [INFO] 2023-04-04 06:40:24.605363 Epoch [41/100] batch [1/391] loss 0.4417 lr 0.06545084971874741 acc 86.72% eta 0:36:03
2023-04-04 06:40:36,657 - __main__ - INFO - [INFO] 2023-04-04 06:40:36.657568 Epoch [41/100] batch [129/391] loss 0.6377 lr 0.06545084971874741 acc 77.34% eta 0:33:24
2023-04-04 06:40:48,990 - __main__ - INFO - [INFO] 2023-04-04 06:40:48.989866 Epoch [41/100] batch [257/391] loss 0.5547 lr 0.06545084971874741 acc 82.81% eta 0:33:16
2023-04-04 06:41:01,437 - __main__ - INFO - [INFO] 2023-04-04 06:41:01.437452 Epoch [41/100] batch [385/391] loss 0.5688 lr 0.06545084971874741 acc 81.25% eta 0:33:15
2023-04-04 06:41:01,997 - __main__ - INFO - Computing epoch 41 validation accuracy...
2023-04-04 06:41:05,230 - __main__ - INFO - Computing epoch 41 validation loss...
2023-04-04 06:41:08,741 - __main__ - INFO - [INFO] 2023-04-04 06:41:08.740933 Epoch [42/100] batch [1/391] loss 0.4495 lr 0.06394955530196152 acc 87.50% eta 0:34:07
2023-04-04 06:41:21,600 - __main__ - INFO - [INFO] 2023-04-04 06:41:21.599812 Epoch [42/100] batch [129/391] loss 0.4302 lr 0.06394955530196152 acc 88.28% eta 0:34:44
2023-04-04 06:41:33,925 - __main__ - INFO - [INFO] 2023-04-04 06:41:33.925110 Epoch [42/100] batch [257/391] loss 0.4165 lr 0.06394955530196152 acc 79.69% eta 0:33:44
2023-04-04 06:41:46,409 - __main__ - INFO - [INFO] 2023-04-04 06:41:46.409165 Epoch [42/100] batch [385/391] loss 0.4329 lr 0.06394955530196152 acc 88.28% eta 0:33:34
2023-04-04 06:41:47,003 - __main__ - INFO - Computing epoch 42 validation accuracy...
2023-04-04 06:41:50,306 - __main__ - INFO - Computing epoch 42 validation loss...
2023-04-04 06:41:53,775 - __main__ - INFO - [INFO] 2023-04-04 06:41:53.775594 Epoch [43/100] batch [1/391] loss 0.4788 lr 0.062434494358242776 acc 85.94% eta 0:36:43
2023-04-04 06:42:06,401 - __main__ - INFO - [INFO] 2023-04-04 06:42:06.401604 Epoch [43/100] batch [129/391] loss 0.3435 lr 0.062434494358242776 acc 89.06% eta 0:33:47
2023-04-04 06:42:19,086 - __main__ - INFO - [INFO] 2023-04-04 06:42:19.086657 Epoch [43/100] batch [257/391] loss 0.2450 lr 0.062434494358242776 acc 92.19% eta 0:33:29
2023-04-04 06:42:31,298 - __main__ - INFO - [INFO] 2023-04-04 06:42:31.298710 Epoch [43/100] batch [385/391] loss 0.4907 lr 0.062434494358242776 acc 78.91% eta 0:32:56
2023-04-04 06:42:31,839 - __main__ - INFO - Computing epoch 43 validation accuracy...
2023-04-04 06:42:35,234 - __main__ - INFO - Computing epoch 43 validation loss...
2023-04-04 06:42:38,659 - __main__ - INFO - [INFO] 2023-04-04 06:42:38.659510 Epoch [44/100] batch [1/391] loss 0.5259 lr 0.06090716206982718 acc 82.81% eta 0:33:00
2023-04-04 06:42:51,201 - __main__ - INFO - [INFO] 2023-04-04 06:42:51.201421 Epoch [44/100] batch [129/391] loss 0.5146 lr 0.06090716206982718 acc 82.03% eta 0:32:38
2023-04-04 06:43:03,829 - __main__ - INFO - [INFO] 2023-04-04 06:43:03.828999 Epoch [44/100] batch [257/391] loss 0.5459 lr 0.06090716206982718 acc 79.69% eta 0:32:21
2023-04-04 06:43:16,387 - __main__ - INFO - [INFO] 2023-04-04 06:43:16.387465 Epoch [44/100] batch [385/391] loss 0.5386 lr 0.06090716206982718 acc 82.81% eta 0:32:14
2023-04-04 06:43:16,959 - __main__ - INFO - Computing epoch 44 validation accuracy...
2023-04-04 06:43:20,306 - __main__ - INFO - Computing epoch 44 validation loss...
2023-04-04 06:43:23,778 - __main__ - INFO - [INFO] 2023-04-04 06:43:23.777951 Epoch [45/100] batch [1/391] loss 0.3970 lr 0.05936906572928628 acc 85.16% eta 0:39:10
2023-04-04 06:43:36,140 - __main__ - INFO - [INFO] 2023-04-04 06:43:36.140099 Epoch [45/100] batch [129/391] loss 0.3206 lr 0.05936906572928628 acc 78.12% eta 0:32:06
2023-04-04 06:43:48,649 - __main__ - INFO - [INFO] 2023-04-04 06:43:48.649401 Epoch [45/100] batch [257/391] loss 0.4585 lr 0.05936906572928628 acc 85.94% eta 0:31:56
2023-04-04 06:44:01,009 - __main__ - INFO - [INFO] 2023-04-04 06:44:01.008963 Epoch [45/100] batch [385/391] loss 0.6528 lr 0.05936906572928628 acc 82.03% eta 0:31:44
2023-04-04 06:44:01,597 - __main__ - INFO - Computing epoch 45 validation accuracy...
2023-04-04 06:44:04,817 - __main__ - INFO - Computing epoch 45 validation loss...
2023-04-04 06:44:08,140 - __main__ - INFO - [INFO] 2023-04-04 06:44:08.140512 Epoch [46/100] batch [1/391] loss 0.4727 lr 0.05782172325201159 acc 76.56% eta 0:31:41
2023-04-04 06:44:20,799 - __main__ - INFO - [INFO] 2023-04-04 06:44:20.799358 Epoch [46/100] batch [129/391] loss 0.6123 lr 0.05782172325201159 acc 83.59% eta 0:31:35
2023-04-04 06:44:33,304 - __main__ - INFO - [INFO] 2023-04-04 06:44:33.304111 Epoch [46/100] batch [257/391] loss 0.4692 lr 0.05782172325201159 acc 83.59% eta 0:31:18
2023-04-04 06:44:45,770 - __main__ - INFO - [INFO] 2023-04-04 06:44:45.770550 Epoch [46/100] batch [385/391] loss 0.4287 lr 0.05782172325201159 acc 83.59% eta 0:31:08
2023-04-04 06:44:46,343 - __main__ - INFO - Computing epoch 46 validation accuracy...
2023-04-04 06:44:49,783 - __main__ - INFO - Computing epoch 46 validation loss...
2023-04-04 06:44:53,228 - __main__ - INFO - [INFO] 2023-04-04 06:44:53.228062 Epoch [47/100] batch [1/391] loss 0.4646 lr 0.056266661678215264 acc 86.72% eta 0:32:59
2023-04-04 06:45:05,661 - __main__ - INFO - [INFO] 2023-04-04 06:45:05.661618 Epoch [47/100] batch [129/391] loss 0.3855 lr 0.056266661678215264 acc 85.94% eta 0:30:49
2023-04-04 06:45:18,042 - __main__ - INFO - [INFO] 2023-04-04 06:45:18.042209 Epoch [47/100] batch [257/391] loss 0.4355 lr 0.056266661678215264 acc 88.28% eta 0:30:30
2023-04-04 06:45:30,685 - __main__ - INFO - [INFO] 2023-04-04 06:45:30.684863 Epoch [47/100] batch [385/391] loss 0.3997 lr 0.056266661678215264 acc 86.72% eta 0:30:28
2023-04-04 06:45:31,228 - __main__ - INFO - Computing epoch 47 validation accuracy...
2023-04-04 06:45:34,516 - __main__ - INFO - Computing epoch 47 validation loss...
2023-04-04 06:45:37,823 - __main__ - INFO - [INFO] 2023-04-04 06:45:37.822829 Epoch [48/100] batch [1/391] loss 0.4573 lr 0.05470541566592575 acc 84.38% eta 0:31:37
2023-04-04 06:45:50,252 - __main__ - INFO - [INFO] 2023-04-04 06:45:50.252219 Epoch [48/100] batch [129/391] loss 0.4092 lr 0.05470541566592575 acc 87.50% eta 0:30:19
2023-04-04 06:46:02,935 - __main__ - INFO - [INFO] 2023-04-04 06:46:02.935287 Epoch [48/100] batch [257/391] loss 0.5132 lr 0.05470541566592575 acc 84.38% eta 0:30:13
2023-04-04 06:46:15,517 - __main__ - INFO - [INFO] 2023-04-04 06:46:15.517301 Epoch [48/100] batch [385/391] loss 0.6138 lr 0.05470541566592575 acc 80.47% eta 0:30:09
2023-04-04 06:46:16,060 - __main__ - INFO - Computing epoch 48 validation accuracy...
2023-04-04 06:46:19,299 - __main__ - INFO - Computing epoch 48 validation loss...
2023-04-04 06:46:22,683 - __main__ - INFO - [INFO] 2023-04-04 06:46:22.683642 Epoch [49/100] batch [1/391] loss 0.6255 lr 0.053139525976465714 acc 83.59% eta 0:31:58
2023-04-04 06:46:35,238 - __main__ - INFO - [INFO] 2023-04-04 06:46:35.238649 Epoch [49/100] batch [129/391] loss 0.2837 lr 0.053139525976465714 acc 89.06% eta 0:29:47
2023-04-04 06:46:47,780 - __main__ - INFO - [INFO] 2023-04-04 06:46:47.780731 Epoch [49/100] batch [257/391] loss 0.6899 lr 0.053139525976465714 acc 83.59% eta 0:29:33
2023-04-04 06:47:00,344 - __main__ - INFO - [INFO] 2023-04-04 06:47:00.344454 Epoch [49/100] batch [385/391] loss 0.4014 lr 0.053139525976465714 acc 82.81% eta 0:29:25
2023-04-04 06:47:00,889 - __main__ - INFO - Computing epoch 49 validation accuracy...
2023-04-04 06:47:04,200 - __main__ - INFO - Computing epoch 49 validation loss...
2023-04-04 06:47:07,662 - __main__ - INFO - [INFO] 2023-04-04 06:47:07.662092 Epoch [50/100] batch [1/391] loss 0.3752 lr 0.05157053795390645 acc 88.28% eta 0:33:02
2023-04-04 06:47:19,947 - __main__ - INFO - [INFO] 2023-04-04 06:47:19.947763 Epoch [50/100] batch [129/391] loss 0.4470 lr 0.05157053795390645 acc 85.94% eta 0:28:40
2023-04-04 06:47:32,348 - __main__ - INFO - [INFO] 2023-04-04 06:47:32.348137 Epoch [50/100] batch [257/391] loss 0.6016 lr 0.05157053795390645 acc 82.03% eta 0:28:36
2023-04-04 06:47:44,622 - __main__ - INFO - [INFO] 2023-04-04 06:47:44.622313 Epoch [50/100] batch [385/391] loss 0.4556 lr 0.05157053795390645 acc 83.59% eta 0:28:30
2023-04-04 06:47:45,167 - __main__ - INFO - Computing epoch 50 validation accuracy...
2023-04-04 06:47:48,512 - __main__ - INFO - Computing epoch 50 validation loss...
2023-04-04 06:47:51,924 - __main__ - INFO - [INFO] 2023-04-04 06:47:51.923916 Epoch [51/100] batch [1/391] loss 0.5024 lr 0.05000000000000004 acc 85.16% eta 0:30:08
2023-04-04 06:48:04,459 - __main__ - INFO - [INFO] 2023-04-04 06:48:04.458995 Epoch [51/100] batch [129/391] loss 0.5117 lr 0.05000000000000004 acc 88.28% eta 0:28:41
2023-04-04 06:48:16,998 - __main__ - INFO - [INFO] 2023-04-04 06:48:16.998438 Epoch [51/100] batch [257/391] loss 0.4778 lr 0.05000000000000004 acc 89.06% eta 0:28:29
2023-04-04 06:48:29,678 - __main__ - INFO - [INFO] 2023-04-04 06:48:29.678376 Epoch [51/100] batch [385/391] loss 0.4338 lr 0.05000000000000004 acc 86.72% eta 0:28:24
2023-04-04 06:48:30,251 - __main__ - INFO - Computing epoch 51 validation accuracy...
2023-04-04 06:48:33,481 - __main__ - INFO - Computing epoch 51 validation loss...
2023-04-04 06:48:36,894 - __main__ - INFO - [INFO] 2023-04-04 06:48:36.893922 Epoch [52/100] batch [1/391] loss 0.4041 lr 0.04842946204609362 acc 89.84% eta 0:29:58
2023-04-04 06:48:49,293 - __main__ - INFO - [INFO] 2023-04-04 06:48:49.293350 Epoch [52/100] batch [129/391] loss 0.3567 lr 0.04842946204609362 acc 87.50% eta 0:27:53
2023-04-04 06:49:01,773 - __main__ - INFO - [INFO] 2023-04-04 06:49:01.773519 Epoch [52/100] batch [257/391] loss 0.3054 lr 0.04842946204609362 acc 85.94% eta 0:27:43
2023-04-04 06:49:14,543 - __main__ - INFO - [INFO] 2023-04-04 06:49:14.543710 Epoch [52/100] batch [385/391] loss 0.5210 lr 0.04842946204609362 acc 84.38% eta 0:27:52
2023-04-04 06:49:15,094 - __main__ - INFO - Computing epoch 52 validation accuracy...
2023-04-04 06:49:18,482 - __main__ - INFO - Computing epoch 52 validation loss...
2023-04-04 06:49:21,969 - __main__ - INFO - [INFO] 2023-04-04 06:49:21.969002 Epoch [53/100] batch [1/391] loss 0.4167 lr 0.04686047402353437 acc 91.41% eta 0:28:10
2023-04-04 06:49:34,578 - __main__ - INFO - [INFO] 2023-04-04 06:49:34.578118 Epoch [53/100] batch [129/391] loss 0.3628 lr 0.04686047402353437 acc 89.06% eta 0:27:33
2023-04-04 06:49:47,171 - __main__ - INFO - [INFO] 2023-04-04 06:49:47.171556 Epoch [53/100] batch [257/391] loss 0.6118 lr 0.04686047402353437 acc 83.59% eta 0:27:20
2023-04-04 06:49:59,609 - __main__ - INFO - [INFO] 2023-04-04 06:49:59.609357 Epoch [53/100] batch [385/391] loss 0.4382 lr 0.04686047402353437 acc 92.97% eta 0:27:04
2023-04-04 06:50:00,234 - __main__ - INFO - Computing epoch 53 validation accuracy...
2023-04-04 06:50:03,590 - __main__ - INFO - Computing epoch 53 validation loss...
2023-04-04 06:50:06,960 - __main__ - INFO - [INFO] 2023-04-04 06:50:06.959899 Epoch [54/100] batch [1/391] loss 0.3496 lr 0.045294584334074316 acc 85.16% eta 0:30:13
2023-04-04 06:50:19,530 - __main__ - INFO - [INFO] 2023-04-04 06:50:19.529836 Epoch [54/100] batch [129/391] loss 0.4231 lr 0.045294584334074316 acc 82.81% eta 0:26:37
2023-04-04 06:50:31,679 - __main__ - INFO - [INFO] 2023-04-04 06:50:31.679088 Epoch [54/100] batch [257/391] loss 0.5029 lr 0.045294584334074316 acc 86.72% eta 0:26:16
2023-04-04 06:50:44,108 - __main__ - INFO - [INFO] 2023-04-04 06:50:44.108705 Epoch [54/100] batch [385/391] loss 0.4036 lr 0.045294584334074316 acc 89.84% eta 0:26:11
2023-04-04 06:50:44,666 - __main__ - INFO - Computing epoch 54 validation accuracy...
2023-04-04 06:50:47,983 - __main__ - INFO - Computing epoch 54 validation loss...
2023-04-04 06:50:51,441 - __main__ - INFO - [INFO] 2023-04-04 06:50:51.441446 Epoch [55/100] batch [1/391] loss 0.4216 lr 0.043733338321784825 acc 74.22% eta 0:26:48
2023-04-04 06:51:03,839 - __main__ - INFO - [INFO] 2023-04-04 06:51:03.839455 Epoch [55/100] batch [129/391] loss 0.4280 lr 0.043733338321784825 acc 89.84% eta 0:25:54
2023-04-04 06:51:16,144 - __main__ - INFO - [INFO] 2023-04-04 06:51:16.144405 Epoch [55/100] batch [257/391] loss 0.3679 lr 0.043733338321784825 acc 90.62% eta 0:25:34
2023-04-04 06:51:28,763 - __main__ - INFO - [INFO] 2023-04-04 06:51:28.763295 Epoch [55/100] batch [385/391] loss 0.3767 lr 0.043733338321784825 acc 91.41% eta 0:25:37
2023-04-04 06:51:29,336 - __main__ - INFO - Computing epoch 55 validation accuracy...
2023-04-04 06:51:32,578 - __main__ - INFO - Computing epoch 55 validation loss...
2023-04-04 06:51:35,922 - __main__ - INFO - [INFO] 2023-04-04 06:51:35.921886 Epoch [56/100] batch [1/391] loss 0.2847 lr 0.042178276747988484 acc 86.72% eta 0:26:02
2023-04-04 06:51:48,158 - __main__ - INFO - [INFO] 2023-04-04 06:51:48.158313 Epoch [56/100] batch [129/391] loss 0.2227 lr 0.042178276747988484 acc 92.19% eta 0:25:07
2023-04-04 06:52:00,379 - __main__ - INFO - [INFO] 2023-04-04 06:52:00.379099 Epoch [56/100] batch [257/391] loss 0.3174 lr 0.042178276747988484 acc 88.28% eta 0:25:04
2023-04-04 06:52:12,752 - __main__ - INFO - [INFO] 2023-04-04 06:52:12.752147 Epoch [56/100] batch [385/391] loss 0.5195 lr 0.042178276747988484 acc 84.38% eta 0:24:58
2023-04-04 06:52:13,322 - __main__ - INFO - Computing epoch 56 validation accuracy...
2023-04-04 06:52:16,656 - __main__ - INFO - Computing epoch 56 validation loss...
2023-04-04 06:52:20,125 - __main__ - INFO - [INFO] 2023-04-04 06:52:20.125712 Epoch [57/100] batch [1/391] loss 0.3853 lr 0.0406309342707138 acc 78.12% eta 0:28:47
2023-04-04 06:52:32,877 - __main__ - INFO - [INFO] 2023-04-04 06:52:32.877105 Epoch [57/100] batch [129/391] loss 0.5015 lr 0.0406309342707138 acc 85.16% eta 0:25:37
2023-04-04 06:52:45,802 - __main__ - INFO - [INFO] 2023-04-04 06:52:45.802710 Epoch [57/100] batch [257/391] loss 0.5107 lr 0.0406309342707138 acc 87.50% eta 0:25:28
2023-04-04 06:52:58,413 - __main__ - INFO - [INFO] 2023-04-04 06:52:58.412954 Epoch [57/100] batch [385/391] loss 0.3232 lr 0.0406309342707138 acc 85.94% eta 0:25:16
2023-04-04 06:52:58,959 - __main__ - INFO - Computing epoch 57 validation accuracy...
2023-04-04 06:53:02,377 - __main__ - INFO - Computing epoch 57 validation loss...
2023-04-04 06:53:05,958 - __main__ - INFO - [INFO] 2023-04-04 06:53:05.958054 Epoch [58/100] batch [1/391] loss 0.3655 lr 0.039092837930172916 acc 88.28% eta 0:27:53
2023-04-04 06:53:18,631 - __main__ - INFO - [INFO] 2023-04-04 06:53:18.631403 Epoch [58/100] batch [129/391] loss 0.5117 lr 0.039092837930172916 acc 87.50% eta 0:24:57
2023-04-04 06:53:30,915 - __main__ - INFO - [INFO] 2023-04-04 06:53:30.915375 Epoch [58/100] batch [257/391] loss 0.3845 lr 0.039092837930172916 acc 88.28% eta 0:24:29
2023-04-04 06:53:43,408 - __main__ - INFO - [INFO] 2023-04-04 06:53:43.407971 Epoch [58/100] batch [385/391] loss 0.3296 lr 0.039092837930172916 acc 93.75% eta 0:24:12
2023-04-04 06:53:43,997 - __main__ - INFO - Computing epoch 58 validation accuracy...
2023-04-04 06:53:47,389 - __main__ - INFO - Computing epoch 58 validation loss...
2023-04-04 06:53:50,785 - __main__ - INFO - [INFO] 2023-04-04 06:53:50.785259 Epoch [59/100] batch [1/391] loss 0.3057 lr 0.037565505641757285 acc 96.09% eta 0:27:35
2023-04-04 06:54:03,490 - __main__ - INFO - [INFO] 2023-04-04 06:54:03.490108 Epoch [59/100] batch [129/391] loss 0.3533 lr 0.037565505641757285 acc 90.62% eta 0:24:22
2023-04-04 06:54:16,164 - __main__ - INFO - [INFO] 2023-04-04 06:54:16.164646 Epoch [59/100] batch [257/391] loss 0.2595 lr 0.037565505641757285 acc 87.50% eta 0:24:06
2023-04-04 06:54:28,990 - __main__ - INFO - [INFO] 2023-04-04 06:54:28.990750 Epoch [59/100] batch [385/391] loss 0.3167 lr 0.037565505641757285 acc 90.62% eta 0:23:57
2023-04-04 06:54:29,554 - __main__ - INFO - Computing epoch 59 validation accuracy...
2023-04-04 06:54:32,897 - __main__ - INFO - Computing epoch 59 validation loss...
2023-04-04 06:54:36,208 - __main__ - INFO - [INFO] 2023-04-04 06:54:36.208621 Epoch [60/100] batch [1/391] loss 0.3120 lr 0.03605044469803857 acc 89.84% eta 0:23:59
2023-04-04 06:54:48,379 - __main__ - INFO - [INFO] 2023-04-04 06:54:48.379727 Epoch [60/100] batch [129/391] loss 0.2661 lr 0.03605044469803857 acc 93.75% eta 0:23:05
2023-04-04 06:55:00,791 - __main__ - INFO - [INFO] 2023-04-04 06:55:00.790797 Epoch [60/100] batch [257/391] loss 0.2422 lr 0.03605044469803857 acc 94.53% eta 0:22:58
2023-04-04 06:55:13,554 - __main__ - INFO - [INFO] 2023-04-04 06:55:13.554322 Epoch [60/100] batch [385/391] loss 0.3987 lr 0.03605044469803857 acc 89.06% eta 0:23:00
2023-04-04 06:55:14,197 - __main__ - INFO - Computing epoch 60 validation accuracy...
2023-04-04 06:55:17,541 - __main__ - INFO - Computing epoch 60 validation loss...
2023-04-04 06:55:21,028 - __main__ - INFO - [INFO] 2023-04-04 06:55:21.028529 Epoch [61/100] batch [1/391] loss 0.2563 lr 0.034549150281252675 acc 92.19% eta 0:24:48
2023-04-04 06:55:33,484 - __main__ - INFO - [INFO] 2023-04-04 06:55:33.484648 Epoch [61/100] batch [129/391] loss 0.2786 lr 0.034549150281252675 acc 94.53% eta 0:22:36
2023-04-04 06:55:45,825 - __main__ - INFO - [INFO] 2023-04-04 06:55:45.825426 Epoch [61/100] batch [257/391] loss 0.4233 lr 0.034549150281252675 acc 89.06% eta 0:22:21
2023-04-04 06:55:59,129 - __main__ - INFO - [INFO] 2023-04-04 06:55:59.129768 Epoch [61/100] batch [385/391] loss 0.3799 lr 0.034549150281252675 acc 89.06% eta 0:22:48
2023-04-04 06:55:59,734 - __main__ - INFO - Computing epoch 61 validation accuracy...
2023-04-04 06:56:03,226 - __main__ - INFO - Computing epoch 61 validation loss...
2023-04-04 06:56:06,636 - __main__ - INFO - [INFO] 2023-04-04 06:56:06.636769 Epoch [62/100] batch [1/391] loss 0.2107 lr 0.03306310398773546 acc 92.19% eta 0:33:45
2023-04-04 06:56:18,857 - __main__ - INFO - [INFO] 2023-04-04 06:56:18.857405 Epoch [62/100] batch [129/391] loss 0.2491 lr 0.03306310398773546 acc 92.97% eta 0:22:00
2023-04-04 06:56:31,374 - __main__ - INFO - [INFO] 2023-04-04 06:56:31.374245 Epoch [62/100] batch [257/391] loss 0.4277 lr 0.03306310398773546 acc 79.69% eta 0:21:55
2023-04-04 06:56:44,146 - __main__ - INFO - [INFO] 2023-04-04 06:56:44.146007 Epoch [62/100] batch [385/391] loss 0.3416 lr 0.03306310398773546 acc 89.84% eta 0:21:59
2023-04-04 06:56:44,720 - __main__ - INFO - Computing epoch 62 validation accuracy...
2023-04-04 06:56:48,080 - __main__ - INFO - Computing epoch 62 validation loss...
2023-04-04 06:56:51,502 - __main__ - INFO - [INFO] 2023-04-04 06:56:51.502098 Epoch [63/100] batch [1/391] loss 0.2703 lr 0.031593772365766146 acc 92.19% eta 0:24:06
2023-04-04 06:57:04,122 - __main__ - INFO - [INFO] 2023-04-04 06:57:04.122294 Epoch [63/100] batch [129/391] loss 0.3127 lr 0.031593772365766146 acc 92.19% eta 0:21:40
2023-04-04 06:57:16,929 - __main__ - INFO - [INFO] 2023-04-04 06:57:16.929480 Epoch [63/100] batch [257/391] loss 0.3049 lr 0.031593772365766146 acc 89.84% eta 0:21:38
2023-04-04 06:57:29,577 - __main__ - INFO - [INFO] 2023-04-04 06:57:29.577366 Epoch [63/100] batch [385/391] loss 0.3538 lr 0.031593772365766146 acc 86.72% eta 0:21:31
2023-04-04 06:57:30,119 - __main__ - INFO - Computing epoch 63 validation accuracy...
2023-04-04 06:57:33,487 - __main__ - INFO - Computing epoch 63 validation loss...
2023-04-04 06:57:37,074 - __main__ - INFO - [INFO] 2023-04-04 06:57:37.073889 Epoch [64/100] batch [1/391] loss 0.2183 lr 0.030142605468260992 acc 95.31% eta 0:30:42
2023-04-04 06:57:50,037 - __main__ - INFO - [INFO] 2023-04-04 06:57:50.036685 Epoch [64/100] batch [129/391] loss 0.2927 lr 0.030142605468260992 acc 93.75% eta 0:22:13
2023-04-04 06:58:02,765 - __main__ - INFO - [INFO] 2023-04-04 06:58:02.765593 Epoch [64/100] batch [257/391] loss 0.2303 lr 0.030142605468260992 acc 92.19% eta 0:21:38
2023-04-04 06:58:15,698 - __main__ - INFO - [INFO] 2023-04-04 06:58:15.698532 Epoch [64/100] batch [385/391] loss 0.2908 lr 0.030142605468260992 acc 90.62% eta 0:21:27
2023-04-04 06:58:16,279 - __main__ - INFO - Computing epoch 64 validation accuracy...
2023-04-04 06:58:19,627 - __main__ - INFO - Computing epoch 64 validation loss...
2023-04-04 06:58:23,099 - __main__ - INFO - [INFO] 2023-04-04 06:58:23.099605 Epoch [65/100] batch [1/391] loss 0.2859 lr 0.028711035421746394 acc 91.41% eta 0:21:43
2023-04-04 06:58:35,687 - __main__ - INFO - [INFO] 2023-04-04 06:58:35.686803 Epoch [65/100] batch [129/391] loss 0.3171 lr 0.028711035421746394 acc 88.28% eta 0:20:32
2023-04-04 06:58:48,380 - __main__ - INFO - [INFO] 2023-04-04 06:58:48.380189 Epoch [65/100] batch [257/391] loss 0.2573 lr 0.028711035421746394 acc 85.94% eta 0:20:27
2023-04-04 06:59:00,695 - __main__ - INFO - [INFO] 2023-04-04 06:59:00.695173 Epoch [65/100] batch [385/391] loss 0.3206 lr 0.028711035421746394 acc 88.28% eta 0:20:08
2023-04-04 06:59:01,222 - __main__ - INFO - Computing epoch 65 validation accuracy...
2023-04-04 06:59:04,680 - __main__ - INFO - Computing epoch 65 validation loss...
2023-04-04 06:59:08,097 - __main__ - INFO - [INFO] 2023-04-04 06:59:08.097404 Epoch [66/100] batch [1/391] loss 0.2866 lr 0.027300475013022688 acc 92.97% eta 0:24:07
2023-04-04 06:59:20,660 - __main__ - INFO - [INFO] 2023-04-04 06:59:20.660465 Epoch [66/100] batch [129/391] loss 0.2406 lr 0.027300475013022688 acc 96.88% eta 0:20:06
2023-04-04 06:59:33,321 - __main__ - INFO - [INFO] 2023-04-04 06:59:33.321591 Epoch [66/100] batch [257/391] loss 0.2817 lr 0.027300475013022688 acc 92.19% eta 0:19:57
2023-04-04 06:59:45,793 - __main__ - INFO - [INFO] 2023-04-04 06:59:45.792859 Epoch [66/100] batch [385/391] loss 0.2600 lr 0.027300475013022688 acc 92.19% eta 0:19:38
2023-04-04 06:59:46,359 - __main__ - INFO - Computing epoch 66 validation accuracy...
2023-04-04 06:59:49,933 - __main__ - INFO - Computing epoch 66 validation loss...
2023-04-04 06:59:53,420 - __main__ - INFO - [INFO] 2023-04-04 06:59:53.419846 Epoch [67/100] batch [1/391] loss 0.3232 lr 0.025912316294914254 acc 94.53% eta 0:21:31
2023-04-04 07:00:05,969 - __main__ - INFO - [INFO] 2023-04-04 07:00:05.969237 Epoch [67/100] batch [129/391] loss 0.2571 lr 0.025912316294914254 acc 93.75% eta 0:19:21
2023-04-04 07:00:18,507 - __main__ - INFO - [INFO] 2023-04-04 07:00:18.506861 Epoch [67/100] batch [257/391] loss 0.3892 lr 0.025912316294914254 acc 92.19% eta 0:19:11
2023-04-04 07:00:30,810 - __main__ - INFO - [INFO] 2023-04-04 07:00:30.810473 Epoch [67/100] batch [385/391] loss 0.2893 lr 0.025912316294914254 acc 92.97% eta 0:18:55
2023-04-04 07:00:31,371 - __main__ - INFO - Computing epoch 67 validation accuracy...
2023-04-04 07:00:34,653 - __main__ - INFO - Computing epoch 67 validation loss...
2023-04-04 07:00:38,293 - __main__ - INFO - [INFO] 2023-04-04 07:00:38.293333 Epoch [68/100] batch [1/391] loss 0.2057 lr 0.02454792921248146 acc 93.75% eta 0:20:36
2023-04-04 07:00:50,696 - __main__ - INFO - [INFO] 2023-04-04 07:00:50.696157 Epoch [68/100] batch [129/391] loss 0.2410 lr 0.02454792921248146 acc 91.41% eta 0:18:31
2023-04-04 07:01:03,031 - __main__ - INFO - [INFO] 2023-04-04 07:01:03.031282 Epoch [68/100] batch [257/391] loss 0.1935 lr 0.02454792921248146 acc 93.75% eta 0:18:15
2023-04-04 07:01:15,587 - __main__ - INFO - [INFO] 2023-04-04 07:01:15.586820 Epoch [68/100] batch [385/391] loss 0.3176 lr 0.02454792921248146 acc 90.62% eta 0:18:12
2023-04-04 07:01:16,233 - __main__ - INFO - Computing epoch 68 validation accuracy...
2023-04-04 07:01:19,539 - __main__ - INFO - Computing epoch 68 validation loss...
2023-04-04 07:01:22,940 - __main__ - INFO - [INFO] 2023-04-04 07:01:22.940437 Epoch [69/100] batch [1/391] loss 0.2424 lr 0.02320866025105018 acc 94.53% eta 0:19:15
2023-04-04 07:01:35,475 - __main__ - INFO - [INFO] 2023-04-04 07:01:35.475707 Epoch [69/100] batch [129/391] loss 0.3171 lr 0.02320866025105018 acc 86.72% eta 0:18:10
2023-04-04 07:01:47,884 - __main__ - INFO - [INFO] 2023-04-04 07:01:47.884427 Epoch [69/100] batch [257/391] loss 0.2944 lr 0.02320866025105018 acc 92.97% eta 0:17:56
2023-04-04 07:01:59,970 - __main__ - INFO - [INFO] 2023-04-04 07:01:59.970630 Epoch [69/100] batch [385/391] loss 0.3799 lr 0.02320866025105018 acc 89.84% eta 0:17:36
2023-04-04 07:02:00,524 - __main__ - INFO - Computing epoch 69 validation accuracy...
2023-04-04 07:02:03,955 - __main__ - INFO - Computing epoch 69 validation loss...
2023-04-04 07:02:07,552 - __main__ - INFO - [INFO] 2023-04-04 07:02:07.552923 Epoch [70/100] batch [1/391] loss 0.2991 lr 0.021895831107393487 acc 92.19% eta 0:24:58
2023-04-04 07:02:20,384 - __main__ - INFO - [INFO] 2023-04-04 07:02:20.384459 Epoch [70/100] batch [129/391] loss 0.2025 lr 0.021895831107393487 acc 94.53% eta 0:18:03
2023-04-04 07:02:33,003 - __main__ - INFO - [INFO] 2023-04-04 07:02:33.003003 Epoch [70/100] batch [257/391] loss 0.2725 lr 0.021895831107393487 acc 94.53% eta 0:17:42
2023-04-04 07:02:45,416 - __main__ - INFO - [INFO] 2023-04-04 07:02:45.415844 Epoch [70/100] batch [385/391] loss 0.3052 lr 0.021895831107393487 acc 90.62% eta 0:17:23
2023-04-04 07:02:45,984 - __main__ - INFO - Computing epoch 70 validation accuracy...
2023-04-04 07:02:49,339 - __main__ - INFO - Computing epoch 70 validation loss...
2023-04-04 07:02:52,884 - __main__ - INFO - [INFO] 2023-04-04 07:02:52.884340 Epoch [71/100] batch [1/391] loss 0.3059 lr 0.02061073738537637 acc 92.19% eta 0:18:42
2023-04-04 07:03:05,438 - __main__ - INFO - [INFO] 2023-04-04 07:03:05.438173 Epoch [71/100] batch [129/391] loss 0.2474 lr 0.02061073738537637 acc 95.31% eta 0:17:07
2023-04-04 07:03:18,194 - __main__ - INFO - [INFO] 2023-04-04 07:03:18.194266 Epoch [71/100] batch [257/391] loss 0.1692 lr 0.02061073738537637 acc 95.31% eta 0:17:05
2023-04-04 07:03:30,361 - __main__ - INFO - [INFO] 2023-04-04 07:03:30.360945 Epoch [71/100] batch [385/391] loss 0.2515 lr 0.02061073738537637 acc 90.62% eta 0:16:40
2023-04-04 07:03:30,912 - __main__ - INFO - Computing epoch 71 validation accuracy...
2023-04-04 07:03:34,431 - __main__ - INFO - Computing epoch 71 validation loss...
2023-04-04 07:03:37,907 - __main__ - INFO - [INFO] 2023-04-04 07:03:37.907593 Epoch [72/100] batch [1/391] loss 0.1498 lr 0.01935464731735119 acc 95.31% eta 0:17:12
2023-04-04 07:03:50,316 - __main__ - INFO - [INFO] 2023-04-04 07:03:50.316649 Epoch [72/100] batch [129/391] loss 0.2676 lr 0.01935464731735119 acc 93.75% eta 0:16:22
2023-04-04 07:04:02,732 - __main__ - INFO - [INFO] 2023-04-04 07:04:02.731854 Epoch [72/100] batch [257/391] loss 0.3232 lr 0.01935464731735119 acc 94.53% eta 0:16:05
2023-04-04 07:04:15,398 - __main__ - INFO - [INFO] 2023-04-04 07:04:15.398012 Epoch [72/100] batch [385/391] loss 0.2551 lr 0.01935464731735119 acc 94.53% eta 0:16:02
2023-04-04 07:04:15,994 - __main__ - INFO - Computing epoch 72 validation accuracy...
2023-04-04 07:04:19,447 - __main__ - INFO - Computing epoch 72 validation loss...
2023-04-04 07:04:22,849 - __main__ - INFO - [INFO] 2023-04-04 07:04:22.849329 Epoch [73/100] batch [1/391] loss 0.2213 lr 0.018128800512565532 acc 92.97% eta 0:15:54
2023-04-04 07:04:35,950 - __main__ - INFO - [INFO] 2023-04-04 07:04:35.950723 Epoch [73/100] batch [129/391] loss 0.2661 lr 0.018128800512565532 acc 91.41% eta 0:16:40
2023-04-04 07:04:48,714 - __main__ - INFO - [INFO] 2023-04-04 07:04:48.713877 Epoch [73/100] batch [257/391] loss 0.2383 lr 0.018128800512565532 acc 92.97% eta 0:16:15
2023-04-04 07:05:01,544 - __main__ - INFO - [INFO] 2023-04-04 07:05:01.544600 Epoch [73/100] batch [385/391] loss 0.4099 lr 0.018128800512565532 acc 92.97% eta 0:16:03
2023-04-04 07:05:02,142 - __main__ - INFO - Computing epoch 73 validation accuracy...
2023-04-04 07:05:05,588 - __main__ - INFO - Computing epoch 73 validation loss...
2023-04-04 07:05:09,515 - __main__ - INFO - [INFO] 2023-04-04 07:05:09.515808 Epoch [74/100] batch [1/391] loss 0.1499 lr 0.016934406733817433 acc 94.53% eta 0:22:46
2023-04-04 07:05:22,565 - __main__ - INFO - [INFO] 2023-04-04 07:05:22.565140 Epoch [74/100] batch [129/391] loss 0.2654 lr 0.016934406733817433 acc 92.19% eta 0:16:07
2023-04-04 07:05:35,207 - __main__ - INFO - [INFO] 2023-04-04 07:05:35.206924 Epoch [74/100] batch [257/391] loss 0.2264 lr 0.016934406733817433 acc 94.53% eta 0:15:36
2023-04-04 07:05:47,891 - __main__ - INFO - [INFO] 2023-04-04 07:05:47.890284 Epoch [74/100] batch [385/391] loss 0.2637 lr 0.016934406733817433 acc 94.53% eta 0:15:19
2023-04-04 07:05:48,439 - __main__ - INFO - Computing epoch 74 validation accuracy...
2023-04-04 07:05:51,876 - __main__ - INFO - Computing epoch 74 validation loss...
2023-04-04 07:05:55,347 - __main__ - INFO - [INFO] 2023-04-04 07:05:55.347512 Epoch [75/100] batch [1/391] loss 0.1973 lr 0.01577264470356558 acc 92.97% eta 0:16:01
2023-04-04 07:06:07,802 - __main__ - INFO - [INFO] 2023-04-04 07:06:07.802572 Epoch [75/100] batch [129/391] loss 0.1520 lr 0.01577264470356558 acc 91.41% eta 0:14:42
2023-04-04 07:06:20,396 - __main__ - INFO - [INFO] 2023-04-04 07:06:20.396045 Epoch [75/100] batch [257/391] loss 0.1322 lr 0.01577264470356558 acc 95.31% eta 0:14:37
2023-04-04 07:06:32,557 - __main__ - INFO - [INFO] 2023-04-04 07:06:32.556976 Epoch [75/100] batch [385/391] loss 0.2313 lr 0.01577264470356558 acc 96.09% eta 0:14:18
2023-04-04 07:06:33,095 - __main__ - INFO - Computing epoch 75 validation accuracy...
2023-04-04 07:06:36,595 - __main__ - INFO - Computing epoch 75 validation loss...
2023-04-04 07:06:40,086 - __main__ - INFO - [INFO] 2023-04-04 07:06:40.086657 Epoch [76/100] batch [1/391] loss 0.1804 lr 0.014644660940672643 acc 94.53% eta 0:15:47
2023-04-04 07:06:52,660 - __main__ - INFO - [INFO] 2023-04-04 07:06:52.660455 Epoch [76/100] batch [129/391] loss 0.1663 lr 0.014644660940672643 acc 96.09% eta 0:14:16
2023-04-04 07:07:05,011 - __main__ - INFO - [INFO] 2023-04-04 07:07:05.011602 Epoch [76/100] batch [257/391] loss 0.3269 lr 0.014644660940672643 acc 90.62% eta 0:13:55
2023-04-04 07:07:17,751 - __main__ - INFO - [INFO] 2023-04-04 07:07:17.750858 Epoch [76/100] batch [385/391] loss 0.2268 lr 0.014644660940672643 acc 92.19% eta 0:13:51
2023-04-04 07:07:18,370 - __main__ - INFO - Computing epoch 76 validation accuracy...
2023-04-04 07:07:21,793 - __main__ - INFO - Computing epoch 76 validation loss...
2023-04-04 07:07:25,272 - __main__ - INFO - [INFO] 2023-04-04 07:07:25.272264 Epoch [77/100] batch [1/391] loss 0.1577 lr 0.013551568628929448 acc 96.88% eta 0:15:32
2023-04-04 07:07:37,950 - __main__ - INFO - [INFO] 2023-04-04 07:07:37.950726 Epoch [77/100] batch [129/391] loss 0.1351 lr 0.013551568628929448 acc 96.09% eta 0:13:56
2023-04-04 07:07:50,395 - __main__ - INFO - [INFO] 2023-04-04 07:07:50.394898 Epoch [77/100] batch [257/391] loss 0.2303 lr 0.013551568628929448 acc 94.53% eta 0:13:32
2023-04-04 07:08:02,740 - __main__ - INFO - [INFO] 2023-04-04 07:08:02.740095 Epoch [77/100] batch [385/391] loss 0.1946 lr 0.013551568628929448 acc 99.22% eta 0:13:15
2023-04-04 07:08:03,295 - __main__ - INFO - Computing epoch 77 validation accuracy...
2023-04-04 07:08:06,634 - __main__ - INFO - Computing epoch 77 validation loss...
2023-04-04 07:08:10,056 - __main__ - INFO - [INFO] 2023-04-04 07:08:10.056138 Epoch [78/100] batch [1/391] loss 0.1835 lr 0.012494446518477033 acc 95.31% eta 0:14:57
2023-04-04 07:08:22,509 - __main__ - INFO - [INFO] 2023-04-04 07:08:22.509185 Epoch [78/100] batch [129/391] loss 0.1368 lr 0.012494446518477033 acc 97.66% eta 0:13:00
2023-04-04 07:08:34,853 - __main__ - INFO - [INFO] 2023-04-04 07:08:34.852872 Epoch [78/100] batch [257/391] loss 0.2478 lr 0.012494446518477033 acc 94.53% eta 0:12:43
2023-04-04 07:08:47,408 - __main__ - INFO - [INFO] 2023-04-04 07:08:47.407782 Epoch [78/100] batch [385/391] loss 0.2084 lr 0.012494446518477033 acc 92.97% eta 0:12:35
2023-04-04 07:08:47,995 - __main__ - INFO - Computing epoch 78 validation accuracy...
2023-04-04 07:08:51,348 - __main__ - INFO - Computing epoch 78 validation loss...
2023-04-04 07:08:55,082 - __main__ - INFO - [INFO] 2023-04-04 07:08:55.081999 Epoch [79/100] batch [1/391] loss 0.1281 lr 0.011474337861210555 acc 96.88% eta 0:13:17
2023-04-04 07:09:07,588 - __main__ - INFO - [INFO] 2023-04-04 07:09:07.588657 Epoch [79/100] batch [129/391] loss 0.2996 lr 0.011474337861210555 acc 96.09% eta 0:12:29
2023-04-04 07:09:20,140 - __main__ - INFO - [INFO] 2023-04-04 07:09:20.140686 Epoch [79/100] batch [257/391] loss 0.1487 lr 0.011474337861210555 acc 96.88% eta 0:12:17
2023-04-04 07:09:32,942 - __main__ - INFO - [INFO] 2023-04-04 07:09:32.942032 Epoch [79/100] batch [385/391] loss 0.1581 lr 0.011474337861210555 acc 97.66% eta 0:12:11
2023-04-04 07:09:33,485 - __main__ - INFO - Computing epoch 79 validation accuracy...
2023-04-04 07:09:36,872 - __main__ - INFO - Computing epoch 79 validation loss...
2023-04-04 07:09:40,401 - __main__ - INFO - [INFO] 2023-04-04 07:09:40.400897 Epoch [80/100] batch [1/391] loss 0.1285 lr 0.01049224938121549 acc 96.09% eta 0:13:47
2023-04-04 07:09:52,900 - __main__ - INFO - [INFO] 2023-04-04 07:09:52.899930 Epoch [80/100] batch [129/391] loss 0.1831 lr 0.01049224938121549 acc 98.44% eta 0:11:58
2023-04-04 07:10:05,556 - __main__ - INFO - [INFO] 2023-04-04 07:10:05.555974 Epoch [80/100] batch [257/391] loss 0.1217 lr 0.01049224938121549 acc 94.53% eta 0:11:49
2023-04-04 07:10:17,937 - __main__ - INFO - [INFO] 2023-04-04 07:10:17.937202 Epoch [80/100] batch [385/391] loss 0.1367 lr 0.01049224938121549 acc 96.09% eta 0:11:34
2023-04-04 07:10:18,608 - __main__ - INFO - Computing epoch 80 validation accuracy...
2023-04-04 07:10:22,125 - __main__ - INFO - Computing epoch 80 validation loss...
2023-04-04 07:10:25,591 - __main__ - INFO - [INFO] 2023-04-04 07:10:25.590963 Epoch [81/100] batch [1/391] loss 0.1147 lr 0.009549150281252642 acc 96.88% eta 0:12:28
2023-04-04 07:10:38,162 - __main__ - INFO - [INFO] 2023-04-04 07:10:38.162411 Epoch [81/100] batch [129/391] loss 0.0597 lr 0.009549150281252642 acc 97.66% eta 0:11:17
2023-04-04 07:10:50,945 - __main__ - INFO - [INFO] 2023-04-04 07:10:50.945118 Epoch [81/100] batch [257/391] loss 0.1770 lr 0.009549150281252642 acc 96.88% eta 0:11:14
2023-04-04 07:11:03,271 - __main__ - INFO - [INFO] 2023-04-04 07:11:03.271060 Epoch [81/100] batch [385/391] loss 0.2020 lr 0.009549150281252642 acc 94.53% eta 0:10:56
2023-04-04 07:11:03,817 - __main__ - INFO - Computing epoch 81 validation accuracy...
2023-04-04 07:11:07,121 - __main__ - INFO - Computing epoch 81 validation loss...
2023-04-04 07:11:10,764 - __main__ - INFO - [INFO] 2023-04-04 07:11:10.764583 Epoch [82/100] batch [1/391] loss 0.1833 lr 0.008645971286271922 acc 96.09% eta 0:19:07
2023-04-04 07:11:23,262 - __main__ - INFO - [INFO] 2023-04-04 07:11:23.262303 Epoch [82/100] batch [129/391] loss 0.1871 lr 0.008645971286271922 acc 96.88% eta 0:10:53
2023-04-04 07:11:35,938 - __main__ - INFO - [INFO] 2023-04-04 07:11:35.937877 Epoch [82/100] batch [257/391] loss 0.1395 lr 0.008645971286271922 acc 96.09% eta 0:10:41
2023-04-04 07:11:48,461 - __main__ - INFO - [INFO] 2023-04-04 07:11:48.461318 Epoch [82/100] batch [385/391] loss 0.1379 lr 0.008645971286271922 acc 96.09% eta 0:10:27
2023-04-04 07:11:49,004 - __main__ - INFO - Computing epoch 82 validation accuracy...
2023-04-04 07:11:52,225 - __main__ - INFO - Computing epoch 82 validation loss...
2023-04-04 07:11:55,795 - __main__ - INFO - [INFO] 2023-04-04 07:11:55.795648 Epoch [83/100] batch [1/391] loss 0.0690 lr 0.007783603724899264 acc 98.44% eta 0:13:26
2023-04-04 07:12:08,282 - __main__ - INFO - [INFO] 2023-04-04 07:12:08.282234 Epoch [83/100] batch [129/391] loss 0.0582 lr 0.007783603724899264 acc 96.88% eta 0:10:11
2023-04-04 07:12:20,834 - __main__ - INFO - [INFO] 2023-04-04 07:12:20.834068 Epoch [83/100] batch [257/391] loss 0.1209 lr 0.007783603724899264 acc 96.88% eta 0:09:59
2023-04-04 07:12:33,488 - __main__ - INFO - [INFO] 2023-04-04 07:12:33.488089 Epoch [83/100] batch [385/391] loss 0.0773 lr 0.007783603724899264 acc 99.22% eta 0:09:49
2023-04-04 07:12:34,038 - __main__ - INFO - Computing epoch 83 validation accuracy...
2023-04-04 07:12:37,312 - __main__ - INFO - Computing epoch 83 validation loss...
2023-04-04 07:12:40,833 - __main__ - INFO - [INFO] 2023-04-04 07:12:40.833174 Epoch [84/100] batch [1/391] loss 0.2047 lr 0.006962898649802819 acc 96.88% eta 0:10:50
2023-04-04 07:12:53,372 - __main__ - INFO - [INFO] 2023-04-04 07:12:53.372183 Epoch [84/100] batch [129/391] loss 0.1803 lr 0.006962898649802819 acc 94.53% eta 0:09:42
2023-04-04 07:13:05,742 - __main__ - INFO - [INFO] 2023-04-04 07:13:05.742670 Epoch [84/100] batch [257/391] loss 0.0836 lr 0.006962898649802819 acc 97.66% eta 0:09:23
2023-04-04 07:13:18,098 - __main__ - INFO - [INFO] 2023-04-04 07:13:18.098005 Epoch [84/100] batch [385/391] loss 0.0574 lr 0.006962898649802819 acc 98.44% eta 0:09:08
2023-04-04 07:13:18,652 - __main__ - INFO - Computing epoch 84 validation accuracy...
2023-04-04 07:13:21,938 - __main__ - INFO - Computing epoch 84 validation loss...
2023-04-04 07:13:25,381 - __main__ - INFO - [INFO] 2023-04-04 07:13:25.381015 Epoch [85/100] batch [1/391] loss 0.0950 lr 0.0061846659978068265 acc 98.44% eta 0:09:46
2023-04-04 07:13:37,650 - __main__ - INFO - [INFO] 2023-04-04 07:13:37.650014 Epoch [85/100] batch [129/391] loss 0.1323 lr 0.0061846659978068265 acc 97.66% eta 0:08:48
2023-04-04 07:13:50,233 - __main__ - INFO - [INFO] 2023-04-04 07:13:50.233802 Epoch [85/100] batch [257/391] loss 0.0715 lr 0.0061846659978068265 acc 100.00% eta 0:08:43
2023-04-04 07:14:02,669 - __main__ - INFO - [INFO] 2023-04-04 07:14:02.669278 Epoch [85/100] batch [385/391] loss 0.0578 lr 0.0061846659978068265 acc 97.66% eta 0:08:32
2023-04-04 07:14:03,222 - __main__ - INFO - Computing epoch 85 validation accuracy...
2023-04-04 07:14:06,487 - __main__ - INFO - Computing epoch 85 validation loss...
2023-04-04 07:14:09,860 - __main__ - INFO - [INFO] 2023-04-04 07:14:09.860906 Epoch [86/100] batch [1/391] loss 0.0728 lr 0.005449673790581615 acc 98.44% eta 0:09:19
2023-04-04 07:14:22,152 - __main__ - INFO - [INFO] 2023-04-04 07:14:22.152571 Epoch [86/100] batch [129/391] loss 0.1069 lr 0.005449673790581615 acc 98.44% eta 0:08:21
2023-04-04 07:14:34,505 - __main__ - INFO - [INFO] 2023-04-04 07:14:34.505033 Epoch [86/100] batch [257/391] loss 0.0746 lr 0.005449673790581615 acc 100.00% eta 0:08:07
2023-04-04 07:14:46,815 - __main__ - INFO - [INFO] 2023-04-04 07:14:46.815304 Epoch [86/100] batch [385/391] loss 0.1084 lr 0.005449673790581615 acc 97.66% eta 0:07:55
2023-04-04 07:14:47,369 - __main__ - INFO - Computing epoch 86 validation accuracy...
2023-04-04 07:14:50,675 - __main__ - INFO - Computing epoch 86 validation loss...
2023-04-04 07:14:54,184 - __main__ - INFO - [INFO] 2023-04-04 07:14:54.184229 Epoch [87/100] batch [1/391] loss 0.1021 lr 0.004758647376699036 acc 98.44% eta 0:09:27
2023-04-04 07:15:07,090 - __main__ - INFO - [INFO] 2023-04-04 07:15:07.090187 Epoch [87/100] batch [129/391] loss 0.0250 lr 0.004758647376699036 acc 100.00% eta 0:08:10
2023-04-04 07:15:19,551 - __main__ - INFO - [INFO] 2023-04-04 07:15:19.551458 Epoch [87/100] batch [257/391] loss 0.0570 lr 0.004758647376699036 acc 100.00% eta 0:07:47
2023-04-04 07:15:32,108 - __main__ - INFO - [INFO] 2023-04-04 07:15:32.108178 Epoch [87/100] batch [385/391] loss 0.1240 lr 0.004758647376699036 acc 98.44% eta 0:07:34
2023-04-04 07:15:32,668 - __main__ - INFO - Computing epoch 87 validation accuracy...
2023-04-04 07:15:36,000 - __main__ - INFO - Computing epoch 87 validation loss...
2023-04-04 07:15:39,471 - __main__ - INFO - [INFO] 2023-04-04 07:15:39.470923 Epoch [88/100] batch [1/391] loss 0.0210 lr 0.004112268715800957 acc 100.00% eta 0:08:00
2023-04-04 07:15:51,476 - __main__ - INFO - [INFO] 2023-04-04 07:15:51.476483 Epoch [88/100] batch [129/391] loss 0.0643 lr 0.004112268715800957 acc 98.44% eta 0:07:07
2023-04-04 07:16:03,268 - __main__ - INFO - [INFO] 2023-04-04 07:16:03.268696 Epoch [88/100] batch [257/391] loss 0.0718 lr 0.004112268715800957 acc 99.22% eta 0:06:54
2023-04-04 07:16:15,306 - __main__ - INFO - [INFO] 2023-04-04 07:16:15.306443 Epoch [88/100] batch [385/391] loss 0.0360 lr 0.004112268715800957 acc 98.44% eta 0:06:46
2023-04-04 07:16:15,859 - __main__ - INFO - Computing epoch 88 validation accuracy...
2023-04-04 07:16:19,138 - __main__ - INFO - Computing epoch 88 validation loss...
2023-04-04 07:16:22,707 - __main__ - INFO - [INFO] 2023-04-04 07:16:22.707284 Epoch [89/100] batch [1/391] loss 0.0370 lr 0.003511175705587435 acc 98.44% eta 0:07:54
2023-04-04 07:16:36,173 - __main__ - INFO - [INFO] 2023-04-04 07:16:36.173387 Epoch [89/100] batch [129/391] loss 0.0619 lr 0.003511175705587435 acc 99.22% eta 0:06:44
2023-04-04 07:16:49,494 - __main__ - INFO - [INFO] 2023-04-04 07:16:49.493944 Epoch [89/100] batch [257/391] loss 0.0925 lr 0.003511175705587435 acc 98.44% eta 0:06:30
2023-04-04 07:17:02,834 - __main__ - INFO - [INFO] 2023-04-04 07:17:02.834301 Epoch [89/100] batch [385/391] loss 0.0728 lr 0.003511175705587435 acc 98.44% eta 0:06:17
2023-04-04 07:17:03,427 - __main__ - INFO - Computing epoch 89 validation accuracy...
2023-04-04 07:17:06,918 - __main__ - INFO - Computing epoch 89 validation loss...
2023-04-04 07:17:10,497 - __main__ - INFO - [INFO] 2023-04-04 07:17:10.497630 Epoch [90/100] batch [1/391] loss 0.0694 lr 0.0029559615522887295 acc 98.44% eta 0:07:04
2023-04-04 07:17:23,759 - __main__ - INFO - [INFO] 2023-04-04 07:17:23.759379 Epoch [90/100] batch [129/391] loss 0.0220 lr 0.0029559615522887295 acc 99.22% eta 0:06:03
2023-04-04 07:17:37,039 - __main__ - INFO - [INFO] 2023-04-04 07:17:37.039604 Epoch [90/100] batch [257/391] loss 0.0613 lr 0.0029559615522887295 acc 98.44% eta 0:05:50
2023-04-04 07:17:50,451 - __main__ - INFO - [INFO] 2023-04-04 07:17:50.451138 Epoch [90/100] batch [385/391] loss 0.0414 lr 0.0029559615522887295 acc 99.22% eta 0:05:39
2023-04-04 07:17:51,051 - __main__ - INFO - Computing epoch 90 validation accuracy...
2023-04-04 07:17:54,492 - __main__ - INFO - Computing epoch 90 validation loss...
2023-04-04 07:17:58,005 - __main__ - INFO - [INFO] 2023-04-04 07:17:58.005721 Epoch [91/100] batch [1/391] loss 0.0669 lr 0.0024471741852423253 acc 100.00% eta 0:06:16
2023-04-04 07:18:10,725 - __main__ - INFO - [INFO] 2023-04-04 07:18:10.725726 Epoch [91/100] batch [129/391] loss 0.0201 lr 0.0024471741852423253 acc 100.00% eta 0:05:23
2023-04-04 07:18:23,883 - __main__ - INFO - [INFO] 2023-04-04 07:18:23.883162 Epoch [91/100] batch [257/391] loss 0.0302 lr 0.0024471741852423253 acc 99.22% eta 0:05:12
2023-04-04 07:18:37,378 - __main__ - INFO - [INFO] 2023-04-04 07:18:37.378589 Epoch [91/100] batch [385/391] loss 0.1101 lr 0.0024471741852423253 acc 96.09% eta 0:05:04
2023-04-04 07:18:38,001 - __main__ - INFO - Computing epoch 91 validation accuracy...
2023-04-04 07:18:41,621 - __main__ - INFO - Computing epoch 91 validation loss...
2023-04-04 07:18:45,219 - __main__ - INFO - [INFO] 2023-04-04 07:18:45.219339 Epoch [92/100] batch [1/391] loss 0.0415 lr 0.0019853157161528537 acc 99.22% eta 0:05:41
2023-04-04 07:18:58,645 - __main__ - INFO - [INFO] 2023-04-04 07:18:58.645700 Epoch [92/100] batch [129/391] loss 0.0282 lr 0.0019853157161528537 acc 99.22% eta 0:04:55
2023-04-04 07:19:12,142 - __main__ - INFO - [INFO] 2023-04-04 07:19:12.142697 Epoch [92/100] batch [257/391] loss 0.0259 lr 0.0019853157161528537 acc 98.44% eta 0:04:45
2023-04-04 07:19:25,669 - __main__ - INFO - [INFO] 2023-04-04 07:19:25.669042 Epoch [92/100] batch [385/391] loss 0.0139 lr 0.0019853157161528537 acc 100.00% eta 0:04:34
2023-04-04 07:19:26,294 - __main__ - INFO - Computing epoch 92 validation accuracy...
2023-04-04 07:19:29,797 - __main__ - INFO - Computing epoch 92 validation loss...
2023-04-04 07:19:33,523 - __main__ - INFO - [INFO] 2023-04-04 07:19:33.523758 Epoch [93/100] batch [1/391] loss 0.0159 lr 0.0015708419435684529 acc 100.00% eta 0:04:55
2023-04-04 07:19:46,833 - __main__ - INFO - [INFO] 2023-04-04 07:19:46.833418 Epoch [93/100] batch [129/391] loss 0.0134 lr 0.0015708419435684529 acc 100.00% eta 0:04:21
2023-04-04 07:19:59,831 - __main__ - INFO - [INFO] 2023-04-04 07:19:59.831341 Epoch [93/100] batch [257/391] loss 0.0501 lr 0.0015708419435684529 acc 99.22% eta 0:04:09
2023-04-04 07:20:13,171 - __main__ - INFO - [INFO] 2023-04-04 07:20:13.171257 Epoch [93/100] batch [385/391] loss 0.0242 lr 0.0015708419435684529 acc 100.00% eta 0:03:59
2023-04-04 07:20:13,768 - __main__ - INFO - Computing epoch 93 validation accuracy...
2023-04-04 07:20:17,283 - __main__ - INFO - Computing epoch 93 validation loss...
2023-04-04 07:20:20,831 - __main__ - INFO - [INFO] 2023-04-04 07:20:20.830934 Epoch [94/100] batch [1/391] loss 0.0350 lr 0.0012041619030626347 acc 99.22% eta 0:04:17
2023-04-04 07:20:34,169 - __main__ - INFO - [INFO] 2023-04-04 07:20:34.169304 Epoch [94/100] batch [129/391] loss 0.0365 lr 0.0012041619030626347 acc 98.44% eta 0:03:47
2023-04-04 07:20:47,541 - __main__ - INFO - [INFO] 2023-04-04 07:20:47.541437 Epoch [94/100] batch [257/391] loss 0.0210 lr 0.0012041619030626347 acc 99.22% eta 0:03:36
2023-04-04 07:21:00,871 - __main__ - INFO - [INFO] 2023-04-04 07:21:00.871611 Epoch [94/100] batch [385/391] loss 0.0120 lr 0.0012041619030626347 acc 100.00% eta 0:03:25
2023-04-04 07:21:01,466 - __main__ - INFO - Computing epoch 94 validation accuracy...
2023-04-04 07:21:04,944 - __main__ - INFO - Computing epoch 94 validation loss...
2023-04-04 07:21:08,509 - __main__ - INFO - [INFO] 2023-04-04 07:21:08.508977 Epoch [95/100] batch [1/391] loss 0.0387 lr 0.0008856374635655646 acc 98.44% eta 0:03:42
2023-04-04 07:21:21,879 - __main__ - INFO - [INFO] 2023-04-04 07:21:21.879680 Epoch [95/100] batch [129/391] loss 0.0875 lr 0.0008856374635655646 acc 97.66% eta 0:03:14
2023-04-04 07:21:35,117 - __main__ - INFO - [INFO] 2023-04-04 07:21:35.117748 Epoch [95/100] batch [257/391] loss 0.0255 lr 0.0008856374635655646 acc 99.22% eta 0:03:01
2023-04-04 07:21:48,202 - __main__ - INFO - [INFO] 2023-04-04 07:21:48.202694 Epoch [95/100] batch [385/391] loss 0.0344 lr 0.0008856374635655646 acc 99.22% eta 0:02:50
2023-04-04 07:21:48,800 - __main__ - INFO - Computing epoch 95 validation accuracy...
2023-04-04 07:21:52,269 - __main__ - INFO - Computing epoch 95 validation loss...
2023-04-04 07:21:55,808 - __main__ - INFO - [INFO] 2023-04-04 07:21:55.808406 Epoch [96/100] batch [1/391] loss 0.0217 lr 0.0006155829702431174 acc 99.22% eta 0:03:20
2023-04-04 07:22:09,582 - __main__ - INFO - [INFO] 2023-04-04 07:22:09.582649 Epoch [96/100] batch [129/391] loss 0.1031 lr 0.0006155829702431174 acc 96.09% eta 0:02:46
2023-04-04 07:22:23,103 - __main__ - INFO - [INFO] 2023-04-04 07:22:23.103696 Epoch [96/100] batch [257/391] loss 0.0283 lr 0.0006155829702431174 acc 99.22% eta 0:02:33
2023-04-04 07:22:36,610 - __main__ - INFO - [INFO] 2023-04-04 07:22:36.610506 Epoch [96/100] batch [385/391] loss 0.0793 lr 0.0006155829702431174 acc 97.66% eta 0:02:20
2023-04-04 07:22:37,196 - __main__ - INFO - Computing epoch 96 validation accuracy...
2023-04-04 07:22:40,765 - __main__ - INFO - Computing epoch 96 validation loss...
2023-04-04 07:22:44,370 - __main__ - INFO - [INFO] 2023-04-04 07:22:44.370243 Epoch [97/100] batch [1/391] loss 0.0146 lr 0.00039426493427611206 acc 99.22% eta 0:02:21
2023-04-04 07:22:57,600 - __main__ - INFO - [INFO] 2023-04-04 07:22:57.600639 Epoch [97/100] batch [129/391] loss 0.0088 lr 0.00039426493427611206 acc 100.00% eta 0:02:04
2023-04-04 07:23:11,196 - __main__ - INFO - [INFO] 2023-04-04 07:23:11.195908 Epoch [97/100] batch [257/391] loss 0.0342 lr 0.00039426493427611206 acc 98.44% eta 0:01:55
2023-04-04 07:23:24,634 - __main__ - INFO - [INFO] 2023-04-04 07:23:24.633952 Epoch [97/100] batch [385/391] loss 0.0407 lr 0.00039426493427611206 acc 99.22% eta 0:01:43
2023-04-04 07:23:25,241 - __main__ - INFO - Computing epoch 97 validation accuracy...
2023-04-04 07:23:28,923 - __main__ - INFO - Computing epoch 97 validation loss...
2023-04-04 07:23:32,468 - __main__ - INFO - [INFO] 2023-04-04 07:23:32.468233 Epoch [98/100] batch [1/391] loss 0.0267 lr 0.00022190176984600036 acc 99.22% eta 0:01:53
2023-04-04 07:23:45,581 - __main__ - INFO - [INFO] 2023-04-04 07:23:45.581353 Epoch [98/100] batch [129/391] loss 0.0987 lr 0.00022190176984600036 acc 98.44% eta 0:01:32
2023-04-04 07:23:59,031 - __main__ - INFO - [INFO] 2023-04-04 07:23:59.031088 Epoch [98/100] batch [257/391] loss 0.0613 lr 0.00022190176984600036 acc 98.44% eta 0:01:21
2023-04-04 07:24:12,808 - __main__ - INFO - [INFO] 2023-04-04 07:24:12.808698 Epoch [98/100] batch [385/391] loss 0.0986 lr 0.00022190176984600036 acc 98.44% eta 0:01:10
2023-04-04 07:24:13,432 - __main__ - INFO - Computing epoch 98 validation accuracy...
2023-04-04 07:24:16,887 - __main__ - INFO - Computing epoch 98 validation loss...
2023-04-04 07:24:20,478 - __main__ - INFO - [INFO] 2023-04-04 07:24:20.478504 Epoch [99/100] batch [1/391] loss 0.0205 lr 9.866357858642213e-05 acc 99.22% eta 0:01:18
2023-04-04 07:24:33,915 - __main__ - INFO - [INFO] 2023-04-04 07:24:33.915564 Epoch [99/100] batch [129/391] loss 0.0145 lr 9.866357858642213e-05 acc 99.22% eta 0:00:57
2023-04-04 07:24:47,233 - __main__ - INFO - [INFO] 2023-04-04 07:24:47.233739 Epoch [99/100] batch [257/391] loss 0.0187 lr 9.866357858642213e-05 acc 100.00% eta 0:00:46
2023-04-04 07:25:00,668 - __main__ - INFO - [INFO] 2023-04-04 07:25:00.668320 Epoch [99/100] batch [385/391] loss 0.1062 lr 9.866357858642213e-05 acc 96.88% eta 0:00:34
2023-04-04 07:25:01,271 - __main__ - INFO - Computing epoch 99 validation accuracy...
2023-04-04 07:25:04,723 - __main__ - INFO - Computing epoch 99 validation loss...
2023-04-04 07:25:08,346 - __main__ - INFO - [INFO] 2023-04-04 07:25:08.346461 Epoch [100/100] batch [1/391] loss 0.0415 lr 2.4671981713420017e-05 acc 99.22% eta 0:00:37
2023-04-04 07:25:21,691 - __main__ - INFO - [INFO] 2023-04-04 07:25:21.691000 Epoch [100/100] batch [129/391] loss 0.0412 lr 2.4671981713420017e-05 acc 99.22% eta 0:00:22
2023-04-04 07:25:34,793 - __main__ - INFO - [INFO] 2023-04-04 07:25:34.793198 Epoch [100/100] batch [257/391] loss 0.0198 lr 2.4671981713420017e-05 acc 99.22% eta 0:00:11
2023-04-04 07:25:47,972 - __main__ - INFO - [INFO] 2023-04-04 07:25:47.972700 Epoch [100/100] batch [385/391] loss 0.0199 lr 2.4671981713420017e-05 acc 99.22% eta 0:00:00
2023-04-04 07:25:48,571 - __main__ - INFO - Computing epoch 100 validation accuracy...
2023-04-04 07:25:52,093 - __main__ - INFO - Computing epoch 100 validation loss...
2023-04-04 07:25:55,803 - __main__ - INFO - Reading testing data set cifar10
2023-04-04 07:25:56,566 - __main__ - INFO - Loading trained model...
2023-04-04 07:26:00,746 - __main__ - INFO - Testing acc : 93.11%.
