2023-04-09 14:53:32,413 - __main__ - INFO - 

2023-04-09 14:53:32,413 - __main__ - INFO - ***************
2023-04-09 14:53:32,413 - __main__ - INFO - ** Arguments **
2023-04-09 14:53:32,413 - __main__ - INFO - ***************
2023-04-09 14:53:32,413 - __main__ - INFO - backbone: resnet110
2023-04-09 14:53:32,413 - __main__ - INFO - dataname: cifar100
2023-04-09 14:53:32,413 - __main__ - INFO - drop_method: fd
2023-04-09 14:53:32,414 - __main__ - INFO - drop_rate: 0.0
2023-04-09 14:53:32,414 - __main__ - INFO - eval_only: 0
2023-04-09 14:53:32,414 - __main__ - INFO - output_path: checkpoints/cifar100/resnet110/drop_fd/rate_0./seed2
2023-04-09 14:53:32,414 - __main__ - INFO - part_rate: 0.1
2023-04-09 14:53:32,414 - __main__ - INFO - seed: 2
2023-04-09 14:53:32,414 - __main__ - INFO - weight_decay: 0.0005
2023-04-09 14:53:32,414 - __main__ - INFO - ************
2023-04-09 14:53:32,414 - __main__ - INFO - ** Config **
2023-04-09 14:53:32,414 - __main__ - INFO - ************
2023-04-09 14:53:32,414 - __main__ - INFO - {'DATALOADER': {'PATH': './data', 'DATANAME': 'cifar100', 'BATCH_SIZE': 128, 'NUM_CLASSES': 100}, 'INPUT': {'SIZE': [32, 32], 'PIXEL_MEAN': [0.4914, 0.4822, 0.4465], 'PIXEL_STD': [0.2023, 0.1994, 0.201]}, 'OUTPUT': {'DIR': 'checkpoints/cifar100/resnet110/drop_fd/rate_0./seed2'}, 'SEED': 2, 'OPTIM': {'LR': 0.1, 'MAX_EPOCH': 100, 'LR_SCHEDULER': 'step', 'LR_MILESTONES': [20, 40, 80, 120, 140], 'LR_DECAY': 0.2, 'PART_RATE': 0.1, 'WEIGHT_DECAY': 0.0005, 'DROP_RATE': 0.0, 'DROP_METHOD': 'fd', 'BLOCK_SIZE': 7}, 'MODEL': {'BACKBONE': 'resnet110'}}
2023-04-09 14:53:32,428 - __main__ - INFO - Reading training data set cifar100
2023-04-09 14:53:34,404 - __main__ - INFO - Loading raw model
2023-04-09 14:53:38,581 - __main__ - INFO - 
Saving everything to checkpoints/cifar100/resnet110/drop_fd/rate_0./seed2
2023-04-09 14:53:38,581 - __main__ - INFO - Start training...
2023-04-09 14:53:43,984 - __main__ - INFO - [INFO] 2023-04-09 14:53:43.984177 Epoch [1/100] batch [1/391] loss 17.5156 lr 0.1 acc 0.00% eta 2 days, 10:19:49
2023-04-09 14:54:09,143 - __main__ - INFO - [INFO] 2023-04-09 14:54:09.143318 Epoch [1/100] batch [129/391] loss 4.5898 lr 0.1 acc 1.56% eta 2:15:18
2023-04-09 14:54:33,756 - __main__ - INFO - [INFO] 2023-04-09 14:54:33.755914 Epoch [1/100] batch [257/391] loss 4.5898 lr 0.1 acc 1.56% eta 2:00:43
2023-04-09 14:54:58,856 - __main__ - INFO - [INFO] 2023-04-09 14:54:58.855862 Epoch [1/100] batch [385/391] loss 4.5664 lr 0.1 acc 1.56% eta 1:56:12
2023-04-09 14:55:00,025 - __main__ - INFO - Computing epoch 1 validation accuracy...
2023-04-09 14:55:04,753 - __main__ - INFO - Computing epoch 1 validation loss...
2023-04-09 14:55:09,934 - __main__ - INFO - [INFO] 2023-04-09 14:55:09.934336 Epoch [2/100] batch [1/391] loss 4.5859 lr 0.09997532801828658 acc 0.00% eta 1:56:27
2023-04-09 14:55:35,010 - __main__ - INFO - [INFO] 2023-04-09 14:55:35.010684 Epoch [2/100] batch [129/391] loss 4.5742 lr 0.09997532801828658 acc 0.00% eta 1:47:37
2023-04-09 14:55:59,825 - __main__ - INFO - [INFO] 2023-04-09 14:55:59.825531 Epoch [2/100] batch [257/391] loss 4.6016 lr 0.09997532801828658 acc 2.34% eta 1:46:39
2023-04-09 14:56:24,744 - __main__ - INFO - [INFO] 2023-04-09 14:56:24.744455 Epoch [2/100] batch [385/391] loss 4.4922 lr 0.09997532801828658 acc 0.78% eta 1:46:13
2023-04-09 14:56:25,877 - __main__ - INFO - Computing epoch 2 validation accuracy...
2023-04-09 14:56:30,846 - __main__ - INFO - Computing epoch 2 validation loss...
2023-04-09 14:56:35,931 - __main__ - INFO - [INFO] 2023-04-09 14:56:35.931466 Epoch [3/100] batch [1/391] loss 4.4492 lr 0.09990133642141358 acc 3.12% eta 1:58:29
2023-04-09 14:57:01,268 - __main__ - INFO - [INFO] 2023-04-09 14:57:01.268006 Epoch [3/100] batch [129/391] loss 4.2695 lr 0.09990133642141358 acc 3.91% eta 1:47:37
2023-04-09 14:57:26,347 - __main__ - INFO - [INFO] 2023-04-09 14:57:26.347506 Epoch [3/100] batch [257/391] loss 4.1953 lr 0.09990133642141358 acc 6.25% eta 1:46:35
2023-04-09 14:57:51,571 - __main__ - INFO - [INFO] 2023-04-09 14:57:51.571241 Epoch [3/100] batch [385/391] loss 4.1523 lr 0.09990133642141358 acc 7.81% eta 1:46:12
2023-04-09 14:57:52,825 - __main__ - INFO - Computing epoch 3 validation accuracy...
2023-04-09 14:57:57,691 - __main__ - INFO - Computing epoch 3 validation loss...
2023-04-09 14:58:02,882 - __main__ - INFO - [INFO] 2023-04-09 14:58:02.882031 Epoch [4/100] batch [1/391] loss 4.0820 lr 0.099778098230154 acc 6.25% eta 1:49:06
2023-04-09 14:58:28,536 - __main__ - INFO - [INFO] 2023-04-09 14:58:28.536473 Epoch [4/100] batch [129/391] loss 4.0391 lr 0.099778098230154 acc 5.47% eta 1:47:41
2023-04-09 14:58:53,406 - __main__ - INFO - [INFO] 2023-04-09 14:58:53.406579 Epoch [4/100] batch [257/391] loss 3.8125 lr 0.099778098230154 acc 7.81% eta 1:45:44
2023-04-09 14:59:18,897 - __main__ - INFO - [INFO] 2023-04-09 14:59:18.897677 Epoch [4/100] batch [385/391] loss 3.5918 lr 0.099778098230154 acc 11.72% eta 1:45:39
2023-04-09 14:59:20,071 - __main__ - INFO - Computing epoch 4 validation accuracy...
2023-04-09 14:59:24,859 - __main__ - INFO - Computing epoch 4 validation loss...
2023-04-09 14:59:30,054 - __main__ - INFO - [INFO] 2023-04-09 14:59:30.054560 Epoch [5/100] batch [1/391] loss 4.2031 lr 0.0996057350657239 acc 9.38% eta 1:46:14
2023-04-09 14:59:55,261 - __main__ - INFO - [INFO] 2023-04-09 14:59:55.261322 Epoch [5/100] batch [129/391] loss 3.8730 lr 0.0996057350657239 acc 7.81% eta 1:44:48
2023-04-09 15:00:20,699 - __main__ - INFO - [INFO] 2023-04-09 15:00:20.699198 Epoch [5/100] batch [257/391] loss 3.6875 lr 0.0996057350657239 acc 8.59% eta 1:44:44
2023-04-09 15:00:45,877 - __main__ - INFO - [INFO] 2023-04-09 15:00:45.877300 Epoch [5/100] batch [385/391] loss 3.3848 lr 0.0996057350657239 acc 12.50% eta 1:44:11
2023-04-09 15:00:47,026 - __main__ - INFO - Computing epoch 5 validation accuracy...
2023-04-09 15:00:51,881 - __main__ - INFO - Computing epoch 5 validation loss...
2023-04-09 15:00:57,092 - __main__ - INFO - [INFO] 2023-04-09 15:00:57.092728 Epoch [6/100] batch [1/391] loss 3.4863 lr 0.09938441702975688 acc 14.84% eta 1:51:54
2023-04-09 15:01:22,555 - __main__ - INFO - [INFO] 2023-04-09 15:01:22.555156 Epoch [6/100] batch [129/391] loss 3.2871 lr 0.09938441702975688 acc 24.22% eta 1:44:45
2023-04-09 15:01:47,912 - __main__ - INFO - [INFO] 2023-04-09 15:01:47.912116 Epoch [6/100] batch [257/391] loss 3.3867 lr 0.09938441702975688 acc 16.41% eta 1:44:02
2023-04-09 15:02:13,297 - __main__ - INFO - [INFO] 2023-04-09 15:02:13.296831 Epoch [6/100] batch [385/391] loss 3.3945 lr 0.09938441702975688 acc 17.19% eta 1:43:35
2023-04-09 15:02:14,446 - __main__ - INFO - Computing epoch 6 validation accuracy...
2023-04-09 15:02:19,181 - __main__ - INFO - Computing epoch 6 validation loss...
2023-04-09 15:02:24,322 - __main__ - INFO - [INFO] 2023-04-09 15:02:24.322516 Epoch [7/100] batch [1/391] loss 3.1094 lr 0.09911436253643444 acc 20.31% eta 1:56:23
2023-04-09 15:02:49,935 - __main__ - INFO - [INFO] 2023-04-09 15:02:49.935252 Epoch [7/100] batch [129/391] loss 3.1074 lr 0.09911436253643444 acc 22.66% eta 1:44:14
2023-04-09 15:03:15,103 - __main__ - INFO - [INFO] 2023-04-09 15:03:15.103202 Epoch [7/100] batch [257/391] loss 2.8867 lr 0.09911436253643444 acc 25.78% eta 1:42:57
2023-04-09 15:03:40,034 - __main__ - INFO - [INFO] 2023-04-09 15:03:40.034567 Epoch [7/100] batch [385/391] loss 2.7539 lr 0.09911436253643444 acc 25.00% eta 1:41:59
2023-04-09 15:03:41,194 - __main__ - INFO - Computing epoch 7 validation accuracy...
2023-04-09 15:03:46,139 - __main__ - INFO - Computing epoch 7 validation loss...
2023-04-09 15:03:51,484 - __main__ - INFO - [INFO] 2023-04-09 15:03:51.484201 Epoch [8/100] batch [1/391] loss 2.9941 lr 0.09879583809693737 acc 23.44% eta 1:53:24
2023-04-09 15:04:17,017 - __main__ - INFO - [INFO] 2023-04-09 15:04:17.017183 Epoch [8/100] batch [129/391] loss 3.0020 lr 0.09879583809693737 acc 25.00% eta 1:42:54
2023-04-09 15:04:42,461 - __main__ - INFO - [INFO] 2023-04-09 15:04:42.461279 Epoch [8/100] batch [257/391] loss 2.7363 lr 0.09879583809693737 acc 28.12% eta 1:42:15
2023-04-09 15:05:07,600 - __main__ - INFO - [INFO] 2023-04-09 15:05:07.599976 Epoch [8/100] batch [385/391] loss 2.6953 lr 0.09879583809693737 acc 24.22% eta 1:41:26
2023-04-09 15:05:08,763 - __main__ - INFO - Computing epoch 8 validation accuracy...
2023-04-09 15:05:13,622 - __main__ - INFO - Computing epoch 8 validation loss...
2023-04-09 15:05:18,848 - __main__ - INFO - [INFO] 2023-04-09 15:05:18.848287 Epoch [9/100] batch [1/391] loss 3.7539 lr 0.09842915805643156 acc 24.22% eta 2:03:07
2023-04-09 15:05:44,083 - __main__ - INFO - [INFO] 2023-04-09 15:05:44.083422 Epoch [9/100] batch [129/391] loss 2.8164 lr 0.09842915805643156 acc 23.44% eta 1:40:50
2023-04-09 15:06:09,399 - __main__ - INFO - [INFO] 2023-04-09 15:06:09.399290 Epoch [9/100] batch [257/391] loss 2.4473 lr 0.09842915805643156 acc 32.03% eta 1:40:26
2023-04-09 15:06:34,596 - __main__ - INFO - [INFO] 2023-04-09 15:06:34.596490 Epoch [9/100] batch [385/391] loss 2.3027 lr 0.09842915805643156 acc 29.69% eta 1:39:54
2023-04-09 15:06:35,732 - __main__ - INFO - Computing epoch 9 validation accuracy...
2023-04-09 15:06:40,527 - __main__ - INFO - Computing epoch 9 validation loss...
2023-04-09 15:06:45,998 - __main__ - INFO - [INFO] 2023-04-09 15:06:45.998368 Epoch [10/100] batch [1/391] loss 3.7734 lr 0.09801468428384716 acc 35.16% eta 1:47:16
2023-04-09 15:07:11,403 - __main__ - INFO - [INFO] 2023-04-09 15:07:11.403243 Epoch [10/100] batch [129/391] loss 2.5059 lr 0.09801468428384716 acc 28.12% eta 1:39:58
2023-04-09 15:07:36,612 - __main__ - INFO - [INFO] 2023-04-09 15:07:36.612301 Epoch [10/100] batch [257/391] loss 2.5586 lr 0.09801468428384716 acc 35.94% eta 1:39:21
2023-04-09 15:08:01,728 - __main__ - INFO - [INFO] 2023-04-09 15:08:01.728383 Epoch [10/100] batch [385/391] loss 2.5273 lr 0.09801468428384716 acc 30.47% eta 1:38:45
2023-04-09 15:08:02,882 - __main__ - INFO - Computing epoch 10 validation accuracy...
2023-04-09 15:08:07,825 - __main__ - INFO - Computing epoch 10 validation loss...
2023-04-09 15:08:12,928 - __main__ - INFO - [INFO] 2023-04-09 15:08:12.928723 Epoch [11/100] batch [1/391] loss 2.5137 lr 0.09755282581475769 acc 30.47% eta 1:47:28
2023-04-09 15:08:38,230 - __main__ - INFO - [INFO] 2023-04-09 15:08:38.230017 Epoch [11/100] batch [129/391] loss 2.7305 lr 0.09755282581475769 acc 27.34% eta 1:38:46
2023-04-09 15:09:03,727 - __main__ - INFO - [INFO] 2023-04-09 15:09:03.727037 Epoch [11/100] batch [257/391] loss 2.3730 lr 0.09755282581475769 acc 35.94% eta 1:38:37
2023-04-09 15:09:28,791 - __main__ - INFO - [INFO] 2023-04-09 15:09:28.791499 Epoch [11/100] batch [385/391] loss 2.0996 lr 0.09755282581475769 acc 40.62% eta 1:37:50
2023-04-09 15:09:29,984 - __main__ - INFO - Computing epoch 11 validation accuracy...
2023-04-09 15:09:34,856 - __main__ - INFO - Computing epoch 11 validation loss...
2023-04-09 15:09:40,091 - __main__ - INFO - [INFO] 2023-04-09 15:09:40.091026 Epoch [12/100] batch [1/391] loss 2.3965 lr 0.09704403844771128 acc 33.59% eta 1:49:10
2023-04-09 15:10:05,314 - __main__ - INFO - [INFO] 2023-04-09 15:10:05.314220 Epoch [12/100] batch [129/391] loss 2.3086 lr 0.09704403844771128 acc 31.25% eta 1:37:15
2023-04-09 15:10:30,365 - __main__ - INFO - [INFO] 2023-04-09 15:10:30.364970 Epoch [12/100] batch [257/391] loss 2.7441 lr 0.09704403844771128 acc 23.44% eta 1:36:28
2023-04-09 15:10:55,431 - __main__ - INFO - [INFO] 2023-04-09 15:10:55.431562 Epoch [12/100] batch [385/391] loss 2.4316 lr 0.09704403844771128 acc 33.59% eta 1:36:00
2023-04-09 15:10:56,570 - __main__ - INFO - Computing epoch 12 validation accuracy...
2023-04-09 15:11:01,370 - __main__ - INFO - Computing epoch 12 validation loss...
2023-04-09 15:11:06,495 - __main__ - INFO - [INFO] 2023-04-09 15:11:06.495183 Epoch [13/100] batch [1/391] loss 2.1250 lr 0.09648882429441258 acc 39.84% eta 1:34:40
2023-04-09 15:11:32,007 - __main__ - INFO - [INFO] 2023-04-09 15:11:32.007464 Epoch [13/100] batch [129/391] loss 2.0605 lr 0.09648882429441258 acc 40.62% eta 1:37:00
2023-04-09 15:11:57,229 - __main__ - INFO - [INFO] 2023-04-09 15:11:57.228793 Epoch [13/100] batch [257/391] loss 2.1250 lr 0.09648882429441258 acc 34.38% eta 1:36:10
2023-04-09 15:12:22,375 - __main__ - INFO - [INFO] 2023-04-09 15:12:22.375634 Epoch [13/100] batch [385/391] loss 2.1270 lr 0.09648882429441258 acc 39.06% eta 1:35:33
2023-04-09 15:12:23,533 - __main__ - INFO - Computing epoch 13 validation accuracy...
2023-04-09 15:12:28,363 - __main__ - INFO - Computing epoch 13 validation loss...
2023-04-09 15:12:33,495 - __main__ - INFO - [INFO] 2023-04-09 15:12:33.494816 Epoch [14/100] batch [1/391] loss 3.5664 lr 0.09588773128419906 acc 31.25% eta 1:40:58
2023-04-09 15:12:59,278 - __main__ - INFO - [INFO] 2023-04-09 15:12:59.278737 Epoch [14/100] batch [129/391] loss 2.2461 lr 0.09588773128419906 acc 33.59% eta 1:36:46
2023-04-09 15:13:24,454 - __main__ - INFO - [INFO] 2023-04-09 15:13:24.454182 Epoch [14/100] batch [257/391] loss 2.1426 lr 0.09588773128419906 acc 46.09% eta 1:35:23
2023-04-09 15:13:49,554 - __main__ - INFO - [INFO] 2023-04-09 15:13:49.554536 Epoch [14/100] batch [385/391] loss 2.1270 lr 0.09588773128419906 acc 39.06% eta 1:34:36
2023-04-09 15:13:50,696 - __main__ - INFO - Computing epoch 14 validation accuracy...
2023-04-09 15:13:55,518 - __main__ - INFO - Computing epoch 14 validation loss...
2023-04-09 15:14:00,798 - __main__ - INFO - [INFO] 2023-04-09 15:14:00.798252 Epoch [15/100] batch [1/391] loss 2.0293 lr 0.09524135262330098 acc 37.50% eta 1:41:25
2023-04-09 15:14:26,500 - __main__ - INFO - [INFO] 2023-04-09 15:14:26.500048 Epoch [15/100] batch [129/391] loss 2.1445 lr 0.09524135262330098 acc 38.28% eta 1:35:43
2023-04-09 15:14:51,940 - __main__ - INFO - [INFO] 2023-04-09 15:14:51.940243 Epoch [15/100] batch [257/391] loss 2.1777 lr 0.09524135262330098 acc 44.53% eta 1:34:49
2023-04-09 15:15:17,652 - __main__ - INFO - [INFO] 2023-04-09 15:15:17.652520 Epoch [15/100] batch [385/391] loss 2.1465 lr 0.09524135262330098 acc 37.50% eta 1:34:32
2023-04-09 15:15:18,820 - __main__ - INFO - Computing epoch 15 validation accuracy...
2023-04-09 15:15:23,602 - __main__ - INFO - Computing epoch 15 validation loss...
2023-04-09 15:15:28,951 - __main__ - INFO - [INFO] 2023-04-09 15:15:28.951266 Epoch [16/100] batch [1/391] loss 2.0488 lr 0.0945503262094184 acc 44.53% eta 1:43:32
2023-04-09 15:15:54,176 - __main__ - INFO - [INFO] 2023-04-09 15:15:54.176372 Epoch [16/100] batch [129/391] loss 2.1055 lr 0.0945503262094184 acc 42.97% eta 1:33:02
2023-04-09 15:16:19,267 - __main__ - INFO - [INFO] 2023-04-09 15:16:19.267276 Epoch [16/100] batch [257/391] loss 2.1602 lr 0.0945503262094184 acc 35.94% eta 1:32:19
2023-04-09 15:16:44,356 - __main__ - INFO - [INFO] 2023-04-09 15:16:44.356397 Epoch [16/100] batch [385/391] loss 1.8711 lr 0.0945503262094184 acc 42.97% eta 1:31:47
2023-04-09 15:16:45,497 - __main__ - INFO - Computing epoch 16 validation accuracy...
2023-04-09 15:16:50,293 - __main__ - INFO - Computing epoch 16 validation loss...
2023-04-09 15:16:55,428 - __main__ - INFO - [INFO] 2023-04-09 15:16:55.428129 Epoch [17/100] batch [1/391] loss 3.3730 lr 0.09381533400219319 acc 42.19% eta 1:34:50
2023-04-09 15:17:20,462 - __main__ - INFO - [INFO] 2023-04-09 15:17:20.462007 Epoch [17/100] batch [129/391] loss 2.1250 lr 0.09381533400219319 acc 39.84% eta 1:31:06
2023-04-09 15:17:45,433 - __main__ - INFO - [INFO] 2023-04-09 15:17:45.433318 Epoch [17/100] batch [257/391] loss 1.9111 lr 0.09381533400219319 acc 38.28% eta 1:30:33
2023-04-09 15:18:10,475 - __main__ - INFO - [INFO] 2023-04-09 15:18:10.475465 Epoch [17/100] batch [385/391] loss 2.1035 lr 0.09381533400219319 acc 38.28% eta 1:30:15
2023-04-09 15:18:11,610 - __main__ - INFO - Computing epoch 17 validation accuracy...
2023-04-09 15:18:16,484 - __main__ - INFO - Computing epoch 17 validation loss...
2023-04-09 15:18:21,582 - __main__ - INFO - [INFO] 2023-04-09 15:18:21.582001 Epoch [18/100] batch [1/391] loss 1.8877 lr 0.0930371013501972 acc 44.53% eta 1:40:48
2023-04-09 15:18:46,639 - __main__ - INFO - [INFO] 2023-04-09 15:18:46.639067 Epoch [18/100] batch [129/391] loss 2.0859 lr 0.0930371013501972 acc 38.28% eta 1:30:08
2023-04-09 15:19:11,929 - __main__ - INFO - [INFO] 2023-04-09 15:19:11.929460 Epoch [18/100] batch [257/391] loss 2.2793 lr 0.0930371013501972 acc 38.28% eta 1:30:07
2023-04-09 15:19:37,266 - __main__ - INFO - [INFO] 2023-04-09 15:19:37.266095 Epoch [18/100] batch [385/391] loss 1.5752 lr 0.0930371013501972 acc 53.12% eta 1:29:53
2023-04-09 15:19:38,432 - __main__ - INFO - Computing epoch 18 validation accuracy...
2023-04-09 15:19:43,238 - __main__ - INFO - Computing epoch 18 validation loss...
2023-04-09 15:19:48,420 - __main__ - INFO - [INFO] 2023-04-09 15:19:48.420637 Epoch [19/100] batch [1/391] loss 3.3340 lr 0.09221639627510078 acc 41.41% eta 1:31:03
2023-04-09 15:20:14,180 - __main__ - INFO - [INFO] 2023-04-09 15:20:14.180121 Epoch [19/100] batch [129/391] loss 1.9492 lr 0.09221639627510078 acc 45.31% eta 1:31:22
2023-04-09 15:20:39,382 - __main__ - INFO - [INFO] 2023-04-09 15:20:39.382438 Epoch [19/100] batch [257/391] loss 1.7275 lr 0.09221639627510078 acc 46.09% eta 1:29:59
2023-04-09 15:21:05,067 - __main__ - INFO - [INFO] 2023-04-09 15:21:05.067135 Epoch [19/100] batch [385/391] loss 1.8877 lr 0.09221639627510078 acc 44.53% eta 1:29:49
2023-04-09 15:21:06,228 - __main__ - INFO - Computing epoch 19 validation accuracy...
2023-04-09 15:21:11,120 - __main__ - INFO - Computing epoch 19 validation loss...
2023-04-09 15:21:16,315 - __main__ - INFO - [INFO] 2023-04-09 15:21:16.315115 Epoch [20/100] batch [1/391] loss 3.3457 lr 0.09135402871372812 acc 39.84% eta 1:30:05
2023-04-09 15:21:41,860 - __main__ - INFO - [INFO] 2023-04-09 15:21:41.860608 Epoch [20/100] batch [129/391] loss 2.1719 lr 0.09135402871372812 acc 42.19% eta 1:29:25
2023-04-09 15:22:07,077 - __main__ - INFO - [INFO] 2023-04-09 15:22:07.077775 Epoch [20/100] batch [257/391] loss 2.0684 lr 0.09135402871372812 acc 35.94% eta 1:28:29
2023-04-09 15:22:32,195 - __main__ - INFO - [INFO] 2023-04-09 15:22:32.195655 Epoch [20/100] batch [385/391] loss 1.9355 lr 0.09135402871372812 acc 42.97% eta 1:27:49
2023-04-09 15:22:33,401 - __main__ - INFO - Computing epoch 20 validation accuracy...
2023-04-09 15:22:38,294 - __main__ - INFO - Computing epoch 20 validation loss...
2023-04-09 15:22:43,550 - __main__ - INFO - [INFO] 2023-04-09 15:22:43.550580 Epoch [21/100] batch [1/391] loss 2.0254 lr 0.09045084971874741 acc 42.97% eta 1:26:47
2023-04-09 15:23:08,950 - __main__ - INFO - [INFO] 2023-04-09 15:23:08.949921 Epoch [21/100] batch [129/391] loss 1.9902 lr 0.09045084971874741 acc 46.09% eta 1:27:49
2023-04-09 15:23:34,159 - __main__ - INFO - [INFO] 2023-04-09 15:23:34.159072 Epoch [21/100] batch [257/391] loss 1.7344 lr 0.09045084971874741 acc 46.09% eta 1:27:10
2023-04-09 15:23:59,520 - __main__ - INFO - [INFO] 2023-04-09 15:23:59.519875 Epoch [21/100] batch [385/391] loss 1.7656 lr 0.09045084971874741 acc 47.66% eta 1:26:52
2023-04-09 15:24:00,724 - __main__ - INFO - Computing epoch 21 validation accuracy...
2023-04-09 15:24:05,589 - __main__ - INFO - Computing epoch 21 validation loss...
2023-04-09 15:24:10,879 - __main__ - INFO - [INFO] 2023-04-09 15:24:10.879377 Epoch [22/100] batch [1/391] loss 1.9189 lr 0.08950775061878455 acc 37.50% eta 1:33:56
2023-04-09 15:24:36,004 - __main__ - INFO - [INFO] 2023-04-09 15:24:36.004414 Epoch [22/100] batch [129/391] loss 1.9512 lr 0.08950775061878455 acc 42.19% eta 1:25:56
2023-04-09 15:25:01,177 - __main__ - INFO - [INFO] 2023-04-09 15:25:01.177768 Epoch [22/100] batch [257/391] loss 1.7334 lr 0.08950775061878455 acc 50.00% eta 1:25:34
2023-04-09 15:25:26,642 - __main__ - INFO - [INFO] 2023-04-09 15:25:26.641974 Epoch [22/100] batch [385/391] loss 2.0742 lr 0.08950775061878455 acc 34.38% eta 1:25:31
2023-04-09 15:25:27,833 - __main__ - INFO - Computing epoch 22 validation accuracy...
2023-04-09 15:25:32,898 - __main__ - INFO - Computing epoch 22 validation loss...
2023-04-09 15:25:38,124 - __main__ - INFO - [INFO] 2023-04-09 15:25:38.123818 Epoch [23/100] batch [1/391] loss 3.4121 lr 0.0885256621387895 acc 30.47% eta 1:32:24
2023-04-09 15:26:03,698 - __main__ - INFO - [INFO] 2023-04-09 15:26:03.698087 Epoch [23/100] batch [129/391] loss 1.5254 lr 0.0885256621387895 acc 58.59% eta 1:26:11
2023-04-09 15:26:28,818 - __main__ - INFO - [INFO] 2023-04-09 15:26:28.818750 Epoch [23/100] batch [257/391] loss 1.8506 lr 0.0885256621387895 acc 42.19% eta 1:25:05
2023-04-09 15:26:54,030 - __main__ - INFO - [INFO] 2023-04-09 15:26:54.030200 Epoch [23/100] batch [385/391] loss 1.7578 lr 0.0885256621387895 acc 51.56% eta 1:24:32
2023-04-09 15:26:55,165 - __main__ - INFO - Computing epoch 23 validation accuracy...
2023-04-09 15:26:59,890 - __main__ - INFO - Computing epoch 23 validation loss...
2023-04-09 15:27:05,145 - __main__ - INFO - [INFO] 2023-04-09 15:27:05.144887 Epoch [24/100] batch [1/391] loss 3.2656 lr 0.08750555348152302 acc 43.75% eta 1:27:23
2023-04-09 15:27:30,497 - __main__ - INFO - [INFO] 2023-04-09 15:27:30.497192 Epoch [24/100] batch [129/391] loss 1.7305 lr 0.08750555348152302 acc 45.31% eta 1:24:19
2023-04-09 15:27:55,796 - __main__ - INFO - [INFO] 2023-04-09 15:27:55.796423 Epoch [24/100] batch [257/391] loss 1.8799 lr 0.08750555348152302 acc 53.91% eta 1:23:53
2023-04-09 15:28:21,238 - __main__ - INFO - [INFO] 2023-04-09 15:28:21.238611 Epoch [24/100] batch [385/391] loss 1.8105 lr 0.08750555348152302 acc 45.31% eta 1:23:42
2023-04-09 15:28:22,405 - __main__ - INFO - Computing epoch 24 validation accuracy...
2023-04-09 15:28:27,274 - __main__ - INFO - Computing epoch 24 validation loss...
2023-04-09 15:28:32,397 - __main__ - INFO - [INFO] 2023-04-09 15:28:32.397222 Epoch [25/100] batch [1/391] loss 1.9248 lr 0.08644843137107061 acc 47.66% eta 1:27:12
2023-04-09 15:28:58,486 - __main__ - INFO - [INFO] 2023-04-09 15:28:58.485837 Epoch [25/100] batch [129/391] loss 1.7207 lr 0.08644843137107061 acc 52.34% eta 1:25:28
2023-04-09 15:29:23,895 - __main__ - INFO - [INFO] 2023-04-09 15:29:23.895440 Epoch [25/100] batch [257/391] loss 1.9893 lr 0.08644843137107061 acc 35.16% eta 1:24:07
2023-04-09 15:29:49,313 - __main__ - INFO - [INFO] 2023-04-09 15:29:49.313594 Epoch [25/100] batch [385/391] loss 1.6104 lr 0.08644843137107061 acc 53.91% eta 1:23:25
2023-04-09 15:29:50,464 - __main__ - INFO - Computing epoch 25 validation accuracy...
2023-04-09 15:29:55,277 - __main__ - INFO - Computing epoch 25 validation loss...
2023-04-09 15:30:00,612 - __main__ - INFO - [INFO] 2023-04-09 15:30:00.612070 Epoch [26/100] batch [1/391] loss 3.4473 lr 0.0853553390593274 acc 42.97% eta 1:32:01
2023-04-09 15:30:25,841 - __main__ - INFO - [INFO] 2023-04-09 15:30:25.841515 Epoch [26/100] batch [129/391] loss 1.8350 lr 0.0853553390593274 acc 46.88% eta 1:21:59
2023-04-09 15:30:51,536 - __main__ - INFO - [INFO] 2023-04-09 15:30:51.536078 Epoch [26/100] batch [257/391] loss 1.9131 lr 0.0853553390593274 acc 39.06% eta 1:22:17
2023-04-09 15:31:17,009 - __main__ - INFO - [INFO] 2023-04-09 15:31:17.009247 Epoch [26/100] batch [385/391] loss 1.8330 lr 0.0853553390593274 acc 48.44% eta 1:21:51
2023-04-09 15:31:18,154 - __main__ - INFO - Computing epoch 26 validation accuracy...
2023-04-09 15:31:22,997 - __main__ - INFO - Computing epoch 26 validation loss...
2023-04-09 15:31:28,064 - __main__ - INFO - [INFO] 2023-04-09 15:31:28.064352 Epoch [27/100] batch [1/391] loss 3.3223 lr 0.08422735529643446 acc 39.06% eta 1:25:59
2023-04-09 15:31:53,449 - __main__ - INFO - [INFO] 2023-04-09 15:31:53.449208 Epoch [27/100] batch [129/391] loss 2.0000 lr 0.08422735529643446 acc 46.09% eta 1:21:16
2023-04-09 15:32:18,826 - __main__ - INFO - [INFO] 2023-04-09 15:32:18.825594 Epoch [27/100] batch [257/391] loss 1.5957 lr 0.08422735529643446 acc 54.69% eta 1:20:54
2023-04-09 15:32:44,130 - __main__ - INFO - [INFO] 2023-04-09 15:32:44.129883 Epoch [27/100] batch [385/391] loss 1.6904 lr 0.08422735529643446 acc 53.91% eta 1:20:23
2023-04-09 15:32:45,259 - __main__ - INFO - Computing epoch 27 validation accuracy...
2023-04-09 15:32:50,089 - __main__ - INFO - Computing epoch 27 validation loss...
2023-04-09 15:32:55,302 - __main__ - INFO - [INFO] 2023-04-09 15:32:55.302311 Epoch [28/100] batch [1/391] loss 1.6514 lr 0.08306559326618262 acc 46.09% eta 1:25:06
2023-04-09 15:33:20,694 - __main__ - INFO - [INFO] 2023-04-09 15:33:20.694278 Epoch [28/100] batch [129/391] loss 1.8242 lr 0.08306559326618262 acc 48.44% eta 1:20:14
2023-04-09 15:33:46,564 - __main__ - INFO - [INFO] 2023-04-09 15:33:46.564608 Epoch [28/100] batch [257/391] loss 1.7139 lr 0.08306559326618262 acc 57.81% eta 1:20:27
2023-04-09 15:34:12,474 - __main__ - INFO - [INFO] 2023-04-09 15:34:12.474204 Epoch [28/100] batch [385/391] loss 1.4980 lr 0.08306559326618262 acc 57.03% eta 1:20:17
2023-04-09 15:34:13,635 - __main__ - INFO - Computing epoch 28 validation accuracy...
2023-04-09 15:34:18,525 - __main__ - INFO - Computing epoch 28 validation loss...
2023-04-09 15:34:24,022 - __main__ - INFO - [INFO] 2023-04-09 15:34:24.021847 Epoch [29/100] batch [1/391] loss 3.3027 lr 0.08187119948743452 acc 37.50% eta 1:26:10
2023-04-09 15:34:49,984 - __main__ - INFO - [INFO] 2023-04-09 15:34:49.984236 Epoch [29/100] batch [129/391] loss 1.6924 lr 0.08187119948743452 acc 50.78% eta 1:20:42
2023-04-09 15:35:16,075 - __main__ - INFO - [INFO] 2023-04-09 15:35:16.075165 Epoch [29/100] batch [257/391] loss 1.7402 lr 0.08187119948743452 acc 44.53% eta 1:20:31
2023-04-09 15:35:41,510 - __main__ - INFO - [INFO] 2023-04-09 15:35:41.510330 Epoch [29/100] batch [385/391] loss 1.4863 lr 0.08187119948743452 acc 58.59% eta 1:19:35
2023-04-09 15:35:42,702 - __main__ - INFO - Computing epoch 29 validation accuracy...
2023-04-09 15:35:47,770 - __main__ - INFO - Computing epoch 29 validation loss...
2023-04-09 15:35:52,932 - __main__ - INFO - [INFO] 2023-04-09 15:35:52.932281 Epoch [30/100] batch [1/391] loss 3.4004 lr 0.08064535268264886 acc 39.84% eta 1:21:32
2023-04-09 15:36:18,191 - __main__ - INFO - [INFO] 2023-04-09 15:36:18.191615 Epoch [30/100] batch [129/391] loss 1.5244 lr 0.08064535268264886 acc 50.00% eta 1:17:32
2023-04-09 15:36:43,445 - __main__ - INFO - [INFO] 2023-04-09 15:36:43.444859 Epoch [30/100] batch [257/391] loss 1.8779 lr 0.08064535268264886 acc 41.41% eta 1:17:07
2023-04-09 15:37:09,267 - __main__ - INFO - [INFO] 2023-04-09 15:37:09.266481 Epoch [30/100] batch [385/391] loss 1.8486 lr 0.08064535268264886 acc 45.31% eta 1:17:17
2023-04-09 15:37:10,422 - __main__ - INFO - Computing epoch 30 validation accuracy...
2023-04-09 15:37:15,293 - __main__ - INFO - Computing epoch 30 validation loss...
2023-04-09 15:37:20,416 - __main__ - INFO - [INFO] 2023-04-09 15:37:20.415799 Epoch [31/100] batch [1/391] loss 3.3594 lr 0.0793892626146237 acc 53.91% eta 1:34:55
2023-04-09 15:37:46,315 - __main__ - INFO - [INFO] 2023-04-09 15:37:46.315374 Epoch [31/100] batch [129/391] loss 1.4404 lr 0.0793892626146237 acc 63.28% eta 1:18:32
2023-04-09 15:38:11,322 - __main__ - INFO - [INFO] 2023-04-09 15:38:11.322214 Epoch [31/100] batch [257/391] loss 1.4619 lr 0.0793892626146237 acc 56.25% eta 1:16:47
2023-04-09 15:38:36,448 - __main__ - INFO - [INFO] 2023-04-09 15:38:36.448514 Epoch [31/100] batch [385/391] loss 1.4824 lr 0.0793892626146237 acc 50.78% eta 1:16:03
2023-04-09 15:38:37,609 - __main__ - INFO - Computing epoch 31 validation accuracy...
2023-04-09 15:38:42,517 - __main__ - INFO - Computing epoch 31 validation loss...
2023-04-09 15:38:47,641 - __main__ - INFO - [INFO] 2023-04-09 15:38:47.641005 Epoch [32/100] batch [1/391] loss 1.7744 lr 0.07810416889260657 acc 50.78% eta 1:19:38
2023-04-09 15:39:12,844 - __main__ - INFO - [INFO] 2023-04-09 15:39:12.843904 Epoch [32/100] batch [129/391] loss 1.4814 lr 0.07810416889260657 acc 55.47% eta 1:15:18
2023-04-09 15:39:37,995 - __main__ - INFO - [INFO] 2023-04-09 15:39:37.995776 Epoch [32/100] batch [257/391] loss 1.7354 lr 0.07810416889260657 acc 53.91% eta 1:14:47
2023-04-09 15:40:03,651 - __main__ - INFO - [INFO] 2023-04-09 15:40:03.651388 Epoch [32/100] batch [385/391] loss 1.5693 lr 0.07810416889260657 acc 51.56% eta 1:14:50
2023-04-09 15:40:04,808 - __main__ - INFO - Computing epoch 32 validation accuracy...
2023-04-09 15:40:09,554 - __main__ - INFO - Computing epoch 32 validation loss...
2023-04-09 15:40:14,715 - __main__ - INFO - [INFO] 2023-04-09 15:40:14.715302 Epoch [33/100] batch [1/391] loss 3.1758 lr 0.07679133974894986 acc 53.12% eta 1:40:47
2023-04-09 15:40:39,971 - __main__ - INFO - [INFO] 2023-04-09 15:40:39.971065 Epoch [33/100] batch [129/391] loss 1.7285 lr 0.07679133974894986 acc 50.78% eta 1:14:31
2023-04-09 15:41:05,190 - __main__ - INFO - [INFO] 2023-04-09 15:41:05.190425 Epoch [33/100] batch [257/391] loss 1.5420 lr 0.07679133974894986 acc 52.34% eta 1:13:54
2023-04-09 15:41:30,779 - __main__ - INFO - [INFO] 2023-04-09 15:41:30.779411 Epoch [33/100] batch [385/391] loss 1.5996 lr 0.07679133974894986 acc 57.81% eta 1:13:49
2023-04-09 15:41:32,014 - __main__ - INFO - Computing epoch 33 validation accuracy...
2023-04-09 15:41:36,827 - __main__ - INFO - Computing epoch 33 validation loss...
2023-04-09 15:41:41,998 - __main__ - INFO - [INFO] 2023-04-09 15:41:41.998136 Epoch [34/100] batch [1/391] loss 1.5693 lr 0.0754520707875186 acc 57.81% eta 1:19:14
2023-04-09 15:42:07,257 - __main__ - INFO - [INFO] 2023-04-09 15:42:07.257421 Epoch [34/100] batch [129/391] loss 1.7197 lr 0.0754520707875186 acc 44.53% eta 1:13:02
2023-04-09 15:42:32,695 - __main__ - INFO - [INFO] 2023-04-09 15:42:32.695072 Epoch [34/100] batch [257/391] loss 1.8730 lr 0.0754520707875186 acc 46.09% eta 1:12:56
2023-04-09 15:42:58,134 - __main__ - INFO - [INFO] 2023-04-09 15:42:58.134756 Epoch [34/100] batch [385/391] loss 1.5566 lr 0.0754520707875186 acc 55.47% eta 1:12:41
2023-04-09 15:42:59,280 - __main__ - INFO - Computing epoch 34 validation accuracy...
2023-04-09 15:43:04,137 - __main__ - INFO - Computing epoch 34 validation loss...
2023-04-09 15:43:09,387 - __main__ - INFO - [INFO] 2023-04-09 15:43:09.387388 Epoch [35/100] batch [1/391] loss 1.3984 lr 0.0740876837050858 acc 59.38% eta 1:15:35
2023-04-09 15:43:34,705 - __main__ - INFO - [INFO] 2023-04-09 15:43:34.705735 Epoch [35/100] batch [129/391] loss 1.8613 lr 0.0740876837050858 acc 46.88% eta 1:12:14
2023-04-09 15:44:00,698 - __main__ - INFO - [INFO] 2023-04-09 15:44:00.698738 Epoch [35/100] batch [257/391] loss 1.6113 lr 0.0740876837050858 acc 44.53% eta 1:12:44
2023-04-09 15:44:25,967 - __main__ - INFO - [INFO] 2023-04-09 15:44:25.967392 Epoch [35/100] batch [385/391] loss 1.5811 lr 0.0740876837050858 acc 57.81% eta 1:12:03
2023-04-09 15:44:27,122 - __main__ - INFO - Computing epoch 35 validation accuracy...
2023-04-09 15:44:32,037 - __main__ - INFO - Computing epoch 35 validation loss...
2023-04-09 15:44:37,226 - __main__ - INFO - [INFO] 2023-04-09 15:44:37.226076 Epoch [36/100] batch [1/391] loss 1.4707 lr 0.07269952498697738 acc 61.72% eta 1:15:07
2023-04-09 15:45:02,203 - __main__ - INFO - [INFO] 2023-04-09 15:45:02.203212 Epoch [36/100] batch [129/391] loss 1.5342 lr 0.07269952498697738 acc 57.81% eta 1:10:16
2023-04-09 15:45:27,256 - __main__ - INFO - [INFO] 2023-04-09 15:45:27.255854 Epoch [36/100] batch [257/391] loss 1.8496 lr 0.07269952498697738 acc 51.56% eta 1:09:55
2023-04-09 15:45:52,319 - __main__ - INFO - [INFO] 2023-04-09 15:45:52.319650 Epoch [36/100] batch [385/391] loss 1.7383 lr 0.07269952498697738 acc 53.12% eta 1:09:36
2023-04-09 15:45:53,466 - __main__ - INFO - Computing epoch 36 validation accuracy...
2023-04-09 15:45:58,459 - __main__ - INFO - Computing epoch 36 validation loss...
2023-04-09 15:46:03,739 - __main__ - INFO - [INFO] 2023-04-09 15:46:03.738509 Epoch [37/100] batch [1/391] loss 1.6729 lr 0.07128896457825366 acc 51.56% eta 1:11:55
2023-04-09 15:46:28,658 - __main__ - INFO - [INFO] 2023-04-09 15:46:28.658462 Epoch [37/100] batch [129/391] loss 1.6055 lr 0.07128896457825366 acc 53.12% eta 1:09:04
2023-04-09 15:46:54,292 - __main__ - INFO - [INFO] 2023-04-09 15:46:54.292353 Epoch [37/100] batch [257/391] loss 1.6768 lr 0.07128896457825366 acc 53.91% eta 1:09:36
2023-04-09 15:47:19,528 - __main__ - INFO - [INFO] 2023-04-09 15:47:19.528502 Epoch [37/100] batch [385/391] loss 1.5693 lr 0.07128896457825366 acc 58.59% eta 1:09:10
2023-04-09 15:47:20,700 - __main__ - INFO - Computing epoch 37 validation accuracy...
2023-04-09 15:47:25,550 - __main__ - INFO - Computing epoch 37 validation loss...
2023-04-09 15:47:30,724 - __main__ - INFO - [INFO] 2023-04-09 15:47:30.724847 Epoch [38/100] batch [1/391] loss 1.3711 lr 0.06985739453173906 acc 55.47% eta 1:13:15
2023-04-09 15:47:55,856 - __main__ - INFO - [INFO] 2023-04-09 15:47:55.856576 Epoch [38/100] batch [129/391] loss 1.6934 lr 0.06985739453173906 acc 46.88% eta 1:08:31
2023-04-09 15:48:21,100 - __main__ - INFO - [INFO] 2023-04-09 15:48:21.099859 Epoch [38/100] batch [257/391] loss 1.5518 lr 0.06985739453173906 acc 57.81% eta 1:08:10
2023-04-09 15:48:45,940 - __main__ - INFO - [INFO] 2023-04-09 15:48:45.940340 Epoch [38/100] batch [385/391] loss 1.5439 lr 0.06985739453173906 acc 52.34% eta 1:07:30
2023-04-09 15:48:47,065 - __main__ - INFO - Computing epoch 38 validation accuracy...
2023-04-09 15:48:51,829 - __main__ - INFO - Computing epoch 38 validation loss...
2023-04-09 15:48:57,283 - __main__ - INFO - [INFO] 2023-04-09 15:48:57.283631 Epoch [39/100] batch [1/391] loss 3.1367 lr 0.06840622763423394 acc 37.50% eta 1:34:37
2023-04-09 15:49:22,857 - __main__ - INFO - [INFO] 2023-04-09 15:49:22.857720 Epoch [39/100] batch [129/391] loss 1.2979 lr 0.06840622763423394 acc 57.03% eta 1:08:39
2023-04-09 15:49:48,525 - __main__ - INFO - [INFO] 2023-04-09 15:49:48.524965 Epoch [39/100] batch [257/391] loss 1.4414 lr 0.06840622763423394 acc 48.44% eta 1:08:19
2023-04-09 15:50:13,830 - __main__ - INFO - [INFO] 2023-04-09 15:50:13.830282 Epoch [39/100] batch [385/391] loss 1.4697 lr 0.06840622763423394 acc 55.47% eta 1:07:38
2023-04-09 15:50:14,980 - __main__ - INFO - Computing epoch 39 validation accuracy...
2023-04-09 15:50:19,838 - __main__ - INFO - Computing epoch 39 validation loss...
2023-04-09 15:50:25,070 - __main__ - INFO - [INFO] 2023-04-09 15:50:25.070449 Epoch [40/100] batch [1/391] loss 2.9746 lr 0.06693689601226462 acc 56.25% eta 1:09:58
2023-04-09 15:50:50,132 - __main__ - INFO - [INFO] 2023-04-09 15:50:50.132003 Epoch [40/100] batch [129/391] loss 1.4629 lr 0.06693689601226462 acc 46.09% eta 1:06:04
2023-04-09 15:51:15,443 - __main__ - INFO - [INFO] 2023-04-09 15:51:15.442852 Epoch [40/100] batch [257/391] loss 1.5840 lr 0.06693689601226462 acc 55.47% eta 1:05:59
2023-04-09 15:51:40,350 - __main__ - INFO - [INFO] 2023-04-09 15:51:40.350350 Epoch [40/100] batch [385/391] loss 1.6055 lr 0.06693689601226462 acc 48.44% eta 1:05:22
2023-04-09 15:51:41,513 - __main__ - INFO - Computing epoch 40 validation accuracy...
2023-04-09 15:51:46,335 - __main__ - INFO - Computing epoch 40 validation loss...
2023-04-09 15:51:51,432 - __main__ - INFO - [INFO] 2023-04-09 15:51:51.432052 Epoch [41/100] batch [1/391] loss 3.0703 lr 0.06545084971874741 acc 49.22% eta 1:04:10
2023-04-09 15:52:16,674 - __main__ - INFO - [INFO] 2023-04-09 15:52:16.674597 Epoch [41/100] batch [129/391] loss 1.8916 lr 0.06545084971874741 acc 48.44% eta 1:05:22
2023-04-09 15:52:41,919 - __main__ - INFO - [INFO] 2023-04-09 15:52:41.918828 Epoch [41/100] batch [257/391] loss 1.6641 lr 0.06545084971874741 acc 64.06% eta 1:05:02
2023-04-09 15:53:07,246 - __main__ - INFO - [INFO] 2023-04-09 15:53:07.246745 Epoch [41/100] batch [385/391] loss 1.6660 lr 0.06545084971874741 acc 49.22% eta 1:04:44
2023-04-09 15:53:08,399 - __main__ - INFO - Computing epoch 41 validation accuracy...
2023-04-09 15:53:13,289 - __main__ - INFO - Computing epoch 41 validation loss...
2023-04-09 15:53:18,479 - __main__ - INFO - [INFO] 2023-04-09 15:53:18.479124 Epoch [42/100] batch [1/391] loss 2.9883 lr 0.06394955530196152 acc 55.47% eta 1:10:39
2023-04-09 15:53:43,850 - __main__ - INFO - [INFO] 2023-04-09 15:53:43.849927 Epoch [42/100] batch [129/391] loss 1.5273 lr 0.06394955530196152 acc 50.00% eta 1:04:39
2023-04-09 15:54:08,788 - __main__ - INFO - [INFO] 2023-04-09 15:54:08.787976 Epoch [42/100] batch [257/391] loss 1.7129 lr 0.06394955530196152 acc 51.56% eta 1:03:45
2023-04-09 15:54:33,984 - __main__ - INFO - [INFO] 2023-04-09 15:54:33.984513 Epoch [42/100] batch [385/391] loss 1.4824 lr 0.06394955530196152 acc 53.12% eta 1:03:23
2023-04-09 15:54:35,123 - __main__ - INFO - Computing epoch 42 validation accuracy...
2023-04-09 15:54:39,987 - __main__ - INFO - Computing epoch 42 validation loss...
2023-04-09 15:54:45,291 - __main__ - INFO - [INFO] 2023-04-09 15:54:45.291431 Epoch [43/100] batch [1/391] loss 3.0684 lr 0.062434494358242776 acc 50.00% eta 1:04:52
2023-04-09 15:55:10,794 - __main__ - INFO - [INFO] 2023-04-09 15:55:10.794147 Epoch [43/100] batch [129/391] loss 1.3115 lr 0.062434494358242776 acc 64.06% eta 1:03:58
2023-04-09 15:55:36,345 - __main__ - INFO - [INFO] 2023-04-09 15:55:36.345209 Epoch [43/100] batch [257/391] loss 1.4297 lr 0.062434494358242776 acc 57.03% eta 1:03:38
2023-04-09 15:56:01,807 - __main__ - INFO - [INFO] 2023-04-09 15:56:01.807311 Epoch [43/100] batch [385/391] loss 1.5156 lr 0.062434494358242776 acc 65.62% eta 1:03:11
2023-04-09 15:56:03,019 - __main__ - INFO - Computing epoch 43 validation accuracy...
2023-04-09 15:56:07,798 - __main__ - INFO - Computing epoch 43 validation loss...
2023-04-09 15:56:13,413 - __main__ - INFO - [INFO] 2023-04-09 15:56:13.412852 Epoch [44/100] batch [1/391] loss 3.0117 lr 0.06090716206982718 acc 58.59% eta 1:22:12
2023-04-09 15:56:39,000 - __main__ - INFO - [INFO] 2023-04-09 15:56:38.999953 Epoch [44/100] batch [129/391] loss 1.2129 lr 0.06090716206982718 acc 64.06% eta 1:03:11
2023-04-09 15:57:04,290 - __main__ - INFO - [INFO] 2023-04-09 15:57:04.289965 Epoch [44/100] batch [257/391] loss 1.6768 lr 0.06090716206982718 acc 61.72% eta 1:02:17
2023-04-09 15:57:29,926 - __main__ - INFO - [INFO] 2023-04-09 15:57:29.926581 Epoch [44/100] batch [385/391] loss 1.6475 lr 0.06090716206982718 acc 50.78% eta 1:02:02
2023-04-09 15:57:31,087 - __main__ - INFO - Computing epoch 44 validation accuracy...
2023-04-09 15:57:35,936 - __main__ - INFO - Computing epoch 44 validation loss...
2023-04-09 15:57:41,153 - __main__ - INFO - [INFO] 2023-04-09 15:57:41.152863 Epoch [45/100] batch [1/391] loss 2.8828 lr 0.05936906572928628 acc 56.25% eta 1:06:10
2023-04-09 15:58:06,670 - __main__ - INFO - [INFO] 2023-04-09 15:58:06.670014 Epoch [45/100] batch [129/391] loss 1.6387 lr 0.05936906572928628 acc 53.12% eta 1:01:42
2023-04-09 15:58:32,042 - __main__ - INFO - [INFO] 2023-04-09 15:58:32.042770 Epoch [45/100] batch [257/391] loss 1.4092 lr 0.05936906572928628 acc 50.78% eta 1:01:04
2023-04-09 15:58:57,402 - __main__ - INFO - [INFO] 2023-04-09 15:58:57.401906 Epoch [45/100] batch [385/391] loss 1.6553 lr 0.05936906572928628 acc 50.00% eta 1:00:38
2023-04-09 15:58:58,552 - __main__ - INFO - Computing epoch 45 validation accuracy...
2023-04-09 15:59:03,322 - __main__ - INFO - Computing epoch 45 validation loss...
2023-04-09 15:59:08,575 - __main__ - INFO - [INFO] 2023-04-09 15:59:08.575473 Epoch [46/100] batch [1/391] loss 1.2402 lr 0.05782172325201159 acc 61.72% eta 1:01:55
2023-04-09 15:59:33,679 - __main__ - INFO - [INFO] 2023-04-09 15:59:33.679025 Epoch [46/100] batch [129/391] loss 1.2998 lr 0.05782172325201159 acc 65.62% eta 0:59:36
2023-04-09 15:59:58,965 - __main__ - INFO - [INFO] 2023-04-09 15:59:58.964997 Epoch [46/100] batch [257/391] loss 1.3994 lr 0.05782172325201159 acc 60.16% eta 0:59:27
2023-04-09 16:00:24,340 - __main__ - INFO - [INFO] 2023-04-09 16:00:24.340411 Epoch [46/100] batch [385/391] loss 1.5859 lr 0.05782172325201159 acc 54.69% eta 0:59:14
2023-04-09 16:00:25,531 - __main__ - INFO - Computing epoch 46 validation accuracy...
2023-04-09 16:00:30,409 - __main__ - INFO - Computing epoch 46 validation loss...
2023-04-09 16:00:35,728 - __main__ - INFO - [INFO] 2023-04-09 16:00:35.727030 Epoch [47/100] batch [1/391] loss 1.3125 lr 0.056266661678215264 acc 59.38% eta 1:03:11
2023-04-09 16:01:01,646 - __main__ - INFO - [INFO] 2023-04-09 16:01:01.646705 Epoch [47/100] batch [129/391] loss 1.3105 lr 0.056266661678215264 acc 57.03% eta 1:00:25
2023-04-09 16:01:27,215 - __main__ - INFO - [INFO] 2023-04-09 16:01:27.215775 Epoch [47/100] batch [257/391] loss 1.1191 lr 0.056266661678215264 acc 69.53% eta 0:59:37
2023-04-09 16:01:53,461 - __main__ - INFO - [INFO] 2023-04-09 16:01:53.460532 Epoch [47/100] batch [385/391] loss 1.4316 lr 0.056266661678215264 acc 60.16% eta 0:59:36
2023-04-09 16:01:54,702 - __main__ - INFO - Computing epoch 47 validation accuracy...
2023-04-09 16:01:59,545 - __main__ - INFO - Computing epoch 47 validation loss...
2023-04-09 16:02:05,045 - __main__ - INFO - [INFO] 2023-04-09 16:02:05.045141 Epoch [48/100] batch [1/391] loss 1.2861 lr 0.05470541566592575 acc 60.94% eta 1:12:54
2023-04-09 16:02:30,769 - __main__ - INFO - [INFO] 2023-04-09 16:02:30.769281 Epoch [48/100] batch [129/391] loss 1.6455 lr 0.05470541566592575 acc 61.72% eta 0:58:55
2023-04-09 16:02:56,377 - __main__ - INFO - [INFO] 2023-04-09 16:02:56.377444 Epoch [48/100] batch [257/391] loss 1.3623 lr 0.05470541566592575 acc 63.28% eta 0:58:24
2023-04-09 16:03:22,684 - __main__ - INFO - [INFO] 2023-04-09 16:03:22.684644 Epoch [48/100] batch [385/391] loss 1.5137 lr 0.05470541566592575 acc 48.44% eta 0:58:29
2023-04-09 16:03:23,829 - __main__ - INFO - Computing epoch 48 validation accuracy...
2023-04-09 16:03:28,645 - __main__ - INFO - Computing epoch 48 validation loss...
2023-04-09 16:03:33,682 - __main__ - INFO - [INFO] 2023-04-09 16:03:33.682344 Epoch [49/100] batch [1/391] loss 2.9609 lr 0.053139525976465714 acc 60.94% eta 0:57:27
2023-04-09 16:03:59,035 - __main__ - INFO - [INFO] 2023-04-09 16:03:59.035731 Epoch [49/100] batch [129/391] loss 1.3936 lr 0.053139525976465714 acc 58.59% eta 0:56:59
2023-04-09 16:04:24,158 - __main__ - INFO - [INFO] 2023-04-09 16:04:24.158627 Epoch [49/100] batch [257/391] loss 1.1973 lr 0.053139525976465714 acc 57.03% eta 0:56:23
2023-04-09 16:04:49,417 - __main__ - INFO - [INFO] 2023-04-09 16:04:49.417047 Epoch [49/100] batch [385/391] loss 1.4590 lr 0.053139525976465714 acc 66.41% eta 0:56:03
2023-04-09 16:04:50,547 - __main__ - INFO - Computing epoch 49 validation accuracy...
2023-04-09 16:04:55,247 - __main__ - INFO - Computing epoch 49 validation loss...
2023-04-09 16:05:00,324 - __main__ - INFO - [INFO] 2023-04-09 16:05:00.324301 Epoch [50/100] batch [1/391] loss 1.3555 lr 0.05157053795390645 acc 61.72% eta 0:56:22
2023-04-09 16:05:25,565 - __main__ - INFO - [INFO] 2023-04-09 16:05:25.565562 Epoch [50/100] batch [129/391] loss 1.3428 lr 0.05157053795390645 acc 59.38% eta 0:55:37
2023-04-09 16:05:50,799 - __main__ - INFO - [INFO] 2023-04-09 16:05:50.799496 Epoch [50/100] batch [257/391] loss 1.4062 lr 0.05157053795390645 acc 62.50% eta 0:55:15
2023-04-09 16:06:15,903 - __main__ - INFO - [INFO] 2023-04-09 16:06:15.903647 Epoch [50/100] batch [385/391] loss 1.2129 lr 0.05157053795390645 acc 56.25% eta 0:54:48
2023-04-09 16:06:17,082 - __main__ - INFO - Computing epoch 50 validation accuracy...
2023-04-09 16:06:21,888 - __main__ - INFO - Computing epoch 50 validation loss...
2023-04-09 16:06:27,063 - __main__ - INFO - [INFO] 2023-04-09 16:06:27.063249 Epoch [51/100] batch [1/391] loss 2.9434 lr 0.05000000000000004 acc 56.25% eta 0:58:32
2023-04-09 16:06:52,331 - __main__ - INFO - [INFO] 2023-04-09 16:06:52.331488 Epoch [51/100] batch [129/391] loss 1.5312 lr 0.05000000000000004 acc 50.00% eta 0:54:39
2023-04-09 16:07:17,732 - __main__ - INFO - [INFO] 2023-04-09 16:07:17.731998 Epoch [51/100] batch [257/391] loss 1.1514 lr 0.05000000000000004 acc 67.97% eta 0:54:20
2023-04-09 16:07:42,706 - __main__ - INFO - [INFO] 2023-04-09 16:07:42.706678 Epoch [51/100] batch [385/391] loss 1.2832 lr 0.05000000000000004 acc 59.38% eta 0:53:43
2023-04-09 16:07:43,848 - __main__ - INFO - Computing epoch 51 validation accuracy...
2023-04-09 16:07:48,472 - __main__ - INFO - Computing epoch 51 validation loss...
2023-04-09 16:07:53,512 - __main__ - INFO - [INFO] 2023-04-09 16:07:53.512261 Epoch [52/100] batch [1/391] loss 2.8711 lr 0.04842946204609362 acc 58.59% eta 0:56:06
2023-04-09 16:08:18,690 - __main__ - INFO - [INFO] 2023-04-09 16:08:18.689922 Epoch [52/100] batch [129/391] loss 1.3096 lr 0.04842946204609362 acc 60.16% eta 0:53:22
2023-04-09 16:08:44,025 - __main__ - INFO - [INFO] 2023-04-09 16:08:44.025497 Epoch [52/100] batch [257/391] loss 1.2666 lr 0.04842946204609362 acc 66.41% eta 0:53:10
2023-04-09 16:09:09,154 - __main__ - INFO - [INFO] 2023-04-09 16:09:09.154336 Epoch [52/100] batch [385/391] loss 1.2402 lr 0.04842946204609362 acc 65.62% eta 0:52:42
2023-04-09 16:09:10,317 - __main__ - INFO - Computing epoch 52 validation accuracy...
2023-04-09 16:09:15,261 - __main__ - INFO - Computing epoch 52 validation loss...
2023-04-09 16:09:20,414 - __main__ - INFO - [INFO] 2023-04-09 16:09:20.413976 Epoch [53/100] batch [1/391] loss 2.9648 lr 0.04686047402353437 acc 51.56% eta 0:55:23
2023-04-09 16:09:45,618 - __main__ - INFO - [INFO] 2023-04-09 16:09:45.618624 Epoch [53/100] batch [129/391] loss 1.2939 lr 0.04686047402353437 acc 57.81% eta 0:52:22
2023-04-09 16:10:11,037 - __main__ - INFO - [INFO] 2023-04-09 16:10:11.037461 Epoch [53/100] batch [257/391] loss 1.1982 lr 0.04686047402353437 acc 69.53% eta 0:52:09
2023-04-09 16:10:36,316 - __main__ - INFO - [INFO] 2023-04-09 16:10:36.316671 Epoch [53/100] batch [385/391] loss 1.1494 lr 0.04686047402353437 acc 56.25% eta 0:51:46
2023-04-09 16:10:37,443 - __main__ - INFO - Computing epoch 53 validation accuracy...
2023-04-09 16:10:42,233 - __main__ - INFO - Computing epoch 53 validation loss...
2023-04-09 16:10:47,340 - __main__ - INFO - [INFO] 2023-04-09 16:10:47.340305 Epoch [54/100] batch [1/391] loss 2.9453 lr 0.045294584334074316 acc 53.91% eta 0:54:04
2023-04-09 16:11:12,704 - __main__ - INFO - [INFO] 2023-04-09 16:11:12.704019 Epoch [54/100] batch [129/391] loss 1.2012 lr 0.045294584334074316 acc 63.28% eta 0:51:34
2023-04-09 16:11:37,829 - __main__ - INFO - [INFO] 2023-04-09 16:11:37.829088 Epoch [54/100] batch [257/391] loss 1.2969 lr 0.045294584334074316 acc 54.69% eta 0:50:53
2023-04-09 16:12:03,358 - __main__ - INFO - [INFO] 2023-04-09 16:12:03.358774 Epoch [54/100] batch [385/391] loss 1.4482 lr 0.045294584334074316 acc 60.94% eta 0:50:40
2023-04-09 16:12:04,506 - __main__ - INFO - Computing epoch 54 validation accuracy...
2023-04-09 16:12:09,241 - __main__ - INFO - Computing epoch 54 validation loss...
2023-04-09 16:12:14,431 - __main__ - INFO - [INFO] 2023-04-09 16:12:14.431304 Epoch [55/100] batch [1/391] loss 2.7734 lr 0.043733338321784825 acc 63.28% eta 0:53:32
2023-04-09 16:12:39,812 - __main__ - INFO - [INFO] 2023-04-09 16:12:39.811810 Epoch [55/100] batch [129/391] loss 1.2451 lr 0.043733338321784825 acc 64.06% eta 0:50:25
2023-04-09 16:13:04,782 - __main__ - INFO - [INFO] 2023-04-09 16:13:04.782684 Epoch [55/100] batch [257/391] loss 1.1162 lr 0.043733338321784825 acc 68.75% eta 0:49:39
2023-04-09 16:13:29,777 - __main__ - INFO - [INFO] 2023-04-09 16:13:29.777594 Epoch [55/100] batch [385/391] loss 1.3115 lr 0.043733338321784825 acc 63.28% eta 0:49:11
2023-04-09 16:13:30,935 - __main__ - INFO - Computing epoch 55 validation accuracy...
2023-04-09 16:13:35,795 - __main__ - INFO - Computing epoch 55 validation loss...
2023-04-09 16:13:40,922 - __main__ - INFO - [INFO] 2023-04-09 16:13:40.921824 Epoch [56/100] batch [1/391] loss 2.9316 lr 0.042178276747988484 acc 59.38% eta 0:52:54
2023-04-09 16:14:06,220 - __main__ - INFO - [INFO] 2023-04-09 16:14:06.220302 Epoch [56/100] batch [129/391] loss 1.1279 lr 0.042178276747988484 acc 65.62% eta 0:49:15
2023-04-09 16:14:31,520 - __main__ - INFO - [INFO] 2023-04-09 16:14:31.520202 Epoch [56/100] batch [257/391] loss 1.1094 lr 0.042178276747988484 acc 63.28% eta 0:48:51
2023-04-09 16:14:56,636 - __main__ - INFO - [INFO] 2023-04-09 16:14:56.636621 Epoch [56/100] batch [385/391] loss 1.3994 lr 0.042178276747988484 acc 56.25% eta 0:48:21
2023-04-09 16:14:57,821 - __main__ - INFO - Computing epoch 56 validation accuracy...
2023-04-09 16:15:02,555 - __main__ - INFO - Computing epoch 56 validation loss...
2023-04-09 16:15:07,695 - __main__ - INFO - [INFO] 2023-04-09 16:15:07.695554 Epoch [57/100] batch [1/391] loss 2.9551 lr 0.0406309342707138 acc 58.59% eta 0:50:39
2023-04-09 16:15:32,937 - __main__ - INFO - [INFO] 2023-04-09 16:15:32.937567 Epoch [57/100] batch [129/391] loss 1.4561 lr 0.0406309342707138 acc 67.19% eta 0:47:59
2023-04-09 16:15:58,445 - __main__ - INFO - [INFO] 2023-04-09 16:15:58.444293 Epoch [57/100] batch [257/391] loss 1.2217 lr 0.0406309342707138 acc 58.59% eta 0:47:51
2023-04-09 16:16:23,463 - __main__ - INFO - [INFO] 2023-04-09 16:16:23.463001 Epoch [57/100] batch [385/391] loss 1.1348 lr 0.0406309342707138 acc 59.38% eta 0:47:17
2023-04-09 16:16:24,628 - __main__ - INFO - Computing epoch 57 validation accuracy...
2023-04-09 16:16:29,304 - __main__ - INFO - Computing epoch 57 validation loss...
2023-04-09 16:16:34,406 - __main__ - INFO - [INFO] 2023-04-09 16:16:34.406287 Epoch [58/100] batch [1/391] loss 2.7754 lr 0.039092837930172916 acc 66.41% eta 0:48:24
2023-04-09 16:16:59,697 - __main__ - INFO - [INFO] 2023-04-09 16:16:59.697504 Epoch [58/100] batch [129/391] loss 1.1416 lr 0.039092837930172916 acc 64.06% eta 0:46:57
2023-04-09 16:17:24,802 - __main__ - INFO - [INFO] 2023-04-09 16:17:24.801952 Epoch [58/100] batch [257/391] loss 1.1025 lr 0.039092837930172916 acc 64.84% eta 0:46:25
2023-04-09 16:17:50,185 - __main__ - INFO - [INFO] 2023-04-09 16:17:50.184986 Epoch [58/100] batch [385/391] loss 1.0762 lr 0.039092837930172916 acc 69.53% eta 0:46:11
2023-04-09 16:17:51,330 - __main__ - INFO - Computing epoch 58 validation accuracy...
2023-04-09 16:17:56,188 - __main__ - INFO - Computing epoch 58 validation loss...
2023-04-09 16:18:01,290 - __main__ - INFO - [INFO] 2023-04-09 16:18:01.290119 Epoch [59/100] batch [1/391] loss 2.7871 lr 0.037565505641757285 acc 63.28% eta 0:47:38
2023-04-09 16:18:26,791 - __main__ - INFO - [INFO] 2023-04-09 16:18:26.791470 Epoch [59/100] batch [129/391] loss 1.1426 lr 0.037565505641757285 acc 67.19% eta 0:46:15
2023-04-09 16:18:52,176 - __main__ - INFO - [INFO] 2023-04-09 16:18:52.176543 Epoch [59/100] batch [257/391] loss 1.2822 lr 0.037565505641757285 acc 57.81% eta 0:45:48
2023-04-09 16:19:17,678 - __main__ - INFO - [INFO] 2023-04-09 16:19:17.678712 Epoch [59/100] batch [385/391] loss 1.2031 lr 0.037565505641757285 acc 66.41% eta 0:45:28
2023-04-09 16:19:19,020 - __main__ - INFO - Computing epoch 59 validation accuracy...
2023-04-09 16:19:24,040 - __main__ - INFO - Computing epoch 59 validation loss...
2023-04-09 16:19:29,177 - __main__ - INFO - [INFO] 2023-04-09 16:19:29.176931 Epoch [60/100] batch [1/391] loss 2.9238 lr 0.03605044469803857 acc 53.91% eta 0:47:18
2023-04-09 16:19:54,340 - __main__ - INFO - [INFO] 2023-04-09 16:19:54.340348 Epoch [60/100] batch [129/391] loss 1.1787 lr 0.03605044469803857 acc 64.84% eta 0:44:34
2023-04-09 16:20:19,183 - __main__ - INFO - [INFO] 2023-04-09 16:20:19.183551 Epoch [60/100] batch [257/391] loss 1.2236 lr 0.03605044469803857 acc 56.25% eta 0:43:54
2023-04-09 16:20:44,656 - __main__ - INFO - [INFO] 2023-04-09 16:20:44.656440 Epoch [60/100] batch [385/391] loss 1.2920 lr 0.03605044469803857 acc 67.19% eta 0:43:48
2023-04-09 16:20:45,880 - __main__ - INFO - Computing epoch 60 validation accuracy...
2023-04-09 16:20:50,721 - __main__ - INFO - Computing epoch 60 validation loss...
2023-04-09 16:20:55,788 - __main__ - INFO - [INFO] 2023-04-09 16:20:55.787564 Epoch [61/100] batch [1/391] loss 1.0088 lr 0.034549150281252675 acc 67.97% eta 0:45:06
2023-04-09 16:21:21,465 - __main__ - INFO - [INFO] 2023-04-09 16:21:21.465362 Epoch [61/100] batch [129/391] loss 1.2812 lr 0.034549150281252675 acc 63.28% eta 0:44:19
2023-04-09 16:21:46,920 - __main__ - INFO - [INFO] 2023-04-09 16:21:46.920168 Epoch [61/100] batch [257/391] loss 0.8633 lr 0.034549150281252675 acc 73.44% eta 0:43:45
2023-04-09 16:22:12,033 - __main__ - INFO - [INFO] 2023-04-09 16:22:12.032976 Epoch [61/100] batch [385/391] loss 1.2461 lr 0.034549150281252675 acc 67.19% eta 0:43:09
2023-04-09 16:22:13,167 - __main__ - INFO - Computing epoch 61 validation accuracy...
2023-04-09 16:22:17,956 - __main__ - INFO - Computing epoch 61 validation loss...
2023-04-09 16:22:23,259 - __main__ - INFO - [INFO] 2023-04-09 16:22:23.259139 Epoch [62/100] batch [1/391] loss 2.7051 lr 0.03306310398773546 acc 64.06% eta 0:43:22
2023-04-09 16:22:48,442 - __main__ - INFO - [INFO] 2023-04-09 16:22:48.442213 Epoch [62/100] batch [129/391] loss 1.2715 lr 0.03306310398773546 acc 68.75% eta 0:42:26
2023-04-09 16:23:13,857 - __main__ - INFO - [INFO] 2023-04-09 16:23:13.857216 Epoch [62/100] batch [257/391] loss 1.2148 lr 0.03306310398773546 acc 64.84% eta 0:42:12
2023-04-09 16:23:38,961 - __main__ - INFO - [INFO] 2023-04-09 16:23:38.961753 Epoch [62/100] batch [385/391] loss 1.2314 lr 0.03306310398773546 acc 64.84% eta 0:41:46
2023-04-09 16:23:40,093 - __main__ - INFO - Computing epoch 62 validation accuracy...
2023-04-09 16:23:44,819 - __main__ - INFO - Computing epoch 62 validation loss...
2023-04-09 16:23:50,145 - __main__ - INFO - [INFO] 2023-04-09 16:23:50.145474 Epoch [63/100] batch [1/391] loss 1.2285 lr 0.031593772365766146 acc 64.06% eta 0:43:28
2023-04-09 16:24:15,684 - __main__ - INFO - [INFO] 2023-04-09 16:24:15.684077 Epoch [63/100] batch [129/391] loss 1.1133 lr 0.031593772365766146 acc 67.19% eta 0:41:53
2023-04-09 16:24:41,156 - __main__ - INFO - [INFO] 2023-04-09 16:24:41.156665 Epoch [63/100] batch [257/391] loss 1.1299 lr 0.031593772365766146 acc 70.31% eta 0:41:26
2023-04-09 16:25:06,645 - __main__ - INFO - [INFO] 2023-04-09 16:25:06.645624 Epoch [63/100] batch [385/391] loss 1.0957 lr 0.031593772365766146 acc 71.88% eta 0:41:04
2023-04-09 16:25:07,846 - __main__ - INFO - Computing epoch 63 validation accuracy...
2023-04-09 16:25:12,619 - __main__ - INFO - Computing epoch 63 validation loss...
2023-04-09 16:25:17,818 - __main__ - INFO - [INFO] 2023-04-09 16:25:17.818766 Epoch [64/100] batch [1/391] loss 2.7598 lr 0.030142605468260992 acc 57.03% eta 0:43:16
2023-04-09 16:25:42,844 - __main__ - INFO - [INFO] 2023-04-09 16:25:42.843889 Epoch [64/100] batch [129/391] loss 1.0332 lr 0.030142605468260992 acc 66.41% eta 0:40:00
2023-04-09 16:26:08,285 - __main__ - INFO - [INFO] 2023-04-09 16:26:08.284815 Epoch [64/100] batch [257/391] loss 1.1309 lr 0.030142605468260992 acc 69.53% eta 0:39:52
2023-04-09 16:26:33,869 - __main__ - INFO - [INFO] 2023-04-09 16:26:33.869030 Epoch [64/100] batch [385/391] loss 0.8940 lr 0.030142605468260992 acc 71.09% eta 0:39:41
2023-04-09 16:26:35,012 - __main__ - INFO - Computing epoch 64 validation accuracy...
2023-04-09 16:26:39,966 - __main__ - INFO - Computing epoch 64 validation loss...
2023-04-09 16:26:45,410 - __main__ - INFO - [INFO] 2023-04-09 16:26:45.410593 Epoch [65/100] batch [1/391] loss 2.5664 lr 0.028711035421746394 acc 66.41% eta 0:42:37
2023-04-09 16:27:10,768 - __main__ - INFO - [INFO] 2023-04-09 16:27:10.768509 Epoch [65/100] batch [129/391] loss 1.0723 lr 0.028711035421746394 acc 67.97% eta 0:39:22
2023-04-09 16:27:36,414 - __main__ - INFO - [INFO] 2023-04-09 16:27:36.414203 Epoch [65/100] batch [257/391] loss 1.0322 lr 0.028711035421746394 acc 70.31% eta 0:39:12
2023-04-09 16:28:02,620 - __main__ - INFO - [INFO] 2023-04-09 16:28:02.620148 Epoch [65/100] batch [385/391] loss 1.1973 lr 0.028711035421746394 acc 63.28% eta 0:39:09
2023-04-09 16:28:03,785 - __main__ - INFO - Computing epoch 65 validation accuracy...
2023-04-09 16:28:08,767 - __main__ - INFO - Computing epoch 65 validation loss...
2023-04-09 16:28:14,148 - __main__ - INFO - [INFO] 2023-04-09 16:28:14.148776 Epoch [66/100] batch [1/391] loss 0.8906 lr 0.027300475013022688 acc 71.88% eta 0:42:27
2023-04-09 16:28:40,004 - __main__ - INFO - [INFO] 2023-04-09 16:28:40.004646 Epoch [66/100] batch [129/391] loss 1.0391 lr 0.027300475013022688 acc 69.53% eta 0:39:01
2023-04-09 16:29:05,233 - __main__ - INFO - [INFO] 2023-04-09 16:29:05.232866 Epoch [66/100] batch [257/391] loss 0.9556 lr 0.027300475013022688 acc 71.09% eta 0:38:09
2023-04-09 16:29:30,486 - __main__ - INFO - [INFO] 2023-04-09 16:29:30.486117 Epoch [66/100] batch [385/391] loss 0.7749 lr 0.027300475013022688 acc 77.34% eta 0:37:38
2023-04-09 16:29:31,680 - __main__ - INFO - Computing epoch 66 validation accuracy...
2023-04-09 16:29:36,530 - __main__ - INFO - Computing epoch 66 validation loss...
2023-04-09 16:29:41,592 - __main__ - INFO - [INFO] 2023-04-09 16:29:41.591868 Epoch [67/100] batch [1/391] loss 1.0762 lr 0.025912316294914254 acc 64.84% eta 0:37:53
2023-04-09 16:30:06,639 - __main__ - INFO - [INFO] 2023-04-09 16:30:06.639150 Epoch [67/100] batch [129/391] loss 0.9424 lr 0.025912316294914254 acc 74.22% eta 0:36:46
2023-04-09 16:30:31,950 - __main__ - INFO - [INFO] 2023-04-09 16:30:31.950191 Epoch [67/100] batch [257/391] loss 0.9404 lr 0.025912316294914254 acc 70.31% eta 0:36:32
2023-04-09 16:30:57,229 - __main__ - INFO - [INFO] 2023-04-09 16:30:57.228908 Epoch [67/100] batch [385/391] loss 0.9541 lr 0.025912316294914254 acc 75.78% eta 0:36:13
2023-04-09 16:30:58,341 - __main__ - INFO - Computing epoch 67 validation accuracy...
2023-04-09 16:31:03,095 - __main__ - INFO - Computing epoch 67 validation loss...
2023-04-09 16:31:08,196 - __main__ - INFO - [INFO] 2023-04-09 16:31:08.196770 Epoch [68/100] batch [1/391] loss 1.0234 lr 0.02454792921248146 acc 68.75% eta 0:40:29
2023-04-09 16:31:33,759 - __main__ - INFO - [INFO] 2023-04-09 16:31:33.758988 Epoch [68/100] batch [129/391] loss 0.9048 lr 0.02454792921248146 acc 73.44% eta 0:36:17
2023-04-09 16:31:58,725 - __main__ - INFO - [INFO] 2023-04-09 16:31:58.725363 Epoch [68/100] batch [257/391] loss 1.0869 lr 0.02454792921248146 acc 71.88% eta 0:35:30
2023-04-09 16:32:23,999 - __main__ - INFO - [INFO] 2023-04-09 16:32:23.999586 Epoch [68/100] batch [385/391] loss 1.0010 lr 0.02454792921248146 acc 75.78% eta 0:35:09
2023-04-09 16:32:25,130 - __main__ - INFO - Computing epoch 68 validation accuracy...
2023-04-09 16:32:29,871 - __main__ - INFO - Computing epoch 68 validation loss...
2023-04-09 16:32:34,988 - __main__ - INFO - [INFO] 2023-04-09 16:32:34.988854 Epoch [69/100] batch [1/391] loss 2.5371 lr 0.02320866025105018 acc 67.19% eta 0:39:30
2023-04-09 16:33:00,474 - __main__ - INFO - [INFO] 2023-04-09 16:33:00.474273 Epoch [69/100] batch [129/391] loss 0.8296 lr 0.02320866025105018 acc 74.22% eta 0:35:07
2023-04-09 16:33:25,555 - __main__ - INFO - [INFO] 2023-04-09 16:33:25.555313 Epoch [69/100] batch [257/391] loss 0.7944 lr 0.02320866025105018 acc 78.12% eta 0:34:28
2023-04-09 16:33:51,381 - __main__ - INFO - [INFO] 2023-04-09 16:33:51.381121 Epoch [69/100] batch [385/391] loss 1.1084 lr 0.02320866025105018 acc 71.88% eta 0:34:21
2023-04-09 16:33:52,582 - __main__ - INFO - Computing epoch 69 validation accuracy...
2023-04-09 16:33:57,539 - __main__ - INFO - Computing epoch 69 validation loss...
2023-04-09 16:34:02,737 - __main__ - INFO - [INFO] 2023-04-09 16:34:02.737751 Epoch [70/100] batch [1/391] loss 2.4102 lr 0.021895831107393487 acc 68.75% eta 0:35:38
2023-04-09 16:34:28,482 - __main__ - INFO - [INFO] 2023-04-09 16:34:28.482583 Epoch [70/100] batch [129/391] loss 0.9702 lr 0.021895831107393487 acc 69.53% eta 0:34:19
2023-04-09 16:34:54,607 - __main__ - INFO - [INFO] 2023-04-09 16:34:54.607811 Epoch [70/100] batch [257/391] loss 0.9946 lr 0.021895831107393487 acc 72.66% eta 0:34:11
2023-04-09 16:35:19,754 - __main__ - INFO - [INFO] 2023-04-09 16:35:19.754467 Epoch [70/100] batch [385/391] loss 1.0879 lr 0.021895831107393487 acc 65.62% eta 0:33:29
2023-04-09 16:35:20,891 - __main__ - INFO - Computing epoch 70 validation accuracy...
2023-04-09 16:35:25,676 - __main__ - INFO - Computing epoch 70 validation loss...
2023-04-09 16:35:30,746 - __main__ - INFO - [INFO] 2023-04-09 16:35:30.746229 Epoch [71/100] batch [1/391] loss 2.4258 lr 0.02061073738537637 acc 71.09% eta 0:35:25
2023-04-09 16:35:56,027 - __main__ - INFO - [INFO] 2023-04-09 16:35:56.026966 Epoch [71/100] batch [129/391] loss 0.7432 lr 0.02061073738537637 acc 75.78% eta 0:32:33
2023-04-09 16:36:21,539 - __main__ - INFO - [INFO] 2023-04-09 16:36:21.539664 Epoch [71/100] batch [257/391] loss 1.0615 lr 0.02061073738537637 acc 73.44% eta 0:32:21
2023-04-09 16:36:47,451 - __main__ - INFO - [INFO] 2023-04-09 16:36:47.451466 Epoch [71/100] batch [385/391] loss 0.7852 lr 0.02061073738537637 acc 77.34% eta 0:32:13
2023-04-09 16:36:48,608 - __main__ - INFO - Computing epoch 71 validation accuracy...
2023-04-09 16:36:53,544 - __main__ - INFO - Computing epoch 71 validation loss...
2023-04-09 16:36:58,634 - __main__ - INFO - [INFO] 2023-04-09 16:36:58.634109 Epoch [72/100] batch [1/391] loss 0.7598 lr 0.01935464731735119 acc 77.34% eta 0:33:41
2023-04-09 16:37:24,484 - __main__ - INFO - [INFO] 2023-04-09 16:37:24.483848 Epoch [72/100] batch [129/391] loss 0.7539 lr 0.01935464731735119 acc 83.59% eta 0:32:08
2023-04-09 16:37:49,810 - __main__ - INFO - [INFO] 2023-04-09 16:37:49.810674 Epoch [72/100] batch [257/391] loss 0.8955 lr 0.01935464731735119 acc 71.09% eta 0:31:29
2023-04-09 16:38:15,138 - __main__ - INFO - [INFO] 2023-04-09 16:38:15.137999 Epoch [72/100] batch [385/391] loss 0.8296 lr 0.01935464731735119 acc 75.00% eta 0:31:02
2023-04-09 16:38:16,277 - __main__ - INFO - Computing epoch 72 validation accuracy...
2023-04-09 16:38:21,034 - __main__ - INFO - Computing epoch 72 validation loss...
2023-04-09 16:38:26,136 - __main__ - INFO - [INFO] 2023-04-09 16:38:26.136087 Epoch [73/100] batch [1/391] loss 0.9004 lr 0.018128800512565532 acc 72.66% eta 0:32:12
2023-04-09 16:38:51,348 - __main__ - INFO - [INFO] 2023-04-09 16:38:51.347972 Epoch [73/100] batch [129/391] loss 0.7329 lr 0.018128800512565532 acc 79.69% eta 0:30:23
2023-04-09 16:39:17,112 - __main__ - INFO - [INFO] 2023-04-09 16:39:17.112527 Epoch [73/100] batch [257/391] loss 0.8589 lr 0.018128800512565532 acc 74.22% eta 0:30:18
2023-04-09 16:39:42,259 - __main__ - INFO - [INFO] 2023-04-09 16:39:42.258837 Epoch [73/100] batch [385/391] loss 0.9971 lr 0.018128800512565532 acc 72.66% eta 0:29:49
2023-04-09 16:39:43,380 - __main__ - INFO - Computing epoch 73 validation accuracy...
2023-04-09 16:39:48,158 - __main__ - INFO - Computing epoch 73 validation loss...
2023-04-09 16:39:53,126 - __main__ - INFO - [INFO] 2023-04-09 16:39:53.126787 Epoch [74/100] batch [1/391] loss 0.9492 lr 0.016934406733817433 acc 78.91% eta 0:29:53
2023-04-09 16:40:18,406 - __main__ - INFO - [INFO] 2023-04-09 16:40:18.405940 Epoch [74/100] batch [129/391] loss 0.9399 lr 0.016934406733817433 acc 66.41% eta 0:29:24
2023-04-09 16:40:43,245 - __main__ - INFO - [INFO] 2023-04-09 16:40:43.244965 Epoch [74/100] batch [257/391] loss 0.6440 lr 0.016934406733817433 acc 86.72% eta 0:28:45
2023-04-09 16:41:08,623 - __main__ - INFO - [INFO] 2023-04-09 16:41:08.622876 Epoch [74/100] batch [385/391] loss 0.8027 lr 0.016934406733817433 acc 75.00% eta 0:28:29
2023-04-09 16:41:09,806 - __main__ - INFO - Computing epoch 74 validation accuracy...
2023-04-09 16:41:14,845 - __main__ - INFO - Computing epoch 74 validation loss...
2023-04-09 16:41:19,957 - __main__ - INFO - [INFO] 2023-04-09 16:41:19.957623 Epoch [75/100] batch [1/391] loss 0.7837 lr 0.01577264470356558 acc 78.91% eta 0:29:05
2023-04-09 16:41:45,252 - __main__ - INFO - [INFO] 2023-04-09 16:41:45.251989 Epoch [75/100] batch [129/391] loss 0.8926 lr 0.01577264470356558 acc 78.12% eta 0:28:14
2023-04-09 16:42:10,084 - __main__ - INFO - [INFO] 2023-04-09 16:42:10.084619 Epoch [75/100] batch [257/391] loss 0.7437 lr 0.01577264470356558 acc 82.03% eta 0:27:37
2023-04-09 16:42:35,388 - __main__ - INFO - [INFO] 2023-04-09 16:42:35.387978 Epoch [75/100] batch [385/391] loss 0.9692 lr 0.01577264470356558 acc 72.66% eta 0:27:20
2023-04-09 16:42:36,520 - __main__ - INFO - Computing epoch 75 validation accuracy...
2023-04-09 16:42:41,332 - __main__ - INFO - Computing epoch 75 validation loss...
2023-04-09 16:42:46,438 - __main__ - INFO - [INFO] 2023-04-09 16:42:46.438178 Epoch [76/100] batch [1/391] loss 2.2031 lr 0.014644660940672643 acc 75.78% eta 0:28:57
2023-04-09 16:43:11,323 - __main__ - INFO - [INFO] 2023-04-09 16:43:11.322876 Epoch [76/100] batch [129/391] loss 0.9502 lr 0.014644660940672643 acc 75.00% eta 0:26:46
2023-04-09 16:43:36,822 - __main__ - INFO - [INFO] 2023-04-09 16:43:36.822160 Epoch [76/100] batch [257/391] loss 0.7939 lr 0.014644660940672643 acc 73.44% eta 0:26:41
2023-04-09 16:44:02,129 - __main__ - INFO - [INFO] 2023-04-09 16:44:02.129772 Epoch [76/100] batch [385/391] loss 0.6396 lr 0.014644660940672643 acc 82.03% eta 0:26:20
2023-04-09 16:44:03,257 - __main__ - INFO - Computing epoch 76 validation accuracy...
2023-04-09 16:44:08,163 - __main__ - INFO - Computing epoch 76 validation loss...
2023-04-09 16:44:13,474 - __main__ - INFO - [INFO] 2023-04-09 16:44:13.474720 Epoch [77/100] batch [1/391] loss 2.1719 lr 0.013551568628929448 acc 77.34% eta 0:28:00
2023-04-09 16:44:38,631 - __main__ - INFO - [INFO] 2023-04-09 16:44:38.630834 Epoch [77/100] batch [129/391] loss 0.7456 lr 0.013551568628929448 acc 78.91% eta 0:25:53
2023-04-09 16:45:03,777 - __main__ - INFO - [INFO] 2023-04-09 16:45:03.776890 Epoch [77/100] batch [257/391] loss 0.7549 lr 0.013551568628929448 acc 78.91% eta 0:25:31
2023-04-09 16:45:28,766 - __main__ - INFO - [INFO] 2023-04-09 16:45:28.766188 Epoch [77/100] batch [385/391] loss 0.8174 lr 0.013551568628929448 acc 78.91% eta 0:25:07
2023-04-09 16:45:29,891 - __main__ - INFO - Computing epoch 77 validation accuracy...
2023-04-09 16:45:34,567 - __main__ - INFO - Computing epoch 77 validation loss...
2023-04-09 16:45:39,772 - __main__ - INFO - [INFO] 2023-04-09 16:45:39.772278 Epoch [78/100] batch [1/391] loss 1.9531 lr 0.012494446518477033 acc 75.00% eta 0:26:02
2023-04-09 16:46:05,840 - __main__ - INFO - [INFO] 2023-04-09 16:46:05.840365 Epoch [78/100] batch [129/391] loss 0.7949 lr 0.012494446518477033 acc 78.12% eta 0:25:43
2023-04-09 16:46:31,237 - __main__ - INFO - [INFO] 2023-04-09 16:46:31.237290 Epoch [78/100] batch [257/391] loss 0.8535 lr 0.012494446518477033 acc 73.44% eta 0:25:01
2023-04-09 16:46:56,503 - __main__ - INFO - [INFO] 2023-04-09 16:46:56.502768 Epoch [78/100] batch [385/391] loss 0.7036 lr 0.012494446518477033 acc 78.12% eta 0:24:31
2023-04-09 16:46:57,685 - __main__ - INFO - Computing epoch 78 validation accuracy...
2023-04-09 16:47:02,661 - __main__ - INFO - Computing epoch 78 validation loss...
2023-04-09 16:47:07,999 - __main__ - INFO - [INFO] 2023-04-09 16:47:07.999814 Epoch [79/100] batch [1/391] loss 0.7954 lr 0.011474337861210555 acc 82.03% eta 0:27:06
2023-04-09 16:47:33,319 - __main__ - INFO - [INFO] 2023-04-09 16:47:33.319220 Epoch [79/100] batch [129/391] loss 0.7666 lr 0.011474337861210555 acc 79.69% eta 0:23:56
2023-04-09 16:47:59,071 - __main__ - INFO - [INFO] 2023-04-09 16:47:59.071199 Epoch [79/100] batch [257/391] loss 0.5664 lr 0.011474337861210555 acc 83.59% eta 0:23:41
2023-04-09 16:48:24,598 - __main__ - INFO - [INFO] 2023-04-09 16:48:24.598652 Epoch [79/100] batch [385/391] loss 0.8652 lr 0.011474337861210555 acc 77.34% eta 0:23:19
2023-04-09 16:48:25,717 - __main__ - INFO - Computing epoch 79 validation accuracy...
2023-04-09 16:48:30,908 - __main__ - INFO - Computing epoch 79 validation loss...
2023-04-09 16:48:36,108 - __main__ - INFO - [INFO] 2023-04-09 16:48:36.107564 Epoch [80/100] batch [1/391] loss 0.6509 lr 0.01049224938121549 acc 83.59% eta 0:24:57
2023-04-09 16:49:01,345 - __main__ - INFO - [INFO] 2023-04-09 16:49:01.344960 Epoch [80/100] batch [129/391] loss 0.6938 lr 0.01049224938121549 acc 82.81% eta 0:22:41
2023-04-09 16:49:26,253 - __main__ - INFO - [INFO] 2023-04-09 16:49:26.253180 Epoch [80/100] batch [257/391] loss 0.6875 lr 0.01049224938121549 acc 82.03% eta 0:22:11
2023-04-09 16:49:51,315 - __main__ - INFO - [INFO] 2023-04-09 16:49:51.314844 Epoch [80/100] batch [385/391] loss 0.5771 lr 0.01049224938121549 acc 78.12% eta 0:21:50
2023-04-09 16:49:52,489 - __main__ - INFO - Computing epoch 80 validation accuracy...
2023-04-09 16:49:57,341 - __main__ - INFO - Computing epoch 80 validation loss...
2023-04-09 16:50:02,589 - __main__ - INFO - [INFO] 2023-04-09 16:50:02.589401 Epoch [81/100] batch [1/391] loss 0.6328 lr 0.009549150281252642 acc 82.03% eta 0:21:32
2023-04-09 16:50:27,892 - __main__ - INFO - [INFO] 2023-04-09 16:50:27.892537 Epoch [81/100] batch [129/391] loss 0.5708 lr 0.009549150281252642 acc 82.81% eta 0:21:38
2023-04-09 16:50:53,262 - __main__ - INFO - [INFO] 2023-04-09 16:50:53.261940 Epoch [81/100] batch [257/391] loss 0.5723 lr 0.009549150281252642 acc 85.94% eta 0:21:18
2023-04-09 16:51:18,328 - __main__ - INFO - [INFO] 2023-04-09 16:51:18.328612 Epoch [81/100] batch [385/391] loss 0.6514 lr 0.009549150281252642 acc 84.38% eta 0:20:51
2023-04-09 16:51:19,528 - __main__ - INFO - Computing epoch 81 validation accuracy...
2023-04-09 16:51:24,277 - __main__ - INFO - Computing epoch 81 validation loss...
2023-04-09 16:51:29,490 - __main__ - INFO - [INFO] 2023-04-09 16:51:29.490704 Epoch [82/100] batch [1/391] loss 2.0801 lr 0.008645971286271922 acc 75.00% eta 0:22:13
2023-04-09 16:51:54,906 - __main__ - INFO - [INFO] 2023-04-09 16:51:54.906564 Epoch [82/100] batch [129/391] loss 0.7617 lr 0.008645971286271922 acc 75.78% eta 0:20:38
2023-04-09 16:52:19,905 - __main__ - INFO - [INFO] 2023-04-09 16:52:19.905783 Epoch [82/100] batch [257/391] loss 0.4287 lr 0.008645971286271922 acc 90.62% eta 0:20:07
2023-04-09 16:52:45,339 - __main__ - INFO - [INFO] 2023-04-09 16:52:45.338920 Epoch [82/100] batch [385/391] loss 0.5811 lr 0.008645971286271922 acc 82.81% eta 0:19:48
2023-04-09 16:52:46,459 - __main__ - INFO - Computing epoch 82 validation accuracy...
2023-04-09 16:52:51,361 - __main__ - INFO - Computing epoch 82 validation loss...
2023-04-09 16:52:56,650 - __main__ - INFO - [INFO] 2023-04-09 16:52:56.650386 Epoch [83/100] batch [1/391] loss 2.0430 lr 0.007783603724899264 acc 85.16% eta 0:21:02
2023-04-09 16:53:22,023 - __main__ - INFO - [INFO] 2023-04-09 16:53:22.022558 Epoch [83/100] batch [129/391] loss 0.5454 lr 0.007783603724899264 acc 83.59% eta 0:19:30
2023-04-09 16:53:47,764 - __main__ - INFO - [INFO] 2023-04-09 16:53:47.764163 Epoch [83/100] batch [257/391] loss 0.5728 lr 0.007783603724899264 acc 84.38% eta 0:19:15
2023-04-09 16:54:12,639 - __main__ - INFO - [INFO] 2023-04-09 16:54:12.639007 Epoch [83/100] batch [385/391] loss 0.5723 lr 0.007783603724899264 acc 87.50% eta 0:18:44
2023-04-09 16:54:13,874 - __main__ - INFO - Computing epoch 83 validation accuracy...
2023-04-09 16:54:18,709 - __main__ - INFO - Computing epoch 83 validation loss...
2023-04-09 16:54:23,735 - __main__ - INFO - [INFO] 2023-04-09 16:54:23.735026 Epoch [84/100] batch [1/391] loss 0.6123 lr 0.006962898649802819 acc 82.81% eta 0:19:42
2023-04-09 16:54:49,199 - __main__ - INFO - [INFO] 2023-04-09 16:54:49.199048 Epoch [84/100] batch [129/391] loss 0.5825 lr 0.006962898649802819 acc 88.28% eta 0:18:27
2023-04-09 16:55:14,137 - __main__ - INFO - [INFO] 2023-04-09 16:55:14.137089 Epoch [84/100] batch [257/391] loss 0.4688 lr 0.006962898649802819 acc 85.94% eta 0:17:55
2023-04-09 16:55:39,949 - __main__ - INFO - [INFO] 2023-04-09 16:55:39.949366 Epoch [84/100] batch [385/391] loss 0.6279 lr 0.006962898649802819 acc 81.25% eta 0:17:42
2023-04-09 16:55:41,150 - __main__ - INFO - Computing epoch 84 validation accuracy...
2023-04-09 16:55:46,325 - __main__ - INFO - Computing epoch 84 validation loss...
2023-04-09 16:55:51,682 - __main__ - INFO - [INFO] 2023-04-09 16:55:51.682571 Epoch [85/100] batch [1/391] loss 0.4246 lr 0.0061846659978068265 acc 83.59% eta 0:21:52
2023-04-09 16:56:17,196 - __main__ - INFO - [INFO] 2023-04-09 16:56:17.196785 Epoch [85/100] batch [129/391] loss 0.4575 lr 0.0061846659978068265 acc 86.72% eta 0:17:25
2023-04-09 16:56:42,309 - __main__ - INFO - [INFO] 2023-04-09 16:56:42.309401 Epoch [85/100] batch [257/391] loss 0.4607 lr 0.0061846659978068265 acc 86.72% eta 0:16:55
2023-04-09 16:57:07,704 - __main__ - INFO - [INFO] 2023-04-09 16:57:07.704611 Epoch [85/100] batch [385/391] loss 0.5098 lr 0.0061846659978068265 acc 87.50% eta 0:16:34
2023-04-09 16:57:08,884 - __main__ - INFO - Computing epoch 85 validation accuracy...
2023-04-09 16:57:13,895 - __main__ - INFO - Computing epoch 85 validation loss...
2023-04-09 16:57:19,265 - __main__ - INFO - [INFO] 2023-04-09 16:57:19.265736 Epoch [86/100] batch [1/391] loss 1.9863 lr 0.005449673790581615 acc 81.25% eta 0:17:10
2023-04-09 16:57:44,451 - __main__ - INFO - [INFO] 2023-04-09 16:57:44.451399 Epoch [86/100] batch [129/391] loss 0.4832 lr 0.005449673790581615 acc 87.50% eta 0:16:05
2023-04-09 16:58:09,553 - __main__ - INFO - [INFO] 2023-04-09 16:58:09.553207 Epoch [86/100] batch [257/391] loss 0.5342 lr 0.005449673790581615 acc 85.94% eta 0:15:41
2023-04-09 16:58:34,962 - __main__ - INFO - [INFO] 2023-04-09 16:58:34.962804 Epoch [86/100] batch [385/391] loss 0.4517 lr 0.005449673790581615 acc 85.94% eta 0:15:22
2023-04-09 16:58:36,122 - __main__ - INFO - Computing epoch 86 validation accuracy...
2023-04-09 16:58:41,217 - __main__ - INFO - Computing epoch 86 validation loss...
2023-04-09 16:58:46,408 - __main__ - INFO - [INFO] 2023-04-09 16:58:46.408809 Epoch [87/100] batch [1/391] loss 1.8887 lr 0.004758647376699036 acc 84.38% eta 0:16:13
2023-04-09 16:59:11,893 - __main__ - INFO - [INFO] 2023-04-09 16:59:11.893453 Epoch [87/100] batch [129/391] loss 0.4204 lr 0.004758647376699036 acc 91.41% eta 0:15:08
2023-04-09 16:59:37,240 - __main__ - INFO - [INFO] 2023-04-09 16:59:37.240285 Epoch [87/100] batch [257/391] loss 0.4678 lr 0.004758647376699036 acc 85.94% eta 0:14:44
2023-04-09 17:00:02,792 - __main__ - INFO - [INFO] 2023-04-09 17:00:02.792390 Epoch [87/100] batch [385/391] loss 0.3892 lr 0.004758647376699036 acc 92.19% eta 0:14:24
2023-04-09 17:00:03,934 - __main__ - INFO - Computing epoch 87 validation accuracy...
2023-04-09 17:00:08,698 - __main__ - INFO - Computing epoch 87 validation loss...
2023-04-09 17:00:13,867 - __main__ - INFO - [INFO] 2023-04-09 17:00:13.867297 Epoch [88/100] batch [1/391] loss 1.8955 lr 0.004112268715800957 acc 89.06% eta 0:15:22
2023-04-09 17:00:39,191 - __main__ - INFO - [INFO] 2023-04-09 17:00:39.191182 Epoch [88/100] batch [129/391] loss 0.3289 lr 0.004112268715800957 acc 89.06% eta 0:13:57
2023-04-09 17:01:04,299 - __main__ - INFO - [INFO] 2023-04-09 17:01:04.299198 Epoch [88/100] batch [257/391] loss 0.4055 lr 0.004112268715800957 acc 91.41% eta 0:13:31
2023-04-09 17:01:29,749 - __main__ - INFO - [INFO] 2023-04-09 17:01:29.748542 Epoch [88/100] batch [385/391] loss 0.3926 lr 0.004112268715800957 acc 84.38% eta 0:13:12
2023-04-09 17:01:30,892 - __main__ - INFO - Computing epoch 88 validation accuracy...
2023-04-09 17:01:35,952 - __main__ - INFO - Computing epoch 88 validation loss...
2023-04-09 17:01:41,222 - __main__ - INFO - [INFO] 2023-04-09 17:01:41.222274 Epoch [89/100] batch [1/391] loss 1.7979 lr 0.003511175705587435 acc 86.72% eta 0:18:21
2023-04-09 17:02:06,704 - __main__ - INFO - [INFO] 2023-04-09 17:02:06.703966 Epoch [89/100] batch [129/391] loss 0.4888 lr 0.003511175705587435 acc 89.84% eta 0:12:58
2023-04-09 17:02:31,968 - __main__ - INFO - [INFO] 2023-04-09 17:02:31.968035 Epoch [89/100] batch [257/391] loss 0.3516 lr 0.003511175705587435 acc 89.84% eta 0:12:31
2023-04-09 17:02:56,882 - __main__ - INFO - [INFO] 2023-04-09 17:02:56.882034 Epoch [89/100] batch [385/391] loss 0.4641 lr 0.003511175705587435 acc 92.19% eta 0:12:05
2023-04-09 17:02:58,053 - __main__ - INFO - Computing epoch 89 validation accuracy...
2023-04-09 17:03:02,837 - __main__ - INFO - Computing epoch 89 validation loss...
2023-04-09 17:03:07,834 - __main__ - INFO - [INFO] 2023-04-09 17:03:07.834003 Epoch [90/100] batch [1/391] loss 0.3442 lr 0.0029559615522887295 acc 90.62% eta 0:12:16
2023-04-09 17:03:33,371 - __main__ - INFO - [INFO] 2023-04-09 17:03:33.370958 Epoch [90/100] batch [129/391] loss 0.2217 lr 0.0029559615522887295 acc 92.97% eta 0:11:48
2023-04-09 17:03:58,697 - __main__ - INFO - [INFO] 2023-04-09 17:03:58.697519 Epoch [90/100] batch [257/391] loss 0.4248 lr 0.0029559615522887295 acc 89.84% eta 0:11:24
2023-04-09 17:04:23,876 - __main__ - INFO - [INFO] 2023-04-09 17:04:23.876457 Epoch [90/100] batch [385/391] loss 0.2617 lr 0.0029559615522887295 acc 96.09% eta 0:11:01
2023-04-09 17:04:25,088 - __main__ - INFO - Computing epoch 90 validation accuracy...
2023-04-09 17:04:29,833 - __main__ - INFO - Computing epoch 90 validation loss...
2023-04-09 17:04:34,843 - __main__ - INFO - [INFO] 2023-04-09 17:04:34.843724 Epoch [91/100] batch [1/391] loss 0.2041 lr 0.0024471741852423253 acc 96.09% eta 0:11:40
2023-04-09 17:05:00,396 - __main__ - INFO - [INFO] 2023-04-09 17:05:00.396540 Epoch [91/100] batch [129/391] loss 0.4207 lr 0.0024471741852423253 acc 88.28% eta 0:10:45
2023-04-09 17:05:25,731 - __main__ - INFO - [INFO] 2023-04-09 17:05:25.731192 Epoch [91/100] batch [257/391] loss 0.3015 lr 0.0024471741852423253 acc 92.19% eta 0:10:20
2023-04-09 17:05:51,054 - __main__ - INFO - [INFO] 2023-04-09 17:05:51.054551 Epoch [91/100] batch [385/391] loss 0.4771 lr 0.0024471741852423253 acc 89.84% eta 0:09:57
2023-04-09 17:05:52,228 - __main__ - INFO - Computing epoch 91 validation accuracy...
2023-04-09 17:05:57,062 - __main__ - INFO - Computing epoch 91 validation loss...
2023-04-09 17:06:02,210 - __main__ - INFO - [INFO] 2023-04-09 17:06:02.210341 Epoch [92/100] batch [1/391] loss 0.2128 lr 0.0019853157161528537 acc 96.09% eta 0:10:14
2023-04-09 17:06:27,620 - __main__ - INFO - [INFO] 2023-04-09 17:06:27.620316 Epoch [92/100] batch [129/391] loss 0.4871 lr 0.0019853157161528537 acc 86.72% eta 0:09:34
2023-04-09 17:06:52,943 - __main__ - INFO - [INFO] 2023-04-09 17:06:52.942952 Epoch [92/100] batch [257/391] loss 0.3572 lr 0.0019853157161528537 acc 89.06% eta 0:09:11
2023-04-09 17:07:18,963 - __main__ - INFO - [INFO] 2023-04-09 17:07:18.963303 Epoch [92/100] batch [385/391] loss 0.3535 lr 0.0019853157161528537 acc 89.84% eta 0:08:54
2023-04-09 17:07:20,130 - __main__ - INFO - Computing epoch 92 validation accuracy...
2023-04-09 17:07:24,907 - __main__ - INFO - Computing epoch 92 validation loss...
2023-04-09 17:07:29,963 - __main__ - INFO - [INFO] 2023-04-09 17:07:29.963898 Epoch [93/100] batch [1/391] loss 1.5244 lr 0.0015708419435684529 acc 91.41% eta 0:09:13
2023-04-09 17:07:55,289 - __main__ - INFO - [INFO] 2023-04-09 17:07:55.289427 Epoch [93/100] batch [129/391] loss 0.3772 lr 0.0015708419435684529 acc 91.41% eta 0:08:28
2023-04-09 17:08:20,668 - __main__ - INFO - [INFO] 2023-04-09 17:08:20.668374 Epoch [93/100] batch [257/391] loss 0.3818 lr 0.0015708419435684529 acc 92.19% eta 0:08:06
2023-04-09 17:08:46,105 - __main__ - INFO - [INFO] 2023-04-09 17:08:46.105763 Epoch [93/100] batch [385/391] loss 0.3477 lr 0.0015708419435684529 acc 89.84% eta 0:07:45
2023-04-09 17:08:47,233 - __main__ - INFO - Computing epoch 93 validation accuracy...
2023-04-09 17:08:52,046 - __main__ - INFO - Computing epoch 93 validation loss...
2023-04-09 17:08:57,381 - __main__ - INFO - [INFO] 2023-04-09 17:08:57.381115 Epoch [94/100] batch [1/391] loss 0.1757 lr 0.0012041619030626347 acc 95.31% eta 0:08:09
2023-04-09 17:09:22,776 - __main__ - INFO - [INFO] 2023-04-09 17:09:22.776490 Epoch [94/100] batch [129/391] loss 0.2859 lr 0.0012041619030626347 acc 92.97% eta 0:07:22
2023-04-09 17:09:47,957 - __main__ - INFO - [INFO] 2023-04-09 17:09:47.957249 Epoch [94/100] batch [257/391] loss 0.3042 lr 0.0012041619030626347 acc 90.62% eta 0:06:59
2023-04-09 17:10:13,306 - __main__ - INFO - [INFO] 2023-04-09 17:10:13.306071 Epoch [94/100] batch [385/391] loss 0.4087 lr 0.0012041619030626347 acc 89.06% eta 0:06:37
2023-04-09 17:10:14,472 - __main__ - INFO - Computing epoch 94 validation accuracy...
2023-04-09 17:10:19,356 - __main__ - INFO - Computing epoch 94 validation loss...
2023-04-09 17:10:24,519 - __main__ - INFO - [INFO] 2023-04-09 17:10:24.519423 Epoch [95/100] batch [1/391] loss 1.6699 lr 0.0008856374635655646 acc 91.41% eta 0:06:55
2023-04-09 17:10:49,811 - __main__ - INFO - [INFO] 2023-04-09 17:10:49.811090 Epoch [95/100] batch [129/391] loss 0.2793 lr 0.0008856374635655646 acc 90.62% eta 0:06:15
2023-04-09 17:11:15,472 - __main__ - INFO - [INFO] 2023-04-09 17:11:15.471889 Epoch [95/100] batch [257/391] loss 0.3423 lr 0.0008856374635655646 acc 92.97% eta 0:05:55
2023-04-09 17:11:40,480 - __main__ - INFO - [INFO] 2023-04-09 17:11:40.480811 Epoch [95/100] batch [385/391] loss 0.3933 lr 0.0008856374635655646 acc 90.62% eta 0:05:31
2023-04-09 17:11:41,610 - __main__ - INFO - Computing epoch 95 validation accuracy...
2023-04-09 17:11:46,661 - __main__ - INFO - Computing epoch 95 validation loss...
2023-04-09 17:11:51,634 - __main__ - INFO - [INFO] 2023-04-09 17:11:51.634405 Epoch [96/100] batch [1/391] loss 0.1619 lr 0.0006155829702431174 acc 95.31% eta 0:05:39
2023-04-09 17:12:17,138 - __main__ - INFO - [INFO] 2023-04-09 17:12:17.138264 Epoch [96/100] batch [129/391] loss 0.2378 lr 0.0006155829702431174 acc 93.75% eta 0:05:10
2023-04-09 17:12:42,685 - __main__ - INFO - [INFO] 2023-04-09 17:12:42.685013 Epoch [96/100] batch [257/391] loss 0.2378 lr 0.0006155829702431174 acc 95.31% eta 0:04:48
2023-04-09 17:13:08,065 - __main__ - INFO - [INFO] 2023-04-09 17:13:08.064994 Epoch [96/100] batch [385/391] loss 0.2900 lr 0.0006155829702431174 acc 92.97% eta 0:04:26
2023-04-09 17:13:09,192 - __main__ - INFO - Computing epoch 96 validation accuracy...
2023-04-09 17:13:13,978 - __main__ - INFO - Computing epoch 96 validation loss...
2023-04-09 17:13:19,161 - __main__ - INFO - [INFO] 2023-04-09 17:13:19.160866 Epoch [97/100] batch [1/391] loss 1.6553 lr 0.00039426493427611206 acc 95.31% eta 0:04:34
2023-04-09 17:13:44,266 - __main__ - INFO - [INFO] 2023-04-09 17:13:44.266368 Epoch [97/100] batch [129/391] loss 0.2488 lr 0.00039426493427611206 acc 93.75% eta 0:04:00
2023-04-09 17:14:09,956 - __main__ - INFO - [INFO] 2023-04-09 17:14:09.956350 Epoch [97/100] batch [257/391] loss 0.2539 lr 0.00039426493427611206 acc 92.97% eta 0:03:41
2023-04-09 17:14:35,170 - __main__ - INFO - [INFO] 2023-04-09 17:14:35.170138 Epoch [97/100] batch [385/391] loss 0.3613 lr 0.00039426493427611206 acc 90.62% eta 0:03:19
2023-04-09 17:14:36,357 - __main__ - INFO - Computing epoch 97 validation accuracy...
2023-04-09 17:14:41,146 - __main__ - INFO - Computing epoch 97 validation loss...
2023-04-09 17:14:46,110 - __main__ - INFO - [INFO] 2023-04-09 17:14:46.110234 Epoch [98/100] batch [1/391] loss 0.2773 lr 0.00022190176984600036 acc 92.97% eta 0:03:34
2023-04-09 17:15:12,440 - __main__ - INFO - [INFO] 2023-04-09 17:15:12.440383 Epoch [98/100] batch [129/391] loss 0.2671 lr 0.00022190176984600036 acc 92.97% eta 0:03:02
2023-04-09 17:15:38,274 - __main__ - INFO - [INFO] 2023-04-09 17:15:38.274746 Epoch [98/100] batch [257/391] loss 0.2335 lr 0.00022190176984600036 acc 95.31% eta 0:02:39
2023-04-09 17:16:03,368 - __main__ - INFO - [INFO] 2023-04-09 17:16:03.367654 Epoch [98/100] batch [385/391] loss 0.3420 lr 0.00022190176984600036 acc 89.06% eta 0:02:15
2023-04-09 17:16:04,533 - __main__ - INFO - Computing epoch 98 validation accuracy...
2023-04-09 17:16:09,144 - __main__ - INFO - Computing epoch 98 validation loss...
2023-04-09 17:16:14,326 - __main__ - INFO - [INFO] 2023-04-09 17:16:14.326098 Epoch [99/100] batch [1/391] loss 1.7617 lr 9.866357858642213e-05 acc 93.75% eta 0:02:18
2023-04-09 17:16:39,663 - __main__ - INFO - [INFO] 2023-04-09 17:16:39.663317 Epoch [99/100] batch [129/391] loss 0.2231 lr 9.866357858642213e-05 acc 92.19% eta 0:01:50
2023-04-09 17:17:05,390 - __main__ - INFO - [INFO] 2023-04-09 17:17:05.390455 Epoch [99/100] batch [257/391] loss 0.2111 lr 9.866357858642213e-05 acc 96.09% eta 0:01:29
2023-04-09 17:17:31,496 - __main__ - INFO - [INFO] 2023-04-09 17:17:31.496428 Epoch [99/100] batch [385/391] loss 0.2986 lr 9.866357858642213e-05 acc 91.41% eta 0:01:08
2023-04-09 17:17:32,624 - __main__ - INFO - Computing epoch 99 validation accuracy...
2023-04-09 17:17:37,429 - __main__ - INFO - Computing epoch 99 validation loss...
2023-04-09 17:17:42,672 - __main__ - INFO - [INFO] 2023-04-09 17:17:42.672343 Epoch [100/100] batch [1/391] loss 1.6348 lr 2.4671981713420017e-05 acc 93.75% eta 0:01:24
2023-04-09 17:18:07,905 - __main__ - INFO - [INFO] 2023-04-09 17:18:07.905572 Epoch [100/100] batch [129/391] loss 0.2134 lr 2.4671981713420017e-05 acc 93.75% eta 0:00:44
2023-04-09 17:18:33,378 - __main__ - INFO - [INFO] 2023-04-09 17:18:33.378814 Epoch [100/100] batch [257/391] loss 0.2603 lr 2.4671981713420017e-05 acc 92.97% eta 0:00:22
2023-04-09 17:18:58,542 - __main__ - INFO - [INFO] 2023-04-09 17:18:58.542432 Epoch [100/100] batch [385/391] loss 0.2188 lr 2.4671981713420017e-05 acc 91.41% eta 0:00:01
2023-04-09 17:18:59,661 - __main__ - INFO - Computing epoch 100 validation accuracy...
2023-04-09 17:19:04,382 - __main__ - INFO - Computing epoch 100 validation loss...
2023-04-09 17:19:09,733 - __main__ - INFO - Reading testing data set cifar100
2023-04-09 17:19:10,500 - __main__ - INFO - Loading trained model...
2023-04-09 17:19:16,771 - __main__ - INFO - Testing acc : 72.72%.
