2023-04-08 21:25:24,329 - __main__ - INFO - 

2023-04-08 21:25:24,329 - __main__ - INFO - ***************
2023-04-08 21:25:24,330 - __main__ - INFO - ** Arguments **
2023-04-08 21:25:24,330 - __main__ - INFO - ***************
2023-04-08 21:25:24,330 - __main__ - INFO - backbone: resnet20
2023-04-08 21:25:24,330 - __main__ - INFO - dataname: cifar10
2023-04-08 21:25:24,330 - __main__ - INFO - drop_method: fd
2023-04-08 21:25:24,330 - __main__ - INFO - drop_rate: 0.0
2023-04-08 21:25:24,330 - __main__ - INFO - eval_only: 0
2023-04-08 21:25:24,330 - __main__ - INFO - output_path: checkpoints/cifar10/resnet20/drop_fd/rate_0./seed2
2023-04-08 21:25:24,330 - __main__ - INFO - part_rate: 0.1
2023-04-08 21:25:24,330 - __main__ - INFO - seed: 2
2023-04-08 21:25:24,330 - __main__ - INFO - weight_decay: 0.0005
2023-04-08 21:25:24,330 - __main__ - INFO - ************
2023-04-08 21:25:24,330 - __main__ - INFO - ** Config **
2023-04-08 21:25:24,330 - __main__ - INFO - ************
2023-04-08 21:25:24,330 - __main__ - INFO - {'DATALOADER': {'PATH': './data', 'DATANAME': 'cifar10', 'BATCH_SIZE': 128, 'NUM_CLASSES': 10}, 'INPUT': {'SIZE': [32, 32], 'PIXEL_MEAN': [0.4914, 0.4822, 0.4465], 'PIXEL_STD': [0.2023, 0.1994, 0.201]}, 'OUTPUT': {'DIR': 'checkpoints/cifar10/resnet20/drop_fd/rate_0./seed2'}, 'SEED': 2, 'OPTIM': {'LR': 0.1, 'MAX_EPOCH': 100, 'LR_SCHEDULER': 'step', 'LR_MILESTONES': [20, 40, 80, 120, 140], 'LR_DECAY': 0.2, 'PART_RATE': 0.1, 'WEIGHT_DECAY': 0.0005, 'DROP_RATE': 0.0, 'DROP_METHOD': 'fd', 'BLOCK_SIZE': 7}, 'MODEL': {'BACKBONE': 'resnet20'}}
2023-04-08 21:25:24,342 - __main__ - INFO - Reading training data set cifar10
2023-04-08 21:25:26,030 - __main__ - INFO - Loading raw model
2023-04-08 21:25:29,366 - __main__ - INFO - 
Saving everything to checkpoints/cifar10/resnet20/drop_fd/rate_0./seed2
2023-04-08 21:25:29,367 - __main__ - INFO - Start training...
2023-04-08 21:25:34,944 - __main__ - INFO - [INFO] 2023-04-08 21:25:34.944841 Epoch [1/100] batch [1/391] loss 3.3242 lr 0.1 acc 11.72% eta 2 days, 12:29:05
2023-04-08 21:25:46,615 - __main__ - INFO - [INFO] 2023-04-08 21:25:46.615019 Epoch [1/100] batch [129/391] loss 1.7002 lr 0.1 acc 29.69% eta 1:21:59
2023-04-08 21:25:58,580 - __main__ - INFO - [INFO] 2023-04-08 21:25:58.580499 Epoch [1/100] batch [257/391] loss 1.4932 lr 0.1 acc 45.31% eta 1:08:45
2023-04-08 21:26:10,421 - __main__ - INFO - [INFO] 2023-04-08 21:26:10.421247 Epoch [1/100] batch [385/391] loss 1.4521 lr 0.1 acc 42.97% eta 1:03:56
2023-04-08 21:26:10,971 - __main__ - INFO - Computing epoch 1 validation accuracy...
2023-04-08 21:26:14,237 - __main__ - INFO - Computing epoch 1 validation loss...
2023-04-08 21:26:17,569 - __main__ - INFO - [INFO] 2023-04-08 21:26:17.569005 Epoch [2/100] batch [1/391] loss 1.9336 lr 0.09997532801828658 acc 42.97% eta 0:59:08
2023-04-08 21:26:29,475 - __main__ - INFO - [INFO] 2023-04-08 21:26:29.475196 Epoch [2/100] batch [129/391] loss 1.4160 lr 0.09997532801828658 acc 46.09% eta 0:55:06
2023-04-08 21:26:41,149 - __main__ - INFO - [INFO] 2023-04-08 21:26:41.149480 Epoch [2/100] batch [257/391] loss 1.3145 lr 0.09997532801828658 acc 61.72% eta 0:54:19
2023-04-08 21:26:53,039 - __main__ - INFO - [INFO] 2023-04-08 21:26:53.039552 Epoch [2/100] batch [385/391] loss 1.3203 lr 0.09997532801828658 acc 53.91% eta 0:54:18
2023-04-08 21:26:53,569 - __main__ - INFO - Computing epoch 2 validation accuracy...
2023-04-08 21:26:56,695 - __main__ - INFO - Computing epoch 2 validation loss...
2023-04-08 21:26:59,975 - __main__ - INFO - [INFO] 2023-04-08 21:26:59.975706 Epoch [3/100] batch [1/391] loss 1.1875 lr 0.09990133642141358 acc 41.41% eta 0:58:15
2023-04-08 21:27:11,896 - __main__ - INFO - [INFO] 2023-04-08 21:27:11.895891 Epoch [3/100] batch [129/391] loss 1.1816 lr 0.09990133642141358 acc 58.59% eta 0:54:32
2023-04-08 21:27:23,556 - __main__ - INFO - [INFO] 2023-04-08 21:27:23.556734 Epoch [3/100] batch [257/391] loss 0.9805 lr 0.09990133642141358 acc 64.06% eta 0:53:46
2023-04-08 21:27:35,341 - __main__ - INFO - [INFO] 2023-04-08 21:27:35.341524 Epoch [3/100] batch [385/391] loss 1.0000 lr 0.09990133642141358 acc 53.12% eta 0:53:33
2023-04-08 21:27:35,865 - __main__ - INFO - Computing epoch 3 validation accuracy...
2023-04-08 21:27:39,108 - __main__ - INFO - Computing epoch 3 validation loss...
2023-04-08 21:27:42,508 - __main__ - INFO - [INFO] 2023-04-08 21:27:42.507865 Epoch [4/100] batch [1/391] loss 1.0420 lr 0.099778098230154 acc 58.59% eta 1:03:57
2023-04-08 21:27:54,460 - __main__ - INFO - [INFO] 2023-04-08 21:27:54.460619 Epoch [4/100] batch [129/391] loss 1.3379 lr 0.099778098230154 acc 46.88% eta 0:54:11
2023-04-08 21:28:06,372 - __main__ - INFO - [INFO] 2023-04-08 21:28:06.372488 Epoch [4/100] batch [257/391] loss 1.0518 lr 0.099778098230154 acc 59.38% eta 0:53:52
2023-04-08 21:28:18,163 - __main__ - INFO - [INFO] 2023-04-08 21:28:18.162820 Epoch [4/100] batch [385/391] loss 0.9595 lr 0.099778098230154 acc 60.16% eta 0:53:24
2023-04-08 21:28:18,688 - __main__ - INFO - Computing epoch 4 validation accuracy...
2023-04-08 21:28:21,962 - __main__ - INFO - Computing epoch 4 validation loss...
2023-04-08 21:28:25,368 - __main__ - INFO - [INFO] 2023-04-08 21:28:25.368385 Epoch [5/100] batch [1/391] loss 1.4971 lr 0.0996057350657239 acc 64.06% eta 0:57:33
2023-04-08 21:28:37,156 - __main__ - INFO - [INFO] 2023-04-08 21:28:37.156569 Epoch [5/100] batch [129/391] loss 0.9146 lr 0.0996057350657239 acc 62.50% eta 0:52:49
2023-04-08 21:28:49,015 - __main__ - INFO - [INFO] 2023-04-08 21:28:49.015630 Epoch [5/100] batch [257/391] loss 0.9536 lr 0.0996057350657239 acc 65.62% eta 0:52:47
2023-04-08 21:29:00,752 - __main__ - INFO - [INFO] 2023-04-08 21:29:00.752458 Epoch [5/100] batch [385/391] loss 0.7598 lr 0.0996057350657239 acc 68.75% eta 0:52:28
2023-04-08 21:29:01,277 - __main__ - INFO - Computing epoch 5 validation accuracy...
2023-04-08 21:29:04,535 - __main__ - INFO - Computing epoch 5 validation loss...
2023-04-08 21:29:07,814 - __main__ - INFO - [INFO] 2023-04-08 21:29:07.814538 Epoch [6/100] batch [1/391] loss 0.9355 lr 0.09938441702975688 acc 61.72% eta 0:55:33
2023-04-08 21:29:19,740 - __main__ - INFO - [INFO] 2023-04-08 21:29:19.740260 Epoch [6/100] batch [129/391] loss 0.8066 lr 0.09938441702975688 acc 68.75% eta 0:52:54
2023-04-08 21:29:31,949 - __main__ - INFO - [INFO] 2023-04-08 21:29:31.948983 Epoch [6/100] batch [257/391] loss 0.9590 lr 0.09938441702975688 acc 67.19% eta 0:53:14
2023-04-08 21:29:43,801 - __main__ - INFO - [INFO] 2023-04-08 21:29:43.801021 Epoch [6/100] batch [385/391] loss 0.7476 lr 0.09938441702975688 acc 71.88% eta 0:52:42
2023-04-08 21:29:44,380 - __main__ - INFO - Computing epoch 6 validation accuracy...
2023-04-08 21:29:47,615 - __main__ - INFO - Computing epoch 6 validation loss...
2023-04-08 21:29:50,964 - __main__ - INFO - [INFO] 2023-04-08 21:29:50.964447 Epoch [7/100] batch [1/391] loss 1.4414 lr 0.09911436253643444 acc 59.38% eta 0:58:08
2023-04-08 21:30:02,949 - __main__ - INFO - [INFO] 2023-04-08 21:30:02.948993 Epoch [7/100] batch [129/391] loss 0.8721 lr 0.09911436253643444 acc 60.16% eta 0:52:42
2023-04-08 21:30:15,001 - __main__ - INFO - [INFO] 2023-04-08 21:30:15.001571 Epoch [7/100] batch [257/391] loss 0.8374 lr 0.09911436253643444 acc 71.09% eta 0:52:35
2023-04-08 21:30:26,864 - __main__ - INFO - [INFO] 2023-04-08 21:30:26.863835 Epoch [7/100] batch [385/391] loss 0.7544 lr 0.09911436253643444 acc 73.44% eta 0:52:12
2023-04-08 21:30:27,416 - __main__ - INFO - Computing epoch 7 validation accuracy...
2023-04-08 21:30:30,703 - __main__ - INFO - Computing epoch 7 validation loss...
2023-04-08 21:30:34,075 - __main__ - INFO - [INFO] 2023-04-08 21:30:34.074960 Epoch [8/100] batch [1/391] loss 1.4639 lr 0.09879583809693737 acc 63.28% eta 0:56:06
2023-04-08 21:30:46,225 - __main__ - INFO - [INFO] 2023-04-08 21:30:46.225294 Epoch [8/100] batch [129/391] loss 0.7847 lr 0.09879583809693737 acc 64.06% eta 0:52:52
2023-04-08 21:30:58,237 - __main__ - INFO - [INFO] 2023-04-08 21:30:58.237577 Epoch [8/100] batch [257/391] loss 0.7163 lr 0.09879583809693737 acc 75.78% eta 0:52:21
2023-04-08 21:31:10,304 - __main__ - INFO - [INFO] 2023-04-08 21:31:10.304129 Epoch [8/100] batch [385/391] loss 1.0205 lr 0.09879583809693737 acc 61.72% eta 0:52:07
2023-04-08 21:31:10,824 - __main__ - INFO - Computing epoch 8 validation accuracy...
2023-04-08 21:31:13,992 - __main__ - INFO - Computing epoch 8 validation loss...
2023-04-08 21:31:17,231 - __main__ - INFO - [INFO] 2023-04-08 21:31:17.231599 Epoch [9/100] batch [1/391] loss 0.5229 lr 0.09842915805643156 acc 74.22% eta 0:59:01
2023-04-08 21:31:29,062 - __main__ - INFO - [INFO] 2023-04-08 21:31:29.061912 Epoch [9/100] batch [129/391] loss 0.7227 lr 0.09842915805643156 acc 67.19% eta 0:50:48
2023-04-08 21:31:41,124 - __main__ - INFO - [INFO] 2023-04-08 21:31:41.124040 Epoch [9/100] batch [257/391] loss 0.7085 lr 0.09842915805643156 acc 75.00% eta 0:51:06
2023-04-08 21:31:52,959 - __main__ - INFO - [INFO] 2023-04-08 21:31:52.959570 Epoch [9/100] batch [385/391] loss 0.6655 lr 0.09842915805643156 acc 71.09% eta 0:50:44
2023-04-08 21:31:53,505 - __main__ - INFO - Computing epoch 9 validation accuracy...
2023-04-08 21:31:56,790 - __main__ - INFO - Computing epoch 9 validation loss...
2023-04-08 21:32:00,158 - __main__ - INFO - [INFO] 2023-04-08 21:32:00.158516 Epoch [10/100] batch [1/391] loss 1.3184 lr 0.09801468428384716 acc 68.75% eta 0:56:29
2023-04-08 21:32:12,139 - __main__ - INFO - [INFO] 2023-04-08 21:32:12.139150 Epoch [10/100] batch [129/391] loss 0.6289 lr 0.09801468428384716 acc 69.53% eta 0:50:48
2023-04-08 21:32:24,159 - __main__ - INFO - [INFO] 2023-04-08 21:32:24.159545 Epoch [10/100] batch [257/391] loss 0.5493 lr 0.09801468428384716 acc 71.88% eta 0:50:45
2023-04-08 21:32:36,166 - __main__ - INFO - [INFO] 2023-04-08 21:32:36.166263 Epoch [10/100] batch [385/391] loss 0.7314 lr 0.09801468428384716 acc 66.41% eta 0:50:33
2023-04-08 21:32:36,690 - __main__ - INFO - Computing epoch 10 validation accuracy...
2023-04-08 21:32:39,993 - __main__ - INFO - Computing epoch 10 validation loss...
2023-04-08 21:32:43,383 - __main__ - INFO - [INFO] 2023-04-08 21:32:43.383000 Epoch [11/100] batch [1/391] loss 1.3760 lr 0.09755282581475769 acc 75.78% eta 0:55:16
2023-04-08 21:32:55,320 - __main__ - INFO - [INFO] 2023-04-08 21:32:55.319827 Epoch [11/100] batch [129/391] loss 0.6934 lr 0.09755282581475769 acc 69.53% eta 0:50:08
2023-04-08 21:33:07,285 - __main__ - INFO - [INFO] 2023-04-08 21:33:07.284921 Epoch [11/100] batch [257/391] loss 0.8677 lr 0.09755282581475769 acc 65.62% eta 0:50:04
2023-04-08 21:33:19,414 - __main__ - INFO - [INFO] 2023-04-08 21:33:19.414365 Epoch [11/100] batch [385/391] loss 0.8965 lr 0.09755282581475769 acc 69.53% eta 0:50:03
2023-04-08 21:33:19,940 - __main__ - INFO - Computing epoch 11 validation accuracy...
2023-04-08 21:33:23,265 - __main__ - INFO - Computing epoch 11 validation loss...
2023-04-08 21:33:26,654 - __main__ - INFO - [INFO] 2023-04-08 21:33:26.654147 Epoch [12/100] batch [1/391] loss 0.6489 lr 0.09704403844771128 acc 75.78% eta 0:54:41
2023-04-08 21:33:38,542 - __main__ - INFO - [INFO] 2023-04-08 21:33:38.542051 Epoch [12/100] batch [129/391] loss 0.5845 lr 0.09704403844771128 acc 72.66% eta 0:49:21
2023-04-08 21:33:50,419 - __main__ - INFO - [INFO] 2023-04-08 21:33:50.418899 Epoch [12/100] batch [257/391] loss 0.6938 lr 0.09704403844771128 acc 75.00% eta 0:49:06
2023-04-08 21:34:02,470 - __main__ - INFO - [INFO] 2023-04-08 21:34:02.470559 Epoch [12/100] batch [385/391] loss 0.8086 lr 0.09704403844771128 acc 77.34% eta 0:49:10
2023-04-08 21:34:03,011 - __main__ - INFO - Computing epoch 12 validation accuracy...
2023-04-08 21:34:06,200 - __main__ - INFO - Computing epoch 12 validation loss...
2023-04-08 21:34:09,579 - __main__ - INFO - [INFO] 2023-04-08 21:34:09.578904 Epoch [13/100] batch [1/391] loss 0.5977 lr 0.09648882429441258 acc 77.34% eta 1:27:58
2023-04-08 21:34:21,641 - __main__ - INFO - [INFO] 2023-04-08 21:34:21.641511 Epoch [13/100] batch [129/391] loss 0.7593 lr 0.09648882429441258 acc 67.97% eta 0:49:51
2023-04-08 21:34:33,502 - __main__ - INFO - [INFO] 2023-04-08 21:34:33.502167 Epoch [13/100] batch [257/391] loss 0.5635 lr 0.09648882429441258 acc 75.00% eta 0:49:06
2023-04-08 21:34:45,405 - __main__ - INFO - [INFO] 2023-04-08 21:34:45.405025 Epoch [13/100] batch [385/391] loss 0.5713 lr 0.09648882429441258 acc 74.22% eta 0:48:47
2023-04-08 21:34:45,959 - __main__ - INFO - Computing epoch 13 validation accuracy...
2023-04-08 21:34:49,432 - __main__ - INFO - Computing epoch 13 validation loss...
2023-04-08 21:34:52,719 - __main__ - INFO - [INFO] 2023-04-08 21:34:52.719285 Epoch [14/100] batch [1/391] loss 0.6978 lr 0.09588773128419906 acc 64.84% eta 0:50:10
2023-04-08 21:35:04,559 - __main__ - INFO - [INFO] 2023-04-08 21:35:04.559536 Epoch [14/100] batch [129/391] loss 0.6577 lr 0.09588773128419906 acc 64.84% eta 0:48:06
2023-04-08 21:35:16,387 - __main__ - INFO - [INFO] 2023-04-08 21:35:16.387491 Epoch [14/100] batch [257/391] loss 0.6851 lr 0.09588773128419906 acc 68.75% eta 0:47:51
2023-04-08 21:35:28,385 - __main__ - INFO - [INFO] 2023-04-08 21:35:28.385348 Epoch [14/100] batch [385/391] loss 0.7568 lr 0.09588773128419906 acc 67.19% eta 0:47:54
2023-04-08 21:35:28,932 - __main__ - INFO - Computing epoch 14 validation accuracy...
2023-04-08 21:35:32,221 - __main__ - INFO - Computing epoch 14 validation loss...
2023-04-08 21:35:35,487 - __main__ - INFO - [INFO] 2023-04-08 21:35:35.486864 Epoch [15/100] batch [1/391] loss 1.2266 lr 0.09524135262330098 acc 71.88% eta 0:48:36
2023-04-08 21:35:47,326 - __main__ - INFO - [INFO] 2023-04-08 21:35:47.326263 Epoch [15/100] batch [129/391] loss 0.8267 lr 0.09524135262330098 acc 71.09% eta 0:47:27
2023-04-08 21:35:59,142 - __main__ - INFO - [INFO] 2023-04-08 21:35:59.142054 Epoch [15/100] batch [257/391] loss 0.5234 lr 0.09524135262330098 acc 82.81% eta 0:47:14
2023-04-08 21:36:10,785 - __main__ - INFO - [INFO] 2023-04-08 21:36:10.785671 Epoch [15/100] batch [385/391] loss 0.6221 lr 0.09524135262330098 acc 73.44% eta 0:46:48
2023-04-08 21:36:11,331 - __main__ - INFO - Computing epoch 15 validation accuracy...
2023-04-08 21:36:14,614 - __main__ - INFO - Computing epoch 15 validation loss...
2023-04-08 21:36:18,059 - __main__ - INFO - [INFO] 2023-04-08 21:36:18.059474 Epoch [16/100] batch [1/391] loss 1.2686 lr 0.0945503262094184 acc 66.41% eta 0:53:48
2023-04-08 21:36:29,849 - __main__ - INFO - [INFO] 2023-04-08 21:36:29.849476 Epoch [16/100] batch [129/391] loss 0.6655 lr 0.0945503262094184 acc 78.91% eta 0:46:43
2023-04-08 21:36:41,853 - __main__ - INFO - [INFO] 2023-04-08 21:36:41.853284 Epoch [16/100] batch [257/391] loss 0.5801 lr 0.0945503262094184 acc 76.56% eta 0:46:58
2023-04-08 21:36:53,729 - __main__ - INFO - [INFO] 2023-04-08 21:36:53.729649 Epoch [16/100] batch [385/391] loss 0.5283 lr 0.0945503262094184 acc 73.44% eta 0:46:47
2023-04-08 21:36:54,262 - __main__ - INFO - Computing epoch 16 validation accuracy...
2023-04-08 21:36:57,512 - __main__ - INFO - Computing epoch 16 validation loss...
2023-04-08 21:37:00,818 - __main__ - INFO - [INFO] 2023-04-08 21:37:00.818664 Epoch [17/100] batch [1/391] loss 0.7095 lr 0.09381533400219319 acc 79.69% eta 0:52:41
2023-04-08 21:37:13,081 - __main__ - INFO - [INFO] 2023-04-08 21:37:13.081397 Epoch [17/100] batch [129/391] loss 0.6660 lr 0.09381533400219319 acc 75.78% eta 0:48:01
2023-04-08 21:37:24,890 - __main__ - INFO - [INFO] 2023-04-08 21:37:24.889972 Epoch [17/100] batch [257/391] loss 0.6201 lr 0.09381533400219319 acc 71.88% eta 0:47:00
2023-04-08 21:37:36,537 - __main__ - INFO - [INFO] 2023-04-08 21:37:36.537571 Epoch [17/100] batch [385/391] loss 0.7095 lr 0.09381533400219319 acc 71.09% eta 0:46:16
2023-04-08 21:37:37,077 - __main__ - INFO - Computing epoch 17 validation accuracy...
2023-04-08 21:37:40,370 - __main__ - INFO - Computing epoch 17 validation loss...
2023-04-08 21:37:43,990 - __main__ - INFO - [INFO] 2023-04-08 21:37:43.990595 Epoch [18/100] batch [1/391] loss 1.2783 lr 0.0930371013501972 acc 74.22% eta 0:51:30
2023-04-08 21:37:55,634 - __main__ - INFO - [INFO] 2023-04-08 21:37:55.634236 Epoch [18/100] batch [129/391] loss 0.6870 lr 0.0930371013501972 acc 72.66% eta 0:45:06
2023-04-08 21:38:07,450 - __main__ - INFO - [INFO] 2023-04-08 21:38:07.450609 Epoch [18/100] batch [257/391] loss 0.5127 lr 0.0930371013501972 acc 79.69% eta 0:45:15
2023-04-08 21:38:19,515 - __main__ - INFO - [INFO] 2023-04-08 21:38:19.515074 Epoch [18/100] batch [385/391] loss 0.6221 lr 0.0930371013501972 acc 64.84% eta 0:45:30
2023-04-08 21:38:20,044 - __main__ - INFO - Computing epoch 18 validation accuracy...
2023-04-08 21:38:23,249 - __main__ - INFO - Computing epoch 18 validation loss...
2023-04-08 21:38:26,586 - __main__ - INFO - [INFO] 2023-04-08 21:38:26.586790 Epoch [19/100] batch [1/391] loss 0.4961 lr 0.09221639627510078 acc 87.50% eta 0:55:01
2023-04-08 21:38:38,574 - __main__ - INFO - [INFO] 2023-04-08 21:38:38.574493 Epoch [19/100] batch [129/391] loss 0.6855 lr 0.09221639627510078 acc 75.00% eta 0:46:01
2023-04-08 21:38:50,642 - __main__ - INFO - [INFO] 2023-04-08 21:38:50.642702 Epoch [19/100] batch [257/391] loss 0.5400 lr 0.09221639627510078 acc 81.25% eta 0:45:54
2023-04-08 21:39:02,744 - __main__ - INFO - [INFO] 2023-04-08 21:39:02.744727 Epoch [19/100] batch [385/391] loss 0.4285 lr 0.09221639627510078 acc 77.34% eta 0:45:49
2023-04-08 21:39:03,287 - __main__ - INFO - Computing epoch 19 validation accuracy...
2023-04-08 21:39:06,533 - __main__ - INFO - Computing epoch 19 validation loss...
2023-04-08 21:39:09,883 - __main__ - INFO - [INFO] 2023-04-08 21:39:09.883572 Epoch [20/100] batch [1/391] loss 0.6274 lr 0.09135402871372812 acc 76.56% eta 0:49:18
2023-04-08 21:39:21,950 - __main__ - INFO - [INFO] 2023-04-08 21:39:21.950759 Epoch [20/100] batch [129/391] loss 0.7031 lr 0.09135402871372812 acc 74.22% eta 0:45:47
2023-04-08 21:39:33,825 - __main__ - INFO - [INFO] 2023-04-08 21:39:33.825070 Epoch [20/100] batch [257/391] loss 0.5249 lr 0.09135402871372812 acc 78.12% eta 0:45:11
2023-04-08 21:39:45,924 - __main__ - INFO - [INFO] 2023-04-08 21:39:45.924056 Epoch [20/100] batch [385/391] loss 0.7837 lr 0.09135402871372812 acc 64.06% eta 0:45:05
2023-04-08 21:39:46,454 - __main__ - INFO - Computing epoch 20 validation accuracy...
2023-04-08 21:39:49,783 - __main__ - INFO - Computing epoch 20 validation loss...
2023-04-08 21:39:53,104 - __main__ - INFO - [INFO] 2023-04-08 21:39:53.104805 Epoch [21/100] batch [1/391] loss 1.1084 lr 0.09045084971874741 acc 75.00% eta 0:57:16
2023-04-08 21:40:05,166 - __main__ - INFO - [INFO] 2023-04-08 21:40:05.166809 Epoch [21/100] batch [129/391] loss 0.6235 lr 0.09045084971874741 acc 74.22% eta 0:45:06
2023-04-08 21:40:17,263 - __main__ - INFO - [INFO] 2023-04-08 21:40:17.263029 Epoch [21/100] batch [257/391] loss 0.6650 lr 0.09045084971874741 acc 74.22% eta 0:44:55
2023-04-08 21:40:29,176 - __main__ - INFO - [INFO] 2023-04-08 21:40:29.176043 Epoch [21/100] batch [385/391] loss 0.4788 lr 0.09045084971874741 acc 70.31% eta 0:44:33
2023-04-08 21:40:29,714 - __main__ - INFO - Computing epoch 21 validation accuracy...
2023-04-08 21:40:32,963 - __main__ - INFO - Computing epoch 21 validation loss...
2023-04-08 21:40:36,264 - __main__ - INFO - [INFO] 2023-04-08 21:40:36.264556 Epoch [22/100] batch [1/391] loss 0.5840 lr 0.08950775061878455 acc 78.12% eta 0:47:50
2023-04-08 21:40:48,267 - __main__ - INFO - [INFO] 2023-04-08 21:40:48.267422 Epoch [22/100] batch [129/391] loss 0.5269 lr 0.08950775061878455 acc 80.47% eta 0:44:15
2023-04-08 21:41:00,346 - __main__ - INFO - [INFO] 2023-04-08 21:41:00.346488 Epoch [22/100] batch [257/391] loss 0.6655 lr 0.08950775061878455 acc 69.53% eta 0:44:13
2023-04-08 21:41:12,252 - __main__ - INFO - [INFO] 2023-04-08 21:41:12.252445 Epoch [22/100] batch [385/391] loss 0.4883 lr 0.08950775061878455 acc 81.25% eta 0:43:52
2023-04-08 21:41:12,817 - __main__ - INFO - Computing epoch 22 validation accuracy...
2023-04-08 21:41:16,215 - __main__ - INFO - Computing epoch 22 validation loss...
2023-04-08 21:41:19,490 - __main__ - INFO - [INFO] 2023-04-08 21:41:19.490790 Epoch [23/100] batch [1/391] loss 0.5439 lr 0.0885256621387895 acc 73.44% eta 0:45:11
2023-04-08 21:41:31,356 - __main__ - INFO - [INFO] 2023-04-08 21:41:31.356353 Epoch [23/100] batch [129/391] loss 0.5415 lr 0.0885256621387895 acc 74.22% eta 0:43:09
2023-04-08 21:41:43,376 - __main__ - INFO - [INFO] 2023-04-08 21:41:43.376741 Epoch [23/100] batch [257/391] loss 0.5229 lr 0.0885256621387895 acc 73.44% eta 0:43:15
2023-04-08 21:41:55,195 - __main__ - INFO - [INFO] 2023-04-08 21:41:55.194912 Epoch [23/100] batch [385/391] loss 0.6108 lr 0.0885256621387895 acc 84.38% eta 0:42:52
2023-04-08 21:41:55,713 - __main__ - INFO - Computing epoch 23 validation accuracy...
2023-04-08 21:41:58,936 - __main__ - INFO - Computing epoch 23 validation loss...
2023-04-08 21:42:02,261 - __main__ - INFO - [INFO] 2023-04-08 21:42:02.261632 Epoch [24/100] batch [1/391] loss 0.6377 lr 0.08750555348152302 acc 66.41% eta 0:45:04
2023-04-08 21:42:14,103 - __main__ - INFO - [INFO] 2023-04-08 21:42:14.103058 Epoch [24/100] batch [129/391] loss 0.6201 lr 0.08750555348152302 acc 75.78% eta 0:42:29
2023-04-08 21:42:26,067 - __main__ - INFO - [INFO] 2023-04-08 21:42:26.067503 Epoch [24/100] batch [257/391] loss 0.5332 lr 0.08750555348152302 acc 82.81% eta 0:42:34
2023-04-08 21:42:37,770 - __main__ - INFO - [INFO] 2023-04-08 21:42:37.770599 Epoch [24/100] batch [385/391] loss 0.5591 lr 0.08750555348152302 acc 79.69% eta 0:42:08
2023-04-08 21:42:38,302 - __main__ - INFO - Computing epoch 24 validation accuracy...
2023-04-08 21:42:41,513 - __main__ - INFO - Computing epoch 24 validation loss...
2023-04-08 21:42:44,965 - __main__ - INFO - [INFO] 2023-04-08 21:42:44.965209 Epoch [25/100] batch [1/391] loss 0.5015 lr 0.08644843137107061 acc 78.91% eta 0:49:55
2023-04-08 21:42:57,033 - __main__ - INFO - [INFO] 2023-04-08 21:42:57.032898 Epoch [25/100] batch [129/391] loss 0.6133 lr 0.08644843137107061 acc 79.69% eta 0:42:49
2023-04-08 21:43:09,322 - __main__ - INFO - [INFO] 2023-04-08 21:43:09.322348 Epoch [25/100] batch [257/391] loss 0.4644 lr 0.08644843137107061 acc 85.94% eta 0:43:02
2023-04-08 21:43:21,241 - __main__ - INFO - [INFO] 2023-04-08 21:43:21.240857 Epoch [25/100] batch [385/391] loss 0.6045 lr 0.08644843137107061 acc 78.12% eta 0:42:33
2023-04-08 21:43:21,763 - __main__ - INFO - Computing epoch 25 validation accuracy...
2023-04-08 21:43:25,017 - __main__ - INFO - Computing epoch 25 validation loss...
2023-04-08 21:43:28,386 - __main__ - INFO - [INFO] 2023-04-08 21:43:28.385900 Epoch [26/100] batch [1/391] loss 1.1377 lr 0.0853553390593274 acc 80.47% eta 0:49:33
2023-04-08 21:43:40,317 - __main__ - INFO - [INFO] 2023-04-08 21:43:40.316986 Epoch [26/100] batch [129/391] loss 0.5737 lr 0.0853553390593274 acc 80.47% eta 0:41:45
2023-04-08 21:43:52,184 - __main__ - INFO - [INFO] 2023-04-08 21:43:52.184196 Epoch [26/100] batch [257/391] loss 0.5342 lr 0.0853553390593274 acc 77.34% eta 0:41:29
2023-04-08 21:44:04,134 - __main__ - INFO - [INFO] 2023-04-08 21:44:04.134414 Epoch [26/100] batch [385/391] loss 0.6533 lr 0.0853553390593274 acc 77.34% eta 0:41:20
2023-04-08 21:44:04,678 - __main__ - INFO - Computing epoch 26 validation accuracy...
2023-04-08 21:44:07,978 - __main__ - INFO - Computing epoch 26 validation loss...
2023-04-08 21:44:11,256 - __main__ - INFO - [INFO] 2023-04-08 21:44:11.256213 Epoch [27/100] batch [1/391] loss 1.0850 lr 0.08422735529643446 acc 80.47% eta 0:47:40
2023-04-08 21:44:23,312 - __main__ - INFO - [INFO] 2023-04-08 21:44:23.312706 Epoch [27/100] batch [129/391] loss 0.4343 lr 0.08422735529643446 acc 82.03% eta 0:41:42
2023-04-08 21:44:35,194 - __main__ - INFO - [INFO] 2023-04-08 21:44:35.194087 Epoch [27/100] batch [257/391] loss 0.6235 lr 0.08422735529643446 acc 74.22% eta 0:41:08
2023-04-08 21:44:47,331 - __main__ - INFO - [INFO] 2023-04-08 21:44:47.331328 Epoch [27/100] batch [385/391] loss 0.5063 lr 0.08422735529643446 acc 82.81% eta 0:41:09
2023-04-08 21:44:47,884 - __main__ - INFO - Computing epoch 27 validation accuracy...
2023-04-08 21:44:51,121 - __main__ - INFO - Computing epoch 27 validation loss...
2023-04-08 21:44:54,438 - __main__ - INFO - [INFO] 2023-04-08 21:44:54.438194 Epoch [28/100] batch [1/391] loss 1.1201 lr 0.08306559326618262 acc 79.69% eta 0:43:12
2023-04-08 21:45:06,468 - __main__ - INFO - [INFO] 2023-04-08 21:45:06.467842 Epoch [28/100] batch [129/391] loss 0.6787 lr 0.08306559326618262 acc 80.47% eta 0:41:03
2023-04-08 21:45:18,211 - __main__ - INFO - [INFO] 2023-04-08 21:45:18.211701 Epoch [28/100] batch [257/391] loss 0.6094 lr 0.08306559326618262 acc 76.56% eta 0:40:21
2023-04-08 21:45:30,022 - __main__ - INFO - [INFO] 2023-04-08 21:45:30.022155 Epoch [28/100] batch [385/391] loss 0.5439 lr 0.08306559326618262 acc 77.34% eta 0:40:04
2023-04-08 21:45:30,564 - __main__ - INFO - Computing epoch 28 validation accuracy...
2023-04-08 21:45:33,903 - __main__ - INFO - Computing epoch 28 validation loss...
2023-04-08 21:45:37,390 - __main__ - INFO - [INFO] 2023-04-08 21:45:37.390407 Epoch [29/100] batch [1/391] loss 0.3899 lr 0.08187119948743452 acc 78.91% eta 0:41:45
2023-04-08 21:45:49,304 - __main__ - INFO - [INFO] 2023-04-08 21:45:49.304150 Epoch [29/100] batch [129/391] loss 0.6021 lr 0.08187119948743452 acc 78.91% eta 0:39:56
2023-04-08 21:46:01,171 - __main__ - INFO - [INFO] 2023-04-08 21:46:01.171442 Epoch [29/100] batch [257/391] loss 0.6157 lr 0.08187119948743452 acc 75.78% eta 0:39:43
2023-04-08 21:46:13,030 - __main__ - INFO - [INFO] 2023-04-08 21:46:13.030794 Epoch [29/100] batch [385/391] loss 0.6685 lr 0.08187119948743452 acc 73.44% eta 0:39:30
2023-04-08 21:46:13,614 - __main__ - INFO - Computing epoch 29 validation accuracy...
2023-04-08 21:46:16,911 - __main__ - INFO - Computing epoch 29 validation loss...
2023-04-08 21:46:20,159 - __main__ - INFO - [INFO] 2023-04-08 21:46:20.158954 Epoch [30/100] batch [1/391] loss 1.1338 lr 0.08064535268264886 acc 85.16% eta 0:44:38
2023-04-08 21:46:32,253 - __main__ - INFO - [INFO] 2023-04-08 21:46:32.253706 Epoch [30/100] batch [129/391] loss 0.7090 lr 0.08064535268264886 acc 68.75% eta 0:40:00
2023-04-08 21:46:44,039 - __main__ - INFO - [INFO] 2023-04-08 21:46:44.039689 Epoch [30/100] batch [257/391] loss 0.5605 lr 0.08064535268264886 acc 80.47% eta 0:39:19
2023-04-08 21:46:55,907 - __main__ - INFO - [INFO] 2023-04-08 21:46:55.907254 Epoch [30/100] batch [385/391] loss 0.5078 lr 0.08064535268264886 acc 78.91% eta 0:39:03
2023-04-08 21:46:56,423 - __main__ - INFO - Computing epoch 30 validation accuracy...
2023-04-08 21:46:59,682 - __main__ - INFO - Computing epoch 30 validation loss...
2023-04-08 21:47:03,021 - __main__ - INFO - [INFO] 2023-04-08 21:47:03.021850 Epoch [31/100] batch [1/391] loss 1.1279 lr 0.0793892626146237 acc 80.47% eta 0:40:40
2023-04-08 21:47:15,079 - __main__ - INFO - [INFO] 2023-04-08 21:47:15.078875 Epoch [31/100] batch [129/391] loss 0.5928 lr 0.0793892626146237 acc 81.25% eta 0:39:23
2023-04-08 21:47:26,956 - __main__ - INFO - [INFO] 2023-04-08 21:47:26.956770 Epoch [31/100] batch [257/391] loss 0.7402 lr 0.0793892626146237 acc 81.25% eta 0:38:55
2023-04-08 21:47:38,633 - __main__ - INFO - [INFO] 2023-04-08 21:47:38.633019 Epoch [31/100] batch [385/391] loss 0.4844 lr 0.0793892626146237 acc 78.91% eta 0:38:21
2023-04-08 21:47:39,163 - __main__ - INFO - Computing epoch 31 validation accuracy...
2023-04-08 21:47:42,430 - __main__ - INFO - Computing epoch 31 validation loss...
2023-04-08 21:47:45,819 - __main__ - INFO - [INFO] 2023-04-08 21:47:45.819407 Epoch [32/100] batch [1/391] loss 0.4858 lr 0.07810416889260657 acc 77.34% eta 0:41:05
2023-04-08 21:47:57,872 - __main__ - INFO - [INFO] 2023-04-08 21:47:57.872727 Epoch [32/100] batch [129/391] loss 0.6748 lr 0.07810416889260657 acc 66.41% eta 0:38:52
2023-04-08 21:48:09,564 - __main__ - INFO - [INFO] 2023-04-08 21:48:09.564756 Epoch [32/100] batch [257/391] loss 0.6030 lr 0.07810416889260657 acc 76.56% eta 0:37:58
2023-04-08 21:48:21,146 - __main__ - INFO - [INFO] 2023-04-08 21:48:21.145995 Epoch [32/100] batch [385/391] loss 0.5684 lr 0.07810416889260657 acc 78.12% eta 0:37:30
2023-04-08 21:48:21,677 - __main__ - INFO - Computing epoch 32 validation accuracy...
2023-04-08 21:48:24,928 - __main__ - INFO - Computing epoch 32 validation loss...
2023-04-08 21:48:28,347 - __main__ - INFO - [INFO] 2023-04-08 21:48:28.347359 Epoch [33/100] batch [1/391] loss 0.5469 lr 0.07679133974894986 acc 83.59% eta 0:40:47
2023-04-08 21:48:40,145 - __main__ - INFO - [INFO] 2023-04-08 21:48:40.145021 Epoch [33/100] batch [129/391] loss 0.5024 lr 0.07679133974894986 acc 72.66% eta 0:37:16
2023-04-08 21:48:52,177 - __main__ - INFO - [INFO] 2023-04-08 21:48:52.176885 Epoch [33/100] batch [257/391] loss 0.4646 lr 0.07679133974894986 acc 86.72% eta 0:37:34
2023-04-08 21:49:03,949 - __main__ - INFO - [INFO] 2023-04-08 21:49:03.949673 Epoch [33/100] batch [385/391] loss 0.4883 lr 0.07679133974894986 acc 76.56% eta 0:37:14
2023-04-08 21:49:04,500 - __main__ - INFO - Computing epoch 33 validation accuracy...
2023-04-08 21:49:07,782 - __main__ - INFO - Computing epoch 33 validation loss...
2023-04-08 21:49:11,166 - __main__ - INFO - [INFO] 2023-04-08 21:49:11.166017 Epoch [34/100] batch [1/391] loss 0.5522 lr 0.0754520707875186 acc 80.47% eta 0:39:49
2023-04-08 21:49:23,312 - __main__ - INFO - [INFO] 2023-04-08 21:49:23.311996 Epoch [34/100] batch [129/391] loss 0.6929 lr 0.0754520707875186 acc 77.34% eta 0:38:01
2023-04-08 21:49:35,025 - __main__ - INFO - [INFO] 2023-04-08 21:49:35.025515 Epoch [34/100] batch [257/391] loss 0.7046 lr 0.0754520707875186 acc 70.31% eta 0:37:10
2023-04-08 21:49:46,936 - __main__ - INFO - [INFO] 2023-04-08 21:49:46.936027 Epoch [34/100] batch [385/391] loss 0.5298 lr 0.0754520707875186 acc 79.69% eta 0:36:56
2023-04-08 21:49:47,476 - __main__ - INFO - Computing epoch 34 validation accuracy...
2023-04-08 21:49:50,830 - __main__ - INFO - Computing epoch 34 validation loss...
2023-04-08 21:49:54,313 - __main__ - INFO - [INFO] 2023-04-08 21:49:54.313089 Epoch [35/100] batch [1/391] loss 0.5483 lr 0.0740876837050858 acc 82.81% eta 0:42:47
2023-04-08 21:50:05,979 - __main__ - INFO - [INFO] 2023-04-08 21:50:05.979029 Epoch [35/100] batch [129/391] loss 0.6050 lr 0.0740876837050858 acc 82.81% eta 0:35:50
2023-04-08 21:50:17,799 - __main__ - INFO - [INFO] 2023-04-08 21:50:17.799281 Epoch [35/100] batch [257/391] loss 0.5483 lr 0.0740876837050858 acc 78.91% eta 0:35:56
2023-04-08 21:50:29,535 - __main__ - INFO - [INFO] 2023-04-08 21:50:29.535915 Epoch [35/100] batch [385/391] loss 0.4553 lr 0.0740876837050858 acc 79.69% eta 0:35:44
2023-04-08 21:50:30,067 - __main__ - INFO - Computing epoch 35 validation accuracy...
2023-04-08 21:50:33,334 - __main__ - INFO - Computing epoch 35 validation loss...
2023-04-08 21:50:36,840 - __main__ - INFO - [INFO] 2023-04-08 21:50:36.840091 Epoch [36/100] batch [1/391] loss 0.4480 lr 0.07269952498697738 acc 77.34% eta 0:38:09
2023-04-08 21:50:48,640 - __main__ - INFO - [INFO] 2023-04-08 21:50:48.639817 Epoch [36/100] batch [129/391] loss 0.6392 lr 0.07269952498697738 acc 77.34% eta 0:35:42
2023-04-08 21:51:00,411 - __main__ - INFO - [INFO] 2023-04-08 21:51:00.411092 Epoch [36/100] batch [257/391] loss 0.5693 lr 0.07269952498697738 acc 77.34% eta 0:35:30
2023-04-08 21:51:12,418 - __main__ - INFO - [INFO] 2023-04-08 21:51:12.417866 Epoch [36/100] batch [385/391] loss 0.5103 lr 0.07269952498697738 acc 78.12% eta 0:35:33
2023-04-08 21:51:12,949 - __main__ - INFO - Computing epoch 36 validation accuracy...
2023-04-08 21:51:16,207 - __main__ - INFO - Computing epoch 36 validation loss...
2023-04-08 21:51:19,528 - __main__ - INFO - [INFO] 2023-04-08 21:51:19.527916 Epoch [37/100] batch [1/391] loss 0.5996 lr 0.07128896457825366 acc 82.81% eta 0:50:11
2023-04-08 21:51:31,331 - __main__ - INFO - [INFO] 2023-04-08 21:51:31.331390 Epoch [37/100] batch [129/391] loss 0.6851 lr 0.07128896457825366 acc 78.12% eta 0:35:15
2023-04-08 21:51:43,302 - __main__ - INFO - [INFO] 2023-04-08 21:51:43.302586 Epoch [37/100] batch [257/391] loss 0.3896 lr 0.07128896457825366 acc 88.28% eta 0:35:18
2023-04-08 21:51:55,350 - __main__ - INFO - [INFO] 2023-04-08 21:51:55.350715 Epoch [37/100] batch [385/391] loss 0.5645 lr 0.07128896457825366 acc 74.22% eta 0:35:16
2023-04-08 21:51:55,882 - __main__ - INFO - Computing epoch 37 validation accuracy...
2023-04-08 21:51:59,089 - __main__ - INFO - Computing epoch 37 validation loss...
2023-04-08 21:52:02,459 - __main__ - INFO - [INFO] 2023-04-08 21:52:02.458913 Epoch [38/100] batch [1/391] loss 1.1240 lr 0.06985739453173906 acc 77.34% eta 0:40:48
2023-04-08 21:52:14,460 - __main__ - INFO - [INFO] 2023-04-08 21:52:14.460040 Epoch [38/100] batch [129/391] loss 0.5264 lr 0.06985739453173906 acc 74.22% eta 0:35:17
2023-04-08 21:52:26,211 - __main__ - INFO - [INFO] 2023-04-08 21:52:26.210992 Epoch [38/100] batch [257/391] loss 0.4614 lr 0.06985739453173906 acc 86.72% eta 0:34:42
2023-04-08 21:52:38,515 - __main__ - INFO - [INFO] 2023-04-08 21:52:38.515220 Epoch [38/100] batch [385/391] loss 0.4480 lr 0.06985739453173906 acc 82.03% eta 0:34:56
2023-04-08 21:52:39,068 - __main__ - INFO - Computing epoch 38 validation accuracy...
2023-04-08 21:52:42,399 - __main__ - INFO - Computing epoch 38 validation loss...
2023-04-08 21:52:45,751 - __main__ - INFO - [INFO] 2023-04-08 21:52:45.751142 Epoch [39/100] batch [1/391] loss 1.1396 lr 0.06840622763423394 acc 75.00% eta 0:38:01
2023-04-08 21:52:57,557 - __main__ - INFO - [INFO] 2023-04-08 21:52:57.556878 Epoch [39/100] batch [129/391] loss 0.4512 lr 0.06840622763423394 acc 86.72% eta 0:34:04
2023-04-08 21:53:09,357 - __main__ - INFO - [INFO] 2023-04-08 21:53:09.357806 Epoch [39/100] batch [257/391] loss 0.4983 lr 0.06840622763423394 acc 82.03% eta 0:33:52
2023-04-08 21:53:21,122 - __main__ - INFO - [INFO] 2023-04-08 21:53:21.122067 Epoch [39/100] batch [385/391] loss 0.3596 lr 0.06840622763423394 acc 85.94% eta 0:33:40
2023-04-08 21:53:21,658 - __main__ - INFO - Computing epoch 39 validation accuracy...
2023-04-08 21:53:24,963 - __main__ - INFO - Computing epoch 39 validation loss...
2023-04-08 21:53:28,284 - __main__ - INFO - [INFO] 2023-04-08 21:53:28.284393 Epoch [40/100] batch [1/391] loss 0.5371 lr 0.06693689601226462 acc 78.91% eta 0:38:17
2023-04-08 21:53:40,129 - __main__ - INFO - [INFO] 2023-04-08 21:53:40.129442 Epoch [40/100] batch [129/391] loss 0.5718 lr 0.06693689601226462 acc 78.12% eta 0:33:41
2023-04-08 21:53:52,029 - __main__ - INFO - [INFO] 2023-04-08 21:53:52.028685 Epoch [40/100] batch [257/391] loss 0.5664 lr 0.06693689601226462 acc 81.25% eta 0:33:34
2023-04-08 21:54:03,828 - __main__ - INFO - [INFO] 2023-04-08 21:54:03.828214 Epoch [40/100] batch [385/391] loss 0.4675 lr 0.06693689601226462 acc 65.62% eta 0:33:19
2023-04-08 21:54:04,356 - __main__ - INFO - Computing epoch 40 validation accuracy...
2023-04-08 21:54:07,595 - __main__ - INFO - Computing epoch 40 validation loss...
2023-04-08 21:54:11,118 - __main__ - INFO - [INFO] 2023-04-08 21:54:11.118554 Epoch [41/100] batch [1/391] loss 0.9961 lr 0.06545084971874741 acc 86.72% eta 0:39:10
2023-04-08 21:54:23,002 - __main__ - INFO - [INFO] 2023-04-08 21:54:23.002785 Epoch [41/100] batch [129/391] loss 0.6616 lr 0.06545084971874741 acc 67.97% eta 0:33:18
2023-04-08 21:54:34,995 - __main__ - INFO - [INFO] 2023-04-08 21:54:34.995775 Epoch [41/100] batch [257/391] loss 0.4946 lr 0.06545084971874741 acc 83.59% eta 0:33:13
2023-04-08 21:54:46,840 - __main__ - INFO - [INFO] 2023-04-08 21:54:46.840790 Epoch [41/100] batch [385/391] loss 0.6016 lr 0.06545084971874741 acc 79.69% eta 0:32:55
2023-04-08 21:54:47,391 - __main__ - INFO - Computing epoch 41 validation accuracy...
2023-04-08 21:54:50,646 - __main__ - INFO - Computing epoch 41 validation loss...
2023-04-08 21:54:53,952 - __main__ - INFO - [INFO] 2023-04-08 21:54:53.952120 Epoch [42/100] batch [1/391] loss 0.5347 lr 0.06394955530196152 acc 70.31% eta 0:33:22
2023-04-08 21:55:05,929 - __main__ - INFO - [INFO] 2023-04-08 21:55:05.929280 Epoch [42/100] batch [129/391] loss 0.5015 lr 0.06394955530196152 acc 79.69% eta 0:32:51
2023-04-08 21:55:17,758 - __main__ - INFO - [INFO] 2023-04-08 21:55:17.758450 Epoch [42/100] batch [257/391] loss 0.5938 lr 0.06394955530196152 acc 84.38% eta 0:32:31
2023-04-08 21:55:29,468 - __main__ - INFO - [INFO] 2023-04-08 21:55:29.468259 Epoch [42/100] batch [385/391] loss 0.3794 lr 0.06394955530196152 acc 88.28% eta 0:32:08
2023-04-08 21:55:30,012 - __main__ - INFO - Computing epoch 42 validation accuracy...
2023-04-08 21:55:33,246 - __main__ - INFO - Computing epoch 42 validation loss...
2023-04-08 21:55:36,589 - __main__ - INFO - [INFO] 2023-04-08 21:55:36.589595 Epoch [43/100] batch [1/391] loss 0.5869 lr 0.062434494358242776 acc 75.78% eta 0:36:15
2023-04-08 21:55:48,646 - __main__ - INFO - [INFO] 2023-04-08 21:55:48.646608 Epoch [43/100] batch [129/391] loss 0.6616 lr 0.062434494358242776 acc 75.78% eta 0:32:30
2023-04-08 21:56:00,497 - __main__ - INFO - [INFO] 2023-04-08 21:56:00.497738 Epoch [43/100] batch [257/391] loss 0.4094 lr 0.062434494358242776 acc 85.16% eta 0:32:05
2023-04-08 21:56:12,337 - __main__ - INFO - [INFO] 2023-04-08 21:56:12.337069 Epoch [43/100] batch [385/391] loss 0.4353 lr 0.062434494358242776 acc 81.25% eta 0:31:48
2023-04-08 21:56:12,856 - __main__ - INFO - Computing epoch 43 validation accuracy...
2023-04-08 21:56:16,048 - __main__ - INFO - Computing epoch 43 validation loss...
2023-04-08 21:56:19,325 - __main__ - INFO - [INFO] 2023-04-08 21:56:19.325426 Epoch [44/100] batch [1/391] loss 0.5566 lr 0.06090716206982718 acc 80.47% eta 0:32:21
2023-04-08 21:56:31,287 - __main__ - INFO - [INFO] 2023-04-08 21:56:31.286907 Epoch [44/100] batch [129/391] loss 0.5698 lr 0.06090716206982718 acc 77.34% eta 0:31:51
2023-04-08 21:56:43,158 - __main__ - INFO - [INFO] 2023-04-08 21:56:43.157930 Epoch [44/100] batch [257/391] loss 0.6177 lr 0.06090716206982718 acc 81.25% eta 0:31:27
2023-04-08 21:56:55,092 - __main__ - INFO - [INFO] 2023-04-08 21:56:55.091896 Epoch [44/100] batch [385/391] loss 0.5239 lr 0.06090716206982718 acc 85.94% eta 0:31:16
2023-04-08 21:56:55,614 - __main__ - INFO - Computing epoch 44 validation accuracy...
2023-04-08 21:56:58,820 - __main__ - INFO - Computing epoch 44 validation loss...
2023-04-08 21:57:02,114 - __main__ - INFO - [INFO] 2023-04-08 21:57:02.114650 Epoch [45/100] batch [1/391] loss 1.1074 lr 0.05936906572928628 acc 84.38% eta 0:34:21
2023-04-08 21:57:13,957 - __main__ - INFO - [INFO] 2023-04-08 21:57:13.957045 Epoch [45/100] batch [129/391] loss 0.5352 lr 0.05936906572928628 acc 83.59% eta 0:30:53
2023-04-08 21:57:25,761 - __main__ - INFO - [INFO] 2023-04-08 21:57:25.761033 Epoch [45/100] batch [257/391] loss 0.5117 lr 0.05936906572928628 acc 86.72% eta 0:30:40
2023-04-08 21:57:37,562 - __main__ - INFO - [INFO] 2023-04-08 21:57:37.562461 Epoch [45/100] batch [385/391] loss 0.5605 lr 0.05936906572928628 acc 82.81% eta 0:30:27
2023-04-08 21:57:38,090 - __main__ - INFO - Computing epoch 45 validation accuracy...
2023-04-08 21:57:41,416 - __main__ - INFO - Computing epoch 45 validation loss...
2023-04-08 21:57:44,734 - __main__ - INFO - [INFO] 2023-04-08 21:57:44.734426 Epoch [46/100] batch [1/391] loss 0.6323 lr 0.05782172325201159 acc 82.81% eta 0:30:28
2023-04-08 21:57:56,602 - __main__ - INFO - [INFO] 2023-04-08 21:57:56.602611 Epoch [46/100] batch [129/391] loss 0.5996 lr 0.05782172325201159 acc 79.69% eta 0:30:22
2023-04-08 21:58:08,375 - __main__ - INFO - [INFO] 2023-04-08 21:58:08.375450 Epoch [46/100] batch [257/391] loss 0.4917 lr 0.05782172325201159 acc 83.59% eta 0:30:02
2023-04-08 21:58:20,424 - __main__ - INFO - [INFO] 2023-04-08 21:58:20.424707 Epoch [46/100] batch [385/391] loss 0.4126 lr 0.05782172325201159 acc 84.38% eta 0:30:04
2023-04-08 21:58:20,968 - __main__ - INFO - Computing epoch 46 validation accuracy...
2023-04-08 21:58:24,262 - __main__ - INFO - Computing epoch 46 validation loss...
2023-04-08 21:58:27,607 - __main__ - INFO - [INFO] 2023-04-08 21:58:27.607683 Epoch [47/100] batch [1/391] loss 1.1299 lr 0.056266661678215264 acc 79.69% eta 0:32:39
2023-04-08 21:58:39,698 - __main__ - INFO - [INFO] 2023-04-08 21:58:39.698354 Epoch [47/100] batch [129/391] loss 0.3901 lr 0.056266661678215264 acc 88.28% eta 0:30:23
2023-04-08 21:58:51,718 - __main__ - INFO - [INFO] 2023-04-08 21:58:51.718609 Epoch [47/100] batch [257/391] loss 0.6133 lr 0.056266661678215264 acc 81.25% eta 0:30:09
2023-04-08 21:59:03,600 - __main__ - INFO - [INFO] 2023-04-08 21:59:03.599661 Epoch [47/100] batch [385/391] loss 0.5122 lr 0.056266661678215264 acc 80.47% eta 0:29:50
2023-04-08 21:59:04,131 - __main__ - INFO - Computing epoch 47 validation accuracy...
2023-04-08 21:59:07,364 - __main__ - INFO - Computing epoch 47 validation loss...
2023-04-08 21:59:10,768 - __main__ - INFO - [INFO] 2023-04-08 21:59:10.767831 Epoch [48/100] batch [1/391] loss 0.4316 lr 0.05470541566592575 acc 83.59% eta 0:30:55
2023-04-08 21:59:22,761 - __main__ - INFO - [INFO] 2023-04-08 21:59:22.761381 Epoch [48/100] batch [129/391] loss 0.4802 lr 0.05470541566592575 acc 80.47% eta 0:29:38
2023-04-08 21:59:34,850 - __main__ - INFO - [INFO] 2023-04-08 21:59:34.850253 Epoch [48/100] batch [257/391] loss 0.4133 lr 0.05470541566592575 acc 80.47% eta 0:29:29
2023-04-08 21:59:46,785 - __main__ - INFO - [INFO] 2023-04-08 21:59:46.785227 Epoch [48/100] batch [385/391] loss 0.5049 lr 0.05470541566592575 acc 86.72% eta 0:29:15
2023-04-08 21:59:47,313 - __main__ - INFO - Computing epoch 48 validation accuracy...
2023-04-08 21:59:50,512 - __main__ - INFO - Computing epoch 48 validation loss...
2023-04-08 21:59:53,863 - __main__ - INFO - [INFO] 2023-04-08 21:59:53.863213 Epoch [49/100] batch [1/391] loss 0.4482 lr 0.053139525976465714 acc 87.50% eta 0:32:02
2023-04-08 22:00:06,226 - __main__ - INFO - [INFO] 2023-04-08 22:00:06.226305 Epoch [49/100] batch [129/391] loss 0.4766 lr 0.053139525976465714 acc 83.59% eta 0:29:55
2023-04-08 22:00:18,209 - __main__ - INFO - [INFO] 2023-04-08 22:00:18.209187 Epoch [49/100] batch [257/391] loss 0.3679 lr 0.053139525976465714 acc 89.84% eta 0:29:15
2023-04-08 22:00:30,029 - __main__ - INFO - [INFO] 2023-04-08 22:00:30.029162 Epoch [49/100] batch [385/391] loss 0.3669 lr 0.053139525976465714 acc 82.81% eta 0:28:49
2023-04-08 22:00:30,579 - __main__ - INFO - Computing epoch 49 validation accuracy...
2023-04-08 22:00:33,806 - __main__ - INFO - Computing epoch 49 validation loss...
2023-04-08 22:00:37,244 - __main__ - INFO - [INFO] 2023-04-08 22:00:37.244143 Epoch [50/100] batch [1/391] loss 0.9883 lr 0.05157053795390645 acc 79.69% eta 0:34:50
2023-04-08 22:00:49,121 - __main__ - INFO - [INFO] 2023-04-08 22:00:49.121663 Epoch [50/100] batch [129/391] loss 0.4521 lr 0.05157053795390645 acc 78.91% eta 0:28:12
2023-04-08 22:01:00,954 - __main__ - INFO - [INFO] 2023-04-08 22:01:00.954445 Epoch [50/100] batch [257/391] loss 0.4580 lr 0.05157053795390645 acc 82.81% eta 0:27:57
2023-04-08 22:01:12,952 - __main__ - INFO - [INFO] 2023-04-08 22:01:12.952401 Epoch [50/100] batch [385/391] loss 0.4419 lr 0.05157053795390645 acc 86.72% eta 0:27:53
2023-04-08 22:01:13,501 - __main__ - INFO - Computing epoch 50 validation accuracy...
2023-04-08 22:01:16,740 - __main__ - INFO - Computing epoch 50 validation loss...
2023-04-08 22:01:20,083 - __main__ - INFO - [INFO] 2023-04-08 22:01:20.083522 Epoch [51/100] batch [1/391] loss 1.0166 lr 0.05000000000000004 acc 83.59% eta 0:31:20
2023-04-08 22:01:32,062 - __main__ - INFO - [INFO] 2023-04-08 22:01:32.061863 Epoch [51/100] batch [129/391] loss 0.4968 lr 0.05000000000000004 acc 82.81% eta 0:27:52
2023-04-08 22:01:43,923 - __main__ - INFO - [INFO] 2023-04-08 22:01:43.923804 Epoch [51/100] batch [257/391] loss 0.4248 lr 0.05000000000000004 acc 73.44% eta 0:27:32
2023-04-08 22:01:55,682 - __main__ - INFO - [INFO] 2023-04-08 22:01:55.682409 Epoch [51/100] batch [385/391] loss 0.4231 lr 0.05000000000000004 acc 82.03% eta 0:27:13
2023-04-08 22:01:56,248 - __main__ - INFO - Computing epoch 51 validation accuracy...
2023-04-08 22:01:59,714 - __main__ - INFO - Computing epoch 51 validation loss...
2023-04-08 22:02:03,020 - __main__ - INFO - [INFO] 2023-04-08 22:02:03.020528 Epoch [52/100] batch [1/391] loss 0.5239 lr 0.04842946204609362 acc 85.16% eta 0:30:56
2023-04-08 22:02:15,001 - __main__ - INFO - [INFO] 2023-04-08 22:02:15.001104 Epoch [52/100] batch [129/391] loss 0.3772 lr 0.04842946204609362 acc 85.16% eta 0:27:21
2023-04-08 22:02:26,992 - __main__ - INFO - [INFO] 2023-04-08 22:02:26.992332 Epoch [52/100] batch [257/391] loss 0.5142 lr 0.04842946204609362 acc 79.69% eta 0:27:10
2023-04-08 22:02:38,822 - __main__ - INFO - [INFO] 2023-04-08 22:02:38.821944 Epoch [52/100] batch [385/391] loss 0.5693 lr 0.04842946204609362 acc 77.34% eta 0:26:52
2023-04-08 22:02:39,357 - __main__ - INFO - Computing epoch 52 validation accuracy...
2023-04-08 22:02:42,674 - __main__ - INFO - Computing epoch 52 validation loss...
2023-04-08 22:02:46,315 - __main__ - INFO - [INFO] 2023-04-08 22:02:46.314993 Epoch [53/100] batch [1/391] loss 0.3352 lr 0.04686047402353437 acc 84.38% eta 0:28:52
2023-04-08 22:02:58,331 - __main__ - INFO - [INFO] 2023-04-08 22:02:58.331036 Epoch [53/100] batch [129/391] loss 0.4360 lr 0.04686047402353437 acc 84.38% eta 0:26:47
2023-04-08 22:03:10,154 - __main__ - INFO - [INFO] 2023-04-08 22:03:10.153875 Epoch [53/100] batch [257/391] loss 0.4329 lr 0.04686047402353437 acc 68.75% eta 0:26:23
2023-04-08 22:03:21,979 - __main__ - INFO - [INFO] 2023-04-08 22:03:21.979030 Epoch [53/100] batch [385/391] loss 0.4185 lr 0.04686047402353437 acc 85.94% eta 0:26:07
2023-04-08 22:03:22,515 - __main__ - INFO - Computing epoch 53 validation accuracy...
2023-04-08 22:03:25,722 - __main__ - INFO - Computing epoch 53 validation loss...
2023-04-08 22:03:29,131 - __main__ - INFO - [INFO] 2023-04-08 22:03:29.130869 Epoch [54/100] batch [1/391] loss 0.9409 lr 0.045294584334074316 acc 80.47% eta 0:30:50
2023-04-08 22:03:41,171 - __main__ - INFO - [INFO] 2023-04-08 22:03:41.171669 Epoch [54/100] batch [129/391] loss 0.3550 lr 0.045294584334074316 acc 88.28% eta 0:26:20
2023-04-08 22:03:53,265 - __main__ - INFO - [INFO] 2023-04-08 22:03:53.265625 Epoch [54/100] batch [257/391] loss 0.4380 lr 0.045294584334074316 acc 85.16% eta 0:26:13
2023-04-08 22:04:05,300 - __main__ - INFO - [INFO] 2023-04-08 22:04:05.300456 Epoch [54/100] batch [385/391] loss 0.4609 lr 0.045294584334074316 acc 85.16% eta 0:26:01
2023-04-08 22:04:05,851 - __main__ - INFO - Computing epoch 54 validation accuracy...
2023-04-08 22:04:09,105 - __main__ - INFO - Computing epoch 54 validation loss...
2023-04-08 22:04:12,464 - __main__ - INFO - [INFO] 2023-04-08 22:04:12.464016 Epoch [55/100] batch [1/391] loss 0.4829 lr 0.043733338321784825 acc 72.66% eta 0:26:09
2023-04-08 22:04:24,564 - __main__ - INFO - [INFO] 2023-04-08 22:04:24.563797 Epoch [55/100] batch [129/391] loss 0.4695 lr 0.043733338321784825 acc 78.91% eta 0:25:52
2023-04-08 22:04:36,693 - __main__ - INFO - [INFO] 2023-04-08 22:04:36.692819 Epoch [55/100] batch [257/391] loss 0.3762 lr 0.043733338321784825 acc 86.72% eta 0:25:43
2023-04-08 22:04:48,613 - __main__ - INFO - [INFO] 2023-04-08 22:04:48.612910 Epoch [55/100] batch [385/391] loss 0.4172 lr 0.043733338321784825 acc 80.47% eta 0:25:23
2023-04-08 22:04:49,162 - __main__ - INFO - Computing epoch 55 validation accuracy...
2023-04-08 22:04:52,519 - __main__ - INFO - Computing epoch 55 validation loss...
2023-04-08 22:04:55,825 - __main__ - INFO - [INFO] 2023-04-08 22:04:55.825096 Epoch [56/100] batch [1/391] loss 0.4878 lr 0.042178276747988484 acc 80.47% eta 0:27:14
2023-04-08 22:05:07,655 - __main__ - INFO - [INFO] 2023-04-08 22:05:07.654816 Epoch [56/100] batch [129/391] loss 0.3452 lr 0.042178276747988484 acc 81.25% eta 0:24:44
2023-04-08 22:05:19,482 - __main__ - INFO - [INFO] 2023-04-08 22:05:19.482138 Epoch [56/100] batch [257/391] loss 0.5391 lr 0.042178276747988484 acc 75.00% eta 0:24:35
2023-04-08 22:05:31,492 - __main__ - INFO - [INFO] 2023-04-08 22:05:31.492288 Epoch [56/100] batch [385/391] loss 0.4209 lr 0.042178276747988484 acc 83.59% eta 0:24:31
2023-04-08 22:05:32,035 - __main__ - INFO - Computing epoch 56 validation accuracy...
2023-04-08 22:05:35,279 - __main__ - INFO - Computing epoch 56 validation loss...
2023-04-08 22:05:38,627 - __main__ - INFO - [INFO] 2023-04-08 22:05:38.627634 Epoch [57/100] batch [1/391] loss 0.9478 lr 0.0406309342707138 acc 77.34% eta 0:28:11
2023-04-08 22:05:50,629 - __main__ - INFO - [INFO] 2023-04-08 22:05:50.629125 Epoch [57/100] batch [129/391] loss 0.3652 lr 0.0406309342707138 acc 89.06% eta 0:24:34
2023-04-08 22:06:02,599 - __main__ - INFO - [INFO] 2023-04-08 22:06:02.598878 Epoch [57/100] batch [257/391] loss 0.3125 lr 0.0406309342707138 acc 89.84% eta 0:24:20
2023-04-08 22:06:14,495 - __main__ - INFO - [INFO] 2023-04-08 22:06:14.495763 Epoch [57/100] batch [385/391] loss 0.3970 lr 0.0406309342707138 acc 83.59% eta 0:24:06
2023-04-08 22:06:15,031 - __main__ - INFO - Computing epoch 57 validation accuracy...
2023-04-08 22:06:18,347 - __main__ - INFO - Computing epoch 57 validation loss...
2023-04-08 22:06:21,711 - __main__ - INFO - [INFO] 2023-04-08 22:06:21.711044 Epoch [58/100] batch [1/391] loss 0.3433 lr 0.039092837930172916 acc 87.50% eta 0:24:52
2023-04-08 22:06:33,571 - __main__ - INFO - [INFO] 2023-04-08 22:06:33.570825 Epoch [58/100] batch [129/391] loss 0.4880 lr 0.039092837930172916 acc 82.03% eta 0:23:44
2023-04-08 22:06:45,465 - __main__ - INFO - [INFO] 2023-04-08 22:06:45.465285 Epoch [58/100] batch [257/391] loss 0.5024 lr 0.039092837930172916 acc 79.69% eta 0:23:34
2023-04-08 22:06:57,241 - __main__ - INFO - [INFO] 2023-04-08 22:06:57.241451 Epoch [58/100] batch [385/391] loss 0.4500 lr 0.039092837930172916 acc 81.25% eta 0:23:19
2023-04-08 22:06:57,786 - __main__ - INFO - Computing epoch 58 validation accuracy...
2023-04-08 22:07:00,971 - __main__ - INFO - Computing epoch 58 validation loss...
2023-04-08 22:07:04,354 - __main__ - INFO - [INFO] 2023-04-08 22:07:04.354451 Epoch [59/100] batch [1/391] loss 0.3301 lr 0.037565505641757285 acc 88.28% eta 0:24:33
2023-04-08 22:07:16,246 - __main__ - INFO - [INFO] 2023-04-08 22:07:16.245940 Epoch [59/100] batch [129/391] loss 0.4368 lr 0.037565505641757285 acc 91.41% eta 0:23:11
2023-04-08 22:07:27,955 - __main__ - INFO - [INFO] 2023-04-08 22:07:27.954925 Epoch [59/100] batch [257/391] loss 0.4282 lr 0.037565505641757285 acc 87.50% eta 0:22:49
2023-04-08 22:07:39,715 - __main__ - INFO - [INFO] 2023-04-08 22:07:39.715121 Epoch [59/100] batch [385/391] loss 0.4402 lr 0.037565505641757285 acc 83.59% eta 0:22:37
2023-04-08 22:07:40,266 - __main__ - INFO - Computing epoch 59 validation accuracy...
2023-04-08 22:07:43,506 - __main__ - INFO - Computing epoch 59 validation loss...
2023-04-08 22:07:46,860 - __main__ - INFO - [INFO] 2023-04-08 22:07:46.859984 Epoch [60/100] batch [1/391] loss 0.9312 lr 0.03605044469803857 acc 85.94% eta 0:25:44
2023-04-08 22:07:58,712 - __main__ - INFO - [INFO] 2023-04-08 22:07:58.712519 Epoch [60/100] batch [129/391] loss 0.3948 lr 0.03605044469803857 acc 82.03% eta 0:22:33
2023-04-08 22:08:10,653 - __main__ - INFO - [INFO] 2023-04-08 22:08:10.653188 Epoch [60/100] batch [257/391] loss 0.5405 lr 0.03605044469803857 acc 85.94% eta 0:22:27
2023-04-08 22:08:22,356 - __main__ - INFO - [INFO] 2023-04-08 22:08:22.356827 Epoch [60/100] batch [385/391] loss 0.3611 lr 0.03605044469803857 acc 78.91% eta 0:22:09
2023-04-08 22:08:22,881 - __main__ - INFO - Computing epoch 60 validation accuracy...
2023-04-08 22:08:26,112 - __main__ - INFO - Computing epoch 60 validation loss...
2023-04-08 22:08:29,461 - __main__ - INFO - [INFO] 2023-04-08 22:08:29.461459 Epoch [61/100] batch [1/391] loss 0.8809 lr 0.034549150281252675 acc 88.28% eta 0:24:41
2023-04-08 22:08:41,343 - __main__ - INFO - [INFO] 2023-04-08 22:08:41.343635 Epoch [61/100] batch [129/391] loss 0.4363 lr 0.034549150281252675 acc 89.84% eta 0:22:03
2023-04-08 22:08:53,429 - __main__ - INFO - [INFO] 2023-04-08 22:08:53.429326 Epoch [61/100] batch [257/391] loss 0.4587 lr 0.034549150281252675 acc 77.34% eta 0:22:03
2023-04-08 22:09:05,204 - __main__ - INFO - [INFO] 2023-04-08 22:09:05.204429 Epoch [61/100] batch [385/391] loss 0.3372 lr 0.034549150281252675 acc 90.62% eta 0:21:45
2023-04-08 22:09:05,729 - __main__ - INFO - Computing epoch 61 validation accuracy...
2023-04-08 22:09:09,006 - __main__ - INFO - Computing epoch 61 validation loss...
2023-04-08 22:09:12,334 - __main__ - INFO - [INFO] 2023-04-08 22:09:12.334681 Epoch [62/100] batch [1/391] loss 0.7959 lr 0.03306310398773546 acc 84.38% eta 0:24:39
2023-04-08 22:09:24,105 - __main__ - INFO - [INFO] 2023-04-08 22:09:24.104862 Epoch [62/100] batch [129/391] loss 0.3101 lr 0.03306310398773546 acc 87.50% eta 0:21:21
2023-04-08 22:09:35,948 - __main__ - INFO - [INFO] 2023-04-08 22:09:35.948422 Epoch [62/100] batch [257/391] loss 0.4548 lr 0.03306310398773546 acc 79.69% eta 0:21:14
2023-04-08 22:09:47,770 - __main__ - INFO - [INFO] 2023-04-08 22:09:47.769955 Epoch [62/100] batch [385/391] loss 0.3850 lr 0.03306310398773546 acc 87.50% eta 0:21:04
2023-04-08 22:09:48,367 - __main__ - INFO - Computing epoch 62 validation accuracy...
2023-04-08 22:09:51,724 - __main__ - INFO - Computing epoch 62 validation loss...
2023-04-08 22:09:55,078 - __main__ - INFO - [INFO] 2023-04-08 22:09:55.078334 Epoch [63/100] batch [1/391] loss 0.3774 lr 0.031593772365766146 acc 86.72% eta 0:23:04
2023-04-08 22:10:07,105 - __main__ - INFO - [INFO] 2023-04-08 22:10:07.104995 Epoch [63/100] batch [129/391] loss 0.4307 lr 0.031593772365766146 acc 85.16% eta 0:21:14
2023-04-08 22:10:18,864 - __main__ - INFO - [INFO] 2023-04-08 22:10:18.864237 Epoch [63/100] batch [257/391] loss 0.3875 lr 0.031593772365766146 acc 83.59% eta 0:20:49
2023-04-08 22:10:30,576 - __main__ - INFO - [INFO] 2023-04-08 22:10:30.576663 Epoch [63/100] batch [385/391] loss 0.3931 lr 0.031593772365766146 acc 85.16% eta 0:20:31
2023-04-08 22:10:31,130 - __main__ - INFO - Computing epoch 63 validation accuracy...
2023-04-08 22:10:34,354 - __main__ - INFO - Computing epoch 63 validation loss...
2023-04-08 22:10:37,769 - __main__ - INFO - [INFO] 2023-04-08 22:10:37.769549 Epoch [64/100] batch [1/391] loss 0.3472 lr 0.030142605468260992 acc 85.16% eta 0:21:45
2023-04-08 22:10:49,730 - __main__ - INFO - [INFO] 2023-04-08 22:10:49.730151 Epoch [64/100] batch [129/391] loss 0.4507 lr 0.030142605468260992 acc 88.28% eta 0:20:36
2023-04-08 22:11:01,440 - __main__ - INFO - [INFO] 2023-04-08 22:11:01.440777 Epoch [64/100] batch [257/391] loss 0.6665 lr 0.030142605468260992 acc 78.91% eta 0:20:11
2023-04-08 22:11:13,236 - __main__ - INFO - [INFO] 2023-04-08 22:11:13.236363 Epoch [64/100] batch [385/391] loss 0.3462 lr 0.030142605468260992 acc 85.16% eta 0:19:58
2023-04-08 22:11:13,764 - __main__ - INFO - Computing epoch 64 validation accuracy...
2023-04-08 22:11:16,996 - __main__ - INFO - Computing epoch 64 validation loss...
2023-04-08 22:11:20,306 - __main__ - INFO - [INFO] 2023-04-08 22:11:20.306135 Epoch [65/100] batch [1/391] loss 0.8638 lr 0.028711035421746394 acc 87.50% eta 0:21:13
2023-04-08 22:11:32,112 - __main__ - INFO - [INFO] 2023-04-08 22:11:32.112406 Epoch [65/100] batch [129/391] loss 0.4050 lr 0.028711035421746394 acc 82.03% eta 0:19:41
2023-04-08 22:11:44,044 - __main__ - INFO - [INFO] 2023-04-08 22:11:44.044374 Epoch [65/100] batch [257/391] loss 0.4216 lr 0.028711035421746394 acc 84.38% eta 0:19:38
2023-04-08 22:11:55,791 - __main__ - INFO - [INFO] 2023-04-08 22:11:55.791348 Epoch [65/100] batch [385/391] loss 0.4263 lr 0.028711035421746394 acc 85.16% eta 0:19:22
2023-04-08 22:11:56,347 - __main__ - INFO - Computing epoch 65 validation accuracy...
2023-04-08 22:11:59,574 - __main__ - INFO - Computing epoch 65 validation loss...
2023-04-08 22:12:03,028 - __main__ - INFO - [INFO] 2023-04-08 22:12:03.028720 Epoch [66/100] batch [1/391] loss 0.4365 lr 0.027300475013022688 acc 82.03% eta 0:21:09
2023-04-08 22:12:14,907 - __main__ - INFO - [INFO] 2023-04-08 22:12:14.906947 Epoch [66/100] batch [129/391] loss 0.3623 lr 0.027300475013022688 acc 85.94% eta 0:19:16
2023-04-08 22:12:27,059 - __main__ - INFO - [INFO] 2023-04-08 22:12:27.059811 Epoch [66/100] batch [257/391] loss 0.2854 lr 0.027300475013022688 acc 89.84% eta 0:19:20
2023-04-08 22:12:38,840 - __main__ - INFO - [INFO] 2023-04-08 22:12:38.840030 Epoch [66/100] batch [385/391] loss 0.3071 lr 0.027300475013022688 acc 88.28% eta 0:19:01
2023-04-08 22:12:39,396 - __main__ - INFO - Computing epoch 66 validation accuracy...
2023-04-08 22:12:42,740 - __main__ - INFO - Computing epoch 66 validation loss...
2023-04-08 22:12:46,293 - __main__ - INFO - [INFO] 2023-04-08 22:12:46.293465 Epoch [67/100] batch [1/391] loss 0.8765 lr 0.025912316294914254 acc 87.50% eta 0:20:17
2023-04-08 22:12:58,126 - __main__ - INFO - [INFO] 2023-04-08 22:12:58.125871 Epoch [67/100] batch [129/391] loss 0.3254 lr 0.025912316294914254 acc 85.16% eta 0:18:39
2023-04-08 22:13:09,842 - __main__ - INFO - [INFO] 2023-04-08 22:13:09.842354 Epoch [67/100] batch [257/391] loss 0.2983 lr 0.025912316294914254 acc 89.06% eta 0:18:23
2023-04-08 22:13:21,858 - __main__ - INFO - [INFO] 2023-04-08 22:13:21.858330 Epoch [67/100] batch [385/391] loss 0.3713 lr 0.025912316294914254 acc 90.62% eta 0:18:20
2023-04-08 22:13:22,386 - __main__ - INFO - Computing epoch 67 validation accuracy...
2023-04-08 22:13:25,626 - __main__ - INFO - Computing epoch 67 validation loss...
2023-04-08 22:13:28,962 - __main__ - INFO - [INFO] 2023-04-08 22:13:28.962415 Epoch [68/100] batch [1/391] loss 0.2671 lr 0.02454792921248146 acc 87.50% eta 0:19:11
2023-04-08 22:13:40,983 - __main__ - INFO - [INFO] 2023-04-08 22:13:40.983098 Epoch [68/100] batch [129/391] loss 0.3928 lr 0.02454792921248146 acc 89.84% eta 0:18:22
2023-04-08 22:13:52,694 - __main__ - INFO - [INFO] 2023-04-08 22:13:52.694810 Epoch [68/100] batch [257/391] loss 0.3328 lr 0.02454792921248146 acc 89.06% eta 0:17:59
2023-04-08 22:14:04,389 - __main__ - INFO - [INFO] 2023-04-08 22:14:04.389749 Epoch [68/100] batch [385/391] loss 0.3921 lr 0.02454792921248146 acc 81.25% eta 0:17:43
2023-04-08 22:14:04,913 - __main__ - INFO - Computing epoch 68 validation accuracy...
2023-04-08 22:14:08,157 - __main__ - INFO - Computing epoch 68 validation loss...
2023-04-08 22:14:11,474 - __main__ - INFO - [INFO] 2023-04-08 22:14:11.474489 Epoch [69/100] batch [1/391] loss 0.8662 lr 0.02320866025105018 acc 90.62% eta 0:21:00
2023-04-08 22:14:23,561 - __main__ - INFO - [INFO] 2023-04-08 22:14:23.561266 Epoch [69/100] batch [129/391] loss 0.3342 lr 0.02320866025105018 acc 92.19% eta 0:17:56
2023-04-08 22:14:35,568 - __main__ - INFO - [INFO] 2023-04-08 22:14:35.568517 Epoch [69/100] batch [257/391] loss 0.3210 lr 0.02320866025105018 acc 86.72% eta 0:17:42
2023-04-08 22:14:47,498 - __main__ - INFO - [INFO] 2023-04-08 22:14:47.497922 Epoch [69/100] batch [385/391] loss 0.2961 lr 0.02320866025105018 acc 91.41% eta 0:17:27
2023-04-08 22:14:48,017 - __main__ - INFO - Computing epoch 69 validation accuracy...
2023-04-08 22:14:51,309 - __main__ - INFO - Computing epoch 69 validation loss...
2023-04-08 22:14:54,662 - __main__ - INFO - [INFO] 2023-04-08 22:14:54.662155 Epoch [70/100] batch [1/391] loss 0.7573 lr 0.021895831107393487 acc 86.72% eta 0:20:37
2023-04-08 22:15:06,430 - __main__ - INFO - [INFO] 2023-04-08 22:15:06.430717 Epoch [70/100] batch [129/391] loss 0.4509 lr 0.021895831107393487 acc 82.81% eta 0:16:55
2023-04-08 22:15:18,369 - __main__ - INFO - [INFO] 2023-04-08 22:15:18.368890 Epoch [70/100] batch [257/391] loss 0.3271 lr 0.021895831107393487 acc 87.50% eta 0:16:51
2023-04-08 22:15:30,311 - __main__ - INFO - [INFO] 2023-04-08 22:15:30.311205 Epoch [70/100] batch [385/391] loss 0.3867 lr 0.021895831107393487 acc 88.28% eta 0:16:42
2023-04-08 22:15:30,893 - __main__ - INFO - Computing epoch 70 validation accuracy...
2023-04-08 22:15:34,141 - __main__ - INFO - Computing epoch 70 validation loss...
2023-04-08 22:15:37,468 - __main__ - INFO - [INFO] 2023-04-08 22:15:37.468537 Epoch [71/100] batch [1/391] loss 0.7417 lr 0.02061073738537637 acc 84.38% eta 0:18:07
2023-04-08 22:15:49,372 - __main__ - INFO - [INFO] 2023-04-08 22:15:49.372600 Epoch [71/100] batch [129/391] loss 0.2573 lr 0.02061073738537637 acc 93.75% eta 0:16:32
2023-04-08 22:16:01,330 - __main__ - INFO - [INFO] 2023-04-08 22:16:01.330735 Epoch [71/100] batch [257/391] loss 0.3303 lr 0.02061073738537637 acc 89.06% eta 0:16:22
2023-04-08 22:16:13,150 - __main__ - INFO - [INFO] 2023-04-08 22:16:13.150689 Epoch [71/100] batch [385/391] loss 0.3342 lr 0.02061073738537637 acc 89.84% eta 0:16:09
2023-04-08 22:16:13,699 - __main__ - INFO - Computing epoch 71 validation accuracy...
2023-04-08 22:16:17,007 - __main__ - INFO - Computing epoch 71 validation loss...
2023-04-08 22:16:20,314 - __main__ - INFO - [INFO] 2023-04-08 22:16:20.314774 Epoch [72/100] batch [1/391] loss 0.7490 lr 0.01935464731735119 acc 89.84% eta 0:18:32
2023-04-08 22:16:32,217 - __main__ - INFO - [INFO] 2023-04-08 22:16:32.217215 Epoch [72/100] batch [129/391] loss 0.2822 lr 0.01935464731735119 acc 92.19% eta 0:15:57
2023-04-08 22:16:43,939 - __main__ - INFO - [INFO] 2023-04-08 22:16:43.939360 Epoch [72/100] batch [257/391] loss 0.2744 lr 0.01935464731735119 acc 86.72% eta 0:15:39
2023-04-08 22:16:55,917 - __main__ - INFO - [INFO] 2023-04-08 22:16:55.917238 Epoch [72/100] batch [385/391] loss 0.3435 lr 0.01935464731735119 acc 89.84% eta 0:15:32
2023-04-08 22:16:56,477 - __main__ - INFO - Computing epoch 72 validation accuracy...
2023-04-08 22:16:59,766 - __main__ - INFO - Computing epoch 72 validation loss...
2023-04-08 22:17:03,175 - __main__ - INFO - [INFO] 2023-04-08 22:17:03.175022 Epoch [73/100] batch [1/391] loss 0.2622 lr 0.018128800512565532 acc 94.53% eta 0:15:51
2023-04-08 22:17:15,137 - __main__ - INFO - [INFO] 2023-04-08 22:17:15.137584 Epoch [73/100] batch [129/391] loss 0.3252 lr 0.018128800512565532 acc 91.41% eta 0:15:30
2023-04-08 22:17:26,969 - __main__ - INFO - [INFO] 2023-04-08 22:17:26.969631 Epoch [73/100] batch [257/391] loss 0.4016 lr 0.018128800512565532 acc 89.84% eta 0:15:15
2023-04-08 22:17:38,675 - __main__ - INFO - [INFO] 2023-04-08 22:17:38.675364 Epoch [73/100] batch [385/391] loss 0.3464 lr 0.018128800512565532 acc 89.06% eta 0:14:58
2023-04-08 22:17:39,218 - __main__ - INFO - Computing epoch 73 validation accuracy...
2023-04-08 22:17:42,459 - __main__ - INFO - Computing epoch 73 validation loss...
2023-04-08 22:17:45,840 - __main__ - INFO - [INFO] 2023-04-08 22:17:45.840631 Epoch [74/100] batch [1/391] loss 0.2583 lr 0.016934406733817433 acc 89.84% eta 0:15:47
2023-04-08 22:17:57,918 - __main__ - INFO - [INFO] 2023-04-08 22:17:57.918479 Epoch [74/100] batch [129/391] loss 0.3594 lr 0.016934406733817433 acc 88.28% eta 0:15:06
2023-04-08 22:18:09,631 - __main__ - INFO - [INFO] 2023-04-08 22:18:09.631251 Epoch [74/100] batch [257/391] loss 0.2842 lr 0.016934406733817433 acc 90.62% eta 0:14:41
2023-04-08 22:18:21,420 - __main__ - INFO - [INFO] 2023-04-08 22:18:21.420537 Epoch [74/100] batch [385/391] loss 0.3481 lr 0.016934406733817433 acc 87.50% eta 0:14:27
2023-04-08 22:18:22,003 - __main__ - INFO - Computing epoch 74 validation accuracy...
2023-04-08 22:18:25,644 - __main__ - INFO - Computing epoch 74 validation loss...
2023-04-08 22:18:29,107 - __main__ - INFO - [INFO] 2023-04-08 22:18:29.106946 Epoch [75/100] batch [1/391] loss 0.6294 lr 0.01577264470356558 acc 94.53% eta 0:16:52
2023-04-08 22:18:40,986 - __main__ - INFO - [INFO] 2023-04-08 22:18:40.985838 Epoch [75/100] batch [129/391] loss 0.4055 lr 0.01577264470356558 acc 80.47% eta 0:14:16
2023-04-08 22:18:52,859 - __main__ - INFO - [INFO] 2023-04-08 22:18:52.859808 Epoch [75/100] batch [257/391] loss 0.2900 lr 0.01577264470356558 acc 92.97% eta 0:14:05
2023-04-08 22:19:04,871 - __main__ - INFO - [INFO] 2023-04-08 22:19:04.871488 Epoch [75/100] batch [385/391] loss 0.3003 lr 0.01577264470356558 acc 89.06% eta 0:13:57
2023-04-08 22:19:05,449 - __main__ - INFO - Computing epoch 75 validation accuracy...
2023-04-08 22:19:08,757 - __main__ - INFO - Computing epoch 75 validation loss...
2023-04-08 22:19:12,053 - __main__ - INFO - [INFO] 2023-04-08 22:19:12.053689 Epoch [76/100] batch [1/391] loss 0.7271 lr 0.014644660940672643 acc 89.84% eta 0:15:23
2023-04-08 22:19:24,162 - __main__ - INFO - [INFO] 2023-04-08 22:19:24.162083 Epoch [76/100] batch [129/391] loss 0.2343 lr 0.014644660940672643 acc 93.75% eta 0:13:58
2023-04-08 22:19:36,114 - __main__ - INFO - [INFO] 2023-04-08 22:19:36.114680 Epoch [76/100] batch [257/391] loss 0.1808 lr 0.014644660940672643 acc 93.75% eta 0:13:42
2023-04-08 22:19:48,045 - __main__ - INFO - [INFO] 2023-04-08 22:19:48.045121 Epoch [76/100] batch [385/391] loss 0.2407 lr 0.014644660940672643 acc 95.31% eta 0:13:30
2023-04-08 22:19:48,592 - __main__ - INFO - Computing epoch 76 validation accuracy...
2023-04-08 22:19:52,004 - __main__ - INFO - Computing epoch 76 validation loss...
2023-04-08 22:19:55,300 - __main__ - INFO - [INFO] 2023-04-08 22:19:55.300214 Epoch [77/100] batch [1/391] loss 0.7656 lr 0.013551568628929448 acc 92.19% eta 0:14:42
2023-04-08 22:20:07,189 - __main__ - INFO - [INFO] 2023-04-08 22:20:07.189157 Epoch [77/100] batch [129/391] loss 0.3337 lr 0.013551568628929448 acc 91.41% eta 0:13:11
2023-04-08 22:20:18,936 - __main__ - INFO - [INFO] 2023-04-08 22:20:18.936772 Epoch [77/100] batch [257/391] loss 0.3086 lr 0.013551568628929448 acc 91.41% eta 0:12:55
2023-04-08 22:20:30,859 - __main__ - INFO - [INFO] 2023-04-08 22:20:30.859303 Epoch [77/100] batch [385/391] loss 0.3198 lr 0.013551568628929448 acc 88.28% eta 0:12:46
2023-04-08 22:20:31,385 - __main__ - INFO - Computing epoch 77 validation accuracy...
2023-04-08 22:20:34,611 - __main__ - INFO - Computing epoch 77 validation loss...
2023-04-08 22:20:37,928 - __main__ - INFO - [INFO] 2023-04-08 22:20:37.928311 Epoch [78/100] batch [1/391] loss 0.2930 lr 0.012494446518477033 acc 92.19% eta 0:13:09
2023-04-08 22:20:49,922 - __main__ - INFO - [INFO] 2023-04-08 22:20:49.922439 Epoch [78/100] batch [129/391] loss 0.2566 lr 0.012494446518477033 acc 94.53% eta 0:12:45
2023-04-08 22:21:01,820 - __main__ - INFO - [INFO] 2023-04-08 22:21:01.820593 Epoch [78/100] batch [257/391] loss 0.2578 lr 0.012494446518477033 acc 93.75% eta 0:12:30
2023-04-08 22:21:13,667 - __main__ - INFO - [INFO] 2023-04-08 22:21:13.667198 Epoch [78/100] batch [385/391] loss 0.2062 lr 0.012494446518477033 acc 92.97% eta 0:12:17
2023-04-08 22:21:14,253 - __main__ - INFO - Computing epoch 78 validation accuracy...
2023-04-08 22:21:17,522 - __main__ - INFO - Computing epoch 78 validation loss...
2023-04-08 22:21:20,845 - __main__ - INFO - [INFO] 2023-04-08 22:21:20.845296 Epoch [79/100] batch [1/391] loss 0.1901 lr 0.011474337861210555 acc 95.31% eta 0:12:50
2023-04-08 22:21:32,573 - __main__ - INFO - [INFO] 2023-04-08 22:21:32.573482 Epoch [79/100] batch [129/391] loss 0.2854 lr 0.011474337861210555 acc 89.06% eta 0:11:55
2023-04-08 22:21:44,434 - __main__ - INFO - [INFO] 2023-04-08 22:21:44.433974 Epoch [79/100] batch [257/391] loss 0.2639 lr 0.011474337861210555 acc 89.84% eta 0:11:48
2023-04-08 22:21:56,439 - __main__ - INFO - [INFO] 2023-04-08 22:21:56.439105 Epoch [79/100] batch [385/391] loss 0.2062 lr 0.011474337861210555 acc 93.75% eta 0:11:41
2023-04-08 22:21:56,970 - __main__ - INFO - Computing epoch 79 validation accuracy...
2023-04-08 22:22:00,227 - __main__ - INFO - Computing epoch 79 validation loss...
2023-04-08 22:22:03,523 - __main__ - INFO - [INFO] 2023-04-08 22:22:03.523470 Epoch [80/100] batch [1/391] loss 0.7188 lr 0.01049224938121549 acc 85.16% eta 0:12:15
2023-04-08 22:22:15,654 - __main__ - INFO - [INFO] 2023-04-08 22:22:15.654189 Epoch [80/100] batch [129/391] loss 0.2040 lr 0.01049224938121549 acc 92.19% eta 0:11:45
2023-04-08 22:22:27,586 - __main__ - INFO - [INFO] 2023-04-08 22:22:27.586742 Epoch [80/100] batch [257/391] loss 0.1891 lr 0.01049224938121549 acc 95.31% eta 0:11:29
2023-04-08 22:22:39,494 - __main__ - INFO - [INFO] 2023-04-08 22:22:39.494569 Epoch [80/100] batch [385/391] loss 0.2371 lr 0.01049224938121549 acc 93.75% eta 0:11:15
2023-04-08 22:22:40,059 - __main__ - INFO - Computing epoch 80 validation accuracy...
2023-04-08 22:22:43,618 - __main__ - INFO - Computing epoch 80 validation loss...
2023-04-08 22:22:47,163 - __main__ - INFO - [INFO] 2023-04-08 22:22:47.163708 Epoch [81/100] batch [1/391] loss 0.2083 lr 0.009549150281252642 acc 93.75% eta 0:13:30
2023-04-08 22:22:59,117 - __main__ - INFO - [INFO] 2023-04-08 22:22:59.117694 Epoch [81/100] batch [129/391] loss 0.1877 lr 0.009549150281252642 acc 93.75% eta 0:11:02
2023-04-08 22:23:10,803 - __main__ - INFO - [INFO] 2023-04-08 22:23:10.802929 Epoch [81/100] batch [257/391] loss 0.2437 lr 0.009549150281252642 acc 92.97% eta 0:10:43
2023-04-08 22:23:22,562 - __main__ - INFO - [INFO] 2023-04-08 22:23:22.562595 Epoch [81/100] batch [385/391] loss 0.1396 lr 0.009549150281252642 acc 96.88% eta 0:10:30
2023-04-08 22:23:23,111 - __main__ - INFO - Computing epoch 81 validation accuracy...
2023-04-08 22:23:26,403 - __main__ - INFO - Computing epoch 81 validation loss...
2023-04-08 22:23:29,805 - __main__ - INFO - [INFO] 2023-04-08 22:23:29.805051 Epoch [82/100] batch [1/391] loss 0.1632 lr 0.008645971286271922 acc 92.97% eta 0:14:07
2023-04-08 22:23:42,053 - __main__ - INFO - [INFO] 2023-04-08 22:23:42.053130 Epoch [82/100] batch [129/391] loss 0.1740 lr 0.008645971286271922 acc 95.31% eta 0:10:45
2023-04-08 22:23:53,974 - __main__ - INFO - [INFO] 2023-04-08 22:23:53.973430 Epoch [82/100] batch [257/391] loss 0.2101 lr 0.008645971286271922 acc 95.31% eta 0:10:25
2023-04-08 22:24:05,762 - __main__ - INFO - [INFO] 2023-04-08 22:24:05.762323 Epoch [82/100] batch [385/391] loss 0.2866 lr 0.008645971286271922 acc 93.75% eta 0:10:08
2023-04-08 22:24:06,311 - __main__ - INFO - Computing epoch 82 validation accuracy...
2023-04-08 22:24:09,603 - __main__ - INFO - Computing epoch 82 validation loss...
2023-04-08 22:24:12,863 - __main__ - INFO - [INFO] 2023-04-08 22:24:12.863747 Epoch [83/100] batch [1/391] loss 0.6055 lr 0.007783603724899264 acc 93.75% eta 0:10:48
2023-04-08 22:24:24,746 - __main__ - INFO - [INFO] 2023-04-08 22:24:24.745896 Epoch [83/100] batch [129/391] loss 0.2725 lr 0.007783603724899264 acc 91.41% eta 0:09:51
2023-04-08 22:24:36,577 - __main__ - INFO - [INFO] 2023-04-08 22:24:36.577305 Epoch [83/100] batch [257/391] loss 0.3936 lr 0.007783603724899264 acc 87.50% eta 0:09:38
2023-04-08 22:24:48,562 - __main__ - INFO - [INFO] 2023-04-08 22:24:48.561881 Epoch [83/100] batch [385/391] loss 0.2460 lr 0.007783603724899264 acc 93.75% eta 0:09:29
2023-04-08 22:24:49,108 - __main__ - INFO - Computing epoch 83 validation accuracy...
2023-04-08 22:24:52,328 - __main__ - INFO - Computing epoch 83 validation loss...
2023-04-08 22:24:55,704 - __main__ - INFO - [INFO] 2023-04-08 22:24:55.704370 Epoch [84/100] batch [1/391] loss 0.2013 lr 0.006962898649802819 acc 94.53% eta 0:10:17
2023-04-08 22:25:07,604 - __main__ - INFO - [INFO] 2023-04-08 22:25:07.603893 Epoch [84/100] batch [129/391] loss 0.2625 lr 0.006962898649802819 acc 92.97% eta 0:09:18
2023-04-08 22:25:19,375 - __main__ - INFO - [INFO] 2023-04-08 22:25:19.375237 Epoch [84/100] batch [257/391] loss 0.2036 lr 0.006962898649802819 acc 91.41% eta 0:09:03
2023-04-08 22:25:31,343 - __main__ - INFO - [INFO] 2023-04-08 22:25:31.343642 Epoch [84/100] batch [385/391] loss 0.1716 lr 0.006962898649802819 acc 95.31% eta 0:08:55
2023-04-08 22:25:31,872 - __main__ - INFO - Computing epoch 84 validation accuracy...
2023-04-08 22:25:35,145 - __main__ - INFO - Computing epoch 84 validation loss...
2023-04-08 22:25:38,498 - __main__ - INFO - [INFO] 2023-04-08 22:25:38.498745 Epoch [85/100] batch [1/391] loss 0.2347 lr 0.0061846659978068265 acc 92.97% eta 0:09:50
2023-04-08 22:25:50,367 - __main__ - INFO - [INFO] 2023-04-08 22:25:50.367060 Epoch [85/100] batch [129/391] loss 0.2455 lr 0.0061846659978068265 acc 94.53% eta 0:08:42
2023-04-08 22:26:02,166 - __main__ - INFO - [INFO] 2023-04-08 22:26:02.165939 Epoch [85/100] batch [257/391] loss 0.2146 lr 0.0061846659978068265 acc 96.09% eta 0:08:30
2023-04-08 22:26:14,056 - __main__ - INFO - [INFO] 2023-04-08 22:26:14.056638 Epoch [85/100] batch [385/391] loss 0.1565 lr 0.0061846659978068265 acc 96.09% eta 0:08:20
2023-04-08 22:26:14,586 - __main__ - INFO - Computing epoch 85 validation accuracy...
2023-04-08 22:26:17,841 - __main__ - INFO - Computing epoch 85 validation loss...
2023-04-08 22:26:21,333 - __main__ - INFO - [INFO] 2023-04-08 22:26:21.332989 Epoch [86/100] batch [1/391] loss 0.1636 lr 0.005449673790581615 acc 94.53% eta 0:09:22
2023-04-08 22:26:33,230 - __main__ - INFO - [INFO] 2023-04-08 22:26:33.229902 Epoch [86/100] batch [129/391] loss 0.2407 lr 0.005449673790581615 acc 92.97% eta 0:08:11
2023-04-08 22:26:44,981 - __main__ - INFO - [INFO] 2023-04-08 22:26:44.981725 Epoch [86/100] batch [257/391] loss 0.1746 lr 0.005449673790581615 acc 94.53% eta 0:07:57
2023-04-08 22:26:56,874 - __main__ - INFO - [INFO] 2023-04-08 22:26:56.874326 Epoch [86/100] batch [385/391] loss 0.2462 lr 0.005449673790581615 acc 92.19% eta 0:07:47
2023-04-08 22:26:57,461 - __main__ - INFO - Computing epoch 86 validation accuracy...
2023-04-08 22:27:00,718 - __main__ - INFO - Computing epoch 86 validation loss...
2023-04-08 22:27:03,957 - __main__ - INFO - [INFO] 2023-04-08 22:27:03.957162 Epoch [87/100] batch [1/391] loss 0.5410 lr 0.004758647376699036 acc 95.31% eta 0:08:31
2023-04-08 22:27:15,918 - __main__ - INFO - [INFO] 2023-04-08 22:27:15.918087 Epoch [87/100] batch [129/391] loss 0.1628 lr 0.004758647376699036 acc 96.88% eta 0:07:40
2023-04-08 22:27:27,989 - __main__ - INFO - [INFO] 2023-04-08 22:27:27.989348 Epoch [87/100] batch [257/391] loss 0.1388 lr 0.004758647376699036 acc 97.66% eta 0:07:31
2023-04-08 22:27:39,752 - __main__ - INFO - [INFO] 2023-04-08 22:27:39.752643 Epoch [87/100] batch [385/391] loss 0.0787 lr 0.004758647376699036 acc 97.66% eta 0:07:16
2023-04-08 22:27:40,332 - __main__ - INFO - Computing epoch 87 validation accuracy...
2023-04-08 22:27:43,592 - __main__ - INFO - Computing epoch 87 validation loss...
2023-04-08 22:27:46,935 - __main__ - INFO - [INFO] 2023-04-08 22:27:46.934856 Epoch [88/100] batch [1/391] loss 0.5820 lr 0.004112268715800957 acc 93.75% eta 0:07:53
2023-04-08 22:27:58,783 - __main__ - INFO - [INFO] 2023-04-08 22:27:58.783640 Epoch [88/100] batch [129/391] loss 0.2251 lr 0.004112268715800957 acc 92.19% eta 0:07:00
2023-04-08 22:28:10,705 - __main__ - INFO - [INFO] 2023-04-08 22:28:10.705065 Epoch [88/100] batch [257/391] loss 0.2053 lr 0.004112268715800957 acc 93.75% eta 0:06:51
2023-04-08 22:28:22,728 - __main__ - INFO - [INFO] 2023-04-08 22:28:22.728570 Epoch [88/100] batch [385/391] loss 0.1483 lr 0.004112268715800957 acc 94.53% eta 0:06:42
2023-04-08 22:28:23,263 - __main__ - INFO - Computing epoch 88 validation accuracy...
2023-04-08 22:28:26,464 - __main__ - INFO - Computing epoch 88 validation loss...
2023-04-08 22:28:29,811 - __main__ - INFO - [INFO] 2023-04-08 22:28:29.811816 Epoch [89/100] batch [1/391] loss 0.1559 lr 0.003511175705587435 acc 96.09% eta 0:08:17
2023-04-08 22:28:41,705 - __main__ - INFO - [INFO] 2023-04-08 22:28:41.705438 Epoch [89/100] batch [129/391] loss 0.1624 lr 0.003511175705587435 acc 92.97% eta 0:06:30
2023-04-08 22:28:53,727 - __main__ - INFO - [INFO] 2023-04-08 22:28:53.727716 Epoch [89/100] batch [257/391] loss 0.1744 lr 0.003511175705587435 acc 95.31% eta 0:06:21
2023-04-08 22:29:05,784 - __main__ - INFO - [INFO] 2023-04-08 22:29:05.783844 Epoch [89/100] batch [385/391] loss 0.1650 lr 0.003511175705587435 acc 94.53% eta 0:06:11
2023-04-08 22:29:06,331 - __main__ - INFO - Computing epoch 89 validation accuracy...
2023-04-08 22:29:09,622 - __main__ - INFO - Computing epoch 89 validation loss...
2023-04-08 22:29:12,966 - __main__ - INFO - [INFO] 2023-04-08 22:29:12.966276 Epoch [90/100] batch [1/391] loss 0.2166 lr 0.0029559615522887295 acc 92.97% eta 0:06:32
2023-04-08 22:29:24,943 - __main__ - INFO - [INFO] 2023-04-08 22:29:24.943434 Epoch [90/100] batch [129/391] loss 0.1365 lr 0.0029559615522887295 acc 97.66% eta 0:06:00
2023-04-08 22:29:36,664 - __main__ - INFO - [INFO] 2023-04-08 22:29:36.663851 Epoch [90/100] batch [257/391] loss 0.1710 lr 0.0029559615522887295 acc 95.31% eta 0:05:44
2023-04-08 22:29:48,556 - __main__ - INFO - [INFO] 2023-04-08 22:29:48.556227 Epoch [90/100] batch [385/391] loss 0.1366 lr 0.0029559615522887295 acc 94.53% eta 0:05:34
2023-04-08 22:29:49,093 - __main__ - INFO - Computing epoch 90 validation accuracy...
2023-04-08 22:29:52,358 - __main__ - INFO - Computing epoch 90 validation loss...
2023-04-08 22:29:55,691 - __main__ - INFO - [INFO] 2023-04-08 22:29:55.690934 Epoch [91/100] batch [1/391] loss 0.6143 lr 0.0024471741852423253 acc 92.97% eta 0:05:50
2023-04-08 22:30:07,594 - __main__ - INFO - [INFO] 2023-04-08 22:30:07.593875 Epoch [91/100] batch [129/391] loss 0.2401 lr 0.0024471741852423253 acc 93.75% eta 0:05:22
2023-04-08 22:30:19,765 - __main__ - INFO - [INFO] 2023-04-08 22:30:19.765622 Epoch [91/100] batch [257/391] loss 0.1163 lr 0.0024471741852423253 acc 96.88% eta 0:05:15
2023-04-08 22:30:31,678 - __main__ - INFO - [INFO] 2023-04-08 22:30:31.678027 Epoch [91/100] batch [385/391] loss 0.1907 lr 0.0024471741852423253 acc 94.53% eta 0:05:03
2023-04-08 22:30:32,207 - __main__ - INFO - Computing epoch 91 validation accuracy...
2023-04-08 22:30:35,438 - __main__ - INFO - Computing epoch 91 validation loss...
2023-04-08 22:30:38,783 - __main__ - INFO - [INFO] 2023-04-08 22:30:38.782952 Epoch [92/100] batch [1/391] loss 0.4795 lr 0.0019853157161528537 acc 96.88% eta 0:05:13
2023-04-08 22:30:50,849 - __main__ - INFO - [INFO] 2023-04-08 22:30:50.849255 Epoch [92/100] batch [129/391] loss 0.1437 lr 0.0019853157161528537 acc 96.09% eta 0:04:54
2023-04-08 22:31:02,960 - __main__ - INFO - [INFO] 2023-04-08 22:31:02.959978 Epoch [92/100] batch [257/391] loss 0.1477 lr 0.0019853157161528537 acc 98.44% eta 0:04:43
2023-04-08 22:31:14,812 - __main__ - INFO - [INFO] 2023-04-08 22:31:14.812343 Epoch [92/100] batch [385/391] loss 0.3127 lr 0.0019853157161528537 acc 91.41% eta 0:04:30
2023-04-08 22:31:15,337 - __main__ - INFO - Computing epoch 92 validation accuracy...
2023-04-08 22:31:18,642 - __main__ - INFO - Computing epoch 92 validation loss...
2023-04-08 22:31:22,010 - __main__ - INFO - [INFO] 2023-04-08 22:31:22.009922 Epoch [93/100] batch [1/391] loss 0.5498 lr 0.0015708419435684529 acc 95.31% eta 0:04:46
2023-04-08 22:31:34,000 - __main__ - INFO - [INFO] 2023-04-08 22:31:34.000426 Epoch [93/100] batch [129/391] loss 0.1449 lr 0.0015708419435684529 acc 94.53% eta 0:04:18
2023-04-08 22:31:45,724 - __main__ - INFO - [INFO] 2023-04-08 22:31:45.723933 Epoch [93/100] batch [257/391] loss 0.1115 lr 0.0015708419435684529 acc 96.88% eta 0:04:04
2023-04-08 22:31:57,686 - __main__ - INFO - [INFO] 2023-04-08 22:31:57.685967 Epoch [93/100] batch [385/391] loss 0.1252 lr 0.0015708419435684529 acc 97.66% eta 0:03:54
2023-04-08 22:31:58,222 - __main__ - INFO - Computing epoch 93 validation accuracy...
2023-04-08 22:32:01,479 - __main__ - INFO - Computing epoch 93 validation loss...
2023-04-08 22:32:04,770 - __main__ - INFO - [INFO] 2023-04-08 22:32:04.770527 Epoch [94/100] batch [1/391] loss 0.5391 lr 0.0012041619030626347 acc 96.88% eta 0:04:25
2023-04-08 22:32:16,730 - __main__ - INFO - [INFO] 2023-04-08 22:32:16.730684 Epoch [94/100] batch [129/391] loss 0.1292 lr 0.0012041619030626347 acc 95.31% eta 0:03:43
2023-04-08 22:32:28,688 - __main__ - INFO - [INFO] 2023-04-08 22:32:28.688503 Epoch [94/100] batch [257/391] loss 0.1263 lr 0.0012041619030626347 acc 96.09% eta 0:03:32
2023-04-08 22:32:40,537 - __main__ - INFO - [INFO] 2023-04-08 22:32:40.537085 Epoch [94/100] batch [385/391] loss 0.1516 lr 0.0012041619030626347 acc 95.31% eta 0:03:21
2023-04-08 22:32:41,085 - __main__ - INFO - Computing epoch 94 validation accuracy...
2023-04-08 22:32:44,337 - __main__ - INFO - Computing epoch 94 validation loss...
2023-04-08 22:32:47,648 - __main__ - INFO - [INFO] 2023-04-08 22:32:47.648111 Epoch [95/100] batch [1/391] loss 0.1055 lr 0.0008856374635655646 acc 96.09% eta 0:03:36
2023-04-08 22:32:59,568 - __main__ - INFO - [INFO] 2023-04-08 22:32:59.568775 Epoch [95/100] batch [129/391] loss 0.1344 lr 0.0008856374635655646 acc 95.31% eta 0:03:10
2023-04-08 22:33:11,495 - __main__ - INFO - [INFO] 2023-04-08 22:33:11.494960 Epoch [95/100] batch [257/391] loss 0.0739 lr 0.0008856374635655646 acc 97.66% eta 0:02:59
2023-04-08 22:33:23,377 - __main__ - INFO - [INFO] 2023-04-08 22:33:23.377488 Epoch [95/100] batch [385/391] loss 0.1101 lr 0.0008856374635655646 acc 97.66% eta 0:02:48
2023-04-08 22:33:23,910 - __main__ - INFO - Computing epoch 95 validation accuracy...
2023-04-08 22:33:27,131 - __main__ - INFO - Computing epoch 95 validation loss...
2023-04-08 22:33:30,470 - __main__ - INFO - [INFO] 2023-04-08 22:33:30.470350 Epoch [96/100] batch [1/391] loss 0.5249 lr 0.0006155829702431174 acc 96.09% eta 0:03:01
2023-04-08 22:33:42,554 - __main__ - INFO - [INFO] 2023-04-08 22:33:42.554075 Epoch [96/100] batch [129/391] loss 0.1526 lr 0.0006155829702431174 acc 95.31% eta 0:02:38
2023-04-08 22:33:54,732 - __main__ - INFO - [INFO] 2023-04-08 22:33:54.732162 Epoch [96/100] batch [257/391] loss 0.1393 lr 0.0006155829702431174 acc 96.09% eta 0:02:28
2023-04-08 22:34:06,473 - __main__ - INFO - [INFO] 2023-04-08 22:34:06.473619 Epoch [96/100] batch [385/391] loss 0.1838 lr 0.0006155829702431174 acc 95.31% eta 0:02:15
2023-04-08 22:34:06,990 - __main__ - INFO - Computing epoch 96 validation accuracy...
2023-04-08 22:34:10,226 - __main__ - INFO - Computing epoch 96 validation loss...
2023-04-08 22:34:13,499 - __main__ - INFO - [INFO] 2023-04-08 22:34:13.498947 Epoch [97/100] batch [1/391] loss 0.1368 lr 0.00039426493427611206 acc 94.53% eta 0:02:25
2023-04-08 22:34:25,394 - __main__ - INFO - [INFO] 2023-04-08 22:34:25.394119 Epoch [97/100] batch [129/391] loss 0.1317 lr 0.00039426493427611206 acc 95.31% eta 0:02:02
2023-04-08 22:34:37,328 - __main__ - INFO - [INFO] 2023-04-08 22:34:37.328053 Epoch [97/100] batch [257/391] loss 0.1130 lr 0.00039426493427611206 acc 95.31% eta 0:01:51
2023-04-08 22:34:49,215 - __main__ - INFO - [INFO] 2023-04-08 22:34:49.215306 Epoch [97/100] batch [385/391] loss 0.1036 lr 0.00039426493427611206 acc 96.88% eta 0:01:40
2023-04-08 22:34:49,736 - __main__ - INFO - Computing epoch 97 validation accuracy...
2023-04-08 22:34:52,974 - __main__ - INFO - Computing epoch 97 validation loss...
2023-04-08 22:34:56,552 - __main__ - INFO - [INFO] 2023-04-08 22:34:56.552652 Epoch [98/100] batch [1/391] loss 0.5068 lr 0.00022190176984600036 acc 92.97% eta 0:02:04
2023-04-08 22:35:08,413 - __main__ - INFO - [INFO] 2023-04-08 22:35:08.413795 Epoch [98/100] batch [129/391] loss 0.1085 lr 0.00022190176984600036 acc 96.88% eta 0:01:29
2023-04-08 22:35:20,228 - __main__ - INFO - [INFO] 2023-04-08 22:35:20.228753 Epoch [98/100] batch [257/391] loss 0.1080 lr 0.00022190176984600036 acc 96.09% eta 0:01:18
2023-04-08 22:35:32,209 - __main__ - INFO - [INFO] 2023-04-08 22:35:32.209311 Epoch [98/100] batch [385/391] loss 0.1370 lr 0.00022190176984600036 acc 95.31% eta 0:01:07
2023-04-08 22:35:32,729 - __main__ - INFO - Computing epoch 98 validation accuracy...
2023-04-08 22:35:36,075 - __main__ - INFO - Computing epoch 98 validation loss...
2023-04-08 22:35:39,484 - __main__ - INFO - [INFO] 2023-04-08 22:35:39.484000 Epoch [99/100] batch [1/391] loss 0.4905 lr 9.866357858642213e-05 acc 96.88% eta 0:01:16
2023-04-08 22:35:51,570 - __main__ - INFO - [INFO] 2023-04-08 22:35:51.570264 Epoch [99/100] batch [129/391] loss 0.1353 lr 9.866357858642213e-05 acc 97.66% eta 0:00:56
2023-04-08 22:36:03,390 - __main__ - INFO - [INFO] 2023-04-08 22:36:03.390048 Epoch [99/100] batch [257/391] loss 0.1288 lr 9.866357858642213e-05 acc 96.88% eta 0:00:45
2023-04-08 22:36:15,052 - __main__ - INFO - [INFO] 2023-04-08 22:36:15.052640 Epoch [99/100] batch [385/391] loss 0.1160 lr 9.866357858642213e-05 acc 94.53% eta 0:00:33
2023-04-08 22:36:15,645 - __main__ - INFO - Computing epoch 99 validation accuracy...
2023-04-08 22:36:18,980 - __main__ - INFO - Computing epoch 99 validation loss...
2023-04-08 22:36:22,416 - __main__ - INFO - [INFO] 2023-04-08 22:36:22.416666 Epoch [100/100] batch [1/391] loss 0.5815 lr 2.4671981713420017e-05 acc 93.75% eta 0:00:40
2023-04-08 22:36:34,652 - __main__ - INFO - [INFO] 2023-04-08 22:36:34.651796 Epoch [100/100] batch [129/391] loss 0.1304 lr 2.4671981713420017e-05 acc 94.53% eta 0:00:23
2023-04-08 22:36:46,455 - __main__ - INFO - [INFO] 2023-04-08 22:36:46.455439 Epoch [100/100] batch [257/391] loss 0.1821 lr 2.4671981713420017e-05 acc 95.31% eta 0:00:11
2023-04-08 22:36:58,616 - __main__ - INFO - [INFO] 2023-04-08 22:36:58.616396 Epoch [100/100] batch [385/391] loss 0.1044 lr 2.4671981713420017e-05 acc 94.53% eta 0:00:00
2023-04-08 22:36:59,162 - __main__ - INFO - Computing epoch 100 validation accuracy...
2023-04-08 22:37:02,378 - __main__ - INFO - Computing epoch 100 validation loss...
2023-04-08 22:37:05,677 - __main__ - INFO - Reading testing data set cifar10
2023-04-08 22:37:06,392 - __main__ - INFO - Loading trained model...
2023-04-08 22:37:10,008 - __main__ - INFO - Testing acc : 91.92%.
