2023-04-09 23:24:47,312 - __main__ - INFO - 

2023-04-09 23:24:47,312 - __main__ - INFO - ***************
2023-04-09 23:24:47,312 - __main__ - INFO - ** Arguments **
2023-04-09 23:24:47,312 - __main__ - INFO - ***************
2023-04-09 23:24:47,312 - __main__ - INFO - backbone: resnet56
2023-04-09 23:24:47,312 - __main__ - INFO - dataname: cifar10
2023-04-09 23:24:47,313 - __main__ - INFO - drop_method: db
2023-04-09 23:24:47,313 - __main__ - INFO - drop_rate: 0.3
2023-04-09 23:24:47,313 - __main__ - INFO - eval_only: 0
2023-04-09 23:24:47,313 - __main__ - INFO - output_path: checkpoints/cifar10/resnet56/drop_db/rate_0.3/seed1
2023-04-09 23:24:47,313 - __main__ - INFO - part_rate: 0.1
2023-04-09 23:24:47,313 - __main__ - INFO - seed: 1
2023-04-09 23:24:47,313 - __main__ - INFO - weight_decay: 0.0005
2023-04-09 23:24:47,313 - __main__ - INFO - ************
2023-04-09 23:24:47,313 - __main__ - INFO - ** Config **
2023-04-09 23:24:47,313 - __main__ - INFO - ************
2023-04-09 23:24:47,313 - __main__ - INFO - {'DATALOADER': {'PATH': './data', 'DATANAME': 'cifar10', 'BATCH_SIZE': 128, 'NUM_CLASSES': 10}, 'INPUT': {'SIZE': [32, 32], 'PIXEL_MEAN': [0.4914, 0.4822, 0.4465], 'PIXEL_STD': [0.2023, 0.1994, 0.201]}, 'OUTPUT': {'DIR': 'checkpoints/cifar10/resnet56/drop_db/rate_0.3/seed1'}, 'SEED': 1, 'OPTIM': {'LR': 0.1, 'MAX_EPOCH': 100, 'LR_SCHEDULER': 'step', 'LR_MILESTONES': [20, 40, 80, 120, 140], 'LR_DECAY': 0.2, 'PART_RATE': 0.1, 'WEIGHT_DECAY': 0.0005, 'DROP_RATE': 0.3, 'DROP_METHOD': 'db', 'BLOCK_SIZE': 7}, 'MODEL': {'BACKBONE': 'resnet56'}}
2023-04-09 23:24:47,325 - __main__ - INFO - Reading training data set cifar10
2023-04-09 23:24:49,015 - __main__ - INFO - Loading raw model
2023-04-09 23:24:52,312 - __main__ - INFO - 
Saving everything to checkpoints/cifar10/resnet56/drop_db/rate_0.3/seed1
2023-04-09 23:24:52,313 - __main__ - INFO - Start training...
2023-04-09 23:24:57,631 - __main__ - INFO - [INFO] 2023-04-09 23:24:57.631838 Epoch [1/100] batch [1/391] loss 5.6211 lr 0.1 acc 12.50% eta 2 days, 9:33:35
2023-04-09 23:25:14,619 - __main__ - INFO - [INFO] 2023-04-09 23:25:14.618881 Epoch [1/100] batch [129/391] loss 1.9111 lr 0.1 acc 27.34% eta 1:41:04
2023-04-09 23:25:31,483 - __main__ - INFO - [INFO] 2023-04-09 23:25:31.483759 Epoch [1/100] batch [257/391] loss 1.6309 lr 0.1 acc 37.50% eta 1:27:30
2023-04-09 23:25:48,412 - __main__ - INFO - [INFO] 2023-04-09 23:25:48.412438 Epoch [1/100] batch [385/391] loss 1.6289 lr 0.1 acc 35.16% eta 1:22:53
2023-04-09 23:25:49,246 - __main__ - INFO - Computing epoch 1 validation accuracy...
2023-04-09 23:25:53,140 - __main__ - INFO - Computing epoch 1 validation loss...
2023-04-09 23:25:57,383 - __main__ - INFO - [INFO] 2023-04-09 23:25:57.383062 Epoch [2/100] batch [1/391] loss 1.7002 lr 0.09997532801828658 acc 46.88% eta 1:17:06
2023-04-09 23:26:14,310 - __main__ - INFO - [INFO] 2023-04-09 23:26:14.309949 Epoch [2/100] batch [129/391] loss 1.7139 lr 0.09997532801828658 acc 32.81% eta 1:14:08
2023-04-09 23:26:31,740 - __main__ - INFO - [INFO] 2023-04-09 23:26:31.740161 Epoch [2/100] batch [257/391] loss 1.4580 lr 0.09997532801828658 acc 46.88% eta 1:15:03
2023-04-09 23:26:48,873 - __main__ - INFO - [INFO] 2023-04-09 23:26:48.873730 Epoch [2/100] batch [385/391] loss 1.4043 lr 0.09997532801828658 acc 55.47% eta 1:14:48
2023-04-09 23:26:49,673 - __main__ - INFO - Computing epoch 2 validation accuracy...
2023-04-09 23:26:53,557 - __main__ - INFO - Computing epoch 2 validation loss...
2023-04-09 23:26:57,616 - __main__ - INFO - [INFO] 2023-04-09 23:26:57.616638 Epoch [3/100] batch [1/391] loss 1.3184 lr 0.09990133642141358 acc 49.22% eta 1:16:32
2023-04-09 23:27:14,605 - __main__ - INFO - [INFO] 2023-04-09 23:27:14.605381 Epoch [3/100] batch [129/391] loss 1.3203 lr 0.09990133642141358 acc 57.81% eta 1:13:31
2023-04-09 23:27:32,038 - __main__ - INFO - [INFO] 2023-04-09 23:27:32.038029 Epoch [3/100] batch [257/391] loss 1.4238 lr 0.09990133642141358 acc 42.19% eta 1:14:26
2023-04-09 23:27:49,111 - __main__ - INFO - [INFO] 2023-04-09 23:27:49.111345 Epoch [3/100] batch [385/391] loss 1.1670 lr 0.09990133642141358 acc 59.38% eta 1:14:02
2023-04-09 23:27:49,943 - __main__ - INFO - Computing epoch 3 validation accuracy...
2023-04-09 23:27:54,075 - __main__ - INFO - Computing epoch 3 validation loss...
2023-04-09 23:27:58,180 - __main__ - INFO - [INFO] 2023-04-09 23:27:58.180300 Epoch [4/100] batch [1/391] loss 1.1475 lr 0.099778098230154 acc 56.25% eta 1:20:05
2023-04-09 23:28:15,580 - __main__ - INFO - [INFO] 2023-04-09 23:28:15.580742 Epoch [4/100] batch [129/391] loss 1.1895 lr 0.099778098230154 acc 55.47% eta 1:15:02
2023-04-09 23:28:32,775 - __main__ - INFO - [INFO] 2023-04-09 23:28:32.774977 Epoch [4/100] batch [257/391] loss 1.3896 lr 0.099778098230154 acc 46.09% eta 1:14:21
2023-04-09 23:28:49,998 - __main__ - INFO - [INFO] 2023-04-09 23:28:49.997951 Epoch [4/100] batch [385/391] loss 1.1113 lr 0.099778098230154 acc 48.44% eta 1:13:59
2023-04-09 23:28:50,763 - __main__ - INFO - Computing epoch 4 validation accuracy...
2023-04-09 23:28:54,629 - __main__ - INFO - Computing epoch 4 validation loss...
2023-04-09 23:28:58,738 - __main__ - INFO - [INFO] 2023-04-09 23:28:58.738773 Epoch [5/100] batch [1/391] loss 0.9644 lr 0.0996057350657239 acc 63.28% eta 1:14:52
2023-04-09 23:29:15,817 - __main__ - INFO - [INFO] 2023-04-09 23:29:15.816887 Epoch [5/100] batch [129/391] loss 1.2578 lr 0.0996057350657239 acc 57.81% eta 1:12:37
2023-04-09 23:29:33,004 - __main__ - INFO - [INFO] 2023-04-09 23:29:33.004161 Epoch [5/100] batch [257/391] loss 0.9409 lr 0.0996057350657239 acc 71.09% eta 1:12:42
2023-04-09 23:29:50,226 - __main__ - INFO - [INFO] 2023-04-09 23:29:50.226459 Epoch [5/100] batch [385/391] loss 0.9780 lr 0.0996057350657239 acc 59.38% eta 1:12:35
2023-04-09 23:29:51,024 - __main__ - INFO - Computing epoch 5 validation accuracy...
2023-04-09 23:29:55,093 - __main__ - INFO - Computing epoch 5 validation loss...
2023-04-09 23:29:59,132 - __main__ - INFO - [INFO] 2023-04-09 23:29:59.132142 Epoch [6/100] batch [1/391] loss 0.8276 lr 0.09938441702975688 acc 75.78% eta 1:11:47
2023-04-09 23:30:16,137 - __main__ - INFO - [INFO] 2023-04-09 23:30:16.136846 Epoch [6/100] batch [129/391] loss 1.1357 lr 0.09938441702975688 acc 61.72% eta 1:11:29
2023-04-09 23:30:33,255 - __main__ - INFO - [INFO] 2023-04-09 23:30:33.255426 Epoch [6/100] batch [257/391] loss 0.9067 lr 0.09938441702975688 acc 60.94% eta 1:11:30
2023-04-09 23:30:50,662 - __main__ - INFO - [INFO] 2023-04-09 23:30:50.662053 Epoch [6/100] batch [385/391] loss 0.8975 lr 0.09938441702975688 acc 57.81% eta 1:11:50
2023-04-09 23:30:51,442 - __main__ - INFO - Computing epoch 6 validation accuracy...
2023-04-09 23:30:55,307 - __main__ - INFO - Computing epoch 6 validation loss...
2023-04-09 23:30:59,477 - __main__ - INFO - [INFO] 2023-04-09 23:30:59.477052 Epoch [7/100] batch [1/391] loss 0.9604 lr 0.09911436253643444 acc 64.84% eta 1:23:53
2023-04-09 23:31:16,590 - __main__ - INFO - [INFO] 2023-04-09 23:31:16.590155 Epoch [7/100] batch [129/391] loss 0.6855 lr 0.09911436253643444 acc 68.75% eta 1:11:29
2023-04-09 23:31:34,455 - __main__ - INFO - [INFO] 2023-04-09 23:31:34.454977 Epoch [7/100] batch [257/391] loss 0.7944 lr 0.09911436253643444 acc 66.41% eta 1:12:56
2023-04-09 23:31:51,758 - __main__ - INFO - [INFO] 2023-04-09 23:31:51.758249 Epoch [7/100] batch [385/391] loss 0.8091 lr 0.09911436253643444 acc 69.53% eta 1:12:23
2023-04-09 23:31:52,515 - __main__ - INFO - Computing epoch 7 validation accuracy...
2023-04-09 23:31:56,461 - __main__ - INFO - Computing epoch 7 validation loss...
2023-04-09 23:32:00,581 - __main__ - INFO - [INFO] 2023-04-09 23:32:00.581129 Epoch [8/100] batch [1/391] loss 0.8579 lr 0.09879583809693737 acc 64.06% eta 1:17:02
2023-04-09 23:32:17,756 - __main__ - INFO - [INFO] 2023-04-09 23:32:17.756191 Epoch [8/100] batch [129/391] loss 0.9204 lr 0.09879583809693737 acc 68.75% eta 1:10:53
2023-04-09 23:32:35,032 - __main__ - INFO - [INFO] 2023-04-09 23:32:35.032222 Epoch [8/100] batch [257/391] loss 0.8867 lr 0.09879583809693737 acc 65.62% eta 1:10:47
2023-04-09 23:32:52,291 - __main__ - INFO - [INFO] 2023-04-09 23:32:52.291312 Epoch [8/100] batch [385/391] loss 0.9185 lr 0.09879583809693737 acc 58.59% eta 1:10:36
2023-04-09 23:32:53,083 - __main__ - INFO - Computing epoch 8 validation accuracy...
2023-04-09 23:32:57,039 - __main__ - INFO - Computing epoch 8 validation loss...
2023-04-09 23:33:01,123 - __main__ - INFO - [INFO] 2023-04-09 23:33:01.123106 Epoch [9/100] batch [1/391] loss 0.6528 lr 0.09842915805643156 acc 71.09% eta 1:12:03
2023-04-09 23:33:18,380 - __main__ - INFO - [INFO] 2023-04-09 23:33:18.380541 Epoch [9/100] batch [129/391] loss 0.6904 lr 0.09842915805643156 acc 76.56% eta 1:10:18
2023-04-09 23:33:36,488 - __main__ - INFO - [INFO] 2023-04-09 23:33:36.487763 Epoch [9/100] batch [257/391] loss 0.6606 lr 0.09842915805643156 acc 73.44% eta 1:11:46
2023-04-09 23:33:54,114 - __main__ - INFO - [INFO] 2023-04-09 23:33:54.114396 Epoch [9/100] batch [385/391] loss 0.7129 lr 0.09842915805643156 acc 76.56% eta 1:11:24
2023-04-09 23:33:54,911 - __main__ - INFO - Computing epoch 9 validation accuracy...
2023-04-09 23:33:59,096 - __main__ - INFO - Computing epoch 9 validation loss...
2023-04-09 23:34:03,487 - __main__ - INFO - [INFO] 2023-04-09 23:34:03.486972 Epoch [10/100] batch [1/391] loss 0.7485 lr 0.09801468428384716 acc 71.88% eta 1:15:55
2023-04-09 23:34:21,339 - __main__ - INFO - [INFO] 2023-04-09 23:34:21.339071 Epoch [10/100] batch [129/391] loss 0.7642 lr 0.09801468428384716 acc 64.84% eta 1:12:04
2023-04-09 23:34:38,782 - __main__ - INFO - [INFO] 2023-04-09 23:34:38.782228 Epoch [10/100] batch [257/391] loss 0.7285 lr 0.09801468428384716 acc 62.50% eta 1:10:55
2023-04-09 23:34:56,302 - __main__ - INFO - [INFO] 2023-04-09 23:34:56.302811 Epoch [10/100] batch [385/391] loss 0.7061 lr 0.09801468428384716 acc 75.78% eta 1:10:30
2023-04-09 23:34:57,092 - __main__ - INFO - Computing epoch 10 validation accuracy...
2023-04-09 23:35:01,181 - __main__ - INFO - Computing epoch 10 validation loss...
2023-04-09 23:35:05,510 - __main__ - INFO - [INFO] 2023-04-09 23:35:05.510164 Epoch [11/100] batch [1/391] loss 0.7773 lr 0.09755282581475769 acc 68.75% eta 1:11:12
2023-04-09 23:35:23,172 - __main__ - INFO - [INFO] 2023-04-09 23:35:23.171907 Epoch [11/100] batch [129/391] loss 0.7280 lr 0.09755282581475769 acc 72.66% eta 1:10:08
2023-04-09 23:35:40,906 - __main__ - INFO - [INFO] 2023-04-09 23:35:40.906016 Epoch [11/100] batch [257/391] loss 0.9043 lr 0.09755282581475769 acc 54.69% eta 1:10:11
2023-04-09 23:35:58,878 - __main__ - INFO - [INFO] 2023-04-09 23:35:58.878312 Epoch [11/100] batch [385/391] loss 0.6558 lr 0.09755282581475769 acc 77.34% eta 1:10:15
2023-04-09 23:35:59,720 - __main__ - INFO - Computing epoch 11 validation accuracy...
2023-04-09 23:36:03,946 - __main__ - INFO - Computing epoch 11 validation loss...
2023-04-09 23:36:08,412 - __main__ - INFO - [INFO] 2023-04-09 23:36:08.412202 Epoch [12/100] batch [1/391] loss 0.7715 lr 0.09704403844771128 acc 71.88% eta 1:12:26
2023-04-09 23:36:25,838 - __main__ - INFO - [INFO] 2023-04-09 23:36:25.838179 Epoch [12/100] batch [129/391] loss 0.5562 lr 0.09704403844771128 acc 84.38% eta 1:08:35
2023-04-09 23:36:43,434 - __main__ - INFO - [INFO] 2023-04-09 23:36:43.434305 Epoch [12/100] batch [257/391] loss 0.7886 lr 0.09704403844771128 acc 56.25% eta 1:08:38
2023-04-09 23:37:00,750 - __main__ - INFO - [INFO] 2023-04-09 23:37:00.750505 Epoch [12/100] batch [385/391] loss 0.6909 lr 0.09704403844771128 acc 64.84% eta 1:08:07
2023-04-09 23:37:01,554 - __main__ - INFO - Computing epoch 12 validation accuracy...
2023-04-09 23:37:05,690 - __main__ - INFO - Computing epoch 12 validation loss...
2023-04-09 23:37:09,968 - __main__ - INFO - [INFO] 2023-04-09 23:37:09.968536 Epoch [13/100] batch [1/391] loss 0.6748 lr 0.09648882429441258 acc 63.28% eta 1:13:00
2023-04-09 23:37:27,436 - __main__ - INFO - [INFO] 2023-04-09 23:37:27.436056 Epoch [13/100] batch [129/391] loss 0.6455 lr 0.09648882429441258 acc 80.47% eta 1:08:01
2023-04-09 23:37:45,257 - __main__ - INFO - [INFO] 2023-04-09 23:37:45.257658 Epoch [13/100] batch [257/391] loss 0.5791 lr 0.09648882429441258 acc 79.69% eta 1:08:21
2023-04-09 23:38:02,803 - __main__ - INFO - [INFO] 2023-04-09 23:38:02.803596 Epoch [13/100] batch [385/391] loss 0.5757 lr 0.09648882429441258 acc 70.31% eta 1:08:00
2023-04-09 23:38:03,583 - __main__ - INFO - Computing epoch 13 validation accuracy...
2023-04-09 23:38:07,812 - __main__ - INFO - Computing epoch 13 validation loss...
2023-04-09 23:38:12,169 - __main__ - INFO - [INFO] 2023-04-09 23:38:12.169161 Epoch [14/100] batch [1/391] loss 0.8276 lr 0.09588773128419906 acc 77.34% eta 1:12:35
2023-04-09 23:38:29,841 - __main__ - INFO - [INFO] 2023-04-09 23:38:29.841419 Epoch [14/100] batch [129/391] loss 0.6079 lr 0.09588773128419906 acc 71.88% eta 1:08:02
2023-04-09 23:38:47,299 - __main__ - INFO - [INFO] 2023-04-09 23:38:47.299527 Epoch [14/100] batch [257/391] loss 0.7983 lr 0.09588773128419906 acc 63.28% eta 1:07:22
2023-04-09 23:39:04,894 - __main__ - INFO - [INFO] 2023-04-09 23:39:04.894776 Epoch [14/100] batch [385/391] loss 0.6523 lr 0.09588773128419906 acc 64.84% eta 1:07:10
2023-04-09 23:39:05,702 - __main__ - INFO - Computing epoch 14 validation accuracy...
2023-04-09 23:39:10,045 - __main__ - INFO - Computing epoch 14 validation loss...
2023-04-09 23:39:14,396 - __main__ - INFO - [INFO] 2023-04-09 23:39:14.396062 Epoch [15/100] batch [1/391] loss 0.8745 lr 0.09524135262330098 acc 70.31% eta 1:16:10
2023-04-09 23:39:32,400 - __main__ - INFO - [INFO] 2023-04-09 23:39:32.400431 Epoch [15/100] batch [129/391] loss 0.5923 lr 0.09524135262330098 acc 73.44% eta 1:08:38
2023-04-09 23:39:49,999 - __main__ - INFO - [INFO] 2023-04-09 23:39:49.999435 Epoch [15/100] batch [257/391] loss 0.6426 lr 0.09524135262330098 acc 70.31% eta 1:07:32
2023-04-09 23:40:07,845 - __main__ - INFO - [INFO] 2023-04-09 23:40:07.845438 Epoch [15/100] batch [385/391] loss 0.7383 lr 0.09524135262330098 acc 76.56% eta 1:07:18
2023-04-09 23:40:08,637 - __main__ - INFO - Computing epoch 15 validation accuracy...
2023-04-09 23:40:12,815 - __main__ - INFO - Computing epoch 15 validation loss...
2023-04-09 23:40:17,361 - __main__ - INFO - [INFO] 2023-04-09 23:40:17.360861 Epoch [16/100] batch [1/391] loss 0.6616 lr 0.0945503262094184 acc 78.12% eta 1:07:34
2023-04-09 23:40:34,728 - __main__ - INFO - [INFO] 2023-04-09 23:40:34.728101 Epoch [16/100] batch [129/391] loss 0.6685 lr 0.0945503262094184 acc 71.09% eta 1:05:17
2023-04-09 23:40:51,914 - __main__ - INFO - [INFO] 2023-04-09 23:40:51.914769 Epoch [16/100] batch [257/391] loss 0.8223 lr 0.0945503262094184 acc 60.94% eta 1:04:39
2023-04-09 23:41:09,407 - __main__ - INFO - [INFO] 2023-04-09 23:41:09.407681 Epoch [16/100] batch [385/391] loss 0.6504 lr 0.0945503262094184 acc 76.56% eta 1:04:40
2023-04-09 23:41:10,187 - __main__ - INFO - Computing epoch 16 validation accuracy...
2023-04-09 23:41:14,185 - __main__ - INFO - Computing epoch 16 validation loss...
2023-04-09 23:41:18,517 - __main__ - INFO - [INFO] 2023-04-09 23:41:18.517226 Epoch [17/100] batch [1/391] loss 0.6357 lr 0.09381533400219319 acc 81.25% eta 1:07:49
2023-04-09 23:41:35,950 - __main__ - INFO - [INFO] 2023-04-09 23:41:35.950526 Epoch [17/100] batch [129/391] loss 0.8062 lr 0.09381533400219319 acc 71.88% eta 1:04:45
2023-04-09 23:41:53,348 - __main__ - INFO - [INFO] 2023-04-09 23:41:53.348524 Epoch [17/100] batch [257/391] loss 0.6035 lr 0.09381533400219319 acc 64.06% eta 1:04:29
2023-04-09 23:42:10,603 - __main__ - INFO - [INFO] 2023-04-09 23:42:10.602993 Epoch [17/100] batch [385/391] loss 0.6631 lr 0.09381533400219319 acc 77.34% eta 1:04:06
2023-04-09 23:42:11,382 - __main__ - INFO - Computing epoch 17 validation accuracy...
2023-04-09 23:42:15,230 - __main__ - INFO - Computing epoch 17 validation loss...
2023-04-09 23:42:19,334 - __main__ - INFO - [INFO] 2023-04-09 23:42:19.334031 Epoch [18/100] batch [1/391] loss 0.7573 lr 0.0930371013501972 acc 76.56% eta 1:08:00
2023-04-09 23:42:36,301 - __main__ - INFO - [INFO] 2023-04-09 23:42:36.301253 Epoch [18/100] batch [129/391] loss 0.3943 lr 0.0930371013501972 acc 81.25% eta 1:02:26
2023-04-09 23:42:53,451 - __main__ - INFO - [INFO] 2023-04-09 23:42:53.450990 Epoch [18/100] batch [257/391] loss 0.6094 lr 0.0930371013501972 acc 76.56% eta 1:02:34
2023-04-09 23:43:10,655 - __main__ - INFO - [INFO] 2023-04-09 23:43:10.655129 Epoch [18/100] batch [385/391] loss 0.6812 lr 0.0930371013501972 acc 67.19% eta 1:02:29
2023-04-09 23:43:11,467 - __main__ - INFO - Computing epoch 18 validation accuracy...
2023-04-09 23:43:15,514 - __main__ - INFO - Computing epoch 18 validation loss...
2023-04-09 23:43:19,797 - __main__ - INFO - [INFO] 2023-04-09 23:43:19.796852 Epoch [19/100] batch [1/391] loss 0.6743 lr 0.09221639627510078 acc 71.09% eta 1:03:58
2023-04-09 23:43:36,851 - __main__ - INFO - [INFO] 2023-04-09 23:43:36.851326 Epoch [19/100] batch [129/391] loss 0.6157 lr 0.09221639627510078 acc 72.66% eta 1:01:35
2023-04-09 23:43:54,019 - __main__ - INFO - [INFO] 2023-04-09 23:43:54.018861 Epoch [19/100] batch [257/391] loss 0.5532 lr 0.09221639627510078 acc 67.19% eta 1:01:38
2023-04-09 23:44:11,426 - __main__ - INFO - [INFO] 2023-04-09 23:44:11.426658 Epoch [19/100] batch [385/391] loss 0.6958 lr 0.09221639627510078 acc 73.44% eta 1:01:48
2023-04-09 23:44:12,183 - __main__ - INFO - Computing epoch 19 validation accuracy...
2023-04-09 23:44:16,092 - __main__ - INFO - Computing epoch 19 validation loss...
2023-04-09 23:44:20,257 - __main__ - INFO - [INFO] 2023-04-09 23:44:20.257782 Epoch [20/100] batch [1/391] loss 0.6353 lr 0.09135402871372812 acc 76.56% eta 1:02:57
2023-04-09 23:44:37,338 - __main__ - INFO - [INFO] 2023-04-09 23:44:37.338041 Epoch [20/100] batch [129/391] loss 0.5596 lr 0.09135402871372812 acc 66.41% eta 1:01:27
2023-04-09 23:44:54,582 - __main__ - INFO - [INFO] 2023-04-09 23:44:54.582133 Epoch [20/100] batch [257/391] loss 0.6953 lr 0.09135402871372812 acc 77.34% eta 1:01:27
2023-04-09 23:45:11,623 - __main__ - INFO - [INFO] 2023-04-09 23:45:11.623709 Epoch [20/100] batch [385/391] loss 0.5879 lr 0.09135402871372812 acc 66.41% eta 1:01:02
2023-04-09 23:45:12,393 - __main__ - INFO - Computing epoch 20 validation accuracy...
2023-04-09 23:45:16,382 - __main__ - INFO - Computing epoch 20 validation loss...
2023-04-09 23:45:20,519 - __main__ - INFO - [INFO] 2023-04-09 23:45:20.519385 Epoch [21/100] batch [1/391] loss 0.3611 lr 0.09045084971874741 acc 84.38% eta 1:00:27
2023-04-09 23:45:37,501 - __main__ - INFO - [INFO] 2023-04-09 23:45:37.501134 Epoch [21/100] batch [129/391] loss 0.6201 lr 0.09045084971874741 acc 82.81% eta 1:00:12
2023-04-09 23:45:54,329 - __main__ - INFO - [INFO] 2023-04-09 23:45:54.329603 Epoch [21/100] batch [257/391] loss 0.5796 lr 0.09045084971874741 acc 82.03% eta 0:59:34
2023-04-09 23:46:11,470 - __main__ - INFO - [INFO] 2023-04-09 23:46:11.470239 Epoch [21/100] batch [385/391] loss 0.6235 lr 0.09045084971874741 acc 80.47% eta 0:59:39
2023-04-09 23:46:12,254 - __main__ - INFO - Computing epoch 21 validation accuracy...
2023-04-09 23:46:16,163 - __main__ - INFO - Computing epoch 21 validation loss...
2023-04-09 23:46:20,301 - __main__ - INFO - [INFO] 2023-04-09 23:46:20.301247 Epoch [22/100] batch [1/391] loss 0.5933 lr 0.08950775061878455 acc 73.44% eta 1:06:36
2023-04-09 23:46:37,655 - __main__ - INFO - [INFO] 2023-04-09 23:46:37.654850 Epoch [22/100] batch [129/391] loss 0.4905 lr 0.08950775061878455 acc 78.12% eta 1:00:47
2023-04-09 23:46:54,738 - __main__ - INFO - [INFO] 2023-04-09 23:46:54.738228 Epoch [22/100] batch [257/391] loss 0.5146 lr 0.08950775061878455 acc 85.94% eta 1:00:02
2023-04-09 23:47:11,655 - __main__ - INFO - [INFO] 2023-04-09 23:47:11.655329 Epoch [22/100] batch [385/391] loss 0.6387 lr 0.08950775061878455 acc 79.69% eta 0:59:25
2023-04-09 23:47:12,430 - __main__ - INFO - Computing epoch 22 validation accuracy...
2023-04-09 23:47:16,389 - __main__ - INFO - Computing epoch 22 validation loss...
2023-04-09 23:47:20,546 - __main__ - INFO - [INFO] 2023-04-09 23:47:20.546362 Epoch [23/100] batch [1/391] loss 0.5527 lr 0.0885256621387895 acc 82.81% eta 0:59:24
2023-04-09 23:47:37,412 - __main__ - INFO - [INFO] 2023-04-09 23:47:37.411900 Epoch [23/100] batch [129/391] loss 0.7031 lr 0.0885256621387895 acc 78.91% eta 0:58:09
2023-04-09 23:47:54,439 - __main__ - INFO - [INFO] 2023-04-09 23:47:54.439577 Epoch [23/100] batch [257/391] loss 0.8008 lr 0.0885256621387895 acc 73.44% eta 0:58:09
2023-04-09 23:48:11,810 - __main__ - INFO - [INFO] 2023-04-09 23:48:11.809873 Epoch [23/100] batch [385/391] loss 0.4890 lr 0.0885256621387895 acc 71.88% eta 0:58:31
2023-04-09 23:48:12,660 - __main__ - INFO - Computing epoch 23 validation accuracy...
2023-04-09 23:48:16,531 - __main__ - INFO - Computing epoch 23 validation loss...
2023-04-09 23:48:20,641 - __main__ - INFO - [INFO] 2023-04-09 23:48:20.640902 Epoch [24/100] batch [1/391] loss 0.6118 lr 0.08750555348152302 acc 71.88% eta 1:00:31
2023-04-09 23:48:37,667 - __main__ - INFO - [INFO] 2023-04-09 23:48:37.667557 Epoch [24/100] batch [129/391] loss 0.5317 lr 0.08750555348152302 acc 76.56% eta 0:58:03
2023-04-09 23:48:54,615 - __main__ - INFO - [INFO] 2023-04-09 23:48:54.615783 Epoch [24/100] batch [257/391] loss 0.6382 lr 0.08750555348152302 acc 71.88% eta 0:57:43
2023-04-09 23:49:11,603 - __main__ - INFO - [INFO] 2023-04-09 23:49:11.603207 Epoch [24/100] batch [385/391] loss 0.5977 lr 0.08750555348152302 acc 81.25% eta 0:57:28
2023-04-09 23:49:12,387 - __main__ - INFO - Computing epoch 24 validation accuracy...
2023-04-09 23:49:16,586 - __main__ - INFO - Computing epoch 24 validation loss...
2023-04-09 23:49:20,628 - __main__ - INFO - [INFO] 2023-04-09 23:49:20.628022 Epoch [25/100] batch [1/391] loss 0.4265 lr 0.08644843137107061 acc 82.03% eta 0:59:20
2023-04-09 23:49:37,800 - __main__ - INFO - [INFO] 2023-04-09 23:49:37.800460 Epoch [25/100] batch [129/391] loss 0.5063 lr 0.08644843137107061 acc 84.38% eta 0:57:56
2023-04-09 23:49:55,001 - __main__ - INFO - [INFO] 2023-04-09 23:49:55.001240 Epoch [25/100] batch [257/391] loss 0.5225 lr 0.08644843137107061 acc 84.38% eta 0:57:39
2023-04-09 23:50:11,996 - __main__ - INFO - [INFO] 2023-04-09 23:50:11.996153 Epoch [25/100] batch [385/391] loss 0.5840 lr 0.08644843137107061 acc 71.09% eta 0:57:11
2023-04-09 23:50:12,809 - __main__ - INFO - Computing epoch 25 validation accuracy...
2023-04-09 23:50:16,729 - __main__ - INFO - Computing epoch 25 validation loss...
2023-04-09 23:50:20,822 - __main__ - INFO - [INFO] 2023-04-09 23:50:20.822806 Epoch [26/100] batch [1/391] loss 0.7412 lr 0.0853553390593274 acc 73.44% eta 0:58:45
2023-04-09 23:50:38,047 - __main__ - INFO - [INFO] 2023-04-09 23:50:38.047220 Epoch [26/100] batch [129/391] loss 0.6621 lr 0.0853553390593274 acc 79.69% eta 0:57:14
2023-04-09 23:50:55,020 - __main__ - INFO - [INFO] 2023-04-09 23:50:55.020603 Epoch [26/100] batch [257/391] loss 0.5654 lr 0.0853553390593274 acc 78.91% eta 0:56:31
2023-04-09 23:51:12,204 - __main__ - INFO - [INFO] 2023-04-09 23:51:12.204206 Epoch [26/100] batch [385/391] loss 0.5957 lr 0.0853553390593274 acc 72.66% eta 0:56:22
2023-04-09 23:51:13,011 - __main__ - INFO - Computing epoch 26 validation accuracy...
2023-04-09 23:51:16,841 - __main__ - INFO - Computing epoch 26 validation loss...
2023-04-09 23:51:20,982 - __main__ - INFO - [INFO] 2023-04-09 23:51:20.982135 Epoch [27/100] batch [1/391] loss 0.6650 lr 0.08422735529643446 acc 71.88% eta 1:07:43
2023-04-09 23:51:38,346 - __main__ - INFO - [INFO] 2023-04-09 23:51:38.346275 Epoch [27/100] batch [129/391] loss 0.5303 lr 0.08422735529643446 acc 82.03% eta 0:57:02
2023-04-09 23:51:55,360 - __main__ - INFO - [INFO] 2023-04-09 23:51:55.360535 Epoch [27/100] batch [257/391] loss 0.5015 lr 0.08422735529643446 acc 85.16% eta 0:56:11
2023-04-09 23:52:12,467 - __main__ - INFO - [INFO] 2023-04-09 23:52:12.467297 Epoch [27/100] batch [385/391] loss 0.4241 lr 0.08422735529643446 acc 85.94% eta 0:55:51
2023-04-09 23:52:13,269 - __main__ - INFO - Computing epoch 27 validation accuracy...
2023-04-09 23:52:17,123 - __main__ - INFO - Computing epoch 27 validation loss...
2023-04-09 23:52:21,225 - __main__ - INFO - [INFO] 2023-04-09 23:52:21.225470 Epoch [28/100] batch [1/391] loss 0.4695 lr 0.08306559326618262 acc 80.47% eta 0:56:07
2023-04-09 23:52:38,348 - __main__ - INFO - [INFO] 2023-04-09 23:52:38.348795 Epoch [28/100] batch [129/391] loss 0.3945 lr 0.08306559326618262 acc 74.22% eta 0:55:08
2023-04-09 23:52:55,539 - __main__ - INFO - [INFO] 2023-04-09 23:52:55.538751 Epoch [28/100] batch [257/391] loss 0.5767 lr 0.08306559326618262 acc 81.25% eta 0:55:04
2023-04-09 23:53:13,067 - __main__ - INFO - [INFO] 2023-04-09 23:53:13.067255 Epoch [28/100] batch [385/391] loss 0.7090 lr 0.08306559326618262 acc 75.78% eta 0:55:17
2023-04-09 23:53:13,895 - __main__ - INFO - Computing epoch 28 validation accuracy...
2023-04-09 23:53:17,764 - __main__ - INFO - Computing epoch 28 validation loss...
2023-04-09 23:53:21,910 - __main__ - INFO - [INFO] 2023-04-09 23:53:21.910599 Epoch [29/100] batch [1/391] loss 0.5405 lr 0.08187119948743452 acc 83.59% eta 0:56:48
2023-04-09 23:53:38,984 - __main__ - INFO - [INFO] 2023-04-09 23:53:38.984293 Epoch [29/100] batch [129/391] loss 0.4023 lr 0.08187119948743452 acc 88.28% eta 0:54:19
2023-04-09 23:53:56,446 - __main__ - INFO - [INFO] 2023-04-09 23:53:56.445869 Epoch [29/100] batch [257/391] loss 0.5151 lr 0.08187119948743452 acc 67.97% eta 0:54:48
2023-04-09 23:54:13,478 - __main__ - INFO - [INFO] 2023-04-09 23:54:13.478631 Epoch [29/100] batch [385/391] loss 0.6855 lr 0.08187119948743452 acc 76.56% eta 0:54:14
2023-04-09 23:54:14,282 - __main__ - INFO - Computing epoch 29 validation accuracy...
2023-04-09 23:54:18,155 - __main__ - INFO - Computing epoch 29 validation loss...
2023-04-09 23:54:22,292 - __main__ - INFO - [INFO] 2023-04-09 23:54:22.292285 Epoch [30/100] batch [1/391] loss 0.4126 lr 0.08064535268264886 acc 81.25% eta 0:58:49
2023-04-09 23:54:39,395 - __main__ - INFO - [INFO] 2023-04-09 23:54:39.395179 Epoch [30/100] batch [129/391] loss 0.4897 lr 0.08064535268264886 acc 82.81% eta 0:53:47
2023-04-09 23:54:56,350 - __main__ - INFO - [INFO] 2023-04-09 23:54:56.350789 Epoch [30/100] batch [257/391] loss 0.3655 lr 0.08064535268264886 acc 75.00% eta 0:53:20
2023-04-09 23:55:13,626 - __main__ - INFO - [INFO] 2023-04-09 23:55:13.626121 Epoch [30/100] batch [385/391] loss 0.4883 lr 0.08064535268264886 acc 80.47% eta 0:53:19
2023-04-09 23:55:14,424 - __main__ - INFO - Computing epoch 30 validation accuracy...
2023-04-09 23:55:18,252 - __main__ - INFO - Computing epoch 30 validation loss...
2023-04-09 23:55:22,369 - __main__ - INFO - [INFO] 2023-04-09 23:55:22.369253 Epoch [31/100] batch [1/391] loss 0.4709 lr 0.0793892626146237 acc 79.69% eta 0:56:35
2023-04-09 23:55:39,353 - __main__ - INFO - [INFO] 2023-04-09 23:55:39.353671 Epoch [31/100] batch [129/391] loss 0.6206 lr 0.0793892626146237 acc 81.25% eta 0:52:38
2023-04-09 23:55:56,360 - __main__ - INFO - [INFO] 2023-04-09 23:55:56.360506 Epoch [31/100] batch [257/391] loss 0.6812 lr 0.0793892626146237 acc 79.69% eta 0:52:27
2023-04-09 23:56:13,532 - __main__ - INFO - [INFO] 2023-04-09 23:56:13.532087 Epoch [31/100] batch [385/391] loss 0.4792 lr 0.0793892626146237 acc 83.59% eta 0:52:23
2023-04-09 23:56:14,316 - __main__ - INFO - Computing epoch 31 validation accuracy...
2023-04-09 23:56:18,201 - __main__ - INFO - Computing epoch 31 validation loss...
2023-04-09 23:56:22,303 - __main__ - INFO - [INFO] 2023-04-09 23:56:22.303685 Epoch [32/100] batch [1/391] loss 0.4946 lr 0.07810416889260657 acc 82.03% eta 0:53:17
2023-04-09 23:56:39,458 - __main__ - INFO - [INFO] 2023-04-09 23:56:39.457829 Epoch [32/100] batch [129/391] loss 0.4648 lr 0.07810416889260657 acc 85.94% eta 0:52:26
2023-04-09 23:56:56,514 - __main__ - INFO - [INFO] 2023-04-09 23:56:56.514683 Epoch [32/100] batch [257/391] loss 0.6060 lr 0.07810416889260657 acc 81.25% eta 0:52:04
2023-04-09 23:57:13,548 - __main__ - INFO - [INFO] 2023-04-09 23:57:13.547867 Epoch [32/100] batch [385/391] loss 0.4795 lr 0.07810416889260657 acc 74.22% eta 0:51:42
2023-04-09 23:57:14,368 - __main__ - INFO - Computing epoch 32 validation accuracy...
2023-04-09 23:57:18,346 - __main__ - INFO - Computing epoch 32 validation loss...
2023-04-09 23:57:22,679 - __main__ - INFO - [INFO] 2023-04-09 23:57:22.678454 Epoch [33/100] batch [1/391] loss 0.4822 lr 0.07679133974894986 acc 84.38% eta 1:10:30
2023-04-09 23:57:40,022 - __main__ - INFO - [INFO] 2023-04-09 23:57:40.022312 Epoch [33/100] batch [129/391] loss 0.3433 lr 0.07679133974894986 acc 78.12% eta 0:52:30
2023-04-09 23:57:56,929 - __main__ - INFO - [INFO] 2023-04-09 23:57:56.928977 Epoch [33/100] batch [257/391] loss 0.4082 lr 0.07679133974894986 acc 89.06% eta 0:51:26
2023-04-09 23:58:13,984 - __main__ - INFO - [INFO] 2023-04-09 23:58:13.984365 Epoch [33/100] batch [385/391] loss 0.5405 lr 0.07679133974894986 acc 84.38% eta 0:51:02
2023-04-09 23:58:14,767 - __main__ - INFO - Computing epoch 33 validation accuracy...
2023-04-09 23:58:18,632 - __main__ - INFO - Computing epoch 33 validation loss...
2023-04-09 23:58:22,669 - __main__ - INFO - [INFO] 2023-04-09 23:58:22.669282 Epoch [34/100] batch [1/391] loss 0.4524 lr 0.0754520707875186 acc 89.06% eta 0:53:39
2023-04-09 23:58:39,846 - __main__ - INFO - [INFO] 2023-04-09 23:58:39.846548 Epoch [34/100] batch [129/391] loss 0.5396 lr 0.0754520707875186 acc 88.28% eta 0:51:01
2023-04-09 23:58:56,850 - __main__ - INFO - [INFO] 2023-04-09 23:58:56.850545 Epoch [34/100] batch [257/391] loss 0.5894 lr 0.0754520707875186 acc 78.12% eta 0:50:26
2023-04-09 23:59:13,899 - __main__ - INFO - [INFO] 2023-04-09 23:59:13.899795 Epoch [34/100] batch [385/391] loss 0.6343 lr 0.0754520707875186 acc 79.69% eta 0:50:07
2023-04-09 23:59:14,697 - __main__ - INFO - Computing epoch 34 validation accuracy...
2023-04-09 23:59:18,576 - __main__ - INFO - Computing epoch 34 validation loss...
2023-04-09 23:59:22,677 - __main__ - INFO - [INFO] 2023-04-09 23:59:22.677041 Epoch [35/100] batch [1/391] loss 0.4861 lr 0.0740876837050858 acc 80.47% eta 0:51:52
2023-04-09 23:59:39,932 - __main__ - INFO - [INFO] 2023-04-09 23:59:39.932129 Epoch [35/100] batch [129/391] loss 0.4258 lr 0.0740876837050858 acc 86.72% eta 0:50:17
2023-04-09 23:59:56,807 - __main__ - INFO - [INFO] 2023-04-09 23:59:56.807137 Epoch [35/100] batch [257/391] loss 0.5156 lr 0.0740876837050858 acc 75.00% eta 0:49:29
2023-04-10 00:00:13,767 - __main__ - INFO - [INFO] 2023-04-10 00:00:13.767189 Epoch [35/100] batch [385/391] loss 0.5366 lr 0.0740876837050858 acc 71.88% eta 0:49:06
2023-04-10 00:00:14,521 - __main__ - INFO - Computing epoch 35 validation accuracy...
2023-04-10 00:00:18,313 - __main__ - INFO - Computing epoch 35 validation loss...
2023-04-10 00:00:22,580 - __main__ - INFO - [INFO] 2023-04-10 00:00:22.580635 Epoch [36/100] batch [1/391] loss 0.4280 lr 0.07269952498697738 acc 87.50% eta 0:52:31
2023-04-10 00:00:39,366 - __main__ - INFO - [INFO] 2023-04-10 00:00:39.365954 Epoch [36/100] batch [129/391] loss 0.5029 lr 0.07269952498697738 acc 81.25% eta 0:47:49
2023-04-10 00:00:56,426 - __main__ - INFO - [INFO] 2023-04-10 00:00:56.426436 Epoch [36/100] batch [257/391] loss 0.4158 lr 0.07269952498697738 acc 71.88% eta 0:47:59
2023-04-10 00:01:13,705 - __main__ - INFO - [INFO] 2023-04-10 00:01:13.705487 Epoch [36/100] batch [385/391] loss 0.5493 lr 0.07269952498697738 acc 75.78% eta 0:48:09
2023-04-10 00:01:14,487 - __main__ - INFO - Computing epoch 36 validation accuracy...
2023-04-10 00:01:18,461 - __main__ - INFO - Computing epoch 36 validation loss...
2023-04-10 00:01:22,752 - __main__ - INFO - [INFO] 2023-04-10 00:01:22.752759 Epoch [37/100] batch [1/391] loss 0.4478 lr 0.07128896457825366 acc 75.78% eta 0:52:20
2023-04-10 00:01:39,821 - __main__ - INFO - [INFO] 2023-04-10 00:01:39.820795 Epoch [37/100] batch [129/391] loss 0.3943 lr 0.07128896457825366 acc 89.06% eta 0:48:02
2023-04-10 00:01:56,825 - __main__ - INFO - [INFO] 2023-04-10 00:01:56.825227 Epoch [37/100] batch [257/391] loss 0.4443 lr 0.07128896457825366 acc 88.28% eta 0:47:42
2023-04-10 00:02:13,854 - __main__ - INFO - [INFO] 2023-04-10 00:02:13.854451 Epoch [37/100] batch [385/391] loss 0.5684 lr 0.07128896457825366 acc 82.81% eta 0:47:29
2023-04-10 00:02:14,635 - __main__ - INFO - Computing epoch 37 validation accuracy...
2023-04-10 00:02:18,528 - __main__ - INFO - Computing epoch 37 validation loss...
2023-04-10 00:02:22,628 - __main__ - INFO - [INFO] 2023-04-10 00:02:22.628515 Epoch [38/100] batch [1/391] loss 0.5269 lr 0.06985739453173906 acc 73.44% eta 0:48:40
2023-04-10 00:02:39,650 - __main__ - INFO - [INFO] 2023-04-10 00:02:39.649903 Epoch [38/100] batch [129/391] loss 0.3723 lr 0.06985739453173906 acc 84.38% eta 0:47:06
2023-04-10 00:02:56,973 - __main__ - INFO - [INFO] 2023-04-10 00:02:56.972908 Epoch [38/100] batch [257/391] loss 0.5073 lr 0.06985739453173906 acc 76.56% eta 0:47:21
2023-04-10 00:03:13,928 - __main__ - INFO - [INFO] 2023-04-10 00:03:13.927914 Epoch [38/100] batch [385/391] loss 0.4978 lr 0.06985739453173906 acc 82.03% eta 0:46:54
2023-04-10 00:03:14,698 - __main__ - INFO - Computing epoch 38 validation accuracy...
2023-04-10 00:03:18,570 - __main__ - INFO - Computing epoch 38 validation loss...
2023-04-10 00:03:22,675 - __main__ - INFO - [INFO] 2023-04-10 00:03:22.675490 Epoch [39/100] batch [1/391] loss 0.5508 lr 0.06840622763423394 acc 77.34% eta 0:50:59
2023-04-10 00:03:39,847 - __main__ - INFO - [INFO] 2023-04-10 00:03:39.847566 Epoch [39/100] batch [129/391] loss 0.4280 lr 0.06840622763423394 acc 82.81% eta 0:46:51
2023-04-10 00:03:56,664 - __main__ - INFO - [INFO] 2023-04-10 00:03:56.663834 Epoch [39/100] batch [257/391] loss 0.4011 lr 0.06840622763423394 acc 88.28% eta 0:46:02
2023-04-10 00:04:13,356 - __main__ - INFO - [INFO] 2023-04-10 00:04:13.355866 Epoch [39/100] batch [385/391] loss 0.4478 lr 0.06840622763423394 acc 85.16% eta 0:45:28
2023-04-10 00:04:14,138 - __main__ - INFO - Computing epoch 39 validation accuracy...
2023-04-10 00:04:18,029 - __main__ - INFO - Computing epoch 39 validation loss...
2023-04-10 00:04:22,111 - __main__ - INFO - [INFO] 2023-04-10 00:04:22.111807 Epoch [40/100] batch [1/391] loss 0.3862 lr 0.06693689601226462 acc 85.16% eta 0:48:21
2023-04-10 00:04:38,771 - __main__ - INFO - [INFO] 2023-04-10 00:04:38.771379 Epoch [40/100] batch [129/391] loss 0.3494 lr 0.06693689601226462 acc 88.28% eta 0:44:38
2023-04-10 00:04:55,736 - __main__ - INFO - [INFO] 2023-04-10 00:04:55.736742 Epoch [40/100] batch [257/391] loss 0.3733 lr 0.06693689601226462 acc 83.59% eta 0:44:48
2023-04-10 00:05:12,550 - __main__ - INFO - [INFO] 2023-04-10 00:05:12.549749 Epoch [40/100] batch [385/391] loss 0.4500 lr 0.06693689601226462 acc 86.72% eta 0:44:34
2023-04-10 00:05:13,338 - __main__ - INFO - Computing epoch 40 validation accuracy...
2023-04-10 00:05:17,289 - __main__ - INFO - Computing epoch 40 validation loss...
2023-04-10 00:05:21,388 - __main__ - INFO - [INFO] 2023-04-10 00:05:21.388156 Epoch [41/100] batch [1/391] loss 0.5156 lr 0.06545084971874741 acc 85.16% eta 0:45:30
2023-04-10 00:05:38,207 - __main__ - INFO - [INFO] 2023-04-10 00:05:38.207442 Epoch [41/100] batch [129/391] loss 0.6616 lr 0.06545084971874741 acc 75.00% eta 0:44:18
2023-04-10 00:05:54,893 - __main__ - INFO - [INFO] 2023-04-10 00:05:54.893050 Epoch [41/100] batch [257/391] loss 0.6685 lr 0.06545084971874741 acc 72.66% eta 0:43:48
2023-04-10 00:06:11,632 - __main__ - INFO - [INFO] 2023-04-10 00:06:11.632447 Epoch [41/100] batch [385/391] loss 0.4150 lr 0.06545084971874741 acc 85.94% eta 0:43:31
2023-04-10 00:06:12,413 - __main__ - INFO - Computing epoch 41 validation accuracy...
2023-04-10 00:06:16,164 - __main__ - INFO - Computing epoch 41 validation loss...
2023-04-10 00:06:20,322 - __main__ - INFO - [INFO] 2023-04-10 00:06:20.322222 Epoch [42/100] batch [1/391] loss 0.2617 lr 0.06394955530196152 acc 89.84% eta 0:45:44
2023-04-10 00:06:37,224 - __main__ - INFO - [INFO] 2023-04-10 00:06:37.224246 Epoch [42/100] batch [129/391] loss 0.4124 lr 0.06394955530196152 acc 85.16% eta 0:43:56
2023-04-10 00:06:54,065 - __main__ - INFO - [INFO] 2023-04-10 00:06:54.064901 Epoch [42/100] batch [257/391] loss 0.3481 lr 0.06394955530196152 acc 83.59% eta 0:43:31
2023-04-10 00:07:10,670 - __main__ - INFO - [INFO] 2023-04-10 00:07:10.670478 Epoch [42/100] batch [385/391] loss 0.4219 lr 0.06394955530196152 acc 87.50% eta 0:42:58
2023-04-10 00:07:11,442 - __main__ - INFO - Computing epoch 42 validation accuracy...
2023-04-10 00:07:15,556 - __main__ - INFO - Computing epoch 42 validation loss...
2023-04-10 00:07:19,808 - __main__ - INFO - [INFO] 2023-04-10 00:07:19.808400 Epoch [43/100] batch [1/391] loss 0.5259 lr 0.062434494358242776 acc 81.25% eta 0:45:31
2023-04-10 00:07:36,547 - __main__ - INFO - [INFO] 2023-04-10 00:07:36.547181 Epoch [43/100] batch [129/391] loss 0.5986 lr 0.062434494358242776 acc 79.69% eta 0:42:39
2023-04-10 00:07:53,296 - __main__ - INFO - [INFO] 2023-04-10 00:07:53.296004 Epoch [43/100] batch [257/391] loss 0.5039 lr 0.062434494358242776 acc 83.59% eta 0:42:23
2023-04-10 00:08:10,004 - __main__ - INFO - [INFO] 2023-04-10 00:08:10.003924 Epoch [43/100] batch [385/391] loss 0.4341 lr 0.062434494358242776 acc 84.38% eta 0:42:06
2023-04-10 00:08:10,774 - __main__ - INFO - Computing epoch 43 validation accuracy...
2023-04-10 00:08:14,833 - __main__ - INFO - Computing epoch 43 validation loss...
2023-04-10 00:08:18,967 - __main__ - INFO - [INFO] 2023-04-10 00:08:18.967168 Epoch [44/100] batch [1/391] loss 0.4922 lr 0.06090716206982718 acc 79.69% eta 0:45:37
2023-04-10 00:08:35,719 - __main__ - INFO - [INFO] 2023-04-10 00:08:35.719757 Epoch [44/100] batch [129/391] loss 0.3198 lr 0.06090716206982718 acc 88.28% eta 0:41:55
2023-04-10 00:08:52,639 - __main__ - INFO - [INFO] 2023-04-10 00:08:52.639289 Epoch [44/100] batch [257/391] loss 0.4434 lr 0.06090716206982718 acc 87.50% eta 0:41:53
2023-04-10 00:09:09,489 - __main__ - INFO - [INFO] 2023-04-10 00:09:09.489451 Epoch [44/100] batch [385/391] loss 0.5127 lr 0.06090716206982718 acc 83.59% eta 0:41:39
2023-04-10 00:09:10,247 - __main__ - INFO - Computing epoch 44 validation accuracy...
2023-04-10 00:09:14,177 - __main__ - INFO - Computing epoch 44 validation loss...
2023-04-10 00:09:18,349 - __main__ - INFO - [INFO] 2023-04-10 00:09:18.349714 Epoch [45/100] batch [1/391] loss 0.4739 lr 0.05936906572928628 acc 82.03% eta 0:45:20
2023-04-10 00:09:35,121 - __main__ - INFO - [INFO] 2023-04-10 00:09:35.121210 Epoch [45/100] batch [129/391] loss 0.4893 lr 0.05936906572928628 acc 85.94% eta 0:41:16
2023-04-10 00:09:52,068 - __main__ - INFO - [INFO] 2023-04-10 00:09:52.068661 Epoch [45/100] batch [257/391] loss 0.5137 lr 0.05936906572928628 acc 80.47% eta 0:41:15
2023-04-10 00:10:08,855 - __main__ - INFO - [INFO] 2023-04-10 00:10:08.854477 Epoch [45/100] batch [385/391] loss 0.3799 lr 0.05936906572928628 acc 90.62% eta 0:40:55
2023-04-10 00:10:09,650 - __main__ - INFO - Computing epoch 45 validation accuracy...
2023-04-10 00:10:13,527 - __main__ - INFO - Computing epoch 45 validation loss...
2023-04-10 00:10:17,627 - __main__ - INFO - [INFO] 2023-04-10 00:10:17.627032 Epoch [46/100] batch [1/391] loss 0.3923 lr 0.05782172325201159 acc 86.72% eta 0:46:21
2023-04-10 00:10:34,614 - __main__ - INFO - [INFO] 2023-04-10 00:10:34.614279 Epoch [46/100] batch [129/391] loss 0.4775 lr 0.05782172325201159 acc 82.03% eta 0:41:09
2023-04-10 00:10:51,448 - __main__ - INFO - [INFO] 2023-04-10 00:10:51.448113 Epoch [46/100] batch [257/391] loss 0.3049 lr 0.05782172325201159 acc 86.72% eta 0:40:39
2023-04-10 00:11:08,243 - __main__ - INFO - [INFO] 2023-04-10 00:11:08.243131 Epoch [46/100] batch [385/391] loss 0.5356 lr 0.05782172325201159 acc 85.16% eta 0:40:17
2023-04-10 00:11:09,029 - __main__ - INFO - Computing epoch 46 validation accuracy...
2023-04-10 00:11:12,950 - __main__ - INFO - Computing epoch 46 validation loss...
2023-04-10 00:11:17,208 - __main__ - INFO - [INFO] 2023-04-10 00:11:17.208666 Epoch [47/100] batch [1/391] loss 0.4868 lr 0.056266661678215264 acc 83.59% eta 0:47:37
2023-04-10 00:11:34,078 - __main__ - INFO - [INFO] 2023-04-10 00:11:34.078196 Epoch [47/100] batch [129/391] loss 0.4583 lr 0.056266661678215264 acc 82.03% eta 0:40:07
2023-04-10 00:11:50,883 - __main__ - INFO - [INFO] 2023-04-10 00:11:50.882915 Epoch [47/100] batch [257/391] loss 0.4104 lr 0.056266661678215264 acc 85.94% eta 0:39:45
2023-04-10 00:12:07,616 - __main__ - INFO - [INFO] 2023-04-10 00:12:07.616560 Epoch [47/100] batch [385/391] loss 0.4702 lr 0.056266661678215264 acc 83.59% eta 0:39:22
2023-04-10 00:12:08,392 - __main__ - INFO - Computing epoch 47 validation accuracy...
2023-04-10 00:12:12,411 - __main__ - INFO - Computing epoch 47 validation loss...
2023-04-10 00:12:16,521 - __main__ - INFO - [INFO] 2023-04-10 00:12:16.521442 Epoch [48/100] batch [1/391] loss 0.4158 lr 0.05470541566592575 acc 84.38% eta 0:43:22
2023-04-10 00:12:33,453 - __main__ - INFO - [INFO] 2023-04-10 00:12:33.453559 Epoch [48/100] batch [129/391] loss 0.4485 lr 0.05470541566592575 acc 85.94% eta 0:39:24
2023-04-10 00:12:50,237 - __main__ - INFO - [INFO] 2023-04-10 00:12:50.237749 Epoch [48/100] batch [257/391] loss 0.4998 lr 0.05470541566592575 acc 77.34% eta 0:39:01
2023-04-10 00:13:07,362 - __main__ - INFO - [INFO] 2023-04-10 00:13:07.361961 Epoch [48/100] batch [385/391] loss 0.3870 lr 0.05470541566592575 acc 78.12% eta 0:38:56
2023-04-10 00:13:08,123 - __main__ - INFO - Computing epoch 48 validation accuracy...
2023-04-10 00:13:11,956 - __main__ - INFO - Computing epoch 48 validation loss...
2023-04-10 00:13:16,099 - __main__ - INFO - [INFO] 2023-04-10 00:13:16.098978 Epoch [49/100] batch [1/391] loss 0.4470 lr 0.053139525976465714 acc 87.50% eta 0:40:41
2023-04-10 00:13:32,959 - __main__ - INFO - [INFO] 2023-04-10 00:13:32.959348 Epoch [49/100] batch [129/391] loss 0.3557 lr 0.053139525976465714 acc 85.94% eta 0:38:27
2023-04-10 00:13:49,791 - __main__ - INFO - [INFO] 2023-04-10 00:13:49.790876 Epoch [49/100] batch [257/391] loss 0.3784 lr 0.053139525976465714 acc 84.38% eta 0:38:07
2023-04-10 00:14:06,527 - __main__ - INFO - [INFO] 2023-04-10 00:14:06.526934 Epoch [49/100] batch [385/391] loss 0.3438 lr 0.053139525976465714 acc 83.59% eta 0:37:46
2023-04-10 00:14:07,303 - __main__ - INFO - Computing epoch 49 validation accuracy...
2023-04-10 00:14:11,161 - __main__ - INFO - Computing epoch 49 validation loss...
2023-04-10 00:14:15,209 - __main__ - INFO - [INFO] 2023-04-10 00:14:15.209299 Epoch [50/100] batch [1/391] loss 0.4749 lr 0.05157053795390645 acc 80.47% eta 0:38:44
2023-04-10 00:14:32,451 - __main__ - INFO - [INFO] 2023-04-10 00:14:32.450970 Epoch [50/100] batch [129/391] loss 0.5210 lr 0.05157053795390645 acc 82.81% eta 0:38:37
2023-04-10 00:14:49,123 - __main__ - INFO - [INFO] 2023-04-10 00:14:49.123796 Epoch [50/100] batch [257/391] loss 0.4304 lr 0.05157053795390645 acc 89.06% eta 0:37:44
2023-04-10 00:15:05,902 - __main__ - INFO - [INFO] 2023-04-10 00:15:05.902042 Epoch [50/100] batch [385/391] loss 0.3027 lr 0.05157053795390645 acc 89.06% eta 0:37:20
2023-04-10 00:15:06,684 - __main__ - INFO - Computing epoch 50 validation accuracy...
2023-04-10 00:15:10,663 - __main__ - INFO - Computing epoch 50 validation loss...
2023-04-10 00:15:14,821 - __main__ - INFO - [INFO] 2023-04-10 00:15:14.821816 Epoch [51/100] batch [1/391] loss 0.2559 lr 0.05000000000000004 acc 87.50% eta 0:39:54
2023-04-10 00:15:31,888 - __main__ - INFO - [INFO] 2023-04-10 00:15:31.888105 Epoch [51/100] batch [129/391] loss 0.4714 lr 0.05000000000000004 acc 75.00% eta 0:37:28
2023-04-10 00:15:48,676 - __main__ - INFO - [INFO] 2023-04-10 00:15:48.675917 Epoch [51/100] batch [257/391] loss 0.4373 lr 0.05000000000000004 acc 85.94% eta 0:36:52
2023-04-10 00:16:05,769 - __main__ - INFO - [INFO] 2023-04-10 00:16:05.769489 Epoch [51/100] batch [385/391] loss 0.4011 lr 0.05000000000000004 acc 84.38% eta 0:36:45
2023-04-10 00:16:06,545 - __main__ - INFO - Computing epoch 51 validation accuracy...
2023-04-10 00:16:10,427 - __main__ - INFO - Computing epoch 51 validation loss...
2023-04-10 00:16:14,576 - __main__ - INFO - [INFO] 2023-04-10 00:16:14.576525 Epoch [52/100] batch [1/391] loss 0.4199 lr 0.04842946204609362 acc 77.34% eta 0:38:09
2023-04-10 00:16:31,488 - __main__ - INFO - [INFO] 2023-04-10 00:16:31.488785 Epoch [52/100] batch [129/391] loss 0.4473 lr 0.04842946204609362 acc 80.47% eta 0:36:21
2023-04-10 00:16:48,533 - __main__ - INFO - [INFO] 2023-04-10 00:16:48.533777 Epoch [52/100] batch [257/391] loss 0.3101 lr 0.04842946204609362 acc 90.62% eta 0:36:17
2023-04-10 00:17:05,348 - __main__ - INFO - [INFO] 2023-04-10 00:17:05.348212 Epoch [52/100] batch [385/391] loss 0.4192 lr 0.04842946204609362 acc 84.38% eta 0:35:55
2023-04-10 00:17:06,129 - __main__ - INFO - Computing epoch 52 validation accuracy...
2023-04-10 00:17:10,118 - __main__ - INFO - Computing epoch 52 validation loss...
2023-04-10 00:17:14,313 - __main__ - INFO - [INFO] 2023-04-10 00:17:14.313319 Epoch [53/100] batch [1/391] loss 0.2908 lr 0.04686047402353437 acc 90.62% eta 0:38:21
2023-04-10 00:17:31,363 - __main__ - INFO - [INFO] 2023-04-10 00:17:31.363662 Epoch [53/100] batch [129/391] loss 0.3455 lr 0.04686047402353437 acc 89.84% eta 0:35:58
2023-04-10 00:17:48,341 - __main__ - INFO - [INFO] 2023-04-10 00:17:48.340988 Epoch [53/100] batch [257/391] loss 0.3506 lr 0.04686047402353437 acc 85.94% eta 0:35:38
2023-04-10 00:18:05,264 - __main__ - INFO - [INFO] 2023-04-10 00:18:05.264140 Epoch [53/100] batch [385/391] loss 0.4497 lr 0.04686047402353437 acc 83.59% eta 0:35:20
2023-04-10 00:18:06,081 - __main__ - INFO - Computing epoch 53 validation accuracy...
2023-04-10 00:18:09,919 - __main__ - INFO - Computing epoch 53 validation loss...
2023-04-10 00:18:14,029 - __main__ - INFO - [INFO] 2023-04-10 00:18:14.029727 Epoch [54/100] batch [1/391] loss 0.3169 lr 0.045294584334074316 acc 87.50% eta 0:36:41
2023-04-10 00:18:30,972 - __main__ - INFO - [INFO] 2023-04-10 00:18:30.972000 Epoch [54/100] batch [129/391] loss 0.2900 lr 0.045294584334074316 acc 89.06% eta 0:35:02
2023-04-10 00:18:47,758 - __main__ - INFO - [INFO] 2023-04-10 00:18:47.757871 Epoch [54/100] batch [257/391] loss 0.5718 lr 0.045294584334074316 acc 83.59% eta 0:34:35
2023-04-10 00:19:04,672 - __main__ - INFO - [INFO] 2023-04-10 00:19:04.672187 Epoch [54/100] batch [385/391] loss 0.4919 lr 0.045294584334074316 acc 83.59% eta 0:34:21
2023-04-10 00:19:05,463 - __main__ - INFO - Computing epoch 54 validation accuracy...
2023-04-10 00:19:09,433 - __main__ - INFO - Computing epoch 54 validation loss...
2023-04-10 00:19:13,600 - __main__ - INFO - [INFO] 2023-04-10 00:19:13.600519 Epoch [55/100] batch [1/391] loss 0.2559 lr 0.043733338321784825 acc 92.19% eta 0:43:26
2023-04-10 00:19:30,334 - __main__ - INFO - [INFO] 2023-04-10 00:19:30.334718 Epoch [55/100] batch [129/391] loss 0.3704 lr 0.043733338321784825 acc 82.81% eta 0:33:51
2023-04-10 00:19:47,350 - __main__ - INFO - [INFO] 2023-04-10 00:19:47.350470 Epoch [55/100] batch [257/391] loss 0.3716 lr 0.043733338321784825 acc 87.50% eta 0:33:54
2023-04-10 00:20:04,123 - __main__ - INFO - [INFO] 2023-04-10 00:20:04.123542 Epoch [55/100] batch [385/391] loss 0.4219 lr 0.043733338321784825 acc 82.03% eta 0:33:34
2023-04-10 00:20:04,871 - __main__ - INFO - Computing epoch 55 validation accuracy...
2023-04-10 00:20:08,742 - __main__ - INFO - Computing epoch 55 validation loss...
2023-04-10 00:20:12,881 - __main__ - INFO - [INFO] 2023-04-10 00:20:12.881195 Epoch [56/100] batch [1/391] loss 0.5210 lr 0.042178276747988484 acc 81.25% eta 0:36:10
2023-04-10 00:20:29,619 - __main__ - INFO - [INFO] 2023-04-10 00:20:29.618961 Epoch [56/100] batch [129/391] loss 0.3511 lr 0.042178276747988484 acc 82.03% eta 0:33:03
2023-04-10 00:20:46,725 - __main__ - INFO - [INFO] 2023-04-10 00:20:46.725372 Epoch [56/100] batch [257/391] loss 0.2620 lr 0.042178276747988484 acc 89.06% eta 0:33:15
2023-04-10 00:21:03,558 - __main__ - INFO - [INFO] 2023-04-10 00:21:03.558466 Epoch [56/100] batch [385/391] loss 0.3994 lr 0.042178276747988484 acc 84.38% eta 0:32:58
2023-04-10 00:21:04,306 - __main__ - INFO - Computing epoch 56 validation accuracy...
2023-04-10 00:21:08,192 - __main__ - INFO - Computing epoch 56 validation loss...
2023-04-10 00:21:12,366 - __main__ - INFO - [INFO] 2023-04-10 00:21:12.366042 Epoch [57/100] batch [1/391] loss 0.3057 lr 0.0406309342707138 acc 88.28% eta 0:33:40
2023-04-10 00:21:29,309 - __main__ - INFO - [INFO] 2023-04-10 00:21:29.309119 Epoch [57/100] batch [129/391] loss 0.2822 lr 0.0406309342707138 acc 90.62% eta 0:32:43
2023-04-10 00:21:46,021 - __main__ - INFO - [INFO] 2023-04-10 00:21:46.021030 Epoch [57/100] batch [257/391] loss 0.4800 lr 0.0406309342707138 acc 82.81% eta 0:32:13
2023-04-10 00:22:02,843 - __main__ - INFO - [INFO] 2023-04-10 00:22:02.843791 Epoch [57/100] batch [385/391] loss 0.3809 lr 0.0406309342707138 acc 84.38% eta 0:31:58
2023-04-10 00:22:03,645 - __main__ - INFO - Computing epoch 57 validation accuracy...
2023-04-10 00:22:07,709 - __main__ - INFO - Computing epoch 57 validation loss...
2023-04-10 00:22:11,925 - __main__ - INFO - [INFO] 2023-04-10 00:22:11.924916 Epoch [58/100] batch [1/391] loss 0.3174 lr 0.039092837930172916 acc 91.41% eta 0:43:06
2023-04-10 00:22:28,681 - __main__ - INFO - [INFO] 2023-04-10 00:22:28.681686 Epoch [58/100] batch [129/391] loss 0.3577 lr 0.039092837930172916 acc 89.84% eta 0:31:41
2023-04-10 00:22:45,709 - __main__ - INFO - [INFO] 2023-04-10 00:22:45.709695 Epoch [58/100] batch [257/391] loss 0.2439 lr 0.039092837930172916 acc 87.50% eta 0:31:38
2023-04-10 00:23:02,790 - __main__ - INFO - [INFO] 2023-04-10 00:23:02.790310 Epoch [58/100] batch [385/391] loss 0.3555 lr 0.039092837930172916 acc 89.06% eta 0:31:31
2023-04-10 00:23:03,545 - __main__ - INFO - Computing epoch 58 validation accuracy...
2023-04-10 00:23:07,457 - __main__ - INFO - Computing epoch 58 validation loss...
2023-04-10 00:23:11,621 - __main__ - INFO - [INFO] 2023-04-10 00:23:11.621080 Epoch [59/100] batch [1/391] loss 0.3706 lr 0.037565505641757285 acc 89.06% eta 0:32:24
2023-04-10 00:23:28,850 - __main__ - INFO - [INFO] 2023-04-10 00:23:28.849726 Epoch [59/100] batch [129/391] loss 0.3335 lr 0.037565505641757285 acc 89.84% eta 0:31:45
2023-04-10 00:23:46,054 - __main__ - INFO - [INFO] 2023-04-10 00:23:46.053834 Epoch [59/100] batch [257/391] loss 0.4104 lr 0.037565505641757285 acc 81.25% eta 0:31:29
2023-04-10 00:24:02,839 - __main__ - INFO - [INFO] 2023-04-10 00:24:02.838677 Epoch [59/100] batch [385/391] loss 0.5049 lr 0.037565505641757285 acc 87.50% eta 0:30:58
2023-04-10 00:24:03,599 - __main__ - INFO - Computing epoch 59 validation accuracy...
2023-04-10 00:24:07,504 - __main__ - INFO - Computing epoch 59 validation loss...
2023-04-10 00:24:11,659 - __main__ - INFO - [INFO] 2023-04-10 00:24:11.659556 Epoch [60/100] batch [1/391] loss 0.3967 lr 0.03605044469803857 acc 89.06% eta 0:30:46
2023-04-10 00:24:28,461 - __main__ - INFO - [INFO] 2023-04-10 00:24:28.461380 Epoch [60/100] batch [129/391] loss 0.4587 lr 0.03605044469803857 acc 85.94% eta 0:30:12
2023-04-10 00:24:45,332 - __main__ - INFO - [INFO] 2023-04-10 00:24:45.332679 Epoch [60/100] batch [257/391] loss 0.3450 lr 0.03605044469803857 acc 87.50% eta 0:29:59
2023-04-10 00:25:02,079 - __main__ - INFO - [INFO] 2023-04-10 00:25:02.079683 Epoch [60/100] batch [385/391] loss 0.3513 lr 0.03605044469803857 acc 88.28% eta 0:29:41
2023-04-10 00:25:02,956 - __main__ - INFO - Computing epoch 60 validation accuracy...
2023-04-10 00:25:07,028 - __main__ - INFO - Computing epoch 60 validation loss...
2023-04-10 00:25:11,108 - __main__ - INFO - [INFO] 2023-04-10 00:25:11.108773 Epoch [61/100] batch [1/391] loss 0.3472 lr 0.034549150281252675 acc 88.28% eta 0:32:05
2023-04-10 00:25:27,802 - __main__ - INFO - [INFO] 2023-04-10 00:25:27.802700 Epoch [61/100] batch [129/391] loss 0.3389 lr 0.034549150281252675 acc 87.50% eta 0:29:13
2023-04-10 00:25:44,499 - __main__ - INFO - [INFO] 2023-04-10 00:25:44.499579 Epoch [61/100] batch [257/391] loss 0.3745 lr 0.034549150281252675 acc 83.59% eta 0:29:01
2023-04-10 00:26:01,356 - __main__ - INFO - [INFO] 2023-04-10 00:26:01.356247 Epoch [61/100] batch [385/391] loss 0.2627 lr 0.034549150281252675 acc 92.97% eta 0:28:51
2023-04-10 00:26:02,121 - __main__ - INFO - Computing epoch 61 validation accuracy...
2023-04-10 00:26:05,915 - __main__ - INFO - Computing epoch 61 validation loss...
2023-04-10 00:26:10,069 - __main__ - INFO - [INFO] 2023-04-10 00:26:10.069282 Epoch [62/100] batch [1/391] loss 0.3315 lr 0.03306310398773546 acc 91.41% eta 0:30:52
2023-04-10 00:26:26,550 - __main__ - INFO - [INFO] 2023-04-10 00:26:26.550284 Epoch [62/100] batch [129/391] loss 0.4260 lr 0.03306310398773546 acc 90.62% eta 0:28:05
2023-04-10 00:26:43,221 - __main__ - INFO - [INFO] 2023-04-10 00:26:43.220885 Epoch [62/100] batch [257/391] loss 0.3762 lr 0.03306310398773546 acc 92.19% eta 0:28:01
2023-04-10 00:26:59,929 - __main__ - INFO - [INFO] 2023-04-10 00:26:59.929703 Epoch [62/100] batch [385/391] loss 0.2764 lr 0.03306310398773546 acc 89.06% eta 0:27:52
2023-04-10 00:27:00,692 - __main__ - INFO - Computing epoch 62 validation accuracy...
2023-04-10 00:27:04,465 - __main__ - INFO - Computing epoch 62 validation loss...
2023-04-10 00:27:08,552 - __main__ - INFO - [INFO] 2023-04-10 00:27:08.552394 Epoch [63/100] batch [1/391] loss 0.1686 lr 0.031593772365766146 acc 89.06% eta 0:29:37
2023-04-10 00:27:25,413 - __main__ - INFO - [INFO] 2023-04-10 00:27:25.412976 Epoch [63/100] batch [129/391] loss 0.2810 lr 0.031593772365766146 acc 92.19% eta 0:28:05
2023-04-10 00:27:42,059 - __main__ - INFO - [INFO] 2023-04-10 00:27:42.059570 Epoch [63/100] batch [257/391] loss 0.4194 lr 0.031593772365766146 acc 85.16% eta 0:27:36
2023-04-10 00:27:58,827 - __main__ - INFO - [INFO] 2023-04-10 00:27:58.827331 Epoch [63/100] batch [385/391] loss 0.2128 lr 0.031593772365766146 acc 90.62% eta 0:27:23
2023-04-10 00:27:59,590 - __main__ - INFO - Computing epoch 63 validation accuracy...
2023-04-10 00:28:03,496 - __main__ - INFO - Computing epoch 63 validation loss...
2023-04-10 00:28:07,670 - __main__ - INFO - [INFO] 2023-04-10 00:28:07.670220 Epoch [64/100] batch [1/391] loss 0.3555 lr 0.030142605468260992 acc 91.41% eta 0:30:07
2023-04-10 00:28:24,991 - __main__ - INFO - [INFO] 2023-04-10 00:28:24.991287 Epoch [64/100] batch [129/391] loss 0.2793 lr 0.030142605468260992 acc 88.28% eta 0:28:05
2023-04-10 00:28:41,824 - __main__ - INFO - [INFO] 2023-04-10 00:28:41.824382 Epoch [64/100] batch [257/391] loss 0.3796 lr 0.030142605468260992 acc 89.06% eta 0:27:27
2023-04-10 00:28:58,909 - __main__ - INFO - [INFO] 2023-04-10 00:28:58.909063 Epoch [64/100] batch [385/391] loss 0.2803 lr 0.030142605468260992 acc 89.84% eta 0:27:14
2023-04-10 00:28:59,676 - __main__ - INFO - Computing epoch 64 validation accuracy...
2023-04-10 00:29:03,666 - __main__ - INFO - Computing epoch 64 validation loss...
2023-04-10 00:29:07,791 - __main__ - INFO - [INFO] 2023-04-10 00:29:07.791608 Epoch [65/100] batch [1/391] loss 0.2544 lr 0.028711035421746394 acc 89.84% eta 0:28:00
2023-04-10 00:29:24,843 - __main__ - INFO - [INFO] 2023-04-10 00:29:24.843376 Epoch [65/100] batch [129/391] loss 0.4158 lr 0.028711035421746394 acc 87.50% eta 0:26:54
2023-04-10 00:29:41,863 - __main__ - INFO - [INFO] 2023-04-10 00:29:41.863008 Epoch [65/100] batch [257/391] loss 0.2944 lr 0.028711035421746394 acc 89.84% eta 0:26:37
2023-04-10 00:29:58,763 - __main__ - INFO - [INFO] 2023-04-10 00:29:58.763730 Epoch [65/100] batch [385/391] loss 0.3064 lr 0.028711035421746394 acc 91.41% eta 0:26:16
2023-04-10 00:29:59,535 - __main__ - INFO - Computing epoch 65 validation accuracy...
2023-04-10 00:30:03,548 - __main__ - INFO - Computing epoch 65 validation loss...
2023-04-10 00:30:07,628 - __main__ - INFO - [INFO] 2023-04-10 00:30:07.628697 Epoch [66/100] batch [1/391] loss 0.3188 lr 0.027300475013022688 acc 89.84% eta 0:30:08
2023-04-10 00:30:25,082 - __main__ - INFO - [INFO] 2023-04-10 00:30:25.082439 Epoch [66/100] batch [129/391] loss 0.3560 lr 0.027300475013022688 acc 92.19% eta 0:26:55
2023-04-10 00:30:42,373 - __main__ - INFO - [INFO] 2023-04-10 00:30:42.372528 Epoch [66/100] batch [257/391] loss 0.3757 lr 0.027300475013022688 acc 92.19% eta 0:26:30
2023-04-10 00:30:59,746 - __main__ - INFO - [INFO] 2023-04-10 00:30:59.746726 Epoch [66/100] batch [385/391] loss 0.3152 lr 0.027300475013022688 acc 91.41% eta 0:26:17
2023-04-10 00:31:00,525 - __main__ - INFO - Computing epoch 66 validation accuracy...
2023-04-10 00:31:04,346 - __main__ - INFO - Computing epoch 66 validation loss...
2023-04-10 00:31:08,525 - __main__ - INFO - [INFO] 2023-04-10 00:31:08.524921 Epoch [67/100] batch [1/391] loss 0.2820 lr 0.025912316294914254 acc 90.62% eta 0:28:06
2023-04-10 00:31:25,287 - __main__ - INFO - [INFO] 2023-04-10 00:31:25.287182 Epoch [67/100] batch [129/391] loss 0.2441 lr 0.025912316294914254 acc 91.41% eta 0:24:55
2023-04-10 00:31:42,122 - __main__ - INFO - [INFO] 2023-04-10 00:31:42.121887 Epoch [67/100] batch [257/391] loss 0.2683 lr 0.025912316294914254 acc 90.62% eta 0:24:44
2023-04-10 00:31:59,213 - __main__ - INFO - [INFO] 2023-04-10 00:31:59.213274 Epoch [67/100] batch [385/391] loss 0.2410 lr 0.025912316294914254 acc 96.09% eta 0:24:39
2023-04-10 00:31:59,978 - __main__ - INFO - Computing epoch 67 validation accuracy...
2023-04-10 00:32:03,876 - __main__ - INFO - Computing epoch 67 validation loss...
2023-04-10 00:32:08,021 - __main__ - INFO - [INFO] 2023-04-10 00:32:08.020974 Epoch [68/100] batch [1/391] loss 0.2598 lr 0.02454792921248146 acc 94.53% eta 0:26:07
2023-04-10 00:32:24,921 - __main__ - INFO - [INFO] 2023-04-10 00:32:24.920700 Epoch [68/100] batch [129/391] loss 0.2070 lr 0.02454792921248146 acc 96.09% eta 0:24:25
2023-04-10 00:32:41,930 - __main__ - INFO - [INFO] 2023-04-10 00:32:41.930173 Epoch [68/100] batch [257/391] loss 0.2673 lr 0.02454792921248146 acc 94.53% eta 0:24:13
2023-04-10 00:32:58,762 - __main__ - INFO - [INFO] 2023-04-10 00:32:58.761564 Epoch [68/100] batch [385/391] loss 0.2686 lr 0.02454792921248146 acc 92.19% eta 0:23:54
2023-04-10 00:32:59,537 - __main__ - INFO - Computing epoch 68 validation accuracy...
2023-04-10 00:33:03,431 - __main__ - INFO - Computing epoch 68 validation loss...
2023-04-10 00:33:07,583 - __main__ - INFO - [INFO] 2023-04-10 00:33:07.583440 Epoch [69/100] batch [1/391] loss 0.2262 lr 0.02320866025105018 acc 92.97% eta 0:28:03
2023-04-10 00:33:24,603 - __main__ - INFO - [INFO] 2023-04-10 00:33:24.603003 Epoch [69/100] batch [129/391] loss 0.3315 lr 0.02320866025105018 acc 90.62% eta 0:23:53
2023-04-10 00:33:41,453 - __main__ - INFO - [INFO] 2023-04-10 00:33:41.452991 Epoch [69/100] batch [257/391] loss 0.2230 lr 0.02320866025105018 acc 94.53% eta 0:23:29
2023-04-10 00:33:58,082 - __main__ - INFO - [INFO] 2023-04-10 00:33:58.082299 Epoch [69/100] batch [385/391] loss 0.3501 lr 0.02320866025105018 acc 88.28% eta 0:23:03
2023-04-10 00:33:58,857 - __main__ - INFO - Computing epoch 69 validation accuracy...
2023-04-10 00:34:02,822 - __main__ - INFO - Computing epoch 69 validation loss...
2023-04-10 00:34:06,964 - __main__ - INFO - [INFO] 2023-04-10 00:34:06.964699 Epoch [70/100] batch [1/391] loss 0.3152 lr 0.021895831107393487 acc 89.84% eta 0:24:44
2023-04-10 00:34:23,693 - __main__ - INFO - [INFO] 2023-04-10 00:34:23.693125 Epoch [70/100] batch [129/391] loss 0.2944 lr 0.021895831107393487 acc 90.62% eta 0:22:41
2023-04-10 00:34:40,551 - __main__ - INFO - [INFO] 2023-04-10 00:34:40.551624 Epoch [70/100] batch [257/391] loss 0.3560 lr 0.021895831107393487 acc 86.72% eta 0:22:30
2023-04-10 00:34:57,706 - __main__ - INFO - [INFO] 2023-04-10 00:34:57.706144 Epoch [70/100] batch [385/391] loss 0.2413 lr 0.021895831107393487 acc 92.97% eta 0:22:26
2023-04-10 00:34:58,619 - __main__ - INFO - Computing epoch 70 validation accuracy...
2023-04-10 00:35:02,657 - __main__ - INFO - Computing epoch 70 validation loss...
2023-04-10 00:35:06,805 - __main__ - INFO - [INFO] 2023-04-10 00:35:06.804806 Epoch [71/100] batch [1/391] loss 0.2101 lr 0.02061073738537637 acc 89.84% eta 0:23:08
2023-04-10 00:35:23,661 - __main__ - INFO - [INFO] 2023-04-10 00:35:23.661422 Epoch [71/100] batch [129/391] loss 0.2299 lr 0.02061073738537637 acc 95.31% eta 0:22:07
2023-04-10 00:35:40,561 - __main__ - INFO - [INFO] 2023-04-10 00:35:40.561585 Epoch [71/100] batch [257/391] loss 0.2179 lr 0.02061073738537637 acc 92.19% eta 0:21:55
2023-04-10 00:35:57,489 - __main__ - INFO - [INFO] 2023-04-10 00:35:57.489334 Epoch [71/100] batch [385/391] loss 0.1791 lr 0.02061073738537637 acc 96.09% eta 0:21:42
2023-04-10 00:35:58,280 - __main__ - INFO - Computing epoch 71 validation accuracy...
2023-04-10 00:36:02,135 - __main__ - INFO - Computing epoch 71 validation loss...
2023-04-10 00:36:06,308 - __main__ - INFO - [INFO] 2023-04-10 00:36:06.308498 Epoch [72/100] batch [1/391] loss 0.4846 lr 0.01935464731735119 acc 83.59% eta 0:25:06
2023-04-10 00:36:23,211 - __main__ - INFO - [INFO] 2023-04-10 00:36:23.211422 Epoch [72/100] batch [129/391] loss 0.2197 lr 0.01935464731735119 acc 92.97% eta 0:21:26
2023-04-10 00:36:40,008 - __main__ - INFO - [INFO] 2023-04-10 00:36:40.008685 Epoch [72/100] batch [257/391] loss 0.2595 lr 0.01935464731735119 acc 92.19% eta 0:21:06
2023-04-10 00:36:56,905 - __main__ - INFO - [INFO] 2023-04-10 00:36:56.905406 Epoch [72/100] batch [385/391] loss 0.3086 lr 0.01935464731735119 acc 92.19% eta 0:20:52
2023-04-10 00:36:57,668 - __main__ - INFO - Computing epoch 72 validation accuracy...
2023-04-10 00:37:01,613 - __main__ - INFO - Computing epoch 72 validation loss...
2023-04-10 00:37:05,789 - __main__ - INFO - [INFO] 2023-04-10 00:37:05.788883 Epoch [73/100] batch [1/391] loss 0.2988 lr 0.018128800512565532 acc 89.84% eta 0:22:59
2023-04-10 00:37:22,962 - __main__ - INFO - [INFO] 2023-04-10 00:37:22.962211 Epoch [73/100] batch [129/391] loss 0.3113 lr 0.018128800512565532 acc 89.84% eta 0:21:04
2023-04-10 00:37:39,675 - __main__ - INFO - [INFO] 2023-04-10 00:37:39.675598 Epoch [73/100] batch [257/391] loss 0.2129 lr 0.018128800512565532 acc 92.97% eta 0:20:28
2023-04-10 00:37:56,576 - __main__ - INFO - [INFO] 2023-04-10 00:37:56.575917 Epoch [73/100] batch [385/391] loss 0.3589 lr 0.018128800512565532 acc 92.19% eta 0:20:13
2023-04-10 00:37:57,337 - __main__ - INFO - Computing epoch 73 validation accuracy...
2023-04-10 00:38:01,291 - __main__ - INFO - Computing epoch 73 validation loss...
2023-04-10 00:38:05,531 - __main__ - INFO - [INFO] 2023-04-10 00:38:05.531375 Epoch [74/100] batch [1/391] loss 0.2418 lr 0.016934406733817433 acc 94.53% eta 0:21:59
2023-04-10 00:38:22,352 - __main__ - INFO - [INFO] 2023-04-10 00:38:22.352217 Epoch [74/100] batch [129/391] loss 0.1772 lr 0.016934406733817433 acc 92.97% eta 0:19:49
2023-04-10 00:38:39,792 - __main__ - INFO - [INFO] 2023-04-10 00:38:39.792121 Epoch [74/100] batch [257/391] loss 0.2306 lr 0.016934406733817433 acc 94.53% eta 0:19:57
2023-04-10 00:38:56,778 - __main__ - INFO - [INFO] 2023-04-10 00:38:56.777868 Epoch [74/100] batch [385/391] loss 0.2339 lr 0.016934406733817433 acc 93.75% eta 0:19:38
2023-04-10 00:38:57,546 - __main__ - INFO - Computing epoch 74 validation accuracy...
2023-04-10 00:39:01,501 - __main__ - INFO - Computing epoch 74 validation loss...
2023-04-10 00:39:05,617 - __main__ - INFO - [INFO] 2023-04-10 00:39:05.617335 Epoch [75/100] batch [1/391] loss 0.2686 lr 0.01577264470356558 acc 91.41% eta 0:21:08
2023-04-10 00:39:22,705 - __main__ - INFO - [INFO] 2023-04-10 00:39:22.704958 Epoch [75/100] batch [129/391] loss 0.2189 lr 0.01577264470356558 acc 94.53% eta 0:19:23
2023-04-10 00:39:39,612 - __main__ - INFO - [INFO] 2023-04-10 00:39:39.612056 Epoch [75/100] batch [257/391] loss 0.1626 lr 0.01577264470356558 acc 94.53% eta 0:19:01
2023-04-10 00:39:56,615 - __main__ - INFO - [INFO] 2023-04-10 00:39:56.614960 Epoch [75/100] batch [385/391] loss 0.1694 lr 0.01577264470356558 acc 95.31% eta 0:18:48
2023-04-10 00:39:57,379 - __main__ - INFO - Computing epoch 75 validation accuracy...
2023-04-10 00:40:01,214 - __main__ - INFO - Computing epoch 75 validation loss...
2023-04-10 00:40:05,383 - __main__ - INFO - [INFO] 2023-04-10 00:40:05.383242 Epoch [76/100] batch [1/391] loss 0.0932 lr 0.014644660940672643 acc 98.44% eta 0:20:04
2023-04-10 00:40:22,573 - __main__ - INFO - [INFO] 2023-04-10 00:40:22.572947 Epoch [76/100] batch [129/391] loss 0.1294 lr 0.014644660940672643 acc 97.66% eta 0:18:46
2023-04-10 00:40:40,053 - __main__ - INFO - [INFO] 2023-04-10 00:40:40.053417 Epoch [76/100] batch [257/391] loss 0.1672 lr 0.014644660940672643 acc 94.53% eta 0:18:39
2023-04-10 00:40:57,200 - __main__ - INFO - [INFO] 2023-04-10 00:40:57.200236 Epoch [76/100] batch [385/391] loss 0.1354 lr 0.014644660940672643 acc 96.09% eta 0:18:20
2023-04-10 00:40:57,999 - __main__ - INFO - Computing epoch 76 validation accuracy...
2023-04-10 00:41:02,015 - __main__ - INFO - Computing epoch 76 validation loss...
2023-04-10 00:41:06,174 - __main__ - INFO - [INFO] 2023-04-10 00:41:06.173834 Epoch [77/100] batch [1/391] loss 0.1510 lr 0.013551568628929448 acc 97.66% eta 0:18:37
2023-04-10 00:41:22,984 - __main__ - INFO - [INFO] 2023-04-10 00:41:22.984715 Epoch [77/100] batch [129/391] loss 0.1716 lr 0.013551568628929448 acc 95.31% eta 0:17:34
2023-04-10 00:41:40,158 - __main__ - INFO - [INFO] 2023-04-10 00:41:40.158636 Epoch [77/100] batch [257/391] loss 0.1439 lr 0.013551568628929448 acc 96.09% eta 0:17:33
2023-04-10 00:41:57,127 - __main__ - INFO - [INFO] 2023-04-10 00:41:57.127481 Epoch [77/100] batch [385/391] loss 0.2134 lr 0.013551568628929448 acc 94.53% eta 0:17:17
2023-04-10 00:41:57,884 - __main__ - INFO - Computing epoch 77 validation accuracy...
2023-04-10 00:42:01,826 - __main__ - INFO - Computing epoch 77 validation loss...
2023-04-10 00:42:05,909 - __main__ - INFO - [INFO] 2023-04-10 00:42:05.909254 Epoch [78/100] batch [1/391] loss 0.1891 lr 0.012494446518477033 acc 94.53% eta 0:18:09
2023-04-10 00:42:22,974 - __main__ - INFO - [INFO] 2023-04-10 00:42:22.974715 Epoch [78/100] batch [129/391] loss 0.2045 lr 0.012494446518477033 acc 96.09% eta 0:17:06
2023-04-10 00:42:39,883 - __main__ - INFO - [INFO] 2023-04-10 00:42:39.883702 Epoch [78/100] batch [257/391] loss 0.1863 lr 0.012494446518477033 acc 95.31% eta 0:16:47
2023-04-10 00:42:56,827 - __main__ - INFO - [INFO] 2023-04-10 00:42:56.827291 Epoch [78/100] batch [385/391] loss 0.1653 lr 0.012494446518477033 acc 95.31% eta 0:16:30
2023-04-10 00:42:57,602 - __main__ - INFO - Computing epoch 78 validation accuracy...
2023-04-10 00:43:01,556 - __main__ - INFO - Computing epoch 78 validation loss...
2023-04-10 00:43:05,680 - __main__ - INFO - [INFO] 2023-04-10 00:43:05.679914 Epoch [79/100] batch [1/391] loss 0.2240 lr 0.011474337861210555 acc 90.62% eta 0:16:53
2023-04-10 00:43:22,412 - __main__ - INFO - [INFO] 2023-04-10 00:43:22.412311 Epoch [79/100] batch [129/391] loss 0.1476 lr 0.011474337861210555 acc 97.66% eta 0:15:58
2023-04-10 00:43:39,489 - __main__ - INFO - [INFO] 2023-04-10 00:43:39.488863 Epoch [79/100] batch [257/391] loss 0.1681 lr 0.011474337861210555 acc 95.31% eta 0:15:55
2023-04-10 00:43:56,639 - __main__ - INFO - [INFO] 2023-04-10 00:43:56.639272 Epoch [79/100] batch [385/391] loss 0.1617 lr 0.011474337861210555 acc 96.88% eta 0:15:47
2023-04-10 00:43:57,480 - __main__ - INFO - Computing epoch 79 validation accuracy...
2023-04-10 00:44:01,347 - __main__ - INFO - Computing epoch 79 validation loss...
2023-04-10 00:44:05,481 - __main__ - INFO - [INFO] 2023-04-10 00:44:05.480908 Epoch [80/100] batch [1/391] loss 0.1613 lr 0.01049224938121549 acc 94.53% eta 0:16:17
2023-04-10 00:44:22,457 - __main__ - INFO - [INFO] 2023-04-10 00:44:22.457752 Epoch [80/100] batch [129/391] loss 0.1592 lr 0.01049224938121549 acc 93.75% eta 0:15:29
2023-04-10 00:44:39,594 - __main__ - INFO - [INFO] 2023-04-10 00:44:39.594747 Epoch [80/100] batch [257/391] loss 0.1392 lr 0.01049224938121549 acc 96.09% eta 0:15:20
2023-04-10 00:44:56,833 - __main__ - INFO - [INFO] 2023-04-10 00:44:56.833661 Epoch [80/100] batch [385/391] loss 0.1323 lr 0.01049224938121549 acc 95.31% eta 0:15:09
2023-04-10 00:44:57,621 - __main__ - INFO - Computing epoch 80 validation accuracy...
2023-04-10 00:45:01,540 - __main__ - INFO - Computing epoch 80 validation loss...
2023-04-10 00:45:05,770 - __main__ - INFO - [INFO] 2023-04-10 00:45:05.770381 Epoch [81/100] batch [1/391] loss 0.1776 lr 0.009549150281252642 acc 96.09% eta 0:17:36
2023-04-10 00:45:22,466 - __main__ - INFO - [INFO] 2023-04-10 00:45:22.466810 Epoch [81/100] batch [129/391] loss 0.1375 lr 0.009549150281252642 acc 96.88% eta 0:14:31
2023-04-10 00:45:39,556 - __main__ - INFO - [INFO] 2023-04-10 00:45:39.556050 Epoch [81/100] batch [257/391] loss 0.1470 lr 0.009549150281252642 acc 97.66% eta 0:14:26
2023-04-10 00:45:56,447 - __main__ - INFO - [INFO] 2023-04-10 00:45:56.447295 Epoch [81/100] batch [385/391] loss 0.2399 lr 0.009549150281252642 acc 90.62% eta 0:14:11
2023-04-10 00:45:57,214 - __main__ - INFO - Computing epoch 81 validation accuracy...
2023-04-10 00:46:01,130 - __main__ - INFO - Computing epoch 81 validation loss...
2023-04-10 00:46:05,335 - __main__ - INFO - [INFO] 2023-04-10 00:46:05.335275 Epoch [82/100] batch [1/391] loss 0.2167 lr 0.008645971286271922 acc 91.41% eta 0:17:46
2023-04-10 00:46:22,244 - __main__ - INFO - [INFO] 2023-04-10 00:46:22.244621 Epoch [82/100] batch [129/391] loss 0.1130 lr 0.008645971286271922 acc 96.88% eta 0:13:58
2023-04-10 00:46:39,272 - __main__ - INFO - [INFO] 2023-04-10 00:46:39.272754 Epoch [82/100] batch [257/391] loss 0.1823 lr 0.008645971286271922 acc 96.09% eta 0:13:45
2023-04-10 00:46:56,276 - __main__ - INFO - [INFO] 2023-04-10 00:46:56.276414 Epoch [82/100] batch [385/391] loss 0.2091 lr 0.008645971286271922 acc 93.75% eta 0:13:31
2023-04-10 00:46:57,034 - __main__ - INFO - Computing epoch 82 validation accuracy...
2023-04-10 00:47:00,835 - __main__ - INFO - Computing epoch 82 validation loss...
2023-04-10 00:47:04,944 - __main__ - INFO - [INFO] 2023-04-10 00:47:04.944101 Epoch [83/100] batch [1/391] loss 0.1898 lr 0.007783603724899264 acc 94.53% eta 0:14:13
2023-04-10 00:47:21,711 - __main__ - INFO - [INFO] 2023-04-10 00:47:21.711314 Epoch [83/100] batch [129/391] loss 0.2061 lr 0.007783603724899264 acc 92.19% eta 0:13:05
2023-04-10 00:47:38,936 - __main__ - INFO - [INFO] 2023-04-10 00:47:38.935960 Epoch [83/100] batch [257/391] loss 0.0659 lr 0.007783603724899264 acc 97.66% eta 0:13:03
2023-04-10 00:47:56,092 - __main__ - INFO - [INFO] 2023-04-10 00:47:56.091807 Epoch [83/100] batch [385/391] loss 0.1410 lr 0.007783603724899264 acc 96.88% eta 0:12:50
2023-04-10 00:47:56,870 - __main__ - INFO - Computing epoch 83 validation accuracy...
2023-04-10 00:48:00,733 - __main__ - INFO - Computing epoch 83 validation loss...
2023-04-10 00:48:04,883 - __main__ - INFO - [INFO] 2023-04-10 00:48:04.883140 Epoch [84/100] batch [1/391] loss 0.1013 lr 0.006962898649802819 acc 96.88% eta 0:14:10
2023-04-10 00:48:22,312 - __main__ - INFO - [INFO] 2023-04-10 00:48:22.312165 Epoch [84/100] batch [129/391] loss 0.1420 lr 0.006962898649802819 acc 97.66% eta 0:12:53
2023-04-10 00:48:39,220 - __main__ - INFO - [INFO] 2023-04-10 00:48:39.220054 Epoch [84/100] batch [257/391] loss 0.1050 lr 0.006962898649802819 acc 96.88% eta 0:12:24
2023-04-10 00:48:56,260 - __main__ - INFO - [INFO] 2023-04-10 00:48:56.260547 Epoch [84/100] batch [385/391] loss 0.2101 lr 0.006962898649802819 acc 92.19% eta 0:12:07
2023-04-10 00:48:57,024 - __main__ - INFO - Computing epoch 84 validation accuracy...
2023-04-10 00:49:00,829 - __main__ - INFO - Computing epoch 84 validation loss...
2023-04-10 00:49:04,934 - __main__ - INFO - [INFO] 2023-04-10 00:49:04.934111 Epoch [85/100] batch [1/391] loss 0.1093 lr 0.0061846659978068265 acc 96.09% eta 0:12:20
2023-04-10 00:49:21,915 - __main__ - INFO - [INFO] 2023-04-10 00:49:21.914954 Epoch [85/100] batch [129/391] loss 0.0831 lr 0.0061846659978068265 acc 97.66% eta 0:11:47
2023-04-10 00:49:38,861 - __main__ - INFO - [INFO] 2023-04-10 00:49:38.861654 Epoch [85/100] batch [257/391] loss 0.1606 lr 0.0061846659978068265 acc 93.75% eta 0:11:30
2023-04-10 00:49:55,903 - __main__ - INFO - [INFO] 2023-04-10 00:49:55.903504 Epoch [85/100] batch [385/391] loss 0.0967 lr 0.0061846659978068265 acc 97.66% eta 0:11:16
2023-04-10 00:49:56,699 - __main__ - INFO - Computing epoch 85 validation accuracy...
2023-04-10 00:50:00,579 - __main__ - INFO - Computing epoch 85 validation loss...
2023-04-10 00:50:04,782 - __main__ - INFO - [INFO] 2023-04-10 00:50:04.781887 Epoch [86/100] batch [1/391] loss 0.0557 lr 0.005449673790581615 acc 98.44% eta 0:14:53
2023-04-10 00:50:21,595 - __main__ - INFO - [INFO] 2023-04-10 00:50:21.595222 Epoch [86/100] batch [129/391] loss 0.1310 lr 0.005449673790581615 acc 96.88% eta 0:10:53
2023-04-10 00:50:38,580 - __main__ - INFO - [INFO] 2023-04-10 00:50:38.580024 Epoch [86/100] batch [257/391] loss 0.0568 lr 0.005449673790581615 acc 97.66% eta 0:10:44
2023-04-10 00:50:55,651 - __main__ - INFO - [INFO] 2023-04-10 00:50:55.651124 Epoch [86/100] batch [385/391] loss 0.1299 lr 0.005449673790581615 acc 98.44% eta 0:10:33
2023-04-10 00:50:56,447 - __main__ - INFO - Computing epoch 86 validation accuracy...
2023-04-10 00:51:00,331 - __main__ - INFO - Computing epoch 86 validation loss...
2023-04-10 00:51:04,474 - __main__ - INFO - [INFO] 2023-04-10 00:51:04.474701 Epoch [87/100] batch [1/391] loss 0.1099 lr 0.004758647376699036 acc 96.88% eta 0:10:51
2023-04-10 00:51:21,131 - __main__ - INFO - [INFO] 2023-04-10 00:51:21.131660 Epoch [87/100] batch [129/391] loss 0.1042 lr 0.004758647376699036 acc 98.44% eta 0:10:06
2023-04-10 00:51:38,172 - __main__ - INFO - [INFO] 2023-04-10 00:51:38.172188 Epoch [87/100] batch [257/391] loss 0.0991 lr 0.004758647376699036 acc 96.88% eta 0:09:58
2023-04-10 00:51:55,260 - __main__ - INFO - [INFO] 2023-04-10 00:51:55.260060 Epoch [87/100] batch [385/391] loss 0.1129 lr 0.004758647376699036 acc 96.88% eta 0:09:47
2023-04-10 00:51:56,030 - __main__ - INFO - Computing epoch 87 validation accuracy...
2023-04-10 00:51:59,748 - __main__ - INFO - Computing epoch 87 validation loss...
2023-04-10 00:52:03,836 - __main__ - INFO - [INFO] 2023-04-10 00:52:03.836084 Epoch [88/100] batch [1/391] loss 0.0809 lr 0.004112268715800957 acc 98.44% eta 0:09:59
2023-04-10 00:52:21,045 - __main__ - INFO - [INFO] 2023-04-10 00:52:21.045465 Epoch [88/100] batch [129/391] loss 0.2098 lr 0.004112268715800957 acc 92.19% eta 0:09:41
2023-04-10 00:52:38,205 - __main__ - INFO - [INFO] 2023-04-10 00:52:38.204940 Epoch [88/100] batch [257/391] loss 0.1078 lr 0.004112268715800957 acc 96.09% eta 0:09:25
2023-04-10 00:52:55,922 - __main__ - INFO - [INFO] 2023-04-10 00:52:55.922193 Epoch [88/100] batch [385/391] loss 0.0476 lr 0.004112268715800957 acc 98.44% eta 0:09:17
2023-04-10 00:52:56,795 - __main__ - INFO - Computing epoch 88 validation accuracy...
2023-04-10 00:53:00,860 - __main__ - INFO - Computing epoch 88 validation loss...
2023-04-10 00:53:05,030 - __main__ - INFO - [INFO] 2023-04-10 00:53:05.029984 Epoch [89/100] batch [1/391] loss 0.0867 lr 0.003511175705587435 acc 97.66% eta 0:12:00
2023-04-10 00:53:22,296 - __main__ - INFO - [INFO] 2023-04-10 00:53:22.296349 Epoch [89/100] batch [129/391] loss 0.0412 lr 0.003511175705587435 acc 99.22% eta 0:09:00
2023-04-10 00:53:39,150 - __main__ - INFO - [INFO] 2023-04-10 00:53:39.150742 Epoch [89/100] batch [257/391] loss 0.0562 lr 0.003511175705587435 acc 98.44% eta 0:08:36
2023-04-10 00:53:56,053 - __main__ - INFO - [INFO] 2023-04-10 00:53:56.053371 Epoch [89/100] batch [385/391] loss 0.1847 lr 0.003511175705587435 acc 95.31% eta 0:08:19
2023-04-10 00:53:56,806 - __main__ - INFO - Computing epoch 89 validation accuracy...
2023-04-10 00:54:00,707 - __main__ - INFO - Computing epoch 89 validation loss...
2023-04-10 00:54:04,775 - __main__ - INFO - [INFO] 2023-04-10 00:54:04.775643 Epoch [90/100] batch [1/391] loss 0.0699 lr 0.0029559615522887295 acc 97.66% eta 0:08:49
2023-04-10 00:54:21,814 - __main__ - INFO - [INFO] 2023-04-10 00:54:21.814490 Epoch [90/100] batch [129/391] loss 0.0961 lr 0.0029559615522887295 acc 98.44% eta 0:08:05
2023-04-10 00:54:38,944 - __main__ - INFO - [INFO] 2023-04-10 00:54:38.944271 Epoch [90/100] batch [257/391] loss 0.0931 lr 0.0029559615522887295 acc 97.66% eta 0:07:51
2023-04-10 00:54:56,192 - __main__ - INFO - [INFO] 2023-04-10 00:54:56.192430 Epoch [90/100] batch [385/391] loss 0.1307 lr 0.0029559615522887295 acc 98.44% eta 0:07:38
2023-04-10 00:54:56,954 - __main__ - INFO - Computing epoch 90 validation accuracy...
2023-04-10 00:55:00,845 - __main__ - INFO - Computing epoch 90 validation loss...
2023-04-10 00:55:04,928 - __main__ - INFO - [INFO] 2023-04-10 00:55:04.928783 Epoch [91/100] batch [1/391] loss 0.0857 lr 0.0024471741852423253 acc 96.09% eta 0:07:44
2023-04-10 00:55:21,715 - __main__ - INFO - [INFO] 2023-04-10 00:55:21.714930 Epoch [91/100] batch [129/391] loss 0.0673 lr 0.0024471741852423253 acc 98.44% eta 0:07:11
2023-04-10 00:55:38,585 - __main__ - INFO - [INFO] 2023-04-10 00:55:38.585045 Epoch [91/100] batch [257/391] loss 0.0915 lr 0.0024471741852423253 acc 97.66% eta 0:06:58
2023-04-10 00:55:55,503 - __main__ - INFO - [INFO] 2023-04-10 00:55:55.503752 Epoch [91/100] batch [385/391] loss 0.0958 lr 0.0024471741852423253 acc 96.09% eta 0:06:45
2023-04-10 00:55:56,288 - __main__ - INFO - Computing epoch 91 validation accuracy...
2023-04-10 00:56:00,129 - __main__ - INFO - Computing epoch 91 validation loss...
2023-04-10 00:56:04,241 - __main__ - INFO - [INFO] 2023-04-10 00:56:04.241452 Epoch [92/100] batch [1/391] loss 0.0468 lr 0.0019853157161528537 acc 98.44% eta 0:07:02
2023-04-10 00:56:21,392 - __main__ - INFO - [INFO] 2023-04-10 00:56:21.391952 Epoch [92/100] batch [129/391] loss 0.0426 lr 0.0019853157161528537 acc 100.00% eta 0:06:38
2023-04-10 00:56:38,772 - __main__ - INFO - [INFO] 2023-04-10 00:56:38.772625 Epoch [92/100] batch [257/391] loss 0.0384 lr 0.0019853157161528537 acc 99.22% eta 0:06:25
2023-04-10 00:56:55,650 - __main__ - INFO - [INFO] 2023-04-10 00:56:55.650271 Epoch [92/100] batch [385/391] loss 0.1154 lr 0.0019853157161528537 acc 97.66% eta 0:06:07
2023-04-10 00:56:56,440 - __main__ - INFO - Computing epoch 92 validation accuracy...
2023-04-10 00:57:00,315 - __main__ - INFO - Computing epoch 92 validation loss...
2023-04-10 00:57:04,321 - __main__ - INFO - [INFO] 2023-04-10 00:57:04.320951 Epoch [93/100] batch [1/391] loss 0.1004 lr 0.0015708419435684529 acc 96.88% eta 0:06:03
2023-04-10 00:57:21,138 - __main__ - INFO - [INFO] 2023-04-10 00:57:21.137833 Epoch [93/100] batch [129/391] loss 0.1221 lr 0.0015708419435684529 acc 95.31% eta 0:05:42
2023-04-10 00:57:38,314 - __main__ - INFO - [INFO] 2023-04-10 00:57:38.313810 Epoch [93/100] batch [257/391] loss 0.1174 lr 0.0015708419435684529 acc 96.09% eta 0:05:31
2023-04-10 00:57:55,355 - __main__ - INFO - [INFO] 2023-04-10 00:57:55.354906 Epoch [93/100] batch [385/391] loss 0.0596 lr 0.0015708419435684529 acc 99.22% eta 0:05:17
2023-04-10 00:57:56,129 - __main__ - INFO - Computing epoch 93 validation accuracy...
2023-04-10 00:57:59,974 - __main__ - INFO - Computing epoch 93 validation loss...
2023-04-10 00:58:04,058 - __main__ - INFO - [INFO] 2023-04-10 00:58:04.058702 Epoch [94/100] batch [1/391] loss 0.0743 lr 0.0012041619030626347 acc 99.22% eta 0:05:15
2023-04-10 00:58:21,146 - __main__ - INFO - [INFO] 2023-04-10 00:58:21.146046 Epoch [94/100] batch [129/391] loss 0.0209 lr 0.0012041619030626347 acc 99.22% eta 0:05:04
2023-04-10 00:58:38,363 - __main__ - INFO - [INFO] 2023-04-10 00:58:38.363655 Epoch [94/100] batch [257/391] loss 0.0820 lr 0.0012041619030626347 acc 97.66% eta 0:04:51
2023-04-10 00:58:55,199 - __main__ - INFO - [INFO] 2023-04-10 00:58:55.199354 Epoch [94/100] batch [385/391] loss 0.0341 lr 0.0012041619030626347 acc 100.00% eta 0:04:34
2023-04-10 00:58:55,968 - __main__ - INFO - Computing epoch 94 validation accuracy...
2023-04-10 00:58:59,737 - __main__ - INFO - Computing epoch 94 validation loss...
2023-04-10 00:59:03,876 - __main__ - INFO - [INFO] 2023-04-10 00:59:03.876095 Epoch [95/100] batch [1/391] loss 0.0449 lr 0.0008856374635655646 acc 99.22% eta 0:04:38
2023-04-10 00:59:20,982 - __main__ - INFO - [INFO] 2023-04-10 00:59:20.982404 Epoch [95/100] batch [129/391] loss 0.0309 lr 0.0008856374635655646 acc 100.00% eta 0:04:18
2023-04-10 00:59:38,147 - __main__ - INFO - [INFO] 2023-04-10 00:59:38.147401 Epoch [95/100] batch [257/391] loss 0.0396 lr 0.0008856374635655646 acc 99.22% eta 0:04:04
2023-04-10 00:59:55,037 - __main__ - INFO - [INFO] 2023-04-10 00:59:55.037803 Epoch [95/100] batch [385/391] loss 0.0702 lr 0.0008856374635655646 acc 97.66% eta 0:03:48
2023-04-10 00:59:55,793 - __main__ - INFO - Computing epoch 95 validation accuracy...
2023-04-10 00:59:59,684 - __main__ - INFO - Computing epoch 95 validation loss...
2023-04-10 01:00:03,816 - __main__ - INFO - [INFO] 2023-04-10 01:00:03.816451 Epoch [96/100] batch [1/391] loss 0.0643 lr 0.0006155829702431174 acc 99.22% eta 0:04:00
2023-04-10 01:00:20,850 - __main__ - INFO - [INFO] 2023-04-10 01:00:20.850095 Epoch [96/100] batch [129/391] loss 0.0498 lr 0.0006155829702431174 acc 98.44% eta 0:03:32
2023-04-10 01:00:37,663 - __main__ - INFO - [INFO] 2023-04-10 01:00:37.663258 Epoch [96/100] batch [257/391] loss 0.0496 lr 0.0006155829702431174 acc 98.44% eta 0:03:16
2023-04-10 01:00:54,903 - __main__ - INFO - [INFO] 2023-04-10 01:00:54.903005 Epoch [96/100] batch [385/391] loss 0.0340 lr 0.0006155829702431174 acc 100.00% eta 0:03:02
2023-04-10 01:00:55,689 - __main__ - INFO - Computing epoch 96 validation accuracy...
2023-04-10 01:00:59,493 - __main__ - INFO - Computing epoch 96 validation loss...
2023-04-10 01:01:03,656 - __main__ - INFO - [INFO] 2023-04-10 01:01:03.656097 Epoch [97/100] batch [1/391] loss 0.0736 lr 0.00039426493427611206 acc 98.44% eta 0:03:19
2023-04-10 01:01:20,705 - __main__ - INFO - [INFO] 2023-04-10 01:01:20.705653 Epoch [97/100] batch [129/391] loss 0.0539 lr 0.00039426493427611206 acc 99.22% eta 0:02:47
2023-04-10 01:01:37,734 - __main__ - INFO - [INFO] 2023-04-10 01:01:37.734077 Epoch [97/100] batch [257/391] loss 0.0617 lr 0.00039426493427611206 acc 98.44% eta 0:02:32
2023-04-10 01:01:54,723 - __main__ - INFO - [INFO] 2023-04-10 01:01:54.723480 Epoch [97/100] batch [385/391] loss 0.0239 lr 0.00039426493427611206 acc 100.00% eta 0:02:17
2023-04-10 01:01:55,576 - __main__ - INFO - Computing epoch 97 validation accuracy...
2023-04-10 01:01:59,679 - __main__ - INFO - Computing epoch 97 validation loss...
2023-04-10 01:02:03,743 - __main__ - INFO - [INFO] 2023-04-10 01:02:03.743148 Epoch [98/100] batch [1/391] loss 0.1064 lr 0.00022190176984600036 acc 96.88% eta 0:02:24
2023-04-10 01:02:20,547 - __main__ - INFO - [INFO] 2023-04-10 01:02:20.546831 Epoch [98/100] batch [129/391] loss 0.0586 lr 0.00022190176984600036 acc 97.66% eta 0:01:59
2023-04-10 01:02:37,588 - __main__ - INFO - [INFO] 2023-04-10 01:02:37.588701 Epoch [98/100] batch [257/391] loss 0.0520 lr 0.00022190176984600036 acc 99.22% eta 0:01:45
2023-04-10 01:02:54,601 - __main__ - INFO - [INFO] 2023-04-10 01:02:54.601497 Epoch [98/100] batch [385/391] loss 0.0759 lr 0.00022190176984600036 acc 98.44% eta 0:01:31
2023-04-10 01:02:55,381 - __main__ - INFO - Computing epoch 98 validation accuracy...
2023-04-10 01:02:59,279 - __main__ - INFO - Computing epoch 98 validation loss...
2023-04-10 01:03:03,558 - __main__ - INFO - [INFO] 2023-04-10 01:03:03.558352 Epoch [99/100] batch [1/391] loss 0.0676 lr 9.866357858642213e-05 acc 96.88% eta 0:01:44
2023-04-10 01:03:20,361 - __main__ - INFO - [INFO] 2023-04-10 01:03:20.361692 Epoch [99/100] batch [129/391] loss 0.0181 lr 9.866357858642213e-05 acc 100.00% eta 0:01:14
2023-04-10 01:03:37,513 - __main__ - INFO - [INFO] 2023-04-10 01:03:37.513573 Epoch [99/100] batch [257/391] loss 0.0443 lr 9.866357858642213e-05 acc 99.22% eta 0:01:00
2023-04-10 01:03:54,734 - __main__ - INFO - [INFO] 2023-04-10 01:03:54.734681 Epoch [99/100] batch [385/391] loss 0.0402 lr 9.866357858642213e-05 acc 98.44% eta 0:00:46
2023-04-10 01:03:55,528 - __main__ - INFO - Computing epoch 99 validation accuracy...
2023-04-10 01:03:59,427 - __main__ - INFO - Computing epoch 99 validation loss...
2023-04-10 01:04:03,592 - __main__ - INFO - [INFO] 2023-04-10 01:04:03.591932 Epoch [100/100] batch [1/391] loss 0.0351 lr 2.4671981713420017e-05 acc 99.22% eta 0:00:52
2023-04-10 01:04:20,488 - __main__ - INFO - [INFO] 2023-04-10 01:04:20.488697 Epoch [100/100] batch [129/391] loss 0.0566 lr 2.4671981713420017e-05 acc 98.44% eta 0:00:30
2023-04-10 01:04:37,428 - __main__ - INFO - [INFO] 2023-04-10 01:04:37.428221 Epoch [100/100] batch [257/391] loss 0.0647 lr 2.4671981713420017e-05 acc 97.66% eta 0:00:15
2023-04-10 01:04:54,596 - __main__ - INFO - [INFO] 2023-04-10 01:04:54.595950 Epoch [100/100] batch [385/391] loss 0.0858 lr 2.4671981713420017e-05 acc 96.88% eta 0:00:00
2023-04-10 01:04:55,390 - __main__ - INFO - Computing epoch 100 validation accuracy...
2023-04-10 01:04:59,197 - __main__ - INFO - Computing epoch 100 validation loss...
2023-04-10 01:05:03,007 - __main__ - INFO - Reading testing data set cifar10
2023-04-10 01:05:03,717 - __main__ - INFO - Loading trained model...
2023-04-10 01:05:08,175 - __main__ - INFO - Testing acc : 92.96%.
