2023-04-10 22:59:24,106 - __main__ - INFO - 

2023-04-10 22:59:24,106 - __main__ - INFO - ***************
2023-04-10 22:59:24,106 - __main__ - INFO - ** Arguments **
2023-04-10 22:59:24,106 - __main__ - INFO - ***************
2023-04-10 22:59:24,106 - __main__ - INFO - backbone: resnet56
2023-04-10 22:59:24,106 - __main__ - INFO - dataname: cifar100
2023-04-10 22:59:24,106 - __main__ - INFO - drop_method: db
2023-04-10 22:59:24,106 - __main__ - INFO - drop_rate: 0.3
2023-04-10 22:59:24,106 - __main__ - INFO - eval_only: 0
2023-04-10 22:59:24,107 - __main__ - INFO - output_path: checkpoints/cifar100/resnet56/drop_db/rate_0.3/seed3
2023-04-10 22:59:24,107 - __main__ - INFO - part_rate: 0.1
2023-04-10 22:59:24,107 - __main__ - INFO - seed: 3
2023-04-10 22:59:24,107 - __main__ - INFO - weight_decay: 0.0005
2023-04-10 22:59:24,107 - __main__ - INFO - ************
2023-04-10 22:59:24,107 - __main__ - INFO - ** Config **
2023-04-10 22:59:24,107 - __main__ - INFO - ************
2023-04-10 22:59:24,107 - __main__ - INFO - {'DATALOADER': {'PATH': './data', 'DATANAME': 'cifar100', 'BATCH_SIZE': 128, 'NUM_CLASSES': 100}, 'INPUT': {'SIZE': [32, 32], 'PIXEL_MEAN': [0.4914, 0.4822, 0.4465], 'PIXEL_STD': [0.2023, 0.1994, 0.201]}, 'OUTPUT': {'DIR': 'checkpoints/cifar100/resnet56/drop_db/rate_0.3/seed3'}, 'SEED': 3, 'OPTIM': {'LR': 0.1, 'MAX_EPOCH': 100, 'LR_SCHEDULER': 'step', 'LR_MILESTONES': [20, 40, 80, 120, 140], 'LR_DECAY': 0.2, 'PART_RATE': 0.1, 'WEIGHT_DECAY': 0.0005, 'DROP_RATE': 0.3, 'DROP_METHOD': 'db', 'BLOCK_SIZE': 7}, 'MODEL': {'BACKBONE': 'resnet56'}}
2023-04-10 22:59:24,153 - __main__ - INFO - Reading training data set cifar100
2023-04-10 22:59:26,163 - __main__ - INFO - Loading raw model
2023-04-10 22:59:29,685 - __main__ - INFO - 
Saving everything to checkpoints/cifar100/resnet56/drop_db/rate_0.3/seed3
2023-04-10 22:59:29,685 - __main__ - INFO - Start training...
2023-04-10 22:59:35,424 - __main__ - INFO - [INFO] 2023-04-10 22:59:35.424927 Epoch [1/100] batch [1/391] loss 7.9258 lr 0.1 acc 1.56% eta 2 days, 14:08:54
2023-04-10 22:59:52,331 - __main__ - INFO - [INFO] 2023-04-10 22:59:52.331076 Epoch [1/100] batch [129/391] loss 4.5430 lr 0.1 acc 1.56% eta 1:41:50
2023-04-10 23:00:09,362 - __main__ - INFO - [INFO] 2023-04-10 23:00:09.361827 Epoch [1/100] batch [257/391] loss 4.2734 lr 0.1 acc 2.34% eta 1:28:08
2023-04-10 23:00:26,453 - __main__ - INFO - [INFO] 2023-04-10 23:00:26.453533 Epoch [1/100] batch [385/391] loss 3.9590 lr 0.1 acc 6.25% eta 1:23:22
2023-04-10 23:00:27,253 - __main__ - INFO - Computing epoch 1 validation accuracy...
2023-04-10 23:00:31,253 - __main__ - INFO - Computing epoch 1 validation loss...
2023-04-10 23:00:35,488 - __main__ - INFO - [INFO] 2023-04-10 23:00:35.488242 Epoch [2/100] batch [1/391] loss 3.8809 lr 0.09997532801828658 acc 8.59% eta 1:16:34
2023-04-10 23:00:53,026 - __main__ - INFO - [INFO] 2023-04-10 23:00:53.026631 Epoch [2/100] batch [129/391] loss 3.8984 lr 0.09997532801828658 acc 11.72% eta 1:16:29
2023-04-10 23:01:10,311 - __main__ - INFO - [INFO] 2023-04-10 23:01:10.311365 Epoch [2/100] batch [257/391] loss 3.6641 lr 0.09997532801828658 acc 14.06% eta 1:15:32
2023-04-10 23:01:27,099 - __main__ - INFO - [INFO] 2023-04-10 23:01:27.099217 Epoch [2/100] batch [385/391] loss 3.6680 lr 0.09997532801828658 acc 16.41% eta 1:14:17
2023-04-10 23:01:27,855 - __main__ - INFO - Computing epoch 2 validation accuracy...
2023-04-10 23:01:31,979 - __main__ - INFO - Computing epoch 2 validation loss...
2023-04-10 23:01:36,146 - __main__ - INFO - [INFO] 2023-04-10 23:01:36.146412 Epoch [3/100] batch [1/391] loss 3.5098 lr 0.09990133642141358 acc 19.53% eta 1:14:21
2023-04-10 23:01:53,170 - __main__ - INFO - [INFO] 2023-04-10 23:01:53.170722 Epoch [3/100] batch [129/391] loss 3.4258 lr 0.09990133642141358 acc 16.41% eta 1:13:15
2023-04-10 23:02:10,391 - __main__ - INFO - [INFO] 2023-04-10 23:02:10.391644 Epoch [3/100] batch [257/391] loss 3.4277 lr 0.09990133642141358 acc 15.62% eta 1:13:31
2023-04-10 23:02:27,390 - __main__ - INFO - [INFO] 2023-04-10 23:02:27.389929 Epoch [3/100] batch [385/391] loss 3.2305 lr 0.09990133642141358 acc 16.41% eta 1:13:00
2023-04-10 23:02:28,183 - __main__ - INFO - Computing epoch 3 validation accuracy...
2023-04-10 23:02:32,126 - __main__ - INFO - Computing epoch 3 validation loss...
2023-04-10 23:02:36,333 - __main__ - INFO - [INFO] 2023-04-10 23:02:36.332634 Epoch [4/100] batch [1/391] loss 3.1328 lr 0.099778098230154 acc 23.44% eta 1:54:48
2023-04-10 23:02:53,764 - __main__ - INFO - [INFO] 2023-04-10 23:02:53.764642 Epoch [4/100] batch [129/391] loss 3.0938 lr 0.099778098230154 acc 23.44% eta 1:14:56
2023-04-10 23:03:11,130 - __main__ - INFO - [INFO] 2023-04-10 23:03:11.130186 Epoch [4/100] batch [257/391] loss 3.0762 lr 0.099778098230154 acc 23.44% eta 1:14:15
2023-04-10 23:03:28,037 - __main__ - INFO - [INFO] 2023-04-10 23:03:28.037547 Epoch [4/100] batch [385/391] loss 3.0234 lr 0.099778098230154 acc 28.91% eta 1:13:04
2023-04-10 23:03:28,816 - __main__ - INFO - Computing epoch 4 validation accuracy...
2023-04-10 23:03:32,745 - __main__ - INFO - Computing epoch 4 validation loss...
2023-04-10 23:03:36,953 - __main__ - INFO - [INFO] 2023-04-10 23:03:36.953576 Epoch [5/100] batch [1/391] loss 2.6562 lr 0.0996057350657239 acc 29.69% eta 1:17:33
2023-04-10 23:03:53,944 - __main__ - INFO - [INFO] 2023-04-10 23:03:53.943997 Epoch [5/100] batch [129/391] loss 2.7070 lr 0.0996057350657239 acc 28.91% eta 1:11:37
2023-04-10 23:04:11,991 - __main__ - INFO - [INFO] 2023-04-10 23:04:11.990938 Epoch [5/100] batch [257/391] loss 2.8105 lr 0.0996057350657239 acc 28.12% eta 1:14:10
2023-04-10 23:04:29,599 - __main__ - INFO - [INFO] 2023-04-10 23:04:29.598958 Epoch [5/100] batch [385/391] loss 2.9258 lr 0.0996057350657239 acc 31.25% eta 1:14:08
2023-04-10 23:04:30,379 - __main__ - INFO - Computing epoch 5 validation accuracy...
2023-04-10 23:04:34,274 - __main__ - INFO - Computing epoch 5 validation loss...
2023-04-10 23:04:38,463 - __main__ - INFO - [INFO] 2023-04-10 23:04:38.463489 Epoch [6/100] batch [1/391] loss 2.9531 lr 0.09938441702975688 acc 28.12% eta 1:21:45
2023-04-10 23:04:56,064 - __main__ - INFO - [INFO] 2023-04-10 23:04:56.064159 Epoch [6/100] batch [129/391] loss 2.8984 lr 0.09938441702975688 acc 26.56% eta 1:14:08
2023-04-10 23:05:13,209 - __main__ - INFO - [INFO] 2023-04-10 23:05:13.209429 Epoch [6/100] batch [257/391] loss 2.4473 lr 0.09938441702975688 acc 32.03% eta 1:12:43
2023-04-10 23:05:30,355 - __main__ - INFO - [INFO] 2023-04-10 23:05:30.355503 Epoch [6/100] batch [385/391] loss 2.5137 lr 0.09938441702975688 acc 42.19% eta 1:12:00
2023-04-10 23:05:31,119 - __main__ - INFO - Computing epoch 6 validation accuracy...
2023-04-10 23:05:35,167 - __main__ - INFO - Computing epoch 6 validation loss...
2023-04-10 23:05:39,564 - __main__ - INFO - [INFO] 2023-04-10 23:05:39.564488 Epoch [7/100] batch [1/391] loss 2.3555 lr 0.09911436253643444 acc 31.25% eta 1:28:30
2023-04-10 23:05:57,599 - __main__ - INFO - [INFO] 2023-04-10 23:05:57.598941 Epoch [7/100] batch [129/391] loss 2.5430 lr 0.09911436253643444 acc 30.47% eta 1:15:31
2023-04-10 23:06:15,671 - __main__ - INFO - [INFO] 2023-04-10 23:06:15.671432 Epoch [7/100] batch [257/391] loss 2.5879 lr 0.09911436253643444 acc 32.03% eta 1:15:23
2023-04-10 23:06:33,482 - __main__ - INFO - [INFO] 2023-04-10 23:06:33.481920 Epoch [7/100] batch [385/391] loss 2.4180 lr 0.09911436253643444 acc 36.72% eta 1:14:48
2023-04-10 23:06:34,356 - __main__ - INFO - Computing epoch 7 validation accuracy...
2023-04-10 23:06:38,426 - __main__ - INFO - Computing epoch 7 validation loss...
2023-04-10 23:06:42,632 - __main__ - INFO - [INFO] 2023-04-10 23:06:42.632329 Epoch [8/100] batch [1/391] loss 2.5938 lr 0.09879583809693737 acc 27.34% eta 1:24:23
2023-04-10 23:07:00,580 - __main__ - INFO - [INFO] 2023-04-10 23:07:00.580750 Epoch [8/100] batch [129/391] loss 2.0625 lr 0.09879583809693737 acc 48.44% eta 1:14:41
2023-04-10 23:07:18,420 - __main__ - INFO - [INFO] 2023-04-10 23:07:18.420806 Epoch [8/100] batch [257/391] loss 2.1816 lr 0.09879583809693737 acc 33.59% eta 1:14:04
2023-04-10 23:07:36,307 - __main__ - INFO - [INFO] 2023-04-10 23:07:36.306807 Epoch [8/100] batch [385/391] loss 2.5820 lr 0.09879583809693737 acc 33.59% eta 1:13:49
2023-04-10 23:07:37,132 - __main__ - INFO - Computing epoch 8 validation accuracy...
2023-04-10 23:07:41,041 - __main__ - INFO - Computing epoch 8 validation loss...
2023-04-10 23:07:45,282 - __main__ - INFO - [INFO] 2023-04-10 23:07:45.282085 Epoch [9/100] batch [1/391] loss 2.2090 lr 0.09842915805643156 acc 36.72% eta 1:17:46
2023-04-10 23:08:03,133 - __main__ - INFO - [INFO] 2023-04-10 23:08:03.133335 Epoch [9/100] batch [129/391] loss 2.1660 lr 0.09842915805643156 acc 39.06% eta 1:13:20
2023-04-10 23:08:21,139 - __main__ - INFO - [INFO] 2023-04-10 23:08:21.139784 Epoch [9/100] batch [257/391] loss 2.2656 lr 0.09842915805643156 acc 42.19% eta 1:13:23
2023-04-10 23:08:38,944 - __main__ - INFO - [INFO] 2023-04-10 23:08:38.944151 Epoch [9/100] batch [385/391] loss 2.1895 lr 0.09842915805643156 acc 39.84% eta 1:12:58
2023-04-10 23:08:39,868 - __main__ - INFO - Computing epoch 9 validation accuracy...
2023-04-10 23:08:44,044 - __main__ - INFO - Computing epoch 9 validation loss...
2023-04-10 23:08:48,203 - __main__ - INFO - [INFO] 2023-04-10 23:08:48.203190 Epoch [10/100] batch [1/391] loss 2.3320 lr 0.09801468428384716 acc 30.47% eta 1:15:27
2023-04-10 23:09:05,905 - __main__ - INFO - [INFO] 2023-04-10 23:09:05.905196 Epoch [10/100] batch [129/391] loss 2.3164 lr 0.09801468428384716 acc 39.84% eta 1:11:48
2023-04-10 23:09:23,830 - __main__ - INFO - [INFO] 2023-04-10 23:09:23.830643 Epoch [10/100] batch [257/391] loss 2.4980 lr 0.09801468428384716 acc 42.97% eta 1:12:05
2023-04-10 23:09:41,619 - __main__ - INFO - [INFO] 2023-04-10 23:09:41.619737 Epoch [10/100] batch [385/391] loss 2.1230 lr 0.09801468428384716 acc 39.84% eta 1:11:45
2023-04-10 23:09:42,473 - __main__ - INFO - Computing epoch 10 validation accuracy...
2023-04-10 23:09:46,411 - __main__ - INFO - Computing epoch 10 validation loss...
2023-04-10 23:09:50,744 - __main__ - INFO - [INFO] 2023-04-10 23:09:50.744420 Epoch [11/100] batch [1/391] loss 2.2285 lr 0.09755282581475769 acc 36.72% eta 1:11:01
2023-04-10 23:10:08,636 - __main__ - INFO - [INFO] 2023-04-10 23:10:08.636296 Epoch [11/100] batch [129/391] loss 2.2031 lr 0.09755282581475769 acc 37.50% eta 1:11:46
2023-04-10 23:10:26,296 - __main__ - INFO - [INFO] 2023-04-10 23:10:26.296073 Epoch [11/100] batch [257/391] loss 2.2070 lr 0.09755282581475769 acc 39.84% eta 1:10:54
2023-04-10 23:10:44,469 - __main__ - INFO - [INFO] 2023-04-10 23:10:44.468852 Epoch [11/100] batch [385/391] loss 2.2344 lr 0.09755282581475769 acc 39.06% eta 1:11:13
2023-04-10 23:10:45,271 - __main__ - INFO - Computing epoch 11 validation accuracy...
2023-04-10 23:10:49,277 - __main__ - INFO - Computing epoch 11 validation loss...
2023-04-10 23:10:53,555 - __main__ - INFO - [INFO] 2023-04-10 23:10:53.555045 Epoch [12/100] batch [1/391] loss 2.1582 lr 0.09704403844771128 acc 37.50% eta 1:12:38
2023-04-10 23:11:11,106 - __main__ - INFO - [INFO] 2023-04-10 23:11:11.106100 Epoch [12/100] batch [129/391] loss 2.2168 lr 0.09704403844771128 acc 32.03% eta 1:09:31
2023-04-10 23:11:28,721 - __main__ - INFO - [INFO] 2023-04-10 23:11:28.721744 Epoch [12/100] batch [257/391] loss 2.0234 lr 0.09704403844771128 acc 39.84% eta 1:09:34
2023-04-10 23:11:46,657 - __main__ - INFO - [INFO] 2023-04-10 23:11:46.657339 Epoch [12/100] batch [385/391] loss 1.9453 lr 0.09704403844771128 acc 40.62% eta 1:09:43
2023-04-10 23:11:47,510 - __main__ - INFO - Computing epoch 12 validation accuracy...
2023-04-10 23:11:51,497 - __main__ - INFO - Computing epoch 12 validation loss...
2023-04-10 23:11:55,692 - __main__ - INFO - [INFO] 2023-04-10 23:11:55.692325 Epoch [13/100] batch [1/391] loss 1.8184 lr 0.09648882429441258 acc 41.41% eta 1:11:55
2023-04-10 23:12:13,416 - __main__ - INFO - [INFO] 2023-04-10 23:12:13.416485 Epoch [13/100] batch [129/391] loss 2.2090 lr 0.09648882429441258 acc 41.41% eta 1:09:18
2023-04-10 23:12:31,119 - __main__ - INFO - [INFO] 2023-04-10 23:12:31.119318 Epoch [13/100] batch [257/391] loss 1.9619 lr 0.09648882429441258 acc 39.84% eta 1:09:11
2023-04-10 23:12:49,033 - __main__ - INFO - [INFO] 2023-04-10 23:12:49.033777 Epoch [13/100] batch [385/391] loss 2.0137 lr 0.09648882429441258 acc 38.28% eta 1:09:09
2023-04-10 23:12:49,826 - __main__ - INFO - Computing epoch 13 validation accuracy...
2023-04-10 23:12:53,837 - __main__ - INFO - Computing epoch 13 validation loss...
2023-04-10 23:12:57,995 - __main__ - INFO - [INFO] 2023-04-10 23:12:57.995801 Epoch [14/100] batch [1/391] loss 2.0293 lr 0.09588773128419906 acc 40.62% eta 1:16:38
2023-04-10 23:13:15,601 - __main__ - INFO - [INFO] 2023-04-10 23:13:15.601803 Epoch [14/100] batch [129/391] loss 2.0684 lr 0.09588773128419906 acc 41.41% eta 1:08:15
2023-04-10 23:13:33,192 - __main__ - INFO - [INFO] 2023-04-10 23:13:33.192375 Epoch [14/100] batch [257/391] loss 1.9600 lr 0.09588773128419906 acc 46.09% eta 1:08:00
2023-04-10 23:13:50,693 - __main__ - INFO - [INFO] 2023-04-10 23:13:50.693416 Epoch [14/100] batch [385/391] loss 1.9785 lr 0.09588773128419906 acc 41.41% eta 1:07:34
2023-04-10 23:13:51,491 - __main__ - INFO - Computing epoch 14 validation accuracy...
2023-04-10 23:13:55,431 - __main__ - INFO - Computing epoch 14 validation loss...
2023-04-10 23:13:59,613 - __main__ - INFO - [INFO] 2023-04-10 23:13:59.613184 Epoch [15/100] batch [1/391] loss 1.8750 lr 0.09524135262330098 acc 54.69% eta 1:16:04
2023-04-10 23:14:17,215 - __main__ - INFO - [INFO] 2023-04-10 23:14:17.215069 Epoch [15/100] batch [129/391] loss 1.8594 lr 0.09524135262330098 acc 42.97% eta 1:07:28
2023-04-10 23:14:34,679 - __main__ - INFO - [INFO] 2023-04-10 23:14:34.679261 Epoch [15/100] batch [257/391] loss 1.9531 lr 0.09524135262330098 acc 48.44% eta 1:06:55
2023-04-10 23:14:52,350 - __main__ - INFO - [INFO] 2023-04-10 23:14:52.350453 Epoch [15/100] batch [385/391] loss 1.6025 lr 0.09524135262330098 acc 55.47% eta 1:06:54
2023-04-10 23:14:53,173 - __main__ - INFO - Computing epoch 15 validation accuracy...
2023-04-10 23:14:57,181 - __main__ - INFO - Computing epoch 15 validation loss...
2023-04-10 23:15:01,488 - __main__ - INFO - [INFO] 2023-04-10 23:15:01.488075 Epoch [16/100] batch [1/391] loss 1.9307 lr 0.0945503262094184 acc 48.44% eta 1:20:00
2023-04-10 23:15:19,505 - __main__ - INFO - [INFO] 2023-04-10 23:15:19.504921 Epoch [16/100] batch [129/391] loss 2.1875 lr 0.0945503262094184 acc 36.72% eta 1:08:33
2023-04-10 23:15:37,414 - __main__ - INFO - [INFO] 2023-04-10 23:15:37.414599 Epoch [16/100] batch [257/391] loss 1.7617 lr 0.0945503262094184 acc 39.84% eta 1:07:57
2023-04-10 23:15:55,089 - __main__ - INFO - [INFO] 2023-04-10 23:15:55.089599 Epoch [16/100] batch [385/391] loss 1.6973 lr 0.0945503262094184 acc 50.78% eta 1:07:18
2023-04-10 23:15:55,913 - __main__ - INFO - Computing epoch 16 validation accuracy...
2023-04-10 23:16:00,030 - __main__ - INFO - Computing epoch 16 validation loss...
2023-04-10 23:16:04,218 - __main__ - INFO - [INFO] 2023-04-10 23:16:04.217906 Epoch [17/100] batch [1/391] loss 2.0527 lr 0.09381533400219319 acc 39.84% eta 1:10:12
2023-04-10 23:16:21,610 - __main__ - INFO - [INFO] 2023-04-10 23:16:21.610721 Epoch [17/100] batch [129/391] loss 2.0918 lr 0.09381533400219319 acc 35.16% eta 1:05:02
2023-04-10 23:16:38,974 - __main__ - INFO - [INFO] 2023-04-10 23:16:38.974175 Epoch [17/100] batch [257/391] loss 1.9346 lr 0.09381533400219319 acc 46.09% eta 1:04:40
2023-04-10 23:16:56,357 - __main__ - INFO - [INFO] 2023-04-10 23:16:56.357398 Epoch [17/100] batch [385/391] loss 1.7607 lr 0.09381533400219319 acc 43.75% eta 1:04:28
2023-04-10 23:16:57,153 - __main__ - INFO - Computing epoch 17 validation accuracy...
2023-04-10 23:17:01,225 - __main__ - INFO - Computing epoch 17 validation loss...
2023-04-10 23:17:05,438 - __main__ - INFO - [INFO] 2023-04-10 23:17:05.438655 Epoch [18/100] batch [1/391] loss 1.8643 lr 0.0930371013501972 acc 39.06% eta 1:04:40
2023-04-10 23:17:23,129 - __main__ - INFO - [INFO] 2023-04-10 23:17:23.128858 Epoch [18/100] batch [129/391] loss 2.1523 lr 0.0930371013501972 acc 46.88% eta 1:05:28
2023-04-10 23:17:40,753 - __main__ - INFO - [INFO] 2023-04-10 23:17:40.753354 Epoch [18/100] batch [257/391] loss 2.3574 lr 0.0930371013501972 acc 28.91% eta 1:04:58
2023-04-10 23:17:57,665 - __main__ - INFO - [INFO] 2023-04-10 23:17:57.665108 Epoch [18/100] batch [385/391] loss 1.7021 lr 0.0930371013501972 acc 58.59% eta 1:03:38
2023-04-10 23:17:58,442 - __main__ - INFO - Computing epoch 18 validation accuracy...
2023-04-10 23:18:02,529 - __main__ - INFO - Computing epoch 18 validation loss...
2023-04-10 23:18:06,777 - __main__ - INFO - [INFO] 2023-04-10 23:18:06.777597 Epoch [19/100] batch [1/391] loss 1.6533 lr 0.09221639627510078 acc 53.91% eta 1:06:46
2023-04-10 23:18:24,361 - __main__ - INFO - [INFO] 2023-04-10 23:18:24.360986 Epoch [19/100] batch [129/391] loss 1.8262 lr 0.09221639627510078 acc 50.78% eta 1:03:57
2023-04-10 23:18:41,640 - __main__ - INFO - [INFO] 2023-04-10 23:18:41.640707 Epoch [19/100] batch [257/391] loss 1.9160 lr 0.09221639627510078 acc 46.09% eta 1:03:04
2023-04-10 23:18:59,190 - __main__ - INFO - [INFO] 2023-04-10 23:18:59.189983 Epoch [19/100] batch [385/391] loss 1.8164 lr 0.09221639627510078 acc 41.41% eta 1:03:05
2023-04-10 23:18:59,977 - __main__ - INFO - Computing epoch 19 validation accuracy...
2023-04-10 23:19:03,885 - __main__ - INFO - Computing epoch 19 validation loss...
2023-04-10 23:19:08,098 - __main__ - INFO - [INFO] 2023-04-10 23:19:08.097958 Epoch [20/100] batch [1/391] loss 2.0586 lr 0.09135402871372812 acc 38.28% eta 1:22:59
2023-04-10 23:19:25,873 - __main__ - INFO - [INFO] 2023-04-10 23:19:25.873426 Epoch [20/100] batch [129/391] loss 1.7324 lr 0.09135402871372812 acc 49.22% eta 1:04:15
2023-04-10 23:19:43,182 - __main__ - INFO - [INFO] 2023-04-10 23:19:43.182371 Epoch [20/100] batch [257/391] loss 1.8291 lr 0.09135402871372812 acc 28.12% eta 1:03:04
2023-04-10 23:20:00,611 - __main__ - INFO - [INFO] 2023-04-10 23:20:00.611529 Epoch [20/100] batch [385/391] loss 1.9102 lr 0.09135402871372812 acc 49.22% eta 1:02:38
2023-04-10 23:20:01,427 - __main__ - INFO - Computing epoch 20 validation accuracy...
2023-04-10 23:20:05,490 - __main__ - INFO - Computing epoch 20 validation loss...
2023-04-10 23:20:09,712 - __main__ - INFO - [INFO] 2023-04-10 23:20:09.712373 Epoch [21/100] batch [1/391] loss 1.7383 lr 0.09045084971874741 acc 50.78% eta 1:03:30
2023-04-10 23:20:27,218 - __main__ - INFO - [INFO] 2023-04-10 23:20:27.218118 Epoch [21/100] batch [129/391] loss 2.0371 lr 0.09045084971874741 acc 49.22% eta 1:02:31
2023-04-10 23:20:44,884 - __main__ - INFO - [INFO] 2023-04-10 23:20:44.883845 Epoch [21/100] batch [257/391] loss 2.2402 lr 0.09045084971874741 acc 33.59% eta 1:02:32
2023-04-10 23:21:02,407 - __main__ - INFO - [INFO] 2023-04-10 23:21:02.407475 Epoch [21/100] batch [385/391] loss 1.7764 lr 0.09045084971874741 acc 46.88% eta 1:02:12
2023-04-10 23:21:03,193 - __main__ - INFO - Computing epoch 21 validation accuracy...
2023-04-10 23:21:07,216 - __main__ - INFO - Computing epoch 21 validation loss...
2023-04-10 23:21:11,750 - __main__ - INFO - [INFO] 2023-04-10 23:21:11.750596 Epoch [22/100] batch [1/391] loss 1.4443 lr 0.08950775061878455 acc 60.94% eta 1:06:23
2023-04-10 23:21:29,834 - __main__ - INFO - [INFO] 2023-04-10 23:21:29.834405 Epoch [22/100] batch [129/391] loss 1.7354 lr 0.08950775061878455 acc 50.78% eta 1:03:33
2023-04-10 23:21:48,346 - __main__ - INFO - [INFO] 2023-04-10 23:21:48.345916 Epoch [22/100] batch [257/391] loss 1.7109 lr 0.08950775061878455 acc 45.31% eta 1:04:05
2023-04-10 23:22:06,277 - __main__ - INFO - [INFO] 2023-04-10 23:22:06.277436 Epoch [22/100] batch [385/391] loss 2.0039 lr 0.08950775061878455 acc 45.31% eta 1:03:27
2023-04-10 23:22:07,110 - __main__ - INFO - Computing epoch 22 validation accuracy...
2023-04-10 23:22:11,043 - __main__ - INFO - Computing epoch 22 validation loss...
2023-04-10 23:22:15,356 - __main__ - INFO - [INFO] 2023-04-10 23:22:15.356572 Epoch [23/100] batch [1/391] loss 1.6797 lr 0.0885256621387895 acc 47.66% eta 1:05:56
2023-04-10 23:22:33,373 - __main__ - INFO - [INFO] 2023-04-10 23:22:33.372999 Epoch [23/100] batch [129/391] loss 1.5215 lr 0.0885256621387895 acc 49.22% eta 1:02:46
2023-04-10 23:22:51,445 - __main__ - INFO - [INFO] 2023-04-10 23:22:51.445238 Epoch [23/100] batch [257/391] loss 1.7822 lr 0.0885256621387895 acc 49.22% eta 1:02:34
2023-04-10 23:23:09,162 - __main__ - INFO - [INFO] 2023-04-10 23:23:09.162423 Epoch [23/100] batch [385/391] loss 1.6543 lr 0.0885256621387895 acc 50.00% eta 1:01:52
2023-04-10 23:23:09,952 - __main__ - INFO - Computing epoch 23 validation accuracy...
2023-04-10 23:23:13,885 - __main__ - INFO - Computing epoch 23 validation loss...
2023-04-10 23:23:18,033 - __main__ - INFO - [INFO] 2023-04-10 23:23:18.033312 Epoch [24/100] batch [1/391] loss 1.7197 lr 0.08750555348152302 acc 54.69% eta 1:00:05
2023-04-10 23:23:35,610 - __main__ - INFO - [INFO] 2023-04-10 23:23:35.610416 Epoch [24/100] batch [129/391] loss 1.9492 lr 0.08750555348152302 acc 39.84% eta 1:00:33
2023-04-10 23:23:53,332 - __main__ - INFO - [INFO] 2023-04-10 23:23:53.332492 Epoch [24/100] batch [257/391] loss 1.7949 lr 0.08750555348152302 acc 44.53% eta 1:00:31
2023-04-10 23:24:11,178 - __main__ - INFO - [INFO] 2023-04-10 23:24:11.178444 Epoch [24/100] batch [385/391] loss 1.9287 lr 0.08750555348152302 acc 40.62% eta 1:00:24
2023-04-10 23:24:11,990 - __main__ - INFO - Computing epoch 24 validation accuracy...
2023-04-10 23:24:15,839 - __main__ - INFO - Computing epoch 24 validation loss...
2023-04-10 23:24:19,948 - __main__ - INFO - [INFO] 2023-04-10 23:24:19.948158 Epoch [25/100] batch [1/391] loss 1.8037 lr 0.08644843137107061 acc 46.88% eta 0:59:56
2023-04-10 23:24:37,981 - __main__ - INFO - [INFO] 2023-04-10 23:24:37.981401 Epoch [25/100] batch [129/391] loss 1.5078 lr 0.08644843137107061 acc 61.72% eta 1:01:09
2023-04-10 23:24:55,572 - __main__ - INFO - [INFO] 2023-04-10 23:24:55.571943 Epoch [25/100] batch [257/391] loss 1.6279 lr 0.08644843137107061 acc 50.00% eta 1:00:11
2023-04-10 23:25:13,470 - __main__ - INFO - [INFO] 2023-04-10 23:25:13.470408 Epoch [25/100] batch [385/391] loss 1.7246 lr 0.08644843137107061 acc 46.88% eta 1:00:01
2023-04-10 23:25:14,256 - __main__ - INFO - Computing epoch 25 validation accuracy...
2023-04-10 23:25:18,408 - __main__ - INFO - Computing epoch 25 validation loss...
2023-04-10 23:25:22,478 - __main__ - INFO - [INFO] 2023-04-10 23:25:22.478728 Epoch [26/100] batch [1/391] loss 1.8955 lr 0.0853553390593274 acc 46.88% eta 1:06:01
2023-04-10 23:25:40,033 - __main__ - INFO - [INFO] 2023-04-10 23:25:40.033682 Epoch [26/100] batch [129/391] loss 1.9277 lr 0.0853553390593274 acc 42.19% eta 0:58:42
2023-04-10 23:25:57,533 - __main__ - INFO - [INFO] 2023-04-10 23:25:57.532873 Epoch [26/100] batch [257/391] loss 1.6709 lr 0.0853553390593274 acc 54.69% eta 0:58:22
2023-04-10 23:26:15,411 - __main__ - INFO - [INFO] 2023-04-10 23:26:15.411017 Epoch [26/100] batch [385/391] loss 1.7217 lr 0.0853553390593274 acc 45.31% eta 0:58:28
2023-04-10 23:26:16,210 - __main__ - INFO - Computing epoch 26 validation accuracy...
2023-04-10 23:26:20,182 - __main__ - INFO - Computing epoch 26 validation loss...
2023-04-10 23:26:24,378 - __main__ - INFO - [INFO] 2023-04-10 23:26:24.377958 Epoch [27/100] batch [1/391] loss 1.5117 lr 0.08422735529643446 acc 53.91% eta 1:00:28
2023-04-10 23:26:42,418 - __main__ - INFO - [INFO] 2023-04-10 23:26:42.418475 Epoch [27/100] batch [129/391] loss 1.6934 lr 0.08422735529643446 acc 50.00% eta 0:59:27
2023-04-10 23:27:00,010 - __main__ - INFO - [INFO] 2023-04-10 23:27:00.010299 Epoch [27/100] batch [257/391] loss 1.8467 lr 0.08422735529643446 acc 50.78% eta 0:58:31
2023-04-10 23:27:17,650 - __main__ - INFO - [INFO] 2023-04-10 23:27:17.650304 Epoch [27/100] batch [385/391] loss 1.7666 lr 0.08422735529643446 acc 45.31% eta 0:58:08
2023-04-10 23:27:18,447 - __main__ - INFO - Computing epoch 27 validation accuracy...
2023-04-10 23:27:22,351 - __main__ - INFO - Computing epoch 27 validation loss...
2023-04-10 23:27:26,489 - __main__ - INFO - [INFO] 2023-04-10 23:27:26.489493 Epoch [28/100] batch [1/391] loss 1.5771 lr 0.08306559326618262 acc 53.12% eta 0:57:32
2023-04-10 23:27:44,710 - __main__ - INFO - [INFO] 2023-04-10 23:27:44.709835 Epoch [28/100] batch [129/391] loss 1.5205 lr 0.08306559326618262 acc 46.09% eta 0:59:22
2023-04-10 23:28:02,519 - __main__ - INFO - [INFO] 2023-04-10 23:28:02.519700 Epoch [28/100] batch [257/391] loss 1.7578 lr 0.08306559326618262 acc 48.44% eta 0:58:31
2023-04-10 23:28:20,479 - __main__ - INFO - [INFO] 2023-04-10 23:28:20.479257 Epoch [28/100] batch [385/391] loss 1.7686 lr 0.08306559326618262 acc 49.22% eta 0:58:08
2023-04-10 23:28:21,317 - __main__ - INFO - Computing epoch 28 validation accuracy...
2023-04-10 23:28:25,154 - __main__ - INFO - Computing epoch 28 validation loss...
2023-04-10 23:28:29,345 - __main__ - INFO - [INFO] 2023-04-10 23:28:29.345031 Epoch [29/100] batch [1/391] loss 1.5811 lr 0.08187119948743452 acc 53.12% eta 1:04:27
2023-04-10 23:28:47,081 - __main__ - INFO - [INFO] 2023-04-10 23:28:47.081578 Epoch [29/100] batch [129/391] loss 1.7598 lr 0.08187119948743452 acc 46.88% eta 0:56:57
2023-04-10 23:29:05,081 - __main__ - INFO - [INFO] 2023-04-10 23:29:05.081067 Epoch [29/100] batch [257/391] loss 1.6855 lr 0.08187119948743452 acc 52.34% eta 0:57:11
2023-04-10 23:29:23,286 - __main__ - INFO - [INFO] 2023-04-10 23:29:23.286003 Epoch [29/100] batch [385/391] loss 1.5498 lr 0.08187119948743452 acc 55.47% eta 0:57:18
2023-04-10 23:29:24,082 - __main__ - INFO - Computing epoch 29 validation accuracy...
2023-04-10 23:29:27,995 - __main__ - INFO - Computing epoch 29 validation loss...
2023-04-10 23:29:32,111 - __main__ - INFO - [INFO] 2023-04-10 23:29:32.111371 Epoch [30/100] batch [1/391] loss 1.4531 lr 0.08064535268264886 acc 52.34% eta 0:59:04
2023-04-10 23:29:49,950 - __main__ - INFO - [INFO] 2023-04-10 23:29:49.950748 Epoch [30/100] batch [129/391] loss 1.7832 lr 0.08064535268264886 acc 48.44% eta 0:56:32
2023-04-10 23:30:08,033 - __main__ - INFO - [INFO] 2023-04-10 23:30:08.032836 Epoch [30/100] batch [257/391] loss 1.6006 lr 0.08064535268264886 acc 57.81% eta 0:56:39
2023-04-10 23:30:25,912 - __main__ - INFO - [INFO] 2023-04-10 23:30:25.912527 Epoch [30/100] batch [385/391] loss 1.8643 lr 0.08064535268264886 acc 44.53% eta 0:56:17
2023-04-10 23:30:26,732 - __main__ - INFO - Computing epoch 30 validation accuracy...
2023-04-10 23:30:30,611 - __main__ - INFO - Computing epoch 30 validation loss...
2023-04-10 23:30:34,880 - __main__ - INFO - [INFO] 2023-04-10 23:30:34.880708 Epoch [31/100] batch [1/391] loss 1.8350 lr 0.0793892626146237 acc 53.12% eta 1:01:45
2023-04-10 23:30:52,611 - __main__ - INFO - [INFO] 2023-04-10 23:30:52.611287 Epoch [31/100] batch [129/391] loss 1.7676 lr 0.0793892626146237 acc 51.56% eta 0:55:22
2023-04-10 23:31:10,185 - __main__ - INFO - [INFO] 2023-04-10 23:31:10.185169 Epoch [31/100] batch [257/391] loss 1.5479 lr 0.0793892626146237 acc 51.56% eta 0:54:54
2023-04-10 23:31:27,925 - __main__ - INFO - [INFO] 2023-04-10 23:31:27.925753 Epoch [31/100] batch [385/391] loss 1.7656 lr 0.0793892626146237 acc 48.44% eta 0:54:44
2023-04-10 23:31:28,760 - __main__ - INFO - Computing epoch 31 validation accuracy...
2023-04-10 23:31:32,852 - __main__ - INFO - Computing epoch 31 validation loss...
2023-04-10 23:31:37,109 - __main__ - INFO - [INFO] 2023-04-10 23:31:37.109541 Epoch [32/100] batch [1/391] loss 1.8584 lr 0.07810416889260657 acc 36.72% eta 0:58:01
2023-04-10 23:31:54,982 - __main__ - INFO - [INFO] 2023-04-10 23:31:54.982382 Epoch [32/100] batch [129/391] loss 1.8105 lr 0.07810416889260657 acc 43.75% eta 0:55:04
2023-04-10 23:32:12,709 - __main__ - INFO - [INFO] 2023-04-10 23:32:12.708859 Epoch [32/100] batch [257/391] loss 1.5088 lr 0.07810416889260657 acc 49.22% eta 0:54:30
2023-04-10 23:32:30,331 - __main__ - INFO - [INFO] 2023-04-10 23:32:30.331425 Epoch [32/100] batch [385/391] loss 1.9297 lr 0.07810416889260657 acc 39.84% eta 0:54:03
2023-04-10 23:32:31,254 - __main__ - INFO - Computing epoch 32 validation accuracy...
2023-04-10 23:32:35,201 - __main__ - INFO - Computing epoch 32 validation loss...
2023-04-10 23:32:39,431 - __main__ - INFO - [INFO] 2023-04-10 23:32:39.431617 Epoch [33/100] batch [1/391] loss 1.3965 lr 0.07679133974894986 acc 56.25% eta 0:57:08
2023-04-10 23:32:57,024 - __main__ - INFO - [INFO] 2023-04-10 23:32:57.024393 Epoch [33/100] batch [129/391] loss 1.6650 lr 0.07679133974894986 acc 53.12% eta 0:53:21
2023-04-10 23:33:14,862 - __main__ - INFO - [INFO] 2023-04-10 23:33:14.862160 Epoch [33/100] batch [257/391] loss 1.7207 lr 0.07679133974894986 acc 57.81% eta 0:53:25
2023-04-10 23:33:32,437 - __main__ - INFO - [INFO] 2023-04-10 23:33:32.437131 Epoch [33/100] batch [385/391] loss 1.5625 lr 0.07679133974894986 acc 48.44% eta 0:53:02
2023-04-10 23:33:33,253 - __main__ - INFO - Computing epoch 33 validation accuracy...
2023-04-10 23:33:37,167 - __main__ - INFO - Computing epoch 33 validation loss...
2023-04-10 23:33:41,342 - __main__ - INFO - [INFO] 2023-04-10 23:33:41.342129 Epoch [34/100] batch [1/391] loss 1.3867 lr 0.0754520707875186 acc 57.81% eta 0:55:55
2023-04-10 23:33:59,367 - __main__ - INFO - [INFO] 2023-04-10 23:33:59.366879 Epoch [34/100] batch [129/391] loss 1.6982 lr 0.0754520707875186 acc 54.69% eta 0:53:48
2023-04-10 23:34:17,144 - __main__ - INFO - [INFO] 2023-04-10 23:34:17.144027 Epoch [34/100] batch [257/391] loss 1.4688 lr 0.0754520707875186 acc 56.25% eta 0:53:14
2023-04-10 23:34:35,018 - __main__ - INFO - [INFO] 2023-04-10 23:34:35.018793 Epoch [34/100] batch [385/391] loss 1.5586 lr 0.0754520707875186 acc 50.78% eta 0:52:55
2023-04-10 23:34:35,783 - __main__ - INFO - Computing epoch 34 validation accuracy...
2023-04-10 23:34:39,676 - __main__ - INFO - Computing epoch 34 validation loss...
2023-04-10 23:34:43,903 - __main__ - INFO - [INFO] 2023-04-10 23:34:43.902831 Epoch [35/100] batch [1/391] loss 1.7275 lr 0.0740876837050858 acc 42.97% eta 0:55:38
2023-04-10 23:35:01,555 - __main__ - INFO - [INFO] 2023-04-10 23:35:01.555200 Epoch [35/100] batch [129/391] loss 1.4385 lr 0.0740876837050858 acc 57.03% eta 0:51:56
2023-04-10 23:35:19,387 - __main__ - INFO - [INFO] 2023-04-10 23:35:19.386878 Epoch [35/100] batch [257/391] loss 1.5713 lr 0.0740876837050858 acc 51.56% eta 0:51:51
2023-04-10 23:35:37,205 - __main__ - INFO - [INFO] 2023-04-10 23:35:37.205378 Epoch [35/100] batch [385/391] loss 1.8633 lr 0.0740876837050858 acc 52.34% eta 0:51:42
2023-04-10 23:35:37,994 - __main__ - INFO - Computing epoch 35 validation accuracy...
2023-04-10 23:35:41,905 - __main__ - INFO - Computing epoch 35 validation loss...
2023-04-10 23:35:46,062 - __main__ - INFO - [INFO] 2023-04-10 23:35:46.062277 Epoch [36/100] batch [1/391] loss 1.7344 lr 0.07269952498697738 acc 43.75% eta 0:50:34
2023-04-10 23:36:03,703 - __main__ - INFO - [INFO] 2023-04-10 23:36:03.703250 Epoch [36/100] batch [129/391] loss 1.3311 lr 0.07269952498697738 acc 60.94% eta 0:51:14
2023-04-10 23:36:21,219 - __main__ - INFO - [INFO] 2023-04-10 23:36:21.219256 Epoch [36/100] batch [257/391] loss 1.6270 lr 0.07269952498697738 acc 50.00% eta 0:50:44
2023-04-10 23:36:38,941 - __main__ - INFO - [INFO] 2023-04-10 23:36:38.940975 Epoch [36/100] batch [385/391] loss 1.9355 lr 0.07269952498697738 acc 46.88% eta 0:50:35
2023-04-10 23:36:39,744 - __main__ - INFO - Computing epoch 36 validation accuracy...
2023-04-10 23:36:43,946 - __main__ - INFO - Computing epoch 36 validation loss...
2023-04-10 23:36:48,198 - __main__ - INFO - [INFO] 2023-04-10 23:36:48.198262 Epoch [37/100] batch [1/391] loss 1.4150 lr 0.07128896457825366 acc 57.03% eta 1:02:02
2023-04-10 23:37:05,067 - __main__ - INFO - [INFO] 2023-04-10 23:37:05.066863 Epoch [37/100] batch [129/391] loss 1.4580 lr 0.07128896457825366 acc 62.50% eta 0:47:24
2023-04-10 23:37:21,953 - __main__ - INFO - [INFO] 2023-04-10 23:37:21.953528 Epoch [37/100] batch [257/391] loss 1.4590 lr 0.07128896457825366 acc 55.47% eta 0:47:09
2023-04-10 23:37:38,743 - __main__ - INFO - [INFO] 2023-04-10 23:37:38.743582 Epoch [37/100] batch [385/391] loss 1.6045 lr 0.07128896457825366 acc 51.56% eta 0:46:44
2023-04-10 23:37:39,515 - __main__ - INFO - Computing epoch 37 validation accuracy...
2023-04-10 23:37:43,352 - __main__ - INFO - Computing epoch 37 validation loss...
2023-04-10 23:37:47,683 - __main__ - INFO - [INFO] 2023-04-10 23:37:47.683518 Epoch [38/100] batch [1/391] loss 1.6162 lr 0.06985739453173906 acc 60.94% eta 0:49:39
2023-04-10 23:38:04,646 - __main__ - INFO - [INFO] 2023-04-10 23:38:04.646144 Epoch [38/100] batch [129/391] loss 1.4648 lr 0.06985739453173906 acc 58.59% eta 0:46:52
2023-04-10 23:38:21,551 - __main__ - INFO - [INFO] 2023-04-10 23:38:21.551740 Epoch [38/100] batch [257/391] loss 1.5020 lr 0.06985739453173906 acc 56.25% eta 0:46:27
2023-04-10 23:38:38,603 - __main__ - INFO - [INFO] 2023-04-10 23:38:38.603289 Epoch [38/100] batch [385/391] loss 1.3359 lr 0.06985739453173906 acc 43.75% eta 0:46:18
2023-04-10 23:38:39,381 - __main__ - INFO - Computing epoch 38 validation accuracy...
2023-04-10 23:38:43,477 - __main__ - INFO - Computing epoch 38 validation loss...
2023-04-10 23:38:47,614 - __main__ - INFO - [INFO] 2023-04-10 23:38:47.614530 Epoch [39/100] batch [1/391] loss 1.2471 lr 0.06840622763423394 acc 64.06% eta 0:48:11
2023-04-10 23:39:04,554 - __main__ - INFO - [INFO] 2023-04-10 23:39:04.554458 Epoch [39/100] batch [129/391] loss 1.2891 lr 0.06840622763423394 acc 56.25% eta 0:45:56
2023-04-10 23:39:21,212 - __main__ - INFO - [INFO] 2023-04-10 23:39:21.212140 Epoch [39/100] batch [257/391] loss 1.6553 lr 0.06840622763423394 acc 51.56% eta 0:45:14
2023-04-10 23:39:38,044 - __main__ - INFO - [INFO] 2023-04-10 23:39:38.043939 Epoch [39/100] batch [385/391] loss 1.5625 lr 0.06840622763423394 acc 53.12% eta 0:45:04
2023-04-10 23:39:38,819 - __main__ - INFO - Computing epoch 39 validation accuracy...
2023-04-10 23:39:42,730 - __main__ - INFO - Computing epoch 39 validation loss...
2023-04-10 23:39:46,925 - __main__ - INFO - [INFO] 2023-04-10 23:39:46.924828 Epoch [40/100] batch [1/391] loss 1.5381 lr 0.06693689601226462 acc 53.12% eta 1:04:02
2023-04-10 23:40:05,111 - __main__ - INFO - [INFO] 2023-04-10 23:40:05.110363 Epoch [40/100] batch [129/391] loss 1.3018 lr 0.06693689601226462 acc 55.47% eta 0:49:22
2023-04-10 23:40:23,006 - __main__ - INFO - [INFO] 2023-04-10 23:40:23.006665 Epoch [40/100] batch [257/391] loss 1.5723 lr 0.06693689601226462 acc 54.69% eta 0:48:41
2023-04-10 23:40:40,315 - __main__ - INFO - [INFO] 2023-04-10 23:40:40.314830 Epoch [40/100] batch [385/391] loss 1.5811 lr 0.06693689601226462 acc 56.25% eta 0:47:38
2023-04-10 23:40:41,111 - __main__ - INFO - Computing epoch 40 validation accuracy...
2023-04-10 23:40:45,077 - __main__ - INFO - Computing epoch 40 validation loss...
2023-04-10 23:40:49,270 - __main__ - INFO - [INFO] 2023-04-10 23:40:49.269851 Epoch [41/100] batch [1/391] loss 1.3672 lr 0.06545084971874741 acc 57.03% eta 0:50:41
2023-04-10 23:41:06,600 - __main__ - INFO - [INFO] 2023-04-10 23:41:06.600034 Epoch [41/100] batch [129/391] loss 1.5830 lr 0.06545084971874741 acc 54.69% eta 0:45:48
2023-04-10 23:41:23,585 - __main__ - INFO - [INFO] 2023-04-10 23:41:23.585295 Epoch [41/100] batch [257/391] loss 1.5693 lr 0.06545084971874741 acc 56.25% eta 0:45:02
2023-04-10 23:41:40,642 - __main__ - INFO - [INFO] 2023-04-10 23:41:40.642416 Epoch [41/100] batch [385/391] loss 1.5586 lr 0.06545084971874741 acc 51.56% eta 0:44:39
2023-04-10 23:41:41,426 - __main__ - INFO - Computing epoch 41 validation accuracy...
2023-04-10 23:41:45,451 - __main__ - INFO - Computing epoch 41 validation loss...
2023-04-10 23:41:49,726 - __main__ - INFO - [INFO] 2023-04-10 23:41:49.726179 Epoch [42/100] batch [1/391] loss 1.7373 lr 0.06394955530196152 acc 53.91% eta 0:45:56
2023-04-10 23:42:06,660 - __main__ - INFO - [INFO] 2023-04-10 23:42:06.660657 Epoch [42/100] batch [129/391] loss 1.6396 lr 0.06394955530196152 acc 55.47% eta 0:43:43
2023-04-10 23:42:23,961 - __main__ - INFO - [INFO] 2023-04-10 23:42:23.961528 Epoch [42/100] batch [257/391] loss 1.3799 lr 0.06394955530196152 acc 66.41% eta 0:44:00
2023-04-10 23:42:41,032 - __main__ - INFO - [INFO] 2023-04-10 23:42:41.032194 Epoch [42/100] batch [385/391] loss 1.5273 lr 0.06394955530196152 acc 51.56% eta 0:43:46
2023-04-10 23:42:41,801 - __main__ - INFO - Computing epoch 42 validation accuracy...
2023-04-10 23:42:46,016 - __main__ - INFO - Computing epoch 42 validation loss...
2023-04-10 23:42:50,379 - __main__ - INFO - [INFO] 2023-04-10 23:42:50.379574 Epoch [43/100] batch [1/391] loss 1.2715 lr 0.062434494358242776 acc 57.03% eta 0:48:02
2023-04-10 23:43:07,924 - __main__ - INFO - [INFO] 2023-04-10 23:43:07.923894 Epoch [43/100] batch [129/391] loss 1.6113 lr 0.062434494358242776 acc 51.56% eta 0:44:49
2023-04-10 23:43:25,154 - __main__ - INFO - [INFO] 2023-04-10 23:43:25.154470 Epoch [43/100] batch [257/391] loss 1.8672 lr 0.062434494358242776 acc 49.22% eta 0:44:11
2023-04-10 23:43:42,830 - __main__ - INFO - [INFO] 2023-04-10 23:43:42.830154 Epoch [43/100] batch [385/391] loss 1.2646 lr 0.062434494358242776 acc 51.56% eta 0:44:23
2023-04-10 23:43:43,629 - __main__ - INFO - Computing epoch 43 validation accuracy...
2023-04-10 23:43:47,502 - __main__ - INFO - Computing epoch 43 validation loss...
2023-04-10 23:43:51,549 - __main__ - INFO - [INFO] 2023-04-10 23:43:51.549096 Epoch [44/100] batch [1/391] loss 1.3701 lr 0.06090716206982718 acc 55.47% eta 0:44:34
2023-04-10 23:44:08,907 - __main__ - INFO - [INFO] 2023-04-10 23:44:08.907004 Epoch [44/100] batch [129/391] loss 1.7754 lr 0.06090716206982718 acc 45.31% eta 0:44:00
2023-04-10 23:44:26,232 - __main__ - INFO - [INFO] 2023-04-10 23:44:26.232376 Epoch [44/100] batch [257/391] loss 1.3535 lr 0.06090716206982718 acc 53.91% eta 0:43:37
2023-04-10 23:44:43,683 - __main__ - INFO - [INFO] 2023-04-10 23:44:43.683707 Epoch [44/100] batch [385/391] loss 1.4678 lr 0.06090716206982718 acc 53.12% eta 0:43:26
2023-04-10 23:44:44,490 - __main__ - INFO - Computing epoch 44 validation accuracy...
2023-04-10 23:44:48,450 - __main__ - INFO - Computing epoch 44 validation loss...
2023-04-10 23:44:52,594 - __main__ - INFO - [INFO] 2023-04-10 23:44:52.594232 Epoch [45/100] batch [1/391] loss 1.1748 lr 0.05936906572928628 acc 62.50% eta 0:46:24
2023-04-10 23:45:10,515 - __main__ - INFO - [INFO] 2023-04-10 23:45:10.515019 Epoch [45/100] batch [129/391] loss 1.6982 lr 0.05936906572928628 acc 53.91% eta 0:44:42
2023-04-10 23:45:28,186 - __main__ - INFO - [INFO] 2023-04-10 23:45:28.186435 Epoch [45/100] batch [257/391] loss 1.3672 lr 0.05936906572928628 acc 60.94% eta 0:44:06
2023-04-10 23:45:45,369 - __main__ - INFO - [INFO] 2023-04-10 23:45:45.368904 Epoch [45/100] batch [385/391] loss 1.5576 lr 0.05936906572928628 acc 50.78% eta 0:43:18
2023-04-10 23:45:46,154 - __main__ - INFO - Computing epoch 45 validation accuracy...
2023-04-10 23:45:50,157 - __main__ - INFO - Computing epoch 45 validation loss...
2023-04-10 23:45:54,686 - __main__ - INFO - [INFO] 2023-04-10 23:45:54.685888 Epoch [46/100] batch [1/391] loss 1.2471 lr 0.05782172325201159 acc 55.47% eta 0:47:42
2023-04-10 23:46:12,152 - __main__ - INFO - [INFO] 2023-04-10 23:46:12.152084 Epoch [46/100] batch [129/391] loss 1.4912 lr 0.05782172325201159 acc 56.25% eta 0:42:43
2023-04-10 23:46:30,092 - __main__ - INFO - [INFO] 2023-04-10 23:46:30.092153 Epoch [46/100] batch [257/391] loss 1.3174 lr 0.05782172325201159 acc 68.75% eta 0:43:01
2023-04-10 23:46:47,660 - __main__ - INFO - [INFO] 2023-04-10 23:46:47.660677 Epoch [46/100] batch [385/391] loss 1.4775 lr 0.05782172325201159 acc 57.81% eta 0:42:37
2023-04-10 23:46:48,467 - __main__ - INFO - Computing epoch 46 validation accuracy...
2023-04-10 23:46:52,404 - __main__ - INFO - Computing epoch 46 validation loss...
2023-04-10 23:46:56,562 - __main__ - INFO - [INFO] 2023-04-10 23:46:56.562424 Epoch [47/100] batch [1/391] loss 1.3311 lr 0.056266661678215264 acc 66.41% eta 0:43:15
2023-04-10 23:47:13,795 - __main__ - INFO - [INFO] 2023-04-10 23:47:13.795406 Epoch [47/100] batch [129/391] loss 1.4111 lr 0.056266661678215264 acc 57.03% eta 0:41:24
2023-04-10 23:47:31,568 - __main__ - INFO - [INFO] 2023-04-10 23:47:31.568284 Epoch [47/100] batch [257/391] loss 1.5205 lr 0.056266661678215264 acc 57.81% eta 0:41:48
2023-04-10 23:47:49,180 - __main__ - INFO - [INFO] 2023-04-10 23:47:49.179754 Epoch [47/100] batch [385/391] loss 1.4189 lr 0.056266661678215264 acc 61.72% eta 0:41:36
2023-04-10 23:47:49,974 - __main__ - INFO - Computing epoch 47 validation accuracy...
2023-04-10 23:47:53,866 - __main__ - INFO - Computing epoch 47 validation loss...
2023-04-10 23:47:58,266 - __main__ - INFO - [INFO] 2023-04-10 23:47:58.266010 Epoch [48/100] batch [1/391] loss 1.2090 lr 0.05470541566592575 acc 53.91% eta 0:45:49
2023-04-10 23:48:17,557 - __main__ - INFO - [INFO] 2023-04-10 23:48:17.557095 Epoch [48/100] batch [129/391] loss 1.2822 lr 0.05470541566592575 acc 66.41% eta 0:46:07
2023-04-10 23:48:37,795 - __main__ - INFO - [INFO] 2023-04-10 23:48:37.795052 Epoch [48/100] batch [257/391] loss 1.3359 lr 0.05470541566592575 acc 60.16% eta 0:47:02
2023-04-10 23:48:57,440 - __main__ - INFO - [INFO] 2023-04-10 23:48:57.440783 Epoch [48/100] batch [385/391] loss 1.2881 lr 0.05470541566592575 acc 63.28% eta 0:46:40
2023-04-10 23:48:58,303 - __main__ - INFO - Computing epoch 48 validation accuracy...
2023-04-10 23:49:02,308 - __main__ - INFO - Computing epoch 48 validation loss...
2023-04-10 23:49:06,609 - __main__ - INFO - [INFO] 2023-04-10 23:49:06.609257 Epoch [49/100] batch [1/391] loss 1.3691 lr 0.053139525976465714 acc 55.47% eta 0:40:46
2023-04-10 23:49:24,327 - __main__ - INFO - [INFO] 2023-04-10 23:49:24.327453 Epoch [49/100] batch [129/391] loss 1.3604 lr 0.053139525976465714 acc 53.12% eta 0:41:08
2023-04-10 23:49:42,420 - __main__ - INFO - [INFO] 2023-04-10 23:49:42.420674 Epoch [49/100] batch [257/391] loss 1.3682 lr 0.053139525976465714 acc 59.38% eta 0:41:13
2023-04-10 23:50:00,115 - __main__ - INFO - [INFO] 2023-04-10 23:50:00.115205 Epoch [49/100] batch [385/391] loss 1.4023 lr 0.053139525976465714 acc 58.59% eta 0:40:47
2023-04-10 23:50:00,942 - __main__ - INFO - Computing epoch 49 validation accuracy...
2023-04-10 23:50:04,894 - __main__ - INFO - Computing epoch 49 validation loss...
2023-04-10 23:50:09,053 - __main__ - INFO - [INFO] 2023-04-10 23:50:09.053373 Epoch [50/100] batch [1/391] loss 1.2881 lr 0.05157053795390645 acc 63.28% eta 0:42:12
2023-04-10 23:50:26,753 - __main__ - INFO - [INFO] 2023-04-10 23:50:26.752990 Epoch [50/100] batch [129/391] loss 1.3555 lr 0.05157053795390645 acc 56.25% eta 0:40:18
2023-04-10 23:50:45,105 - __main__ - INFO - [INFO] 2023-04-10 23:50:45.105133 Epoch [50/100] batch [257/391] loss 1.5586 lr 0.05157053795390645 acc 57.81% eta 0:40:42
2023-04-10 23:51:03,438 - __main__ - INFO - [INFO] 2023-04-10 23:51:03.437990 Epoch [50/100] batch [385/391] loss 1.3135 lr 0.05157053795390645 acc 57.03% eta 0:40:38
2023-04-10 23:51:04,226 - __main__ - INFO - Computing epoch 50 validation accuracy...
2023-04-10 23:51:08,240 - __main__ - INFO - Computing epoch 50 validation loss...
2023-04-10 23:51:12,444 - __main__ - INFO - [INFO] 2023-04-10 23:51:12.444150 Epoch [51/100] batch [1/391] loss 1.5684 lr 0.05000000000000004 acc 53.12% eta 0:45:46
2023-04-10 23:51:29,850 - __main__ - INFO - [INFO] 2023-04-10 23:51:29.849644 Epoch [51/100] batch [129/391] loss 1.4238 lr 0.05000000000000004 acc 59.38% eta 0:38:33
2023-04-10 23:51:47,446 - __main__ - INFO - [INFO] 2023-04-10 23:51:47.446630 Epoch [51/100] batch [257/391] loss 1.2676 lr 0.05000000000000004 acc 64.84% eta 0:38:31
2023-04-10 23:52:05,468 - __main__ - INFO - [INFO] 2023-04-10 23:52:05.467469 Epoch [51/100] batch [385/391] loss 1.5352 lr 0.05000000000000004 acc 51.56% eta 0:38:42
2023-04-10 23:52:06,278 - __main__ - INFO - Computing epoch 51 validation accuracy...
2023-04-10 23:52:10,152 - __main__ - INFO - Computing epoch 51 validation loss...
2023-04-10 23:52:14,347 - __main__ - INFO - [INFO] 2023-04-10 23:52:14.347444 Epoch [52/100] batch [1/391] loss 1.3135 lr 0.04842946204609362 acc 58.59% eta 0:44:10
2023-04-10 23:52:32,309 - __main__ - INFO - [INFO] 2023-04-10 23:52:32.309534 Epoch [52/100] batch [129/391] loss 1.3525 lr 0.04842946204609362 acc 64.06% eta 0:39:12
2023-04-10 23:52:50,056 - __main__ - INFO - [INFO] 2023-04-10 23:52:50.056785 Epoch [52/100] batch [257/391] loss 1.4873 lr 0.04842946204609362 acc 57.81% eta 0:38:41
2023-04-10 23:53:07,860 - __main__ - INFO - [INFO] 2023-04-10 23:53:07.859828 Epoch [52/100] batch [385/391] loss 1.4873 lr 0.04842946204609362 acc 60.16% eta 0:38:20
2023-04-10 23:53:08,663 - __main__ - INFO - Computing epoch 52 validation accuracy...
2023-04-10 23:53:12,646 - __main__ - INFO - Computing epoch 52 validation loss...
2023-04-10 23:53:16,813 - __main__ - INFO - [INFO] 2023-04-10 23:53:16.813562 Epoch [53/100] batch [1/391] loss 1.3428 lr 0.04686047402353437 acc 60.94% eta 0:41:05
2023-04-10 23:53:34,309 - __main__ - INFO - [INFO] 2023-04-10 23:53:34.309432 Epoch [53/100] batch [129/391] loss 1.1836 lr 0.04686047402353437 acc 59.38% eta 0:37:23
2023-04-10 23:53:52,045 - __main__ - INFO - [INFO] 2023-04-10 23:53:52.044921 Epoch [53/100] batch [257/391] loss 1.1494 lr 0.04686047402353437 acc 67.19% eta 0:37:21
2023-04-10 23:54:09,468 - __main__ - INFO - [INFO] 2023-04-10 23:54:09.468013 Epoch [53/100] batch [385/391] loss 1.4248 lr 0.04686047402353437 acc 57.81% eta 0:36:55
2023-04-10 23:54:10,287 - __main__ - INFO - Computing epoch 53 validation accuracy...
2023-04-10 23:54:14,165 - __main__ - INFO - Computing epoch 53 validation loss...
2023-04-10 23:54:18,296 - __main__ - INFO - [INFO] 2023-04-10 23:54:18.296484 Epoch [54/100] batch [1/391] loss 1.0312 lr 0.045294584334074316 acc 64.84% eta 0:40:06
2023-04-10 23:54:36,010 - __main__ - INFO - [INFO] 2023-04-10 23:54:36.010380 Epoch [54/100] batch [129/391] loss 1.2461 lr 0.045294584334074316 acc 59.38% eta 0:36:58
2023-04-10 23:54:53,756 - __main__ - INFO - [INFO] 2023-04-10 23:54:53.755654 Epoch [54/100] batch [257/391] loss 1.0439 lr 0.045294584334074316 acc 67.19% eta 0:36:43
2023-04-10 23:55:11,543 - __main__ - INFO - [INFO] 2023-04-10 23:55:11.543214 Epoch [54/100] batch [385/391] loss 1.1885 lr 0.045294584334074316 acc 64.84% eta 0:36:33
2023-04-10 23:55:12,410 - __main__ - INFO - Computing epoch 54 validation accuracy...
2023-04-10 23:55:16,267 - __main__ - INFO - Computing epoch 54 validation loss...
2023-04-10 23:55:20,443 - __main__ - INFO - [INFO] 2023-04-10 23:55:20.443353 Epoch [55/100] batch [1/391] loss 1.3770 lr 0.043733338321784825 acc 62.50% eta 0:38:27
2023-04-10 23:55:38,200 - __main__ - INFO - [INFO] 2023-04-10 23:55:38.199834 Epoch [55/100] batch [129/391] loss 1.3154 lr 0.043733338321784825 acc 57.81% eta 0:36:14
2023-04-10 23:55:56,057 - __main__ - INFO - [INFO] 2023-04-10 23:55:56.057516 Epoch [55/100] batch [257/391] loss 1.2783 lr 0.043733338321784825 acc 65.62% eta 0:36:07
2023-04-10 23:56:13,675 - __main__ - INFO - [INFO] 2023-04-10 23:56:13.675323 Epoch [55/100] batch [385/391] loss 1.4082 lr 0.043733338321784825 acc 57.81% eta 0:35:45
2023-04-10 23:56:14,568 - __main__ - INFO - Computing epoch 55 validation accuracy...
2023-04-10 23:56:18,460 - __main__ - INFO - Computing epoch 55 validation loss...
2023-04-10 23:56:23,005 - __main__ - INFO - [INFO] 2023-04-10 23:56:23.005122 Epoch [56/100] batch [1/391] loss 1.1318 lr 0.042178276747988484 acc 67.97% eta 0:48:46
2023-04-10 23:56:40,913 - __main__ - INFO - [INFO] 2023-04-10 23:56:40.913322 Epoch [56/100] batch [129/391] loss 1.3623 lr 0.042178276747988484 acc 59.38% eta 0:35:56
2023-04-10 23:56:59,067 - __main__ - INFO - [INFO] 2023-04-10 23:56:59.067123 Epoch [56/100] batch [257/391] loss 1.2627 lr 0.042178276747988484 acc 62.50% eta 0:35:51
2023-04-10 23:57:17,308 - __main__ - INFO - [INFO] 2023-04-10 23:57:17.308092 Epoch [56/100] batch [385/391] loss 1.4775 lr 0.042178276747988484 acc 55.47% eta 0:35:42
2023-04-10 23:57:18,125 - __main__ - INFO - Computing epoch 56 validation accuracy...
2023-04-10 23:57:22,187 - __main__ - INFO - Computing epoch 56 validation loss...
2023-04-10 23:57:26,607 - __main__ - INFO - [INFO] 2023-04-10 23:57:26.607359 Epoch [57/100] batch [1/391] loss 0.9922 lr 0.0406309342707138 acc 75.00% eta 0:37:28
2023-04-10 23:57:44,356 - __main__ - INFO - [INFO] 2023-04-10 23:57:44.356006 Epoch [57/100] batch [129/391] loss 1.2852 lr 0.0406309342707138 acc 65.62% eta 0:34:48
2023-04-10 23:58:02,605 - __main__ - INFO - [INFO] 2023-04-10 23:58:02.605035 Epoch [57/100] batch [257/391] loss 1.3662 lr 0.0406309342707138 acc 69.53% eta 0:35:00
2023-04-10 23:58:20,480 - __main__ - INFO - [INFO] 2023-04-10 23:58:20.480570 Epoch [57/100] batch [385/391] loss 1.1084 lr 0.0406309342707138 acc 71.09% eta 0:34:39
2023-04-10 23:58:21,264 - __main__ - INFO - Computing epoch 57 validation accuracy...
2023-04-10 23:58:25,147 - __main__ - INFO - Computing epoch 57 validation loss...
2023-04-10 23:58:29,277 - __main__ - INFO - [INFO] 2023-04-10 23:58:29.276905 Epoch [58/100] batch [1/391] loss 0.9697 lr 0.039092837930172916 acc 68.75% eta 0:34:41
2023-04-10 23:58:47,435 - __main__ - INFO - [INFO] 2023-04-10 23:58:47.435267 Epoch [58/100] batch [129/391] loss 1.2139 lr 0.039092837930172916 acc 64.84% eta 0:34:41
2023-04-10 23:59:05,468 - __main__ - INFO - [INFO] 2023-04-10 23:59:05.467947 Epoch [58/100] batch [257/391] loss 1.3467 lr 0.039092837930172916 acc 66.41% eta 0:34:19
2023-04-10 23:59:23,485 - __main__ - INFO - [INFO] 2023-04-10 23:59:23.485635 Epoch [58/100] batch [385/391] loss 1.2598 lr 0.039092837930172916 acc 62.50% eta 0:34:00
2023-04-10 23:59:24,298 - __main__ - INFO - Computing epoch 58 validation accuracy...
2023-04-10 23:59:28,271 - __main__ - INFO - Computing epoch 58 validation loss...
2023-04-10 23:59:32,438 - __main__ - INFO - [INFO] 2023-04-10 23:59:32.438862 Epoch [59/100] batch [1/391] loss 1.2627 lr 0.037565505641757285 acc 67.97% eta 0:33:02
2023-04-10 23:59:50,442 - __main__ - INFO - [INFO] 2023-04-10 23:59:50.442627 Epoch [59/100] batch [129/391] loss 1.3340 lr 0.037565505641757285 acc 56.25% eta 0:33:32
2023-04-11 00:00:08,214 - __main__ - INFO - [INFO] 2023-04-11 00:00:08.213932 Epoch [59/100] batch [257/391] loss 1.0459 lr 0.037565505641757285 acc 65.62% eta 0:33:03
2023-04-11 00:00:26,163 - __main__ - INFO - [INFO] 2023-04-11 00:00:26.163130 Epoch [59/100] batch [385/391] loss 1.1797 lr 0.037565505641757285 acc 71.09% eta 0:32:50
2023-04-11 00:00:26,990 - __main__ - INFO - Computing epoch 59 validation accuracy...
2023-04-11 00:00:30,964 - __main__ - INFO - Computing epoch 59 validation loss...
2023-04-11 00:00:35,204 - __main__ - INFO - [INFO] 2023-04-11 00:00:35.204879 Epoch [60/100] batch [1/391] loss 1.1953 lr 0.03605044469803857 acc 48.44% eta 0:36:51
2023-04-11 00:00:52,982 - __main__ - INFO - [INFO] 2023-04-11 00:00:52.982628 Epoch [60/100] batch [129/391] loss 1.0469 lr 0.03605044469803857 acc 73.44% eta 0:32:22
2023-04-11 00:01:10,615 - __main__ - INFO - [INFO] 2023-04-11 00:01:10.615222 Epoch [60/100] batch [257/391] loss 1.2188 lr 0.03605044469803857 acc 70.31% eta 0:31:59
2023-04-11 00:01:28,444 - __main__ - INFO - [INFO] 2023-04-11 00:01:28.444430 Epoch [60/100] batch [385/391] loss 1.0352 lr 0.03605044469803857 acc 67.97% eta 0:31:50
2023-04-11 00:01:29,277 - __main__ - INFO - Computing epoch 60 validation accuracy...
2023-04-11 00:01:33,407 - __main__ - INFO - Computing epoch 60 validation loss...
2023-04-11 00:01:37,632 - __main__ - INFO - [INFO] 2023-04-11 00:01:37.632769 Epoch [61/100] batch [1/391] loss 1.1543 lr 0.034549150281252675 acc 64.84% eta 0:33:09
2023-04-11 00:01:55,669 - __main__ - INFO - [INFO] 2023-04-11 00:01:55.668892 Epoch [61/100] batch [129/391] loss 1.2383 lr 0.034549150281252675 acc 63.28% eta 0:32:00
2023-04-11 00:02:13,563 - __main__ - INFO - [INFO] 2023-04-11 00:02:13.563200 Epoch [61/100] batch [257/391] loss 1.1377 lr 0.034549150281252675 acc 64.84% eta 0:31:37
2023-04-11 00:02:31,078 - __main__ - INFO - [INFO] 2023-04-11 00:02:31.078393 Epoch [61/100] batch [385/391] loss 1.2109 lr 0.034549150281252675 acc 71.09% eta 0:31:07
2023-04-11 00:02:31,871 - __main__ - INFO - Computing epoch 61 validation accuracy...
2023-04-11 00:02:35,811 - __main__ - INFO - Computing epoch 61 validation loss...
2023-04-11 00:02:40,018 - __main__ - INFO - [INFO] 2023-04-11 00:02:40.018421 Epoch [62/100] batch [1/391] loss 0.9658 lr 0.03306310398773546 acc 71.88% eta 0:32:27
2023-04-11 00:02:58,235 - __main__ - INFO - [INFO] 2023-04-11 00:02:58.235675 Epoch [62/100] batch [129/391] loss 0.9912 lr 0.03306310398773546 acc 74.22% eta 0:31:31
2023-04-11 00:03:15,770 - __main__ - INFO - [INFO] 2023-04-11 00:03:15.770253 Epoch [62/100] batch [257/391] loss 1.0596 lr 0.03306310398773546 acc 65.62% eta 0:30:44
2023-04-11 00:03:33,457 - __main__ - INFO - [INFO] 2023-04-11 00:03:33.457259 Epoch [62/100] batch [385/391] loss 1.1650 lr 0.03306310398773546 acc 60.94% eta 0:30:18
2023-04-11 00:03:34,281 - __main__ - INFO - Computing epoch 62 validation accuracy...
2023-04-11 00:03:38,684 - __main__ - INFO - Computing epoch 62 validation loss...
2023-04-11 00:03:43,072 - __main__ - INFO - [INFO] 2023-04-11 00:03:43.072507 Epoch [63/100] batch [1/391] loss 0.9531 lr 0.031593772365766146 acc 66.41% eta 0:30:54
2023-04-11 00:04:00,789 - __main__ - INFO - [INFO] 2023-04-11 00:04:00.789160 Epoch [63/100] batch [129/391] loss 1.0273 lr 0.031593772365766146 acc 71.88% eta 0:29:53
2023-04-11 00:04:18,334 - __main__ - INFO - [INFO] 2023-04-11 00:04:18.334637 Epoch [63/100] batch [257/391] loss 1.1240 lr 0.031593772365766146 acc 64.84% eta 0:29:28
2023-04-11 00:04:36,426 - __main__ - INFO - [INFO] 2023-04-11 00:04:36.426347 Epoch [63/100] batch [385/391] loss 1.0557 lr 0.031593772365766146 acc 74.22% eta 0:29:29
2023-04-11 00:04:37,372 - __main__ - INFO - Computing epoch 63 validation accuracy...
2023-04-11 00:04:41,940 - __main__ - INFO - Computing epoch 63 validation loss...
2023-04-11 00:04:46,084 - __main__ - INFO - [INFO] 2023-04-11 00:04:46.084745 Epoch [64/100] batch [1/391] loss 1.2637 lr 0.030142605468260992 acc 63.28% eta 0:31:46
2023-04-11 00:05:04,139 - __main__ - INFO - [INFO] 2023-04-11 00:05:04.139216 Epoch [64/100] batch [129/391] loss 1.1699 lr 0.030142605468260992 acc 78.12% eta 0:29:43
2023-04-11 00:05:21,762 - __main__ - INFO - [INFO] 2023-04-11 00:05:21.762081 Epoch [64/100] batch [257/391] loss 1.0469 lr 0.030142605468260992 acc 68.75% eta 0:29:04
2023-04-11 00:05:39,634 - __main__ - INFO - [INFO] 2023-04-11 00:05:39.634205 Epoch [64/100] batch [385/391] loss 1.1055 lr 0.030142605468260992 acc 71.09% eta 0:28:51
2023-04-11 00:05:40,481 - __main__ - INFO - Computing epoch 64 validation accuracy...
2023-04-11 00:05:44,474 - __main__ - INFO - Computing epoch 64 validation loss...
2023-04-11 00:05:48,603 - __main__ - INFO - [INFO] 2023-04-11 00:05:48.603306 Epoch [65/100] batch [1/391] loss 1.1006 lr 0.028711035421746394 acc 69.53% eta 0:31:00
2023-04-11 00:06:06,368 - __main__ - INFO - [INFO] 2023-04-11 00:06:06.368713 Epoch [65/100] batch [129/391] loss 1.0801 lr 0.028711035421746394 acc 64.84% eta 0:28:25
2023-04-11 00:06:24,460 - __main__ - INFO - [INFO] 2023-04-11 00:06:24.460163 Epoch [65/100] batch [257/391] loss 1.1133 lr 0.028711035421746394 acc 70.31% eta 0:28:24
2023-04-11 00:06:42,612 - __main__ - INFO - [INFO] 2023-04-11 00:06:42.611953 Epoch [65/100] batch [385/391] loss 1.4395 lr 0.028711035421746394 acc 61.72% eta 0:28:15
2023-04-11 00:06:43,415 - __main__ - INFO - Computing epoch 65 validation accuracy...
2023-04-11 00:06:47,444 - __main__ - INFO - Computing epoch 65 validation loss...
2023-04-11 00:06:51,675 - __main__ - INFO - [INFO] 2023-04-11 00:06:51.675333 Epoch [66/100] batch [1/391] loss 0.8901 lr 0.027300475013022688 acc 72.66% eta 0:32:41
2023-04-11 00:07:09,528 - __main__ - INFO - [INFO] 2023-04-11 00:07:09.527792 Epoch [66/100] batch [129/391] loss 0.9858 lr 0.027300475013022688 acc 67.19% eta 0:27:43
2023-04-11 00:07:27,732 - __main__ - INFO - [INFO] 2023-04-11 00:07:27.731854 Epoch [66/100] batch [257/391] loss 1.2412 lr 0.027300475013022688 acc 62.50% eta 0:27:42
2023-04-11 00:07:45,824 - __main__ - INFO - [INFO] 2023-04-11 00:07:45.824355 Epoch [66/100] batch [385/391] loss 1.1025 lr 0.027300475013022688 acc 64.84% eta 0:27:29
2023-04-11 00:07:46,653 - __main__ - INFO - Computing epoch 66 validation accuracy...
2023-04-11 00:07:50,782 - __main__ - INFO - Computing epoch 66 validation loss...
2023-04-11 00:07:55,083 - __main__ - INFO - [INFO] 2023-04-11 00:07:55.083311 Epoch [67/100] batch [1/391] loss 1.1582 lr 0.025912316294914254 acc 67.19% eta 0:28:40
2023-04-11 00:08:13,118 - __main__ - INFO - [INFO] 2023-04-11 00:08:13.118041 Epoch [67/100] batch [129/391] loss 0.9775 lr 0.025912316294914254 acc 69.53% eta 0:27:11
2023-04-11 00:08:31,029 - __main__ - INFO - [INFO] 2023-04-11 00:08:31.029111 Epoch [67/100] batch [257/391] loss 0.8984 lr 0.025912316294914254 acc 67.97% eta 0:26:52
2023-04-11 00:08:48,396 - __main__ - INFO - [INFO] 2023-04-11 00:08:48.396167 Epoch [67/100] batch [385/391] loss 0.9360 lr 0.025912316294914254 acc 72.66% eta 0:26:17
2023-04-11 00:08:49,192 - __main__ - INFO - Computing epoch 67 validation accuracy...
2023-04-11 00:08:53,309 - __main__ - INFO - Computing epoch 67 validation loss...
2023-04-11 00:08:57,963 - __main__ - INFO - [INFO] 2023-04-11 00:08:57.963295 Epoch [68/100] batch [1/391] loss 0.8564 lr 0.02454792921248146 acc 75.78% eta 0:28:55
2023-04-11 00:09:15,900 - __main__ - INFO - [INFO] 2023-04-11 00:09:15.900683 Epoch [68/100] batch [129/391] loss 1.0430 lr 0.02454792921248146 acc 76.56% eta 0:26:15
2023-04-11 00:09:33,481 - __main__ - INFO - [INFO] 2023-04-11 00:09:33.481163 Epoch [68/100] batch [257/391] loss 1.3047 lr 0.02454792921248146 acc 64.84% eta 0:25:43
2023-04-11 00:09:51,958 - __main__ - INFO - [INFO] 2023-04-11 00:09:51.958048 Epoch [68/100] batch [385/391] loss 0.9292 lr 0.02454792921248146 acc 65.62% eta 0:25:47
2023-04-11 00:09:52,835 - __main__ - INFO - Computing epoch 68 validation accuracy...
2023-04-11 00:09:57,253 - __main__ - INFO - Computing epoch 68 validation loss...
2023-04-11 00:10:01,527 - __main__ - INFO - [INFO] 2023-04-11 00:10:01.526987 Epoch [69/100] batch [1/391] loss 0.8823 lr 0.02320866025105018 acc 77.34% eta 0:27:15
2023-04-11 00:10:19,847 - __main__ - INFO - [INFO] 2023-04-11 00:10:19.846995 Epoch [69/100] batch [129/391] loss 0.9312 lr 0.02320866025105018 acc 74.22% eta 0:25:58
2023-04-11 00:10:37,492 - __main__ - INFO - [INFO] 2023-04-11 00:10:37.492419 Epoch [69/100] batch [257/391] loss 1.1357 lr 0.02320866025105018 acc 72.66% eta 0:25:15
2023-04-11 00:10:55,418 - __main__ - INFO - [INFO] 2023-04-11 00:10:55.418704 Epoch [69/100] batch [385/391] loss 1.1543 lr 0.02320866025105018 acc 67.97% eta 0:24:58
2023-04-11 00:10:56,313 - __main__ - INFO - Computing epoch 69 validation accuracy...
2023-04-11 00:11:00,249 - __main__ - INFO - Computing epoch 69 validation loss...
2023-04-11 00:11:04,475 - __main__ - INFO - [INFO] 2023-04-11 00:11:04.475485 Epoch [70/100] batch [1/391] loss 0.9302 lr 0.021895831107393487 acc 75.00% eta 0:26:24
2023-04-11 00:11:22,150 - __main__ - INFO - [INFO] 2023-04-11 00:11:22.150161 Epoch [70/100] batch [129/391] loss 1.0254 lr 0.021895831107393487 acc 78.12% eta 0:24:19
2023-04-11 00:11:40,327 - __main__ - INFO - [INFO] 2023-04-11 00:11:40.326996 Epoch [70/100] batch [257/391] loss 0.9219 lr 0.021895831107393487 acc 70.31% eta 0:24:23
2023-04-11 00:11:58,107 - __main__ - INFO - [INFO] 2023-04-11 00:11:58.107085 Epoch [70/100] batch [385/391] loss 1.0488 lr 0.021895831107393487 acc 72.66% eta 0:24:01
2023-04-11 00:11:58,902 - __main__ - INFO - Computing epoch 70 validation accuracy...
2023-04-11 00:12:03,010 - __main__ - INFO - Computing epoch 70 validation loss...
2023-04-11 00:12:07,236 - __main__ - INFO - [INFO] 2023-04-11 00:12:07.236628 Epoch [71/100] batch [1/391] loss 0.9497 lr 0.02061073738537637 acc 78.12% eta 0:23:46
2023-04-11 00:12:25,084 - __main__ - INFO - [INFO] 2023-04-11 00:12:25.084268 Epoch [71/100] batch [129/391] loss 0.9956 lr 0.02061073738537637 acc 67.97% eta 0:23:45
2023-04-11 00:12:42,758 - __main__ - INFO - [INFO] 2023-04-11 00:12:42.758400 Epoch [71/100] batch [257/391] loss 1.0820 lr 0.02061073738537637 acc 67.97% eta 0:23:20
2023-04-11 00:12:59,933 - __main__ - INFO - [INFO] 2023-04-11 00:12:59.932927 Epoch [71/100] batch [385/391] loss 0.9893 lr 0.02061073738537637 acc 71.09% eta 0:22:44
2023-04-11 00:13:00,710 - __main__ - INFO - Computing epoch 71 validation accuracy...
2023-04-11 00:13:04,666 - __main__ - INFO - Computing epoch 71 validation loss...
2023-04-11 00:13:09,018 - __main__ - INFO - [INFO] 2023-04-11 00:13:09.018548 Epoch [72/100] batch [1/391] loss 0.7539 lr 0.01935464731735119 acc 81.25% eta 0:25:31
2023-04-11 00:13:26,866 - __main__ - INFO - [INFO] 2023-04-11 00:13:26.866241 Epoch [72/100] batch [129/391] loss 0.9946 lr 0.01935464731735119 acc 71.09% eta 0:22:52
2023-04-11 00:13:44,618 - __main__ - INFO - [INFO] 2023-04-11 00:13:44.618245 Epoch [72/100] batch [257/391] loss 0.8721 lr 0.01935464731735119 acc 68.75% eta 0:22:36
2023-04-11 00:14:02,315 - __main__ - INFO - [INFO] 2023-04-11 00:14:02.314826 Epoch [72/100] batch [385/391] loss 0.8140 lr 0.01935464731735119 acc 77.34% eta 0:22:17
2023-04-11 00:14:03,093 - __main__ - INFO - Computing epoch 72 validation accuracy...
2023-04-11 00:14:06,962 - __main__ - INFO - Computing epoch 72 validation loss...
2023-04-11 00:14:11,161 - __main__ - INFO - [INFO] 2023-04-11 00:14:11.160850 Epoch [73/100] batch [1/391] loss 1.0176 lr 0.018128800512565532 acc 72.66% eta 0:23:36
2023-04-11 00:14:28,421 - __main__ - INFO - [INFO] 2023-04-11 00:14:28.421596 Epoch [73/100] batch [129/391] loss 0.8765 lr 0.018128800512565532 acc 70.31% eta 0:21:14
2023-04-11 00:14:46,445 - __main__ - INFO - [INFO] 2023-04-11 00:14:46.445313 Epoch [73/100] batch [257/391] loss 1.0723 lr 0.018128800512565532 acc 70.31% eta 0:21:32
2023-04-11 00:15:04,459 - __main__ - INFO - [INFO] 2023-04-11 00:15:04.458932 Epoch [73/100] batch [385/391] loss 0.8579 lr 0.018128800512565532 acc 71.88% eta 0:21:28
2023-04-11 00:15:05,265 - __main__ - INFO - Computing epoch 73 validation accuracy...
2023-04-11 00:15:09,113 - __main__ - INFO - Computing epoch 73 validation loss...
2023-04-11 00:15:13,240 - __main__ - INFO - [INFO] 2023-04-11 00:15:13.240451 Epoch [74/100] batch [1/391] loss 0.8936 lr 0.016934406733817433 acc 77.34% eta 0:21:33
2023-04-11 00:15:31,055 - __main__ - INFO - [INFO] 2023-04-11 00:15:31.055705 Epoch [74/100] batch [129/391] loss 0.9277 lr 0.016934406733817433 acc 72.66% eta 0:21:15
2023-04-11 00:15:48,905 - __main__ - INFO - [INFO] 2023-04-11 00:15:48.904961 Epoch [74/100] batch [257/391] loss 0.9512 lr 0.016934406733817433 acc 70.31% eta 0:21:01
2023-04-11 00:16:06,315 - __main__ - INFO - [INFO] 2023-04-11 00:16:06.315273 Epoch [74/100] batch [385/391] loss 0.8403 lr 0.016934406733817433 acc 78.12% eta 0:20:36
2023-04-11 00:16:07,143 - __main__ - INFO - Computing epoch 74 validation accuracy...
2023-04-11 00:16:11,079 - __main__ - INFO - Computing epoch 74 validation loss...
2023-04-11 00:16:15,280 - __main__ - INFO - [INFO] 2023-04-11 00:16:15.280182 Epoch [75/100] batch [1/391] loss 0.9106 lr 0.01577264470356558 acc 67.97% eta 0:21:52
2023-04-11 00:16:33,107 - __main__ - INFO - [INFO] 2023-04-11 00:16:33.107069 Epoch [75/100] batch [129/391] loss 0.9404 lr 0.01577264470356558 acc 74.22% eta 0:20:27
2023-04-11 00:16:50,759 - __main__ - INFO - [INFO] 2023-04-11 00:16:50.759197 Epoch [75/100] batch [257/391] loss 0.7285 lr 0.01577264470356558 acc 77.34% eta 0:20:06
2023-04-11 00:17:08,673 - __main__ - INFO - [INFO] 2023-04-11 00:17:08.673718 Epoch [75/100] batch [385/391] loss 0.8813 lr 0.01577264470356558 acc 71.88% eta 0:19:55
2023-04-11 00:17:09,452 - __main__ - INFO - Computing epoch 75 validation accuracy...
2023-04-11 00:17:13,483 - __main__ - INFO - Computing epoch 75 validation loss...
2023-04-11 00:17:17,760 - __main__ - INFO - [INFO] 2023-04-11 00:17:17.760747 Epoch [76/100] batch [1/391] loss 0.8774 lr 0.014644660940672643 acc 77.34% eta 0:21:12
2023-04-11 00:17:35,580 - __main__ - INFO - [INFO] 2023-04-11 00:17:35.580076 Epoch [76/100] batch [129/391] loss 0.6216 lr 0.014644660940672643 acc 78.91% eta 0:19:42
2023-04-11 00:17:53,359 - __main__ - INFO - [INFO] 2023-04-11 00:17:53.359775 Epoch [76/100] batch [257/391] loss 0.7827 lr 0.014644660940672643 acc 78.91% eta 0:19:24
2023-04-11 00:18:11,220 - __main__ - INFO - [INFO] 2023-04-11 00:18:11.220446 Epoch [76/100] batch [385/391] loss 0.8618 lr 0.014644660940672643 acc 84.38% eta 0:19:11
2023-04-11 00:18:12,053 - __main__ - INFO - Computing epoch 76 validation accuracy...
2023-04-11 00:18:16,364 - __main__ - INFO - Computing epoch 76 validation loss...
2023-04-11 00:18:20,837 - __main__ - INFO - [INFO] 2023-04-11 00:18:20.837376 Epoch [77/100] batch [1/391] loss 0.7588 lr 0.013551568628929448 acc 77.34% eta 0:18:11
2023-04-11 00:18:38,377 - __main__ - INFO - [INFO] 2023-04-11 00:18:38.376891 Epoch [77/100] batch [129/391] loss 1.1201 lr 0.013551568628929448 acc 68.75% eta 0:18:34
2023-04-11 00:18:55,876 - __main__ - INFO - [INFO] 2023-04-11 00:18:55.876474 Epoch [77/100] batch [257/391] loss 0.9561 lr 0.013551568628929448 acc 74.22% eta 0:18:20
2023-04-11 00:19:13,474 - __main__ - INFO - [INFO] 2023-04-11 00:19:13.474391 Epoch [77/100] batch [385/391] loss 0.8691 lr 0.013551568628929448 acc 79.69% eta 0:18:06
2023-04-11 00:19:14,318 - __main__ - INFO - Computing epoch 77 validation accuracy...
2023-04-11 00:19:18,432 - __main__ - INFO - Computing epoch 77 validation loss...
2023-04-11 00:19:22,728 - __main__ - INFO - [INFO] 2023-04-11 00:19:22.728534 Epoch [78/100] batch [1/391] loss 1.0020 lr 0.012494446518477033 acc 67.97% eta 0:21:04
2023-04-11 00:19:40,453 - __main__ - INFO - [INFO] 2023-04-11 00:19:40.452956 Epoch [78/100] batch [129/391] loss 0.8457 lr 0.012494446518477033 acc 73.44% eta 0:18:01
2023-04-11 00:19:58,546 - __main__ - INFO - [INFO] 2023-04-11 00:19:58.546040 Epoch [78/100] batch [257/391] loss 0.8672 lr 0.012494446518477033 acc 75.78% eta 0:17:55
2023-04-11 00:20:16,492 - __main__ - INFO - [INFO] 2023-04-11 00:20:16.492706 Epoch [78/100] batch [385/391] loss 0.8999 lr 0.012494446518477033 acc 73.44% eta 0:17:41
2023-04-11 00:20:17,344 - __main__ - INFO - Computing epoch 78 validation accuracy...
2023-04-11 00:20:21,376 - __main__ - INFO - Computing epoch 78 validation loss...
2023-04-11 00:20:25,612 - __main__ - INFO - [INFO] 2023-04-11 00:20:25.612335 Epoch [79/100] batch [1/391] loss 0.7900 lr 0.011474337861210555 acc 76.56% eta 0:17:19
2023-04-11 00:20:43,493 - __main__ - INFO - [INFO] 2023-04-11 00:20:43.492475 Epoch [79/100] batch [129/391] loss 0.7690 lr 0.011474337861210555 acc 77.34% eta 0:17:21
2023-04-11 00:21:01,502 - __main__ - INFO - [INFO] 2023-04-11 00:21:01.501892 Epoch [79/100] batch [257/391] loss 0.8784 lr 0.011474337861210555 acc 77.34% eta 0:17:09
2023-04-11 00:21:19,048 - __main__ - INFO - [INFO] 2023-04-11 00:21:19.048338 Epoch [79/100] batch [385/391] loss 0.9897 lr 0.011474337861210555 acc 71.09% eta 0:16:46
2023-04-11 00:21:19,862 - __main__ - INFO - Computing epoch 79 validation accuracy...
2023-04-11 00:21:23,720 - __main__ - INFO - Computing epoch 79 validation loss...
2023-04-11 00:21:27,975 - __main__ - INFO - [INFO] 2023-04-11 00:21:27.975293 Epoch [80/100] batch [1/391] loss 0.6270 lr 0.01049224938121549 acc 78.91% eta 0:17:39
2023-04-11 00:21:45,666 - __main__ - INFO - [INFO] 2023-04-11 00:21:45.666641 Epoch [80/100] batch [129/391] loss 0.7847 lr 0.01049224938121549 acc 78.91% eta 0:16:21
2023-04-11 00:22:03,514 - __main__ - INFO - [INFO] 2023-04-11 00:22:03.514034 Epoch [80/100] batch [257/391] loss 0.7998 lr 0.01049224938121549 acc 82.03% eta 0:16:10
2023-04-11 00:22:21,287 - __main__ - INFO - [INFO] 2023-04-11 00:22:21.287240 Epoch [80/100] batch [385/391] loss 0.7778 lr 0.01049224938121549 acc 80.47% eta 0:15:55
2023-04-11 00:22:22,108 - __main__ - INFO - Computing epoch 80 validation accuracy...
2023-04-11 00:22:26,234 - __main__ - INFO - Computing epoch 80 validation loss...
2023-04-11 00:22:30,540 - __main__ - INFO - [INFO] 2023-04-11 00:22:30.540016 Epoch [81/100] batch [1/391] loss 0.6499 lr 0.009549150281252642 acc 82.81% eta 0:17:52
2023-04-11 00:22:48,310 - __main__ - INFO - [INFO] 2023-04-11 00:22:48.309973 Epoch [81/100] batch [129/391] loss 0.7622 lr 0.009549150281252642 acc 82.81% eta 0:15:40
2023-04-11 00:23:06,075 - __main__ - INFO - [INFO] 2023-04-11 00:23:06.075067 Epoch [81/100] batch [257/391] loss 0.8047 lr 0.009549150281252642 acc 80.47% eta 0:15:24
2023-04-11 00:23:24,048 - __main__ - INFO - [INFO] 2023-04-11 00:23:24.048545 Epoch [81/100] batch [385/391] loss 0.7983 lr 0.009549150281252642 acc 78.12% eta 0:15:12
2023-04-11 00:23:24,888 - __main__ - INFO - Computing epoch 81 validation accuracy...
2023-04-11 00:23:28,908 - __main__ - INFO - Computing epoch 81 validation loss...
2023-04-11 00:23:33,080 - __main__ - INFO - [INFO] 2023-04-11 00:23:33.080567 Epoch [82/100] batch [1/391] loss 0.6191 lr 0.008645971286271922 acc 81.25% eta 0:15:37
2023-04-11 00:23:50,849 - __main__ - INFO - [INFO] 2023-04-11 00:23:50.848842 Epoch [82/100] batch [129/391] loss 0.8369 lr 0.008645971286271922 acc 78.12% eta 0:14:53
2023-04-11 00:24:08,763 - __main__ - INFO - [INFO] 2023-04-11 00:24:08.763430 Epoch [82/100] batch [257/391] loss 0.5908 lr 0.008645971286271922 acc 83.59% eta 0:14:40
2023-04-11 00:24:26,673 - __main__ - INFO - [INFO] 2023-04-11 00:24:26.673681 Epoch [82/100] batch [385/391] loss 0.7812 lr 0.008645971286271922 acc 76.56% eta 0:14:24
2023-04-11 00:24:27,458 - __main__ - INFO - Computing epoch 82 validation accuracy...
2023-04-11 00:24:31,303 - __main__ - INFO - Computing epoch 82 validation loss...
2023-04-11 00:24:35,380 - __main__ - INFO - [INFO] 2023-04-11 00:24:35.380296 Epoch [83/100] batch [1/391] loss 0.5312 lr 0.007783603724899264 acc 86.72% eta 0:14:09
2023-04-11 00:24:52,812 - __main__ - INFO - [INFO] 2023-04-11 00:24:52.812095 Epoch [83/100] batch [129/391] loss 0.7129 lr 0.007783603724899264 acc 80.47% eta 0:13:46
2023-04-11 00:25:10,453 - __main__ - INFO - [INFO] 2023-04-11 00:25:10.453551 Epoch [83/100] batch [257/391] loss 0.6304 lr 0.007783603724899264 acc 84.38% eta 0:13:37
2023-04-11 00:25:28,325 - __main__ - INFO - [INFO] 2023-04-11 00:25:28.325486 Epoch [83/100] batch [385/391] loss 0.8115 lr 0.007783603724899264 acc 80.47% eta 0:13:26
2023-04-11 00:25:29,109 - __main__ - INFO - Computing epoch 83 validation accuracy...
2023-04-11 00:25:33,106 - __main__ - INFO - Computing epoch 83 validation loss...
2023-04-11 00:25:37,279 - __main__ - INFO - [INFO] 2023-04-11 00:25:37.279631 Epoch [84/100] batch [1/391] loss 0.8149 lr 0.006962898649802819 acc 78.12% eta 0:14:21
2023-04-11 00:25:55,180 - __main__ - INFO - [INFO] 2023-04-11 00:25:55.180718 Epoch [84/100] batch [129/391] loss 0.6274 lr 0.006962898649802819 acc 83.59% eta 0:13:21
2023-04-11 00:26:13,260 - __main__ - INFO - [INFO] 2023-04-11 00:26:13.260011 Epoch [84/100] batch [257/391] loss 0.7139 lr 0.006962898649802819 acc 83.59% eta 0:13:10
2023-04-11 00:26:31,304 - __main__ - INFO - [INFO] 2023-04-11 00:26:31.304287 Epoch [84/100] batch [385/391] loss 0.6616 lr 0.006962898649802819 acc 81.25% eta 0:12:54
2023-04-11 00:26:32,078 - __main__ - INFO - Computing epoch 84 validation accuracy...
2023-04-11 00:26:36,140 - __main__ - INFO - Computing epoch 84 validation loss...
2023-04-11 00:26:40,414 - __main__ - INFO - [INFO] 2023-04-11 00:26:40.414549 Epoch [85/100] batch [1/391] loss 0.5996 lr 0.0061846659978068265 acc 86.72% eta 0:14:12
2023-04-11 00:26:58,392 - __main__ - INFO - [INFO] 2023-04-11 00:26:58.391927 Epoch [85/100] batch [129/391] loss 0.6689 lr 0.0061846659978068265 acc 82.81% eta 0:12:33
2023-04-11 00:27:16,093 - __main__ - INFO - [INFO] 2023-04-11 00:27:16.093754 Epoch [85/100] batch [257/391] loss 0.5186 lr 0.0061846659978068265 acc 86.72% eta 0:12:13
2023-04-11 00:27:34,296 - __main__ - INFO - [INFO] 2023-04-11 00:27:34.295905 Epoch [85/100] batch [385/391] loss 0.6733 lr 0.0061846659978068265 acc 80.47% eta 0:12:03
2023-04-11 00:27:35,132 - __main__ - INFO - Computing epoch 85 validation accuracy...
2023-04-11 00:27:39,175 - __main__ - INFO - Computing epoch 85 validation loss...
2023-04-11 00:27:43,310 - __main__ - INFO - [INFO] 2023-04-11 00:27:43.310210 Epoch [86/100] batch [1/391] loss 0.5732 lr 0.005449673790581615 acc 83.59% eta 0:12:51
2023-04-11 00:28:01,396 - __main__ - INFO - [INFO] 2023-04-11 00:28:01.396490 Epoch [86/100] batch [129/391] loss 0.5474 lr 0.005449673790581615 acc 85.94% eta 0:11:54
2023-04-11 00:28:19,219 - __main__ - INFO - [INFO] 2023-04-11 00:28:19.218823 Epoch [86/100] batch [257/391] loss 0.5410 lr 0.005449673790581615 acc 86.72% eta 0:11:33
2023-04-11 00:28:37,440 - __main__ - INFO - [INFO] 2023-04-11 00:28:37.440100 Epoch [86/100] batch [385/391] loss 0.6743 lr 0.005449673790581615 acc 82.81% eta 0:11:21
2023-04-11 00:28:38,234 - __main__ - INFO - Computing epoch 86 validation accuracy...
2023-04-11 00:28:42,251 - __main__ - INFO - Computing epoch 86 validation loss...
2023-04-11 00:28:46,448 - __main__ - INFO - [INFO] 2023-04-11 00:28:46.447973 Epoch [87/100] batch [1/391] loss 0.5049 lr 0.004758647376699036 acc 84.38% eta 0:12:28
2023-04-11 00:29:04,666 - __main__ - INFO - [INFO] 2023-04-11 00:29:04.665929 Epoch [87/100] batch [129/391] loss 0.5103 lr 0.004758647376699036 acc 89.84% eta 0:11:09
2023-04-11 00:29:22,444 - __main__ - INFO - [INFO] 2023-04-11 00:29:22.444553 Epoch [87/100] batch [257/391] loss 0.5073 lr 0.004758647376699036 acc 89.06% eta 0:10:44
2023-04-11 00:29:40,813 - __main__ - INFO - [INFO] 2023-04-11 00:29:40.813111 Epoch [87/100] batch [385/391] loss 0.7700 lr 0.004758647376699036 acc 77.34% eta 0:10:33
2023-04-11 00:29:41,596 - __main__ - INFO - Computing epoch 87 validation accuracy...
2023-04-11 00:29:45,700 - __main__ - INFO - Computing epoch 87 validation loss...
2023-04-11 00:29:49,934 - __main__ - INFO - [INFO] 2023-04-11 00:29:49.934149 Epoch [88/100] batch [1/391] loss 0.4768 lr 0.004112268715800957 acc 86.72% eta 0:11:20
2023-04-11 00:30:08,105 - __main__ - INFO - [INFO] 2023-04-11 00:30:08.105533 Epoch [88/100] batch [129/391] loss 0.5098 lr 0.004112268715800957 acc 86.72% eta 0:10:18
2023-04-11 00:30:26,233 - __main__ - INFO - [INFO] 2023-04-11 00:30:26.233430 Epoch [88/100] batch [257/391] loss 0.4763 lr 0.004112268715800957 acc 87.50% eta 0:10:01
2023-04-11 00:30:44,048 - __main__ - INFO - [INFO] 2023-04-11 00:30:44.048341 Epoch [88/100] batch [385/391] loss 0.4150 lr 0.004112268715800957 acc 89.84% eta 0:09:42
2023-04-11 00:30:44,901 - __main__ - INFO - Computing epoch 88 validation accuracy...
2023-04-11 00:30:49,018 - __main__ - INFO - Computing epoch 88 validation loss...
2023-04-11 00:30:53,329 - __main__ - INFO - [INFO] 2023-04-11 00:30:53.329776 Epoch [89/100] batch [1/391] loss 0.4453 lr 0.003511175705587435 acc 90.62% eta 0:09:48
2023-04-11 00:31:11,130 - __main__ - INFO - [INFO] 2023-04-11 00:31:11.130223 Epoch [89/100] batch [129/391] loss 0.5303 lr 0.003511175705587435 acc 86.72% eta 0:09:19
2023-04-11 00:31:29,292 - __main__ - INFO - [INFO] 2023-04-11 00:31:29.292184 Epoch [89/100] batch [257/391] loss 0.4595 lr 0.003511175705587435 acc 84.38% eta 0:09:09
2023-04-11 00:31:47,620 - __main__ - INFO - [INFO] 2023-04-11 00:31:47.620457 Epoch [89/100] batch [385/391] loss 0.4407 lr 0.003511175705587435 acc 89.06% eta 0:08:56
2023-04-11 00:31:48,467 - __main__ - INFO - Computing epoch 89 validation accuracy...
2023-04-11 00:31:52,489 - __main__ - INFO - Computing epoch 89 validation loss...
2023-04-11 00:31:56,799 - __main__ - INFO - [INFO] 2023-04-11 00:31:56.799271 Epoch [90/100] batch [1/391] loss 0.4771 lr 0.0029559615522887295 acc 87.50% eta 0:08:46
2023-04-11 00:32:14,559 - __main__ - INFO - [INFO] 2023-04-11 00:32:14.559337 Epoch [90/100] batch [129/391] loss 0.4795 lr 0.0029559615522887295 acc 89.06% eta 0:08:27
2023-04-11 00:32:32,255 - __main__ - INFO - [INFO] 2023-04-11 00:32:32.255170 Epoch [90/100] batch [257/391] loss 0.5557 lr 0.0029559615522887295 acc 86.72% eta 0:08:11
2023-04-11 00:32:50,132 - __main__ - INFO - [INFO] 2023-04-11 00:32:50.132148 Epoch [90/100] batch [385/391] loss 0.5200 lr 0.0029559615522887295 acc 84.38% eta 0:07:58
2023-04-11 00:32:50,943 - __main__ - INFO - Computing epoch 90 validation accuracy...
2023-04-11 00:32:54,948 - __main__ - INFO - Computing epoch 90 validation loss...
2023-04-11 00:32:59,772 - __main__ - INFO - [INFO] 2023-04-11 00:32:59.772686 Epoch [91/100] batch [1/391] loss 0.4705 lr 0.0024471741852423253 acc 89.06% eta 0:08:24
2023-04-11 00:33:17,724 - __main__ - INFO - [INFO] 2023-04-11 00:33:17.724214 Epoch [91/100] batch [129/391] loss 0.4800 lr 0.0024471741852423253 acc 86.72% eta 0:07:47
2023-04-11 00:33:35,659 - __main__ - INFO - [INFO] 2023-04-11 00:33:35.659728 Epoch [91/100] batch [257/391] loss 0.4429 lr 0.0024471741852423253 acc 89.06% eta 0:07:31
2023-04-11 00:33:53,328 - __main__ - INFO - [INFO] 2023-04-11 00:33:53.328467 Epoch [91/100] batch [385/391] loss 0.5503 lr 0.0024471741852423253 acc 86.72% eta 0:07:13
2023-04-11 00:33:54,114 - __main__ - INFO - Computing epoch 91 validation accuracy...
2023-04-11 00:33:58,235 - __main__ - INFO - Computing epoch 91 validation loss...
2023-04-11 00:34:02,548 - __main__ - INFO - [INFO] 2023-04-11 00:34:02.548291 Epoch [92/100] batch [1/391] loss 0.4111 lr 0.0019853157161528537 acc 84.38% eta 0:07:19
2023-04-11 00:34:20,425 - __main__ - INFO - [INFO] 2023-04-11 00:34:20.425043 Epoch [92/100] batch [129/391] loss 0.4785 lr 0.0019853157161528537 acc 87.50% eta 0:06:56
2023-04-11 00:34:38,423 - __main__ - INFO - [INFO] 2023-04-11 00:34:38.423430 Epoch [92/100] batch [257/391] loss 0.4397 lr 0.0019853157161528537 acc 86.72% eta 0:06:42
2023-04-11 00:34:56,274 - __main__ - INFO - [INFO] 2023-04-11 00:34:56.274332 Epoch [92/100] batch [385/391] loss 0.4944 lr 0.0019853157161528537 acc 88.28% eta 0:06:25
2023-04-11 00:34:57,039 - __main__ - INFO - Computing epoch 92 validation accuracy...
2023-04-11 00:35:00,906 - __main__ - INFO - Computing epoch 92 validation loss...
2023-04-11 00:35:05,146 - __main__ - INFO - [INFO] 2023-04-11 00:35:05.146374 Epoch [93/100] batch [1/391] loss 0.3298 lr 0.0015708419435684529 acc 93.75% eta 0:06:38
2023-04-11 00:35:23,031 - __main__ - INFO - [INFO] 2023-04-11 00:35:23.031551 Epoch [93/100] batch [129/391] loss 0.4407 lr 0.0015708419435684529 acc 89.06% eta 0:06:09
2023-04-11 00:35:40,812 - __main__ - INFO - [INFO] 2023-04-11 00:35:40.812122 Epoch [93/100] batch [257/391] loss 0.4546 lr 0.0015708419435684529 acc 85.16% eta 0:05:52
2023-04-11 00:35:58,504 - __main__ - INFO - [INFO] 2023-04-11 00:35:58.504515 Epoch [93/100] batch [385/391] loss 0.2871 lr 0.0015708419435684529 acc 94.53% eta 0:05:35
2023-04-11 00:35:59,287 - __main__ - INFO - Computing epoch 93 validation accuracy...
2023-04-11 00:36:03,170 - __main__ - INFO - Computing epoch 93 validation loss...
2023-04-11 00:36:07,394 - __main__ - INFO - [INFO] 2023-04-11 00:36:07.394764 Epoch [94/100] batch [1/391] loss 0.3079 lr 0.0012041619030626347 acc 93.75% eta 0:05:59
2023-04-11 00:36:25,278 - __main__ - INFO - [INFO] 2023-04-11 00:36:25.278793 Epoch [94/100] batch [129/391] loss 0.4539 lr 0.0012041619030626347 acc 91.41% eta 0:05:20
2023-04-11 00:36:43,599 - __main__ - INFO - [INFO] 2023-04-11 00:36:43.599333 Epoch [94/100] batch [257/391] loss 0.4275 lr 0.0012041619030626347 acc 89.06% eta 0:05:09
2023-04-11 00:37:01,360 - __main__ - INFO - [INFO] 2023-04-11 00:37:01.360776 Epoch [94/100] batch [385/391] loss 0.5400 lr 0.0012041619030626347 acc 84.38% eta 0:04:51
2023-04-11 00:37:02,176 - __main__ - INFO - Computing epoch 94 validation accuracy...
2023-04-11 00:37:06,126 - __main__ - INFO - Computing epoch 94 validation loss...
2023-04-11 00:37:10,305 - __main__ - INFO - [INFO] 2023-04-11 00:37:10.305039 Epoch [95/100] batch [1/391] loss 0.2935 lr 0.0008856374635655646 acc 92.97% eta 0:05:08
2023-04-11 00:37:27,920 - __main__ - INFO - [INFO] 2023-04-11 00:37:27.920545 Epoch [95/100] batch [129/391] loss 0.3713 lr 0.0008856374635655646 acc 90.62% eta 0:04:28
2023-04-11 00:37:45,769 - __main__ - INFO - [INFO] 2023-04-11 00:37:45.769712 Epoch [95/100] batch [257/391] loss 0.4775 lr 0.0008856374635655646 acc 88.28% eta 0:04:14
2023-04-11 00:38:03,980 - __main__ - INFO - [INFO] 2023-04-11 00:38:03.979889 Epoch [95/100] batch [385/391] loss 0.3887 lr 0.0008856374635655646 acc 92.19% eta 0:04:01
2023-04-11 00:38:04,852 - __main__ - INFO - Computing epoch 95 validation accuracy...
2023-04-11 00:38:08,928 - __main__ - INFO - Computing epoch 95 validation loss...
2023-04-11 00:38:13,289 - __main__ - INFO - [INFO] 2023-04-11 00:38:13.289002 Epoch [96/100] batch [1/391] loss 0.4285 lr 0.0006155829702431174 acc 89.06% eta 0:04:22
2023-04-11 00:38:31,221 - __main__ - INFO - [INFO] 2023-04-11 00:38:31.221207 Epoch [96/100] batch [129/391] loss 0.3838 lr 0.0006155829702431174 acc 89.84% eta 0:03:45
2023-04-11 00:38:49,298 - __main__ - INFO - [INFO] 2023-04-11 00:38:49.298523 Epoch [96/100] batch [257/391] loss 0.4175 lr 0.0006155829702431174 acc 90.62% eta 0:03:30
2023-04-11 00:39:07,400 - __main__ - INFO - [INFO] 2023-04-11 00:39:07.399977 Epoch [96/100] batch [385/391] loss 0.4683 lr 0.0006155829702431174 acc 85.94% eta 0:03:14
2023-04-11 00:39:08,189 - __main__ - INFO - Computing epoch 96 validation accuracy...
2023-04-11 00:39:12,063 - __main__ - INFO - Computing epoch 96 validation loss...
2023-04-11 00:39:16,431 - __main__ - INFO - [INFO] 2023-04-11 00:39:16.431029 Epoch [97/100] batch [1/391] loss 0.4873 lr 0.00039426493427611206 acc 85.16% eta 0:03:39
2023-04-11 00:39:34,068 - __main__ - INFO - [INFO] 2023-04-11 00:39:34.068059 Epoch [97/100] batch [129/391] loss 0.4299 lr 0.00039426493427611206 acc 90.62% eta 0:02:54
2023-04-11 00:39:51,812 - __main__ - INFO - [INFO] 2023-04-11 00:39:51.811800 Epoch [97/100] batch [257/391] loss 0.3809 lr 0.00039426493427611206 acc 89.84% eta 0:02:39
2023-04-11 00:40:09,608 - __main__ - INFO - [INFO] 2023-04-11 00:40:09.607868 Epoch [97/100] batch [385/391] loss 0.3706 lr 0.00039426493427611206 acc 87.50% eta 0:02:23
2023-04-11 00:40:10,420 - __main__ - INFO - Computing epoch 97 validation accuracy...
2023-04-11 00:40:14,405 - __main__ - INFO - Computing epoch 97 validation loss...
2023-04-11 00:40:18,546 - __main__ - INFO - [INFO] 2023-04-11 00:40:18.546595 Epoch [98/100] batch [1/391] loss 0.3660 lr 0.00022190176984600036 acc 92.97% eta 0:02:27
2023-04-11 00:40:36,391 - __main__ - INFO - [INFO] 2023-04-11 00:40:36.391525 Epoch [98/100] batch [129/391] loss 0.2717 lr 0.00022190176984600036 acc 94.53% eta 0:02:07
2023-04-11 00:40:54,429 - __main__ - INFO - [INFO] 2023-04-11 00:40:54.429774 Epoch [98/100] batch [257/391] loss 0.3101 lr 0.00022190176984600036 acc 92.97% eta 0:01:52
2023-04-11 00:41:12,565 - __main__ - INFO - [INFO] 2023-04-11 00:41:12.565360 Epoch [98/100] batch [385/391] loss 0.4072 lr 0.00022190176984600036 acc 88.28% eta 0:01:36
2023-04-11 00:41:13,412 - __main__ - INFO - Computing epoch 98 validation accuracy...
2023-04-11 00:41:17,499 - __main__ - INFO - Computing epoch 98 validation loss...
2023-04-11 00:41:21,764 - __main__ - INFO - [INFO] 2023-04-11 00:41:21.763943 Epoch [99/100] batch [1/391] loss 0.4089 lr 9.866357858642213e-05 acc 89.06% eta 0:01:36
2023-04-11 00:41:40,018 - __main__ - INFO - [INFO] 2023-04-11 00:41:40.018578 Epoch [99/100] batch [129/391] loss 0.4363 lr 9.866357858642213e-05 acc 87.50% eta 0:01:21
2023-04-11 00:41:58,005 - __main__ - INFO - [INFO] 2023-04-11 00:41:58.005464 Epoch [99/100] batch [257/391] loss 0.4995 lr 9.866357858642213e-05 acc 88.28% eta 0:01:05
2023-04-11 00:42:16,139 - __main__ - INFO - [INFO] 2023-04-11 00:42:16.139186 Epoch [99/100] batch [385/391] loss 0.4153 lr 9.866357858642213e-05 acc 89.06% eta 0:00:49
2023-04-11 00:42:16,948 - __main__ - INFO - Computing epoch 99 validation accuracy...
2023-04-11 00:42:20,939 - __main__ - INFO - Computing epoch 99 validation loss...
2023-04-11 00:42:25,050 - __main__ - INFO - [INFO] 2023-04-11 00:42:25.050550 Epoch [100/100] batch [1/391] loss 0.2825 lr 2.4671981713420017e-05 acc 92.97% eta 0:00:48
2023-04-11 00:42:43,109 - __main__ - INFO - [INFO] 2023-04-11 00:42:43.108908 Epoch [100/100] batch [129/391] loss 0.3833 lr 2.4671981713420017e-05 acc 89.84% eta 0:00:32
2023-04-11 00:43:01,082 - __main__ - INFO - [INFO] 2023-04-11 00:43:01.082006 Epoch [100/100] batch [257/391] loss 0.4304 lr 2.4671981713420017e-05 acc 88.28% eta 0:00:16
2023-04-11 00:43:18,998 - __main__ - INFO - [INFO] 2023-04-11 00:43:18.998702 Epoch [100/100] batch [385/391] loss 0.3889 lr 2.4671981713420017e-05 acc 92.97% eta 0:00:00
2023-04-11 00:43:19,838 - __main__ - INFO - Computing epoch 100 validation accuracy...
2023-04-11 00:43:23,897 - __main__ - INFO - Computing epoch 100 validation loss...
2023-04-11 00:43:28,214 - __main__ - INFO - Reading testing data set cifar100
2023-04-11 00:43:28,949 - __main__ - INFO - Loading trained model...
2023-04-11 00:43:33,707 - __main__ - INFO - Testing acc : 71.15%.
