2023-04-10 19:35:41,712 - __main__ - INFO - 

2023-04-10 19:35:41,712 - __main__ - INFO - ***************
2023-04-10 19:35:41,712 - __main__ - INFO - ** Arguments **
2023-04-10 19:35:41,712 - __main__ - INFO - ***************
2023-04-10 19:35:41,712 - __main__ - INFO - backbone: resnet56
2023-04-10 19:35:41,712 - __main__ - INFO - dataname: cifar100
2023-04-10 19:35:41,712 - __main__ - INFO - drop_method: db
2023-04-10 19:35:41,712 - __main__ - INFO - drop_rate: 0.3
2023-04-10 19:35:41,712 - __main__ - INFO - eval_only: 0
2023-04-10 19:35:41,712 - __main__ - INFO - output_path: checkpoints/cifar100/resnet56/drop_db/rate_0.3/seed1
2023-04-10 19:35:41,712 - __main__ - INFO - part_rate: 0.1
2023-04-10 19:35:41,712 - __main__ - INFO - seed: 1
2023-04-10 19:35:41,713 - __main__ - INFO - weight_decay: 0.0005
2023-04-10 19:35:41,713 - __main__ - INFO - ************
2023-04-10 19:35:41,713 - __main__ - INFO - ** Config **
2023-04-10 19:35:41,713 - __main__ - INFO - ************
2023-04-10 19:35:41,713 - __main__ - INFO - {'DATALOADER': {'PATH': './data', 'DATANAME': 'cifar100', 'BATCH_SIZE': 128, 'NUM_CLASSES': 100}, 'INPUT': {'SIZE': [32, 32], 'PIXEL_MEAN': [0.4914, 0.4822, 0.4465], 'PIXEL_STD': [0.2023, 0.1994, 0.201]}, 'OUTPUT': {'DIR': 'checkpoints/cifar100/resnet56/drop_db/rate_0.3/seed1'}, 'SEED': 1, 'OPTIM': {'LR': 0.1, 'MAX_EPOCH': 100, 'LR_SCHEDULER': 'step', 'LR_MILESTONES': [20, 40, 80, 120, 140], 'LR_DECAY': 0.2, 'PART_RATE': 0.1, 'WEIGHT_DECAY': 0.0005, 'DROP_RATE': 0.3, 'DROP_METHOD': 'db', 'BLOCK_SIZE': 7}, 'MODEL': {'BACKBONE': 'resnet56'}}
2023-04-10 19:35:41,725 - __main__ - INFO - Reading training data set cifar100
2023-04-10 19:35:43,770 - __main__ - INFO - Loading raw model
2023-04-10 19:35:47,425 - __main__ - INFO - 
Saving everything to checkpoints/cifar100/resnet56/drop_db/rate_0.3/seed1
2023-04-10 19:35:47,426 - __main__ - INFO - Start training...
2023-04-10 19:35:52,887 - __main__ - INFO - [INFO] 2023-04-10 19:35:52.887695 Epoch [1/100] batch [1/391] loss 9.0703 lr 0.1 acc 0.78% eta 2 days, 11:07:33
2023-04-10 19:36:09,679 - __main__ - INFO - [INFO] 2023-04-10 19:36:09.679473 Epoch [1/100] batch [129/391] loss 4.6055 lr 0.1 acc 0.78% eta 1:41:00
2023-04-10 19:36:26,447 - __main__ - INFO - [INFO] 2023-04-10 19:36:26.447627 Epoch [1/100] batch [257/391] loss 4.6250 lr 0.1 acc 3.12% eta 1:27:19
2023-04-10 19:36:43,204 - __main__ - INFO - [INFO] 2023-04-10 19:36:43.204360 Epoch [1/100] batch [385/391] loss 4.3242 lr 0.1 acc 4.69% eta 1:22:29
2023-04-10 19:36:43,983 - __main__ - INFO - Computing epoch 1 validation accuracy...
2023-04-10 19:36:47,744 - __main__ - INFO - Computing epoch 1 validation loss...
2023-04-10 19:36:51,808 - __main__ - INFO - [INFO] 2023-04-10 19:36:51.808000 Epoch [2/100] batch [1/391] loss 4.3477 lr 0.09997532801828658 acc 1.56% eta 1:21:46
2023-04-10 19:37:08,905 - __main__ - INFO - [INFO] 2023-04-10 19:37:08.905098 Epoch [2/100] batch [129/391] loss 4.1992 lr 0.09997532801828658 acc 3.91% eta 1:15:15
2023-04-10 19:37:25,859 - __main__ - INFO - [INFO] 2023-04-10 19:37:25.859001 Epoch [2/100] batch [257/391] loss 4.0078 lr 0.09997532801828658 acc 9.38% eta 1:14:31
2023-04-10 19:37:42,913 - __main__ - INFO - [INFO] 2023-04-10 19:37:42.913055 Epoch [2/100] batch [385/391] loss 3.6465 lr 0.09997532801828658 acc 14.84% eta 1:14:17
2023-04-10 19:37:43,680 - __main__ - INFO - Computing epoch 2 validation accuracy...
2023-04-10 19:37:47,585 - __main__ - INFO - Computing epoch 2 validation loss...
2023-04-10 19:37:51,562 - __main__ - INFO - [INFO] 2023-04-10 19:37:51.561869 Epoch [3/100] batch [1/391] loss 3.8770 lr 0.09990133642141358 acc 13.28% eta 1:18:52
2023-04-10 19:38:08,760 - __main__ - INFO - [INFO] 2023-04-10 19:38:08.760582 Epoch [3/100] batch [129/391] loss 3.5820 lr 0.09990133642141358 acc 15.62% eta 1:14:31
2023-04-10 19:38:25,838 - __main__ - INFO - [INFO] 2023-04-10 19:38:25.838190 Epoch [3/100] batch [257/391] loss 3.6211 lr 0.09990133642141358 acc 11.72% eta 1:14:04
2023-04-10 19:38:42,666 - __main__ - INFO - [INFO] 2023-04-10 19:38:42.666191 Epoch [3/100] batch [385/391] loss 3.4531 lr 0.09990133642141358 acc 13.28% eta 1:13:18
2023-04-10 19:38:43,468 - __main__ - INFO - Computing epoch 3 validation accuracy...
2023-04-10 19:38:47,574 - __main__ - INFO - Computing epoch 3 validation loss...
2023-04-10 19:38:51,711 - __main__ - INFO - [INFO] 2023-04-10 19:38:51.711123 Epoch [4/100] batch [1/391] loss 3.5215 lr 0.099778098230154 acc 15.62% eta 1:20:18
2023-04-10 19:39:08,719 - __main__ - INFO - [INFO] 2023-04-10 19:39:08.718937 Epoch [4/100] batch [129/391] loss 3.2578 lr 0.099778098230154 acc 17.19% eta 1:13:03
2023-04-10 19:39:25,527 - __main__ - INFO - [INFO] 2023-04-10 19:39:25.526851 Epoch [4/100] batch [257/391] loss 3.2402 lr 0.099778098230154 acc 19.53% eta 1:12:23
2023-04-10 19:39:43,120 - __main__ - INFO - [INFO] 2023-04-10 19:39:43.120449 Epoch [4/100] batch [385/391] loss 2.9922 lr 0.099778098230154 acc 25.78% eta 1:13:11
2023-04-10 19:39:43,914 - __main__ - INFO - Computing epoch 4 validation accuracy...
2023-04-10 19:39:47,934 - __main__ - INFO - Computing epoch 4 validation loss...
2023-04-10 19:39:52,011 - __main__ - INFO - [INFO] 2023-04-10 19:39:52.011135 Epoch [5/100] batch [1/391] loss 2.9902 lr 0.0996057350657239 acc 21.09% eta 1:21:35
2023-04-10 19:40:09,065 - __main__ - INFO - [INFO] 2023-04-10 19:40:09.065631 Epoch [5/100] batch [129/391] loss 2.9336 lr 0.0996057350657239 acc 29.69% eta 1:12:18
2023-04-10 19:40:25,771 - __main__ - INFO - [INFO] 2023-04-10 19:40:25.771621 Epoch [5/100] batch [257/391] loss 2.7266 lr 0.0996057350657239 acc 28.91% eta 1:11:07
2023-04-10 19:40:42,726 - __main__ - INFO - [INFO] 2023-04-10 19:40:42.726669 Epoch [5/100] batch [385/391] loss 2.7949 lr 0.0996057350657239 acc 28.91% eta 1:11:06
2023-04-10 19:40:43,507 - __main__ - INFO - Computing epoch 5 validation accuracy...
2023-04-10 19:40:47,544 - __main__ - INFO - Computing epoch 5 validation loss...
2023-04-10 19:40:51,615 - __main__ - INFO - [INFO] 2023-04-10 19:40:51.615088 Epoch [6/100] batch [1/391] loss 2.6152 lr 0.09938441702975688 acc 31.25% eta 1:17:50
2023-04-10 19:41:08,518 - __main__ - INFO - [INFO] 2023-04-10 19:41:08.518455 Epoch [6/100] batch [129/391] loss 2.5020 lr 0.09938441702975688 acc 35.16% eta 1:10:53
2023-04-10 19:41:25,278 - __main__ - INFO - [INFO] 2023-04-10 19:41:25.278277 Epoch [6/100] batch [257/391] loss 2.5039 lr 0.09938441702975688 acc 36.72% eta 1:10:13
2023-04-10 19:41:42,142 - __main__ - INFO - [INFO] 2023-04-10 19:41:42.142468 Epoch [6/100] batch [385/391] loss 2.6914 lr 0.09938441702975688 acc 35.94% eta 1:10:08
2023-04-10 19:41:42,932 - __main__ - INFO - Computing epoch 6 validation accuracy...
2023-04-10 19:41:46,845 - __main__ - INFO - Computing epoch 6 validation loss...
2023-04-10 19:41:50,889 - __main__ - INFO - [INFO] 2023-04-10 19:41:50.889311 Epoch [7/100] batch [1/391] loss 2.4258 lr 0.09911436253643444 acc 33.59% eta 1:14:31
2023-04-10 19:42:07,712 - __main__ - INFO - [INFO] 2023-04-10 19:42:07.712212 Epoch [7/100] batch [129/391] loss 2.3750 lr 0.09911436253643444 acc 35.16% eta 1:10:01
2023-04-10 19:42:24,846 - __main__ - INFO - [INFO] 2023-04-10 19:42:24.845977 Epoch [7/100] batch [257/391] loss 2.4355 lr 0.09911436253643444 acc 37.50% eta 1:10:18
2023-04-10 19:42:41,990 - __main__ - INFO - [INFO] 2023-04-10 19:42:41.990692 Epoch [7/100] batch [385/391] loss 2.3086 lr 0.09911436253643444 acc 38.28% eta 1:10:17
2023-04-10 19:42:42,772 - __main__ - INFO - Computing epoch 7 validation accuracy...
2023-04-10 19:42:46,799 - __main__ - INFO - Computing epoch 7 validation loss...
2023-04-10 19:42:50,956 - __main__ - INFO - [INFO] 2023-04-10 19:42:50.956218 Epoch [8/100] batch [1/391] loss 2.3613 lr 0.09879583809693737 acc 30.47% eta 1:40:44
2023-04-10 19:43:07,938 - __main__ - INFO - [INFO] 2023-04-10 19:43:07.938256 Epoch [8/100] batch [129/391] loss 2.3086 lr 0.09879583809693737 acc 32.81% eta 1:09:57
2023-04-10 19:43:24,891 - __main__ - INFO - [INFO] 2023-04-10 19:43:24.891648 Epoch [8/100] batch [257/391] loss 2.1504 lr 0.09879583809693737 acc 35.16% eta 1:09:43
2023-04-10 19:43:41,827 - __main__ - INFO - [INFO] 2023-04-10 19:43:41.827321 Epoch [8/100] batch [385/391] loss 2.3164 lr 0.09879583809693737 acc 36.72% eta 1:09:19
2023-04-10 19:43:42,606 - __main__ - INFO - Computing epoch 8 validation accuracy...
2023-04-10 19:43:46,450 - __main__ - INFO - Computing epoch 8 validation loss...
2023-04-10 19:43:50,502 - __main__ - INFO - [INFO] 2023-04-10 19:43:50.502636 Epoch [9/100] batch [1/391] loss 2.2461 lr 0.09842915805643156 acc 34.38% eta 1:25:38
2023-04-10 19:44:07,637 - __main__ - INFO - [INFO] 2023-04-10 19:44:07.637283 Epoch [9/100] batch [129/391] loss 2.4043 lr 0.09842915805643156 acc 28.91% eta 1:09:58
2023-04-10 19:44:24,658 - __main__ - INFO - [INFO] 2023-04-10 19:44:24.657899 Epoch [9/100] batch [257/391] loss 2.1289 lr 0.09842915805643156 acc 36.72% eta 1:09:22
2023-04-10 19:44:41,690 - __main__ - INFO - [INFO] 2023-04-10 19:44:41.690726 Epoch [9/100] batch [385/391] loss 1.9570 lr 0.09842915805643156 acc 40.62% eta 1:09:04
2023-04-10 19:44:42,466 - __main__ - INFO - Computing epoch 9 validation accuracy...
2023-04-10 19:44:46,720 - __main__ - INFO - Computing epoch 9 validation loss...
2023-04-10 19:44:51,038 - __main__ - INFO - [INFO] 2023-04-10 19:44:51.037950 Epoch [10/100] batch [1/391] loss 2.1543 lr 0.09801468428384716 acc 37.50% eta 1:10:07
2023-04-10 19:45:08,153 - __main__ - INFO - [INFO] 2023-04-10 19:45:08.152602 Epoch [10/100] batch [129/391] loss 2.0352 lr 0.09801468428384716 acc 46.09% eta 1:08:46
2023-04-10 19:45:25,267 - __main__ - INFO - [INFO] 2023-04-10 19:45:25.266815 Epoch [10/100] batch [257/391] loss 2.3730 lr 0.09801468428384716 acc 23.44% eta 1:08:26
2023-04-10 19:45:42,580 - __main__ - INFO - [INFO] 2023-04-10 19:45:42.580675 Epoch [10/100] batch [385/391] loss 2.0879 lr 0.09801468428384716 acc 35.94% eta 1:08:29
2023-04-10 19:45:43,393 - __main__ - INFO - Computing epoch 10 validation accuracy...
2023-04-10 19:45:47,325 - __main__ - INFO - Computing epoch 10 validation loss...
2023-04-10 19:45:51,400 - __main__ - INFO - [INFO] 2023-04-10 19:45:51.400528 Epoch [11/100] batch [1/391] loss 1.8740 lr 0.09755282581475769 acc 40.62% eta 1:13:02
2023-04-10 19:46:08,148 - __main__ - INFO - [INFO] 2023-04-10 19:46:08.148632 Epoch [11/100] batch [129/391] loss 2.1699 lr 0.09755282581475769 acc 35.16% eta 1:06:07
2023-04-10 19:46:25,564 - __main__ - INFO - [INFO] 2023-04-10 19:46:25.564139 Epoch [11/100] batch [257/391] loss 2.1875 lr 0.09755282581475769 acc 32.81% eta 1:07:34
2023-04-10 19:46:42,713 - __main__ - INFO - [INFO] 2023-04-10 19:46:42.713678 Epoch [11/100] batch [385/391] loss 2.0566 lr 0.09755282581475769 acc 44.53% eta 1:07:23
2023-04-10 19:46:43,490 - __main__ - INFO - Computing epoch 11 validation accuracy...
2023-04-10 19:46:47,327 - __main__ - INFO - Computing epoch 11 validation loss...
2023-04-10 19:46:51,283 - __main__ - INFO - [INFO] 2023-04-10 19:46:51.283025 Epoch [12/100] batch [1/391] loss 1.8047 lr 0.09704403844771128 acc 42.19% eta 1:08:24
2023-04-10 19:47:08,170 - __main__ - INFO - [INFO] 2023-04-10 19:47:08.169836 Epoch [12/100] batch [129/391] loss 2.0449 lr 0.09704403844771128 acc 42.19% eta 1:06:16
2023-04-10 19:47:25,239 - __main__ - INFO - [INFO] 2023-04-10 19:47:25.239722 Epoch [12/100] batch [257/391] loss 1.9307 lr 0.09704403844771128 acc 42.19% eta 1:06:21
2023-04-10 19:47:41,995 - __main__ - INFO - [INFO] 2023-04-10 19:47:41.994951 Epoch [12/100] batch [385/391] loss 1.6309 lr 0.09704403844771128 acc 53.91% eta 1:05:49
2023-04-10 19:47:42,788 - __main__ - INFO - Computing epoch 12 validation accuracy...
2023-04-10 19:47:46,632 - __main__ - INFO - Computing epoch 12 validation loss...
2023-04-10 19:47:50,625 - __main__ - INFO - [INFO] 2023-04-10 19:47:50.625440 Epoch [13/100] batch [1/391] loss 1.9199 lr 0.09648882429441258 acc 41.41% eta 1:08:39
2023-04-10 19:48:07,664 - __main__ - INFO - [INFO] 2023-04-10 19:48:07.664717 Epoch [13/100] batch [129/391] loss 1.7500 lr 0.09648882429441258 acc 45.31% eta 1:06:17
2023-04-10 19:48:24,483 - __main__ - INFO - [INFO] 2023-04-10 19:48:24.483072 Epoch [13/100] batch [257/391] loss 1.7900 lr 0.09648882429441258 acc 42.19% eta 1:05:32
2023-04-10 19:48:41,501 - __main__ - INFO - [INFO] 2023-04-10 19:48:41.501148 Epoch [13/100] batch [385/391] loss 1.8672 lr 0.09648882429441258 acc 43.75% eta 1:05:23
2023-04-10 19:48:42,271 - __main__ - INFO - Computing epoch 13 validation accuracy...
2023-04-10 19:48:46,139 - __main__ - INFO - Computing epoch 13 validation loss...
2023-04-10 19:48:50,220 - __main__ - INFO - [INFO] 2023-04-10 19:48:50.220293 Epoch [14/100] batch [1/391] loss 1.6416 lr 0.09588773128419906 acc 50.00% eta 1:08:31
2023-04-10 19:49:07,224 - __main__ - INFO - [INFO] 2023-04-10 19:49:07.224408 Epoch [14/100] batch [129/391] loss 1.8584 lr 0.09588773128419906 acc 46.09% eta 1:05:20
2023-04-10 19:49:24,101 - __main__ - INFO - [INFO] 2023-04-10 19:49:24.101121 Epoch [14/100] batch [257/391] loss 1.8252 lr 0.09588773128419906 acc 41.41% eta 1:04:52
2023-04-10 19:49:41,157 - __main__ - INFO - [INFO] 2023-04-10 19:49:41.157293 Epoch [14/100] batch [385/391] loss 2.0352 lr 0.09588773128419906 acc 38.28% eta 1:04:46
2023-04-10 19:49:41,921 - __main__ - INFO - Computing epoch 14 validation accuracy...
2023-04-10 19:49:45,773 - __main__ - INFO - Computing epoch 14 validation loss...
2023-04-10 19:49:49,832 - __main__ - INFO - [INFO] 2023-04-10 19:49:49.832263 Epoch [15/100] batch [1/391] loss 1.9160 lr 0.09524135262330098 acc 40.62% eta 1:05:03
2023-04-10 19:50:06,902 - __main__ - INFO - [INFO] 2023-04-10 19:50:06.902026 Epoch [15/100] batch [129/391] loss 1.7734 lr 0.09524135262330098 acc 41.41% eta 1:04:47
2023-04-10 19:50:23,863 - __main__ - INFO - [INFO] 2023-04-10 19:50:23.863224 Epoch [15/100] batch [257/391] loss 1.8076 lr 0.09524135262330098 acc 51.56% eta 1:04:21
2023-04-10 19:50:41,041 - __main__ - INFO - [INFO] 2023-04-10 19:50:41.041072 Epoch [15/100] batch [385/391] loss 1.4824 lr 0.09524135262330098 acc 55.47% eta 1:04:20
2023-04-10 19:50:41,790 - __main__ - INFO - Computing epoch 15 validation accuracy...
2023-04-10 19:50:45,582 - __main__ - INFO - Computing epoch 15 validation loss...
2023-04-10 19:50:49,643 - __main__ - INFO - [INFO] 2023-04-10 19:50:49.643119 Epoch [16/100] batch [1/391] loss 1.9609 lr 0.0945503262094184 acc 28.91% eta 1:13:03
2023-04-10 19:51:06,868 - __main__ - INFO - [INFO] 2023-04-10 19:51:06.868494 Epoch [16/100] batch [129/391] loss 1.9766 lr 0.0945503262094184 acc 44.53% eta 1:04:51
2023-04-10 19:51:24,230 - __main__ - INFO - [INFO] 2023-04-10 19:51:24.230118 Epoch [16/100] batch [257/391] loss 1.8330 lr 0.0945503262094184 acc 46.88% eta 1:04:43
2023-04-10 19:51:41,196 - __main__ - INFO - [INFO] 2023-04-10 19:51:41.196037 Epoch [16/100] batch [385/391] loss 1.8535 lr 0.0945503262094184 acc 42.19% eta 1:04:01
2023-04-10 19:51:41,995 - __main__ - INFO - Computing epoch 16 validation accuracy...
2023-04-10 19:51:46,015 - __main__ - INFO - Computing epoch 16 validation loss...
2023-04-10 19:51:50,186 - __main__ - INFO - [INFO] 2023-04-10 19:51:50.186688 Epoch [17/100] batch [1/391] loss 1.9971 lr 0.09381533400219319 acc 49.22% eta 1:19:42
2023-04-10 19:52:07,516 - __main__ - INFO - [INFO] 2023-04-10 19:52:07.515537 Epoch [17/100] batch [129/391] loss 2.0098 lr 0.09381533400219319 acc 39.06% eta 1:04:27
2023-04-10 19:52:24,691 - __main__ - INFO - [INFO] 2023-04-10 19:52:24.691431 Epoch [17/100] batch [257/391] loss 1.9326 lr 0.09381533400219319 acc 45.31% eta 1:03:47
2023-04-10 19:52:41,489 - __main__ - INFO - [INFO] 2023-04-10 19:52:41.489029 Epoch [17/100] batch [385/391] loss 1.9668 lr 0.09381533400219319 acc 56.25% eta 1:02:53
2023-04-10 19:52:42,272 - __main__ - INFO - Computing epoch 17 validation accuracy...
2023-04-10 19:52:46,232 - __main__ - INFO - Computing epoch 17 validation loss...
2023-04-10 19:52:50,420 - __main__ - INFO - [INFO] 2023-04-10 19:52:50.420620 Epoch [18/100] batch [1/391] loss 1.7822 lr 0.0930371013501972 acc 52.34% eta 1:05:06
2023-04-10 19:53:07,357 - __main__ - INFO - [INFO] 2023-04-10 19:53:07.356980 Epoch [18/100] batch [129/391] loss 1.7246 lr 0.0930371013501972 acc 44.53% eta 1:01:52
2023-04-10 19:53:24,241 - __main__ - INFO - [INFO] 2023-04-10 19:53:24.241530 Epoch [18/100] batch [257/391] loss 1.6641 lr 0.0930371013501972 acc 50.78% eta 1:01:29
2023-04-10 19:53:41,287 - __main__ - INFO - [INFO] 2023-04-10 19:53:41.287656 Epoch [18/100] batch [385/391] loss 1.8359 lr 0.0930371013501972 acc 37.50% eta 1:01:24
2023-04-10 19:53:42,087 - __main__ - INFO - Computing epoch 18 validation accuracy...
2023-04-10 19:53:46,029 - __main__ - INFO - Computing epoch 18 validation loss...
2023-04-10 19:53:50,164 - __main__ - INFO - [INFO] 2023-04-10 19:53:50.164777 Epoch [19/100] batch [1/391] loss 1.6787 lr 0.09221639627510078 acc 51.56% eta 1:02:31
2023-04-10 19:54:07,099 - __main__ - INFO - [INFO] 2023-04-10 19:54:07.099509 Epoch [19/100] batch [129/391] loss 1.7539 lr 0.09221639627510078 acc 44.53% eta 1:01:15
2023-04-10 19:54:23,919 - __main__ - INFO - [INFO] 2023-04-10 19:54:23.918855 Epoch [19/100] batch [257/391] loss 1.6924 lr 0.09221639627510078 acc 42.97% eta 1:00:46
2023-04-10 19:54:40,761 - __main__ - INFO - [INFO] 2023-04-10 19:54:40.761820 Epoch [19/100] batch [385/391] loss 1.8965 lr 0.09221639627510078 acc 42.19% eta 1:00:25
2023-04-10 19:54:41,514 - __main__ - INFO - Computing epoch 19 validation accuracy...
2023-04-10 19:54:45,502 - __main__ - INFO - Computing epoch 19 validation loss...
2023-04-10 19:54:49,635 - __main__ - INFO - [INFO] 2023-04-10 19:54:49.635481 Epoch [20/100] batch [1/391] loss 1.6416 lr 0.09135402871372812 acc 61.72% eta 1:04:41
2023-04-10 19:55:06,529 - __main__ - INFO - [INFO] 2023-04-10 19:55:06.529075 Epoch [20/100] batch [129/391] loss 1.7695 lr 0.09135402871372812 acc 40.62% eta 1:00:16
2023-04-10 19:55:23,612 - __main__ - INFO - [INFO] 2023-04-10 19:55:23.612671 Epoch [20/100] batch [257/391] loss 1.8730 lr 0.09135402871372812 acc 42.97% eta 1:00:31
2023-04-10 19:55:40,725 - __main__ - INFO - [INFO] 2023-04-10 19:55:40.724809 Epoch [20/100] batch [385/391] loss 1.6992 lr 0.09135402871372812 acc 48.44% eta 1:00:24
2023-04-10 19:55:41,574 - __main__ - INFO - Computing epoch 20 validation accuracy...
2023-04-10 19:55:45,538 - __main__ - INFO - Computing epoch 20 validation loss...
2023-04-10 19:55:49,645 - __main__ - INFO - [INFO] 2023-04-10 19:55:49.645550 Epoch [21/100] batch [1/391] loss 1.4219 lr 0.09045084971874741 acc 53.91% eta 1:03:50
2023-04-10 19:56:06,596 - __main__ - INFO - [INFO] 2023-04-10 19:56:06.596067 Epoch [21/100] batch [129/391] loss 1.7812 lr 0.09045084971874741 acc 52.34% eta 1:00:13
2023-04-10 19:56:23,273 - __main__ - INFO - [INFO] 2023-04-10 19:56:23.273668 Epoch [21/100] batch [257/391] loss 1.7119 lr 0.09045084971874741 acc 50.00% eta 0:59:13
2023-04-10 19:56:40,152 - __main__ - INFO - [INFO] 2023-04-10 19:56:40.152406 Epoch [21/100] batch [385/391] loss 1.7422 lr 0.09045084971874741 acc 42.97% eta 0:58:55
2023-04-10 19:56:40,942 - __main__ - INFO - Computing epoch 21 validation accuracy...
2023-04-10 19:56:44,862 - __main__ - INFO - Computing epoch 21 validation loss...
2023-04-10 19:56:49,004 - __main__ - INFO - [INFO] 2023-04-10 19:56:49.004511 Epoch [22/100] batch [1/391] loss 1.4795 lr 0.08950775061878455 acc 49.22% eta 1:09:44
2023-04-10 19:57:06,415 - __main__ - INFO - [INFO] 2023-04-10 19:57:06.414999 Epoch [22/100] batch [129/391] loss 1.6846 lr 0.08950775061878455 acc 53.12% eta 1:00:57
2023-04-10 19:57:23,224 - __main__ - INFO - [INFO] 2023-04-10 19:57:23.224065 Epoch [22/100] batch [257/391] loss 1.5732 lr 0.08950775061878455 acc 50.00% eta 0:59:30
2023-04-10 19:57:40,060 - __main__ - INFO - [INFO] 2023-04-10 19:57:40.060339 Epoch [22/100] batch [385/391] loss 1.6875 lr 0.08950775061878455 acc 53.91% eta 0:58:49
2023-04-10 19:57:40,828 - __main__ - INFO - Computing epoch 22 validation accuracy...
2023-04-10 19:57:44,640 - __main__ - INFO - Computing epoch 22 validation loss...
2023-04-10 19:57:48,668 - __main__ - INFO - [INFO] 2023-04-10 19:57:48.668280 Epoch [23/100] batch [1/391] loss 1.6934 lr 0.0885256621387895 acc 53.91% eta 1:05:50
2023-04-10 19:58:06,335 - __main__ - INFO - [INFO] 2023-04-10 19:58:06.335306 Epoch [23/100] batch [129/391] loss 1.7393 lr 0.0885256621387895 acc 47.66% eta 1:01:07
2023-04-10 19:58:23,167 - __main__ - INFO - [INFO] 2023-04-10 19:58:23.166943 Epoch [23/100] batch [257/391] loss 1.6855 lr 0.0885256621387895 acc 50.00% eta 0:59:11
2023-04-10 19:58:39,903 - __main__ - INFO - [INFO] 2023-04-10 19:58:39.903032 Epoch [23/100] batch [385/391] loss 1.6865 lr 0.0885256621387895 acc 54.69% eta 0:58:13
2023-04-10 19:58:40,703 - __main__ - INFO - Computing epoch 23 validation accuracy...
2023-04-10 19:58:44,555 - __main__ - INFO - Computing epoch 23 validation loss...
2023-04-10 19:58:48,681 - __main__ - INFO - [INFO] 2023-04-10 19:58:48.680828 Epoch [24/100] batch [1/391] loss 1.5000 lr 0.08750555348152302 acc 53.12% eta 1:01:26
2023-04-10 19:59:05,554 - __main__ - INFO - [INFO] 2023-04-10 19:59:05.554626 Epoch [24/100] batch [129/391] loss 1.3936 lr 0.08750555348152302 acc 57.81% eta 0:57:22
2023-04-10 19:59:22,299 - __main__ - INFO - [INFO] 2023-04-10 19:59:22.299816 Epoch [24/100] batch [257/391] loss 1.6357 lr 0.08750555348152302 acc 49.22% eta 0:56:50
2023-04-10 19:59:39,253 - __main__ - INFO - [INFO] 2023-04-10 19:59:39.253384 Epoch [24/100] batch [385/391] loss 1.5811 lr 0.08750555348152302 acc 53.12% eta 0:56:46
2023-04-10 19:59:40,045 - __main__ - INFO - Computing epoch 24 validation accuracy...
2023-04-10 19:59:43,932 - __main__ - INFO - Computing epoch 24 validation loss...
2023-04-10 19:59:48,000 - __main__ - INFO - [INFO] 2023-04-10 19:59:48.000048 Epoch [25/100] batch [1/391] loss 1.7803 lr 0.08644843137107061 acc 49.22% eta 1:00:58
2023-04-10 20:00:04,845 - __main__ - INFO - [INFO] 2023-04-10 20:00:04.845038 Epoch [25/100] batch [129/391] loss 1.5371 lr 0.08644843137107061 acc 49.22% eta 0:56:30
2023-04-10 20:00:21,759 - __main__ - INFO - [INFO] 2023-04-10 20:00:21.759164 Epoch [25/100] batch [257/391] loss 1.4922 lr 0.08644843137107061 acc 40.62% eta 0:56:22
2023-04-10 20:00:38,626 - __main__ - INFO - [INFO] 2023-04-10 20:00:38.626403 Epoch [25/100] batch [385/391] loss 1.6826 lr 0.08644843137107061 acc 53.12% eta 0:56:06
2023-04-10 20:00:39,398 - __main__ - INFO - Computing epoch 25 validation accuracy...
2023-04-10 20:00:43,202 - __main__ - INFO - Computing epoch 25 validation loss...
2023-04-10 20:00:47,278 - __main__ - INFO - [INFO] 2023-04-10 20:00:47.278168 Epoch [26/100] batch [1/391] loss 1.4082 lr 0.0853553390593274 acc 62.50% eta 0:58:28
2023-04-10 20:01:03,950 - __main__ - INFO - [INFO] 2023-04-10 20:01:03.950445 Epoch [26/100] batch [129/391] loss 1.7998 lr 0.0853553390593274 acc 48.44% eta 0:55:08
2023-04-10 20:01:20,669 - __main__ - INFO - [INFO] 2023-04-10 20:01:20.669327 Epoch [26/100] batch [257/391] loss 1.4951 lr 0.0853553390593274 acc 53.91% eta 0:55:00
2023-04-10 20:01:37,856 - __main__ - INFO - [INFO] 2023-04-10 20:01:37.856589 Epoch [26/100] batch [385/391] loss 1.6104 lr 0.0853553390593274 acc 56.25% eta 0:55:18
2023-04-10 20:01:38,625 - __main__ - INFO - Computing epoch 26 validation accuracy...
2023-04-10 20:01:42,441 - __main__ - INFO - Computing epoch 26 validation loss...
2023-04-10 20:01:46,505 - __main__ - INFO - [INFO] 2023-04-10 20:01:46.505545 Epoch [27/100] batch [1/391] loss 1.5469 lr 0.08422735529643446 acc 50.78% eta 0:59:38
2023-04-10 20:02:03,664 - __main__ - INFO - [INFO] 2023-04-10 20:02:03.664092 Epoch [27/100] batch [129/391] loss 1.5674 lr 0.08422735529643446 acc 50.78% eta 0:56:07
2023-04-10 20:02:20,998 - __main__ - INFO - [INFO] 2023-04-10 20:02:20.997978 Epoch [27/100] batch [257/391] loss 1.6602 lr 0.08422735529643446 acc 49.22% eta 0:56:08
2023-04-10 20:02:38,013 - __main__ - INFO - [INFO] 2023-04-10 20:02:38.013112 Epoch [27/100] batch [385/391] loss 1.5576 lr 0.08422735529643446 acc 53.12% eta 0:55:36
2023-04-10 20:02:38,786 - __main__ - INFO - Computing epoch 27 validation accuracy...
2023-04-10 20:02:42,817 - __main__ - INFO - Computing epoch 27 validation loss...
2023-04-10 20:02:46,937 - __main__ - INFO - [INFO] 2023-04-10 20:02:46.937525 Epoch [28/100] batch [1/391] loss 1.5547 lr 0.08306559326618262 acc 47.66% eta 0:56:54
2023-04-10 20:03:04,117 - __main__ - INFO - [INFO] 2023-04-10 20:03:04.117343 Epoch [28/100] batch [129/391] loss 1.7666 lr 0.08306559326618262 acc 47.66% eta 0:55:21
2023-04-10 20:03:21,127 - __main__ - INFO - [INFO] 2023-04-10 20:03:21.127222 Epoch [28/100] batch [257/391] loss 1.4082 lr 0.08306559326618262 acc 52.34% eta 0:54:52
2023-04-10 20:03:38,185 - __main__ - INFO - [INFO] 2023-04-10 20:03:38.185050 Epoch [28/100] batch [385/391] loss 1.6865 lr 0.08306559326618262 acc 48.44% eta 0:54:35
2023-04-10 20:03:38,956 - __main__ - INFO - Computing epoch 28 validation accuracy...
2023-04-10 20:03:42,852 - __main__ - INFO - Computing epoch 28 validation loss...
2023-04-10 20:03:46,948 - __main__ - INFO - [INFO] 2023-04-10 20:03:46.948450 Epoch [29/100] batch [1/391] loss 1.5889 lr 0.08187119948743452 acc 50.78% eta 0:58:37
2023-04-10 20:04:03,808 - __main__ - INFO - [INFO] 2023-04-10 20:04:03.808175 Epoch [29/100] batch [129/391] loss 1.6436 lr 0.08187119948743452 acc 50.78% eta 0:53:39
2023-04-10 20:04:20,809 - __main__ - INFO - [INFO] 2023-04-10 20:04:20.809416 Epoch [29/100] batch [257/391] loss 1.6240 lr 0.08187119948743452 acc 56.25% eta 0:53:40
2023-04-10 20:04:37,607 - __main__ - INFO - [INFO] 2023-04-10 20:04:37.607625 Epoch [29/100] batch [385/391] loss 1.7383 lr 0.08187119948743452 acc 52.34% eta 0:53:13
2023-04-10 20:04:38,411 - __main__ - INFO - Computing epoch 29 validation accuracy...
2023-04-10 20:04:42,264 - __main__ - INFO - Computing epoch 29 validation loss...
2023-04-10 20:04:46,339 - __main__ - INFO - [INFO] 2023-04-10 20:04:46.339186 Epoch [30/100] batch [1/391] loss 1.6289 lr 0.08064535268264886 acc 51.56% eta 0:56:28
2023-04-10 20:05:03,531 - __main__ - INFO - [INFO] 2023-04-10 20:05:03.531097 Epoch [30/100] batch [129/391] loss 1.3271 lr 0.08064535268264886 acc 50.00% eta 0:54:01
2023-04-10 20:05:20,692 - __main__ - INFO - [INFO] 2023-04-10 20:05:20.692564 Epoch [30/100] batch [257/391] loss 1.8281 lr 0.08064535268264886 acc 46.09% eta 0:53:41
2023-04-10 20:05:37,700 - __main__ - INFO - [INFO] 2023-04-10 20:05:37.700720 Epoch [30/100] batch [385/391] loss 1.3994 lr 0.08064535268264886 acc 53.91% eta 0:53:17
2023-04-10 20:05:38,476 - __main__ - INFO - Computing epoch 30 validation accuracy...
2023-04-10 20:05:42,324 - __main__ - INFO - Computing epoch 30 validation loss...
2023-04-10 20:05:46,526 - __main__ - INFO - [INFO] 2023-04-10 20:05:46.526169 Epoch [31/100] batch [1/391] loss 1.5518 lr 0.0793892626146237 acc 54.69% eta 0:58:55
2023-04-10 20:06:03,575 - __main__ - INFO - [INFO] 2023-04-10 20:06:03.575026 Epoch [31/100] batch [129/391] loss 1.5996 lr 0.0793892626146237 acc 52.34% eta 0:52:37
2023-04-10 20:06:20,259 - __main__ - INFO - [INFO] 2023-04-10 20:06:20.259705 Epoch [31/100] batch [257/391] loss 1.4209 lr 0.0793892626146237 acc 54.69% eta 0:51:39
2023-04-10 20:06:37,172 - __main__ - INFO - [INFO] 2023-04-10 20:06:37.172418 Epoch [31/100] batch [385/391] loss 1.5518 lr 0.0793892626146237 acc 50.00% eta 0:51:29
2023-04-10 20:06:37,929 - __main__ - INFO - Computing epoch 31 validation accuracy...
2023-04-10 20:06:41,910 - __main__ - INFO - Computing epoch 31 validation loss...
2023-04-10 20:06:46,022 - __main__ - INFO - [INFO] 2023-04-10 20:06:46.022205 Epoch [32/100] batch [1/391] loss 1.4834 lr 0.07810416889260657 acc 43.75% eta 0:57:45
2023-04-10 20:07:02,945 - __main__ - INFO - [INFO] 2023-04-10 20:07:02.945179 Epoch [32/100] batch [129/391] loss 1.6953 lr 0.07810416889260657 acc 47.66% eta 0:51:28
2023-04-10 20:07:19,909 - __main__ - INFO - [INFO] 2023-04-10 20:07:19.909236 Epoch [32/100] batch [257/391] loss 1.5420 lr 0.07810416889260657 acc 54.69% eta 0:51:17
2023-04-10 20:07:36,793 - __main__ - INFO - [INFO] 2023-04-10 20:07:36.793545 Epoch [32/100] batch [385/391] loss 1.4053 lr 0.07810416889260657 acc 57.81% eta 0:51:02
2023-04-10 20:07:37,555 - __main__ - INFO - Computing epoch 32 validation accuracy...
2023-04-10 20:07:41,354 - __main__ - INFO - Computing epoch 32 validation loss...
2023-04-10 20:07:45,365 - __main__ - INFO - [INFO] 2023-04-10 20:07:45.365831 Epoch [33/100] batch [1/391] loss 1.4414 lr 0.07679133974894986 acc 49.22% eta 0:50:12
2023-04-10 20:08:02,271 - __main__ - INFO - [INFO] 2023-04-10 20:08:02.271287 Epoch [33/100] batch [129/391] loss 1.3662 lr 0.07679133974894986 acc 51.56% eta 0:50:39
2023-04-10 20:08:19,153 - __main__ - INFO - [INFO] 2023-04-10 20:08:19.153510 Epoch [33/100] batch [257/391] loss 1.5156 lr 0.07679133974894986 acc 44.53% eta 0:50:22
2023-04-10 20:08:36,043 - __main__ - INFO - [INFO] 2023-04-10 20:08:36.043766 Epoch [33/100] batch [385/391] loss 1.5830 lr 0.07679133974894986 acc 50.78% eta 0:50:06
2023-04-10 20:08:36,805 - __main__ - INFO - Computing epoch 33 validation accuracy...
2023-04-10 20:08:40,710 - __main__ - INFO - Computing epoch 33 validation loss...
2023-04-10 20:08:44,936 - __main__ - INFO - [INFO] 2023-04-10 20:08:44.936526 Epoch [34/100] batch [1/391] loss 1.5693 lr 0.0754520707875186 acc 51.56% eta 1:14:23
2023-04-10 20:09:02,065 - __main__ - INFO - [INFO] 2023-04-10 20:09:02.065201 Epoch [34/100] batch [129/391] loss 1.4141 lr 0.0754520707875186 acc 55.47% eta 0:50:45
2023-04-10 20:09:19,023 - __main__ - INFO - [INFO] 2023-04-10 20:09:19.023168 Epoch [34/100] batch [257/391] loss 1.4912 lr 0.0754520707875186 acc 60.16% eta 0:50:12
2023-04-10 20:09:36,029 - __main__ - INFO - [INFO] 2023-04-10 20:09:36.028840 Epoch [34/100] batch [385/391] loss 1.6396 lr 0.0754520707875186 acc 49.22% eta 0:49:53
2023-04-10 20:09:36,787 - __main__ - INFO - Computing epoch 34 validation accuracy...
2023-04-10 20:09:40,738 - __main__ - INFO - Computing epoch 34 validation loss...
2023-04-10 20:09:44,861 - __main__ - INFO - [INFO] 2023-04-10 20:09:44.861674 Epoch [35/100] batch [1/391] loss 1.4268 lr 0.0740876837050858 acc 55.47% eta 0:51:06
2023-04-10 20:10:01,782 - __main__ - INFO - [INFO] 2023-04-10 20:10:01.782428 Epoch [35/100] batch [129/391] loss 1.3760 lr 0.0740876837050858 acc 64.06% eta 0:49:17
2023-04-10 20:10:18,741 - __main__ - INFO - [INFO] 2023-04-10 20:10:18.741231 Epoch [35/100] batch [257/391] loss 1.4648 lr 0.0740876837050858 acc 63.28% eta 0:49:06
2023-04-10 20:10:35,694 - __main__ - INFO - [INFO] 2023-04-10 20:10:35.693973 Epoch [35/100] batch [385/391] loss 1.3896 lr 0.0740876837050858 acc 54.69% eta 0:48:50
2023-04-10 20:10:36,453 - __main__ - INFO - Computing epoch 35 validation accuracy...
2023-04-10 20:10:40,346 - __main__ - INFO - Computing epoch 35 validation loss...
2023-04-10 20:10:44,388 - __main__ - INFO - [INFO] 2023-04-10 20:10:44.388509 Epoch [36/100] batch [1/391] loss 1.4414 lr 0.07269952498697738 acc 51.56% eta 0:50:10
2023-04-10 20:11:01,145 - __main__ - INFO - [INFO] 2023-04-10 20:11:01.145567 Epoch [36/100] batch [129/391] loss 1.3350 lr 0.07269952498697738 acc 56.25% eta 0:47:51
2023-04-10 20:11:18,166 - __main__ - INFO - [INFO] 2023-04-10 20:11:18.166323 Epoch [36/100] batch [257/391] loss 1.6689 lr 0.07269952498697738 acc 56.25% eta 0:48:02
2023-04-10 20:11:35,176 - __main__ - INFO - [INFO] 2023-04-10 20:11:35.175888 Epoch [36/100] batch [385/391] loss 1.4893 lr 0.07269952498697738 acc 55.47% eta 0:47:59
2023-04-10 20:11:35,952 - __main__ - INFO - Computing epoch 36 validation accuracy...
2023-04-10 20:11:39,826 - __main__ - INFO - Computing epoch 36 validation loss...
2023-04-10 20:11:43,796 - __main__ - INFO - [INFO] 2023-04-10 20:11:43.795958 Epoch [37/100] batch [1/391] loss 1.5146 lr 0.07128896457825366 acc 53.12% eta 0:48:52
2023-04-10 20:12:00,870 - __main__ - INFO - [INFO] 2023-04-10 20:12:00.870243 Epoch [37/100] batch [129/391] loss 1.4629 lr 0.07128896457825366 acc 47.66% eta 0:48:13
2023-04-10 20:12:17,831 - __main__ - INFO - [INFO] 2023-04-10 20:12:17.831336 Epoch [37/100] batch [257/391] loss 1.5273 lr 0.07128896457825366 acc 57.81% eta 0:47:52
2023-04-10 20:12:34,918 - __main__ - INFO - [INFO] 2023-04-10 20:12:34.917992 Epoch [37/100] batch [385/391] loss 1.4248 lr 0.07128896457825366 acc 60.94% eta 0:47:40
2023-04-10 20:12:35,682 - __main__ - INFO - Computing epoch 37 validation accuracy...
2023-04-10 20:12:39,484 - __main__ - INFO - Computing epoch 37 validation loss...
2023-04-10 20:12:43,483 - __main__ - INFO - [INFO] 2023-04-10 20:12:43.483683 Epoch [38/100] batch [1/391] loss 1.4053 lr 0.06985739453173906 acc 50.78% eta 0:46:44
2023-04-10 20:13:00,358 - __main__ - INFO - [INFO] 2023-04-10 20:13:00.358120 Epoch [38/100] batch [129/391] loss 1.4160 lr 0.06985739453173906 acc 53.91% eta 0:46:36
2023-04-10 20:13:17,342 - __main__ - INFO - [INFO] 2023-04-10 20:13:17.342377 Epoch [38/100] batch [257/391] loss 1.4492 lr 0.06985739453173906 acc 61.72% eta 0:46:36
2023-04-10 20:13:34,650 - __main__ - INFO - [INFO] 2023-04-10 20:13:34.650742 Epoch [38/100] batch [385/391] loss 1.6934 lr 0.06985739453173906 acc 57.81% eta 0:46:51
2023-04-10 20:13:35,435 - __main__ - INFO - Computing epoch 38 validation accuracy...
2023-04-10 20:13:39,463 - __main__ - INFO - Computing epoch 38 validation loss...
2023-04-10 20:13:43,623 - __main__ - INFO - [INFO] 2023-04-10 20:13:43.623746 Epoch [39/100] batch [1/391] loss 1.7168 lr 0.06840622763423394 acc 50.00% eta 0:55:50
2023-04-10 20:14:00,810 - __main__ - INFO - [INFO] 2023-04-10 20:14:00.810129 Epoch [39/100] batch [129/391] loss 1.2617 lr 0.06840622763423394 acc 60.16% eta 0:47:12
2023-04-10 20:14:18,092 - __main__ - INFO - [INFO] 2023-04-10 20:14:18.091644 Epoch [39/100] batch [257/391] loss 1.5645 lr 0.06840622763423394 acc 59.38% eta 0:46:58
2023-04-10 20:14:35,317 - __main__ - INFO - [INFO] 2023-04-10 20:14:35.317403 Epoch [39/100] batch [385/391] loss 1.2539 lr 0.06840622763423394 acc 55.47% eta 0:46:40
2023-04-10 20:14:36,098 - __main__ - INFO - Computing epoch 39 validation accuracy...
2023-04-10 20:14:40,203 - __main__ - INFO - Computing epoch 39 validation loss...
2023-04-10 20:14:44,300 - __main__ - INFO - [INFO] 2023-04-10 20:14:44.300776 Epoch [40/100] batch [1/391] loss 1.2539 lr 0.06693689601226462 acc 60.94% eta 0:54:30
2023-04-10 20:15:01,135 - __main__ - INFO - [INFO] 2023-04-10 20:15:01.135736 Epoch [40/100] batch [129/391] loss 1.2236 lr 0.06693689601226462 acc 62.50% eta 0:45:23
2023-04-10 20:15:18,081 - __main__ - INFO - [INFO] 2023-04-10 20:15:18.081254 Epoch [40/100] batch [257/391] loss 1.4707 lr 0.06693689601226462 acc 61.72% eta 0:45:11
2023-04-10 20:15:35,042 - __main__ - INFO - [INFO] 2023-04-10 20:15:35.042425 Epoch [40/100] batch [385/391] loss 1.5732 lr 0.06693689601226462 acc 57.03% eta 0:44:56
2023-04-10 20:15:35,841 - __main__ - INFO - Computing epoch 40 validation accuracy...
2023-04-10 20:15:39,864 - __main__ - INFO - Computing epoch 40 validation loss...
2023-04-10 20:15:44,100 - __main__ - INFO - [INFO] 2023-04-10 20:15:44.099962 Epoch [41/100] batch [1/391] loss 1.4268 lr 0.06545084971874741 acc 50.00% eta 0:49:24
2023-04-10 20:16:01,114 - __main__ - INFO - [INFO] 2023-04-10 20:16:01.114635 Epoch [41/100] batch [129/391] loss 1.2559 lr 0.06545084971874741 acc 62.50% eta 0:44:59
2023-04-10 20:16:18,335 - __main__ - INFO - [INFO] 2023-04-10 20:16:18.335539 Epoch [41/100] batch [257/391] loss 1.4785 lr 0.06545084971874741 acc 60.16% eta 0:45:06
2023-04-10 20:16:35,109 - __main__ - INFO - [INFO] 2023-04-10 20:16:35.109561 Epoch [41/100] batch [385/391] loss 1.6729 lr 0.06545084971874741 acc 47.66% eta 0:44:33
2023-04-10 20:16:35,884 - __main__ - INFO - Computing epoch 41 validation accuracy...
2023-04-10 20:16:39,669 - __main__ - INFO - Computing epoch 41 validation loss...
2023-04-10 20:16:43,669 - __main__ - INFO - [INFO] 2023-04-10 20:16:43.669466 Epoch [42/100] batch [1/391] loss 1.7266 lr 0.06394955530196152 acc 43.75% eta 0:44:34
2023-04-10 20:17:00,639 - __main__ - INFO - [INFO] 2023-04-10 20:17:00.639201 Epoch [42/100] batch [129/391] loss 1.3193 lr 0.06394955530196152 acc 61.72% eta 0:44:14
2023-04-10 20:17:17,547 - __main__ - INFO - [INFO] 2023-04-10 20:17:17.546657 Epoch [42/100] batch [257/391] loss 1.4307 lr 0.06394955530196152 acc 57.03% eta 0:43:57
2023-04-10 20:17:34,573 - __main__ - INFO - [INFO] 2023-04-10 20:17:34.573212 Epoch [42/100] batch [385/391] loss 1.4980 lr 0.06394955530196152 acc 53.12% eta 0:43:46
2023-04-10 20:17:35,350 - __main__ - INFO - Computing epoch 42 validation accuracy...
2023-04-10 20:17:39,343 - __main__ - INFO - Computing epoch 42 validation loss...
2023-04-10 20:17:43,483 - __main__ - INFO - [INFO] 2023-04-10 20:17:43.483341 Epoch [43/100] batch [1/391] loss 1.3408 lr 0.062434494358242776 acc 53.12% eta 0:51:17
2023-04-10 20:18:00,386 - __main__ - INFO - [INFO] 2023-04-10 20:18:00.386265 Epoch [43/100] batch [129/391] loss 1.5039 lr 0.062434494358242776 acc 57.81% eta 0:43:18
2023-04-10 20:18:17,500 - __main__ - INFO - [INFO] 2023-04-10 20:18:17.500256 Epoch [43/100] batch [257/391] loss 1.2686 lr 0.062434494358242776 acc 57.81% eta 0:43:17
2023-04-10 20:18:34,511 - __main__ - INFO - [INFO] 2023-04-10 20:18:34.511305 Epoch [43/100] batch [385/391] loss 1.6260 lr 0.062434494358242776 acc 50.78% eta 0:43:01
2023-04-10 20:18:35,267 - __main__ - INFO - Computing epoch 43 validation accuracy...
2023-04-10 20:18:39,115 - __main__ - INFO - Computing epoch 43 validation loss...
2023-04-10 20:18:43,078 - __main__ - INFO - [INFO] 2023-04-10 20:18:43.078201 Epoch [44/100] batch [1/391] loss 1.1270 lr 0.06090716206982718 acc 67.19% eta 0:45:16
2023-04-10 20:18:59,879 - __main__ - INFO - [INFO] 2023-04-10 20:18:59.879015 Epoch [44/100] batch [129/391] loss 1.3242 lr 0.06090716206982718 acc 63.28% eta 0:42:16
2023-04-10 20:19:17,260 - __main__ - INFO - [INFO] 2023-04-10 20:19:17.260362 Epoch [44/100] batch [257/391] loss 1.4033 lr 0.06090716206982718 acc 65.62% eta 0:42:45
2023-04-10 20:19:35,213 - __main__ - INFO - [INFO] 2023-04-10 20:19:35.212871 Epoch [44/100] batch [385/391] loss 1.3340 lr 0.06090716206982718 acc 54.69% eta 0:42:49
2023-04-10 20:19:36,036 - __main__ - INFO - Computing epoch 44 validation accuracy...
2023-04-10 20:19:40,033 - __main__ - INFO - Computing epoch 44 validation loss...
2023-04-10 20:19:44,238 - __main__ - INFO - [INFO] 2023-04-10 20:19:44.238399 Epoch [45/100] batch [1/391] loss 1.3340 lr 0.05936906572928628 acc 47.66% eta 0:58:36
2023-04-10 20:20:02,253 - __main__ - INFO - [INFO] 2023-04-10 20:20:02.252900 Epoch [45/100] batch [129/391] loss 1.6787 lr 0.05936906572928628 acc 53.12% eta 0:42:38
2023-04-10 20:20:19,908 - __main__ - INFO - [INFO] 2023-04-10 20:20:19.908392 Epoch [45/100] batch [257/391] loss 1.3057 lr 0.05936906572928628 acc 60.16% eta 0:41:46
2023-04-10 20:20:38,057 - __main__ - INFO - [INFO] 2023-04-10 20:20:38.056834 Epoch [45/100] batch [385/391] loss 1.1982 lr 0.05936906572928628 acc 57.03% eta 0:41:55
2023-04-10 20:20:38,872 - __main__ - INFO - Computing epoch 45 validation accuracy...
2023-04-10 20:20:42,895 - __main__ - INFO - Computing epoch 45 validation loss...
2023-04-10 20:20:47,149 - __main__ - INFO - [INFO] 2023-04-10 20:20:47.149146 Epoch [46/100] batch [1/391] loss 1.2461 lr 0.05782172325201159 acc 61.72% eta 0:41:59
2023-04-10 20:21:04,143 - __main__ - INFO - [INFO] 2023-04-10 20:21:04.143631 Epoch [46/100] batch [129/391] loss 1.3838 lr 0.05782172325201159 acc 57.03% eta 0:40:48
2023-04-10 20:21:21,178 - __main__ - INFO - [INFO] 2023-04-10 20:21:21.178661 Epoch [46/100] batch [257/391] loss 1.6602 lr 0.05782172325201159 acc 53.91% eta 0:40:48
2023-04-10 20:21:37,885 - __main__ - INFO - [INFO] 2023-04-10 20:21:37.885661 Epoch [46/100] batch [385/391] loss 1.4258 lr 0.05782172325201159 acc 55.47% eta 0:40:20
2023-04-10 20:21:38,648 - __main__ - INFO - Computing epoch 46 validation accuracy...
2023-04-10 20:21:42,397 - __main__ - INFO - Computing epoch 46 validation loss...
2023-04-10 20:21:46,427 - __main__ - INFO - [INFO] 2023-04-10 20:21:46.427756 Epoch [47/100] batch [1/391] loss 1.4102 lr 0.056266661678215264 acc 57.03% eta 0:41:51
2023-04-10 20:22:03,421 - __main__ - INFO - [INFO] 2023-04-10 20:22:03.421065 Epoch [47/100] batch [129/391] loss 1.5107 lr 0.056266661678215264 acc 49.22% eta 0:40:22
2023-04-10 20:22:20,363 - __main__ - INFO - [INFO] 2023-04-10 20:22:20.363586 Epoch [47/100] batch [257/391] loss 1.3623 lr 0.056266661678215264 acc 60.16% eta 0:40:01
2023-04-10 20:22:37,241 - __main__ - INFO - [INFO] 2023-04-10 20:22:37.240922 Epoch [47/100] batch [385/391] loss 1.3301 lr 0.056266661678215264 acc 55.47% eta 0:39:45
2023-04-10 20:22:38,016 - __main__ - INFO - Computing epoch 47 validation accuracy...
2023-04-10 20:22:41,909 - __main__ - INFO - Computing epoch 47 validation loss...
2023-04-10 20:22:45,918 - __main__ - INFO - [INFO] 2023-04-10 20:22:45.918477 Epoch [48/100] batch [1/391] loss 1.3525 lr 0.05470541566592575 acc 60.16% eta 0:41:33
2023-04-10 20:23:05,339 - __main__ - INFO - [INFO] 2023-04-10 20:23:05.339208 Epoch [48/100] batch [129/391] loss 1.3389 lr 0.05470541566592575 acc 59.38% eta 0:45:55
2023-04-10 20:23:24,412 - __main__ - INFO - [INFO] 2023-04-10 20:23:24.412768 Epoch [48/100] batch [257/391] loss 1.4521 lr 0.05470541566592575 acc 59.38% eta 0:45:18
2023-04-10 20:23:43,697 - __main__ - INFO - [INFO] 2023-04-10 20:23:43.696931 Epoch [48/100] batch [385/391] loss 1.4619 lr 0.05470541566592575 acc 56.25% eta 0:45:02
2023-04-10 20:23:44,572 - __main__ - INFO - Computing epoch 48 validation accuracy...
2023-04-10 20:23:48,521 - __main__ - INFO - Computing epoch 48 validation loss...
2023-04-10 20:23:52,704 - __main__ - INFO - [INFO] 2023-04-10 20:23:52.704036 Epoch [49/100] batch [1/391] loss 1.1768 lr 0.053139525976465714 acc 50.78% eta 0:44:39
2023-04-10 20:24:09,566 - __main__ - INFO - [INFO] 2023-04-10 20:24:09.566633 Epoch [49/100] batch [129/391] loss 1.3066 lr 0.053139525976465714 acc 64.84% eta 0:38:25
2023-04-10 20:24:26,679 - __main__ - INFO - [INFO] 2023-04-10 20:24:26.679361 Epoch [49/100] batch [257/391] loss 1.3711 lr 0.053139525976465714 acc 58.59% eta 0:38:30
2023-04-10 20:24:43,602 - __main__ - INFO - [INFO] 2023-04-10 20:24:43.602071 Epoch [49/100] batch [385/391] loss 1.3213 lr 0.053139525976465714 acc 56.25% eta 0:38:13
2023-04-10 20:24:44,417 - __main__ - INFO - Computing epoch 49 validation accuracy...
2023-04-10 20:24:48,286 - __main__ - INFO - Computing epoch 49 validation loss...
2023-04-10 20:24:52,403 - __main__ - INFO - [INFO] 2023-04-10 20:24:52.402987 Epoch [50/100] batch [1/391] loss 1.2266 lr 0.05157053795390645 acc 64.06% eta 0:39:55
2023-04-10 20:25:09,564 - __main__ - INFO - [INFO] 2023-04-10 20:25:09.564614 Epoch [50/100] batch [129/391] loss 1.4580 lr 0.05157053795390645 acc 57.03% eta 0:38:29
2023-04-10 20:25:26,336 - __main__ - INFO - [INFO] 2023-04-10 20:25:26.336042 Epoch [50/100] batch [257/391] loss 1.3223 lr 0.05157053795390645 acc 58.59% eta 0:37:45
2023-04-10 20:25:43,168 - __main__ - INFO - [INFO] 2023-04-10 20:25:43.168601 Epoch [50/100] batch [385/391] loss 1.3516 lr 0.05157053795390645 acc 55.47% eta 0:37:23
2023-04-10 20:25:43,941 - __main__ - INFO - Computing epoch 50 validation accuracy...
2023-04-10 20:25:47,799 - __main__ - INFO - Computing epoch 50 validation loss...
2023-04-10 20:25:51,984 - __main__ - INFO - [INFO] 2023-04-10 20:25:51.984412 Epoch [51/100] batch [1/391] loss 1.2676 lr 0.05000000000000004 acc 57.03% eta 0:41:30
2023-04-10 20:26:09,291 - __main__ - INFO - [INFO] 2023-04-10 20:26:09.290866 Epoch [51/100] batch [129/391] loss 1.3467 lr 0.05000000000000004 acc 59.38% eta 0:38:01
2023-04-10 20:26:26,344 - __main__ - INFO - [INFO] 2023-04-10 20:26:26.344002 Epoch [51/100] batch [257/391] loss 1.4746 lr 0.05000000000000004 acc 58.59% eta 0:37:29
2023-04-10 20:26:43,471 - __main__ - INFO - [INFO] 2023-04-10 20:26:43.470965 Epoch [51/100] batch [385/391] loss 1.4043 lr 0.05000000000000004 acc 58.59% eta 0:37:15
2023-04-10 20:26:44,268 - __main__ - INFO - Computing epoch 51 validation accuracy...
2023-04-10 20:26:48,225 - __main__ - INFO - Computing epoch 51 validation loss...
2023-04-10 20:26:52,432 - __main__ - INFO - [INFO] 2023-04-10 20:26:52.432214 Epoch [52/100] batch [1/391] loss 1.4111 lr 0.04842946204609362 acc 60.16% eta 0:40:38
2023-04-10 20:27:09,727 - __main__ - INFO - [INFO] 2023-04-10 20:27:09.726910 Epoch [52/100] batch [129/391] loss 1.2402 lr 0.04842946204609362 acc 60.16% eta 0:37:21
2023-04-10 20:27:26,851 - __main__ - INFO - [INFO] 2023-04-10 20:27:26.850828 Epoch [52/100] batch [257/391] loss 1.3428 lr 0.04842946204609362 acc 64.06% eta 0:36:56
2023-04-10 20:27:44,908 - __main__ - INFO - [INFO] 2023-04-10 20:27:44.907994 Epoch [52/100] batch [385/391] loss 1.2520 lr 0.04842946204609362 acc 57.81% eta 0:36:55
2023-04-10 20:27:45,707 - __main__ - INFO - Computing epoch 52 validation accuracy...
2023-04-10 20:27:49,772 - __main__ - INFO - Computing epoch 52 validation loss...
2023-04-10 20:27:54,003 - __main__ - INFO - [INFO] 2023-04-10 20:27:54.002828 Epoch [53/100] batch [1/391] loss 1.1494 lr 0.04686047402353437 acc 66.41% eta 0:40:57
2023-04-10 20:28:11,947 - __main__ - INFO - [INFO] 2023-04-10 20:28:11.947098 Epoch [53/100] batch [129/391] loss 1.0615 lr 0.04686047402353437 acc 61.72% eta 0:36:23
2023-04-10 20:28:29,889 - __main__ - INFO - [INFO] 2023-04-10 20:28:29.888889 Epoch [53/100] batch [257/391] loss 1.3037 lr 0.04686047402353437 acc 64.84% eta 0:36:10
2023-04-10 20:28:47,741 - __main__ - INFO - [INFO] 2023-04-10 20:28:47.741397 Epoch [53/100] batch [385/391] loss 1.3760 lr 0.04686047402353437 acc 60.94% eta 0:35:49
2023-04-10 20:28:48,548 - __main__ - INFO - Computing epoch 53 validation accuracy...
2023-04-10 20:28:52,483 - __main__ - INFO - Computing epoch 53 validation loss...
2023-04-10 20:28:56,760 - __main__ - INFO - [INFO] 2023-04-10 20:28:56.760236 Epoch [54/100] batch [1/391] loss 1.2705 lr 0.045294584334074316 acc 67.19% eta 0:37:43
2023-04-10 20:29:13,694 - __main__ - INFO - [INFO] 2023-04-10 20:29:13.694278 Epoch [54/100] batch [129/391] loss 1.2832 lr 0.045294584334074316 acc 63.28% eta 0:34:37
2023-04-10 20:29:30,867 - __main__ - INFO - [INFO] 2023-04-10 20:29:30.867019 Epoch [54/100] batch [257/391] loss 1.1533 lr 0.045294584334074316 acc 67.97% eta 0:34:43
2023-04-10 20:29:48,062 - __main__ - INFO - [INFO] 2023-04-10 20:29:48.061827 Epoch [54/100] batch [385/391] loss 1.3125 lr 0.045294584334074316 acc 64.84% eta 0:34:38
2023-04-10 20:29:48,849 - __main__ - INFO - Computing epoch 54 validation accuracy...
2023-04-10 20:29:52,748 - __main__ - INFO - Computing epoch 54 validation loss...
2023-04-10 20:29:56,842 - __main__ - INFO - [INFO] 2023-04-10 20:29:56.842397 Epoch [55/100] batch [1/391] loss 1.2100 lr 0.043733338321784825 acc 67.19% eta 0:35:41
2023-04-10 20:30:14,060 - __main__ - INFO - [INFO] 2023-04-10 20:30:14.059885 Epoch [55/100] batch [129/391] loss 1.2188 lr 0.043733338321784825 acc 71.09% eta 0:34:56
2023-04-10 20:30:31,000 - __main__ - INFO - [INFO] 2023-04-10 20:30:31.000721 Epoch [55/100] batch [257/391] loss 1.1445 lr 0.043733338321784825 acc 63.28% eta 0:34:22
2023-04-10 20:30:47,837 - __main__ - INFO - [INFO] 2023-04-10 20:30:47.837615 Epoch [55/100] batch [385/391] loss 1.1699 lr 0.043733338321784825 acc 57.81% eta 0:33:55
2023-04-10 20:30:48,602 - __main__ - INFO - Computing epoch 55 validation accuracy...
2023-04-10 20:30:52,483 - __main__ - INFO - Computing epoch 55 validation loss...
2023-04-10 20:30:56,534 - __main__ - INFO - [INFO] 2023-04-10 20:30:56.534361 Epoch [56/100] batch [1/391] loss 1.0488 lr 0.042178276747988484 acc 70.31% eta 0:35:00
2023-04-10 20:31:13,446 - __main__ - INFO - [INFO] 2023-04-10 20:31:13.446374 Epoch [56/100] batch [129/391] loss 1.2031 lr 0.042178276747988484 acc 64.06% eta 0:33:18
2023-04-10 20:31:30,335 - __main__ - INFO - [INFO] 2023-04-10 20:31:30.335127 Epoch [56/100] batch [257/391] loss 1.1836 lr 0.042178276747988484 acc 55.47% eta 0:33:00
2023-04-10 20:31:47,416 - __main__ - INFO - [INFO] 2023-04-10 20:31:47.415858 Epoch [56/100] batch [385/391] loss 1.0850 lr 0.042178276747988484 acc 64.84% eta 0:32:53
2023-04-10 20:31:48,233 - __main__ - INFO - Computing epoch 56 validation accuracy...
2023-04-10 20:31:52,157 - __main__ - INFO - Computing epoch 56 validation loss...
2023-04-10 20:31:56,240 - __main__ - INFO - [INFO] 2023-04-10 20:31:56.240059 Epoch [57/100] batch [1/391] loss 1.2080 lr 0.0406309342707138 acc 64.84% eta 0:36:57
2023-04-10 20:32:13,121 - __main__ - INFO - [INFO] 2023-04-10 20:32:13.121339 Epoch [57/100] batch [129/391] loss 1.3145 lr 0.0406309342707138 acc 60.94% eta 0:32:28
2023-04-10 20:32:30,840 - __main__ - INFO - [INFO] 2023-04-10 20:32:30.840519 Epoch [57/100] batch [257/391] loss 1.2441 lr 0.0406309342707138 acc 64.84% eta 0:33:08
2023-04-10 20:32:47,541 - __main__ - INFO - [INFO] 2023-04-10 20:32:47.541656 Epoch [57/100] batch [385/391] loss 1.2529 lr 0.0406309342707138 acc 56.25% eta 0:32:28
2023-04-10 20:32:48,301 - __main__ - INFO - Computing epoch 57 validation accuracy...
2023-04-10 20:32:52,188 - __main__ - INFO - Computing epoch 57 validation loss...
2023-04-10 20:32:56,271 - __main__ - INFO - [INFO] 2023-04-10 20:32:56.271391 Epoch [58/100] batch [1/391] loss 1.1641 lr 0.039092837930172916 acc 70.31% eta 0:33:02
2023-04-10 20:33:13,111 - __main__ - INFO - [INFO] 2023-04-10 20:33:13.111059 Epoch [58/100] batch [129/391] loss 1.5674 lr 0.039092837930172916 acc 57.03% eta 0:31:39
2023-04-10 20:33:29,633 - __main__ - INFO - [INFO] 2023-04-10 20:33:29.633466 Epoch [58/100] batch [257/391] loss 1.2539 lr 0.039092837930172916 acc 67.97% eta 0:31:02
2023-04-10 20:33:46,507 - __main__ - INFO - [INFO] 2023-04-10 20:33:46.507137 Epoch [58/100] batch [385/391] loss 0.9463 lr 0.039092837930172916 acc 67.97% eta 0:30:56
2023-04-10 20:33:47,276 - __main__ - INFO - Computing epoch 58 validation accuracy...
2023-04-10 20:33:51,286 - __main__ - INFO - Computing epoch 58 validation loss...
2023-04-10 20:33:55,508 - __main__ - INFO - [INFO] 2023-04-10 20:33:55.508365 Epoch [59/100] batch [1/391] loss 1.1484 lr 0.037565505641757285 acc 61.72% eta 0:33:12
2023-04-10 20:34:12,288 - __main__ - INFO - [INFO] 2023-04-10 20:34:12.287879 Epoch [59/100] batch [129/391] loss 1.2441 lr 0.037565505641757285 acc 69.53% eta 0:30:41
2023-04-10 20:34:29,003 - __main__ - INFO - [INFO] 2023-04-10 20:34:29.003107 Epoch [59/100] batch [257/391] loss 1.1602 lr 0.037565505641757285 acc 67.97% eta 0:30:25
2023-04-10 20:34:45,947 - __main__ - INFO - [INFO] 2023-04-10 20:34:45.947624 Epoch [59/100] batch [385/391] loss 1.2852 lr 0.037565505641757285 acc 60.94% eta 0:30:18
2023-04-10 20:34:46,710 - __main__ - INFO - Computing epoch 59 validation accuracy...
2023-04-10 20:34:50,493 - __main__ - INFO - Computing epoch 59 validation loss...
2023-04-10 20:34:54,635 - __main__ - INFO - [INFO] 2023-04-10 20:34:54.635107 Epoch [60/100] batch [1/391] loss 1.3828 lr 0.03605044469803857 acc 60.94% eta 0:41:36
2023-04-10 20:35:11,509 - __main__ - INFO - [INFO] 2023-04-10 20:35:11.508998 Epoch [60/100] batch [129/391] loss 1.0850 lr 0.03605044469803857 acc 72.66% eta 0:30:15
2023-04-10 20:35:28,353 - __main__ - INFO - [INFO] 2023-04-10 20:35:28.352943 Epoch [60/100] batch [257/391] loss 0.9526 lr 0.03605044469803857 acc 68.75% eta 0:29:55
2023-04-10 20:35:45,461 - __main__ - INFO - [INFO] 2023-04-10 20:35:45.460770 Epoch [60/100] batch [385/391] loss 1.0498 lr 0.03605044469803857 acc 62.50% eta 0:29:53
2023-04-10 20:35:46,253 - __main__ - INFO - Computing epoch 60 validation accuracy...
2023-04-10 20:35:50,434 - __main__ - INFO - Computing epoch 60 validation loss...
2023-04-10 20:35:54,631 - __main__ - INFO - [INFO] 2023-04-10 20:35:54.631319 Epoch [61/100] batch [1/391] loss 0.9355 lr 0.034549150281252675 acc 71.88% eta 0:44:00
2023-04-10 20:36:11,433 - __main__ - INFO - [INFO] 2023-04-10 20:36:11.433385 Epoch [61/100] batch [129/391] loss 1.0605 lr 0.034549150281252675 acc 70.31% eta 0:29:30
2023-04-10 20:36:28,281 - __main__ - INFO - [INFO] 2023-04-10 20:36:28.281645 Epoch [61/100] batch [257/391] loss 1.0264 lr 0.034549150281252675 acc 74.22% eta 0:29:13
2023-04-10 20:36:45,267 - __main__ - INFO - [INFO] 2023-04-10 20:36:45.267446 Epoch [61/100] batch [385/391] loss 1.3535 lr 0.034549150281252675 acc 64.84% eta 0:29:03
2023-04-10 20:36:46,054 - __main__ - INFO - Computing epoch 61 validation accuracy...
2023-04-10 20:36:50,073 - __main__ - INFO - Computing epoch 61 validation loss...
2023-04-10 20:36:54,156 - __main__ - INFO - [INFO] 2023-04-10 20:36:54.156418 Epoch [62/100] batch [1/391] loss 1.1523 lr 0.03306310398773546 acc 67.19% eta 0:31:26
2023-04-10 20:37:10,936 - __main__ - INFO - [INFO] 2023-04-10 20:37:10.936366 Epoch [62/100] batch [129/391] loss 1.0234 lr 0.03306310398773546 acc 62.50% eta 0:28:30
2023-04-10 20:37:28,189 - __main__ - INFO - [INFO] 2023-04-10 20:37:28.189014 Epoch [62/100] batch [257/391] loss 1.0762 lr 0.03306310398773546 acc 68.75% eta 0:28:43
2023-04-10 20:37:45,062 - __main__ - INFO - [INFO] 2023-04-10 20:37:45.062021 Epoch [62/100] batch [385/391] loss 1.1162 lr 0.03306310398773546 acc 64.06% eta 0:28:24
2023-04-10 20:37:45,843 - __main__ - INFO - Computing epoch 62 validation accuracy...
2023-04-10 20:37:49,782 - __main__ - INFO - Computing epoch 62 validation loss...
2023-04-10 20:37:53,956 - __main__ - INFO - [INFO] 2023-04-10 20:37:53.956285 Epoch [63/100] batch [1/391] loss 1.0654 lr 0.031593772365766146 acc 66.41% eta 0:29:37
2023-04-10 20:38:10,938 - __main__ - INFO - [INFO] 2023-04-10 20:38:10.938663 Epoch [63/100] batch [129/391] loss 1.0518 lr 0.031593772365766146 acc 65.62% eta 0:28:14
2023-04-10 20:38:27,998 - __main__ - INFO - [INFO] 2023-04-10 20:38:27.998021 Epoch [63/100] batch [257/391] loss 0.9707 lr 0.031593772365766146 acc 71.88% eta 0:28:03
2023-04-10 20:38:45,254 - __main__ - INFO - [INFO] 2023-04-10 20:38:45.254153 Epoch [63/100] batch [385/391] loss 1.0674 lr 0.031593772365766146 acc 64.06% eta 0:27:58
2023-04-10 20:38:46,033 - __main__ - INFO - Computing epoch 63 validation accuracy...
2023-04-10 20:38:50,295 - __main__ - INFO - Computing epoch 63 validation loss...
2023-04-10 20:38:54,811 - __main__ - INFO - [INFO] 2023-04-10 20:38:54.811021 Epoch [64/100] batch [1/391] loss 0.7725 lr 0.030142605468260992 acc 68.75% eta 0:37:18
2023-04-10 20:39:12,119 - __main__ - INFO - [INFO] 2023-04-10 20:39:12.118904 Epoch [64/100] batch [129/391] loss 1.0010 lr 0.030142605468260992 acc 74.22% eta 0:28:10
2023-04-10 20:39:29,145 - __main__ - INFO - [INFO] 2023-04-10 20:39:29.145204 Epoch [64/100] batch [257/391] loss 1.0518 lr 0.030142605468260992 acc 65.62% eta 0:27:36
2023-04-10 20:39:46,221 - __main__ - INFO - [INFO] 2023-04-10 20:39:46.221518 Epoch [64/100] batch [385/391] loss 0.9766 lr 0.030142605468260992 acc 75.00% eta 0:27:17
2023-04-10 20:39:47,010 - __main__ - INFO - Computing epoch 64 validation accuracy...
2023-04-10 20:39:51,317 - __main__ - INFO - Computing epoch 64 validation loss...
2023-04-10 20:39:55,664 - __main__ - INFO - [INFO] 2023-04-10 20:39:55.663858 Epoch [65/100] batch [1/391] loss 1.0791 lr 0.028711035421746394 acc 70.31% eta 0:30:24
2023-04-10 20:40:12,813 - __main__ - INFO - [INFO] 2023-04-10 20:40:12.813335 Epoch [65/100] batch [129/391] loss 1.1006 lr 0.028711035421746394 acc 74.22% eta 0:27:00
2023-04-10 20:40:29,518 - __main__ - INFO - [INFO] 2023-04-10 20:40:29.518615 Epoch [65/100] batch [257/391] loss 1.0918 lr 0.028711035421746394 acc 65.62% eta 0:26:20
2023-04-10 20:40:46,917 - __main__ - INFO - [INFO] 2023-04-10 20:40:46.916808 Epoch [65/100] batch [385/391] loss 1.0752 lr 0.028711035421746394 acc 70.31% eta 0:26:23
2023-04-10 20:40:47,794 - __main__ - INFO - Computing epoch 65 validation accuracy...
2023-04-10 20:40:51,736 - __main__ - INFO - Computing epoch 65 validation loss...
2023-04-10 20:40:55,887 - __main__ - INFO - [INFO] 2023-04-10 20:40:55.887390 Epoch [66/100] batch [1/391] loss 0.9233 lr 0.027300475013022688 acc 71.88% eta 0:38:07
2023-04-10 20:41:12,712 - __main__ - INFO - [INFO] 2023-04-10 20:41:12.712171 Epoch [66/100] batch [129/391] loss 1.0742 lr 0.027300475013022688 acc 67.19% eta 0:25:46
2023-04-10 20:41:29,668 - __main__ - INFO - [INFO] 2023-04-10 20:41:29.668047 Epoch [66/100] batch [257/391] loss 1.0225 lr 0.027300475013022688 acc 73.44% eta 0:25:37
2023-04-10 20:41:46,584 - __main__ - INFO - [INFO] 2023-04-10 20:41:46.583931 Epoch [66/100] batch [385/391] loss 1.0977 lr 0.027300475013022688 acc 71.88% eta 0:25:21
2023-04-10 20:41:47,415 - __main__ - INFO - Computing epoch 66 validation accuracy...
2023-04-10 20:41:51,317 - __main__ - INFO - Computing epoch 66 validation loss...
2023-04-10 20:41:55,385 - __main__ - INFO - [INFO] 2023-04-10 20:41:55.384993 Epoch [67/100] batch [1/391] loss 1.0029 lr 0.025912316294914254 acc 71.09% eta 0:24:53
2023-04-10 20:42:12,075 - __main__ - INFO - [INFO] 2023-04-10 20:42:12.074920 Epoch [67/100] batch [129/391] loss 1.0225 lr 0.025912316294914254 acc 74.22% eta 0:24:44
2023-04-10 20:42:29,163 - __main__ - INFO - [INFO] 2023-04-10 20:42:29.163263 Epoch [67/100] batch [257/391] loss 0.9917 lr 0.025912316294914254 acc 69.53% eta 0:24:48
2023-04-10 20:42:45,868 - __main__ - INFO - [INFO] 2023-04-10 20:42:45.868760 Epoch [67/100] batch [385/391] loss 0.8374 lr 0.025912316294914254 acc 71.09% eta 0:24:27
2023-04-10 20:42:46,649 - __main__ - INFO - Computing epoch 67 validation accuracy...
2023-04-10 20:42:50,677 - __main__ - INFO - Computing epoch 67 validation loss...
2023-04-10 20:42:54,842 - __main__ - INFO - [INFO] 2023-04-10 20:42:54.842085 Epoch [68/100] batch [1/391] loss 1.0078 lr 0.02454792921248146 acc 67.97% eta 0:27:24
2023-04-10 20:43:11,837 - __main__ - INFO - [INFO] 2023-04-10 20:43:11.837656 Epoch [68/100] batch [129/391] loss 1.0889 lr 0.02454792921248146 acc 63.28% eta 0:24:32
2023-04-10 20:43:28,536 - __main__ - INFO - [INFO] 2023-04-10 20:43:28.536658 Epoch [68/100] batch [257/391] loss 1.0537 lr 0.02454792921248146 acc 71.09% eta 0:24:01
2023-04-10 20:43:45,174 - __main__ - INFO - [INFO] 2023-04-10 20:43:45.173955 Epoch [68/100] batch [385/391] loss 1.0049 lr 0.02454792921248146 acc 67.97% eta 0:23:40
2023-04-10 20:43:45,939 - __main__ - INFO - Computing epoch 68 validation accuracy...
2023-04-10 20:43:49,749 - __main__ - INFO - Computing epoch 68 validation loss...
2023-04-10 20:43:53,859 - __main__ - INFO - [INFO] 2023-04-10 20:43:53.859607 Epoch [69/100] batch [1/391] loss 0.9351 lr 0.02320866025105018 acc 71.09% eta 0:23:50
2023-04-10 20:44:10,520 - __main__ - INFO - [INFO] 2023-04-10 20:44:10.519892 Epoch [69/100] batch [129/391] loss 0.8657 lr 0.02320866025105018 acc 75.78% eta 0:23:09
2023-04-10 20:44:27,251 - __main__ - INFO - [INFO] 2023-04-10 20:44:27.251237 Epoch [69/100] batch [257/391] loss 1.0264 lr 0.02320866025105018 acc 69.53% eta 0:23:01
2023-04-10 20:44:44,121 - __main__ - INFO - [INFO] 2023-04-10 20:44:44.121648 Epoch [69/100] batch [385/391] loss 1.1104 lr 0.02320866025105018 acc 66.41% eta 0:22:53
2023-04-10 20:44:44,906 - __main__ - INFO - Computing epoch 69 validation accuracy...
2023-04-10 20:44:48,786 - __main__ - INFO - Computing epoch 69 validation loss...
2023-04-10 20:44:52,936 - __main__ - INFO - [INFO] 2023-04-10 20:44:52.936322 Epoch [70/100] batch [1/391] loss 0.9478 lr 0.021895831107393487 acc 71.88% eta 0:24:23
2023-04-10 20:45:10,142 - __main__ - INFO - [INFO] 2023-04-10 20:45:10.142641 Epoch [70/100] batch [129/391] loss 0.8794 lr 0.021895831107393487 acc 75.00% eta 0:23:19
2023-04-10 20:45:26,938 - __main__ - INFO - [INFO] 2023-04-10 20:45:26.938723 Epoch [70/100] batch [257/391] loss 0.8979 lr 0.021895831107393487 acc 78.12% eta 0:22:46
2023-04-10 20:45:43,744 - __main__ - INFO - [INFO] 2023-04-10 20:45:43.744781 Epoch [70/100] batch [385/391] loss 1.0029 lr 0.021895831107393487 acc 71.09% eta 0:22:25
2023-04-10 20:45:44,503 - __main__ - INFO - Computing epoch 70 validation accuracy...
2023-04-10 20:45:48,383 - __main__ - INFO - Computing epoch 70 validation loss...
2023-04-10 20:45:52,561 - __main__ - INFO - [INFO] 2023-04-10 20:45:52.561017 Epoch [71/100] batch [1/391] loss 0.9473 lr 0.02061073738537637 acc 71.88% eta 0:23:07
2023-04-10 20:46:09,277 - __main__ - INFO - [INFO] 2023-04-10 20:46:09.276987 Epoch [71/100] batch [129/391] loss 1.0547 lr 0.02061073738537637 acc 64.06% eta 0:21:50
2023-04-10 20:46:26,128 - __main__ - INFO - [INFO] 2023-04-10 20:46:26.128766 Epoch [71/100] batch [257/391] loss 0.9136 lr 0.02061073738537637 acc 73.44% eta 0:21:41
2023-04-10 20:46:43,025 - __main__ - INFO - [INFO] 2023-04-10 20:46:43.025161 Epoch [71/100] batch [385/391] loss 0.9731 lr 0.02061073738537637 acc 72.66% eta 0:21:29
2023-04-10 20:46:43,778 - __main__ - INFO - Computing epoch 71 validation accuracy...
2023-04-10 20:46:47,577 - __main__ - INFO - Computing epoch 71 validation loss...
2023-04-10 20:46:51,652 - __main__ - INFO - [INFO] 2023-04-10 20:46:51.652159 Epoch [72/100] batch [1/391] loss 0.7803 lr 0.01935464731735119 acc 76.56% eta 0:24:18
2023-04-10 20:47:08,628 - __main__ - INFO - [INFO] 2023-04-10 20:47:08.628319 Epoch [72/100] batch [129/391] loss 1.1006 lr 0.01935464731735119 acc 69.53% eta 0:21:29
2023-04-10 20:47:25,647 - __main__ - INFO - [INFO] 2023-04-10 20:47:25.647476 Epoch [72/100] batch [257/391] loss 0.9785 lr 0.01935464731735119 acc 70.31% eta 0:21:15
2023-04-10 20:47:42,878 - __main__ - INFO - [INFO] 2023-04-10 20:47:42.878289 Epoch [72/100] batch [385/391] loss 1.0342 lr 0.01935464731735119 acc 75.00% eta 0:21:07
2023-04-10 20:47:43,651 - __main__ - INFO - Computing epoch 72 validation accuracy...
2023-04-10 20:47:47,668 - __main__ - INFO - Computing epoch 72 validation loss...
2023-04-10 20:47:51,856 - __main__ - INFO - [INFO] 2023-04-10 20:47:51.855850 Epoch [73/100] batch [1/391] loss 0.8242 lr 0.018128800512565532 acc 75.00% eta 0:22:09
2023-04-10 20:48:08,683 - __main__ - INFO - [INFO] 2023-04-10 20:48:08.683097 Epoch [73/100] batch [129/391] loss 0.8193 lr 0.018128800512565532 acc 82.03% eta 0:20:30
2023-04-10 20:48:25,692 - __main__ - INFO - [INFO] 2023-04-10 20:48:25.692648 Epoch [73/100] batch [257/391] loss 0.6938 lr 0.018128800512565532 acc 76.56% eta 0:20:23
2023-04-10 20:48:42,406 - __main__ - INFO - [INFO] 2023-04-10 20:48:42.405939 Epoch [73/100] batch [385/391] loss 1.1074 lr 0.018128800512565532 acc 70.31% eta 0:20:02
2023-04-10 20:48:43,177 - __main__ - INFO - Computing epoch 73 validation accuracy...
2023-04-10 20:48:47,068 - __main__ - INFO - Computing epoch 73 validation loss...
2023-04-10 20:48:51,050 - __main__ - INFO - [INFO] 2023-04-10 20:48:51.050234 Epoch [74/100] batch [1/391] loss 0.9893 lr 0.016934406733817433 acc 66.41% eta 0:22:03
2023-04-10 20:49:07,912 - __main__ - INFO - [INFO] 2023-04-10 20:49:07.912599 Epoch [74/100] batch [129/391] loss 0.9805 lr 0.016934406733817433 acc 72.66% eta 0:19:52
2023-04-10 20:49:24,870 - __main__ - INFO - [INFO] 2023-04-10 20:49:24.869908 Epoch [74/100] batch [257/391] loss 0.8667 lr 0.016934406733817433 acc 80.47% eta 0:19:39
2023-04-10 20:49:41,784 - __main__ - INFO - [INFO] 2023-04-10 20:49:41.784559 Epoch [74/100] batch [385/391] loss 0.8481 lr 0.016934406733817433 acc 75.78% eta 0:19:25
2023-04-10 20:49:42,560 - __main__ - INFO - Computing epoch 74 validation accuracy...
2023-04-10 20:49:46,498 - __main__ - INFO - Computing epoch 74 validation loss...
2023-04-10 20:49:50,609 - __main__ - INFO - [INFO] 2023-04-10 20:49:50.609775 Epoch [75/100] batch [1/391] loss 0.8633 lr 0.01577264470356558 acc 69.53% eta 0:20:40
2023-04-10 20:50:07,692 - __main__ - INFO - [INFO] 2023-04-10 20:50:07.692108 Epoch [75/100] batch [129/391] loss 0.7222 lr 0.01577264470356558 acc 83.59% eta 0:19:22
2023-04-10 20:50:24,465 - __main__ - INFO - [INFO] 2023-04-10 20:50:24.465343 Epoch [75/100] batch [257/391] loss 0.8979 lr 0.01577264470356558 acc 76.56% eta 0:18:54
2023-04-10 20:50:41,496 - __main__ - INFO - [INFO] 2023-04-10 20:50:41.496332 Epoch [75/100] batch [385/391] loss 0.9121 lr 0.01577264470356558 acc 75.78% eta 0:18:43
2023-04-10 20:50:42,305 - __main__ - INFO - Computing epoch 75 validation accuracy...
2023-04-10 20:50:46,147 - __main__ - INFO - Computing epoch 75 validation loss...
2023-04-10 20:50:50,323 - __main__ - INFO - [INFO] 2023-04-10 20:50:50.323739 Epoch [76/100] batch [1/391] loss 0.7700 lr 0.014644660940672643 acc 82.81% eta 0:24:15
2023-04-10 20:51:07,317 - __main__ - INFO - [INFO] 2023-04-10 20:51:07.317120 Epoch [76/100] batch [129/391] loss 0.8599 lr 0.014644660940672643 acc 76.56% eta 0:18:29
2023-04-10 20:51:24,257 - __main__ - INFO - [INFO] 2023-04-10 20:51:24.256897 Epoch [76/100] batch [257/391] loss 0.6880 lr 0.014644660940672643 acc 78.91% eta 0:18:12
2023-04-10 20:51:41,086 - __main__ - INFO - [INFO] 2023-04-10 20:51:41.085942 Epoch [76/100] batch [385/391] loss 0.8491 lr 0.014644660940672643 acc 73.44% eta 0:17:53
2023-04-10 20:51:41,859 - __main__ - INFO - Computing epoch 76 validation accuracy...
2023-04-10 20:51:45,742 - __main__ - INFO - Computing epoch 76 validation loss...
2023-04-10 20:51:49,772 - __main__ - INFO - [INFO] 2023-04-10 20:51:49.772754 Epoch [77/100] batch [1/391] loss 0.7656 lr 0.013551568628929448 acc 73.44% eta 0:19:30
2023-04-10 20:52:06,746 - __main__ - INFO - [INFO] 2023-04-10 20:52:06.746598 Epoch [77/100] batch [129/391] loss 0.6890 lr 0.013551568628929448 acc 79.69% eta 0:17:43
2023-04-10 20:52:23,567 - __main__ - INFO - [INFO] 2023-04-10 20:52:23.567306 Epoch [77/100] batch [257/391] loss 0.7207 lr 0.013551568628929448 acc 80.47% eta 0:17:23
2023-04-10 20:52:40,472 - __main__ - INFO - [INFO] 2023-04-10 20:52:40.472768 Epoch [77/100] batch [385/391] loss 0.6289 lr 0.013551568628929448 acc 84.38% eta 0:17:08
2023-04-10 20:52:41,263 - __main__ - INFO - Computing epoch 77 validation accuracy...
2023-04-10 20:52:45,218 - __main__ - INFO - Computing epoch 77 validation loss...
2023-04-10 20:52:49,346 - __main__ - INFO - [INFO] 2023-04-10 20:52:49.345712 Epoch [78/100] batch [1/391] loss 0.7505 lr 0.012494446518477033 acc 76.56% eta 0:20:04
2023-04-10 20:53:06,635 - __main__ - INFO - [INFO] 2023-04-10 20:53:06.634903 Epoch [78/100] batch [129/391] loss 0.6313 lr 0.012494446518477033 acc 85.16% eta 0:17:22
2023-04-10 20:53:23,892 - __main__ - INFO - [INFO] 2023-04-10 20:53:23.891732 Epoch [78/100] batch [257/391] loss 0.7017 lr 0.012494446518477033 acc 80.47% eta 0:17:05
2023-04-10 20:53:40,755 - __main__ - INFO - [INFO] 2023-04-10 20:53:40.755250 Epoch [78/100] batch [385/391] loss 0.7241 lr 0.012494446518477033 acc 76.56% eta 0:16:40
2023-04-10 20:53:41,525 - __main__ - INFO - Computing epoch 78 validation accuracy...
2023-04-10 20:53:45,418 - __main__ - INFO - Computing epoch 78 validation loss...
2023-04-10 20:53:49,725 - __main__ - INFO - [INFO] 2023-04-10 20:53:49.725334 Epoch [79/100] batch [1/391] loss 0.7998 lr 0.011474337861210555 acc 76.56% eta 0:24:57
2023-04-10 20:54:06,605 - __main__ - INFO - [INFO] 2023-04-10 20:54:06.605170 Epoch [79/100] batch [129/391] loss 0.6538 lr 0.011474337861210555 acc 82.03% eta 0:16:15
2023-04-10 20:54:23,517 - __main__ - INFO - [INFO] 2023-04-10 20:54:23.517713 Epoch [79/100] batch [257/391] loss 0.7314 lr 0.011474337861210555 acc 82.03% eta 0:15:58
2023-04-10 20:54:40,497 - __main__ - INFO - [INFO] 2023-04-10 20:54:40.496829 Epoch [79/100] batch [385/391] loss 0.7808 lr 0.011474337861210555 acc 77.34% eta 0:15:44
2023-04-10 20:54:41,317 - __main__ - INFO - Computing epoch 79 validation accuracy...
2023-04-10 20:54:45,436 - __main__ - INFO - Computing epoch 79 validation loss...
2023-04-10 20:54:49,666 - __main__ - INFO - [INFO] 2023-04-10 20:54:49.666706 Epoch [80/100] batch [1/391] loss 0.5396 lr 0.01049224938121549 acc 85.94% eta 0:16:45
2023-04-10 20:55:06,844 - __main__ - INFO - [INFO] 2023-04-10 20:55:06.844269 Epoch [80/100] batch [129/391] loss 0.7261 lr 0.01049224938121549 acc 76.56% eta 0:15:40
2023-04-10 20:55:23,717 - __main__ - INFO - [INFO] 2023-04-10 20:55:23.717222 Epoch [80/100] batch [257/391] loss 0.5381 lr 0.01049224938121549 acc 89.06% eta 0:15:16
2023-04-10 20:55:40,628 - __main__ - INFO - [INFO] 2023-04-10 20:55:40.627899 Epoch [80/100] batch [385/391] loss 0.7051 lr 0.01049224938121549 acc 80.47% eta 0:14:59
2023-04-10 20:55:41,443 - __main__ - INFO - Computing epoch 80 validation accuracy...
2023-04-10 20:55:45,442 - __main__ - INFO - Computing epoch 80 validation loss...
2023-04-10 20:55:49,636 - __main__ - INFO - [INFO] 2023-04-10 20:55:49.636056 Epoch [81/100] batch [1/391] loss 0.7456 lr 0.009549150281252642 acc 78.91% eta 0:17:13
2023-04-10 20:56:06,467 - __main__ - INFO - [INFO] 2023-04-10 20:56:06.466902 Epoch [81/100] batch [129/391] loss 0.7188 lr 0.009549150281252642 acc 83.59% eta 0:14:37
2023-04-10 20:56:23,804 - __main__ - INFO - [INFO] 2023-04-10 20:56:23.804052 Epoch [81/100] batch [257/391] loss 0.6021 lr 0.009549150281252642 acc 83.59% eta 0:14:36
2023-04-10 20:56:40,953 - __main__ - INFO - [INFO] 2023-04-10 20:56:40.953415 Epoch [81/100] batch [385/391] loss 0.7461 lr 0.009549150281252642 acc 80.47% eta 0:14:22
2023-04-10 20:56:41,722 - __main__ - INFO - Computing epoch 81 validation accuracy...
2023-04-10 20:56:45,653 - __main__ - INFO - Computing epoch 81 validation loss...
2023-04-10 20:56:49,907 - __main__ - INFO - [INFO] 2023-04-10 20:56:49.906833 Epoch [82/100] batch [1/391] loss 0.4795 lr 0.008645971286271922 acc 87.50% eta 0:17:20
2023-04-10 20:57:06,966 - __main__ - INFO - [INFO] 2023-04-10 20:57:06.966506 Epoch [82/100] batch [129/391] loss 0.7378 lr 0.008645971286271922 acc 81.25% eta 0:14:03
2023-04-10 20:57:23,703 - __main__ - INFO - [INFO] 2023-04-10 20:57:23.703485 Epoch [82/100] batch [257/391] loss 0.6621 lr 0.008645971286271922 acc 77.34% eta 0:13:38
2023-04-10 20:57:40,519 - __main__ - INFO - [INFO] 2023-04-10 20:57:40.519376 Epoch [82/100] batch [385/391] loss 0.8213 lr 0.008645971286271922 acc 73.44% eta 0:13:22
2023-04-10 20:57:41,288 - __main__ - INFO - Computing epoch 82 validation accuracy...
2023-04-10 20:57:45,174 - __main__ - INFO - Computing epoch 82 validation loss...
2023-04-10 20:57:49,705 - __main__ - INFO - [INFO] 2023-04-10 20:57:49.705248 Epoch [83/100] batch [1/391] loss 0.6138 lr 0.007783603724899264 acc 85.94% eta 0:14:21
2023-04-10 20:58:07,485 - __main__ - INFO - [INFO] 2023-04-10 20:58:07.485153 Epoch [83/100] batch [129/391] loss 0.6250 lr 0.007783603724899264 acc 86.72% eta 0:13:47
2023-04-10 20:58:24,612 - __main__ - INFO - [INFO] 2023-04-10 20:58:24.611884 Epoch [83/100] batch [257/391] loss 0.5562 lr 0.007783603724899264 acc 88.28% eta 0:13:20
2023-04-10 20:58:42,021 - __main__ - INFO - [INFO] 2023-04-10 20:58:42.021311 Epoch [83/100] batch [385/391] loss 0.6587 lr 0.007783603724899264 acc 84.38% eta 0:13:04
2023-04-10 20:58:42,848 - __main__ - INFO - Computing epoch 83 validation accuracy...
2023-04-10 20:58:46,843 - __main__ - INFO - Computing epoch 83 validation loss...
2023-04-10 20:58:51,164 - __main__ - INFO - [INFO] 2023-04-10 20:58:51.164145 Epoch [84/100] batch [1/391] loss 0.5723 lr 0.006962898649802819 acc 85.16% eta 0:15:51
2023-04-10 20:59:09,191 - __main__ - INFO - [INFO] 2023-04-10 20:59:09.191626 Epoch [84/100] batch [129/391] loss 0.5742 lr 0.006962898649802819 acc 85.16% eta 0:13:20
2023-04-10 20:59:26,261 - __main__ - INFO - [INFO] 2023-04-10 20:59:26.261273 Epoch [84/100] batch [257/391] loss 0.6592 lr 0.006962898649802819 acc 84.38% eta 0:12:40
2023-04-10 20:59:43,303 - __main__ - INFO - [INFO] 2023-04-10 20:59:43.302985 Epoch [84/100] batch [385/391] loss 0.5454 lr 0.006962898649802819 acc 86.72% eta 0:12:18
2023-04-10 20:59:44,083 - __main__ - INFO - Computing epoch 84 validation accuracy...
2023-04-10 20:59:48,117 - __main__ - INFO - Computing epoch 84 validation loss...
2023-04-10 20:59:52,233 - __main__ - INFO - [INFO] 2023-04-10 20:59:52.233079 Epoch [85/100] batch [1/391] loss 0.3689 lr 0.0061846659978068265 acc 88.28% eta 0:12:42
2023-04-10 21:00:09,357 - __main__ - INFO - [INFO] 2023-04-10 21:00:09.357570 Epoch [85/100] batch [129/391] loss 0.4209 lr 0.0061846659978068265 acc 89.84% eta 0:11:50
2023-04-10 21:00:26,605 - __main__ - INFO - [INFO] 2023-04-10 21:00:26.605292 Epoch [85/100] batch [257/391] loss 0.6377 lr 0.0061846659978068265 acc 78.91% eta 0:11:38
2023-04-10 21:00:43,752 - __main__ - INFO - [INFO] 2023-04-10 21:00:43.752382 Epoch [85/100] batch [385/391] loss 0.7827 lr 0.0061846659978068265 acc 80.47% eta 0:11:23
2023-04-10 21:00:44,525 - __main__ - INFO - Computing epoch 85 validation accuracy...
2023-04-10 21:00:48,399 - __main__ - INFO - Computing epoch 85 validation loss...
2023-04-10 21:00:52,493 - __main__ - INFO - [INFO] 2023-04-10 21:00:52.493791 Epoch [86/100] batch [1/391] loss 0.4922 lr 0.005449673790581615 acc 85.94% eta 0:12:06
2023-04-10 21:01:10,055 - __main__ - INFO - [INFO] 2023-04-10 21:01:10.055082 Epoch [86/100] batch [129/391] loss 0.4475 lr 0.005449673790581615 acc 89.06% eta 0:11:25
2023-04-10 21:01:27,153 - __main__ - INFO - [INFO] 2023-04-10 21:01:27.152994 Epoch [86/100] batch [257/391] loss 0.4939 lr 0.005449673790581615 acc 86.72% eta 0:10:59
2023-04-10 21:01:44,336 - __main__ - INFO - [INFO] 2023-04-10 21:01:44.335840 Epoch [86/100] batch [385/391] loss 0.7529 lr 0.005449673790581615 acc 75.78% eta 0:10:42
2023-04-10 21:01:45,106 - __main__ - INFO - Computing epoch 86 validation accuracy...
2023-04-10 21:01:48,961 - __main__ - INFO - Computing epoch 86 validation loss...
2023-04-10 21:01:53,083 - __main__ - INFO - [INFO] 2023-04-10 21:01:53.082945 Epoch [87/100] batch [1/391] loss 0.5029 lr 0.004758647376699036 acc 87.50% eta 0:10:57
2023-04-10 21:02:09,874 - __main__ - INFO - [INFO] 2023-04-10 21:02:09.874794 Epoch [87/100] batch [129/391] loss 0.4092 lr 0.004758647376699036 acc 89.84% eta 0:10:09
2023-04-10 21:02:27,126 - __main__ - INFO - [INFO] 2023-04-10 21:02:27.126333 Epoch [87/100] batch [257/391] loss 0.5029 lr 0.004758647376699036 acc 85.16% eta 0:10:02
2023-04-10 21:02:44,502 - __main__ - INFO - [INFO] 2023-04-10 21:02:44.502184 Epoch [87/100] batch [385/391] loss 0.5708 lr 0.004758647376699036 acc 90.62% eta 0:09:51
2023-04-10 21:02:45,270 - __main__ - INFO - Computing epoch 87 validation accuracy...
2023-04-10 21:02:49,141 - __main__ - INFO - Computing epoch 87 validation loss...
2023-04-10 21:02:53,315 - __main__ - INFO - [INFO] 2023-04-10 21:02:53.315597 Epoch [88/100] batch [1/391] loss 0.4287 lr 0.004112268715800957 acc 89.84% eta 0:09:47
2023-04-10 21:03:10,210 - __main__ - INFO - [INFO] 2023-04-10 21:03:10.210172 Epoch [88/100] batch [129/391] loss 0.5146 lr 0.004112268715800957 acc 85.16% eta 0:09:26
2023-04-10 21:03:27,281 - __main__ - INFO - [INFO] 2023-04-10 21:03:27.281309 Epoch [88/100] batch [257/391] loss 0.4717 lr 0.004112268715800957 acc 89.84% eta 0:09:14
2023-04-10 21:03:44,366 - __main__ - INFO - [INFO] 2023-04-10 21:03:44.366744 Epoch [88/100] batch [385/391] loss 0.4626 lr 0.004112268715800957 acc 89.06% eta 0:09:01
2023-04-10 21:03:45,137 - __main__ - INFO - Computing epoch 88 validation accuracy...
2023-04-10 21:03:48,998 - __main__ - INFO - Computing epoch 88 validation loss...
2023-04-10 21:03:53,217 - __main__ - INFO - [INFO] 2023-04-10 21:03:53.217457 Epoch [89/100] batch [1/391] loss 0.4099 lr 0.003511175705587435 acc 89.06% eta 0:09:55
2023-04-10 21:04:10,351 - __main__ - INFO - [INFO] 2023-04-10 21:04:10.350834 Epoch [89/100] batch [129/391] loss 0.4058 lr 0.003511175705587435 acc 87.50% eta 0:08:49
2023-04-10 21:04:28,230 - __main__ - INFO - [INFO] 2023-04-10 21:04:28.230756 Epoch [89/100] batch [257/391] loss 0.5605 lr 0.003511175705587435 acc 80.47% eta 0:08:46
2023-04-10 21:04:45,201 - __main__ - INFO - [INFO] 2023-04-10 21:04:45.201369 Epoch [89/100] batch [385/391] loss 0.3757 lr 0.003511175705587435 acc 89.06% eta 0:08:25
2023-04-10 21:04:45,970 - __main__ - INFO - Computing epoch 89 validation accuracy...
2023-04-10 21:04:49,913 - __main__ - INFO - Computing epoch 89 validation loss...
2023-04-10 21:04:53,977 - __main__ - INFO - [INFO] 2023-04-10 21:04:53.977717 Epoch [90/100] batch [1/391] loss 0.4290 lr 0.0029559615522887295 acc 91.41% eta 0:08:35
2023-04-10 21:05:11,324 - __main__ - INFO - [INFO] 2023-04-10 21:05:11.323890 Epoch [90/100] batch [129/391] loss 0.5039 lr 0.0029559615522887295 acc 87.50% eta 0:08:12
2023-04-10 21:05:28,726 - __main__ - INFO - [INFO] 2023-04-10 21:05:28.725864 Epoch [90/100] batch [257/391] loss 0.4856 lr 0.0029559615522887295 acc 88.28% eta 0:07:58
2023-04-10 21:05:46,099 - __main__ - INFO - [INFO] 2023-04-10 21:05:46.099328 Epoch [90/100] batch [385/391] loss 0.4680 lr 0.0029559615522887295 acc 87.50% eta 0:07:43
2023-04-10 21:05:46,865 - __main__ - INFO - Computing epoch 90 validation accuracy...
2023-04-10 21:05:50,752 - __main__ - INFO - Computing epoch 90 validation loss...
2023-04-10 21:05:54,875 - __main__ - INFO - [INFO] 2023-04-10 21:05:54.875035 Epoch [91/100] batch [1/391] loss 0.4197 lr 0.0024471741852423253 acc 89.06% eta 0:08:05
2023-04-10 21:06:12,096 - __main__ - INFO - [INFO] 2023-04-10 21:06:12.096506 Epoch [91/100] batch [129/391] loss 0.3552 lr 0.0024471741852423253 acc 89.06% eta 0:07:19
2023-04-10 21:06:29,063 - __main__ - INFO - [INFO] 2023-04-10 21:06:29.063526 Epoch [91/100] batch [257/391] loss 0.4460 lr 0.0024471741852423253 acc 90.62% eta 0:07:02
2023-04-10 21:06:46,656 - __main__ - INFO - [INFO] 2023-04-10 21:06:46.655882 Epoch [91/100] batch [385/391] loss 0.2900 lr 0.0024471741852423253 acc 95.31% eta 0:06:52
2023-04-10 21:06:47,412 - __main__ - INFO - Computing epoch 91 validation accuracy...
2023-04-10 21:06:51,310 - __main__ - INFO - Computing epoch 91 validation loss...
2023-04-10 21:06:55,413 - __main__ - INFO - [INFO] 2023-04-10 21:06:55.413595 Epoch [92/100] batch [1/391] loss 0.2561 lr 0.0019853157161528537 acc 95.31% eta 0:07:03
2023-04-10 21:07:12,872 - __main__ - INFO - [INFO] 2023-04-10 21:07:12.871836 Epoch [92/100] batch [129/391] loss 0.3589 lr 0.0019853157161528537 acc 92.97% eta 0:06:41
2023-04-10 21:07:29,747 - __main__ - INFO - [INFO] 2023-04-10 21:07:29.747265 Epoch [92/100] batch [257/391] loss 0.3684 lr 0.0019853157161528537 acc 89.84% eta 0:06:20
2023-04-10 21:07:46,969 - __main__ - INFO - [INFO] 2023-04-10 21:07:46.968837 Epoch [92/100] batch [385/391] loss 0.3257 lr 0.0019853157161528537 acc 94.53% eta 0:06:05
2023-04-10 21:07:47,744 - __main__ - INFO - Computing epoch 92 validation accuracy...
2023-04-10 21:07:51,612 - __main__ - INFO - Computing epoch 92 validation loss...
2023-04-10 21:07:55,624 - __main__ - INFO - [INFO] 2023-04-10 21:07:55.624085 Epoch [93/100] batch [1/391] loss 0.4224 lr 0.0015708419435684529 acc 87.50% eta 0:06:03
2023-04-10 21:08:12,976 - __main__ - INFO - [INFO] 2023-04-10 21:08:12.976576 Epoch [93/100] batch [129/391] loss 0.3557 lr 0.0015708419435684529 acc 89.06% eta 0:05:53
2023-04-10 21:08:30,236 - __main__ - INFO - [INFO] 2023-04-10 21:08:30.236321 Epoch [93/100] batch [257/391] loss 0.2820 lr 0.0015708419435684529 acc 92.97% eta 0:05:36
2023-04-10 21:08:47,303 - __main__ - INFO - [INFO] 2023-04-10 21:08:47.302795 Epoch [93/100] batch [385/391] loss 0.3625 lr 0.0015708419435684529 acc 90.62% eta 0:05:20
2023-04-10 21:08:48,050 - __main__ - INFO - Computing epoch 93 validation accuracy...
2023-04-10 21:08:52,038 - __main__ - INFO - Computing epoch 93 validation loss...
2023-04-10 21:08:56,144 - __main__ - INFO - [INFO] 2023-04-10 21:08:56.144298 Epoch [94/100] batch [1/391] loss 0.4089 lr 0.0012041619030626347 acc 92.97% eta 0:06:21
2023-04-10 21:09:13,093 - __main__ - INFO - [INFO] 2023-04-10 21:09:13.093238 Epoch [94/100] batch [129/391] loss 0.3577 lr 0.0012041619030626347 acc 91.41% eta 0:04:59
2023-04-10 21:09:30,199 - __main__ - INFO - [INFO] 2023-04-10 21:09:30.199084 Epoch [94/100] batch [257/391] loss 0.4302 lr 0.0012041619030626347 acc 89.06% eta 0:04:46
2023-04-10 21:09:46,992 - __main__ - INFO - [INFO] 2023-04-10 21:09:46.991991 Epoch [94/100] batch [385/391] loss 0.3840 lr 0.0012041619030626347 acc 92.19% eta 0:04:30
2023-04-10 21:09:47,749 - __main__ - INFO - Computing epoch 94 validation accuracy...
2023-04-10 21:09:51,659 - __main__ - INFO - Computing epoch 94 validation loss...
2023-04-10 21:09:55,769 - __main__ - INFO - [INFO] 2023-04-10 21:09:55.769621 Epoch [95/100] batch [1/391] loss 0.3242 lr 0.0008856374635655646 acc 92.19% eta 0:05:04
2023-04-10 21:10:13,124 - __main__ - INFO - [INFO] 2023-04-10 21:10:13.124114 Epoch [95/100] batch [129/391] loss 0.2795 lr 0.0008856374635655646 acc 92.19% eta 0:04:21
2023-04-10 21:10:30,209 - __main__ - INFO - [INFO] 2023-04-10 21:10:30.209217 Epoch [95/100] batch [257/391] loss 0.4121 lr 0.0008856374635655646 acc 88.28% eta 0:04:04
2023-04-10 21:10:47,189 - __main__ - INFO - [INFO] 2023-04-10 21:10:47.189340 Epoch [95/100] batch [385/391] loss 0.3772 lr 0.0008856374635655646 acc 88.28% eta 0:03:48
2023-04-10 21:10:47,992 - __main__ - INFO - Computing epoch 95 validation accuracy...
2023-04-10 21:10:51,823 - __main__ - INFO - Computing epoch 95 validation loss...
2023-04-10 21:10:55,989 - __main__ - INFO - [INFO] 2023-04-10 21:10:55.989474 Epoch [96/100] batch [1/391] loss 0.3000 lr 0.0006155829702431174 acc 93.75% eta 0:03:51
2023-04-10 21:11:12,955 - __main__ - INFO - [INFO] 2023-04-10 21:11:12.955257 Epoch [96/100] batch [129/391] loss 0.4165 lr 0.0006155829702431174 acc 90.62% eta 0:03:29
2023-04-10 21:11:30,050 - __main__ - INFO - [INFO] 2023-04-10 21:11:30.049845 Epoch [96/100] batch [257/391] loss 0.2883 lr 0.0006155829702431174 acc 95.31% eta 0:03:16
2023-04-10 21:11:47,029 - __main__ - INFO - [INFO] 2023-04-10 21:11:47.028864 Epoch [96/100] batch [385/391] loss 0.3032 lr 0.0006155829702431174 acc 92.19% eta 0:03:01
2023-04-10 21:11:47,787 - __main__ - INFO - Computing epoch 96 validation accuracy...
2023-04-10 21:11:51,815 - __main__ - INFO - Computing epoch 96 validation loss...
2023-04-10 21:11:56,093 - __main__ - INFO - [INFO] 2023-04-10 21:11:56.093436 Epoch [97/100] batch [1/391] loss 0.2842 lr 0.00039426493427611206 acc 95.31% eta 0:03:03
2023-04-10 21:12:13,076 - __main__ - INFO - [INFO] 2023-04-10 21:12:13.076300 Epoch [97/100] batch [129/391] loss 0.3953 lr 0.00039426493427611206 acc 87.50% eta 0:02:44
2023-04-10 21:12:30,166 - __main__ - INFO - [INFO] 2023-04-10 21:12:30.166108 Epoch [97/100] batch [257/391] loss 0.2208 lr 0.00039426493427611206 acc 92.97% eta 0:02:30
2023-04-10 21:12:47,109 - __main__ - INFO - [INFO] 2023-04-10 21:12:47.109524 Epoch [97/100] batch [385/391] loss 0.3550 lr 0.00039426493427611206 acc 88.28% eta 0:02:15
2023-04-10 21:12:47,883 - __main__ - INFO - Computing epoch 97 validation accuracy...
2023-04-10 21:12:51,811 - __main__ - INFO - Computing epoch 97 validation loss...
2023-04-10 21:12:56,150 - __main__ - INFO - [INFO] 2023-04-10 21:12:56.150448 Epoch [98/100] batch [1/391] loss 0.2174 lr 0.00022190176984600036 acc 96.88% eta 0:02:35
2023-04-10 21:13:13,395 - __main__ - INFO - [INFO] 2023-04-10 21:13:13.395678 Epoch [98/100] batch [129/391] loss 0.2437 lr 0.00022190176984600036 acc 94.53% eta 0:02:02
2023-04-10 21:13:30,555 - __main__ - INFO - [INFO] 2023-04-10 21:13:30.554776 Epoch [98/100] batch [257/391] loss 0.4314 lr 0.00022190176984600036 acc 89.84% eta 0:01:47
2023-04-10 21:13:47,984 - __main__ - INFO - [INFO] 2023-04-10 21:13:47.983950 Epoch [98/100] batch [385/391] loss 0.1912 lr 0.00022190176984600036 acc 98.44% eta 0:01:32
2023-04-10 21:13:48,764 - __main__ - INFO - Computing epoch 98 validation accuracy...
2023-04-10 21:13:52,631 - __main__ - INFO - Computing epoch 98 validation loss...
2023-04-10 21:13:56,751 - __main__ - INFO - [INFO] 2023-04-10 21:13:56.751258 Epoch [99/100] batch [1/391] loss 0.3936 lr 9.866357858642213e-05 acc 86.72% eta 0:01:34
2023-04-10 21:14:14,042 - __main__ - INFO - [INFO] 2023-04-10 21:14:14.042773 Epoch [99/100] batch [129/391] loss 0.3132 lr 9.866357858642213e-05 acc 90.62% eta 0:01:16
2023-04-10 21:14:31,367 - __main__ - INFO - [INFO] 2023-04-10 21:14:31.367555 Epoch [99/100] batch [257/391] loss 0.2683 lr 9.866357858642213e-05 acc 91.41% eta 0:01:01
2023-04-10 21:14:48,647 - __main__ - INFO - [INFO] 2023-04-10 21:14:48.647477 Epoch [99/100] batch [385/391] loss 0.4199 lr 9.866357858642213e-05 acc 90.62% eta 0:00:46
2023-04-10 21:14:49,475 - __main__ - INFO - Computing epoch 99 validation accuracy...
2023-04-10 21:14:53,313 - __main__ - INFO - Computing epoch 99 validation loss...
2023-04-10 21:14:57,454 - __main__ - INFO - [INFO] 2023-04-10 21:14:57.454009 Epoch [100/100] batch [1/391] loss 0.2844 lr 2.4671981713420017e-05 acc 93.75% eta 0:00:45
2023-04-10 21:15:14,310 - __main__ - INFO - [INFO] 2023-04-10 21:15:14.309953 Epoch [100/100] batch [129/391] loss 0.2930 lr 2.4671981713420017e-05 acc 94.53% eta 0:00:30
2023-04-10 21:15:31,084 - __main__ - INFO - [INFO] 2023-04-10 21:15:31.083968 Epoch [100/100] batch [257/391] loss 0.3801 lr 2.4671981713420017e-05 acc 88.28% eta 0:00:15
2023-04-10 21:15:48,135 - __main__ - INFO - [INFO] 2023-04-10 21:15:48.134846 Epoch [100/100] batch [385/391] loss 0.3879 lr 2.4671981713420017e-05 acc 89.84% eta 0:00:00
2023-04-10 21:15:48,895 - __main__ - INFO - Computing epoch 100 validation accuracy...
2023-04-10 21:15:52,720 - __main__ - INFO - Computing epoch 100 validation loss...
2023-04-10 21:15:56,686 - __main__ - INFO - Reading testing data set cifar100
2023-04-10 21:15:57,428 - __main__ - INFO - Loading trained model...
2023-04-10 21:16:01,800 - __main__ - INFO - Testing acc : 71.88%.
