2023-04-09 17:19:33,649 - __main__ - INFO - 

2023-04-09 17:19:33,649 - __main__ - INFO - ***************
2023-04-09 17:19:33,650 - __main__ - INFO - ** Arguments **
2023-04-09 17:19:33,650 - __main__ - INFO - ***************
2023-04-09 17:19:33,650 - __main__ - INFO - backbone: resnet110
2023-04-09 17:19:33,650 - __main__ - INFO - dataname: cifar100
2023-04-09 17:19:33,650 - __main__ - INFO - drop_method: fd
2023-04-09 17:19:33,650 - __main__ - INFO - drop_rate: 0.0
2023-04-09 17:19:33,650 - __main__ - INFO - eval_only: 0
2023-04-09 17:19:33,650 - __main__ - INFO - output_path: checkpoints/cifar100/resnet110/drop_fd/rate_0./seed3
2023-04-09 17:19:33,650 - __main__ - INFO - part_rate: 0.1
2023-04-09 17:19:33,650 - __main__ - INFO - seed: 3
2023-04-09 17:19:33,650 - __main__ - INFO - weight_decay: 0.0005
2023-04-09 17:19:33,650 - __main__ - INFO - ************
2023-04-09 17:19:33,650 - __main__ - INFO - ** Config **
2023-04-09 17:19:33,650 - __main__ - INFO - ************
2023-04-09 17:19:33,650 - __main__ - INFO - {'DATALOADER': {'PATH': './data', 'DATANAME': 'cifar100', 'BATCH_SIZE': 128, 'NUM_CLASSES': 100}, 'INPUT': {'SIZE': [32, 32], 'PIXEL_MEAN': [0.4914, 0.4822, 0.4465], 'PIXEL_STD': [0.2023, 0.1994, 0.201]}, 'OUTPUT': {'DIR': 'checkpoints/cifar100/resnet110/drop_fd/rate_0./seed3'}, 'SEED': 3, 'OPTIM': {'LR': 0.1, 'MAX_EPOCH': 100, 'LR_SCHEDULER': 'step', 'LR_MILESTONES': [20, 40, 80, 120, 140], 'LR_DECAY': 0.2, 'PART_RATE': 0.1, 'WEIGHT_DECAY': 0.0005, 'DROP_RATE': 0.0, 'DROP_METHOD': 'fd', 'BLOCK_SIZE': 7}, 'MODEL': {'BACKBONE': 'resnet110'}}
2023-04-09 17:19:33,663 - __main__ - INFO - Reading training data set cifar100
2023-04-09 17:19:35,718 - __main__ - INFO - Loading raw model
2023-04-09 17:19:39,770 - __main__ - INFO - 
Saving everything to checkpoints/cifar100/resnet110/drop_fd/rate_0./seed3
2023-04-09 17:19:39,771 - __main__ - INFO - Start training...
2023-04-09 17:19:45,201 - __main__ - INFO - [INFO] 2023-04-09 17:19:45.201198 Epoch [1/100] batch [1/391] loss 4.8008 lr 0.1 acc 3.12% eta 2 days, 10:33:25
2023-04-09 17:20:10,955 - __main__ - INFO - [INFO] 2023-04-09 17:20:10.954905 Epoch [1/100] batch [129/391] loss 4.5703 lr 0.1 acc 1.56% eta 2:17:38
2023-04-09 17:20:36,582 - __main__ - INFO - [INFO] 2023-04-09 17:20:36.582226 Epoch [1/100] batch [257/391] loss 4.4883 lr 0.1 acc 3.12% eta 2:03:55
2023-04-09 17:21:01,991 - __main__ - INFO - [INFO] 2023-04-09 17:21:01.991208 Epoch [1/100] batch [385/391] loss 4.4062 lr 0.1 acc 0.78% eta 1:58:44
2023-04-09 17:21:03,199 - __main__ - INFO - Computing epoch 1 validation accuracy...
2023-04-09 17:21:08,242 - __main__ - INFO - Computing epoch 1 validation loss...
2023-04-09 17:21:13,579 - __main__ - INFO - [INFO] 2023-04-09 17:21:13.579146 Epoch [2/100] batch [1/391] loss 4.4805 lr 0.09997532801828658 acc 9.38% eta 2:12:20
2023-04-09 17:21:39,398 - __main__ - INFO - [INFO] 2023-04-09 17:21:39.398707 Epoch [2/100] batch [129/391] loss 4.4219 lr 0.09997532801828658 acc 3.12% eta 1:50:40
2023-04-09 17:22:05,083 - __main__ - INFO - [INFO] 2023-04-09 17:22:05.083298 Epoch [2/100] batch [257/391] loss 4.3125 lr 0.09997532801828658 acc 4.69% eta 1:50:06
2023-04-09 17:22:30,873 - __main__ - INFO - [INFO] 2023-04-09 17:22:30.872903 Epoch [2/100] batch [385/391] loss 4.0430 lr 0.09997532801828658 acc 6.25% eta 1:49:43
2023-04-09 17:22:32,028 - __main__ - INFO - Computing epoch 2 validation accuracy...
2023-04-09 17:22:36,970 - __main__ - INFO - Computing epoch 2 validation loss...
2023-04-09 17:22:42,236 - __main__ - INFO - [INFO] 2023-04-09 17:22:42.236593 Epoch [3/100] batch [1/391] loss 4.3945 lr 0.09990133642141358 acc 4.69% eta 1:53:41
2023-04-09 17:23:08,186 - __main__ - INFO - [INFO] 2023-04-09 17:23:08.186318 Epoch [3/100] batch [129/391] loss 4.0273 lr 0.09990133642141358 acc 5.47% eta 1:50:11
2023-04-09 17:23:34,363 - __main__ - INFO - [INFO] 2023-04-09 17:23:34.363073 Epoch [3/100] batch [257/391] loss 3.8086 lr 0.09990133642141358 acc 8.59% eta 1:50:14
2023-04-09 17:23:59,943 - __main__ - INFO - [INFO] 2023-04-09 17:23:59.943668 Epoch [3/100] batch [385/391] loss 3.6660 lr 0.09990133642141358 acc 10.94% eta 1:49:07
2023-04-09 17:24:01,112 - __main__ - INFO - Computing epoch 3 validation accuracy...
2023-04-09 17:24:06,006 - __main__ - INFO - Computing epoch 3 validation loss...
2023-04-09 17:24:11,135 - __main__ - INFO - [INFO] 2023-04-09 17:24:11.134946 Epoch [4/100] batch [1/391] loss 3.7891 lr 0.099778098230154 acc 12.50% eta 1:54:25
2023-04-09 17:24:36,988 - __main__ - INFO - [INFO] 2023-04-09 17:24:36.987876 Epoch [4/100] batch [129/391] loss 3.6934 lr 0.099778098230154 acc 14.06% eta 1:48:38
2023-04-09 17:25:02,938 - __main__ - INFO - [INFO] 2023-04-09 17:25:02.938385 Epoch [4/100] batch [257/391] loss 3.6445 lr 0.099778098230154 acc 9.38% eta 1:48:24
2023-04-09 17:25:28,579 - __main__ - INFO - [INFO] 2023-04-09 17:25:28.579163 Epoch [4/100] batch [385/391] loss 3.5000 lr 0.099778098230154 acc 17.19% eta 1:47:39
2023-04-09 17:25:29,758 - __main__ - INFO - Computing epoch 4 validation accuracy...
2023-04-09 17:25:34,727 - __main__ - INFO - Computing epoch 4 validation loss...
2023-04-09 17:25:40,218 - __main__ - INFO - [INFO] 2023-04-09 17:25:40.217925 Epoch [5/100] batch [1/391] loss 4.2227 lr 0.0996057350657239 acc 13.28% eta 1:50:59
2023-04-09 17:26:05,799 - __main__ - INFO - [INFO] 2023-04-09 17:26:05.799522 Epoch [5/100] batch [129/391] loss 3.5000 lr 0.0996057350657239 acc 18.75% eta 1:46:22
2023-04-09 17:26:31,299 - __main__ - INFO - [INFO] 2023-04-09 17:26:31.299810 Epoch [5/100] batch [257/391] loss 3.4707 lr 0.0996057350657239 acc 16.41% eta 1:45:49
2023-04-09 17:26:56,959 - __main__ - INFO - [INFO] 2023-04-09 17:26:56.959553 Epoch [5/100] batch [385/391] loss 3.4121 lr 0.0996057350657239 acc 16.41% eta 1:45:33
2023-04-09 17:26:58,175 - __main__ - INFO - Computing epoch 5 validation accuracy...
2023-04-09 17:27:03,238 - __main__ - INFO - Computing epoch 5 validation loss...
2023-04-09 17:27:08,534 - __main__ - INFO - [INFO] 2023-04-09 17:27:08.534551 Epoch [6/100] batch [1/391] loss 3.1602 lr 0.09938441702975688 acc 21.09% eta 1:52:20
2023-04-09 17:27:34,209 - __main__ - INFO - [INFO] 2023-04-09 17:27:34.209498 Epoch [6/100] batch [129/391] loss 3.2148 lr 0.09938441702975688 acc 24.22% eta 1:45:34
2023-04-09 17:27:59,892 - __main__ - INFO - [INFO] 2023-04-09 17:27:59.891819 Epoch [6/100] batch [257/391] loss 3.0078 lr 0.09938441702975688 acc 17.19% eta 1:45:13
2023-04-09 17:28:25,694 - __main__ - INFO - [INFO] 2023-04-09 17:28:25.694272 Epoch [6/100] batch [385/391] loss 2.9590 lr 0.09938441702975688 acc 21.09% eta 1:45:00
2023-04-09 17:28:26,859 - __main__ - INFO - Computing epoch 6 validation accuracy...
2023-04-09 17:28:31,708 - __main__ - INFO - Computing epoch 6 validation loss...
2023-04-09 17:28:36,976 - __main__ - INFO - [INFO] 2023-04-09 17:28:36.976652 Epoch [7/100] batch [1/391] loss 3.0742 lr 0.09911436253643444 acc 24.22% eta 1:44:30
2023-04-09 17:29:02,850 - __main__ - INFO - [INFO] 2023-04-09 17:29:02.850038 Epoch [7/100] batch [129/391] loss 2.9668 lr 0.09911436253643444 acc 27.34% eta 1:45:08
2023-04-09 17:29:28,509 - __main__ - INFO - [INFO] 2023-04-09 17:29:28.508846 Epoch [7/100] batch [257/391] loss 2.8867 lr 0.09911436253643444 acc 27.34% eta 1:44:23
2023-04-09 17:29:54,849 - __main__ - INFO - [INFO] 2023-04-09 17:29:54.849023 Epoch [7/100] batch [385/391] loss 2.7344 lr 0.09911436253643444 acc 25.78% eta 1:44:45
2023-04-09 17:29:56,047 - __main__ - INFO - Computing epoch 7 validation accuracy...
2023-04-09 17:30:00,962 - __main__ - INFO - Computing epoch 7 validation loss...
2023-04-09 17:30:06,472 - __main__ - INFO - [INFO] 2023-04-09 17:30:06.471981 Epoch [8/100] batch [1/391] loss 3.9336 lr 0.09879583809693737 acc 23.44% eta 1:50:11
2023-04-09 17:30:32,009 - __main__ - INFO - [INFO] 2023-04-09 17:30:32.009766 Epoch [8/100] batch [129/391] loss 2.9766 lr 0.09879583809693737 acc 29.69% eta 1:42:45
2023-04-09 17:30:57,713 - __main__ - INFO - [INFO] 2023-04-09 17:30:57.713374 Epoch [8/100] batch [257/391] loss 2.9102 lr 0.09879583809693737 acc 30.47% eta 1:42:43
2023-04-09 17:31:23,335 - __main__ - INFO - [INFO] 2023-04-09 17:31:23.335325 Epoch [8/100] batch [385/391] loss 3.1328 lr 0.09879583809693737 acc 22.66% eta 1:42:20
2023-04-09 17:31:24,526 - __main__ - INFO - Computing epoch 8 validation accuracy...
2023-04-09 17:31:29,515 - __main__ - INFO - Computing epoch 8 validation loss...
2023-04-09 17:31:34,777 - __main__ - INFO - [INFO] 2023-04-09 17:31:34.777683 Epoch [9/100] batch [1/391] loss 2.8105 lr 0.09842915805643156 acc 27.34% eta 1:49:16
2023-04-09 17:32:00,726 - __main__ - INFO - [INFO] 2023-04-09 17:32:00.726346 Epoch [9/100] batch [129/391] loss 2.7148 lr 0.09842915805643156 acc 25.78% eta 1:43:21
2023-04-09 17:32:26,589 - __main__ - INFO - [INFO] 2023-04-09 17:32:26.588927 Epoch [9/100] batch [257/391] loss 2.7988 lr 0.09842915805643156 acc 35.94% eta 1:42:40
2023-04-09 17:32:52,166 - __main__ - INFO - [INFO] 2023-04-09 17:32:52.165986 Epoch [9/100] batch [385/391] loss 2.7578 lr 0.09842915805643156 acc 28.91% eta 1:41:53
2023-04-09 17:32:53,353 - __main__ - INFO - Computing epoch 9 validation accuracy...
2023-04-09 17:32:58,259 - __main__ - INFO - Computing epoch 9 validation loss...
2023-04-09 17:33:03,492 - __main__ - INFO - [INFO] 2023-04-09 17:33:03.492682 Epoch [10/100] batch [1/391] loss 3.6895 lr 0.09801468428384716 acc 27.34% eta 1:44:21
2023-04-09 17:33:29,429 - __main__ - INFO - [INFO] 2023-04-09 17:33:29.428907 Epoch [10/100] batch [129/391] loss 2.6191 lr 0.09801468428384716 acc 32.81% eta 1:42:06
2023-04-09 17:33:55,076 - __main__ - INFO - [INFO] 2023-04-09 17:33:55.076383 Epoch [10/100] batch [257/391] loss 2.4668 lr 0.09801468428384716 acc 30.47% eta 1:41:05
2023-04-09 17:34:20,801 - __main__ - INFO - [INFO] 2023-04-09 17:34:20.801516 Epoch [10/100] batch [385/391] loss 2.5801 lr 0.09801468428384716 acc 31.25% eta 1:40:41
2023-04-09 17:34:21,987 - __main__ - INFO - Computing epoch 10 validation accuracy...
2023-04-09 17:34:26,944 - __main__ - INFO - Computing epoch 10 validation loss...
2023-04-09 17:34:32,423 - __main__ - INFO - [INFO] 2023-04-09 17:34:32.423229 Epoch [11/100] batch [1/391] loss 3.5059 lr 0.09755282581475769 acc 31.25% eta 1:44:10
2023-04-09 17:34:58,046 - __main__ - INFO - [INFO] 2023-04-09 17:34:58.045960 Epoch [11/100] batch [129/391] loss 2.4883 lr 0.09755282581475769 acc 35.16% eta 1:39:51
2023-04-09 17:35:23,741 - __main__ - INFO - [INFO] 2023-04-09 17:35:23.741507 Epoch [11/100] batch [257/391] loss 2.4902 lr 0.09755282581475769 acc 34.38% eta 1:39:36
2023-04-09 17:35:49,644 - __main__ - INFO - [INFO] 2023-04-09 17:35:49.643951 Epoch [11/100] batch [385/391] loss 2.7734 lr 0.09755282581475769 acc 23.44% eta 1:39:32
2023-04-09 17:35:50,864 - __main__ - INFO - Computing epoch 11 validation accuracy...
2023-04-09 17:35:56,011 - __main__ - INFO - Computing epoch 11 validation loss...
2023-04-09 17:36:01,333 - __main__ - INFO - [INFO] 2023-04-09 17:36:01.333799 Epoch [12/100] batch [1/391] loss 1.9941 lr 0.09704403844771128 acc 43.75% eta 1:50:18
2023-04-09 17:36:27,193 - __main__ - INFO - [INFO] 2023-04-09 17:36:27.192998 Epoch [12/100] batch [129/391] loss 2.5645 lr 0.09704403844771128 acc 26.56% eta 1:39:37
2023-04-09 17:36:52,874 - __main__ - INFO - [INFO] 2023-04-09 17:36:52.874559 Epoch [12/100] batch [257/391] loss 2.1289 lr 0.09704403844771128 acc 45.31% eta 1:38:52
2023-04-09 17:37:18,339 - __main__ - INFO - [INFO] 2023-04-09 17:37:18.338871 Epoch [12/100] batch [385/391] loss 2.4785 lr 0.09704403844771128 acc 33.59% eta 1:38:05
2023-04-09 17:37:19,527 - __main__ - INFO - Computing epoch 12 validation accuracy...
2023-04-09 17:37:24,337 - __main__ - INFO - Computing epoch 12 validation loss...
2023-04-09 17:37:29,490 - __main__ - INFO - [INFO] 2023-04-09 17:37:29.490314 Epoch [13/100] batch [1/391] loss 3.4961 lr 0.09648882429441258 acc 39.84% eta 1:42:48
2023-04-09 17:37:55,522 - __main__ - INFO - [INFO] 2023-04-09 17:37:55.522584 Epoch [13/100] batch [129/391] loss 2.5586 lr 0.09648882429441258 acc 32.03% eta 1:39:07
2023-04-09 17:38:21,201 - __main__ - INFO - [INFO] 2023-04-09 17:38:21.201238 Epoch [13/100] batch [257/391] loss 2.0547 lr 0.09648882429441258 acc 42.19% eta 1:38:05
2023-04-09 17:38:47,347 - __main__ - INFO - [INFO] 2023-04-09 17:38:47.347171 Epoch [13/100] batch [385/391] loss 2.3984 lr 0.09648882429441258 acc 36.72% eta 1:38:03
2023-04-09 17:38:48,524 - __main__ - INFO - Computing epoch 13 validation accuracy...
2023-04-09 17:38:53,577 - __main__ - INFO - Computing epoch 13 validation loss...
2023-04-09 17:38:58,886 - __main__ - INFO - [INFO] 2023-04-09 17:38:58.886793 Epoch [14/100] batch [1/391] loss 2.3730 lr 0.09588773128419906 acc 39.84% eta 1:53:14
2023-04-09 17:39:24,823 - __main__ - INFO - [INFO] 2023-04-09 17:39:24.822978 Epoch [14/100] batch [129/391] loss 2.1758 lr 0.09588773128419906 acc 32.81% eta 1:37:36
2023-04-09 17:39:50,431 - __main__ - INFO - [INFO] 2023-04-09 17:39:50.431183 Epoch [14/100] batch [257/391] loss 2.2695 lr 0.09588773128419906 acc 35.94% eta 1:36:36
2023-04-09 17:40:16,174 - __main__ - INFO - [INFO] 2023-04-09 17:40:16.174436 Epoch [14/100] batch [385/391] loss 2.2324 lr 0.09588773128419906 acc 39.84% eta 1:36:09
2023-04-09 17:40:17,459 - __main__ - INFO - Computing epoch 14 validation accuracy...
2023-04-09 17:40:22,441 - __main__ - INFO - Computing epoch 14 validation loss...
2023-04-09 17:40:27,726 - __main__ - INFO - [INFO] 2023-04-09 17:40:27.726037 Epoch [15/100] batch [1/391] loss 3.4688 lr 0.09524135262330098 acc 32.03% eta 1:39:51
2023-04-09 17:40:54,256 - __main__ - INFO - [INFO] 2023-04-09 17:40:54.256714 Epoch [15/100] batch [129/391] loss 2.2656 lr 0.09524135262330098 acc 35.16% eta 1:38:42
2023-04-09 17:41:20,704 - __main__ - INFO - [INFO] 2023-04-09 17:41:20.703892 Epoch [15/100] batch [257/391] loss 2.2285 lr 0.09524135262330098 acc 38.28% eta 1:38:09
2023-04-09 17:41:47,317 - __main__ - INFO - [INFO] 2023-04-09 17:41:47.317038 Epoch [15/100] batch [385/391] loss 2.3770 lr 0.09524135262330098 acc 28.91% eta 1:37:51
2023-04-09 17:41:48,551 - __main__ - INFO - Computing epoch 15 validation accuracy...
2023-04-09 17:41:53,617 - __main__ - INFO - Computing epoch 15 validation loss...
2023-04-09 17:41:59,054 - __main__ - INFO - [INFO] 2023-04-09 17:41:59.054116 Epoch [16/100] batch [1/391] loss 3.6250 lr 0.0945503262094184 acc 30.47% eta 1:49:53
2023-04-09 17:42:25,601 - __main__ - INFO - [INFO] 2023-04-09 17:42:25.600744 Epoch [16/100] batch [129/391] loss 2.2539 lr 0.0945503262094184 acc 32.81% eta 1:37:54
2023-04-09 17:42:51,830 - __main__ - INFO - [INFO] 2023-04-09 17:42:51.830351 Epoch [16/100] batch [257/391] loss 2.0742 lr 0.0945503262094184 acc 32.81% eta 1:36:46
2023-04-09 17:43:17,659 - __main__ - INFO - [INFO] 2023-04-09 17:43:17.659182 Epoch [16/100] batch [385/391] loss 2.0977 lr 0.0945503262094184 acc 42.97% eta 1:35:36
2023-04-09 17:43:18,859 - __main__ - INFO - Computing epoch 16 validation accuracy...
2023-04-09 17:43:23,917 - __main__ - INFO - Computing epoch 16 validation loss...
2023-04-09 17:43:29,419 - __main__ - INFO - [INFO] 2023-04-09 17:43:29.419299 Epoch [17/100] batch [1/391] loss 3.4902 lr 0.09381533400219319 acc 28.12% eta 1:41:26
2023-04-09 17:43:55,689 - __main__ - INFO - [INFO] 2023-04-09 17:43:55.689075 Epoch [17/100] batch [129/391] loss 2.1484 lr 0.09381533400219319 acc 40.62% eta 1:35:25
2023-04-09 17:44:21,413 - __main__ - INFO - [INFO] 2023-04-09 17:44:21.412885 Epoch [17/100] batch [257/391] loss 2.0547 lr 0.09381533400219319 acc 52.34% eta 1:34:02
2023-04-09 17:44:46,900 - __main__ - INFO - [INFO] 2023-04-09 17:44:46.900193 Epoch [17/100] batch [385/391] loss 2.0625 lr 0.09381533400219319 acc 40.62% eta 1:33:05
2023-04-09 17:44:48,067 - __main__ - INFO - Computing epoch 17 validation accuracy...
2023-04-09 17:44:52,915 - __main__ - INFO - Computing epoch 17 validation loss...
2023-04-09 17:44:58,134 - __main__ - INFO - [INFO] 2023-04-09 17:44:58.134727 Epoch [18/100] batch [1/391] loss 3.4648 lr 0.0930371013501972 acc 36.72% eta 1:35:56
2023-04-09 17:45:24,164 - __main__ - INFO - [INFO] 2023-04-09 17:45:24.164374 Epoch [18/100] batch [129/391] loss 2.0156 lr 0.0930371013501972 acc 35.94% eta 1:33:29
2023-04-09 17:45:49,678 - __main__ - INFO - [INFO] 2023-04-09 17:45:49.678100 Epoch [18/100] batch [257/391] loss 2.1094 lr 0.0930371013501972 acc 39.84% eta 1:32:10
2023-04-09 17:46:15,271 - __main__ - INFO - [INFO] 2023-04-09 17:46:15.271505 Epoch [18/100] batch [385/391] loss 2.2090 lr 0.0930371013501972 acc 46.88% eta 1:31:34
2023-04-09 17:46:16,465 - __main__ - INFO - Computing epoch 18 validation accuracy...
2023-04-09 17:46:21,333 - __main__ - INFO - Computing epoch 18 validation loss...
2023-04-09 17:46:26,580 - __main__ - INFO - [INFO] 2023-04-09 17:46:26.580554 Epoch [19/100] batch [1/391] loss 1.8330 lr 0.09221639627510078 acc 48.44% eta 1:34:32
2023-04-09 17:46:52,660 - __main__ - INFO - [INFO] 2023-04-09 17:46:52.660213 Epoch [19/100] batch [129/391] loss 2.0098 lr 0.09221639627510078 acc 39.84% eta 1:32:24
2023-04-09 17:47:18,636 - __main__ - INFO - [INFO] 2023-04-09 17:47:18.636646 Epoch [19/100] batch [257/391] loss 1.8662 lr 0.09221639627510078 acc 50.78% eta 1:31:51
2023-04-09 17:47:44,826 - __main__ - INFO - [INFO] 2023-04-09 17:47:44.826148 Epoch [19/100] batch [385/391] loss 2.1055 lr 0.09221639627510078 acc 46.09% eta 1:31:42
2023-04-09 17:47:46,015 - __main__ - INFO - Computing epoch 19 validation accuracy...
2023-04-09 17:47:50,968 - __main__ - INFO - Computing epoch 19 validation loss...
2023-04-09 17:47:56,260 - __main__ - INFO - [INFO] 2023-04-09 17:47:56.260380 Epoch [20/100] batch [1/391] loss 1.8574 lr 0.09135402871372812 acc 41.41% eta 1:32:38
2023-04-09 17:48:22,358 - __main__ - INFO - [INFO] 2023-04-09 17:48:22.358047 Epoch [20/100] batch [129/391] loss 2.2812 lr 0.09135402871372812 acc 37.50% eta 1:31:29
2023-04-09 17:48:49,145 - __main__ - INFO - [INFO] 2023-04-09 17:48:49.145109 Epoch [20/100] batch [257/391] loss 1.8135 lr 0.09135402871372812 acc 48.44% eta 1:32:13
2023-04-09 17:49:15,127 - __main__ - INFO - [INFO] 2023-04-09 17:49:15.127451 Epoch [20/100] batch [385/391] loss 2.2461 lr 0.09135402871372812 acc 44.53% eta 1:31:18
2023-04-09 17:49:16,295 - __main__ - INFO - Computing epoch 20 validation accuracy...
2023-04-09 17:49:21,362 - __main__ - INFO - Computing epoch 20 validation loss...
2023-04-09 17:49:26,787 - __main__ - INFO - [INFO] 2023-04-09 17:49:26.787610 Epoch [21/100] batch [1/391] loss 1.7168 lr 0.09045084971874741 acc 47.66% eta 1:33:49
2023-04-09 17:49:52,980 - __main__ - INFO - [INFO] 2023-04-09 17:49:52.980114 Epoch [21/100] batch [129/391] loss 2.1465 lr 0.09045084971874741 acc 48.44% eta 1:30:33
2023-04-09 17:50:18,897 - __main__ - INFO - [INFO] 2023-04-09 17:50:18.897362 Epoch [21/100] batch [257/391] loss 2.1035 lr 0.09045084971874741 acc 47.66% eta 1:29:44
2023-04-09 17:50:44,963 - __main__ - INFO - [INFO] 2023-04-09 17:50:44.963637 Epoch [21/100] batch [385/391] loss 1.7314 lr 0.09045084971874741 acc 49.22% eta 1:29:21
2023-04-09 17:50:46,248 - __main__ - INFO - Computing epoch 21 validation accuracy...
2023-04-09 17:50:51,407 - __main__ - INFO - Computing epoch 21 validation loss...
2023-04-09 17:50:56,948 - __main__ - INFO - [INFO] 2023-04-09 17:50:56.948026 Epoch [22/100] batch [1/391] loss 1.9697 lr 0.08950775061878455 acc 40.62% eta 1:32:24
2023-04-09 17:51:24,536 - __main__ - INFO - [INFO] 2023-04-09 17:51:24.536467 Epoch [22/100] batch [129/391] loss 2.0645 lr 0.08950775061878455 acc 48.44% eta 1:33:45
2023-04-09 17:51:50,923 - __main__ - INFO - [INFO] 2023-04-09 17:51:50.922814 Epoch [22/100] batch [257/391] loss 1.8105 lr 0.08950775061878455 acc 43.75% eta 1:31:35
2023-04-09 17:52:17,286 - __main__ - INFO - [INFO] 2023-04-09 17:52:17.285514 Epoch [22/100] batch [385/391] loss 2.0820 lr 0.08950775061878455 acc 44.53% eta 1:30:30
2023-04-09 17:52:18,551 - __main__ - INFO - Computing epoch 22 validation accuracy...
2023-04-09 17:52:23,661 - __main__ - INFO - Computing epoch 22 validation loss...
2023-04-09 17:52:29,107 - __main__ - INFO - [INFO] 2023-04-09 17:52:29.107160 Epoch [23/100] batch [1/391] loss 1.8574 lr 0.0885256621387895 acc 47.66% eta 1:37:22
2023-04-09 17:52:55,377 - __main__ - INFO - [INFO] 2023-04-09 17:52:55.376748 Epoch [23/100] batch [129/391] loss 2.0215 lr 0.0885256621387895 acc 44.53% eta 1:28:47
2023-04-09 17:53:22,308 - __main__ - INFO - [INFO] 2023-04-09 17:53:22.307868 Epoch [23/100] batch [257/391] loss 1.9062 lr 0.0885256621387895 acc 45.31% eta 1:29:22
2023-04-09 17:53:48,587 - __main__ - INFO - [INFO] 2023-04-09 17:53:48.587207 Epoch [23/100] batch [385/391] loss 2.1816 lr 0.0885256621387895 acc 37.50% eta 1:28:32
2023-04-09 17:53:49,763 - __main__ - INFO - Computing epoch 23 validation accuracy...
2023-04-09 17:53:54,866 - __main__ - INFO - Computing epoch 23 validation loss...
2023-04-09 17:54:00,365 - __main__ - INFO - [INFO] 2023-04-09 17:54:00.364904 Epoch [24/100] batch [1/391] loss 1.7803 lr 0.08750555348152302 acc 48.44% eta 1:47:28
2023-04-09 17:54:26,517 - __main__ - INFO - [INFO] 2023-04-09 17:54:26.516547 Epoch [24/100] batch [129/391] loss 1.8311 lr 0.08750555348152302 acc 41.41% eta 1:27:17
2023-04-09 17:54:52,793 - __main__ - INFO - [INFO] 2023-04-09 17:54:52.792860 Epoch [24/100] batch [257/391] loss 2.0566 lr 0.08750555348152302 acc 45.31% eta 1:26:54
2023-04-09 17:55:19,282 - __main__ - INFO - [INFO] 2023-04-09 17:55:19.282353 Epoch [24/100] batch [385/391] loss 1.8779 lr 0.08750555348152302 acc 45.31% eta 1:26:47
2023-04-09 17:55:20,466 - __main__ - INFO - Computing epoch 24 validation accuracy...
2023-04-09 17:55:25,426 - __main__ - INFO - Computing epoch 24 validation loss...
2023-04-09 17:55:30,776 - __main__ - INFO - [INFO] 2023-04-09 17:55:30.775822 Epoch [25/100] batch [1/391] loss 3.3574 lr 0.08644843137107061 acc 43.75% eta 1:34:35
2023-04-09 17:55:56,806 - __main__ - INFO - [INFO] 2023-04-09 17:55:56.806511 Epoch [25/100] batch [129/391] loss 1.8037 lr 0.08644843137107061 acc 40.62% eta 1:25:27
2023-04-09 17:56:22,863 - __main__ - INFO - [INFO] 2023-04-09 17:56:22.863374 Epoch [25/100] batch [257/391] loss 2.0723 lr 0.08644843137107061 acc 46.88% eta 1:25:07
2023-04-09 17:56:49,197 - __main__ - INFO - [INFO] 2023-04-09 17:56:49.197302 Epoch [25/100] batch [385/391] loss 1.7354 lr 0.08644843137107061 acc 53.12% eta 1:25:01
2023-04-09 17:56:50,390 - __main__ - INFO - Computing epoch 25 validation accuracy...
2023-04-09 17:56:55,415 - __main__ - INFO - Computing epoch 25 validation loss...
2023-04-09 17:57:00,660 - __main__ - INFO - [INFO] 2023-04-09 17:57:00.660519 Epoch [26/100] batch [1/391] loss 1.7529 lr 0.0853553390593274 acc 51.56% eta 1:28:13
2023-04-09 17:57:26,617 - __main__ - INFO - [INFO] 2023-04-09 17:57:26.616901 Epoch [26/100] batch [129/391] loss 1.8203 lr 0.0853553390593274 acc 42.19% eta 1:24:11
2023-04-09 17:57:52,344 - __main__ - INFO - [INFO] 2023-04-09 17:57:52.344275 Epoch [26/100] batch [257/391] loss 1.6797 lr 0.0853553390593274 acc 51.56% eta 1:23:23
2023-04-09 17:58:17,927 - __main__ - INFO - [INFO] 2023-04-09 17:58:17.927135 Epoch [26/100] batch [385/391] loss 1.6367 lr 0.0853553390593274 acc 45.31% eta 1:22:43
2023-04-09 17:58:19,121 - __main__ - INFO - Computing epoch 26 validation accuracy...
2023-04-09 17:58:24,040 - __main__ - INFO - Computing epoch 26 validation loss...
2023-04-09 17:58:29,459 - __main__ - INFO - [INFO] 2023-04-09 17:58:29.459443 Epoch [27/100] batch [1/391] loss 3.2832 lr 0.08422735529643446 acc 50.00% eta 1:31:02
2023-04-09 17:58:55,705 - __main__ - INFO - [INFO] 2023-04-09 17:58:55.705512 Epoch [27/100] batch [129/391] loss 2.1289 lr 0.08422735529643446 acc 43.75% eta 1:23:56
2023-04-09 17:59:21,205 - __main__ - INFO - [INFO] 2023-04-09 17:59:21.204899 Epoch [27/100] batch [257/391] loss 1.8350 lr 0.08422735529643446 acc 40.62% eta 1:22:18
2023-04-09 17:59:47,626 - __main__ - INFO - [INFO] 2023-04-09 17:59:47.625532 Epoch [27/100] batch [385/391] loss 1.6865 lr 0.08422735529643446 acc 49.22% eta 1:22:29
2023-04-09 17:59:48,811 - __main__ - INFO - Computing epoch 27 validation accuracy...
2023-04-09 17:59:53,852 - __main__ - INFO - Computing epoch 27 validation loss...
2023-04-09 17:59:59,539 - __main__ - INFO - [INFO] 2023-04-09 17:59:59.538924 Epoch [28/100] batch [1/391] loss 1.9619 lr 0.08306559326618262 acc 44.53% eta 1:46:59
2023-04-09 18:00:25,505 - __main__ - INFO - [INFO] 2023-04-09 18:00:25.505653 Epoch [28/100] batch [129/391] loss 1.6787 lr 0.08306559326618262 acc 54.69% eta 1:22:05
2023-04-09 18:00:51,940 - __main__ - INFO - [INFO] 2023-04-09 18:00:51.940345 Epoch [28/100] batch [257/391] loss 1.5947 lr 0.08306559326618262 acc 54.69% eta 1:22:18
2023-04-09 18:01:18,189 - __main__ - INFO - [INFO] 2023-04-09 18:01:18.189527 Epoch [28/100] batch [385/391] loss 1.7744 lr 0.08306559326618262 acc 47.66% eta 1:21:56
2023-04-09 18:01:19,539 - __main__ - INFO - Computing epoch 28 validation accuracy...
2023-04-09 18:01:24,771 - __main__ - INFO - Computing epoch 28 validation loss...
2023-04-09 18:01:30,284 - __main__ - INFO - [INFO] 2023-04-09 18:01:30.284337 Epoch [29/100] batch [1/391] loss 3.2207 lr 0.08187119948743452 acc 42.19% eta 1:24:28
2023-04-09 18:01:56,137 - __main__ - INFO - [INFO] 2023-04-09 18:01:56.136828 Epoch [29/100] batch [129/391] loss 1.6787 lr 0.08187119948743452 acc 48.44% eta 1:20:32
2023-04-09 18:02:22,218 - __main__ - INFO - [INFO] 2023-04-09 18:02:22.218159 Epoch [29/100] batch [257/391] loss 1.6777 lr 0.08187119948743452 acc 52.34% eta 1:20:25
2023-04-09 18:02:48,399 - __main__ - INFO - [INFO] 2023-04-09 18:02:48.399573 Epoch [29/100] batch [385/391] loss 1.8564 lr 0.08187119948743452 acc 48.44% eta 1:20:14
2023-04-09 18:02:49,686 - __main__ - INFO - Computing epoch 29 validation accuracy...
2023-04-09 18:02:54,614 - __main__ - INFO - Computing epoch 29 validation loss...
2023-04-09 18:02:59,958 - __main__ - INFO - [INFO] 2023-04-09 18:02:59.957825 Epoch [30/100] batch [1/391] loss 3.1582 lr 0.08064535268264886 acc 51.56% eta 1:19:56
2023-04-09 18:03:26,587 - __main__ - INFO - [INFO] 2023-04-09 18:03:26.587559 Epoch [30/100] batch [129/391] loss 1.8477 lr 0.08064535268264886 acc 48.44% eta 1:21:33
2023-04-09 18:03:52,469 - __main__ - INFO - [INFO] 2023-04-09 18:03:52.469186 Epoch [30/100] batch [257/391] loss 1.8643 lr 0.08064535268264886 acc 47.66% eta 1:20:07
2023-04-09 18:04:18,418 - __main__ - INFO - [INFO] 2023-04-09 18:04:18.417902 Epoch [30/100] batch [385/391] loss 1.6465 lr 0.08064535268264886 acc 54.69% eta 1:19:23
2023-04-09 18:04:19,592 - __main__ - INFO - Computing epoch 30 validation accuracy...
2023-04-09 18:04:24,602 - __main__ - INFO - Computing epoch 30 validation loss...
2023-04-09 18:04:30,005 - __main__ - INFO - [INFO] 2023-04-09 18:04:30.004101 Epoch [31/100] batch [1/391] loss 3.1387 lr 0.0793892626146237 acc 45.31% eta 1:23:20
2023-04-09 18:04:56,127 - __main__ - INFO - [INFO] 2023-04-09 18:04:56.127804 Epoch [31/100] batch [129/391] loss 1.5342 lr 0.0793892626146237 acc 46.88% eta 1:18:55
2023-04-09 18:05:22,011 - __main__ - INFO - [INFO] 2023-04-09 18:05:22.011215 Epoch [31/100] batch [257/391] loss 2.1152 lr 0.0793892626146237 acc 39.84% eta 1:18:12
2023-04-09 18:05:47,988 - __main__ - INFO - [INFO] 2023-04-09 18:05:47.988379 Epoch [31/100] batch [385/391] loss 1.8857 lr 0.0793892626146237 acc 46.09% eta 1:17:46
2023-04-09 18:05:49,303 - __main__ - INFO - Computing epoch 31 validation accuracy...
2023-04-09 18:05:54,789 - __main__ - INFO - Computing epoch 31 validation loss...
2023-04-09 18:06:00,225 - __main__ - INFO - [INFO] 2023-04-09 18:06:00.225356 Epoch [32/100] batch [1/391] loss 3.1348 lr 0.07810416889260657 acc 38.28% eta 1:23:54
2023-04-09 18:06:26,457 - __main__ - INFO - [INFO] 2023-04-09 18:06:26.457457 Epoch [32/100] batch [129/391] loss 1.8252 lr 0.07810416889260657 acc 47.66% eta 1:18:01
2023-04-09 18:06:52,474 - __main__ - INFO - [INFO] 2023-04-09 18:06:52.474322 Epoch [32/100] batch [257/391] loss 1.6270 lr 0.07810416889260657 acc 53.12% eta 1:17:21
2023-04-09 18:07:18,587 - __main__ - INFO - [INFO] 2023-04-09 18:07:18.587790 Epoch [32/100] batch [385/391] loss 1.7920 lr 0.07810416889260657 acc 49.22% eta 1:16:57
2023-04-09 18:07:19,775 - __main__ - INFO - Computing epoch 32 validation accuracy...
2023-04-09 18:07:24,831 - __main__ - INFO - Computing epoch 32 validation loss...
2023-04-09 18:07:30,188 - __main__ - INFO - [INFO] 2023-04-09 18:07:30.188377 Epoch [33/100] batch [1/391] loss 3.2227 lr 0.07679133974894986 acc 52.34% eta 1:15:42
2023-04-09 18:07:56,064 - __main__ - INFO - [INFO] 2023-04-09 18:07:56.064561 Epoch [33/100] batch [129/391] loss 1.5811 lr 0.07679133974894986 acc 53.12% eta 1:15:50
2023-04-09 18:08:21,730 - __main__ - INFO - [INFO] 2023-04-09 18:08:21.729898 Epoch [33/100] batch [257/391] loss 1.5967 lr 0.07679133974894986 acc 59.38% eta 1:15:11
2023-04-09 18:08:47,873 - __main__ - INFO - [INFO] 2023-04-09 18:08:47.873599 Epoch [33/100] batch [385/391] loss 1.9561 lr 0.07679133974894986 acc 44.53% eta 1:15:09
2023-04-09 18:08:49,062 - __main__ - INFO - Computing epoch 33 validation accuracy...
2023-04-09 18:08:53,968 - __main__ - INFO - Computing epoch 33 validation loss...
2023-04-09 18:08:59,258 - __main__ - INFO - [INFO] 2023-04-09 18:08:59.258631 Epoch [34/100] batch [1/391] loss 2.9980 lr 0.0754520707875186 acc 55.47% eta 1:18:14
2023-04-09 18:09:25,129 - __main__ - INFO - [INFO] 2023-04-09 18:09:25.128941 Epoch [34/100] batch [129/391] loss 2.0664 lr 0.0754520707875186 acc 38.28% eta 1:14:51
2023-04-09 18:09:50,886 - __main__ - INFO - [INFO] 2023-04-09 18:09:50.886578 Epoch [34/100] batch [257/391] loss 1.6543 lr 0.0754520707875186 acc 53.12% eta 1:14:18
2023-04-09 18:10:16,691 - __main__ - INFO - [INFO] 2023-04-09 18:10:16.691065 Epoch [34/100] batch [385/391] loss 1.4736 lr 0.0754520707875186 acc 60.94% eta 1:13:52
2023-04-09 18:10:17,877 - __main__ - INFO - Computing epoch 34 validation accuracy...
2023-04-09 18:10:22,930 - __main__ - INFO - Computing epoch 34 validation loss...
2023-04-09 18:10:28,379 - __main__ - INFO - [INFO] 2023-04-09 18:10:28.379068 Epoch [35/100] batch [1/391] loss 3.0391 lr 0.0740876837050858 acc 45.31% eta 1:35:35
2023-04-09 18:10:54,640 - __main__ - INFO - [INFO] 2023-04-09 18:10:54.639853 Epoch [35/100] batch [129/391] loss 1.8711 lr 0.0740876837050858 acc 43.75% eta 1:14:57
2023-04-09 18:11:20,978 - __main__ - INFO - [INFO] 2023-04-09 18:11:20.977819 Epoch [35/100] batch [257/391] loss 1.7021 lr 0.0740876837050858 acc 50.00% eta 1:14:33
2023-04-09 18:11:47,446 - __main__ - INFO - [INFO] 2023-04-09 18:11:47.446274 Epoch [35/100] batch [385/391] loss 1.6182 lr 0.0740876837050858 acc 44.53% eta 1:14:19
2023-04-09 18:11:48,674 - __main__ - INFO - Computing epoch 35 validation accuracy...
2023-04-09 18:11:53,652 - __main__ - INFO - Computing epoch 35 validation loss...
2023-04-09 18:11:59,059 - __main__ - INFO - [INFO] 2023-04-09 18:11:59.058939 Epoch [36/100] batch [1/391] loss 3.1309 lr 0.07269952498697738 acc 46.09% eta 1:16:20
2023-04-09 18:12:25,172 - __main__ - INFO - [INFO] 2023-04-09 18:12:25.171899 Epoch [36/100] batch [129/391] loss 1.6670 lr 0.07269952498697738 acc 48.44% eta 1:13:20
2023-04-09 18:12:51,141 - __main__ - INFO - [INFO] 2023-04-09 18:12:51.141556 Epoch [36/100] batch [257/391] loss 1.4531 lr 0.07269952498697738 acc 58.59% eta 1:12:40
2023-04-09 18:13:16,847 - __main__ - INFO - [INFO] 2023-04-09 18:13:16.846939 Epoch [36/100] batch [385/391] loss 1.4297 lr 0.07269952498697738 acc 52.34% eta 1:11:58
2023-04-09 18:13:18,020 - __main__ - INFO - Computing epoch 36 validation accuracy...
2023-04-09 18:13:22,949 - __main__ - INFO - Computing epoch 36 validation loss...
2023-04-09 18:13:28,327 - __main__ - INFO - [INFO] 2023-04-09 18:13:28.327275 Epoch [37/100] batch [1/391] loss 1.3682 lr 0.07128896457825366 acc 58.59% eta 1:17:02
2023-04-09 18:13:54,408 - __main__ - INFO - [INFO] 2023-04-09 18:13:54.408294 Epoch [37/100] batch [129/391] loss 1.5928 lr 0.07128896457825366 acc 53.12% eta 1:12:02
2023-04-09 18:14:20,618 - __main__ - INFO - [INFO] 2023-04-09 18:14:20.618723 Epoch [37/100] batch [257/391] loss 1.5977 lr 0.07128896457825366 acc 49.22% eta 1:11:49
2023-04-09 18:14:46,641 - __main__ - INFO - [INFO] 2023-04-09 18:14:46.640981 Epoch [37/100] batch [385/391] loss 1.6768 lr 0.07128896457825366 acc 51.56% eta 1:11:18
2023-04-09 18:14:47,867 - __main__ - INFO - Computing epoch 37 validation accuracy...
2023-04-09 18:14:52,902 - __main__ - INFO - Computing epoch 37 validation loss...
2023-04-09 18:14:58,423 - __main__ - INFO - [INFO] 2023-04-09 18:14:58.423307 Epoch [38/100] batch [1/391] loss 3.0352 lr 0.06985739453173906 acc 55.47% eta 1:10:16
2023-04-09 18:15:24,727 - __main__ - INFO - [INFO] 2023-04-09 18:15:24.727463 Epoch [38/100] batch [129/391] loss 1.6738 lr 0.06985739453173906 acc 47.66% eta 1:11:26
2023-04-09 18:15:50,923 - __main__ - INFO - [INFO] 2023-04-09 18:15:50.923012 Epoch [38/100] batch [257/391] loss 1.4990 lr 0.06985739453173906 acc 55.47% eta 1:10:55
2023-04-09 18:16:16,640 - __main__ - INFO - [INFO] 2023-04-09 18:16:16.640663 Epoch [38/100] batch [385/391] loss 1.4814 lr 0.06985739453173906 acc 52.34% eta 1:10:03
2023-04-09 18:16:17,842 - __main__ - INFO - Computing epoch 38 validation accuracy...
2023-04-09 18:16:22,790 - __main__ - INFO - Computing epoch 38 validation loss...
2023-04-09 18:16:28,112 - __main__ - INFO - [INFO] 2023-04-09 18:16:28.112708 Epoch [39/100] batch [1/391] loss 1.5059 lr 0.06840622763423394 acc 55.47% eta 1:10:59
2023-04-09 18:16:53,726 - __main__ - INFO - [INFO] 2023-04-09 18:16:53.726171 Epoch [39/100] batch [129/391] loss 1.5049 lr 0.06840622763423394 acc 60.94% eta 1:08:32
2023-04-09 18:17:19,509 - __main__ - INFO - [INFO] 2023-04-09 18:17:19.509416 Epoch [39/100] batch [257/391] loss 1.6807 lr 0.06840622763423394 acc 50.78% eta 1:08:19
2023-04-09 18:17:45,412 - __main__ - INFO - [INFO] 2023-04-09 18:17:45.412566 Epoch [39/100] batch [385/391] loss 1.5391 lr 0.06840622763423394 acc 55.47% eta 1:08:08
2023-04-09 18:17:46,593 - __main__ - INFO - Computing epoch 39 validation accuracy...
2023-04-09 18:17:51,625 - __main__ - INFO - Computing epoch 39 validation loss...
2023-04-09 18:17:56,971 - __main__ - INFO - [INFO] 2023-04-09 18:17:56.971229 Epoch [40/100] batch [1/391] loss 1.7305 lr 0.06693689601226462 acc 48.44% eta 1:10:48
2023-04-09 18:18:23,032 - __main__ - INFO - [INFO] 2023-04-09 18:18:23.031862 Epoch [40/100] batch [129/391] loss 1.4756 lr 0.06693689601226462 acc 55.47% eta 1:08:30
2023-04-09 18:18:48,733 - __main__ - INFO - [INFO] 2023-04-09 18:18:48.733383 Epoch [40/100] batch [257/391] loss 1.5449 lr 0.06693689601226462 acc 49.22% eta 1:07:39
2023-04-09 18:19:14,533 - __main__ - INFO - [INFO] 2023-04-09 18:19:14.533271 Epoch [40/100] batch [385/391] loss 1.7500 lr 0.06693689601226462 acc 55.47% eta 1:07:13
2023-04-09 18:19:15,739 - __main__ - INFO - Computing epoch 40 validation accuracy...
2023-04-09 18:19:20,726 - __main__ - INFO - Computing epoch 40 validation loss...
2023-04-09 18:19:26,300 - __main__ - INFO - [INFO] 2023-04-09 18:19:26.299967 Epoch [41/100] batch [1/391] loss 3.0293 lr 0.06545084971874741 acc 60.16% eta 1:12:15
2023-04-09 18:19:52,222 - __main__ - INFO - [INFO] 2023-04-09 18:19:52.222381 Epoch [41/100] batch [129/391] loss 2.0215 lr 0.06545084971874741 acc 42.19% eta 1:06:57
2023-04-09 18:20:17,773 - __main__ - INFO - [INFO] 2023-04-09 18:20:17.773419 Epoch [41/100] batch [257/391] loss 1.4395 lr 0.06545084971874741 acc 55.47% eta 1:06:08
2023-04-09 18:20:43,685 - __main__ - INFO - [INFO] 2023-04-09 18:20:43.685693 Epoch [41/100] batch [385/391] loss 1.4141 lr 0.06545084971874741 acc 50.00% eta 1:05:56
2023-04-09 18:20:44,853 - __main__ - INFO - Computing epoch 41 validation accuracy...
2023-04-09 18:20:49,814 - __main__ - INFO - Computing epoch 41 validation loss...
2023-04-09 18:20:55,238 - __main__ - INFO - [INFO] 2023-04-09 18:20:55.238177 Epoch [42/100] batch [1/391] loss 1.4756 lr 0.06394955530196152 acc 60.94% eta 1:09:22
2023-04-09 18:21:21,075 - __main__ - INFO - [INFO] 2023-04-09 18:21:21.075095 Epoch [42/100] batch [129/391] loss 1.5381 lr 0.06394955530196152 acc 56.25% eta 1:05:53
2023-04-09 18:21:46,984 - __main__ - INFO - [INFO] 2023-04-09 18:21:46.984652 Epoch [42/100] batch [257/391] loss 1.6904 lr 0.06394955530196152 acc 61.72% eta 1:05:28
2023-04-09 18:22:12,932 - __main__ - INFO - [INFO] 2023-04-09 18:22:12.932170 Epoch [42/100] batch [385/391] loss 1.6650 lr 0.06394955530196152 acc 57.81% eta 1:05:09
2023-04-09 18:22:14,144 - __main__ - INFO - Computing epoch 42 validation accuracy...
2023-04-09 18:22:19,149 - __main__ - INFO - Computing epoch 42 validation loss...
2023-04-09 18:22:24,540 - __main__ - INFO - [INFO] 2023-04-09 18:22:24.540738 Epoch [43/100] batch [1/391] loss 1.4590 lr 0.062434494358242776 acc 53.91% eta 1:09:57
2023-04-09 18:22:50,374 - __main__ - INFO - [INFO] 2023-04-09 18:22:50.374224 Epoch [43/100] batch [129/391] loss 1.6943 lr 0.062434494358242776 acc 52.34% eta 1:04:39
2023-04-09 18:23:16,312 - __main__ - INFO - [INFO] 2023-04-09 18:23:16.312216 Epoch [43/100] batch [257/391] loss 1.5723 lr 0.062434494358242776 acc 57.03% eta 1:04:21
2023-04-09 18:23:42,091 - __main__ - INFO - [INFO] 2023-04-09 18:23:42.091016 Epoch [43/100] batch [385/391] loss 1.2969 lr 0.062434494358242776 acc 65.62% eta 1:03:53
2023-04-09 18:23:43,280 - __main__ - INFO - Computing epoch 43 validation accuracy...
2023-04-09 18:23:48,357 - __main__ - INFO - Computing epoch 43 validation loss...
2023-04-09 18:23:53,787 - __main__ - INFO - [INFO] 2023-04-09 18:23:53.786878 Epoch [44/100] batch [1/391] loss 1.4668 lr 0.06090716206982718 acc 56.25% eta 1:06:41
2023-04-09 18:24:20,196 - __main__ - INFO - [INFO] 2023-04-09 18:24:20.196416 Epoch [44/100] batch [129/391] loss 1.2051 lr 0.06090716206982718 acc 61.72% eta 1:04:57
2023-04-09 18:24:46,250 - __main__ - INFO - [INFO] 2023-04-09 18:24:46.250505 Epoch [44/100] batch [257/391] loss 1.6670 lr 0.06090716206982718 acc 45.31% eta 1:04:07
2023-04-09 18:25:11,892 - __main__ - INFO - [INFO] 2023-04-09 18:25:11.892487 Epoch [44/100] batch [385/391] loss 1.3047 lr 0.06090716206982718 acc 64.06% eta 1:03:15
2023-04-09 18:25:13,078 - __main__ - INFO - Computing epoch 44 validation accuracy...
2023-04-09 18:25:18,273 - __main__ - INFO - Computing epoch 44 validation loss...
2023-04-09 18:25:23,555 - __main__ - INFO - [INFO] 2023-04-09 18:25:23.555132 Epoch [45/100] batch [1/391] loss 2.8887 lr 0.05936906572928628 acc 52.34% eta 1:07:46
2023-04-09 18:25:49,611 - __main__ - INFO - [INFO] 2023-04-09 18:25:49.611395 Epoch [45/100] batch [129/391] loss 1.5645 lr 0.05936906572928628 acc 60.16% eta 1:02:58
2023-04-09 18:26:15,826 - __main__ - INFO - [INFO] 2023-04-09 18:26:15.825857 Epoch [45/100] batch [257/391] loss 1.5928 lr 0.05936906572928628 acc 55.47% eta 1:02:42
2023-04-09 18:26:42,237 - __main__ - INFO - [INFO] 2023-04-09 18:26:42.237205 Epoch [45/100] batch [385/391] loss 1.5195 lr 0.05936906572928628 acc 60.94% eta 1:02:30
2023-04-09 18:26:43,447 - __main__ - INFO - Computing epoch 45 validation accuracy...
2023-04-09 18:26:48,568 - __main__ - INFO - Computing epoch 45 validation loss...
2023-04-09 18:26:53,900 - __main__ - INFO - [INFO] 2023-04-09 18:26:53.900006 Epoch [46/100] batch [1/391] loss 2.9492 lr 0.05782172325201159 acc 53.12% eta 1:11:58
2023-04-09 18:27:20,092 - __main__ - INFO - [INFO] 2023-04-09 18:27:20.092672 Epoch [46/100] batch [129/391] loss 1.6953 lr 0.05782172325201159 acc 58.59% eta 1:02:12
2023-04-09 18:27:46,332 - __main__ - INFO - [INFO] 2023-04-09 18:27:46.332102 Epoch [46/100] batch [257/391] loss 1.2559 lr 0.05782172325201159 acc 57.03% eta 1:01:50
2023-04-09 18:28:12,536 - __main__ - INFO - [INFO] 2023-04-09 18:28:12.536577 Epoch [46/100] batch [385/391] loss 1.5713 lr 0.05782172325201159 acc 60.16% eta 1:01:25
2023-04-09 18:28:13,717 - __main__ - INFO - Computing epoch 46 validation accuracy...
2023-04-09 18:28:18,698 - __main__ - INFO - Computing epoch 46 validation loss...
2023-04-09 18:28:24,226 - __main__ - INFO - [INFO] 2023-04-09 18:28:24.226378 Epoch [47/100] batch [1/391] loss 1.5693 lr 0.056266661678215264 acc 54.69% eta 1:03:52
2023-04-09 18:28:50,169 - __main__ - INFO - [INFO] 2023-04-09 18:28:50.169772 Epoch [47/100] batch [129/391] loss 1.3652 lr 0.056266661678215264 acc 58.59% eta 1:00:26
2023-04-09 18:29:16,421 - __main__ - INFO - [INFO] 2023-04-09 18:29:16.421713 Epoch [47/100] batch [257/391] loss 1.4199 lr 0.056266661678215264 acc 54.69% eta 1:00:24
2023-04-09 18:29:43,122 - __main__ - INFO - [INFO] 2023-04-09 18:29:43.121741 Epoch [47/100] batch [385/391] loss 1.4873 lr 0.056266661678215264 acc 47.66% eta 1:00:28
2023-04-09 18:29:44,321 - __main__ - INFO - Computing epoch 47 validation accuracy...
2023-04-09 18:29:49,350 - __main__ - INFO - Computing epoch 47 validation loss...
2023-04-09 18:29:54,959 - __main__ - INFO - [INFO] 2023-04-09 18:29:54.959337 Epoch [48/100] batch [1/391] loss 1.4082 lr 0.05470541566592575 acc 53.12% eta 1:01:55
2023-04-09 18:30:21,265 - __main__ - INFO - [INFO] 2023-04-09 18:30:21.265601 Epoch [48/100] batch [129/391] loss 1.5332 lr 0.05470541566592575 acc 55.47% eta 1:00:08
2023-04-09 18:30:47,499 - __main__ - INFO - [INFO] 2023-04-09 18:30:47.499322 Epoch [48/100] batch [257/391] loss 1.5996 lr 0.05470541566592575 acc 53.91% eta 0:59:37
2023-04-09 18:31:13,623 - __main__ - INFO - [INFO] 2023-04-09 18:31:13.623242 Epoch [48/100] batch [385/391] loss 1.4580 lr 0.05470541566592575 acc 46.88% eta 0:59:06
2023-04-09 18:31:14,798 - __main__ - INFO - Computing epoch 48 validation accuracy...
2023-04-09 18:31:19,838 - __main__ - INFO - Computing epoch 48 validation loss...
2023-04-09 18:31:25,205 - __main__ - INFO - [INFO] 2023-04-09 18:31:25.204860 Epoch [49/100] batch [1/391] loss 1.3008 lr 0.053139525976465714 acc 63.28% eta 0:58:30
2023-04-09 18:31:51,396 - __main__ - INFO - [INFO] 2023-04-09 18:31:51.395868 Epoch [49/100] batch [129/391] loss 1.6230 lr 0.053139525976465714 acc 53.12% eta 0:58:46
2023-04-09 18:32:17,383 - __main__ - INFO - [INFO] 2023-04-09 18:32:17.383728 Epoch [49/100] batch [257/391] loss 1.3408 lr 0.053139525976465714 acc 56.25% eta 0:58:08
2023-04-09 18:32:43,382 - __main__ - INFO - [INFO] 2023-04-09 18:32:43.382348 Epoch [49/100] batch [385/391] loss 1.4248 lr 0.053139525976465714 acc 60.94% eta 0:57:42
2023-04-09 18:32:44,555 - __main__ - INFO - Computing epoch 49 validation accuracy...
2023-04-09 18:32:49,561 - __main__ - INFO - Computing epoch 49 validation loss...
2023-04-09 18:32:54,898 - __main__ - INFO - [INFO] 2023-04-09 18:32:54.897936 Epoch [50/100] batch [1/391] loss 1.4180 lr 0.05157053795390645 acc 49.22% eta 0:59:30
2023-04-09 18:33:20,798 - __main__ - INFO - [INFO] 2023-04-09 18:33:20.798418 Epoch [50/100] batch [129/391] loss 1.2422 lr 0.05157053795390645 acc 60.94% eta 0:56:51
2023-04-09 18:33:46,324 - __main__ - INFO - [INFO] 2023-04-09 18:33:46.324214 Epoch [50/100] batch [257/391] loss 1.1963 lr 0.05157053795390645 acc 54.69% eta 0:56:06
2023-04-09 18:34:12,141 - __main__ - INFO - [INFO] 2023-04-09 18:34:12.141650 Epoch [50/100] batch [385/391] loss 1.3721 lr 0.05157053795390645 acc 61.72% eta 0:55:50
2023-04-09 18:34:13,339 - __main__ - INFO - Computing epoch 50 validation accuracy...
2023-04-09 18:34:18,393 - __main__ - INFO - Computing epoch 50 validation loss...
2023-04-09 18:34:23,918 - __main__ - INFO - [INFO] 2023-04-09 18:34:23.918169 Epoch [51/100] batch [1/391] loss 1.2646 lr 0.05000000000000004 acc 68.75% eta 0:59:45
2023-04-09 18:34:50,014 - __main__ - INFO - [INFO] 2023-04-09 18:34:50.014346 Epoch [51/100] batch [129/391] loss 1.4551 lr 0.05000000000000004 acc 50.78% eta 0:56:12
2023-04-09 18:35:15,998 - __main__ - INFO - [INFO] 2023-04-09 18:35:15.998074 Epoch [51/100] batch [257/391] loss 1.2510 lr 0.05000000000000004 acc 67.19% eta 0:55:41
2023-04-09 18:35:41,947 - __main__ - INFO - [INFO] 2023-04-09 18:35:41.947059 Epoch [51/100] batch [385/391] loss 1.5742 lr 0.05000000000000004 acc 64.06% eta 0:55:15
2023-04-09 18:35:43,132 - __main__ - INFO - Computing epoch 51 validation accuracy...
2023-04-09 18:35:48,243 - __main__ - INFO - Computing epoch 51 validation loss...
2023-04-09 18:35:53,686 - __main__ - INFO - [INFO] 2023-04-09 18:35:53.685870 Epoch [52/100] batch [1/391] loss 1.1719 lr 0.04842946204609362 acc 66.41% eta 0:55:14
2023-04-09 18:36:19,526 - __main__ - INFO - [INFO] 2023-04-09 18:36:19.526624 Epoch [52/100] batch [129/391] loss 1.6992 lr 0.04842946204609362 acc 56.25% eta 0:54:33
2023-04-09 18:36:45,489 - __main__ - INFO - [INFO] 2023-04-09 18:36:45.489079 Epoch [52/100] batch [257/391] loss 1.4219 lr 0.04842946204609362 acc 58.59% eta 0:54:17
2023-04-09 18:37:11,678 - __main__ - INFO - [INFO] 2023-04-09 18:37:11.677809 Epoch [52/100] batch [385/391] loss 1.5879 lr 0.04842946204609362 acc 54.69% eta 0:54:06
2023-04-09 18:37:12,823 - __main__ - INFO - Computing epoch 52 validation accuracy...
2023-04-09 18:37:17,782 - __main__ - INFO - Computing epoch 52 validation loss...
2023-04-09 18:37:23,261 - __main__ - INFO - [INFO] 2023-04-09 18:37:23.261630 Epoch [53/100] batch [1/391] loss 2.9297 lr 0.04686047402353437 acc 52.34% eta 0:56:54
2023-04-09 18:37:49,171 - __main__ - INFO - [INFO] 2023-04-09 18:37:49.170921 Epoch [53/100] batch [129/391] loss 1.0557 lr 0.04686047402353437 acc 67.19% eta 0:53:36
2023-04-09 18:38:15,378 - __main__ - INFO - [INFO] 2023-04-09 18:38:15.377492 Epoch [53/100] batch [257/391] loss 1.5088 lr 0.04686047402353437 acc 53.12% eta 0:53:30
2023-04-09 18:38:41,541 - __main__ - INFO - [INFO] 2023-04-09 18:38:41.541150 Epoch [53/100] batch [385/391] loss 1.4072 lr 0.04686047402353437 acc 59.38% eta 0:53:10
2023-04-09 18:38:42,742 - __main__ - INFO - Computing epoch 53 validation accuracy...
2023-04-09 18:38:47,818 - __main__ - INFO - Computing epoch 53 validation loss...
2023-04-09 18:38:53,216 - __main__ - INFO - [INFO] 2023-04-09 18:38:53.216003 Epoch [54/100] batch [1/391] loss 2.7793 lr 0.045294584334074316 acc 59.38% eta 0:57:37
2023-04-09 18:39:19,467 - __main__ - INFO - [INFO] 2023-04-09 18:39:19.467322 Epoch [54/100] batch [129/391] loss 1.3271 lr 0.045294584334074316 acc 57.03% eta 0:53:11
2023-04-09 18:39:45,592 - __main__ - INFO - [INFO] 2023-04-09 18:39:45.591778 Epoch [54/100] batch [257/391] loss 1.3086 lr 0.045294584334074316 acc 60.16% eta 0:52:35
2023-04-09 18:40:11,558 - __main__ - INFO - [INFO] 2023-04-09 18:40:11.558335 Epoch [54/100] batch [385/391] loss 1.2832 lr 0.045294584334074316 acc 60.94% eta 0:52:02
2023-04-09 18:40:12,756 - __main__ - INFO - Computing epoch 54 validation accuracy...
2023-04-09 18:40:18,026 - __main__ - INFO - Computing epoch 54 validation loss...
2023-04-09 18:40:23,688 - __main__ - INFO - [INFO] 2023-04-09 18:40:23.688670 Epoch [55/100] batch [1/391] loss 2.5547 lr 0.043733338321784825 acc 62.50% eta 0:59:03
2023-04-09 18:40:50,283 - __main__ - INFO - [INFO] 2023-04-09 18:40:50.283549 Epoch [55/100] batch [129/391] loss 1.3174 lr 0.043733338321784825 acc 60.16% eta 0:52:43
2023-04-09 18:41:15,959 - __main__ - INFO - [INFO] 2023-04-09 18:41:15.958882 Epoch [55/100] batch [257/391] loss 1.3428 lr 0.043733338321784825 acc 63.28% eta 0:51:24
2023-04-09 18:41:42,278 - __main__ - INFO - [INFO] 2023-04-09 18:41:42.278145 Epoch [55/100] batch [385/391] loss 1.3281 lr 0.043733338321784825 acc 57.03% eta 0:51:08
2023-04-09 18:41:43,478 - __main__ - INFO - Computing epoch 55 validation accuracy...
2023-04-09 18:41:48,607 - __main__ - INFO - Computing epoch 55 validation loss...
2023-04-09 18:41:54,193 - __main__ - INFO - [INFO] 2023-04-09 18:41:54.193559 Epoch [56/100] batch [1/391] loss 1.1143 lr 0.042178276747988484 acc 65.62% eta 0:54:22
2023-04-09 18:42:20,456 - __main__ - INFO - [INFO] 2023-04-09 18:42:20.455956 Epoch [56/100] batch [129/391] loss 1.4854 lr 0.042178276747988484 acc 61.72% eta 0:50:55
2023-04-09 18:42:46,850 - __main__ - INFO - [INFO] 2023-04-09 18:42:46.849974 Epoch [56/100] batch [257/391] loss 1.4453 lr 0.042178276747988484 acc 61.72% eta 0:50:36
2023-04-09 18:43:12,979 - __main__ - INFO - [INFO] 2023-04-09 18:43:12.979368 Epoch [56/100] batch [385/391] loss 1.1992 lr 0.042178276747988484 acc 59.38% eta 0:50:05
2023-04-09 18:43:14,226 - __main__ - INFO - Computing epoch 56 validation accuracy...
2023-04-09 18:43:19,259 - __main__ - INFO - Computing epoch 56 validation loss...
2023-04-09 18:43:24,728 - __main__ - INFO - [INFO] 2023-04-09 18:43:24.728804 Epoch [57/100] batch [1/391] loss 2.6777 lr 0.0406309342707138 acc 65.62% eta 0:50:45
2023-04-09 18:43:50,975 - __main__ - INFO - [INFO] 2023-04-09 18:43:50.974981 Epoch [57/100] batch [129/391] loss 1.3701 lr 0.0406309342707138 acc 54.69% eta 0:49:39
2023-04-09 18:44:17,209 - __main__ - INFO - [INFO] 2023-04-09 18:44:17.209273 Epoch [57/100] batch [257/391] loss 1.1904 lr 0.0406309342707138 acc 60.16% eta 0:49:17
2023-04-09 18:44:43,276 - __main__ - INFO - [INFO] 2023-04-09 18:44:43.276586 Epoch [57/100] batch [385/391] loss 1.2822 lr 0.0406309342707138 acc 58.59% eta 0:48:47
2023-04-09 18:44:44,435 - __main__ - INFO - Computing epoch 57 validation accuracy...
2023-04-09 18:44:49,634 - __main__ - INFO - Computing epoch 57 validation loss...
2023-04-09 18:44:55,068 - __main__ - INFO - [INFO] 2023-04-09 18:44:55.068118 Epoch [58/100] batch [1/391] loss 1.1299 lr 0.039092837930172916 acc 66.41% eta 0:51:15
2023-04-09 18:45:21,084 - __main__ - INFO - [INFO] 2023-04-09 18:45:21.084269 Epoch [58/100] batch [129/391] loss 1.2842 lr 0.039092837930172916 acc 56.25% eta 0:48:12
2023-04-09 18:45:47,093 - __main__ - INFO - [INFO] 2023-04-09 18:45:47.093424 Epoch [58/100] batch [257/391] loss 1.1475 lr 0.039092837930172916 acc 67.19% eta 0:47:46
2023-04-09 18:46:13,010 - __main__ - INFO - [INFO] 2023-04-09 18:46:13.009696 Epoch [58/100] batch [385/391] loss 1.2969 lr 0.039092837930172916 acc 62.50% eta 0:47:19
2023-04-09 18:46:14,204 - __main__ - INFO - Computing epoch 58 validation accuracy...
2023-04-09 18:46:19,168 - __main__ - INFO - Computing epoch 58 validation loss...
2023-04-09 18:46:24,489 - __main__ - INFO - [INFO] 2023-04-09 18:46:24.489311 Epoch [59/100] batch [1/391] loss 0.8750 lr 0.037565505641757285 acc 75.00% eta 0:48:01
2023-04-09 18:46:50,283 - __main__ - INFO - [INFO] 2023-04-09 18:46:50.283660 Epoch [59/100] batch [129/391] loss 1.3086 lr 0.037565505641757285 acc 65.62% eta 0:46:39
2023-04-09 18:47:16,689 - __main__ - INFO - [INFO] 2023-04-09 18:47:16.689552 Epoch [59/100] batch [257/391] loss 1.4766 lr 0.037565505641757285 acc 61.72% eta 0:46:47
2023-04-09 18:47:42,950 - __main__ - INFO - [INFO] 2023-04-09 18:47:42.950419 Epoch [59/100] batch [385/391] loss 1.4326 lr 0.037565505641757285 acc 64.84% eta 0:46:30
2023-04-09 18:47:44,128 - __main__ - INFO - Computing epoch 59 validation accuracy...
2023-04-09 18:47:49,382 - __main__ - INFO - Computing epoch 59 validation loss...
2023-04-09 18:47:54,785 - __main__ - INFO - [INFO] 2023-04-09 18:47:54.785236 Epoch [60/100] batch [1/391] loss 1.1309 lr 0.03605044469803857 acc 66.41% eta 0:46:46
2023-04-09 18:48:20,807 - __main__ - INFO - [INFO] 2023-04-09 18:48:20.807759 Epoch [60/100] batch [129/391] loss 1.3301 lr 0.03605044469803857 acc 58.59% eta 0:45:54
2023-04-09 18:48:46,507 - __main__ - INFO - [INFO] 2023-04-09 18:48:46.507722 Epoch [60/100] batch [257/391] loss 1.3652 lr 0.03605044469803857 acc 60.94% eta 0:45:14
2023-04-09 18:49:12,732 - __main__ - INFO - [INFO] 2023-04-09 18:49:12.732168 Epoch [60/100] batch [385/391] loss 1.1475 lr 0.03605044469803857 acc 67.97% eta 0:45:03
2023-04-09 18:49:13,910 - __main__ - INFO - Computing epoch 60 validation accuracy...
2023-04-09 18:49:18,981 - __main__ - INFO - Computing epoch 60 validation loss...
2023-04-09 18:49:24,310 - __main__ - INFO - [INFO] 2023-04-09 18:49:24.310371 Epoch [61/100] batch [1/391] loss 2.5449 lr 0.034549150281252675 acc 65.62% eta 0:46:35
2023-04-09 18:49:50,132 - __main__ - INFO - [INFO] 2023-04-09 18:49:50.132673 Epoch [61/100] batch [129/391] loss 1.3115 lr 0.034549150281252675 acc 60.94% eta 0:44:23
2023-04-09 18:50:15,973 - __main__ - INFO - [INFO] 2023-04-09 18:50:15.972950 Epoch [61/100] batch [257/391] loss 1.1641 lr 0.034549150281252675 acc 67.97% eta 0:44:03
2023-04-09 18:50:42,170 - __main__ - INFO - [INFO] 2023-04-09 18:50:42.169394 Epoch [61/100] batch [385/391] loss 1.1572 lr 0.034549150281252675 acc 60.16% eta 0:43:52
2023-04-09 18:50:43,468 - __main__ - INFO - Computing epoch 61 validation accuracy...
2023-04-09 18:50:48,546 - __main__ - INFO - Computing epoch 61 validation loss...
2023-04-09 18:50:53,973 - __main__ - INFO - [INFO] 2023-04-09 18:50:53.972776 Epoch [62/100] batch [1/391] loss 2.4707 lr 0.03306310398773546 acc 66.41% eta 0:44:52
2023-04-09 18:51:19,936 - __main__ - INFO - [INFO] 2023-04-09 18:51:19.935934 Epoch [62/100] batch [129/391] loss 1.1006 lr 0.03306310398773546 acc 63.28% eta 0:43:34
2023-04-09 18:51:45,990 - __main__ - INFO - [INFO] 2023-04-09 18:51:45.990705 Epoch [62/100] batch [257/391] loss 0.9629 lr 0.03306310398773546 acc 75.78% eta 0:43:15
2023-04-09 18:52:11,839 - __main__ - INFO - [INFO] 2023-04-09 18:52:11.839715 Epoch [62/100] batch [385/391] loss 1.0674 lr 0.03306310398773546 acc 69.53% eta 0:42:45
2023-04-09 18:52:13,010 - __main__ - INFO - Computing epoch 62 validation accuracy...
2023-04-09 18:52:17,978 - __main__ - INFO - Computing epoch 62 validation loss...
2023-04-09 18:52:23,587 - __main__ - INFO - [INFO] 2023-04-09 18:52:23.587615 Epoch [63/100] batch [1/391] loss 1.0830 lr 0.031593772365766146 acc 64.84% eta 0:49:29
2023-04-09 18:52:49,922 - __main__ - INFO - [INFO] 2023-04-09 18:52:49.922725 Epoch [63/100] batch [129/391] loss 1.0225 lr 0.031593772365766146 acc 71.09% eta 0:43:03
2023-04-09 18:53:16,268 - __main__ - INFO - [INFO] 2023-04-09 18:53:16.268596 Epoch [63/100] batch [257/391] loss 1.2031 lr 0.031593772365766146 acc 70.31% eta 0:42:39
2023-04-09 18:53:42,574 - __main__ - INFO - [INFO] 2023-04-09 18:53:42.574780 Epoch [63/100] batch [385/391] loss 1.1543 lr 0.031593772365766146 acc 69.53% eta 0:42:15
2023-04-09 18:53:43,774 - __main__ - INFO - Computing epoch 63 validation accuracy...
2023-04-09 18:53:48,877 - __main__ - INFO - Computing epoch 63 validation loss...
2023-04-09 18:53:54,314 - __main__ - INFO - [INFO] 2023-04-09 18:53:54.314269 Epoch [64/100] batch [1/391] loss 2.4590 lr 0.030142605468260992 acc 60.16% eta 0:53:51
2023-04-09 18:54:20,965 - __main__ - INFO - [INFO] 2023-04-09 18:54:20.965510 Epoch [64/100] batch [129/391] loss 1.2041 lr 0.030142605468260992 acc 67.97% eta 0:42:26
2023-04-09 18:54:47,238 - __main__ - INFO - [INFO] 2023-04-09 18:54:47.238400 Epoch [64/100] batch [257/391] loss 1.1768 lr 0.030142605468260992 acc 61.72% eta 0:41:43
2023-04-09 18:55:13,397 - __main__ - INFO - [INFO] 2023-04-09 18:55:13.396737 Epoch [64/100] batch [385/391] loss 0.9365 lr 0.030142605468260992 acc 71.88% eta 0:41:11
2023-04-09 18:55:14,572 - __main__ - INFO - Computing epoch 64 validation accuracy...
2023-04-09 18:55:19,710 - __main__ - INFO - Computing epoch 64 validation loss...
2023-04-09 18:55:25,169 - __main__ - INFO - [INFO] 2023-04-09 18:55:25.169156 Epoch [65/100] batch [1/391] loss 1.1836 lr 0.028711035421746394 acc 64.84% eta 0:41:37
2023-04-09 18:55:51,057 - __main__ - INFO - [INFO] 2023-04-09 18:55:51.057136 Epoch [65/100] batch [129/391] loss 1.2686 lr 0.028711035421746394 acc 64.06% eta 0:39:59
2023-04-09 18:56:17,445 - __main__ - INFO - [INFO] 2023-04-09 18:56:17.444860 Epoch [65/100] batch [257/391] loss 1.0947 lr 0.028711035421746394 acc 71.09% eta 0:40:00
2023-04-09 18:56:43,782 - __main__ - INFO - [INFO] 2023-04-09 18:56:43.781863 Epoch [65/100] batch [385/391] loss 0.9941 lr 0.028711035421746394 acc 71.09% eta 0:39:44
2023-04-09 18:56:44,975 - __main__ - INFO - Computing epoch 65 validation accuracy...
2023-04-09 18:56:50,045 - __main__ - INFO - Computing epoch 65 validation loss...
2023-04-09 18:56:55,546 - __main__ - INFO - [INFO] 2023-04-09 18:56:55.546506 Epoch [66/100] batch [1/391] loss 2.3027 lr 0.027300475013022688 acc 66.41% eta 0:41:16
2023-04-09 18:57:21,924 - __main__ - INFO - [INFO] 2023-04-09 18:57:21.924293 Epoch [66/100] batch [129/391] loss 1.0996 lr 0.027300475013022688 acc 71.09% eta 0:39:42
2023-04-09 18:57:47,951 - __main__ - INFO - [INFO] 2023-04-09 18:57:47.951103 Epoch [66/100] batch [257/391] loss 1.1924 lr 0.027300475013022688 acc 71.09% eta 0:39:02
2023-04-09 18:58:14,293 - __main__ - INFO - [INFO] 2023-04-09 18:58:14.292426 Epoch [66/100] batch [385/391] loss 0.9673 lr 0.027300475013022688 acc 74.22% eta 0:38:43
2023-04-09 18:58:15,520 - __main__ - INFO - Computing epoch 66 validation accuracy...
2023-04-09 18:58:20,548 - __main__ - INFO - Computing epoch 66 validation loss...
2023-04-09 18:58:25,991 - __main__ - INFO - [INFO] 2023-04-09 18:58:25.991390 Epoch [67/100] batch [1/391] loss 2.4043 lr 0.025912316294914254 acc 64.06% eta 0:38:35
2023-04-09 18:58:51,748 - __main__ - INFO - [INFO] 2023-04-09 18:58:51.747938 Epoch [67/100] batch [129/391] loss 1.3115 lr 0.025912316294914254 acc 64.06% eta 0:37:38
2023-04-09 18:59:17,972 - __main__ - INFO - [INFO] 2023-04-09 18:59:17.972807 Epoch [67/100] batch [257/391] loss 1.0186 lr 0.025912316294914254 acc 71.09% eta 0:37:32
2023-04-09 18:59:44,128 - __main__ - INFO - [INFO] 2023-04-09 18:59:44.127953 Epoch [67/100] batch [385/391] loss 0.8950 lr 0.025912316294914254 acc 73.44% eta 0:37:14
2023-04-09 18:59:45,357 - __main__ - INFO - Computing epoch 67 validation accuracy...
2023-04-09 18:59:50,979 - __main__ - INFO - Computing epoch 67 validation loss...
2023-04-09 18:59:57,008 - __main__ - INFO - [INFO] 2023-04-09 18:59:57.008931 Epoch [68/100] batch [1/391] loss 2.3574 lr 0.02454792921248146 acc 69.53% eta 0:39:29
2023-04-09 19:00:22,902 - __main__ - INFO - [INFO] 2023-04-09 19:00:22.902568 Epoch [68/100] batch [129/391] loss 0.8408 lr 0.02454792921248146 acc 75.00% eta 0:36:42
2023-04-09 19:00:49,121 - __main__ - INFO - [INFO] 2023-04-09 19:00:49.120956 Epoch [68/100] batch [257/391] loss 1.0225 lr 0.02454792921248146 acc 69.53% eta 0:36:31
2023-04-09 19:01:15,122 - __main__ - INFO - [INFO] 2023-04-09 19:01:15.122486 Epoch [68/100] batch [385/391] loss 1.1455 lr 0.02454792921248146 acc 67.97% eta 0:36:07
2023-04-09 19:01:16,286 - __main__ - INFO - Computing epoch 68 validation accuracy...
2023-04-09 19:01:21,251 - __main__ - INFO - Computing epoch 68 validation loss...
2023-04-09 19:01:26,604 - __main__ - INFO - [INFO] 2023-04-09 19:01:26.604442 Epoch [69/100] batch [1/391] loss 2.2520 lr 0.02320866025105018 acc 67.97% eta 0:40:20
2023-04-09 19:01:52,471 - __main__ - INFO - [INFO] 2023-04-09 19:01:52.471045 Epoch [69/100] batch [129/391] loss 1.1475 lr 0.02320866025105018 acc 63.28% eta 0:35:30
2023-04-09 19:02:18,515 - __main__ - INFO - [INFO] 2023-04-09 19:02:18.515155 Epoch [69/100] batch [257/391] loss 0.9961 lr 0.02320866025105018 acc 75.00% eta 0:35:15
2023-04-09 19:02:44,626 - __main__ - INFO - [INFO] 2023-04-09 19:02:44.625456 Epoch [69/100] batch [385/391] loss 1.1045 lr 0.02320866025105018 acc 67.19% eta 0:34:56
2023-04-09 19:02:45,824 - __main__ - INFO - Computing epoch 69 validation accuracy...
2023-04-09 19:02:50,938 - __main__ - INFO - Computing epoch 69 validation loss...
2023-04-09 19:02:56,362 - __main__ - INFO - [INFO] 2023-04-09 19:02:56.362568 Epoch [70/100] batch [1/391] loss 1.0645 lr 0.021895831107393487 acc 64.06% eta 0:37:13
2023-04-09 19:03:22,167 - __main__ - INFO - [INFO] 2023-04-09 19:03:22.167629 Epoch [70/100] batch [129/391] loss 1.1035 lr 0.021895831107393487 acc 69.53% eta 0:34:20
2023-04-09 19:03:48,148 - __main__ - INFO - [INFO] 2023-04-09 19:03:48.147818 Epoch [70/100] batch [257/391] loss 1.1455 lr 0.021895831107393487 acc 60.16% eta 0:34:02
2023-04-09 19:04:13,932 - __main__ - INFO - [INFO] 2023-04-09 19:04:13.931989 Epoch [70/100] batch [385/391] loss 0.9067 lr 0.021895831107393487 acc 73.44% eta 0:33:38
2023-04-09 19:04:15,105 - __main__ - INFO - Computing epoch 70 validation accuracy...
2023-04-09 19:04:20,201 - __main__ - INFO - Computing epoch 70 validation loss...
2023-04-09 19:04:25,644 - __main__ - INFO - [INFO] 2023-04-09 19:04:25.644097 Epoch [71/100] batch [1/391] loss 2.3301 lr 0.02061073738537637 acc 67.19% eta 0:38:21
2023-04-09 19:04:51,743 - __main__ - INFO - [INFO] 2023-04-09 19:04:51.743113 Epoch [71/100] batch [129/391] loss 0.8560 lr 0.02061073738537637 acc 80.47% eta 0:33:38
2023-04-09 19:05:18,175 - __main__ - INFO - [INFO] 2023-04-09 19:05:18.175698 Epoch [71/100] batch [257/391] loss 0.8301 lr 0.02061073738537637 acc 77.34% eta 0:33:25
2023-04-09 19:05:44,187 - __main__ - INFO - [INFO] 2023-04-09 19:05:44.187269 Epoch [71/100] batch [385/391] loss 0.8901 lr 0.02061073738537637 acc 76.56% eta 0:32:55
2023-04-09 19:05:45,342 - __main__ - INFO - Computing epoch 71 validation accuracy...
2023-04-09 19:05:50,378 - __main__ - INFO - Computing epoch 71 validation loss...
2023-04-09 19:05:55,719 - __main__ - INFO - [INFO] 2023-04-09 19:05:55.719113 Epoch [72/100] batch [1/391] loss 0.7554 lr 0.01935464731735119 acc 76.56% eta 0:34:48
2023-04-09 19:06:21,977 - __main__ - INFO - [INFO] 2023-04-09 19:06:21.977510 Epoch [72/100] batch [129/391] loss 1.0430 lr 0.01935464731735119 acc 70.31% eta 0:32:40
2023-04-09 19:06:48,086 - __main__ - INFO - [INFO] 2023-04-09 19:06:48.085859 Epoch [72/100] batch [257/391] loss 0.8955 lr 0.01935464731735119 acc 79.69% eta 0:32:10
2023-04-09 19:07:14,427 - __main__ - INFO - [INFO] 2023-04-09 19:07:14.427052 Epoch [72/100] batch [385/391] loss 0.9653 lr 0.01935464731735119 acc 65.62% eta 0:31:50
2023-04-09 19:07:15,597 - __main__ - INFO - Computing epoch 72 validation accuracy...
2023-04-09 19:07:20,611 - __main__ - INFO - Computing epoch 72 validation loss...
2023-04-09 19:07:25,915 - __main__ - INFO - [INFO] 2023-04-09 19:07:25.915427 Epoch [73/100] batch [1/391] loss 0.7734 lr 0.018128800512565532 acc 81.25% eta 0:33:03
2023-04-09 19:07:51,817 - __main__ - INFO - [INFO] 2023-04-09 19:07:51.817436 Epoch [73/100] batch [129/391] loss 0.7358 lr 0.018128800512565532 acc 76.56% eta 0:31:05
2023-04-09 19:08:17,722 - __main__ - INFO - [INFO] 2023-04-09 19:08:17.722366 Epoch [73/100] batch [257/391] loss 0.7949 lr 0.018128800512565532 acc 82.03% eta 0:30:41
2023-04-09 19:08:43,460 - __main__ - INFO - [INFO] 2023-04-09 19:08:43.460163 Epoch [73/100] batch [385/391] loss 0.7915 lr 0.018128800512565532 acc 76.56% eta 0:30:15
2023-04-09 19:08:44,646 - __main__ - INFO - Computing epoch 73 validation accuracy...
2023-04-09 19:08:49,590 - __main__ - INFO - Computing epoch 73 validation loss...
2023-04-09 19:08:54,920 - __main__ - INFO - [INFO] 2023-04-09 19:08:54.920065 Epoch [74/100] batch [1/391] loss 0.6748 lr 0.016934406733817433 acc 81.25% eta 0:30:52
2023-04-09 19:09:20,963 - __main__ - INFO - [INFO] 2023-04-09 19:09:20.963140 Epoch [74/100] batch [129/391] loss 0.8052 lr 0.016934406733817433 acc 78.91% eta 0:30:06
2023-04-09 19:09:46,869 - __main__ - INFO - [INFO] 2023-04-09 19:09:46.868821 Epoch [74/100] batch [257/391] loss 0.7568 lr 0.016934406733817433 acc 79.69% eta 0:29:39
2023-04-09 19:10:13,087 - __main__ - INFO - [INFO] 2023-04-09 19:10:13.087257 Epoch [74/100] batch [385/391] loss 0.9258 lr 0.016934406733817433 acc 69.53% eta 0:29:23
2023-04-09 19:10:14,287 - __main__ - INFO - Computing epoch 74 validation accuracy...
2023-04-09 19:10:19,381 - __main__ - INFO - Computing epoch 74 validation loss...
2023-04-09 19:10:24,853 - __main__ - INFO - [INFO] 2023-04-09 19:10:24.853128 Epoch [75/100] batch [1/391] loss 2.1289 lr 0.01577264470356558 acc 79.69% eta 0:32:04
2023-04-09 19:10:50,696 - __main__ - INFO - [INFO] 2023-04-09 19:10:50.696401 Epoch [75/100] batch [129/391] loss 0.7944 lr 0.01577264470356558 acc 77.34% eta 0:28:46
2023-04-09 19:11:16,694 - __main__ - INFO - [INFO] 2023-04-09 19:11:16.694034 Epoch [75/100] batch [257/391] loss 0.7852 lr 0.01577264470356558 acc 70.31% eta 0:28:27
2023-04-09 19:11:42,609 - __main__ - INFO - [INFO] 2023-04-09 19:11:42.609124 Epoch [75/100] batch [385/391] loss 0.9722 lr 0.01577264470356558 acc 67.97% eta 0:28:04
2023-04-09 19:11:43,782 - __main__ - INFO - Computing epoch 75 validation accuracy...
2023-04-09 19:11:48,788 - __main__ - INFO - Computing epoch 75 validation loss...
2023-04-09 19:11:54,215 - __main__ - INFO - [INFO] 2023-04-09 19:11:54.215697 Epoch [76/100] batch [1/391] loss 0.9424 lr 0.014644660940672643 acc 75.00% eta 0:29:57
2023-04-09 19:12:20,153 - __main__ - INFO - [INFO] 2023-04-09 19:12:20.153263 Epoch [76/100] batch [129/391] loss 0.8989 lr 0.014644660940672643 acc 73.44% eta 0:27:44
2023-04-09 19:12:46,116 - __main__ - INFO - [INFO] 2023-04-09 19:12:46.116105 Epoch [76/100] batch [257/391] loss 0.9390 lr 0.014644660940672643 acc 75.00% eta 0:27:22
2023-04-09 19:13:11,825 - __main__ - INFO - [INFO] 2023-04-09 19:13:11.825102 Epoch [76/100] batch [385/391] loss 0.7534 lr 0.014644660940672643 acc 78.91% eta 0:26:55
2023-04-09 19:13:13,026 - __main__ - INFO - Computing epoch 76 validation accuracy...
2023-04-09 19:13:18,023 - __main__ - INFO - Computing epoch 76 validation loss...
2023-04-09 19:13:23,612 - __main__ - INFO - [INFO] 2023-04-09 19:13:23.611818 Epoch [77/100] batch [1/391] loss 2.0547 lr 0.013551568628929448 acc 78.91% eta 0:28:03
2023-04-09 19:13:49,579 - __main__ - INFO - [INFO] 2023-04-09 19:13:49.579374 Epoch [77/100] batch [129/391] loss 0.7100 lr 0.013551568628929448 acc 83.59% eta 0:26:36
2023-04-09 19:14:15,887 - __main__ - INFO - [INFO] 2023-04-09 19:14:15.887390 Epoch [77/100] batch [257/391] loss 0.6689 lr 0.013551568628929448 acc 79.69% eta 0:26:22
2023-04-09 19:14:42,344 - __main__ - INFO - [INFO] 2023-04-09 19:14:42.344229 Epoch [77/100] batch [385/391] loss 0.7666 lr 0.013551568628929448 acc 77.34% eta 0:26:07
2023-04-09 19:14:43,507 - __main__ - INFO - Computing epoch 77 validation accuracy...
2023-04-09 19:14:48,455 - __main__ - INFO - Computing epoch 77 validation loss...
2023-04-09 19:14:53,915 - __main__ - INFO - [INFO] 2023-04-09 19:14:53.915416 Epoch [78/100] batch [1/391] loss 0.4849 lr 0.012494446518477033 acc 88.28% eta 0:26:14
2023-04-09 19:15:20,257 - __main__ - INFO - [INFO] 2023-04-09 19:15:20.257488 Epoch [78/100] batch [129/391] loss 0.5825 lr 0.012494446518477033 acc 83.59% eta 0:25:49
2023-04-09 19:15:46,027 - __main__ - INFO - [INFO] 2023-04-09 19:15:46.027233 Epoch [78/100] batch [257/391] loss 0.7471 lr 0.012494446518477033 acc 82.03% eta 0:25:13
2023-04-09 19:16:12,290 - __main__ - INFO - [INFO] 2023-04-09 19:16:12.290755 Epoch [78/100] batch [385/391] loss 0.5713 lr 0.012494446518477033 acc 79.69% eta 0:24:54
2023-04-09 19:16:13,478 - __main__ - INFO - Computing epoch 78 validation accuracy...
2023-04-09 19:16:18,556 - __main__ - INFO - Computing epoch 78 validation loss...
2023-04-09 19:16:23,848 - __main__ - INFO - [INFO] 2023-04-09 19:16:23.848121 Epoch [79/100] batch [1/391] loss 0.7485 lr 0.011474337861210555 acc 75.00% eta 0:24:38
2023-04-09 19:16:50,347 - __main__ - INFO - [INFO] 2023-04-09 19:16:50.347799 Epoch [79/100] batch [129/391] loss 0.7241 lr 0.011474337861210555 acc 78.12% eta 0:24:48
2023-04-09 19:17:16,202 - __main__ - INFO - [INFO] 2023-04-09 19:17:16.201913 Epoch [79/100] batch [257/391] loss 0.5532 lr 0.011474337861210555 acc 85.94% eta 0:24:10
2023-04-09 19:17:42,362 - __main__ - INFO - [INFO] 2023-04-09 19:17:42.362650 Epoch [79/100] batch [385/391] loss 0.6846 lr 0.011474337861210555 acc 78.12% eta 0:23:48
2023-04-09 19:17:43,618 - __main__ - INFO - Computing epoch 79 validation accuracy...
2023-04-09 19:17:48,868 - __main__ - INFO - Computing epoch 79 validation loss...
2023-04-09 19:17:54,207 - __main__ - INFO - [INFO] 2023-04-09 19:17:54.207184 Epoch [80/100] batch [1/391] loss 2.0586 lr 0.01049224938121549 acc 81.25% eta 0:24:22
2023-04-09 19:18:20,140 - __main__ - INFO - [INFO] 2023-04-09 19:18:20.139913 Epoch [80/100] batch [129/391] loss 0.5967 lr 0.01049224938121549 acc 77.34% eta 0:23:12
2023-04-09 19:18:46,156 - __main__ - INFO - [INFO] 2023-04-09 19:18:46.156788 Epoch [80/100] batch [257/391] loss 0.7183 lr 0.01049224938121549 acc 80.47% eta 0:22:53
2023-04-09 19:19:12,289 - __main__ - INFO - [INFO] 2023-04-09 19:19:12.289516 Epoch [80/100] batch [385/391] loss 0.4827 lr 0.01049224938121549 acc 84.38% eta 0:22:32
2023-04-09 19:19:13,473 - __main__ - INFO - Computing epoch 80 validation accuracy...
2023-04-09 19:19:18,471 - __main__ - INFO - Computing epoch 80 validation loss...
2023-04-09 19:19:23,912 - __main__ - INFO - [INFO] 2023-04-09 19:19:23.912075 Epoch [81/100] batch [1/391] loss 1.9414 lr 0.009549150281252642 acc 81.25% eta 0:23:45
2023-04-09 19:19:50,591 - __main__ - INFO - [INFO] 2023-04-09 19:19:50.591237 Epoch [81/100] batch [129/391] loss 0.5513 lr 0.009549150281252642 acc 88.28% eta 0:22:44
2023-04-09 19:20:16,656 - __main__ - INFO - [INFO] 2023-04-09 19:20:16.655961 Epoch [81/100] batch [257/391] loss 0.5889 lr 0.009549150281252642 acc 84.38% eta 0:22:05
2023-04-09 19:20:42,866 - __main__ - INFO - [INFO] 2023-04-09 19:20:42.866745 Epoch [81/100] batch [385/391] loss 0.7554 lr 0.009549150281252642 acc 85.94% eta 0:21:39
2023-04-09 19:20:44,081 - __main__ - INFO - Computing epoch 81 validation accuracy...
2023-04-09 19:20:49,180 - __main__ - INFO - Computing epoch 81 validation loss...
2023-04-09 19:20:54,572 - __main__ - INFO - [INFO] 2023-04-09 19:20:54.571892 Epoch [82/100] batch [1/391] loss 1.9619 lr 0.008645971286271922 acc 78.91% eta 0:23:23
2023-04-09 19:21:20,720 - __main__ - INFO - [INFO] 2023-04-09 19:21:20.720188 Epoch [82/100] batch [129/391] loss 0.6436 lr 0.008645971286271922 acc 82.81% eta 0:21:11
2023-04-09 19:21:46,486 - __main__ - INFO - [INFO] 2023-04-09 19:21:46.486325 Epoch [82/100] batch [257/391] loss 0.5054 lr 0.008645971286271922 acc 92.19% eta 0:20:39
2023-04-09 19:22:12,589 - __main__ - INFO - [INFO] 2023-04-09 19:22:12.588944 Epoch [82/100] batch [385/391] loss 0.6382 lr 0.008645971286271922 acc 85.94% eta 0:20:18
2023-04-09 19:22:13,785 - __main__ - INFO - Computing epoch 82 validation accuracy...
2023-04-09 19:22:18,743 - __main__ - INFO - Computing epoch 82 validation loss...
2023-04-09 19:22:24,199 - __main__ - INFO - [INFO] 2023-04-09 19:22:24.199040 Epoch [83/100] batch [1/391] loss 1.9678 lr 0.007783603724899264 acc 79.69% eta 0:23:03
2023-04-09 19:22:50,349 - __main__ - INFO - [INFO] 2023-04-09 19:22:50.349282 Epoch [83/100] batch [129/391] loss 0.6074 lr 0.007783603724899264 acc 80.47% eta 0:20:02
2023-04-09 19:23:16,156 - __main__ - INFO - [INFO] 2023-04-09 19:23:16.156160 Epoch [83/100] batch [257/391] loss 0.5200 lr 0.007783603724899264 acc 85.94% eta 0:19:32
2023-04-09 19:23:42,309 - __main__ - INFO - [INFO] 2023-04-09 19:23:42.309748 Epoch [83/100] batch [385/391] loss 0.7778 lr 0.007783603724899264 acc 82.03% eta 0:19:12
2023-04-09 19:23:43,507 - __main__ - INFO - Computing epoch 83 validation accuracy...
2023-04-09 19:23:48,494 - __main__ - INFO - Computing epoch 83 validation loss...
2023-04-09 19:23:53,924 - __main__ - INFO - [INFO] 2023-04-09 19:23:53.924239 Epoch [84/100] batch [1/391] loss 0.6079 lr 0.006962898649802819 acc 81.25% eta 0:20:38
2023-04-09 19:24:20,614 - __main__ - INFO - [INFO] 2023-04-09 19:24:20.614172 Epoch [84/100] batch [129/391] loss 0.5405 lr 0.006962898649802819 acc 85.94% eta 0:19:16
2023-04-09 19:24:46,974 - __main__ - INFO - [INFO] 2023-04-09 19:24:46.974330 Epoch [84/100] batch [257/391] loss 0.6108 lr 0.006962898649802819 acc 82.03% eta 0:18:47
2023-04-09 19:25:13,232 - __main__ - INFO - [INFO] 2023-04-09 19:25:13.232608 Epoch [84/100] batch [385/391] loss 0.7256 lr 0.006962898649802819 acc 84.38% eta 0:18:20
2023-04-09 19:25:14,417 - __main__ - INFO - Computing epoch 84 validation accuracy...
2023-04-09 19:25:19,426 - __main__ - INFO - Computing epoch 84 validation loss...
2023-04-09 19:25:24,727 - __main__ - INFO - [INFO] 2023-04-09 19:25:24.727728 Epoch [85/100] batch [1/391] loss 0.4956 lr 0.0061846659978068265 acc 83.59% eta 0:19:30
2023-04-09 19:25:50,550 - __main__ - INFO - [INFO] 2023-04-09 19:25:50.550696 Epoch [85/100] batch [129/391] loss 0.6543 lr 0.0061846659978068265 acc 87.50% eta 0:17:32
2023-04-09 19:26:16,671 - __main__ - INFO - [INFO] 2023-04-09 19:26:16.671798 Epoch [85/100] batch [257/391] loss 0.4065 lr 0.0061846659978068265 acc 92.19% eta 0:17:15
2023-04-09 19:26:42,925 - __main__ - INFO - [INFO] 2023-04-09 19:26:42.925692 Epoch [85/100] batch [385/391] loss 0.3606 lr 0.0061846659978068265 acc 90.62% eta 0:16:56
2023-04-09 19:26:44,100 - __main__ - INFO - Computing epoch 85 validation accuracy...
2023-04-09 19:26:49,660 - __main__ - INFO - Computing epoch 85 validation loss...
2023-04-09 19:26:55,201 - __main__ - INFO - [INFO] 2023-04-09 19:26:55.201098 Epoch [86/100] batch [1/391] loss 1.7471 lr 0.005449673790581615 acc 81.25% eta 0:18:22
2023-04-09 19:27:22,002 - __main__ - INFO - [INFO] 2023-04-09 19:27:22.002387 Epoch [86/100] batch [129/391] loss 0.4082 lr 0.005449673790581615 acc 89.84% eta 0:17:02
2023-04-09 19:27:48,176 - __main__ - INFO - [INFO] 2023-04-09 19:27:48.176115 Epoch [86/100] batch [257/391] loss 0.4824 lr 0.005449673790581615 acc 89.06% eta 0:16:27
2023-04-09 19:28:13,941 - __main__ - INFO - [INFO] 2023-04-09 19:28:13.941654 Epoch [86/100] batch [385/391] loss 0.6689 lr 0.005449673790581615 acc 83.59% eta 0:15:56
2023-04-09 19:28:15,149 - __main__ - INFO - Computing epoch 86 validation accuracy...
2023-04-09 19:28:20,121 - __main__ - INFO - Computing epoch 86 validation loss...
2023-04-09 19:28:25,559 - __main__ - INFO - [INFO] 2023-04-09 19:28:25.559184 Epoch [87/100] batch [1/391] loss 0.4741 lr 0.004758647376699036 acc 86.72% eta 0:16:21
2023-04-09 19:28:51,428 - __main__ - INFO - [INFO] 2023-04-09 19:28:51.428803 Epoch [87/100] batch [129/391] loss 0.5132 lr 0.004758647376699036 acc 85.16% eta 0:15:19
2023-04-09 19:29:17,594 - __main__ - INFO - [INFO] 2023-04-09 19:29:17.594316 Epoch [87/100] batch [257/391] loss 0.3733 lr 0.004758647376699036 acc 89.06% eta 0:15:01
2023-04-09 19:29:44,024 - __main__ - INFO - [INFO] 2023-04-09 19:29:44.024662 Epoch [87/100] batch [385/391] loss 0.3428 lr 0.004758647376699036 acc 91.41% eta 0:14:43
2023-04-09 19:29:45,277 - __main__ - INFO - Computing epoch 87 validation accuracy...
2023-04-09 19:29:50,227 - __main__ - INFO - Computing epoch 87 validation loss...
2023-04-09 19:29:55,759 - __main__ - INFO - [INFO] 2023-04-09 19:29:55.759191 Epoch [88/100] batch [1/391] loss 0.4407 lr 0.004112268715800957 acc 89.06% eta 0:15:25
2023-04-09 19:30:22,164 - __main__ - INFO - [INFO] 2023-04-09 19:30:22.164705 Epoch [88/100] batch [129/391] loss 0.3853 lr 0.004112268715800957 acc 89.84% eta 0:14:30
2023-04-09 19:30:48,142 - __main__ - INFO - [INFO] 2023-04-09 19:30:48.141897 Epoch [88/100] batch [257/391] loss 0.5928 lr 0.004112268715800957 acc 83.59% eta 0:14:01
2023-04-09 19:31:14,088 - __main__ - INFO - [INFO] 2023-04-09 19:31:14.088110 Epoch [88/100] batch [385/391] loss 0.4280 lr 0.004112268715800957 acc 85.16% eta 0:13:36
2023-04-09 19:31:15,275 - __main__ - INFO - Computing epoch 88 validation accuracy...
2023-04-09 19:31:20,274 - __main__ - INFO - Computing epoch 88 validation loss...
2023-04-09 19:31:25,619 - __main__ - INFO - [INFO] 2023-04-09 19:31:25.619715 Epoch [89/100] batch [1/391] loss 1.5957 lr 0.003511175705587435 acc 88.28% eta 0:13:21
2023-04-09 19:31:51,463 - __main__ - INFO - [INFO] 2023-04-09 19:31:51.463473 Epoch [89/100] batch [129/391] loss 0.3005 lr 0.003511175705587435 acc 94.53% eta 0:13:05
2023-04-09 19:32:17,470 - __main__ - INFO - [INFO] 2023-04-09 19:32:17.470708 Epoch [89/100] batch [257/391] loss 0.4541 lr 0.003511175705587435 acc 88.28% eta 0:12:44
2023-04-09 19:32:43,446 - __main__ - INFO - [INFO] 2023-04-09 19:32:43.446228 Epoch [89/100] batch [385/391] loss 0.3459 lr 0.003511175705587435 acc 91.41% eta 0:12:22
2023-04-09 19:32:44,624 - __main__ - INFO - Computing epoch 89 validation accuracy...
2023-04-09 19:32:49,846 - __main__ - INFO - Computing epoch 89 validation loss...
2023-04-09 19:32:55,222 - __main__ - INFO - [INFO] 2023-04-09 19:32:55.222487 Epoch [90/100] batch [1/391] loss 1.5693 lr 0.0029559615522887295 acc 91.41% eta 0:12:28
2023-04-09 19:33:21,093 - __main__ - INFO - [INFO] 2023-04-09 19:33:21.093103 Epoch [90/100] batch [129/391] loss 0.3118 lr 0.0029559615522887295 acc 90.62% eta 0:11:58
2023-04-09 19:33:48,139 - __main__ - INFO - [INFO] 2023-04-09 19:33:48.139103 Epoch [90/100] batch [257/391] loss 0.2966 lr 0.0029559615522887295 acc 89.84% eta 0:11:50
2023-04-09 19:34:13,978 - __main__ - INFO - [INFO] 2023-04-09 19:34:13.978256 Epoch [90/100] batch [385/391] loss 0.4639 lr 0.0029559615522887295 acc 89.84% eta 0:11:22
2023-04-09 19:34:15,155 - __main__ - INFO - Computing epoch 90 validation accuracy...
2023-04-09 19:34:20,132 - __main__ - INFO - Computing epoch 90 validation loss...
2023-04-09 19:34:25,580 - __main__ - INFO - [INFO] 2023-04-09 19:34:25.580416 Epoch [91/100] batch [1/391] loss 1.4971 lr 0.0024471741852423253 acc 92.19% eta 0:11:54
2023-04-09 19:34:51,742 - __main__ - INFO - [INFO] 2023-04-09 19:34:51.742288 Epoch [91/100] batch [129/391] loss 0.2852 lr 0.0024471741852423253 acc 93.75% eta 0:10:58
2023-04-09 19:35:17,425 - __main__ - INFO - [INFO] 2023-04-09 19:35:17.425447 Epoch [91/100] batch [257/391] loss 0.2966 lr 0.0024471741852423253 acc 91.41% eta 0:10:30
2023-04-09 19:35:43,378 - __main__ - INFO - [INFO] 2023-04-09 19:35:43.378642 Epoch [91/100] batch [385/391] loss 0.2502 lr 0.0024471741852423253 acc 92.97% eta 0:10:07
2023-04-09 19:35:44,541 - __main__ - INFO - Computing epoch 91 validation accuracy...
2023-04-09 19:35:49,754 - __main__ - INFO - Computing epoch 91 validation loss...
2023-04-09 19:35:55,172 - __main__ - INFO - [INFO] 2023-04-09 19:35:55.172220 Epoch [92/100] batch [1/391] loss 0.3313 lr 0.0019853157161528537 acc 90.62% eta 0:10:33
2023-04-09 19:36:21,141 - __main__ - INFO - [INFO] 2023-04-09 19:36:21.141396 Epoch [92/100] batch [129/391] loss 0.4265 lr 0.0019853157161528537 acc 90.62% eta 0:09:45
2023-04-09 19:36:47,050 - __main__ - INFO - [INFO] 2023-04-09 19:36:47.049846 Epoch [92/100] batch [257/391] loss 0.4006 lr 0.0019853157161528537 acc 92.97% eta 0:09:22
2023-04-09 19:37:12,989 - __main__ - INFO - [INFO] 2023-04-09 19:37:12.989404 Epoch [92/100] batch [385/391] loss 0.4060 lr 0.0019853157161528537 acc 90.62% eta 0:09:00
2023-04-09 19:37:14,201 - __main__ - INFO - Computing epoch 92 validation accuracy...
2023-04-09 19:37:19,260 - __main__ - INFO - Computing epoch 92 validation loss...
2023-04-09 19:37:24,615 - __main__ - INFO - [INFO] 2023-04-09 19:37:24.615363 Epoch [93/100] batch [1/391] loss 1.6230 lr 0.0015708419435684529 acc 89.84% eta 0:09:23
2023-04-09 19:37:50,794 - __main__ - INFO - [INFO] 2023-04-09 19:37:50.794364 Epoch [93/100] batch [129/391] loss 0.2964 lr 0.0015708419435684529 acc 92.19% eta 0:08:41
2023-04-09 19:38:16,576 - __main__ - INFO - [INFO] 2023-04-09 19:38:16.576798 Epoch [93/100] batch [257/391] loss 0.3279 lr 0.0015708419435684529 acc 93.75% eta 0:08:16
2023-04-09 19:38:42,150 - __main__ - INFO - [INFO] 2023-04-09 19:38:42.150295 Epoch [93/100] batch [385/391] loss 0.2927 lr 0.0015708419435684529 acc 93.75% eta 0:07:51
2023-04-09 19:38:43,408 - __main__ - INFO - Computing epoch 93 validation accuracy...
2023-04-09 19:38:48,363 - __main__ - INFO - Computing epoch 93 validation loss...
2023-04-09 19:38:53,660 - __main__ - INFO - [INFO] 2023-04-09 19:38:53.660383 Epoch [94/100] batch [1/391] loss 1.4131 lr 0.0012041619030626347 acc 96.09% eta 0:08:21
2023-04-09 19:39:19,775 - __main__ - INFO - [INFO] 2023-04-09 19:39:19.775310 Epoch [94/100] batch [129/391] loss 0.2593 lr 0.0012041619030626347 acc 92.97% eta 0:07:32
2023-04-09 19:39:45,433 - __main__ - INFO - [INFO] 2023-04-09 19:39:45.433719 Epoch [94/100] batch [257/391] loss 0.2520 lr 0.0012041619030626347 acc 92.97% eta 0:07:07
2023-04-09 19:40:11,271 - __main__ - INFO - [INFO] 2023-04-09 19:40:11.271615 Epoch [94/100] batch [385/391] loss 0.2803 lr 0.0012041619030626347 acc 90.62% eta 0:06:44
2023-04-09 19:40:12,513 - __main__ - INFO - Computing epoch 94 validation accuracy...
2023-04-09 19:40:17,601 - __main__ - INFO - Computing epoch 94 validation loss...
2023-04-09 19:40:23,100 - __main__ - INFO - [INFO] 2023-04-09 19:40:23.100379 Epoch [95/100] batch [1/391] loss 1.4863 lr 0.0008856374635655646 acc 93.75% eta 0:08:30
2023-04-09 19:40:49,133 - __main__ - INFO - [INFO] 2023-04-09 19:40:49.133481 Epoch [95/100] batch [129/391] loss 0.3438 lr 0.0008856374635655646 acc 90.62% eta 0:06:25
2023-04-09 19:41:14,795 - __main__ - INFO - [INFO] 2023-04-09 19:41:14.795321 Epoch [95/100] batch [257/391] loss 0.2854 lr 0.0008856374635655646 acc 90.62% eta 0:05:59
2023-04-09 19:41:40,677 - __main__ - INFO - [INFO] 2023-04-09 19:41:40.677100 Epoch [95/100] batch [385/391] loss 0.2690 lr 0.0008856374635655646 acc 94.53% eta 0:05:37
2023-04-09 19:41:41,841 - __main__ - INFO - Computing epoch 95 validation accuracy...
2023-04-09 19:41:46,857 - __main__ - INFO - Computing epoch 95 validation loss...
2023-04-09 19:41:52,322 - __main__ - INFO - [INFO] 2023-04-09 19:41:52.322166 Epoch [96/100] batch [1/391] loss 0.3003 lr 0.0006155829702431174 acc 89.84% eta 0:05:50
2023-04-09 19:42:18,267 - __main__ - INFO - [INFO] 2023-04-09 19:42:18.267569 Epoch [96/100] batch [129/391] loss 0.2148 lr 0.0006155829702431174 acc 94.53% eta 0:05:15
2023-04-09 19:42:44,127 - __main__ - INFO - [INFO] 2023-04-09 19:42:44.127242 Epoch [96/100] batch [257/391] loss 0.2421 lr 0.0006155829702431174 acc 92.97% eta 0:04:52
2023-04-09 19:43:10,275 - __main__ - INFO - [INFO] 2023-04-09 19:43:10.275741 Epoch [96/100] batch [385/391] loss 0.3018 lr 0.0006155829702431174 acc 91.41% eta 0:04:31
2023-04-09 19:43:11,489 - __main__ - INFO - Computing epoch 96 validation accuracy...
2023-04-09 19:43:16,788 - __main__ - INFO - Computing epoch 96 validation loss...
2023-04-09 19:43:22,184 - __main__ - INFO - [INFO] 2023-04-09 19:43:22.184791 Epoch [97/100] batch [1/391] loss 1.5039 lr 0.00039426493427611206 acc 91.41% eta 0:04:36
2023-04-09 19:43:48,141 - __main__ - INFO - [INFO] 2023-04-09 19:43:48.140828 Epoch [97/100] batch [129/391] loss 0.2583 lr 0.00039426493427611206 acc 92.19% eta 0:04:08
2023-04-09 19:44:14,277 - __main__ - INFO - [INFO] 2023-04-09 19:44:14.277321 Epoch [97/100] batch [257/391] loss 0.2910 lr 0.00039426493427611206 acc 92.97% eta 0:03:46
2023-04-09 19:44:40,096 - __main__ - INFO - [INFO] 2023-04-09 19:44:40.096625 Epoch [97/100] batch [385/391] loss 0.2494 lr 0.00039426493427611206 acc 93.75% eta 0:03:23
2023-04-09 19:44:41,263 - __main__ - INFO - Computing epoch 97 validation accuracy...
2023-04-09 19:44:46,225 - __main__ - INFO - Computing epoch 97 validation loss...
2023-04-09 19:44:51,574 - __main__ - INFO - [INFO] 2023-04-09 19:44:51.574163 Epoch [98/100] batch [1/391] loss 0.3308 lr 0.00022190176984600036 acc 93.75% eta 0:03:26
2023-04-09 19:45:17,729 - __main__ - INFO - [INFO] 2023-04-09 19:45:17.729162 Epoch [98/100] batch [129/391] loss 0.4060 lr 0.00022190176984600036 acc 89.06% eta 0:03:01
2023-04-09 19:45:43,653 - __main__ - INFO - [INFO] 2023-04-09 19:45:43.652904 Epoch [98/100] batch [257/391] loss 0.3147 lr 0.00022190176984600036 acc 88.28% eta 0:02:38
2023-04-09 19:46:09,779 - __main__ - INFO - [INFO] 2023-04-09 19:46:09.779115 Epoch [98/100] batch [385/391] loss 0.2729 lr 0.00022190176984600036 acc 92.97% eta 0:02:16
2023-04-09 19:46:10,937 - __main__ - INFO - Computing epoch 98 validation accuracy...
2023-04-09 19:46:15,883 - __main__ - INFO - Computing epoch 98 validation loss...
2023-04-09 19:46:21,194 - __main__ - INFO - [INFO] 2023-04-09 19:46:21.194571 Epoch [99/100] batch [1/391] loss 0.2059 lr 9.866357858642213e-05 acc 95.31% eta 0:02:18
2023-04-09 19:46:46,899 - __main__ - INFO - [INFO] 2023-04-09 19:46:46.899509 Epoch [99/100] batch [129/391] loss 0.2183 lr 9.866357858642213e-05 acc 94.53% eta 0:01:51
2023-04-09 19:47:12,912 - __main__ - INFO - [INFO] 2023-04-09 19:47:12.912265 Epoch [99/100] batch [257/391] loss 0.1823 lr 9.866357858642213e-05 acc 93.75% eta 0:01:30
2023-04-09 19:47:38,973 - __main__ - INFO - [INFO] 2023-04-09 19:47:38.973644 Epoch [99/100] batch [385/391] loss 0.2905 lr 9.866357858642213e-05 acc 89.84% eta 0:01:08
2023-04-09 19:47:40,173 - __main__ - INFO - Computing epoch 99 validation accuracy...
2023-04-09 19:47:45,169 - __main__ - INFO - Computing epoch 99 validation loss...
2023-04-09 19:47:50,624 - __main__ - INFO - [INFO] 2023-04-09 19:47:50.624605 Epoch [100/100] batch [1/391] loss 1.5127 lr 2.4671981713420017e-05 acc 90.62% eta 0:01:32
2023-04-09 19:48:17,092 - __main__ - INFO - [INFO] 2023-04-09 19:48:17.092722 Epoch [100/100] batch [129/391] loss 0.3076 lr 2.4671981713420017e-05 acc 89.84% eta 0:00:46
2023-04-09 19:48:43,500 - __main__ - INFO - [INFO] 2023-04-09 19:48:43.500480 Epoch [100/100] batch [257/391] loss 0.3484 lr 2.4671981713420017e-05 acc 92.97% eta 0:00:23
2023-04-09 19:49:09,273 - __main__ - INFO - [INFO] 2023-04-09 19:49:09.273211 Epoch [100/100] batch [385/391] loss 0.1713 lr 2.4671981713420017e-05 acc 97.66% eta 0:00:01
2023-04-09 19:49:10,445 - __main__ - INFO - Computing epoch 100 validation accuracy...
2023-04-09 19:49:15,418 - __main__ - INFO - Computing epoch 100 validation loss...
2023-04-09 19:49:20,622 - __main__ - INFO - Reading testing data set cifar100
2023-04-09 19:49:21,357 - __main__ - INFO - Loading trained model...
2023-04-09 19:49:27,767 - __main__ - INFO - Testing acc : 71.8%.
