2023-04-10 01:05:24,097 - __main__ - INFO - 

2023-04-10 01:05:24,097 - __main__ - INFO - ***************
2023-04-10 01:05:24,097 - __main__ - INFO - ** Arguments **
2023-04-10 01:05:24,097 - __main__ - INFO - ***************
2023-04-10 01:05:24,097 - __main__ - INFO - backbone: resnet56
2023-04-10 01:05:24,097 - __main__ - INFO - dataname: cifar10
2023-04-10 01:05:24,097 - __main__ - INFO - drop_method: db
2023-04-10 01:05:24,098 - __main__ - INFO - drop_rate: 0.3
2023-04-10 01:05:24,098 - __main__ - INFO - eval_only: 0
2023-04-10 01:05:24,098 - __main__ - INFO - output_path: checkpoints/cifar10/resnet56/drop_db/rate_0.3/seed2
2023-04-10 01:05:24,098 - __main__ - INFO - part_rate: 0.1
2023-04-10 01:05:24,098 - __main__ - INFO - seed: 2
2023-04-10 01:05:24,098 - __main__ - INFO - weight_decay: 0.0005
2023-04-10 01:05:24,098 - __main__ - INFO - ************
2023-04-10 01:05:24,098 - __main__ - INFO - ** Config **
2023-04-10 01:05:24,098 - __main__ - INFO - ************
2023-04-10 01:05:24,098 - __main__ - INFO - {'DATALOADER': {'PATH': './data', 'DATANAME': 'cifar10', 'BATCH_SIZE': 128, 'NUM_CLASSES': 10}, 'INPUT': {'SIZE': [32, 32], 'PIXEL_MEAN': [0.4914, 0.4822, 0.4465], 'PIXEL_STD': [0.2023, 0.1994, 0.201]}, 'OUTPUT': {'DIR': 'checkpoints/cifar10/resnet56/drop_db/rate_0.3/seed2'}, 'SEED': 2, 'OPTIM': {'LR': 0.1, 'MAX_EPOCH': 100, 'LR_SCHEDULER': 'step', 'LR_MILESTONES': [20, 40, 80, 120, 140], 'LR_DECAY': 0.2, 'PART_RATE': 0.1, 'WEIGHT_DECAY': 0.0005, 'DROP_RATE': 0.3, 'DROP_METHOD': 'db', 'BLOCK_SIZE': 7}, 'MODEL': {'BACKBONE': 'resnet56'}}
2023-04-10 01:05:24,110 - __main__ - INFO - Reading training data set cifar10
2023-04-10 01:05:25,794 - __main__ - INFO - Loading raw model
2023-04-10 01:05:29,373 - __main__ - INFO - 
Saving everything to checkpoints/cifar10/resnet56/drop_db/rate_0.3/seed2
2023-04-10 01:05:29,373 - __main__ - INFO - Start training...
2023-04-10 01:05:34,845 - __main__ - INFO - [INFO] 2023-04-10 01:05:34.845155 Epoch [1/100] batch [1/391] loss 8.0312 lr 0.1 acc 5.47% eta 2 days, 11:13:13
2023-04-10 01:05:52,138 - __main__ - INFO - [INFO] 2023-04-10 01:05:52.137189 Epoch [1/100] batch [129/391] loss 2.2812 lr 0.1 acc 10.94% eta 1:43:34
2023-04-10 01:06:09,295 - __main__ - INFO - [INFO] 2023-04-10 01:06:09.295651 Epoch [1/100] batch [257/391] loss 2.2324 lr 0.1 acc 20.31% eta 1:29:43
2023-04-10 01:06:26,406 - __main__ - INFO - [INFO] 2023-04-10 01:06:26.405869 Epoch [1/100] batch [385/391] loss 2.1250 lr 0.1 acc 21.09% eta 1:24:51
2023-04-10 01:06:27,214 - __main__ - INFO - Computing epoch 1 validation accuracy...
2023-04-10 01:06:31,214 - __main__ - INFO - Computing epoch 1 validation loss...
2023-04-10 01:06:35,348 - __main__ - INFO - [INFO] 2023-04-10 01:06:35.347955 Epoch [2/100] batch [1/391] loss 2.0742 lr 0.09997532801828658 acc 14.84% eta 1:20:06
2023-04-10 01:06:52,584 - __main__ - INFO - [INFO] 2023-04-10 01:06:52.584482 Epoch [2/100] batch [129/391] loss 1.8682 lr 0.09997532801828658 acc 30.47% eta 1:16:02
2023-04-10 01:07:10,076 - __main__ - INFO - [INFO] 2023-04-10 01:07:10.076452 Epoch [2/100] batch [257/391] loss 1.7832 lr 0.09997532801828658 acc 35.16% eta 1:16:20
2023-04-10 01:07:27,079 - __main__ - INFO - [INFO] 2023-04-10 01:07:27.079305 Epoch [2/100] batch [385/391] loss 1.6973 lr 0.09997532801828658 acc 29.69% eta 1:15:29
2023-04-10 01:07:27,845 - __main__ - INFO - Computing epoch 2 validation accuracy...
2023-04-10 01:07:31,631 - __main__ - INFO - Computing epoch 2 validation loss...
2023-04-10 01:07:35,699 - __main__ - INFO - [INFO] 2023-04-10 01:07:35.699547 Epoch [3/100] batch [1/391] loss 1.5947 lr 0.09990133642141358 acc 30.47% eta 1:20:19
2023-04-10 01:07:52,796 - __main__ - INFO - [INFO] 2023-04-10 01:07:52.796664 Epoch [3/100] batch [129/391] loss 1.5918 lr 0.09990133642141358 acc 39.06% eta 1:14:25
2023-04-10 01:08:09,888 - __main__ - INFO - [INFO] 2023-04-10 01:08:09.888469 Epoch [3/100] batch [257/391] loss 1.6357 lr 0.09990133642141358 acc 37.50% eta 1:14:07
2023-04-10 01:08:26,804 - __main__ - INFO - [INFO] 2023-04-10 01:08:26.804716 Epoch [3/100] batch [385/391] loss 1.5078 lr 0.09990133642141358 acc 50.78% eta 1:13:39
2023-04-10 01:08:27,581 - __main__ - INFO - Computing epoch 3 validation accuracy...
2023-04-10 01:08:31,540 - __main__ - INFO - Computing epoch 3 validation loss...
2023-04-10 01:08:35,743 - __main__ - INFO - [INFO] 2023-04-10 01:08:35.743702 Epoch [4/100] batch [1/391] loss 1.3115 lr 0.099778098230154 acc 45.31% eta 1:27:19
2023-04-10 01:08:53,219 - __main__ - INFO - [INFO] 2023-04-10 01:08:53.219413 Epoch [4/100] batch [129/391] loss 1.2490 lr 0.099778098230154 acc 46.09% eta 1:15:27
2023-04-10 01:09:10,339 - __main__ - INFO - [INFO] 2023-04-10 01:09:10.339082 Epoch [4/100] batch [257/391] loss 1.2344 lr 0.099778098230154 acc 47.66% eta 1:14:25
2023-04-10 01:09:27,557 - __main__ - INFO - [INFO] 2023-04-10 01:09:27.557363 Epoch [4/100] batch [385/391] loss 1.1094 lr 0.099778098230154 acc 53.91% eta 1:14:02
2023-04-10 01:09:28,354 - __main__ - INFO - Computing epoch 4 validation accuracy...
2023-04-10 01:09:32,204 - __main__ - INFO - Computing epoch 4 validation loss...
2023-04-10 01:09:36,319 - __main__ - INFO - [INFO] 2023-04-10 01:09:36.319478 Epoch [5/100] batch [1/391] loss 1.2920 lr 0.0996057350657239 acc 46.09% eta 1:18:53
2023-04-10 01:09:53,803 - __main__ - INFO - [INFO] 2023-04-10 01:09:53.803481 Epoch [5/100] batch [129/391] loss 1.4004 lr 0.0996057350657239 acc 54.69% eta 1:14:52
2023-04-10 01:10:10,974 - __main__ - INFO - [INFO] 2023-04-10 01:10:10.974373 Epoch [5/100] batch [257/391] loss 1.0137 lr 0.0996057350657239 acc 61.72% eta 1:13:58
2023-04-10 01:10:28,002 - __main__ - INFO - [INFO] 2023-04-10 01:10:28.002315 Epoch [5/100] batch [385/391] loss 1.0859 lr 0.0996057350657239 acc 67.19% eta 1:13:13
2023-04-10 01:10:28,791 - __main__ - INFO - Computing epoch 5 validation accuracy...
2023-04-10 01:10:32,737 - __main__ - INFO - Computing epoch 5 validation loss...
2023-04-10 01:10:36,906 - __main__ - INFO - [INFO] 2023-04-10 01:10:36.906648 Epoch [6/100] batch [1/391] loss 1.1230 lr 0.09938441702975688 acc 56.25% eta 1:17:21
2023-04-10 01:10:54,409 - __main__ - INFO - [INFO] 2023-04-10 01:10:54.409464 Epoch [6/100] batch [129/391] loss 0.9829 lr 0.09938441702975688 acc 70.31% eta 1:13:55
2023-04-10 01:11:11,616 - __main__ - INFO - [INFO] 2023-04-10 01:11:11.615830 Epoch [6/100] batch [257/391] loss 0.7070 lr 0.09938441702975688 acc 65.62% eta 1:13:04
2023-04-10 01:11:29,107 - __main__ - INFO - [INFO] 2023-04-10 01:11:29.107184 Epoch [6/100] batch [385/391] loss 0.7715 lr 0.09938441702975688 acc 75.78% eta 1:12:59
2023-04-10 01:11:29,869 - __main__ - INFO - Computing epoch 6 validation accuracy...
2023-04-10 01:11:33,779 - __main__ - INFO - Computing epoch 6 validation loss...
2023-04-10 01:11:37,939 - __main__ - INFO - [INFO] 2023-04-10 01:11:37.939220 Epoch [7/100] batch [1/391] loss 0.8022 lr 0.09911436253643444 acc 74.22% eta 1:21:30
2023-04-10 01:11:55,314 - __main__ - INFO - [INFO] 2023-04-10 01:11:55.314537 Epoch [7/100] batch [129/391] loss 1.0137 lr 0.09911436253643444 acc 58.59% eta 1:12:23
2023-04-10 01:12:12,540 - __main__ - INFO - [INFO] 2023-04-10 01:12:12.540228 Epoch [7/100] batch [257/391] loss 0.9346 lr 0.09911436253643444 acc 62.50% eta 1:11:54
2023-04-10 01:12:29,563 - __main__ - INFO - [INFO] 2023-04-10 01:12:29.563629 Epoch [7/100] batch [385/391] loss 0.7783 lr 0.09911436253643444 acc 74.22% eta 1:11:18
2023-04-10 01:12:30,343 - __main__ - INFO - Computing epoch 7 validation accuracy...
2023-04-10 01:12:34,179 - __main__ - INFO - Computing epoch 7 validation loss...
2023-04-10 01:12:38,448 - __main__ - INFO - [INFO] 2023-04-10 01:12:38.448859 Epoch [8/100] batch [1/391] loss 1.0029 lr 0.09879583809693737 acc 63.28% eta 1:13:14
2023-04-10 01:12:55,547 - __main__ - INFO - [INFO] 2023-04-10 01:12:55.547007 Epoch [8/100] batch [129/391] loss 0.7485 lr 0.09879583809693737 acc 67.19% eta 1:10:55
2023-04-10 01:13:12,790 - __main__ - INFO - [INFO] 2023-04-10 01:13:12.789958 Epoch [8/100] batch [257/391] loss 0.9033 lr 0.09879583809693737 acc 64.84% eta 1:10:53
2023-04-10 01:13:29,954 - __main__ - INFO - [INFO] 2023-04-10 01:13:29.954457 Epoch [8/100] batch [385/391] loss 0.6738 lr 0.09879583809693737 acc 76.56% eta 1:10:34
2023-04-10 01:13:30,756 - __main__ - INFO - Computing epoch 8 validation accuracy...
2023-04-10 01:13:34,649 - __main__ - INFO - Computing epoch 8 validation loss...
2023-04-10 01:13:38,762 - __main__ - INFO - [INFO] 2023-04-10 01:13:38.762558 Epoch [9/100] batch [1/391] loss 0.8247 lr 0.09842915805643156 acc 75.78% eta 1:12:51
2023-04-10 01:13:55,896 - __main__ - INFO - [INFO] 2023-04-10 01:13:55.896148 Epoch [9/100] batch [129/391] loss 0.9565 lr 0.09842915805643156 acc 63.28% eta 1:09:53
2023-04-10 01:14:13,059 - __main__ - INFO - [INFO] 2023-04-10 01:14:13.058966 Epoch [9/100] batch [257/391] loss 0.7974 lr 0.09842915805643156 acc 60.16% eta 1:09:54
2023-04-10 01:14:30,287 - __main__ - INFO - [INFO] 2023-04-10 01:14:30.287674 Epoch [9/100] batch [385/391] loss 0.8496 lr 0.09842915805643156 acc 71.09% eta 1:09:48
2023-04-10 01:14:31,046 - __main__ - INFO - Computing epoch 9 validation accuracy...
2023-04-10 01:14:34,870 - __main__ - INFO - Computing epoch 9 validation loss...
2023-04-10 01:14:39,019 - __main__ - INFO - [INFO] 2023-04-10 01:14:39.019116 Epoch [10/100] batch [1/391] loss 0.7681 lr 0.09801468428384716 acc 64.06% eta 1:10:33
2023-04-10 01:14:56,510 - __main__ - INFO - [INFO] 2023-04-10 01:14:56.510561 Epoch [10/100] batch [129/391] loss 0.7505 lr 0.09801468428384716 acc 71.88% eta 1:10:46
2023-04-10 01:15:14,022 - __main__ - INFO - [INFO] 2023-04-10 01:15:14.022154 Epoch [10/100] batch [257/391] loss 0.6675 lr 0.09801468428384716 acc 68.75% eta 1:10:36
2023-04-10 01:15:31,043 - __main__ - INFO - [INFO] 2023-04-10 01:15:31.043038 Epoch [10/100] batch [385/391] loss 0.7915 lr 0.09801468428384716 acc 60.16% eta 1:09:43
2023-04-10 01:15:31,836 - __main__ - INFO - Computing epoch 10 validation accuracy...
2023-04-10 01:15:35,692 - __main__ - INFO - Computing epoch 10 validation loss...
2023-04-10 01:15:39,827 - __main__ - INFO - [INFO] 2023-04-10 01:15:39.826977 Epoch [11/100] batch [1/391] loss 0.7671 lr 0.09755282581475769 acc 65.62% eta 1:13:59
2023-04-10 01:15:57,721 - __main__ - INFO - [INFO] 2023-04-10 01:15:57.721110 Epoch [11/100] batch [129/391] loss 0.6270 lr 0.09755282581475769 acc 78.12% eta 1:11:52
2023-04-10 01:16:15,179 - __main__ - INFO - [INFO] 2023-04-10 01:16:15.179730 Epoch [11/100] batch [257/391] loss 0.8848 lr 0.09755282581475769 acc 66.41% eta 1:10:37
2023-04-10 01:16:32,519 - __main__ - INFO - [INFO] 2023-04-10 01:16:32.518916 Epoch [11/100] batch [385/391] loss 0.7153 lr 0.09755282581475769 acc 72.66% eta 1:09:54
2023-04-10 01:16:33,300 - __main__ - INFO - Computing epoch 11 validation accuracy...
2023-04-10 01:16:37,395 - __main__ - INFO - Computing epoch 11 validation loss...
2023-04-10 01:16:41,596 - __main__ - INFO - [INFO] 2023-04-10 01:16:41.595913 Epoch [12/100] batch [1/391] loss 0.6689 lr 0.09704403844771128 acc 74.22% eta 1:16:54
2023-04-10 01:16:59,317 - __main__ - INFO - [INFO] 2023-04-10 01:16:59.316932 Epoch [12/100] batch [129/391] loss 0.6758 lr 0.09704403844771128 acc 78.12% eta 1:10:06
2023-04-10 01:17:16,350 - __main__ - INFO - [INFO] 2023-04-10 01:17:16.350019 Epoch [12/100] batch [257/391] loss 0.8257 lr 0.09704403844771128 acc 67.97% eta 1:08:36
2023-04-10 01:17:33,567 - __main__ - INFO - [INFO] 2023-04-10 01:17:33.566987 Epoch [12/100] batch [385/391] loss 0.7358 lr 0.09704403844771128 acc 76.56% eta 1:08:09
2023-04-10 01:17:34,354 - __main__ - INFO - Computing epoch 12 validation accuracy...
2023-04-10 01:17:38,214 - __main__ - INFO - Computing epoch 12 validation loss...
2023-04-10 01:17:42,271 - __main__ - INFO - [INFO] 2023-04-10 01:17:42.271735 Epoch [13/100] batch [1/391] loss 0.7231 lr 0.09648882429441258 acc 69.53% eta 1:16:01
2023-04-10 01:17:59,462 - __main__ - INFO - [INFO] 2023-04-10 01:17:59.462072 Epoch [13/100] batch [129/391] loss 0.8052 lr 0.09648882429441258 acc 78.12% eta 1:07:30
2023-04-10 01:18:17,011 - __main__ - INFO - [INFO] 2023-04-10 01:18:17.011635 Epoch [13/100] batch [257/391] loss 0.6431 lr 0.09648882429441258 acc 67.97% eta 1:07:50
2023-04-10 01:18:34,356 - __main__ - INFO - [INFO] 2023-04-10 01:18:34.356682 Epoch [13/100] batch [385/391] loss 0.7368 lr 0.09648882429441258 acc 76.56% eta 1:07:33
2023-04-10 01:18:35,154 - __main__ - INFO - Computing epoch 13 validation accuracy...
2023-04-10 01:18:39,001 - __main__ - INFO - Computing epoch 13 validation loss...
2023-04-10 01:18:43,263 - __main__ - INFO - [INFO] 2023-04-10 01:18:43.262815 Epoch [14/100] batch [1/391] loss 0.5264 lr 0.09588773128419906 acc 80.47% eta 1:13:38
2023-04-10 01:19:00,732 - __main__ - INFO - [INFO] 2023-04-10 01:19:00.731993 Epoch [14/100] batch [129/391] loss 0.6655 lr 0.09588773128419906 acc 74.22% eta 1:07:43
2023-04-10 01:19:18,174 - __main__ - INFO - [INFO] 2023-04-10 01:19:18.174639 Epoch [14/100] batch [257/391] loss 0.7563 lr 0.09588773128419906 acc 74.22% eta 1:07:20
2023-04-10 01:19:35,728 - __main__ - INFO - [INFO] 2023-04-10 01:19:35.728634 Epoch [14/100] batch [385/391] loss 0.7446 lr 0.09588773128419906 acc 73.44% eta 1:07:12
2023-04-10 01:19:36,509 - __main__ - INFO - Computing epoch 14 validation accuracy...
2023-04-10 01:19:40,368 - __main__ - INFO - Computing epoch 14 validation loss...
2023-04-10 01:19:44,507 - __main__ - INFO - [INFO] 2023-04-10 01:19:44.507318 Epoch [15/100] batch [1/391] loss 0.5552 lr 0.09524135262330098 acc 75.00% eta 1:08:49
2023-04-10 01:20:01,754 - __main__ - INFO - [INFO] 2023-04-10 01:20:01.754317 Epoch [15/100] batch [129/391] loss 0.7119 lr 0.09524135262330098 acc 73.44% eta 1:06:01
2023-04-10 01:20:18,888 - __main__ - INFO - [INFO] 2023-04-10 01:20:18.888211 Epoch [15/100] batch [257/391] loss 0.6436 lr 0.09524135262330098 acc 75.78% eta 1:05:34
2023-04-10 01:20:36,529 - __main__ - INFO - [INFO] 2023-04-10 01:20:36.529567 Epoch [15/100] batch [385/391] loss 0.7358 lr 0.09524135262330098 acc 78.91% eta 1:05:57
2023-04-10 01:20:37,310 - __main__ - INFO - Computing epoch 15 validation accuracy...
2023-04-10 01:20:41,191 - __main__ - INFO - Computing epoch 15 validation loss...
2023-04-10 01:20:45,274 - __main__ - INFO - [INFO] 2023-04-10 01:20:45.273978 Epoch [16/100] batch [1/391] loss 0.7539 lr 0.0945503262094184 acc 63.28% eta 1:09:26
2023-04-10 01:21:02,532 - __main__ - INFO - [INFO] 2023-04-10 01:21:02.532503 Epoch [16/100] batch [129/391] loss 0.6987 lr 0.0945503262094184 acc 67.19% eta 1:05:27
2023-04-10 01:21:20,007 - __main__ - INFO - [INFO] 2023-04-10 01:21:20.007586 Epoch [16/100] batch [257/391] loss 0.8003 lr 0.0945503262094184 acc 73.44% eta 1:05:33
2023-04-10 01:21:37,318 - __main__ - INFO - [INFO] 2023-04-10 01:21:37.318680 Epoch [16/100] batch [385/391] loss 0.7334 lr 0.0945503262094184 acc 77.34% eta 1:05:14
2023-04-10 01:21:38,114 - __main__ - INFO - Computing epoch 16 validation accuracy...
2023-04-10 01:21:42,096 - __main__ - INFO - Computing epoch 16 validation loss...
2023-04-10 01:21:46,254 - __main__ - INFO - [INFO] 2023-04-10 01:21:46.253932 Epoch [17/100] batch [1/391] loss 0.7061 lr 0.09381533400219319 acc 69.53% eta 1:15:06
2023-04-10 01:22:03,436 - __main__ - INFO - [INFO] 2023-04-10 01:22:03.436553 Epoch [17/100] batch [129/391] loss 0.7505 lr 0.09381533400219319 acc 75.78% eta 1:04:27
2023-04-10 01:22:20,506 - __main__ - INFO - [INFO] 2023-04-10 01:22:20.506152 Epoch [17/100] batch [257/391] loss 0.7046 lr 0.09381533400219319 acc 72.66% eta 1:03:52
2023-04-10 01:22:37,696 - __main__ - INFO - [INFO] 2023-04-10 01:22:37.696620 Epoch [17/100] batch [385/391] loss 0.6382 lr 0.09381533400219319 acc 77.34% eta 1:03:44
2023-04-10 01:22:38,486 - __main__ - INFO - Computing epoch 17 validation accuracy...
2023-04-10 01:22:42,553 - __main__ - INFO - Computing epoch 17 validation loss...
2023-04-10 01:22:46,687 - __main__ - INFO - [INFO] 2023-04-10 01:22:46.687642 Epoch [18/100] batch [1/391] loss 0.5728 lr 0.0930371013501972 acc 82.81% eta 1:13:04
2023-04-10 01:23:04,081 - __main__ - INFO - [INFO] 2023-04-10 01:23:04.081321 Epoch [18/100] batch [129/391] loss 0.6230 lr 0.0930371013501972 acc 74.22% eta 1:04:04
2023-04-10 01:23:21,065 - __main__ - INFO - [INFO] 2023-04-10 01:23:21.065185 Epoch [18/100] batch [257/391] loss 0.6719 lr 0.0930371013501972 acc 71.09% eta 1:03:04
2023-04-10 01:23:38,552 - __main__ - INFO - [INFO] 2023-04-10 01:23:38.552391 Epoch [18/100] batch [385/391] loss 0.7388 lr 0.0930371013501972 acc 74.22% eta 1:03:16
2023-04-10 01:23:39,371 - __main__ - INFO - Computing epoch 18 validation accuracy...
2023-04-10 01:23:43,358 - __main__ - INFO - Computing epoch 18 validation loss...
2023-04-10 01:23:47,549 - __main__ - INFO - [INFO] 2023-04-10 01:23:47.549317 Epoch [19/100] batch [1/391] loss 0.4573 lr 0.09221639627510078 acc 78.91% eta 1:12:40
2023-04-10 01:24:04,871 - __main__ - INFO - [INFO] 2023-04-10 01:24:04.871074 Epoch [19/100] batch [129/391] loss 0.6357 lr 0.09221639627510078 acc 77.34% eta 1:03:22
2023-04-10 01:24:22,063 - __main__ - INFO - [INFO] 2023-04-10 01:24:22.062995 Epoch [19/100] batch [257/391] loss 0.4294 lr 0.09221639627510078 acc 84.38% eta 1:02:46
2023-04-10 01:24:39,374 - __main__ - INFO - [INFO] 2023-04-10 01:24:39.373975 Epoch [19/100] batch [385/391] loss 0.5781 lr 0.09221639627510078 acc 63.28% eta 1:02:34
2023-04-10 01:24:40,165 - __main__ - INFO - Computing epoch 19 validation accuracy...
2023-04-10 01:24:44,258 - __main__ - INFO - Computing epoch 19 validation loss...
2023-04-10 01:24:48,453 - __main__ - INFO - [INFO] 2023-04-10 01:24:48.453385 Epoch [20/100] batch [1/391] loss 0.6270 lr 0.09135402871372812 acc 75.00% eta 1:16:18
2023-04-10 01:25:05,595 - __main__ - INFO - [INFO] 2023-04-10 01:25:05.594970 Epoch [20/100] batch [129/391] loss 0.6934 lr 0.09135402871372812 acc 70.31% eta 1:01:54
2023-04-10 01:25:22,963 - __main__ - INFO - [INFO] 2023-04-10 01:25:22.963023 Epoch [20/100] batch [257/391] loss 0.4729 lr 0.09135402871372812 acc 85.16% eta 1:01:58
2023-04-10 01:25:40,042 - __main__ - INFO - [INFO] 2023-04-10 01:25:40.041827 Epoch [20/100] batch [385/391] loss 0.5459 lr 0.09135402871372812 acc 80.47% eta 1:01:34
2023-04-10 01:25:40,828 - __main__ - INFO - Computing epoch 20 validation accuracy...
2023-04-10 01:25:44,772 - __main__ - INFO - Computing epoch 20 validation loss...
2023-04-10 01:25:48,842 - __main__ - INFO - [INFO] 2023-04-10 01:25:48.842700 Epoch [21/100] batch [1/391] loss 0.5894 lr 0.09045084971874741 acc 77.34% eta 1:01:33
2023-04-10 01:26:06,044 - __main__ - INFO - [INFO] 2023-04-10 01:26:06.044564 Epoch [21/100] batch [129/391] loss 0.5649 lr 0.09045084971874741 acc 80.47% eta 1:01:20
2023-04-10 01:26:23,491 - __main__ - INFO - [INFO] 2023-04-10 01:26:23.491110 Epoch [21/100] batch [257/391] loss 0.7368 lr 0.09045084971874741 acc 74.22% eta 1:01:28
2023-04-10 01:26:40,743 - __main__ - INFO - [INFO] 2023-04-10 01:26:40.743137 Epoch [21/100] batch [385/391] loss 0.5854 lr 0.09045084971874741 acc 75.00% eta 1:01:07
2023-04-10 01:26:41,566 - __main__ - INFO - Computing epoch 21 validation accuracy...
2023-04-10 01:26:45,392 - __main__ - INFO - Computing epoch 21 validation loss...
2023-04-10 01:26:49,561 - __main__ - INFO - [INFO] 2023-04-10 01:26:49.561410 Epoch [22/100] batch [1/391] loss 0.4885 lr 0.08950775061878455 acc 79.69% eta 1:04:02
2023-04-10 01:27:06,869 - __main__ - INFO - [INFO] 2023-04-10 01:27:06.869418 Epoch [22/100] batch [129/391] loss 0.6538 lr 0.08950775061878455 acc 79.69% eta 1:00:52
2023-04-10 01:27:24,127 - __main__ - INFO - [INFO] 2023-04-10 01:27:24.127576 Epoch [22/100] batch [257/391] loss 0.6099 lr 0.08950775061878455 acc 74.22% eta 1:00:33
2023-04-10 01:27:41,516 - __main__ - INFO - [INFO] 2023-04-10 01:27:41.516555 Epoch [22/100] batch [385/391] loss 0.5278 lr 0.08950775061878455 acc 81.25% eta 1:00:29
2023-04-10 01:27:42,349 - __main__ - INFO - Computing epoch 22 validation accuracy...
2023-04-10 01:27:46,321 - __main__ - INFO - Computing epoch 22 validation loss...
2023-04-10 01:27:50,320 - __main__ - INFO - [INFO] 2023-04-10 01:27:50.320682 Epoch [23/100] batch [1/391] loss 0.5723 lr 0.0885256621387895 acc 82.03% eta 1:06:46
2023-04-10 01:28:07,551 - __main__ - INFO - [INFO] 2023-04-10 01:28:07.551796 Epoch [23/100] batch [129/391] loss 0.6035 lr 0.0885256621387895 acc 73.44% eta 1:00:04
2023-04-10 01:28:24,711 - __main__ - INFO - [INFO] 2023-04-10 01:28:24.710532 Epoch [23/100] batch [257/391] loss 0.4873 lr 0.0885256621387895 acc 81.25% eta 0:59:40
2023-04-10 01:28:41,932 - __main__ - INFO - [INFO] 2023-04-10 01:28:41.932182 Epoch [23/100] batch [385/391] loss 0.5015 lr 0.0885256621387895 acc 73.44% eta 0:59:20
2023-04-10 01:28:42,719 - __main__ - INFO - Computing epoch 23 validation accuracy...
2023-04-10 01:28:46,541 - __main__ - INFO - Computing epoch 23 validation loss...
2023-04-10 01:28:50,647 - __main__ - INFO - [INFO] 2023-04-10 01:28:50.647278 Epoch [24/100] batch [1/391] loss 0.5396 lr 0.08750555348152302 acc 81.25% eta 1:00:09
2023-04-10 01:29:08,017 - __main__ - INFO - [INFO] 2023-04-10 01:29:08.017809 Epoch [24/100] batch [129/391] loss 0.5806 lr 0.08750555348152302 acc 77.34% eta 0:59:42
2023-04-10 01:29:25,226 - __main__ - INFO - [INFO] 2023-04-10 01:29:25.226627 Epoch [24/100] batch [257/391] loss 0.6313 lr 0.08750555348152302 acc 72.66% eta 0:59:01
2023-04-10 01:29:42,842 - __main__ - INFO - [INFO] 2023-04-10 01:29:42.842437 Epoch [24/100] batch [385/391] loss 0.8008 lr 0.08750555348152302 acc 71.88% eta 0:59:10
2023-04-10 01:29:43,623 - __main__ - INFO - Computing epoch 24 validation accuracy...
2023-04-10 01:29:47,612 - __main__ - INFO - Computing epoch 24 validation loss...
2023-04-10 01:29:51,777 - __main__ - INFO - [INFO] 2023-04-10 01:29:51.777329 Epoch [25/100] batch [1/391] loss 0.5356 lr 0.08644843137107061 acc 82.03% eta 1:00:14
2023-04-10 01:30:08,974 - __main__ - INFO - [INFO] 2023-04-10 01:30:08.974133 Epoch [25/100] batch [129/391] loss 0.5117 lr 0.08644843137107061 acc 75.78% eta 0:58:01
2023-04-10 01:30:26,240 - __main__ - INFO - [INFO] 2023-04-10 01:30:26.239710 Epoch [25/100] batch [257/391] loss 0.6108 lr 0.08644843137107061 acc 74.22% eta 0:58:00
2023-04-10 01:30:43,383 - __main__ - INFO - [INFO] 2023-04-10 01:30:43.383012 Epoch [25/100] batch [385/391] loss 0.6299 lr 0.08644843137107061 acc 72.66% eta 0:57:36
2023-04-10 01:30:44,171 - __main__ - INFO - Computing epoch 25 validation accuracy...
2023-04-10 01:30:48,017 - __main__ - INFO - Computing epoch 25 validation loss...
2023-04-10 01:30:52,085 - __main__ - INFO - [INFO] 2023-04-10 01:30:52.085268 Epoch [26/100] batch [1/391] loss 0.7466 lr 0.0853553390593274 acc 75.00% eta 1:01:38
2023-04-10 01:31:09,101 - __main__ - INFO - [INFO] 2023-04-10 01:31:09.100964 Epoch [26/100] batch [129/391] loss 0.5991 lr 0.0853553390593274 acc 79.69% eta 0:56:44
2023-04-10 01:31:26,298 - __main__ - INFO - [INFO] 2023-04-10 01:31:26.298060 Epoch [26/100] batch [257/391] loss 0.6636 lr 0.0853553390593274 acc 75.78% eta 0:56:51
2023-04-10 01:31:43,871 - __main__ - INFO - [INFO] 2023-04-10 01:31:43.871041 Epoch [26/100] batch [385/391] loss 0.4561 lr 0.0853553390593274 acc 81.25% eta 0:57:07
2023-04-10 01:31:44,693 - __main__ - INFO - Computing epoch 26 validation accuracy...
2023-04-10 01:31:48,569 - __main__ - INFO - Computing epoch 26 validation loss...
2023-04-10 01:31:52,800 - __main__ - INFO - [INFO] 2023-04-10 01:31:52.799642 Epoch [27/100] batch [1/391] loss 0.5083 lr 0.08422735529643446 acc 78.12% eta 1:00:03
2023-04-10 01:32:10,115 - __main__ - INFO - [INFO] 2023-04-10 01:32:10.115390 Epoch [27/100] batch [129/391] loss 0.6279 lr 0.08422735529643446 acc 70.31% eta 0:57:03
2023-04-10 01:32:27,125 - __main__ - INFO - [INFO] 2023-04-10 01:32:27.125117 Epoch [27/100] batch [257/391] loss 0.5732 lr 0.08422735529643446 acc 80.47% eta 0:56:20
2023-04-10 01:32:44,161 - __main__ - INFO - [INFO] 2023-04-10 01:32:44.161375 Epoch [27/100] batch [385/391] loss 0.5405 lr 0.08422735529643446 acc 71.88% eta 0:55:55
2023-04-10 01:32:44,943 - __main__ - INFO - Computing epoch 27 validation accuracy...
2023-04-10 01:32:48,678 - __main__ - INFO - Computing epoch 27 validation loss...
2023-04-10 01:32:52,738 - __main__ - INFO - [INFO] 2023-04-10 01:32:52.738170 Epoch [28/100] batch [1/391] loss 0.7500 lr 0.08306559326618262 acc 78.91% eta 0:59:07
2023-04-10 01:33:09,905 - __main__ - INFO - [INFO] 2023-04-10 01:33:09.905349 Epoch [28/100] batch [129/391] loss 0.4619 lr 0.08306559326618262 acc 79.69% eta 0:55:57
2023-04-10 01:33:26,943 - __main__ - INFO - [INFO] 2023-04-10 01:33:26.943055 Epoch [28/100] batch [257/391] loss 0.6294 lr 0.08306559326618262 acc 78.91% eta 0:55:27
2023-04-10 01:33:44,326 - __main__ - INFO - [INFO] 2023-04-10 01:33:44.325841 Epoch [28/100] batch [385/391] loss 0.6606 lr 0.08306559326618262 acc 82.81% eta 0:55:27
2023-04-10 01:33:45,126 - __main__ - INFO - Computing epoch 28 validation accuracy...
2023-04-10 01:33:48,992 - __main__ - INFO - Computing epoch 28 validation loss...
2023-04-10 01:33:53,183 - __main__ - INFO - [INFO] 2023-04-10 01:33:53.183229 Epoch [29/100] batch [1/391] loss 0.6685 lr 0.08187119948743452 acc 71.09% eta 1:05:54
2023-04-10 01:34:10,644 - __main__ - INFO - [INFO] 2023-04-10 01:34:10.644154 Epoch [29/100] batch [129/391] loss 0.5596 lr 0.08187119948743452 acc 79.69% eta 0:55:49
2023-04-10 01:34:27,887 - __main__ - INFO - [INFO] 2023-04-10 01:34:27.887002 Epoch [29/100] batch [257/391] loss 0.5381 lr 0.08187119948743452 acc 82.81% eta 0:55:14
2023-04-10 01:34:44,994 - __main__ - INFO - [INFO] 2023-04-10 01:34:44.994408 Epoch [29/100] batch [385/391] loss 0.5962 lr 0.08187119948743452 acc 73.44% eta 0:54:47
2023-04-10 01:34:45,800 - __main__ - INFO - Computing epoch 29 validation accuracy...
2023-04-10 01:34:49,595 - __main__ - INFO - Computing epoch 29 validation loss...
2023-04-10 01:34:53,739 - __main__ - INFO - [INFO] 2023-04-10 01:34:53.739505 Epoch [30/100] batch [1/391] loss 0.5938 lr 0.08064535268264886 acc 80.47% eta 0:59:08
2023-04-10 01:35:10,946 - __main__ - INFO - [INFO] 2023-04-10 01:35:10.946525 Epoch [30/100] batch [129/391] loss 0.5244 lr 0.08064535268264886 acc 81.25% eta 0:54:31
2023-04-10 01:35:28,448 - __main__ - INFO - [INFO] 2023-04-10 01:35:28.448096 Epoch [30/100] batch [257/391] loss 0.6587 lr 0.08064535268264886 acc 75.00% eta 0:54:34
2023-04-10 01:35:45,410 - __main__ - INFO - [INFO] 2023-04-10 01:35:45.410532 Epoch [30/100] batch [385/391] loss 0.5669 lr 0.08064535268264886 acc 71.09% eta 0:53:51
2023-04-10 01:35:46,203 - __main__ - INFO - Computing epoch 30 validation accuracy...
2023-04-10 01:35:50,204 - __main__ - INFO - Computing epoch 30 validation loss...
2023-04-10 01:35:54,288 - __main__ - INFO - [INFO] 2023-04-10 01:35:54.288288 Epoch [31/100] batch [1/391] loss 0.6011 lr 0.0793892626146237 acc 75.78% eta 0:55:44
2023-04-10 01:36:11,563 - __main__ - INFO - [INFO] 2023-04-10 01:36:11.562822 Epoch [31/100] batch [129/391] loss 0.5698 lr 0.0793892626146237 acc 80.47% eta 0:53:52
2023-04-10 01:36:29,267 - __main__ - INFO - [INFO] 2023-04-10 01:36:29.267249 Epoch [31/100] batch [257/391] loss 0.4968 lr 0.0793892626146237 acc 77.34% eta 0:54:11
2023-04-10 01:36:46,469 - __main__ - INFO - [INFO] 2023-04-10 01:36:46.469600 Epoch [31/100] batch [385/391] loss 0.5449 lr 0.0793892626146237 acc 74.22% eta 0:53:37
2023-04-10 01:36:47,267 - __main__ - INFO - Computing epoch 31 validation accuracy...
2023-04-10 01:36:51,109 - __main__ - INFO - Computing epoch 31 validation loss...
2023-04-10 01:36:55,217 - __main__ - INFO - [INFO] 2023-04-10 01:36:55.217387 Epoch [32/100] batch [1/391] loss 0.5327 lr 0.07810416889260657 acc 76.56% eta 0:53:25
2023-04-10 01:37:12,550 - __main__ - INFO - [INFO] 2023-04-10 01:37:12.550183 Epoch [32/100] batch [129/391] loss 0.5430 lr 0.07810416889260657 acc 78.12% eta 0:53:09
2023-04-10 01:37:29,825 - __main__ - INFO - [INFO] 2023-04-10 01:37:29.825306 Epoch [32/100] batch [257/391] loss 0.5015 lr 0.07810416889260657 acc 80.47% eta 0:52:49
2023-04-10 01:37:47,072 - __main__ - INFO - [INFO] 2023-04-10 01:37:47.071844 Epoch [32/100] batch [385/391] loss 0.4648 lr 0.07810416889260657 acc 85.94% eta 0:52:29
2023-04-10 01:37:47,839 - __main__ - INFO - Computing epoch 32 validation accuracy...
2023-04-10 01:37:51,698 - __main__ - INFO - Computing epoch 32 validation loss...
2023-04-10 01:37:55,764 - __main__ - INFO - [INFO] 2023-04-10 01:37:55.764380 Epoch [33/100] batch [1/391] loss 0.4348 lr 0.07679133974894986 acc 82.03% eta 1:00:26
2023-04-10 01:38:13,222 - __main__ - INFO - [INFO] 2023-04-10 01:38:13.222397 Epoch [33/100] batch [129/391] loss 0.3918 lr 0.07679133974894986 acc 80.47% eta 0:52:53
2023-04-10 01:38:30,699 - __main__ - INFO - [INFO] 2023-04-10 01:38:30.699268 Epoch [33/100] batch [257/391] loss 0.4272 lr 0.07679133974894986 acc 83.59% eta 0:52:35
2023-04-10 01:38:48,964 - __main__ - INFO - [INFO] 2023-04-10 01:38:48.964665 Epoch [33/100] batch [385/391] loss 0.7002 lr 0.07679133974894986 acc 63.28% eta 0:53:10
2023-04-10 01:38:49,810 - __main__ - INFO - Computing epoch 33 validation accuracy...
2023-04-10 01:38:53,725 - __main__ - INFO - Computing epoch 33 validation loss...
2023-04-10 01:38:58,027 - __main__ - INFO - [INFO] 2023-04-10 01:38:58.026872 Epoch [34/100] batch [1/391] loss 0.6494 lr 0.0754520707875186 acc 71.88% eta 0:56:34
2023-04-10 01:39:15,458 - __main__ - INFO - [INFO] 2023-04-10 01:39:15.458751 Epoch [34/100] batch [129/391] loss 0.4570 lr 0.0754520707875186 acc 78.91% eta 0:51:59
2023-04-10 01:39:32,673 - __main__ - INFO - [INFO] 2023-04-10 01:39:32.673120 Epoch [34/100] batch [257/391] loss 0.5005 lr 0.0754520707875186 acc 80.47% eta 0:51:26
2023-04-10 01:39:50,405 - __main__ - INFO - [INFO] 2023-04-10 01:39:50.405125 Epoch [34/100] batch [385/391] loss 0.4382 lr 0.0754520707875186 acc 81.25% eta 0:51:33
2023-04-10 01:39:51,197 - __main__ - INFO - Computing epoch 34 validation accuracy...
2023-04-10 01:39:55,140 - __main__ - INFO - Computing epoch 34 validation loss...
2023-04-10 01:39:59,116 - __main__ - INFO - [INFO] 2023-04-10 01:39:59.116889 Epoch [35/100] batch [1/391] loss 0.4487 lr 0.0740876837050858 acc 82.81% eta 0:54:32
2023-04-10 01:40:16,243 - __main__ - INFO - [INFO] 2023-04-10 01:40:16.243399 Epoch [35/100] batch [129/391] loss 0.3765 lr 0.0740876837050858 acc 79.69% eta 0:50:23
2023-04-10 01:40:33,532 - __main__ - INFO - [INFO] 2023-04-10 01:40:33.532259 Epoch [35/100] batch [257/391] loss 0.6460 lr 0.0740876837050858 acc 80.47% eta 0:50:19
2023-04-10 01:40:50,742 - __main__ - INFO - [INFO] 2023-04-10 01:40:50.741892 Epoch [35/100] batch [385/391] loss 0.5273 lr 0.0740876837050858 acc 82.81% eta 0:50:01
2023-04-10 01:40:51,547 - __main__ - INFO - Computing epoch 35 validation accuracy...
2023-04-10 01:40:55,484 - __main__ - INFO - Computing epoch 35 validation loss...
2023-04-10 01:40:59,714 - __main__ - INFO - [INFO] 2023-04-10 01:40:59.714313 Epoch [36/100] batch [1/391] loss 0.4514 lr 0.07269952498697738 acc 90.62% eta 1:08:54
2023-04-10 01:41:16,845 - __main__ - INFO - [INFO] 2023-04-10 01:41:16.845136 Epoch [36/100] batch [129/391] loss 0.5273 lr 0.07269952498697738 acc 80.47% eta 0:49:40
2023-04-10 01:41:33,956 - __main__ - INFO - [INFO] 2023-04-10 01:41:33.956373 Epoch [36/100] batch [257/391] loss 0.5518 lr 0.07269952498697738 acc 78.91% eta 0:49:16
2023-04-10 01:41:51,286 - __main__ - INFO - [INFO] 2023-04-10 01:41:51.286109 Epoch [36/100] batch [385/391] loss 0.7441 lr 0.07269952498697738 acc 78.91% eta 0:49:12
2023-04-10 01:41:52,075 - __main__ - INFO - Computing epoch 36 validation accuracy...
2023-04-10 01:41:56,019 - __main__ - INFO - Computing epoch 36 validation loss...
2023-04-10 01:42:00,197 - __main__ - INFO - [INFO] 2023-04-10 01:42:00.197565 Epoch [37/100] batch [1/391] loss 0.5156 lr 0.07128896457825366 acc 76.56% eta 0:53:41
2023-04-10 01:42:17,440 - __main__ - INFO - [INFO] 2023-04-10 01:42:17.440703 Epoch [37/100] batch [129/391] loss 0.3928 lr 0.07128896457825366 acc 80.47% eta 0:49:04
2023-04-10 01:42:34,840 - __main__ - INFO - [INFO] 2023-04-10 01:42:34.840009 Epoch [37/100] batch [257/391] loss 0.5078 lr 0.07128896457825366 acc 82.81% eta 0:48:55
2023-04-10 01:42:51,880 - __main__ - INFO - [INFO] 2023-04-10 01:42:51.880268 Epoch [37/100] batch [385/391] loss 0.4670 lr 0.07128896457825366 acc 80.47% eta 0:48:22
2023-04-10 01:42:52,695 - __main__ - INFO - Computing epoch 37 validation accuracy...
2023-04-10 01:42:56,598 - __main__ - INFO - Computing epoch 37 validation loss...
2023-04-10 01:43:00,759 - __main__ - INFO - [INFO] 2023-04-10 01:43:00.759124 Epoch [38/100] batch [1/391] loss 0.4424 lr 0.06985739453173906 acc 85.94% eta 0:54:54
2023-04-10 01:43:17,939 - __main__ - INFO - [INFO] 2023-04-10 01:43:17.939552 Epoch [38/100] batch [129/391] loss 0.4539 lr 0.06985739453173906 acc 81.25% eta 0:47:51
2023-04-10 01:43:35,498 - __main__ - INFO - [INFO] 2023-04-10 01:43:35.498587 Epoch [38/100] batch [257/391] loss 0.6304 lr 0.06985739453173906 acc 79.69% eta 0:48:06
2023-04-10 01:43:52,436 - __main__ - INFO - [INFO] 2023-04-10 01:43:52.436443 Epoch [38/100] batch [385/391] loss 0.5444 lr 0.06985739453173906 acc 76.56% eta 0:47:28
2023-04-10 01:43:53,213 - __main__ - INFO - Computing epoch 38 validation accuracy...
2023-04-10 01:43:57,212 - __main__ - INFO - Computing epoch 38 validation loss...
2023-04-10 01:44:01,404 - __main__ - INFO - [INFO] 2023-04-10 01:44:01.404353 Epoch [39/100] batch [1/391] loss 0.4336 lr 0.06840622763423394 acc 75.00% eta 0:50:34
2023-04-10 01:44:18,578 - __main__ - INFO - [INFO] 2023-04-10 01:44:18.578549 Epoch [39/100] batch [129/391] loss 0.5767 lr 0.06840622763423394 acc 78.91% eta 0:47:14
2023-04-10 01:44:35,744 - __main__ - INFO - [INFO] 2023-04-10 01:44:35.743870 Epoch [39/100] batch [257/391] loss 0.5225 lr 0.06840622763423394 acc 82.81% eta 0:46:57
2023-04-10 01:44:52,729 - __main__ - INFO - [INFO] 2023-04-10 01:44:52.729402 Epoch [39/100] batch [385/391] loss 0.5005 lr 0.06840622763423394 acc 71.88% eta 0:46:28
2023-04-10 01:44:53,519 - __main__ - INFO - Computing epoch 39 validation accuracy...
2023-04-10 01:44:57,408 - __main__ - INFO - Computing epoch 39 validation loss...
2023-04-10 01:45:01,616 - __main__ - INFO - [INFO] 2023-04-10 01:45:01.616241 Epoch [40/100] batch [1/391] loss 0.3943 lr 0.06693689601226462 acc 84.38% eta 0:51:57
2023-04-10 01:45:18,528 - __main__ - INFO - [INFO] 2023-04-10 01:45:18.528475 Epoch [40/100] batch [129/391] loss 0.4277 lr 0.06693689601226462 acc 78.91% eta 0:45:32
2023-04-10 01:45:35,653 - __main__ - INFO - [INFO] 2023-04-10 01:45:35.653279 Epoch [40/100] batch [257/391] loss 0.4172 lr 0.06693689601226462 acc 88.28% eta 0:45:35
2023-04-10 01:45:52,695 - __main__ - INFO - [INFO] 2023-04-10 01:45:52.695280 Epoch [40/100] batch [385/391] loss 0.5479 lr 0.06693689601226462 acc 71.09% eta 0:45:22
2023-04-10 01:45:53,464 - __main__ - INFO - Computing epoch 40 validation accuracy...
2023-04-10 01:45:57,364 - __main__ - INFO - Computing epoch 40 validation loss...
2023-04-10 01:46:01,544 - __main__ - INFO - [INFO] 2023-04-10 01:46:01.544629 Epoch [41/100] batch [1/391] loss 0.4670 lr 0.06545084971874741 acc 81.25% eta 0:47:01
2023-04-10 01:46:18,595 - __main__ - INFO - [INFO] 2023-04-10 01:46:18.595791 Epoch [41/100] batch [129/391] loss 0.5645 lr 0.06545084971874741 acc 82.03% eta 0:45:11
2023-04-10 01:46:35,617 - __main__ - INFO - [INFO] 2023-04-10 01:46:35.617593 Epoch [41/100] batch [257/391] loss 0.4209 lr 0.06545084971874741 acc 85.94% eta 0:44:55
2023-04-10 01:46:52,701 - __main__ - INFO - [INFO] 2023-04-10 01:46:52.701474 Epoch [41/100] batch [385/391] loss 0.5479 lr 0.06545084971874741 acc 78.91% eta 0:44:41
2023-04-10 01:46:53,464 - __main__ - INFO - Computing epoch 41 validation accuracy...
2023-04-10 01:46:57,322 - __main__ - INFO - Computing epoch 41 validation loss...
2023-04-10 01:47:01,522 - __main__ - INFO - [INFO] 2023-04-10 01:47:01.522786 Epoch [42/100] batch [1/391] loss 0.5420 lr 0.06394955530196152 acc 87.50% eta 0:47:36
2023-04-10 01:47:18,467 - __main__ - INFO - [INFO] 2023-04-10 01:47:18.467053 Epoch [42/100] batch [129/391] loss 0.5356 lr 0.06394955530196152 acc 83.59% eta 0:44:10
2023-04-10 01:47:35,485 - __main__ - INFO - [INFO] 2023-04-10 01:47:35.485538 Epoch [42/100] batch [257/391] loss 0.5464 lr 0.06394955530196152 acc 78.91% eta 0:44:02
2023-04-10 01:47:52,581 - __main__ - INFO - [INFO] 2023-04-10 01:47:52.581151 Epoch [42/100] batch [385/391] loss 0.4705 lr 0.06394955530196152 acc 86.72% eta 0:43:54
2023-04-10 01:47:53,359 - __main__ - INFO - Computing epoch 42 validation accuracy...
2023-04-10 01:47:57,278 - __main__ - INFO - Computing epoch 42 validation loss...
2023-04-10 01:48:01,408 - __main__ - INFO - [INFO] 2023-04-10 01:48:01.407845 Epoch [43/100] batch [1/391] loss 0.5420 lr 0.062434494358242776 acc 84.38% eta 0:46:00
2023-04-10 01:48:18,550 - __main__ - INFO - [INFO] 2023-04-10 01:48:18.550562 Epoch [43/100] batch [129/391] loss 0.4231 lr 0.062434494358242776 acc 82.03% eta 0:43:54
2023-04-10 01:48:35,838 - __main__ - INFO - [INFO] 2023-04-10 01:48:35.838256 Epoch [43/100] batch [257/391] loss 0.5122 lr 0.062434494358242776 acc 84.38% eta 0:43:56
2023-04-10 01:48:52,878 - __main__ - INFO - [INFO] 2023-04-10 01:48:52.878242 Epoch [43/100] batch [385/391] loss 0.4570 lr 0.062434494358242776 acc 83.59% eta 0:43:31
2023-04-10 01:48:53,663 - __main__ - INFO - Computing epoch 43 validation accuracy...
2023-04-10 01:48:57,559 - __main__ - INFO - Computing epoch 43 validation loss...
2023-04-10 01:49:01,724 - __main__ - INFO - [INFO] 2023-04-10 01:49:01.723993 Epoch [44/100] batch [1/391] loss 0.4104 lr 0.06090716206982718 acc 80.47% eta 0:47:23
2023-04-10 01:49:19,096 - __main__ - INFO - [INFO] 2023-04-10 01:49:19.096567 Epoch [44/100] batch [129/391] loss 0.4263 lr 0.06090716206982718 acc 87.50% eta 0:43:47
2023-04-10 01:49:36,214 - __main__ - INFO - [INFO] 2023-04-10 01:49:36.214332 Epoch [44/100] batch [257/391] loss 0.4795 lr 0.06090716206982718 acc 82.03% eta 0:43:15
2023-04-10 01:49:52,968 - __main__ - INFO - [INFO] 2023-04-10 01:49:52.968020 Epoch [44/100] batch [385/391] loss 0.4993 lr 0.06090716206982718 acc 82.03% eta 0:42:30
2023-04-10 01:49:53,751 - __main__ - INFO - Computing epoch 44 validation accuracy...
2023-04-10 01:49:57,613 - __main__ - INFO - Computing epoch 44 validation loss...
2023-04-10 01:50:01,738 - __main__ - INFO - [INFO] 2023-04-10 01:50:01.738039 Epoch [45/100] batch [1/391] loss 0.6147 lr 0.05936906572928628 acc 80.47% eta 0:49:03
2023-04-10 01:50:18,956 - __main__ - INFO - [INFO] 2023-04-10 01:50:18.956119 Epoch [45/100] batch [129/391] loss 0.3799 lr 0.05936906572928628 acc 83.59% eta 0:42:37
2023-04-10 01:50:35,833 - __main__ - INFO - [INFO] 2023-04-10 01:50:35.833440 Epoch [45/100] batch [257/391] loss 0.4297 lr 0.05936906572928628 acc 83.59% eta 0:41:56
2023-04-10 01:50:52,970 - __main__ - INFO - [INFO] 2023-04-10 01:50:52.970372 Epoch [45/100] batch [385/391] loss 0.4792 lr 0.05936906572928628 acc 82.03% eta 0:41:46
2023-04-10 01:50:53,745 - __main__ - INFO - Computing epoch 45 validation accuracy...
2023-04-10 01:50:57,562 - __main__ - INFO - Computing epoch 45 validation loss...
2023-04-10 01:51:01,629 - __main__ - INFO - [INFO] 2023-04-10 01:51:01.629013 Epoch [46/100] batch [1/391] loss 0.4375 lr 0.05782172325201159 acc 82.03% eta 0:43:13
2023-04-10 01:51:18,637 - __main__ - INFO - [INFO] 2023-04-10 01:51:18.637188 Epoch [46/100] batch [129/391] loss 0.4888 lr 0.05782172325201159 acc 81.25% eta 0:41:22
2023-04-10 01:51:35,731 - __main__ - INFO - [INFO] 2023-04-10 01:51:35.731677 Epoch [46/100] batch [257/391] loss 0.4836 lr 0.05782172325201159 acc 85.16% eta 0:41:12
2023-04-10 01:51:52,543 - __main__ - INFO - [INFO] 2023-04-10 01:51:52.542931 Epoch [46/100] batch [385/391] loss 0.4509 lr 0.05782172325201159 acc 84.38% eta 0:40:44
2023-04-10 01:51:53,327 - __main__ - INFO - Computing epoch 46 validation accuracy...
2023-04-10 01:51:57,233 - __main__ - INFO - Computing epoch 46 validation loss...
2023-04-10 01:52:01,334 - __main__ - INFO - [INFO] 2023-04-10 01:52:01.334424 Epoch [47/100] batch [1/391] loss 0.4014 lr 0.056266661678215264 acc 85.16% eta 0:43:53
2023-04-10 01:52:18,361 - __main__ - INFO - [INFO] 2023-04-10 01:52:18.361654 Epoch [47/100] batch [129/391] loss 0.5205 lr 0.056266661678215264 acc 84.38% eta 0:40:39
2023-04-10 01:52:35,276 - __main__ - INFO - [INFO] 2023-04-10 01:52:35.276411 Epoch [47/100] batch [257/391] loss 0.5137 lr 0.056266661678215264 acc 78.91% eta 0:40:16
2023-04-10 01:52:52,156 - __main__ - INFO - [INFO] 2023-04-10 01:52:52.156080 Epoch [47/100] batch [385/391] loss 0.4734 lr 0.056266661678215264 acc 75.78% eta 0:39:56
2023-04-10 01:52:52,916 - __main__ - INFO - Computing epoch 47 validation accuracy...
2023-04-10 01:52:56,841 - __main__ - INFO - Computing epoch 47 validation loss...
2023-04-10 01:53:00,944 - __main__ - INFO - [INFO] 2023-04-10 01:53:00.944489 Epoch [48/100] batch [1/391] loss 0.3218 lr 0.05470541566592575 acc 89.06% eta 0:40:32
2023-04-10 01:53:17,825 - __main__ - INFO - [INFO] 2023-04-10 01:53:17.824908 Epoch [48/100] batch [129/391] loss 0.4651 lr 0.05470541566592575 acc 81.25% eta 0:39:26
2023-04-10 01:53:34,707 - __main__ - INFO - [INFO] 2023-04-10 01:53:34.707331 Epoch [48/100] batch [257/391] loss 0.4209 lr 0.05470541566592575 acc 91.41% eta 0:39:10
2023-04-10 01:53:51,960 - __main__ - INFO - [INFO] 2023-04-10 01:53:51.959812 Epoch [48/100] batch [385/391] loss 0.5562 lr 0.05470541566592575 acc 78.91% eta 0:39:15
2023-04-10 01:53:52,915 - __main__ - INFO - Computing epoch 48 validation accuracy...
2023-04-10 01:53:56,997 - __main__ - INFO - Computing epoch 48 validation loss...
2023-04-10 01:54:01,179 - __main__ - INFO - [INFO] 2023-04-10 01:54:01.179801 Epoch [49/100] batch [1/391] loss 0.5044 lr 0.053139525976465714 acc 84.38% eta 0:45:32
2023-04-10 01:54:18,160 - __main__ - INFO - [INFO] 2023-04-10 01:54:18.160159 Epoch [49/100] batch [129/391] loss 0.4038 lr 0.053139525976465714 acc 89.06% eta 0:39:06
2023-04-10 01:54:35,027 - __main__ - INFO - [INFO] 2023-04-10 01:54:35.026484 Epoch [49/100] batch [257/391] loss 0.4233 lr 0.053139525976465714 acc 85.94% eta 0:38:38
2023-04-10 01:54:51,922 - __main__ - INFO - [INFO] 2023-04-10 01:54:51.922390 Epoch [49/100] batch [385/391] loss 0.4109 lr 0.053139525976465714 acc 86.72% eta 0:38:19
2023-04-10 01:54:52,706 - __main__ - INFO - Computing epoch 49 validation accuracy...
2023-04-10 01:54:56,523 - __main__ - INFO - Computing epoch 49 validation loss...
2023-04-10 01:55:00,618 - __main__ - INFO - [INFO] 2023-04-10 01:55:00.618039 Epoch [50/100] batch [1/391] loss 0.5049 lr 0.05157053795390645 acc 82.81% eta 0:44:35
2023-04-10 01:55:17,510 - __main__ - INFO - [INFO] 2023-04-10 01:55:17.510190 Epoch [50/100] batch [129/391] loss 0.3545 lr 0.05157053795390645 acc 78.91% eta 0:37:59
2023-04-10 01:55:34,347 - __main__ - INFO - [INFO] 2023-04-10 01:55:34.347044 Epoch [50/100] batch [257/391] loss 0.4512 lr 0.05157053795390645 acc 80.47% eta 0:37:41
2023-04-10 01:55:51,301 - __main__ - INFO - [INFO] 2023-04-10 01:55:51.301269 Epoch [50/100] batch [385/391] loss 0.4189 lr 0.05157053795390645 acc 88.28% eta 0:37:32
2023-04-10 01:55:52,096 - __main__ - INFO - Computing epoch 50 validation accuracy...
2023-04-10 01:55:56,146 - __main__ - INFO - Computing epoch 50 validation loss...
2023-04-10 01:56:00,284 - __main__ - INFO - [INFO] 2023-04-10 01:56:00.284020 Epoch [51/100] batch [1/391] loss 0.4934 lr 0.05000000000000004 acc 86.72% eta 0:41:26
2023-04-10 01:56:17,326 - __main__ - INFO - [INFO] 2023-04-10 01:56:17.326535 Epoch [51/100] batch [129/391] loss 0.3762 lr 0.05000000000000004 acc 85.94% eta 0:37:37
2023-04-10 01:56:34,122 - __main__ - INFO - [INFO] 2023-04-10 01:56:34.121977 Epoch [51/100] batch [257/391] loss 0.3984 lr 0.05000000000000004 acc 87.50% eta 0:37:03
2023-04-10 01:56:51,026 - __main__ - INFO - [INFO] 2023-04-10 01:56:51.026419 Epoch [51/100] batch [385/391] loss 0.5239 lr 0.05000000000000004 acc 85.16% eta 0:36:47
2023-04-10 01:56:51,798 - __main__ - INFO - Computing epoch 51 validation accuracy...
2023-04-10 01:56:55,641 - __main__ - INFO - Computing epoch 51 validation loss...
2023-04-10 01:56:59,779 - __main__ - INFO - [INFO] 2023-04-10 01:56:59.778966 Epoch [52/100] batch [1/391] loss 0.4753 lr 0.04842946204609362 acc 78.12% eta 0:40:05
2023-04-10 01:57:16,751 - __main__ - INFO - [INFO] 2023-04-10 01:57:16.751137 Epoch [52/100] batch [129/391] loss 0.3809 lr 0.04842946204609362 acc 90.62% eta 0:36:40
2023-04-10 01:57:33,759 - __main__ - INFO - [INFO] 2023-04-10 01:57:33.759024 Epoch [52/100] batch [257/391] loss 0.3071 lr 0.04842946204609362 acc 92.97% eta 0:36:29
2023-04-10 01:57:51,001 - __main__ - INFO - [INFO] 2023-04-10 01:57:51.000953 Epoch [52/100] batch [385/391] loss 0.4136 lr 0.04842946204609362 acc 80.47% eta 0:36:26
2023-04-10 01:57:51,766 - __main__ - INFO - Computing epoch 52 validation accuracy...
2023-04-10 01:57:55,697 - __main__ - INFO - Computing epoch 52 validation loss...
2023-04-10 01:57:59,809 - __main__ - INFO - [INFO] 2023-04-10 01:57:59.809233 Epoch [53/100] batch [1/391] loss 0.5146 lr 0.04686047402353437 acc 72.66% eta 0:37:42
2023-04-10 01:58:16,746 - __main__ - INFO - [INFO] 2023-04-10 01:58:16.745970 Epoch [53/100] batch [129/391] loss 0.3391 lr 0.04686047402353437 acc 89.06% eta 0:35:58
2023-04-10 01:58:33,774 - __main__ - INFO - [INFO] 2023-04-10 01:58:33.774754 Epoch [53/100] batch [257/391] loss 0.5454 lr 0.04686047402353437 acc 82.03% eta 0:35:44
2023-04-10 01:58:50,860 - __main__ - INFO - [INFO] 2023-04-10 01:58:50.859984 Epoch [53/100] batch [385/391] loss 0.4341 lr 0.04686047402353437 acc 77.34% eta 0:35:34
2023-04-10 01:58:51,637 - __main__ - INFO - Computing epoch 53 validation accuracy...
2023-04-10 01:58:55,517 - __main__ - INFO - Computing epoch 53 validation loss...
2023-04-10 01:58:59,664 - __main__ - INFO - [INFO] 2023-04-10 01:58:59.664249 Epoch [54/100] batch [1/391] loss 0.4294 lr 0.045294584334074316 acc 89.06% eta 0:38:10
2023-04-10 01:59:16,515 - __main__ - INFO - [INFO] 2023-04-10 01:59:16.515459 Epoch [54/100] batch [129/391] loss 0.4150 lr 0.045294584334074316 acc 89.06% eta 0:34:55
2023-04-10 01:59:33,470 - __main__ - INFO - [INFO] 2023-04-10 01:59:33.470557 Epoch [54/100] batch [257/391] loss 0.4485 lr 0.045294584334074316 acc 87.50% eta 0:34:45
2023-04-10 01:59:50,533 - __main__ - INFO - [INFO] 2023-04-10 01:59:50.532813 Epoch [54/100] batch [385/391] loss 0.3442 lr 0.045294584334074316 acc 89.06% eta 0:34:38
2023-04-10 01:59:51,319 - __main__ - INFO - Computing epoch 54 validation accuracy...
2023-04-10 01:59:55,235 - __main__ - INFO - Computing epoch 54 validation loss...
2023-04-10 01:59:59,400 - __main__ - INFO - [INFO] 2023-04-10 01:59:59.400174 Epoch [55/100] batch [1/391] loss 0.4297 lr 0.043733338321784825 acc 83.59% eta 0:35:35
2023-04-10 02:00:16,317 - __main__ - INFO - [INFO] 2023-04-10 02:00:16.317420 Epoch [55/100] batch [129/391] loss 0.5166 lr 0.043733338321784825 acc 85.16% eta 0:34:17
2023-04-10 02:00:33,214 - __main__ - INFO - [INFO] 2023-04-10 02:00:33.214623 Epoch [55/100] batch [257/391] loss 0.4888 lr 0.043733338321784825 acc 86.72% eta 0:34:03
2023-04-10 02:00:50,231 - __main__ - INFO - [INFO] 2023-04-10 02:00:50.230865 Epoch [55/100] batch [385/391] loss 0.4038 lr 0.043733338321784825 acc 80.47% eta 0:33:52
2023-04-10 02:00:50,991 - __main__ - INFO - Computing epoch 55 validation accuracy...
2023-04-10 02:00:54,953 - __main__ - INFO - Computing epoch 55 validation loss...
2023-04-10 02:00:59,098 - __main__ - INFO - [INFO] 2023-04-10 02:00:59.098451 Epoch [56/100] batch [1/391] loss 0.3655 lr 0.042178276747988484 acc 90.62% eta 0:38:22
2023-04-10 02:01:16,521 - __main__ - INFO - [INFO] 2023-04-10 02:01:16.521397 Epoch [56/100] batch [129/391] loss 0.3376 lr 0.042178276747988484 acc 89.84% eta 0:34:48
2023-04-10 02:01:33,535 - __main__ - INFO - [INFO] 2023-04-10 02:01:33.534854 Epoch [56/100] batch [257/391] loss 0.2812 lr 0.042178276747988484 acc 91.41% eta 0:34:03
2023-04-10 02:01:50,393 - __main__ - INFO - [INFO] 2023-04-10 02:01:50.392960 Epoch [56/100] batch [385/391] loss 0.4902 lr 0.042178276747988484 acc 83.59% eta 0:33:31
2023-04-10 02:01:51,149 - __main__ - INFO - Computing epoch 56 validation accuracy...
2023-04-10 02:01:54,981 - __main__ - INFO - Computing epoch 56 validation loss...
2023-04-10 02:01:59,121 - __main__ - INFO - [INFO] 2023-04-10 02:01:59.121216 Epoch [57/100] batch [1/391] loss 0.4763 lr 0.0406309342707138 acc 82.81% eta 0:35:57
2023-04-10 02:02:16,132 - __main__ - INFO - [INFO] 2023-04-10 02:02:16.131899 Epoch [57/100] batch [129/391] loss 0.5259 lr 0.0406309342707138 acc 78.12% eta 0:33:02
2023-04-10 02:02:33,276 - __main__ - INFO - [INFO] 2023-04-10 02:02:33.276752 Epoch [57/100] batch [257/391] loss 0.4329 lr 0.0406309342707138 acc 86.72% eta 0:32:52
2023-04-10 02:02:50,232 - __main__ - INFO - [INFO] 2023-04-10 02:02:50.232289 Epoch [57/100] batch [385/391] loss 0.4634 lr 0.0406309342707138 acc 85.94% eta 0:32:32
2023-04-10 02:02:51,005 - __main__ - INFO - Computing epoch 57 validation accuracy...
2023-04-10 02:02:54,893 - __main__ - INFO - Computing epoch 57 validation loss...
2023-04-10 02:02:59,086 - __main__ - INFO - [INFO] 2023-04-10 02:02:59.086697 Epoch [58/100] batch [1/391] loss 0.2649 lr 0.039092837930172916 acc 89.84% eta 0:41:42
2023-04-10 02:03:16,089 - __main__ - INFO - [INFO] 2023-04-10 02:03:16.088940 Epoch [58/100] batch [129/391] loss 0.4070 lr 0.039092837930172916 acc 84.38% eta 0:32:12
2023-04-10 02:03:32,992 - __main__ - INFO - [INFO] 2023-04-10 02:03:32.992539 Epoch [58/100] batch [257/391] loss 0.3452 lr 0.039092837930172916 acc 86.72% eta 0:31:51
2023-04-10 02:03:49,761 - __main__ - INFO - [INFO] 2023-04-10 02:03:49.761713 Epoch [58/100] batch [385/391] loss 0.3623 lr 0.039092837930172916 acc 86.72% eta 0:31:28
2023-04-10 02:03:50,537 - __main__ - INFO - Computing epoch 58 validation accuracy...
2023-04-10 02:03:54,380 - __main__ - INFO - Computing epoch 58 validation loss...
2023-04-10 02:03:58,430 - __main__ - INFO - [INFO] 2023-04-10 02:03:58.430831 Epoch [59/100] batch [1/391] loss 0.4058 lr 0.037565505641757285 acc 89.06% eta 0:35:27
2023-04-10 02:04:15,370 - __main__ - INFO - [INFO] 2023-04-10 02:04:15.370646 Epoch [59/100] batch [129/391] loss 0.3750 lr 0.037565505641757285 acc 87.50% eta 0:31:25
2023-04-10 02:04:32,400 - __main__ - INFO - [INFO] 2023-04-10 02:04:32.400570 Epoch [59/100] batch [257/391] loss 0.3918 lr 0.037565505641757285 acc 86.72% eta 0:31:11
2023-04-10 02:04:49,161 - __main__ - INFO - [INFO] 2023-04-10 02:04:49.161226 Epoch [59/100] batch [385/391] loss 0.3325 lr 0.037565505641757285 acc 86.72% eta 0:30:49
2023-04-10 02:04:49,922 - __main__ - INFO - Computing epoch 59 validation accuracy...
2023-04-10 02:04:53,738 - __main__ - INFO - Computing epoch 59 validation loss...
2023-04-10 02:04:57,940 - __main__ - INFO - [INFO] 2023-04-10 02:04:57.939872 Epoch [60/100] batch [1/391] loss 0.3521 lr 0.03605044469803857 acc 87.50% eta 0:32:43
2023-04-10 02:05:15,289 - __main__ - INFO - [INFO] 2023-04-10 02:05:15.289093 Epoch [60/100] batch [129/391] loss 0.2471 lr 0.03605044469803857 acc 92.19% eta 0:31:23
2023-04-10 02:05:32,372 - __main__ - INFO - [INFO] 2023-04-10 02:05:32.372043 Epoch [60/100] batch [257/391] loss 0.4502 lr 0.03605044469803857 acc 82.03% eta 0:30:53
2023-04-10 02:05:49,412 - __main__ - INFO - [INFO] 2023-04-10 02:05:49.412214 Epoch [60/100] batch [385/391] loss 0.3604 lr 0.03605044469803857 acc 89.84% eta 0:30:32
2023-04-10 02:05:50,189 - __main__ - INFO - Computing epoch 60 validation accuracy...
2023-04-10 02:05:54,092 - __main__ - INFO - Computing epoch 60 validation loss...
2023-04-10 02:05:58,259 - __main__ - INFO - [INFO] 2023-04-10 02:05:58.259662 Epoch [61/100] batch [1/391] loss 0.3384 lr 0.034549150281252675 acc 88.28% eta 0:31:45
2023-04-10 02:06:15,248 - __main__ - INFO - [INFO] 2023-04-10 02:06:15.248115 Epoch [61/100] batch [129/391] loss 0.4014 lr 0.034549150281252675 acc 89.84% eta 0:29:56
2023-04-10 02:06:32,145 - __main__ - INFO - [INFO] 2023-04-10 02:06:32.144969 Epoch [61/100] batch [257/391] loss 0.3904 lr 0.034549150281252675 acc 81.25% eta 0:29:37
2023-04-10 02:06:49,230 - __main__ - INFO - [INFO] 2023-04-10 02:06:49.230811 Epoch [61/100] batch [385/391] loss 0.3887 lr 0.034549150281252675 acc 86.72% eta 0:29:27
2023-04-10 02:06:50,011 - __main__ - INFO - Computing epoch 61 validation accuracy...
2023-04-10 02:06:53,907 - __main__ - INFO - Computing epoch 61 validation loss...
2023-04-10 02:06:58,007 - __main__ - INFO - [INFO] 2023-04-10 02:06:58.006985 Epoch [62/100] batch [1/391] loss 0.2278 lr 0.03306310398773546 acc 89.84% eta 0:30:21
2023-04-10 02:07:15,005 - __main__ - INFO - [INFO] 2023-04-10 02:07:15.005730 Epoch [62/100] batch [129/391] loss 0.2876 lr 0.03306310398773546 acc 92.19% eta 0:29:13
2023-04-10 02:07:31,867 - __main__ - INFO - [INFO] 2023-04-10 02:07:31.867552 Epoch [62/100] batch [257/391] loss 0.3186 lr 0.03306310398773546 acc 89.06% eta 0:28:51
2023-04-10 02:07:48,880 - __main__ - INFO - [INFO] 2023-04-10 02:07:48.880381 Epoch [62/100] batch [385/391] loss 0.3672 lr 0.03306310398773546 acc 88.28% eta 0:28:40
2023-04-10 02:07:49,669 - __main__ - INFO - Computing epoch 62 validation accuracy...
2023-04-10 02:07:53,550 - __main__ - INFO - Computing epoch 62 validation loss...
2023-04-10 02:07:57,725 - __main__ - INFO - [INFO] 2023-04-10 02:07:57.725020 Epoch [63/100] batch [1/391] loss 0.2052 lr 0.031593772365766146 acc 96.88% eta 0:30:22
2023-04-10 02:08:14,655 - __main__ - INFO - [INFO] 2023-04-10 02:08:14.655082 Epoch [63/100] batch [129/391] loss 0.4241 lr 0.031593772365766146 acc 91.41% eta 0:28:22
2023-04-10 02:08:31,757 - __main__ - INFO - [INFO] 2023-04-10 02:08:31.756750 Epoch [63/100] batch [257/391] loss 0.3884 lr 0.031593772365766146 acc 86.72% eta 0:28:16
2023-04-10 02:08:48,845 - __main__ - INFO - [INFO] 2023-04-10 02:08:48.845383 Epoch [63/100] batch [385/391] loss 0.3047 lr 0.031593772365766146 acc 92.19% eta 0:28:04
2023-04-10 02:08:49,632 - __main__ - INFO - Computing epoch 63 validation accuracy...
2023-04-10 02:08:53,464 - __main__ - INFO - Computing epoch 63 validation loss...
2023-04-10 02:08:57,669 - __main__ - INFO - [INFO] 2023-04-10 02:08:57.668793 Epoch [64/100] batch [1/391] loss 0.3206 lr 0.030142605468260992 acc 92.19% eta 0:30:17
2023-04-10 02:09:14,643 - __main__ - INFO - [INFO] 2023-04-10 02:09:14.643675 Epoch [64/100] batch [129/391] loss 0.3879 lr 0.030142605468260992 acc 89.84% eta 0:27:31
2023-04-10 02:09:31,589 - __main__ - INFO - [INFO] 2023-04-10 02:09:31.589002 Epoch [64/100] batch [257/391] loss 0.3660 lr 0.030142605468260992 acc 88.28% eta 0:27:17
2023-04-10 02:09:48,595 - __main__ - INFO - [INFO] 2023-04-10 02:09:48.595444 Epoch [64/100] batch [385/391] loss 0.5034 lr 0.030142605468260992 acc 79.69% eta 0:27:06
2023-04-10 02:09:49,363 - __main__ - INFO - Computing epoch 64 validation accuracy...
2023-04-10 02:09:53,259 - __main__ - INFO - Computing epoch 64 validation loss...
2023-04-10 02:09:57,434 - __main__ - INFO - [INFO] 2023-04-10 02:09:57.434430 Epoch [65/100] batch [1/391] loss 0.2593 lr 0.028711035421746394 acc 91.41% eta 0:31:11
2023-04-10 02:10:14,410 - __main__ - INFO - [INFO] 2023-04-10 02:10:14.409922 Epoch [65/100] batch [129/391] loss 0.2971 lr 0.028711035421746394 acc 92.97% eta 0:26:57
2023-04-10 02:10:31,219 - __main__ - INFO - [INFO] 2023-04-10 02:10:31.219494 Epoch [65/100] batch [257/391] loss 0.2686 lr 0.028711035421746394 acc 92.19% eta 0:26:32
2023-04-10 02:10:48,218 - __main__ - INFO - [INFO] 2023-04-10 02:10:48.218090 Epoch [65/100] batch [385/391] loss 0.1704 lr 0.028711035421746394 acc 96.09% eta 0:26:20
2023-04-10 02:10:49,002 - __main__ - INFO - Computing epoch 65 validation accuracy...
2023-04-10 02:10:52,855 - __main__ - INFO - Computing epoch 65 validation loss...
2023-04-10 02:10:56,978 - __main__ - INFO - [INFO] 2023-04-10 02:10:56.977921 Epoch [66/100] batch [1/391] loss 0.2568 lr 0.027300475013022688 acc 92.19% eta 0:28:03
2023-04-10 02:11:15,877 - __main__ - INFO - [INFO] 2023-04-10 02:11:15.877133 Epoch [66/100] batch [129/391] loss 0.3884 lr 0.027300475013022688 acc 83.59% eta 0:29:33
2023-04-10 02:11:34,794 - __main__ - INFO - [INFO] 2023-04-10 02:11:34.794233 Epoch [66/100] batch [257/391] loss 0.2404 lr 0.027300475013022688 acc 94.53% eta 0:29:17
2023-04-10 02:11:53,761 - __main__ - INFO - [INFO] 2023-04-10 02:11:53.761427 Epoch [66/100] batch [385/391] loss 0.3235 lr 0.027300475013022688 acc 92.97% eta 0:29:04
2023-04-10 02:11:54,611 - __main__ - INFO - Computing epoch 66 validation accuracy...
2023-04-10 02:11:58,480 - __main__ - INFO - Computing epoch 66 validation loss...
2023-04-10 02:12:02,570 - __main__ - INFO - [INFO] 2023-04-10 02:12:02.570256 Epoch [67/100] batch [1/391] loss 0.3384 lr 0.025912316294914254 acc 87.50% eta 0:31:35
2023-04-10 02:12:19,588 - __main__ - INFO - [INFO] 2023-04-10 02:12:19.588014 Epoch [67/100] batch [129/391] loss 0.3901 lr 0.025912316294914254 acc 85.94% eta 0:25:28
2023-04-10 02:12:36,668 - __main__ - INFO - [INFO] 2023-04-10 02:12:36.668470 Epoch [67/100] batch [257/391] loss 0.2581 lr 0.025912316294914254 acc 90.62% eta 0:25:17
2023-04-10 02:12:53,846 - __main__ - INFO - [INFO] 2023-04-10 02:12:53.846613 Epoch [67/100] batch [385/391] loss 0.2729 lr 0.025912316294914254 acc 92.97% eta 0:25:05
2023-04-10 02:12:54,638 - __main__ - INFO - Computing epoch 67 validation accuracy...
2023-04-10 02:12:58,483 - __main__ - INFO - Computing epoch 67 validation loss...
2023-04-10 02:13:02,577 - __main__ - INFO - [INFO] 2023-04-10 02:13:02.577474 Epoch [68/100] batch [1/391] loss 0.1092 lr 0.02454792921248146 acc 98.44% eta 0:27:09
2023-04-10 02:13:19,449 - __main__ - INFO - [INFO] 2023-04-10 02:13:19.449191 Epoch [68/100] batch [129/391] loss 0.2983 lr 0.02454792921248146 acc 92.19% eta 0:24:33
2023-04-10 02:13:36,310 - __main__ - INFO - [INFO] 2023-04-10 02:13:36.310430 Epoch [68/100] batch [257/391] loss 0.3169 lr 0.02454792921248146 acc 93.75% eta 0:24:15
2023-04-10 02:13:53,265 - __main__ - INFO - [INFO] 2023-04-10 02:13:53.264983 Epoch [68/100] batch [385/391] loss 0.4314 lr 0.02454792921248146 acc 87.50% eta 0:24:03
2023-04-10 02:13:54,075 - __main__ - INFO - Computing epoch 68 validation accuracy...
2023-04-10 02:13:57,939 - __main__ - INFO - Computing epoch 68 validation loss...
2023-04-10 02:14:02,034 - __main__ - INFO - [INFO] 2023-04-10 02:14:02.034829 Epoch [69/100] batch [1/391] loss 0.2328 lr 0.02320866025105018 acc 94.53% eta 0:24:51
2023-04-10 02:14:19,308 - __main__ - INFO - [INFO] 2023-04-10 02:14:19.308057 Epoch [69/100] batch [129/391] loss 0.2018 lr 0.02320866025105018 acc 94.53% eta 0:24:12
2023-04-10 02:14:36,037 - __main__ - INFO - [INFO] 2023-04-10 02:14:36.037196 Epoch [69/100] batch [257/391] loss 0.2350 lr 0.02320866025105018 acc 94.53% eta 0:23:34
2023-04-10 02:14:52,968 - __main__ - INFO - [INFO] 2023-04-10 02:14:52.968405 Epoch [69/100] batch [385/391] loss 0.2703 lr 0.02320866025105018 acc 92.97% eta 0:23:19
2023-04-10 02:14:53,743 - __main__ - INFO - Computing epoch 69 validation accuracy...
2023-04-10 02:14:57,567 - __main__ - INFO - Computing epoch 69 validation loss...
2023-04-10 02:15:01,825 - __main__ - INFO - [INFO] 2023-04-10 02:15:01.825013 Epoch [70/100] batch [1/391] loss 0.2751 lr 0.021895831107393487 acc 89.06% eta 0:24:35
2023-04-10 02:15:18,735 - __main__ - INFO - [INFO] 2023-04-10 02:15:18.734895 Epoch [70/100] batch [129/391] loss 0.2472 lr 0.021895831107393487 acc 92.97% eta 0:23:02
2023-04-10 02:15:35,561 - __main__ - INFO - [INFO] 2023-04-10 02:15:35.561655 Epoch [70/100] batch [257/391] loss 0.3735 lr 0.021895831107393487 acc 90.62% eta 0:22:43
2023-04-10 02:15:52,589 - __main__ - INFO - [INFO] 2023-04-10 02:15:52.589403 Epoch [70/100] batch [385/391] loss 0.2310 lr 0.021895831107393487 acc 95.31% eta 0:22:34
2023-04-10 02:15:53,385 - __main__ - INFO - Computing epoch 70 validation accuracy...
2023-04-10 02:15:57,245 - __main__ - INFO - Computing epoch 70 validation loss...
2023-04-10 02:16:01,424 - __main__ - INFO - [INFO] 2023-04-10 02:16:01.424005 Epoch [71/100] batch [1/391] loss 0.3457 lr 0.02061073738537637 acc 93.75% eta 0:24:17
2023-04-10 02:16:18,288 - __main__ - INFO - [INFO] 2023-04-10 02:16:18.288639 Epoch [71/100] batch [129/391] loss 0.1738 lr 0.02061073738537637 acc 96.88% eta 0:22:09
2023-04-10 02:16:35,196 - __main__ - INFO - [INFO] 2023-04-10 02:16:35.196545 Epoch [71/100] batch [257/391] loss 0.4016 lr 0.02061073738537637 acc 88.28% eta 0:21:57
2023-04-10 02:16:52,106 - __main__ - INFO - [INFO] 2023-04-10 02:16:52.106643 Epoch [71/100] batch [385/391] loss 0.4304 lr 0.02061073738537637 acc 84.38% eta 0:21:44
2023-04-10 02:16:52,863 - __main__ - INFO - Computing epoch 71 validation accuracy...
2023-04-10 02:16:56,783 - __main__ - INFO - Computing epoch 71 validation loss...
2023-04-10 02:17:00,836 - __main__ - INFO - [INFO] 2023-04-10 02:17:00.836371 Epoch [72/100] batch [1/391] loss 0.3215 lr 0.01935464731735119 acc 92.97% eta 0:22:59
2023-04-10 02:17:17,676 - __main__ - INFO - [INFO] 2023-04-10 02:17:17.676728 Epoch [72/100] batch [129/391] loss 0.2114 lr 0.01935464731735119 acc 92.19% eta 0:21:27
2023-04-10 02:17:34,630 - __main__ - INFO - [INFO] 2023-04-10 02:17:34.629905 Epoch [72/100] batch [257/391] loss 0.3772 lr 0.01935464731735119 acc 90.62% eta 0:21:17
2023-04-10 02:17:51,542 - __main__ - INFO - [INFO] 2023-04-10 02:17:51.541923 Epoch [72/100] batch [385/391] loss 0.1493 lr 0.01935464731735119 acc 96.09% eta 0:21:04
2023-04-10 02:17:52,324 - __main__ - INFO - Computing epoch 72 validation accuracy...
2023-04-10 02:17:56,278 - __main__ - INFO - Computing epoch 72 validation loss...
2023-04-10 02:18:00,447 - __main__ - INFO - [INFO] 2023-04-10 02:18:00.447068 Epoch [73/100] batch [1/391] loss 0.2688 lr 0.018128800512565532 acc 92.19% eta 0:23:20
2023-04-10 02:18:17,264 - __main__ - INFO - [INFO] 2023-04-10 02:18:17.264448 Epoch [73/100] batch [129/391] loss 0.3066 lr 0.018128800512565532 acc 92.97% eta 0:20:37
2023-04-10 02:18:34,219 - __main__ - INFO - [INFO] 2023-04-10 02:18:34.219224 Epoch [73/100] batch [257/391] loss 0.2539 lr 0.018128800512565532 acc 91.41% eta 0:20:30
2023-04-10 02:18:51,180 - __main__ - INFO - [INFO] 2023-04-10 02:18:51.180371 Epoch [73/100] batch [385/391] loss 0.1879 lr 0.018128800512565532 acc 92.97% eta 0:20:17
2023-04-10 02:18:51,945 - __main__ - INFO - Computing epoch 73 validation accuracy...
2023-04-10 02:18:55,902 - __main__ - INFO - Computing epoch 73 validation loss...
2023-04-10 02:18:59,997 - __main__ - INFO - [INFO] 2023-04-10 02:18:59.997089 Epoch [74/100] batch [1/391] loss 0.2496 lr 0.016934406733817433 acc 94.53% eta 0:20:34
2023-04-10 02:19:16,927 - __main__ - INFO - [INFO] 2023-04-10 02:19:16.927706 Epoch [74/100] batch [129/391] loss 0.2233 lr 0.016934406733817433 acc 92.97% eta 0:20:01
2023-04-10 02:19:33,917 - __main__ - INFO - [INFO] 2023-04-10 02:19:33.917305 Epoch [74/100] batch [257/391] loss 0.1761 lr 0.016934406733817433 acc 92.97% eta 0:19:51
2023-04-10 02:19:51,190 - __main__ - INFO - [INFO] 2023-04-10 02:19:51.190338 Epoch [74/100] batch [385/391] loss 0.1758 lr 0.016934406733817433 acc 94.53% eta 0:19:43
2023-04-10 02:19:51,968 - __main__ - INFO - Computing epoch 74 validation accuracy...
2023-04-10 02:19:55,846 - __main__ - INFO - Computing epoch 74 validation loss...
2023-04-10 02:20:00,014 - __main__ - INFO - [INFO] 2023-04-10 02:20:00.014658 Epoch [75/100] batch [1/391] loss 0.1750 lr 0.01577264470356558 acc 94.53% eta 0:21:43
2023-04-10 02:20:17,329 - __main__ - INFO - [INFO] 2023-04-10 02:20:17.328934 Epoch [75/100] batch [129/391] loss 0.2205 lr 0.01577264470356558 acc 95.31% eta 0:19:47
2023-04-10 02:20:34,350 - __main__ - INFO - [INFO] 2023-04-10 02:20:34.350308 Epoch [75/100] batch [257/391] loss 0.1729 lr 0.01577264470356558 acc 96.88% eta 0:19:20
2023-04-10 02:20:51,211 - __main__ - INFO - [INFO] 2023-04-10 02:20:51.211329 Epoch [75/100] batch [385/391] loss 0.2120 lr 0.01577264470356558 acc 94.53% eta 0:18:58
2023-04-10 02:20:51,981 - __main__ - INFO - Computing epoch 75 validation accuracy...
2023-04-10 02:20:55,825 - __main__ - INFO - Computing epoch 75 validation loss...
2023-04-10 02:20:59,980 - __main__ - INFO - [INFO] 2023-04-10 02:20:59.980695 Epoch [76/100] batch [1/391] loss 0.1797 lr 0.014644660940672643 acc 94.53% eta 0:20:27
2023-04-10 02:21:16,843 - __main__ - INFO - [INFO] 2023-04-10 02:21:16.842834 Epoch [76/100] batch [129/391] loss 0.2393 lr 0.014644660940672643 acc 95.31% eta 0:18:31
2023-04-10 02:21:33,673 - __main__ - INFO - [INFO] 2023-04-10 02:21:33.673290 Epoch [76/100] batch [257/391] loss 0.2632 lr 0.014644660940672643 acc 93.75% eta 0:18:14
2023-04-10 02:21:50,402 - __main__ - INFO - [INFO] 2023-04-10 02:21:50.402621 Epoch [76/100] batch [385/391] loss 0.2343 lr 0.014644660940672643 acc 94.53% eta 0:17:56
2023-04-10 02:21:51,172 - __main__ - INFO - Computing epoch 76 validation accuracy...
2023-04-10 02:21:55,135 - __main__ - INFO - Computing epoch 76 validation loss...
2023-04-10 02:21:59,283 - __main__ - INFO - [INFO] 2023-04-10 02:21:59.283787 Epoch [77/100] batch [1/391] loss 0.2072 lr 0.013551568628929448 acc 95.31% eta 0:18:45
2023-04-10 02:22:16,171 - __main__ - INFO - [INFO] 2023-04-10 02:22:16.170779 Epoch [77/100] batch [129/391] loss 0.3438 lr 0.013551568628929448 acc 92.19% eta 0:17:44
2023-04-10 02:22:33,040 - __main__ - INFO - [INFO] 2023-04-10 02:22:33.040721 Epoch [77/100] batch [257/391] loss 0.2085 lr 0.013551568628929448 acc 94.53% eta 0:17:28
2023-04-10 02:22:49,931 - __main__ - INFO - [INFO] 2023-04-10 02:22:49.931329 Epoch [77/100] batch [385/391] loss 0.2206 lr 0.013551568628929448 acc 92.97% eta 0:17:14
2023-04-10 02:22:50,721 - __main__ - INFO - Computing epoch 77 validation accuracy...
2023-04-10 02:22:54,665 - __main__ - INFO - Computing epoch 77 validation loss...
2023-04-10 02:22:58,877 - __main__ - INFO - [INFO] 2023-04-10 02:22:58.877556 Epoch [78/100] batch [1/391] loss 0.1942 lr 0.012494446518477033 acc 95.31% eta 0:18:30
2023-04-10 02:23:15,754 - __main__ - INFO - [INFO] 2023-04-10 02:23:15.753985 Epoch [78/100] batch [129/391] loss 0.2588 lr 0.012494446518477033 acc 93.75% eta 0:16:58
2023-04-10 02:23:32,871 - __main__ - INFO - [INFO] 2023-04-10 02:23:32.870886 Epoch [78/100] batch [257/391] loss 0.2842 lr 0.012494446518477033 acc 93.75% eta 0:16:51
2023-04-10 02:23:49,833 - __main__ - INFO - [INFO] 2023-04-10 02:23:49.833394 Epoch [78/100] batch [385/391] loss 0.1995 lr 0.012494446518477033 acc 93.75% eta 0:16:36
2023-04-10 02:23:50,613 - __main__ - INFO - Computing epoch 78 validation accuracy...
2023-04-10 02:23:54,480 - __main__ - INFO - Computing epoch 78 validation loss...
2023-04-10 02:23:58,613 - __main__ - INFO - [INFO] 2023-04-10 02:23:58.613800 Epoch [79/100] batch [1/391] loss 0.1864 lr 0.011474337861210555 acc 94.53% eta 0:18:36
2023-04-10 02:24:15,429 - __main__ - INFO - [INFO] 2023-04-10 02:24:15.428851 Epoch [79/100] batch [129/391] loss 0.1184 lr 0.011474337861210555 acc 98.44% eta 0:16:09
2023-04-10 02:24:32,588 - __main__ - INFO - [INFO] 2023-04-10 02:24:32.588808 Epoch [79/100] batch [257/391] loss 0.1844 lr 0.011474337861210555 acc 94.53% eta 0:16:06
2023-04-10 02:24:49,530 - __main__ - INFO - [INFO] 2023-04-10 02:24:49.530534 Epoch [79/100] batch [385/391] loss 0.2258 lr 0.011474337861210555 acc 92.97% eta 0:15:51
2023-04-10 02:24:50,312 - __main__ - INFO - Computing epoch 79 validation accuracy...
2023-04-10 02:24:54,151 - __main__ - INFO - Computing epoch 79 validation loss...
2023-04-10 02:24:58,308 - __main__ - INFO - [INFO] 2023-04-10 02:24:58.308586 Epoch [80/100] batch [1/391] loss 0.1718 lr 0.01049224938121549 acc 92.97% eta 0:17:33
2023-04-10 02:25:15,163 - __main__ - INFO - [INFO] 2023-04-10 02:25:15.163380 Epoch [80/100] batch [129/391] loss 0.1926 lr 0.01049224938121549 acc 92.97% eta 0:15:30
2023-04-10 02:25:32,037 - __main__ - INFO - [INFO] 2023-04-10 02:25:32.037046 Epoch [80/100] batch [257/391] loss 0.2798 lr 0.01049224938121549 acc 94.53% eta 0:15:14
2023-04-10 02:25:48,967 - __main__ - INFO - [INFO] 2023-04-10 02:25:48.967604 Epoch [80/100] batch [385/391] loss 0.2078 lr 0.01049224938121549 acc 94.53% eta 0:15:01
2023-04-10 02:25:49,726 - __main__ - INFO - Computing epoch 80 validation accuracy...
2023-04-10 02:25:53,564 - __main__ - INFO - Computing epoch 80 validation loss...
2023-04-10 02:25:57,615 - __main__ - INFO - [INFO] 2023-04-10 02:25:57.615362 Epoch [81/100] batch [1/391] loss 0.2230 lr 0.009549150281252642 acc 92.97% eta 0:15:49
2023-04-10 02:26:14,753 - __main__ - INFO - [INFO] 2023-04-10 02:26:14.753188 Epoch [81/100] batch [129/391] loss 0.1318 lr 0.009549150281252642 acc 97.66% eta 0:14:57
2023-04-10 02:26:31,748 - __main__ - INFO - [INFO] 2023-04-10 02:26:31.748358 Epoch [81/100] batch [257/391] loss 0.1543 lr 0.009549150281252642 acc 95.31% eta 0:14:39
2023-04-10 02:26:48,636 - __main__ - INFO - [INFO] 2023-04-10 02:26:48.636601 Epoch [81/100] batch [385/391] loss 0.1880 lr 0.009549150281252642 acc 96.09% eta 0:14:21
2023-04-10 02:26:49,407 - __main__ - INFO - Computing epoch 81 validation accuracy...
2023-04-10 02:26:53,277 - __main__ - INFO - Computing epoch 81 validation loss...
2023-04-10 02:26:57,437 - __main__ - INFO - [INFO] 2023-04-10 02:26:57.437382 Epoch [82/100] batch [1/391] loss 0.1326 lr 0.008645971286271922 acc 97.66% eta 0:14:51
2023-04-10 02:27:14,346 - __main__ - INFO - [INFO] 2023-04-10 02:27:14.346812 Epoch [82/100] batch [129/391] loss 0.1963 lr 0.008645971286271922 acc 94.53% eta 0:14:00
2023-04-10 02:27:31,533 - __main__ - INFO - [INFO] 2023-04-10 02:27:31.533686 Epoch [82/100] batch [257/391] loss 0.1198 lr 0.008645971286271922 acc 96.88% eta 0:13:53
2023-04-10 02:27:48,477 - __main__ - INFO - [INFO] 2023-04-10 02:27:48.477790 Epoch [82/100] batch [385/391] loss 0.2194 lr 0.008645971286271922 acc 92.97% eta 0:13:36
2023-04-10 02:27:49,256 - __main__ - INFO - Computing epoch 82 validation accuracy...
2023-04-10 02:27:53,121 - __main__ - INFO - Computing epoch 82 validation loss...
2023-04-10 02:27:57,258 - __main__ - INFO - [INFO] 2023-04-10 02:27:57.258544 Epoch [83/100] batch [1/391] loss 0.1467 lr 0.007783603724899264 acc 96.09% eta 0:14:02
2023-04-10 02:28:14,028 - __main__ - INFO - [INFO] 2023-04-10 02:28:14.027895 Epoch [83/100] batch [129/391] loss 0.1240 lr 0.007783603724899264 acc 98.44% eta 0:13:07
2023-04-10 02:28:30,854 - __main__ - INFO - [INFO] 2023-04-10 02:28:30.854493 Epoch [83/100] batch [257/391] loss 0.2075 lr 0.007783603724899264 acc 96.09% eta 0:12:54
2023-04-10 02:28:47,658 - __main__ - INFO - [INFO] 2023-04-10 02:28:47.658491 Epoch [83/100] batch [385/391] loss 0.1447 lr 0.007783603724899264 acc 96.09% eta 0:12:40
2023-04-10 02:28:48,437 - __main__ - INFO - Computing epoch 83 validation accuracy...
2023-04-10 02:28:52,315 - __main__ - INFO - Computing epoch 83 validation loss...
2023-04-10 02:28:56,351 - __main__ - INFO - [INFO] 2023-04-10 02:28:56.351461 Epoch [84/100] batch [1/391] loss 0.1406 lr 0.006962898649802819 acc 96.88% eta 0:13:40
2023-04-10 02:29:13,215 - __main__ - INFO - [INFO] 2023-04-10 02:29:13.215373 Epoch [84/100] batch [129/391] loss 0.1389 lr 0.006962898649802819 acc 97.66% eta 0:12:30
2023-04-10 02:29:30,132 - __main__ - INFO - [INFO] 2023-04-10 02:29:30.132565 Epoch [84/100] batch [257/391] loss 0.1514 lr 0.006962898649802819 acc 96.09% eta 0:12:15
2023-04-10 02:29:46,985 - __main__ - INFO - [INFO] 2023-04-10 02:29:46.985054 Epoch [84/100] batch [385/391] loss 0.1105 lr 0.006962898649802819 acc 97.66% eta 0:11:59
2023-04-10 02:29:47,789 - __main__ - INFO - Computing epoch 84 validation accuracy...
2023-04-10 02:29:51,659 - __main__ - INFO - Computing epoch 84 validation loss...
2023-04-10 02:29:55,751 - __main__ - INFO - [INFO] 2023-04-10 02:29:55.751647 Epoch [85/100] batch [1/391] loss 0.0680 lr 0.0061846659978068265 acc 97.66% eta 0:12:15
2023-04-10 02:30:12,713 - __main__ - INFO - [INFO] 2023-04-10 02:30:12.712850 Epoch [85/100] batch [129/391] loss 0.1377 lr 0.0061846659978068265 acc 96.09% eta 0:11:47
2023-04-10 02:30:29,770 - __main__ - INFO - [INFO] 2023-04-10 02:30:29.770746 Epoch [85/100] batch [257/391] loss 0.0778 lr 0.0061846659978068265 acc 98.44% eta 0:11:36
2023-04-10 02:30:46,744 - __main__ - INFO - [INFO] 2023-04-10 02:30:46.744440 Epoch [85/100] batch [385/391] loss 0.0981 lr 0.0061846659978068265 acc 96.88% eta 0:11:20
2023-04-10 02:30:47,516 - __main__ - INFO - Computing epoch 85 validation accuracy...
2023-04-10 02:30:51,441 - __main__ - INFO - Computing epoch 85 validation loss...
2023-04-10 02:30:55,561 - __main__ - INFO - [INFO] 2023-04-10 02:30:55.561497 Epoch [86/100] batch [1/391] loss 0.1019 lr 0.005449673790581615 acc 94.53% eta 0:11:22
2023-04-10 02:31:12,461 - __main__ - INFO - [INFO] 2023-04-10 02:31:12.460993 Epoch [86/100] batch [129/391] loss 0.2133 lr 0.005449673790581615 acc 98.44% eta 0:11:00
2023-04-10 02:31:29,304 - __main__ - INFO - [INFO] 2023-04-10 02:31:29.304202 Epoch [86/100] batch [257/391] loss 0.1221 lr 0.005449673790581615 acc 96.88% eta 0:10:45
2023-04-10 02:31:46,061 - __main__ - INFO - [INFO] 2023-04-10 02:31:46.061655 Epoch [86/100] batch [385/391] loss 0.1260 lr 0.005449673790581615 acc 96.09% eta 0:10:28
2023-04-10 02:31:46,835 - __main__ - INFO - Computing epoch 86 validation accuracy...
2023-04-10 02:31:50,675 - __main__ - INFO - Computing epoch 86 validation loss...
2023-04-10 02:31:54,786 - __main__ - INFO - [INFO] 2023-04-10 02:31:54.786456 Epoch [87/100] batch [1/391] loss 0.1069 lr 0.004758647376699036 acc 96.88% eta 0:11:12
2023-04-10 02:32:11,698 - __main__ - INFO - [INFO] 2023-04-10 02:32:11.698456 Epoch [87/100] batch [129/391] loss 0.0831 lr 0.004758647376699036 acc 98.44% eta 0:10:18
2023-04-10 02:32:28,692 - __main__ - INFO - [INFO] 2023-04-10 02:32:28.692374 Epoch [87/100] batch [257/391] loss 0.0845 lr 0.004758647376699036 acc 97.66% eta 0:10:04
2023-04-10 02:32:45,447 - __main__ - INFO - [INFO] 2023-04-10 02:32:45.447540 Epoch [87/100] batch [385/391] loss 0.1165 lr 0.004758647376699036 acc 96.88% eta 0:09:46
2023-04-10 02:32:46,220 - __main__ - INFO - Computing epoch 87 validation accuracy...
2023-04-10 02:32:50,141 - __main__ - INFO - Computing epoch 87 validation loss...
2023-04-10 02:32:54,326 - __main__ - INFO - [INFO] 2023-04-10 02:32:54.326293 Epoch [88/100] batch [1/391] loss 0.1409 lr 0.004112268715800957 acc 96.09% eta 0:10:43
2023-04-10 02:33:11,255 - __main__ - INFO - [INFO] 2023-04-10 02:33:11.254877 Epoch [88/100] batch [129/391] loss 0.0854 lr 0.004112268715800957 acc 96.88% eta 0:09:32
2023-04-10 02:33:28,210 - __main__ - INFO - [INFO] 2023-04-10 02:33:28.210095 Epoch [88/100] batch [257/391] loss 0.0931 lr 0.004112268715800957 acc 99.22% eta 0:09:18
2023-04-10 02:33:45,216 - __main__ - INFO - [INFO] 2023-04-10 02:33:45.216017 Epoch [88/100] batch [385/391] loss 0.1780 lr 0.004112268715800957 acc 96.88% eta 0:09:04
2023-04-10 02:33:45,994 - __main__ - INFO - Computing epoch 88 validation accuracy...
2023-04-10 02:33:49,845 - __main__ - INFO - Computing epoch 88 validation loss...
2023-04-10 02:33:54,002 - __main__ - INFO - [INFO] 2023-04-10 02:33:54.002347 Epoch [89/100] batch [1/391] loss 0.1295 lr 0.003511175705587435 acc 95.31% eta 0:10:18
2023-04-10 02:34:10,992 - __main__ - INFO - [INFO] 2023-04-10 02:34:10.992208 Epoch [89/100] batch [129/391] loss 0.0948 lr 0.003511175705587435 acc 97.66% eta 0:08:49
2023-04-10 02:34:27,778 - __main__ - INFO - [INFO] 2023-04-10 02:34:27.778553 Epoch [89/100] batch [257/391] loss 0.0767 lr 0.003511175705587435 acc 97.66% eta 0:08:30
2023-04-10 02:34:44,713 - __main__ - INFO - [INFO] 2023-04-10 02:34:44.713787 Epoch [89/100] batch [385/391] loss 0.1565 lr 0.003511175705587435 acc 97.66% eta 0:08:16
2023-04-10 02:34:45,505 - __main__ - INFO - Computing epoch 89 validation accuracy...
2023-04-10 02:34:49,346 - __main__ - INFO - Computing epoch 89 validation loss...
2023-04-10 02:34:53,514 - __main__ - INFO - [INFO] 2023-04-10 02:34:53.513916 Epoch [90/100] batch [1/391] loss 0.1116 lr 0.0029559615522887295 acc 97.66% eta 0:09:03
2023-04-10 02:35:10,358 - __main__ - INFO - [INFO] 2023-04-10 02:35:10.358165 Epoch [90/100] batch [129/391] loss 0.1482 lr 0.0029559615522887295 acc 98.44% eta 0:08:00
2023-04-10 02:35:27,380 - __main__ - INFO - [INFO] 2023-04-10 02:35:27.379969 Epoch [90/100] batch [257/391] loss 0.0554 lr 0.0029559615522887295 acc 100.00% eta 0:07:47
2023-04-10 02:35:44,252 - __main__ - INFO - [INFO] 2023-04-10 02:35:44.252058 Epoch [90/100] batch [385/391] loss 0.0765 lr 0.0029559615522887295 acc 97.66% eta 0:07:31
2023-04-10 02:35:45,058 - __main__ - INFO - Computing epoch 90 validation accuracy...
2023-04-10 02:35:49,159 - __main__ - INFO - Computing epoch 90 validation loss...
2023-04-10 02:35:53,273 - __main__ - INFO - [INFO] 2023-04-10 02:35:53.273427 Epoch [91/100] batch [1/391] loss 0.1156 lr 0.0024471741852423253 acc 96.09% eta 0:08:18
2023-04-10 02:36:10,213 - __main__ - INFO - [INFO] 2023-04-10 02:36:10.213111 Epoch [91/100] batch [129/391] loss 0.0753 lr 0.0024471741852423253 acc 96.88% eta 0:07:16
2023-04-10 02:36:27,121 - __main__ - INFO - [INFO] 2023-04-10 02:36:27.121188 Epoch [91/100] batch [257/391] loss 0.1583 lr 0.0024471741852423253 acc 94.53% eta 0:07:01
2023-04-10 02:36:44,070 - __main__ - INFO - [INFO] 2023-04-10 02:36:44.069924 Epoch [91/100] batch [385/391] loss 0.0743 lr 0.0024471741852423253 acc 97.66% eta 0:06:46
2023-04-10 02:36:44,842 - __main__ - INFO - Computing epoch 91 validation accuracy...
2023-04-10 02:36:48,674 - __main__ - INFO - Computing epoch 91 validation loss...
2023-04-10 02:36:52,803 - __main__ - INFO - [INFO] 2023-04-10 02:36:52.803620 Epoch [92/100] batch [1/391] loss 0.0782 lr 0.0019853157161528537 acc 98.44% eta 0:06:52
2023-04-10 02:37:09,574 - __main__ - INFO - [INFO] 2023-04-10 02:37:09.574182 Epoch [92/100] batch [129/391] loss 0.0710 lr 0.0019853157161528537 acc 98.44% eta 0:06:28
2023-04-10 02:37:26,425 - __main__ - INFO - [INFO] 2023-04-10 02:37:26.425714 Epoch [92/100] batch [257/391] loss 0.1515 lr 0.0019853157161528537 acc 95.31% eta 0:06:14
2023-04-10 02:37:43,180 - __main__ - INFO - [INFO] 2023-04-10 02:37:43.180695 Epoch [92/100] batch [385/391] loss 0.0571 lr 0.0019853157161528537 acc 100.00% eta 0:05:59
2023-04-10 02:37:43,950 - __main__ - INFO - Computing epoch 92 validation accuracy...
2023-04-10 02:37:47,822 - __main__ - INFO - Computing epoch 92 validation loss...
2023-04-10 02:37:51,864 - __main__ - INFO - [INFO] 2023-04-10 02:37:51.864932 Epoch [93/100] batch [1/391] loss 0.1130 lr 0.0015708419435684529 acc 97.66% eta 0:06:44
2023-04-10 02:38:08,779 - __main__ - INFO - [INFO] 2023-04-10 02:38:08.779404 Epoch [93/100] batch [129/391] loss 0.0681 lr 0.0015708419435684529 acc 98.44% eta 0:05:46
2023-04-10 02:38:25,600 - __main__ - INFO - [INFO] 2023-04-10 02:38:25.600685 Epoch [93/100] batch [257/391] loss 0.0444 lr 0.0015708419435684529 acc 99.22% eta 0:05:30
2023-04-10 02:38:42,446 - __main__ - INFO - [INFO] 2023-04-10 02:38:42.445824 Epoch [93/100] batch [385/391] loss 0.0813 lr 0.0015708419435684529 acc 97.66% eta 0:05:15
2023-04-10 02:38:43,217 - __main__ - INFO - Computing epoch 93 validation accuracy...
2023-04-10 02:38:47,060 - __main__ - INFO - Computing epoch 93 validation loss...
2023-04-10 02:38:51,163 - __main__ - INFO - [INFO] 2023-04-10 02:38:51.163055 Epoch [94/100] batch [1/391] loss 0.0531 lr 0.0012041619030626347 acc 98.44% eta 0:05:26
2023-04-10 02:39:07,971 - __main__ - INFO - [INFO] 2023-04-10 02:39:07.971102 Epoch [94/100] batch [129/391] loss 0.0778 lr 0.0012041619030626347 acc 98.44% eta 0:04:58
2023-04-10 02:39:24,944 - __main__ - INFO - [INFO] 2023-04-10 02:39:24.944142 Epoch [94/100] batch [257/391] loss 0.0562 lr 0.0012041619030626347 acc 97.66% eta 0:04:45
2023-04-10 02:39:41,831 - __main__ - INFO - [INFO] 2023-04-10 02:39:41.831601 Epoch [94/100] batch [385/391] loss 0.0625 lr 0.0012041619030626347 acc 98.44% eta 0:04:30
2023-04-10 02:39:42,595 - __main__ - INFO - Computing epoch 94 validation accuracy...
2023-04-10 02:39:46,433 - __main__ - INFO - Computing epoch 94 validation loss...
2023-04-10 02:39:50,524 - __main__ - INFO - [INFO] 2023-04-10 02:39:50.524283 Epoch [95/100] batch [1/391] loss 0.0514 lr 0.0008856374635655646 acc 99.22% eta 0:04:42
2023-04-10 02:40:07,641 - __main__ - INFO - [INFO] 2023-04-10 02:40:07.641585 Epoch [95/100] batch [129/391] loss 0.0710 lr 0.0008856374635655646 acc 99.22% eta 0:04:19
2023-04-10 02:40:24,573 - __main__ - INFO - [INFO] 2023-04-10 02:40:24.573475 Epoch [95/100] batch [257/391] loss 0.0466 lr 0.0008856374635655646 acc 99.22% eta 0:04:03
2023-04-10 02:40:41,556 - __main__ - INFO - [INFO] 2023-04-10 02:40:41.555973 Epoch [95/100] batch [385/391] loss 0.1067 lr 0.0008856374635655646 acc 96.09% eta 0:03:48
2023-04-10 02:40:42,317 - __main__ - INFO - Computing epoch 95 validation accuracy...
2023-04-10 02:40:46,172 - __main__ - INFO - Computing epoch 95 validation loss...
2023-04-10 02:40:50,402 - __main__ - INFO - [INFO] 2023-04-10 02:40:50.402033 Epoch [96/100] batch [1/391] loss 0.0646 lr 0.0006155829702431174 acc 98.44% eta 0:04:07
2023-04-10 02:41:07,510 - __main__ - INFO - [INFO] 2023-04-10 02:41:07.509986 Epoch [96/100] batch [129/391] loss 0.0607 lr 0.0006155829702431174 acc 99.22% eta 0:03:32
2023-04-10 02:41:24,397 - __main__ - INFO - [INFO] 2023-04-10 02:41:24.397544 Epoch [96/100] batch [257/391] loss 0.0605 lr 0.0006155829702431174 acc 100.00% eta 0:03:16
2023-04-10 02:41:41,273 - __main__ - INFO - [INFO] 2023-04-10 02:41:41.272898 Epoch [96/100] batch [385/391] loss 0.0671 lr 0.0006155829702431174 acc 97.66% eta 0:03:01
2023-04-10 02:41:42,039 - __main__ - INFO - Computing epoch 96 validation accuracy...
2023-04-10 02:41:45,904 - __main__ - INFO - Computing epoch 96 validation loss...
2023-04-10 02:41:50,121 - __main__ - INFO - [INFO] 2023-04-10 02:41:50.121129 Epoch [97/100] batch [1/391] loss 0.0465 lr 0.00039426493427611206 acc 99.22% eta 0:03:59
2023-04-10 02:42:07,377 - __main__ - INFO - [INFO] 2023-04-10 02:42:07.377310 Epoch [97/100] batch [129/391] loss 0.0728 lr 0.00039426493427611206 acc 98.44% eta 0:02:49
2023-04-10 02:42:24,207 - __main__ - INFO - [INFO] 2023-04-10 02:42:24.206586 Epoch [97/100] batch [257/391] loss 0.0571 lr 0.00039426493427611206 acc 97.66% eta 0:02:31
2023-04-10 02:42:40,943 - __main__ - INFO - [INFO] 2023-04-10 02:42:40.943384 Epoch [97/100] batch [385/391] loss 0.0356 lr 0.00039426493427611206 acc 99.22% eta 0:02:16
2023-04-10 02:42:41,703 - __main__ - INFO - Computing epoch 97 validation accuracy...
2023-04-10 02:42:45,611 - __main__ - INFO - Computing epoch 97 validation loss...
2023-04-10 02:42:49,775 - __main__ - INFO - [INFO] 2023-04-10 02:42:49.775567 Epoch [98/100] batch [1/391] loss 0.0526 lr 0.00022190176984600036 acc 99.22% eta 0:02:22
2023-04-10 02:43:06,732 - __main__ - INFO - [INFO] 2023-04-10 02:43:06.732456 Epoch [98/100] batch [129/391] loss 0.0797 lr 0.00022190176984600036 acc 97.66% eta 0:02:01
2023-04-10 02:43:23,695 - __main__ - INFO - [INFO] 2023-04-10 02:43:23.695665 Epoch [98/100] batch [257/391] loss 0.0548 lr 0.00022190176984600036 acc 99.22% eta 0:01:46
2023-04-10 02:43:40,777 - __main__ - INFO - [INFO] 2023-04-10 02:43:40.777247 Epoch [98/100] batch [385/391] loss 0.0603 lr 0.00022190176984600036 acc 97.66% eta 0:01:31
2023-04-10 02:43:41,572 - __main__ - INFO - Computing epoch 98 validation accuracy...
2023-04-10 02:43:45,410 - __main__ - INFO - Computing epoch 98 validation loss...
2023-04-10 02:43:49,458 - __main__ - INFO - [INFO] 2023-04-10 02:43:49.458598 Epoch [99/100] batch [1/391] loss 0.0557 lr 9.866357858642213e-05 acc 98.44% eta 0:01:35
2023-04-10 02:44:06,512 - __main__ - INFO - [INFO] 2023-04-10 02:44:06.512033 Epoch [99/100] batch [129/391] loss 0.0417 lr 9.866357858642213e-05 acc 99.22% eta 0:01:16
2023-04-10 02:44:23,454 - __main__ - INFO - [INFO] 2023-04-10 02:44:23.454232 Epoch [99/100] batch [257/391] loss 0.0384 lr 9.866357858642213e-05 acc 100.00% eta 0:01:00
2023-04-10 02:44:40,343 - __main__ - INFO - [INFO] 2023-04-10 02:44:40.343578 Epoch [99/100] batch [385/391] loss 0.0589 lr 9.866357858642213e-05 acc 100.00% eta 0:00:45
2023-04-10 02:44:41,120 - __main__ - INFO - Computing epoch 99 validation accuracy...
2023-04-10 02:44:45,055 - __main__ - INFO - Computing epoch 99 validation loss...
2023-04-10 02:44:49,178 - __main__ - INFO - [INFO] 2023-04-10 02:44:49.178356 Epoch [100/100] batch [1/391] loss 0.0386 lr 2.4671981713420017e-05 acc 100.00% eta 0:00:47
2023-04-10 02:45:06,097 - __main__ - INFO - [INFO] 2023-04-10 02:45:06.097659 Epoch [100/100] batch [129/391] loss 0.0545 lr 2.4671981713420017e-05 acc 98.44% eta 0:00:30
2023-04-10 02:45:23,212 - __main__ - INFO - [INFO] 2023-04-10 02:45:23.212728 Epoch [100/100] batch [257/391] loss 0.0716 lr 2.4671981713420017e-05 acc 98.44% eta 0:00:15
2023-04-10 02:45:40,633 - __main__ - INFO - [INFO] 2023-04-10 02:45:40.633663 Epoch [100/100] batch [385/391] loss 0.0740 lr 2.4671981713420017e-05 acc 96.09% eta 0:00:00
2023-04-10 02:45:41,414 - __main__ - INFO - Computing epoch 100 validation accuracy...
2023-04-10 02:45:45,262 - __main__ - INFO - Computing epoch 100 validation loss...
2023-04-10 02:45:49,291 - __main__ - INFO - Reading testing data set cifar10
2023-04-10 02:45:50,005 - __main__ - INFO - Loading trained model...
2023-04-10 02:45:54,387 - __main__ - INFO - Testing acc : 93.02%.
