2023-04-09 21:01:19,214 - __main__ - INFO - 

2023-04-09 21:01:19,214 - __main__ - INFO - ***************
2023-04-09 21:01:19,214 - __main__ - INFO - ** Arguments **
2023-04-09 21:01:19,214 - __main__ - INFO - ***************
2023-04-09 21:01:19,214 - __main__ - INFO - backbone: resnet20
2023-04-09 21:01:19,214 - __main__ - INFO - dataname: cifar10
2023-04-09 21:01:19,214 - __main__ - INFO - drop_method: db
2023-04-09 21:01:19,214 - __main__ - INFO - drop_rate: 0.3
2023-04-09 21:01:19,215 - __main__ - INFO - eval_only: 0
2023-04-09 21:01:19,215 - __main__ - INFO - output_path: checkpoints/cifar10/resnet20/drop_db/rate_0.3/seed2
2023-04-09 21:01:19,215 - __main__ - INFO - part_rate: 0.1
2023-04-09 21:01:19,215 - __main__ - INFO - seed: 2
2023-04-09 21:01:19,215 - __main__ - INFO - weight_decay: 0.0005
2023-04-09 21:01:19,215 - __main__ - INFO - ************
2023-04-09 21:01:19,215 - __main__ - INFO - ** Config **
2023-04-09 21:01:19,215 - __main__ - INFO - ************
2023-04-09 21:01:19,215 - __main__ - INFO - {'DATALOADER': {'PATH': './data', 'DATANAME': 'cifar10', 'BATCH_SIZE': 128, 'NUM_CLASSES': 10}, 'INPUT': {'SIZE': [32, 32], 'PIXEL_MEAN': [0.4914, 0.4822, 0.4465], 'PIXEL_STD': [0.2023, 0.1994, 0.201]}, 'OUTPUT': {'DIR': 'checkpoints/cifar10/resnet20/drop_db/rate_0.3/seed2'}, 'SEED': 2, 'OPTIM': {'LR': 0.1, 'MAX_EPOCH': 100, 'LR_SCHEDULER': 'step', 'LR_MILESTONES': [20, 40, 80, 120, 140], 'LR_DECAY': 0.2, 'PART_RATE': 0.1, 'WEIGHT_DECAY': 0.0005, 'DROP_RATE': 0.3, 'DROP_METHOD': 'db', 'BLOCK_SIZE': 7}, 'MODEL': {'BACKBONE': 'resnet20'}}
2023-04-09 21:01:19,227 - __main__ - INFO - Reading training data set cifar10
2023-04-09 21:01:20,897 - __main__ - INFO - Loading raw model
2023-04-09 21:01:24,013 - __main__ - INFO - 
Saving everything to checkpoints/cifar10/resnet20/drop_db/rate_0.3/seed2
2023-04-09 21:01:24,014 - __main__ - INFO - Start training...
2023-04-09 21:01:29,405 - __main__ - INFO - [INFO] 2023-04-09 21:01:29.405860 Epoch [1/100] batch [1/391] loss 3.3242 lr 0.1 acc 11.72% eta 2 days, 10:27:40
2023-04-09 21:01:40,850 - __main__ - INFO - [INFO] 2023-04-09 21:01:40.850180 Epoch [1/100] batch [129/391] loss 1.5039 lr 0.1 acc 39.84% eta 1:19:50
2023-04-09 21:01:52,399 - __main__ - INFO - [INFO] 2023-04-09 21:01:52.399446 Epoch [1/100] batch [257/391] loss 1.3887 lr 0.1 acc 47.66% eta 1:06:35
2023-04-09 21:02:04,341 - __main__ - INFO - [INFO] 2023-04-09 21:02:04.341685 Epoch [1/100] batch [385/391] loss 1.3291 lr 0.1 acc 38.28% eta 1:02:35
2023-04-09 21:02:04,874 - __main__ - INFO - Computing epoch 1 validation accuracy...
2023-04-09 21:02:08,064 - __main__ - INFO - Computing epoch 1 validation loss...
2023-04-09 21:02:11,288 - __main__ - INFO - [INFO] 2023-04-09 21:02:11.288817 Epoch [2/100] batch [1/391] loss 1.2949 lr 0.09997532801828658 acc 51.56% eta 0:58:55
2023-04-09 21:02:22,799 - __main__ - INFO - [INFO] 2023-04-09 21:02:22.799277 Epoch [2/100] batch [129/391] loss 1.1035 lr 0.09997532801828658 acc 58.59% eta 0:52:56
2023-04-09 21:02:34,331 - __main__ - INFO - [INFO] 2023-04-09 21:02:34.331010 Epoch [2/100] batch [257/391] loss 1.0264 lr 0.09997532801828658 acc 57.03% eta 0:52:43
2023-04-09 21:02:45,785 - __main__ - INFO - [INFO] 2023-04-09 21:02:45.784989 Epoch [2/100] batch [385/391] loss 1.0859 lr 0.09997532801828658 acc 56.25% eta 0:52:27
2023-04-09 21:02:46,316 - __main__ - INFO - Computing epoch 2 validation accuracy...
2023-04-09 21:02:49,385 - __main__ - INFO - Computing epoch 2 validation loss...
2023-04-09 21:02:52,637 - __main__ - INFO - [INFO] 2023-04-09 21:02:52.636828 Epoch [3/100] batch [1/391] loss 0.9995 lr 0.09990133642141358 acc 57.81% eta 0:58:14
2023-04-09 21:03:04,716 - __main__ - INFO - [INFO] 2023-04-09 21:03:04.716423 Epoch [3/100] batch [129/391] loss 1.0039 lr 0.09990133642141358 acc 64.84% eta 0:54:59
2023-04-09 21:03:16,438 - __main__ - INFO - [INFO] 2023-04-09 21:03:16.437914 Epoch [3/100] batch [257/391] loss 1.0498 lr 0.09990133642141358 acc 52.34% eta 0:54:04
2023-04-09 21:03:28,063 - __main__ - INFO - [INFO] 2023-04-09 21:03:28.063769 Epoch [3/100] batch [385/391] loss 0.7861 lr 0.09990133642141358 acc 69.53% eta 0:53:28
2023-04-09 21:03:28,589 - __main__ - INFO - Computing epoch 3 validation accuracy...
2023-04-09 21:03:31,907 - __main__ - INFO - Computing epoch 3 validation loss...
2023-04-09 21:03:35,204 - __main__ - INFO - [INFO] 2023-04-09 21:03:35.204405 Epoch [4/100] batch [1/391] loss 0.9526 lr 0.099778098230154 acc 67.19% eta 0:58:13
2023-04-09 21:03:47,259 - __main__ - INFO - [INFO] 2023-04-09 21:03:47.259313 Epoch [4/100] batch [129/391] loss 0.8364 lr 0.099778098230154 acc 67.19% eta 0:54:31
2023-04-09 21:03:58,942 - __main__ - INFO - [INFO] 2023-04-09 21:03:58.942700 Epoch [4/100] batch [257/391] loss 0.8574 lr 0.099778098230154 acc 64.06% eta 0:53:22
2023-04-09 21:04:10,426 - __main__ - INFO - [INFO] 2023-04-09 21:04:10.426208 Epoch [4/100] batch [385/391] loss 0.7964 lr 0.099778098230154 acc 71.88% eta 0:52:34
2023-04-09 21:04:10,957 - __main__ - INFO - Computing epoch 4 validation accuracy...
2023-04-09 21:04:14,070 - __main__ - INFO - Computing epoch 4 validation loss...
2023-04-09 21:04:17,327 - __main__ - INFO - [INFO] 2023-04-09 21:04:17.327054 Epoch [5/100] batch [1/391] loss 0.8945 lr 0.0996057350657239 acc 69.53% eta 0:55:13
2023-04-09 21:04:28,909 - __main__ - INFO - [INFO] 2023-04-09 21:04:28.909205 Epoch [5/100] batch [129/391] loss 0.8306 lr 0.0996057350657239 acc 74.22% eta 0:51:32
2023-04-09 21:04:40,778 - __main__ - INFO - [INFO] 2023-04-09 21:04:40.778308 Epoch [5/100] batch [257/391] loss 0.9521 lr 0.0996057350657239 acc 65.62% eta 0:52:03
2023-04-09 21:04:52,582 - __main__ - INFO - [INFO] 2023-04-09 21:04:52.582533 Epoch [5/100] batch [385/391] loss 0.7842 lr 0.0996057350657239 acc 67.97% eta 0:52:01
2023-04-09 21:04:53,107 - __main__ - INFO - Computing epoch 5 validation accuracy...
2023-04-09 21:04:56,201 - __main__ - INFO - Computing epoch 5 validation loss...
2023-04-09 21:04:59,671 - __main__ - INFO - [INFO] 2023-04-09 21:04:59.670893 Epoch [6/100] batch [1/391] loss 0.8013 lr 0.09938441702975688 acc 70.31% eta 0:56:00
2023-04-09 21:05:11,219 - __main__ - INFO - [INFO] 2023-04-09 21:05:11.219335 Epoch [6/100] batch [129/391] loss 0.8013 lr 0.09938441702975688 acc 71.88% eta 0:50:51
2023-04-09 21:05:22,979 - __main__ - INFO - [INFO] 2023-04-09 21:05:22.979414 Epoch [6/100] batch [257/391] loss 0.7026 lr 0.09938441702975688 acc 69.53% eta 0:51:10
2023-04-09 21:05:34,783 - __main__ - INFO - [INFO] 2023-04-09 21:05:34.783693 Epoch [6/100] batch [385/391] loss 0.6646 lr 0.09938441702975688 acc 76.56% eta 0:51:15
2023-04-09 21:05:35,347 - __main__ - INFO - Computing epoch 6 validation accuracy...
2023-04-09 21:05:38,635 - __main__ - INFO - Computing epoch 6 validation loss...
2023-04-09 21:05:41,802 - __main__ - INFO - [INFO] 2023-04-09 21:05:41.801948 Epoch [7/100] batch [1/391] loss 0.6997 lr 0.09911436253643444 acc 71.88% eta 0:52:34
2023-04-09 21:05:53,445 - __main__ - INFO - [INFO] 2023-04-09 21:05:53.444923 Epoch [7/100] batch [129/391] loss 0.8188 lr 0.09911436253643444 acc 66.41% eta 0:51:03
2023-04-09 21:06:05,307 - __main__ - INFO - [INFO] 2023-04-09 21:06:05.307801 Epoch [7/100] batch [257/391] loss 0.7744 lr 0.09911436253643444 acc 75.78% eta 0:51:14
2023-04-09 21:06:16,898 - __main__ - INFO - [INFO] 2023-04-09 21:06:16.898264 Epoch [7/100] batch [385/391] loss 0.7603 lr 0.09911436253643444 acc 75.00% eta 0:50:45
2023-04-09 21:06:17,418 - __main__ - INFO - Computing epoch 7 validation accuracy...
2023-04-09 21:06:20,651 - __main__ - INFO - Computing epoch 7 validation loss...
2023-04-09 21:06:23,780 - __main__ - INFO - [INFO] 2023-04-09 21:06:23.780122 Epoch [8/100] batch [1/391] loss 0.6689 lr 0.09879583809693737 acc 76.56% eta 0:51:39
2023-04-09 21:06:35,518 - __main__ - INFO - [INFO] 2023-04-09 21:06:35.518701 Epoch [8/100] batch [129/391] loss 0.7988 lr 0.09879583809693737 acc 75.00% eta 0:50:39
2023-04-09 21:06:47,121 - __main__ - INFO - [INFO] 2023-04-09 21:06:47.121504 Epoch [8/100] batch [257/391] loss 0.7026 lr 0.09879583809693737 acc 71.88% eta 0:50:14
2023-04-09 21:06:58,514 - __main__ - INFO - [INFO] 2023-04-09 21:06:58.514538 Epoch [8/100] batch [385/391] loss 0.6587 lr 0.09879583809693737 acc 75.78% eta 0:49:39
2023-04-09 21:06:59,070 - __main__ - INFO - Computing epoch 8 validation accuracy...
2023-04-09 21:07:02,324 - __main__ - INFO - Computing epoch 8 validation loss...
2023-04-09 21:07:05,474 - __main__ - INFO - [INFO] 2023-04-09 21:07:05.474653 Epoch [9/100] batch [1/391] loss 0.6147 lr 0.09842915805643156 acc 75.78% eta 0:53:31
2023-04-09 21:07:17,156 - __main__ - INFO - [INFO] 2023-04-09 21:07:17.155840 Epoch [9/100] batch [129/391] loss 0.6968 lr 0.09842915805643156 acc 68.75% eta 0:49:53
2023-04-09 21:07:28,561 - __main__ - INFO - [INFO] 2023-04-09 21:07:28.561189 Epoch [9/100] batch [257/391] loss 0.5850 lr 0.09842915805643156 acc 71.88% eta 0:49:05
2023-04-09 21:07:40,211 - __main__ - INFO - [INFO] 2023-04-09 21:07:40.211200 Epoch [9/100] batch [385/391] loss 0.7065 lr 0.09842915805643156 acc 71.09% eta 0:49:01
2023-04-09 21:07:40,728 - __main__ - INFO - Computing epoch 9 validation accuracy...
2023-04-09 21:07:43,775 - __main__ - INFO - Computing epoch 9 validation loss...
2023-04-09 21:07:46,950 - __main__ - INFO - [INFO] 2023-04-09 21:07:46.950075 Epoch [10/100] batch [1/391] loss 0.5293 lr 0.09801468428384716 acc 78.12% eta 0:52:07
2023-04-09 21:07:58,429 - __main__ - INFO - [INFO] 2023-04-09 21:07:58.429376 Epoch [10/100] batch [129/391] loss 0.7505 lr 0.09801468428384716 acc 74.22% eta 0:48:23
2023-04-09 21:08:09,944 - __main__ - INFO - [INFO] 2023-04-09 21:08:09.944632 Epoch [10/100] batch [257/391] loss 0.7500 lr 0.09801468428384716 acc 66.41% eta 0:48:19
2023-04-09 21:08:21,796 - __main__ - INFO - [INFO] 2023-04-09 21:08:21.795906 Epoch [10/100] batch [385/391] loss 0.7212 lr 0.09801468428384716 acc 77.34% eta 0:48:39
2023-04-09 21:08:22,410 - __main__ - INFO - Computing epoch 10 validation accuracy...
2023-04-09 21:08:25,740 - __main__ - INFO - Computing epoch 10 validation loss...
2023-04-09 21:08:29,101 - __main__ - INFO - [INFO] 2023-04-09 21:08:29.101824 Epoch [11/100] batch [1/391] loss 0.6787 lr 0.09755282581475769 acc 65.62% eta 0:54:22
2023-04-09 21:08:40,649 - __main__ - INFO - [INFO] 2023-04-09 21:08:40.648999 Epoch [11/100] batch [129/391] loss 0.6318 lr 0.09755282581475769 acc 79.69% eta 0:48:20
2023-04-09 21:08:52,369 - __main__ - INFO - [INFO] 2023-04-09 21:08:52.369259 Epoch [11/100] batch [257/391] loss 0.6816 lr 0.09755282581475769 acc 67.19% eta 0:48:23
2023-04-09 21:09:04,021 - __main__ - INFO - [INFO] 2023-04-09 21:09:04.021366 Epoch [11/100] batch [385/391] loss 0.6221 lr 0.09755282581475769 acc 78.91% eta 0:48:14
2023-04-09 21:09:04,552 - __main__ - INFO - Computing epoch 11 validation accuracy...
2023-04-09 21:09:07,739 - __main__ - INFO - Computing epoch 11 validation loss...
2023-04-09 21:09:10,899 - __main__ - INFO - [INFO] 2023-04-09 21:09:10.899674 Epoch [12/100] batch [1/391] loss 0.6104 lr 0.09704403844771128 acc 74.22% eta 0:55:03
2023-04-09 21:09:22,861 - __main__ - INFO - [INFO] 2023-04-09 21:09:22.861219 Epoch [12/100] batch [129/391] loss 0.5308 lr 0.09704403844771128 acc 70.31% eta 0:49:25
2023-04-09 21:09:34,303 - __main__ - INFO - [INFO] 2023-04-09 21:09:34.303107 Epoch [12/100] batch [257/391] loss 0.7744 lr 0.09704403844771128 acc 68.75% eta 0:48:07
2023-04-09 21:09:46,140 - __main__ - INFO - [INFO] 2023-04-09 21:09:46.139861 Epoch [12/100] batch [385/391] loss 0.6240 lr 0.09704403844771128 acc 64.84% eta 0:48:11
2023-04-09 21:09:46,698 - __main__ - INFO - Computing epoch 12 validation accuracy...
2023-04-09 21:09:49,889 - __main__ - INFO - Computing epoch 12 validation loss...
2023-04-09 21:09:53,155 - __main__ - INFO - [INFO] 2023-04-09 21:09:53.155238 Epoch [13/100] batch [1/391] loss 0.6040 lr 0.09648882429441258 acc 82.03% eta 0:54:30
2023-04-09 21:10:04,851 - __main__ - INFO - [INFO] 2023-04-09 21:10:04.851165 Epoch [13/100] batch [129/391] loss 0.6318 lr 0.09648882429441258 acc 78.12% eta 0:47:44
2023-04-09 21:10:16,330 - __main__ - INFO - [INFO] 2023-04-09 21:10:16.330459 Epoch [13/100] batch [257/391] loss 0.8584 lr 0.09648882429441258 acc 64.84% eta 0:47:09
2023-04-09 21:10:28,001 - __main__ - INFO - [INFO] 2023-04-09 21:10:28.001639 Epoch [13/100] batch [385/391] loss 0.8623 lr 0.09648882429441258 acc 57.81% eta 0:47:07
2023-04-09 21:10:28,543 - __main__ - INFO - Computing epoch 13 validation accuracy...
2023-04-09 21:10:31,648 - __main__ - INFO - Computing epoch 13 validation loss...
2023-04-09 21:10:34,853 - __main__ - INFO - [INFO] 2023-04-09 21:10:34.853100 Epoch [14/100] batch [1/391] loss 0.7100 lr 0.09588773128419906 acc 76.56% eta 0:58:50
2023-04-09 21:10:46,467 - __main__ - INFO - [INFO] 2023-04-09 21:10:46.467527 Epoch [14/100] batch [129/391] loss 0.5801 lr 0.09588773128419906 acc 78.91% eta 0:47:05
2023-04-09 21:10:58,131 - __main__ - INFO - [INFO] 2023-04-09 21:10:58.131733 Epoch [14/100] batch [257/391] loss 0.7632 lr 0.09588773128419906 acc 75.78% eta 0:46:57
2023-04-09 21:11:09,955 - __main__ - INFO - [INFO] 2023-04-09 21:11:09.955548 Epoch [14/100] batch [385/391] loss 0.6431 lr 0.09588773128419906 acc 64.84% eta 0:46:59
2023-04-09 21:11:10,514 - __main__ - INFO - Computing epoch 14 validation accuracy...
2023-04-09 21:11:13,601 - __main__ - INFO - Computing epoch 14 validation loss...
2023-04-09 21:11:16,780 - __main__ - INFO - [INFO] 2023-04-09 21:11:16.779950 Epoch [15/100] batch [1/391] loss 0.6738 lr 0.09524135262330098 acc 71.09% eta 0:48:39
2023-04-09 21:11:28,370 - __main__ - INFO - [INFO] 2023-04-09 21:11:28.370561 Epoch [15/100] batch [129/391] loss 0.5923 lr 0.09524135262330098 acc 75.00% eta 0:46:08
2023-04-09 21:11:39,934 - __main__ - INFO - [INFO] 2023-04-09 21:11:39.934219 Epoch [15/100] batch [257/391] loss 0.5811 lr 0.09524135262330098 acc 71.09% eta 0:46:02
2023-04-09 21:11:51,537 - __main__ - INFO - [INFO] 2023-04-09 21:11:51.537126 Epoch [15/100] batch [385/391] loss 0.5288 lr 0.09524135262330098 acc 84.38% eta 0:45:52
2023-04-09 21:11:52,060 - __main__ - INFO - Computing epoch 15 validation accuracy...
2023-04-09 21:11:55,197 - __main__ - INFO - Computing epoch 15 validation loss...
2023-04-09 21:11:58,339 - __main__ - INFO - [INFO] 2023-04-09 21:11:58.339569 Epoch [16/100] batch [1/391] loss 0.6772 lr 0.0945503262094184 acc 74.22% eta 0:47:33
2023-04-09 21:12:09,980 - __main__ - INFO - [INFO] 2023-04-09 21:12:09.979884 Epoch [16/100] batch [129/391] loss 0.4338 lr 0.0945503262094184 acc 78.12% eta 0:45:52
2023-04-09 21:12:21,663 - __main__ - INFO - [INFO] 2023-04-09 21:12:21.663247 Epoch [16/100] batch [257/391] loss 0.5698 lr 0.0945503262094184 acc 76.56% eta 0:45:44
2023-04-09 21:12:33,186 - __main__ - INFO - [INFO] 2023-04-09 21:12:33.186404 Epoch [16/100] batch [385/391] loss 0.5425 lr 0.0945503262094184 acc 75.78% eta 0:45:23
2023-04-09 21:12:33,704 - __main__ - INFO - Computing epoch 16 validation accuracy...
2023-04-09 21:12:36,781 - __main__ - INFO - Computing epoch 16 validation loss...
2023-04-09 21:12:40,041 - __main__ - INFO - [INFO] 2023-04-09 21:12:40.040944 Epoch [17/100] batch [1/391] loss 0.6362 lr 0.09381533400219319 acc 76.56% eta 0:52:37
2023-04-09 21:12:51,681 - __main__ - INFO - [INFO] 2023-04-09 21:12:51.681356 Epoch [17/100] batch [129/391] loss 0.7417 lr 0.09381533400219319 acc 64.06% eta 0:45:17
2023-04-09 21:13:03,735 - __main__ - INFO - [INFO] 2023-04-09 21:13:03.735624 Epoch [17/100] batch [257/391] loss 0.7139 lr 0.09381533400219319 acc 75.00% eta 0:46:01
2023-04-09 21:13:15,265 - __main__ - INFO - [INFO] 2023-04-09 21:13:15.265316 Epoch [17/100] batch [385/391] loss 0.6772 lr 0.09381533400219319 acc 70.31% eta 0:45:25
2023-04-09 21:13:15,807 - __main__ - INFO - Computing epoch 17 validation accuracy...
2023-04-09 21:13:18,973 - __main__ - INFO - Computing epoch 17 validation loss...
2023-04-09 21:13:22,128 - __main__ - INFO - [INFO] 2023-04-09 21:13:22.127886 Epoch [18/100] batch [1/391] loss 0.6167 lr 0.0930371013501972 acc 75.78% eta 0:48:32
2023-04-09 21:13:33,881 - __main__ - INFO - [INFO] 2023-04-09 21:13:33.880878 Epoch [18/100] batch [129/391] loss 0.6948 lr 0.0930371013501972 acc 75.00% eta 0:45:14
2023-04-09 21:13:45,619 - __main__ - INFO - [INFO] 2023-04-09 21:13:45.619732 Epoch [18/100] batch [257/391] loss 0.5283 lr 0.0930371013501972 acc 75.78% eta 0:45:05
2023-04-09 21:13:57,296 - __main__ - INFO - [INFO] 2023-04-09 21:13:57.295857 Epoch [18/100] batch [385/391] loss 0.6035 lr 0.0930371013501972 acc 75.78% eta 0:44:50
2023-04-09 21:13:57,813 - __main__ - INFO - Computing epoch 18 validation accuracy...
2023-04-09 21:14:00,938 - __main__ - INFO - Computing epoch 18 validation loss...
2023-04-09 21:14:04,205 - __main__ - INFO - [INFO] 2023-04-09 21:14:04.205231 Epoch [19/100] batch [1/391] loss 0.5601 lr 0.09221639627510078 acc 75.78% eta 0:46:24
2023-04-09 21:14:16,401 - __main__ - INFO - [INFO] 2023-04-09 21:14:16.401003 Epoch [19/100] batch [129/391] loss 0.6694 lr 0.09221639627510078 acc 75.78% eta 0:46:30
2023-04-09 21:14:27,983 - __main__ - INFO - [INFO] 2023-04-09 21:14:27.983305 Epoch [19/100] batch [257/391] loss 0.6440 lr 0.09221639627510078 acc 78.12% eta 0:45:03
2023-04-09 21:14:39,812 - __main__ - INFO - [INFO] 2023-04-09 21:14:39.812182 Epoch [19/100] batch [385/391] loss 0.5791 lr 0.09221639627510078 acc 79.69% eta 0:44:49
2023-04-09 21:14:40,353 - __main__ - INFO - Computing epoch 19 validation accuracy...
2023-04-09 21:14:43,568 - __main__ - INFO - Computing epoch 19 validation loss...
2023-04-09 21:14:46,793 - __main__ - INFO - [INFO] 2023-04-09 21:14:46.793322 Epoch [20/100] batch [1/391] loss 0.5654 lr 0.09135402871372812 acc 73.44% eta 0:47:52
2023-04-09 21:14:58,413 - __main__ - INFO - [INFO] 2023-04-09 21:14:58.413497 Epoch [20/100] batch [129/391] loss 0.5718 lr 0.09135402871372812 acc 70.31% eta 0:43:45
2023-04-09 21:15:09,965 - __main__ - INFO - [INFO] 2023-04-09 21:15:09.965638 Epoch [20/100] batch [257/391] loss 0.5806 lr 0.09135402871372812 acc 76.56% eta 0:43:26
2023-04-09 21:15:21,603 - __main__ - INFO - [INFO] 2023-04-09 21:15:21.603710 Epoch [20/100] batch [385/391] loss 0.5430 lr 0.09135402871372812 acc 82.81% eta 0:43:16
2023-04-09 21:15:22,127 - __main__ - INFO - Computing epoch 20 validation accuracy...
2023-04-09 21:15:25,258 - __main__ - INFO - Computing epoch 20 validation loss...
2023-04-09 21:15:28,559 - __main__ - INFO - [INFO] 2023-04-09 21:15:28.559281 Epoch [21/100] batch [1/391] loss 0.5869 lr 0.09045084971874741 acc 69.53% eta 0:46:16
2023-04-09 21:15:40,055 - __main__ - INFO - [INFO] 2023-04-09 21:15:40.054873 Epoch [21/100] batch [129/391] loss 0.6582 lr 0.09045084971874741 acc 75.00% eta 0:42:32
2023-04-09 21:15:51,628 - __main__ - INFO - [INFO] 2023-04-09 21:15:51.628730 Epoch [21/100] batch [257/391] loss 0.5552 lr 0.09045084971874741 acc 78.91% eta 0:42:32
2023-04-09 21:16:03,582 - __main__ - INFO - [INFO] 2023-04-09 21:16:03.582242 Epoch [21/100] batch [385/391] loss 0.6187 lr 0.09045084971874741 acc 78.12% eta 0:42:54
2023-04-09 21:16:04,132 - __main__ - INFO - Computing epoch 21 validation accuracy...
2023-04-09 21:16:07,244 - __main__ - INFO - Computing epoch 21 validation loss...
2023-04-09 21:16:10,396 - __main__ - INFO - [INFO] 2023-04-09 21:16:10.396415 Epoch [22/100] batch [1/391] loss 0.5166 lr 0.08950775061878455 acc 82.81% eta 0:47:34
2023-04-09 21:16:21,977 - __main__ - INFO - [INFO] 2023-04-09 21:16:21.977115 Epoch [22/100] batch [129/391] loss 0.6240 lr 0.08950775061878455 acc 77.34% eta 0:42:30
2023-04-09 21:16:33,947 - __main__ - INFO - [INFO] 2023-04-09 21:16:33.947644 Epoch [22/100] batch [257/391] loss 0.5273 lr 0.08950775061878455 acc 81.25% eta 0:43:02
2023-04-09 21:16:45,622 - __main__ - INFO - [INFO] 2023-04-09 21:16:45.622495 Epoch [22/100] batch [385/391] loss 0.4814 lr 0.08950775061878455 acc 84.38% eta 0:42:45
2023-04-09 21:16:46,202 - __main__ - INFO - Computing epoch 22 validation accuracy...
2023-04-09 21:16:49,488 - __main__ - INFO - Computing epoch 22 validation loss...
2023-04-09 21:16:52,638 - __main__ - INFO - [INFO] 2023-04-09 21:16:52.638421 Epoch [23/100] batch [1/391] loss 0.5488 lr 0.0885256621387895 acc 70.31% eta 0:44:12
2023-04-09 21:17:04,120 - __main__ - INFO - [INFO] 2023-04-09 21:17:04.120151 Epoch [23/100] batch [129/391] loss 0.6997 lr 0.0885256621387895 acc 77.34% eta 0:41:35
2023-04-09 21:17:15,714 - __main__ - INFO - [INFO] 2023-04-09 21:17:15.714719 Epoch [23/100] batch [257/391] loss 0.6069 lr 0.0885256621387895 acc 71.88% eta 0:41:37
2023-04-09 21:17:27,784 - __main__ - INFO - [INFO] 2023-04-09 21:17:27.783946 Epoch [23/100] batch [385/391] loss 0.6362 lr 0.0885256621387895 acc 78.91% eta 0:42:05
2023-04-09 21:17:28,329 - __main__ - INFO - Computing epoch 23 validation accuracy...
2023-04-09 21:17:31,480 - __main__ - INFO - Computing epoch 23 validation loss...
2023-04-09 21:17:34,668 - __main__ - INFO - [INFO] 2023-04-09 21:17:34.668085 Epoch [24/100] batch [1/391] loss 0.6880 lr 0.08750555348152302 acc 71.88% eta 0:43:35
2023-04-09 21:17:46,411 - __main__ - INFO - [INFO] 2023-04-09 21:17:46.411620 Epoch [24/100] batch [129/391] loss 0.5273 lr 0.08750555348152302 acc 83.59% eta 0:41:59
2023-04-09 21:17:58,154 - __main__ - INFO - [INFO] 2023-04-09 21:17:58.154184 Epoch [24/100] batch [257/391] loss 0.6509 lr 0.08750555348152302 acc 77.34% eta 0:41:47
2023-04-09 21:18:10,058 - __main__ - INFO - [INFO] 2023-04-09 21:18:10.057877 Epoch [24/100] batch [385/391] loss 0.5649 lr 0.08750555348152302 acc 76.56% eta 0:41:49
2023-04-09 21:18:10,601 - __main__ - INFO - Computing epoch 24 validation accuracy...
2023-04-09 21:18:13,773 - __main__ - INFO - Computing epoch 24 validation loss...
2023-04-09 21:18:16,981 - __main__ - INFO - [INFO] 2023-04-09 21:18:16.981401 Epoch [25/100] batch [1/391] loss 0.4966 lr 0.08644843137107061 acc 81.25% eta 0:44:54
2023-04-09 21:18:28,664 - __main__ - INFO - [INFO] 2023-04-09 21:18:28.664524 Epoch [25/100] batch [129/391] loss 0.6230 lr 0.08644843137107061 acc 71.88% eta 0:41:10
2023-04-09 21:18:40,148 - __main__ - INFO - [INFO] 2023-04-09 21:18:40.148214 Epoch [25/100] batch [257/391] loss 0.4907 lr 0.08644843137107061 acc 85.94% eta 0:40:40
2023-04-09 21:18:52,016 - __main__ - INFO - [INFO] 2023-04-09 21:18:52.016794 Epoch [25/100] batch [385/391] loss 0.6143 lr 0.08644843137107061 acc 72.66% eta 0:40:48
2023-04-09 21:18:52,548 - __main__ - INFO - Computing epoch 25 validation accuracy...
2023-04-09 21:18:55,849 - __main__ - INFO - Computing epoch 25 validation loss...
2023-04-09 21:18:59,042 - __main__ - INFO - [INFO] 2023-04-09 21:18:59.042194 Epoch [26/100] batch [1/391] loss 0.7017 lr 0.0853553390593274 acc 77.34% eta 0:43:44
2023-04-09 21:19:10,950 - __main__ - INFO - [INFO] 2023-04-09 21:19:10.950548 Epoch [26/100] batch [129/391] loss 0.5488 lr 0.0853553390593274 acc 80.47% eta 0:41:21
2023-04-09 21:19:22,820 - __main__ - INFO - [INFO] 2023-04-09 21:19:22.820088 Epoch [26/100] batch [257/391] loss 0.6895 lr 0.0853553390593274 acc 71.09% eta 0:41:08
2023-04-09 21:19:34,616 - __main__ - INFO - [INFO] 2023-04-09 21:19:34.615952 Epoch [26/100] batch [385/391] loss 0.4441 lr 0.0853553390593274 acc 85.94% eta 0:40:52
2023-04-09 21:19:35,148 - __main__ - INFO - Computing epoch 26 validation accuracy...
2023-04-09 21:19:38,263 - __main__ - INFO - Computing epoch 26 validation loss...
2023-04-09 21:19:41,430 - __main__ - INFO - [INFO] 2023-04-09 21:19:41.430141 Epoch [27/100] batch [1/391] loss 0.4792 lr 0.08422735529643446 acc 80.47% eta 0:43:47
2023-04-09 21:19:53,002 - __main__ - INFO - [INFO] 2023-04-09 21:19:53.002154 Epoch [27/100] batch [129/391] loss 0.6221 lr 0.08422735529643446 acc 76.56% eta 0:39:45
2023-04-09 21:20:04,838 - __main__ - INFO - [INFO] 2023-04-09 21:20:04.838744 Epoch [27/100] batch [257/391] loss 0.5283 lr 0.08422735529643446 acc 75.78% eta 0:40:01
2023-04-09 21:20:16,522 - __main__ - INFO - [INFO] 2023-04-09 21:20:16.521872 Epoch [27/100] batch [385/391] loss 0.6763 lr 0.08422735529643446 acc 75.00% eta 0:39:47
2023-04-09 21:20:17,048 - __main__ - INFO - Computing epoch 27 validation accuracy...
2023-04-09 21:20:20,157 - __main__ - INFO - Computing epoch 27 validation loss...
2023-04-09 21:20:23,398 - __main__ - INFO - [INFO] 2023-04-09 21:20:23.398009 Epoch [28/100] batch [1/391] loss 0.6035 lr 0.08306559326618262 acc 72.66% eta 0:43:35
2023-04-09 21:20:35,235 - __main__ - INFO - [INFO] 2023-04-09 21:20:35.235071 Epoch [28/100] batch [129/391] loss 0.5259 lr 0.08306559326618262 acc 79.69% eta 0:40:07
2023-04-09 21:20:46,667 - __main__ - INFO - [INFO] 2023-04-09 21:20:46.667431 Epoch [28/100] batch [257/391] loss 0.6279 lr 0.08306559326618262 acc 77.34% eta 0:39:14
2023-04-09 21:20:58,048 - __main__ - INFO - [INFO] 2023-04-09 21:20:58.048626 Epoch [28/100] batch [385/391] loss 0.3972 lr 0.08306559326618262 acc 79.69% eta 0:38:44
2023-04-09 21:20:58,548 - __main__ - INFO - Computing epoch 28 validation accuracy...
2023-04-09 21:21:01,669 - __main__ - INFO - Computing epoch 28 validation loss...
2023-04-09 21:21:04,850 - __main__ - INFO - [INFO] 2023-04-09 21:21:04.850219 Epoch [29/100] batch [1/391] loss 0.4160 lr 0.08187119948743452 acc 85.94% eta 0:41:09
2023-04-09 21:21:16,430 - __main__ - INFO - [INFO] 2023-04-09 21:21:16.430532 Epoch [29/100] batch [129/391] loss 0.3838 lr 0.08187119948743452 acc 82.81% eta 0:38:33
2023-04-09 21:21:28,314 - __main__ - INFO - [INFO] 2023-04-09 21:21:28.314075 Epoch [29/100] batch [257/391] loss 0.4065 lr 0.08187119948743452 acc 82.81% eta 0:38:57
2023-04-09 21:21:39,990 - __main__ - INFO - [INFO] 2023-04-09 21:21:39.990091 Epoch [29/100] batch [385/391] loss 0.4194 lr 0.08187119948743452 acc 90.62% eta 0:38:44
2023-04-09 21:21:40,536 - __main__ - INFO - Computing epoch 29 validation accuracy...
2023-04-09 21:21:43,668 - __main__ - INFO - Computing epoch 29 validation loss...
2023-04-09 21:21:46,850 - __main__ - INFO - [INFO] 2023-04-09 21:21:46.850069 Epoch [30/100] batch [1/391] loss 0.5444 lr 0.08064535268264886 acc 80.47% eta 0:39:38
2023-04-09 21:21:58,587 - __main__ - INFO - [INFO] 2023-04-09 21:21:58.587799 Epoch [30/100] batch [129/391] loss 0.5586 lr 0.08064535268264886 acc 77.34% eta 0:38:36
2023-04-09 21:22:10,149 - __main__ - INFO - [INFO] 2023-04-09 21:22:10.149298 Epoch [30/100] batch [257/391] loss 0.6392 lr 0.08064535268264886 acc 76.56% eta 0:38:09
2023-04-09 21:22:21,879 - __main__ - INFO - [INFO] 2023-04-09 21:22:21.878979 Epoch [30/100] batch [385/391] loss 0.5107 lr 0.08064535268264886 acc 81.25% eta 0:38:04
2023-04-09 21:22:22,440 - __main__ - INFO - Computing epoch 30 validation accuracy...
2023-04-09 21:22:25,680 - __main__ - INFO - Computing epoch 30 validation loss...
2023-04-09 21:22:28,979 - __main__ - INFO - [INFO] 2023-04-09 21:22:28.979108 Epoch [31/100] batch [1/391] loss 0.5093 lr 0.0793892626146237 acc 78.91% eta 0:41:07
2023-04-09 21:22:40,639 - __main__ - INFO - [INFO] 2023-04-09 21:22:40.639626 Epoch [31/100] batch [129/391] loss 0.4976 lr 0.0793892626146237 acc 82.03% eta 0:37:48
2023-04-09 21:22:52,180 - __main__ - INFO - [INFO] 2023-04-09 21:22:52.180227 Epoch [31/100] batch [257/391] loss 0.5645 lr 0.0793892626146237 acc 82.03% eta 0:37:25
2023-04-09 21:23:04,002 - __main__ - INFO - [INFO] 2023-04-09 21:23:04.002303 Epoch [31/100] batch [385/391] loss 0.5835 lr 0.0793892626146237 acc 80.47% eta 0:37:30
2023-04-09 21:23:04,527 - __main__ - INFO - Computing epoch 31 validation accuracy...
2023-04-09 21:23:07,696 - __main__ - INFO - Computing epoch 31 validation loss...
2023-04-09 21:23:10,849 - __main__ - INFO - [INFO] 2023-04-09 21:23:10.849169 Epoch [32/100] batch [1/391] loss 0.4937 lr 0.07810416889260657 acc 83.59% eta 0:39:11
2023-04-09 21:23:22,341 - __main__ - INFO - [INFO] 2023-04-09 21:23:22.341665 Epoch [32/100] batch [129/391] loss 0.4958 lr 0.07810416889260657 acc 78.12% eta 0:36:36
2023-04-09 21:23:34,368 - __main__ - INFO - [INFO] 2023-04-09 21:23:34.367837 Epoch [32/100] batch [257/391] loss 0.5430 lr 0.07810416889260657 acc 82.03% eta 0:37:21
2023-04-09 21:23:45,782 - __main__ - INFO - [INFO] 2023-04-09 21:23:45.782375 Epoch [32/100] batch [385/391] loss 0.5464 lr 0.07810416889260657 acc 74.22% eta 0:36:48
2023-04-09 21:23:46,328 - __main__ - INFO - Computing epoch 32 validation accuracy...
2023-04-09 21:23:49,480 - __main__ - INFO - Computing epoch 32 validation loss...
2023-04-09 21:23:52,932 - __main__ - INFO - [INFO] 2023-04-09 21:23:52.932223 Epoch [33/100] batch [1/391] loss 0.4829 lr 0.07679133974894986 acc 85.16% eta 0:41:46
2023-04-09 21:24:04,628 - __main__ - INFO - [INFO] 2023-04-09 21:24:04.628333 Epoch [33/100] batch [129/391] loss 0.5674 lr 0.07679133974894986 acc 79.69% eta 0:36:57
2023-04-09 21:24:16,170 - __main__ - INFO - [INFO] 2023-04-09 21:24:16.169969 Epoch [33/100] batch [257/391] loss 0.5166 lr 0.07679133974894986 acc 83.59% eta 0:36:29
2023-04-09 21:24:28,070 - __main__ - INFO - [INFO] 2023-04-09 21:24:28.070145 Epoch [33/100] batch [385/391] loss 0.6074 lr 0.07679133974894986 acc 84.38% eta 0:36:37
2023-04-09 21:24:28,614 - __main__ - INFO - Computing epoch 33 validation accuracy...
2023-04-09 21:24:31,875 - __main__ - INFO - Computing epoch 33 validation loss...
2023-04-09 21:24:35,200 - __main__ - INFO - [INFO] 2023-04-09 21:24:35.200594 Epoch [34/100] batch [1/391] loss 0.5815 lr 0.0754520707875186 acc 79.69% eta 0:42:25
2023-04-09 21:24:47,010 - __main__ - INFO - [INFO] 2023-04-09 21:24:47.010448 Epoch [34/100] batch [129/391] loss 0.4468 lr 0.0754520707875186 acc 82.81% eta 0:36:46
2023-04-09 21:24:59,018 - __main__ - INFO - [INFO] 2023-04-09 21:24:59.018042 Epoch [34/100] batch [257/391] loss 0.5283 lr 0.0754520707875186 acc 83.59% eta 0:36:54
2023-04-09 21:25:10,694 - __main__ - INFO - [INFO] 2023-04-09 21:25:10.694368 Epoch [34/100] batch [385/391] loss 0.3796 lr 0.0754520707875186 acc 89.06% eta 0:36:27
2023-04-09 21:25:11,250 - __main__ - INFO - Computing epoch 34 validation accuracy...
2023-04-09 21:25:14,405 - __main__ - INFO - Computing epoch 34 validation loss...
2023-04-09 21:25:17,801 - __main__ - INFO - [INFO] 2023-04-09 21:25:17.801408 Epoch [35/100] batch [1/391] loss 0.6626 lr 0.0740876837050858 acc 75.00% eta 0:38:38
2023-04-09 21:25:29,492 - __main__ - INFO - [INFO] 2023-04-09 21:25:29.492472 Epoch [35/100] batch [129/391] loss 0.5972 lr 0.0740876837050858 acc 75.00% eta 0:35:44
2023-04-09 21:25:41,082 - __main__ - INFO - [INFO] 2023-04-09 21:25:41.082375 Epoch [35/100] batch [257/391] loss 0.6885 lr 0.0740876837050858 acc 69.53% eta 0:35:24
2023-04-09 21:25:52,553 - __main__ - INFO - [INFO] 2023-04-09 21:25:52.553658 Epoch [35/100] batch [385/391] loss 0.5806 lr 0.0740876837050858 acc 78.12% eta 0:35:04
2023-04-09 21:25:53,133 - __main__ - INFO - Computing epoch 35 validation accuracy...
2023-04-09 21:25:56,374 - __main__ - INFO - Computing epoch 35 validation loss...
2023-04-09 21:25:59,549 - __main__ - INFO - [INFO] 2023-04-09 21:25:59.549789 Epoch [36/100] batch [1/391] loss 0.4878 lr 0.07269952498697738 acc 78.91% eta 0:37:15
2023-04-09 21:26:11,202 - __main__ - INFO - [INFO] 2023-04-09 21:26:11.201963 Epoch [36/100] batch [129/391] loss 0.4629 lr 0.07269952498697738 acc 85.94% eta 0:35:04
2023-04-09 21:26:22,825 - __main__ - INFO - [INFO] 2023-04-09 21:26:22.825495 Epoch [36/100] batch [257/391] loss 0.5762 lr 0.07269952498697738 acc 83.59% eta 0:34:51
2023-04-09 21:26:34,640 - __main__ - INFO - [INFO] 2023-04-09 21:26:34.640763 Epoch [36/100] batch [385/391] loss 0.4114 lr 0.07269952498697738 acc 82.03% eta 0:34:52
2023-04-09 21:26:35,170 - __main__ - INFO - Computing epoch 36 validation accuracy...
2023-04-09 21:26:38,335 - __main__ - INFO - Computing epoch 36 validation loss...
2023-04-09 21:26:41,536 - __main__ - INFO - [INFO] 2023-04-09 21:26:41.536026 Epoch [37/100] batch [1/391] loss 0.4067 lr 0.07128896457825366 acc 89.84% eta 0:36:00
2023-04-09 21:26:53,273 - __main__ - INFO - [INFO] 2023-04-09 21:26:53.273592 Epoch [37/100] batch [129/391] loss 0.5093 lr 0.07128896457825366 acc 79.69% eta 0:34:52
2023-04-09 21:27:04,973 - __main__ - INFO - [INFO] 2023-04-09 21:27:04.973418 Epoch [37/100] batch [257/391] loss 0.5942 lr 0.07128896457825366 acc 73.44% eta 0:34:37
2023-04-09 21:27:16,732 - __main__ - INFO - [INFO] 2023-04-09 21:27:16.732591 Epoch [37/100] batch [385/391] loss 0.4512 lr 0.07128896457825366 acc 83.59% eta 0:34:26
2023-04-09 21:27:17,237 - __main__ - INFO - Computing epoch 37 validation accuracy...
2023-04-09 21:27:20,332 - __main__ - INFO - Computing epoch 37 validation loss...
2023-04-09 21:27:23,473 - __main__ - INFO - [INFO] 2023-04-09 21:27:23.473249 Epoch [38/100] batch [1/391] loss 0.6431 lr 0.06985739453173906 acc 78.12% eta 0:36:06
2023-04-09 21:27:35,252 - __main__ - INFO - [INFO] 2023-04-09 21:27:35.252607 Epoch [38/100] batch [129/391] loss 0.5200 lr 0.06985739453173906 acc 82.03% eta 0:34:14
2023-04-09 21:27:46,561 - __main__ - INFO - [INFO] 2023-04-09 21:27:46.561247 Epoch [38/100] batch [257/391] loss 0.5010 lr 0.06985739453173906 acc 80.47% eta 0:33:25
2023-04-09 21:27:58,281 - __main__ - INFO - [INFO] 2023-04-09 21:27:58.281769 Epoch [38/100] batch [385/391] loss 0.3806 lr 0.06985739453173906 acc 85.94% eta 0:33:27
2023-04-09 21:27:58,836 - __main__ - INFO - Computing epoch 38 validation accuracy...
2023-04-09 21:28:01,894 - __main__ - INFO - Computing epoch 38 validation loss...
2023-04-09 21:28:05,082 - __main__ - INFO - [INFO] 2023-04-09 21:28:05.082589 Epoch [39/100] batch [1/391] loss 0.4785 lr 0.06840622763423394 acc 81.25% eta 0:34:13
2023-04-09 21:28:16,481 - __main__ - INFO - [INFO] 2023-04-09 21:28:16.481293 Epoch [39/100] batch [129/391] loss 0.5850 lr 0.06840622763423394 acc 78.91% eta 0:32:34
2023-04-09 21:28:28,274 - __main__ - INFO - [INFO] 2023-04-09 21:28:28.274669 Epoch [39/100] batch [257/391] loss 0.6392 lr 0.06840622763423394 acc 71.09% eta 0:33:02
2023-04-09 21:28:39,734 - __main__ - INFO - [INFO] 2023-04-09 21:28:39.734320 Epoch [39/100] batch [385/391] loss 0.5483 lr 0.06840622763423394 acc 82.03% eta 0:32:44
2023-04-09 21:28:40,305 - __main__ - INFO - Computing epoch 39 validation accuracy...
2023-04-09 21:28:43,435 - __main__ - INFO - Computing epoch 39 validation loss...
2023-04-09 21:28:46,607 - __main__ - INFO - [INFO] 2023-04-09 21:28:46.606939 Epoch [40/100] batch [1/391] loss 0.4993 lr 0.06693689601226462 acc 84.38% eta 0:33:50
2023-04-09 21:28:58,330 - __main__ - INFO - [INFO] 2023-04-09 21:28:58.330709 Epoch [40/100] batch [129/391] loss 0.4661 lr 0.06693689601226462 acc 81.25% eta 0:33:17
2023-04-09 21:29:10,026 - __main__ - INFO - [INFO] 2023-04-09 21:29:10.025770 Epoch [40/100] batch [257/391] loss 0.4985 lr 0.06693689601226462 acc 82.03% eta 0:32:58
2023-04-09 21:29:21,683 - __main__ - INFO - [INFO] 2023-04-09 21:29:21.683258 Epoch [40/100] batch [385/391] loss 0.4619 lr 0.06693689601226462 acc 75.78% eta 0:32:41
2023-04-09 21:29:22,181 - __main__ - INFO - Computing epoch 40 validation accuracy...
2023-04-09 21:29:25,342 - __main__ - INFO - Computing epoch 40 validation loss...
2023-04-09 21:29:28,558 - __main__ - INFO - [INFO] 2023-04-09 21:29:28.558618 Epoch [41/100] batch [1/391] loss 0.3911 lr 0.06545084971874741 acc 86.72% eta 0:36:22
2023-04-09 21:29:40,112 - __main__ - INFO - [INFO] 2023-04-09 21:29:40.112525 Epoch [41/100] batch [129/391] loss 0.4961 lr 0.06545084971874741 acc 65.62% eta 0:32:10
2023-04-09 21:29:51,858 - __main__ - INFO - [INFO] 2023-04-09 21:29:51.858249 Epoch [41/100] batch [257/391] loss 0.3975 lr 0.06545084971874741 acc 87.50% eta 0:32:14
2023-04-09 21:30:03,705 - __main__ - INFO - [INFO] 2023-04-09 21:30:03.705049 Epoch [41/100] batch [385/391] loss 0.5376 lr 0.06545084971874741 acc 82.81% eta 0:32:14
2023-04-09 21:30:04,241 - __main__ - INFO - Computing epoch 41 validation accuracy...
2023-04-09 21:30:07,398 - __main__ - INFO - Computing epoch 41 validation loss...
2023-04-09 21:30:10,615 - __main__ - INFO - [INFO] 2023-04-09 21:30:10.614888 Epoch [42/100] batch [1/391] loss 0.4624 lr 0.06394955530196152 acc 81.25% eta 0:36:13
2023-04-09 21:30:22,764 - __main__ - INFO - [INFO] 2023-04-09 21:30:22.764759 Epoch [42/100] batch [129/391] loss 0.5137 lr 0.06394955530196152 acc 85.16% eta 0:33:20
2023-04-09 21:30:34,242 - __main__ - INFO - [INFO] 2023-04-09 21:30:34.242781 Epoch [42/100] batch [257/391] loss 0.3792 lr 0.06394955530196152 acc 78.91% eta 0:32:08
2023-04-09 21:30:45,805 - __main__ - INFO - [INFO] 2023-04-09 21:30:45.805029 Epoch [42/100] batch [385/391] loss 0.3884 lr 0.06394955530196152 acc 83.59% eta 0:31:41
2023-04-09 21:30:46,353 - __main__ - INFO - Computing epoch 42 validation accuracy...
2023-04-09 21:30:49,485 - __main__ - INFO - Computing epoch 42 validation loss...
2023-04-09 21:30:52,721 - __main__ - INFO - [INFO] 2023-04-09 21:30:52.721167 Epoch [43/100] batch [1/391] loss 0.3723 lr 0.062434494358242776 acc 85.16% eta 0:33:12
2023-04-09 21:31:04,563 - __main__ - INFO - [INFO] 2023-04-09 21:31:04.563483 Epoch [43/100] batch [129/391] loss 0.5537 lr 0.062434494358242776 acc 80.47% eta 0:31:54
2023-04-09 21:31:16,126 - __main__ - INFO - [INFO] 2023-04-09 21:31:16.125961 Epoch [43/100] batch [257/391] loss 0.3081 lr 0.062434494358242776 acc 90.62% eta 0:31:16
2023-04-09 21:31:27,963 - __main__ - INFO - [INFO] 2023-04-09 21:31:27.963613 Epoch [43/100] batch [385/391] loss 0.3501 lr 0.062434494358242776 acc 89.06% eta 0:31:13
2023-04-09 21:31:28,491 - __main__ - INFO - Computing epoch 43 validation accuracy...
2023-04-09 21:31:31,660 - __main__ - INFO - Computing epoch 43 validation loss...
2023-04-09 21:31:35,036 - __main__ - INFO - [INFO] 2023-04-09 21:31:35.036336 Epoch [44/100] batch [1/391] loss 0.6382 lr 0.06090716206982718 acc 84.38% eta 0:33:51
2023-04-09 21:31:46,704 - __main__ - INFO - [INFO] 2023-04-09 21:31:46.704763 Epoch [44/100] batch [129/391] loss 0.4883 lr 0.06090716206982718 acc 89.06% eta 0:30:47
2023-04-09 21:31:58,429 - __main__ - INFO - [INFO] 2023-04-09 21:31:58.429188 Epoch [44/100] batch [257/391] loss 0.3948 lr 0.06090716206982718 acc 85.94% eta 0:30:39
2023-04-09 21:32:10,132 - __main__ - INFO - [INFO] 2023-04-09 21:32:10.132163 Epoch [44/100] batch [385/391] loss 0.5791 lr 0.06090716206982718 acc 80.47% eta 0:30:30
2023-04-09 21:32:10,648 - __main__ - INFO - Computing epoch 44 validation accuracy...
2023-04-09 21:32:13,779 - __main__ - INFO - Computing epoch 44 validation loss...
2023-04-09 21:32:16,958 - __main__ - INFO - [INFO] 2023-04-09 21:32:16.957975 Epoch [45/100] batch [1/391] loss 0.4421 lr 0.05936906572928628 acc 87.50% eta 0:35:04
2023-04-09 21:32:28,549 - __main__ - INFO - [INFO] 2023-04-09 21:32:28.549352 Epoch [45/100] batch [129/391] loss 0.4023 lr 0.05936906572928628 acc 76.56% eta 0:30:01
2023-04-09 21:32:40,265 - __main__ - INFO - [INFO] 2023-04-09 21:32:40.265651 Epoch [45/100] batch [257/391] loss 0.3491 lr 0.05936906572928628 acc 85.16% eta 0:29:58
2023-04-09 21:32:51,783 - __main__ - INFO - [INFO] 2023-04-09 21:32:51.783173 Epoch [45/100] batch [385/391] loss 0.4580 lr 0.05936906572928628 acc 81.25% eta 0:29:43
2023-04-09 21:32:52,305 - __main__ - INFO - Computing epoch 45 validation accuracy...
2023-04-09 21:32:55,372 - __main__ - INFO - Computing epoch 45 validation loss...
2023-04-09 21:32:58,557 - __main__ - INFO - [INFO] 2023-04-09 21:32:58.556942 Epoch [46/100] batch [1/391] loss 0.3977 lr 0.05782172325201159 acc 85.16% eta 0:33:12
2023-04-09 21:33:10,589 - __main__ - INFO - [INFO] 2023-04-09 21:33:10.589517 Epoch [46/100] batch [129/391] loss 0.4426 lr 0.05782172325201159 acc 76.56% eta 0:30:44
2023-04-09 21:33:22,095 - __main__ - INFO - [INFO] 2023-04-09 21:33:22.094992 Epoch [46/100] batch [257/391] loss 0.4229 lr 0.05782172325201159 acc 86.72% eta 0:29:47
2023-04-09 21:33:33,537 - __main__ - INFO - [INFO] 2023-04-09 21:33:33.537342 Epoch [46/100] batch [385/391] loss 0.3506 lr 0.05782172325201159 acc 85.16% eta 0:29:18
2023-04-09 21:33:34,097 - __main__ - INFO - Computing epoch 46 validation accuracy...
2023-04-09 21:33:37,284 - __main__ - INFO - Computing epoch 46 validation loss...
2023-04-09 21:33:40,539 - __main__ - INFO - [INFO] 2023-04-09 21:33:40.539079 Epoch [47/100] batch [1/391] loss 0.5605 lr 0.056266661678215264 acc 80.47% eta 0:31:16
2023-04-09 21:33:52,281 - __main__ - INFO - [INFO] 2023-04-09 21:33:52.281642 Epoch [47/100] batch [129/391] loss 0.5254 lr 0.056266661678215264 acc 79.69% eta 0:29:25
2023-04-09 21:34:04,211 - __main__ - INFO - [INFO] 2023-04-09 21:34:04.211740 Epoch [47/100] batch [257/391] loss 0.3884 lr 0.056266661678215264 acc 85.94% eta 0:29:28
2023-04-09 21:34:15,815 - __main__ - INFO - [INFO] 2023-04-09 21:34:15.815737 Epoch [47/100] batch [385/391] loss 0.3713 lr 0.056266661678215264 acc 87.50% eta 0:29:05
2023-04-09 21:34:16,341 - __main__ - INFO - Computing epoch 47 validation accuracy...
2023-04-09 21:34:19,475 - __main__ - INFO - Computing epoch 47 validation loss...
2023-04-09 21:34:22,632 - __main__ - INFO - [INFO] 2023-04-09 21:34:22.631982 Epoch [48/100] batch [1/391] loss 0.4006 lr 0.05470541566592575 acc 82.03% eta 0:37:48
2023-04-09 21:34:34,321 - __main__ - INFO - [INFO] 2023-04-09 21:34:34.320722 Epoch [48/100] batch [129/391] loss 0.3643 lr 0.05470541566592575 acc 85.94% eta 0:28:47
2023-04-09 21:34:46,342 - __main__ - INFO - [INFO] 2023-04-09 21:34:46.342421 Epoch [48/100] batch [257/391] loss 0.4312 lr 0.05470541566592575 acc 86.72% eta 0:29:00
2023-04-09 21:34:58,063 - __main__ - INFO - [INFO] 2023-04-09 21:34:58.063741 Epoch [48/100] batch [385/391] loss 0.5225 lr 0.05470541566592575 acc 84.38% eta 0:28:42
2023-04-09 21:34:58,585 - __main__ - INFO - Computing epoch 48 validation accuracy...
2023-04-09 21:35:01,711 - __main__ - INFO - Computing epoch 48 validation loss...
2023-04-09 21:35:04,837 - __main__ - INFO - [INFO] 2023-04-09 21:35:04.837518 Epoch [49/100] batch [1/391] loss 0.3696 lr 0.053139525976465714 acc 87.50% eta 0:30:19
2023-04-09 21:35:16,562 - __main__ - INFO - [INFO] 2023-04-09 21:35:16.562233 Epoch [49/100] batch [129/391] loss 0.5391 lr 0.053139525976465714 acc 80.47% eta 0:28:20
2023-04-09 21:35:28,651 - __main__ - INFO - [INFO] 2023-04-09 21:35:28.651774 Epoch [49/100] batch [257/391] loss 0.3987 lr 0.053139525976465714 acc 84.38% eta 0:28:35
2023-04-09 21:35:40,340 - __main__ - INFO - [INFO] 2023-04-09 21:35:40.340163 Epoch [49/100] batch [385/391] loss 0.3484 lr 0.053139525976465714 acc 86.72% eta 0:28:10
2023-04-09 21:35:40,869 - __main__ - INFO - Computing epoch 49 validation accuracy...
2023-04-09 21:35:44,051 - __main__ - INFO - Computing epoch 49 validation loss...
2023-04-09 21:35:47,235 - __main__ - INFO - [INFO] 2023-04-09 21:35:47.234943 Epoch [50/100] batch [1/391] loss 0.4546 lr 0.05157053795390645 acc 80.47% eta 0:29:51
2023-04-09 21:35:58,869 - __main__ - INFO - [INFO] 2023-04-09 21:35:58.869718 Epoch [50/100] batch [129/391] loss 0.4202 lr 0.05157053795390645 acc 85.94% eta 0:27:29
2023-04-09 21:36:10,398 - __main__ - INFO - [INFO] 2023-04-09 21:36:10.398545 Epoch [50/100] batch [257/391] loss 0.5244 lr 0.05157053795390645 acc 85.94% eta 0:27:08
2023-04-09 21:36:21,976 - __main__ - INFO - [INFO] 2023-04-09 21:36:21.976235 Epoch [50/100] batch [385/391] loss 0.3674 lr 0.05157053795390645 acc 85.94% eta 0:26:57
2023-04-09 21:36:22,504 - __main__ - INFO - Computing epoch 50 validation accuracy...
2023-04-09 21:36:25,599 - __main__ - INFO - Computing epoch 50 validation loss...
2023-04-09 21:36:28,763 - __main__ - INFO - [INFO] 2023-04-09 21:36:28.763758 Epoch [51/100] batch [1/391] loss 0.5420 lr 0.05000000000000004 acc 83.59% eta 0:31:47
2023-04-09 21:36:40,367 - __main__ - INFO - [INFO] 2023-04-09 21:36:40.367757 Epoch [51/100] batch [129/391] loss 0.4600 lr 0.05000000000000004 acc 80.47% eta 0:26:55
2023-04-09 21:36:51,902 - __main__ - INFO - [INFO] 2023-04-09 21:36:51.902832 Epoch [51/100] batch [257/391] loss 0.4766 lr 0.05000000000000004 acc 80.47% eta 0:26:38
2023-04-09 21:37:03,838 - __main__ - INFO - [INFO] 2023-04-09 21:37:03.837911 Epoch [51/100] batch [385/391] loss 0.4854 lr 0.05000000000000004 acc 84.38% eta 0:26:44
2023-04-09 21:37:04,398 - __main__ - INFO - Computing epoch 51 validation accuracy...
2023-04-09 21:37:07,601 - __main__ - INFO - Computing epoch 51 validation loss...
2023-04-09 21:37:10,849 - __main__ - INFO - [INFO] 2023-04-09 21:37:10.849107 Epoch [52/100] batch [1/391] loss 0.4827 lr 0.04842946204609362 acc 85.16% eta 0:30:06
2023-04-09 21:37:22,676 - __main__ - INFO - [INFO] 2023-04-09 21:37:22.676587 Epoch [52/100] batch [129/391] loss 0.2725 lr 0.04842946204609362 acc 91.41% eta 0:26:49
2023-04-09 21:37:34,336 - __main__ - INFO - [INFO] 2023-04-09 21:37:34.336506 Epoch [52/100] batch [257/391] loss 0.4609 lr 0.04842946204609362 acc 84.38% eta 0:26:25
2023-04-09 21:37:45,944 - __main__ - INFO - [INFO] 2023-04-09 21:37:45.944189 Epoch [52/100] batch [385/391] loss 0.4287 lr 0.04842946204609362 acc 82.81% eta 0:26:10
2023-04-09 21:37:46,465 - __main__ - INFO - Computing epoch 52 validation accuracy...
2023-04-09 21:37:49,634 - __main__ - INFO - Computing epoch 52 validation loss...
2023-04-09 21:37:52,913 - __main__ - INFO - [INFO] 2023-04-09 21:37:52.913257 Epoch [53/100] batch [1/391] loss 0.3264 lr 0.04686047402353437 acc 90.62% eta 0:27:32
2023-04-09 21:38:04,393 - __main__ - INFO - [INFO] 2023-04-09 21:38:04.393408 Epoch [53/100] batch [129/391] loss 0.4338 lr 0.04686047402353437 acc 85.16% eta 0:25:29
2023-04-09 21:38:16,399 - __main__ - INFO - [INFO] 2023-04-09 21:38:16.399737 Epoch [53/100] batch [257/391] loss 0.4934 lr 0.04686047402353437 acc 75.78% eta 0:25:55
2023-04-09 21:38:27,983 - __main__ - INFO - [INFO] 2023-04-09 21:38:27.982970 Epoch [53/100] batch [385/391] loss 0.4431 lr 0.04686047402353437 acc 83.59% eta 0:25:36
2023-04-09 21:38:28,506 - __main__ - INFO - Computing epoch 53 validation accuracy...
2023-04-09 21:38:31,584 - __main__ - INFO - Computing epoch 53 validation loss...
2023-04-09 21:38:34,810 - __main__ - INFO - [INFO] 2023-04-09 21:38:34.809950 Epoch [54/100] batch [1/391] loss 0.4326 lr 0.045294584334074316 acc 89.06% eta 0:28:14
2023-04-09 21:38:46,578 - __main__ - INFO - [INFO] 2023-04-09 21:38:46.578207 Epoch [54/100] batch [129/391] loss 0.5454 lr 0.045294584334074316 acc 82.81% eta 0:25:37
2023-04-09 21:38:58,111 - __main__ - INFO - [INFO] 2023-04-09 21:38:58.110840 Epoch [54/100] batch [257/391] loss 0.4050 lr 0.045294584334074316 acc 85.94% eta 0:25:06
2023-04-09 21:39:09,779 - __main__ - INFO - [INFO] 2023-04-09 21:39:09.779393 Epoch [54/100] batch [385/391] loss 0.5596 lr 0.045294584334074316 acc 82.03% eta 0:24:56
2023-04-09 21:39:10,334 - __main__ - INFO - Computing epoch 54 validation accuracy...
2023-04-09 21:39:13,595 - __main__ - INFO - Computing epoch 54 validation loss...
2023-04-09 21:39:16,810 - __main__ - INFO - [INFO] 2023-04-09 21:39:16.810300 Epoch [55/100] batch [1/391] loss 0.4031 lr 0.043733338321784825 acc 86.72% eta 0:25:57
2023-04-09 21:39:28,516 - __main__ - INFO - [INFO] 2023-04-09 21:39:28.516373 Epoch [55/100] batch [129/391] loss 0.3735 lr 0.043733338321784825 acc 89.84% eta 0:25:00
2023-04-09 21:39:39,954 - __main__ - INFO - [INFO] 2023-04-09 21:39:39.954160 Epoch [55/100] batch [257/391] loss 0.4287 lr 0.043733338321784825 acc 84.38% eta 0:24:29
2023-04-09 21:39:51,616 - __main__ - INFO - [INFO] 2023-04-09 21:39:51.616801 Epoch [55/100] batch [385/391] loss 0.4995 lr 0.043733338321784825 acc 79.69% eta 0:24:22
2023-04-09 21:39:52,131 - __main__ - INFO - Computing epoch 55 validation accuracy...
2023-04-09 21:39:55,212 - __main__ - INFO - Computing epoch 55 validation loss...
2023-04-09 21:39:58,449 - __main__ - INFO - [INFO] 2023-04-09 21:39:58.448940 Epoch [56/100] batch [1/391] loss 0.3499 lr 0.042178276747988484 acc 83.59% eta 0:25:37
2023-04-09 21:40:10,351 - __main__ - INFO - [INFO] 2023-04-09 21:40:10.351133 Epoch [56/100] batch [129/391] loss 0.5068 lr 0.042178276747988484 acc 82.03% eta 0:24:44
2023-04-09 21:40:22,120 - __main__ - INFO - [INFO] 2023-04-09 21:40:22.120327 Epoch [56/100] batch [257/391] loss 0.4990 lr 0.042178276747988484 acc 82.03% eta 0:24:27
2023-04-09 21:40:33,968 - __main__ - INFO - [INFO] 2023-04-09 21:40:33.967956 Epoch [56/100] batch [385/391] loss 0.3955 lr 0.042178276747988484 acc 89.06% eta 0:24:19
2023-04-09 21:40:34,533 - __main__ - INFO - Computing epoch 56 validation accuracy...
2023-04-09 21:40:37,577 - __main__ - INFO - Computing epoch 56 validation loss...
2023-04-09 21:40:40,741 - __main__ - INFO - [INFO] 2023-04-09 21:40:40.741259 Epoch [57/100] batch [1/391] loss 0.2454 lr 0.0406309342707138 acc 87.50% eta 0:24:18
2023-04-09 21:40:52,411 - __main__ - INFO - [INFO] 2023-04-09 21:40:52.410901 Epoch [57/100] batch [129/391] loss 0.4089 lr 0.0406309342707138 acc 85.16% eta 0:23:39
2023-04-09 21:41:04,143 - __main__ - INFO - [INFO] 2023-04-09 21:41:04.143551 Epoch [57/100] batch [257/391] loss 0.3950 lr 0.0406309342707138 acc 80.47% eta 0:23:34
2023-04-09 21:41:15,912 - __main__ - INFO - [INFO] 2023-04-09 21:41:15.911935 Epoch [57/100] batch [385/391] loss 0.3445 lr 0.0406309342707138 acc 89.06% eta 0:23:27
2023-04-09 21:41:16,438 - __main__ - INFO - Computing epoch 57 validation accuracy...
2023-04-09 21:41:19,487 - __main__ - INFO - Computing epoch 57 validation loss...
2023-04-09 21:41:22,680 - __main__ - INFO - [INFO] 2023-04-09 21:41:22.680362 Epoch [58/100] batch [1/391] loss 0.3057 lr 0.039092837930172916 acc 85.16% eta 0:26:12
2023-04-09 21:41:34,285 - __main__ - INFO - [INFO] 2023-04-09 21:41:34.285629 Epoch [58/100] batch [129/391] loss 0.3503 lr 0.039092837930172916 acc 88.28% eta 0:23:04
2023-04-09 21:41:46,071 - __main__ - INFO - [INFO] 2023-04-09 21:41:46.070994 Epoch [58/100] batch [257/391] loss 0.3142 lr 0.039092837930172916 acc 86.72% eta 0:23:04
2023-04-09 21:41:57,520 - __main__ - INFO - [INFO] 2023-04-09 21:41:57.520470 Epoch [58/100] batch [385/391] loss 0.4387 lr 0.039092837930172916 acc 76.56% eta 0:22:43
2023-04-09 21:41:58,039 - __main__ - INFO - Computing epoch 58 validation accuracy...
2023-04-09 21:42:01,115 - __main__ - INFO - Computing epoch 58 validation loss...
2023-04-09 21:42:04,380 - __main__ - INFO - [INFO] 2023-04-09 21:42:04.380217 Epoch [59/100] batch [1/391] loss 0.4395 lr 0.037565505641757285 acc 88.28% eta 0:24:59
2023-04-09 21:42:16,050 - __main__ - INFO - [INFO] 2023-04-09 21:42:16.050644 Epoch [59/100] batch [129/391] loss 0.3696 lr 0.037565505641757285 acc 87.50% eta 0:22:42
2023-04-09 21:42:27,741 - __main__ - INFO - [INFO] 2023-04-09 21:42:27.741555 Epoch [59/100] batch [257/391] loss 0.3665 lr 0.037565505641757285 acc 85.94% eta 0:22:31
2023-04-09 21:42:39,366 - __main__ - INFO - [INFO] 2023-04-09 21:42:39.366359 Epoch [59/100] batch [385/391] loss 0.3586 lr 0.037565505641757285 acc 88.28% eta 0:22:18
2023-04-09 21:42:39,880 - __main__ - INFO - Computing epoch 59 validation accuracy...
2023-04-09 21:42:43,087 - __main__ - INFO - Computing epoch 59 validation loss...
2023-04-09 21:42:46,272 - __main__ - INFO - [INFO] 2023-04-09 21:42:46.272384 Epoch [60/100] batch [1/391] loss 0.3813 lr 0.03605044469803857 acc 88.28% eta 0:24:06
2023-04-09 21:42:58,119 - __main__ - INFO - [INFO] 2023-04-09 21:42:58.119440 Epoch [60/100] batch [129/391] loss 0.3345 lr 0.03605044469803857 acc 92.19% eta 0:22:31
2023-04-09 21:43:09,883 - __main__ - INFO - [INFO] 2023-04-09 21:43:09.883221 Epoch [60/100] batch [257/391] loss 0.4316 lr 0.03605044469803857 acc 84.38% eta 0:22:13
2023-04-09 21:43:21,439 - __main__ - INFO - [INFO] 2023-04-09 21:43:21.439469 Epoch [60/100] batch [385/391] loss 0.3250 lr 0.03605044469803857 acc 89.06% eta 0:21:51
2023-04-09 21:43:22,008 - __main__ - INFO - Computing epoch 60 validation accuracy...
2023-04-09 21:43:25,158 - __main__ - INFO - Computing epoch 60 validation loss...
2023-04-09 21:43:28,318 - __main__ - INFO - [INFO] 2023-04-09 21:43:28.318485 Epoch [61/100] batch [1/391] loss 0.4368 lr 0.034549150281252675 acc 83.59% eta 0:22:38
2023-04-09 21:43:39,918 - __main__ - INFO - [INFO] 2023-04-09 21:43:39.918487 Epoch [61/100] batch [129/391] loss 0.3301 lr 0.034549150281252675 acc 86.72% eta 0:21:25
2023-04-09 21:43:51,333 - __main__ - INFO - [INFO] 2023-04-09 21:43:51.333019 Epoch [61/100] batch [257/391] loss 0.2874 lr 0.034549150281252675 acc 89.06% eta 0:21:03
2023-04-09 21:44:02,750 - __main__ - INFO - [INFO] 2023-04-09 21:44:02.750195 Epoch [61/100] batch [385/391] loss 0.3169 lr 0.034549150281252675 acc 87.50% eta 0:20:49
2023-04-09 21:44:03,274 - __main__ - INFO - Computing epoch 61 validation accuracy...
2023-04-09 21:44:06,474 - __main__ - INFO - Computing epoch 61 validation loss...
2023-04-09 21:44:09,625 - __main__ - INFO - [INFO] 2023-04-09 21:44:09.624844 Epoch [62/100] batch [1/391] loss 0.3879 lr 0.03306310398773546 acc 89.84% eta 0:21:36
2023-04-09 21:44:21,172 - __main__ - INFO - [INFO] 2023-04-09 21:44:21.172686 Epoch [62/100] batch [129/391] loss 0.5239 lr 0.03306310398773546 acc 83.59% eta 0:20:45
2023-04-09 21:44:33,009 - __main__ - INFO - [INFO] 2023-04-09 21:44:33.008987 Epoch [62/100] batch [257/391] loss 0.3616 lr 0.03306310398773546 acc 86.72% eta 0:20:52
2023-04-09 21:44:44,737 - __main__ - INFO - [INFO] 2023-04-09 21:44:44.737003 Epoch [62/100] batch [385/391] loss 0.3838 lr 0.03306310398773546 acc 86.72% eta 0:20:42
2023-04-09 21:44:45,253 - __main__ - INFO - Computing epoch 62 validation accuracy...
2023-04-09 21:44:48,351 - __main__ - INFO - Computing epoch 62 validation loss...
2023-04-09 21:44:51,555 - __main__ - INFO - [INFO] 2023-04-09 21:44:51.555836 Epoch [63/100] batch [1/391] loss 0.3772 lr 0.031593772365766146 acc 85.94% eta 0:22:38
2023-04-09 21:45:03,333 - __main__ - INFO - [INFO] 2023-04-09 21:45:03.333229 Epoch [63/100] batch [129/391] loss 0.4238 lr 0.031593772365766146 acc 82.03% eta 0:20:41
2023-04-09 21:45:14,941 - __main__ - INFO - [INFO] 2023-04-09 21:45:14.941241 Epoch [63/100] batch [257/391] loss 0.2781 lr 0.031593772365766146 acc 91.41% eta 0:20:22
2023-04-09 21:45:26,593 - __main__ - INFO - [INFO] 2023-04-09 21:45:26.593334 Epoch [63/100] batch [385/391] loss 0.5127 lr 0.031593772365766146 acc 85.16% eta 0:20:09
2023-04-09 21:45:27,094 - __main__ - INFO - Computing epoch 63 validation accuracy...
2023-04-09 21:45:30,275 - __main__ - INFO - Computing epoch 63 validation loss...
2023-04-09 21:45:33,452 - __main__ - INFO - [INFO] 2023-04-09 21:45:33.452360 Epoch [64/100] batch [1/391] loss 0.4170 lr 0.030142605468260992 acc 84.38% eta 0:21:23
2023-04-09 21:45:45,373 - __main__ - INFO - [INFO] 2023-04-09 21:45:45.373729 Epoch [64/100] batch [129/391] loss 0.3752 lr 0.030142605468260992 acc 87.50% eta 0:20:25
2023-04-09 21:45:57,064 - __main__ - INFO - [INFO] 2023-04-09 21:45:57.064623 Epoch [64/100] batch [257/391] loss 0.3835 lr 0.030142605468260992 acc 89.84% eta 0:20:00
2023-04-09 21:46:08,614 - __main__ - INFO - [INFO] 2023-04-09 21:46:08.614195 Epoch [64/100] batch [385/391] loss 0.4072 lr 0.030142605468260992 acc 84.38% eta 0:19:41
2023-04-09 21:46:09,132 - __main__ - INFO - Computing epoch 64 validation accuracy...
2023-04-09 21:46:12,211 - __main__ - INFO - Computing epoch 64 validation loss...
2023-04-09 21:46:15,363 - __main__ - INFO - [INFO] 2023-04-09 21:46:15.363459 Epoch [65/100] batch [1/391] loss 0.4092 lr 0.028711035421746394 acc 82.03% eta 0:20:10
2023-04-09 21:46:26,781 - __main__ - INFO - [INFO] 2023-04-09 21:46:26.781023 Epoch [65/100] batch [129/391] loss 0.3257 lr 0.028711035421746394 acc 89.06% eta 0:18:55
2023-04-09 21:46:38,464 - __main__ - INFO - [INFO] 2023-04-09 21:46:38.463971 Epoch [65/100] batch [257/391] loss 0.3030 lr 0.028711035421746394 acc 91.41% eta 0:19:00
2023-04-09 21:46:50,180 - __main__ - INFO - [INFO] 2023-04-09 21:46:50.179973 Epoch [65/100] batch [385/391] loss 0.3081 lr 0.028711035421746394 acc 89.06% eta 0:18:55
2023-04-09 21:46:50,724 - __main__ - INFO - Computing epoch 65 validation accuracy...
2023-04-09 21:46:53,873 - __main__ - INFO - Computing epoch 65 validation loss...
2023-04-09 21:46:57,170 - __main__ - INFO - [INFO] 2023-04-09 21:46:57.170765 Epoch [66/100] batch [1/391] loss 0.3657 lr 0.027300475013022688 acc 87.50% eta 0:20:48
2023-04-09 21:47:08,658 - __main__ - INFO - [INFO] 2023-04-09 21:47:08.658733 Epoch [66/100] batch [129/391] loss 0.4263 lr 0.027300475013022688 acc 81.25% eta 0:18:36
2023-04-09 21:47:20,353 - __main__ - INFO - [INFO] 2023-04-09 21:47:20.353800 Epoch [66/100] batch [257/391] loss 0.3926 lr 0.027300475013022688 acc 84.38% eta 0:18:35
2023-04-09 21:47:31,888 - __main__ - INFO - [INFO] 2023-04-09 21:47:31.888563 Epoch [66/100] batch [385/391] loss 0.3057 lr 0.027300475013022688 acc 90.62% eta 0:18:21
2023-04-09 21:47:32,416 - __main__ - INFO - Computing epoch 66 validation accuracy...
2023-04-09 21:47:35,561 - __main__ - INFO - Computing epoch 66 validation loss...
2023-04-09 21:47:38,829 - __main__ - INFO - [INFO] 2023-04-09 21:47:38.829646 Epoch [67/100] batch [1/391] loss 0.3752 lr 0.025912316294914254 acc 89.06% eta 0:18:46
2023-04-09 21:47:50,442 - __main__ - INFO - [INFO] 2023-04-09 21:47:50.442636 Epoch [67/100] batch [129/391] loss 0.4309 lr 0.025912316294914254 acc 87.50% eta 0:18:14
2023-04-09 21:48:02,146 - __main__ - INFO - [INFO] 2023-04-09 21:48:02.146774 Epoch [67/100] batch [257/391] loss 0.3779 lr 0.025912316294914254 acc 87.50% eta 0:18:05
2023-04-09 21:48:13,891 - __main__ - INFO - [INFO] 2023-04-09 21:48:13.891757 Epoch [67/100] batch [385/391] loss 0.3274 lr 0.025912316294914254 acc 88.28% eta 0:17:57
2023-04-09 21:48:14,430 - __main__ - INFO - Computing epoch 67 validation accuracy...
2023-04-09 21:48:17,542 - __main__ - INFO - Computing epoch 67 validation loss...
2023-04-09 21:48:20,858 - __main__ - INFO - [INFO] 2023-04-09 21:48:20.858409 Epoch [68/100] batch [1/391] loss 0.1989 lr 0.02454792921248146 acc 93.75% eta 0:27:07
2023-04-09 21:48:32,796 - __main__ - INFO - [INFO] 2023-04-09 21:48:32.795851 Epoch [68/100] batch [129/391] loss 0.3171 lr 0.02454792921248146 acc 92.19% eta 0:18:16
2023-04-09 21:48:44,525 - __main__ - INFO - [INFO] 2023-04-09 21:48:44.524932 Epoch [68/100] batch [257/391] loss 0.2546 lr 0.02454792921248146 acc 94.53% eta 0:17:55
2023-04-09 21:48:56,308 - __main__ - INFO - [INFO] 2023-04-09 21:48:56.308514 Epoch [68/100] batch [385/391] loss 0.3774 lr 0.02454792921248146 acc 88.28% eta 0:17:42
2023-04-09 21:48:56,844 - __main__ - INFO - Computing epoch 68 validation accuracy...
2023-04-09 21:49:00,027 - __main__ - INFO - Computing epoch 68 validation loss...
2023-04-09 21:49:03,357 - __main__ - INFO - [INFO] 2023-04-09 21:49:03.356894 Epoch [69/100] batch [1/391] loss 0.2603 lr 0.02320866025105018 acc 90.62% eta 0:22:28
2023-04-09 21:49:15,228 - __main__ - INFO - [INFO] 2023-04-09 21:49:15.228393 Epoch [69/100] batch [129/391] loss 0.4055 lr 0.02320866025105018 acc 88.28% eta 0:17:41
2023-04-09 21:49:26,974 - __main__ - INFO - [INFO] 2023-04-09 21:49:26.974450 Epoch [69/100] batch [257/391] loss 0.3530 lr 0.02320866025105018 acc 89.84% eta 0:17:21
2023-04-09 21:49:38,720 - __main__ - INFO - [INFO] 2023-04-09 21:49:38.720718 Epoch [69/100] batch [385/391] loss 0.4392 lr 0.02320866025105018 acc 89.06% eta 0:17:07
2023-04-09 21:49:39,232 - __main__ - INFO - Computing epoch 69 validation accuracy...
2023-04-09 21:49:42,377 - __main__ - INFO - Computing epoch 69 validation loss...
2023-04-09 21:49:45,605 - __main__ - INFO - [INFO] 2023-04-09 21:49:45.604917 Epoch [70/100] batch [1/391] loss 0.3096 lr 0.021895831107393487 acc 85.16% eta 0:19:48
2023-04-09 21:49:57,614 - __main__ - INFO - [INFO] 2023-04-09 21:49:57.614507 Epoch [70/100] batch [129/391] loss 0.3491 lr 0.021895831107393487 acc 91.41% eta 0:17:13
2023-04-09 21:50:09,268 - __main__ - INFO - [INFO] 2023-04-09 21:50:09.268543 Epoch [70/100] batch [257/391] loss 0.2466 lr 0.021895831107393487 acc 91.41% eta 0:16:46
2023-04-09 21:50:21,017 - __main__ - INFO - [INFO] 2023-04-09 21:50:21.016891 Epoch [70/100] batch [385/391] loss 0.4966 lr 0.021895831107393487 acc 88.28% eta 0:16:33
2023-04-09 21:50:21,540 - __main__ - INFO - Computing epoch 70 validation accuracy...
2023-04-09 21:50:24,738 - __main__ - INFO - Computing epoch 70 validation loss...
2023-04-09 21:50:28,059 - __main__ - INFO - [INFO] 2023-04-09 21:50:28.059492 Epoch [71/100] batch [1/391] loss 0.3577 lr 0.02061073738537637 acc 85.94% eta 0:17:42
2023-04-09 21:50:39,736 - __main__ - INFO - [INFO] 2023-04-09 21:50:39.735930 Epoch [71/100] batch [129/391] loss 0.4226 lr 0.02061073738537637 acc 86.72% eta 0:16:10
2023-04-09 21:50:51,726 - __main__ - INFO - [INFO] 2023-04-09 21:50:51.726377 Epoch [71/100] batch [257/391] loss 0.2174 lr 0.02061073738537637 acc 93.75% eta 0:16:13
2023-04-09 21:51:03,512 - __main__ - INFO - [INFO] 2023-04-09 21:51:03.511900 Epoch [71/100] batch [385/391] loss 0.3843 lr 0.02061073738537637 acc 86.72% eta 0:16:00
2023-04-09 21:51:04,045 - __main__ - INFO - Computing epoch 71 validation accuracy...
2023-04-09 21:51:07,261 - __main__ - INFO - Computing epoch 71 validation loss...
2023-04-09 21:51:10,606 - __main__ - INFO - [INFO] 2023-04-09 21:51:10.606902 Epoch [72/100] batch [1/391] loss 0.2900 lr 0.01935464731735119 acc 86.72% eta 0:17:17
2023-04-09 21:51:22,231 - __main__ - INFO - [INFO] 2023-04-09 21:51:22.230835 Epoch [72/100] batch [129/391] loss 0.3091 lr 0.01935464731735119 acc 93.75% eta 0:15:33
2023-04-09 21:51:33,912 - __main__ - INFO - [INFO] 2023-04-09 21:51:33.912256 Epoch [72/100] batch [257/391] loss 0.3445 lr 0.01935464731735119 acc 92.19% eta 0:15:24
2023-04-09 21:51:45,778 - __main__ - INFO - [INFO] 2023-04-09 21:51:45.778460 Epoch [72/100] batch [385/391] loss 0.3918 lr 0.01935464731735119 acc 87.50% eta 0:15:19
2023-04-09 21:51:46,383 - __main__ - INFO - Computing epoch 72 validation accuracy...
2023-04-09 21:51:49,602 - __main__ - INFO - Computing epoch 72 validation loss...
2023-04-09 21:51:52,871 - __main__ - INFO - [INFO] 2023-04-09 21:51:52.871321 Epoch [73/100] batch [1/391] loss 0.1808 lr 0.018128800512565532 acc 92.19% eta 0:16:51
2023-04-09 21:52:04,437 - __main__ - INFO - [INFO] 2023-04-09 21:52:04.437353 Epoch [73/100] batch [129/391] loss 0.3623 lr 0.018128800512565532 acc 89.84% eta 0:14:57
2023-04-09 21:52:16,165 - __main__ - INFO - [INFO] 2023-04-09 21:52:16.165125 Epoch [73/100] batch [257/391] loss 0.4097 lr 0.018128800512565532 acc 91.41% eta 0:14:52
2023-04-09 21:52:27,838 - __main__ - INFO - [INFO] 2023-04-09 21:52:27.838467 Epoch [73/100] batch [385/391] loss 0.4795 lr 0.018128800512565532 acc 85.94% eta 0:14:42
2023-04-09 21:52:28,355 - __main__ - INFO - Computing epoch 73 validation accuracy...
2023-04-09 21:52:31,669 - __main__ - INFO - Computing epoch 73 validation loss...
2023-04-09 21:52:34,960 - __main__ - INFO - [INFO] 2023-04-09 21:52:34.960196 Epoch [74/100] batch [1/391] loss 0.3887 lr 0.016934406733817433 acc 89.06% eta 0:14:57
2023-04-09 21:52:47,078 - __main__ - INFO - [INFO] 2023-04-09 21:52:47.077968 Epoch [74/100] batch [129/391] loss 0.3264 lr 0.016934406733817433 acc 89.84% eta 0:15:05
2023-04-09 21:52:58,693 - __main__ - INFO - [INFO] 2023-04-09 21:52:58.692830 Epoch [74/100] batch [257/391] loss 0.2908 lr 0.016934406733817433 acc 85.16% eta 0:14:35
2023-04-09 21:53:10,402 - __main__ - INFO - [INFO] 2023-04-09 21:53:10.402658 Epoch [74/100] batch [385/391] loss 0.3040 lr 0.016934406733817433 acc 90.62% eta 0:14:20
2023-04-09 21:53:10,933 - __main__ - INFO - Computing epoch 74 validation accuracy...
2023-04-09 21:53:14,098 - __main__ - INFO - Computing epoch 74 validation loss...
2023-04-09 21:53:17,367 - __main__ - INFO - [INFO] 2023-04-09 21:53:17.367505 Epoch [75/100] batch [1/391] loss 0.2878 lr 0.01577264470356558 acc 92.97% eta 0:15:15
2023-04-09 21:53:29,351 - __main__ - INFO - [INFO] 2023-04-09 21:53:29.351088 Epoch [75/100] batch [129/391] loss 0.2277 lr 0.01577264470356558 acc 90.62% eta 0:14:21
2023-04-09 21:53:40,971 - __main__ - INFO - [INFO] 2023-04-09 21:53:40.970645 Epoch [75/100] batch [257/391] loss 0.1936 lr 0.01577264470356558 acc 96.09% eta 0:13:56
2023-04-09 21:53:53,135 - __main__ - INFO - [INFO] 2023-04-09 21:53:53.135196 Epoch [75/100] batch [385/391] loss 0.3247 lr 0.01577264470356558 acc 90.62% eta 0:13:55
2023-04-09 21:53:53,663 - __main__ - INFO - Computing epoch 75 validation accuracy...
2023-04-09 21:53:56,847 - __main__ - INFO - Computing epoch 75 validation loss...
2023-04-09 21:54:00,106 - __main__ - INFO - [INFO] 2023-04-09 21:54:00.105583 Epoch [76/100] batch [1/391] loss 0.3306 lr 0.014644660940672643 acc 86.72% eta 0:14:49
2023-04-09 21:54:11,879 - __main__ - INFO - [INFO] 2023-04-09 21:54:11.879185 Epoch [76/100] batch [129/391] loss 0.3313 lr 0.014644660940672643 acc 84.38% eta 0:13:34
2023-04-09 21:54:23,572 - __main__ - INFO - [INFO] 2023-04-09 21:54:23.572314 Epoch [76/100] batch [257/391] loss 0.1826 lr 0.014644660940672643 acc 94.53% eta 0:13:20
2023-04-09 21:54:35,479 - __main__ - INFO - [INFO] 2023-04-09 21:54:35.478637 Epoch [76/100] batch [385/391] loss 0.3171 lr 0.014644660940672643 acc 90.62% eta 0:13:13
2023-04-09 21:54:36,021 - __main__ - INFO - Computing epoch 76 validation accuracy...
2023-04-09 21:54:39,271 - __main__ - INFO - Computing epoch 76 validation loss...
2023-04-09 21:54:42,606 - __main__ - INFO - [INFO] 2023-04-09 21:54:42.606804 Epoch [77/100] batch [1/391] loss 0.2032 lr 0.013551568628929448 acc 94.53% eta 0:18:00
2023-04-09 21:54:54,530 - __main__ - INFO - [INFO] 2023-04-09 21:54:54.529560 Epoch [77/100] batch [129/391] loss 0.1570 lr 0.013551568628929448 acc 94.53% eta 0:13:13
2023-04-09 21:55:06,285 - __main__ - INFO - [INFO] 2023-04-09 21:55:06.285408 Epoch [77/100] batch [257/391] loss 0.2172 lr 0.013551568628929448 acc 94.53% eta 0:12:55
2023-04-09 21:55:18,096 - __main__ - INFO - [INFO] 2023-04-09 21:55:18.095847 Epoch [77/100] batch [385/391] loss 0.0876 lr 0.013551568628929448 acc 95.31% eta 0:12:44
2023-04-09 21:55:18,630 - __main__ - INFO - Computing epoch 77 validation accuracy...
2023-04-09 21:55:21,846 - __main__ - INFO - Computing epoch 77 validation loss...
2023-04-09 21:55:25,112 - __main__ - INFO - [INFO] 2023-04-09 21:55:25.112891 Epoch [78/100] batch [1/391] loss 0.2489 lr 0.012494446518477033 acc 92.97% eta 0:15:29
2023-04-09 21:55:36,914 - __main__ - INFO - [INFO] 2023-04-09 21:55:36.914095 Epoch [78/100] batch [129/391] loss 0.3376 lr 0.012494446518477033 acc 89.84% eta 0:12:31
2023-04-09 21:55:48,771 - __main__ - INFO - [INFO] 2023-04-09 21:55:48.771212 Epoch [78/100] batch [257/391] loss 0.1975 lr 0.012494446518477033 acc 95.31% eta 0:12:21
2023-04-09 21:56:00,708 - __main__ - INFO - [INFO] 2023-04-09 21:56:00.707961 Epoch [78/100] batch [385/391] loss 0.3147 lr 0.012494446518477033 acc 91.41% eta 0:12:13
2023-04-09 21:56:01,252 - __main__ - INFO - Computing epoch 78 validation accuracy...
2023-04-09 21:56:04,512 - __main__ - INFO - Computing epoch 78 validation loss...
2023-04-09 21:56:07,847 - __main__ - INFO - [INFO] 2023-04-09 21:56:07.847091 Epoch [79/100] batch [1/391] loss 0.2019 lr 0.011474337861210555 acc 94.53% eta 0:13:04
2023-04-09 21:56:19,824 - __main__ - INFO - [INFO] 2023-04-09 21:56:19.824518 Epoch [79/100] batch [129/391] loss 0.2639 lr 0.011474337861210555 acc 92.19% eta 0:12:09
2023-04-09 21:56:31,761 - __main__ - INFO - [INFO] 2023-04-09 21:56:31.761063 Epoch [79/100] batch [257/391] loss 0.1962 lr 0.011474337861210555 acc 95.31% eta 0:11:55
2023-04-09 21:56:43,569 - __main__ - INFO - [INFO] 2023-04-09 21:56:43.569266 Epoch [79/100] batch [385/391] loss 0.2820 lr 0.011474337861210555 acc 92.97% eta 0:11:41
2023-04-09 21:56:44,101 - __main__ - INFO - Computing epoch 79 validation accuracy...
2023-04-09 21:56:47,305 - __main__ - INFO - Computing epoch 79 validation loss...
2023-04-09 21:56:50,666 - __main__ - INFO - [INFO] 2023-04-09 21:56:50.666626 Epoch [80/100] batch [1/391] loss 0.3730 lr 0.01049224938121549 acc 89.06% eta 0:12:18
2023-04-09 21:57:02,419 - __main__ - INFO - [INFO] 2023-04-09 21:57:02.418861 Epoch [80/100] batch [129/391] loss 0.2656 lr 0.01049224938121549 acc 90.62% eta 0:11:21
2023-04-09 21:57:14,188 - __main__ - INFO - [INFO] 2023-04-09 21:57:14.188214 Epoch [80/100] batch [257/391] loss 0.1815 lr 0.01049224938121549 acc 96.09% eta 0:11:11
2023-04-09 21:57:26,046 - __main__ - INFO - [INFO] 2023-04-09 21:57:26.046383 Epoch [80/100] batch [385/391] loss 0.2413 lr 0.01049224938121549 acc 93.75% eta 0:11:01
2023-04-09 21:57:26,622 - __main__ - INFO - Computing epoch 80 validation accuracy...
2023-04-09 21:57:30,262 - __main__ - INFO - Computing epoch 80 validation loss...
2023-04-09 21:57:33,572 - __main__ - INFO - [INFO] 2023-04-09 21:57:33.572502 Epoch [81/100] batch [1/391] loss 0.2559 lr 0.009549150281252642 acc 93.75% eta 0:11:53
2023-04-09 21:57:45,330 - __main__ - INFO - [INFO] 2023-04-09 21:57:45.330091 Epoch [81/100] batch [129/391] loss 0.2026 lr 0.009549150281252642 acc 96.88% eta 0:10:48
2023-04-09 21:57:57,149 - __main__ - INFO - [INFO] 2023-04-09 21:57:57.148916 Epoch [81/100] batch [257/391] loss 0.2421 lr 0.009549150281252642 acc 92.97% eta 0:10:38
2023-04-09 21:58:09,135 - __main__ - INFO - [INFO] 2023-04-09 21:58:09.134823 Epoch [81/100] batch [385/391] loss 0.1593 lr 0.009549150281252642 acc 96.09% eta 0:10:31
2023-04-09 21:58:09,692 - __main__ - INFO - Computing epoch 81 validation accuracy...
2023-04-09 21:58:12,941 - __main__ - INFO - Computing epoch 81 validation loss...
2023-04-09 21:58:16,228 - __main__ - INFO - [INFO] 2023-04-09 21:58:16.227813 Epoch [82/100] batch [1/391] loss 0.2086 lr 0.008645971286271922 acc 95.31% eta 0:11:09
2023-04-09 21:58:28,023 - __main__ - INFO - [INFO] 2023-04-09 21:58:28.023078 Epoch [82/100] batch [129/391] loss 0.1761 lr 0.008645971286271922 acc 90.62% eta 0:10:17
2023-04-09 21:58:40,001 - __main__ - INFO - [INFO] 2023-04-09 21:58:40.001077 Epoch [82/100] batch [257/391] loss 0.2571 lr 0.008645971286271922 acc 92.97% eta 0:10:11
2023-04-09 21:58:52,194 - __main__ - INFO - [INFO] 2023-04-09 21:58:52.194272 Epoch [82/100] batch [385/391] loss 0.2261 lr 0.008645971286271922 acc 90.62% eta 0:10:05
2023-04-09 21:58:52,736 - __main__ - INFO - Computing epoch 82 validation accuracy...
2023-04-09 21:58:55,950 - __main__ - INFO - Computing epoch 82 validation loss...
2023-04-09 21:58:59,326 - __main__ - INFO - [INFO] 2023-04-09 21:58:59.326059 Epoch [83/100] batch [1/391] loss 0.1780 lr 0.007783603724899264 acc 94.53% eta 0:11:21
2023-04-09 21:59:11,186 - __main__ - INFO - [INFO] 2023-04-09 21:59:11.186431 Epoch [83/100] batch [129/391] loss 0.1464 lr 0.007783603724899264 acc 95.31% eta 0:09:47
2023-04-09 21:59:23,071 - __main__ - INFO - [INFO] 2023-04-09 21:59:23.070879 Epoch [83/100] batch [257/391] loss 0.2150 lr 0.007783603724899264 acc 93.75% eta 0:09:36
2023-04-09 21:59:34,808 - __main__ - INFO - [INFO] 2023-04-09 21:59:34.808252 Epoch [83/100] batch [385/391] loss 0.2014 lr 0.007783603724899264 acc 95.31% eta 0:09:22
2023-04-09 21:59:35,359 - __main__ - INFO - Computing epoch 83 validation accuracy...
2023-04-09 21:59:38,501 - __main__ - INFO - Computing epoch 83 validation loss...
2023-04-09 21:59:41,735 - __main__ - INFO - [INFO] 2023-04-09 21:59:41.735408 Epoch [84/100] batch [1/391] loss 0.2297 lr 0.006962898649802819 acc 91.41% eta 0:10:40
2023-04-09 21:59:53,798 - __main__ - INFO - [INFO] 2023-04-09 21:59:53.797749 Epoch [84/100] batch [129/391] loss 0.2742 lr 0.006962898649802819 acc 90.62% eta 0:09:25
2023-04-09 22:00:05,611 - __main__ - INFO - [INFO] 2023-04-09 22:00:05.611383 Epoch [84/100] batch [257/391] loss 0.2247 lr 0.006962898649802819 acc 94.53% eta 0:09:07
2023-04-09 22:00:17,391 - __main__ - INFO - [INFO] 2023-04-09 22:00:17.391299 Epoch [84/100] batch [385/391] loss 0.1528 lr 0.006962898649802819 acc 94.53% eta 0:08:53
2023-04-09 22:00:17,912 - __main__ - INFO - Computing epoch 84 validation accuracy...
2023-04-09 22:00:21,271 - __main__ - INFO - Computing epoch 84 validation loss...
2023-04-09 22:00:24,564 - __main__ - INFO - [INFO] 2023-04-09 22:00:24.564931 Epoch [85/100] batch [1/391] loss 0.1659 lr 0.0061846659978068265 acc 97.66% eta 0:09:39
2023-04-09 22:00:36,331 - __main__ - INFO - [INFO] 2023-04-09 22:00:36.331544 Epoch [85/100] batch [129/391] loss 0.1345 lr 0.0061846659978068265 acc 94.53% eta 0:08:35
2023-04-09 22:00:48,368 - __main__ - INFO - [INFO] 2023-04-09 22:00:48.367839 Epoch [85/100] batch [257/391] loss 0.2072 lr 0.0061846659978068265 acc 93.75% eta 0:08:31
2023-04-09 22:01:00,488 - __main__ - INFO - [INFO] 2023-04-09 22:01:00.488663 Epoch [85/100] batch [385/391] loss 0.2388 lr 0.0061846659978068265 acc 92.19% eta 0:08:24
2023-04-09 22:01:01,111 - __main__ - INFO - Computing epoch 85 validation accuracy...
2023-04-09 22:01:04,418 - __main__ - INFO - Computing epoch 85 validation loss...
2023-04-09 22:01:07,623 - __main__ - INFO - [INFO] 2023-04-09 22:01:07.623632 Epoch [86/100] batch [1/391] loss 0.1600 lr 0.005449673790581615 acc 92.97% eta 0:08:47
2023-04-09 22:01:19,400 - __main__ - INFO - [INFO] 2023-04-09 22:01:19.400180 Epoch [86/100] batch [129/391] loss 0.2484 lr 0.005449673790581615 acc 90.62% eta 0:08:04
2023-04-09 22:01:31,175 - __main__ - INFO - [INFO] 2023-04-09 22:01:31.174631 Epoch [86/100] batch [257/391] loss 0.1116 lr 0.005449673790581615 acc 98.44% eta 0:07:53
2023-04-09 22:01:43,074 - __main__ - INFO - [INFO] 2023-04-09 22:01:43.074284 Epoch [86/100] batch [385/391] loss 0.1423 lr 0.005449673790581615 acc 96.09% eta 0:07:44
2023-04-09 22:01:43,608 - __main__ - INFO - Computing epoch 86 validation accuracy...
2023-04-09 22:01:46,838 - __main__ - INFO - Computing epoch 86 validation loss...
2023-04-09 22:01:50,159 - __main__ - INFO - [INFO] 2023-04-09 22:01:50.159187 Epoch [87/100] batch [1/391] loss 0.1744 lr 0.004758647376699036 acc 94.53% eta 0:08:19
2023-04-09 22:02:02,048 - __main__ - INFO - [INFO] 2023-04-09 22:02:02.048215 Epoch [87/100] batch [129/391] loss 0.1779 lr 0.004758647376699036 acc 94.53% eta 0:07:35
2023-04-09 22:02:13,920 - __main__ - INFO - [INFO] 2023-04-09 22:02:13.920804 Epoch [87/100] batch [257/391] loss 0.1610 lr 0.004758647376699036 acc 96.09% eta 0:07:24
2023-04-09 22:02:25,582 - __main__ - INFO - [INFO] 2023-04-09 22:02:25.582173 Epoch [87/100] batch [385/391] loss 0.2152 lr 0.004758647376699036 acc 92.97% eta 0:07:10
2023-04-09 22:02:26,118 - __main__ - INFO - Computing epoch 87 validation accuracy...
2023-04-09 22:02:29,338 - __main__ - INFO - Computing epoch 87 validation loss...
2023-04-09 22:02:32,672 - __main__ - INFO - [INFO] 2023-04-09 22:02:32.672354 Epoch [88/100] batch [1/391] loss 0.1134 lr 0.004112268715800957 acc 95.31% eta 0:07:45
2023-04-09 22:02:44,525 - __main__ - INFO - [INFO] 2023-04-09 22:02:44.525432 Epoch [88/100] batch [129/391] loss 0.1975 lr 0.004112268715800957 acc 92.97% eta 0:07:00
2023-04-09 22:02:56,118 - __main__ - INFO - [INFO] 2023-04-09 22:02:56.118280 Epoch [88/100] batch [257/391] loss 0.1869 lr 0.004112268715800957 acc 94.53% eta 0:06:45
2023-04-09 22:03:08,089 - __main__ - INFO - [INFO] 2023-04-09 22:03:08.089085 Epoch [88/100] batch [385/391] loss 0.1945 lr 0.004112268715800957 acc 92.19% eta 0:06:37
2023-04-09 22:03:08,632 - __main__ - INFO - Computing epoch 88 validation accuracy...
2023-04-09 22:03:11,797 - __main__ - INFO - Computing epoch 88 validation loss...
2023-04-09 22:03:15,360 - __main__ - INFO - [INFO] 2023-04-09 22:03:15.360248 Epoch [89/100] batch [1/391] loss 0.1224 lr 0.003511175705587435 acc 96.88% eta 0:10:45
2023-04-09 22:03:27,337 - __main__ - INFO - [INFO] 2023-04-09 22:03:27.337661 Epoch [89/100] batch [129/391] loss 0.1274 lr 0.003511175705587435 acc 96.88% eta 0:06:34
2023-04-09 22:03:39,151 - __main__ - INFO - [INFO] 2023-04-09 22:03:39.151353 Epoch [89/100] batch [257/391] loss 0.1659 lr 0.003511175705587435 acc 96.09% eta 0:06:19
2023-04-09 22:03:51,429 - __main__ - INFO - [INFO] 2023-04-09 22:03:51.429059 Epoch [89/100] batch [385/391] loss 0.2443 lr 0.003511175705587435 acc 94.53% eta 0:06:12
2023-04-09 22:03:51,967 - __main__ - INFO - Computing epoch 89 validation accuracy...
2023-04-09 22:03:55,230 - __main__ - INFO - Computing epoch 89 validation loss...
2023-04-09 22:03:58,513 - __main__ - INFO - [INFO] 2023-04-09 22:03:58.513914 Epoch [90/100] batch [1/391] loss 0.1394 lr 0.0029559615522887295 acc 96.09% eta 0:06:53
2023-04-09 22:04:10,340 - __main__ - INFO - [INFO] 2023-04-09 22:04:10.340384 Epoch [90/100] batch [129/391] loss 0.0779 lr 0.0029559615522887295 acc 98.44% eta 0:05:53
2023-04-09 22:04:22,223 - __main__ - INFO - [INFO] 2023-04-09 22:04:22.223276 Epoch [90/100] batch [257/391] loss 0.1394 lr 0.0029559615522887295 acc 94.53% eta 0:05:43
2023-04-09 22:04:33,836 - __main__ - INFO - [INFO] 2023-04-09 22:04:33.836611 Epoch [90/100] batch [385/391] loss 0.1342 lr 0.0029559615522887295 acc 98.44% eta 0:05:30
2023-04-09 22:04:34,365 - __main__ - INFO - Computing epoch 90 validation accuracy...
2023-04-09 22:04:37,660 - __main__ - INFO - Computing epoch 90 validation loss...
2023-04-09 22:04:40,982 - __main__ - INFO - [INFO] 2023-04-09 22:04:40.982441 Epoch [91/100] batch [1/391] loss 0.1711 lr 0.0024471741852423253 acc 94.53% eta 0:05:52
2023-04-09 22:04:52,650 - __main__ - INFO - [INFO] 2023-04-09 22:04:52.650313 Epoch [91/100] batch [129/391] loss 0.1876 lr 0.0024471741852423253 acc 94.53% eta 0:05:16
2023-04-09 22:05:04,284 - __main__ - INFO - [INFO] 2023-04-09 22:05:04.283826 Epoch [91/100] batch [257/391] loss 0.2000 lr 0.0024471741852423253 acc 93.75% eta 0:05:04
2023-04-09 22:05:16,056 - __main__ - INFO - [INFO] 2023-04-09 22:05:16.056384 Epoch [91/100] batch [385/391] loss 0.1256 lr 0.0024471741852423253 acc 96.88% eta 0:04:54
2023-04-09 22:05:16,572 - __main__ - INFO - Computing epoch 91 validation accuracy...
2023-04-09 22:05:19,856 - __main__ - INFO - Computing epoch 91 validation loss...
2023-04-09 22:05:23,177 - __main__ - INFO - [INFO] 2023-04-09 22:05:23.177049 Epoch [92/100] batch [1/391] loss 0.1926 lr 0.0019853157161528537 acc 95.31% eta 0:05:18
2023-04-09 22:05:35,158 - __main__ - INFO - [INFO] 2023-04-09 22:05:35.158495 Epoch [92/100] batch [129/391] loss 0.1440 lr 0.0019853157161528537 acc 95.31% eta 0:04:51
2023-04-09 22:05:46,932 - __main__ - INFO - [INFO] 2023-04-09 22:05:46.932456 Epoch [92/100] batch [257/391] loss 0.1333 lr 0.0019853157161528537 acc 96.09% eta 0:04:37
2023-04-09 22:05:58,762 - __main__ - INFO - [INFO] 2023-04-09 22:05:58.762728 Epoch [92/100] batch [385/391] loss 0.1809 lr 0.0019853157161528537 acc 94.53% eta 0:04:26
2023-04-09 22:05:59,278 - __main__ - INFO - Computing epoch 92 validation accuracy...
2023-04-09 22:06:02,463 - __main__ - INFO - Computing epoch 92 validation loss...
2023-04-09 22:06:05,705 - __main__ - INFO - [INFO] 2023-04-09 22:06:05.705753 Epoch [93/100] batch [1/391] loss 0.1653 lr 0.0015708419435684529 acc 96.88% eta 0:04:38
2023-04-09 22:06:17,777 - __main__ - INFO - [INFO] 2023-04-09 22:06:17.776917 Epoch [93/100] batch [129/391] loss 0.2698 lr 0.0015708419435684529 acc 90.62% eta 0:04:19
2023-04-09 22:06:29,431 - __main__ - INFO - [INFO] 2023-04-09 22:06:29.430834 Epoch [93/100] batch [257/391] loss 0.1676 lr 0.0015708419435684529 acc 96.88% eta 0:04:03
2023-04-09 22:06:41,053 - __main__ - INFO - [INFO] 2023-04-09 22:06:41.053791 Epoch [93/100] batch [385/391] loss 0.1407 lr 0.0015708419435684529 acc 95.31% eta 0:03:51
2023-04-09 22:06:41,589 - __main__ - INFO - Computing epoch 93 validation accuracy...
2023-04-09 22:06:44,765 - __main__ - INFO - Computing epoch 93 validation loss...
2023-04-09 22:06:48,099 - __main__ - INFO - [INFO] 2023-04-09 22:06:48.099751 Epoch [94/100] batch [1/391] loss 0.1899 lr 0.0012041619030626347 acc 95.31% eta 0:04:11
2023-04-09 22:06:59,779 - __main__ - INFO - [INFO] 2023-04-09 22:06:59.778838 Epoch [94/100] batch [129/391] loss 0.1578 lr 0.0012041619030626347 acc 96.88% eta 0:03:38
2023-04-09 22:07:11,385 - __main__ - INFO - [INFO] 2023-04-09 22:07:11.385297 Epoch [94/100] batch [257/391] loss 0.1177 lr 0.0012041619030626347 acc 96.88% eta 0:03:26
2023-04-09 22:07:23,088 - __main__ - INFO - [INFO] 2023-04-09 22:07:23.088002 Epoch [94/100] batch [385/391] loss 0.0607 lr 0.0012041619030626347 acc 98.44% eta 0:03:16
2023-04-09 22:07:23,622 - __main__ - INFO - Computing epoch 94 validation accuracy...
2023-04-09 22:07:26,718 - __main__ - INFO - Computing epoch 94 validation loss...
2023-04-09 22:07:29,887 - __main__ - INFO - [INFO] 2023-04-09 22:07:29.887363 Epoch [95/100] batch [1/391] loss 0.1442 lr 0.0008856374635655646 acc 95.31% eta 0:03:20
2023-04-09 22:07:41,277 - __main__ - INFO - [INFO] 2023-04-09 22:07:41.277669 Epoch [95/100] batch [129/391] loss 0.1124 lr 0.0008856374635655646 acc 96.09% eta 0:02:59
2023-04-09 22:07:52,811 - __main__ - INFO - [INFO] 2023-04-09 22:07:52.811148 Epoch [95/100] batch [257/391] loss 0.1497 lr 0.0008856374635655646 acc 98.44% eta 0:02:50
2023-04-09 22:08:04,517 - __main__ - INFO - [INFO] 2023-04-09 22:08:04.516947 Epoch [95/100] batch [385/391] loss 0.1255 lr 0.0008856374635655646 acc 97.66% eta 0:02:41
2023-04-09 22:08:05,018 - __main__ - INFO - Computing epoch 95 validation accuracy...
2023-04-09 22:08:08,139 - __main__ - INFO - Computing epoch 95 validation loss...
2023-04-09 22:08:11,375 - __main__ - INFO - [INFO] 2023-04-09 22:08:11.375128 Epoch [96/100] batch [1/391] loss 0.1536 lr 0.0006155829702431174 acc 95.31% eta 0:02:47
2023-04-09 22:08:23,221 - __main__ - INFO - [INFO] 2023-04-09 22:08:23.221480 Epoch [96/100] batch [129/391] loss 0.1536 lr 0.0006155829702431174 acc 95.31% eta 0:02:34
2023-04-09 22:08:34,995 - __main__ - INFO - [INFO] 2023-04-09 22:08:34.995300 Epoch [96/100] batch [257/391] loss 0.1360 lr 0.0006155829702431174 acc 96.88% eta 0:02:23
2023-04-09 22:08:46,413 - __main__ - INFO - [INFO] 2023-04-09 22:08:46.413304 Epoch [96/100] batch [385/391] loss 0.1227 lr 0.0006155829702431174 acc 97.66% eta 0:02:11
2023-04-09 22:08:46,946 - __main__ - INFO - Computing epoch 96 validation accuracy...
2023-04-09 22:08:50,157 - __main__ - INFO - Computing epoch 96 validation loss...
2023-04-09 22:08:53,303 - __main__ - INFO - [INFO] 2023-04-09 22:08:53.303245 Epoch [97/100] batch [1/391] loss 0.1923 lr 0.00039426493427611206 acc 95.31% eta 0:02:15
2023-04-09 22:09:05,049 - __main__ - INFO - [INFO] 2023-04-09 22:09:05.049704 Epoch [97/100] batch [129/391] loss 0.1293 lr 0.00039426493427611206 acc 94.53% eta 0:02:00
2023-04-09 22:09:16,940 - __main__ - INFO - [INFO] 2023-04-09 22:09:16.940138 Epoch [97/100] batch [257/391] loss 0.1581 lr 0.00039426493427611206 acc 96.88% eta 0:01:50
2023-04-09 22:09:28,614 - __main__ - INFO - [INFO] 2023-04-09 22:09:28.613818 Epoch [97/100] batch [385/391] loss 0.1046 lr 0.00039426493427611206 acc 96.88% eta 0:01:39
2023-04-09 22:09:29,126 - __main__ - INFO - Computing epoch 97 validation accuracy...
2023-04-09 22:09:32,189 - __main__ - INFO - Computing epoch 97 validation loss...
2023-04-09 22:09:35,449 - __main__ - INFO - [INFO] 2023-04-09 22:09:35.449622 Epoch [98/100] batch [1/391] loss 0.1934 lr 0.00022190176984600036 acc 95.31% eta 0:01:56
2023-04-09 22:09:47,201 - __main__ - INFO - [INFO] 2023-04-09 22:09:47.201247 Epoch [98/100] batch [129/391] loss 0.1219 lr 0.00022190176984600036 acc 96.09% eta 0:01:27
2023-04-09 22:09:58,970 - __main__ - INFO - [INFO] 2023-04-09 22:09:58.970656 Epoch [98/100] batch [257/391] loss 0.1139 lr 0.00022190176984600036 acc 97.66% eta 0:01:16
2023-04-09 22:10:10,580 - __main__ - INFO - [INFO] 2023-04-09 22:10:10.580783 Epoch [98/100] batch [385/391] loss 0.2241 lr 0.00022190176984600036 acc 93.75% eta 0:01:05
2023-04-09 22:10:11,135 - __main__ - INFO - Computing epoch 98 validation accuracy...
2023-04-09 22:10:14,392 - __main__ - INFO - Computing epoch 98 validation loss...
2023-04-09 22:10:17,744 - __main__ - INFO - [INFO] 2023-04-09 22:10:17.744160 Epoch [99/100] batch [1/391] loss 0.1282 lr 9.866357858642213e-05 acc 96.09% eta 0:01:13
2023-04-09 22:10:29,536 - __main__ - INFO - [INFO] 2023-04-09 22:10:29.535901 Epoch [99/100] batch [129/391] loss 0.1403 lr 9.866357858642213e-05 acc 95.31% eta 0:00:55
2023-04-09 22:10:41,142 - __main__ - INFO - [INFO] 2023-04-09 22:10:41.141832 Epoch [99/100] batch [257/391] loss 0.1740 lr 9.866357858642213e-05 acc 94.53% eta 0:00:43
2023-04-09 22:10:52,793 - __main__ - INFO - [INFO] 2023-04-09 22:10:52.792840 Epoch [99/100] batch [385/391] loss 0.1235 lr 9.866357858642213e-05 acc 96.09% eta 0:00:33
2023-04-09 22:10:53,326 - __main__ - INFO - Computing epoch 99 validation accuracy...
2023-04-09 22:10:56,436 - __main__ - INFO - Computing epoch 99 validation loss...
2023-04-09 22:10:59,582 - __main__ - INFO - [INFO] 2023-04-09 22:10:59.581840 Epoch [100/100] batch [1/391] loss 0.1561 lr 2.4671981713420017e-05 acc 94.53% eta 0:00:34
2023-04-09 22:11:11,100 - __main__ - INFO - [INFO] 2023-04-09 22:11:11.099986 Epoch [100/100] batch [129/391] loss 0.1464 lr 2.4671981713420017e-05 acc 95.31% eta 0:00:21
2023-04-09 22:11:22,852 - __main__ - INFO - [INFO] 2023-04-09 22:11:22.852206 Epoch [100/100] batch [257/391] loss 0.1442 lr 2.4671981713420017e-05 acc 96.09% eta 0:00:11
2023-04-09 22:11:34,619 - __main__ - INFO - [INFO] 2023-04-09 22:11:34.619405 Epoch [100/100] batch [385/391] loss 0.1112 lr 2.4671981713420017e-05 acc 95.31% eta 0:00:00
2023-04-09 22:11:35,138 - __main__ - INFO - Computing epoch 100 validation accuracy...
2023-04-09 22:11:38,302 - __main__ - INFO - Computing epoch 100 validation loss...
2023-04-09 22:11:41,462 - __main__ - INFO - Reading testing data set cifar10
2023-04-09 22:11:42,179 - __main__ - INFO - Loading trained model...
2023-04-09 22:11:45,679 - __main__ - INFO - Testing acc : 92.11%.
