2023-04-06 17:12:43,005 - __main__ - INFO - 

2023-04-06 17:12:43,005 - __main__ - INFO - ***************
2023-04-06 17:12:43,006 - __main__ - INFO - ** Arguments **
2023-04-06 17:12:43,006 - __main__ - INFO - ***************
2023-04-06 17:12:43,006 - __main__ - INFO - backbone: resnet56
2023-04-06 17:12:43,006 - __main__ - INFO - dataname: cifar100
2023-04-06 17:12:43,006 - __main__ - INFO - drop_method: sd
2023-04-06 17:12:43,006 - __main__ - INFO - drop_rate: 0.3
2023-04-06 17:12:43,006 - __main__ - INFO - eval_only: 0
2023-04-06 17:12:43,006 - __main__ - INFO - output_path: checkpoints/cifar100/resnet56/drop_sd/rate_0.3/seed3
2023-04-06 17:12:43,006 - __main__ - INFO - part_rate: 0.1
2023-04-06 17:12:43,006 - __main__ - INFO - seed: 3
2023-04-06 17:12:43,006 - __main__ - INFO - weight_decay: 0.0005
2023-04-06 17:12:43,006 - __main__ - INFO - ************
2023-04-06 17:12:43,006 - __main__ - INFO - ** Config **
2023-04-06 17:12:43,006 - __main__ - INFO - ************
2023-04-06 17:12:43,006 - __main__ - INFO - {'DATALOADER': {'PATH': './data', 'DATANAME': 'cifar100', 'BATCH_SIZE': 128, 'NUM_CLASSES': 100}, 'INPUT': {'SIZE': [32, 32], 'PIXEL_MEAN': [0.4914, 0.4822, 0.4465], 'PIXEL_STD': [0.2023, 0.1994, 0.201]}, 'OUTPUT': {'DIR': 'checkpoints/cifar100/resnet56/drop_sd/rate_0.3/seed3'}, 'SEED': 3, 'OPTIM': {'LR': 0.1, 'MAX_EPOCH': 100, 'LR_SCHEDULER': 'step', 'LR_MILESTONES': [20, 40, 80, 120, 140], 'LR_DECAY': 0.2, 'PART_RATE': 0.1, 'WEIGHT_DECAY': 0.0005, 'DROP_RATE': 0.3, 'DROP_METHOD': 'sd', 'BLOCK_SIZE': 7}, 'MODEL': {'BACKBONE': 'resnet56'}}
2023-04-06 17:12:43,026 - __main__ - INFO - Reading training data set cifar100
2023-04-06 17:12:45,381 - __main__ - INFO - Loading raw model
2023-04-06 17:12:48,937 - __main__ - INFO - 
Saving everything to checkpoints/cifar100/resnet56/drop_sd/rate_0.3/seed3
2023-04-06 17:12:48,938 - __main__ - INFO - Start training...
2023-04-06 17:12:54,678 - __main__ - INFO - [INFO] 2023-04-06 17:12:54.678432 Epoch [1/100] batch [1/391] loss 9.8906 lr 0.1 acc 1.56% eta 2 days, 14:02:26
2023-04-06 17:13:13,808 - __main__ - INFO - [INFO] 2023-04-06 17:13:13.808527 Epoch [1/100] batch [129/391] loss 4.6172 lr 0.1 acc 0.78% eta 1:47:24
2023-04-06 17:13:33,060 - __main__ - INFO - [INFO] 2023-04-06 17:13:33.060372 Epoch [1/100] batch [257/391] loss 4.5156 lr 0.1 acc 0.78% eta 1:33:21
2023-04-06 17:13:52,063 - __main__ - INFO - [INFO] 2023-04-06 17:13:52.063323 Epoch [1/100] batch [385/391] loss 4.4297 lr 0.1 acc 1.56% eta 1:28:18
2023-04-06 17:13:52,899 - __main__ - INFO - Computing epoch 1 validation accuracy...
2023-04-06 17:13:57,034 - __main__ - INFO - Computing epoch 1 validation loss...
2023-04-06 17:14:01,437 - __main__ - INFO - [INFO] 2023-04-06 17:14:01.436873 Epoch [2/100] batch [1/391] loss 4.3828 lr 0.09997532801828658 acc 2.34% eta 1:26:27
2023-04-06 17:14:20,686 - __main__ - INFO - [INFO] 2023-04-06 17:14:20.686070 Epoch [2/100] batch [129/391] loss 4.2383 lr 0.09997532801828658 acc 7.03% eta 1:18:40
2023-04-06 17:14:39,750 - __main__ - INFO - [INFO] 2023-04-06 17:14:39.750087 Epoch [2/100] batch [257/391] loss 4.1250 lr 0.09997532801828658 acc 4.69% eta 1:18:23
2023-04-06 17:14:58,399 - __main__ - INFO - [INFO] 2023-04-06 17:14:58.399297 Epoch [2/100] batch [385/391] loss 3.9473 lr 0.09997532801828658 acc 10.16% eta 1:17:55
2023-04-06 17:14:59,225 - __main__ - INFO - Computing epoch 2 validation accuracy...
2023-04-06 17:15:03,368 - __main__ - INFO - Computing epoch 2 validation loss...
2023-04-06 17:15:07,652 - __main__ - INFO - [INFO] 2023-04-06 17:15:07.651906 Epoch [3/100] batch [1/391] loss 4.0078 lr 0.09990133642141358 acc 7.03% eta 1:25:32
2023-04-06 17:15:25,226 - __main__ - INFO - [INFO] 2023-04-06 17:15:25.226497 Epoch [3/100] batch [129/391] loss 3.8711 lr 0.09990133642141358 acc 7.81% eta 1:16:27
2023-04-06 17:15:43,354 - __main__ - INFO - [INFO] 2023-04-06 17:15:43.354415 Epoch [3/100] batch [257/391] loss 3.8848 lr 0.09990133642141358 acc 8.59% eta 1:16:57
2023-04-06 17:16:02,558 - __main__ - INFO - [INFO] 2023-04-06 17:16:02.558094 Epoch [3/100] batch [385/391] loss 3.7051 lr 0.09990133642141358 acc 10.94% eta 1:17:01
2023-04-06 17:16:03,431 - __main__ - INFO - Computing epoch 3 validation accuracy...
2023-04-06 17:16:07,612 - __main__ - INFO - Computing epoch 3 validation loss...
2023-04-06 17:16:11,972 - __main__ - INFO - [INFO] 2023-04-06 17:16:11.972794 Epoch [4/100] batch [1/391] loss 3.4824 lr 0.099778098230154 acc 15.62% eta 1:24:59
2023-04-06 17:16:30,965 - __main__ - INFO - [INFO] 2023-04-06 17:16:30.964913 Epoch [4/100] batch [129/391] loss 3.5371 lr 0.099778098230154 acc 19.53% eta 1:15:52
2023-04-06 17:16:49,591 - __main__ - INFO - [INFO] 2023-04-06 17:16:49.591362 Epoch [4/100] batch [257/391] loss 3.5449 lr 0.099778098230154 acc 14.06% eta 1:16:18
2023-04-06 17:17:08,604 - __main__ - INFO - [INFO] 2023-04-06 17:17:08.604197 Epoch [4/100] batch [385/391] loss 3.4023 lr 0.099778098230154 acc 19.53% eta 1:16:00
2023-04-06 17:17:09,507 - __main__ - INFO - Computing epoch 4 validation accuracy...
2023-04-06 17:17:13,663 - __main__ - INFO - Computing epoch 4 validation loss...
2023-04-06 17:17:18,053 - __main__ - INFO - [INFO] 2023-04-06 17:17:18.052923 Epoch [5/100] batch [1/391] loss 3.1270 lr 0.0996057350657239 acc 22.66% eta 1:23:07
2023-04-06 17:17:37,293 - __main__ - INFO - [INFO] 2023-04-06 17:17:37.293399 Epoch [5/100] batch [129/391] loss 3.0801 lr 0.0996057350657239 acc 21.88% eta 1:17:44
2023-04-06 17:17:55,430 - __main__ - INFO - [INFO] 2023-04-06 17:17:55.430653 Epoch [5/100] batch [257/391] loss 3.2285 lr 0.0996057350657239 acc 19.53% eta 1:16:37
2023-04-06 17:18:14,604 - __main__ - INFO - [INFO] 2023-04-06 17:18:14.603934 Epoch [5/100] batch [385/391] loss 3.2754 lr 0.0996057350657239 acc 16.41% eta 1:16:14
2023-04-06 17:18:15,498 - __main__ - INFO - Computing epoch 5 validation accuracy...
2023-04-06 17:18:19,717 - __main__ - INFO - Computing epoch 5 validation loss...
2023-04-06 17:18:24,192 - __main__ - INFO - [INFO] 2023-04-06 17:18:24.192566 Epoch [6/100] batch [1/391] loss 3.4844 lr 0.09938441702975688 acc 25.00% eta 1:22:10
2023-04-06 17:18:43,237 - __main__ - INFO - [INFO] 2023-04-06 17:18:43.237345 Epoch [6/100] batch [129/391] loss 3.1973 lr 0.09938441702975688 acc 20.31% eta 1:16:42
2023-04-06 17:19:01,808 - __main__ - INFO - [INFO] 2023-04-06 17:19:01.808504 Epoch [6/100] batch [257/391] loss 3.0293 lr 0.09938441702975688 acc 26.56% eta 1:16:04
2023-04-06 17:19:20,746 - __main__ - INFO - [INFO] 2023-04-06 17:19:20.746460 Epoch [6/100] batch [385/391] loss 3.1172 lr 0.09938441702975688 acc 27.34% eta 1:15:37
2023-04-06 17:19:21,628 - __main__ - INFO - Computing epoch 6 validation accuracy...
2023-04-06 17:19:25,738 - __main__ - INFO - Computing epoch 6 validation loss...
2023-04-06 17:19:30,142 - __main__ - INFO - [INFO] 2023-04-06 17:19:30.142105 Epoch [7/100] batch [1/391] loss 2.8613 lr 0.09911436253643444 acc 34.38% eta 1:21:36
2023-04-06 17:19:49,179 - __main__ - INFO - [INFO] 2023-04-06 17:19:49.179488 Epoch [7/100] batch [129/391] loss 2.9141 lr 0.09911436253643444 acc 28.12% eta 1:14:59
2023-04-06 17:20:07,625 - __main__ - INFO - [INFO] 2023-04-06 17:20:07.624895 Epoch [7/100] batch [257/391] loss 3.1289 lr 0.09911436253643444 acc 17.19% eta 1:14:13
2023-04-06 17:20:26,756 - __main__ - INFO - [INFO] 2023-04-06 17:20:26.756594 Epoch [7/100] batch [385/391] loss 2.8008 lr 0.09911436253643444 acc 30.47% eta 1:13:50
2023-04-06 17:20:27,611 - __main__ - INFO - Computing epoch 7 validation accuracy...
2023-04-06 17:20:31,951 - __main__ - INFO - Computing epoch 7 validation loss...
2023-04-06 17:20:36,469 - __main__ - INFO - [INFO] 2023-04-06 17:20:36.469336 Epoch [8/100] batch [1/391] loss 3.0020 lr 0.09879583809693737 acc 24.22% eta 1:20:24
2023-04-06 17:20:55,689 - __main__ - INFO - [INFO] 2023-04-06 17:20:55.688855 Epoch [8/100] batch [129/391] loss 2.6875 lr 0.09879583809693737 acc 31.25% eta 1:13:12
2023-04-06 17:21:14,493 - __main__ - INFO - [INFO] 2023-04-06 17:21:14.493682 Epoch [8/100] batch [257/391] loss 2.6055 lr 0.09879583809693737 acc 23.44% eta 1:13:33
2023-04-06 17:21:33,710 - __main__ - INFO - [INFO] 2023-04-06 17:21:33.710499 Epoch [8/100] batch [385/391] loss 2.9434 lr 0.09879583809693737 acc 21.88% eta 1:13:09
2023-04-06 17:21:34,575 - __main__ - INFO - Computing epoch 8 validation accuracy...
2023-04-06 17:21:38,832 - __main__ - INFO - Computing epoch 8 validation loss...
2023-04-06 17:21:43,394 - __main__ - INFO - [INFO] 2023-04-06 17:21:43.394241 Epoch [9/100] batch [1/391] loss 2.5762 lr 0.09842915805643156 acc 33.59% eta 1:20:55
2023-04-06 17:22:02,570 - __main__ - INFO - [INFO] 2023-04-06 17:22:02.570567 Epoch [9/100] batch [129/391] loss 2.7090 lr 0.09842915805643156 acc 35.94% eta 1:14:33
2023-04-06 17:22:21,447 - __main__ - INFO - [INFO] 2023-04-06 17:22:21.447595 Epoch [9/100] batch [257/391] loss 2.8066 lr 0.09842915805643156 acc 25.00% eta 1:14:11
2023-04-06 17:22:40,842 - __main__ - INFO - [INFO] 2023-04-06 17:22:40.842734 Epoch [9/100] batch [385/391] loss 2.7969 lr 0.09842915805643156 acc 31.25% eta 1:14:19
2023-04-06 17:22:41,713 - __main__ - INFO - Computing epoch 9 validation accuracy...
2023-04-06 17:22:45,901 - __main__ - INFO - Computing epoch 9 validation loss...
2023-04-06 17:22:50,584 - __main__ - INFO - [INFO] 2023-04-06 17:22:50.584309 Epoch [10/100] batch [1/391] loss 2.7363 lr 0.09801468428384716 acc 28.91% eta 1:27:42
2023-04-06 17:23:09,890 - __main__ - INFO - [INFO] 2023-04-06 17:23:09.889848 Epoch [10/100] batch [129/391] loss 2.5664 lr 0.09801468428384716 acc 36.72% eta 1:14:55
2023-04-06 17:23:28,509 - __main__ - INFO - [INFO] 2023-04-06 17:23:28.509665 Epoch [10/100] batch [257/391] loss 2.8184 lr 0.09801468428384716 acc 39.06% eta 1:13:51
2023-04-06 17:23:47,320 - __main__ - INFO - [INFO] 2023-04-06 17:23:47.320205 Epoch [10/100] batch [385/391] loss 2.4609 lr 0.09801468428384716 acc 39.06% eta 1:13:24
2023-04-06 17:23:48,186 - __main__ - INFO - Computing epoch 10 validation accuracy...
2023-04-06 17:23:52,591 - __main__ - INFO - Computing epoch 10 validation loss...
2023-04-06 17:23:57,080 - __main__ - INFO - [INFO] 2023-04-06 17:23:57.080012 Epoch [11/100] batch [1/391] loss 2.4473 lr 0.09755282581475769 acc 36.72% eta 1:13:09
2023-04-06 17:24:16,351 - __main__ - INFO - [INFO] 2023-04-06 17:24:16.350845 Epoch [11/100] batch [129/391] loss 2.8008 lr 0.09755282581475769 acc 32.03% eta 1:11:26
2023-04-06 17:24:35,127 - __main__ - INFO - [INFO] 2023-04-06 17:24:35.127355 Epoch [11/100] batch [257/391] loss 2.5215 lr 0.09755282581475769 acc 34.38% eta 1:11:15
2023-04-06 17:24:54,522 - __main__ - INFO - [INFO] 2023-04-06 17:24:54.522322 Epoch [11/100] batch [385/391] loss 2.3477 lr 0.09755282581475769 acc 31.25% eta 1:11:19
2023-04-06 17:24:55,385 - __main__ - INFO - Computing epoch 11 validation accuracy...
2023-04-06 17:24:59,653 - __main__ - INFO - Computing epoch 11 validation loss...
2023-04-06 17:25:04,065 - __main__ - INFO - [INFO] 2023-04-06 17:25:04.065499 Epoch [12/100] batch [1/391] loss 2.4824 lr 0.09704403844771128 acc 34.38% eta 1:12:50
2023-04-06 17:25:22,998 - __main__ - INFO - [INFO] 2023-04-06 17:25:22.998717 Epoch [12/100] batch [129/391] loss 2.5840 lr 0.09704403844771128 acc 32.03% eta 1:09:39
2023-04-06 17:25:41,745 - __main__ - INFO - [INFO] 2023-04-06 17:25:41.745395 Epoch [12/100] batch [257/391] loss 2.3613 lr 0.09704403844771128 acc 40.62% eta 1:10:00
2023-04-06 17:26:00,762 - __main__ - INFO - [INFO] 2023-04-06 17:26:00.761885 Epoch [12/100] batch [385/391] loss 2.5684 lr 0.09704403844771128 acc 34.38% eta 1:10:01
2023-04-06 17:26:01,633 - __main__ - INFO - Computing epoch 12 validation accuracy...
2023-04-06 17:26:05,874 - __main__ - INFO - Computing epoch 12 validation loss...
2023-04-06 17:26:10,309 - __main__ - INFO - [INFO] 2023-04-06 17:26:10.309604 Epoch [13/100] batch [1/391] loss 2.3379 lr 0.09648882429441258 acc 42.19% eta 1:13:40
2023-04-06 17:26:29,444 - __main__ - INFO - [INFO] 2023-04-06 17:26:29.444116 Epoch [13/100] batch [129/391] loss 2.5527 lr 0.09648882429441258 acc 30.47% eta 1:09:57
2023-04-06 17:26:48,023 - __main__ - INFO - [INFO] 2023-04-06 17:26:48.022836 Epoch [13/100] batch [257/391] loss 2.4727 lr 0.09648882429441258 acc 41.41% eta 1:09:38
2023-04-06 17:27:07,045 - __main__ - INFO - [INFO] 2023-04-06 17:27:07.045210 Epoch [13/100] batch [385/391] loss 2.5195 lr 0.09648882429441258 acc 42.97% eta 1:09:09
2023-04-06 17:27:07,888 - __main__ - INFO - Computing epoch 13 validation accuracy...
2023-04-06 17:27:12,025 - __main__ - INFO - Computing epoch 13 validation loss...
2023-04-06 17:27:16,473 - __main__ - INFO - [INFO] 2023-04-06 17:27:16.473614 Epoch [14/100] batch [1/391] loss 2.3887 lr 0.09588773128419906 acc 38.28% eta 1:11:29
2023-04-06 17:27:35,384 - __main__ - INFO - [INFO] 2023-04-06 17:27:35.383913 Epoch [14/100] batch [129/391] loss 2.5078 lr 0.09588773128419906 acc 39.84% eta 1:09:11
2023-04-06 17:27:53,913 - __main__ - INFO - [INFO] 2023-04-06 17:27:53.912875 Epoch [14/100] batch [257/391] loss 2.4199 lr 0.09588773128419906 acc 42.97% eta 1:08:43
2023-04-06 17:28:12,927 - __main__ - INFO - [INFO] 2023-04-06 17:28:12.926942 Epoch [14/100] batch [385/391] loss 2.2363 lr 0.09588773128419906 acc 42.97% eta 1:08:22
2023-04-06 17:28:13,783 - __main__ - INFO - Computing epoch 14 validation accuracy...
2023-04-06 17:28:18,011 - __main__ - INFO - Computing epoch 14 validation loss...
2023-04-06 17:28:22,584 - __main__ - INFO - [INFO] 2023-04-06 17:28:22.584224 Epoch [15/100] batch [1/391] loss 2.3594 lr 0.09524135262330098 acc 42.97% eta 1:17:09
2023-04-06 17:28:41,554 - __main__ - INFO - [INFO] 2023-04-06 17:28:41.554123 Epoch [15/100] batch [129/391] loss 2.1875 lr 0.09524135262330098 acc 45.31% eta 1:09:27
2023-04-06 17:29:00,030 - __main__ - INFO - [INFO] 2023-04-06 17:29:00.030447 Epoch [15/100] batch [257/391] loss 2.4883 lr 0.09524135262330098 acc 40.62% eta 1:08:11
2023-04-06 17:29:18,972 - __main__ - INFO - [INFO] 2023-04-06 17:29:18.972371 Epoch [15/100] batch [385/391] loss 2.1484 lr 0.09524135262330098 acc 43.75% eta 1:07:49
2023-04-06 17:29:19,818 - __main__ - INFO - Computing epoch 15 validation accuracy...
2023-04-06 17:29:23,980 - __main__ - INFO - Computing epoch 15 validation loss...
2023-04-06 17:29:28,358 - __main__ - INFO - [INFO] 2023-04-06 17:29:28.358265 Epoch [16/100] batch [1/391] loss 2.5352 lr 0.0945503262094184 acc 36.72% eta 1:14:18
2023-04-06 17:29:47,168 - __main__ - INFO - [INFO] 2023-04-06 17:29:47.168495 Epoch [16/100] batch [129/391] loss 2.4180 lr 0.0945503262094184 acc 32.03% eta 1:07:13
2023-04-06 17:30:05,952 - __main__ - INFO - [INFO] 2023-04-06 17:30:05.952652 Epoch [16/100] batch [257/391] loss 2.2305 lr 0.0945503262094184 acc 40.62% eta 1:07:25
2023-04-06 17:30:24,980 - __main__ - INFO - [INFO] 2023-04-06 17:30:24.980154 Epoch [16/100] batch [385/391] loss 2.0449 lr 0.0945503262094184 acc 43.75% eta 1:07:01
2023-04-06 17:30:25,853 - __main__ - INFO - Computing epoch 16 validation accuracy...
2023-04-06 17:30:30,020 - __main__ - INFO - Computing epoch 16 validation loss...
2023-04-06 17:30:34,472 - __main__ - INFO - [INFO] 2023-04-06 17:30:34.472046 Epoch [17/100] batch [1/391] loss 2.4590 lr 0.09381533400219319 acc 38.28% eta 1:09:09
2023-04-06 17:30:53,219 - __main__ - INFO - [INFO] 2023-04-06 17:30:53.219225 Epoch [17/100] batch [129/391] loss 2.3770 lr 0.09381533400219319 acc 35.94% eta 1:06:15
2023-04-06 17:31:11,913 - __main__ - INFO - [INFO] 2023-04-06 17:31:11.913585 Epoch [17/100] batch [257/391] loss 2.1973 lr 0.09381533400219319 acc 36.72% eta 1:05:51
2023-04-06 17:31:31,028 - __main__ - INFO - [INFO] 2023-04-06 17:31:31.027809 Epoch [17/100] batch [385/391] loss 1.9873 lr 0.09381533400219319 acc 44.53% eta 1:06:01
2023-04-06 17:31:31,879 - __main__ - INFO - Computing epoch 17 validation accuracy...
2023-04-06 17:31:36,018 - __main__ - INFO - Computing epoch 17 validation loss...
2023-04-06 17:31:40,380 - __main__ - INFO - [INFO] 2023-04-06 17:31:40.380531 Epoch [18/100] batch [1/391] loss 2.2285 lr 0.0930371013501972 acc 41.41% eta 1:08:08
2023-04-06 17:31:59,056 - __main__ - INFO - [INFO] 2023-04-06 17:31:59.055931 Epoch [18/100] batch [129/391] loss 2.4043 lr 0.0930371013501972 acc 40.62% eta 1:05:13
2023-04-06 17:32:17,713 - __main__ - INFO - [INFO] 2023-04-06 17:32:17.713765 Epoch [18/100] batch [257/391] loss 2.8652 lr 0.0930371013501972 acc 32.03% eta 1:05:01
2023-04-06 17:32:36,680 - __main__ - INFO - [INFO] 2023-04-06 17:32:36.680126 Epoch [18/100] batch [385/391] loss 2.0215 lr 0.0930371013501972 acc 46.09% eta 1:04:32
2023-04-06 17:32:37,536 - __main__ - INFO - Computing epoch 18 validation accuracy...
2023-04-06 17:32:41,667 - __main__ - INFO - Computing epoch 18 validation loss...
2023-04-06 17:32:46,040 - __main__ - INFO - [INFO] 2023-04-06 17:32:46.040455 Epoch [19/100] batch [1/391] loss 2.1543 lr 0.09221639627510078 acc 37.50% eta 1:10:25
2023-04-06 17:33:04,618 - __main__ - INFO - [INFO] 2023-04-06 17:33:04.618549 Epoch [19/100] batch [129/391] loss 2.1348 lr 0.09221639627510078 acc 45.31% eta 1:04:58
2023-04-06 17:33:22,821 - __main__ - INFO - [INFO] 2023-04-06 17:33:22.821542 Epoch [19/100] batch [257/391] loss 2.3496 lr 0.09221639627510078 acc 41.41% eta 1:04:30
2023-04-06 17:33:41,996 - __main__ - INFO - [INFO] 2023-04-06 17:33:41.995996 Epoch [19/100] batch [385/391] loss 2.1543 lr 0.09221639627510078 acc 45.31% eta 1:04:50
2023-04-06 17:33:42,914 - __main__ - INFO - Computing epoch 19 validation accuracy...
2023-04-06 17:33:47,119 - __main__ - INFO - Computing epoch 19 validation loss...
2023-04-06 17:33:51,611 - __main__ - INFO - [INFO] 2023-04-06 17:33:51.610912 Epoch [20/100] batch [1/391] loss 2.5820 lr 0.09135402871372812 acc 31.25% eta 1:14:46
2023-04-06 17:34:11,432 - __main__ - INFO - [INFO] 2023-04-06 17:34:11.432802 Epoch [20/100] batch [129/391] loss 2.1992 lr 0.09135402871372812 acc 42.19% eta 1:04:35
2023-04-06 17:34:30,566 - __main__ - INFO - [INFO] 2023-04-06 17:34:30.565950 Epoch [20/100] batch [257/391] loss 2.1777 lr 0.09135402871372812 acc 35.16% eta 1:04:02
2023-04-06 17:34:50,525 - __main__ - INFO - [INFO] 2023-04-06 17:34:50.525801 Epoch [20/100] batch [385/391] loss 2.3965 lr 0.09135402871372812 acc 29.69% eta 1:03:37
2023-04-06 17:34:51,440 - __main__ - INFO - Computing epoch 20 validation accuracy...
2023-04-06 17:34:55,665 - __main__ - INFO - Computing epoch 20 validation loss...
2023-04-06 17:35:00,101 - __main__ - INFO - [INFO] 2023-04-06 17:35:00.101742 Epoch [21/100] batch [1/391] loss 2.1895 lr 0.09045084971874741 acc 45.31% eta 1:07:18
2023-04-06 17:35:19,412 - __main__ - INFO - [INFO] 2023-04-06 17:35:19.412066 Epoch [21/100] batch [129/391] loss 2.4336 lr 0.09045084971874741 acc 44.53% eta 1:03:52
2023-04-06 17:35:38,866 - __main__ - INFO - [INFO] 2023-04-06 17:35:38.865856 Epoch [21/100] batch [257/391] loss 2.5059 lr 0.09045084971874741 acc 34.38% eta 1:03:19
2023-04-06 17:35:58,767 - __main__ - INFO - [INFO] 2023-04-06 17:35:58.766970 Epoch [21/100] batch [385/391] loss 2.1738 lr 0.09045084971874741 acc 45.31% eta 1:02:53
2023-04-06 17:35:59,663 - __main__ - INFO - Computing epoch 21 validation accuracy...
2023-04-06 17:36:03,974 - __main__ - INFO - Computing epoch 21 validation loss...
2023-04-06 17:36:08,425 - __main__ - INFO - [INFO] 2023-04-06 17:36:08.425592 Epoch [22/100] batch [1/391] loss 1.9502 lr 0.08950775061878455 acc 51.56% eta 1:02:25
2023-04-06 17:36:27,950 - __main__ - INFO - [INFO] 2023-04-06 17:36:27.949988 Epoch [22/100] batch [129/391] loss 2.1270 lr 0.08950775061878455 acc 46.09% eta 1:02:48
2023-04-06 17:36:47,025 - __main__ - INFO - [INFO] 2023-04-06 17:36:47.025578 Epoch [22/100] batch [257/391] loss 2.1699 lr 0.08950775061878455 acc 35.94% eta 1:01:43
2023-04-06 17:37:06,728 - __main__ - INFO - [INFO] 2023-04-06 17:37:06.728133 Epoch [22/100] batch [385/391] loss 2.2793 lr 0.08950775061878455 acc 40.62% eta 1:01:23
2023-04-06 17:37:07,632 - __main__ - INFO - Computing epoch 22 validation accuracy...
2023-04-06 17:37:11,885 - __main__ - INFO - Computing epoch 22 validation loss...
2023-04-06 17:37:16,277 - __main__ - INFO - [INFO] 2023-04-06 17:37:16.277703 Epoch [23/100] batch [1/391] loss 1.9814 lr 0.0885256621387895 acc 53.12% eta 1:10:30
2023-04-06 17:37:35,714 - __main__ - INFO - [INFO] 2023-04-06 17:37:35.714522 Epoch [23/100] batch [129/391] loss 1.9512 lr 0.0885256621387895 acc 46.88% eta 1:00:58
2023-04-06 17:37:55,157 - __main__ - INFO - [INFO] 2023-04-06 17:37:55.156976 Epoch [23/100] batch [257/391] loss 2.2090 lr 0.0885256621387895 acc 45.31% eta 1:00:28
2023-04-06 17:38:15,084 - __main__ - INFO - [INFO] 2023-04-06 17:38:15.084260 Epoch [23/100] batch [385/391] loss 2.1133 lr 0.0885256621387895 acc 45.31% eta 1:00:20
2023-04-06 17:38:15,974 - __main__ - INFO - Computing epoch 23 validation accuracy...
2023-04-06 17:38:20,067 - __main__ - INFO - Computing epoch 23 validation loss...
2023-04-06 17:38:24,471 - __main__ - INFO - [INFO] 2023-04-06 17:38:24.471219 Epoch [24/100] batch [1/391] loss 2.1973 lr 0.08750555348152302 acc 42.97% eta 1:03:12
2023-04-06 17:38:43,754 - __main__ - INFO - [INFO] 2023-04-06 17:38:43.754083 Epoch [24/100] batch [129/391] loss 2.2344 lr 0.08750555348152302 acc 41.41% eta 1:00:00
2023-04-06 17:39:03,279 - __main__ - INFO - [INFO] 2023-04-06 17:39:03.278980 Epoch [24/100] batch [257/391] loss 2.3262 lr 0.08750555348152302 acc 45.31% eta 1:00:26
2023-04-06 17:39:23,021 - __main__ - INFO - [INFO] 2023-04-06 17:39:23.021158 Epoch [24/100] batch [385/391] loss 2.2129 lr 0.08750555348152302 acc 35.16% eta 0:59:46
2023-04-06 17:39:23,934 - __main__ - INFO - Computing epoch 24 validation accuracy...
2023-04-06 17:39:27,996 - __main__ - INFO - Computing epoch 24 validation loss...
2023-04-06 17:39:32,540 - __main__ - INFO - [INFO] 2023-04-06 17:39:32.540689 Epoch [25/100] batch [1/391] loss 2.1211 lr 0.08644843137107061 acc 46.09% eta 1:04:05
2023-04-06 17:39:51,580 - __main__ - INFO - [INFO] 2023-04-06 17:39:51.580435 Epoch [25/100] batch [129/391] loss 1.9043 lr 0.08644843137107061 acc 50.78% eta 0:59:31
2023-04-06 17:40:11,264 - __main__ - INFO - [INFO] 2023-04-06 17:40:11.264362 Epoch [25/100] batch [257/391] loss 2.0449 lr 0.08644843137107061 acc 50.78% eta 0:59:33
2023-04-06 17:40:31,088 - __main__ - INFO - [INFO] 2023-04-06 17:40:31.088636 Epoch [25/100] batch [385/391] loss 2.0879 lr 0.08644843137107061 acc 44.53% eta 0:59:18
2023-04-06 17:40:31,989 - __main__ - INFO - Computing epoch 25 validation accuracy...
2023-04-06 17:40:36,187 - __main__ - INFO - Computing epoch 25 validation loss...
2023-04-06 17:40:40,569 - __main__ - INFO - [INFO] 2023-04-06 17:40:40.568973 Epoch [26/100] batch [1/391] loss 2.2812 lr 0.0853553390593274 acc 34.38% eta 1:01:47
2023-04-06 17:40:59,996 - __main__ - INFO - [INFO] 2023-04-06 17:40:59.996347 Epoch [26/100] batch [129/391] loss 2.1719 lr 0.0853553390593274 acc 45.31% eta 1:00:34
2023-04-06 17:41:19,533 - __main__ - INFO - [INFO] 2023-04-06 17:41:19.533428 Epoch [26/100] batch [257/391] loss 1.9961 lr 0.0853553390593274 acc 40.62% eta 0:59:21
2023-04-06 17:41:39,409 - __main__ - INFO - [INFO] 2023-04-06 17:41:39.409302 Epoch [26/100] batch [385/391] loss 2.2734 lr 0.0853553390593274 acc 43.75% eta 0:58:50
2023-04-06 17:41:40,287 - __main__ - INFO - Computing epoch 26 validation accuracy...
2023-04-06 17:41:44,514 - __main__ - INFO - Computing epoch 26 validation loss...
2023-04-06 17:41:48,969 - __main__ - INFO - [INFO] 2023-04-06 17:41:48.969535 Epoch [27/100] batch [1/391] loss 1.9531 lr 0.08422735529643446 acc 46.88% eta 1:10:22
2023-04-06 17:42:08,288 - __main__ - INFO - [INFO] 2023-04-06 17:42:08.288006 Epoch [27/100] batch [129/391] loss 2.2578 lr 0.08422735529643446 acc 37.50% eta 0:58:36
2023-04-06 17:42:27,933 - __main__ - INFO - [INFO] 2023-04-06 17:42:27.933216 Epoch [27/100] batch [257/391] loss 2.3613 lr 0.08422735529643446 acc 40.62% eta 0:58:18
2023-04-06 17:42:47,850 - __main__ - INFO - [INFO] 2023-04-06 17:42:47.850276 Epoch [27/100] batch [385/391] loss 1.9570 lr 0.08422735529643446 acc 47.66% eta 0:57:57
2023-04-06 17:42:48,736 - __main__ - INFO - Computing epoch 27 validation accuracy...
2023-04-06 17:42:52,824 - __main__ - INFO - Computing epoch 27 validation loss...
2023-04-06 17:42:57,285 - __main__ - INFO - [INFO] 2023-04-06 17:42:57.284935 Epoch [28/100] batch [1/391] loss 2.0449 lr 0.08306559326618262 acc 52.34% eta 0:58:31
2023-04-06 17:43:16,830 - __main__ - INFO - [INFO] 2023-04-06 17:43:16.830031 Epoch [28/100] batch [129/391] loss 2.0234 lr 0.08306559326618262 acc 39.84% eta 0:58:25
2023-04-06 17:43:36,363 - __main__ - INFO - [INFO] 2023-04-06 17:43:36.362966 Epoch [28/100] batch [257/391] loss 2.0078 lr 0.08306559326618262 acc 45.31% eta 0:57:32
2023-04-06 17:43:56,099 - __main__ - INFO - [INFO] 2023-04-06 17:43:56.099803 Epoch [28/100] batch [385/391] loss 2.0703 lr 0.08306559326618262 acc 48.44% eta 0:57:04
2023-04-06 17:43:56,982 - __main__ - INFO - Computing epoch 28 validation accuracy...
2023-04-06 17:44:01,414 - __main__ - INFO - Computing epoch 28 validation loss...
2023-04-06 17:44:05,877 - __main__ - INFO - [INFO] 2023-04-06 17:44:05.877227 Epoch [29/100] batch [1/391] loss 1.9316 lr 0.08187119948743452 acc 56.25% eta 1:02:20
2023-04-06 17:44:25,145 - __main__ - INFO - [INFO] 2023-04-06 17:44:25.145577 Epoch [29/100] batch [129/391] loss 2.1777 lr 0.08187119948743452 acc 45.31% eta 0:56:29
2023-04-06 17:44:44,858 - __main__ - INFO - [INFO] 2023-04-06 17:44:44.858733 Epoch [29/100] batch [257/391] loss 2.1426 lr 0.08187119948743452 acc 48.44% eta 0:56:41
2023-04-06 17:45:04,546 - __main__ - INFO - [INFO] 2023-04-06 17:45:04.546032 Epoch [29/100] batch [385/391] loss 1.9131 lr 0.08187119948743452 acc 44.53% eta 0:56:29
2023-04-06 17:45:05,446 - __main__ - INFO - Computing epoch 29 validation accuracy...
2023-04-06 17:45:09,779 - __main__ - INFO - Computing epoch 29 validation loss...
2023-04-06 17:45:14,305 - __main__ - INFO - [INFO] 2023-04-06 17:45:14.305728 Epoch [30/100] batch [1/391] loss 1.8955 lr 0.08064535268264886 acc 52.34% eta 0:58:38
2023-04-06 17:45:33,812 - __main__ - INFO - [INFO] 2023-04-06 17:45:33.812549 Epoch [30/100] batch [129/391] loss 2.0605 lr 0.08064535268264886 acc 50.78% eta 0:56:29
2023-04-06 17:45:53,330 - __main__ - INFO - [INFO] 2023-04-06 17:45:53.330423 Epoch [30/100] batch [257/391] loss 2.0527 lr 0.08064535268264886 acc 49.22% eta 0:55:45
2023-04-06 17:46:13,229 - __main__ - INFO - [INFO] 2023-04-06 17:46:13.228837 Epoch [30/100] batch [385/391] loss 2.1934 lr 0.08064535268264886 acc 46.88% eta 0:55:56
2023-04-06 17:46:14,133 - __main__ - INFO - Computing epoch 30 validation accuracy...
2023-04-06 17:46:18,324 - __main__ - INFO - Computing epoch 30 validation loss...
2023-04-06 17:46:22,796 - __main__ - INFO - [INFO] 2023-04-06 17:46:22.796176 Epoch [31/100] batch [1/391] loss 2.2129 lr 0.0793892626146237 acc 46.09% eta 1:02:22
2023-04-06 17:46:42,014 - __main__ - INFO - [INFO] 2023-04-06 17:46:42.014146 Epoch [31/100] batch [129/391] loss 2.2246 lr 0.0793892626146237 acc 40.62% eta 0:54:56
2023-04-06 17:47:01,648 - __main__ - INFO - [INFO] 2023-04-06 17:47:01.648617 Epoch [31/100] batch [257/391] loss 1.9863 lr 0.0793892626146237 acc 50.00% eta 0:54:24
2023-04-06 17:47:21,471 - __main__ - INFO - [INFO] 2023-04-06 17:47:21.471713 Epoch [31/100] batch [385/391] loss 1.9795 lr 0.0793892626146237 acc 46.88% eta 0:54:13
2023-04-06 17:47:22,365 - __main__ - INFO - Computing epoch 31 validation accuracy...
2023-04-06 17:47:26,765 - __main__ - INFO - Computing epoch 31 validation loss...
2023-04-06 17:47:32,442 - __main__ - INFO - [INFO] 2023-04-06 17:47:32.441864 Epoch [32/100] batch [1/391] loss 2.1406 lr 0.07810416889260657 acc 45.31% eta 1:05:15
2023-04-06 17:47:51,853 - __main__ - INFO - [INFO] 2023-04-06 17:47:51.852981 Epoch [32/100] batch [129/391] loss 2.0605 lr 0.07810416889260657 acc 41.41% eta 0:56:43
2023-04-06 17:48:12,041 - __main__ - INFO - [INFO] 2023-04-06 17:48:12.041064 Epoch [32/100] batch [257/391] loss 1.7422 lr 0.07810416889260657 acc 46.09% eta 0:56:37
2023-04-06 17:48:32,469 - __main__ - INFO - [INFO] 2023-04-06 17:48:32.469286 Epoch [32/100] batch [385/391] loss 2.3301 lr 0.07810416889260657 acc 43.75% eta 0:56:55
2023-04-06 17:48:33,403 - __main__ - INFO - Computing epoch 32 validation accuracy...
2023-04-06 17:48:37,611 - __main__ - INFO - Computing epoch 32 validation loss...
2023-04-06 17:48:42,049 - __main__ - INFO - [INFO] 2023-04-06 17:48:42.049184 Epoch [33/100] batch [1/391] loss 1.9023 lr 0.07679133974894986 acc 52.34% eta 1:00:59
2023-04-06 17:49:01,405 - __main__ - INFO - [INFO] 2023-04-06 17:49:01.404938 Epoch [33/100] batch [129/391] loss 2.0879 lr 0.07679133974894986 acc 47.66% eta 0:55:29
2023-04-06 17:49:21,168 - __main__ - INFO - [INFO] 2023-04-06 17:49:21.168632 Epoch [33/100] batch [257/391] loss 2.1797 lr 0.07679133974894986 acc 32.81% eta 0:54:58
2023-04-06 17:49:41,129 - __main__ - INFO - [INFO] 2023-04-06 17:49:41.129329 Epoch [33/100] batch [385/391] loss 1.9580 lr 0.07679133974894986 acc 45.31% eta 0:54:08
2023-04-06 17:49:42,043 - __main__ - INFO - Computing epoch 33 validation accuracy...
2023-04-06 17:49:46,257 - __main__ - INFO - Computing epoch 33 validation loss...
2023-04-06 17:49:50,720 - __main__ - INFO - [INFO] 2023-04-06 17:49:50.720532 Epoch [34/100] batch [1/391] loss 1.9521 lr 0.0754520707875186 acc 53.12% eta 0:54:12
2023-04-06 17:50:09,438 - __main__ - INFO - [INFO] 2023-04-06 17:50:09.438214 Epoch [34/100] batch [129/391] loss 2.0098 lr 0.0754520707875186 acc 51.56% eta 0:52:20
2023-04-06 17:50:29,386 - __main__ - INFO - [INFO] 2023-04-06 17:50:29.385609 Epoch [34/100] batch [257/391] loss 2.1270 lr 0.0754520707875186 acc 44.53% eta 0:52:39
2023-04-06 17:50:49,140 - __main__ - INFO - [INFO] 2023-04-06 17:50:49.140125 Epoch [34/100] batch [385/391] loss 2.0039 lr 0.0754520707875186 acc 49.22% eta 0:52:18
2023-04-06 17:50:50,020 - __main__ - INFO - Computing epoch 34 validation accuracy...
2023-04-06 17:50:54,255 - __main__ - INFO - Computing epoch 34 validation loss...
2023-04-06 17:50:58,786 - __main__ - INFO - [INFO] 2023-04-06 17:50:58.786267 Epoch [35/100] batch [1/391] loss 2.2246 lr 0.0740876837050858 acc 37.50% eta 0:53:29
2023-04-06 17:51:17,904 - __main__ - INFO - [INFO] 2023-04-06 17:51:17.904384 Epoch [35/100] batch [129/391] loss 1.7002 lr 0.0740876837050858 acc 54.69% eta 0:52:56
2023-04-06 17:51:37,744 - __main__ - INFO - [INFO] 2023-04-06 17:51:37.744596 Epoch [35/100] batch [257/391] loss 2.1445 lr 0.0740876837050858 acc 45.31% eta 0:52:31
2023-04-06 17:51:57,659 - __main__ - INFO - [INFO] 2023-04-06 17:51:57.659339 Epoch [35/100] batch [385/391] loss 2.2656 lr 0.0740876837050858 acc 44.53% eta 0:51:52
2023-04-06 17:51:58,559 - __main__ - INFO - Computing epoch 35 validation accuracy...
2023-04-06 17:52:02,848 - __main__ - INFO - Computing epoch 35 validation loss...
2023-04-06 17:52:07,270 - __main__ - INFO - [INFO] 2023-04-06 17:52:07.270072 Epoch [36/100] batch [1/391] loss 1.9873 lr 0.07269952498697738 acc 45.31% eta 0:51:59
2023-04-06 17:52:26,416 - __main__ - INFO - [INFO] 2023-04-06 17:52:26.416211 Epoch [36/100] batch [129/391] loss 1.9072 lr 0.07269952498697738 acc 58.59% eta 0:50:20
2023-04-06 17:52:46,308 - __main__ - INFO - [INFO] 2023-04-06 17:52:46.307990 Epoch [36/100] batch [257/391] loss 1.9307 lr 0.07269952498697738 acc 53.12% eta 0:50:10
2023-04-06 17:53:06,228 - __main__ - INFO - [INFO] 2023-04-06 17:53:06.228360 Epoch [36/100] batch [385/391] loss 2.2207 lr 0.07269952498697738 acc 40.62% eta 0:50:13
2023-04-06 17:53:07,178 - __main__ - INFO - Computing epoch 36 validation accuracy...
2023-04-06 17:53:11,295 - __main__ - INFO - Computing epoch 36 validation loss...
2023-04-06 17:53:15,731 - __main__ - INFO - [INFO] 2023-04-06 17:53:15.731337 Epoch [37/100] batch [1/391] loss 1.8096 lr 0.07128896457825366 acc 46.09% eta 0:51:57
2023-04-06 17:53:35,217 - __main__ - INFO - [INFO] 2023-04-06 17:53:35.217578 Epoch [37/100] batch [129/391] loss 1.8662 lr 0.07128896457825366 acc 58.59% eta 0:52:32
2023-04-06 17:53:55,404 - __main__ - INFO - [INFO] 2023-04-06 17:53:55.403947 Epoch [37/100] batch [257/391] loss 1.8252 lr 0.07128896457825366 acc 53.12% eta 0:51:55
2023-04-06 17:54:15,319 - __main__ - INFO - [INFO] 2023-04-06 17:54:15.319086 Epoch [37/100] batch [385/391] loss 2.0938 lr 0.07128896457825366 acc 47.66% eta 0:51:10
2023-04-06 17:54:16,236 - __main__ - INFO - Computing epoch 37 validation accuracy...
2023-04-06 17:54:20,377 - __main__ - INFO - Computing epoch 37 validation loss...
2023-04-06 17:54:24,950 - __main__ - INFO - [INFO] 2023-04-06 17:54:24.950642 Epoch [38/100] batch [1/391] loss 1.8633 lr 0.06985739453173906 acc 46.09% eta 0:53:13
2023-04-06 17:54:44,411 - __main__ - INFO - [INFO] 2023-04-06 17:54:44.410849 Epoch [38/100] batch [129/391] loss 1.7803 lr 0.06985739453173906 acc 59.38% eta 0:51:07
2023-04-06 17:55:04,405 - __main__ - INFO - [INFO] 2023-04-06 17:55:04.405470 Epoch [38/100] batch [257/391] loss 1.8398 lr 0.06985739453173906 acc 57.03% eta 0:50:47
2023-04-06 17:55:23,680 - __main__ - INFO - [INFO] 2023-04-06 17:55:23.680380 Epoch [38/100] batch [385/391] loss 1.8301 lr 0.06985739453173906 acc 53.91% eta 0:49:55
2023-04-06 17:55:24,567 - __main__ - INFO - Computing epoch 38 validation accuracy...
2023-04-06 17:55:28,735 - __main__ - INFO - Computing epoch 38 validation loss...
2023-04-06 17:55:33,173 - __main__ - INFO - [INFO] 2023-04-06 17:55:33.173184 Epoch [39/100] batch [1/391] loss 1.7627 lr 0.06840622763423394 acc 50.78% eta 0:56:08
2023-04-06 17:55:52,291 - __main__ - INFO - [INFO] 2023-04-06 17:55:52.291647 Epoch [39/100] batch [129/391] loss 1.5859 lr 0.06840622763423394 acc 53.12% eta 0:48:53
2023-04-06 17:56:11,795 - __main__ - INFO - [INFO] 2023-04-06 17:56:11.794920 Epoch [39/100] batch [257/391] loss 2.1758 lr 0.06840622763423394 acc 37.50% eta 0:47:38
2023-04-06 17:56:31,580 - __main__ - INFO - [INFO] 2023-04-06 17:56:31.579873 Epoch [39/100] batch [385/391] loss 1.9072 lr 0.06840622763423394 acc 50.00% eta 0:47:10
2023-04-06 17:56:32,458 - __main__ - INFO - Computing epoch 39 validation accuracy...
2023-04-06 17:56:36,622 - __main__ - INFO - Computing epoch 39 validation loss...
2023-04-06 17:56:41,088 - __main__ - INFO - [INFO] 2023-04-06 17:56:41.088778 Epoch [40/100] batch [1/391] loss 1.9082 lr 0.06693689601226462 acc 51.56% eta 0:51:31
2023-04-06 17:57:00,190 - __main__ - INFO - [INFO] 2023-04-06 17:57:00.190543 Epoch [40/100] batch [129/391] loss 1.6387 lr 0.06693689601226462 acc 52.34% eta 0:48:11
2023-04-06 17:57:19,715 - __main__ - INFO - [INFO] 2023-04-06 17:57:19.714846 Epoch [40/100] batch [257/391] loss 2.0527 lr 0.06693689601226462 acc 51.56% eta 0:47:21
2023-04-06 17:57:39,542 - __main__ - INFO - [INFO] 2023-04-06 17:57:39.542543 Epoch [40/100] batch [385/391] loss 2.1367 lr 0.06693689601226462 acc 40.62% eta 0:47:06
2023-04-06 17:57:40,461 - __main__ - INFO - Computing epoch 40 validation accuracy...
2023-04-06 17:57:44,685 - __main__ - INFO - Computing epoch 40 validation loss...
2023-04-06 17:57:49,080 - __main__ - INFO - [INFO] 2023-04-06 17:57:49.080649 Epoch [41/100] batch [1/391] loss 1.8340 lr 0.06545084971874741 acc 47.66% eta 0:49:59
2023-04-06 17:58:08,718 - __main__ - INFO - [INFO] 2023-04-06 17:58:08.718375 Epoch [41/100] batch [129/391] loss 2.2188 lr 0.06545084971874741 acc 39.06% eta 0:47:41
2023-04-06 17:58:28,483 - __main__ - INFO - [INFO] 2023-04-06 17:58:28.483520 Epoch [41/100] batch [257/391] loss 2.1328 lr 0.06545084971874741 acc 49.22% eta 0:46:56
2023-04-06 17:58:48,617 - __main__ - INFO - [INFO] 2023-04-06 17:58:48.617362 Epoch [41/100] batch [385/391] loss 2.0957 lr 0.06545084971874741 acc 42.97% eta 0:47:07
2023-04-06 17:58:49,542 - __main__ - INFO - Computing epoch 41 validation accuracy...
2023-04-06 17:58:53,735 - __main__ - INFO - Computing epoch 41 validation loss...
2023-04-06 17:58:58,087 - __main__ - INFO - [INFO] 2023-04-06 17:58:58.087628 Epoch [42/100] batch [1/391] loss 2.2871 lr 0.06394955530196152 acc 46.09% eta 0:46:32
2023-04-06 17:59:17,235 - __main__ - INFO - [INFO] 2023-04-06 17:59:17.235582 Epoch [42/100] batch [129/391] loss 1.8252 lr 0.06394955530196152 acc 53.91% eta 0:45:10
2023-04-06 17:59:36,971 - __main__ - INFO - [INFO] 2023-04-06 17:59:36.970873 Epoch [42/100] batch [257/391] loss 1.7490 lr 0.06394955530196152 acc 49.22% eta 0:44:56
2023-04-06 17:59:56,733 - __main__ - INFO - [INFO] 2023-04-06 17:59:56.732949 Epoch [42/100] batch [385/391] loss 1.9395 lr 0.06394955530196152 acc 50.00% eta 0:44:56
2023-04-06 17:59:57,625 - __main__ - INFO - Computing epoch 42 validation accuracy...
2023-04-06 18:00:01,979 - __main__ - INFO - Computing epoch 42 validation loss...
2023-04-06 18:00:06,576 - __main__ - INFO - [INFO] 2023-04-06 18:00:06.576348 Epoch [43/100] batch [1/391] loss 1.7959 lr 0.062434494358242776 acc 57.81% eta 0:59:20
2023-04-06 18:00:25,732 - __main__ - INFO - [INFO] 2023-04-06 18:00:25.732619 Epoch [43/100] batch [129/391] loss 2.0391 lr 0.062434494358242776 acc 49.22% eta 0:44:55
2023-04-06 18:00:45,430 - __main__ - INFO - [INFO] 2023-04-06 18:00:45.430283 Epoch [43/100] batch [257/391] loss 2.3984 lr 0.062434494358242776 acc 44.53% eta 0:44:36
2023-04-06 18:01:05,132 - __main__ - INFO - [INFO] 2023-04-06 18:01:05.132250 Epoch [43/100] batch [385/391] loss 1.7578 lr 0.062434494358242776 acc 60.16% eta 0:44:09
2023-04-06 18:01:06,034 - __main__ - INFO - Computing epoch 43 validation accuracy...
2023-04-06 18:01:10,388 - __main__ - INFO - Computing epoch 43 validation loss...
2023-04-06 18:01:14,802 - __main__ - INFO - [INFO] 2023-04-06 18:01:14.802365 Epoch [44/100] batch [1/391] loss 1.8633 lr 0.06090716206982718 acc 41.41% eta 0:49:11
2023-04-06 18:01:33,936 - __main__ - INFO - [INFO] 2023-04-06 18:01:33.935987 Epoch [44/100] batch [129/391] loss 2.0723 lr 0.06090716206982718 acc 46.09% eta 0:44:00
2023-04-06 18:01:53,544 - __main__ - INFO - [INFO] 2023-04-06 18:01:53.543969 Epoch [44/100] batch [257/391] loss 1.9023 lr 0.06090716206982718 acc 58.59% eta 0:43:33
2023-04-06 18:02:13,333 - __main__ - INFO - [INFO] 2023-04-06 18:02:13.332944 Epoch [44/100] batch [385/391] loss 1.8828 lr 0.06090716206982718 acc 56.25% eta 0:43:10
2023-04-06 18:02:14,267 - __main__ - INFO - Computing epoch 44 validation accuracy...
2023-04-06 18:02:18,443 - __main__ - INFO - Computing epoch 44 validation loss...
2023-04-06 18:02:23,100 - __main__ - INFO - [INFO] 2023-04-06 18:02:23.100281 Epoch [45/100] batch [1/391] loss 1.5361 lr 0.05936906572928628 acc 59.38% eta 0:49:13
2023-04-06 18:02:42,095 - __main__ - INFO - [INFO] 2023-04-06 18:02:42.095308 Epoch [45/100] batch [129/391] loss 2.0664 lr 0.05936906572928628 acc 49.22% eta 0:42:24
2023-04-06 18:03:01,776 - __main__ - INFO - [INFO] 2023-04-06 18:03:01.776379 Epoch [45/100] batch [257/391] loss 1.7520 lr 0.05936906572928628 acc 53.12% eta 0:42:33
2023-04-06 18:03:21,681 - __main__ - INFO - [INFO] 2023-04-06 18:03:21.680851 Epoch [45/100] batch [385/391] loss 2.0469 lr 0.05936906572928628 acc 53.91% eta 0:42:21
2023-04-06 18:03:22,564 - __main__ - INFO - Computing epoch 45 validation accuracy...
2023-04-06 18:03:26,755 - __main__ - INFO - Computing epoch 45 validation loss...
2023-04-06 18:03:31,208 - __main__ - INFO - [INFO] 2023-04-06 18:03:31.208039 Epoch [46/100] batch [1/391] loss 1.5977 lr 0.05782172325201159 acc 50.00% eta 0:44:40
2023-04-06 18:03:50,311 - __main__ - INFO - [INFO] 2023-04-06 18:03:50.311653 Epoch [46/100] batch [129/391] loss 1.8223 lr 0.05782172325201159 acc 45.31% eta 0:41:37
2023-04-06 18:04:10,007 - __main__ - INFO - [INFO] 2023-04-06 18:04:10.007585 Epoch [46/100] batch [257/391] loss 1.7979 lr 0.05782172325201159 acc 54.69% eta 0:41:48
2023-04-06 18:04:29,825 - __main__ - INFO - [INFO] 2023-04-06 18:04:29.825452 Epoch [46/100] batch [385/391] loss 1.9980 lr 0.05782172325201159 acc 58.59% eta 0:41:46
2023-04-06 18:04:30,717 - __main__ - INFO - Computing epoch 46 validation accuracy...
2023-04-06 18:04:34,897 - __main__ - INFO - Computing epoch 46 validation loss...
2023-04-06 18:04:39,261 - __main__ - INFO - [INFO] 2023-04-06 18:04:39.261569 Epoch [47/100] batch [1/391] loss 1.8770 lr 0.056266661678215264 acc 55.47% eta 0:44:51
2023-04-06 18:04:58,598 - __main__ - INFO - [INFO] 2023-04-06 18:04:58.598544 Epoch [47/100] batch [129/391] loss 1.9648 lr 0.056266661678215264 acc 57.03% eta 0:41:28
2023-04-06 18:05:17,860 - __main__ - INFO - [INFO] 2023-04-06 18:05:17.860657 Epoch [47/100] batch [257/391] loss 1.6670 lr 0.056266661678215264 acc 54.69% eta 0:41:03
2023-04-06 18:05:37,578 - __main__ - INFO - [INFO] 2023-04-06 18:05:37.578159 Epoch [47/100] batch [385/391] loss 1.6582 lr 0.056266661678215264 acc 55.47% eta 0:40:52
2023-04-06 18:05:38,471 - __main__ - INFO - Computing epoch 47 validation accuracy...
2023-04-06 18:05:42,867 - __main__ - INFO - Computing epoch 47 validation loss...
2023-04-06 18:05:48,891 - __main__ - INFO - [INFO] 2023-04-06 18:05:48.891436 Epoch [48/100] batch [1/391] loss 1.6816 lr 0.05470541566592575 acc 57.03% eta 0:44:11
2023-04-06 18:06:09,840 - __main__ - INFO - [INFO] 2023-04-06 18:06:09.840059 Epoch [48/100] batch [129/391] loss 1.7217 lr 0.05470541566592575 acc 57.03% eta 0:47:36
2023-04-06 18:06:33,295 - __main__ - INFO - [INFO] 2023-04-06 18:06:33.295377 Epoch [48/100] batch [257/391] loss 1.6182 lr 0.05470541566592575 acc 50.00% eta 0:50:35
2023-04-06 18:06:54,732 - __main__ - INFO - [INFO] 2023-04-06 18:06:54.732337 Epoch [48/100] batch [385/391] loss 1.7012 lr 0.05470541566592575 acc 55.47% eta 0:49:30
2023-04-06 18:06:55,640 - __main__ - INFO - Computing epoch 48 validation accuracy...
2023-04-06 18:06:59,775 - __main__ - INFO - Computing epoch 48 validation loss...
2023-04-06 18:07:04,279 - __main__ - INFO - [INFO] 2023-04-06 18:07:04.279428 Epoch [49/100] batch [1/391] loss 1.6494 lr 0.053139525976465714 acc 60.94% eta 0:42:26
2023-04-06 18:07:23,409 - __main__ - INFO - [INFO] 2023-04-06 18:07:23.409715 Epoch [49/100] batch [129/391] loss 1.5762 lr 0.053139525976465714 acc 51.56% eta 0:40:09
2023-04-06 18:07:43,410 - __main__ - INFO - [INFO] 2023-04-06 18:07:43.409852 Epoch [49/100] batch [257/391] loss 1.7715 lr 0.053139525976465714 acc 53.12% eta 0:40:03
2023-04-06 18:08:03,368 - __main__ - INFO - [INFO] 2023-04-06 18:08:03.368312 Epoch [49/100] batch [385/391] loss 1.8721 lr 0.053139525976465714 acc 53.12% eta 0:39:42
2023-04-06 18:08:04,285 - __main__ - INFO - Computing epoch 49 validation accuracy...
2023-04-06 18:08:08,698 - __main__ - INFO - Computing epoch 49 validation loss...
2023-04-06 18:08:13,217 - __main__ - INFO - [INFO] 2023-04-06 18:08:13.217739 Epoch [50/100] batch [1/391] loss 1.5264 lr 0.05157053795390645 acc 56.25% eta 0:43:37
2023-04-06 18:08:32,232 - __main__ - INFO - [INFO] 2023-04-06 18:08:32.232552 Epoch [50/100] batch [129/391] loss 1.7793 lr 0.05157053795390645 acc 48.44% eta 0:39:55
2023-04-06 18:08:52,154 - __main__ - INFO - [INFO] 2023-04-06 18:08:52.154464 Epoch [50/100] batch [257/391] loss 1.9619 lr 0.05157053795390645 acc 52.34% eta 0:39:37
2023-04-06 18:09:12,090 - __main__ - INFO - [INFO] 2023-04-06 18:09:12.090613 Epoch [50/100] batch [385/391] loss 1.6260 lr 0.05157053795390645 acc 57.03% eta 0:39:13
2023-04-06 18:09:13,015 - __main__ - INFO - Computing epoch 50 validation accuracy...
2023-04-06 18:09:17,385 - __main__ - INFO - Computing epoch 50 validation loss...
2023-04-06 18:09:21,944 - __main__ - INFO - [INFO] 2023-04-06 18:09:21.944027 Epoch [51/100] batch [1/391] loss 1.8799 lr 0.05000000000000004 acc 54.69% eta 0:45:16
2023-04-06 18:09:41,118 - __main__ - INFO - [INFO] 2023-04-06 18:09:41.118296 Epoch [51/100] batch [129/391] loss 1.8340 lr 0.05000000000000004 acc 54.69% eta 0:39:07
2023-04-06 18:10:01,151 - __main__ - INFO - [INFO] 2023-04-06 18:10:01.151322 Epoch [51/100] batch [257/391] loss 1.7988 lr 0.05000000000000004 acc 57.03% eta 0:38:49
2023-04-06 18:10:21,033 - __main__ - INFO - [INFO] 2023-04-06 18:10:21.032883 Epoch [51/100] batch [385/391] loss 1.8379 lr 0.05000000000000004 acc 56.25% eta 0:38:24
2023-04-06 18:10:21,931 - __main__ - INFO - Computing epoch 51 validation accuracy...
2023-04-06 18:10:26,090 - __main__ - INFO - Computing epoch 51 validation loss...
2023-04-06 18:10:30,522 - __main__ - INFO - [INFO] 2023-04-06 18:10:30.521836 Epoch [52/100] batch [1/391] loss 1.5010 lr 0.04842946204609362 acc 60.16% eta 0:39:48
2023-04-06 18:10:49,496 - __main__ - INFO - [INFO] 2023-04-06 18:10:49.496587 Epoch [52/100] batch [129/391] loss 1.7588 lr 0.04842946204609362 acc 59.38% eta 0:38:01
2023-04-06 18:11:09,285 - __main__ - INFO - [INFO] 2023-04-06 18:11:09.285068 Epoch [52/100] batch [257/391] loss 1.8623 lr 0.04842946204609362 acc 49.22% eta 0:37:25
2023-04-06 18:11:28,966 - __main__ - INFO - [INFO] 2023-04-06 18:11:28.966734 Epoch [52/100] batch [385/391] loss 1.5107 lr 0.04842946204609362 acc 64.84% eta 0:37:05
2023-04-06 18:11:29,864 - __main__ - INFO - Computing epoch 52 validation accuracy...
2023-04-06 18:11:34,170 - __main__ - INFO - Computing epoch 52 validation loss...
2023-04-06 18:11:38,645 - __main__ - INFO - [INFO] 2023-04-06 18:11:38.645492 Epoch [53/100] batch [1/391] loss 1.7129 lr 0.04686047402353437 acc 61.72% eta 0:39:40
2023-04-06 18:11:57,539 - __main__ - INFO - [INFO] 2023-04-06 18:11:57.539168 Epoch [53/100] batch [129/391] loss 1.5586 lr 0.04686047402353437 acc 57.03% eta 0:36:47
2023-04-06 18:12:17,371 - __main__ - INFO - [INFO] 2023-04-06 18:12:17.371274 Epoch [53/100] batch [257/391] loss 1.6338 lr 0.04686047402353437 acc 56.25% eta 0:36:52
2023-04-06 18:12:37,290 - __main__ - INFO - [INFO] 2023-04-06 18:12:37.290070 Epoch [53/100] batch [385/391] loss 1.7334 lr 0.04686047402353437 acc 62.50% eta 0:36:27
2023-04-06 18:12:38,179 - __main__ - INFO - Computing epoch 53 validation accuracy...
2023-04-06 18:12:42,403 - __main__ - INFO - Computing epoch 53 validation loss...
2023-04-06 18:12:46,857 - __main__ - INFO - [INFO] 2023-04-06 18:12:46.857109 Epoch [54/100] batch [1/391] loss 1.3262 lr 0.045294584334074316 acc 66.41% eta 0:37:41
2023-04-06 18:13:03,867 - __main__ - INFO - [INFO] 2023-04-06 18:13:03.867093 Epoch [54/100] batch [129/391] loss 1.6729 lr 0.045294584334074316 acc 49.22% eta 0:35:43
2023-04-06 18:13:21,032 - __main__ - INFO - [INFO] 2023-04-06 18:13:21.032681 Epoch [54/100] batch [257/391] loss 1.4766 lr 0.045294584334074316 acc 67.97% eta 0:35:34
2023-04-06 18:13:38,502 - __main__ - INFO - [INFO] 2023-04-06 18:13:38.502711 Epoch [54/100] batch [385/391] loss 1.5391 lr 0.045294584334074316 acc 61.72% eta 0:35:34
2023-04-06 18:13:39,294 - __main__ - INFO - Computing epoch 54 validation accuracy...
2023-04-06 18:13:43,226 - __main__ - INFO - Computing epoch 54 validation loss...
2023-04-06 18:13:47,435 - __main__ - INFO - [INFO] 2023-04-06 18:13:47.435423 Epoch [55/100] batch [1/391] loss 1.8945 lr 0.043733338321784825 acc 57.81% eta 0:43:07
2023-04-06 18:14:04,586 - __main__ - INFO - [INFO] 2023-04-06 18:14:04.585915 Epoch [55/100] batch [129/391] loss 1.7861 lr 0.043733338321784825 acc 60.94% eta 0:35:12
2023-04-06 18:14:21,611 - __main__ - INFO - [INFO] 2023-04-06 18:14:21.611202 Epoch [55/100] batch [257/391] loss 1.6514 lr 0.043733338321784825 acc 59.38% eta 0:34:46
2023-04-06 18:14:38,611 - __main__ - INFO - [INFO] 2023-04-06 18:14:38.611025 Epoch [55/100] batch [385/391] loss 1.8086 lr 0.043733338321784825 acc 50.00% eta 0:34:27
2023-04-06 18:14:39,387 - __main__ - INFO - Computing epoch 55 validation accuracy...
2023-04-06 18:14:43,580 - __main__ - INFO - Computing epoch 55 validation loss...
2023-04-06 18:14:47,801 - __main__ - INFO - [INFO] 2023-04-06 18:14:47.801099 Epoch [56/100] batch [1/391] loss 1.5098 lr 0.042178276747988484 acc 60.16% eta 0:49:09
2023-04-06 18:15:05,297 - __main__ - INFO - [INFO] 2023-04-06 18:15:05.297672 Epoch [56/100] batch [129/391] loss 1.7559 lr 0.042178276747988484 acc 60.16% eta 0:35:14
2023-04-06 18:15:24,585 - __main__ - INFO - [INFO] 2023-04-06 18:15:24.585109 Epoch [56/100] batch [257/391] loss 1.7764 lr 0.042178276747988484 acc 59.38% eta 0:34:20
2023-04-06 18:15:44,442 - __main__ - INFO - [INFO] 2023-04-06 18:15:44.442687 Epoch [56/100] batch [385/391] loss 1.8525 lr 0.042178276747988484 acc 59.38% eta 0:34:00
2023-04-06 18:15:45,332 - __main__ - INFO - Computing epoch 56 validation accuracy...
2023-04-06 18:15:49,720 - __main__ - INFO - Computing epoch 56 validation loss...
2023-04-06 18:15:54,201 - __main__ - INFO - [INFO] 2023-04-06 18:15:54.201373 Epoch [57/100] batch [1/391] loss 1.2168 lr 0.0406309342707138 acc 71.88% eta 0:36:57
2023-04-06 18:16:13,266 - __main__ - INFO - [INFO] 2023-04-06 18:16:13.266347 Epoch [57/100] batch [129/391] loss 1.7578 lr 0.0406309342707138 acc 59.38% eta 0:34:38
2023-04-06 18:16:33,389 - __main__ - INFO - [INFO] 2023-04-06 18:16:33.389064 Epoch [57/100] batch [257/391] loss 1.5859 lr 0.0406309342707138 acc 64.84% eta 0:34:32
2023-04-06 18:16:53,531 - __main__ - INFO - [INFO] 2023-04-06 18:16:53.531411 Epoch [57/100] batch [385/391] loss 1.5312 lr 0.0406309342707138 acc 64.84% eta 0:34:18
2023-04-06 18:16:54,457 - __main__ - INFO - Computing epoch 57 validation accuracy...
2023-04-06 18:16:58,639 - __main__ - INFO - Computing epoch 57 validation loss...
2023-04-06 18:17:03,211 - __main__ - INFO - [INFO] 2023-04-06 18:17:03.211482 Epoch [58/100] batch [1/391] loss 1.3945 lr 0.039092837930172916 acc 54.69% eta 0:36:15
2023-04-06 18:17:24,153 - __main__ - INFO - [INFO] 2023-04-06 18:17:24.153350 Epoch [58/100] batch [129/391] loss 1.4736 lr 0.039092837930172916 acc 60.94% eta 0:38:21
2023-04-06 18:17:45,396 - __main__ - INFO - [INFO] 2023-04-06 18:17:45.396158 Epoch [58/100] batch [257/391] loss 1.6963 lr 0.039092837930172916 acc 57.03% eta 0:37:36
2023-04-06 18:18:06,260 - __main__ - INFO - [INFO] 2023-04-06 18:18:06.260263 Epoch [58/100] batch [385/391] loss 1.5830 lr 0.039092837930172916 acc 60.16% eta 0:36:51
2023-04-06 18:18:07,168 - __main__ - INFO - Computing epoch 58 validation accuracy...
2023-04-06 18:18:11,356 - __main__ - INFO - Computing epoch 58 validation loss...
2023-04-06 18:18:15,779 - __main__ - INFO - [INFO] 2023-04-06 18:18:15.778866 Epoch [59/100] batch [1/391] loss 1.5488 lr 0.037565505641757285 acc 54.69% eta 0:37:15
2023-04-06 18:18:35,282 - __main__ - INFO - [INFO] 2023-04-06 18:18:35.281995 Epoch [59/100] batch [129/391] loss 1.6973 lr 0.037565505641757285 acc 60.16% eta 0:33:48
2023-04-06 18:18:55,293 - __main__ - INFO - [INFO] 2023-04-06 18:18:55.293234 Epoch [59/100] batch [257/391] loss 1.4326 lr 0.037565505641757285 acc 66.41% eta 0:33:32
2023-04-06 18:19:15,211 - __main__ - INFO - [INFO] 2023-04-06 18:19:15.211080 Epoch [59/100] batch [385/391] loss 1.4805 lr 0.037565505641757285 acc 70.31% eta 0:33:00
2023-04-06 18:19:16,118 - __main__ - INFO - Computing epoch 59 validation accuracy...
2023-04-06 18:19:20,501 - __main__ - INFO - Computing epoch 59 validation loss...
2023-04-06 18:19:24,964 - __main__ - INFO - [INFO] 2023-04-06 18:19:24.964599 Epoch [60/100] batch [1/391] loss 1.6416 lr 0.03605044469803857 acc 57.81% eta 0:33:46
2023-04-06 18:19:43,822 - __main__ - INFO - [INFO] 2023-04-06 18:19:43.822383 Epoch [60/100] batch [129/391] loss 1.3145 lr 0.03605044469803857 acc 67.19% eta 0:32:20
2023-04-06 18:20:03,819 - __main__ - INFO - [INFO] 2023-04-06 18:20:03.819351 Epoch [60/100] batch [257/391] loss 1.4336 lr 0.03605044469803857 acc 62.50% eta 0:32:24
2023-04-06 18:20:23,392 - __main__ - INFO - [INFO] 2023-04-06 18:20:23.392305 Epoch [60/100] batch [385/391] loss 1.2383 lr 0.03605044469803857 acc 67.97% eta 0:31:58
2023-04-06 18:20:24,289 - __main__ - INFO - Computing epoch 60 validation accuracy...
2023-04-06 18:20:28,584 - __main__ - INFO - Computing epoch 60 validation loss...
2023-04-06 18:20:32,946 - __main__ - INFO - [INFO] 2023-04-06 18:20:32.946658 Epoch [61/100] batch [1/391] loss 1.7344 lr 0.034549150281252675 acc 53.91% eta 0:31:59
2023-04-06 18:20:51,904 - __main__ - INFO - [INFO] 2023-04-06 18:20:51.903860 Epoch [61/100] batch [129/391] loss 1.7158 lr 0.034549150281252675 acc 59.38% eta 0:31:57
2023-04-06 18:21:11,845 - __main__ - INFO - [INFO] 2023-04-06 18:21:11.845534 Epoch [61/100] batch [257/391] loss 1.5312 lr 0.034549150281252675 acc 58.59% eta 0:31:29
2023-04-06 18:21:31,803 - __main__ - INFO - [INFO] 2023-04-06 18:21:31.802797 Epoch [61/100] batch [385/391] loss 1.3838 lr 0.034549150281252675 acc 62.50% eta 0:31:22
2023-04-06 18:21:32,729 - __main__ - INFO - Computing epoch 61 validation accuracy...
2023-04-06 18:21:37,008 - __main__ - INFO - Computing epoch 61 validation loss...
2023-04-06 18:21:41,440 - __main__ - INFO - [INFO] 2023-04-06 18:21:41.439852 Epoch [62/100] batch [1/391] loss 1.5459 lr 0.03306310398773546 acc 57.81% eta 0:32:44
2023-04-06 18:22:00,888 - __main__ - INFO - [INFO] 2023-04-06 18:22:00.888104 Epoch [62/100] batch [129/391] loss 1.2246 lr 0.03306310398773546 acc 71.88% eta 0:31:26
2023-04-06 18:22:20,820 - __main__ - INFO - [INFO] 2023-04-06 18:22:20.820319 Epoch [62/100] batch [257/391] loss 1.4033 lr 0.03306310398773546 acc 64.06% eta 0:30:52
2023-04-06 18:22:40,705 - __main__ - INFO - [INFO] 2023-04-06 18:22:40.704934 Epoch [62/100] batch [385/391] loss 1.5371 lr 0.03306310398773546 acc 60.16% eta 0:30:25
2023-04-06 18:22:41,679 - __main__ - INFO - Computing epoch 62 validation accuracy...
2023-04-06 18:22:45,924 - __main__ - INFO - Computing epoch 62 validation loss...
2023-04-06 18:22:50,433 - __main__ - INFO - [INFO] 2023-04-06 18:22:50.432971 Epoch [63/100] batch [1/391] loss 1.5996 lr 0.031593772365766146 acc 68.75% eta 0:33:44
2023-04-06 18:23:09,733 - __main__ - INFO - [INFO] 2023-04-06 18:23:09.733375 Epoch [63/100] batch [129/391] loss 1.3848 lr 0.031593772365766146 acc 67.19% eta 0:30:12
2023-04-06 18:23:29,626 - __main__ - INFO - [INFO] 2023-04-06 18:23:29.626065 Epoch [63/100] batch [257/391] loss 1.5498 lr 0.031593772365766146 acc 60.94% eta 0:29:41
2023-04-06 18:23:49,695 - __main__ - INFO - [INFO] 2023-04-06 18:23:49.695121 Epoch [63/100] batch [385/391] loss 1.3818 lr 0.031593772365766146 acc 70.31% eta 0:29:27
2023-04-06 18:23:50,595 - __main__ - INFO - Computing epoch 63 validation accuracy...
2023-04-06 18:23:54,769 - __main__ - INFO - Computing epoch 63 validation loss...
2023-04-06 18:23:59,351 - __main__ - INFO - [INFO] 2023-04-06 18:23:59.350971 Epoch [64/100] batch [1/391] loss 1.9336 lr 0.030142605468260992 acc 53.12% eta 0:30:37
2023-04-06 18:24:18,896 - __main__ - INFO - [INFO] 2023-04-06 18:24:18.896623 Epoch [64/100] batch [129/391] loss 1.5430 lr 0.030142605468260992 acc 63.28% eta 0:29:59
2023-04-06 18:24:38,823 - __main__ - INFO - [INFO] 2023-04-06 18:24:38.822883 Epoch [64/100] batch [257/391] loss 1.4053 lr 0.030142605468260992 acc 71.88% eta 0:29:44
2023-04-06 18:24:58,723 - __main__ - INFO - [INFO] 2023-04-06 18:24:58.723262 Epoch [64/100] batch [385/391] loss 1.5625 lr 0.030142605468260992 acc 57.81% eta 0:29:17
2023-04-06 18:24:59,624 - __main__ - INFO - Computing epoch 64 validation accuracy...
2023-04-06 18:25:03,878 - __main__ - INFO - Computing epoch 64 validation loss...
2023-04-06 18:25:08,285 - __main__ - INFO - [INFO] 2023-04-06 18:25:08.284999 Epoch [65/100] batch [1/391] loss 1.6387 lr 0.028711035421746394 acc 57.03% eta 0:31:02
2023-04-06 18:25:27,557 - __main__ - INFO - [INFO] 2023-04-06 18:25:27.557150 Epoch [65/100] batch [129/391] loss 1.4336 lr 0.028711035421746394 acc 63.28% eta 0:28:48
2023-04-06 18:25:46,859 - __main__ - INFO - [INFO] 2023-04-06 18:25:46.859666 Epoch [65/100] batch [257/391] loss 1.6035 lr 0.028711035421746394 acc 57.81% eta 0:28:15
2023-04-06 18:26:06,730 - __main__ - INFO - [INFO] 2023-04-06 18:26:06.730168 Epoch [65/100] batch [385/391] loss 1.7578 lr 0.028711035421746394 acc 56.25% eta 0:27:47
2023-04-06 18:26:07,615 - __main__ - INFO - Computing epoch 65 validation accuracy...
2023-04-06 18:26:11,756 - __main__ - INFO - Computing epoch 65 validation loss...
2023-04-06 18:26:16,221 - __main__ - INFO - [INFO] 2023-04-06 18:26:16.220835 Epoch [66/100] batch [1/391] loss 1.2021 lr 0.027300475013022688 acc 67.19% eta 0:29:29
2023-04-06 18:26:35,353 - __main__ - INFO - [INFO] 2023-04-06 18:26:35.353640 Epoch [66/100] batch [129/391] loss 1.3223 lr 0.027300475013022688 acc 65.62% eta 0:27:24
2023-04-06 18:26:55,161 - __main__ - INFO - [INFO] 2023-04-06 18:26:55.161733 Epoch [66/100] batch [257/391] loss 1.6885 lr 0.027300475013022688 acc 58.59% eta 0:27:01
2023-04-06 18:27:15,122 - __main__ - INFO - [INFO] 2023-04-06 18:27:15.122079 Epoch [66/100] batch [385/391] loss 1.2646 lr 0.027300475013022688 acc 71.09% eta 0:26:50
2023-04-06 18:27:16,073 - __main__ - INFO - Computing epoch 66 validation accuracy...
2023-04-06 18:27:20,187 - __main__ - INFO - Computing epoch 66 validation loss...
2023-04-06 18:27:24,558 - __main__ - INFO - [INFO] 2023-04-06 18:27:24.558740 Epoch [67/100] batch [1/391] loss 1.4561 lr 0.025912316294914254 acc 67.19% eta 0:28:00
2023-04-06 18:27:43,383 - __main__ - INFO - [INFO] 2023-04-06 18:27:43.382858 Epoch [67/100] batch [129/391] loss 1.3740 lr 0.025912316294914254 acc 71.09% eta 0:26:49
2023-04-06 18:28:02,987 - __main__ - INFO - [INFO] 2023-04-06 18:28:02.987471 Epoch [67/100] batch [257/391] loss 1.3496 lr 0.025912316294914254 acc 65.62% eta 0:26:34
2023-04-06 18:28:23,585 - __main__ - INFO - [INFO] 2023-04-06 18:28:23.585519 Epoch [67/100] batch [385/391] loss 1.5107 lr 0.025912316294914254 acc 70.31% eta 0:26:51
2023-04-06 18:28:24,471 - __main__ - INFO - Computing epoch 67 validation accuracy...
2023-04-06 18:28:28,706 - __main__ - INFO - Computing epoch 67 validation loss...
2023-04-06 18:28:33,249 - __main__ - INFO - [INFO] 2023-04-06 18:28:33.248886 Epoch [68/100] batch [1/391] loss 1.2900 lr 0.02454792921248146 acc 70.31% eta 0:28:36
2023-04-06 18:28:53,595 - __main__ - INFO - [INFO] 2023-04-06 18:28:53.594692 Epoch [68/100] batch [129/391] loss 1.5820 lr 0.02454792921248146 acc 69.53% eta 0:28:13
2023-04-06 18:29:14,541 - __main__ - INFO - [INFO] 2023-04-06 18:29:14.541397 Epoch [68/100] batch [257/391] loss 1.6562 lr 0.02454792921248146 acc 58.59% eta 0:27:39
2023-04-06 18:29:34,509 - __main__ - INFO - [INFO] 2023-04-06 18:29:34.509714 Epoch [68/100] batch [385/391] loss 1.3320 lr 0.02454792921248146 acc 67.19% eta 0:26:42
2023-04-06 18:29:35,419 - __main__ - INFO - Computing epoch 68 validation accuracy...
2023-04-06 18:29:39,646 - __main__ - INFO - Computing epoch 68 validation loss...
2023-04-06 18:29:44,155 - __main__ - INFO - [INFO] 2023-04-06 18:29:44.155188 Epoch [69/100] batch [1/391] loss 1.3047 lr 0.02320866025105018 acc 67.97% eta 0:26:53
2023-04-06 18:30:03,377 - __main__ - INFO - [INFO] 2023-04-06 18:30:03.377810 Epoch [69/100] batch [129/391] loss 1.2129 lr 0.02320866025105018 acc 73.44% eta 0:25:09
2023-04-06 18:30:23,145 - __main__ - INFO - [INFO] 2023-04-06 18:30:23.145086 Epoch [69/100] batch [257/391] loss 1.5283 lr 0.02320866025105018 acc 67.97% eta 0:24:47
2023-04-06 18:30:42,880 - __main__ - INFO - [INFO] 2023-04-06 18:30:42.880644 Epoch [69/100] batch [385/391] loss 1.5986 lr 0.02320866025105018 acc 66.41% eta 0:24:23
2023-04-06 18:30:43,776 - __main__ - INFO - Computing epoch 69 validation accuracy...
2023-04-06 18:30:47,982 - __main__ - INFO - Computing epoch 69 validation loss...
2023-04-06 18:30:52,484 - __main__ - INFO - [INFO] 2023-04-06 18:30:52.483900 Epoch [70/100] batch [1/391] loss 1.2695 lr 0.021895831107393487 acc 68.75% eta 0:26:38
2023-04-06 18:31:11,595 - __main__ - INFO - [INFO] 2023-04-06 18:31:11.595371 Epoch [70/100] batch [129/391] loss 1.4502 lr 0.021895831107393487 acc 67.19% eta 0:24:31
2023-04-06 18:31:32,207 - __main__ - INFO - [INFO] 2023-04-06 18:31:32.207030 Epoch [70/100] batch [257/391] loss 1.2715 lr 0.021895831107393487 acc 71.09% eta 0:24:57
2023-04-06 18:31:53,029 - __main__ - INFO - [INFO] 2023-04-06 18:31:53.028955 Epoch [70/100] batch [385/391] loss 1.5518 lr 0.021895831107393487 acc 63.28% eta 0:25:00
2023-04-06 18:31:53,931 - __main__ - INFO - Computing epoch 70 validation accuracy...
2023-04-06 18:31:58,782 - __main__ - INFO - Computing epoch 70 validation loss...
2023-04-06 18:32:03,349 - __main__ - INFO - [INFO] 2023-04-06 18:32:03.349661 Epoch [71/100] batch [1/391] loss 1.3945 lr 0.02061073738537637 acc 61.72% eta 0:26:01
2023-04-06 18:32:22,429 - __main__ - INFO - [INFO] 2023-04-06 18:32:22.429203 Epoch [71/100] batch [129/391] loss 1.4727 lr 0.02061073738537637 acc 64.84% eta 0:23:32
2023-04-06 18:32:42,375 - __main__ - INFO - [INFO] 2023-04-06 18:32:42.375524 Epoch [71/100] batch [257/391] loss 1.2334 lr 0.02061073738537637 acc 67.97% eta 0:23:17
2023-04-06 18:33:02,282 - __main__ - INFO - [INFO] 2023-04-06 18:33:02.282729 Epoch [71/100] batch [385/391] loss 1.2920 lr 0.02061073738537637 acc 69.53% eta 0:23:00
2023-04-06 18:33:03,184 - __main__ - INFO - Computing epoch 71 validation accuracy...
2023-04-06 18:33:07,380 - __main__ - INFO - Computing epoch 71 validation loss...
2023-04-06 18:33:11,850 - __main__ - INFO - [INFO] 2023-04-06 18:33:11.850582 Epoch [72/100] batch [1/391] loss 1.1992 lr 0.01935464731735119 acc 68.75% eta 0:25:03
2023-04-06 18:33:30,997 - __main__ - INFO - [INFO] 2023-04-06 18:33:30.997356 Epoch [72/100] batch [129/391] loss 1.3018 lr 0.01935464731735119 acc 67.19% eta 0:22:42
2023-04-06 18:33:50,517 - __main__ - INFO - [INFO] 2023-04-06 18:33:50.517314 Epoch [72/100] batch [257/391] loss 1.2227 lr 0.01935464731735119 acc 67.97% eta 0:22:30
2023-04-06 18:34:10,367 - __main__ - INFO - [INFO] 2023-04-06 18:34:10.367748 Epoch [72/100] batch [385/391] loss 1.2178 lr 0.01935464731735119 acc 69.53% eta 0:22:11
2023-04-06 18:34:11,323 - __main__ - INFO - Computing epoch 72 validation accuracy...
2023-04-06 18:34:15,494 - __main__ - INFO - Computing epoch 72 validation loss...
2023-04-06 18:34:19,945 - __main__ - INFO - [INFO] 2023-04-06 18:34:19.945781 Epoch [73/100] batch [1/391] loss 1.4131 lr 0.018128800512565532 acc 67.97% eta 0:23:08
2023-04-06 18:34:39,049 - __main__ - INFO - [INFO] 2023-04-06 18:34:39.049650 Epoch [73/100] batch [129/391] loss 1.2490 lr 0.018128800512565532 acc 70.31% eta 0:21:56
2023-04-06 18:34:58,870 - __main__ - INFO - [INFO] 2023-04-06 18:34:58.869994 Epoch [73/100] batch [257/391] loss 1.3350 lr 0.018128800512565532 acc 67.19% eta 0:21:35
2023-04-06 18:35:18,715 - __main__ - INFO - [INFO] 2023-04-06 18:35:18.714870 Epoch [73/100] batch [385/391] loss 1.2178 lr 0.018128800512565532 acc 73.44% eta 0:21:20
2023-04-06 18:35:19,615 - __main__ - INFO - Computing epoch 73 validation accuracy...
2023-04-06 18:35:23,836 - __main__ - INFO - Computing epoch 73 validation loss...
2023-04-06 18:35:29,140 - __main__ - INFO - [INFO] 2023-04-06 18:35:29.140748 Epoch [74/100] batch [1/391] loss 1.3076 lr 0.016934406733817433 acc 68.75% eta 0:23:34
2023-04-06 18:35:48,628 - __main__ - INFO - [INFO] 2023-04-06 18:35:48.628199 Epoch [74/100] batch [129/391] loss 1.1250 lr 0.016934406733817433 acc 73.44% eta 0:21:45
2023-04-06 18:36:10,441 - __main__ - INFO - [INFO] 2023-04-06 18:36:10.441688 Epoch [74/100] batch [257/391] loss 1.3643 lr 0.016934406733817433 acc 69.53% eta 0:22:55
2023-04-06 18:36:30,599 - __main__ - INFO - [INFO] 2023-04-06 18:36:30.599495 Epoch [74/100] batch [385/391] loss 1.1484 lr 0.016934406733817433 acc 64.84% eta 0:22:12
2023-04-06 18:36:31,493 - __main__ - INFO - Computing epoch 74 validation accuracy...
2023-04-06 18:36:35,721 - __main__ - INFO - Computing epoch 74 validation loss...
2023-04-06 18:36:40,134 - __main__ - INFO - [INFO] 2023-04-06 18:36:40.134248 Epoch [75/100] batch [1/391] loss 1.1953 lr 0.01577264470356558 acc 68.75% eta 0:22:14
2023-04-06 18:36:59,091 - __main__ - INFO - [INFO] 2023-04-06 18:36:59.091817 Epoch [75/100] batch [129/391] loss 1.4102 lr 0.01577264470356558 acc 71.09% eta 0:20:16
2023-04-06 18:37:18,826 - __main__ - INFO - [INFO] 2023-04-06 18:37:18.826512 Epoch [75/100] batch [257/391] loss 1.0957 lr 0.01577264470356558 acc 75.78% eta 0:19:54
2023-04-06 18:37:38,861 - __main__ - INFO - [INFO] 2023-04-06 18:37:38.861249 Epoch [75/100] batch [385/391] loss 1.2051 lr 0.01577264470356558 acc 67.97% eta 0:19:40
2023-04-06 18:37:39,765 - __main__ - INFO - Computing epoch 75 validation accuracy...
2023-04-06 18:37:43,968 - __main__ - INFO - Computing epoch 75 validation loss...
2023-04-06 18:37:48,310 - __main__ - INFO - [INFO] 2023-04-06 18:37:48.309980 Epoch [76/100] batch [1/391] loss 1.2432 lr 0.014644660940672643 acc 70.31% eta 0:20:14
2023-04-06 18:38:07,924 - __main__ - INFO - [INFO] 2023-04-06 18:38:07.924569 Epoch [76/100] batch [129/391] loss 0.9014 lr 0.014644660940672643 acc 81.25% eta 0:20:09
2023-04-06 18:38:27,765 - __main__ - INFO - [INFO] 2023-04-06 18:38:27.765302 Epoch [76/100] batch [257/391] loss 1.0459 lr 0.014644660940672643 acc 76.56% eta 0:19:33
2023-04-06 18:38:47,644 - __main__ - INFO - [INFO] 2023-04-06 18:38:47.644776 Epoch [76/100] batch [385/391] loss 1.2930 lr 0.014644660940672643 acc 67.19% eta 0:19:11
2023-04-06 18:38:48,556 - __main__ - INFO - Computing epoch 76 validation accuracy...
2023-04-06 18:38:52,757 - __main__ - INFO - Computing epoch 76 validation loss...
2023-04-06 18:38:57,249 - __main__ - INFO - [INFO] 2023-04-06 18:38:57.249557 Epoch [77/100] batch [1/391] loss 1.1396 lr 0.013551568628929448 acc 68.75% eta 0:20:41
2023-04-06 18:39:16,379 - __main__ - INFO - [INFO] 2023-04-06 18:39:16.379052 Epoch [77/100] batch [129/391] loss 1.3809 lr 0.013551568628929448 acc 62.50% eta 0:18:38
2023-04-06 18:39:36,331 - __main__ - INFO - [INFO] 2023-04-06 18:39:36.331122 Epoch [77/100] batch [257/391] loss 1.2822 lr 0.013551568628929448 acc 67.19% eta 0:18:20
2023-04-06 18:39:57,009 - __main__ - INFO - [INFO] 2023-04-06 18:39:57.009298 Epoch [77/100] batch [385/391] loss 1.0420 lr 0.013551568628929448 acc 75.78% eta 0:18:31
2023-04-06 18:39:58,000 - __main__ - INFO - Computing epoch 77 validation accuracy...
2023-04-06 18:40:02,697 - __main__ - INFO - Computing epoch 77 validation loss...
2023-04-06 18:40:07,079 - __main__ - INFO - [INFO] 2023-04-06 18:40:07.079148 Epoch [78/100] batch [1/391] loss 1.2109 lr 0.012494446518477033 acc 68.75% eta 0:19:41
2023-04-06 18:40:27,594 - __main__ - INFO - [INFO] 2023-04-06 18:40:27.594782 Epoch [78/100] batch [129/391] loss 1.2793 lr 0.012494446518477033 acc 67.19% eta 0:19:34
2023-04-06 18:40:47,890 - __main__ - INFO - [INFO] 2023-04-06 18:40:47.890715 Epoch [78/100] batch [257/391] loss 1.2197 lr 0.012494446518477033 acc 73.44% eta 0:18:54
2023-04-06 18:41:07,755 - __main__ - INFO - [INFO] 2023-04-06 18:41:07.754852 Epoch [78/100] batch [385/391] loss 1.1963 lr 0.012494446518477033 acc 69.53% eta 0:18:12
2023-04-06 18:41:08,648 - __main__ - INFO - Computing epoch 78 validation accuracy...
2023-04-06 18:41:12,854 - __main__ - INFO - Computing epoch 78 validation loss...
2023-04-06 18:41:17,265 - __main__ - INFO - [INFO] 2023-04-06 18:41:17.265342 Epoch [79/100] batch [1/391] loss 1.2793 lr 0.011474337861210555 acc 74.22% eta 0:17:53
2023-04-06 18:41:36,238 - __main__ - INFO - [INFO] 2023-04-06 18:41:36.238713 Epoch [79/100] batch [129/391] loss 1.0879 lr 0.011474337861210555 acc 76.56% eta 0:17:09
2023-04-06 18:41:55,952 - __main__ - INFO - [INFO] 2023-04-06 18:41:55.952303 Epoch [79/100] batch [257/391] loss 1.1846 lr 0.011474337861210555 acc 72.66% eta 0:16:49
2023-04-06 18:42:15,632 - __main__ - INFO - [INFO] 2023-04-06 18:42:15.632009 Epoch [79/100] batch [385/391] loss 1.2295 lr 0.011474337861210555 acc 73.44% eta 0:16:35
2023-04-06 18:42:16,526 - __main__ - INFO - Computing epoch 79 validation accuracy...
2023-04-06 18:42:20,850 - __main__ - INFO - Computing epoch 79 validation loss...
2023-04-06 18:42:25,182 - __main__ - INFO - [INFO] 2023-04-06 18:42:25.182183 Epoch [80/100] batch [1/391] loss 0.9878 lr 0.01049224938121549 acc 78.12% eta 0:18:06
2023-04-06 18:42:44,355 - __main__ - INFO - [INFO] 2023-04-06 18:42:44.355548 Epoch [80/100] batch [129/391] loss 1.1387 lr 0.01049224938121549 acc 75.00% eta 0:16:29
2023-04-06 18:43:04,145 - __main__ - INFO - [INFO] 2023-04-06 18:43:04.144844 Epoch [80/100] batch [257/391] loss 1.1377 lr 0.01049224938121549 acc 71.09% eta 0:16:08
2023-04-06 18:43:23,947 - __main__ - INFO - [INFO] 2023-04-06 18:43:23.947110 Epoch [80/100] batch [385/391] loss 1.1562 lr 0.01049224938121549 acc 78.12% eta 0:15:48
2023-04-06 18:43:24,825 - __main__ - INFO - Computing epoch 80 validation accuracy...
2023-04-06 18:43:29,082 - __main__ - INFO - Computing epoch 80 validation loss...
2023-04-06 18:43:33,591 - __main__ - INFO - [INFO] 2023-04-06 18:43:33.591575 Epoch [81/100] batch [1/391] loss 1.0166 lr 0.009549150281252642 acc 72.66% eta 0:16:47
2023-04-06 18:43:54,044 - __main__ - INFO - [INFO] 2023-04-06 18:43:54.044638 Epoch [81/100] batch [129/391] loss 0.9780 lr 0.009549150281252642 acc 78.91% eta 0:17:07
2023-04-06 18:44:14,079 - __main__ - INFO - [INFO] 2023-04-06 18:44:14.079507 Epoch [81/100] batch [257/391] loss 1.1826 lr 0.009549150281252642 acc 75.78% eta 0:16:21
2023-04-06 18:44:34,836 - __main__ - INFO - [INFO] 2023-04-06 18:44:34.836440 Epoch [81/100] batch [385/391] loss 1.1387 lr 0.009549150281252642 acc 73.44% eta 0:16:05
2023-04-06 18:44:35,761 - __main__ - INFO - Computing epoch 81 validation accuracy...
2023-04-06 18:44:40,076 - __main__ - INFO - Computing epoch 81 validation loss...
2023-04-06 18:44:44,569 - __main__ - INFO - [INFO] 2023-04-06 18:44:44.568849 Epoch [82/100] batch [1/391] loss 0.9390 lr 0.008645971286271922 acc 71.88% eta 0:17:34
2023-04-06 18:45:03,542 - __main__ - INFO - [INFO] 2023-04-06 18:45:03.542604 Epoch [82/100] batch [129/391] loss 1.2324 lr 0.008645971286271922 acc 67.19% eta 0:14:36
2023-04-06 18:45:23,400 - __main__ - INFO - [INFO] 2023-04-06 18:45:23.400361 Epoch [82/100] batch [257/391] loss 1.0459 lr 0.008645971286271922 acc 75.00% eta 0:14:26
2023-04-06 18:45:43,300 - __main__ - INFO - [INFO] 2023-04-06 18:45:43.299491 Epoch [82/100] batch [385/391] loss 1.1787 lr 0.008645971286271922 acc 69.53% eta 0:14:13
2023-04-06 18:45:44,241 - __main__ - INFO - Computing epoch 82 validation accuracy...
2023-04-06 18:45:48,470 - __main__ - INFO - Computing epoch 82 validation loss...
2023-04-06 18:45:52,908 - __main__ - INFO - [INFO] 2023-04-06 18:45:52.908191 Epoch [83/100] batch [1/391] loss 0.9473 lr 0.007783603724899264 acc 76.56% eta 0:14:43
2023-04-06 18:46:12,052 - __main__ - INFO - [INFO] 2023-04-06 18:46:12.052573 Epoch [83/100] batch [129/391] loss 1.0771 lr 0.007783603724899264 acc 71.09% eta 0:14:09
2023-04-06 18:46:31,788 - __main__ - INFO - [INFO] 2023-04-06 18:46:31.788274 Epoch [83/100] batch [257/391] loss 0.9321 lr 0.007783603724899264 acc 77.34% eta 0:13:41
2023-04-06 18:46:51,574 - __main__ - INFO - [INFO] 2023-04-06 18:46:51.574316 Epoch [83/100] batch [385/391] loss 1.1924 lr 0.007783603724899264 acc 75.00% eta 0:13:24
2023-04-06 18:46:52,471 - __main__ - INFO - Computing epoch 83 validation accuracy...
2023-04-06 18:46:56,621 - __main__ - INFO - Computing epoch 83 validation loss...
2023-04-06 18:47:01,069 - __main__ - INFO - [INFO] 2023-04-06 18:47:01.068893 Epoch [84/100] batch [1/391] loss 1.1338 lr 0.006962898649802819 acc 74.22% eta 0:14:42
2023-04-06 18:47:21,322 - __main__ - INFO - [INFO] 2023-04-06 18:47:21.322292 Epoch [84/100] batch [129/391] loss 1.0459 lr 0.006962898649802819 acc 76.56% eta 0:14:19
2023-04-06 18:47:41,341 - __main__ - INFO - [INFO] 2023-04-06 18:47:41.341361 Epoch [84/100] batch [257/391] loss 1.0361 lr 0.006962898649802819 acc 75.78% eta 0:13:41
2023-04-06 18:48:01,910 - __main__ - INFO - [INFO] 2023-04-06 18:48:01.910528 Epoch [84/100] batch [385/391] loss 0.9297 lr 0.006962898649802819 acc 75.78% eta 0:13:27
2023-04-06 18:48:02,790 - __main__ - INFO - Computing epoch 84 validation accuracy...
2023-04-06 18:48:07,043 - __main__ - INFO - Computing epoch 84 validation loss...
2023-04-06 18:48:11,376 - __main__ - INFO - [INFO] 2023-04-06 18:48:11.376001 Epoch [85/100] batch [1/391] loss 0.8843 lr 0.0061846659978068265 acc 79.69% eta 0:12:45
2023-04-06 18:48:30,645 - __main__ - INFO - [INFO] 2023-04-06 18:48:30.645473 Epoch [85/100] batch [129/391] loss 0.8584 lr 0.0061846659978068265 acc 77.34% eta 0:12:32
2023-04-06 18:48:50,338 - __main__ - INFO - [INFO] 2023-04-06 18:48:50.338040 Epoch [85/100] batch [257/391] loss 0.6616 lr 0.0061846659978068265 acc 78.91% eta 0:12:05
2023-04-06 18:49:10,193 - __main__ - INFO - [INFO] 2023-04-06 18:49:10.192938 Epoch [85/100] batch [385/391] loss 1.0244 lr 0.0061846659978068265 acc 75.78% eta 0:11:48
2023-04-06 18:49:11,112 - __main__ - INFO - Computing epoch 85 validation accuracy...
2023-04-06 18:49:15,431 - __main__ - INFO - Computing epoch 85 validation loss...
2023-04-06 18:49:19,911 - __main__ - INFO - [INFO] 2023-04-06 18:49:19.910953 Epoch [86/100] batch [1/391] loss 0.8721 lr 0.005449673790581615 acc 82.03% eta 0:12:52
2023-04-06 18:49:38,812 - __main__ - INFO - [INFO] 2023-04-06 18:49:38.812643 Epoch [86/100] batch [129/391] loss 0.9102 lr 0.005449673790581615 acc 78.12% eta 0:11:32
2023-04-06 18:49:58,091 - __main__ - INFO - [INFO] 2023-04-06 18:49:58.091173 Epoch [86/100] batch [257/391] loss 0.9897 lr 0.005449673790581615 acc 75.78% eta 0:11:12
2023-04-06 18:50:17,681 - __main__ - INFO - [INFO] 2023-04-06 18:50:17.681491 Epoch [86/100] batch [385/391] loss 1.0303 lr 0.005449673790581615 acc 74.22% eta 0:10:57
2023-04-06 18:50:18,556 - __main__ - INFO - Computing epoch 86 validation accuracy...
2023-04-06 18:50:22,908 - __main__ - INFO - Computing epoch 86 validation loss...
2023-04-06 18:50:27,360 - __main__ - INFO - [INFO] 2023-04-06 18:50:27.360666 Epoch [87/100] batch [1/391] loss 0.8145 lr 0.004758647376699036 acc 79.69% eta 0:11:26
2023-04-06 18:50:46,280 - __main__ - INFO - [INFO] 2023-04-06 18:50:46.280485 Epoch [87/100] batch [129/391] loss 0.8179 lr 0.004758647376699036 acc 82.81% eta 0:10:39
2023-04-06 18:51:06,079 - __main__ - INFO - [INFO] 2023-04-06 18:51:06.079012 Epoch [87/100] batch [257/391] loss 0.9189 lr 0.004758647376699036 acc 76.56% eta 0:10:23
2023-04-06 18:51:25,887 - __main__ - INFO - [INFO] 2023-04-06 18:51:25.887614 Epoch [87/100] batch [385/391] loss 1.1055 lr 0.004758647376699036 acc 70.31% eta 0:10:09
2023-04-06 18:51:26,766 - __main__ - INFO - Computing epoch 87 validation accuracy...
2023-04-06 18:51:30,900 - __main__ - INFO - Computing epoch 87 validation loss...
2023-04-06 18:51:35,290 - __main__ - INFO - [INFO] 2023-04-06 18:51:35.290545 Epoch [88/100] batch [1/391] loss 0.7969 lr 0.004112268715800957 acc 79.69% eta 0:10:49
2023-04-06 18:51:54,152 - __main__ - INFO - [INFO] 2023-04-06 18:51:54.152511 Epoch [88/100] batch [129/391] loss 0.7920 lr 0.004112268715800957 acc 78.91% eta 0:09:55
2023-04-06 18:52:14,033 - __main__ - INFO - [INFO] 2023-04-06 18:52:14.033723 Epoch [88/100] batch [257/391] loss 0.8823 lr 0.004112268715800957 acc 79.69% eta 0:09:44
2023-04-06 18:52:33,602 - __main__ - INFO - [INFO] 2023-04-06 18:52:33.602489 Epoch [88/100] batch [385/391] loss 0.7935 lr 0.004112268715800957 acc 84.38% eta 0:09:24
2023-04-06 18:52:34,487 - __main__ - INFO - Computing epoch 88 validation accuracy...
2023-04-06 18:52:38,734 - __main__ - INFO - Computing epoch 88 validation loss...
2023-04-06 18:52:43,087 - __main__ - INFO - [INFO] 2023-04-06 18:52:43.087133 Epoch [89/100] batch [1/391] loss 0.8682 lr 0.003511175705587435 acc 82.81% eta 0:10:18
2023-04-06 18:53:02,309 - __main__ - INFO - [INFO] 2023-04-06 18:53:02.309703 Epoch [89/100] batch [129/391] loss 0.8569 lr 0.003511175705587435 acc 81.25% eta 0:09:19
2023-04-06 18:53:21,771 - __main__ - INFO - [INFO] 2023-04-06 18:53:21.771237 Epoch [89/100] batch [257/391] loss 0.8208 lr 0.003511175705587435 acc 79.69% eta 0:08:57
2023-04-06 18:53:41,528 - __main__ - INFO - [INFO] 2023-04-06 18:53:41.527908 Epoch [89/100] batch [385/391] loss 0.8174 lr 0.003511175705587435 acc 82.81% eta 0:08:41
2023-04-06 18:53:42,409 - __main__ - INFO - Computing epoch 89 validation accuracy...
2023-04-06 18:53:46,621 - __main__ - INFO - Computing epoch 89 validation loss...
2023-04-06 18:53:50,901 - __main__ - INFO - [INFO] 2023-04-06 18:53:50.901207 Epoch [90/100] batch [1/391] loss 0.8066 lr 0.0029559615522887295 acc 82.81% eta 0:09:10
2023-04-06 18:54:10,050 - __main__ - INFO - [INFO] 2023-04-06 18:54:10.049893 Epoch [90/100] batch [129/391] loss 0.7598 lr 0.0029559615522887295 acc 82.81% eta 0:08:22
2023-04-06 18:54:27,370 - __main__ - INFO - [INFO] 2023-04-06 18:54:27.370715 Epoch [90/100] batch [257/391] loss 0.8691 lr 0.0029559615522887295 acc 80.47% eta 0:08:05
2023-04-06 18:54:44,397 - __main__ - INFO - [INFO] 2023-04-06 18:54:44.397709 Epoch [90/100] batch [385/391] loss 0.7949 lr 0.0029559615522887295 acc 82.03% eta 0:07:46
2023-04-06 18:54:45,165 - __main__ - INFO - Computing epoch 90 validation accuracy...
2023-04-06 18:54:48,981 - __main__ - INFO - Computing epoch 90 validation loss...
2023-04-06 18:54:53,182 - __main__ - INFO - [INFO] 2023-04-06 18:54:53.181941 Epoch [91/100] batch [1/391] loss 0.7026 lr 0.0024471741852423253 acc 78.12% eta 0:08:12
2023-04-06 18:55:10,930 - __main__ - INFO - [INFO] 2023-04-06 18:55:10.929884 Epoch [91/100] batch [129/391] loss 0.8286 lr 0.0024471741852423253 acc 80.47% eta 0:07:33
2023-04-06 18:55:29,806 - __main__ - INFO - [INFO] 2023-04-06 18:55:29.806513 Epoch [91/100] batch [257/391] loss 0.7563 lr 0.0024471741852423253 acc 82.81% eta 0:07:20
2023-04-06 18:55:48,642 - __main__ - INFO - [INFO] 2023-04-06 18:55:48.642258 Epoch [91/100] batch [385/391] loss 0.9033 lr 0.0024471741852423253 acc 81.25% eta 0:07:05
2023-04-06 18:55:49,522 - __main__ - INFO - Computing epoch 91 validation accuracy...
2023-04-06 18:55:53,723 - __main__ - INFO - Computing epoch 91 validation loss...
2023-04-06 18:55:57,971 - __main__ - INFO - [INFO] 2023-04-06 18:55:57.971280 Epoch [92/100] batch [1/391] loss 0.7876 lr 0.0019853157161528537 acc 78.91% eta 0:07:18
2023-04-06 18:56:16,452 - __main__ - INFO - [INFO] 2023-04-06 18:56:16.452456 Epoch [92/100] batch [129/391] loss 0.7651 lr 0.0019853157161528537 acc 85.16% eta 0:06:43
2023-04-06 18:56:35,531 - __main__ - INFO - [INFO] 2023-04-06 18:56:35.531429 Epoch [92/100] batch [257/391] loss 0.6968 lr 0.0019853157161528537 acc 82.81% eta 0:06:32
2023-04-06 18:56:54,650 - __main__ - INFO - [INFO] 2023-04-06 18:56:54.649870 Epoch [92/100] batch [385/391] loss 0.7070 lr 0.0019853157161528537 acc 84.38% eta 0:06:17
2023-04-06 18:56:55,536 - __main__ - INFO - Computing epoch 92 validation accuracy...
2023-04-06 18:56:59,605 - __main__ - INFO - Computing epoch 92 validation loss...
2023-04-06 18:57:03,933 - __main__ - INFO - [INFO] 2023-04-06 18:57:03.933249 Epoch [93/100] batch [1/391] loss 0.6431 lr 0.0015708419435684529 acc 85.94% eta 0:07:44
2023-04-06 18:57:22,455 - __main__ - INFO - [INFO] 2023-04-06 18:57:22.454859 Epoch [93/100] batch [129/391] loss 0.7358 lr 0.0015708419435684529 acc 85.94% eta 0:05:57
2023-04-06 18:57:41,364 - __main__ - INFO - [INFO] 2023-04-06 18:57:41.364435 Epoch [93/100] batch [257/391] loss 0.6646 lr 0.0015708419435684529 acc 86.72% eta 0:05:44
2023-04-06 18:58:00,419 - __main__ - INFO - [INFO] 2023-04-06 18:58:00.419390 Epoch [93/100] batch [385/391] loss 0.5537 lr 0.0015708419435684529 acc 88.28% eta 0:05:29
2023-04-06 18:58:01,280 - __main__ - INFO - Computing epoch 93 validation accuracy...
2023-04-06 18:58:05,523 - __main__ - INFO - Computing epoch 93 validation loss...
2023-04-06 18:58:09,811 - __main__ - INFO - [INFO] 2023-04-06 18:58:09.811318 Epoch [94/100] batch [1/391] loss 0.6880 lr 0.0012041619030626347 acc 88.28% eta 0:05:45
2023-04-06 18:58:28,359 - __main__ - INFO - [INFO] 2023-04-06 18:58:28.359331 Epoch [94/100] batch [129/391] loss 0.7021 lr 0.0012041619030626347 acc 87.50% eta 0:05:13
2023-04-06 18:58:47,324 - __main__ - INFO - [INFO] 2023-04-06 18:58:47.324355 Epoch [94/100] batch [257/391] loss 0.6021 lr 0.0012041619030626347 acc 85.94% eta 0:04:57
2023-04-06 18:59:06,332 - __main__ - INFO - [INFO] 2023-04-06 18:59:06.331955 Epoch [94/100] batch [385/391] loss 0.6592 lr 0.0012041619030626347 acc 86.72% eta 0:04:44
2023-04-06 18:59:07,201 - __main__ - INFO - Computing epoch 94 validation accuracy...
2023-04-06 18:59:11,404 - __main__ - INFO - Computing epoch 94 validation loss...
2023-04-06 18:59:15,914 - __main__ - INFO - [INFO] 2023-04-06 18:59:15.913863 Epoch [95/100] batch [1/391] loss 0.6753 lr 0.0008856374635655646 acc 82.81% eta 0:05:47
2023-04-06 18:59:34,715 - __main__ - INFO - [INFO] 2023-04-06 18:59:34.714880 Epoch [95/100] batch [129/391] loss 0.7070 lr 0.0008856374635655646 acc 85.16% eta 0:04:30
2023-04-06 18:59:53,557 - __main__ - INFO - [INFO] 2023-04-06 18:59:53.557700 Epoch [95/100] batch [257/391] loss 0.7627 lr 0.0008856374635655646 acc 81.25% eta 0:04:12
2023-04-06 19:00:12,520 - __main__ - INFO - [INFO] 2023-04-06 19:00:12.520410 Epoch [95/100] batch [385/391] loss 0.7363 lr 0.0008856374635655646 acc 81.25% eta 0:03:59
2023-04-06 19:00:13,409 - __main__ - INFO - Computing epoch 95 validation accuracy...
2023-04-06 19:00:17,496 - __main__ - INFO - Computing epoch 95 validation loss...
2023-04-06 19:00:21,772 - __main__ - INFO - [INFO] 2023-04-06 19:00:21.772152 Epoch [96/100] batch [1/391] loss 0.9736 lr 0.0006155829702431174 acc 80.47% eta 0:04:13
2023-04-06 19:00:40,407 - __main__ - INFO - [INFO] 2023-04-06 19:00:40.407525 Epoch [96/100] batch [129/391] loss 0.7510 lr 0.0006155829702431174 acc 85.16% eta 0:03:44
2023-04-06 19:00:59,330 - __main__ - INFO - [INFO] 2023-04-06 19:00:59.330784 Epoch [96/100] batch [257/391] loss 0.7549 lr 0.0006155829702431174 acc 85.16% eta 0:03:26
2023-04-06 19:01:18,359 - __main__ - INFO - [INFO] 2023-04-06 19:01:18.358830 Epoch [96/100] batch [385/391] loss 0.7222 lr 0.0006155829702431174 acc 83.59% eta 0:03:10
2023-04-06 19:01:19,242 - __main__ - INFO - Computing epoch 96 validation accuracy...
2023-04-06 19:01:23,473 - __main__ - INFO - Computing epoch 96 validation loss...
2023-04-06 19:01:27,777 - __main__ - INFO - [INFO] 2023-04-06 19:01:27.777384 Epoch [97/100] batch [1/391] loss 0.8672 lr 0.00039426493427611206 acc 81.25% eta 0:03:24
2023-04-06 19:01:46,399 - __main__ - INFO - [INFO] 2023-04-06 19:01:46.399137 Epoch [97/100] batch [129/391] loss 0.7495 lr 0.00039426493427611206 acc 82.03% eta 0:02:51
2023-04-06 19:02:05,312 - __main__ - INFO - [INFO] 2023-04-06 19:02:05.312005 Epoch [97/100] batch [257/391] loss 0.6455 lr 0.00039426493427611206 acc 86.72% eta 0:02:37
2023-04-06 19:02:24,266 - __main__ - INFO - [INFO] 2023-04-06 19:02:24.266005 Epoch [97/100] batch [385/391] loss 0.6304 lr 0.00039426493427611206 acc 89.84% eta 0:02:22
2023-04-06 19:02:25,121 - __main__ - INFO - Computing epoch 97 validation accuracy...
2023-04-06 19:02:29,283 - __main__ - INFO - Computing epoch 97 validation loss...
2023-04-06 19:02:33,718 - __main__ - INFO - [INFO] 2023-04-06 19:02:33.718561 Epoch [98/100] batch [1/391] loss 0.6851 lr 0.00022190176984600036 acc 82.03% eta 0:02:21
2023-04-06 19:02:52,259 - __main__ - INFO - [INFO] 2023-04-06 19:02:52.259096 Epoch [98/100] batch [129/391] loss 0.5977 lr 0.00022190176984600036 acc 85.94% eta 0:02:05
2023-04-06 19:03:10,949 - __main__ - INFO - [INFO] 2023-04-06 19:03:10.949178 Epoch [98/100] batch [257/391] loss 0.6479 lr 0.00022190176984600036 acc 83.59% eta 0:01:49
2023-04-06 19:03:30,036 - __main__ - INFO - [INFO] 2023-04-06 19:03:30.036239 Epoch [98/100] batch [385/391] loss 0.6060 lr 0.00022190176984600036 acc 85.94% eta 0:01:34
2023-04-06 19:03:30,896 - __main__ - INFO - Computing epoch 98 validation accuracy...
2023-04-06 19:03:35,053 - __main__ - INFO - Computing epoch 98 validation loss...
2023-04-06 19:03:39,430 - __main__ - INFO - [INFO] 2023-04-06 19:03:39.430081 Epoch [99/100] batch [1/391] loss 0.6772 lr 9.866357858642213e-05 acc 86.72% eta 0:01:38
2023-04-06 19:03:57,713 - __main__ - INFO - [INFO] 2023-04-06 19:03:57.713129 Epoch [99/100] batch [129/391] loss 0.7524 lr 9.866357858642213e-05 acc 81.25% eta 0:01:17
2023-04-06 19:04:16,630 - __main__ - INFO - [INFO] 2023-04-06 19:04:16.630408 Epoch [99/100] batch [257/391] loss 0.7334 lr 9.866357858642213e-05 acc 82.81% eta 0:01:03
2023-04-06 19:04:35,473 - __main__ - INFO - [INFO] 2023-04-06 19:04:35.473359 Epoch [99/100] batch [385/391] loss 0.7402 lr 9.866357858642213e-05 acc 85.16% eta 0:00:47
2023-04-06 19:04:36,351 - __main__ - INFO - Computing epoch 99 validation accuracy...
2023-04-06 19:04:40,482 - __main__ - INFO - Computing epoch 99 validation loss...
2023-04-06 19:04:44,780 - __main__ - INFO - [INFO] 2023-04-06 19:04:44.779988 Epoch [100/100] batch [1/391] loss 0.5098 lr 2.4671981713420017e-05 acc 87.50% eta 0:00:50
2023-04-06 19:05:03,473 - __main__ - INFO - [INFO] 2023-04-06 19:05:03.473693 Epoch [100/100] batch [129/391] loss 0.6748 lr 2.4671981713420017e-05 acc 85.94% eta 0:00:31
2023-04-06 19:05:22,240 - __main__ - INFO - [INFO] 2023-04-06 19:05:22.240655 Epoch [100/100] batch [257/391] loss 0.8052 lr 2.4671981713420017e-05 acc 78.91% eta 0:00:16
2023-04-06 19:05:41,116 - __main__ - INFO - [INFO] 2023-04-06 19:05:41.116279 Epoch [100/100] batch [385/391] loss 0.8945 lr 2.4671981713420017e-05 acc 79.69% eta 0:00:00
2023-04-06 19:05:41,974 - __main__ - INFO - Computing epoch 100 validation accuracy...
2023-04-06 19:05:46,185 - __main__ - INFO - Computing epoch 100 validation loss...
2023-04-06 19:05:50,581 - __main__ - INFO - Reading testing data set cifar100
2023-04-06 19:05:51,378 - __main__ - INFO - Loading trained model...
2023-04-06 19:05:55,657 - __main__ - INFO - Testing acc : 70.56%.
