2023-04-09 19:49:44,738 - __main__ - INFO - 

2023-04-09 19:49:44,738 - __main__ - INFO - ***************
2023-04-09 19:49:44,738 - __main__ - INFO - ** Arguments **
2023-04-09 19:49:44,738 - __main__ - INFO - ***************
2023-04-09 19:49:44,738 - __main__ - INFO - backbone: resnet20
2023-04-09 19:49:44,738 - __main__ - INFO - dataname: cifar10
2023-04-09 19:49:44,738 - __main__ - INFO - drop_method: db
2023-04-09 19:49:44,738 - __main__ - INFO - drop_rate: 0.3
2023-04-09 19:49:44,738 - __main__ - INFO - eval_only: 0
2023-04-09 19:49:44,738 - __main__ - INFO - output_path: checkpoints/cifar10/resnet20/drop_db/rate_0.3/seed1
2023-04-09 19:49:44,738 - __main__ - INFO - part_rate: 0.1
2023-04-09 19:49:44,738 - __main__ - INFO - seed: 1
2023-04-09 19:49:44,738 - __main__ - INFO - weight_decay: 0.0005
2023-04-09 19:49:44,738 - __main__ - INFO - ************
2023-04-09 19:49:44,738 - __main__ - INFO - ** Config **
2023-04-09 19:49:44,738 - __main__ - INFO - ************
2023-04-09 19:49:44,739 - __main__ - INFO - {'DATALOADER': {'PATH': './data', 'DATANAME': 'cifar10', 'BATCH_SIZE': 128, 'NUM_CLASSES': 10}, 'INPUT': {'SIZE': [32, 32], 'PIXEL_MEAN': [0.4914, 0.4822, 0.4465], 'PIXEL_STD': [0.2023, 0.1994, 0.201]}, 'OUTPUT': {'DIR': 'checkpoints/cifar10/resnet20/drop_db/rate_0.3/seed1'}, 'SEED': 1, 'OPTIM': {'LR': 0.1, 'MAX_EPOCH': 100, 'LR_SCHEDULER': 'step', 'LR_MILESTONES': [20, 40, 80, 120, 140], 'LR_DECAY': 0.2, 'PART_RATE': 0.1, 'WEIGHT_DECAY': 0.0005, 'DROP_RATE': 0.3, 'DROP_METHOD': 'db', 'BLOCK_SIZE': 7}, 'MODEL': {'BACKBONE': 'resnet20'}}
2023-04-09 19:49:44,750 - __main__ - INFO - Reading training data set cifar10
2023-04-09 19:49:46,467 - __main__ - INFO - Loading raw model
2023-04-09 19:49:49,727 - __main__ - INFO - 
Saving everything to checkpoints/cifar10/resnet20/drop_db/rate_0.3/seed1
2023-04-09 19:49:49,729 - __main__ - INFO - Start training...
2023-04-09 19:49:54,986 - __main__ - INFO - [INFO] 2023-04-09 19:49:54.986395 Epoch [1/100] batch [1/391] loss 3.5820 lr 0.1 acc 9.38% eta 2 days, 8:58:31
2023-04-09 19:50:06,646 - __main__ - INFO - [INFO] 2023-04-09 19:50:06.646362 Epoch [1/100] batch [129/391] loss 1.7363 lr 0.1 acc 28.12% eta 1:20:15
2023-04-09 19:50:18,217 - __main__ - INFO - [INFO] 2023-04-09 19:50:18.217383 Epoch [1/100] batch [257/391] loss 1.5059 lr 0.1 acc 32.81% eta 1:06:46
2023-04-09 19:50:29,719 - __main__ - INFO - [INFO] 2023-04-09 19:50:29.718989 Epoch [1/100] batch [385/391] loss 1.5566 lr 0.1 acc 47.66% eta 1:02:06
2023-04-09 19:50:30,268 - __main__ - INFO - Computing epoch 1 validation accuracy...
2023-04-09 19:50:33,642 - __main__ - INFO - Computing epoch 1 validation loss...
2023-04-09 19:50:36,866 - __main__ - INFO - [INFO] 2023-04-09 19:50:36.865896 Epoch [2/100] batch [1/391] loss 1.3281 lr 0.09997532801828658 acc 52.34% eta 0:59:07
2023-04-09 19:50:48,400 - __main__ - INFO - [INFO] 2023-04-09 19:50:48.400597 Epoch [2/100] batch [129/391] loss 1.1279 lr 0.09997532801828658 acc 57.03% eta 0:53:11
2023-04-09 19:51:00,510 - __main__ - INFO - [INFO] 2023-04-09 19:51:00.509953 Epoch [2/100] batch [257/391] loss 1.1152 lr 0.09997532801828658 acc 58.59% eta 0:54:18
2023-04-09 19:51:12,078 - __main__ - INFO - [INFO] 2023-04-09 19:51:12.077835 Epoch [2/100] batch [385/391] loss 1.1221 lr 0.09997532801828658 acc 52.34% eta 0:53:45
2023-04-09 19:51:12,618 - __main__ - INFO - Computing epoch 2 validation accuracy...
2023-04-09 19:51:15,903 - __main__ - INFO - Computing epoch 2 validation loss...
2023-04-09 19:51:19,197 - __main__ - INFO - [INFO] 2023-04-09 19:51:19.196945 Epoch [3/100] batch [1/391] loss 1.1611 lr 0.09990133642141358 acc 47.66% eta 0:59:46
2023-04-09 19:51:30,861 - __main__ - INFO - [INFO] 2023-04-09 19:51:30.861711 Epoch [3/100] batch [129/391] loss 1.0547 lr 0.09990133642141358 acc 61.72% eta 0:53:17
2023-04-09 19:51:42,451 - __main__ - INFO - [INFO] 2023-04-09 19:51:42.450905 Epoch [3/100] batch [257/391] loss 1.0410 lr 0.09990133642141358 acc 58.59% eta 0:52:54
2023-04-09 19:51:53,999 - __main__ - INFO - [INFO] 2023-04-09 19:51:53.999355 Epoch [3/100] batch [385/391] loss 1.0732 lr 0.09990133642141358 acc 62.50% eta 0:52:34
2023-04-09 19:51:54,524 - __main__ - INFO - Computing epoch 3 validation accuracy...
2023-04-09 19:51:57,696 - __main__ - INFO - Computing epoch 3 validation loss...
2023-04-09 19:52:01,056 - __main__ - INFO - [INFO] 2023-04-09 19:52:01.055933 Epoch [4/100] batch [1/391] loss 0.8823 lr 0.099778098230154 acc 71.09% eta 0:57:59
2023-04-09 19:52:12,875 - __main__ - INFO - [INFO] 2023-04-09 19:52:12.874867 Epoch [4/100] batch [129/391] loss 1.1387 lr 0.099778098230154 acc 53.12% eta 0:53:24
2023-04-09 19:52:24,662 - __main__ - INFO - [INFO] 2023-04-09 19:52:24.661985 Epoch [4/100] batch [257/391] loss 0.9082 lr 0.099778098230154 acc 66.41% eta 0:53:07
2023-04-09 19:52:36,480 - __main__ - INFO - [INFO] 2023-04-09 19:52:36.480451 Epoch [4/100] batch [385/391] loss 0.7856 lr 0.099778098230154 acc 70.31% eta 0:52:58
2023-04-09 19:52:37,014 - __main__ - INFO - Computing epoch 4 validation accuracy...
2023-04-09 19:52:40,402 - __main__ - INFO - Computing epoch 4 validation loss...
2023-04-09 19:52:43,623 - __main__ - INFO - [INFO] 2023-04-09 19:52:43.623250 Epoch [5/100] batch [1/391] loss 0.7881 lr 0.0996057350657239 acc 67.19% eta 0:56:55
2023-04-09 19:52:55,217 - __main__ - INFO - [INFO] 2023-04-09 19:52:55.217430 Epoch [5/100] batch [129/391] loss 0.8003 lr 0.0996057350657239 acc 64.84% eta 0:51:50
2023-04-09 19:53:06,935 - __main__ - INFO - [INFO] 2023-04-09 19:53:06.935614 Epoch [5/100] batch [257/391] loss 0.8179 lr 0.0996057350657239 acc 57.03% eta 0:51:53
2023-04-09 19:53:18,617 - __main__ - INFO - [INFO] 2023-04-09 19:53:18.617678 Epoch [5/100] batch [385/391] loss 0.9639 lr 0.0996057350657239 acc 71.88% eta 0:51:46
2023-04-09 19:53:19,156 - __main__ - INFO - Computing epoch 5 validation accuracy...
2023-04-09 19:53:22,414 - __main__ - INFO - Computing epoch 5 validation loss...
2023-04-09 19:53:25,675 - __main__ - INFO - [INFO] 2023-04-09 19:53:25.675319 Epoch [6/100] batch [1/391] loss 0.7695 lr 0.09938441702975688 acc 71.09% eta 0:58:19
2023-04-09 19:53:37,287 - __main__ - INFO - [INFO] 2023-04-09 19:53:37.287723 Epoch [6/100] batch [129/391] loss 0.9097 lr 0.09938441702975688 acc 59.38% eta 0:51:23
2023-04-09 19:53:48,979 - __main__ - INFO - [INFO] 2023-04-09 19:53:48.979219 Epoch [6/100] batch [257/391] loss 0.7632 lr 0.09938441702975688 acc 72.66% eta 0:51:24
2023-04-09 19:54:00,907 - __main__ - INFO - [INFO] 2023-04-09 19:54:00.907619 Epoch [6/100] batch [385/391] loss 0.9072 lr 0.09938441702975688 acc 66.41% eta 0:51:40
2023-04-09 19:54:01,464 - __main__ - INFO - Computing epoch 6 validation accuracy...
2023-04-09 19:54:04,743 - __main__ - INFO - Computing epoch 6 validation loss...
2023-04-09 19:54:08,172 - __main__ - INFO - [INFO] 2023-04-09 19:54:08.172076 Epoch [7/100] batch [1/391] loss 0.9258 lr 0.09911436253643444 acc 63.28% eta 0:56:49
2023-04-09 19:54:19,699 - __main__ - INFO - [INFO] 2023-04-09 19:54:19.699577 Epoch [7/100] batch [129/391] loss 0.7329 lr 0.09911436253643444 acc 62.50% eta 0:50:27
2023-04-09 19:54:31,328 - __main__ - INFO - [INFO] 2023-04-09 19:54:31.328650 Epoch [7/100] batch [257/391] loss 0.7642 lr 0.09911436253643444 acc 64.84% eta 0:50:29
2023-04-09 19:54:43,029 - __main__ - INFO - [INFO] 2023-04-09 19:54:43.029639 Epoch [7/100] batch [385/391] loss 0.8184 lr 0.09911436253643444 acc 67.19% eta 0:50:28
2023-04-09 19:54:43,557 - __main__ - INFO - Computing epoch 7 validation accuracy...
2023-04-09 19:54:46,772 - __main__ - INFO - Computing epoch 7 validation loss...
2023-04-09 19:54:49,996 - __main__ - INFO - [INFO] 2023-04-09 19:54:49.995834 Epoch [8/100] batch [1/391] loss 0.6377 lr 0.09879583809693737 acc 78.12% eta 0:55:42
2023-04-09 19:55:01,629 - __main__ - INFO - [INFO] 2023-04-09 19:55:01.629572 Epoch [8/100] batch [129/391] loss 0.5669 lr 0.09879583809693737 acc 71.88% eta 0:50:22
2023-04-09 19:55:13,530 - __main__ - INFO - [INFO] 2023-04-09 19:55:13.530473 Epoch [8/100] batch [257/391] loss 0.6924 lr 0.09879583809693737 acc 67.19% eta 0:50:47
2023-04-09 19:55:25,360 - __main__ - INFO - [INFO] 2023-04-09 19:55:25.360587 Epoch [8/100] batch [385/391] loss 0.9771 lr 0.09879583809693737 acc 63.28% eta 0:50:42
2023-04-09 19:55:25,890 - __main__ - INFO - Computing epoch 8 validation accuracy...
2023-04-09 19:55:29,148 - __main__ - INFO - Computing epoch 8 validation loss...
2023-04-09 19:55:32,485 - __main__ - INFO - [INFO] 2023-04-09 19:55:32.485351 Epoch [9/100] batch [1/391] loss 0.5718 lr 0.09842915805643156 acc 74.22% eta 0:52:32
2023-04-09 19:55:44,170 - __main__ - INFO - [INFO] 2023-04-09 19:55:44.170312 Epoch [9/100] batch [129/391] loss 0.6094 lr 0.09842915805643156 acc 75.00% eta 0:50:01
2023-04-09 19:55:55,777 - __main__ - INFO - [INFO] 2023-04-09 19:55:55.777690 Epoch [9/100] batch [257/391] loss 0.7544 lr 0.09842915805643156 acc 67.97% eta 0:49:45
2023-04-09 19:56:07,477 - __main__ - INFO - [INFO] 2023-04-09 19:56:07.477093 Epoch [9/100] batch [385/391] loss 0.5435 lr 0.09842915805643156 acc 79.69% eta 0:49:37
2023-04-09 19:56:08,050 - __main__ - INFO - Computing epoch 9 validation accuracy...
2023-04-09 19:56:11,263 - __main__ - INFO - Computing epoch 9 validation loss...
2023-04-09 19:56:14,498 - __main__ - INFO - [INFO] 2023-04-09 19:56:14.498109 Epoch [10/100] batch [1/391] loss 0.8154 lr 0.09801468428384716 acc 68.75% eta 0:51:35
2023-04-09 19:56:26,138 - __main__ - INFO - [INFO] 2023-04-09 19:56:26.138770 Epoch [10/100] batch [129/391] loss 0.7485 lr 0.09801468428384716 acc 71.09% eta 0:49:17
2023-04-09 19:56:37,897 - __main__ - INFO - [INFO] 2023-04-09 19:56:37.897155 Epoch [10/100] batch [257/391] loss 0.6904 lr 0.09801468428384716 acc 73.44% eta 0:49:24
2023-04-09 19:56:49,606 - __main__ - INFO - [INFO] 2023-04-09 19:56:49.606431 Epoch [10/100] batch [385/391] loss 0.6309 lr 0.09801468428384716 acc 67.19% eta 0:49:13
2023-04-09 19:56:50,137 - __main__ - INFO - Computing epoch 10 validation accuracy...
2023-04-09 19:56:53,363 - __main__ - INFO - Computing epoch 10 validation loss...
2023-04-09 19:56:56,644 - __main__ - INFO - [INFO] 2023-04-09 19:56:56.644310 Epoch [11/100] batch [1/391] loss 0.4990 lr 0.09755282581475769 acc 81.25% eta 0:53:00
2023-04-09 19:57:08,383 - __main__ - INFO - [INFO] 2023-04-09 19:57:08.383388 Epoch [11/100] batch [129/391] loss 0.7617 lr 0.09755282581475769 acc 72.66% eta 0:49:12
2023-04-09 19:57:20,228 - __main__ - INFO - [INFO] 2023-04-09 19:57:20.227907 Epoch [11/100] batch [257/391] loss 0.7388 lr 0.09755282581475769 acc 77.34% eta 0:49:15
2023-04-09 19:57:31,859 - __main__ - INFO - [INFO] 2023-04-09 19:57:31.859332 Epoch [11/100] batch [385/391] loss 0.4746 lr 0.09755282581475769 acc 75.00% eta 0:48:51
2023-04-09 19:57:32,433 - __main__ - INFO - Computing epoch 11 validation accuracy...
2023-04-09 19:57:35,789 - __main__ - INFO - Computing epoch 11 validation loss...
2023-04-09 19:57:39,089 - __main__ - INFO - [INFO] 2023-04-09 19:57:39.089054 Epoch [12/100] batch [1/391] loss 0.7300 lr 0.09704403844771128 acc 62.50% eta 0:52:14
2023-04-09 19:57:50,715 - __main__ - INFO - [INFO] 2023-04-09 19:57:50.715489 Epoch [12/100] batch [129/391] loss 0.6475 lr 0.09704403844771128 acc 69.53% eta 0:48:11
2023-04-09 19:58:02,407 - __main__ - INFO - [INFO] 2023-04-09 19:58:02.406953 Epoch [12/100] batch [257/391] loss 0.5820 lr 0.09704403844771128 acc 79.69% eta 0:48:07
2023-04-09 19:58:13,931 - __main__ - INFO - [INFO] 2023-04-09 19:58:13.931165 Epoch [12/100] batch [385/391] loss 0.6885 lr 0.09704403844771128 acc 74.22% eta 0:47:43
2023-04-09 19:58:14,453 - __main__ - INFO - Computing epoch 12 validation accuracy...
2023-04-09 19:58:17,610 - __main__ - INFO - Computing epoch 12 validation loss...
2023-04-09 19:58:20,850 - __main__ - INFO - [INFO] 2023-04-09 19:58:20.849946 Epoch [13/100] batch [1/391] loss 0.6475 lr 0.09648882429441258 acc 71.09% eta 0:50:30
2023-04-09 19:58:32,415 - __main__ - INFO - [INFO] 2023-04-09 19:58:32.415316 Epoch [13/100] batch [129/391] loss 0.8003 lr 0.09648882429441258 acc 68.75% eta 0:47:24
2023-04-09 19:58:44,096 - __main__ - INFO - [INFO] 2023-04-09 19:58:44.096344 Epoch [13/100] batch [257/391] loss 0.7480 lr 0.09648882429441258 acc 75.78% eta 0:47:28
2023-04-09 19:58:55,919 - __main__ - INFO - [INFO] 2023-04-09 19:58:55.919749 Epoch [13/100] batch [385/391] loss 0.7241 lr 0.09648882429441258 acc 75.00% eta 0:47:33
2023-04-09 19:58:56,453 - __main__ - INFO - Computing epoch 13 validation accuracy...
2023-04-09 19:58:59,856 - __main__ - INFO - Computing epoch 13 validation loss...
2023-04-09 19:59:03,231 - __main__ - INFO - [INFO] 2023-04-09 19:59:03.231783 Epoch [14/100] batch [1/391] loss 0.4937 lr 0.09588773128419906 acc 78.12% eta 0:50:13
2023-04-09 19:59:14,924 - __main__ - INFO - [INFO] 2023-04-09 19:59:14.924260 Epoch [14/100] batch [129/391] loss 0.7349 lr 0.09588773128419906 acc 65.62% eta 0:47:28
2023-04-09 19:59:26,845 - __main__ - INFO - [INFO] 2023-04-09 19:59:26.845159 Epoch [14/100] batch [257/391] loss 0.6396 lr 0.09588773128419906 acc 76.56% eta 0:47:42
2023-04-09 19:59:38,373 - __main__ - INFO - [INFO] 2023-04-09 19:59:38.373552 Epoch [14/100] batch [385/391] loss 0.4727 lr 0.09588773128419906 acc 76.56% eta 0:47:08
2023-04-09 19:59:38,916 - __main__ - INFO - Computing epoch 14 validation accuracy...
2023-04-09 19:59:42,219 - __main__ - INFO - Computing epoch 14 validation loss...
2023-04-09 19:59:45,520 - __main__ - INFO - [INFO] 2023-04-09 19:59:45.519943 Epoch [15/100] batch [1/391] loss 0.5264 lr 0.09524135262330098 acc 73.44% eta 0:52:01
2023-04-09 19:59:57,298 - __main__ - INFO - [INFO] 2023-04-09 19:59:57.298207 Epoch [15/100] batch [129/391] loss 0.6714 lr 0.09524135262330098 acc 74.22% eta 0:47:10
2023-04-09 20:00:09,190 - __main__ - INFO - [INFO] 2023-04-09 20:00:09.190686 Epoch [15/100] batch [257/391] loss 0.5703 lr 0.09524135262330098 acc 82.81% eta 0:47:11
2023-04-09 20:00:20,727 - __main__ - INFO - [INFO] 2023-04-09 20:00:20.727429 Epoch [15/100] batch [385/391] loss 0.6680 lr 0.09524135262330098 acc 73.44% eta 0:46:36
2023-04-09 20:00:21,245 - __main__ - INFO - Computing epoch 15 validation accuracy...
2023-04-09 20:00:24,494 - __main__ - INFO - Computing epoch 15 validation loss...
2023-04-09 20:00:27,797 - __main__ - INFO - [INFO] 2023-04-09 20:00:27.797475 Epoch [16/100] batch [1/391] loss 0.5093 lr 0.0945503262094184 acc 69.53% eta 0:51:09
2023-04-09 20:00:39,483 - __main__ - INFO - [INFO] 2023-04-09 20:00:39.483034 Epoch [16/100] batch [129/391] loss 0.6699 lr 0.0945503262094184 acc 73.44% eta 0:46:09
2023-04-09 20:00:51,108 - __main__ - INFO - [INFO] 2023-04-09 20:00:51.108202 Epoch [16/100] batch [257/391] loss 0.5469 lr 0.0945503262094184 acc 80.47% eta 0:45:55
2023-04-09 20:01:02,695 - __main__ - INFO - [INFO] 2023-04-09 20:01:02.694863 Epoch [16/100] batch [385/391] loss 0.8501 lr 0.0945503262094184 acc 69.53% eta 0:45:40
2023-04-09 20:01:03,230 - __main__ - INFO - Computing epoch 16 validation accuracy...
2023-04-09 20:01:06,407 - __main__ - INFO - Computing epoch 16 validation loss...
2023-04-09 20:01:09,693 - __main__ - INFO - [INFO] 2023-04-09 20:01:09.693015 Epoch [17/100] batch [1/391] loss 0.5962 lr 0.09381533400219319 acc 77.34% eta 0:47:35
2023-04-09 20:01:21,245 - __main__ - INFO - [INFO] 2023-04-09 20:01:21.245781 Epoch [17/100] batch [129/391] loss 0.5449 lr 0.09381533400219319 acc 62.50% eta 0:45:08
2023-04-09 20:01:33,346 - __main__ - INFO - [INFO] 2023-04-09 20:01:33.345840 Epoch [17/100] batch [257/391] loss 0.6343 lr 0.09381533400219319 acc 78.91% eta 0:46:01
2023-04-09 20:01:44,953 - __main__ - INFO - [INFO] 2023-04-09 20:01:44.953411 Epoch [17/100] batch [385/391] loss 0.6396 lr 0.09381533400219319 acc 74.22% eta 0:45:35
2023-04-09 20:01:45,483 - __main__ - INFO - Computing epoch 17 validation accuracy...
2023-04-09 20:01:48,698 - __main__ - INFO - Computing epoch 17 validation loss...
2023-04-09 20:01:51,997 - __main__ - INFO - [INFO] 2023-04-09 20:01:51.997696 Epoch [18/100] batch [1/391] loss 0.4902 lr 0.0930371013501972 acc 75.78% eta 0:49:15
2023-04-09 20:02:03,782 - __main__ - INFO - [INFO] 2023-04-09 20:02:03.782457 Epoch [18/100] batch [129/391] loss 0.5903 lr 0.0930371013501972 acc 79.69% eta 0:45:37
2023-04-09 20:02:15,388 - __main__ - INFO - [INFO] 2023-04-09 20:02:15.388261 Epoch [18/100] batch [257/391] loss 0.5986 lr 0.0930371013501972 acc 82.03% eta 0:45:05
2023-04-09 20:02:27,148 - __main__ - INFO - [INFO] 2023-04-09 20:02:27.148820 Epoch [18/100] batch [385/391] loss 0.7788 lr 0.0930371013501972 acc 60.16% eta 0:44:57
2023-04-09 20:02:27,717 - __main__ - INFO - Computing epoch 18 validation accuracy...
2023-04-09 20:02:30,919 - __main__ - INFO - Computing epoch 18 validation loss...
2023-04-09 20:02:34,300 - __main__ - INFO - [INFO] 2023-04-09 20:02:34.300618 Epoch [19/100] batch [1/391] loss 0.4316 lr 0.09221639627510078 acc 71.88% eta 0:48:14
2023-04-09 20:02:45,974 - __main__ - INFO - [INFO] 2023-04-09 20:02:45.974462 Epoch [19/100] batch [129/391] loss 0.6245 lr 0.09221639627510078 acc 74.22% eta 0:44:33
2023-04-09 20:02:57,521 - __main__ - INFO - [INFO] 2023-04-09 20:02:57.521197 Epoch [19/100] batch [257/391] loss 0.6118 lr 0.09221639627510078 acc 80.47% eta 0:44:05
2023-04-09 20:03:09,494 - __main__ - INFO - [INFO] 2023-04-09 20:03:09.494671 Epoch [19/100] batch [385/391] loss 0.7759 lr 0.09221639627510078 acc 71.09% eta 0:44:24
2023-04-09 20:03:10,021 - __main__ - INFO - Computing epoch 19 validation accuracy...
2023-04-09 20:03:13,320 - __main__ - INFO - Computing epoch 19 validation loss...
2023-04-09 20:03:16,739 - __main__ - INFO - [INFO] 2023-04-09 20:03:16.739022 Epoch [20/100] batch [1/391] loss 0.5640 lr 0.09135402871372812 acc 75.00% eta 0:47:14
2023-04-09 20:03:28,524 - __main__ - INFO - [INFO] 2023-04-09 20:03:28.524446 Epoch [20/100] batch [129/391] loss 0.7456 lr 0.09135402871372812 acc 67.97% eta 0:44:30
2023-04-09 20:03:40,201 - __main__ - INFO - [INFO] 2023-04-09 20:03:40.201472 Epoch [20/100] batch [257/391] loss 0.4854 lr 0.09135402871372812 acc 78.91% eta 0:44:03
2023-04-09 20:03:52,039 - __main__ - INFO - [INFO] 2023-04-09 20:03:52.039083 Epoch [20/100] batch [385/391] loss 0.7480 lr 0.09135402871372812 acc 75.78% eta 0:43:59
2023-04-09 20:03:52,596 - __main__ - INFO - Computing epoch 20 validation accuracy...
2023-04-09 20:03:55,803 - __main__ - INFO - Computing epoch 20 validation loss...
2023-04-09 20:03:59,079 - __main__ - INFO - [INFO] 2023-04-09 20:03:59.079356 Epoch [21/100] batch [1/391] loss 0.6821 lr 0.09045084971874741 acc 64.06% eta 0:50:42
2023-04-09 20:04:10,768 - __main__ - INFO - [INFO] 2023-04-09 20:04:10.768251 Epoch [21/100] batch [129/391] loss 0.4878 lr 0.09045084971874741 acc 84.38% eta 0:43:38
2023-04-09 20:04:22,739 - __main__ - INFO - [INFO] 2023-04-09 20:04:22.739449 Epoch [21/100] batch [257/391] loss 0.6978 lr 0.09045084971874741 acc 71.88% eta 0:44:00
2023-04-09 20:04:34,409 - __main__ - INFO - [INFO] 2023-04-09 20:04:34.409539 Epoch [21/100] batch [385/391] loss 0.5518 lr 0.09045084971874741 acc 75.00% eta 0:43:33
2023-04-09 20:04:34,936 - __main__ - INFO - Computing epoch 21 validation accuracy...
2023-04-09 20:04:38,147 - __main__ - INFO - Computing epoch 21 validation loss...
2023-04-09 20:04:41,436 - __main__ - INFO - [INFO] 2023-04-09 20:04:41.436895 Epoch [22/100] batch [1/391] loss 0.5181 lr 0.08950775061878455 acc 80.47% eta 0:46:37
2023-04-09 20:04:52,979 - __main__ - INFO - [INFO] 2023-04-09 20:04:52.979788 Epoch [22/100] batch [129/391] loss 0.5391 lr 0.08950775061878455 acc 75.00% eta 0:42:29
2023-04-09 20:05:05,242 - __main__ - INFO - [INFO] 2023-04-09 20:05:05.242567 Epoch [22/100] batch [257/391] loss 0.5322 lr 0.08950775061878455 acc 80.47% eta 0:43:40
2023-04-09 20:05:17,120 - __main__ - INFO - [INFO] 2023-04-09 20:05:17.120237 Epoch [22/100] batch [385/391] loss 0.6475 lr 0.08950775061878455 acc 73.44% eta 0:43:25
2023-04-09 20:05:17,705 - __main__ - INFO - Computing epoch 22 validation accuracy...
2023-04-09 20:05:20,940 - __main__ - INFO - Computing epoch 22 validation loss...
2023-04-09 20:05:24,195 - __main__ - INFO - [INFO] 2023-04-09 20:05:24.195246 Epoch [23/100] batch [1/391] loss 0.5698 lr 0.0885256621387895 acc 78.91% eta 0:47:32
2023-04-09 20:05:35,779 - __main__ - INFO - [INFO] 2023-04-09 20:05:35.779400 Epoch [23/100] batch [129/391] loss 0.5029 lr 0.0885256621387895 acc 81.25% eta 0:42:06
2023-04-09 20:05:47,476 - __main__ - INFO - [INFO] 2023-04-09 20:05:47.476550 Epoch [23/100] batch [257/391] loss 0.5566 lr 0.0885256621387895 acc 76.56% eta 0:42:07
2023-04-09 20:05:59,204 - __main__ - INFO - [INFO] 2023-04-09 20:05:59.204001 Epoch [23/100] batch [385/391] loss 0.5430 lr 0.0885256621387895 acc 78.12% eta 0:42:03
2023-04-09 20:05:59,797 - __main__ - INFO - Computing epoch 23 validation accuracy...
2023-04-09 20:06:03,094 - __main__ - INFO - Computing epoch 23 validation loss...
2023-04-09 20:06:06,459 - __main__ - INFO - [INFO] 2023-04-09 20:06:06.459050 Epoch [24/100] batch [1/391] loss 0.5249 lr 0.08750555348152302 acc 78.12% eta 0:45:51
2023-04-09 20:06:18,476 - __main__ - INFO - [INFO] 2023-04-09 20:06:18.476750 Epoch [24/100] batch [129/391] loss 0.6719 lr 0.08750555348152302 acc 77.34% eta 0:43:07
2023-04-09 20:06:30,251 - __main__ - INFO - [INFO] 2023-04-09 20:06:30.250882 Epoch [24/100] batch [257/391] loss 0.4626 lr 0.08750555348152302 acc 67.97% eta 0:42:29
2023-04-09 20:06:42,090 - __main__ - INFO - [INFO] 2023-04-09 20:06:42.090356 Epoch [24/100] batch [385/391] loss 0.5474 lr 0.08750555348152302 acc 81.25% eta 0:42:12
2023-04-09 20:06:42,641 - __main__ - INFO - Computing epoch 24 validation accuracy...
2023-04-09 20:06:45,805 - __main__ - INFO - Computing epoch 24 validation loss...
2023-04-09 20:06:49,053 - __main__ - INFO - [INFO] 2023-04-09 20:06:49.053546 Epoch [25/100] batch [1/391] loss 0.6841 lr 0.08644843137107061 acc 72.66% eta 0:45:17
2023-04-09 20:07:00,702 - __main__ - INFO - [INFO] 2023-04-09 20:07:00.702560 Epoch [25/100] batch [129/391] loss 0.4768 lr 0.08644843137107061 acc 74.22% eta 0:41:11
2023-04-09 20:07:12,623 - __main__ - INFO - [INFO] 2023-04-09 20:07:12.623424 Epoch [25/100] batch [257/391] loss 0.7261 lr 0.08644843137107061 acc 78.91% eta 0:41:29
2023-04-09 20:07:24,660 - __main__ - INFO - [INFO] 2023-04-09 20:07:24.660509 Epoch [25/100] batch [385/391] loss 0.5854 lr 0.08644843137107061 acc 78.12% eta 0:41:35
2023-04-09 20:07:25,173 - __main__ - INFO - Computing epoch 25 validation accuracy...
2023-04-09 20:07:28,414 - __main__ - INFO - Computing epoch 25 validation loss...
2023-04-09 20:07:31,818 - __main__ - INFO - [INFO] 2023-04-09 20:07:31.818638 Epoch [26/100] batch [1/391] loss 0.4312 lr 0.0853553390593274 acc 82.81% eta 0:41:39
2023-04-09 20:07:43,598 - __main__ - INFO - [INFO] 2023-04-09 20:07:43.598808 Epoch [26/100] batch [129/391] loss 0.4739 lr 0.0853553390593274 acc 85.16% eta 0:41:03
2023-04-09 20:07:55,382 - __main__ - INFO - [INFO] 2023-04-09 20:07:55.381956 Epoch [26/100] batch [257/391] loss 0.7280 lr 0.0853553390593274 acc 82.03% eta 0:40:56
2023-04-09 20:08:07,310 - __main__ - INFO - [INFO] 2023-04-09 20:08:07.309836 Epoch [26/100] batch [385/391] loss 0.6372 lr 0.0853553390593274 acc 76.56% eta 0:40:57
2023-04-09 20:08:07,832 - __main__ - INFO - Computing epoch 26 validation accuracy...
2023-04-09 20:08:11,109 - __main__ - INFO - Computing epoch 26 validation loss...
2023-04-09 20:08:14,394 - __main__ - INFO - [INFO] 2023-04-09 20:08:14.394315 Epoch [27/100] batch [1/391] loss 0.4653 lr 0.08422735529643446 acc 82.03% eta 0:42:59
2023-04-09 20:08:26,589 - __main__ - INFO - [INFO] 2023-04-09 20:08:26.589183 Epoch [27/100] batch [129/391] loss 0.5557 lr 0.08422735529643446 acc 75.00% eta 0:42:07
2023-04-09 20:08:38,833 - __main__ - INFO - [INFO] 2023-04-09 20:08:38.833530 Epoch [27/100] batch [257/391] loss 0.5361 lr 0.08422735529643446 acc 69.53% eta 0:42:01
2023-04-09 20:08:50,548 - __main__ - INFO - [INFO] 2023-04-09 20:08:50.547948 Epoch [27/100] batch [385/391] loss 0.4807 lr 0.08422735529643446 acc 84.38% eta 0:41:11
2023-04-09 20:08:51,095 - __main__ - INFO - Computing epoch 27 validation accuracy...
2023-04-09 20:08:54,490 - __main__ - INFO - Computing epoch 27 validation loss...
2023-04-09 20:08:57,888 - __main__ - INFO - [INFO] 2023-04-09 20:08:57.888439 Epoch [28/100] batch [1/391] loss 0.4111 lr 0.08306559326618262 acc 82.03% eta 0:41:18
2023-04-09 20:09:09,594 - __main__ - INFO - [INFO] 2023-04-09 20:09:09.593998 Epoch [28/100] batch [129/391] loss 0.5684 lr 0.08306559326618262 acc 74.22% eta 0:39:42
2023-04-09 20:09:21,410 - __main__ - INFO - [INFO] 2023-04-09 20:09:21.410657 Epoch [28/100] batch [257/391] loss 0.6538 lr 0.08306559326618262 acc 81.25% eta 0:39:47
2023-04-09 20:09:33,470 - __main__ - INFO - [INFO] 2023-04-09 20:09:33.470601 Epoch [28/100] batch [385/391] loss 0.5771 lr 0.08306559326618262 acc 75.00% eta 0:39:57
2023-04-09 20:09:34,015 - __main__ - INFO - Computing epoch 28 validation accuracy...
2023-04-09 20:09:37,261 - __main__ - INFO - Computing epoch 28 validation loss...
2023-04-09 20:09:40,593 - __main__ - INFO - [INFO] 2023-04-09 20:09:40.593552 Epoch [29/100] batch [1/391] loss 0.4348 lr 0.08187119948743452 acc 79.69% eta 0:50:19
2023-04-09 20:09:52,341 - __main__ - INFO - [INFO] 2023-04-09 20:09:52.340924 Epoch [29/100] batch [129/391] loss 0.5728 lr 0.08187119948743452 acc 69.53% eta 0:39:33
2023-04-09 20:10:04,435 - __main__ - INFO - [INFO] 2023-04-09 20:10:04.435779 Epoch [29/100] batch [257/391] loss 0.6182 lr 0.08187119948743452 acc 67.19% eta 0:39:49
2023-04-09 20:10:16,478 - __main__ - INFO - [INFO] 2023-04-09 20:10:16.478448 Epoch [29/100] batch [385/391] loss 0.5562 lr 0.08187119948743452 acc 79.69% eta 0:39:46
2023-04-09 20:10:17,044 - __main__ - INFO - Computing epoch 29 validation accuracy...
2023-04-09 20:10:20,284 - __main__ - INFO - Computing epoch 29 validation loss...
2023-04-09 20:10:23,583 - __main__ - INFO - [INFO] 2023-04-09 20:10:23.583310 Epoch [30/100] batch [1/391] loss 0.6177 lr 0.08064535268264886 acc 74.22% eta 0:43:02
2023-04-09 20:10:35,332 - __main__ - INFO - [INFO] 2023-04-09 20:10:35.332293 Epoch [30/100] batch [129/391] loss 0.4756 lr 0.08064535268264886 acc 84.38% eta 0:38:42
2023-04-09 20:10:47,225 - __main__ - INFO - [INFO] 2023-04-09 20:10:47.225001 Epoch [30/100] batch [257/391] loss 0.4717 lr 0.08064535268264886 acc 83.59% eta 0:38:50
2023-04-09 20:10:59,214 - __main__ - INFO - [INFO] 2023-04-09 20:10:59.214328 Epoch [30/100] batch [385/391] loss 0.5996 lr 0.08064535268264886 acc 78.91% eta 0:38:52
2023-04-09 20:10:59,811 - __main__ - INFO - Computing epoch 30 validation accuracy...
2023-04-09 20:11:03,129 - __main__ - INFO - Computing epoch 30 validation loss...
2023-04-09 20:11:06,453 - __main__ - INFO - [INFO] 2023-04-09 20:11:06.453614 Epoch [31/100] batch [1/391] loss 0.5635 lr 0.0793892626146237 acc 75.78% eta 0:39:45
2023-04-09 20:11:18,398 - __main__ - INFO - [INFO] 2023-04-09 20:11:18.398807 Epoch [31/100] batch [129/391] loss 0.6411 lr 0.0793892626146237 acc 78.12% eta 0:38:56
2023-04-09 20:11:30,296 - __main__ - INFO - [INFO] 2023-04-09 20:11:30.295941 Epoch [31/100] batch [257/391] loss 0.5894 lr 0.0793892626146237 acc 75.00% eta 0:38:39
2023-04-09 20:11:42,051 - __main__ - INFO - [INFO] 2023-04-09 20:11:42.050850 Epoch [31/100] batch [385/391] loss 0.5649 lr 0.0793892626146237 acc 77.34% eta 0:38:15
2023-04-09 20:11:42,585 - __main__ - INFO - Computing epoch 31 validation accuracy...
2023-04-09 20:11:45,934 - __main__ - INFO - Computing epoch 31 validation loss...
2023-04-09 20:11:49,114 - __main__ - INFO - [INFO] 2023-04-09 20:11:49.113991 Epoch [32/100] batch [1/391] loss 0.4319 lr 0.07810416889260657 acc 90.62% eta 0:39:02
2023-04-09 20:12:01,076 - __main__ - INFO - [INFO] 2023-04-09 20:12:01.075950 Epoch [32/100] batch [129/391] loss 0.7437 lr 0.07810416889260657 acc 75.78% eta 0:38:25
2023-04-09 20:12:12,787 - __main__ - INFO - [INFO] 2023-04-09 20:12:12.787086 Epoch [32/100] batch [257/391] loss 0.5962 lr 0.07810416889260657 acc 77.34% eta 0:37:49
2023-04-09 20:12:24,534 - __main__ - INFO - [INFO] 2023-04-09 20:12:24.533902 Epoch [32/100] batch [385/391] loss 0.5908 lr 0.07810416889260657 acc 75.00% eta 0:37:32
2023-04-09 20:12:25,088 - __main__ - INFO - Computing epoch 32 validation accuracy...
2023-04-09 20:12:28,269 - __main__ - INFO - Computing epoch 32 validation loss...
2023-04-09 20:12:31,737 - __main__ - INFO - [INFO] 2023-04-09 20:12:31.737575 Epoch [33/100] batch [1/391] loss 0.4983 lr 0.07679133974894986 acc 80.47% eta 0:40:02
2023-04-09 20:12:43,620 - __main__ - INFO - [INFO] 2023-04-09 20:12:43.620235 Epoch [33/100] batch [129/391] loss 0.5376 lr 0.07679133974894986 acc 75.78% eta 0:37:37
2023-04-09 20:12:55,800 - __main__ - INFO - [INFO] 2023-04-09 20:12:55.800075 Epoch [33/100] batch [257/391] loss 0.5664 lr 0.07679133974894986 acc 77.34% eta 0:37:54
2023-04-09 20:13:08,511 - __main__ - INFO - [INFO] 2023-04-09 20:13:08.511699 Epoch [33/100] batch [385/391] loss 0.5410 lr 0.07679133974894986 acc 79.69% eta 0:38:26
2023-04-09 20:13:09,066 - __main__ - INFO - Computing epoch 33 validation accuracy...
2023-04-09 20:13:12,393 - __main__ - INFO - Computing epoch 33 validation loss...
2023-04-09 20:13:15,918 - __main__ - INFO - [INFO] 2023-04-09 20:13:15.918498 Epoch [34/100] batch [1/391] loss 0.4561 lr 0.0754520707875186 acc 82.81% eta 1:01:58
2023-04-09 20:13:28,000 - __main__ - INFO - [INFO] 2023-04-09 20:13:27.999910 Epoch [34/100] batch [129/391] loss 0.4790 lr 0.0754520707875186 acc 81.25% eta 0:37:47
2023-04-09 20:13:39,905 - __main__ - INFO - [INFO] 2023-04-09 20:13:39.904991 Epoch [34/100] batch [257/391] loss 0.5488 lr 0.0754520707875186 acc 78.91% eta 0:37:18
2023-04-09 20:13:51,696 - __main__ - INFO - [INFO] 2023-04-09 20:13:51.696049 Epoch [34/100] batch [385/391] loss 0.4963 lr 0.0754520707875186 acc 82.03% eta 0:36:50
2023-04-09 20:13:52,218 - __main__ - INFO - Computing epoch 34 validation accuracy...
2023-04-09 20:13:55,583 - __main__ - INFO - Computing epoch 34 validation loss...
2023-04-09 20:13:58,949 - __main__ - INFO - [INFO] 2023-04-09 20:13:58.949192 Epoch [35/100] batch [1/391] loss 0.5562 lr 0.0740876837050858 acc 75.00% eta 0:43:20
2023-04-09 20:14:11,278 - __main__ - INFO - [INFO] 2023-04-09 20:14:11.277856 Epoch [35/100] batch [129/391] loss 0.5693 lr 0.0740876837050858 acc 74.22% eta 0:37:50
2023-04-09 20:14:23,097 - __main__ - INFO - [INFO] 2023-04-09 20:14:23.097812 Epoch [35/100] batch [257/391] loss 0.4910 lr 0.0740876837050858 acc 84.38% eta 0:36:53
2023-04-09 20:14:34,832 - __main__ - INFO - [INFO] 2023-04-09 20:14:34.832810 Epoch [35/100] batch [385/391] loss 0.5693 lr 0.0740876837050858 acc 69.53% eta 0:36:21
2023-04-09 20:14:35,353 - __main__ - INFO - Computing epoch 35 validation accuracy...
2023-04-09 20:14:38,548 - __main__ - INFO - Computing epoch 35 validation loss...
2023-04-09 20:14:41,741 - __main__ - INFO - [INFO] 2023-04-09 20:14:41.741048 Epoch [36/100] batch [1/391] loss 0.5103 lr 0.07269952498697738 acc 75.78% eta 0:39:28
2023-04-09 20:14:53,482 - __main__ - INFO - [INFO] 2023-04-09 20:14:53.482298 Epoch [36/100] batch [129/391] loss 0.4829 lr 0.07269952498697738 acc 75.00% eta 0:35:30
2023-04-09 20:15:04,990 - __main__ - INFO - [INFO] 2023-04-09 20:15:04.990557 Epoch [36/100] batch [257/391] loss 0.6187 lr 0.07269952498697738 acc 74.22% eta 0:34:54
2023-04-09 20:15:16,872 - __main__ - INFO - [INFO] 2023-04-09 20:15:16.872087 Epoch [36/100] batch [385/391] loss 0.6787 lr 0.07269952498697738 acc 77.34% eta 0:34:58
2023-04-09 20:15:17,388 - __main__ - INFO - Computing epoch 36 validation accuracy...
2023-04-09 20:15:20,653 - __main__ - INFO - Computing epoch 36 validation loss...
2023-04-09 20:15:24,000 - __main__ - INFO - [INFO] 2023-04-09 20:15:24.000487 Epoch [37/100] batch [1/391] loss 0.5093 lr 0.07128896457825366 acc 77.34% eta 0:38:56
2023-04-09 20:15:35,782 - __main__ - INFO - [INFO] 2023-04-09 20:15:35.782440 Epoch [37/100] batch [129/391] loss 0.4570 lr 0.07128896457825366 acc 82.03% eta 0:35:06
2023-04-09 20:15:47,445 - __main__ - INFO - [INFO] 2023-04-09 20:15:47.445311 Epoch [37/100] batch [257/391] loss 0.5923 lr 0.07128896457825366 acc 79.69% eta 0:34:40
2023-04-09 20:15:59,080 - __main__ - INFO - [INFO] 2023-04-09 20:15:59.080101 Epoch [37/100] batch [385/391] loss 0.5190 lr 0.07128896457825366 acc 80.47% eta 0:34:25
2023-04-09 20:15:59,608 - __main__ - INFO - Computing epoch 37 validation accuracy...
2023-04-09 20:16:02,736 - __main__ - INFO - Computing epoch 37 validation loss...
2023-04-09 20:16:06,005 - __main__ - INFO - [INFO] 2023-04-09 20:16:06.005361 Epoch [38/100] batch [1/391] loss 0.5244 lr 0.06985739453173906 acc 85.16% eta 0:36:01
2023-04-09 20:16:17,895 - __main__ - INFO - [INFO] 2023-04-09 20:16:17.895330 Epoch [38/100] batch [129/391] loss 0.5723 lr 0.06985739453173906 acc 77.34% eta 0:34:46
2023-04-09 20:16:29,770 - __main__ - INFO - [INFO] 2023-04-09 20:16:29.770130 Epoch [38/100] batch [257/391] loss 0.4622 lr 0.06985739453173906 acc 82.81% eta 0:34:36
2023-04-09 20:16:41,609 - __main__ - INFO - [INFO] 2023-04-09 20:16:41.609735 Epoch [38/100] batch [385/391] loss 0.4900 lr 0.06985739453173906 acc 82.03% eta 0:34:22
2023-04-09 20:16:42,137 - __main__ - INFO - Computing epoch 38 validation accuracy...
2023-04-09 20:16:45,370 - __main__ - INFO - Computing epoch 38 validation loss...
2023-04-09 20:16:48,785 - __main__ - INFO - [INFO] 2023-04-09 20:16:48.785601 Epoch [39/100] batch [1/391] loss 0.4333 lr 0.06840622763423394 acc 79.69% eta 0:36:57
2023-04-09 20:17:00,795 - __main__ - INFO - [INFO] 2023-04-09 20:17:00.795080 Epoch [39/100] batch [129/391] loss 0.4023 lr 0.06840622763423394 acc 83.59% eta 0:34:43
2023-04-09 20:17:12,554 - __main__ - INFO - [INFO] 2023-04-09 20:17:12.554277 Epoch [39/100] batch [257/391] loss 0.4517 lr 0.06840622763423394 acc 80.47% eta 0:34:07
2023-04-09 20:17:24,261 - __main__ - INFO - [INFO] 2023-04-09 20:17:24.261512 Epoch [39/100] batch [385/391] loss 0.5166 lr 0.06840622763423394 acc 78.12% eta 0:33:44
2023-04-09 20:17:24,781 - __main__ - INFO - Computing epoch 39 validation accuracy...
2023-04-09 20:17:27,920 - __main__ - INFO - Computing epoch 39 validation loss...
2023-04-09 20:17:31,084 - __main__ - INFO - [INFO] 2023-04-09 20:17:31.084196 Epoch [40/100] batch [1/391] loss 0.4128 lr 0.06693689601226462 acc 86.72% eta 0:35:23
2023-04-09 20:17:42,905 - __main__ - INFO - [INFO] 2023-04-09 20:17:42.905209 Epoch [40/100] batch [129/391] loss 0.4622 lr 0.06693689601226462 acc 84.38% eta 0:33:30
2023-04-09 20:17:54,665 - __main__ - INFO - [INFO] 2023-04-09 20:17:54.665083 Epoch [40/100] batch [257/391] loss 0.5244 lr 0.06693689601226462 acc 79.69% eta 0:33:13
2023-04-09 20:18:06,527 - __main__ - INFO - [INFO] 2023-04-09 20:18:06.527020 Epoch [40/100] batch [385/391] loss 0.4985 lr 0.06693689601226462 acc 82.03% eta 0:33:07
2023-04-09 20:18:07,048 - __main__ - INFO - Computing epoch 40 validation accuracy...
2023-04-09 20:18:10,224 - __main__ - INFO - Computing epoch 40 validation loss...
2023-04-09 20:18:13,454 - __main__ - INFO - [INFO] 2023-04-09 20:18:13.454378 Epoch [41/100] batch [1/391] loss 0.5342 lr 0.06545084971874741 acc 75.00% eta 0:37:04
2023-04-09 20:18:25,490 - __main__ - INFO - [INFO] 2023-04-09 20:18:25.489870 Epoch [41/100] batch [129/391] loss 0.5713 lr 0.06545084971874741 acc 81.25% eta 0:33:32
2023-04-09 20:18:37,069 - __main__ - INFO - [INFO] 2023-04-09 20:18:37.069529 Epoch [41/100] batch [257/391] loss 0.4756 lr 0.06545084971874741 acc 77.34% eta 0:32:42
2023-04-09 20:18:49,076 - __main__ - INFO - [INFO] 2023-04-09 20:18:49.076316 Epoch [41/100] batch [385/391] loss 0.4661 lr 0.06545084971874741 acc 73.44% eta 0:32:41
2023-04-09 20:18:49,614 - __main__ - INFO - Computing epoch 41 validation accuracy...
2023-04-09 20:18:52,980 - __main__ - INFO - Computing epoch 41 validation loss...
2023-04-09 20:18:56,274 - __main__ - INFO - [INFO] 2023-04-09 20:18:56.274768 Epoch [42/100] batch [1/391] loss 0.4727 lr 0.06394955530196152 acc 85.94% eta 0:44:27
2023-04-09 20:19:08,027 - __main__ - INFO - [INFO] 2023-04-09 20:19:08.027688 Epoch [42/100] batch [129/391] loss 0.5693 lr 0.06394955530196152 acc 83.59% eta 0:32:20
2023-04-09 20:19:20,117 - __main__ - INFO - [INFO] 2023-04-09 20:19:20.117004 Epoch [42/100] batch [257/391] loss 0.5640 lr 0.06394955530196152 acc 74.22% eta 0:32:33
2023-04-09 20:19:31,815 - __main__ - INFO - [INFO] 2023-04-09 20:19:31.815087 Epoch [42/100] batch [385/391] loss 0.4199 lr 0.06394955530196152 acc 76.56% eta 0:32:09
2023-04-09 20:19:32,335 - __main__ - INFO - Computing epoch 42 validation accuracy...
2023-04-09 20:19:35,525 - __main__ - INFO - Computing epoch 42 validation loss...
2023-04-09 20:19:38,729 - __main__ - INFO - [INFO] 2023-04-09 20:19:38.728958 Epoch [43/100] batch [1/391] loss 0.3733 lr 0.062434494358242776 acc 82.81% eta 0:32:44
2023-04-09 20:19:50,675 - __main__ - INFO - [INFO] 2023-04-09 20:19:50.675759 Epoch [43/100] batch [129/391] loss 0.4971 lr 0.062434494358242776 acc 77.34% eta 0:32:13
2023-04-09 20:20:02,276 - __main__ - INFO - [INFO] 2023-04-09 20:20:02.276378 Epoch [43/100] batch [257/391] loss 0.3853 lr 0.062434494358242776 acc 88.28% eta 0:31:34
2023-04-09 20:20:13,886 - __main__ - INFO - [INFO] 2023-04-09 20:20:13.886458 Epoch [43/100] batch [385/391] loss 0.5566 lr 0.062434494358242776 acc 75.78% eta 0:31:12
2023-04-09 20:20:14,466 - __main__ - INFO - Computing epoch 43 validation accuracy...
2023-04-09 20:20:17,718 - __main__ - INFO - Computing epoch 43 validation loss...
2023-04-09 20:20:20,998 - __main__ - INFO - [INFO] 2023-04-09 20:20:20.997899 Epoch [44/100] batch [1/391] loss 0.4485 lr 0.06090716206982718 acc 85.16% eta 0:33:03
2023-04-09 20:20:32,774 - __main__ - INFO - [INFO] 2023-04-09 20:20:32.774673 Epoch [44/100] batch [129/391] loss 0.4419 lr 0.06090716206982718 acc 83.59% eta 0:31:17
2023-04-09 20:20:44,540 - __main__ - INFO - [INFO] 2023-04-09 20:20:44.540789 Epoch [44/100] batch [257/391] loss 0.4688 lr 0.06090716206982718 acc 81.25% eta 0:31:01
2023-04-09 20:20:56,460 - __main__ - INFO - [INFO] 2023-04-09 20:20:56.459954 Epoch [44/100] batch [385/391] loss 0.4810 lr 0.06090716206982718 acc 78.12% eta 0:30:58
2023-04-09 20:20:56,987 - __main__ - INFO - Computing epoch 44 validation accuracy...
2023-04-09 20:21:00,272 - __main__ - INFO - Computing epoch 44 validation loss...
2023-04-09 20:21:03,678 - __main__ - INFO - [INFO] 2023-04-09 20:21:03.678074 Epoch [45/100] batch [1/391] loss 0.3140 lr 0.05936906572928628 acc 88.28% eta 0:34:06
2023-04-09 20:21:15,364 - __main__ - INFO - [INFO] 2023-04-09 20:21:15.363832 Epoch [45/100] batch [129/391] loss 0.5024 lr 0.05936906572928628 acc 86.72% eta 0:30:17
2023-04-09 20:21:27,079 - __main__ - INFO - [INFO] 2023-04-09 20:21:27.079772 Epoch [45/100] batch [257/391] loss 0.5107 lr 0.05936906572928628 acc 79.69% eta 0:30:10
2023-04-09 20:21:38,988 - __main__ - INFO - [INFO] 2023-04-09 20:21:38.988049 Epoch [45/100] batch [385/391] loss 0.5254 lr 0.05936906572928628 acc 75.78% eta 0:30:12
2023-04-09 20:21:39,527 - __main__ - INFO - Computing epoch 45 validation accuracy...
2023-04-09 20:21:42,776 - __main__ - INFO - Computing epoch 45 validation loss...
2023-04-09 20:21:46,018 - __main__ - INFO - [INFO] 2023-04-09 20:21:46.017869 Epoch [46/100] batch [1/391] loss 0.3601 lr 0.05782172325201159 acc 91.41% eta 0:31:23
2023-04-09 20:21:58,016 - __main__ - INFO - [INFO] 2023-04-09 20:21:58.016624 Epoch [46/100] batch [129/391] loss 0.4246 lr 0.05782172325201159 acc 81.25% eta 0:30:35
2023-04-09 20:22:09,865 - __main__ - INFO - [INFO] 2023-04-09 20:22:09.865359 Epoch [46/100] batch [257/391] loss 0.3701 lr 0.05782172325201159 acc 85.16% eta 0:30:17
2023-04-09 20:22:21,921 - __main__ - INFO - [INFO] 2023-04-09 20:22:21.921200 Epoch [46/100] batch [385/391] loss 0.4492 lr 0.05782172325201159 acc 87.50% eta 0:30:12
2023-04-09 20:22:22,467 - __main__ - INFO - Computing epoch 46 validation accuracy...
2023-04-09 20:22:25,765 - __main__ - INFO - Computing epoch 46 validation loss...
2023-04-09 20:22:29,079 - __main__ - INFO - [INFO] 2023-04-09 20:22:29.079455 Epoch [47/100] batch [1/391] loss 0.4636 lr 0.056266661678215264 acc 82.81% eta 0:31:57
2023-04-09 20:22:41,120 - __main__ - INFO - [INFO] 2023-04-09 20:22:41.119984 Epoch [47/100] batch [129/391] loss 0.2747 lr 0.056266661678215264 acc 89.84% eta 0:30:03
2023-04-09 20:22:53,005 - __main__ - INFO - [INFO] 2023-04-09 20:22:53.005698 Epoch [47/100] batch [257/391] loss 0.5522 lr 0.056266661678215264 acc 73.44% eta 0:29:47
2023-04-09 20:23:04,850 - __main__ - INFO - [INFO] 2023-04-09 20:23:04.850015 Epoch [47/100] batch [385/391] loss 0.4285 lr 0.056266661678215264 acc 82.81% eta 0:29:30
2023-04-09 20:23:05,383 - __main__ - INFO - Computing epoch 47 validation accuracy...
2023-04-09 20:23:08,829 - __main__ - INFO - Computing epoch 47 validation loss...
2023-04-09 20:23:12,101 - __main__ - INFO - [INFO] 2023-04-09 20:23:12.101545 Epoch [48/100] batch [1/391] loss 0.4524 lr 0.05470541566592575 acc 82.03% eta 0:31:04
2023-04-09 20:23:23,571 - __main__ - INFO - [INFO] 2023-04-09 20:23:23.570841 Epoch [48/100] batch [129/391] loss 0.4341 lr 0.05470541566592575 acc 86.72% eta 0:28:08
2023-04-09 20:23:36,072 - __main__ - INFO - [INFO] 2023-04-09 20:23:36.072210 Epoch [48/100] batch [257/391] loss 0.3379 lr 0.05470541566592575 acc 85.16% eta 0:29:17
2023-04-09 20:23:47,923 - __main__ - INFO - [INFO] 2023-04-09 20:23:47.922905 Epoch [48/100] batch [385/391] loss 0.5625 lr 0.05470541566592575 acc 79.69% eta 0:29:00
2023-04-09 20:23:48,437 - __main__ - INFO - Computing epoch 48 validation accuracy...
2023-04-09 20:23:51,713 - __main__ - INFO - Computing epoch 48 validation loss...
2023-04-09 20:23:55,113 - __main__ - INFO - [INFO] 2023-04-09 20:23:55.113398 Epoch [49/100] batch [1/391] loss 0.4993 lr 0.053139525976465714 acc 77.34% eta 0:39:25
2023-04-09 20:24:07,098 - __main__ - INFO - [INFO] 2023-04-09 20:24:07.097883 Epoch [49/100] batch [129/391] loss 0.3418 lr 0.053139525976465714 acc 89.84% eta 0:28:59
2023-04-09 20:24:18,943 - __main__ - INFO - [INFO] 2023-04-09 20:24:18.943108 Epoch [49/100] batch [257/391] loss 0.5610 lr 0.053139525976465714 acc 81.25% eta 0:28:38
2023-04-09 20:24:30,772 - __main__ - INFO - [INFO] 2023-04-09 20:24:30.772107 Epoch [49/100] batch [385/391] loss 0.5527 lr 0.053139525976465714 acc 76.56% eta 0:28:19
2023-04-09 20:24:31,332 - __main__ - INFO - Computing epoch 49 validation accuracy...
2023-04-09 20:24:34,840 - __main__ - INFO - Computing epoch 49 validation loss...
2023-04-09 20:24:38,180 - __main__ - INFO - [INFO] 2023-04-09 20:24:38.179957 Epoch [50/100] batch [1/391] loss 0.4985 lr 0.05157053795390645 acc 84.38% eta 0:31:23
2023-04-09 20:24:49,963 - __main__ - INFO - [INFO] 2023-04-09 20:24:49.962997 Epoch [50/100] batch [129/391] loss 0.4661 lr 0.05157053795390645 acc 78.12% eta 0:27:53
2023-04-09 20:25:01,904 - __main__ - INFO - [INFO] 2023-04-09 20:25:01.904199 Epoch [50/100] batch [257/391] loss 0.3074 lr 0.05157053795390645 acc 88.28% eta 0:27:53
2023-04-09 20:25:13,708 - __main__ - INFO - [INFO] 2023-04-09 20:25:13.708103 Epoch [50/100] batch [385/391] loss 0.5566 lr 0.05157053795390645 acc 82.81% eta 0:27:41
2023-04-09 20:25:14,367 - __main__ - INFO - Computing epoch 50 validation accuracy...
2023-04-09 20:25:17,863 - __main__ - INFO - Computing epoch 50 validation loss...
2023-04-09 20:25:21,338 - __main__ - INFO - [INFO] 2023-04-09 20:25:21.338162 Epoch [51/100] batch [1/391] loss 0.3071 lr 0.05000000000000004 acc 89.84% eta 0:39:37
2023-04-09 20:25:33,401 - __main__ - INFO - [INFO] 2023-04-09 20:25:33.400772 Epoch [51/100] batch [129/391] loss 0.3020 lr 0.05000000000000004 acc 85.94% eta 0:28:01
2023-04-09 20:25:45,432 - __main__ - INFO - [INFO] 2023-04-09 20:25:45.431757 Epoch [51/100] batch [257/391] loss 0.3582 lr 0.05000000000000004 acc 85.94% eta 0:27:47
2023-04-09 20:25:57,187 - __main__ - INFO - [INFO] 2023-04-09 20:25:57.187728 Epoch [51/100] batch [385/391] loss 0.3381 lr 0.05000000000000004 acc 88.28% eta 0:27:22
2023-04-09 20:25:57,719 - __main__ - INFO - Computing epoch 51 validation accuracy...
2023-04-09 20:26:00,972 - __main__ - INFO - Computing epoch 51 validation loss...
2023-04-09 20:26:04,226 - __main__ - INFO - [INFO] 2023-04-09 20:26:04.226324 Epoch [52/100] batch [1/391] loss 0.3132 lr 0.04842946204609362 acc 84.38% eta 0:35:09
2023-04-09 20:26:16,163 - __main__ - INFO - [INFO] 2023-04-09 20:26:16.163812 Epoch [52/100] batch [129/391] loss 0.4443 lr 0.04842946204609362 acc 82.03% eta 0:27:14
2023-04-09 20:26:27,881 - __main__ - INFO - [INFO] 2023-04-09 20:26:27.881381 Epoch [52/100] batch [257/391] loss 0.4712 lr 0.04842946204609362 acc 84.38% eta 0:26:47
2023-04-09 20:26:39,720 - __main__ - INFO - [INFO] 2023-04-09 20:26:39.720125 Epoch [52/100] batch [385/391] loss 0.3442 lr 0.04842946204609362 acc 89.06% eta 0:26:34
2023-04-09 20:26:40,267 - __main__ - INFO - Computing epoch 52 validation accuracy...
2023-04-09 20:26:43,482 - __main__ - INFO - Computing epoch 52 validation loss...
2023-04-09 20:26:46,825 - __main__ - INFO - [INFO] 2023-04-09 20:26:46.825557 Epoch [53/100] batch [1/391] loss 0.3503 lr 0.04686047402353437 acc 87.50% eta 0:27:11
2023-04-09 20:26:58,671 - __main__ - INFO - [INFO] 2023-04-09 20:26:58.671454 Epoch [53/100] batch [129/391] loss 0.4331 lr 0.04686047402353437 acc 80.47% eta 0:26:28
2023-04-09 20:27:10,590 - __main__ - INFO - [INFO] 2023-04-09 20:27:10.590619 Epoch [53/100] batch [257/391] loss 0.4160 lr 0.04686047402353437 acc 83.59% eta 0:26:20
2023-04-09 20:27:22,722 - __main__ - INFO - [INFO] 2023-04-09 20:27:22.722447 Epoch [53/100] batch [385/391] loss 0.2532 lr 0.04686047402353437 acc 89.84% eta 0:26:19
2023-04-09 20:27:23,261 - __main__ - INFO - Computing epoch 53 validation accuracy...
2023-04-09 20:27:26,470 - __main__ - INFO - Computing epoch 53 validation loss...
2023-04-09 20:27:29,834 - __main__ - INFO - [INFO] 2023-04-09 20:27:29.834042 Epoch [54/100] batch [1/391] loss 0.3467 lr 0.045294584334074316 acc 84.38% eta 0:41:51
2023-04-09 20:27:42,004 - __main__ - INFO - [INFO] 2023-04-09 20:27:42.004635 Epoch [54/100] batch [129/391] loss 0.2976 lr 0.045294584334074316 acc 85.16% eta 0:26:40
2023-04-09 20:27:54,069 - __main__ - INFO - [INFO] 2023-04-09 20:27:54.069367 Epoch [54/100] batch [257/391] loss 0.3777 lr 0.045294584334074316 acc 82.81% eta 0:26:21
2023-04-09 20:28:05,790 - __main__ - INFO - [INFO] 2023-04-09 20:28:05.789886 Epoch [54/100] batch [385/391] loss 0.3618 lr 0.045294584334074316 acc 86.72% eta 0:25:48
2023-04-09 20:28:06,320 - __main__ - INFO - Computing epoch 54 validation accuracy...
2023-04-09 20:28:09,558 - __main__ - INFO - Computing epoch 54 validation loss...
2023-04-09 20:28:13,028 - __main__ - INFO - [INFO] 2023-04-09 20:28:13.028514 Epoch [55/100] batch [1/391] loss 0.4302 lr 0.043733338321784825 acc 84.38% eta 0:27:25
2023-04-09 20:28:24,969 - __main__ - INFO - [INFO] 2023-04-09 20:28:24.968862 Epoch [55/100] batch [129/391] loss 0.3760 lr 0.043733338321784825 acc 82.81% eta 0:25:31
2023-04-09 20:28:37,143 - __main__ - INFO - [INFO] 2023-04-09 20:28:37.143608 Epoch [55/100] batch [257/391] loss 0.4688 lr 0.043733338321784825 acc 84.38% eta 0:25:34
2023-04-09 20:28:49,018 - __main__ - INFO - [INFO] 2023-04-09 20:28:49.018241 Epoch [55/100] batch [385/391] loss 0.6226 lr 0.043733338321784825 acc 78.91% eta 0:25:15
2023-04-09 20:28:49,539 - __main__ - INFO - Computing epoch 55 validation accuracy...
2023-04-09 20:28:52,750 - __main__ - INFO - Computing epoch 55 validation loss...
2023-04-09 20:28:56,041 - __main__ - INFO - [INFO] 2023-04-09 20:28:56.041721 Epoch [56/100] batch [1/391] loss 0.4600 lr 0.042178276747988484 acc 84.38% eta 0:25:26
2023-04-09 20:29:07,698 - __main__ - INFO - [INFO] 2023-04-09 20:29:07.698412 Epoch [56/100] batch [129/391] loss 0.3772 lr 0.042178276747988484 acc 81.25% eta 0:24:18
2023-04-09 20:29:19,863 - __main__ - INFO - [INFO] 2023-04-09 20:29:19.863704 Epoch [56/100] batch [257/391] loss 0.4631 lr 0.042178276747988484 acc 85.16% eta 0:24:40
2023-04-09 20:29:31,407 - __main__ - INFO - [INFO] 2023-04-09 20:29:31.407414 Epoch [56/100] batch [385/391] loss 0.4250 lr 0.042178276747988484 acc 90.62% eta 0:24:12
2023-04-09 20:29:31,909 - __main__ - INFO - Computing epoch 56 validation accuracy...
2023-04-09 20:29:35,139 - __main__ - INFO - Computing epoch 56 validation loss...
2023-04-09 20:29:38,432 - __main__ - INFO - [INFO] 2023-04-09 20:29:38.432693 Epoch [57/100] batch [1/391] loss 0.5952 lr 0.0406309342707138 acc 75.00% eta 0:26:09
2023-04-09 20:29:50,459 - __main__ - INFO - [INFO] 2023-04-09 20:29:50.459392 Epoch [57/100] batch [129/391] loss 0.2664 lr 0.0406309342707138 acc 95.31% eta 0:24:34
2023-04-09 20:30:02,491 - __main__ - INFO - [INFO] 2023-04-09 20:30:02.491143 Epoch [57/100] batch [257/391] loss 0.3601 lr 0.0406309342707138 acc 85.16% eta 0:24:21
2023-04-09 20:30:14,253 - __main__ - INFO - [INFO] 2023-04-09 20:30:14.253681 Epoch [57/100] batch [385/391] loss 0.3740 lr 0.0406309342707138 acc 85.94% eta 0:24:01
2023-04-09 20:30:14,782 - __main__ - INFO - Computing epoch 57 validation accuracy...
2023-04-09 20:30:18,053 - __main__ - INFO - Computing epoch 57 validation loss...
2023-04-09 20:30:21,359 - __main__ - INFO - [INFO] 2023-04-09 20:30:21.358928 Epoch [58/100] batch [1/391] loss 0.3684 lr 0.039092837930172916 acc 89.06% eta 0:32:42
2023-04-09 20:30:33,444 - __main__ - INFO - [INFO] 2023-04-09 20:30:33.444611 Epoch [58/100] batch [129/391] loss 0.3171 lr 0.039092837930172916 acc 92.19% eta 0:24:09
2023-04-09 20:30:45,317 - __main__ - INFO - [INFO] 2023-04-09 20:30:45.317047 Epoch [58/100] batch [257/391] loss 0.5884 lr 0.039092837930172916 acc 75.78% eta 0:23:44
2023-04-09 20:30:57,027 - __main__ - INFO - [INFO] 2023-04-09 20:30:57.027614 Epoch [58/100] batch [385/391] loss 0.5386 lr 0.039092837930172916 acc 78.12% eta 0:23:21
2023-04-09 20:30:57,550 - __main__ - INFO - Computing epoch 58 validation accuracy...
2023-04-09 20:31:00,806 - __main__ - INFO - Computing epoch 58 validation loss...
2023-04-09 20:31:04,093 - __main__ - INFO - [INFO] 2023-04-09 20:31:04.093379 Epoch [59/100] batch [1/391] loss 0.3035 lr 0.037565505641757285 acc 85.94% eta 0:24:44
2023-04-09 20:31:15,844 - __main__ - INFO - [INFO] 2023-04-09 20:31:15.843918 Epoch [59/100] batch [129/391] loss 0.3167 lr 0.037565505641757285 acc 88.28% eta 0:22:51
2023-04-09 20:31:27,803 - __main__ - INFO - [INFO] 2023-04-09 20:31:27.802838 Epoch [59/100] batch [257/391] loss 0.5054 lr 0.037565505641757285 acc 82.03% eta 0:22:52
2023-04-09 20:31:39,333 - __main__ - INFO - [INFO] 2023-04-09 20:31:39.333802 Epoch [59/100] batch [385/391] loss 0.4050 lr 0.037565505641757285 acc 85.16% eta 0:22:27
2023-04-09 20:31:39,877 - __main__ - INFO - Computing epoch 59 validation accuracy...
2023-04-09 20:31:43,165 - __main__ - INFO - Computing epoch 59 validation loss...
2023-04-09 20:31:46,362 - __main__ - INFO - [INFO] 2023-04-09 20:31:46.362316 Epoch [60/100] batch [1/391] loss 0.3521 lr 0.03605044469803857 acc 89.84% eta 0:24:08
2023-04-09 20:31:58,104 - __main__ - INFO - [INFO] 2023-04-09 20:31:58.103918 Epoch [60/100] batch [129/391] loss 0.3582 lr 0.03605044469803857 acc 90.62% eta 0:22:14
2023-04-09 20:32:09,854 - __main__ - INFO - [INFO] 2023-04-09 20:32:09.853915 Epoch [60/100] batch [257/391] loss 0.4326 lr 0.03605044469803857 acc 87.50% eta 0:22:06
2023-04-09 20:32:21,454 - __main__ - INFO - [INFO] 2023-04-09 20:32:21.454681 Epoch [60/100] batch [385/391] loss 0.3459 lr 0.03605044469803857 acc 85.94% eta 0:21:50
2023-04-09 20:32:21,968 - __main__ - INFO - Computing epoch 60 validation accuracy...
2023-04-09 20:32:25,130 - __main__ - INFO - Computing epoch 60 validation loss...
2023-04-09 20:32:28,398 - __main__ - INFO - [INFO] 2023-04-09 20:32:28.398409 Epoch [61/100] batch [1/391] loss 0.4241 lr 0.034549150281252675 acc 89.06% eta 0:23:45
2023-04-09 20:32:40,192 - __main__ - INFO - [INFO] 2023-04-09 20:32:40.192414 Epoch [61/100] batch [129/391] loss 0.3853 lr 0.034549150281252675 acc 86.72% eta 0:21:47
2023-04-09 20:32:52,205 - __main__ - INFO - [INFO] 2023-04-09 20:32:52.205368 Epoch [61/100] batch [257/391] loss 0.4133 lr 0.034549150281252675 acc 82.03% eta 0:21:51
2023-04-09 20:33:04,143 - __main__ - INFO - [INFO] 2023-04-09 20:33:04.143667 Epoch [61/100] batch [385/391] loss 0.2598 lr 0.034549150281252675 acc 88.28% eta 0:21:42
2023-04-09 20:33:04,673 - __main__ - INFO - Computing epoch 61 validation accuracy...
2023-04-09 20:33:07,976 - __main__ - INFO - Computing epoch 61 validation loss...
2023-04-09 20:33:11,179 - __main__ - INFO - [INFO] 2023-04-09 20:33:11.179476 Epoch [62/100] batch [1/391] loss 0.3818 lr 0.03306310398773546 acc 85.94% eta 0:22:49
2023-04-09 20:33:22,976 - __main__ - INFO - [INFO] 2023-04-09 20:33:22.976063 Epoch [62/100] batch [129/391] loss 0.3501 lr 0.03306310398773546 acc 88.28% eta 0:21:19
2023-04-09 20:33:34,781 - __main__ - INFO - [INFO] 2023-04-09 20:33:34.781267 Epoch [62/100] batch [257/391] loss 0.4609 lr 0.03306310398773546 acc 79.69% eta 0:21:07
2023-04-09 20:33:46,604 - __main__ - INFO - [INFO] 2023-04-09 20:33:46.604619 Epoch [62/100] batch [385/391] loss 0.4651 lr 0.03306310398773546 acc 82.81% eta 0:20:56
2023-04-09 20:33:47,128 - __main__ - INFO - Computing epoch 62 validation accuracy...
2023-04-09 20:33:50,275 - __main__ - INFO - Computing epoch 62 validation loss...
2023-04-09 20:33:53,553 - __main__ - INFO - [INFO] 2023-04-09 20:33:53.553420 Epoch [63/100] batch [1/391] loss 0.3242 lr 0.031593772365766146 acc 89.06% eta 0:21:36
2023-04-09 20:34:05,808 - __main__ - INFO - [INFO] 2023-04-09 20:34:05.808265 Epoch [63/100] batch [129/391] loss 0.2998 lr 0.031593772365766146 acc 92.19% eta 0:21:33
2023-04-09 20:34:17,467 - __main__ - INFO - [INFO] 2023-04-09 20:34:17.467695 Epoch [63/100] batch [257/391] loss 0.3779 lr 0.031593772365766146 acc 81.25% eta 0:20:50
2023-04-09 20:34:29,335 - __main__ - INFO - [INFO] 2023-04-09 20:34:29.335506 Epoch [63/100] batch [385/391] loss 0.3198 lr 0.031593772365766146 acc 89.06% eta 0:20:36
2023-04-09 20:34:29,866 - __main__ - INFO - Computing epoch 63 validation accuracy...
2023-04-09 20:34:33,100 - __main__ - INFO - Computing epoch 63 validation loss...
2023-04-09 20:34:36,434 - __main__ - INFO - [INFO] 2023-04-09 20:34:36.434150 Epoch [64/100] batch [1/391] loss 0.3228 lr 0.030142605468260992 acc 91.41% eta 0:22:06
2023-04-09 20:34:48,178 - __main__ - INFO - [INFO] 2023-04-09 20:34:48.178375 Epoch [64/100] batch [129/391] loss 0.4155 lr 0.030142605468260992 acc 87.50% eta 0:20:06
2023-04-09 20:34:59,993 - __main__ - INFO - [INFO] 2023-04-09 20:34:59.992914 Epoch [64/100] batch [257/391] loss 0.4697 lr 0.030142605468260992 acc 80.47% eta 0:19:57
2023-04-09 20:35:11,864 - __main__ - INFO - [INFO] 2023-04-09 20:35:11.864163 Epoch [64/100] batch [385/391] loss 0.4458 lr 0.030142605468260992 acc 86.72% eta 0:19:51
2023-04-09 20:35:12,398 - __main__ - INFO - Computing epoch 64 validation accuracy...
2023-04-09 20:35:15,589 - __main__ - INFO - Computing epoch 64 validation loss...
2023-04-09 20:35:18,897 - __main__ - INFO - [INFO] 2023-04-09 20:35:18.896954 Epoch [65/100] batch [1/391] loss 0.2106 lr 0.028711035421746394 acc 92.19% eta 0:21:05
2023-04-09 20:35:31,007 - __main__ - INFO - [INFO] 2023-04-09 20:35:31.007098 Epoch [65/100] batch [129/391] loss 0.2966 lr 0.028711035421746394 acc 89.84% eta 0:20:16
2023-04-09 20:35:43,231 - __main__ - INFO - [INFO] 2023-04-09 20:35:43.231027 Epoch [65/100] batch [257/391] loss 0.3713 lr 0.028711035421746394 acc 89.06% eta 0:20:07
2023-04-09 20:35:55,306 - __main__ - INFO - [INFO] 2023-04-09 20:35:55.306170 Epoch [65/100] batch [385/391] loss 0.2769 lr 0.028711035421746394 acc 87.50% eta 0:19:53
2023-04-09 20:35:55,854 - __main__ - INFO - Computing epoch 65 validation accuracy...
2023-04-09 20:35:58,953 - __main__ - INFO - Computing epoch 65 validation loss...
2023-04-09 20:36:02,341 - __main__ - INFO - [INFO] 2023-04-09 20:36:02.341282 Epoch [66/100] batch [1/391] loss 0.4998 lr 0.027300475013022688 acc 83.59% eta 0:22:32
2023-04-09 20:36:14,460 - __main__ - INFO - [INFO] 2023-04-09 20:36:14.460152 Epoch [66/100] batch [129/391] loss 0.3682 lr 0.027300475013022688 acc 85.94% eta 0:19:39
2023-04-09 20:36:26,169 - __main__ - INFO - [INFO] 2023-04-09 20:36:26.168971 Epoch [66/100] batch [257/391] loss 0.4043 lr 0.027300475013022688 acc 85.94% eta 0:19:08
2023-04-09 20:36:38,101 - __main__ - INFO - [INFO] 2023-04-09 20:36:38.101227 Epoch [66/100] batch [385/391] loss 0.2089 lr 0.027300475013022688 acc 87.50% eta 0:18:57
2023-04-09 20:36:38,631 - __main__ - INFO - Computing epoch 66 validation accuracy...
2023-04-09 20:36:41,828 - __main__ - INFO - Computing epoch 66 validation loss...
2023-04-09 20:36:45,107 - __main__ - INFO - [INFO] 2023-04-09 20:36:45.107550 Epoch [67/100] batch [1/391] loss 0.4192 lr 0.025912316294914254 acc 90.62% eta 0:20:08
2023-04-09 20:36:56,994 - __main__ - INFO - [INFO] 2023-04-09 20:36:56.994258 Epoch [67/100] batch [129/391] loss 0.3118 lr 0.025912316294914254 acc 90.62% eta 0:18:41
2023-04-09 20:37:08,629 - __main__ - INFO - [INFO] 2023-04-09 20:37:08.628987 Epoch [67/100] batch [257/391] loss 0.2551 lr 0.025912316294914254 acc 92.97% eta 0:18:17
2023-04-09 20:37:20,503 - __main__ - INFO - [INFO] 2023-04-09 20:37:20.503349 Epoch [67/100] batch [385/391] loss 0.2866 lr 0.025912316294914254 acc 91.41% eta 0:18:10
2023-04-09 20:37:21,036 - __main__ - INFO - Computing epoch 67 validation accuracy...
2023-04-09 20:37:24,230 - __main__ - INFO - Computing epoch 67 validation loss...
2023-04-09 20:37:27,420 - __main__ - INFO - [INFO] 2023-04-09 20:37:27.419913 Epoch [68/100] batch [1/391] loss 0.3525 lr 0.02454792921248146 acc 78.91% eta 0:20:44
2023-04-09 20:37:38,956 - __main__ - INFO - [INFO] 2023-04-09 20:37:38.956841 Epoch [68/100] batch [129/391] loss 0.3665 lr 0.02454792921248146 acc 91.41% eta 0:17:34
2023-04-09 20:37:50,756 - __main__ - INFO - [INFO] 2023-04-09 20:37:50.756667 Epoch [68/100] batch [257/391] loss 0.2102 lr 0.02454792921248146 acc 91.41% eta 0:17:36
2023-04-09 20:38:02,586 - __main__ - INFO - [INFO] 2023-04-09 20:38:02.586722 Epoch [68/100] batch [385/391] loss 0.2959 lr 0.02454792921248146 acc 89.84% eta 0:17:30
2023-04-09 20:38:03,098 - __main__ - INFO - Computing epoch 68 validation accuracy...
2023-04-09 20:38:06,510 - __main__ - INFO - Computing epoch 68 validation loss...
2023-04-09 20:38:09,819 - __main__ - INFO - [INFO] 2023-04-09 20:38:09.819126 Epoch [69/100] batch [1/391] loss 0.3645 lr 0.02320866025105018 acc 85.16% eta 0:20:09
2023-04-09 20:38:21,665 - __main__ - INFO - [INFO] 2023-04-09 20:38:21.665298 Epoch [69/100] batch [129/391] loss 0.3782 lr 0.02320866025105018 acc 89.06% eta 0:17:33
2023-04-09 20:38:33,434 - __main__ - INFO - [INFO] 2023-04-09 20:38:33.433781 Epoch [69/100] batch [257/391] loss 0.4075 lr 0.02320866025105018 acc 84.38% eta 0:17:18
2023-04-09 20:38:45,388 - __main__ - INFO - [INFO] 2023-04-09 20:38:45.388696 Epoch [69/100] batch [385/391] loss 0.2812 lr 0.02320866025105018 acc 89.84% eta 0:17:11
2023-04-09 20:38:45,909 - __main__ - INFO - Computing epoch 69 validation accuracy...
2023-04-09 20:38:49,050 - __main__ - INFO - Computing epoch 69 validation loss...
2023-04-09 20:38:52,329 - __main__ - INFO - [INFO] 2023-04-09 20:38:52.329502 Epoch [70/100] batch [1/391] loss 0.2859 lr 0.021895831107393487 acc 93.75% eta 0:17:52
2023-04-09 20:39:04,297 - __main__ - INFO - [INFO] 2023-04-09 20:39:04.296968 Epoch [70/100] batch [129/391] loss 0.2382 lr 0.021895831107393487 acc 93.75% eta 0:17:12
2023-04-09 20:39:16,115 - __main__ - INFO - [INFO] 2023-04-09 20:39:16.115017 Epoch [70/100] batch [257/391] loss 0.3494 lr 0.021895831107393487 acc 87.50% eta 0:16:52
2023-04-09 20:39:28,124 - __main__ - INFO - [INFO] 2023-04-09 20:39:28.124737 Epoch [70/100] batch [385/391] loss 0.2637 lr 0.021895831107393487 acc 93.75% eta 0:16:44
2023-04-09 20:39:28,663 - __main__ - INFO - Computing epoch 70 validation accuracy...
2023-04-09 20:39:31,888 - __main__ - INFO - Computing epoch 70 validation loss...
2023-04-09 20:39:35,191 - __main__ - INFO - [INFO] 2023-04-09 20:39:35.191294 Epoch [71/100] batch [1/391] loss 0.2681 lr 0.02061073738537637 acc 92.19% eta 0:16:58
2023-04-09 20:39:46,966 - __main__ - INFO - [INFO] 2023-04-09 20:39:46.966188 Epoch [71/100] batch [129/391] loss 0.2961 lr 0.02061073738537637 acc 92.19% eta 0:16:18
2023-04-09 20:39:59,150 - __main__ - INFO - [INFO] 2023-04-09 20:39:59.150428 Epoch [71/100] batch [257/391] loss 0.4634 lr 0.02061073738537637 acc 79.69% eta 0:16:25
2023-04-09 20:40:11,082 - __main__ - INFO - [INFO] 2023-04-09 20:40:11.081628 Epoch [71/100] batch [385/391] loss 0.4805 lr 0.02061073738537637 acc 83.59% eta 0:16:13
2023-04-09 20:40:11,628 - __main__ - INFO - Computing epoch 71 validation accuracy...
2023-04-09 20:40:14,798 - __main__ - INFO - Computing epoch 71 validation loss...
2023-04-09 20:40:17,979 - __main__ - INFO - [INFO] 2023-04-09 20:40:17.979209 Epoch [72/100] batch [1/391] loss 0.2595 lr 0.01935464731735119 acc 92.19% eta 0:16:51
2023-04-09 20:40:29,590 - __main__ - INFO - [INFO] 2023-04-09 20:40:29.590273 Epoch [72/100] batch [129/391] loss 0.2749 lr 0.01935464731735119 acc 90.62% eta 0:15:29
2023-04-09 20:40:41,376 - __main__ - INFO - [INFO] 2023-04-09 20:40:41.375915 Epoch [72/100] batch [257/391] loss 0.3306 lr 0.01935464731735119 acc 87.50% eta 0:15:25
2023-04-09 20:40:53,322 - __main__ - INFO - [INFO] 2023-04-09 20:40:53.322198 Epoch [72/100] batch [385/391] loss 0.2180 lr 0.01935464731735119 acc 91.41% eta 0:15:21
2023-04-09 20:40:53,885 - __main__ - INFO - Computing epoch 72 validation accuracy...
2023-04-09 20:40:57,177 - __main__ - INFO - Computing epoch 72 validation loss...
2023-04-09 20:41:00,490 - __main__ - INFO - [INFO] 2023-04-09 20:41:00.490702 Epoch [73/100] batch [1/391] loss 0.1992 lr 0.018128800512565532 acc 92.97% eta 0:15:32
2023-04-09 20:41:12,386 - __main__ - INFO - [INFO] 2023-04-09 20:41:12.386220 Epoch [73/100] batch [129/391] loss 0.2612 lr 0.018128800512565532 acc 92.19% eta 0:15:23
2023-04-09 20:41:25,213 - __main__ - INFO - [INFO] 2023-04-09 20:41:25.213748 Epoch [73/100] batch [257/391] loss 0.3540 lr 0.018128800512565532 acc 90.62% eta 0:15:49
2023-04-09 20:41:36,961 - __main__ - INFO - [INFO] 2023-04-09 20:41:36.961346 Epoch [73/100] batch [385/391] loss 0.4214 lr 0.018128800512565532 acc 85.16% eta 0:15:22
2023-04-09 20:41:37,492 - __main__ - INFO - Computing epoch 73 validation accuracy...
2023-04-09 20:41:40,820 - __main__ - INFO - Computing epoch 73 validation loss...
2023-04-09 20:41:44,195 - __main__ - INFO - [INFO] 2023-04-09 20:41:44.195405 Epoch [74/100] batch [1/391] loss 0.3318 lr 0.016934406733817433 acc 88.28% eta 0:16:01
2023-04-09 20:41:56,046 - __main__ - INFO - [INFO] 2023-04-09 20:41:56.046003 Epoch [74/100] batch [129/391] loss 0.2063 lr 0.016934406733817433 acc 93.75% eta 0:14:44
2023-04-09 20:42:07,596 - __main__ - INFO - [INFO] 2023-04-09 20:42:07.595975 Epoch [74/100] batch [257/391] loss 0.2805 lr 0.016934406733817433 acc 92.97% eta 0:14:22
2023-04-09 20:42:19,550 - __main__ - INFO - [INFO] 2023-04-09 20:42:19.550764 Epoch [74/100] batch [385/391] loss 0.2507 lr 0.016934406733817433 acc 89.06% eta 0:14:18
2023-04-09 20:42:20,092 - __main__ - INFO - Computing epoch 74 validation accuracy...
2023-04-09 20:42:23,279 - __main__ - INFO - Computing epoch 74 validation loss...
2023-04-09 20:42:26,499 - __main__ - INFO - [INFO] 2023-04-09 20:42:26.499711 Epoch [75/100] batch [1/391] loss 0.2578 lr 0.01577264470356558 acc 95.31% eta 0:16:13
2023-04-09 20:42:38,492 - __main__ - INFO - [INFO] 2023-04-09 20:42:38.492230 Epoch [75/100] batch [129/391] loss 0.1927 lr 0.01577264470356558 acc 93.75% eta 0:14:25
2023-04-09 20:42:50,544 - __main__ - INFO - [INFO] 2023-04-09 20:42:50.544598 Epoch [75/100] batch [257/391] loss 0.2603 lr 0.01577264470356558 acc 92.97% eta 0:14:16
2023-04-09 20:43:02,174 - __main__ - INFO - [INFO] 2023-04-09 20:43:02.173952 Epoch [75/100] batch [385/391] loss 0.3257 lr 0.01577264470356558 acc 89.06% eta 0:13:54
2023-04-09 20:43:02,712 - __main__ - INFO - Computing epoch 75 validation accuracy...
2023-04-09 20:43:05,941 - __main__ - INFO - Computing epoch 75 validation loss...
2023-04-09 20:43:09,330 - __main__ - INFO - [INFO] 2023-04-09 20:43:09.330834 Epoch [76/100] batch [1/391] loss 0.3623 lr 0.014644660940672643 acc 87.50% eta 0:15:18
2023-04-09 20:43:21,220 - __main__ - INFO - [INFO] 2023-04-09 20:43:21.220729 Epoch [76/100] batch [129/391] loss 0.2681 lr 0.014644660940672643 acc 89.84% eta 0:13:42
2023-04-09 20:43:32,995 - __main__ - INFO - [INFO] 2023-04-09 20:43:32.995017 Epoch [76/100] batch [257/391] loss 0.2737 lr 0.014644660940672643 acc 92.19% eta 0:13:27
2023-04-09 20:43:44,856 - __main__ - INFO - [INFO] 2023-04-09 20:43:44.856737 Epoch [76/100] batch [385/391] loss 0.3025 lr 0.014644660940672643 acc 92.19% eta 0:13:17
2023-04-09 20:43:45,439 - __main__ - INFO - Computing epoch 76 validation accuracy...
2023-04-09 20:43:48,766 - __main__ - INFO - Computing epoch 76 validation loss...
2023-04-09 20:43:52,014 - __main__ - INFO - [INFO] 2023-04-09 20:43:52.014264 Epoch [77/100] batch [1/391] loss 0.1937 lr 0.013551568628929448 acc 92.97% eta 0:13:57
2023-04-09 20:44:03,780 - __main__ - INFO - [INFO] 2023-04-09 20:44:03.780657 Epoch [77/100] batch [129/391] loss 0.2781 lr 0.013551568628929448 acc 89.84% eta 0:13:01
2023-04-09 20:44:15,966 - __main__ - INFO - [INFO] 2023-04-09 20:44:15.966155 Epoch [77/100] batch [257/391] loss 0.2310 lr 0.013551568628929448 acc 90.62% eta 0:13:04
2023-04-09 20:44:27,737 - __main__ - INFO - [INFO] 2023-04-09 20:44:27.737305 Epoch [77/100] batch [385/391] loss 0.2869 lr 0.013551568628929448 acc 89.84% eta 0:12:49
2023-04-09 20:44:28,271 - __main__ - INFO - Computing epoch 77 validation accuracy...
2023-04-09 20:44:31,421 - __main__ - INFO - Computing epoch 77 validation loss...
2023-04-09 20:44:34,672 - __main__ - INFO - [INFO] 2023-04-09 20:44:34.672371 Epoch [78/100] batch [1/391] loss 0.1699 lr 0.012494446518477033 acc 94.53% eta 0:15:05
2023-04-09 20:44:46,509 - __main__ - INFO - [INFO] 2023-04-09 20:44:46.509623 Epoch [78/100] batch [129/391] loss 0.2168 lr 0.012494446518477033 acc 92.97% eta 0:12:31
2023-04-09 20:44:58,334 - __main__ - INFO - [INFO] 2023-04-09 20:44:58.334504 Epoch [78/100] batch [257/391] loss 0.2174 lr 0.012494446518477033 acc 95.31% eta 0:12:20
2023-04-09 20:45:10,210 - __main__ - INFO - [INFO] 2023-04-09 20:45:10.210519 Epoch [78/100] batch [385/391] loss 0.4243 lr 0.012494446518477033 acc 88.28% eta 0:12:11
2023-04-09 20:45:10,742 - __main__ - INFO - Computing epoch 78 validation accuracy...
2023-04-09 20:45:13,954 - __main__ - INFO - Computing epoch 78 validation loss...
2023-04-09 20:45:17,277 - __main__ - INFO - [INFO] 2023-04-09 20:45:17.276911 Epoch [79/100] batch [1/391] loss 0.2546 lr 0.011474337861210555 acc 91.41% eta 0:13:34
2023-04-09 20:45:29,111 - __main__ - INFO - [INFO] 2023-04-09 20:45:29.111658 Epoch [79/100] batch [129/391] loss 0.2129 lr 0.011474337861210555 acc 92.97% eta 0:12:02
2023-04-09 20:45:40,963 - __main__ - INFO - [INFO] 2023-04-09 20:45:40.963128 Epoch [79/100] batch [257/391] loss 0.2573 lr 0.011474337861210555 acc 92.19% eta 0:11:50
2023-04-09 20:45:52,599 - __main__ - INFO - [INFO] 2023-04-09 20:45:52.599427 Epoch [79/100] batch [385/391] loss 0.2458 lr 0.011474337861210555 acc 89.84% eta 0:11:34
2023-04-09 20:45:53,128 - __main__ - INFO - Computing epoch 79 validation accuracy...
2023-04-09 20:45:56,392 - __main__ - INFO - Computing epoch 79 validation loss...
2023-04-09 20:45:59,774 - __main__ - INFO - [INFO] 2023-04-09 20:45:59.774441 Epoch [80/100] batch [1/391] loss 0.3000 lr 0.01049224938121549 acc 89.06% eta 0:13:18
2023-04-09 20:46:11,533 - __main__ - INFO - [INFO] 2023-04-09 20:46:11.533360 Epoch [80/100] batch [129/391] loss 0.2487 lr 0.01049224938121549 acc 90.62% eta 0:11:25
2023-04-09 20:46:23,294 - __main__ - INFO - [INFO] 2023-04-09 20:46:23.294033 Epoch [80/100] batch [257/391] loss 0.2346 lr 0.01049224938121549 acc 92.19% eta 0:11:11
2023-04-09 20:46:35,002 - __main__ - INFO - [INFO] 2023-04-09 20:46:35.002116 Epoch [80/100] batch [385/391] loss 0.1591 lr 0.01049224938121549 acc 96.09% eta 0:10:59
2023-04-09 20:46:35,568 - __main__ - INFO - Computing epoch 80 validation accuracy...
2023-04-09 20:46:38,736 - __main__ - INFO - Computing epoch 80 validation loss...
2023-04-09 20:46:41,954 - __main__ - INFO - [INFO] 2023-04-09 20:46:41.954443 Epoch [81/100] batch [1/391] loss 0.2095 lr 0.009549150281252642 acc 94.53% eta 0:11:20
2023-04-09 20:46:53,744 - __main__ - INFO - [INFO] 2023-04-09 20:46:53.743784 Epoch [81/100] batch [129/391] loss 0.1725 lr 0.009549150281252642 acc 94.53% eta 0:10:50
2023-04-09 20:47:05,830 - __main__ - INFO - [INFO] 2023-04-09 20:47:05.830722 Epoch [81/100] batch [257/391] loss 0.2783 lr 0.009549150281252642 acc 93.75% eta 0:10:47
2023-04-09 20:47:17,471 - __main__ - INFO - [INFO] 2023-04-09 20:47:17.471214 Epoch [81/100] batch [385/391] loss 0.2131 lr 0.009549150281252642 acc 92.97% eta 0:10:31
2023-04-09 20:47:17,992 - __main__ - INFO - Computing epoch 81 validation accuracy...
2023-04-09 20:47:21,177 - __main__ - INFO - Computing epoch 81 validation loss...
2023-04-09 20:47:24,390 - __main__ - INFO - [INFO] 2023-04-09 20:47:24.390732 Epoch [82/100] batch [1/391] loss 0.1923 lr 0.008645971286271922 acc 96.88% eta 0:10:37
2023-04-09 20:47:36,264 - __main__ - INFO - [INFO] 2023-04-09 20:47:36.264563 Epoch [82/100] batch [129/391] loss 0.1656 lr 0.008645971286271922 acc 94.53% eta 0:10:20
2023-04-09 20:47:48,282 - __main__ - INFO - [INFO] 2023-04-09 20:47:48.282117 Epoch [82/100] batch [257/391] loss 0.2351 lr 0.008645971286271922 acc 92.97% eta 0:10:14
2023-04-09 20:48:00,099 - __main__ - INFO - [INFO] 2023-04-09 20:48:00.099198 Epoch [82/100] batch [385/391] loss 0.2250 lr 0.008645971286271922 acc 92.97% eta 0:10:01
2023-04-09 20:48:00,620 - __main__ - INFO - Computing epoch 82 validation accuracy...
2023-04-09 20:48:03,944 - __main__ - INFO - Computing epoch 82 validation loss...
2023-04-09 20:48:07,153 - __main__ - INFO - [INFO] 2023-04-09 20:48:07.153532 Epoch [83/100] batch [1/391] loss 0.2095 lr 0.007783603724899264 acc 91.41% eta 0:10:24
2023-04-09 20:48:18,993 - __main__ - INFO - [INFO] 2023-04-09 20:48:18.993112 Epoch [83/100] batch [129/391] loss 0.1709 lr 0.007783603724899264 acc 94.53% eta 0:09:46
2023-04-09 20:48:31,022 - __main__ - INFO - [INFO] 2023-04-09 20:48:31.022529 Epoch [83/100] batch [257/391] loss 0.1362 lr 0.007783603724899264 acc 96.09% eta 0:09:40
2023-04-09 20:48:42,651 - __main__ - INFO - [INFO] 2023-04-09 20:48:42.651017 Epoch [83/100] batch [385/391] loss 0.2379 lr 0.007783603724899264 acc 92.19% eta 0:09:24
2023-04-09 20:48:43,168 - __main__ - INFO - Computing epoch 83 validation accuracy...
2023-04-09 20:48:46,435 - __main__ - INFO - Computing epoch 83 validation loss...
2023-04-09 20:48:49,686 - __main__ - INFO - [INFO] 2023-04-09 20:48:49.686681 Epoch [84/100] batch [1/391] loss 0.1880 lr 0.006962898649802819 acc 93.75% eta 0:09:40
2023-04-09 20:49:01,705 - __main__ - INFO - [INFO] 2023-04-09 20:49:01.705779 Epoch [84/100] batch [129/391] loss 0.2888 lr 0.006962898649802819 acc 92.19% eta 0:09:21
2023-04-09 20:49:13,803 - __main__ - INFO - [INFO] 2023-04-09 20:49:13.803537 Epoch [84/100] batch [257/391] loss 0.3857 lr 0.006962898649802819 acc 90.62% eta 0:09:12
2023-04-09 20:49:25,724 - __main__ - INFO - [INFO] 2023-04-09 20:49:25.724347 Epoch [84/100] batch [385/391] loss 0.2544 lr 0.006962898649802819 acc 92.19% eta 0:08:59
2023-04-09 20:49:26,273 - __main__ - INFO - Computing epoch 84 validation accuracy...
2023-04-09 20:49:29,562 - __main__ - INFO - Computing epoch 84 validation loss...
2023-04-09 20:49:32,810 - __main__ - INFO - [INFO] 2023-04-09 20:49:32.810532 Epoch [85/100] batch [1/391] loss 0.1495 lr 0.0061846659978068265 acc 96.88% eta 0:12:04
2023-04-09 20:49:44,629 - __main__ - INFO - [INFO] 2023-04-09 20:49:44.629716 Epoch [85/100] batch [129/391] loss 0.1383 lr 0.0061846659978068265 acc 94.53% eta 0:08:40
2023-04-09 20:49:56,605 - __main__ - INFO - [INFO] 2023-04-09 20:49:56.604965 Epoch [85/100] batch [257/391] loss 0.1687 lr 0.0061846659978068265 acc 96.09% eta 0:08:32
2023-04-09 20:50:08,542 - __main__ - INFO - [INFO] 2023-04-09 20:50:08.541832 Epoch [85/100] batch [385/391] loss 0.2266 lr 0.0061846659978068265 acc 93.75% eta 0:08:21
2023-04-09 20:50:09,084 - __main__ - INFO - Computing epoch 85 validation accuracy...
2023-04-09 20:50:12,261 - __main__ - INFO - Computing epoch 85 validation loss...
2023-04-09 20:50:15,404 - __main__ - INFO - [INFO] 2023-04-09 20:50:15.404050 Epoch [86/100] batch [1/391] loss 0.2355 lr 0.005449673790581615 acc 90.62% eta 0:08:44
2023-04-09 20:50:27,218 - __main__ - INFO - [INFO] 2023-04-09 20:50:27.217891 Epoch [86/100] batch [129/391] loss 0.2334 lr 0.005449673790581615 acc 92.97% eta 0:08:07
2023-04-09 20:50:39,165 - __main__ - INFO - [INFO] 2023-04-09 20:50:39.165808 Epoch [86/100] batch [257/391] loss 0.1270 lr 0.005449673790581615 acc 96.88% eta 0:07:58
2023-04-09 20:50:51,129 - __main__ - INFO - [INFO] 2023-04-09 20:50:51.129192 Epoch [86/100] batch [385/391] loss 0.1970 lr 0.005449673790581615 acc 94.53% eta 0:07:48
2023-04-09 20:50:51,670 - __main__ - INFO - Computing epoch 86 validation accuracy...
2023-04-09 20:50:54,992 - __main__ - INFO - Computing epoch 86 validation loss...
2023-04-09 20:50:58,545 - __main__ - INFO - [INFO] 2023-04-09 20:50:58.545334 Epoch [87/100] batch [1/391] loss 0.2073 lr 0.004758647376699036 acc 92.97% eta 0:09:48
2023-04-09 20:51:10,525 - __main__ - INFO - [INFO] 2023-04-09 20:51:10.524815 Epoch [87/100] batch [129/391] loss 0.2036 lr 0.004758647376699036 acc 95.31% eta 0:07:40
2023-04-09 20:51:22,690 - __main__ - INFO - [INFO] 2023-04-09 20:51:22.690753 Epoch [87/100] batch [257/391] loss 0.1855 lr 0.004758647376699036 acc 93.75% eta 0:07:32
2023-04-09 20:51:34,604 - __main__ - INFO - [INFO] 2023-04-09 20:51:34.604051 Epoch [87/100] batch [385/391] loss 0.1241 lr 0.004758647376699036 acc 96.88% eta 0:07:18
2023-04-09 20:51:35,160 - __main__ - INFO - Computing epoch 87 validation accuracy...
2023-04-09 20:51:38,469 - __main__ - INFO - Computing epoch 87 validation loss...
2023-04-09 20:51:42,101 - __main__ - INFO - [INFO] 2023-04-09 20:51:42.101268 Epoch [88/100] batch [1/391] loss 0.2408 lr 0.004112268715800957 acc 91.41% eta 0:07:48
2023-04-09 20:51:54,014 - __main__ - INFO - [INFO] 2023-04-09 20:51:54.014109 Epoch [88/100] batch [129/391] loss 0.2129 lr 0.004112268715800957 acc 92.19% eta 0:07:03
2023-04-09 20:52:05,564 - __main__ - INFO - [INFO] 2023-04-09 20:52:05.564152 Epoch [88/100] batch [257/391] loss 0.1058 lr 0.004112268715800957 acc 97.66% eta 0:06:45
2023-04-09 20:52:17,625 - __main__ - INFO - [INFO] 2023-04-09 20:52:17.624880 Epoch [88/100] batch [385/391] loss 0.1978 lr 0.004112268715800957 acc 96.88% eta 0:06:38
2023-04-09 20:52:18,159 - __main__ - INFO - Computing epoch 88 validation accuracy...
2023-04-09 20:52:21,424 - __main__ - INFO - Computing epoch 88 validation loss...
2023-04-09 20:52:24,745 - __main__ - INFO - [INFO] 2023-04-09 20:52:24.745628 Epoch [89/100] batch [1/391] loss 0.1815 lr 0.003511175705587435 acc 95.31% eta 0:07:35
2023-04-09 20:52:36,461 - __main__ - INFO - [INFO] 2023-04-09 20:52:36.461056 Epoch [89/100] batch [129/391] loss 0.1172 lr 0.003511175705587435 acc 96.88% eta 0:06:23
2023-04-09 20:52:48,570 - __main__ - INFO - [INFO] 2023-04-09 20:52:48.570605 Epoch [89/100] batch [257/391] loss 0.2260 lr 0.003511175705587435 acc 93.75% eta 0:06:18
2023-04-09 20:53:00,462 - __main__ - INFO - [INFO] 2023-04-09 20:53:00.462087 Epoch [89/100] batch [385/391] loss 0.1804 lr 0.003511175705587435 acc 94.53% eta 0:06:07
2023-04-09 20:53:01,052 - __main__ - INFO - Computing epoch 89 validation accuracy...
2023-04-09 20:53:04,228 - __main__ - INFO - Computing epoch 89 validation loss...
2023-04-09 20:53:07,551 - __main__ - INFO - [INFO] 2023-04-09 20:53:07.551459 Epoch [90/100] batch [1/391] loss 0.2086 lr 0.0029559615522887295 acc 92.19% eta 0:06:52
2023-04-09 20:53:19,497 - __main__ - INFO - [INFO] 2023-04-09 20:53:19.496907 Epoch [90/100] batch [129/391] loss 0.1516 lr 0.0029559615522887295 acc 95.31% eta 0:05:57
2023-04-09 20:53:31,175 - __main__ - INFO - [INFO] 2023-04-09 20:53:31.175405 Epoch [90/100] batch [257/391] loss 0.1298 lr 0.0029559615522887295 acc 95.31% eta 0:05:42
2023-04-09 20:53:43,008 - __main__ - INFO - [INFO] 2023-04-09 20:53:43.008772 Epoch [90/100] batch [385/391] loss 0.0988 lr 0.0029559615522887295 acc 96.88% eta 0:05:31
2023-04-09 20:53:43,622 - __main__ - INFO - Computing epoch 90 validation accuracy...
2023-04-09 20:53:46,831 - __main__ - INFO - Computing epoch 90 validation loss...
2023-04-09 20:53:50,175 - __main__ - INFO - [INFO] 2023-04-09 20:53:50.175040 Epoch [91/100] batch [1/391] loss 0.1815 lr 0.0024471741852423253 acc 95.31% eta 0:06:01
2023-04-09 20:54:01,904 - __main__ - INFO - [INFO] 2023-04-09 20:54:01.904385 Epoch [91/100] batch [129/391] loss 0.1334 lr 0.0024471741852423253 acc 96.09% eta 0:05:17
2023-04-09 20:54:13,708 - __main__ - INFO - [INFO] 2023-04-09 20:54:13.708552 Epoch [91/100] batch [257/391] loss 0.1705 lr 0.0024471741852423253 acc 92.19% eta 0:05:07
2023-04-09 20:54:25,345 - __main__ - INFO - [INFO] 2023-04-09 20:54:25.345349 Epoch [91/100] batch [385/391] loss 0.1926 lr 0.0024471741852423253 acc 93.75% eta 0:04:56
2023-04-09 20:54:25,892 - __main__ - INFO - Computing epoch 91 validation accuracy...
2023-04-09 20:54:29,079 - __main__ - INFO - Computing epoch 91 validation loss...
2023-04-09 20:54:32,607 - __main__ - INFO - [INFO] 2023-04-09 20:54:32.607730 Epoch [92/100] batch [1/391] loss 0.1605 lr 0.0019853157161528537 acc 94.53% eta 0:05:29
2023-04-09 20:54:44,394 - __main__ - INFO - [INFO] 2023-04-09 20:54:44.394629 Epoch [92/100] batch [129/391] loss 0.1510 lr 0.0019853157161528537 acc 95.31% eta 0:04:46
2023-04-09 20:54:56,416 - __main__ - INFO - [INFO] 2023-04-09 20:54:56.416642 Epoch [92/100] batch [257/391] loss 0.1914 lr 0.0019853157161528537 acc 92.19% eta 0:04:38
2023-04-09 20:55:08,394 - __main__ - INFO - [INFO] 2023-04-09 20:55:08.394333 Epoch [92/100] batch [385/391] loss 0.0718 lr 0.0019853157161528537 acc 99.22% eta 0:04:28
2023-04-09 20:55:08,954 - __main__ - INFO - Computing epoch 92 validation accuracy...
2023-04-09 20:55:12,248 - __main__ - INFO - Computing epoch 92 validation loss...
2023-04-09 20:55:15,864 - __main__ - INFO - [INFO] 2023-04-09 20:55:15.863881 Epoch [93/100] batch [1/391] loss 0.1051 lr 0.0015708419435684529 acc 97.66% eta 0:06:46
2023-04-09 20:55:27,900 - __main__ - INFO - [INFO] 2023-04-09 20:55:27.900674 Epoch [93/100] batch [129/391] loss 0.1188 lr 0.0015708419435684529 acc 97.66% eta 0:04:19
2023-04-09 20:55:39,894 - __main__ - INFO - [INFO] 2023-04-09 20:55:39.894398 Epoch [93/100] batch [257/391] loss 0.1451 lr 0.0015708419435684529 acc 96.09% eta 0:04:07
2023-04-09 20:55:51,678 - __main__ - INFO - [INFO] 2023-04-09 20:55:51.677960 Epoch [93/100] batch [385/391] loss 0.1700 lr 0.0015708419435684529 acc 94.53% eta 0:03:55
2023-04-09 20:55:52,256 - __main__ - INFO - Computing epoch 93 validation accuracy...
2023-04-09 20:55:55,591 - __main__ - INFO - Computing epoch 93 validation loss...
2023-04-09 20:55:59,027 - __main__ - INFO - [INFO] 2023-04-09 20:55:59.027475 Epoch [94/100] batch [1/391] loss 0.2064 lr 0.0012041619030626347 acc 92.97% eta 0:04:16
2023-04-09 20:56:10,890 - __main__ - INFO - [INFO] 2023-04-09 20:56:10.890164 Epoch [94/100] batch [129/391] loss 0.1793 lr 0.0012041619030626347 acc 96.09% eta 0:03:41
2023-04-09 20:56:22,666 - __main__ - INFO - [INFO] 2023-04-09 20:56:22.666358 Epoch [94/100] batch [257/391] loss 0.1384 lr 0.0012041619030626347 acc 96.88% eta 0:03:29
2023-04-09 20:56:34,342 - __main__ - INFO - [INFO] 2023-04-09 20:56:34.342502 Epoch [94/100] batch [385/391] loss 0.1876 lr 0.0012041619030626347 acc 93.75% eta 0:03:17
2023-04-09 20:56:34,944 - __main__ - INFO - Computing epoch 94 validation accuracy...
2023-04-09 20:56:38,255 - __main__ - INFO - Computing epoch 94 validation loss...
2023-04-09 20:56:41,528 - __main__ - INFO - [INFO] 2023-04-09 20:56:41.528376 Epoch [95/100] batch [1/391] loss 0.2200 lr 0.0008856374635655646 acc 91.41% eta 0:03:57
2023-04-09 20:56:53,350 - __main__ - INFO - [INFO] 2023-04-09 20:56:53.350214 Epoch [95/100] batch [129/391] loss 0.1015 lr 0.0008856374635655646 acc 96.88% eta 0:03:08
2023-04-09 20:57:05,495 - __main__ - INFO - [INFO] 2023-04-09 20:57:05.495076 Epoch [95/100] batch [257/391] loss 0.1523 lr 0.0008856374635655646 acc 96.09% eta 0:02:59
2023-04-09 20:57:17,333 - __main__ - INFO - [INFO] 2023-04-09 20:57:17.333794 Epoch [95/100] batch [385/391] loss 0.0922 lr 0.0008856374635655646 acc 96.88% eta 0:02:48
2023-04-09 20:57:17,857 - __main__ - INFO - Computing epoch 95 validation accuracy...
2023-04-09 20:57:21,040 - __main__ - INFO - Computing epoch 95 validation loss...
2023-04-09 20:57:24,357 - __main__ - INFO - [INFO] 2023-04-09 20:57:24.357467 Epoch [96/100] batch [1/391] loss 0.1041 lr 0.0006155829702431174 acc 96.09% eta 0:02:54
2023-04-09 20:57:36,361 - __main__ - INFO - [INFO] 2023-04-09 20:57:36.361292 Epoch [96/100] batch [129/391] loss 0.1118 lr 0.0006155829702431174 acc 96.88% eta 0:02:37
2023-04-09 20:57:48,449 - __main__ - INFO - [INFO] 2023-04-09 20:57:48.449743 Epoch [96/100] batch [257/391] loss 0.0914 lr 0.0006155829702431174 acc 99.22% eta 0:02:26
2023-04-09 20:58:00,143 - __main__ - INFO - [INFO] 2023-04-09 20:58:00.143613 Epoch [96/100] batch [385/391] loss 0.2076 lr 0.0006155829702431174 acc 92.97% eta 0:02:14
2023-04-09 20:58:00,666 - __main__ - INFO - Computing epoch 96 validation accuracy...
2023-04-09 20:58:03,864 - __main__ - INFO - Computing epoch 96 validation loss...
2023-04-09 20:58:07,097 - __main__ - INFO - [INFO] 2023-04-09 20:58:07.096897 Epoch [97/100] batch [1/391] loss 0.0963 lr 0.00039426493427611206 acc 96.88% eta 0:02:23
2023-04-09 20:58:19,071 - __main__ - INFO - [INFO] 2023-04-09 20:58:19.071648 Epoch [97/100] batch [129/391] loss 0.0916 lr 0.00039426493427611206 acc 98.44% eta 0:02:03
2023-04-09 20:58:31,220 - __main__ - INFO - [INFO] 2023-04-09 20:58:31.220066 Epoch [97/100] batch [257/391] loss 0.1135 lr 0.00039426493427611206 acc 98.44% eta 0:01:53
2023-04-09 20:58:43,120 - __main__ - INFO - [INFO] 2023-04-09 20:58:43.120107 Epoch [97/100] batch [385/391] loss 0.1272 lr 0.00039426493427611206 acc 94.53% eta 0:01:41
2023-04-09 20:58:43,648 - __main__ - INFO - Computing epoch 97 validation accuracy...
2023-04-09 20:58:46,943 - __main__ - INFO - Computing epoch 97 validation loss...
2023-04-09 20:58:50,172 - __main__ - INFO - [INFO] 2023-04-09 20:58:50.172065 Epoch [98/100] batch [1/391] loss 0.1078 lr 0.00022190176984600036 acc 96.09% eta 0:01:41
2023-04-09 20:59:01,775 - __main__ - INFO - [INFO] 2023-04-09 20:59:01.775331 Epoch [98/100] batch [129/391] loss 0.1289 lr 0.00022190176984600036 acc 96.09% eta 0:01:26
2023-04-09 20:59:13,487 - __main__ - INFO - [INFO] 2023-04-09 20:59:13.486945 Epoch [98/100] batch [257/391] loss 0.1357 lr 0.00022190176984600036 acc 96.88% eta 0:01:16
2023-04-09 20:59:25,804 - __main__ - INFO - [INFO] 2023-04-09 20:59:25.804600 Epoch [98/100] batch [385/391] loss 0.0720 lr 0.00022190176984600036 acc 97.66% eta 0:01:07
2023-04-09 20:59:26,397 - __main__ - INFO - Computing epoch 98 validation accuracy...
2023-04-09 20:59:29,645 - __main__ - INFO - Computing epoch 98 validation loss...
2023-04-09 20:59:32,846 - __main__ - INFO - [INFO] 2023-04-09 20:59:32.846441 Epoch [99/100] batch [1/391] loss 0.0797 lr 9.866357858642213e-05 acc 97.66% eta 0:01:08
2023-04-09 20:59:44,646 - __main__ - INFO - [INFO] 2023-04-09 20:59:44.646297 Epoch [99/100] batch [129/391] loss 0.1453 lr 9.866357858642213e-05 acc 96.88% eta 0:00:55
2023-04-09 20:59:56,902 - __main__ - INFO - [INFO] 2023-04-09 20:59:56.902293 Epoch [99/100] batch [257/391] loss 0.0784 lr 9.866357858642213e-05 acc 98.44% eta 0:00:45
2023-04-09 21:00:09,004 - __main__ - INFO - [INFO] 2023-04-09 21:00:09.003759 Epoch [99/100] batch [385/391] loss 0.1039 lr 9.866357858642213e-05 acc 96.88% eta 0:00:34
2023-04-09 21:00:09,539 - __main__ - INFO - Computing epoch 99 validation accuracy...
2023-04-09 21:00:12,797 - __main__ - INFO - Computing epoch 99 validation loss...
2023-04-09 21:00:16,142 - __main__ - INFO - [INFO] 2023-04-09 21:00:16.142745 Epoch [100/100] batch [1/391] loss 0.1385 lr 2.4671981713420017e-05 acc 97.66% eta 0:00:36
2023-04-09 21:00:28,201 - __main__ - INFO - [INFO] 2023-04-09 21:00:28.200816 Epoch [100/100] batch [129/391] loss 0.0534 lr 2.4671981713420017e-05 acc 99.22% eta 0:00:22
2023-04-09 21:00:40,225 - __main__ - INFO - [INFO] 2023-04-09 21:00:40.225463 Epoch [100/100] batch [257/391] loss 0.1296 lr 2.4671981713420017e-05 acc 96.09% eta 0:00:11
2023-04-09 21:00:52,226 - __main__ - INFO - [INFO] 2023-04-09 21:00:52.226566 Epoch [100/100] batch [385/391] loss 0.0806 lr 2.4671981713420017e-05 acc 96.88% eta 0:00:00
2023-04-09 21:00:52,765 - __main__ - INFO - Computing epoch 100 validation accuracy...
2023-04-09 21:00:56,104 - __main__ - INFO - Computing epoch 100 validation loss...
2023-04-09 21:00:59,545 - __main__ - INFO - Reading testing data set cifar10
2023-04-09 21:01:00,265 - __main__ - INFO - Loading trained model...
2023-04-09 21:01:03,826 - __main__ - INFO - Testing acc : 91.99%.
