2023-04-10 21:16:18,189 - __main__ - INFO - 

2023-04-10 21:16:18,189 - __main__ - INFO - ***************
2023-04-10 21:16:18,189 - __main__ - INFO - ** Arguments **
2023-04-10 21:16:18,189 - __main__ - INFO - ***************
2023-04-10 21:16:18,189 - __main__ - INFO - backbone: resnet56
2023-04-10 21:16:18,189 - __main__ - INFO - dataname: cifar100
2023-04-10 21:16:18,189 - __main__ - INFO - drop_method: db
2023-04-10 21:16:18,189 - __main__ - INFO - drop_rate: 0.3
2023-04-10 21:16:18,189 - __main__ - INFO - eval_only: 0
2023-04-10 21:16:18,190 - __main__ - INFO - output_path: checkpoints/cifar100/resnet56/drop_db/rate_0.3/seed2
2023-04-10 21:16:18,190 - __main__ - INFO - part_rate: 0.1
2023-04-10 21:16:18,190 - __main__ - INFO - seed: 2
2023-04-10 21:16:18,190 - __main__ - INFO - weight_decay: 0.0005
2023-04-10 21:16:18,190 - __main__ - INFO - ************
2023-04-10 21:16:18,190 - __main__ - INFO - ** Config **
2023-04-10 21:16:18,190 - __main__ - INFO - ************
2023-04-10 21:16:18,190 - __main__ - INFO - {'DATALOADER': {'PATH': './data', 'DATANAME': 'cifar100', 'BATCH_SIZE': 128, 'NUM_CLASSES': 100}, 'INPUT': {'SIZE': [32, 32], 'PIXEL_MEAN': [0.4914, 0.4822, 0.4465], 'PIXEL_STD': [0.2023, 0.1994, 0.201]}, 'OUTPUT': {'DIR': 'checkpoints/cifar100/resnet56/drop_db/rate_0.3/seed2'}, 'SEED': 2, 'OPTIM': {'LR': 0.1, 'MAX_EPOCH': 100, 'LR_SCHEDULER': 'step', 'LR_MILESTONES': [20, 40, 80, 120, 140], 'LR_DECAY': 0.2, 'PART_RATE': 0.1, 'WEIGHT_DECAY': 0.0005, 'DROP_RATE': 0.3, 'DROP_METHOD': 'db', 'BLOCK_SIZE': 7}, 'MODEL': {'BACKBONE': 'resnet56'}}
2023-04-10 21:16:18,203 - __main__ - INFO - Reading training data set cifar100
2023-04-10 21:16:20,250 - __main__ - INFO - Loading raw model
2023-04-10 21:16:23,943 - __main__ - INFO - 
Saving everything to checkpoints/cifar100/resnet56/drop_db/rate_0.3/seed2
2023-04-10 21:16:23,945 - __main__ - INFO - Start training...
2023-04-10 21:16:29,277 - __main__ - INFO - [INFO] 2023-04-10 21:16:29.277462 Epoch [1/100] batch [1/391] loss 11.0078 lr 0.1 acc 1.56% eta 2 days, 9:43:15
2023-04-10 21:16:46,427 - __main__ - INFO - [INFO] 2023-04-10 21:16:46.427703 Epoch [1/100] batch [129/391] loss 4.5312 lr 0.1 acc 0.78% eta 1:41:52
2023-04-10 21:17:03,380 - __main__ - INFO - [INFO] 2023-04-10 21:17:03.380255 Epoch [1/100] batch [257/391] loss 4.5625 lr 0.1 acc 2.34% eta 1:28:01
2023-04-10 21:17:20,556 - __main__ - INFO - [INFO] 2023-04-10 21:17:20.555916 Epoch [1/100] batch [385/391] loss 4.4961 lr 0.1 acc 1.56% eta 1:23:35
2023-04-10 21:17:21,355 - __main__ - INFO - Computing epoch 1 validation accuracy...
2023-04-10 21:17:25,429 - __main__ - INFO - Computing epoch 1 validation loss...
2023-04-10 21:17:29,602 - __main__ - INFO - [INFO] 2023-04-10 21:17:29.602477 Epoch [2/100] batch [1/391] loss 4.2969 lr 0.09997532801828658 acc 0.78% eta 1:17:03
2023-04-10 21:17:47,382 - __main__ - INFO - [INFO] 2023-04-10 21:17:47.382426 Epoch [2/100] batch [129/391] loss 4.2539 lr 0.09997532801828658 acc 3.91% eta 1:17:53
2023-04-10 21:18:04,436 - __main__ - INFO - [INFO] 2023-04-10 21:18:04.435844 Epoch [2/100] batch [257/391] loss 4.1836 lr 0.09997532801828658 acc 2.34% eta 1:15:56
2023-04-10 21:18:21,869 - __main__ - INFO - [INFO] 2023-04-10 21:18:21.869525 Epoch [2/100] batch [385/391] loss 4.0586 lr 0.09997532801828658 acc 3.91% eta 1:15:43
2023-04-10 21:18:22,655 - __main__ - INFO - Computing epoch 2 validation accuracy...
2023-04-10 21:18:26,601 - __main__ - INFO - Computing epoch 2 validation loss...
2023-04-10 21:18:30,855 - __main__ - INFO - [INFO] 2023-04-10 21:18:30.854905 Epoch [3/100] batch [1/391] loss 3.9570 lr 0.09990133642141358 acc 10.16% eta 1:26:00
2023-04-10 21:18:48,249 - __main__ - INFO - [INFO] 2023-04-10 21:18:48.249398 Epoch [3/100] batch [129/391] loss 3.9102 lr 0.09990133642141358 acc 10.16% eta 1:15:32
2023-04-10 21:19:05,389 - __main__ - INFO - [INFO] 2023-04-10 21:19:05.389769 Epoch [3/100] batch [257/391] loss 3.8008 lr 0.09990133642141358 acc 8.59% eta 1:14:40
2023-04-10 21:19:22,631 - __main__ - INFO - [INFO] 2023-04-10 21:19:22.631707 Epoch [3/100] batch [385/391] loss 3.6289 lr 0.09990133642141358 acc 10.94% eta 1:14:20
2023-04-10 21:19:23,391 - __main__ - INFO - Computing epoch 3 validation accuracy...
2023-04-10 21:19:27,370 - __main__ - INFO - Computing epoch 3 validation loss...
2023-04-10 21:19:31,722 - __main__ - INFO - [INFO] 2023-04-10 21:19:31.722522 Epoch [4/100] batch [1/391] loss 3.7910 lr 0.099778098230154 acc 10.16% eta 1:31:32
2023-04-10 21:19:48,940 - __main__ - INFO - [INFO] 2023-04-10 21:19:48.940672 Epoch [4/100] batch [129/391] loss 3.5723 lr 0.099778098230154 acc 10.16% eta 1:13:49
2023-04-10 21:20:06,235 - __main__ - INFO - [INFO] 2023-04-10 21:20:06.235048 Epoch [4/100] batch [257/391] loss 3.1484 lr 0.099778098230154 acc 20.31% eta 1:13:43
2023-04-10 21:20:23,263 - __main__ - INFO - [INFO] 2023-04-10 21:20:23.263052 Epoch [4/100] batch [385/391] loss 3.2168 lr 0.099778098230154 acc 21.09% eta 1:13:08
2023-04-10 21:20:24,044 - __main__ - INFO - Computing epoch 4 validation accuracy...
2023-04-10 21:20:28,152 - __main__ - INFO - Computing epoch 4 validation loss...
2023-04-10 21:20:32,436 - __main__ - INFO - [INFO] 2023-04-10 21:20:32.435859 Epoch [5/100] batch [1/391] loss 3.1875 lr 0.0996057350657239 acc 26.56% eta 1:20:17
2023-04-10 21:20:49,535 - __main__ - INFO - [INFO] 2023-04-10 21:20:49.535445 Epoch [5/100] batch [129/391] loss 3.2305 lr 0.0996057350657239 acc 20.31% eta 1:12:34
2023-04-10 21:21:07,100 - __main__ - INFO - [INFO] 2023-04-10 21:21:07.100750 Epoch [5/100] batch [257/391] loss 2.8809 lr 0.0996057350657239 acc 25.00% eta 1:13:17
2023-04-10 21:21:24,530 - __main__ - INFO - [INFO] 2023-04-10 21:21:24.530706 Epoch [5/100] batch [385/391] loss 3.0039 lr 0.0996057350657239 acc 25.00% eta 1:13:11
2023-04-10 21:21:25,371 - __main__ - INFO - Computing epoch 5 validation accuracy...
2023-04-10 21:21:29,345 - __main__ - INFO - Computing epoch 5 validation loss...
2023-04-10 21:21:33,576 - __main__ - INFO - [INFO] 2023-04-10 21:21:33.575838 Epoch [6/100] batch [1/391] loss 3.0352 lr 0.09938441702975688 acc 23.44% eta 1:13:25
2023-04-10 21:21:50,653 - __main__ - INFO - [INFO] 2023-04-10 21:21:50.653697 Epoch [6/100] batch [129/391] loss 2.9941 lr 0.09938441702975688 acc 28.12% eta 1:11:36
2023-04-10 21:22:07,715 - __main__ - INFO - [INFO] 2023-04-10 21:22:07.715159 Epoch [6/100] batch [257/391] loss 2.9043 lr 0.09938441702975688 acc 23.44% eta 1:11:18
2023-04-10 21:22:24,713 - __main__ - INFO - [INFO] 2023-04-10 21:22:24.713237 Epoch [6/100] batch [385/391] loss 2.7930 lr 0.09938441702975688 acc 29.69% eta 1:10:56
2023-04-10 21:22:25,493 - __main__ - INFO - Computing epoch 6 validation accuracy...
2023-04-10 21:22:29,464 - __main__ - INFO - Computing epoch 6 validation loss...
2023-04-10 21:22:33,730 - __main__ - INFO - [INFO] 2023-04-10 21:22:33.730006 Epoch [7/100] batch [1/391] loss 2.7480 lr 0.09911436253643444 acc 30.47% eta 1:14:10
2023-04-10 21:22:50,761 - __main__ - INFO - [INFO] 2023-04-10 21:22:50.761011 Epoch [7/100] batch [129/391] loss 2.8594 lr 0.09911436253643444 acc 28.91% eta 1:10:43
2023-04-10 21:23:07,784 - __main__ - INFO - [INFO] 2023-04-10 21:23:07.783965 Epoch [7/100] batch [257/391] loss 2.6875 lr 0.09911436253643444 acc 29.69% eta 1:10:21
2023-04-10 21:23:24,836 - __main__ - INFO - [INFO] 2023-04-10 21:23:24.836500 Epoch [7/100] batch [385/391] loss 2.5195 lr 0.09911436253643444 acc 35.16% eta 1:10:11
2023-04-10 21:23:25,680 - __main__ - INFO - Computing epoch 7 validation accuracy...
2023-04-10 21:23:29,680 - __main__ - INFO - Computing epoch 7 validation loss...
2023-04-10 21:23:33,869 - __main__ - INFO - [INFO] 2023-04-10 21:23:33.869254 Epoch [8/100] batch [1/391] loss 2.5430 lr 0.09879583809693737 acc 35.16% eta 1:16:35
2023-04-10 21:23:51,004 - __main__ - INFO - [INFO] 2023-04-10 21:23:51.004104 Epoch [8/100] batch [129/391] loss 2.2812 lr 0.09879583809693737 acc 31.25% eta 1:10:27
2023-04-10 21:24:08,214 - __main__ - INFO - [INFO] 2023-04-10 21:24:08.214162 Epoch [8/100] batch [257/391] loss 2.3145 lr 0.09879583809693737 acc 40.62% eta 1:10:23
2023-04-10 21:24:25,131 - __main__ - INFO - [INFO] 2023-04-10 21:24:25.130952 Epoch [8/100] batch [385/391] loss 2.5137 lr 0.09879583809693737 acc 29.69% eta 1:09:43
2023-04-10 21:24:25,921 - __main__ - INFO - Computing epoch 8 validation accuracy...
2023-04-10 21:24:29,895 - __main__ - INFO - Computing epoch 8 validation loss...
2023-04-10 21:24:34,120 - __main__ - INFO - [INFO] 2023-04-10 21:24:34.120420 Epoch [9/100] batch [1/391] loss 2.4277 lr 0.09842915805643156 acc 32.03% eta 1:13:03
2023-04-10 21:24:51,115 - __main__ - INFO - [INFO] 2023-04-10 21:24:51.115362 Epoch [9/100] batch [129/391] loss 2.3867 lr 0.09842915805643156 acc 32.81% eta 1:09:01
2023-04-10 21:25:07,981 - __main__ - INFO - [INFO] 2023-04-10 21:25:07.981357 Epoch [9/100] batch [257/391] loss 2.4473 lr 0.09842915805643156 acc 32.81% eta 1:08:28
2023-04-10 21:25:25,358 - __main__ - INFO - [INFO] 2023-04-10 21:25:25.358030 Epoch [9/100] batch [385/391] loss 2.2637 lr 0.09842915805643156 acc 35.94% eta 1:08:53
2023-04-10 21:25:26,147 - __main__ - INFO - Computing epoch 9 validation accuracy...
2023-04-10 21:25:30,075 - __main__ - INFO - Computing epoch 9 validation loss...
2023-04-10 21:25:34,413 - __main__ - INFO - [INFO] 2023-04-10 21:25:34.413738 Epoch [10/100] batch [1/391] loss 2.4102 lr 0.09801468428384716 acc 46.88% eta 1:30:01
2023-04-10 21:25:51,523 - __main__ - INFO - [INFO] 2023-04-10 21:25:51.523776 Epoch [10/100] batch [129/391] loss 2.2734 lr 0.09801468428384716 acc 36.72% eta 1:09:04
2023-04-10 21:26:08,595 - __main__ - INFO - [INFO] 2023-04-10 21:26:08.595045 Epoch [10/100] batch [257/391] loss 2.5371 lr 0.09801468428384716 acc 30.47% eta 1:08:28
2023-04-10 21:26:25,722 - __main__ - INFO - [INFO] 2023-04-10 21:26:25.721862 Epoch [10/100] batch [385/391] loss 2.2090 lr 0.09801468428384716 acc 39.84% eta 1:08:17
2023-04-10 21:26:26,541 - __main__ - INFO - Computing epoch 10 validation accuracy...
2023-04-10 21:26:30,525 - __main__ - INFO - Computing epoch 10 validation loss...
2023-04-10 21:26:34,782 - __main__ - INFO - [INFO] 2023-04-10 21:26:34.782795 Epoch [11/100] batch [1/391] loss 2.5449 lr 0.09755282581475769 acc 42.19% eta 1:25:06
2023-04-10 21:26:52,128 - __main__ - INFO - [INFO] 2023-04-10 21:26:52.127842 Epoch [11/100] batch [129/391] loss 2.4629 lr 0.09755282581475769 acc 37.50% eta 1:09:08
2023-04-10 21:27:09,282 - __main__ - INFO - [INFO] 2023-04-10 21:27:09.281884 Epoch [11/100] batch [257/391] loss 2.5605 lr 0.09755282581475769 acc 34.38% eta 1:08:22
2023-04-10 21:27:26,327 - __main__ - INFO - [INFO] 2023-04-10 21:27:26.326955 Epoch [11/100] batch [385/391] loss 2.2793 lr 0.09755282581475769 acc 36.72% eta 1:07:48
2023-04-10 21:27:27,106 - __main__ - INFO - Computing epoch 11 validation accuracy...
2023-04-10 21:27:31,198 - __main__ - INFO - Computing epoch 11 validation loss...
2023-04-10 21:27:35,388 - __main__ - INFO - [INFO] 2023-04-10 21:27:35.388063 Epoch [12/100] batch [1/391] loss 2.1465 lr 0.09704403844771128 acc 39.06% eta 1:11:29
2023-04-10 21:27:52,348 - __main__ - INFO - [INFO] 2023-04-10 21:27:52.348184 Epoch [12/100] batch [129/391] loss 2.5469 lr 0.09704403844771128 acc 34.38% eta 1:06:32
2023-04-10 21:28:09,590 - __main__ - INFO - [INFO] 2023-04-10 21:28:09.590590 Epoch [12/100] batch [257/391] loss 2.2090 lr 0.09704403844771128 acc 45.31% eta 1:06:54
2023-04-10 21:28:26,737 - __main__ - INFO - [INFO] 2023-04-10 21:28:26.737627 Epoch [12/100] batch [385/391] loss 2.1934 lr 0.09704403844771128 acc 39.06% eta 1:06:43
2023-04-10 21:28:27,511 - __main__ - INFO - Computing epoch 12 validation accuracy...
2023-04-10 21:28:31,490 - __main__ - INFO - Computing epoch 12 validation loss...
2023-04-10 21:28:35,917 - __main__ - INFO - [INFO] 2023-04-10 21:28:35.917364 Epoch [13/100] batch [1/391] loss 2.1250 lr 0.09648882429441258 acc 40.62% eta 1:12:27
2023-04-10 21:28:53,019 - __main__ - INFO - [INFO] 2023-04-10 21:28:53.019555 Epoch [13/100] batch [129/391] loss 2.0938 lr 0.09648882429441258 acc 33.59% eta 1:06:20
2023-04-10 21:29:09,889 - __main__ - INFO - [INFO] 2023-04-10 21:29:09.889157 Epoch [13/100] batch [257/391] loss 2.3105 lr 0.09648882429441258 acc 35.16% eta 1:05:40
2023-04-10 21:29:27,041 - __main__ - INFO - [INFO] 2023-04-10 21:29:27.041519 Epoch [13/100] batch [385/391] loss 2.3066 lr 0.09648882429441258 acc 35.16% eta 1:05:41
2023-04-10 21:29:27,833 - __main__ - INFO - Computing epoch 13 validation accuracy...
2023-04-10 21:29:31,878 - __main__ - INFO - Computing epoch 13 validation loss...
2023-04-10 21:29:36,066 - __main__ - INFO - [INFO] 2023-04-10 21:29:36.066248 Epoch [14/100] batch [1/391] loss 2.0469 lr 0.09588773128419906 acc 39.84% eta 1:08:15
2023-04-10 21:29:53,579 - __main__ - INFO - [INFO] 2023-04-10 21:29:53.579441 Epoch [14/100] batch [129/391] loss 2.1113 lr 0.09588773128419906 acc 42.97% eta 1:07:18
2023-04-10 21:30:10,812 - __main__ - INFO - [INFO] 2023-04-10 21:30:10.812805 Epoch [14/100] batch [257/391] loss 2.1348 lr 0.09588773128419906 acc 44.53% eta 1:06:31
2023-04-10 21:30:27,899 - __main__ - INFO - [INFO] 2023-04-10 21:30:27.899790 Epoch [14/100] batch [385/391] loss 2.1270 lr 0.09588773128419906 acc 36.72% eta 1:05:54
2023-04-10 21:30:28,691 - __main__ - INFO - Computing epoch 14 validation accuracy...
2023-04-10 21:30:32,764 - __main__ - INFO - Computing epoch 14 validation loss...
2023-04-10 21:30:36,960 - __main__ - INFO - [INFO] 2023-04-10 21:30:36.960711 Epoch [15/100] batch [1/391] loss 2.1680 lr 0.09524135262330098 acc 42.19% eta 1:06:16
2023-04-10 21:30:54,621 - __main__ - INFO - [INFO] 2023-04-10 21:30:54.621062 Epoch [15/100] batch [129/391] loss 1.8018 lr 0.09524135262330098 acc 53.91% eta 1:07:04
2023-04-10 21:31:11,741 - __main__ - INFO - [INFO] 2023-04-10 21:31:11.740887 Epoch [15/100] batch [257/391] loss 2.0645 lr 0.09524135262330098 acc 41.41% eta 1:05:40
2023-04-10 21:31:28,749 - __main__ - INFO - [INFO] 2023-04-10 21:31:28.749598 Epoch [15/100] batch [385/391] loss 2.1309 lr 0.09524135262330098 acc 39.06% eta 1:04:59
2023-04-10 21:31:29,534 - __main__ - INFO - Computing epoch 15 validation accuracy...
2023-04-10 21:31:33,794 - __main__ - INFO - Computing epoch 15 validation loss...
2023-04-10 21:31:37,973 - __main__ - INFO - [INFO] 2023-04-10 21:31:37.973709 Epoch [16/100] batch [1/391] loss 1.9785 lr 0.0945503262094184 acc 43.75% eta 1:08:24
2023-04-10 21:31:55,455 - __main__ - INFO - [INFO] 2023-04-10 21:31:55.455300 Epoch [16/100] batch [129/391] loss 2.1230 lr 0.0945503262094184 acc 40.62% eta 1:05:47
2023-04-10 21:32:12,715 - __main__ - INFO - [INFO] 2023-04-10 21:32:12.715783 Epoch [16/100] batch [257/391] loss 2.2480 lr 0.0945503262094184 acc 39.06% eta 1:05:02
2023-04-10 21:32:30,023 - __main__ - INFO - [INFO] 2023-04-10 21:32:30.023192 Epoch [16/100] batch [385/391] loss 1.7930 lr 0.0945503262094184 acc 51.56% eta 1:04:39
2023-04-10 21:32:30,801 - __main__ - INFO - Computing epoch 16 validation accuracy...
2023-04-10 21:32:34,896 - __main__ - INFO - Computing epoch 16 validation loss...
2023-04-10 21:32:39,041 - __main__ - INFO - [INFO] 2023-04-10 21:32:39.041354 Epoch [17/100] batch [1/391] loss 2.0332 lr 0.09381533400219319 acc 38.28% eta 1:10:18
2023-04-10 21:32:56,137 - __main__ - INFO - [INFO] 2023-04-10 21:32:56.137711 Epoch [17/100] batch [129/391] loss 2.0195 lr 0.09381533400219319 acc 39.06% eta 1:03:29
2023-04-10 21:33:13,637 - __main__ - INFO - [INFO] 2023-04-10 21:33:13.637768 Epoch [17/100] batch [257/391] loss 2.4199 lr 0.09381533400219319 acc 35.16% eta 1:03:56
2023-04-10 21:33:31,474 - __main__ - INFO - [INFO] 2023-04-10 21:33:31.474188 Epoch [17/100] batch [385/391] loss 2.0273 lr 0.09381533400219319 acc 35.94% eta 1:04:23
2023-04-10 21:33:32,251 - __main__ - INFO - Computing epoch 17 validation accuracy...
2023-04-10 21:33:36,276 - __main__ - INFO - Computing epoch 17 validation loss...
2023-04-10 21:33:40,518 - __main__ - INFO - [INFO] 2023-04-10 21:33:40.518201 Epoch [18/100] batch [1/391] loss 2.0820 lr 0.0930371013501972 acc 46.88% eta 1:07:13
2023-04-10 21:33:57,727 - __main__ - INFO - [INFO] 2023-04-10 21:33:57.727388 Epoch [18/100] batch [129/391] loss 1.9346 lr 0.0930371013501972 acc 50.00% eta 1:03:15
2023-04-10 21:34:15,100 - __main__ - INFO - [INFO] 2023-04-10 21:34:15.100596 Epoch [18/100] batch [257/391] loss 2.1328 lr 0.0930371013501972 acc 37.50% eta 1:03:10
2023-04-10 21:34:32,266 - __main__ - INFO - [INFO] 2023-04-10 21:34:32.266208 Epoch [18/100] batch [385/391] loss 1.8564 lr 0.0930371013501972 acc 51.56% eta 1:02:44
2023-04-10 21:34:33,137 - __main__ - INFO - Computing epoch 18 validation accuracy...
2023-04-10 21:34:37,475 - __main__ - INFO - Computing epoch 18 validation loss...
2023-04-10 21:34:42,039 - __main__ - INFO - [INFO] 2023-04-10 21:34:42.039059 Epoch [19/100] batch [1/391] loss 1.9707 lr 0.09221639627510078 acc 48.44% eta 1:21:26
2023-04-10 21:34:59,645 - __main__ - INFO - [INFO] 2023-04-10 21:34:59.645110 Epoch [19/100] batch [129/391] loss 1.7422 lr 0.09221639627510078 acc 50.00% eta 1:04:00
2023-04-10 21:35:16,891 - __main__ - INFO - [INFO] 2023-04-10 21:35:16.891084 Epoch [19/100] batch [257/391] loss 1.9961 lr 0.09221639627510078 acc 47.66% eta 1:02:55
2023-04-10 21:35:33,943 - __main__ - INFO - [INFO] 2023-04-10 21:35:33.942864 Epoch [19/100] batch [385/391] loss 1.8359 lr 0.09221639627510078 acc 51.56% eta 1:02:09
2023-04-10 21:35:34,740 - __main__ - INFO - Computing epoch 19 validation accuracy...
2023-04-10 21:35:38,806 - __main__ - INFO - Computing epoch 19 validation loss...
2023-04-10 21:35:43,199 - __main__ - INFO - [INFO] 2023-04-10 21:35:43.199669 Epoch [20/100] batch [1/391] loss 1.7725 lr 0.09135402871372812 acc 47.66% eta 1:07:33
2023-04-10 21:36:00,330 - __main__ - INFO - [INFO] 2023-04-10 21:36:00.330331 Epoch [20/100] batch [129/391] loss 1.7979 lr 0.09135402871372812 acc 53.12% eta 1:01:14
2023-04-10 21:36:17,980 - __main__ - INFO - [INFO] 2023-04-10 21:36:17.979866 Epoch [20/100] batch [257/391] loss 1.9951 lr 0.09135402871372812 acc 50.00% eta 1:02:00
2023-04-10 21:36:35,340 - __main__ - INFO - [INFO] 2023-04-10 21:36:35.340672 Epoch [20/100] batch [385/391] loss 1.9180 lr 0.09135402871372812 acc 53.12% eta 1:01:43
2023-04-10 21:36:36,114 - __main__ - INFO - Computing epoch 20 validation accuracy...
2023-04-10 21:36:40,091 - __main__ - INFO - Computing epoch 20 validation loss...
2023-04-10 21:36:44,303 - __main__ - INFO - [INFO] 2023-04-10 21:36:44.303072 Epoch [21/100] batch [1/391] loss 1.9404 lr 0.09045084971874741 acc 38.28% eta 1:03:38
2023-04-10 21:37:01,512 - __main__ - INFO - [INFO] 2023-04-10 21:37:01.511915 Epoch [21/100] batch [129/391] loss 2.0098 lr 0.09045084971874741 acc 42.97% eta 1:00:55
2023-04-10 21:37:18,628 - __main__ - INFO - [INFO] 2023-04-10 21:37:18.628051 Epoch [21/100] batch [257/391] loss 1.7598 lr 0.09045084971874741 acc 47.66% eta 1:00:23
2023-04-10 21:37:35,864 - __main__ - INFO - [INFO] 2023-04-10 21:37:35.864294 Epoch [21/100] batch [385/391] loss 1.6963 lr 0.09045084971874741 acc 47.66% eta 1:00:12
2023-04-10 21:37:36,666 - __main__ - INFO - Computing epoch 21 validation accuracy...
2023-04-10 21:37:40,636 - __main__ - INFO - Computing epoch 21 validation loss...
2023-04-10 21:37:44,858 - __main__ - INFO - [INFO] 2023-04-10 21:37:44.857924 Epoch [22/100] batch [1/391] loss 1.7393 lr 0.08950775061878455 acc 49.22% eta 1:04:17
2023-04-10 21:38:02,189 - __main__ - INFO - [INFO] 2023-04-10 21:38:02.188989 Epoch [22/100] batch [129/391] loss 1.9111 lr 0.08950775061878455 acc 53.12% eta 1:00:29
2023-04-10 21:38:19,204 - __main__ - INFO - [INFO] 2023-04-10 21:38:19.204351 Epoch [22/100] batch [257/391] loss 1.9736 lr 0.08950775061878455 acc 49.22% eta 0:59:38
2023-04-10 21:38:36,504 - __main__ - INFO - [INFO] 2023-04-10 21:38:36.504058 Epoch [22/100] batch [385/391] loss 1.9668 lr 0.08950775061878455 acc 44.53% eta 0:59:30
2023-04-10 21:38:37,313 - __main__ - INFO - Computing epoch 22 validation accuracy...
2023-04-10 21:38:41,307 - __main__ - INFO - Computing epoch 22 validation loss...
2023-04-10 21:38:45,518 - __main__ - INFO - [INFO] 2023-04-10 21:38:45.518154 Epoch [23/100] batch [1/391] loss 1.4883 lr 0.0885256621387895 acc 60.16% eta 1:02:32
2023-04-10 21:39:02,973 - __main__ - INFO - [INFO] 2023-04-10 21:39:02.973795 Epoch [23/100] batch [129/391] loss 1.7871 lr 0.0885256621387895 acc 46.09% eta 1:00:17
2023-04-10 21:39:20,343 - __main__ - INFO - [INFO] 2023-04-10 21:39:20.343023 Epoch [23/100] batch [257/391] loss 1.8750 lr 0.0885256621387895 acc 49.22% eta 0:59:50
2023-04-10 21:39:37,553 - __main__ - INFO - [INFO] 2023-04-10 21:39:37.552991 Epoch [23/100] batch [385/391] loss 1.9883 lr 0.0885256621387895 acc 45.31% eta 0:59:17
2023-04-10 21:39:38,352 - __main__ - INFO - Computing epoch 23 validation accuracy...
2023-04-10 21:39:42,560 - __main__ - INFO - Computing epoch 23 validation loss...
2023-04-10 21:39:46,770 - __main__ - INFO - [INFO] 2023-04-10 21:39:46.769994 Epoch [24/100] batch [1/391] loss 1.6943 lr 0.08750555348152302 acc 52.34% eta 1:02:33
2023-04-10 21:40:04,003 - __main__ - INFO - [INFO] 2023-04-10 21:40:04.003057 Epoch [24/100] batch [129/391] loss 1.8818 lr 0.08750555348152302 acc 47.66% eta 0:58:35
2023-04-10 21:40:21,737 - __main__ - INFO - [INFO] 2023-04-10 21:40:21.737095 Epoch [24/100] batch [257/391] loss 1.6953 lr 0.08750555348152302 acc 49.22% eta 0:59:11
2023-04-10 21:40:38,949 - __main__ - INFO - [INFO] 2023-04-10 21:40:38.949276 Epoch [24/100] batch [385/391] loss 1.4775 lr 0.08750555348152302 acc 57.81% eta 0:58:36
2023-04-10 21:40:39,795 - __main__ - INFO - Computing epoch 24 validation accuracy...
2023-04-10 21:40:43,983 - __main__ - INFO - Computing epoch 24 validation loss...
2023-04-10 21:40:48,240 - __main__ - INFO - [INFO] 2023-04-10 21:40:48.240670 Epoch [25/100] batch [1/391] loss 1.8135 lr 0.08644843137107061 acc 46.88% eta 0:59:18
2023-04-10 21:41:05,644 - __main__ - INFO - [INFO] 2023-04-10 21:41:05.644261 Epoch [25/100] batch [129/391] loss 1.9141 lr 0.08644843137107061 acc 46.09% eta 0:58:32
2023-04-10 21:41:22,647 - __main__ - INFO - [INFO] 2023-04-10 21:41:22.647008 Epoch [25/100] batch [257/391] loss 1.8848 lr 0.08644843137107061 acc 49.22% eta 0:57:33
2023-04-10 21:41:39,777 - __main__ - INFO - [INFO] 2023-04-10 21:41:39.777511 Epoch [25/100] batch [385/391] loss 1.8594 lr 0.08644843137107061 acc 50.00% eta 0:57:10
2023-04-10 21:41:40,558 - __main__ - INFO - Computing epoch 25 validation accuracy...
2023-04-10 21:41:44,536 - __main__ - INFO - Computing epoch 25 validation loss...
2023-04-10 21:41:48,840 - __main__ - INFO - [INFO] 2023-04-10 21:41:48.840219 Epoch [26/100] batch [1/391] loss 1.7529 lr 0.0853553390593274 acc 48.44% eta 0:57:17
2023-04-10 21:42:05,922 - __main__ - INFO - [INFO] 2023-04-10 21:42:05.922143 Epoch [26/100] batch [129/391] loss 2.0098 lr 0.0853553390593274 acc 40.62% eta 0:56:30
2023-04-10 21:42:23,229 - __main__ - INFO - [INFO] 2023-04-10 21:42:23.229037 Epoch [26/100] batch [257/391] loss 1.7139 lr 0.0853553390593274 acc 49.22% eta 0:56:39
2023-04-10 21:42:40,769 - __main__ - INFO - [INFO] 2023-04-10 21:42:40.768858 Epoch [26/100] batch [385/391] loss 2.0957 lr 0.0853553390593274 acc 45.31% eta 0:56:50
2023-04-10 21:42:41,550 - __main__ - INFO - Computing epoch 26 validation accuracy...
2023-04-10 21:42:45,638 - __main__ - INFO - Computing epoch 26 validation loss...
2023-04-10 21:42:49,874 - __main__ - INFO - [INFO] 2023-04-10 21:42:49.874682 Epoch [27/100] batch [1/391] loss 1.6660 lr 0.08422735529643446 acc 44.53% eta 0:59:50
2023-04-10 21:43:07,632 - __main__ - INFO - [INFO] 2023-04-10 21:43:07.632474 Epoch [27/100] batch [129/391] loss 1.6299 lr 0.08422735529643446 acc 48.44% eta 0:58:03
2023-04-10 21:43:24,782 - __main__ - INFO - [INFO] 2023-04-10 21:43:24.782531 Epoch [27/100] batch [257/391] loss 1.6758 lr 0.08422735529643446 acc 55.47% eta 0:56:49
2023-04-10 21:43:42,008 - __main__ - INFO - [INFO] 2023-04-10 21:43:42.007975 Epoch [27/100] batch [385/391] loss 2.0566 lr 0.08422735529643446 acc 39.06% eta 0:56:20
2023-04-10 21:43:42,803 - __main__ - INFO - Computing epoch 27 validation accuracy...
2023-04-10 21:43:46,659 - __main__ - INFO - Computing epoch 27 validation loss...
2023-04-10 21:43:50,887 - __main__ - INFO - [INFO] 2023-04-10 21:43:50.886956 Epoch [28/100] batch [1/391] loss 1.6963 lr 0.08306559326618262 acc 54.69% eta 0:57:53
2023-04-10 21:44:07,927 - __main__ - INFO - [INFO] 2023-04-10 21:44:07.927702 Epoch [28/100] batch [129/391] loss 1.8486 lr 0.08306559326618262 acc 52.34% eta 0:54:53
2023-04-10 21:44:25,243 - __main__ - INFO - [INFO] 2023-04-10 21:44:25.243016 Epoch [28/100] batch [257/391] loss 1.9121 lr 0.08306559326618262 acc 42.97% eta 0:55:09
2023-04-10 21:44:42,685 - __main__ - INFO - [INFO] 2023-04-10 21:44:42.684952 Epoch [28/100] batch [385/391] loss 1.6094 lr 0.08306559326618262 acc 60.16% eta 0:55:11
2023-04-10 21:44:43,457 - __main__ - INFO - Computing epoch 28 validation accuracy...
2023-04-10 21:44:47,516 - __main__ - INFO - Computing epoch 28 validation loss...
2023-04-10 21:44:51,821 - __main__ - INFO - [INFO] 2023-04-10 21:44:51.821347 Epoch [29/100] batch [1/391] loss 1.6699 lr 0.08187119948743452 acc 51.56% eta 1:12:43
2023-04-10 21:45:09,377 - __main__ - INFO - [INFO] 2023-04-10 21:45:09.377065 Epoch [29/100] batch [129/391] loss 1.7100 lr 0.08187119948743452 acc 54.69% eta 0:56:02
2023-04-10 21:45:26,529 - __main__ - INFO - [INFO] 2023-04-10 21:45:26.529804 Epoch [29/100] batch [257/391] loss 1.6152 lr 0.08187119948743452 acc 57.81% eta 0:55:03
2023-04-10 21:45:43,498 - __main__ - INFO - [INFO] 2023-04-10 21:45:43.497968 Epoch [29/100] batch [385/391] loss 2.0840 lr 0.08187119948743452 acc 49.22% eta 0:54:19
2023-04-10 21:45:44,262 - __main__ - INFO - Computing epoch 29 validation accuracy...
2023-04-10 21:45:48,221 - __main__ - INFO - Computing epoch 29 validation loss...
2023-04-10 21:45:52,471 - __main__ - INFO - [INFO] 2023-04-10 21:45:52.471332 Epoch [30/100] batch [1/391] loss 1.6934 lr 0.08064535268264886 acc 56.25% eta 0:58:26
2023-04-10 21:46:09,407 - __main__ - INFO - [INFO] 2023-04-10 21:46:09.407598 Epoch [30/100] batch [129/391] loss 1.7168 lr 0.08064535268264886 acc 52.34% eta 0:53:03
2023-04-10 21:46:26,395 - __main__ - INFO - [INFO] 2023-04-10 21:46:26.395291 Epoch [30/100] batch [257/391] loss 1.9346 lr 0.08064535268264886 acc 42.19% eta 0:52:55
2023-04-10 21:46:43,740 - __main__ - INFO - [INFO] 2023-04-10 21:46:43.740055 Epoch [30/100] batch [385/391] loss 1.9795 lr 0.08064535268264886 acc 52.34% eta 0:53:04
2023-04-10 21:46:44,576 - __main__ - INFO - Computing epoch 30 validation accuracy...
2023-04-10 21:46:48,590 - __main__ - INFO - Computing epoch 30 validation loss...
2023-04-10 21:46:52,815 - __main__ - INFO - [INFO] 2023-04-10 21:46:52.815514 Epoch [31/100] batch [1/391] loss 1.7812 lr 0.0793892626146237 acc 53.91% eta 0:56:07
2023-04-10 21:47:10,035 - __main__ - INFO - [INFO] 2023-04-10 21:47:10.035070 Epoch [31/100] batch [129/391] loss 1.8438 lr 0.0793892626146237 acc 44.53% eta 0:53:13
2023-04-10 21:47:27,235 - __main__ - INFO - [INFO] 2023-04-10 21:47:27.235157 Epoch [31/100] batch [257/391] loss 1.7451 lr 0.0793892626146237 acc 53.91% eta 0:52:59
2023-04-10 21:47:44,580 - __main__ - INFO - [INFO] 2023-04-10 21:47:44.579996 Epoch [31/100] batch [385/391] loss 1.8076 lr 0.0793892626146237 acc 51.56% eta 0:52:50
2023-04-10 21:47:45,373 - __main__ - INFO - Computing epoch 31 validation accuracy...
2023-04-10 21:47:49,535 - __main__ - INFO - Computing epoch 31 validation loss...
2023-04-10 21:47:53,916 - __main__ - INFO - [INFO] 2023-04-10 21:47:53.916464 Epoch [32/100] batch [1/391] loss 1.6807 lr 0.07810416889260657 acc 53.91% eta 0:57:13
2023-04-10 21:48:11,257 - __main__ - INFO - [INFO] 2023-04-10 21:48:11.257072 Epoch [32/100] batch [129/391] loss 1.8037 lr 0.07810416889260657 acc 55.47% eta 0:52:53
2023-04-10 21:48:28,637 - __main__ - INFO - [INFO] 2023-04-10 21:48:28.637794 Epoch [32/100] batch [257/391] loss 2.1934 lr 0.07810416889260657 acc 39.84% eta 0:52:39
2023-04-10 21:48:45,749 - __main__ - INFO - [INFO] 2023-04-10 21:48:45.749507 Epoch [32/100] batch [385/391] loss 1.6826 lr 0.07810416889260657 acc 50.00% eta 0:52:08
2023-04-10 21:48:46,538 - __main__ - INFO - Computing epoch 32 validation accuracy...
2023-04-10 21:48:50,562 - __main__ - INFO - Computing epoch 32 validation loss...
2023-04-10 21:48:55,001 - __main__ - INFO - [INFO] 2023-04-10 21:48:55.001009 Epoch [33/100] batch [1/391] loss 1.5820 lr 0.07679133974894986 acc 57.81% eta 0:56:08
2023-04-10 21:49:12,323 - __main__ - INFO - [INFO] 2023-04-10 21:49:12.323105 Epoch [33/100] batch [129/391] loss 1.2646 lr 0.07679133974894986 acc 62.50% eta 0:52:02
2023-04-10 21:49:29,553 - __main__ - INFO - [INFO] 2023-04-10 21:49:29.553021 Epoch [33/100] batch [257/391] loss 2.1074 lr 0.07679133974894986 acc 36.72% eta 0:51:39
2023-04-10 21:49:49,033 - __main__ - INFO - [INFO] 2023-04-10 21:49:49.033569 Epoch [33/100] batch [385/391] loss 1.4385 lr 0.07679133974894986 acc 57.81% eta 0:53:56
2023-04-10 21:49:49,912 - __main__ - INFO - Computing epoch 33 validation accuracy...
2023-04-10 21:49:53,947 - __main__ - INFO - Computing epoch 33 validation loss...
2023-04-10 21:49:58,326 - __main__ - INFO - [INFO] 2023-04-10 21:49:58.325539 Epoch [34/100] batch [1/391] loss 1.5166 lr 0.0754520707875186 acc 63.28% eta 1:19:18
2023-04-10 21:50:15,648 - __main__ - INFO - [INFO] 2023-04-10 21:50:15.648311 Epoch [34/100] batch [129/391] loss 1.8184 lr 0.0754520707875186 acc 46.09% eta 0:51:30
2023-04-10 21:50:32,762 - __main__ - INFO - [INFO] 2023-04-10 21:50:32.762181 Epoch [34/100] batch [257/391] loss 1.9082 lr 0.0754520707875186 acc 50.00% eta 0:50:44
2023-04-10 21:50:49,714 - __main__ - INFO - [INFO] 2023-04-10 21:50:49.714144 Epoch [34/100] batch [385/391] loss 1.5811 lr 0.0754520707875186 acc 59.38% eta 0:50:09
2023-04-10 21:50:50,492 - __main__ - INFO - Computing epoch 34 validation accuracy...
2023-04-10 21:50:54,668 - __main__ - INFO - Computing epoch 34 validation loss...
2023-04-10 21:50:58,987 - __main__ - INFO - [INFO] 2023-04-10 21:50:58.986933 Epoch [35/100] batch [1/391] loss 1.3730 lr 0.0740876837050858 acc 63.28% eta 0:54:02
2023-04-10 21:51:15,915 - __main__ - INFO - [INFO] 2023-04-10 21:51:15.915788 Epoch [35/100] batch [129/391] loss 1.7041 lr 0.0740876837050858 acc 47.66% eta 0:49:13
2023-04-10 21:51:32,828 - __main__ - INFO - [INFO] 2023-04-10 21:51:32.827903 Epoch [35/100] batch [257/391] loss 1.6309 lr 0.0740876837050858 acc 52.34% eta 0:48:51
2023-04-10 21:51:50,135 - __main__ - INFO - [INFO] 2023-04-10 21:51:50.135097 Epoch [35/100] batch [385/391] loss 1.9473 lr 0.0740876837050858 acc 46.09% eta 0:49:03
2023-04-10 21:51:50,928 - __main__ - INFO - Computing epoch 35 validation accuracy...
2023-04-10 21:51:54,910 - __main__ - INFO - Computing epoch 35 validation loss...
2023-04-10 21:51:59,140 - __main__ - INFO - [INFO] 2023-04-10 21:51:59.140408 Epoch [36/100] batch [1/391] loss 1.8193 lr 0.07269952498697738 acc 46.88% eta 0:53:48
2023-04-10 21:52:16,269 - __main__ - INFO - [INFO] 2023-04-10 21:52:16.268879 Epoch [36/100] batch [129/391] loss 1.4189 lr 0.07269952498697738 acc 59.38% eta 0:49:06
2023-04-10 21:52:33,294 - __main__ - INFO - [INFO] 2023-04-10 21:52:33.294492 Epoch [36/100] batch [257/391] loss 1.7793 lr 0.07269952498697738 acc 57.81% eta 0:48:40
2023-04-10 21:52:50,569 - __main__ - INFO - [INFO] 2023-04-10 21:52:50.569454 Epoch [36/100] batch [385/391] loss 1.7617 lr 0.07269952498697738 acc 50.00% eta 0:48:37
2023-04-10 21:52:51,371 - __main__ - INFO - Computing epoch 36 validation accuracy...
2023-04-10 21:52:55,448 - __main__ - INFO - Computing epoch 36 validation loss...
2023-04-10 21:52:59,661 - __main__ - INFO - [INFO] 2023-04-10 21:52:59.661339 Epoch [37/100] batch [1/391] loss 1.4541 lr 0.07128896457825366 acc 57.03% eta 0:54:27
2023-04-10 21:53:17,499 - __main__ - INFO - [INFO] 2023-04-10 21:53:17.499083 Epoch [37/100] batch [129/391] loss 1.2998 lr 0.07128896457825366 acc 64.84% eta 0:50:17
2023-04-10 21:53:34,969 - __main__ - INFO - [INFO] 2023-04-10 21:53:34.969309 Epoch [37/100] batch [257/391] loss 1.5586 lr 0.07128896457825366 acc 40.62% eta 0:49:33
2023-04-10 21:53:52,078 - __main__ - INFO - [INFO] 2023-04-10 21:53:52.078376 Epoch [37/100] batch [385/391] loss 1.7295 lr 0.07128896457825366 acc 48.44% eta 0:48:44
2023-04-10 21:53:52,845 - __main__ - INFO - Computing epoch 37 validation accuracy...
2023-04-10 21:53:57,046 - __main__ - INFO - Computing epoch 37 validation loss...
2023-04-10 21:54:01,460 - __main__ - INFO - [INFO] 2023-04-10 21:54:01.460487 Epoch [38/100] batch [1/391] loss 1.6572 lr 0.06985739453173906 acc 50.00% eta 0:59:45
2023-04-10 21:54:18,581 - __main__ - INFO - [INFO] 2023-04-10 21:54:18.581112 Epoch [38/100] batch [129/391] loss 1.6797 lr 0.06985739453173906 acc 47.66% eta 0:47:40
2023-04-10 21:54:36,378 - __main__ - INFO - [INFO] 2023-04-10 21:54:36.378538 Epoch [38/100] batch [257/391] loss 1.6475 lr 0.06985739453173906 acc 53.91% eta 0:48:18
2023-04-10 21:54:53,620 - __main__ - INFO - [INFO] 2023-04-10 21:54:53.620471 Epoch [38/100] batch [385/391] loss 1.7422 lr 0.06985739453173906 acc 46.88% eta 0:47:49
2023-04-10 21:54:54,405 - __main__ - INFO - Computing epoch 38 validation accuracy...
2023-04-10 21:54:58,407 - __main__ - INFO - Computing epoch 38 validation loss...
2023-04-10 21:55:02,787 - __main__ - INFO - [INFO] 2023-04-10 21:55:02.787249 Epoch [39/100] batch [1/391] loss 1.6455 lr 0.06840622763423394 acc 51.56% eta 0:49:00
2023-04-10 21:55:19,883 - __main__ - INFO - [INFO] 2023-04-10 21:55:19.882943 Epoch [39/100] batch [129/391] loss 1.4717 lr 0.06840622763423394 acc 54.69% eta 0:46:43
2023-04-10 21:55:37,046 - __main__ - INFO - [INFO] 2023-04-10 21:55:37.046115 Epoch [39/100] batch [257/391] loss 1.5068 lr 0.06840622763423394 acc 58.59% eta 0:46:31
2023-04-10 21:55:54,519 - __main__ - INFO - [INFO] 2023-04-10 21:55:54.519657 Epoch [39/100] batch [385/391] loss 1.6670 lr 0.06840622763423394 acc 54.69% eta 0:46:35
2023-04-10 21:55:55,291 - __main__ - INFO - Computing epoch 39 validation accuracy...
2023-04-10 21:55:59,284 - __main__ - INFO - Computing epoch 39 validation loss...
2023-04-10 21:56:03,639 - __main__ - INFO - [INFO] 2023-04-10 21:56:03.639330 Epoch [40/100] batch [1/391] loss 1.5635 lr 0.06693689601226462 acc 55.47% eta 0:52:08
2023-04-10 21:56:21,162 - __main__ - INFO - [INFO] 2023-04-10 21:56:21.162184 Epoch [40/100] batch [129/391] loss 1.5107 lr 0.06693689601226462 acc 54.69% eta 0:47:17
2023-04-10 21:56:38,188 - __main__ - INFO - [INFO] 2023-04-10 21:56:38.188027 Epoch [40/100] batch [257/391] loss 1.3066 lr 0.06693689601226462 acc 63.28% eta 0:46:13
2023-04-10 21:56:55,504 - __main__ - INFO - [INFO] 2023-04-10 21:56:55.504428 Epoch [40/100] batch [385/391] loss 1.4531 lr 0.06693689601226462 acc 61.72% eta 0:46:00
2023-04-10 21:56:56,450 - __main__ - INFO - Computing epoch 40 validation accuracy...
2023-04-10 21:57:00,504 - __main__ - INFO - Computing epoch 40 validation loss...
2023-04-10 21:57:04,726 - __main__ - INFO - [INFO] 2023-04-10 21:57:04.726578 Epoch [41/100] batch [1/391] loss 1.4443 lr 0.06545084971874741 acc 54.69% eta 0:45:45
2023-04-10 21:57:22,136 - __main__ - INFO - [INFO] 2023-04-10 21:57:22.136500 Epoch [41/100] batch [129/391] loss 1.7607 lr 0.06545084971874741 acc 48.44% eta 0:46:03
2023-04-10 21:57:39,263 - __main__ - INFO - [INFO] 2023-04-10 21:57:39.263068 Epoch [41/100] batch [257/391] loss 1.6328 lr 0.06545084971874741 acc 48.44% eta 0:45:25
2023-04-10 21:57:56,440 - __main__ - INFO - [INFO] 2023-04-10 21:57:56.440621 Epoch [41/100] batch [385/391] loss 1.3477 lr 0.06545084971874741 acc 59.38% eta 0:45:04
2023-04-10 21:57:57,221 - __main__ - INFO - Computing epoch 41 validation accuracy...
2023-04-10 21:58:01,253 - __main__ - INFO - Computing epoch 41 validation loss...
2023-04-10 21:58:05,480 - __main__ - INFO - [INFO] 2023-04-10 21:58:05.480123 Epoch [42/100] batch [1/391] loss 1.3818 lr 0.06394955530196152 acc 57.81% eta 0:46:14
2023-04-10 21:58:22,764 - __main__ - INFO - [INFO] 2023-04-10 21:58:22.764708 Epoch [42/100] batch [129/391] loss 1.6670 lr 0.06394955530196152 acc 54.69% eta 0:44:57
2023-04-10 21:58:39,994 - __main__ - INFO - [INFO] 2023-04-10 21:58:39.994473 Epoch [42/100] batch [257/391] loss 1.4697 lr 0.06394955530196152 acc 53.91% eta 0:44:38
2023-04-10 21:58:57,325 - __main__ - INFO - [INFO] 2023-04-10 21:58:57.325309 Epoch [42/100] batch [385/391] loss 1.7412 lr 0.06394955530196152 acc 54.69% eta 0:44:26
2023-04-10 21:58:58,116 - __main__ - INFO - Computing epoch 42 validation accuracy...
2023-04-10 21:59:02,057 - __main__ - INFO - Computing epoch 42 validation loss...
2023-04-10 21:59:06,226 - __main__ - INFO - [INFO] 2023-04-10 21:59:06.226325 Epoch [43/100] batch [1/391] loss 1.6748 lr 0.062434494358242776 acc 46.88% eta 0:46:29
2023-04-10 21:59:23,358 - __main__ - INFO - [INFO] 2023-04-10 21:59:23.358605 Epoch [43/100] batch [129/391] loss 1.4014 lr 0.062434494358242776 acc 58.59% eta 0:43:48
2023-04-10 21:59:40,394 - __main__ - INFO - [INFO] 2023-04-10 21:59:40.394491 Epoch [43/100] batch [257/391] loss 1.9121 lr 0.062434494358242776 acc 53.91% eta 0:43:22
2023-04-10 21:59:57,744 - __main__ - INFO - [INFO] 2023-04-10 21:59:57.744204 Epoch [43/100] batch [385/391] loss 1.7197 lr 0.062434494358242776 acc 47.66% eta 0:43:24
2023-04-10 21:59:58,519 - __main__ - INFO - Computing epoch 43 validation accuracy...
2023-04-10 22:00:02,597 - __main__ - INFO - Computing epoch 43 validation loss...
2023-04-10 22:00:06,937 - __main__ - INFO - [INFO] 2023-04-10 22:00:06.937053 Epoch [44/100] batch [1/391] loss 1.5078 lr 0.06090716206982718 acc 46.88% eta 0:45:04
2023-04-10 22:00:24,385 - __main__ - INFO - [INFO] 2023-04-10 22:00:24.385632 Epoch [44/100] batch [129/391] loss 1.2373 lr 0.06090716206982718 acc 62.50% eta 0:43:50
2023-04-10 22:00:41,364 - __main__ - INFO - [INFO] 2023-04-10 22:00:41.364805 Epoch [44/100] batch [257/391] loss 1.5840 lr 0.06090716206982718 acc 50.78% eta 0:42:59
2023-04-10 22:00:58,838 - __main__ - INFO - [INFO] 2023-04-10 22:00:58.838304 Epoch [44/100] batch [385/391] loss 1.8633 lr 0.06090716206982718 acc 47.66% eta 0:42:56
2023-04-10 22:00:59,733 - __main__ - INFO - Computing epoch 44 validation accuracy...
2023-04-10 22:01:03,701 - __main__ - INFO - Computing epoch 44 validation loss...
2023-04-10 22:01:07,900 - __main__ - INFO - [INFO] 2023-04-10 22:01:07.900497 Epoch [45/100] batch [1/391] loss 1.5830 lr 0.05936906572928628 acc 52.34% eta 0:44:15
2023-04-10 22:01:24,947 - __main__ - INFO - [INFO] 2023-04-10 22:01:24.947245 Epoch [45/100] batch [129/391] loss 1.5781 lr 0.05936906572928628 acc 54.69% eta 0:42:08
2023-04-10 22:01:42,768 - __main__ - INFO - [INFO] 2023-04-10 22:01:42.768819 Epoch [45/100] batch [257/391] loss 1.7637 lr 0.05936906572928628 acc 42.97% eta 0:42:50
2023-04-10 22:02:00,356 - __main__ - INFO - [INFO] 2023-04-10 22:02:00.355899 Epoch [45/100] batch [385/391] loss 1.5137 lr 0.05936906572928628 acc 63.28% eta 0:42:43
2023-04-10 22:02:01,149 - __main__ - INFO - Computing epoch 45 validation accuracy...
2023-04-10 22:02:05,122 - __main__ - INFO - Computing epoch 45 validation loss...
2023-04-10 22:02:09,342 - __main__ - INFO - [INFO] 2023-04-10 22:02:09.342079 Epoch [46/100] batch [1/391] loss 1.4912 lr 0.05782172325201159 acc 50.78% eta 0:47:29
2023-04-10 22:02:26,514 - __main__ - INFO - [INFO] 2023-04-10 22:02:26.514271 Epoch [46/100] batch [129/391] loss 1.6035 lr 0.05782172325201159 acc 50.00% eta 0:41:41
2023-04-10 22:02:43,840 - __main__ - INFO - [INFO] 2023-04-10 22:02:43.840186 Epoch [46/100] batch [257/391] loss 1.6104 lr 0.05782172325201159 acc 60.16% eta 0:41:36
2023-04-10 22:03:01,338 - __main__ - INFO - [INFO] 2023-04-10 22:03:01.338740 Epoch [46/100] batch [385/391] loss 1.4629 lr 0.05782172325201159 acc 58.59% eta 0:41:33
2023-04-10 22:03:02,153 - __main__ - INFO - Computing epoch 46 validation accuracy...
2023-04-10 22:03:06,221 - __main__ - INFO - Computing epoch 46 validation loss...
2023-04-10 22:03:10,475 - __main__ - INFO - [INFO] 2023-04-10 22:03:10.475609 Epoch [47/100] batch [1/391] loss 1.2920 lr 0.056266661678215264 acc 56.25% eta 0:56:37
2023-04-10 22:03:27,550 - __main__ - INFO - [INFO] 2023-04-10 22:03:27.550424 Epoch [47/100] batch [129/391] loss 1.5244 lr 0.056266661678215264 acc 57.81% eta 0:40:44
2023-04-10 22:03:45,074 - __main__ - INFO - [INFO] 2023-04-10 22:03:45.074032 Epoch [47/100] batch [257/391] loss 1.3955 lr 0.056266661678215264 acc 49.22% eta 0:41:00
2023-04-10 22:04:02,366 - __main__ - INFO - [INFO] 2023-04-10 22:04:02.366043 Epoch [47/100] batch [385/391] loss 1.3955 lr 0.056266661678215264 acc 55.47% eta 0:40:44
2023-04-10 22:04:03,145 - __main__ - INFO - Computing epoch 47 validation accuracy...
2023-04-10 22:04:07,546 - __main__ - INFO - Computing epoch 47 validation loss...
2023-04-10 22:04:11,832 - __main__ - INFO - [INFO] 2023-04-10 22:04:11.832344 Epoch [48/100] batch [1/391] loss 1.1748 lr 0.05470541566592575 acc 56.25% eta 0:41:20
2023-04-10 22:04:31,285 - __main__ - INFO - [INFO] 2023-04-10 22:04:31.284871 Epoch [48/100] batch [129/391] loss 1.4570 lr 0.05470541566592575 acc 57.03% eta 0:46:11
2023-04-10 22:04:50,867 - __main__ - INFO - [INFO] 2023-04-10 22:04:50.867617 Epoch [48/100] batch [257/391] loss 1.5928 lr 0.05470541566592575 acc 56.25% eta 0:46:02
2023-04-10 22:05:10,153 - __main__ - INFO - [INFO] 2023-04-10 22:05:10.153211 Epoch [48/100] batch [385/391] loss 1.4551 lr 0.05470541566592575 acc 61.72% eta 0:45:35
2023-04-10 22:05:11,088 - __main__ - INFO - Computing epoch 48 validation accuracy...
2023-04-10 22:05:15,219 - __main__ - INFO - Computing epoch 48 validation loss...
2023-04-10 22:05:19,489 - __main__ - INFO - [INFO] 2023-04-10 22:05:19.489186 Epoch [49/100] batch [1/391] loss 1.3154 lr 0.053139525976465714 acc 56.25% eta 0:44:29
2023-04-10 22:05:36,762 - __main__ - INFO - [INFO] 2023-04-10 22:05:36.762159 Epoch [49/100] batch [129/391] loss 1.5625 lr 0.053139525976465714 acc 53.91% eta 0:39:34
2023-04-10 22:05:53,948 - __main__ - INFO - [INFO] 2023-04-10 22:05:53.947859 Epoch [49/100] batch [257/391] loss 1.3789 lr 0.053139525976465714 acc 58.59% eta 0:39:14
2023-04-10 22:06:11,876 - __main__ - INFO - [INFO] 2023-04-10 22:06:11.876050 Epoch [49/100] batch [385/391] loss 1.4287 lr 0.053139525976465714 acc 60.94% eta 0:39:31
2023-04-10 22:06:12,703 - __main__ - INFO - Computing epoch 49 validation accuracy...
2023-04-10 22:06:17,202 - __main__ - INFO - Computing epoch 49 validation loss...
2023-04-10 22:06:21,914 - __main__ - INFO - [INFO] 2023-04-10 22:06:21.914243 Epoch [50/100] batch [1/391] loss 1.7490 lr 0.05157053795390645 acc 42.19% eta 0:45:32
2023-04-10 22:06:43,575 - __main__ - INFO - [INFO] 2023-04-10 22:06:43.574951 Epoch [50/100] batch [129/391] loss 1.3271 lr 0.05157053795390645 acc 57.81% eta 0:48:56
2023-04-10 22:07:01,057 - __main__ - INFO - [INFO] 2023-04-10 22:07:01.057376 Epoch [50/100] batch [257/391] loss 1.5781 lr 0.05157053795390645 acc 57.81% eta 0:43:50
2023-04-10 22:07:18,505 - __main__ - INFO - [INFO] 2023-04-10 22:07:18.505349 Epoch [50/100] batch [385/391] loss 1.3955 lr 0.05157053795390645 acc 53.91% eta 0:41:54
2023-04-10 22:07:19,295 - __main__ - INFO - Computing epoch 50 validation accuracy...
2023-04-10 22:07:23,405 - __main__ - INFO - Computing epoch 50 validation loss...
2023-04-10 22:07:27,696 - __main__ - INFO - [INFO] 2023-04-10 22:07:27.696382 Epoch [51/100] batch [1/391] loss 1.3389 lr 0.05000000000000004 acc 56.25% eta 0:41:12
2023-04-10 22:07:44,917 - __main__ - INFO - [INFO] 2023-04-10 22:07:44.917006 Epoch [51/100] batch [129/391] loss 1.2275 lr 0.05000000000000004 acc 59.38% eta 0:37:57
2023-04-10 22:08:01,982 - __main__ - INFO - [INFO] 2023-04-10 22:08:01.982520 Epoch [51/100] batch [257/391] loss 1.6084 lr 0.05000000000000004 acc 48.44% eta 0:37:30
2023-04-10 22:08:19,438 - __main__ - INFO - [INFO] 2023-04-10 22:08:19.438519 Epoch [51/100] batch [385/391] loss 1.3340 lr 0.05000000000000004 acc 66.41% eta 0:37:27
2023-04-10 22:08:20,231 - __main__ - INFO - Computing epoch 51 validation accuracy...
2023-04-10 22:08:24,355 - __main__ - INFO - Computing epoch 51 validation loss...
2023-04-10 22:08:28,584 - __main__ - INFO - [INFO] 2023-04-10 22:08:28.584633 Epoch [52/100] batch [1/391] loss 1.3838 lr 0.04842946204609362 acc 59.38% eta 0:39:50
2023-04-10 22:08:46,033 - __main__ - INFO - [INFO] 2023-04-10 22:08:46.033228 Epoch [52/100] batch [129/391] loss 1.2559 lr 0.04842946204609362 acc 61.72% eta 0:37:43
2023-04-10 22:09:03,375 - __main__ - INFO - [INFO] 2023-04-10 22:09:03.374933 Epoch [52/100] batch [257/391] loss 1.2197 lr 0.04842946204609362 acc 61.72% eta 0:37:19
2023-04-10 22:09:20,924 - __main__ - INFO - [INFO] 2023-04-10 22:09:20.923980 Epoch [52/100] batch [385/391] loss 1.2021 lr 0.04842946204609362 acc 69.53% eta 0:37:12
2023-04-10 22:09:21,692 - __main__ - INFO - Computing epoch 52 validation accuracy...
2023-04-10 22:09:25,706 - __main__ - INFO - Computing epoch 52 validation loss...
2023-04-10 22:09:29,960 - __main__ - INFO - [INFO] 2023-04-10 22:09:29.960394 Epoch [53/100] batch [1/391] loss 1.3047 lr 0.04686047402353437 acc 60.16% eta 0:37:39
2023-04-10 22:09:47,256 - __main__ - INFO - [INFO] 2023-04-10 22:09:47.256742 Epoch [53/100] batch [129/391] loss 1.3555 lr 0.04686047402353437 acc 62.50% eta 0:36:35
2023-04-10 22:10:04,822 - __main__ - INFO - [INFO] 2023-04-10 22:10:04.822269 Epoch [53/100] batch [257/391] loss 1.3750 lr 0.04686047402353437 acc 60.16% eta 0:36:36
2023-04-10 22:10:22,080 - __main__ - INFO - [INFO] 2023-04-10 22:10:22.079917 Epoch [53/100] batch [385/391] loss 1.5732 lr 0.04686047402353437 acc 50.00% eta 0:36:13
2023-04-10 22:10:22,866 - __main__ - INFO - Computing epoch 53 validation accuracy...
2023-04-10 22:10:26,930 - __main__ - INFO - Computing epoch 53 validation loss...
2023-04-10 22:10:31,171 - __main__ - INFO - [INFO] 2023-04-10 22:10:31.171054 Epoch [54/100] batch [1/391] loss 1.4131 lr 0.045294584334074316 acc 59.38% eta 0:41:23
2023-04-10 22:10:48,281 - __main__ - INFO - [INFO] 2023-04-10 22:10:48.280815 Epoch [54/100] batch [129/391] loss 1.5791 lr 0.045294584334074316 acc 53.91% eta 0:35:27
2023-04-10 22:11:05,680 - __main__ - INFO - [INFO] 2023-04-10 22:11:05.679895 Epoch [54/100] batch [257/391] loss 1.4922 lr 0.045294584334074316 acc 57.81% eta 0:35:27
2023-04-10 22:11:22,978 - __main__ - INFO - [INFO] 2023-04-10 22:11:22.978745 Epoch [54/100] batch [385/391] loss 1.0859 lr 0.045294584334074316 acc 69.53% eta 0:35:14
2023-04-10 22:11:23,777 - __main__ - INFO - Computing epoch 54 validation accuracy...
2023-04-10 22:11:27,877 - __main__ - INFO - Computing epoch 54 validation loss...
2023-04-10 22:11:32,144 - __main__ - INFO - [INFO] 2023-04-10 22:11:32.144584 Epoch [55/100] batch [1/391] loss 1.1592 lr 0.043733338321784825 acc 66.41% eta 0:36:09
2023-04-10 22:11:49,595 - __main__ - INFO - [INFO] 2023-04-10 22:11:49.593599 Epoch [55/100] batch [129/391] loss 1.3135 lr 0.043733338321784825 acc 61.72% eta 0:35:20
2023-04-10 22:12:07,456 - __main__ - INFO - [INFO] 2023-04-10 22:12:07.455856 Epoch [55/100] batch [257/391] loss 1.2666 lr 0.043733338321784825 acc 64.84% eta 0:35:31
2023-04-10 22:12:25,227 - __main__ - INFO - [INFO] 2023-04-10 22:12:25.226468 Epoch [55/100] batch [385/391] loss 1.5039 lr 0.043733338321784825 acc 57.81% eta 0:35:21
2023-04-10 22:12:26,046 - __main__ - INFO - Computing epoch 55 validation accuracy...
2023-04-10 22:12:30,276 - __main__ - INFO - Computing epoch 55 validation loss...
2023-04-10 22:12:34,552 - __main__ - INFO - [INFO] 2023-04-10 22:12:34.552555 Epoch [56/100] batch [1/391] loss 1.1621 lr 0.042178276747988484 acc 69.53% eta 0:37:42
2023-04-10 22:12:52,643 - __main__ - INFO - [INFO] 2023-04-10 22:12:52.643568 Epoch [56/100] batch [129/391] loss 1.4541 lr 0.042178276747988484 acc 64.84% eta 0:35:52
2023-04-10 22:13:10,286 - __main__ - INFO - [INFO] 2023-04-10 22:13:10.286326 Epoch [56/100] batch [257/391] loss 1.3057 lr 0.042178276747988484 acc 57.81% eta 0:35:08
2023-04-10 22:13:28,078 - __main__ - INFO - [INFO] 2023-04-10 22:13:28.078687 Epoch [56/100] batch [385/391] loss 1.4004 lr 0.042178276747988484 acc 53.91% eta 0:34:49
2023-04-10 22:13:28,854 - __main__ - INFO - Computing epoch 56 validation accuracy...
2023-04-10 22:13:32,800 - __main__ - INFO - Computing epoch 56 validation loss...
2023-04-10 22:13:36,975 - __main__ - INFO - [INFO] 2023-04-10 22:13:36.975549 Epoch [57/100] batch [1/391] loss 1.2295 lr 0.0406309342707138 acc 64.84% eta 0:35:41
2023-04-10 22:13:54,664 - __main__ - INFO - [INFO] 2023-04-10 22:13:54.664163 Epoch [57/100] batch [129/391] loss 1.5166 lr 0.0406309342707138 acc 47.66% eta 0:34:15
2023-04-10 22:14:11,838 - __main__ - INFO - [INFO] 2023-04-10 22:14:11.838525 Epoch [57/100] batch [257/391] loss 1.2617 lr 0.0406309342707138 acc 52.34% eta 0:33:29
2023-04-10 22:14:29,028 - __main__ - INFO - [INFO] 2023-04-10 22:14:29.028393 Epoch [57/100] batch [385/391] loss 1.3135 lr 0.0406309342707138 acc 54.69% eta 0:33:04
2023-04-10 22:14:29,832 - __main__ - INFO - Computing epoch 57 validation accuracy...
2023-04-10 22:14:33,995 - __main__ - INFO - Computing epoch 57 validation loss...
2023-04-10 22:14:38,516 - __main__ - INFO - [INFO] 2023-04-10 22:14:38.516424 Epoch [58/100] batch [1/391] loss 1.0146 lr 0.039092837930172916 acc 68.75% eta 0:34:51
2023-04-10 22:14:56,357 - __main__ - INFO - [INFO] 2023-04-10 22:14:56.356827 Epoch [58/100] batch [129/391] loss 1.1758 lr 0.039092837930172916 acc 61.72% eta 0:33:48
2023-04-10 22:15:13,706 - __main__ - INFO - [INFO] 2023-04-10 22:15:13.706497 Epoch [58/100] batch [257/391] loss 1.5566 lr 0.039092837930172916 acc 47.66% eta 0:33:02
2023-04-10 22:15:31,012 - __main__ - INFO - [INFO] 2023-04-10 22:15:31.012007 Epoch [58/100] batch [385/391] loss 1.3086 lr 0.039092837930172916 acc 68.75% eta 0:32:36
2023-04-10 22:15:31,852 - __main__ - INFO - Computing epoch 58 validation accuracy...
2023-04-10 22:15:35,960 - __main__ - INFO - Computing epoch 58 validation loss...
2023-04-10 22:15:40,185 - __main__ - INFO - [INFO] 2023-04-10 22:15:40.185729 Epoch [59/100] batch [1/391] loss 1.2764 lr 0.037565505641757285 acc 59.38% eta 0:33:28
2023-04-10 22:15:57,815 - __main__ - INFO - [INFO] 2023-04-10 22:15:57.815270 Epoch [59/100] batch [129/391] loss 1.3135 lr 0.037565505641757285 acc 61.72% eta 0:32:37
2023-04-10 22:16:15,624 - __main__ - INFO - [INFO] 2023-04-10 22:16:15.624179 Epoch [59/100] batch [257/391] loss 1.4072 lr 0.037565505641757285 acc 53.91% eta 0:32:36
2023-04-10 22:16:33,294 - __main__ - INFO - [INFO] 2023-04-10 22:16:33.293821 Epoch [59/100] batch [385/391] loss 1.5791 lr 0.037565505641757285 acc 57.03% eta 0:32:18
2023-04-10 22:16:34,102 - __main__ - INFO - Computing epoch 59 validation accuracy...
2023-04-10 22:16:38,328 - __main__ - INFO - Computing epoch 59 validation loss...
2023-04-10 22:16:42,669 - __main__ - INFO - [INFO] 2023-04-10 22:16:42.669343 Epoch [60/100] batch [1/391] loss 0.9902 lr 0.03605044469803857 acc 67.19% eta 0:32:58
2023-04-10 22:17:00,874 - __main__ - INFO - [INFO] 2023-04-10 22:17:00.874302 Epoch [60/100] batch [129/391] loss 1.1602 lr 0.03605044469803857 acc 66.41% eta 0:33:01
2023-04-10 22:17:19,033 - __main__ - INFO - [INFO] 2023-04-10 22:17:19.033369 Epoch [60/100] batch [257/391] loss 1.4199 lr 0.03605044469803857 acc 57.03% eta 0:32:40
2023-04-10 22:17:36,592 - __main__ - INFO - [INFO] 2023-04-10 22:17:36.592204 Epoch [60/100] batch [385/391] loss 1.6777 lr 0.03605044469803857 acc 56.25% eta 0:31:59
2023-04-10 22:17:37,375 - __main__ - INFO - Computing epoch 60 validation accuracy...
2023-04-10 22:17:41,631 - __main__ - INFO - Computing epoch 60 validation loss...
2023-04-10 22:17:45,994 - __main__ - INFO - [INFO] 2023-04-10 22:17:45.994117 Epoch [61/100] batch [1/391] loss 0.9971 lr 0.034549150281252675 acc 71.09% eta 0:32:18
2023-04-10 22:18:03,370 - __main__ - INFO - [INFO] 2023-04-10 22:18:03.369891 Epoch [61/100] batch [129/391] loss 1.3564 lr 0.034549150281252675 acc 58.59% eta 0:30:37
2023-04-10 22:18:20,935 - __main__ - INFO - [INFO] 2023-04-10 22:18:20.935812 Epoch [61/100] batch [257/391] loss 1.4150 lr 0.034549150281252675 acc 57.81% eta 0:30:30
2023-04-10 22:18:38,056 - __main__ - INFO - [INFO] 2023-04-10 22:18:38.056071 Epoch [61/100] batch [385/391] loss 1.2676 lr 0.034549150281252675 acc 59.38% eta 0:30:02
2023-04-10 22:18:38,842 - __main__ - INFO - Computing epoch 61 validation accuracy...
2023-04-10 22:18:42,834 - __main__ - INFO - Computing epoch 61 validation loss...
2023-04-10 22:18:46,993 - __main__ - INFO - [INFO] 2023-04-10 22:18:46.993602 Epoch [62/100] batch [1/391] loss 1.1504 lr 0.03306310398773546 acc 67.19% eta 0:30:05
2023-04-10 22:19:04,324 - __main__ - INFO - [INFO] 2023-04-10 22:19:04.323941 Epoch [62/100] batch [129/391] loss 1.0703 lr 0.03306310398773546 acc 67.97% eta 0:29:43
2023-04-10 22:19:21,261 - __main__ - INFO - [INFO] 2023-04-10 22:19:21.261220 Epoch [62/100] batch [257/391] loss 1.2656 lr 0.03306310398773546 acc 57.81% eta 0:29:07
2023-04-10 22:19:38,703 - __main__ - INFO - [INFO] 2023-04-10 22:19:38.703618 Epoch [62/100] batch [385/391] loss 1.3633 lr 0.03306310398773546 acc 57.03% eta 0:29:03
2023-04-10 22:19:39,545 - __main__ - INFO - Computing epoch 62 validation accuracy...
2023-04-10 22:19:43,525 - __main__ - INFO - Computing epoch 62 validation loss...
2023-04-10 22:19:47,755 - __main__ - INFO - [INFO] 2023-04-10 22:19:47.755774 Epoch [63/100] batch [1/391] loss 1.1816 lr 0.031593772365766146 acc 66.41% eta 0:32:27
2023-04-10 22:20:04,737 - __main__ - INFO - [INFO] 2023-04-10 22:20:04.737021 Epoch [63/100] batch [129/391] loss 1.1299 lr 0.031593772365766146 acc 65.62% eta 0:28:23
2023-04-10 22:20:21,923 - __main__ - INFO - [INFO] 2023-04-10 22:20:21.922816 Epoch [63/100] batch [257/391] loss 1.3623 lr 0.031593772365766146 acc 64.84% eta 0:28:17
2023-04-10 22:20:39,063 - __main__ - INFO - [INFO] 2023-04-10 22:20:39.063022 Epoch [63/100] batch [385/391] loss 1.1367 lr 0.031593772365766146 acc 60.94% eta 0:28:03
2023-04-10 22:20:39,828 - __main__ - INFO - Computing epoch 63 validation accuracy...
2023-04-10 22:20:43,768 - __main__ - INFO - Computing epoch 63 validation loss...
2023-04-10 22:20:48,010 - __main__ - INFO - [INFO] 2023-04-10 22:20:48.010587 Epoch [64/100] batch [1/391] loss 1.3379 lr 0.030142605468260992 acc 65.62% eta 0:31:05
2023-04-10 22:21:05,070 - __main__ - INFO - [INFO] 2023-04-10 22:21:05.070047 Epoch [64/100] batch [129/391] loss 1.1465 lr 0.030142605468260992 acc 67.19% eta 0:27:44
2023-04-10 22:21:22,195 - __main__ - INFO - [INFO] 2023-04-10 22:21:22.195078 Epoch [64/100] batch [257/391] loss 1.4639 lr 0.030142605468260992 acc 60.16% eta 0:27:31
2023-04-10 22:21:39,268 - __main__ - INFO - [INFO] 2023-04-10 22:21:39.268559 Epoch [64/100] batch [385/391] loss 1.3486 lr 0.030142605468260992 acc 60.94% eta 0:27:15
2023-04-10 22:21:40,112 - __main__ - INFO - Computing epoch 64 validation accuracy...
2023-04-10 22:21:44,280 - __main__ - INFO - Computing epoch 64 validation loss...
2023-04-10 22:21:48,459 - __main__ - INFO - [INFO] 2023-04-10 22:21:48.459308 Epoch [65/100] batch [1/391] loss 0.9585 lr 0.028711035421746394 acc 72.66% eta 0:29:55
2023-04-10 22:22:05,507 - __main__ - INFO - [INFO] 2023-04-10 22:22:05.507588 Epoch [65/100] batch [129/391] loss 1.0381 lr 0.028711035421746394 acc 72.66% eta 0:26:56
2023-04-10 22:22:23,161 - __main__ - INFO - [INFO] 2023-04-10 22:22:23.161332 Epoch [65/100] batch [257/391] loss 1.0166 lr 0.028711035421746394 acc 67.97% eta 0:27:17
2023-04-10 22:22:41,024 - __main__ - INFO - [INFO] 2023-04-10 22:22:41.024699 Epoch [65/100] batch [385/391] loss 1.2422 lr 0.028711035421746394 acc 67.97% eta 0:27:22
2023-04-10 22:22:41,867 - __main__ - INFO - Computing epoch 65 validation accuracy...
2023-04-10 22:22:45,990 - __main__ - INFO - Computing epoch 65 validation loss...
2023-04-10 22:22:50,187 - __main__ - INFO - [INFO] 2023-04-10 22:22:50.187288 Epoch [66/100] batch [1/391] loss 1.2812 lr 0.027300475013022688 acc 62.50% eta 0:35:30
2023-04-10 22:23:07,529 - __main__ - INFO - [INFO] 2023-04-10 22:23:07.529496 Epoch [66/100] batch [129/391] loss 0.7749 lr 0.027300475013022688 acc 79.69% eta 0:26:56
2023-04-10 22:23:25,311 - __main__ - INFO - [INFO] 2023-04-10 22:23:25.311159 Epoch [66/100] batch [257/391] loss 1.1172 lr 0.027300475013022688 acc 64.06% eta 0:26:58
2023-04-10 22:23:42,923 - __main__ - INFO - [INFO] 2023-04-10 22:23:42.923029 Epoch [66/100] batch [385/391] loss 1.0889 lr 0.027300475013022688 acc 71.09% eta 0:26:42
2023-04-10 22:23:43,735 - __main__ - INFO - Computing epoch 66 validation accuracy...
2023-04-10 22:23:47,765 - __main__ - INFO - Computing epoch 66 validation loss...
2023-04-10 22:23:51,933 - __main__ - INFO - [INFO] 2023-04-10 22:23:51.933247 Epoch [67/100] batch [1/391] loss 1.1035 lr 0.025912316294914254 acc 62.50% eta 0:30:59
2023-04-10 22:24:09,500 - __main__ - INFO - [INFO] 2023-04-10 22:24:09.500385 Epoch [67/100] batch [129/391] loss 0.9902 lr 0.025912316294914254 acc 78.12% eta 0:26:31
2023-04-10 22:24:27,514 - __main__ - INFO - [INFO] 2023-04-10 22:24:27.514331 Epoch [67/100] batch [257/391] loss 1.1719 lr 0.025912316294914254 acc 64.06% eta 0:26:33
2023-04-10 22:24:45,418 - __main__ - INFO - [INFO] 2023-04-10 22:24:45.418335 Epoch [67/100] batch [385/391] loss 1.1025 lr 0.025912316294914254 acc 71.09% eta 0:26:21
2023-04-10 22:24:46,233 - __main__ - INFO - Computing epoch 67 validation accuracy...
2023-04-10 22:24:50,235 - __main__ - INFO - Computing epoch 67 validation loss...
2023-04-10 22:24:54,485 - __main__ - INFO - [INFO] 2023-04-10 22:24:54.484923 Epoch [68/100] batch [1/391] loss 1.0928 lr 0.02454792921248146 acc 69.53% eta 0:27:43
2023-04-10 22:25:12,550 - __main__ - INFO - [INFO] 2023-04-10 22:25:12.550265 Epoch [68/100] batch [129/391] loss 0.9849 lr 0.02454792921248146 acc 72.66% eta 0:26:25
2023-04-10 22:25:30,131 - __main__ - INFO - [INFO] 2023-04-10 22:25:30.130959 Epoch [68/100] batch [257/391] loss 1.0352 lr 0.02454792921248146 acc 70.31% eta 0:25:48
2023-04-10 22:25:48,088 - __main__ - INFO - [INFO] 2023-04-10 22:25:48.088168 Epoch [68/100] batch [385/391] loss 1.0762 lr 0.02454792921248146 acc 63.28% eta 0:25:35
2023-04-10 22:25:48,977 - __main__ - INFO - Computing epoch 68 validation accuracy...
2023-04-10 22:25:53,032 - __main__ - INFO - Computing epoch 68 validation loss...
2023-04-10 22:25:57,235 - __main__ - INFO - [INFO] 2023-04-10 22:25:57.235326 Epoch [69/100] batch [1/391] loss 0.8721 lr 0.02320866025105018 acc 71.09% eta 0:27:29
2023-04-10 22:26:14,873 - __main__ - INFO - [INFO] 2023-04-10 22:26:14.873620 Epoch [69/100] batch [129/391] loss 0.9961 lr 0.02320866025105018 acc 71.88% eta 0:24:59
2023-04-10 22:26:32,741 - __main__ - INFO - [INFO] 2023-04-10 22:26:32.740846 Epoch [69/100] batch [257/391] loss 1.0869 lr 0.02320866025105018 acc 61.72% eta 0:24:50
2023-04-10 22:26:50,649 - __main__ - INFO - [INFO] 2023-04-10 22:26:50.648891 Epoch [69/100] batch [385/391] loss 1.0303 lr 0.02320866025105018 acc 74.22% eta 0:24:40
2023-04-10 22:26:51,560 - __main__ - INFO - Computing epoch 69 validation accuracy...
2023-04-10 22:26:55,555 - __main__ - INFO - Computing epoch 69 validation loss...
2023-04-10 22:26:59,765 - __main__ - INFO - [INFO] 2023-04-10 22:26:59.765047 Epoch [70/100] batch [1/391] loss 1.2178 lr 0.021895831107393487 acc 64.84% eta 0:24:51
2023-04-10 22:27:17,327 - __main__ - INFO - [INFO] 2023-04-10 22:27:17.327594 Epoch [70/100] batch [129/391] loss 1.0479 lr 0.021895831107393487 acc 77.34% eta 0:24:06
2023-04-10 22:27:35,458 - __main__ - INFO - [INFO] 2023-04-10 22:27:35.458724 Epoch [70/100] batch [257/391] loss 1.1865 lr 0.021895831107393487 acc 63.28% eta 0:24:13
2023-04-10 22:27:53,412 - __main__ - INFO - [INFO] 2023-04-10 22:27:53.412129 Epoch [70/100] batch [385/391] loss 1.2686 lr 0.021895831107393487 acc 58.59% eta 0:23:59
2023-04-10 22:27:54,212 - __main__ - INFO - Computing epoch 70 validation accuracy...
2023-04-10 22:27:58,240 - __main__ - INFO - Computing epoch 70 validation loss...
2023-04-10 22:28:02,334 - __main__ - INFO - [INFO] 2023-04-10 22:28:02.333980 Epoch [71/100] batch [1/391] loss 0.9917 lr 0.02061073738537637 acc 64.06% eta 0:31:22
2023-04-10 22:28:19,790 - __main__ - INFO - [INFO] 2023-04-10 22:28:19.790526 Epoch [71/100] batch [129/391] loss 1.2305 lr 0.02061073738537637 acc 63.28% eta 0:23:16
2023-04-10 22:28:37,404 - __main__ - INFO - [INFO] 2023-04-10 22:28:37.404265 Epoch [71/100] batch [257/391] loss 0.9180 lr 0.02061073738537637 acc 71.88% eta 0:23:03
2023-04-10 22:28:54,948 - __main__ - INFO - [INFO] 2023-04-10 22:28:54.948378 Epoch [71/100] batch [385/391] loss 0.9634 lr 0.02061073738537637 acc 71.88% eta 0:22:45
2023-04-10 22:28:55,769 - __main__ - INFO - Computing epoch 71 validation accuracy...
2023-04-10 22:28:59,678 - __main__ - INFO - Computing epoch 71 validation loss...
2023-04-10 22:29:03,878 - __main__ - INFO - [INFO] 2023-04-10 22:29:03.878127 Epoch [72/100] batch [1/391] loss 0.8931 lr 0.01935464731735119 acc 68.75% eta 0:23:32
2023-04-10 22:29:21,468 - __main__ - INFO - [INFO] 2023-04-10 22:29:21.467976 Epoch [72/100] batch [129/391] loss 1.1465 lr 0.01935464731735119 acc 67.97% eta 0:22:31
2023-04-10 22:29:39,219 - __main__ - INFO - [INFO] 2023-04-10 22:29:39.219578 Epoch [72/100] batch [257/391] loss 0.9097 lr 0.01935464731735119 acc 71.09% eta 0:22:20
2023-04-10 22:29:56,956 - __main__ - INFO - [INFO] 2023-04-10 22:29:56.956506 Epoch [72/100] batch [385/391] loss 1.0127 lr 0.01935464731735119 acc 71.88% eta 0:22:08
2023-04-10 22:29:57,743 - __main__ - INFO - Computing epoch 72 validation accuracy...
2023-04-10 22:30:01,759 - __main__ - INFO - Computing epoch 72 validation loss...
2023-04-10 22:30:05,922 - __main__ - INFO - [INFO] 2023-04-10 22:30:05.921998 Epoch [73/100] batch [1/391] loss 0.8765 lr 0.018128800512565532 acc 73.44% eta 0:22:06
2023-04-10 22:30:23,834 - __main__ - INFO - [INFO] 2023-04-10 22:30:23.834106 Epoch [73/100] batch [129/391] loss 1.1611 lr 0.018128800512565532 acc 64.06% eta 0:22:11
2023-04-10 22:30:41,564 - __main__ - INFO - [INFO] 2023-04-10 22:30:41.563920 Epoch [73/100] batch [257/391] loss 0.8926 lr 0.018128800512565532 acc 73.44% eta 0:21:47
2023-04-10 22:30:59,251 - __main__ - INFO - [INFO] 2023-04-10 22:30:59.251783 Epoch [73/100] batch [385/391] loss 0.8726 lr 0.018128800512565532 acc 73.44% eta 0:21:28
2023-04-10 22:31:00,066 - __main__ - INFO - Computing epoch 73 validation accuracy...
2023-04-10 22:31:03,945 - __main__ - INFO - Computing epoch 73 validation loss...
2023-04-10 22:31:07,988 - __main__ - INFO - [INFO] 2023-04-10 22:31:07.988730 Epoch [74/100] batch [1/391] loss 1.0664 lr 0.016934406733817433 acc 72.66% eta 0:21:28
2023-04-10 22:31:25,376 - __main__ - INFO - [INFO] 2023-04-10 22:31:25.376139 Epoch [74/100] batch [129/391] loss 0.9971 lr 0.016934406733817433 acc 73.44% eta 0:20:46
2023-04-10 22:31:43,060 - __main__ - INFO - [INFO] 2023-04-10 22:31:43.060514 Epoch [74/100] batch [257/391] loss 1.0557 lr 0.016934406733817433 acc 71.09% eta 0:20:41
2023-04-10 22:32:01,044 - __main__ - INFO - [INFO] 2023-04-10 22:32:01.043929 Epoch [74/100] batch [385/391] loss 1.0244 lr 0.016934406733817433 acc 75.00% eta 0:20:36
2023-04-10 22:32:01,927 - __main__ - INFO - Computing epoch 74 validation accuracy...
2023-04-10 22:32:05,942 - __main__ - INFO - Computing epoch 74 validation loss...
2023-04-10 22:32:10,250 - __main__ - INFO - [INFO] 2023-04-10 22:32:10.250457 Epoch [75/100] batch [1/391] loss 0.7808 lr 0.01577264470356558 acc 82.81% eta 0:21:59
2023-04-10 22:32:27,927 - __main__ - INFO - [INFO] 2023-04-10 22:32:27.927132 Epoch [75/100] batch [129/391] loss 1.0898 lr 0.01577264470356558 acc 65.62% eta 0:20:15
2023-04-10 22:32:46,293 - __main__ - INFO - [INFO] 2023-04-10 22:32:46.293269 Epoch [75/100] batch [257/391] loss 0.9321 lr 0.01577264470356558 acc 67.97% eta 0:20:24
2023-04-10 22:33:04,987 - __main__ - INFO - [INFO] 2023-04-10 22:33:04.987190 Epoch [75/100] batch [385/391] loss 0.8770 lr 0.01577264470356558 acc 75.00% eta 0:20:22
2023-04-10 22:33:05,796 - __main__ - INFO - Computing epoch 75 validation accuracy...
2023-04-10 22:33:09,955 - __main__ - INFO - Computing epoch 75 validation loss...
2023-04-10 22:33:14,190 - __main__ - INFO - [INFO] 2023-04-10 22:33:14.190727 Epoch [76/100] batch [1/391] loss 0.9380 lr 0.014644660940672643 acc 72.66% eta 0:21:41
2023-04-10 22:33:32,073 - __main__ - INFO - [INFO] 2023-04-10 22:33:32.072916 Epoch [76/100] batch [129/391] loss 0.9312 lr 0.014644660940672643 acc 80.47% eta 0:19:45
2023-04-10 22:33:49,354 - __main__ - INFO - [INFO] 2023-04-10 22:33:49.354565 Epoch [76/100] batch [257/391] loss 0.8237 lr 0.014644660940672643 acc 81.25% eta 0:19:10
2023-04-10 22:34:07,023 - __main__ - INFO - [INFO] 2023-04-10 22:34:07.023531 Epoch [76/100] batch [385/391] loss 0.9180 lr 0.014644660940672643 acc 76.56% eta 0:18:56
2023-04-10 22:34:07,827 - __main__ - INFO - Computing epoch 76 validation accuracy...
2023-04-10 22:34:11,766 - __main__ - INFO - Computing epoch 76 validation loss...
2023-04-10 22:34:15,977 - __main__ - INFO - [INFO] 2023-04-10 22:34:15.977826 Epoch [77/100] batch [1/391] loss 0.7661 lr 0.013551568628929448 acc 77.34% eta 0:19:35
2023-04-10 22:34:33,375 - __main__ - INFO - [INFO] 2023-04-10 22:34:33.374803 Epoch [77/100] batch [129/391] loss 0.8125 lr 0.013551568628929448 acc 78.91% eta 0:18:23
2023-04-10 22:34:50,894 - __main__ - INFO - [INFO] 2023-04-10 22:34:50.893912 Epoch [77/100] batch [257/391] loss 0.9673 lr 0.013551568628929448 acc 76.56% eta 0:18:12
2023-04-10 22:35:08,490 - __main__ - INFO - [INFO] 2023-04-10 22:35:08.490544 Epoch [77/100] batch [385/391] loss 0.5991 lr 0.013551568628929448 acc 85.94% eta 0:18:00
2023-04-10 22:35:09,303 - __main__ - INFO - Computing epoch 77 validation accuracy...
2023-04-10 22:35:13,531 - __main__ - INFO - Computing epoch 77 validation loss...
2023-04-10 22:35:17,698 - __main__ - INFO - [INFO] 2023-04-10 22:35:17.698634 Epoch [78/100] batch [1/391] loss 0.8110 lr 0.012494446518477033 acc 78.12% eta 0:18:52
2023-04-10 22:35:35,256 - __main__ - INFO - [INFO] 2023-04-10 22:35:35.256340 Epoch [78/100] batch [129/391] loss 0.7456 lr 0.012494446518477033 acc 88.28% eta 0:17:51
2023-04-10 22:35:53,093 - __main__ - INFO - [INFO] 2023-04-10 22:35:53.093712 Epoch [78/100] batch [257/391] loss 0.7568 lr 0.012494446518477033 acc 74.22% eta 0:17:39
2023-04-10 22:36:10,659 - __main__ - INFO - [INFO] 2023-04-10 22:36:10.658981 Epoch [78/100] batch [385/391] loss 0.8638 lr 0.012494446518477033 acc 75.78% eta 0:17:21
2023-04-10 22:36:11,464 - __main__ - INFO - Computing epoch 78 validation accuracy...
2023-04-10 22:36:15,332 - __main__ - INFO - Computing epoch 78 validation loss...
2023-04-10 22:36:19,477 - __main__ - INFO - [INFO] 2023-04-10 22:36:19.477465 Epoch [79/100] batch [1/391] loss 0.8267 lr 0.011474337861210555 acc 77.34% eta 0:19:22
2023-04-10 22:36:36,848 - __main__ - INFO - [INFO] 2023-04-10 22:36:36.848721 Epoch [79/100] batch [129/391] loss 0.8740 lr 0.011474337861210555 acc 78.91% eta 0:16:50
2023-04-10 22:36:55,458 - __main__ - INFO - [INFO] 2023-04-10 22:36:55.458638 Epoch [79/100] batch [257/391] loss 1.0107 lr 0.011474337861210555 acc 72.66% eta 0:17:12
2023-04-10 22:37:13,713 - __main__ - INFO - [INFO] 2023-04-10 22:37:13.712883 Epoch [79/100] batch [385/391] loss 0.7690 lr 0.011474337861210555 acc 82.81% eta 0:16:59
2023-04-10 22:37:14,509 - __main__ - INFO - Computing epoch 79 validation accuracy...
2023-04-10 22:37:18,617 - __main__ - INFO - Computing epoch 79 validation loss...
2023-04-10 22:37:22,949 - __main__ - INFO - [INFO] 2023-04-10 22:37:22.949790 Epoch [80/100] batch [1/391] loss 0.7256 lr 0.01049224938121549 acc 77.34% eta 0:19:54
2023-04-10 22:37:40,558 - __main__ - INFO - [INFO] 2023-04-10 22:37:40.558463 Epoch [80/100] batch [129/391] loss 0.7148 lr 0.01049224938121549 acc 82.81% eta 0:16:19
2023-04-10 22:37:58,145 - __main__ - INFO - [INFO] 2023-04-10 22:37:58.144866 Epoch [80/100] batch [257/391] loss 0.8330 lr 0.01049224938121549 acc 75.00% eta 0:16:02
2023-04-10 22:38:15,719 - __main__ - INFO - [INFO] 2023-04-10 22:38:15.718865 Epoch [80/100] batch [385/391] loss 0.7524 lr 0.01049224938121549 acc 80.47% eta 0:15:46
2023-04-10 22:38:16,517 - __main__ - INFO - Computing epoch 80 validation accuracy...
2023-04-10 22:38:20,623 - __main__ - INFO - Computing epoch 80 validation loss...
2023-04-10 22:38:24,837 - __main__ - INFO - [INFO] 2023-04-10 22:38:24.837294 Epoch [81/100] batch [1/391] loss 0.8213 lr 0.009549150281252642 acc 75.78% eta 0:17:01
2023-04-10 22:38:42,709 - __main__ - INFO - [INFO] 2023-04-10 22:38:42.708818 Epoch [81/100] batch [129/391] loss 0.8472 lr 0.009549150281252642 acc 75.78% eta 0:15:42
2023-04-10 22:39:00,516 - __main__ - INFO - [INFO] 2023-04-10 22:39:00.516166 Epoch [81/100] batch [257/391] loss 0.7100 lr 0.009549150281252642 acc 85.94% eta 0:15:25
2023-04-10 22:39:17,920 - __main__ - INFO - [INFO] 2023-04-10 22:39:17.920376 Epoch [81/100] batch [385/391] loss 0.9678 lr 0.009549150281252642 acc 71.88% eta 0:15:02
2023-04-10 22:39:18,697 - __main__ - INFO - Computing epoch 81 validation accuracy...
2023-04-10 22:39:22,716 - __main__ - INFO - Computing epoch 81 validation loss...
2023-04-10 22:39:26,957 - __main__ - INFO - [INFO] 2023-04-10 22:39:26.957117 Epoch [82/100] batch [1/391] loss 0.6943 lr 0.008645971286271922 acc 79.69% eta 0:14:56
2023-04-10 22:39:44,369 - __main__ - INFO - [INFO] 2023-04-10 22:39:44.369076 Epoch [82/100] batch [129/391] loss 0.6558 lr 0.008645971286271922 acc 87.50% eta 0:14:34
2023-04-10 22:40:01,900 - __main__ - INFO - [INFO] 2023-04-10 22:40:01.899983 Epoch [82/100] batch [257/391] loss 0.7939 lr 0.008645971286271922 acc 78.12% eta 0:14:20
2023-04-10 22:40:19,454 - __main__ - INFO - [INFO] 2023-04-10 22:40:19.454409 Epoch [82/100] batch [385/391] loss 0.6309 lr 0.008645971286271922 acc 84.38% eta 0:14:07
2023-04-10 22:40:20,252 - __main__ - INFO - Computing epoch 82 validation accuracy...
2023-04-10 22:40:24,281 - __main__ - INFO - Computing epoch 82 validation loss...
2023-04-10 22:40:28,557 - __main__ - INFO - [INFO] 2023-04-10 22:40:28.557798 Epoch [83/100] batch [1/391] loss 0.6035 lr 0.007783603724899264 acc 82.03% eta 0:14:39
2023-04-10 22:40:45,703 - __main__ - INFO - [INFO] 2023-04-10 22:40:45.703088 Epoch [83/100] batch [129/391] loss 0.7095 lr 0.007783603724899264 acc 81.25% eta 0:13:31
2023-04-10 22:41:03,101 - __main__ - INFO - [INFO] 2023-04-10 22:41:03.101537 Epoch [83/100] batch [257/391] loss 0.5820 lr 0.007783603724899264 acc 84.38% eta 0:13:21
2023-04-10 22:41:20,715 - __main__ - INFO - [INFO] 2023-04-10 22:41:20.714908 Epoch [83/100] batch [385/391] loss 0.8354 lr 0.007783603724899264 acc 73.44% eta 0:13:11
2023-04-10 22:41:21,499 - __main__ - INFO - Computing epoch 83 validation accuracy...
2023-04-10 22:41:25,478 - __main__ - INFO - Computing epoch 83 validation loss...
2023-04-10 22:41:29,596 - __main__ - INFO - [INFO] 2023-04-10 22:41:29.596701 Epoch [84/100] batch [1/391] loss 0.6899 lr 0.006962898649802819 acc 82.03% eta 0:14:11
2023-04-10 22:41:47,492 - __main__ - INFO - [INFO] 2023-04-10 22:41:47.492047 Epoch [84/100] batch [129/391] loss 0.6289 lr 0.006962898649802819 acc 84.38% eta 0:13:22
2023-04-10 22:42:05,600 - __main__ - INFO - [INFO] 2023-04-10 22:42:05.600354 Epoch [84/100] batch [257/391] loss 0.7202 lr 0.006962898649802819 acc 79.69% eta 0:13:08
2023-04-10 22:42:23,178 - __main__ - INFO - [INFO] 2023-04-10 22:42:23.177810 Epoch [84/100] batch [385/391] loss 0.7603 lr 0.006962898649802819 acc 79.69% eta 0:12:48
2023-04-10 22:42:23,997 - __main__ - INFO - Computing epoch 84 validation accuracy...
2023-04-10 22:42:27,921 - __main__ - INFO - Computing epoch 84 validation loss...
2023-04-10 22:42:32,222 - __main__ - INFO - [INFO] 2023-04-10 22:42:32.222215 Epoch [85/100] batch [1/391] loss 0.6812 lr 0.0061846659978068265 acc 81.25% eta 0:13:27
2023-04-10 22:42:50,168 - __main__ - INFO - [INFO] 2023-04-10 22:42:50.168384 Epoch [85/100] batch [129/391] loss 0.6387 lr 0.0061846659978068265 acc 84.38% eta 0:12:35
2023-04-10 22:43:07,589 - __main__ - INFO - [INFO] 2023-04-10 22:43:07.589492 Epoch [85/100] batch [257/391] loss 0.7603 lr 0.0061846659978068265 acc 77.34% eta 0:12:08
2023-04-10 22:43:25,390 - __main__ - INFO - [INFO] 2023-04-10 22:43:25.390571 Epoch [85/100] batch [385/391] loss 0.7549 lr 0.0061846659978068265 acc 78.12% eta 0:11:54
2023-04-10 22:43:26,188 - __main__ - INFO - Computing epoch 85 validation accuracy...
2023-04-10 22:43:30,167 - __main__ - INFO - Computing epoch 85 validation loss...
2023-04-10 22:43:34,369 - __main__ - INFO - [INFO] 2023-04-10 22:43:34.368979 Epoch [86/100] batch [1/391] loss 0.6748 lr 0.005449673790581615 acc 81.25% eta 0:12:23
2023-04-10 22:43:51,648 - __main__ - INFO - [INFO] 2023-04-10 22:43:51.648089 Epoch [86/100] batch [129/391] loss 0.7642 lr 0.005449673790581615 acc 75.78% eta 0:11:22
2023-04-10 22:44:08,904 - __main__ - INFO - [INFO] 2023-04-10 22:44:08.904689 Epoch [86/100] batch [257/391] loss 0.6123 lr 0.005449673790581615 acc 84.38% eta 0:11:06
2023-04-10 22:44:26,571 - __main__ - INFO - [INFO] 2023-04-10 22:44:26.571761 Epoch [86/100] batch [385/391] loss 0.5811 lr 0.005449673790581615 acc 84.38% eta 0:10:55
2023-04-10 22:44:27,368 - __main__ - INFO - Computing epoch 86 validation accuracy...
2023-04-10 22:44:31,285 - __main__ - INFO - Computing epoch 86 validation loss...
2023-04-10 22:44:35,553 - __main__ - INFO - [INFO] 2023-04-10 22:44:35.553060 Epoch [87/100] batch [1/391] loss 0.6484 lr 0.004758647376699036 acc 82.81% eta 0:13:49
2023-04-10 22:44:53,159 - __main__ - INFO - [INFO] 2023-04-10 22:44:53.159663 Epoch [87/100] batch [129/391] loss 0.5820 lr 0.004758647376699036 acc 81.25% eta 0:10:47
2023-04-10 22:45:10,960 - __main__ - INFO - [INFO] 2023-04-10 22:45:10.960087 Epoch [87/100] batch [257/391] loss 0.6846 lr 0.004758647376699036 acc 82.81% eta 0:10:35
2023-04-10 22:45:28,400 - __main__ - INFO - [INFO] 2023-04-10 22:45:28.399894 Epoch [87/100] batch [385/391] loss 0.6245 lr 0.004758647376699036 acc 81.25% eta 0:10:16
2023-04-10 22:45:29,231 - __main__ - INFO - Computing epoch 87 validation accuracy...
2023-04-10 22:45:33,424 - __main__ - INFO - Computing epoch 87 validation loss...
2023-04-10 22:45:37,808 - __main__ - INFO - [INFO] 2023-04-10 22:45:37.808365 Epoch [88/100] batch [1/391] loss 0.5269 lr 0.004112268715800957 acc 83.59% eta 0:10:38
2023-04-10 22:45:55,587 - __main__ - INFO - [INFO] 2023-04-10 22:45:55.587779 Epoch [88/100] batch [129/391] loss 0.6821 lr 0.004112268715800957 acc 79.69% eta 0:10:04
2023-04-10 22:46:13,143 - __main__ - INFO - [INFO] 2023-04-10 22:46:13.143669 Epoch [88/100] batch [257/391] loss 0.5713 lr 0.004112268715800957 acc 82.81% eta 0:09:45
2023-04-10 22:46:30,899 - __main__ - INFO - [INFO] 2023-04-10 22:46:30.899058 Epoch [88/100] batch [385/391] loss 0.6714 lr 0.004112268715800957 acc 82.03% eta 0:09:29
2023-04-10 22:46:31,705 - __main__ - INFO - Computing epoch 88 validation accuracy...
2023-04-10 22:46:35,714 - __main__ - INFO - Computing epoch 88 validation loss...
2023-04-10 22:46:39,984 - __main__ - INFO - [INFO] 2023-04-10 22:46:39.984259 Epoch [89/100] batch [1/391] loss 0.5996 lr 0.003511175705587435 acc 80.47% eta 0:09:28
2023-04-10 22:46:57,799 - __main__ - INFO - [INFO] 2023-04-10 22:46:57.799083 Epoch [89/100] batch [129/391] loss 0.4382 lr 0.003511175705587435 acc 89.06% eta 0:09:16
2023-04-10 22:47:15,694 - __main__ - INFO - [INFO] 2023-04-10 22:47:15.694594 Epoch [89/100] batch [257/391] loss 0.5811 lr 0.003511175705587435 acc 85.16% eta 0:09:02
2023-04-10 22:47:33,304 - __main__ - INFO - [INFO] 2023-04-10 22:47:33.304570 Epoch [89/100] batch [385/391] loss 0.5273 lr 0.003511175705587435 acc 86.72% eta 0:08:44
2023-04-10 22:47:34,126 - __main__ - INFO - Computing epoch 89 validation accuracy...
2023-04-10 22:47:38,263 - __main__ - INFO - Computing epoch 89 validation loss...
2023-04-10 22:47:42,707 - __main__ - INFO - [INFO] 2023-04-10 22:47:42.707428 Epoch [90/100] batch [1/391] loss 0.5112 lr 0.0029559615522887295 acc 87.50% eta 0:08:34
2023-04-10 22:48:00,350 - __main__ - INFO - [INFO] 2023-04-10 22:48:00.349862 Epoch [90/100] batch [129/391] loss 0.4668 lr 0.0029559615522887295 acc 85.16% eta 0:08:26
2023-04-10 22:48:18,104 - __main__ - INFO - [INFO] 2023-04-10 22:48:18.103919 Epoch [90/100] batch [257/391] loss 0.4150 lr 0.0029559615522887295 acc 90.62% eta 0:08:11
2023-04-10 22:48:35,780 - __main__ - INFO - [INFO] 2023-04-10 22:48:35.780633 Epoch [90/100] batch [385/391] loss 0.5820 lr 0.0029559615522887295 acc 83.59% eta 0:07:55
2023-04-10 22:48:36,588 - __main__ - INFO - Computing epoch 90 validation accuracy...
2023-04-10 22:48:40,608 - __main__ - INFO - Computing epoch 90 validation loss...
2023-04-10 22:48:44,870 - __main__ - INFO - [INFO] 2023-04-10 22:48:44.870133 Epoch [91/100] batch [1/391] loss 0.5068 lr 0.0024471741852423253 acc 87.50% eta 0:08:05
2023-04-10 22:49:02,692 - __main__ - INFO - [INFO] 2023-04-10 22:49:02.691994 Epoch [91/100] batch [129/391] loss 0.5459 lr 0.0024471741852423253 acc 86.72% eta 0:07:43
2023-04-10 22:49:20,443 - __main__ - INFO - [INFO] 2023-04-10 22:49:20.442860 Epoch [91/100] batch [257/391] loss 0.4568 lr 0.0024471741852423253 acc 89.06% eta 0:07:26
2023-04-10 22:49:38,266 - __main__ - INFO - [INFO] 2023-04-10 22:49:38.266818 Epoch [91/100] batch [385/391] loss 0.6743 lr 0.0024471741852423253 acc 84.38% eta 0:07:09
2023-04-10 22:49:39,051 - __main__ - INFO - Computing epoch 91 validation accuracy...
2023-04-10 22:49:42,996 - __main__ - INFO - Computing epoch 91 validation loss...
2023-04-10 22:49:47,261 - __main__ - INFO - [INFO] 2023-04-10 22:49:47.261639 Epoch [92/100] batch [1/391] loss 0.4817 lr 0.0019853157161528537 acc 86.72% eta 0:07:53
2023-04-10 22:50:05,289 - __main__ - INFO - [INFO] 2023-04-10 22:50:05.289712 Epoch [92/100] batch [129/391] loss 0.5718 lr 0.0019853157161528537 acc 84.38% eta 0:06:59
2023-04-10 22:50:22,901 - __main__ - INFO - [INFO] 2023-04-10 22:50:22.901366 Epoch [92/100] batch [257/391] loss 0.6064 lr 0.0019853157161528537 acc 86.72% eta 0:06:39
2023-04-10 22:50:40,913 - __main__ - INFO - [INFO] 2023-04-10 22:50:40.913098 Epoch [92/100] batch [385/391] loss 0.5752 lr 0.0019853157161528537 acc 85.16% eta 0:06:25
2023-04-10 22:50:41,720 - __main__ - INFO - Computing epoch 92 validation accuracy...
2023-04-10 22:50:45,761 - __main__ - INFO - Computing epoch 92 validation loss...
2023-04-10 22:50:50,047 - __main__ - INFO - [INFO] 2023-04-10 22:50:50.047039 Epoch [93/100] batch [1/391] loss 0.4917 lr 0.0015708419435684529 acc 84.38% eta 0:06:53
2023-04-10 22:51:07,839 - __main__ - INFO - [INFO] 2023-04-10 22:51:07.839084 Epoch [93/100] batch [129/391] loss 0.4507 lr 0.0015708419435684529 acc 89.84% eta 0:06:05
2023-04-10 22:51:25,080 - __main__ - INFO - [INFO] 2023-04-10 22:51:25.080087 Epoch [93/100] batch [257/391] loss 0.5317 lr 0.0015708419435684529 acc 85.94% eta 0:05:43
2023-04-10 22:51:42,178 - __main__ - INFO - [INFO] 2023-04-10 22:51:42.178149 Epoch [93/100] batch [385/391] loss 0.3838 lr 0.0015708419435684529 acc 89.06% eta 0:05:24
2023-04-10 22:51:42,953 - __main__ - INFO - Computing epoch 93 validation accuracy...
2023-04-10 22:51:46,930 - __main__ - INFO - Computing epoch 93 validation loss...
2023-04-10 22:51:51,118 - __main__ - INFO - [INFO] 2023-04-10 22:51:51.118314 Epoch [94/100] batch [1/391] loss 0.3926 lr 0.0012041619030626347 acc 89.84% eta 0:05:51
2023-04-10 22:52:08,300 - __main__ - INFO - [INFO] 2023-04-10 22:52:08.300396 Epoch [94/100] batch [129/391] loss 0.4348 lr 0.0012041619030626347 acc 89.06% eta 0:05:05
2023-04-10 22:52:25,714 - __main__ - INFO - [INFO] 2023-04-10 22:52:25.714354 Epoch [94/100] batch [257/391] loss 0.4431 lr 0.0012041619030626347 acc 86.72% eta 0:04:52
2023-04-10 22:52:43,176 - __main__ - INFO - [INFO] 2023-04-10 22:52:43.176550 Epoch [94/100] batch [385/391] loss 0.4468 lr 0.0012041619030626347 acc 92.19% eta 0:04:37
2023-04-10 22:52:43,975 - __main__ - INFO - Computing epoch 94 validation accuracy...
2023-04-10 22:52:48,044 - __main__ - INFO - Computing epoch 94 validation loss...
2023-04-10 22:52:52,278 - __main__ - INFO - [INFO] 2023-04-10 22:52:52.278540 Epoch [95/100] batch [1/391] loss 0.4668 lr 0.0008856374635655646 acc 84.38% eta 0:04:48
2023-04-10 22:53:09,555 - __main__ - INFO - [INFO] 2023-04-10 22:53:09.555780 Epoch [95/100] batch [129/391] loss 0.3293 lr 0.0008856374635655646 acc 89.84% eta 0:04:20
2023-04-10 22:53:26,359 - __main__ - INFO - [INFO] 2023-04-10 22:53:26.358827 Epoch [95/100] batch [257/391] loss 0.3901 lr 0.0008856374635655646 acc 91.41% eta 0:04:01
2023-04-10 22:53:43,514 - __main__ - INFO - [INFO] 2023-04-10 22:53:43.514662 Epoch [95/100] batch [385/391] loss 0.3828 lr 0.0008856374635655646 acc 91.41% eta 0:03:47
2023-04-10 22:53:44,314 - __main__ - INFO - Computing epoch 95 validation accuracy...
2023-04-10 22:53:48,342 - __main__ - INFO - Computing epoch 95 validation loss...
2023-04-10 22:53:52,569 - __main__ - INFO - [INFO] 2023-04-10 22:53:52.569365 Epoch [96/100] batch [1/391] loss 0.5674 lr 0.0006155829702431174 acc 83.59% eta 0:04:00
2023-04-10 22:54:09,718 - __main__ - INFO - [INFO] 2023-04-10 22:54:09.718661 Epoch [96/100] batch [129/391] loss 0.4375 lr 0.0006155829702431174 acc 89.06% eta 0:03:32
2023-04-10 22:54:27,202 - __main__ - INFO - [INFO] 2023-04-10 22:54:27.202530 Epoch [96/100] batch [257/391] loss 0.3906 lr 0.0006155829702431174 acc 85.16% eta 0:03:19
2023-04-10 22:54:44,973 - __main__ - INFO - [INFO] 2023-04-10 22:54:44.973575 Epoch [96/100] batch [385/391] loss 0.3555 lr 0.0006155829702431174 acc 90.62% eta 0:03:06
2023-04-10 22:54:45,770 - __main__ - INFO - Computing epoch 96 validation accuracy...
2023-04-10 22:54:49,743 - __main__ - INFO - Computing epoch 96 validation loss...
2023-04-10 22:54:53,994 - __main__ - INFO - [INFO] 2023-04-10 22:54:53.993747 Epoch [97/100] batch [1/391] loss 0.4851 lr 0.00039426493427611206 acc 85.16% eta 0:03:38
2023-04-10 22:55:12,145 - __main__ - INFO - [INFO] 2023-04-10 22:55:12.145810 Epoch [97/100] batch [129/391] loss 0.4404 lr 0.00039426493427611206 acc 87.50% eta 0:02:59
2023-04-10 22:55:29,648 - __main__ - INFO - [INFO] 2023-04-10 22:55:29.648437 Epoch [97/100] batch [257/391] loss 0.6030 lr 0.00039426493427611206 acc 81.25% eta 0:02:40
2023-04-10 22:55:46,818 - __main__ - INFO - [INFO] 2023-04-10 22:55:46.818292 Epoch [97/100] batch [385/391] loss 0.5356 lr 0.00039426493427611206 acc 85.16% eta 0:02:22
2023-04-10 22:55:47,663 - __main__ - INFO - Computing epoch 97 validation accuracy...
2023-04-10 22:55:51,674 - __main__ - INFO - Computing epoch 97 validation loss...
2023-04-10 22:55:55,919 - __main__ - INFO - [INFO] 2023-04-10 22:55:55.919031 Epoch [98/100] batch [1/391] loss 0.4531 lr 0.00022190176984600036 acc 87.50% eta 0:02:23
2023-04-10 22:56:13,796 - __main__ - INFO - [INFO] 2023-04-10 22:56:13.796409 Epoch [98/100] batch [129/391] loss 0.4788 lr 0.00022190176984600036 acc 92.19% eta 0:02:08
2023-04-10 22:56:31,724 - __main__ - INFO - [INFO] 2023-04-10 22:56:31.724653 Epoch [98/100] batch [257/391] loss 0.5132 lr 0.00022190176984600036 acc 84.38% eta 0:01:52
2023-04-10 22:56:49,394 - __main__ - INFO - [INFO] 2023-04-10 22:56:49.394541 Epoch [98/100] batch [385/391] loss 0.4595 lr 0.00022190176984600036 acc 89.84% eta 0:01:36
2023-04-10 22:56:50,225 - __main__ - INFO - Computing epoch 98 validation accuracy...
2023-04-10 22:56:54,195 - __main__ - INFO - Computing epoch 98 validation loss...
2023-04-10 22:56:58,501 - __main__ - INFO - [INFO] 2023-04-10 22:56:58.501222 Epoch [99/100] batch [1/391] loss 0.4336 lr 9.866357858642213e-05 acc 87.50% eta 0:02:17
2023-04-10 22:57:16,230 - __main__ - INFO - [INFO] 2023-04-10 22:57:16.229434 Epoch [99/100] batch [129/391] loss 0.5439 lr 9.866357858642213e-05 acc 86.72% eta 0:01:19
2023-04-10 22:57:33,936 - __main__ - INFO - [INFO] 2023-04-10 22:57:33.935818 Epoch [99/100] batch [257/391] loss 0.4795 lr 9.866357858642213e-05 acc 85.16% eta 0:01:04
2023-04-10 22:57:51,866 - __main__ - INFO - [INFO] 2023-04-10 22:57:51.866149 Epoch [99/100] batch [385/391] loss 0.4480 lr 9.866357858642213e-05 acc 86.72% eta 0:00:48
2023-04-10 22:57:52,656 - __main__ - INFO - Computing epoch 99 validation accuracy...
2023-04-10 22:57:56,592 - __main__ - INFO - Computing epoch 99 validation loss...
2023-04-10 22:58:00,749 - __main__ - INFO - [INFO] 2023-04-10 22:58:00.749919 Epoch [100/100] batch [1/391] loss 0.3223 lr 2.4671981713420017e-05 acc 89.06% eta 0:00:48
2023-04-10 22:58:18,334 - __main__ - INFO - [INFO] 2023-04-10 22:58:18.334695 Epoch [100/100] batch [129/391] loss 0.3838 lr 2.4671981713420017e-05 acc 88.28% eta 0:00:31
2023-04-10 22:58:36,086 - __main__ - INFO - [INFO] 2023-04-10 22:58:36.086153 Epoch [100/100] batch [257/391] loss 0.3801 lr 2.4671981713420017e-05 acc 90.62% eta 0:00:16
2023-04-10 22:58:53,358 - __main__ - INFO - [INFO] 2023-04-10 22:58:53.358163 Epoch [100/100] batch [385/391] loss 0.3103 lr 2.4671981713420017e-05 acc 92.97% eta 0:00:00
2023-04-10 22:58:54,126 - __main__ - INFO - Computing epoch 100 validation accuracy...
2023-04-10 22:58:58,070 - __main__ - INFO - Computing epoch 100 validation loss...
2023-04-10 22:59:02,107 - __main__ - INFO - Reading testing data set cifar100
2023-04-10 22:59:02,840 - __main__ - INFO - Loading trained model...
2023-04-10 22:59:07,429 - __main__ - INFO - Testing acc : 69.46%.
