2023-04-04 04:57:20,574 - __main__ - INFO - 

2023-04-04 04:57:20,574 - __main__ - INFO - ***************
2023-04-04 04:57:20,574 - __main__ - INFO - ** Arguments **
2023-04-04 04:57:20,574 - __main__ - INFO - ***************
2023-04-04 04:57:20,574 - __main__ - INFO - backbone: vgg19
2023-04-04 04:57:20,575 - __main__ - INFO - dataname: cifar10
2023-04-04 04:57:20,575 - __main__ - INFO - drop_method: d
2023-04-04 04:57:20,575 - __main__ - INFO - drop_rate: 0.3
2023-04-04 04:57:20,575 - __main__ - INFO - eval_only: 0
2023-04-04 04:57:20,575 - __main__ - INFO - output_path: checkpoints/cifar10/vgg19/drop_d/rate_0.3/seed2
2023-04-04 04:57:20,575 - __main__ - INFO - part_rate: 0.1
2023-04-04 04:57:20,575 - __main__ - INFO - seed: 2
2023-04-04 04:57:20,575 - __main__ - INFO - weight_decay: 0.0005
2023-04-04 04:57:20,575 - __main__ - INFO - ************
2023-04-04 04:57:20,575 - __main__ - INFO - ** Config **
2023-04-04 04:57:20,575 - __main__ - INFO - ************
2023-04-04 04:57:20,575 - __main__ - INFO - {'DATALOADER': {'PATH': './data', 'DATANAME': 'cifar10', 'BATCH_SIZE': 128, 'NUM_CLASSES': 10}, 'INPUT': {'SIZE': [32, 32], 'PIXEL_MEAN': [0.4914, 0.4822, 0.4465], 'PIXEL_STD': [0.2023, 0.1994, 0.201]}, 'OUTPUT': {'DIR': 'checkpoints/cifar10/vgg19/drop_d/rate_0.3/seed2'}, 'SEED': 2, 'OPTIM': {'LR': 0.1, 'MAX_EPOCH': 100, 'LR_SCHEDULER': 'step', 'LR_MILESTONES': [20, 40, 80, 120, 140], 'LR_DECAY': 0.2, 'PART_RATE': 0.1, 'WEIGHT_DECAY': 0.0005, 'DROP_RATE': 0.3, 'DROP_METHOD': 'd', 'BLOCK_SIZE': 7}, 'MODEL': {'BACKBONE': 'vgg19'}}
2023-04-04 04:57:20,594 - __main__ - INFO - Reading training data set cifar10
2023-04-04 04:57:22,389 - __main__ - INFO - Loading raw model
2023-04-04 04:57:25,194 - __main__ - INFO - 
Saving everything to checkpoints/cifar10/vgg19/drop_d/rate_0.3/seed2
2023-04-04 04:57:25,195 - __main__ - INFO - Start training...
2023-04-04 04:57:29,161 - __main__ - INFO - [INFO] 2023-04-04 04:57:29.161834 Epoch [1/100] batch [1/391] loss 2.3008 lr 0.1 acc 10.16% eta 1 day, 18:58:50
2023-04-04 04:57:41,253 - __main__ - INFO - [INFO] 2023-04-04 04:57:41.253032 Epoch [1/100] batch [129/391] loss 2.1035 lr 0.1 acc 17.97% eta 1:14:37
2023-04-04 04:57:53,293 - __main__ - INFO - [INFO] 2023-04-04 04:57:53.293382 Epoch [1/100] batch [257/391] loss 2.0137 lr 0.1 acc 17.97% eta 1:04:28
2023-04-04 04:58:05,423 - __main__ - INFO - [INFO] 2023-04-04 04:58:05.423627 Epoch [1/100] batch [385/391] loss 1.9131 lr 0.1 acc 31.25% eta 1:01:07
2023-04-04 04:58:06,011 - __main__ - INFO - Computing epoch 1 validation accuracy...
2023-04-04 04:58:09,251 - __main__ - INFO - Computing epoch 1 validation loss...
2023-04-04 04:58:12,569 - __main__ - INFO - [INFO] 2023-04-04 04:58:12.569914 Epoch [2/100] batch [1/391] loss 1.8350 lr 0.09997532801828658 acc 32.03% eta 1:00:09
2023-04-04 04:58:24,801 - __main__ - INFO - [INFO] 2023-04-04 04:58:24.801512 Epoch [2/100] batch [129/391] loss 1.8652 lr 0.09997532801828658 acc 26.56% eta 0:55:06
2023-04-04 04:58:36,946 - __main__ - INFO - [INFO] 2023-04-04 04:58:36.946311 Epoch [2/100] batch [257/391] loss 1.7451 lr 0.09997532801828658 acc 32.03% eta 0:54:44
2023-04-04 04:58:48,913 - __main__ - INFO - [INFO] 2023-04-04 04:58:48.913198 Epoch [2/100] batch [385/391] loss 1.6748 lr 0.09997532801828658 acc 30.47% eta 0:54:09
2023-04-04 04:58:49,478 - __main__ - INFO - Computing epoch 2 validation accuracy...
2023-04-04 04:58:52,669 - __main__ - INFO - Computing epoch 2 validation loss...
2023-04-04 04:58:55,956 - __main__ - INFO - [INFO] 2023-04-04 04:58:55.956555 Epoch [3/100] batch [1/391] loss 1.6387 lr 0.09990133642141358 acc 28.91% eta 1:00:36
2023-04-04 04:59:07,981 - __main__ - INFO - [INFO] 2023-04-04 04:59:07.981525 Epoch [3/100] batch [129/391] loss 1.4297 lr 0.09990133642141358 acc 50.00% eta 0:54:29
2023-04-04 04:59:20,211 - __main__ - INFO - [INFO] 2023-04-04 04:59:20.211148 Epoch [3/100] batch [257/391] loss 1.2891 lr 0.09990133642141358 acc 52.34% eta 0:54:27
2023-04-04 04:59:32,369 - __main__ - INFO - [INFO] 2023-04-04 04:59:32.369267 Epoch [3/100] batch [385/391] loss 1.3008 lr 0.09990133642141358 acc 35.94% eta 0:54:12
2023-04-04 04:59:32,910 - __main__ - INFO - Computing epoch 3 validation accuracy...
2023-04-04 04:59:36,313 - __main__ - INFO - Computing epoch 3 validation loss...
2023-04-04 04:59:39,834 - __main__ - INFO - [INFO] 2023-04-04 04:59:39.834241 Epoch [4/100] batch [1/391] loss 1.2939 lr 0.099778098230154 acc 45.31% eta 0:59:18
2023-04-04 04:59:52,459 - __main__ - INFO - [INFO] 2023-04-04 04:59:52.459434 Epoch [4/100] batch [129/391] loss 1.1289 lr 0.099778098230154 acc 60.16% eta 0:56:00
2023-04-04 05:00:04,672 - __main__ - INFO - [INFO] 2023-04-04 05:00:04.672669 Epoch [4/100] batch [257/391] loss 1.4131 lr 0.099778098230154 acc 46.88% eta 0:54:48
2023-04-04 05:00:16,912 - __main__ - INFO - [INFO] 2023-04-04 05:00:16.912305 Epoch [4/100] batch [385/391] loss 1.3848 lr 0.099778098230154 acc 50.00% eta 0:54:24
2023-04-04 05:00:17,468 - __main__ - INFO - Computing epoch 4 validation accuracy...
2023-04-04 05:00:20,726 - __main__ - INFO - Computing epoch 4 validation loss...
2023-04-04 05:00:24,039 - __main__ - INFO - [INFO] 2023-04-04 05:00:24.039641 Epoch [5/100] batch [1/391] loss 1.1113 lr 0.0996057350657239 acc 57.81% eta 0:59:26
2023-04-04 05:00:36,126 - __main__ - INFO - [INFO] 2023-04-04 05:00:36.126679 Epoch [5/100] batch [129/391] loss 0.8950 lr 0.0996057350657239 acc 61.72% eta 0:53:36
2023-04-04 05:00:48,356 - __main__ - INFO - [INFO] 2023-04-04 05:00:48.356107 Epoch [5/100] batch [257/391] loss 1.1533 lr 0.0996057350657239 acc 59.38% eta 0:53:15
2023-04-04 05:01:00,508 - __main__ - INFO - [INFO] 2023-04-04 05:01:00.508274 Epoch [5/100] batch [385/391] loss 1.2158 lr 0.0996057350657239 acc 53.12% eta 0:53:01
2023-04-04 05:01:01,042 - __main__ - INFO - Computing epoch 5 validation accuracy...
2023-04-04 05:01:04,268 - __main__ - INFO - Computing epoch 5 validation loss...
2023-04-04 05:01:07,673 - __main__ - INFO - [INFO] 2023-04-04 05:01:07.673264 Epoch [6/100] batch [1/391] loss 1.1436 lr 0.09938441702975688 acc 48.44% eta 0:57:54
2023-04-04 05:01:20,044 - __main__ - INFO - [INFO] 2023-04-04 05:01:20.044352 Epoch [6/100] batch [129/391] loss 0.9761 lr 0.09938441702975688 acc 58.59% eta 0:53:50
2023-04-04 05:01:32,382 - __main__ - INFO - [INFO] 2023-04-04 05:01:32.382407 Epoch [6/100] batch [257/391] loss 1.1094 lr 0.09938441702975688 acc 46.88% eta 0:53:27
2023-04-04 05:01:44,547 - __main__ - INFO - [INFO] 2023-04-04 05:01:44.547182 Epoch [6/100] batch [385/391] loss 0.8501 lr 0.09938441702975688 acc 68.75% eta 0:52:56
2023-04-04 05:01:45,128 - __main__ - INFO - Computing epoch 6 validation accuracy...
2023-04-04 05:01:48,490 - __main__ - INFO - Computing epoch 6 validation loss...
2023-04-04 05:01:51,826 - __main__ - INFO - [INFO] 2023-04-04 05:01:51.826546 Epoch [7/100] batch [1/391] loss 0.9316 lr 0.09911436253643444 acc 62.50% eta 1:05:41
2023-04-04 05:02:03,977 - __main__ - INFO - [INFO] 2023-04-04 05:02:03.976929 Epoch [7/100] batch [129/391] loss 1.1719 lr 0.09911436253643444 acc 65.62% eta 0:53:20
2023-04-04 05:02:16,339 - __main__ - INFO - [INFO] 2023-04-04 05:02:16.338819 Epoch [7/100] batch [257/391] loss 0.9395 lr 0.09911436253643444 acc 60.94% eta 0:52:58
2023-04-04 05:02:28,495 - __main__ - INFO - [INFO] 2023-04-04 05:02:28.495244 Epoch [7/100] batch [385/391] loss 0.8032 lr 0.09911436253643444 acc 70.31% eta 0:52:27
2023-04-04 05:02:29,062 - __main__ - INFO - Computing epoch 7 validation accuracy...
2023-04-04 05:02:32,323 - __main__ - INFO - Computing epoch 7 validation loss...
2023-04-04 05:02:35,615 - __main__ - INFO - [INFO] 2023-04-04 05:02:35.615678 Epoch [8/100] batch [1/391] loss 0.9688 lr 0.09879583809693737 acc 61.72% eta 0:54:24
2023-04-04 05:02:47,894 - __main__ - INFO - [INFO] 2023-04-04 05:02:47.894199 Epoch [8/100] batch [129/391] loss 1.0098 lr 0.09879583809693737 acc 62.50% eta 0:52:11
2023-04-04 05:03:00,313 - __main__ - INFO - [INFO] 2023-04-04 05:03:00.313052 Epoch [8/100] batch [257/391] loss 0.9658 lr 0.09879583809693737 acc 56.25% eta 0:52:14
2023-04-04 05:03:12,673 - __main__ - INFO - [INFO] 2023-04-04 05:03:12.673227 Epoch [8/100] batch [385/391] loss 1.1367 lr 0.09879583809693737 acc 48.44% eta 0:51:55
2023-04-04 05:03:13,334 - __main__ - INFO - Computing epoch 8 validation accuracy...
2023-04-04 05:03:16,664 - __main__ - INFO - Computing epoch 8 validation loss...
2023-04-04 05:03:19,932 - __main__ - INFO - [INFO] 2023-04-04 05:03:19.931983 Epoch [9/100] batch [1/391] loss 0.9502 lr 0.09842915805643156 acc 60.94% eta 0:59:10
2023-04-04 05:03:32,237 - __main__ - INFO - [INFO] 2023-04-04 05:03:32.237089 Epoch [9/100] batch [129/391] loss 1.2705 lr 0.09842915805643156 acc 65.62% eta 0:52:29
2023-04-04 05:03:44,448 - __main__ - INFO - [INFO] 2023-04-04 05:03:44.448439 Epoch [9/100] batch [257/391] loss 1.0625 lr 0.09842915805643156 acc 61.72% eta 0:51:39
2023-04-04 05:03:56,743 - __main__ - INFO - [INFO] 2023-04-04 05:03:56.743404 Epoch [9/100] batch [385/391] loss 0.7334 lr 0.09842915805643156 acc 72.66% eta 0:51:20
2023-04-04 05:03:57,308 - __main__ - INFO - Computing epoch 9 validation accuracy...
2023-04-04 05:04:00,580 - __main__ - INFO - Computing epoch 9 validation loss...
2023-04-04 05:04:03,980 - __main__ - INFO - [INFO] 2023-04-04 05:04:03.980459 Epoch [10/100] batch [1/391] loss 0.9780 lr 0.09801468428384716 acc 68.75% eta 0:55:24
2023-04-04 05:04:16,265 - __main__ - INFO - [INFO] 2023-04-04 05:04:16.265034 Epoch [10/100] batch [129/391] loss 0.8647 lr 0.09801468428384716 acc 67.97% eta 0:51:30
2023-04-04 05:04:28,579 - __main__ - INFO - [INFO] 2023-04-04 05:04:28.579219 Epoch [10/100] batch [257/391] loss 0.7446 lr 0.09801468428384716 acc 74.22% eta 0:51:13
2023-04-04 05:04:40,865 - __main__ - INFO - [INFO] 2023-04-04 05:04:40.864887 Epoch [10/100] batch [385/391] loss 1.0098 lr 0.09801468428384716 acc 61.72% eta 0:50:47
2023-04-04 05:04:41,423 - __main__ - INFO - Computing epoch 10 validation accuracy...
2023-04-04 05:04:44,658 - __main__ - INFO - Computing epoch 10 validation loss...
2023-04-04 05:04:48,128 - __main__ - INFO - [INFO] 2023-04-04 05:04:48.128492 Epoch [11/100] batch [1/391] loss 0.7432 lr 0.09755282581475769 acc 72.66% eta 0:54:20
2023-04-04 05:05:00,554 - __main__ - INFO - [INFO] 2023-04-04 05:05:00.554386 Epoch [11/100] batch [129/391] loss 0.6855 lr 0.09755282581475769 acc 72.66% eta 0:51:39
2023-04-04 05:05:12,635 - __main__ - INFO - [INFO] 2023-04-04 05:05:12.634892 Epoch [11/100] batch [257/391] loss 0.6948 lr 0.09755282581475769 acc 78.12% eta 0:50:29
2023-04-04 05:05:24,891 - __main__ - INFO - [INFO] 2023-04-04 05:05:24.891632 Epoch [11/100] batch [385/391] loss 0.9316 lr 0.09755282581475769 acc 67.19% eta 0:50:02
2023-04-04 05:05:25,459 - __main__ - INFO - Computing epoch 11 validation accuracy...
2023-04-04 05:05:28,615 - __main__ - INFO - Computing epoch 11 validation loss...
2023-04-04 05:05:31,879 - __main__ - INFO - [INFO] 2023-04-04 05:05:31.879554 Epoch [12/100] batch [1/391] loss 0.9229 lr 0.09704403844771128 acc 59.38% eta 0:52:31
2023-04-04 05:05:43,996 - __main__ - INFO - [INFO] 2023-04-04 05:05:43.995873 Epoch [12/100] batch [129/391] loss 0.6919 lr 0.09704403844771128 acc 71.88% eta 0:48:47
2023-04-04 05:05:56,144 - __main__ - INFO - [INFO] 2023-04-04 05:05:56.143819 Epoch [12/100] batch [257/391] loss 0.7437 lr 0.09704403844771128 acc 71.09% eta 0:48:37
2023-04-04 05:06:08,307 - __main__ - INFO - [INFO] 2023-04-04 05:06:08.307170 Epoch [12/100] batch [385/391] loss 0.8271 lr 0.09704403844771128 acc 68.75% eta 0:48:26
2023-04-04 05:06:08,862 - __main__ - INFO - Computing epoch 12 validation accuracy...
2023-04-04 05:06:12,054 - __main__ - INFO - Computing epoch 12 validation loss...
2023-04-04 05:06:15,347 - __main__ - INFO - [INFO] 2023-04-04 05:06:15.347753 Epoch [13/100] batch [1/391] loss 0.9404 lr 0.09648882429441258 acc 70.31% eta 0:52:29
2023-04-04 05:06:27,551 - __main__ - INFO - [INFO] 2023-04-04 05:06:27.550947 Epoch [13/100] batch [129/391] loss 0.8213 lr 0.09648882429441258 acc 71.88% eta 0:49:22
2023-04-04 05:06:39,594 - __main__ - INFO - [INFO] 2023-04-04 05:06:39.594648 Epoch [13/100] batch [257/391] loss 0.7305 lr 0.09648882429441258 acc 71.88% eta 0:48:51
2023-04-04 05:06:51,847 - __main__ - INFO - [INFO] 2023-04-04 05:06:51.847444 Epoch [13/100] batch [385/391] loss 0.7476 lr 0.09648882429441258 acc 70.31% eta 0:48:43
2023-04-04 05:06:52,389 - __main__ - INFO - Computing epoch 13 validation accuracy...
2023-04-04 05:06:55,657 - __main__ - INFO - Computing epoch 13 validation loss...
2023-04-04 05:06:59,049 - __main__ - INFO - [INFO] 2023-04-04 05:06:59.048950 Epoch [14/100] batch [1/391] loss 0.9282 lr 0.09588773128419906 acc 65.62% eta 0:54:54
2023-04-04 05:07:11,600 - __main__ - INFO - [INFO] 2023-04-04 05:07:11.600471 Epoch [14/100] batch [129/391] loss 0.7480 lr 0.09588773128419906 acc 75.78% eta 0:49:52
2023-04-04 05:07:23,845 - __main__ - INFO - [INFO] 2023-04-04 05:07:23.844878 Epoch [14/100] batch [257/391] loss 0.9038 lr 0.09588773128419906 acc 73.44% eta 0:48:59
2023-04-04 05:07:36,066 - __main__ - INFO - [INFO] 2023-04-04 05:07:36.066300 Epoch [14/100] batch [385/391] loss 0.5918 lr 0.09588773128419906 acc 65.62% eta 0:48:32
2023-04-04 05:07:36,629 - __main__ - INFO - Computing epoch 14 validation accuracy...
2023-04-04 05:07:39,896 - __main__ - INFO - Computing epoch 14 validation loss...
2023-04-04 05:07:43,249 - __main__ - INFO - [INFO] 2023-04-04 05:07:43.249215 Epoch [15/100] batch [1/391] loss 0.7695 lr 0.09524135262330098 acc 71.88% eta 0:55:32
2023-04-04 05:07:55,517 - __main__ - INFO - [INFO] 2023-04-04 05:07:55.517219 Epoch [15/100] batch [129/391] loss 0.8271 lr 0.09524135262330098 acc 60.94% eta 0:48:21
2023-04-04 05:08:07,559 - __main__ - INFO - [INFO] 2023-04-04 05:08:07.558926 Epoch [15/100] batch [257/391] loss 1.0068 lr 0.09524135262330098 acc 66.41% eta 0:47:48
2023-04-04 05:08:20,026 - __main__ - INFO - [INFO] 2023-04-04 05:08:20.026245 Epoch [15/100] batch [385/391] loss 0.7168 lr 0.09524135262330098 acc 68.75% eta 0:47:54
2023-04-04 05:08:20,606 - __main__ - INFO - Computing epoch 15 validation accuracy...
2023-04-04 05:08:23,850 - __main__ - INFO - Computing epoch 15 validation loss...
2023-04-04 05:08:27,293 - __main__ - INFO - [INFO] 2023-04-04 05:08:27.292988 Epoch [16/100] batch [1/391] loss 0.8140 lr 0.0945503262094184 acc 75.78% eta 0:52:22
2023-04-04 05:08:39,645 - __main__ - INFO - [INFO] 2023-04-04 05:08:39.644864 Epoch [16/100] batch [129/391] loss 0.7427 lr 0.0945503262094184 acc 77.34% eta 0:47:57
2023-04-04 05:08:51,911 - __main__ - INFO - [INFO] 2023-04-04 05:08:51.911504 Epoch [16/100] batch [257/391] loss 0.7241 lr 0.0945503262094184 acc 75.00% eta 0:47:24
2023-04-04 05:09:04,168 - __main__ - INFO - [INFO] 2023-04-04 05:09:04.168725 Epoch [16/100] batch [385/391] loss 0.6660 lr 0.0945503262094184 acc 64.84% eta 0:47:14
2023-04-04 05:09:04,727 - __main__ - INFO - Computing epoch 16 validation accuracy...
2023-04-04 05:09:08,016 - __main__ - INFO - Computing epoch 16 validation loss...
2023-04-04 05:09:11,319 - __main__ - INFO - [INFO] 2023-04-04 05:09:11.319621 Epoch [17/100] batch [1/391] loss 0.5747 lr 0.09381533400219319 acc 78.12% eta 0:49:34
2023-04-04 05:09:23,600 - __main__ - INFO - [INFO] 2023-04-04 05:09:23.600527 Epoch [17/100] batch [129/391] loss 0.7021 lr 0.09381533400219319 acc 77.34% eta 0:47:04
2023-04-04 05:09:35,615 - __main__ - INFO - [INFO] 2023-04-04 05:09:35.615358 Epoch [17/100] batch [257/391] loss 0.6587 lr 0.09381533400219319 acc 64.06% eta 0:46:45
2023-04-04 05:09:47,801 - __main__ - INFO - [INFO] 2023-04-04 05:09:47.801221 Epoch [17/100] batch [385/391] loss 0.6997 lr 0.09381533400219319 acc 70.31% eta 0:46:23
2023-04-04 05:09:48,356 - __main__ - INFO - Computing epoch 17 validation accuracy...
2023-04-04 05:09:51,602 - __main__ - INFO - Computing epoch 17 validation loss...
2023-04-04 05:09:55,031 - __main__ - INFO - [INFO] 2023-04-04 05:09:55.031261 Epoch [18/100] batch [1/391] loss 0.6226 lr 0.0930371013501972 acc 67.19% eta 0:50:35
2023-04-04 05:10:07,205 - __main__ - INFO - [INFO] 2023-04-04 05:10:07.205548 Epoch [18/100] batch [129/391] loss 0.6548 lr 0.0930371013501972 acc 74.22% eta 0:46:03
2023-04-04 05:10:19,426 - __main__ - INFO - [INFO] 2023-04-04 05:10:19.426740 Epoch [18/100] batch [257/391] loss 0.7251 lr 0.0930371013501972 acc 76.56% eta 0:46:01
2023-04-04 05:10:31,539 - __main__ - INFO - [INFO] 2023-04-04 05:10:31.539664 Epoch [18/100] batch [385/391] loss 0.6792 lr 0.0930371013501972 acc 75.78% eta 0:45:38
2023-04-04 05:10:32,107 - __main__ - INFO - Computing epoch 18 validation accuracy...
2023-04-04 05:10:35,332 - __main__ - INFO - Computing epoch 18 validation loss...
2023-04-04 05:10:38,695 - __main__ - INFO - [INFO] 2023-04-04 05:10:38.695220 Epoch [19/100] batch [1/391] loss 0.6167 lr 0.09221639627510078 acc 78.12% eta 1:07:18
2023-04-04 05:10:50,841 - __main__ - INFO - [INFO] 2023-04-04 05:10:50.840966 Epoch [19/100] batch [129/391] loss 0.6772 lr 0.09221639627510078 acc 77.34% eta 0:45:25
2023-04-04 05:11:02,953 - __main__ - INFO - [INFO] 2023-04-04 05:11:02.953256 Epoch [19/100] batch [257/391] loss 0.7300 lr 0.09221639627510078 acc 71.09% eta 0:45:27
2023-04-04 05:11:15,203 - __main__ - INFO - [INFO] 2023-04-04 05:11:15.202932 Epoch [19/100] batch [385/391] loss 0.5728 lr 0.09221639627510078 acc 82.03% eta 0:45:18
2023-04-04 05:11:15,761 - __main__ - INFO - Computing epoch 19 validation accuracy...
2023-04-04 05:11:18,887 - __main__ - INFO - Computing epoch 19 validation loss...
2023-04-04 05:11:22,223 - __main__ - INFO - [INFO] 2023-04-04 05:11:22.223540 Epoch [20/100] batch [1/391] loss 0.6113 lr 0.09135402871372812 acc 79.69% eta 0:48:03
2023-04-04 05:11:34,560 - __main__ - INFO - [INFO] 2023-04-04 05:11:34.560167 Epoch [20/100] batch [129/391] loss 0.7109 lr 0.09135402871372812 acc 73.44% eta 0:45:15
2023-04-04 05:11:46,879 - __main__ - INFO - [INFO] 2023-04-04 05:11:46.878980 Epoch [20/100] batch [257/391] loss 0.6724 lr 0.09135402871372812 acc 81.25% eta 0:45:04
2023-04-04 05:11:59,199 - __main__ - INFO - [INFO] 2023-04-04 05:11:59.199009 Epoch [20/100] batch [385/391] loss 0.6577 lr 0.09135402871372812 acc 64.84% eta 0:44:55
2023-04-04 05:11:59,762 - __main__ - INFO - Computing epoch 20 validation accuracy...
2023-04-04 05:12:03,110 - __main__ - INFO - Computing epoch 20 validation loss...
2023-04-04 05:12:06,519 - __main__ - INFO - [INFO] 2023-04-04 05:12:06.519592 Epoch [21/100] batch [1/391] loss 0.7729 lr 0.09045084971874741 acc 72.66% eta 1:11:24
2023-04-04 05:12:19,059 - __main__ - INFO - [INFO] 2023-04-04 05:12:19.059465 Epoch [21/100] batch [129/391] loss 0.8872 lr 0.09045084971874741 acc 68.75% eta 0:45:48
2023-04-04 05:12:31,099 - __main__ - INFO - [INFO] 2023-04-04 05:12:31.099214 Epoch [21/100] batch [257/391] loss 0.8013 lr 0.09045084971874741 acc 67.19% eta 0:44:56
2023-04-04 05:12:43,278 - __main__ - INFO - [INFO] 2023-04-04 05:12:43.278183 Epoch [21/100] batch [385/391] loss 0.8027 lr 0.09045084971874741 acc 75.78% eta 0:44:30
2023-04-04 05:12:43,812 - __main__ - INFO - Computing epoch 21 validation accuracy...
2023-04-04 05:12:47,032 - __main__ - INFO - Computing epoch 21 validation loss...
2023-04-04 05:12:50,301 - __main__ - INFO - [INFO] 2023-04-04 05:12:50.301346 Epoch [22/100] batch [1/391] loss 0.7119 lr 0.08950775061878455 acc 69.53% eta 0:48:33
2023-04-04 05:13:02,478 - __main__ - INFO - [INFO] 2023-04-04 05:13:02.478750 Epoch [22/100] batch [129/391] loss 0.5596 lr 0.08950775061878455 acc 76.56% eta 0:43:41
2023-04-04 05:13:14,718 - __main__ - INFO - [INFO] 2023-04-04 05:13:14.718231 Epoch [22/100] batch [257/391] loss 0.5913 lr 0.08950775061878455 acc 80.47% eta 0:43:30
2023-04-04 05:13:26,915 - __main__ - INFO - [INFO] 2023-04-04 05:13:26.915638 Epoch [22/100] batch [385/391] loss 0.5322 lr 0.08950775061878455 acc 80.47% eta 0:43:20
2023-04-04 05:13:27,467 - __main__ - INFO - Computing epoch 22 validation accuracy...
2023-04-04 05:13:30,697 - __main__ - INFO - Computing epoch 22 validation loss...
2023-04-04 05:13:34,014 - __main__ - INFO - [INFO] 2023-04-04 05:13:34.014072 Epoch [23/100] batch [1/391] loss 0.7388 lr 0.0885256621387895 acc 75.78% eta 0:46:26
2023-04-04 05:13:46,239 - __main__ - INFO - [INFO] 2023-04-04 05:13:46.239168 Epoch [23/100] batch [129/391] loss 0.5693 lr 0.0885256621387895 acc 79.69% eta 0:43:11
2023-04-04 05:13:58,535 - __main__ - INFO - [INFO] 2023-04-04 05:13:58.534791 Epoch [23/100] batch [257/391] loss 0.8262 lr 0.0885256621387895 acc 68.75% eta 0:43:30
2023-04-04 05:14:10,915 - __main__ - INFO - [INFO] 2023-04-04 05:14:10.915456 Epoch [23/100] batch [385/391] loss 0.7280 lr 0.0885256621387895 acc 75.00% eta 0:43:31
2023-04-04 05:14:11,483 - __main__ - INFO - Computing epoch 23 validation accuracy...
2023-04-04 05:14:14,750 - __main__ - INFO - Computing epoch 23 validation loss...
2023-04-04 05:14:18,186 - __main__ - INFO - [INFO] 2023-04-04 05:14:18.186042 Epoch [24/100] batch [1/391] loss 0.6602 lr 0.08750555348152302 acc 71.88% eta 0:46:28
2023-04-04 05:14:30,464 - __main__ - INFO - [INFO] 2023-04-04 05:14:30.463893 Epoch [24/100] batch [129/391] loss 0.6841 lr 0.08750555348152302 acc 71.88% eta 0:42:56
2023-04-04 05:14:42,837 - __main__ - INFO - [INFO] 2023-04-04 05:14:42.836823 Epoch [24/100] batch [257/391] loss 0.6567 lr 0.08750555348152302 acc 79.69% eta 0:42:54
2023-04-04 05:14:55,093 - __main__ - INFO - [INFO] 2023-04-04 05:14:55.092994 Epoch [24/100] batch [385/391] loss 0.4370 lr 0.08750555348152302 acc 89.06% eta 0:42:39
2023-04-04 05:14:55,631 - __main__ - INFO - Computing epoch 24 validation accuracy...
2023-04-04 05:14:58,832 - __main__ - INFO - Computing epoch 24 validation loss...
2023-04-04 05:15:02,162 - __main__ - INFO - [INFO] 2023-04-04 05:15:02.162751 Epoch [25/100] batch [1/391] loss 0.5254 lr 0.08644843137107061 acc 82.81% eta 0:45:44
2023-04-04 05:15:14,208 - __main__ - INFO - [INFO] 2023-04-04 05:15:14.208197 Epoch [25/100] batch [129/391] loss 0.6475 lr 0.08644843137107061 acc 71.88% eta 0:41:44
2023-04-04 05:15:26,111 - __main__ - INFO - [INFO] 2023-04-04 05:15:26.111222 Epoch [25/100] batch [257/391] loss 0.5967 lr 0.08644843137107061 acc 78.12% eta 0:41:30
2023-04-04 05:15:38,127 - __main__ - INFO - [INFO] 2023-04-04 05:15:38.126850 Epoch [25/100] batch [385/391] loss 0.7036 lr 0.08644843137107061 acc 76.56% eta 0:41:21
2023-04-04 05:15:38,652 - __main__ - INFO - Computing epoch 25 validation accuracy...
2023-04-04 05:15:42,006 - __main__ - INFO - Computing epoch 25 validation loss...
2023-04-04 05:15:45,299 - __main__ - INFO - [INFO] 2023-04-04 05:15:45.299333 Epoch [26/100] batch [1/391] loss 0.5728 lr 0.0853553390593274 acc 78.91% eta 0:45:22
2023-04-04 05:15:57,321 - __main__ - INFO - [INFO] 2023-04-04 05:15:57.321505 Epoch [26/100] batch [129/391] loss 0.6455 lr 0.0853553390593274 acc 75.00% eta 0:40:54
2023-04-04 05:16:09,649 - __main__ - INFO - [INFO] 2023-04-04 05:16:09.649519 Epoch [26/100] batch [257/391] loss 0.5527 lr 0.0853553390593274 acc 78.12% eta 0:41:23
2023-04-04 05:16:21,933 - __main__ - INFO - [INFO] 2023-04-04 05:16:21.933708 Epoch [26/100] batch [385/391] loss 0.7383 lr 0.0853553390593274 acc 68.75% eta 0:41:12
2023-04-04 05:16:22,469 - __main__ - INFO - Computing epoch 26 validation accuracy...
2023-04-04 05:16:25,585 - __main__ - INFO - Computing epoch 26 validation loss...
2023-04-04 05:16:28,824 - __main__ - INFO - [INFO] 2023-04-04 05:16:28.824020 Epoch [27/100] batch [1/391] loss 0.6138 lr 0.08422735529643446 acc 76.56% eta 0:42:06
2023-04-04 05:16:41,006 - __main__ - INFO - [INFO] 2023-04-04 05:16:41.006174 Epoch [27/100] batch [129/391] loss 0.6353 lr 0.08422735529643446 acc 76.56% eta 0:40:59
2023-04-04 05:16:53,134 - __main__ - INFO - [INFO] 2023-04-04 05:16:53.134088 Epoch [27/100] batch [257/391] loss 0.5010 lr 0.08422735529643446 acc 79.69% eta 0:40:53
2023-04-04 05:17:05,071 - __main__ - INFO - [INFO] 2023-04-04 05:17:05.070951 Epoch [27/100] batch [385/391] loss 0.4568 lr 0.08422735529643446 acc 78.91% eta 0:40:33
2023-04-04 05:17:05,608 - __main__ - INFO - Computing epoch 27 validation accuracy...
2023-04-04 05:17:08,758 - __main__ - INFO - Computing epoch 27 validation loss...
2023-04-04 05:17:12,105 - __main__ - INFO - [INFO] 2023-04-04 05:17:12.104906 Epoch [28/100] batch [1/391] loss 0.6187 lr 0.08306559326618262 acc 78.12% eta 0:44:01
2023-04-04 05:17:24,356 - __main__ - INFO - [INFO] 2023-04-04 05:17:24.356586 Epoch [28/100] batch [129/391] loss 0.7422 lr 0.08306559326618262 acc 75.78% eta 0:40:37
2023-04-04 05:17:36,673 - __main__ - INFO - [INFO] 2023-04-04 05:17:36.673434 Epoch [28/100] batch [257/391] loss 0.5977 lr 0.08306559326618262 acc 71.88% eta 0:40:31
2023-04-04 05:17:48,951 - __main__ - INFO - [INFO] 2023-04-04 05:17:48.951625 Epoch [28/100] batch [385/391] loss 0.4475 lr 0.08306559326618262 acc 81.25% eta 0:40:24
2023-04-04 05:17:49,513 - __main__ - INFO - Computing epoch 28 validation accuracy...
2023-04-04 05:17:52,717 - __main__ - INFO - Computing epoch 28 validation loss...
2023-04-04 05:17:56,014 - __main__ - INFO - [INFO] 2023-04-04 05:17:56.014723 Epoch [29/100] batch [1/391] loss 0.6196 lr 0.08187119948743452 acc 61.72% eta 0:42:03
2023-04-04 05:18:08,090 - __main__ - INFO - [INFO] 2023-04-04 05:18:08.090342 Epoch [29/100] batch [129/391] loss 0.5581 lr 0.08187119948743452 acc 79.69% eta 0:39:28
2023-04-04 05:18:20,055 - __main__ - INFO - [INFO] 2023-04-04 05:18:20.055557 Epoch [29/100] batch [257/391] loss 0.5239 lr 0.08187119948743452 acc 81.25% eta 0:39:22
2023-04-04 05:18:32,218 - __main__ - INFO - [INFO] 2023-04-04 05:18:32.218678 Epoch [29/100] batch [385/391] loss 0.4790 lr 0.08187119948743452 acc 82.81% eta 0:39:24
2023-04-04 05:18:32,839 - __main__ - INFO - Computing epoch 29 validation accuracy...
2023-04-04 05:18:35,995 - __main__ - INFO - Computing epoch 29 validation loss...
2023-04-04 05:18:39,278 - __main__ - INFO - [INFO] 2023-04-04 05:18:39.278796 Epoch [30/100] batch [1/391] loss 0.5776 lr 0.08064535268264886 acc 85.16% eta 0:40:13
2023-04-04 05:18:51,537 - __main__ - INFO - [INFO] 2023-04-04 05:18:51.537021 Epoch [30/100] batch [129/391] loss 0.8848 lr 0.08064535268264886 acc 63.28% eta 0:39:24
2023-04-04 05:19:03,874 - __main__ - INFO - [INFO] 2023-04-04 05:19:03.874216 Epoch [30/100] batch [257/391] loss 0.4927 lr 0.08064535268264886 acc 87.50% eta 0:39:11
2023-04-04 05:19:16,032 - __main__ - INFO - [INFO] 2023-04-04 05:19:16.032514 Epoch [30/100] batch [385/391] loss 0.7417 lr 0.08064535268264886 acc 78.12% eta 0:38:55
2023-04-04 05:19:16,573 - __main__ - INFO - Computing epoch 30 validation accuracy...
2023-04-04 05:19:19,762 - __main__ - INFO - Computing epoch 30 validation loss...
2023-04-04 05:19:23,266 - __main__ - INFO - [INFO] 2023-04-04 05:19:23.266275 Epoch [31/100] batch [1/391] loss 0.5557 lr 0.0793892626146237 acc 67.19% eta 0:58:55
2023-04-04 05:19:35,826 - __main__ - INFO - [INFO] 2023-04-04 05:19:35.826018 Epoch [31/100] batch [129/391] loss 0.6113 lr 0.0793892626146237 acc 81.25% eta 0:40:24
2023-04-04 05:19:48,226 - __main__ - INFO - [INFO] 2023-04-04 05:19:48.226549 Epoch [31/100] batch [257/391] loss 0.5430 lr 0.0793892626146237 acc 69.53% eta 0:39:55
2023-04-04 05:20:00,280 - __main__ - INFO - [INFO] 2023-04-04 05:20:00.280358 Epoch [31/100] batch [385/391] loss 0.7222 lr 0.0793892626146237 acc 78.91% eta 0:39:18
2023-04-04 05:20:00,867 - __main__ - INFO - Computing epoch 31 validation accuracy...
2023-04-04 05:20:04,020 - __main__ - INFO - Computing epoch 31 validation loss...
2023-04-04 05:20:07,300 - __main__ - INFO - [INFO] 2023-04-04 05:20:07.299933 Epoch [32/100] batch [1/391] loss 0.4912 lr 0.07810416889260657 acc 64.84% eta 0:42:23
2023-04-04 05:20:19,435 - __main__ - INFO - [INFO] 2023-04-04 05:20:19.435417 Epoch [32/100] batch [129/391] loss 0.5537 lr 0.07810416889260657 acc 84.38% eta 0:38:03
2023-04-04 05:20:31,765 - __main__ - INFO - [INFO] 2023-04-04 05:20:31.764855 Epoch [32/100] batch [257/391] loss 0.6221 lr 0.07810416889260657 acc 82.03% eta 0:38:07
2023-04-04 05:20:43,890 - __main__ - INFO - [INFO] 2023-04-04 05:20:43.890744 Epoch [32/100] batch [385/391] loss 0.6250 lr 0.07810416889260657 acc 78.12% eta 0:37:44
2023-04-04 05:20:44,438 - __main__ - INFO - Computing epoch 32 validation accuracy...
2023-04-04 05:20:47,617 - __main__ - INFO - Computing epoch 32 validation loss...
2023-04-04 05:20:50,918 - __main__ - INFO - [INFO] 2023-04-04 05:20:50.918009 Epoch [33/100] batch [1/391] loss 0.5811 lr 0.07679133974894986 acc 82.81% eta 0:41:54
2023-04-04 05:21:03,007 - __main__ - INFO - [INFO] 2023-04-04 05:21:03.007528 Epoch [33/100] batch [129/391] loss 0.6558 lr 0.07679133974894986 acc 82.81% eta 0:37:42
2023-04-04 05:21:15,052 - __main__ - INFO - [INFO] 2023-04-04 05:21:15.052500 Epoch [33/100] batch [257/391] loss 0.7031 lr 0.07679133974894986 acc 74.22% eta 0:37:18
2023-04-04 05:21:27,208 - __main__ - INFO - [INFO] 2023-04-04 05:21:27.208226 Epoch [33/100] batch [385/391] loss 0.4990 lr 0.07679133974894986 acc 85.16% eta 0:37:18
2023-04-04 05:21:27,756 - __main__ - INFO - Computing epoch 33 validation accuracy...
2023-04-04 05:21:30,922 - __main__ - INFO - Computing epoch 33 validation loss...
2023-04-04 05:21:34,129 - __main__ - INFO - [INFO] 2023-04-04 05:21:34.128897 Epoch [34/100] batch [1/391] loss 0.7075 lr 0.0754520707875186 acc 78.12% eta 0:44:45
2023-04-04 05:21:46,614 - __main__ - INFO - [INFO] 2023-04-04 05:21:46.614417 Epoch [34/100] batch [129/391] loss 0.5454 lr 0.0754520707875186 acc 76.56% eta 0:37:56
2023-04-04 05:21:59,076 - __main__ - INFO - [INFO] 2023-04-04 05:21:59.076694 Epoch [34/100] batch [257/391] loss 0.6035 lr 0.0754520707875186 acc 77.34% eta 0:37:46
2023-04-04 05:22:11,363 - __main__ - INFO - [INFO] 2023-04-04 05:22:11.363375 Epoch [34/100] batch [385/391] loss 0.5117 lr 0.0754520707875186 acc 81.25% eta 0:37:22
2023-04-04 05:22:11,910 - __main__ - INFO - Computing epoch 34 validation accuracy...
2023-04-04 05:22:15,176 - __main__ - INFO - Computing epoch 34 validation loss...
2023-04-04 05:22:18,548 - __main__ - INFO - [INFO] 2023-04-04 05:22:18.548779 Epoch [35/100] batch [1/391] loss 0.5938 lr 0.0740876837050858 acc 79.69% eta 0:41:56
2023-04-04 05:22:30,776 - __main__ - INFO - [INFO] 2023-04-04 05:22:30.776706 Epoch [35/100] batch [129/391] loss 0.4536 lr 0.0740876837050858 acc 80.47% eta 0:36:28
2023-04-04 05:22:42,919 - __main__ - INFO - [INFO] 2023-04-04 05:22:42.919209 Epoch [35/100] batch [257/391] loss 0.6182 lr 0.0740876837050858 acc 80.47% eta 0:36:20
2023-04-04 05:22:54,732 - __main__ - INFO - [INFO] 2023-04-04 05:22:54.732343 Epoch [35/100] batch [385/391] loss 0.5161 lr 0.0740876837050858 acc 84.38% eta 0:35:58
2023-04-04 05:22:55,302 - __main__ - INFO - Computing epoch 35 validation accuracy...
2023-04-04 05:22:58,484 - __main__ - INFO - Computing epoch 35 validation loss...
2023-04-04 05:23:01,748 - __main__ - INFO - [INFO] 2023-04-04 05:23:01.747949 Epoch [36/100] batch [1/391] loss 0.7183 lr 0.07269952498697738 acc 80.47% eta 0:40:28
2023-04-04 05:23:13,927 - __main__ - INFO - [INFO] 2023-04-04 05:23:13.926962 Epoch [36/100] batch [129/391] loss 0.4705 lr 0.07269952498697738 acc 90.62% eta 0:35:51
2023-04-04 05:23:26,100 - __main__ - INFO - [INFO] 2023-04-04 05:23:26.100178 Epoch [36/100] batch [257/391] loss 0.8726 lr 0.07269952498697738 acc 64.84% eta 0:35:45
2023-04-04 05:23:38,149 - __main__ - INFO - [INFO] 2023-04-04 05:23:38.149356 Epoch [36/100] batch [385/391] loss 0.5649 lr 0.07269952498697738 acc 75.78% eta 0:35:20
2023-04-04 05:23:38,679 - __main__ - INFO - Computing epoch 36 validation accuracy...
2023-04-04 05:23:41,893 - __main__ - INFO - Computing epoch 36 validation loss...
2023-04-04 05:23:45,161 - __main__ - INFO - [INFO] 2023-04-04 05:23:45.161694 Epoch [37/100] batch [1/391] loss 0.4797 lr 0.07128896457825366 acc 89.06% eta 0:38:06
2023-04-04 05:23:57,316 - __main__ - INFO - [INFO] 2023-04-04 05:23:57.316406 Epoch [37/100] batch [129/391] loss 0.4724 lr 0.07128896457825366 acc 87.50% eta 0:35:23
2023-04-04 05:24:09,489 - __main__ - INFO - [INFO] 2023-04-04 05:24:09.489057 Epoch [37/100] batch [257/391] loss 0.5747 lr 0.07128896457825366 acc 76.56% eta 0:35:06
2023-04-04 05:24:21,808 - __main__ - INFO - [INFO] 2023-04-04 05:24:21.808499 Epoch [37/100] batch [385/391] loss 0.5098 lr 0.07128896457825366 acc 85.16% eta 0:35:20
2023-04-04 05:24:22,362 - __main__ - INFO - Computing epoch 37 validation accuracy...
2023-04-04 05:24:25,577 - __main__ - INFO - Computing epoch 37 validation loss...
2023-04-04 05:24:28,987 - __main__ - INFO - [INFO] 2023-04-04 05:24:28.986956 Epoch [38/100] batch [1/391] loss 0.4160 lr 0.06985739453173906 acc 84.38% eta 0:39:10
2023-04-04 05:24:41,190 - __main__ - INFO - [INFO] 2023-04-04 05:24:41.190098 Epoch [38/100] batch [129/391] loss 0.6445 lr 0.06985739453173906 acc 82.81% eta 0:35:01
2023-04-04 05:24:53,488 - __main__ - INFO - [INFO] 2023-04-04 05:24:53.488699 Epoch [38/100] batch [257/391] loss 0.4263 lr 0.06985739453173906 acc 89.06% eta 0:34:54
2023-04-04 05:25:05,855 - __main__ - INFO - [INFO] 2023-04-04 05:25:05.855164 Epoch [38/100] batch [385/391] loss 0.6206 lr 0.06985739453173906 acc 78.12% eta 0:34:49
2023-04-04 05:25:06,430 - __main__ - INFO - Computing epoch 38 validation accuracy...
2023-04-04 05:25:09,624 - __main__ - INFO - Computing epoch 38 validation loss...
2023-04-04 05:25:13,090 - __main__ - INFO - [INFO] 2023-04-04 05:25:13.089940 Epoch [39/100] batch [1/391] loss 0.5938 lr 0.06840622763423394 acc 78.12% eta 0:38:00
2023-04-04 05:25:25,097 - __main__ - INFO - [INFO] 2023-04-04 05:25:25.097501 Epoch [39/100] batch [129/391] loss 0.7563 lr 0.06840622763423394 acc 71.09% eta 0:34:00
2023-04-04 05:25:37,418 - __main__ - INFO - [INFO] 2023-04-04 05:25:37.417829 Epoch [39/100] batch [257/391] loss 0.4319 lr 0.06840622763423394 acc 79.69% eta 0:34:10
2023-04-04 05:25:49,408 - __main__ - INFO - [INFO] 2023-04-04 05:25:49.408659 Epoch [39/100] batch [385/391] loss 0.6084 lr 0.06840622763423394 acc 85.94% eta 0:34:00
2023-04-04 05:25:49,976 - __main__ - INFO - Computing epoch 39 validation accuracy...
2023-04-04 05:25:53,182 - __main__ - INFO - Computing epoch 39 validation loss...
2023-04-04 05:25:56,417 - __main__ - INFO - [INFO] 2023-04-04 05:25:56.417162 Epoch [40/100] batch [1/391] loss 0.4810 lr 0.06693689601226462 acc 77.34% eta 0:36:23
2023-04-04 05:26:08,889 - __main__ - INFO - [INFO] 2023-04-04 05:26:08.889360 Epoch [40/100] batch [129/391] loss 0.5918 lr 0.06693689601226462 acc 80.47% eta 0:34:35
2023-04-04 05:26:21,101 - __main__ - INFO - [INFO] 2023-04-04 05:26:21.100932 Epoch [40/100] batch [257/391] loss 0.3699 lr 0.06693689601226462 acc 89.06% eta 0:34:00
2023-04-04 05:26:33,299 - __main__ - INFO - [INFO] 2023-04-04 05:26:33.299563 Epoch [40/100] batch [385/391] loss 0.6851 lr 0.06693689601226462 acc 82.81% eta 0:33:40
2023-04-04 05:26:33,859 - __main__ - INFO - Computing epoch 40 validation accuracy...
2023-04-04 05:26:37,031 - __main__ - INFO - Computing epoch 40 validation loss...
2023-04-04 05:26:40,371 - __main__ - INFO - [INFO] 2023-04-04 05:26:40.371519 Epoch [41/100] batch [1/391] loss 0.5020 lr 0.06545084971874741 acc 83.59% eta 0:35:00
2023-04-04 05:26:52,423 - __main__ - INFO - [INFO] 2023-04-04 05:26:52.423732 Epoch [41/100] batch [129/391] loss 0.4690 lr 0.06545084971874741 acc 78.91% eta 0:32:56
2023-04-04 05:27:04,589 - __main__ - INFO - [INFO] 2023-04-04 05:27:04.589396 Epoch [41/100] batch [257/391] loss 0.5527 lr 0.06545084971874741 acc 78.91% eta 0:32:53
2023-04-04 05:27:16,542 - __main__ - INFO - [INFO] 2023-04-04 05:27:16.542615 Epoch [41/100] batch [385/391] loss 0.5356 lr 0.06545084971874741 acc 85.16% eta 0:32:44
2023-04-04 05:27:17,081 - __main__ - INFO - Computing epoch 41 validation accuracy...
2023-04-04 05:27:20,285 - __main__ - INFO - Computing epoch 41 validation loss...
2023-04-04 05:27:23,583 - __main__ - INFO - [INFO] 2023-04-04 05:27:23.583634 Epoch [42/100] batch [1/391] loss 0.5337 lr 0.06394955530196152 acc 67.97% eta 0:33:41
2023-04-04 05:27:35,857 - __main__ - INFO - [INFO] 2023-04-04 05:27:35.857435 Epoch [42/100] batch [129/391] loss 0.4529 lr 0.06394955530196152 acc 82.03% eta 0:32:52
2023-04-04 05:27:48,155 - __main__ - INFO - [INFO] 2023-04-04 05:27:48.155668 Epoch [42/100] batch [257/391] loss 0.4739 lr 0.06394955530196152 acc 80.47% eta 0:32:44
2023-04-04 05:28:00,574 - __main__ - INFO - [INFO] 2023-04-04 05:28:00.574405 Epoch [42/100] batch [385/391] loss 0.4385 lr 0.06394955530196152 acc 89.06% eta 0:32:38
2023-04-04 05:28:01,138 - __main__ - INFO - Computing epoch 42 validation accuracy...
2023-04-04 05:28:04,366 - __main__ - INFO - Computing epoch 42 validation loss...
2023-04-04 05:28:07,720 - __main__ - INFO - [INFO] 2023-04-04 05:28:07.720015 Epoch [43/100] batch [1/391] loss 0.5732 lr 0.062434494358242776 acc 84.38% eta 0:37:12
2023-04-04 05:28:20,089 - __main__ - INFO - [INFO] 2023-04-04 05:28:20.089320 Epoch [43/100] batch [129/391] loss 0.4702 lr 0.062434494358242776 acc 88.28% eta 0:32:28
2023-04-04 05:28:32,281 - __main__ - INFO - [INFO] 2023-04-04 05:28:32.281595 Epoch [43/100] batch [257/391] loss 0.4272 lr 0.062434494358242776 acc 83.59% eta 0:32:11
2023-04-04 05:28:44,151 - __main__ - INFO - [INFO] 2023-04-04 05:28:44.151114 Epoch [43/100] batch [385/391] loss 0.5347 lr 0.062434494358242776 acc 82.81% eta 0:31:48
2023-04-04 05:28:44,687 - __main__ - INFO - Computing epoch 43 validation accuracy...
2023-04-04 05:28:47,855 - __main__ - INFO - Computing epoch 43 validation loss...
2023-04-04 05:28:51,209 - __main__ - INFO - [INFO] 2023-04-04 05:28:51.209621 Epoch [44/100] batch [1/391] loss 0.4121 lr 0.06090716206982718 acc 75.00% eta 0:36:12
2023-04-04 05:29:03,483 - __main__ - INFO - [INFO] 2023-04-04 05:29:03.483280 Epoch [44/100] batch [129/391] loss 0.6177 lr 0.06090716206982718 acc 80.47% eta 0:31:55
2023-04-04 05:29:15,630 - __main__ - INFO - [INFO] 2023-04-04 05:29:15.630433 Epoch [44/100] batch [257/391] loss 0.6489 lr 0.06090716206982718 acc 84.38% eta 0:31:26
2023-04-04 05:29:27,821 - __main__ - INFO - [INFO] 2023-04-04 05:29:27.821062 Epoch [44/100] batch [385/391] loss 0.4253 lr 0.06090716206982718 acc 88.28% eta 0:31:19
2023-04-04 05:29:28,367 - __main__ - INFO - Computing epoch 44 validation accuracy...
2023-04-04 05:29:31,553 - __main__ - INFO - Computing epoch 44 validation loss...
2023-04-04 05:29:34,906 - __main__ - INFO - [INFO] 2023-04-04 05:29:34.906639 Epoch [45/100] batch [1/391] loss 0.3538 lr 0.05936906572928628 acc 91.41% eta 0:43:53
2023-04-04 05:29:47,173 - __main__ - INFO - [INFO] 2023-04-04 05:29:47.173575 Epoch [45/100] batch [129/391] loss 0.5601 lr 0.05936906572928628 acc 81.25% eta 0:31:01
2023-04-04 05:29:59,533 - __main__ - INFO - [INFO] 2023-04-04 05:29:59.533012 Epoch [45/100] batch [257/391] loss 0.3484 lr 0.05936906572928628 acc 88.28% eta 0:31:06
2023-04-04 05:30:11,649 - __main__ - INFO - [INFO] 2023-04-04 05:30:11.648434 Epoch [45/100] batch [385/391] loss 0.4678 lr 0.05936906572928628 acc 85.94% eta 0:30:50
2023-04-04 05:30:12,225 - __main__ - INFO - Computing epoch 45 validation accuracy...
2023-04-04 05:30:15,395 - __main__ - INFO - Computing epoch 45 validation loss...
2023-04-04 05:30:18,716 - __main__ - INFO - [INFO] 2023-04-04 05:30:18.716123 Epoch [46/100] batch [1/391] loss 0.6113 lr 0.05782172325201159 acc 86.72% eta 0:33:12
2023-04-04 05:30:30,898 - __main__ - INFO - [INFO] 2023-04-04 05:30:30.897770 Epoch [46/100] batch [129/391] loss 0.4221 lr 0.05782172325201159 acc 85.94% eta 0:30:26
2023-04-04 05:30:43,264 - __main__ - INFO - [INFO] 2023-04-04 05:30:43.264311 Epoch [46/100] batch [257/391] loss 0.3499 lr 0.05782172325201159 acc 82.81% eta 0:30:24
2023-04-04 05:30:55,511 - __main__ - INFO - [INFO] 2023-04-04 05:30:55.511624 Epoch [46/100] batch [385/391] loss 0.5918 lr 0.05782172325201159 acc 82.81% eta 0:30:10
2023-04-04 05:30:56,046 - __main__ - INFO - Computing epoch 46 validation accuracy...
2023-04-04 05:30:59,234 - __main__ - INFO - Computing epoch 46 validation loss...
2023-04-04 05:31:02,500 - __main__ - INFO - [INFO] 2023-04-04 05:31:02.499885 Epoch [47/100] batch [1/391] loss 0.5034 lr 0.056266661678215264 acc 82.81% eta 0:31:38
2023-04-04 05:31:14,920 - __main__ - INFO - [INFO] 2023-04-04 05:31:14.920040 Epoch [47/100] batch [129/391] loss 0.5928 lr 0.056266661678215264 acc 82.03% eta 0:30:23
2023-04-04 05:31:27,018 - __main__ - INFO - [INFO] 2023-04-04 05:31:27.018701 Epoch [47/100] batch [257/391] loss 0.4009 lr 0.056266661678215264 acc 84.38% eta 0:29:43
2023-04-04 05:31:39,203 - __main__ - INFO - [INFO] 2023-04-04 05:31:39.202997 Epoch [47/100] batch [385/391] loss 0.3416 lr 0.056266661678215264 acc 85.16% eta 0:29:36
2023-04-04 05:31:39,743 - __main__ - INFO - Computing epoch 47 validation accuracy...
2023-04-04 05:31:42,938 - __main__ - INFO - Computing epoch 47 validation loss...
2023-04-04 05:31:46,226 - __main__ - INFO - [INFO] 2023-04-04 05:31:46.226650 Epoch [48/100] batch [1/391] loss 0.3682 lr 0.05470541566592575 acc 85.16% eta 0:31:06
2023-04-04 05:31:58,419 - __main__ - INFO - [INFO] 2023-04-04 05:31:58.419706 Epoch [48/100] batch [129/391] loss 0.4099 lr 0.05470541566592575 acc 88.28% eta 0:29:03
2023-04-04 05:32:10,658 - __main__ - INFO - [INFO] 2023-04-04 05:32:10.658169 Epoch [48/100] batch [257/391] loss 0.2908 lr 0.05470541566592575 acc 92.19% eta 0:28:50
2023-04-04 05:32:22,908 - __main__ - INFO - [INFO] 2023-04-04 05:32:22.908202 Epoch [48/100] batch [385/391] loss 0.3940 lr 0.05470541566592575 acc 84.38% eta 0:28:45
2023-04-04 05:32:23,453 - __main__ - INFO - Computing epoch 48 validation accuracy...
2023-04-04 05:32:26,651 - __main__ - INFO - Computing epoch 48 validation loss...
2023-04-04 05:32:29,905 - __main__ - INFO - [INFO] 2023-04-04 05:32:29.905305 Epoch [49/100] batch [1/391] loss 0.4124 lr 0.053139525976465714 acc 84.38% eta 0:30:58
2023-04-04 05:32:42,026 - __main__ - INFO - [INFO] 2023-04-04 05:32:42.026454 Epoch [49/100] batch [129/391] loss 0.3723 lr 0.053139525976465714 acc 81.25% eta 0:28:27
2023-04-04 05:32:53,916 - __main__ - INFO - [INFO] 2023-04-04 05:32:53.916716 Epoch [49/100] batch [257/391] loss 0.4692 lr 0.053139525976465714 acc 84.38% eta 0:27:58
2023-04-04 05:33:06,139 - __main__ - INFO - [INFO] 2023-04-04 05:33:06.139622 Epoch [49/100] batch [385/391] loss 0.5396 lr 0.053139525976465714 acc 81.25% eta 0:28:02
2023-04-04 05:33:06,680 - __main__ - INFO - Computing epoch 49 validation accuracy...
2023-04-04 05:33:09,916 - __main__ - INFO - Computing epoch 49 validation loss...
2023-04-04 05:33:13,216 - __main__ - INFO - [INFO] 2023-04-04 05:33:13.216452 Epoch [50/100] batch [1/391] loss 0.5161 lr 0.05157053795390645 acc 88.28% eta 0:29:54
2023-04-04 05:33:25,272 - __main__ - INFO - [INFO] 2023-04-04 05:33:25.271854 Epoch [50/100] batch [129/391] loss 0.6187 lr 0.05157053795390645 acc 85.16% eta 0:27:48
2023-04-04 05:33:37,348 - __main__ - INFO - [INFO] 2023-04-04 05:33:37.348557 Epoch [50/100] batch [257/391] loss 0.2522 lr 0.05157053795390645 acc 90.62% eta 0:27:43
2023-04-04 05:33:49,612 - __main__ - INFO - [INFO] 2023-04-04 05:33:49.612217 Epoch [50/100] batch [385/391] loss 0.3303 lr 0.05157053795390645 acc 85.94% eta 0:27:41
2023-04-04 05:33:50,174 - __main__ - INFO - Computing epoch 50 validation accuracy...
2023-04-04 05:33:53,482 - __main__ - INFO - Computing epoch 50 validation loss...
2023-04-04 05:33:56,812 - __main__ - INFO - [INFO] 2023-04-04 05:33:56.812618 Epoch [51/100] batch [1/391] loss 0.4116 lr 0.05000000000000004 acc 85.16% eta 0:29:17
2023-04-04 05:34:09,036 - __main__ - INFO - [INFO] 2023-04-04 05:34:09.035917 Epoch [51/100] batch [129/391] loss 0.3804 lr 0.05000000000000004 acc 90.62% eta 0:27:52
2023-04-04 05:34:21,126 - __main__ - INFO - [INFO] 2023-04-04 05:34:21.125944 Epoch [51/100] batch [257/391] loss 0.6304 lr 0.05000000000000004 acc 78.91% eta 0:27:25
2023-04-04 05:34:33,254 - __main__ - INFO - [INFO] 2023-04-04 05:34:33.253803 Epoch [51/100] batch [385/391] loss 0.3323 lr 0.05000000000000004 acc 89.06% eta 0:27:11
2023-04-04 05:34:33,792 - __main__ - INFO - Computing epoch 51 validation accuracy...
2023-04-04 05:34:36,990 - __main__ - INFO - Computing epoch 51 validation loss...
2023-04-04 05:34:40,192 - __main__ - INFO - [INFO] 2023-04-04 05:34:40.192254 Epoch [52/100] batch [1/391] loss 0.3862 lr 0.04842946204609362 acc 90.62% eta 0:29:09
2023-04-04 05:34:52,658 - __main__ - INFO - [INFO] 2023-04-04 05:34:52.658145 Epoch [52/100] batch [129/391] loss 0.4976 lr 0.04842946204609362 acc 85.94% eta 0:28:00
2023-04-04 05:35:04,689 - __main__ - INFO - [INFO] 2023-04-04 05:35:04.689155 Epoch [52/100] batch [257/391] loss 0.4006 lr 0.04842946204609362 acc 89.06% eta 0:27:10
2023-04-04 05:35:16,996 - __main__ - INFO - [INFO] 2023-04-04 05:35:16.996393 Epoch [52/100] batch [385/391] loss 0.4756 lr 0.04842946204609362 acc 87.50% eta 0:26:59
2023-04-04 05:35:17,541 - __main__ - INFO - Computing epoch 52 validation accuracy...
2023-04-04 05:35:20,712 - __main__ - INFO - Computing epoch 52 validation loss...
2023-04-04 05:35:23,993 - __main__ - INFO - [INFO] 2023-04-04 05:35:23.993564 Epoch [53/100] batch [1/391] loss 0.4387 lr 0.04686047402353437 acc 82.81% eta 0:27:14
2023-04-04 05:35:36,168 - __main__ - INFO - [INFO] 2023-04-04 05:35:36.168780 Epoch [53/100] batch [129/391] loss 0.4021 lr 0.04686047402353437 acc 89.84% eta 0:26:19
2023-04-04 05:35:48,375 - __main__ - INFO - [INFO] 2023-04-04 05:35:48.375537 Epoch [53/100] batch [257/391] loss 0.3669 lr 0.04686047402353437 acc 86.72% eta 0:26:09
2023-04-04 05:36:00,437 - __main__ - INFO - [INFO] 2023-04-04 05:36:00.436827 Epoch [53/100] batch [385/391] loss 0.4106 lr 0.04686047402353437 acc 80.47% eta 0:25:51
2023-04-04 05:36:00,965 - __main__ - INFO - Computing epoch 53 validation accuracy...
2023-04-04 05:36:04,125 - __main__ - INFO - Computing epoch 53 validation loss...
2023-04-04 05:36:07,440 - __main__ - INFO - [INFO] 2023-04-04 05:36:07.440741 Epoch [54/100] batch [1/391] loss 0.4617 lr 0.045294584334074316 acc 83.59% eta 0:28:23
2023-04-04 05:36:19,402 - __main__ - INFO - [INFO] 2023-04-04 05:36:19.402387 Epoch [54/100] batch [129/391] loss 0.3914 lr 0.045294584334074316 acc 85.94% eta 0:25:47
2023-04-04 05:36:31,557 - __main__ - INFO - [INFO] 2023-04-04 05:36:31.557128 Epoch [54/100] batch [257/391] loss 0.3579 lr 0.045294584334074316 acc 81.25% eta 0:25:37
2023-04-04 05:36:44,024 - __main__ - INFO - [INFO] 2023-04-04 05:36:44.024375 Epoch [54/100] batch [385/391] loss 0.3142 lr 0.045294584334074316 acc 92.97% eta 0:25:42
2023-04-04 05:36:44,576 - __main__ - INFO - Computing epoch 54 validation accuracy...
2023-04-04 05:36:47,755 - __main__ - INFO - Computing epoch 54 validation loss...
2023-04-04 05:36:51,042 - __main__ - INFO - [INFO] 2023-04-04 05:36:51.042003 Epoch [55/100] batch [1/391] loss 0.4265 lr 0.043733338321784825 acc 88.28% eta 0:27:09
2023-04-04 05:37:03,278 - __main__ - INFO - [INFO] 2023-04-04 05:37:03.278787 Epoch [55/100] batch [129/391] loss 0.2185 lr 0.043733338321784825 acc 92.97% eta 0:25:16
2023-04-04 05:37:15,267 - __main__ - INFO - [INFO] 2023-04-04 05:37:15.267047 Epoch [55/100] batch [257/391] loss 0.4106 lr 0.043733338321784825 acc 84.38% eta 0:24:55
2023-04-04 05:37:27,562 - __main__ - INFO - [INFO] 2023-04-04 05:37:27.562774 Epoch [55/100] batch [385/391] loss 0.3267 lr 0.043733338321784825 acc 91.41% eta 0:24:54
2023-04-04 05:37:28,169 - __main__ - INFO - Computing epoch 55 validation accuracy...
2023-04-04 05:37:31,421 - __main__ - INFO - Computing epoch 55 validation loss...
2023-04-04 05:37:34,769 - __main__ - INFO - [INFO] 2023-04-04 05:37:34.769298 Epoch [56/100] batch [1/391] loss 0.3821 lr 0.042178276747988484 acc 87.50% eta 0:26:47
2023-04-04 05:37:46,776 - __main__ - INFO - [INFO] 2023-04-04 05:37:46.775956 Epoch [56/100] batch [129/391] loss 0.3865 lr 0.042178276747988484 acc 92.19% eta 0:24:41
2023-04-04 05:37:58,998 - __main__ - INFO - [INFO] 2023-04-04 05:37:58.997893 Epoch [56/100] batch [257/391] loss 0.5005 lr 0.042178276747988484 acc 75.78% eta 0:24:33
2023-04-04 05:38:11,221 - __main__ - INFO - [INFO] 2023-04-04 05:38:11.221283 Epoch [56/100] batch [385/391] loss 0.3274 lr 0.042178276747988484 acc 90.62% eta 0:24:22
2023-04-04 05:38:11,777 - __main__ - INFO - Computing epoch 56 validation accuracy...
2023-04-04 05:38:14,967 - __main__ - INFO - Computing epoch 56 validation loss...
2023-04-04 05:38:18,269 - __main__ - INFO - [INFO] 2023-04-04 05:38:18.269382 Epoch [57/100] batch [1/391] loss 0.3013 lr 0.0406309342707138 acc 89.84% eta 0:26:41
2023-04-04 05:38:30,581 - __main__ - INFO - [INFO] 2023-04-04 05:38:30.580996 Epoch [57/100] batch [129/391] loss 0.3291 lr 0.0406309342707138 acc 82.81% eta 0:24:32
2023-04-04 05:38:42,984 - __main__ - INFO - [INFO] 2023-04-04 05:38:42.984093 Epoch [57/100] batch [257/391] loss 0.3674 lr 0.0406309342707138 acc 89.84% eta 0:24:25
2023-04-04 05:38:55,172 - __main__ - INFO - [INFO] 2023-04-04 05:38:55.171866 Epoch [57/100] batch [385/391] loss 0.3120 lr 0.0406309342707138 acc 83.59% eta 0:24:09
2023-04-04 05:38:55,733 - __main__ - INFO - Computing epoch 57 validation accuracy...
2023-04-04 05:38:58,985 - __main__ - INFO - Computing epoch 57 validation loss...
2023-04-04 05:39:02,241 - __main__ - INFO - [INFO] 2023-04-04 05:39:02.241564 Epoch [58/100] batch [1/391] loss 0.2097 lr 0.039092837930172916 acc 91.41% eta 0:24:53
2023-04-04 05:39:14,097 - __main__ - INFO - [INFO] 2023-04-04 05:39:14.097433 Epoch [58/100] batch [129/391] loss 0.2979 lr 0.039092837930172916 acc 89.84% eta 0:23:25
2023-04-04 05:39:26,159 - __main__ - INFO - [INFO] 2023-04-04 05:39:26.159770 Epoch [58/100] batch [257/391] loss 0.3525 lr 0.039092837930172916 acc 85.16% eta 0:23:17
2023-04-04 05:39:38,316 - __main__ - INFO - [INFO] 2023-04-04 05:39:38.316433 Epoch [58/100] batch [385/391] loss 0.4622 lr 0.039092837930172916 acc 82.81% eta 0:23:05
2023-04-04 05:39:38,852 - __main__ - INFO - Computing epoch 58 validation accuracy...
2023-04-04 05:39:42,139 - __main__ - INFO - Computing epoch 58 validation loss...
2023-04-04 05:39:45,440 - __main__ - INFO - [INFO] 2023-04-04 05:39:45.440094 Epoch [59/100] batch [1/391] loss 0.2368 lr 0.037565505641757285 acc 89.06% eta 0:25:46
2023-04-04 05:39:57,730 - __main__ - INFO - [INFO] 2023-04-04 05:39:57.730563 Epoch [59/100] batch [129/391] loss 0.3943 lr 0.037565505641757285 acc 84.38% eta 0:23:29
2023-04-04 05:40:09,918 - __main__ - INFO - [INFO] 2023-04-04 05:40:09.918627 Epoch [59/100] batch [257/391] loss 0.2979 lr 0.037565505641757285 acc 92.97% eta 0:23:07
2023-04-04 05:40:22,107 - __main__ - INFO - [INFO] 2023-04-04 05:40:22.107675 Epoch [59/100] batch [385/391] loss 0.3010 lr 0.037565505641757285 acc 90.62% eta 0:22:52
2023-04-04 05:40:22,653 - __main__ - INFO - Computing epoch 59 validation accuracy...
2023-04-04 05:40:25,852 - __main__ - INFO - Computing epoch 59 validation loss...
2023-04-04 05:40:29,128 - __main__ - INFO - [INFO] 2023-04-04 05:40:29.128150 Epoch [60/100] batch [1/391] loss 0.3606 lr 0.03605044469803857 acc 92.97% eta 0:24:54
2023-04-04 05:40:41,101 - __main__ - INFO - [INFO] 2023-04-04 05:40:41.100808 Epoch [60/100] batch [129/391] loss 0.4128 lr 0.03605044469803857 acc 89.84% eta 0:22:30
2023-04-04 05:40:53,216 - __main__ - INFO - [INFO] 2023-04-04 05:40:53.215930 Epoch [60/100] batch [257/391] loss 0.3237 lr 0.03605044469803857 acc 88.28% eta 0:22:18
2023-04-04 05:41:05,203 - __main__ - INFO - [INFO] 2023-04-04 05:41:05.203114 Epoch [60/100] batch [385/391] loss 0.4290 lr 0.03605044469803857 acc 85.94% eta 0:22:01
2023-04-04 05:41:05,747 - __main__ - INFO - Computing epoch 60 validation accuracy...
2023-04-04 05:41:08,836 - __main__ - INFO - Computing epoch 60 validation loss...
2023-04-04 05:41:12,086 - __main__ - INFO - [INFO] 2023-04-04 05:41:12.086485 Epoch [61/100] batch [1/391] loss 0.3623 lr 0.034549150281252675 acc 87.50% eta 0:23:29
2023-04-04 05:41:24,270 - __main__ - INFO - [INFO] 2023-04-04 05:41:24.270229 Epoch [61/100] batch [129/391] loss 0.4707 lr 0.034549150281252675 acc 86.72% eta 0:22:02
2023-04-04 05:41:36,471 - __main__ - INFO - [INFO] 2023-04-04 05:41:36.471796 Epoch [61/100] batch [257/391] loss 0.3999 lr 0.034549150281252675 acc 86.72% eta 0:21:54
2023-04-04 05:41:48,718 - __main__ - INFO - [INFO] 2023-04-04 05:41:48.718238 Epoch [61/100] batch [385/391] loss 0.3438 lr 0.034549150281252675 acc 88.28% eta 0:21:40
2023-04-04 05:41:49,266 - __main__ - INFO - Computing epoch 61 validation accuracy...
2023-04-04 05:41:52,494 - __main__ - INFO - Computing epoch 61 validation loss...
2023-04-04 05:41:56,061 - __main__ - INFO - [INFO] 2023-04-04 05:41:56.061233 Epoch [62/100] batch [1/391] loss 0.3267 lr 0.03306310398773546 acc 95.31% eta 0:29:29
2023-04-04 05:42:07,926 - __main__ - INFO - [INFO] 2023-04-04 05:42:07.926573 Epoch [62/100] batch [129/391] loss 0.2742 lr 0.03306310398773546 acc 85.94% eta 0:21:23
2023-04-04 05:42:20,273 - __main__ - INFO - [INFO] 2023-04-04 05:42:20.273598 Epoch [62/100] batch [257/391] loss 0.3093 lr 0.03306310398773546 acc 88.28% eta 0:21:23
2023-04-04 05:42:32,281 - __main__ - INFO - [INFO] 2023-04-04 05:42:32.281143 Epoch [62/100] batch [385/391] loss 0.4949 lr 0.03306310398773546 acc 84.38% eta 0:21:02
2023-04-04 05:42:32,826 - __main__ - INFO - Computing epoch 62 validation accuracy...
2023-04-04 05:42:36,026 - __main__ - INFO - Computing epoch 62 validation loss...
2023-04-04 05:42:39,472 - __main__ - INFO - [INFO] 2023-04-04 05:42:39.471959 Epoch [63/100] batch [1/391] loss 0.1875 lr 0.031593772365766146 acc 94.53% eta 0:23:44
2023-04-04 05:42:51,489 - __main__ - INFO - [INFO] 2023-04-04 05:42:51.489550 Epoch [63/100] batch [129/391] loss 0.3760 lr 0.031593772365766146 acc 85.94% eta 0:20:35
2023-04-04 05:43:03,474 - __main__ - INFO - [INFO] 2023-04-04 05:43:03.473833 Epoch [63/100] batch [257/391] loss 0.2062 lr 0.031593772365766146 acc 95.31% eta 0:20:21
2023-04-04 05:43:15,631 - __main__ - INFO - [INFO] 2023-04-04 05:43:15.631663 Epoch [63/100] batch [385/391] loss 0.3291 lr 0.031593772365766146 acc 91.41% eta 0:20:15
2023-04-04 05:43:16,183 - __main__ - INFO - Computing epoch 63 validation accuracy...
2023-04-04 05:43:19,396 - __main__ - INFO - Computing epoch 63 validation loss...
2023-04-04 05:43:22,648 - __main__ - INFO - [INFO] 2023-04-04 05:43:22.648493 Epoch [64/100] batch [1/391] loss 0.2537 lr 0.030142605468260992 acc 91.41% eta 0:21:46
2023-04-04 05:43:34,633 - __main__ - INFO - [INFO] 2023-04-04 05:43:34.633012 Epoch [64/100] batch [129/391] loss 0.3806 lr 0.030142605468260992 acc 91.41% eta 0:20:27
2023-04-04 05:43:46,844 - __main__ - INFO - [INFO] 2023-04-04 05:43:46.844042 Epoch [64/100] batch [257/391] loss 0.3198 lr 0.030142605468260992 acc 92.19% eta 0:20:15
2023-04-04 05:43:58,845 - __main__ - INFO - [INFO] 2023-04-04 05:43:58.845571 Epoch [64/100] batch [385/391] loss 0.3738 lr 0.030142605468260992 acc 87.50% eta 0:19:55
2023-04-04 05:43:59,378 - __main__ - INFO - Computing epoch 64 validation accuracy...
2023-04-04 05:44:02,546 - __main__ - INFO - Computing epoch 64 validation loss...
2023-04-04 05:44:05,837 - __main__ - INFO - [INFO] 2023-04-04 05:44:05.837504 Epoch [65/100] batch [1/391] loss 0.2490 lr 0.028711035421746394 acc 94.53% eta 0:22:45
2023-04-04 05:44:18,167 - __main__ - INFO - [INFO] 2023-04-04 05:44:18.166985 Epoch [65/100] batch [129/391] loss 0.2324 lr 0.028711035421746394 acc 93.75% eta 0:20:06
2023-04-04 05:44:30,300 - __main__ - INFO - [INFO] 2023-04-04 05:44:30.300187 Epoch [65/100] batch [257/391] loss 0.3125 lr 0.028711035421746394 acc 86.72% eta 0:19:44
2023-04-04 05:44:42,508 - __main__ - INFO - [INFO] 2023-04-04 05:44:42.508019 Epoch [65/100] batch [385/391] loss 0.2698 lr 0.028711035421746394 acc 93.75% eta 0:19:32
2023-04-04 05:44:43,054 - __main__ - INFO - Computing epoch 65 validation accuracy...
2023-04-04 05:44:46,168 - __main__ - INFO - Computing epoch 65 validation loss...
2023-04-04 05:44:49,482 - __main__ - INFO - [INFO] 2023-04-04 05:44:49.482110 Epoch [66/100] batch [1/391] loss 0.2644 lr 0.027300475013022688 acc 94.53% eta 0:20:56
2023-04-04 05:45:01,485 - __main__ - INFO - [INFO] 2023-04-04 05:45:01.485635 Epoch [66/100] batch [129/391] loss 0.2695 lr 0.027300475013022688 acc 92.19% eta 0:19:21
2023-04-04 05:45:13,471 - __main__ - INFO - [INFO] 2023-04-04 05:45:13.471404 Epoch [66/100] batch [257/391] loss 0.2493 lr 0.027300475013022688 acc 92.97% eta 0:19:01
2023-04-04 05:45:25,567 - __main__ - INFO - [INFO] 2023-04-04 05:45:25.566933 Epoch [66/100] batch [385/391] loss 0.3076 lr 0.027300475013022688 acc 93.75% eta 0:18:48
2023-04-04 05:45:26,113 - __main__ - INFO - Computing epoch 66 validation accuracy...
2023-04-04 05:45:29,363 - __main__ - INFO - Computing epoch 66 validation loss...
2023-04-04 05:45:32,700 - __main__ - INFO - [INFO] 2023-04-04 05:45:32.700067 Epoch [67/100] batch [1/391] loss 0.2800 lr 0.025912316294914254 acc 92.97% eta 0:20:39
2023-04-04 05:45:44,948 - __main__ - INFO - [INFO] 2023-04-04 05:45:44.948419 Epoch [67/100] batch [129/391] loss 0.1887 lr 0.025912316294914254 acc 97.66% eta 0:18:48
2023-04-04 05:45:57,000 - __main__ - INFO - [INFO] 2023-04-04 05:45:57.000455 Epoch [67/100] batch [257/391] loss 0.3125 lr 0.025912316294914254 acc 91.41% eta 0:18:26
2023-04-04 05:46:08,923 - __main__ - INFO - [INFO] 2023-04-04 05:46:08.922961 Epoch [67/100] batch [385/391] loss 0.2305 lr 0.025912316294914254 acc 92.97% eta 0:18:10
2023-04-04 05:46:09,505 - __main__ - INFO - Computing epoch 67 validation accuracy...
2023-04-04 05:46:12,777 - __main__ - INFO - Computing epoch 67 validation loss...
2023-04-04 05:46:16,057 - __main__ - INFO - [INFO] 2023-04-04 05:46:16.057000 Epoch [68/100] batch [1/391] loss 0.4185 lr 0.02454792921248146 acc 88.28% eta 0:18:52
2023-04-04 05:46:28,010 - __main__ - INFO - [INFO] 2023-04-04 05:46:28.010650 Epoch [68/100] batch [129/391] loss 0.2524 lr 0.02454792921248146 acc 91.41% eta 0:17:59
2023-04-04 05:46:39,840 - __main__ - INFO - [INFO] 2023-04-04 05:46:39.839980 Epoch [68/100] batch [257/391] loss 0.2810 lr 0.02454792921248146 acc 91.41% eta 0:17:43
2023-04-04 05:46:51,902 - __main__ - INFO - [INFO] 2023-04-04 05:46:51.902429 Epoch [68/100] batch [385/391] loss 0.2321 lr 0.02454792921248146 acc 93.75% eta 0:17:31
2023-04-04 05:46:52,497 - __main__ - INFO - Computing epoch 68 validation accuracy...
2023-04-04 05:46:55,625 - __main__ - INFO - Computing epoch 68 validation loss...
2023-04-04 05:46:58,853 - __main__ - INFO - [INFO] 2023-04-04 05:46:58.853592 Epoch [69/100] batch [1/391] loss 0.2410 lr 0.02320866025105018 acc 90.62% eta 0:18:53
2023-04-04 05:47:10,877 - __main__ - INFO - [INFO] 2023-04-04 05:47:10.877445 Epoch [69/100] batch [129/391] loss 0.1843 lr 0.02320866025105018 acc 95.31% eta 0:17:22
2023-04-04 05:47:23,115 - __main__ - INFO - [INFO] 2023-04-04 05:47:23.115034 Epoch [69/100] batch [257/391] loss 0.3052 lr 0.02320866025105018 acc 90.62% eta 0:17:17
2023-04-04 05:47:35,087 - __main__ - INFO - [INFO] 2023-04-04 05:47:35.087070 Epoch [69/100] batch [385/391] loss 0.2798 lr 0.02320866025105018 acc 89.06% eta 0:17:05
2023-04-04 05:47:35,619 - __main__ - INFO - Computing epoch 69 validation accuracy...
2023-04-04 05:47:38,731 - __main__ - INFO - Computing epoch 69 validation loss...
2023-04-04 05:47:42,096 - __main__ - INFO - [INFO] 2023-04-04 05:47:42.096038 Epoch [70/100] batch [1/391] loss 0.1986 lr 0.021895831107393487 acc 92.19% eta 0:18:33
2023-04-04 05:47:54,264 - __main__ - INFO - [INFO] 2023-04-04 05:47:54.264158 Epoch [70/100] batch [129/391] loss 0.3689 lr 0.021895831107393487 acc 89.06% eta 0:17:12
2023-04-04 05:48:06,097 - __main__ - INFO - [INFO] 2023-04-04 05:48:06.097386 Epoch [70/100] batch [257/391] loss 0.4321 lr 0.021895831107393487 acc 87.50% eta 0:16:48
2023-04-04 05:48:18,194 - __main__ - INFO - [INFO] 2023-04-04 05:48:18.193917 Epoch [70/100] batch [385/391] loss 0.2057 lr 0.021895831107393487 acc 91.41% eta 0:16:34
2023-04-04 05:48:18,745 - __main__ - INFO - Computing epoch 70 validation accuracy...
2023-04-04 05:48:21,915 - __main__ - INFO - Computing epoch 70 validation loss...
2023-04-04 05:48:25,219 - __main__ - INFO - [INFO] 2023-04-04 05:48:25.219245 Epoch [71/100] batch [1/391] loss 0.1832 lr 0.02061073738537637 acc 92.97% eta 0:17:12
2023-04-04 05:48:37,468 - __main__ - INFO - [INFO] 2023-04-04 05:48:37.468754 Epoch [71/100] batch [129/391] loss 0.2812 lr 0.02061073738537637 acc 92.19% eta 0:16:31
2023-04-04 05:48:49,627 - __main__ - INFO - [INFO] 2023-04-04 05:48:49.627084 Epoch [71/100] batch [257/391] loss 0.2051 lr 0.02061073738537637 acc 96.09% eta 0:16:17
2023-04-04 05:49:01,615 - __main__ - INFO - [INFO] 2023-04-04 05:49:01.615175 Epoch [71/100] batch [385/391] loss 0.2067 lr 0.02061073738537637 acc 95.31% eta 0:16:01
2023-04-04 05:49:02,211 - __main__ - INFO - Computing epoch 71 validation accuracy...
2023-04-04 05:49:05,387 - __main__ - INFO - Computing epoch 71 validation loss...
2023-04-04 05:49:08,715 - __main__ - INFO - [INFO] 2023-04-04 05:49:08.715178 Epoch [72/100] batch [1/391] loss 0.1743 lr 0.01935464731735119 acc 92.19% eta 0:17:15
2023-04-04 05:49:20,700 - __main__ - INFO - [INFO] 2023-04-04 05:49:20.700174 Epoch [72/100] batch [129/391] loss 0.3450 lr 0.01935464731735119 acc 95.31% eta 0:15:43
2023-04-04 05:49:32,611 - __main__ - INFO - [INFO] 2023-04-04 05:49:32.611577 Epoch [72/100] batch [257/391] loss 0.2408 lr 0.01935464731735119 acc 92.19% eta 0:15:37
2023-04-04 05:49:44,742 - __main__ - INFO - [INFO] 2023-04-04 05:49:44.742046 Epoch [72/100] batch [385/391] loss 0.2537 lr 0.01935464731735119 acc 89.84% eta 0:15:27
2023-04-04 05:49:45,289 - __main__ - INFO - Computing epoch 72 validation accuracy...
2023-04-04 05:49:48,415 - __main__ - INFO - Computing epoch 72 validation loss...
2023-04-04 05:49:51,664 - __main__ - INFO - [INFO] 2023-04-04 05:49:51.664236 Epoch [73/100] batch [1/391] loss 0.1904 lr 0.018128800512565532 acc 96.09% eta 0:17:00
2023-04-04 05:50:03,757 - __main__ - INFO - [INFO] 2023-04-04 05:50:03.757152 Epoch [73/100] batch [129/391] loss 0.2111 lr 0.018128800512565532 acc 92.19% eta 0:15:16
2023-04-04 05:50:15,901 - __main__ - INFO - [INFO] 2023-04-04 05:50:15.901663 Epoch [73/100] batch [257/391] loss 0.3333 lr 0.018128800512565532 acc 89.84% eta 0:15:05
2023-04-04 05:50:28,045 - __main__ - INFO - [INFO] 2023-04-04 05:50:28.045522 Epoch [73/100] batch [385/391] loss 0.2566 lr 0.018128800512565532 acc 92.97% eta 0:14:56
2023-04-04 05:50:28,588 - __main__ - INFO - Computing epoch 73 validation accuracy...
2023-04-04 05:50:31,760 - __main__ - INFO - Computing epoch 73 validation loss...
2023-04-04 05:50:34,993 - __main__ - INFO - [INFO] 2023-04-04 05:50:34.992975 Epoch [74/100] batch [1/391] loss 0.1914 lr 0.016934406733817433 acc 93.75% eta 0:16:26
2023-04-04 05:50:47,214 - __main__ - INFO - [INFO] 2023-04-04 05:50:47.214163 Epoch [74/100] batch [129/391] loss 0.2512 lr 0.016934406733817433 acc 91.41% eta 0:14:48
2023-04-04 05:50:58,947 - __main__ - INFO - [INFO] 2023-04-04 05:50:58.947225 Epoch [74/100] batch [257/391] loss 0.2534 lr 0.016934406733817433 acc 93.75% eta 0:14:29
2023-04-04 05:51:10,957 - __main__ - INFO - [INFO] 2023-04-04 05:51:10.957171 Epoch [74/100] batch [385/391] loss 0.2810 lr 0.016934406733817433 acc 92.19% eta 0:14:16
2023-04-04 05:51:11,482 - __main__ - INFO - Computing epoch 74 validation accuracy...
2023-04-04 05:51:14,661 - __main__ - INFO - Computing epoch 74 validation loss...
2023-04-04 05:51:17,925 - __main__ - INFO - [INFO] 2023-04-04 05:51:17.925775 Epoch [75/100] batch [1/391] loss 0.1952 lr 0.01577264470356558 acc 94.53% eta 0:15:19
2023-04-04 05:51:30,217 - __main__ - INFO - [INFO] 2023-04-04 05:51:30.217618 Epoch [75/100] batch [129/391] loss 0.2323 lr 0.01577264470356558 acc 92.19% eta 0:14:24
2023-04-04 05:51:42,218 - __main__ - INFO - [INFO] 2023-04-04 05:51:42.218203 Epoch [75/100] batch [257/391] loss 0.1851 lr 0.01577264470356558 acc 95.31% eta 0:14:01
2023-04-04 05:51:54,432 - __main__ - INFO - [INFO] 2023-04-04 05:51:54.432258 Epoch [75/100] batch [385/391] loss 0.1943 lr 0.01577264470356558 acc 96.09% eta 0:13:50
2023-04-04 05:51:54,997 - __main__ - INFO - Computing epoch 75 validation accuracy...
2023-04-04 05:51:58,276 - __main__ - INFO - Computing epoch 75 validation loss...
2023-04-04 05:52:01,503 - __main__ - INFO - [INFO] 2023-04-04 05:52:01.503062 Epoch [76/100] batch [1/391] loss 0.2925 lr 0.014644660940672643 acc 94.53% eta 0:14:13
2023-04-04 05:52:13,632 - __main__ - INFO - [INFO] 2023-04-04 05:52:13.632094 Epoch [76/100] batch [129/391] loss 0.1475 lr 0.014644660940672643 acc 98.44% eta 0:13:37
2023-04-04 05:52:25,690 - __main__ - INFO - [INFO] 2023-04-04 05:52:25.690451 Epoch [76/100] batch [257/391] loss 0.1505 lr 0.014644660940672643 acc 96.88% eta 0:13:34
2023-04-04 05:52:37,698 - __main__ - INFO - [INFO] 2023-04-04 05:52:37.697919 Epoch [76/100] batch [385/391] loss 0.1364 lr 0.014644660940672643 acc 97.66% eta 0:13:18
2023-04-04 05:52:38,231 - __main__ - INFO - Computing epoch 76 validation accuracy...
2023-04-04 05:52:41,699 - __main__ - INFO - Computing epoch 76 validation loss...
2023-04-04 05:52:45,022 - __main__ - INFO - [INFO] 2023-04-04 05:52:45.021814 Epoch [77/100] batch [1/391] loss 0.1874 lr 0.013551568628929448 acc 95.31% eta 0:14:15
2023-04-04 05:52:57,210 - __main__ - INFO - [INFO] 2023-04-04 05:52:57.209997 Epoch [77/100] batch [129/391] loss 0.1456 lr 0.013551568628929448 acc 96.88% eta 0:13:10
2023-04-04 05:53:09,294 - __main__ - INFO - [INFO] 2023-04-04 05:53:09.294612 Epoch [77/100] batch [257/391] loss 0.1937 lr 0.013551568628929448 acc 95.31% eta 0:12:53
2023-04-04 05:53:21,391 - __main__ - INFO - [INFO] 2023-04-04 05:53:21.391236 Epoch [77/100] batch [385/391] loss 0.1198 lr 0.013551568628929448 acc 95.31% eta 0:12:42
2023-04-04 05:53:22,016 - __main__ - INFO - Computing epoch 77 validation accuracy...
2023-04-04 05:53:25,395 - __main__ - INFO - Computing epoch 77 validation loss...
2023-04-04 05:53:28,770 - __main__ - INFO - [INFO] 2023-04-04 05:53:28.770423 Epoch [78/100] batch [1/391] loss 0.1550 lr 0.012494446518477033 acc 96.09% eta 0:14:05
2023-04-04 05:53:40,887 - __main__ - INFO - [INFO] 2023-04-04 05:53:40.887733 Epoch [78/100] batch [129/391] loss 0.0928 lr 0.012494446518477033 acc 96.88% eta 0:12:30
2023-04-04 05:53:52,920 - __main__ - INFO - [INFO] 2023-04-04 05:53:52.920182 Epoch [78/100] batch [257/391] loss 0.0931 lr 0.012494446518477033 acc 97.66% eta 0:12:23
2023-04-04 05:54:05,076 - __main__ - INFO - [INFO] 2023-04-04 05:54:05.076271 Epoch [78/100] batch [385/391] loss 0.1763 lr 0.012494446518477033 acc 96.88% eta 0:12:13
2023-04-04 05:54:05,638 - __main__ - INFO - Computing epoch 78 validation accuracy...
2023-04-04 05:54:08,836 - __main__ - INFO - Computing epoch 78 validation loss...
2023-04-04 05:54:12,324 - __main__ - INFO - [INFO] 2023-04-04 05:54:12.324358 Epoch [79/100] batch [1/391] loss 0.2198 lr 0.011474337861210555 acc 96.88% eta 0:13:28
2023-04-04 05:54:24,715 - __main__ - INFO - [INFO] 2023-04-04 05:54:24.714823 Epoch [79/100] batch [129/391] loss 0.1002 lr 0.011474337861210555 acc 98.44% eta 0:12:14
2023-04-04 05:54:36,800 - __main__ - INFO - [INFO] 2023-04-04 05:54:36.799954 Epoch [79/100] batch [257/391] loss 0.1927 lr 0.011474337861210555 acc 94.53% eta 0:11:55
2023-04-04 05:54:49,230 - __main__ - INFO - [INFO] 2023-04-04 05:54:49.230134 Epoch [79/100] batch [385/391] loss 0.2264 lr 0.011474337861210555 acc 92.97% eta 0:11:47
2023-04-04 05:54:49,775 - __main__ - INFO - Computing epoch 79 validation accuracy...
2023-04-04 05:54:52,982 - __main__ - INFO - Computing epoch 79 validation loss...
2023-04-04 05:54:56,378 - __main__ - INFO - [INFO] 2023-04-04 05:54:56.378375 Epoch [80/100] batch [1/391] loss 0.1488 lr 0.01049224938121549 acc 97.66% eta 0:12:19
2023-04-04 05:55:08,513 - __main__ - INFO - [INFO] 2023-04-04 05:55:08.512815 Epoch [80/100] batch [129/391] loss 0.1005 lr 0.01049224938121549 acc 97.66% eta 0:11:23
2023-04-04 05:55:20,638 - __main__ - INFO - [INFO] 2023-04-04 05:55:20.638588 Epoch [80/100] batch [257/391] loss 0.1564 lr 0.01049224938121549 acc 96.09% eta 0:11:18
2023-04-04 05:55:32,744 - __main__ - INFO - [INFO] 2023-04-04 05:55:32.743862 Epoch [80/100] batch [385/391] loss 0.1362 lr 0.01049224938121549 acc 96.09% eta 0:11:09
2023-04-04 05:55:33,287 - __main__ - INFO - Computing epoch 80 validation accuracy...
2023-04-04 05:55:36,477 - __main__ - INFO - Computing epoch 80 validation loss...
2023-04-04 05:55:39,947 - __main__ - INFO - [INFO] 2023-04-04 05:55:39.946910 Epoch [81/100] batch [1/391] loss 0.2361 lr 0.009549150281252642 acc 94.53% eta 0:11:50
2023-04-04 05:55:52,233 - __main__ - INFO - [INFO] 2023-04-04 05:55:52.233082 Epoch [81/100] batch [129/391] loss 0.1851 lr 0.009549150281252642 acc 95.31% eta 0:11:08
2023-04-04 05:56:04,469 - __main__ - INFO - [INFO] 2023-04-04 05:56:04.469541 Epoch [81/100] batch [257/391] loss 0.1857 lr 0.009549150281252642 acc 96.09% eta 0:10:52
2023-04-04 05:56:16,725 - __main__ - INFO - [INFO] 2023-04-04 05:56:16.725407 Epoch [81/100] batch [385/391] loss 0.1648 lr 0.009549150281252642 acc 96.09% eta 0:10:39
2023-04-04 05:56:17,265 - __main__ - INFO - Computing epoch 81 validation accuracy...
2023-04-04 05:56:20,414 - __main__ - INFO - Computing epoch 81 validation loss...
2023-04-04 05:56:23,727 - __main__ - INFO - [INFO] 2023-04-04 05:56:23.726848 Epoch [82/100] batch [1/391] loss 0.1232 lr 0.008645971286271922 acc 97.66% eta 0:11:14
2023-04-04 05:56:35,910 - __main__ - INFO - [INFO] 2023-04-04 05:56:35.910310 Epoch [82/100] batch [129/391] loss 0.1138 lr 0.008645971286271922 acc 96.09% eta 0:10:26
2023-04-04 05:56:47,988 - __main__ - INFO - [INFO] 2023-04-04 05:56:47.988095 Epoch [82/100] batch [257/391] loss 0.1110 lr 0.008645971286271922 acc 99.22% eta 0:10:11
2023-04-04 05:56:59,919 - __main__ - INFO - [INFO] 2023-04-04 05:56:59.919640 Epoch [82/100] batch [385/391] loss 0.0963 lr 0.008645971286271922 acc 96.88% eta 0:09:59
2023-04-04 05:57:00,476 - __main__ - INFO - Computing epoch 82 validation accuracy...
2023-04-04 05:57:03,623 - __main__ - INFO - Computing epoch 82 validation loss...
2023-04-04 05:57:07,036 - __main__ - INFO - [INFO] 2023-04-04 05:57:07.036303 Epoch [83/100] batch [1/391] loss 0.0851 lr 0.007783603724899264 acc 97.66% eta 0:10:37
2023-04-04 05:57:19,198 - __main__ - INFO - [INFO] 2023-04-04 05:57:19.198788 Epoch [83/100] batch [129/391] loss 0.1213 lr 0.007783603724899264 acc 96.09% eta 0:09:50
2023-04-04 05:57:31,266 - __main__ - INFO - [INFO] 2023-04-04 05:57:31.266041 Epoch [83/100] batch [257/391] loss 0.0848 lr 0.007783603724899264 acc 97.66% eta 0:09:34
2023-04-04 05:57:43,616 - __main__ - INFO - [INFO] 2023-04-04 05:57:43.616061 Epoch [83/100] batch [385/391] loss 0.2129 lr 0.007783603724899264 acc 96.09% eta 0:09:29
2023-04-04 05:57:44,190 - __main__ - INFO - Computing epoch 83 validation accuracy...
2023-04-04 05:57:47,421 - __main__ - INFO - Computing epoch 83 validation loss...
2023-04-04 05:57:50,793 - __main__ - INFO - [INFO] 2023-04-04 05:57:50.793038 Epoch [84/100] batch [1/391] loss 0.1305 lr 0.006962898649802819 acc 96.09% eta 0:13:28
2023-04-04 05:58:03,226 - __main__ - INFO - [INFO] 2023-04-04 05:58:03.226431 Epoch [84/100] batch [129/391] loss 0.0828 lr 0.006962898649802819 acc 98.44% eta 0:09:29
2023-04-04 05:58:15,335 - __main__ - INFO - [INFO] 2023-04-04 05:58:15.334961 Epoch [84/100] batch [257/391] loss 0.0850 lr 0.006962898649802819 acc 98.44% eta 0:09:09
2023-04-04 05:58:27,152 - __main__ - INFO - [INFO] 2023-04-04 05:58:27.152200 Epoch [84/100] batch [385/391] loss 0.0787 lr 0.006962898649802819 acc 97.66% eta 0:08:55
2023-04-04 05:58:27,724 - __main__ - INFO - Computing epoch 84 validation accuracy...
2023-04-04 05:58:30,876 - __main__ - INFO - Computing epoch 84 validation loss...
2023-04-04 05:58:34,198 - __main__ - INFO - [INFO] 2023-04-04 05:58:34.198062 Epoch [85/100] batch [1/391] loss 0.0601 lr 0.0061846659978068265 acc 98.44% eta 0:09:27
2023-04-04 05:58:46,355 - __main__ - INFO - [INFO] 2023-04-04 05:58:46.355225 Epoch [85/100] batch [129/391] loss 0.1322 lr 0.0061846659978068265 acc 98.44% eta 0:08:43
2023-04-04 05:58:58,433 - __main__ - INFO - [INFO] 2023-04-04 05:58:58.433617 Epoch [85/100] batch [257/391] loss 0.0717 lr 0.0061846659978068265 acc 99.22% eta 0:08:30
2023-04-04 05:59:10,484 - __main__ - INFO - [INFO] 2023-04-04 05:59:10.483912 Epoch [85/100] batch [385/391] loss 0.1021 lr 0.0061846659978068265 acc 97.66% eta 0:08:17
2023-04-04 05:59:11,037 - __main__ - INFO - Computing epoch 85 validation accuracy...
2023-04-04 05:59:14,339 - __main__ - INFO - Computing epoch 85 validation loss...
2023-04-04 05:59:17,663 - __main__ - INFO - [INFO] 2023-04-04 05:59:17.663030 Epoch [86/100] batch [1/391] loss 0.1844 lr 0.005449673790581615 acc 97.66% eta 0:09:05
2023-04-04 05:59:29,902 - __main__ - INFO - [INFO] 2023-04-04 05:59:29.902427 Epoch [86/100] batch [129/391] loss 0.1663 lr 0.005449673790581615 acc 97.66% eta 0:08:11
2023-04-04 05:59:42,108 - __main__ - INFO - [INFO] 2023-04-04 05:59:42.108233 Epoch [86/100] batch [257/391] loss 0.0818 lr 0.005449673790581615 acc 97.66% eta 0:08:01
2023-04-04 05:59:54,196 - __main__ - INFO - [INFO] 2023-04-04 05:59:54.196439 Epoch [86/100] batch [385/391] loss 0.1814 lr 0.005449673790581615 acc 96.09% eta 0:07:51
2023-04-04 05:59:54,734 - __main__ - INFO - Computing epoch 86 validation accuracy...
2023-04-04 05:59:57,901 - __main__ - INFO - Computing epoch 86 validation loss...
2023-04-04 06:00:01,204 - __main__ - INFO - [INFO] 2023-04-04 06:00:01.204004 Epoch [87/100] batch [1/391] loss 0.1534 lr 0.004758647376699036 acc 96.09% eta 0:08:40
2023-04-04 06:00:13,452 - __main__ - INFO - [INFO] 2023-04-04 06:00:13.452185 Epoch [87/100] batch [129/391] loss 0.0360 lr 0.004758647376699036 acc 97.66% eta 0:07:38
2023-04-04 06:00:25,555 - __main__ - INFO - [INFO] 2023-04-04 06:00:25.555323 Epoch [87/100] batch [257/391] loss 0.1104 lr 0.004758647376699036 acc 98.44% eta 0:07:26
2023-04-04 06:00:37,666 - __main__ - INFO - [INFO] 2023-04-04 06:00:37.666214 Epoch [87/100] batch [385/391] loss 0.0912 lr 0.004758647376699036 acc 97.66% eta 0:07:14
2023-04-04 06:00:38,232 - __main__ - INFO - Computing epoch 87 validation accuracy...
2023-04-04 06:00:41,483 - __main__ - INFO - Computing epoch 87 validation loss...
2023-04-04 06:00:44,816 - __main__ - INFO - [INFO] 2023-04-04 06:00:44.816066 Epoch [88/100] batch [1/391] loss 0.0784 lr 0.004112268715800957 acc 99.22% eta 0:08:17
2023-04-04 06:00:56,960 - __main__ - INFO - [INFO] 2023-04-04 06:00:56.960724 Epoch [88/100] batch [129/391] loss 0.0629 lr 0.004112268715800957 acc 98.44% eta 0:07:04
2023-04-04 06:01:09,465 - __main__ - INFO - [INFO] 2023-04-04 06:01:09.465679 Epoch [88/100] batch [257/391] loss 0.0561 lr 0.004112268715800957 acc 96.88% eta 0:06:58
2023-04-04 06:01:21,515 - __main__ - INFO - [INFO] 2023-04-04 06:01:21.515549 Epoch [88/100] batch [385/391] loss 0.0552 lr 0.004112268715800957 acc 99.22% eta 0:06:45
2023-04-04 06:01:22,056 - __main__ - INFO - Computing epoch 88 validation accuracy...
2023-04-04 06:01:25,257 - __main__ - INFO - Computing epoch 88 validation loss...
2023-04-04 06:01:28,541 - __main__ - INFO - [INFO] 2023-04-04 06:01:28.541500 Epoch [89/100] batch [1/391] loss 0.0415 lr 0.003511175705587435 acc 99.22% eta 0:06:58
2023-04-04 06:01:40,700 - __main__ - INFO - [INFO] 2023-04-04 06:01:40.700545 Epoch [89/100] batch [129/391] loss 0.0455 lr 0.003511175705587435 acc 99.22% eta 0:06:27
2023-04-04 06:01:53,019 - __main__ - INFO - [INFO] 2023-04-04 06:01:53.019531 Epoch [89/100] batch [257/391] loss 0.0577 lr 0.003511175705587435 acc 98.44% eta 0:06:20
2023-04-04 06:02:05,078 - __main__ - INFO - [INFO] 2023-04-04 06:02:05.078129 Epoch [89/100] batch [385/391] loss 0.1257 lr 0.003511175705587435 acc 98.44% eta 0:06:07
2023-04-04 06:02:05,644 - __main__ - INFO - Computing epoch 89 validation accuracy...
2023-04-04 06:02:08,910 - __main__ - INFO - Computing epoch 89 validation loss...
2023-04-04 06:02:12,171 - __main__ - INFO - [INFO] 2023-04-04 06:02:12.171221 Epoch [90/100] batch [1/391] loss 0.0273 lr 0.0029559615522887295 acc 100.00% eta 0:06:34
2023-04-04 06:02:24,398 - __main__ - INFO - [INFO] 2023-04-04 06:02:24.397845 Epoch [90/100] batch [129/391] loss 0.0884 lr 0.0029559615522887295 acc 98.44% eta 0:05:58
2023-04-04 06:02:36,532 - __main__ - INFO - [INFO] 2023-04-04 06:02:36.532024 Epoch [90/100] batch [257/391] loss 0.1379 lr 0.0029559615522887295 acc 94.53% eta 0:05:45
2023-04-04 06:02:48,607 - __main__ - INFO - [INFO] 2023-04-04 06:02:48.607404 Epoch [90/100] batch [385/391] loss 0.0593 lr 0.0029559615522887295 acc 99.22% eta 0:05:34
2023-04-04 06:02:49,139 - __main__ - INFO - Computing epoch 90 validation accuracy...
2023-04-04 06:02:52,394 - __main__ - INFO - Computing epoch 90 validation loss...
2023-04-04 06:02:55,700 - __main__ - INFO - [INFO] 2023-04-04 06:02:55.700051 Epoch [91/100] batch [1/391] loss 0.0426 lr 0.0024471741852423253 acc 99.22% eta 0:05:54
2023-04-04 06:03:07,790 - __main__ - INFO - [INFO] 2023-04-04 06:03:07.789983 Epoch [91/100] batch [129/391] loss 0.0199 lr 0.0024471741852423253 acc 99.22% eta 0:05:19
2023-04-04 06:03:19,859 - __main__ - INFO - [INFO] 2023-04-04 06:03:19.859418 Epoch [91/100] batch [257/391] loss 0.0967 lr 0.0024471741852423253 acc 96.88% eta 0:05:08
2023-04-04 06:03:31,992 - __main__ - INFO - [INFO] 2023-04-04 06:03:31.992533 Epoch [91/100] batch [385/391] loss 0.0216 lr 0.0024471741852423253 acc 99.22% eta 0:04:58
2023-04-04 06:03:32,539 - __main__ - INFO - Computing epoch 91 validation accuracy...
2023-04-04 06:03:35,786 - __main__ - INFO - Computing epoch 91 validation loss...
2023-04-04 06:03:39,020 - __main__ - INFO - [INFO] 2023-04-04 06:03:39.020255 Epoch [92/100] batch [1/391] loss 0.0158 lr 0.0019853157161528537 acc 100.00% eta 0:05:24
2023-04-04 06:03:51,237 - __main__ - INFO - [INFO] 2023-04-04 06:03:51.237578 Epoch [92/100] batch [129/391] loss 0.0406 lr 0.0019853157161528537 acc 100.00% eta 0:04:50
2023-04-04 06:04:03,330 - __main__ - INFO - [INFO] 2023-04-04 06:04:03.330760 Epoch [92/100] batch [257/391] loss 0.0230 lr 0.0019853157161528537 acc 98.44% eta 0:04:37
2023-04-04 06:04:15,390 - __main__ - INFO - [INFO] 2023-04-04 06:04:15.390427 Epoch [92/100] batch [385/391] loss 0.0068 lr 0.0019853157161528537 acc 100.00% eta 0:04:26
2023-04-04 06:04:15,936 - __main__ - INFO - Computing epoch 92 validation accuracy...
2023-04-04 06:04:19,104 - __main__ - INFO - Computing epoch 92 validation loss...
2023-04-04 06:04:22,387 - __main__ - INFO - [INFO] 2023-04-04 06:04:22.387486 Epoch [93/100] batch [1/391] loss 0.0198 lr 0.0015708419435684529 acc 100.00% eta 0:05:10
2023-04-04 06:04:34,442 - __main__ - INFO - [INFO] 2023-04-04 06:04:34.441801 Epoch [93/100] batch [129/391] loss 0.0712 lr 0.0015708419435684529 acc 97.66% eta 0:04:15
2023-04-04 06:04:46,832 - __main__ - INFO - [INFO] 2023-04-04 06:04:46.832129 Epoch [93/100] batch [257/391] loss 0.0577 lr 0.0015708419435684529 acc 98.44% eta 0:04:06
2023-04-04 06:04:59,059 - __main__ - INFO - [INFO] 2023-04-04 06:04:59.059671 Epoch [93/100] batch [385/391] loss 0.0487 lr 0.0015708419435684529 acc 98.44% eta 0:03:55
2023-04-04 06:04:59,616 - __main__ - INFO - Computing epoch 93 validation accuracy...
2023-04-04 06:05:02,797 - __main__ - INFO - Computing epoch 93 validation loss...
2023-04-04 06:05:06,055 - __main__ - INFO - [INFO] 2023-04-04 06:05:06.055454 Epoch [94/100] batch [1/391] loss 0.0147 lr 0.0012041619030626347 acc 99.22% eta 0:04:04
2023-04-04 06:05:18,124 - __main__ - INFO - [INFO] 2023-04-04 06:05:18.124386 Epoch [94/100] batch [129/391] loss 0.0707 lr 0.0012041619030626347 acc 99.22% eta 0:03:39
2023-04-04 06:05:30,461 - __main__ - INFO - [INFO] 2023-04-04 06:05:30.461458 Epoch [94/100] batch [257/391] loss 0.0707 lr 0.0012041619030626347 acc 98.44% eta 0:03:31
2023-04-04 06:05:42,502 - __main__ - INFO - [INFO] 2023-04-04 06:05:42.502772 Epoch [94/100] batch [385/391] loss 0.0482 lr 0.0012041619030626347 acc 99.22% eta 0:03:19
2023-04-04 06:05:43,040 - __main__ - INFO - Computing epoch 94 validation accuracy...
2023-04-04 06:05:46,384 - __main__ - INFO - Computing epoch 94 validation loss...
2023-04-04 06:05:49,686 - __main__ - INFO - [INFO] 2023-04-04 06:05:49.686756 Epoch [95/100] batch [1/391] loss 0.0231 lr 0.0008856374635655646 acc 100.00% eta 0:03:39
2023-04-04 06:06:01,697 - __main__ - INFO - [INFO] 2023-04-04 06:06:01.696903 Epoch [95/100] batch [129/391] loss 0.0584 lr 0.0008856374635655646 acc 97.66% eta 0:03:06
2023-04-04 06:06:14,177 - __main__ - INFO - [INFO] 2023-04-04 06:06:14.177321 Epoch [95/100] batch [257/391] loss 0.0369 lr 0.0008856374635655646 acc 99.22% eta 0:02:59
2023-04-04 06:06:26,320 - __main__ - INFO - [INFO] 2023-04-04 06:06:26.319824 Epoch [95/100] batch [385/391] loss 0.0475 lr 0.0008856374635655646 acc 98.44% eta 0:02:47
2023-04-04 06:06:26,858 - __main__ - INFO - Computing epoch 95 validation accuracy...
2023-04-04 06:06:30,033 - __main__ - INFO - Computing epoch 95 validation loss...
2023-04-04 06:06:33,298 - __main__ - INFO - [INFO] 2023-04-04 06:06:33.297968 Epoch [96/100] batch [1/391] loss 0.0328 lr 0.0006155829702431174 acc 99.22% eta 0:02:53
2023-04-04 06:06:45,360 - __main__ - INFO - [INFO] 2023-04-04 06:06:45.360647 Epoch [96/100] batch [129/391] loss 0.0197 lr 0.0006155829702431174 acc 99.22% eta 0:02:33
2023-04-04 06:06:57,528 - __main__ - INFO - [INFO] 2023-04-04 06:06:57.528073 Epoch [96/100] batch [257/391] loss 0.0635 lr 0.0006155829702431174 acc 98.44% eta 0:02:23
2023-04-04 06:07:09,586 - __main__ - INFO - [INFO] 2023-04-04 06:07:09.586047 Epoch [96/100] batch [385/391] loss 0.0476 lr 0.0006155829702431174 acc 98.44% eta 0:02:12
2023-04-04 06:07:10,151 - __main__ - INFO - Computing epoch 96 validation accuracy...
2023-04-04 06:07:13,376 - __main__ - INFO - Computing epoch 96 validation loss...
2023-04-04 06:07:16,707 - __main__ - INFO - [INFO] 2023-04-04 06:07:16.707250 Epoch [97/100] batch [1/391] loss 0.0106 lr 0.00039426493427611206 acc 100.00% eta 0:02:22
2023-04-04 06:07:29,433 - __main__ - INFO - [INFO] 2023-04-04 06:07:29.433108 Epoch [97/100] batch [129/391] loss 0.0314 lr 0.00039426493427611206 acc 99.22% eta 0:02:10
2023-04-04 06:07:42,090 - __main__ - INFO - [INFO] 2023-04-04 06:07:42.089880 Epoch [97/100] batch [257/391] loss 0.0190 lr 0.00039426493427611206 acc 100.00% eta 0:01:57
2023-04-04 06:07:54,647 - __main__ - INFO - [INFO] 2023-04-04 06:07:54.647441 Epoch [97/100] batch [385/391] loss 0.0148 lr 0.00039426493427611206 acc 99.22% eta 0:01:45
2023-04-04 06:07:55,231 - __main__ - INFO - Computing epoch 97 validation accuracy...
2023-04-04 06:07:58,590 - __main__ - INFO - Computing epoch 97 validation loss...
2023-04-04 06:08:01,950 - __main__ - INFO - [INFO] 2023-04-04 06:08:01.949910 Epoch [98/100] batch [1/391] loss 0.0244 lr 0.00022190176984600036 acc 98.44% eta 0:01:45
2023-04-04 06:08:14,443 - __main__ - INFO - [INFO] 2023-04-04 06:08:14.443604 Epoch [98/100] batch [129/391] loss 0.0220 lr 0.00022190176984600036 acc 99.22% eta 0:01:33
2023-04-04 06:08:26,691 - __main__ - INFO - [INFO] 2023-04-04 06:08:26.690830 Epoch [98/100] batch [257/391] loss 0.0087 lr 0.00022190176984600036 acc 100.00% eta 0:01:20
2023-04-04 06:08:39,078 - __main__ - INFO - [INFO] 2023-04-04 06:08:39.078137 Epoch [98/100] batch [385/391] loss 0.0456 lr 0.00022190176984600036 acc 97.66% eta 0:01:08
2023-04-04 06:08:39,602 - __main__ - INFO - Computing epoch 98 validation accuracy...
2023-04-04 06:08:42,970 - __main__ - INFO - Computing epoch 98 validation loss...
2023-04-04 06:08:46,475 - __main__ - INFO - [INFO] 2023-04-04 06:08:46.475030 Epoch [99/100] batch [1/391] loss 0.0939 lr 9.866357858642213e-05 acc 97.66% eta 0:01:20
2023-04-04 06:08:58,839 - __main__ - INFO - [INFO] 2023-04-04 06:08:58.839394 Epoch [99/100] batch [129/391] loss 0.0258 lr 9.866357858642213e-05 acc 100.00% eta 0:00:57
2023-04-04 06:09:11,200 - __main__ - INFO - [INFO] 2023-04-04 06:09:11.200149 Epoch [99/100] batch [257/391] loss 0.0764 lr 9.866357858642213e-05 acc 97.66% eta 0:00:45
2023-04-04 06:09:23,512 - __main__ - INFO - [INFO] 2023-04-04 06:09:23.512729 Epoch [99/100] batch [385/391] loss 0.0319 lr 9.866357858642213e-05 acc 100.00% eta 0:00:34
2023-04-04 06:09:24,069 - __main__ - INFO - Computing epoch 99 validation accuracy...
2023-04-04 06:09:27,347 - __main__ - INFO - Computing epoch 99 validation loss...
2023-04-04 06:09:30,843 - __main__ - INFO - [INFO] 2023-04-04 06:09:30.842836 Epoch [100/100] batch [1/391] loss 0.0316 lr 2.4671981713420017e-05 acc 99.22% eta 0:00:36
2023-04-04 06:09:43,561 - __main__ - INFO - [INFO] 2023-04-04 06:09:43.561584 Epoch [100/100] batch [129/391] loss 0.0345 lr 2.4671981713420017e-05 acc 99.22% eta 0:00:23
2023-04-04 06:09:56,035 - __main__ - INFO - [INFO] 2023-04-04 06:09:56.035400 Epoch [100/100] batch [257/391] loss 0.0334 lr 2.4671981713420017e-05 acc 99.22% eta 0:00:11
2023-04-04 06:10:08,389 - __main__ - INFO - [INFO] 2023-04-04 06:10:08.389550 Epoch [100/100] batch [385/391] loss 0.0218 lr 2.4671981713420017e-05 acc 97.66% eta 0:00:00
2023-04-04 06:10:08,942 - __main__ - INFO - Computing epoch 100 validation accuracy...
2023-04-04 06:10:12,187 - __main__ - INFO - Computing epoch 100 validation loss...
2023-04-04 06:10:15,790 - __main__ - INFO - Reading testing data set cifar10
2023-04-04 06:10:16,527 - __main__ - INFO - Loading trained model...
2023-04-04 06:10:20,340 - __main__ - INFO - Testing acc : 93.31%.
