2023-04-04 15:36:21,907 - __main__ - INFO - 

2023-04-04 15:36:21,907 - __main__ - INFO - ***************
2023-04-04 15:36:21,907 - __main__ - INFO - ** Arguments **
2023-04-04 15:36:21,907 - __main__ - INFO - ***************
2023-04-04 15:36:21,907 - __main__ - INFO - backbone: vgg19
2023-04-04 15:36:21,907 - __main__ - INFO - dataname: cifar10
2023-04-04 15:36:21,907 - __main__ - INFO - drop_method: sd
2023-04-04 15:36:21,907 - __main__ - INFO - drop_rate: 0.3
2023-04-04 15:36:21,907 - __main__ - INFO - eval_only: 0
2023-04-04 15:36:21,907 - __main__ - INFO - output_path: checkpoints/cifar10/vgg19/drop_sd/rate_0.3/seed3
2023-04-04 15:36:21,907 - __main__ - INFO - part_rate: 0.1
2023-04-04 15:36:21,907 - __main__ - INFO - seed: 3
2023-04-04 15:36:21,907 - __main__ - INFO - weight_decay: 0.0005
2023-04-04 15:36:21,908 - __main__ - INFO - ************
2023-04-04 15:36:21,908 - __main__ - INFO - ** Config **
2023-04-04 15:36:21,908 - __main__ - INFO - ************
2023-04-04 15:36:21,908 - __main__ - INFO - {'DATALOADER': {'PATH': './data', 'DATANAME': 'cifar10', 'BATCH_SIZE': 128, 'NUM_CLASSES': 10}, 'INPUT': {'SIZE': [32, 32], 'PIXEL_MEAN': [0.4914, 0.4822, 0.4465], 'PIXEL_STD': [0.2023, 0.1994, 0.201]}, 'OUTPUT': {'DIR': 'checkpoints/cifar10/vgg19/drop_sd/rate_0.3/seed3'}, 'SEED': 3, 'OPTIM': {'LR': 0.1, 'MAX_EPOCH': 100, 'LR_SCHEDULER': 'step', 'LR_MILESTONES': [20, 40, 80, 120, 140], 'LR_DECAY': 0.2, 'PART_RATE': 0.1, 'WEIGHT_DECAY': 0.0005, 'DROP_RATE': 0.3, 'DROP_METHOD': 'sd', 'BLOCK_SIZE': 7}, 'MODEL': {'BACKBONE': 'vgg19'}}
2023-04-04 15:36:21,928 - __main__ - INFO - Reading training data set cifar10
2023-04-04 15:36:23,746 - __main__ - INFO - Loading raw model
2023-04-04 15:36:27,193 - __main__ - INFO - 
Saving everything to checkpoints/cifar10/vgg19/drop_sd/rate_0.3/seed3
2023-04-04 15:36:27,194 - __main__ - INFO - Start training...
2023-04-04 15:36:32,380 - __main__ - INFO - [INFO] 2023-04-04 15:36:32.379957 Epoch [1/100] batch [1/391] loss 2.3105 lr 0.1 acc 15.62% eta 2 days, 8:12:41
2023-04-04 15:36:45,957 - __main__ - INFO - [INFO] 2023-04-04 15:36:45.957112 Epoch [1/100] batch [129/391] loss 1.9951 lr 0.1 acc 12.50% eta 1:25:34
2023-04-04 15:36:59,531 - __main__ - INFO - [INFO] 2023-04-04 15:36:59.531355 Epoch [1/100] batch [257/391] loss 2.1406 lr 0.1 acc 25.00% eta 1:12:43
2023-04-04 15:37:12,539 - __main__ - INFO - [INFO] 2023-04-04 15:37:12.539368 Epoch [1/100] batch [385/391] loss 1.8848 lr 0.1 acc 23.44% eta 1:07:42
2023-04-04 15:37:13,169 - __main__ - INFO - Computing epoch 1 validation accuracy...
2023-04-04 15:37:16,718 - __main__ - INFO - Computing epoch 1 validation loss...
2023-04-04 15:37:20,425 - __main__ - INFO - [INFO] 2023-04-04 15:37:20.425149 Epoch [2/100] batch [1/391] loss 1.9160 lr 0.09997532801828658 acc 18.75% eta 1:06:54
2023-04-04 15:37:33,532 - __main__ - INFO - [INFO] 2023-04-04 15:37:33.532697 Epoch [2/100] batch [129/391] loss 1.7861 lr 0.09997532801828658 acc 30.47% eta 0:56:46
2023-04-04 15:37:46,868 - __main__ - INFO - [INFO] 2023-04-04 15:37:46.867827 Epoch [2/100] batch [257/391] loss 1.6816 lr 0.09997532801828658 acc 33.59% eta 0:57:30
2023-04-04 15:38:00,079 - __main__ - INFO - [INFO] 2023-04-04 15:38:00.079654 Epoch [2/100] batch [385/391] loss 1.5605 lr 0.09997532801828658 acc 42.97% eta 0:57:19
2023-04-04 15:38:00,700 - __main__ - INFO - Computing epoch 2 validation accuracy...
2023-04-04 15:38:04,436 - __main__ - INFO - Computing epoch 2 validation loss...
2023-04-04 15:38:07,964 - __main__ - INFO - [INFO] 2023-04-04 15:38:07.964586 Epoch [3/100] batch [1/391] loss 1.6875 lr 0.09990133642141358 acc 30.47% eta 1:08:07
2023-04-04 15:38:21,298 - __main__ - INFO - [INFO] 2023-04-04 15:38:21.297988 Epoch [3/100] batch [129/391] loss 1.4531 lr 0.09990133642141358 acc 41.41% eta 0:57:44
2023-04-04 15:38:34,454 - __main__ - INFO - [INFO] 2023-04-04 15:38:34.454433 Epoch [3/100] batch [257/391] loss 1.2949 lr 0.09990133642141358 acc 49.22% eta 0:57:01
2023-04-04 15:38:47,795 - __main__ - INFO - [INFO] 2023-04-04 15:38:47.794940 Epoch [3/100] batch [385/391] loss 1.3115 lr 0.09990133642141358 acc 46.09% eta 0:57:11
2023-04-04 15:38:48,373 - __main__ - INFO - Computing epoch 3 validation accuracy...
2023-04-04 15:38:51,988 - __main__ - INFO - Computing epoch 3 validation loss...
2023-04-04 15:38:55,636 - __main__ - INFO - [INFO] 2023-04-04 15:38:55.636099 Epoch [4/100] batch [1/391] loss 1.3896 lr 0.099778098230154 acc 46.88% eta 0:59:53
2023-04-04 15:39:09,372 - __main__ - INFO - [INFO] 2023-04-04 15:39:09.372113 Epoch [4/100] batch [129/391] loss 1.3574 lr 0.099778098230154 acc 47.66% eta 0:59:41
2023-04-04 15:39:23,167 - __main__ - INFO - [INFO] 2023-04-04 15:39:23.167073 Epoch [4/100] batch [257/391] loss 1.1006 lr 0.099778098230154 acc 53.91% eta 0:59:31
2023-04-04 15:39:37,626 - __main__ - INFO - [INFO] 2023-04-04 15:39:37.626548 Epoch [4/100] batch [385/391] loss 1.2373 lr 0.099778098230154 acc 50.00% eta 1:00:26
2023-04-04 15:39:38,232 - __main__ - INFO - Computing epoch 4 validation accuracy...
2023-04-04 15:39:41,735 - __main__ - INFO - Computing epoch 4 validation loss...
2023-04-04 15:39:45,314 - __main__ - INFO - [INFO] 2023-04-04 15:39:45.314607 Epoch [5/100] batch [1/391] loss 1.4580 lr 0.0996057350657239 acc 46.09% eta 1:01:29
2023-04-04 15:39:58,652 - __main__ - INFO - [INFO] 2023-04-04 15:39:58.652420 Epoch [5/100] batch [129/391] loss 1.2754 lr 0.0996057350657239 acc 50.78% eta 0:56:10
2023-04-04 15:40:11,812 - __main__ - INFO - [INFO] 2023-04-04 15:40:11.812661 Epoch [5/100] batch [257/391] loss 1.1797 lr 0.0996057350657239 acc 53.12% eta 0:55:45
2023-04-04 15:40:24,734 - __main__ - INFO - [INFO] 2023-04-04 15:40:24.734127 Epoch [5/100] batch [385/391] loss 1.1729 lr 0.0996057350657239 acc 55.47% eta 0:54:57
2023-04-04 15:40:25,301 - __main__ - INFO - Computing epoch 5 validation accuracy...
2023-04-04 15:40:28,584 - __main__ - INFO - Computing epoch 5 validation loss...
2023-04-04 15:40:31,949 - __main__ - INFO - [INFO] 2023-04-04 15:40:31.949251 Epoch [6/100] batch [1/391] loss 1.3252 lr 0.09938441702975688 acc 50.00% eta 0:58:27
2023-04-04 15:40:45,124 - __main__ - INFO - [INFO] 2023-04-04 15:40:45.124128 Epoch [6/100] batch [129/391] loss 0.9707 lr 0.09938441702975688 acc 61.72% eta 0:55:26
2023-04-04 15:40:58,428 - __main__ - INFO - [INFO] 2023-04-04 15:40:58.428442 Epoch [6/100] batch [257/391] loss 1.0020 lr 0.09938441702975688 acc 67.97% eta 0:55:27
2023-04-04 15:41:11,444 - __main__ - INFO - [INFO] 2023-04-04 15:41:11.444023 Epoch [6/100] batch [385/391] loss 0.8491 lr 0.09938441702975688 acc 65.62% eta 0:54:47
2023-04-04 15:41:12,022 - __main__ - INFO - Computing epoch 6 validation accuracy...
2023-04-04 15:41:15,272 - __main__ - INFO - Computing epoch 6 validation loss...
2023-04-04 15:41:19,115 - __main__ - INFO - [INFO] 2023-04-04 15:41:19.115170 Epoch [7/100] batch [1/391] loss 1.0137 lr 0.09911436253643444 acc 63.28% eta 1:02:05
2023-04-04 15:41:32,320 - __main__ - INFO - [INFO] 2023-04-04 15:41:32.320091 Epoch [7/100] batch [129/391] loss 1.0283 lr 0.09911436253643444 acc 56.25% eta 0:54:30
2023-04-04 15:41:45,250 - __main__ - INFO - [INFO] 2023-04-04 15:41:45.250718 Epoch [7/100] batch [257/391] loss 1.0576 lr 0.09911436253643444 acc 63.28% eta 0:53:37
2023-04-04 15:41:58,380 - __main__ - INFO - [INFO] 2023-04-04 15:41:58.380516 Epoch [7/100] batch [385/391] loss 1.0898 lr 0.09911436253643444 acc 51.56% eta 0:53:32
2023-04-04 15:41:58,967 - __main__ - INFO - Computing epoch 7 validation accuracy...
2023-04-04 15:42:02,372 - __main__ - INFO - Computing epoch 7 validation loss...
2023-04-04 15:42:05,807 - __main__ - INFO - [INFO] 2023-04-04 15:42:05.807788 Epoch [8/100] batch [1/391] loss 1.0039 lr 0.09879583809693737 acc 54.69% eta 0:55:54
2023-04-04 15:42:18,572 - __main__ - INFO - [INFO] 2023-04-04 15:42:18.572660 Epoch [8/100] batch [129/391] loss 1.2080 lr 0.09879583809693737 acc 56.25% eta 0:53:59
2023-04-04 15:42:31,885 - __main__ - INFO - [INFO] 2023-04-04 15:42:31.885196 Epoch [8/100] batch [257/391] loss 1.0273 lr 0.09879583809693737 acc 66.41% eta 0:54:19
2023-04-04 15:42:45,217 - __main__ - INFO - [INFO] 2023-04-04 15:42:45.217776 Epoch [8/100] batch [385/391] loss 1.0303 lr 0.09879583809693737 acc 61.72% eta 0:54:15
2023-04-04 15:42:45,817 - __main__ - INFO - Computing epoch 8 validation accuracy...
2023-04-04 15:42:49,313 - __main__ - INFO - Computing epoch 8 validation loss...
2023-04-04 15:42:52,805 - __main__ - INFO - [INFO] 2023-04-04 15:42:52.805447 Epoch [9/100] batch [1/391] loss 0.9614 lr 0.09842915805643156 acc 60.94% eta 0:57:24
2023-04-04 15:43:06,579 - __main__ - INFO - [INFO] 2023-04-04 15:43:06.578865 Epoch [9/100] batch [129/391] loss 1.1533 lr 0.09842915805643156 acc 62.50% eta 0:56:22
2023-04-04 15:43:20,316 - __main__ - INFO - [INFO] 2023-04-04 15:43:20.316564 Epoch [9/100] batch [257/391] loss 0.8286 lr 0.09842915805643156 acc 68.75% eta 0:56:08
2023-04-04 15:43:33,357 - __main__ - INFO - [INFO] 2023-04-04 15:43:33.357026 Epoch [9/100] batch [385/391] loss 0.7314 lr 0.09842915805643156 acc 72.66% eta 0:54:50
2023-04-04 15:43:33,921 - __main__ - INFO - Computing epoch 9 validation accuracy...
2023-04-04 15:43:37,255 - __main__ - INFO - Computing epoch 9 validation loss...
2023-04-04 15:43:40,733 - __main__ - INFO - [INFO] 2023-04-04 15:43:40.733297 Epoch [10/100] batch [1/391] loss 0.7451 lr 0.09801468428384716 acc 75.00% eta 0:53:27
2023-04-04 15:43:53,548 - __main__ - INFO - [INFO] 2023-04-04 15:43:53.548464 Epoch [10/100] batch [129/391] loss 1.1221 lr 0.09801468428384716 acc 63.28% eta 0:52:14
2023-04-04 15:44:06,860 - __main__ - INFO - [INFO] 2023-04-04 15:44:06.860528 Epoch [10/100] batch [257/391] loss 0.6729 lr 0.09801468428384716 acc 62.50% eta 0:53:03
2023-04-04 15:44:19,972 - __main__ - INFO - [INFO] 2023-04-04 15:44:19.972359 Epoch [10/100] batch [385/391] loss 0.9897 lr 0.09801468428384716 acc 64.06% eta 0:52:41
2023-04-04 15:44:20,537 - __main__ - INFO - Computing epoch 10 validation accuracy...
2023-04-04 15:44:23,794 - __main__ - INFO - Computing epoch 10 validation loss...
2023-04-04 15:44:27,242 - __main__ - INFO - [INFO] 2023-04-04 15:44:27.242285 Epoch [11/100] batch [1/391] loss 0.8711 lr 0.09755282581475769 acc 65.62% eta 0:59:33
2023-04-04 15:44:40,234 - __main__ - INFO - [INFO] 2023-04-04 15:44:40.233825 Epoch [11/100] batch [129/391] loss 0.9248 lr 0.09755282581475769 acc 66.41% eta 0:51:22
2023-04-04 15:44:53,347 - __main__ - INFO - [INFO] 2023-04-04 15:44:53.347587 Epoch [11/100] batch [257/391] loss 0.8003 lr 0.09755282581475769 acc 72.66% eta 0:51:26
2023-04-04 15:45:06,659 - __main__ - INFO - [INFO] 2023-04-04 15:45:06.658967 Epoch [11/100] batch [385/391] loss 0.9614 lr 0.09755282581475769 acc 66.41% eta 0:51:38
2023-04-04 15:45:07,228 - __main__ - INFO - Computing epoch 11 validation accuracy...
2023-04-04 15:45:10,807 - __main__ - INFO - Computing epoch 11 validation loss...
2023-04-04 15:45:14,347 - __main__ - INFO - [INFO] 2023-04-04 15:45:14.347652 Epoch [12/100] batch [1/391] loss 0.7979 lr 0.09704403844771128 acc 70.31% eta 0:59:42
2023-04-04 15:45:27,790 - __main__ - INFO - [INFO] 2023-04-04 15:45:27.790610 Epoch [12/100] batch [129/391] loss 0.8804 lr 0.09704403844771128 acc 68.75% eta 0:53:36
2023-04-04 15:45:40,473 - __main__ - INFO - [INFO] 2023-04-04 15:45:40.472833 Epoch [12/100] batch [257/391] loss 0.9302 lr 0.09704403844771128 acc 56.25% eta 0:52:06
2023-04-04 15:45:54,122 - __main__ - INFO - [INFO] 2023-04-04 15:45:54.122535 Epoch [12/100] batch [385/391] loss 0.8623 lr 0.09704403844771128 acc 73.44% eta 0:52:18
2023-04-04 15:45:54,751 - __main__ - INFO - Computing epoch 12 validation accuracy...
2023-04-04 15:45:58,155 - __main__ - INFO - Computing epoch 12 validation loss...
2023-04-04 15:46:01,662 - __main__ - INFO - [INFO] 2023-04-04 15:46:01.661803 Epoch [13/100] batch [1/391] loss 0.8848 lr 0.09648882429441258 acc 67.97% eta 0:53:20
2023-04-04 15:46:14,852 - __main__ - INFO - [INFO] 2023-04-04 15:46:14.852189 Epoch [13/100] batch [129/391] loss 0.6982 lr 0.09648882429441258 acc 76.56% eta 0:50:26
2023-04-04 15:46:28,050 - __main__ - INFO - [INFO] 2023-04-04 15:46:28.049820 Epoch [13/100] batch [257/391] loss 0.7988 lr 0.09648882429441258 acc 71.09% eta 0:50:25
2023-04-04 15:46:41,549 - __main__ - INFO - [INFO] 2023-04-04 15:46:41.548878 Epoch [13/100] batch [385/391] loss 0.7695 lr 0.09648882429441258 acc 73.44% eta 0:50:46
2023-04-04 15:46:42,174 - __main__ - INFO - Computing epoch 13 validation accuracy...
2023-04-04 15:46:45,636 - __main__ - INFO - Computing epoch 13 validation loss...
2023-04-04 15:46:49,161 - __main__ - INFO - [INFO] 2023-04-04 15:46:49.160930 Epoch [14/100] batch [1/391] loss 0.8979 lr 0.09588773128419906 acc 72.66% eta 1:01:45
2023-04-04 15:47:02,321 - __main__ - INFO - [INFO] 2023-04-04 15:47:02.321508 Epoch [14/100] batch [129/391] loss 1.0117 lr 0.09588773128419906 acc 60.16% eta 0:50:11
2023-04-04 15:47:15,614 - __main__ - INFO - [INFO] 2023-04-04 15:47:15.614749 Epoch [14/100] batch [257/391] loss 0.8979 lr 0.09588773128419906 acc 64.06% eta 0:50:58
2023-04-04 15:47:28,802 - __main__ - INFO - [INFO] 2023-04-04 15:47:28.802549 Epoch [14/100] batch [385/391] loss 0.7671 lr 0.09588773128419906 acc 72.66% eta 0:50:49
2023-04-04 15:47:29,395 - __main__ - INFO - Computing epoch 14 validation accuracy...
2023-04-04 15:47:33,032 - __main__ - INFO - Computing epoch 14 validation loss...
2023-04-04 15:47:36,644 - __main__ - INFO - [INFO] 2023-04-04 15:47:36.643984 Epoch [15/100] batch [1/391] loss 0.8750 lr 0.09524135262330098 acc 64.06% eta 0:54:38
2023-04-04 15:47:49,739 - __main__ - INFO - [INFO] 2023-04-04 15:47:49.739408 Epoch [15/100] batch [129/391] loss 0.6191 lr 0.09524135262330098 acc 78.12% eta 0:49:46
2023-04-04 15:48:02,890 - __main__ - INFO - [INFO] 2023-04-04 15:48:02.890582 Epoch [15/100] batch [257/391] loss 0.7808 lr 0.09524135262330098 acc 78.12% eta 0:49:24
2023-04-04 15:48:16,014 - __main__ - INFO - [INFO] 2023-04-04 15:48:16.013838 Epoch [15/100] batch [385/391] loss 0.7754 lr 0.09524135262330098 acc 75.00% eta 0:49:07
2023-04-04 15:48:16,604 - __main__ - INFO - Computing epoch 15 validation accuracy...
2023-04-04 15:48:20,031 - __main__ - INFO - Computing epoch 15 validation loss...
2023-04-04 15:48:23,614 - __main__ - INFO - [INFO] 2023-04-04 15:48:23.613797 Epoch [16/100] batch [1/391] loss 0.6445 lr 0.0945503262094184 acc 80.47% eta 0:51:39
2023-04-04 15:48:36,705 - __main__ - INFO - [INFO] 2023-04-04 15:48:36.705424 Epoch [16/100] batch [129/391] loss 0.8447 lr 0.0945503262094184 acc 75.78% eta 0:48:47
2023-04-04 15:48:49,551 - __main__ - INFO - [INFO] 2023-04-04 15:48:49.551625 Epoch [16/100] batch [257/391] loss 0.8613 lr 0.0945503262094184 acc 71.09% eta 0:48:21
2023-04-04 15:49:02,104 - __main__ - INFO - [INFO] 2023-04-04 15:49:02.104634 Epoch [16/100] batch [385/391] loss 0.8042 lr 0.0945503262094184 acc 68.75% eta 0:48:01
2023-04-04 15:49:02,680 - __main__ - INFO - Computing epoch 16 validation accuracy...
2023-04-04 15:49:05,978 - __main__ - INFO - Computing epoch 16 validation loss...
2023-04-04 15:49:09,433 - __main__ - INFO - [INFO] 2023-04-04 15:49:09.432978 Epoch [17/100] batch [1/391] loss 0.6416 lr 0.09381533400219319 acc 78.91% eta 0:53:52
2023-04-04 15:49:22,342 - __main__ - INFO - [INFO] 2023-04-04 15:49:22.342628 Epoch [17/100] batch [129/391] loss 0.6499 lr 0.09381533400219319 acc 77.34% eta 0:48:09
2023-04-04 15:49:35,564 - __main__ - INFO - [INFO] 2023-04-04 15:49:35.564261 Epoch [17/100] batch [257/391] loss 0.6230 lr 0.09381533400219319 acc 78.91% eta 0:48:10
2023-04-04 15:49:48,683 - __main__ - INFO - [INFO] 2023-04-04 15:49:48.683253 Epoch [17/100] batch [385/391] loss 0.8618 lr 0.09381533400219319 acc 71.09% eta 0:48:00
2023-04-04 15:49:49,315 - __main__ - INFO - Computing epoch 17 validation accuracy...
2023-04-04 15:49:52,678 - __main__ - INFO - Computing epoch 17 validation loss...
2023-04-04 15:49:56,077 - __main__ - INFO - [INFO] 2023-04-04 15:49:56.077168 Epoch [18/100] batch [1/391] loss 0.7046 lr 0.0930371013501972 acc 70.31% eta 0:53:12
2023-04-04 15:50:09,166 - __main__ - INFO - [INFO] 2023-04-04 15:50:09.166754 Epoch [18/100] batch [129/391] loss 0.8257 lr 0.0930371013501972 acc 82.03% eta 0:47:59
2023-04-04 15:50:22,421 - __main__ - INFO - [INFO] 2023-04-04 15:50:22.420633 Epoch [18/100] batch [257/391] loss 0.7969 lr 0.0930371013501972 acc 72.66% eta 0:47:50
2023-04-04 15:50:35,727 - __main__ - INFO - [INFO] 2023-04-04 15:50:35.726919 Epoch [18/100] batch [385/391] loss 0.8423 lr 0.0930371013501972 acc 73.44% eta 0:48:11
2023-04-04 15:50:36,290 - __main__ - INFO - Computing epoch 18 validation accuracy...
2023-04-04 15:50:39,853 - __main__ - INFO - Computing epoch 18 validation loss...
2023-04-04 15:50:43,430 - __main__ - INFO - [INFO] 2023-04-04 15:50:43.429833 Epoch [19/100] batch [1/391] loss 0.9912 lr 0.09221639627510078 acc 71.88% eta 0:52:06
2023-04-04 15:50:56,896 - __main__ - INFO - [INFO] 2023-04-04 15:50:56.896234 Epoch [19/100] batch [129/391] loss 0.6489 lr 0.09221639627510078 acc 78.12% eta 0:48:51
2023-04-04 15:51:11,028 - __main__ - INFO - [INFO] 2023-04-04 15:51:11.028401 Epoch [19/100] batch [257/391] loss 0.6885 lr 0.09221639627510078 acc 75.00% eta 0:50:13
2023-04-04 15:51:24,629 - __main__ - INFO - [INFO] 2023-04-04 15:51:24.629200 Epoch [19/100] batch [385/391] loss 0.7993 lr 0.09221639627510078 acc 73.44% eta 0:49:38
2023-04-04 15:51:25,219 - __main__ - INFO - Computing epoch 19 validation accuracy...
2023-04-04 15:51:28,778 - __main__ - INFO - Computing epoch 19 validation loss...
2023-04-04 15:51:32,475 - __main__ - INFO - [INFO] 2023-04-04 15:51:32.475485 Epoch [20/100] batch [1/391] loss 0.5991 lr 0.09135402871372812 acc 84.38% eta 0:59:17
2023-04-04 15:51:45,728 - __main__ - INFO - [INFO] 2023-04-04 15:51:45.728570 Epoch [20/100] batch [129/391] loss 0.5591 lr 0.09135402871372812 acc 75.00% eta 0:47:53
2023-04-04 15:51:59,328 - __main__ - INFO - [INFO] 2023-04-04 15:51:59.328454 Epoch [20/100] batch [257/391] loss 0.8447 lr 0.09135402871372812 acc 71.88% eta 0:47:59
2023-04-04 15:52:12,787 - __main__ - INFO - [INFO] 2023-04-04 15:52:12.787261 Epoch [20/100] batch [385/391] loss 0.5908 lr 0.09135402871372812 acc 81.25% eta 0:48:04
2023-04-04 15:52:13,367 - __main__ - INFO - Computing epoch 20 validation accuracy...
2023-04-04 15:52:16,872 - __main__ - INFO - Computing epoch 20 validation loss...
2023-04-04 15:52:20,472 - __main__ - INFO - [INFO] 2023-04-04 15:52:20.472423 Epoch [21/100] batch [1/391] loss 0.4993 lr 0.09045084971874741 acc 87.50% eta 0:55:21
2023-04-04 15:52:33,799 - __main__ - INFO - [INFO] 2023-04-04 15:52:33.799710 Epoch [21/100] batch [129/391] loss 0.7612 lr 0.09045084971874741 acc 76.56% eta 0:46:48
2023-04-04 15:52:47,339 - __main__ - INFO - [INFO] 2023-04-04 15:52:47.338976 Epoch [21/100] batch [257/391] loss 0.5068 lr 0.09045084971874741 acc 77.34% eta 0:47:32
2023-04-04 15:53:01,115 - __main__ - INFO - [INFO] 2023-04-04 15:53:01.115188 Epoch [21/100] batch [385/391] loss 0.6924 lr 0.09045084971874741 acc 72.66% eta 0:47:49
2023-04-04 15:53:01,693 - __main__ - INFO - Computing epoch 21 validation accuracy...
2023-04-04 15:53:05,511 - __main__ - INFO - Computing epoch 21 validation loss...
2023-04-04 15:53:09,176 - __main__ - INFO - [INFO] 2023-04-04 15:53:09.176107 Epoch [22/100] batch [1/391] loss 0.6787 lr 0.08950775061878455 acc 71.09% eta 1:00:54
2023-04-04 15:53:23,058 - __main__ - INFO - [INFO] 2023-04-04 15:53:23.058611 Epoch [22/100] batch [129/391] loss 0.7046 lr 0.08950775061878455 acc 75.78% eta 0:49:50
2023-04-04 15:53:37,127 - __main__ - INFO - [INFO] 2023-04-04 15:53:37.126807 Epoch [22/100] batch [257/391] loss 0.6016 lr 0.08950775061878455 acc 75.78% eta 0:49:37
2023-04-04 15:53:50,899 - __main__ - INFO - [INFO] 2023-04-04 15:53:50.899466 Epoch [22/100] batch [385/391] loss 0.6641 lr 0.08950775061878455 acc 84.38% eta 0:49:16
2023-04-04 15:53:51,566 - __main__ - INFO - Computing epoch 22 validation accuracy...
2023-04-04 15:53:55,158 - __main__ - INFO - Computing epoch 22 validation loss...
2023-04-04 15:53:59,025 - __main__ - INFO - [INFO] 2023-04-04 15:53:59.025706 Epoch [23/100] batch [1/391] loss 0.7500 lr 0.0885256621387895 acc 68.75% eta 0:54:22
2023-04-04 15:54:12,754 - __main__ - INFO - [INFO] 2023-04-04 15:54:12.754522 Epoch [23/100] batch [129/391] loss 0.6533 lr 0.0885256621387895 acc 74.22% eta 0:47:54
2023-04-04 15:54:26,424 - __main__ - INFO - [INFO] 2023-04-04 15:54:26.424689 Epoch [23/100] batch [257/391] loss 0.7500 lr 0.0885256621387895 acc 71.88% eta 0:47:42
2023-04-04 15:54:39,981 - __main__ - INFO - [INFO] 2023-04-04 15:54:39.981064 Epoch [23/100] batch [385/391] loss 0.7153 lr 0.0885256621387895 acc 73.44% eta 0:47:12
2023-04-04 15:54:40,576 - __main__ - INFO - Computing epoch 23 validation accuracy...
2023-04-04 15:54:43,917 - __main__ - INFO - Computing epoch 23 validation loss...
2023-04-04 15:54:47,366 - __main__ - INFO - [INFO] 2023-04-04 15:54:47.366784 Epoch [24/100] batch [1/391] loss 0.6079 lr 0.08750555348152302 acc 75.00% eta 0:46:46
2023-04-04 15:55:00,480 - __main__ - INFO - [INFO] 2023-04-04 15:55:00.480175 Epoch [24/100] batch [129/391] loss 0.5635 lr 0.08750555348152302 acc 78.91% eta 0:44:46
2023-04-04 15:55:13,668 - __main__ - INFO - [INFO] 2023-04-04 15:55:13.668141 Epoch [24/100] batch [257/391] loss 0.5781 lr 0.08750555348152302 acc 69.53% eta 0:45:01
2023-04-04 15:55:26,378 - __main__ - INFO - [INFO] 2023-04-04 15:55:26.378006 Epoch [24/100] batch [385/391] loss 0.8057 lr 0.08750555348152302 acc 77.34% eta 0:44:14
2023-04-04 15:55:26,908 - __main__ - INFO - Computing epoch 24 validation accuracy...
2023-04-04 15:55:30,222 - __main__ - INFO - Computing epoch 24 validation loss...
2023-04-04 15:55:33,605 - __main__ - INFO - [INFO] 2023-04-04 15:55:33.605279 Epoch [25/100] batch [1/391] loss 0.5732 lr 0.08644843137107061 acc 82.03% eta 0:52:08
2023-04-04 15:55:46,522 - __main__ - INFO - [INFO] 2023-04-04 15:55:46.521955 Epoch [25/100] batch [129/391] loss 0.7148 lr 0.08644843137107061 acc 69.53% eta 0:43:56
2023-04-04 15:55:59,478 - __main__ - INFO - [INFO] 2023-04-04 15:55:59.478097 Epoch [25/100] batch [257/391] loss 0.6968 lr 0.08644843137107061 acc 66.41% eta 0:43:45
2023-04-04 15:56:12,411 - __main__ - INFO - [INFO] 2023-04-04 15:56:12.411241 Epoch [25/100] batch [385/391] loss 0.7563 lr 0.08644843137107061 acc 76.56% eta 0:43:24
2023-04-04 15:56:12,979 - __main__ - INFO - Computing epoch 25 validation accuracy...
2023-04-04 15:56:16,342 - __main__ - INFO - Computing epoch 25 validation loss...
2023-04-04 15:56:19,807 - __main__ - INFO - [INFO] 2023-04-04 15:56:19.807721 Epoch [26/100] batch [1/391] loss 0.9023 lr 0.0853553390593274 acc 65.62% eta 0:44:28
2023-04-04 15:56:32,903 - __main__ - INFO - [INFO] 2023-04-04 15:56:32.903328 Epoch [26/100] batch [129/391] loss 0.6450 lr 0.0853553390593274 acc 82.03% eta 0:43:45
2023-04-04 15:56:45,701 - __main__ - INFO - [INFO] 2023-04-04 15:56:45.701418 Epoch [26/100] batch [257/391] loss 0.4243 lr 0.0853553390593274 acc 85.16% eta 0:42:54
2023-04-04 15:56:58,749 - __main__ - INFO - [INFO] 2023-04-04 15:56:58.748804 Epoch [26/100] batch [385/391] loss 0.5068 lr 0.0853553390593274 acc 82.03% eta 0:42:50
2023-04-04 15:56:59,318 - __main__ - INFO - Computing epoch 26 validation accuracy...
2023-04-04 15:57:02,552 - __main__ - INFO - Computing epoch 26 validation loss...
2023-04-04 15:57:05,888 - __main__ - INFO - [INFO] 2023-04-04 15:57:05.888469 Epoch [27/100] batch [1/391] loss 0.4070 lr 0.08422735529643446 acc 86.72% eta 0:46:57
2023-04-04 15:57:18,456 - __main__ - INFO - [INFO] 2023-04-04 15:57:18.456017 Epoch [27/100] batch [129/391] loss 0.6665 lr 0.08422735529643446 acc 77.34% eta 0:41:56
2023-04-04 15:57:31,233 - __main__ - INFO - [INFO] 2023-04-04 15:57:31.233476 Epoch [27/100] batch [257/391] loss 0.4644 lr 0.08422735529643446 acc 83.59% eta 0:41:57
2023-04-04 15:57:43,957 - __main__ - INFO - [INFO] 2023-04-04 15:57:43.957515 Epoch [27/100] batch [385/391] loss 0.6382 lr 0.08422735529643446 acc 73.44% eta 0:41:35
2023-04-04 15:57:44,522 - __main__ - INFO - Computing epoch 27 validation accuracy...
2023-04-04 15:57:47,761 - __main__ - INFO - Computing epoch 27 validation loss...
2023-04-04 15:57:51,091 - __main__ - INFO - [INFO] 2023-04-04 15:57:51.091162 Epoch [28/100] batch [1/391] loss 0.5527 lr 0.08306559326618262 acc 78.91% eta 0:42:21
2023-04-04 15:58:04,221 - __main__ - INFO - [INFO] 2023-04-04 15:58:04.221467 Epoch [28/100] batch [129/391] loss 0.6890 lr 0.08306559326618262 acc 83.59% eta 0:42:36
2023-04-04 15:58:17,268 - __main__ - INFO - [INFO] 2023-04-04 15:58:17.268696 Epoch [28/100] batch [257/391] loss 0.7227 lr 0.08306559326618262 acc 71.88% eta 0:42:09
2023-04-04 15:58:30,385 - __main__ - INFO - [INFO] 2023-04-04 15:58:30.384955 Epoch [28/100] batch [385/391] loss 0.6050 lr 0.08306559326618262 acc 82.03% eta 0:42:03
2023-04-04 15:58:31,038 - __main__ - INFO - Computing epoch 28 validation accuracy...
2023-04-04 15:58:34,454 - __main__ - INFO - Computing epoch 28 validation loss...
2023-04-04 15:58:37,909 - __main__ - INFO - [INFO] 2023-04-04 15:58:37.909346 Epoch [29/100] batch [1/391] loss 0.4849 lr 0.08187119948743452 acc 79.69% eta 0:47:03
2023-04-04 15:58:50,714 - __main__ - INFO - [INFO] 2023-04-04 15:58:50.713843 Epoch [29/100] batch [129/391] loss 0.5620 lr 0.08187119948743452 acc 79.69% eta 0:40:51
2023-04-04 15:59:03,190 - __main__ - INFO - [INFO] 2023-04-04 15:59:03.189958 Epoch [29/100] batch [257/391] loss 0.6558 lr 0.08187119948743452 acc 80.47% eta 0:40:31
2023-04-04 15:59:16,235 - __main__ - INFO - [INFO] 2023-04-04 15:59:16.235275 Epoch [29/100] batch [385/391] loss 0.7588 lr 0.08187119948743452 acc 71.88% eta 0:40:44
2023-04-04 15:59:16,857 - __main__ - INFO - Computing epoch 29 validation accuracy...
2023-04-04 15:59:20,116 - __main__ - INFO - Computing epoch 29 validation loss...
2023-04-04 15:59:23,480 - __main__ - INFO - [INFO] 2023-04-04 15:59:23.480236 Epoch [30/100] batch [1/391] loss 0.5083 lr 0.08064535268264886 acc 75.78% eta 0:45:11
2023-04-04 15:59:36,518 - __main__ - INFO - [INFO] 2023-04-04 15:59:36.518565 Epoch [30/100] batch [129/391] loss 0.8242 lr 0.08064535268264886 acc 75.00% eta 0:41:12
2023-04-04 15:59:49,526 - __main__ - INFO - [INFO] 2023-04-04 15:59:49.525844 Epoch [30/100] batch [257/391] loss 0.6313 lr 0.08064535268264886 acc 79.69% eta 0:40:56
2023-04-04 16:00:02,607 - __main__ - INFO - [INFO] 2023-04-04 16:00:02.607704 Epoch [30/100] batch [385/391] loss 0.6748 lr 0.08064535268264886 acc 67.97% eta 0:40:46
2023-04-04 16:00:03,203 - __main__ - INFO - Computing epoch 30 validation accuracy...
2023-04-04 16:00:06,532 - __main__ - INFO - Computing epoch 30 validation loss...
2023-04-04 16:00:09,920 - __main__ - INFO - [INFO] 2023-04-04 16:00:09.920190 Epoch [31/100] batch [1/391] loss 0.6216 lr 0.0793892626146237 acc 65.62% eta 0:41:47
2023-04-04 16:00:23,241 - __main__ - INFO - [INFO] 2023-04-04 16:00:23.241354 Epoch [31/100] batch [129/391] loss 0.7764 lr 0.0793892626146237 acc 75.78% eta 0:41:38
2023-04-04 16:00:36,065 - __main__ - INFO - [INFO] 2023-04-04 16:00:36.065152 Epoch [31/100] batch [257/391] loss 0.6411 lr 0.0793892626146237 acc 69.53% eta 0:40:22
2023-04-04 16:00:48,651 - __main__ - INFO - [INFO] 2023-04-04 16:00:48.651679 Epoch [31/100] batch [385/391] loss 0.6792 lr 0.0793892626146237 acc 75.00% eta 0:39:54
2023-04-04 16:00:49,239 - __main__ - INFO - Computing epoch 31 validation accuracy...
2023-04-04 16:00:52,525 - __main__ - INFO - Computing epoch 31 validation loss...
2023-04-04 16:00:55,945 - __main__ - INFO - [INFO] 2023-04-04 16:00:55.945686 Epoch [32/100] batch [1/391] loss 0.6382 lr 0.07810416889260657 acc 77.34% eta 0:44:36
2023-04-04 16:01:09,023 - __main__ - INFO - [INFO] 2023-04-04 16:01:09.023552 Epoch [32/100] batch [129/391] loss 0.6108 lr 0.07810416889260657 acc 80.47% eta 0:40:18
2023-04-04 16:01:22,052 - __main__ - INFO - [INFO] 2023-04-04 16:01:22.052712 Epoch [32/100] batch [257/391] loss 0.5542 lr 0.07810416889260657 acc 71.88% eta 0:39:52
2023-04-04 16:01:34,999 - __main__ - INFO - [INFO] 2023-04-04 16:01:34.998848 Epoch [32/100] batch [385/391] loss 0.6772 lr 0.07810416889260657 acc 77.34% eta 0:39:26
2023-04-04 16:01:35,618 - __main__ - INFO - Computing epoch 32 validation accuracy...
2023-04-04 16:01:38,908 - __main__ - INFO - Computing epoch 32 validation loss...
2023-04-04 16:01:42,295 - __main__ - INFO - [INFO] 2023-04-04 16:01:42.295631 Epoch [33/100] batch [1/391] loss 0.4309 lr 0.07679133974894986 acc 76.56% eta 0:41:46
2023-04-04 16:01:55,246 - __main__ - INFO - [INFO] 2023-04-04 16:01:55.246271 Epoch [33/100] batch [129/391] loss 0.6138 lr 0.07679133974894986 acc 80.47% eta 0:38:52
2023-04-04 16:02:07,914 - __main__ - INFO - [INFO] 2023-04-04 16:02:07.914135 Epoch [33/100] batch [257/391] loss 0.6875 lr 0.07679133974894986 acc 76.56% eta 0:38:08
2023-04-04 16:02:21,112 - __main__ - INFO - [INFO] 2023-04-04 16:02:21.112750 Epoch [33/100] batch [385/391] loss 0.4854 lr 0.07679133974894986 acc 79.69% eta 0:38:23
2023-04-04 16:02:21,732 - __main__ - INFO - Computing epoch 33 validation accuracy...
2023-04-04 16:02:25,016 - __main__ - INFO - Computing epoch 33 validation loss...
2023-04-04 16:02:28,404 - __main__ - INFO - [INFO] 2023-04-04 16:02:28.404586 Epoch [34/100] batch [1/391] loss 0.6997 lr 0.0754520707875186 acc 79.69% eta 0:38:56
2023-04-04 16:02:41,246 - __main__ - INFO - [INFO] 2023-04-04 16:02:41.246373 Epoch [34/100] batch [129/391] loss 0.5215 lr 0.0754520707875186 acc 75.78% eta 0:38:09
2023-04-04 16:02:54,313 - __main__ - INFO - [INFO] 2023-04-04 16:02:54.313187 Epoch [34/100] batch [257/391] loss 0.6016 lr 0.0754520707875186 acc 82.03% eta 0:38:12
2023-04-04 16:03:07,654 - __main__ - INFO - [INFO] 2023-04-04 16:03:07.653832 Epoch [34/100] batch [385/391] loss 0.5654 lr 0.0754520707875186 acc 81.25% eta 0:38:26
2023-04-04 16:03:08,235 - __main__ - INFO - Computing epoch 34 validation accuracy...
2023-04-04 16:03:11,545 - __main__ - INFO - Computing epoch 34 validation loss...
2023-04-04 16:03:14,934 - __main__ - INFO - [INFO] 2023-04-04 16:03:14.934515 Epoch [35/100] batch [1/391] loss 0.5215 lr 0.0740876837050858 acc 74.22% eta 0:40:32
2023-04-04 16:03:28,028 - __main__ - INFO - [INFO] 2023-04-04 16:03:28.028576 Epoch [35/100] batch [129/391] loss 0.5962 lr 0.0740876837050858 acc 84.38% eta 0:38:16
2023-04-04 16:03:40,700 - __main__ - INFO - [INFO] 2023-04-04 16:03:40.700484 Epoch [35/100] batch [257/391] loss 0.5317 lr 0.0740876837050858 acc 78.12% eta 0:37:14
2023-04-04 16:03:53,386 - __main__ - INFO - [INFO] 2023-04-04 16:03:53.386629 Epoch [35/100] batch [385/391] loss 0.6904 lr 0.0740876837050858 acc 75.78% eta 0:36:48
2023-04-04 16:03:53,946 - __main__ - INFO - Computing epoch 35 validation accuracy...
2023-04-04 16:03:57,349 - __main__ - INFO - Computing epoch 35 validation loss...
2023-04-04 16:04:00,669 - __main__ - INFO - [INFO] 2023-04-04 16:04:00.669730 Epoch [36/100] batch [1/391] loss 0.6392 lr 0.07269952498697738 acc 75.00% eta 0:38:23
2023-04-04 16:04:13,048 - __main__ - INFO - [INFO] 2023-04-04 16:04:13.048724 Epoch [36/100] batch [129/391] loss 0.5884 lr 0.07269952498697738 acc 84.38% eta 0:36:26
2023-04-04 16:04:25,761 - __main__ - INFO - [INFO] 2023-04-04 16:04:25.761367 Epoch [36/100] batch [257/391] loss 0.7251 lr 0.07269952498697738 acc 73.44% eta 0:36:19
2023-04-04 16:04:38,647 - __main__ - INFO - [INFO] 2023-04-04 16:04:38.647109 Epoch [36/100] batch [385/391] loss 0.5298 lr 0.07269952498697738 acc 81.25% eta 0:36:15
2023-04-04 16:04:39,216 - __main__ - INFO - Computing epoch 36 validation accuracy...
2023-04-04 16:04:42,581 - __main__ - INFO - Computing epoch 36 validation loss...
2023-04-04 16:04:45,979 - __main__ - INFO - [INFO] 2023-04-04 16:04:45.978803 Epoch [37/100] batch [1/391] loss 0.3755 lr 0.07128896457825366 acc 89.06% eta 0:38:06
2023-04-04 16:04:58,886 - __main__ - INFO - [INFO] 2023-04-04 16:04:58.886394 Epoch [37/100] batch [129/391] loss 0.8076 lr 0.07128896457825366 acc 70.31% eta 0:36:30
2023-04-04 16:05:11,856 - __main__ - INFO - [INFO] 2023-04-04 16:05:11.855945 Epoch [37/100] batch [257/391] loss 0.4846 lr 0.07128896457825366 acc 82.03% eta 0:36:29
2023-04-04 16:05:24,815 - __main__ - INFO - [INFO] 2023-04-04 16:05:24.815052 Epoch [37/100] batch [385/391] loss 0.6948 lr 0.07128896457825366 acc 76.56% eta 0:36:16
2023-04-04 16:05:25,392 - __main__ - INFO - Computing epoch 37 validation accuracy...
2023-04-04 16:05:28,609 - __main__ - INFO - Computing epoch 37 validation loss...
2023-04-04 16:05:31,917 - __main__ - INFO - [INFO] 2023-04-04 16:05:31.917228 Epoch [38/100] batch [1/391] loss 0.4436 lr 0.06985739453173906 acc 87.50% eta 0:36:35
2023-04-04 16:05:45,054 - __main__ - INFO - [INFO] 2023-04-04 16:05:45.054036 Epoch [38/100] batch [129/391] loss 0.4060 lr 0.06985739453173906 acc 86.72% eta 0:36:57
2023-04-04 16:05:57,869 - __main__ - INFO - [INFO] 2023-04-04 16:05:57.869521 Epoch [38/100] batch [257/391] loss 0.6748 lr 0.06985739453173906 acc 79.69% eta 0:36:43
2023-04-04 16:06:10,855 - __main__ - INFO - [INFO] 2023-04-04 16:06:10.855202 Epoch [38/100] batch [385/391] loss 0.6348 lr 0.06985739453173906 acc 77.34% eta 0:36:19
2023-04-04 16:06:11,457 - __main__ - INFO - Computing epoch 38 validation accuracy...
2023-04-04 16:06:14,831 - __main__ - INFO - Computing epoch 38 validation loss...
2023-04-04 16:06:18,325 - __main__ - INFO - [INFO] 2023-04-04 16:06:18.324920 Epoch [39/100] batch [1/391] loss 0.5283 lr 0.06840622763423394 acc 84.38% eta 0:44:10
2023-04-04 16:06:31,340 - __main__ - INFO - [INFO] 2023-04-04 16:06:31.339963 Epoch [39/100] batch [129/391] loss 0.5195 lr 0.06840622763423394 acc 82.81% eta 0:35:57
2023-04-04 16:06:44,291 - __main__ - INFO - [INFO] 2023-04-04 16:06:44.290903 Epoch [39/100] batch [257/391] loss 0.4651 lr 0.06840622763423394 acc 84.38% eta 0:35:36
2023-04-04 16:06:57,368 - __main__ - INFO - [INFO] 2023-04-04 16:06:57.368081 Epoch [39/100] batch [385/391] loss 0.5371 lr 0.06840622763423394 acc 78.91% eta 0:35:26
2023-04-04 16:06:57,925 - __main__ - INFO - Computing epoch 39 validation accuracy...
2023-04-04 16:07:01,508 - __main__ - INFO - Computing epoch 39 validation loss...
2023-04-04 16:07:04,910 - __main__ - INFO - [INFO] 2023-04-04 16:07:04.910559 Epoch [40/100] batch [1/391] loss 0.4480 lr 0.06693689601226462 acc 81.25% eta 0:37:11
2023-04-04 16:07:17,824 - __main__ - INFO - [INFO] 2023-04-04 16:07:17.824044 Epoch [40/100] batch [129/391] loss 0.6577 lr 0.06693689601226462 acc 78.12% eta 0:34:32
2023-04-04 16:07:30,503 - __main__ - INFO - [INFO] 2023-04-04 16:07:30.503676 Epoch [40/100] batch [257/391] loss 0.5518 lr 0.06693689601226462 acc 85.16% eta 0:34:15
2023-04-04 16:07:42,969 - __main__ - INFO - [INFO] 2023-04-04 16:07:42.969151 Epoch [40/100] batch [385/391] loss 0.4368 lr 0.06693689601226462 acc 82.81% eta 0:33:54
2023-04-04 16:07:43,558 - __main__ - INFO - Computing epoch 40 validation accuracy...
2023-04-04 16:07:46,968 - __main__ - INFO - Computing epoch 40 validation loss...
2023-04-04 16:07:50,427 - __main__ - INFO - [INFO] 2023-04-04 16:07:50.427054 Epoch [41/100] batch [1/391] loss 0.3767 lr 0.06545084971874741 acc 76.56% eta 0:36:00
2023-04-04 16:08:03,224 - __main__ - INFO - [INFO] 2023-04-04 16:08:03.223986 Epoch [41/100] batch [129/391] loss 0.5703 lr 0.06545084971874741 acc 82.03% eta 0:33:40
2023-04-04 16:08:15,960 - __main__ - INFO - [INFO] 2023-04-04 16:08:15.960469 Epoch [41/100] batch [257/391] loss 0.4458 lr 0.06545084971874741 acc 84.38% eta 0:33:30
2023-04-04 16:08:28,618 - __main__ - INFO - [INFO] 2023-04-04 16:08:28.618025 Epoch [41/100] batch [385/391] loss 0.4607 lr 0.06545084971874741 acc 87.50% eta 0:33:09
2023-04-04 16:08:29,183 - __main__ - INFO - Computing epoch 41 validation accuracy...
2023-04-04 16:08:32,459 - __main__ - INFO - Computing epoch 41 validation loss...
2023-04-04 16:08:35,968 - __main__ - INFO - [INFO] 2023-04-04 16:08:35.968474 Epoch [42/100] batch [1/391] loss 0.3870 lr 0.06394955530196152 acc 85.94% eta 0:35:13
2023-04-04 16:08:49,090 - __main__ - INFO - [INFO] 2023-04-04 16:08:49.090146 Epoch [42/100] batch [129/391] loss 0.4282 lr 0.06394955530196152 acc 82.03% eta 0:34:11
2023-04-04 16:09:01,946 - __main__ - INFO - [INFO] 2023-04-04 16:09:01.945927 Epoch [42/100] batch [257/391] loss 0.5742 lr 0.06394955530196152 acc 81.25% eta 0:33:36
2023-04-04 16:09:14,459 - __main__ - INFO - [INFO] 2023-04-04 16:09:14.459771 Epoch [42/100] batch [385/391] loss 0.4885 lr 0.06394955530196152 acc 80.47% eta 0:33:07
2023-04-04 16:09:15,049 - __main__ - INFO - Computing epoch 42 validation accuracy...
2023-04-04 16:09:18,434 - __main__ - INFO - Computing epoch 42 validation loss...
2023-04-04 16:09:21,697 - __main__ - INFO - [INFO] 2023-04-04 16:09:21.696876 Epoch [43/100] batch [1/391] loss 0.4692 lr 0.062434494358242776 acc 81.25% eta 0:33:33
2023-04-04 16:09:34,441 - __main__ - INFO - [INFO] 2023-04-04 16:09:34.441525 Epoch [43/100] batch [129/391] loss 0.3872 lr 0.062434494358242776 acc 87.50% eta 0:32:40
2023-04-04 16:09:47,192 - __main__ - INFO - [INFO] 2023-04-04 16:09:47.191840 Epoch [43/100] batch [257/391] loss 0.3035 lr 0.062434494358242776 acc 86.72% eta 0:32:29
2023-04-04 16:09:59,921 - __main__ - INFO - [INFO] 2023-04-04 16:09:59.921274 Epoch [43/100] batch [385/391] loss 0.5894 lr 0.062434494358242776 acc 84.38% eta 0:32:14
2023-04-04 16:10:00,515 - __main__ - INFO - Computing epoch 43 validation accuracy...
2023-04-04 16:10:03,876 - __main__ - INFO - Computing epoch 43 validation loss...
2023-04-04 16:10:07,311 - __main__ - INFO - [INFO] 2023-04-04 16:10:07.311747 Epoch [44/100] batch [1/391] loss 0.6323 lr 0.06090716206982718 acc 80.47% eta 0:33:54
2023-04-04 16:10:20,231 - __main__ - INFO - [INFO] 2023-04-04 16:10:20.231142 Epoch [44/100] batch [129/391] loss 0.4724 lr 0.06090716206982718 acc 84.38% eta 0:32:39
2023-04-04 16:10:33,279 - __main__ - INFO - [INFO] 2023-04-04 16:10:33.279483 Epoch [44/100] batch [257/391] loss 0.5518 lr 0.06090716206982718 acc 85.16% eta 0:32:43
2023-04-04 16:10:46,190 - __main__ - INFO - [INFO] 2023-04-04 16:10:46.189893 Epoch [44/100] batch [385/391] loss 0.5137 lr 0.06090716206982718 acc 84.38% eta 0:32:26
2023-04-04 16:10:46,782 - __main__ - INFO - Computing epoch 44 validation accuracy...
2023-04-04 16:10:50,076 - __main__ - INFO - Computing epoch 44 validation loss...
2023-04-04 16:10:53,450 - __main__ - INFO - [INFO] 2023-04-04 16:10:53.450284 Epoch [45/100] batch [1/391] loss 0.4412 lr 0.05936906572928628 acc 87.50% eta 0:36:33
2023-04-04 16:11:06,147 - __main__ - INFO - [INFO] 2023-04-04 16:11:06.147181 Epoch [45/100] batch [129/391] loss 0.3557 lr 0.05936906572928628 acc 87.50% eta 0:32:12
2023-04-04 16:11:19,148 - __main__ - INFO - [INFO] 2023-04-04 16:11:19.147903 Epoch [45/100] batch [257/391] loss 0.4639 lr 0.05936906572928628 acc 84.38% eta 0:32:01
2023-04-04 16:11:32,115 - __main__ - INFO - [INFO] 2023-04-04 16:11:32.114872 Epoch [45/100] batch [385/391] loss 0.5347 lr 0.05936906572928628 acc 86.72% eta 0:31:44
2023-04-04 16:11:32,689 - __main__ - INFO - Computing epoch 45 validation accuracy...
2023-04-04 16:11:35,949 - __main__ - INFO - Computing epoch 45 validation loss...
2023-04-04 16:11:39,346 - __main__ - INFO - [INFO] 2023-04-04 16:11:39.346398 Epoch [46/100] batch [1/391] loss 0.4429 lr 0.05782172325201159 acc 79.69% eta 0:34:06
2023-04-04 16:11:52,208 - __main__ - INFO - [INFO] 2023-04-04 16:11:52.208566 Epoch [46/100] batch [129/391] loss 0.5757 lr 0.05782172325201159 acc 78.91% eta 0:31:15
2023-04-04 16:12:05,413 - __main__ - INFO - [INFO] 2023-04-04 16:12:05.413178 Epoch [46/100] batch [257/391] loss 0.4717 lr 0.05782172325201159 acc 89.06% eta 0:31:31
2023-04-04 16:12:18,147 - __main__ - INFO - [INFO] 2023-04-04 16:12:18.147636 Epoch [46/100] batch [385/391] loss 0.3918 lr 0.05782172325201159 acc 82.81% eta 0:31:01
2023-04-04 16:12:18,713 - __main__ - INFO - Computing epoch 46 validation accuracy...
2023-04-04 16:12:21,934 - __main__ - INFO - Computing epoch 46 validation loss...
2023-04-04 16:12:25,312 - __main__ - INFO - [INFO] 2023-04-04 16:12:25.312061 Epoch [47/100] batch [1/391] loss 0.6128 lr 0.056266661678215264 acc 83.59% eta 0:32:52
2023-04-04 16:12:38,140 - __main__ - INFO - [INFO] 2023-04-04 16:12:38.140436 Epoch [47/100] batch [129/391] loss 0.3660 lr 0.056266661678215264 acc 86.72% eta 0:30:53
2023-04-04 16:12:50,915 - __main__ - INFO - [INFO] 2023-04-04 16:12:50.915123 Epoch [47/100] batch [257/391] loss 0.5063 lr 0.056266661678215264 acc 73.44% eta 0:30:47
2023-04-04 16:13:03,853 - __main__ - INFO - [INFO] 2023-04-04 16:13:03.852998 Epoch [47/100] batch [385/391] loss 0.4797 lr 0.056266661678215264 acc 87.50% eta 0:30:32
2023-04-04 16:13:04,444 - __main__ - INFO - Computing epoch 47 validation accuracy...
2023-04-04 16:13:07,791 - __main__ - INFO - Computing epoch 47 validation loss...
2023-04-04 16:13:11,099 - __main__ - INFO - [INFO] 2023-04-04 16:13:11.098919 Epoch [48/100] batch [1/391] loss 0.4197 lr 0.05470541566592575 acc 86.72% eta 0:31:53
2023-04-04 16:13:23,945 - __main__ - INFO - [INFO] 2023-04-04 16:13:23.945789 Epoch [48/100] batch [129/391] loss 0.3259 lr 0.05470541566592575 acc 94.53% eta 0:30:02
2023-04-04 16:13:36,872 - __main__ - INFO - [INFO] 2023-04-04 16:13:36.872695 Epoch [48/100] batch [257/391] loss 0.5684 lr 0.05470541566592575 acc 80.47% eta 0:29:52
2023-04-04 16:13:50,101 - __main__ - INFO - [INFO] 2023-04-04 16:13:50.101059 Epoch [48/100] batch [385/391] loss 0.7236 lr 0.05470541566592575 acc 82.03% eta 0:30:02
2023-04-04 16:13:50,705 - __main__ - INFO - Computing epoch 48 validation accuracy...
2023-04-04 16:13:54,031 - __main__ - INFO - Computing epoch 48 validation loss...
2023-04-04 16:13:57,347 - __main__ - INFO - [INFO] 2023-04-04 16:13:57.347108 Epoch [49/100] batch [1/391] loss 0.5337 lr 0.053139525976465714 acc 80.47% eta 0:30:14
2023-04-04 16:14:10,485 - __main__ - INFO - [INFO] 2023-04-04 16:14:10.485262 Epoch [49/100] batch [129/391] loss 0.3616 lr 0.053139525976465714 acc 92.19% eta 0:30:10
2023-04-04 16:14:23,711 - __main__ - INFO - [INFO] 2023-04-04 16:14:23.711145 Epoch [49/100] batch [257/391] loss 0.5728 lr 0.053139525976465714 acc 87.50% eta 0:30:21
2023-04-04 16:14:36,770 - __main__ - INFO - [INFO] 2023-04-04 16:14:36.770332 Epoch [49/100] batch [385/391] loss 0.4185 lr 0.053139525976465714 acc 87.50% eta 0:30:08
2023-04-04 16:14:37,365 - __main__ - INFO - Computing epoch 49 validation accuracy...
2023-04-04 16:14:40,640 - __main__ - INFO - Computing epoch 49 validation loss...
2023-04-04 16:14:44,116 - __main__ - INFO - [INFO] 2023-04-04 16:14:44.116453 Epoch [50/100] batch [1/391] loss 0.2852 lr 0.05157053795390645 acc 92.97% eta 0:31:20
2023-04-04 16:14:57,007 - __main__ - INFO - [INFO] 2023-04-04 16:14:57.006893 Epoch [50/100] batch [129/391] loss 0.4993 lr 0.05157053795390645 acc 87.50% eta 0:29:02
2023-04-04 16:15:10,117 - __main__ - INFO - [INFO] 2023-04-04 16:15:10.117467 Epoch [50/100] batch [257/391] loss 0.5479 lr 0.05157053795390645 acc 87.50% eta 0:29:10
2023-04-04 16:15:23,414 - __main__ - INFO - [INFO] 2023-04-04 16:15:23.413871 Epoch [50/100] batch [385/391] loss 0.6489 lr 0.05157053795390645 acc 85.94% eta 0:29:11
2023-04-04 16:15:23,989 - __main__ - INFO - Computing epoch 50 validation accuracy...
2023-04-04 16:15:27,238 - __main__ - INFO - Computing epoch 50 validation loss...
2023-04-04 16:15:30,586 - __main__ - INFO - [INFO] 2023-04-04 16:15:30.586389 Epoch [51/100] batch [1/391] loss 0.4211 lr 0.05000000000000004 acc 81.25% eta 0:28:49
2023-04-04 16:15:43,585 - __main__ - INFO - [INFO] 2023-04-04 16:15:43.585660 Epoch [51/100] batch [129/391] loss 0.5264 lr 0.05000000000000004 acc 80.47% eta 0:28:27
2023-04-04 16:15:56,716 - __main__ - INFO - [INFO] 2023-04-04 16:15:56.716681 Epoch [51/100] batch [257/391] loss 0.4429 lr 0.05000000000000004 acc 89.06% eta 0:28:34
2023-04-04 16:16:09,587 - __main__ - INFO - [INFO] 2023-04-04 16:16:09.587492 Epoch [51/100] batch [385/391] loss 0.4976 lr 0.05000000000000004 acc 82.81% eta 0:28:27
2023-04-04 16:16:10,179 - __main__ - INFO - Computing epoch 51 validation accuracy...
2023-04-04 16:16:13,464 - __main__ - INFO - Computing epoch 51 validation loss...
2023-04-04 16:16:16,919 - __main__ - INFO - [INFO] 2023-04-04 16:16:16.919427 Epoch [52/100] batch [1/391] loss 0.3738 lr 0.04842946204609362 acc 89.84% eta 0:31:52
2023-04-04 16:16:30,123 - __main__ - INFO - [INFO] 2023-04-04 16:16:30.123740 Epoch [52/100] batch [129/391] loss 0.4031 lr 0.04842946204609362 acc 87.50% eta 0:28:35
2023-04-04 16:16:43,165 - __main__ - INFO - [INFO] 2023-04-04 16:16:43.165249 Epoch [52/100] batch [257/391] loss 0.4028 lr 0.04842946204609362 acc 87.50% eta 0:28:11
2023-04-04 16:16:56,203 - __main__ - INFO - [INFO] 2023-04-04 16:16:56.203135 Epoch [52/100] batch [385/391] loss 0.5327 lr 0.04842946204609362 acc 88.28% eta 0:27:55
2023-04-04 16:16:56,818 - __main__ - INFO - Computing epoch 52 validation accuracy...
2023-04-04 16:17:00,373 - __main__ - INFO - Computing epoch 52 validation loss...
2023-04-04 16:17:03,834 - __main__ - INFO - [INFO] 2023-04-04 16:17:03.834528 Epoch [53/100] batch [1/391] loss 0.4419 lr 0.04686047402353437 acc 89.06% eta 0:28:28
2023-04-04 16:17:17,525 - __main__ - INFO - [INFO] 2023-04-04 16:17:17.525777 Epoch [53/100] batch [129/391] loss 0.2423 lr 0.04686047402353437 acc 93.75% eta 0:29:20
2023-04-04 16:17:30,476 - __main__ - INFO - [INFO] 2023-04-04 16:17:30.476060 Epoch [53/100] batch [257/391] loss 0.6382 lr 0.04686047402353437 acc 79.69% eta 0:28:11
2023-04-04 16:17:43,573 - __main__ - INFO - [INFO] 2023-04-04 16:17:43.573209 Epoch [53/100] batch [385/391] loss 0.5464 lr 0.04686047402353437 acc 84.38% eta 0:27:51
2023-04-04 16:17:44,161 - __main__ - INFO - Computing epoch 53 validation accuracy...
2023-04-04 16:17:47,522 - __main__ - INFO - Computing epoch 53 validation loss...
2023-04-04 16:17:50,977 - __main__ - INFO - [INFO] 2023-04-04 16:17:50.977454 Epoch [54/100] batch [1/391] loss 0.5898 lr 0.045294584334074316 acc 80.47% eta 0:28:23
2023-04-04 16:18:03,925 - __main__ - INFO - [INFO] 2023-04-04 16:18:03.924832 Epoch [54/100] batch [129/391] loss 0.3154 lr 0.045294584334074316 acc 89.06% eta 0:26:58
2023-04-04 16:18:16,865 - __main__ - INFO - [INFO] 2023-04-04 16:18:16.865469 Epoch [54/100] batch [257/391] loss 0.6167 lr 0.045294584334074316 acc 82.81% eta 0:26:40
2023-04-04 16:18:29,881 - __main__ - INFO - [INFO] 2023-04-04 16:18:29.881448 Epoch [54/100] batch [385/391] loss 0.4604 lr 0.045294584334074316 acc 77.34% eta 0:26:26
2023-04-04 16:18:30,454 - __main__ - INFO - Computing epoch 54 validation accuracy...
2023-04-04 16:18:33,678 - __main__ - INFO - Computing epoch 54 validation loss...
2023-04-04 16:18:37,325 - __main__ - INFO - [INFO] 2023-04-04 16:18:37.325398 Epoch [55/100] batch [1/391] loss 0.4900 lr 0.043733338321784825 acc 78.91% eta 0:50:55
2023-04-04 16:18:50,420 - __main__ - INFO - [INFO] 2023-04-04 16:18:50.419883 Epoch [55/100] batch [129/391] loss 0.3594 lr 0.043733338321784825 acc 91.41% eta 0:26:39
2023-04-04 16:19:03,401 - __main__ - INFO - [INFO] 2023-04-04 16:19:03.400891 Epoch [55/100] batch [257/391] loss 0.3215 lr 0.043733338321784825 acc 86.72% eta 0:26:16
2023-04-04 16:19:16,221 - __main__ - INFO - [INFO] 2023-04-04 16:19:16.221715 Epoch [55/100] batch [385/391] loss 0.4121 lr 0.043733338321784825 acc 92.19% eta 0:25:56
2023-04-04 16:19:16,821 - __main__ - INFO - Computing epoch 55 validation accuracy...
2023-04-04 16:19:20,101 - __main__ - INFO - Computing epoch 55 validation loss...
2023-04-04 16:19:23,489 - __main__ - INFO - [INFO] 2023-04-04 16:19:23.489796 Epoch [56/100] batch [1/391] loss 0.3591 lr 0.042178276747988484 acc 89.84% eta 0:28:06
2023-04-04 16:19:36,019 - __main__ - INFO - [INFO] 2023-04-04 16:19:36.019226 Epoch [56/100] batch [129/391] loss 0.2151 lr 0.042178276747988484 acc 92.97% eta 0:25:20
2023-04-04 16:19:49,036 - __main__ - INFO - [INFO] 2023-04-04 16:19:49.036304 Epoch [56/100] batch [257/391] loss 0.3105 lr 0.042178276747988484 acc 89.84% eta 0:25:17
2023-04-04 16:20:01,819 - __main__ - INFO - [INFO] 2023-04-04 16:20:01.818777 Epoch [56/100] batch [385/391] loss 0.5259 lr 0.042178276747988484 acc 79.69% eta 0:24:59
2023-04-04 16:20:02,427 - __main__ - INFO - Computing epoch 56 validation accuracy...
2023-04-04 16:20:05,676 - __main__ - INFO - Computing epoch 56 validation loss...
2023-04-04 16:20:09,015 - __main__ - INFO - [INFO] 2023-04-04 16:20:09.015607 Epoch [57/100] batch [1/391] loss 0.3823 lr 0.0406309342707138 acc 86.72% eta 0:25:32
2023-04-04 16:20:22,096 - __main__ - INFO - [INFO] 2023-04-04 16:20:22.096545 Epoch [57/100] batch [129/391] loss 0.5249 lr 0.0406309342707138 acc 85.94% eta 0:25:23
2023-04-04 16:20:34,819 - __main__ - INFO - [INFO] 2023-04-04 16:20:34.818927 Epoch [57/100] batch [257/391] loss 0.3889 lr 0.0406309342707138 acc 91.41% eta 0:24:39
2023-04-04 16:20:48,008 - __main__ - INFO - [INFO] 2023-04-04 16:20:48.008298 Epoch [57/100] batch [385/391] loss 0.3057 lr 0.0406309342707138 acc 89.06% eta 0:24:47
2023-04-04 16:20:48,593 - __main__ - INFO - Computing epoch 57 validation accuracy...
2023-04-04 16:20:52,010 - __main__ - INFO - Computing epoch 57 validation loss...
2023-04-04 16:20:55,603 - __main__ - INFO - [INFO] 2023-04-04 16:20:55.603095 Epoch [58/100] batch [1/391] loss 0.3247 lr 0.039092837930172916 acc 89.84% eta 0:30:33
2023-04-04 16:21:08,480 - __main__ - INFO - [INFO] 2023-04-04 16:21:08.480514 Epoch [58/100] batch [129/391] loss 0.4768 lr 0.039092837930172916 acc 87.50% eta 0:24:41
2023-04-04 16:21:20,931 - __main__ - INFO - [INFO] 2023-04-04 16:21:20.931414 Epoch [58/100] batch [257/391] loss 0.5063 lr 0.039092837930172916 acc 81.25% eta 0:24:10
2023-04-04 16:21:33,834 - __main__ - INFO - [INFO] 2023-04-04 16:21:33.834394 Epoch [58/100] batch [385/391] loss 0.4304 lr 0.039092837930172916 acc 86.72% eta 0:23:57
2023-04-04 16:21:34,447 - __main__ - INFO - Computing epoch 58 validation accuracy...
2023-04-04 16:21:37,835 - __main__ - INFO - Computing epoch 58 validation loss...
2023-04-04 16:21:41,283 - __main__ - INFO - [INFO] 2023-04-04 16:21:41.283421 Epoch [59/100] batch [1/391] loss 0.2676 lr 0.037565505641757285 acc 88.28% eta 0:27:44
2023-04-04 16:21:54,223 - __main__ - INFO - [INFO] 2023-04-04 16:21:54.222896 Epoch [59/100] batch [129/391] loss 0.3357 lr 0.037565505641757285 acc 82.81% eta 0:23:59
2023-04-04 16:22:07,368 - __main__ - INFO - [INFO] 2023-04-04 16:22:07.368281 Epoch [59/100] batch [257/391] loss 0.2389 lr 0.037565505641757285 acc 89.84% eta 0:24:01
2023-04-04 16:22:20,495 - __main__ - INFO - [INFO] 2023-04-04 16:22:20.494750 Epoch [59/100] batch [385/391] loss 0.3347 lr 0.037565505641757285 acc 87.50% eta 0:23:50
2023-04-04 16:22:21,114 - __main__ - INFO - Computing epoch 59 validation accuracy...
2023-04-04 16:22:24,439 - __main__ - INFO - Computing epoch 59 validation loss...
2023-04-04 16:22:28,050 - __main__ - INFO - [INFO] 2023-04-04 16:22:28.050139 Epoch [60/100] batch [1/391] loss 0.4087 lr 0.03605044469803857 acc 87.50% eta 0:23:58
2023-04-04 16:22:40,943 - __main__ - INFO - [INFO] 2023-04-04 16:22:40.943263 Epoch [60/100] batch [129/391] loss 0.3279 lr 0.03605044469803857 acc 85.16% eta 0:23:07
2023-04-04 16:22:53,946 - __main__ - INFO - [INFO] 2023-04-04 16:22:53.946692 Epoch [60/100] batch [257/391] loss 0.3027 lr 0.03605044469803857 acc 92.19% eta 0:23:22
2023-04-04 16:23:07,091 - __main__ - INFO - [INFO] 2023-04-04 16:23:07.091032 Epoch [60/100] batch [385/391] loss 0.4509 lr 0.03605044469803857 acc 90.62% eta 0:23:19
2023-04-04 16:23:07,701 - __main__ - INFO - Computing epoch 60 validation accuracy...
2023-04-04 16:23:11,132 - __main__ - INFO - Computing epoch 60 validation loss...
2023-04-04 16:23:14,519 - __main__ - INFO - [INFO] 2023-04-04 16:23:14.518904 Epoch [61/100] batch [1/391] loss 0.2292 lr 0.034549150281252675 acc 92.19% eta 0:25:05
2023-04-04 16:23:27,838 - __main__ - INFO - [INFO] 2023-04-04 16:23:27.838008 Epoch [61/100] batch [129/391] loss 0.2817 lr 0.034549150281252675 acc 93.75% eta 0:23:28
2023-04-04 16:23:40,744 - __main__ - INFO - [INFO] 2023-04-04 16:23:40.744153 Epoch [61/100] batch [257/391] loss 0.4165 lr 0.034549150281252675 acc 91.41% eta 0:22:50
2023-04-04 16:23:53,759 - __main__ - INFO - [INFO] 2023-04-04 16:23:53.759143 Epoch [61/100] batch [385/391] loss 0.2712 lr 0.034549150281252675 acc 92.19% eta 0:22:37
2023-04-04 16:23:54,378 - __main__ - INFO - Computing epoch 61 validation accuracy...
2023-04-04 16:23:57,691 - __main__ - INFO - Computing epoch 61 validation loss...
2023-04-04 16:24:01,289 - __main__ - INFO - [INFO] 2023-04-04 16:24:01.289423 Epoch [62/100] batch [1/391] loss 0.2350 lr 0.03306310398773546 acc 92.97% eta 0:24:48
2023-04-04 16:24:14,337 - __main__ - INFO - [INFO] 2023-04-04 16:24:14.336902 Epoch [62/100] batch [129/391] loss 0.2683 lr 0.03306310398773546 acc 89.84% eta 0:22:15
2023-04-04 16:24:27,196 - __main__ - INFO - [INFO] 2023-04-04 16:24:27.196278 Epoch [62/100] batch [257/391] loss 0.4849 lr 0.03306310398773546 acc 86.72% eta 0:21:57
2023-04-04 16:24:39,802 - __main__ - INFO - [INFO] 2023-04-04 16:24:39.802168 Epoch [62/100] batch [385/391] loss 0.3135 lr 0.03306310398773546 acc 92.97% eta 0:21:43
2023-04-04 16:24:40,400 - __main__ - INFO - Computing epoch 62 validation accuracy...
2023-04-04 16:24:43,678 - __main__ - INFO - Computing epoch 62 validation loss...
2023-04-04 16:24:47,109 - __main__ - INFO - [INFO] 2023-04-04 16:24:47.109641 Epoch [63/100] batch [1/391] loss 0.2578 lr 0.031593772365766146 acc 92.19% eta 0:23:41
2023-04-04 16:24:59,917 - __main__ - INFO - [INFO] 2023-04-04 16:24:59.916898 Epoch [63/100] batch [129/391] loss 0.2734 lr 0.031593772365766146 acc 90.62% eta 0:21:18
2023-04-04 16:25:12,803 - __main__ - INFO - [INFO] 2023-04-04 16:25:12.803628 Epoch [63/100] batch [257/391] loss 0.3452 lr 0.031593772365766146 acc 86.72% eta 0:21:13
2023-04-04 16:25:26,051 - __main__ - INFO - [INFO] 2023-04-04 16:25:26.050929 Epoch [63/100] batch [385/391] loss 0.2222 lr 0.031593772365766146 acc 93.75% eta 0:21:14
2023-04-04 16:25:26,638 - __main__ - INFO - Computing epoch 63 validation accuracy...
2023-04-04 16:25:29,977 - __main__ - INFO - Computing epoch 63 validation loss...
2023-04-04 16:25:33,349 - __main__ - INFO - [INFO] 2023-04-04 16:25:33.349431 Epoch [64/100] batch [1/391] loss 0.2617 lr 0.030142605468260992 acc 92.19% eta 0:21:57
2023-04-04 16:25:46,113 - __main__ - INFO - [INFO] 2023-04-04 16:25:46.113328 Epoch [64/100] batch [129/391] loss 0.3323 lr 0.030142605468260992 acc 92.19% eta 0:20:34
2023-04-04 16:25:59,055 - __main__ - INFO - [INFO] 2023-04-04 16:25:59.055246 Epoch [64/100] batch [257/391] loss 0.3208 lr 0.030142605468260992 acc 92.19% eta 0:20:29
2023-04-04 16:26:11,626 - __main__ - INFO - [INFO] 2023-04-04 16:26:11.626285 Epoch [64/100] batch [385/391] loss 0.3735 lr 0.030142605468260992 acc 89.06% eta 0:20:16
2023-04-04 16:26:12,159 - __main__ - INFO - Computing epoch 64 validation accuracy...
2023-04-04 16:26:15,584 - __main__ - INFO - Computing epoch 64 validation loss...
2023-04-04 16:26:19,250 - __main__ - INFO - [INFO] 2023-04-04 16:26:19.250028 Epoch [65/100] batch [1/391] loss 0.2260 lr 0.028711035421746394 acc 90.62% eta 0:22:10
2023-04-04 16:26:32,378 - __main__ - INFO - [INFO] 2023-04-04 16:26:32.377812 Epoch [65/100] batch [129/391] loss 0.3206 lr 0.028711035421746394 acc 86.72% eta 0:20:35
2023-04-04 16:26:45,496 - __main__ - INFO - [INFO] 2023-04-04 16:26:45.496367 Epoch [65/100] batch [257/391] loss 0.2180 lr 0.028711035421746394 acc 93.75% eta 0:20:23
2023-04-04 16:26:58,433 - __main__ - INFO - [INFO] 2023-04-04 16:26:58.433409 Epoch [65/100] batch [385/391] loss 0.2749 lr 0.028711035421746394 acc 92.19% eta 0:20:06
2023-04-04 16:26:59,002 - __main__ - INFO - Computing epoch 65 validation accuracy...
2023-04-04 16:27:02,355 - __main__ - INFO - Computing epoch 65 validation loss...
2023-04-04 16:27:05,745 - __main__ - INFO - [INFO] 2023-04-04 16:27:05.745632 Epoch [66/100] batch [1/391] loss 0.3174 lr 0.027300475013022688 acc 90.62% eta 0:21:12
2023-04-04 16:27:18,793 - __main__ - INFO - [INFO] 2023-04-04 16:27:18.793405 Epoch [66/100] batch [129/391] loss 0.2081 lr 0.027300475013022688 acc 93.75% eta 0:19:52
2023-04-04 16:27:32,285 - __main__ - INFO - [INFO] 2023-04-04 16:27:32.285746 Epoch [66/100] batch [257/391] loss 0.3613 lr 0.027300475013022688 acc 95.31% eta 0:20:08
2023-04-04 16:27:45,326 - __main__ - INFO - [INFO] 2023-04-04 16:27:45.325935 Epoch [66/100] batch [385/391] loss 0.4602 lr 0.027300475013022688 acc 92.19% eta 0:19:50
2023-04-04 16:27:45,893 - __main__ - INFO - Computing epoch 66 validation accuracy...
2023-04-04 16:27:49,152 - __main__ - INFO - Computing epoch 66 validation loss...
2023-04-04 16:27:52,481 - __main__ - INFO - [INFO] 2023-04-04 16:27:52.481668 Epoch [67/100] batch [1/391] loss 0.3137 lr 0.025912316294914254 acc 93.75% eta 0:20:09
2023-04-04 16:28:05,223 - __main__ - INFO - [INFO] 2023-04-04 16:28:05.223631 Epoch [67/100] batch [129/391] loss 0.2678 lr 0.025912316294914254 acc 92.19% eta 0:19:07
2023-04-04 16:28:18,162 - __main__ - INFO - [INFO] 2023-04-04 16:28:18.161964 Epoch [67/100] batch [257/391] loss 0.3530 lr 0.025912316294914254 acc 86.72% eta 0:18:54
2023-04-04 16:28:31,231 - __main__ - INFO - [INFO] 2023-04-04 16:28:31.231307 Epoch [67/100] batch [385/391] loss 0.2542 lr 0.025912316294914254 acc 92.97% eta 0:18:49
2023-04-04 16:28:31,835 - __main__ - INFO - Computing epoch 67 validation accuracy...
2023-04-04 16:28:35,221 - __main__ - INFO - Computing epoch 67 validation loss...
2023-04-04 16:28:38,542 - __main__ - INFO - [INFO] 2023-04-04 16:28:38.541918 Epoch [68/100] batch [1/391] loss 0.2007 lr 0.02454792921248146 acc 94.53% eta 0:19:45
2023-04-04 16:28:51,480 - __main__ - INFO - [INFO] 2023-04-04 16:28:51.480340 Epoch [68/100] batch [129/391] loss 0.2263 lr 0.02454792921248146 acc 92.97% eta 0:18:28
2023-04-04 16:29:04,502 - __main__ - INFO - [INFO] 2023-04-04 16:29:04.501808 Epoch [68/100] batch [257/391] loss 0.2544 lr 0.02454792921248146 acc 92.97% eta 0:18:27
2023-04-04 16:29:17,441 - __main__ - INFO - [INFO] 2023-04-04 16:29:17.441293 Epoch [68/100] batch [385/391] loss 0.3391 lr 0.02454792921248146 acc 92.19% eta 0:18:18
2023-04-04 16:29:18,027 - __main__ - INFO - Computing epoch 68 validation accuracy...
2023-04-04 16:29:21,497 - __main__ - INFO - Computing epoch 68 validation loss...
2023-04-04 16:29:24,882 - __main__ - INFO - [INFO] 2023-04-04 16:29:24.882114 Epoch [69/100] batch [1/391] loss 0.2291 lr 0.02320866025105018 acc 94.53% eta 0:19:26
2023-04-04 16:29:37,739 - __main__ - INFO - [INFO] 2023-04-04 16:29:37.739689 Epoch [69/100] batch [129/391] loss 0.3376 lr 0.02320866025105018 acc 86.72% eta 0:18:33
2023-04-04 16:29:50,646 - __main__ - INFO - [INFO] 2023-04-04 16:29:50.646353 Epoch [69/100] batch [257/391] loss 0.2246 lr 0.02320866025105018 acc 92.97% eta 0:18:02
2023-04-04 16:30:03,466 - __main__ - INFO - [INFO] 2023-04-04 16:30:03.466249 Epoch [69/100] batch [385/391] loss 0.4114 lr 0.02320866025105018 acc 90.62% eta 0:17:43
2023-04-04 16:30:04,055 - __main__ - INFO - Computing epoch 69 validation accuracy...
2023-04-04 16:30:07,353 - __main__ - INFO - Computing epoch 69 validation loss...
2023-04-04 16:30:10,772 - __main__ - INFO - [INFO] 2023-04-04 16:30:10.772775 Epoch [70/100] batch [1/391] loss 0.2566 lr 0.021895831107393487 acc 90.62% eta 0:18:40
2023-04-04 16:30:23,723 - __main__ - INFO - [INFO] 2023-04-04 16:30:23.723079 Epoch [70/100] batch [129/391] loss 0.2588 lr 0.021895831107393487 acc 92.19% eta 0:17:35
2023-04-04 16:30:36,952 - __main__ - INFO - [INFO] 2023-04-04 16:30:36.952768 Epoch [70/100] batch [257/391] loss 0.2803 lr 0.021895831107393487 acc 91.41% eta 0:17:30
2023-04-04 16:30:50,031 - __main__ - INFO - [INFO] 2023-04-04 16:30:50.031447 Epoch [70/100] batch [385/391] loss 0.4944 lr 0.021895831107393487 acc 89.06% eta 0:17:22
2023-04-04 16:30:50,612 - __main__ - INFO - Computing epoch 70 validation accuracy...
2023-04-04 16:30:53,910 - __main__ - INFO - Computing epoch 70 validation loss...
2023-04-04 16:30:57,261 - __main__ - INFO - [INFO] 2023-04-04 16:30:57.261205 Epoch [71/100] batch [1/391] loss 0.3386 lr 0.02061073738537637 acc 89.06% eta 0:19:10
2023-04-04 16:31:10,213 - __main__ - INFO - [INFO] 2023-04-04 16:31:10.213573 Epoch [71/100] batch [129/391] loss 0.2452 lr 0.02061073738537637 acc 89.06% eta 0:17:06
2023-04-04 16:31:22,889 - __main__ - INFO - [INFO] 2023-04-04 16:31:22.889451 Epoch [71/100] batch [257/391] loss 0.2242 lr 0.02061073738537637 acc 94.53% eta 0:16:50
2023-04-04 16:31:35,826 - __main__ - INFO - [INFO] 2023-04-04 16:31:35.826395 Epoch [71/100] batch [385/391] loss 0.2284 lr 0.02061073738537637 acc 96.09% eta 0:16:35
2023-04-04 16:31:36,412 - __main__ - INFO - Computing epoch 71 validation accuracy...
2023-04-04 16:31:39,730 - __main__ - INFO - Computing epoch 71 validation loss...
2023-04-04 16:31:43,091 - __main__ - INFO - [INFO] 2023-04-04 16:31:43.091662 Epoch [72/100] batch [1/391] loss 0.2654 lr 0.01935464731735119 acc 92.97% eta 0:18:03
2023-04-04 16:31:56,042 - __main__ - INFO - [INFO] 2023-04-04 16:31:56.042343 Epoch [72/100] batch [129/391] loss 0.2913 lr 0.01935464731735119 acc 91.41% eta 0:16:21
2023-04-04 16:32:09,187 - __main__ - INFO - [INFO] 2023-04-04 16:32:09.187374 Epoch [72/100] batch [257/391] loss 0.2515 lr 0.01935464731735119 acc 92.19% eta 0:16:21
2023-04-04 16:32:22,038 - __main__ - INFO - [INFO] 2023-04-04 16:32:22.038344 Epoch [72/100] batch [385/391] loss 0.2512 lr 0.01935464731735119 acc 93.75% eta 0:16:04
2023-04-04 16:32:22,625 - __main__ - INFO - Computing epoch 72 validation accuracy...
2023-04-04 16:32:25,925 - __main__ - INFO - Computing epoch 72 validation loss...
2023-04-04 16:32:29,459 - __main__ - INFO - [INFO] 2023-04-04 16:32:29.459199 Epoch [73/100] batch [1/391] loss 0.2311 lr 0.018128800512565532 acc 93.75% eta 0:19:33
2023-04-04 16:32:42,264 - __main__ - INFO - [INFO] 2023-04-04 16:32:42.264143 Epoch [73/100] batch [129/391] loss 0.2014 lr 0.018128800512565532 acc 96.88% eta 0:15:29
2023-04-04 16:32:55,100 - __main__ - INFO - [INFO] 2023-04-04 16:32:55.100625 Epoch [73/100] batch [257/391] loss 0.1511 lr 0.018128800512565532 acc 94.53% eta 0:15:36
2023-04-04 16:33:08,169 - __main__ - INFO - [INFO] 2023-04-04 16:33:08.169188 Epoch [73/100] batch [385/391] loss 0.4265 lr 0.018128800512565532 acc 89.84% eta 0:15:28
2023-04-04 16:33:08,752 - __main__ - INFO - Computing epoch 73 validation accuracy...
2023-04-04 16:33:12,059 - __main__ - INFO - Computing epoch 73 validation loss...
2023-04-04 16:33:15,463 - __main__ - INFO - [INFO] 2023-04-04 16:33:15.463745 Epoch [74/100] batch [1/391] loss 0.2041 lr 0.016934406733817433 acc 96.09% eta 0:17:06
2023-04-04 16:33:28,283 - __main__ - INFO - [INFO] 2023-04-04 16:33:28.283088 Epoch [74/100] batch [129/391] loss 0.2347 lr 0.016934406733817433 acc 92.97% eta 0:14:57
2023-04-04 16:33:41,385 - __main__ - INFO - [INFO] 2023-04-04 16:33:41.385572 Epoch [74/100] batch [257/391] loss 0.3564 lr 0.016934406733817433 acc 92.19% eta 0:14:54
2023-04-04 16:33:54,449 - __main__ - INFO - [INFO] 2023-04-04 16:33:54.448810 Epoch [74/100] batch [385/391] loss 0.2457 lr 0.016934406733817433 acc 93.75% eta 0:14:47
2023-04-04 16:33:55,020 - __main__ - INFO - Computing epoch 74 validation accuracy...
2023-04-04 16:33:58,351 - __main__ - INFO - Computing epoch 74 validation loss...
2023-04-04 16:34:01,647 - __main__ - INFO - [INFO] 2023-04-04 16:34:01.646929 Epoch [75/100] batch [1/391] loss 0.1313 lr 0.01577264470356558 acc 92.19% eta 0:15:53
2023-04-04 16:34:14,544 - __main__ - INFO - [INFO] 2023-04-04 16:34:14.544241 Epoch [75/100] batch [129/391] loss 0.1635 lr 0.01577264470356558 acc 96.09% eta 0:14:33
2023-04-04 16:34:27,553 - __main__ - INFO - [INFO] 2023-04-04 16:34:27.553780 Epoch [75/100] batch [257/391] loss 0.1844 lr 0.01577264470356558 acc 93.75% eta 0:14:32
2023-04-04 16:34:40,031 - __main__ - INFO - [INFO] 2023-04-04 16:34:40.030992 Epoch [75/100] batch [385/391] loss 0.2246 lr 0.01577264470356558 acc 95.31% eta 0:14:17
2023-04-04 16:34:40,607 - __main__ - INFO - Computing epoch 75 validation accuracy...
2023-04-04 16:34:43,884 - __main__ - INFO - Computing epoch 75 validation loss...
2023-04-04 16:34:47,311 - __main__ - INFO - [INFO] 2023-04-04 16:34:47.311280 Epoch [76/100] batch [1/391] loss 0.1633 lr 0.014644660940672643 acc 92.19% eta 0:16:21
2023-04-04 16:35:00,345 - __main__ - INFO - [INFO] 2023-04-04 16:35:00.345695 Epoch [76/100] batch [129/391] loss 0.1312 lr 0.014644660940672643 acc 96.09% eta 0:14:20
2023-04-04 16:35:13,098 - __main__ - INFO - [INFO] 2023-04-04 16:35:13.098542 Epoch [76/100] batch [257/391] loss 0.3245 lr 0.014644660940672643 acc 92.97% eta 0:13:54
2023-04-04 16:35:26,135 - __main__ - INFO - [INFO] 2023-04-04 16:35:26.135796 Epoch [76/100] batch [385/391] loss 0.2240 lr 0.014644660940672643 acc 93.75% eta 0:13:45
2023-04-04 16:35:26,714 - __main__ - INFO - Computing epoch 76 validation accuracy...
2023-04-04 16:35:30,005 - __main__ - INFO - Computing epoch 76 validation loss...
2023-04-04 16:35:33,568 - __main__ - INFO - [INFO] 2023-04-04 16:35:33.568068 Epoch [77/100] batch [1/391] loss 0.1577 lr 0.013551568628929448 acc 96.09% eta 0:16:58
2023-04-04 16:35:46,573 - __main__ - INFO - [INFO] 2023-04-04 16:35:46.573320 Epoch [77/100] batch [129/391] loss 0.2279 lr 0.013551568628929448 acc 95.31% eta 0:13:29
2023-04-04 16:35:59,508 - __main__ - INFO - [INFO] 2023-04-04 16:35:59.508271 Epoch [77/100] batch [257/391] loss 0.2947 lr 0.013551568628929448 acc 95.31% eta 0:13:17
2023-04-04 16:36:12,519 - __main__ - INFO - [INFO] 2023-04-04 16:36:12.519767 Epoch [77/100] batch [385/391] loss 0.1299 lr 0.013551568628929448 acc 96.88% eta 0:13:14
2023-04-04 16:36:13,138 - __main__ - INFO - Computing epoch 77 validation accuracy...
2023-04-04 16:36:16,624 - __main__ - INFO - Computing epoch 77 validation loss...
2023-04-04 16:36:20,110 - __main__ - INFO - [INFO] 2023-04-04 16:36:20.109988 Epoch [78/100] batch [1/391] loss 0.1758 lr 0.012494446518477033 acc 94.53% eta 0:14:27
2023-04-04 16:36:33,100 - __main__ - INFO - [INFO] 2023-04-04 16:36:33.100137 Epoch [78/100] batch [129/391] loss 0.2175 lr 0.012494446518477033 acc 95.31% eta 0:12:52
2023-04-04 16:36:46,017 - __main__ - INFO - [INFO] 2023-04-04 16:36:46.017223 Epoch [78/100] batch [257/391] loss 0.2505 lr 0.012494446518477033 acc 95.31% eta 0:12:41
2023-04-04 16:36:58,758 - __main__ - INFO - [INFO] 2023-04-04 16:36:58.758041 Epoch [78/100] batch [385/391] loss 0.2954 lr 0.012494446518477033 acc 96.88% eta 0:12:27
2023-04-04 16:36:59,329 - __main__ - INFO - Computing epoch 78 validation accuracy...
2023-04-04 16:37:02,564 - __main__ - INFO - Computing epoch 78 validation loss...
2023-04-04 16:37:05,941 - __main__ - INFO - [INFO] 2023-04-04 16:37:05.941386 Epoch [79/100] batch [1/391] loss 0.1519 lr 0.011474337861210555 acc 96.88% eta 0:13:05
2023-04-04 16:37:19,042 - __main__ - INFO - [INFO] 2023-04-04 16:37:19.042775 Epoch [79/100] batch [129/391] loss 0.1445 lr 0.011474337861210555 acc 96.88% eta 0:12:35
2023-04-04 16:37:31,945 - __main__ - INFO - [INFO] 2023-04-04 16:37:31.944878 Epoch [79/100] batch [257/391] loss 0.1372 lr 0.011474337861210555 acc 96.88% eta 0:12:12
2023-04-04 16:37:45,169 - __main__ - INFO - [INFO] 2023-04-04 16:37:45.169381 Epoch [79/100] batch [385/391] loss 0.1084 lr 0.011474337861210555 acc 96.09% eta 0:12:07
2023-04-04 16:37:45,787 - __main__ - INFO - Computing epoch 79 validation accuracy...
2023-04-04 16:37:49,162 - __main__ - INFO - Computing epoch 79 validation loss...
2023-04-04 16:37:52,555 - __main__ - INFO - [INFO] 2023-04-04 16:37:52.554876 Epoch [80/100] batch [1/391] loss 0.1107 lr 0.01049224938121549 acc 97.66% eta 0:12:49
2023-04-04 16:38:05,320 - __main__ - INFO - [INFO] 2023-04-04 16:38:05.320138 Epoch [80/100] batch [129/391] loss 0.1216 lr 0.01049224938121549 acc 96.88% eta 0:11:45
2023-04-04 16:38:18,255 - __main__ - INFO - [INFO] 2023-04-04 16:38:18.254958 Epoch [80/100] batch [257/391] loss 0.1118 lr 0.01049224938121549 acc 98.44% eta 0:11:33
2023-04-04 16:38:31,197 - __main__ - INFO - [INFO] 2023-04-04 16:38:31.197114 Epoch [80/100] batch [385/391] loss 0.1478 lr 0.01049224938121549 acc 95.31% eta 0:11:22
2023-04-04 16:38:31,737 - __main__ - INFO - Computing epoch 80 validation accuracy...
2023-04-04 16:38:34,977 - __main__ - INFO - Computing epoch 80 validation loss...
2023-04-04 16:38:38,541 - __main__ - INFO - [INFO] 2023-04-04 16:38:38.541721 Epoch [81/100] batch [1/391] loss 0.1163 lr 0.009549150281252642 acc 99.22% eta 0:12:42
2023-04-04 16:38:51,421 - __main__ - INFO - [INFO] 2023-04-04 16:38:51.420979 Epoch [81/100] batch [129/391] loss 0.1069 lr 0.009549150281252642 acc 99.22% eta 0:11:01
2023-04-04 16:39:04,187 - __main__ - INFO - [INFO] 2023-04-04 16:39:04.187047 Epoch [81/100] batch [257/391] loss 0.1718 lr 0.009549150281252642 acc 96.09% eta 0:10:50
2023-04-04 16:39:17,092 - __main__ - INFO - [INFO] 2023-04-04 16:39:17.092205 Epoch [81/100] batch [385/391] loss 0.1381 lr 0.009549150281252642 acc 97.66% eta 0:10:42
2023-04-04 16:39:17,675 - __main__ - INFO - Computing epoch 81 validation accuracy...
2023-04-04 16:39:21,145 - __main__ - INFO - Computing epoch 81 validation loss...
2023-04-04 16:39:24,503 - __main__ - INFO - [INFO] 2023-04-04 16:39:24.503634 Epoch [82/100] batch [1/391] loss 0.1981 lr 0.008645971286271922 acc 94.53% eta 0:11:36
2023-04-04 16:39:37,052 - __main__ - INFO - [INFO] 2023-04-04 16:39:37.052174 Epoch [82/100] batch [129/391] loss 0.2065 lr 0.008645971286271922 acc 93.75% eta 0:10:38
2023-04-04 16:39:49,829 - __main__ - INFO - [INFO] 2023-04-04 16:39:49.828972 Epoch [82/100] batch [257/391] loss 0.2092 lr 0.008645971286271922 acc 93.75% eta 0:10:25
2023-04-04 16:40:02,816 - __main__ - INFO - [INFO] 2023-04-04 16:40:02.816501 Epoch [82/100] batch [385/391] loss 0.1500 lr 0.008645971286271922 acc 96.88% eta 0:10:16
2023-04-04 16:40:03,399 - __main__ - INFO - Computing epoch 82 validation accuracy...
2023-04-04 16:40:06,812 - __main__ - INFO - Computing epoch 82 validation loss...
2023-04-04 16:40:10,207 - __main__ - INFO - [INFO] 2023-04-04 16:40:10.207262 Epoch [83/100] batch [1/391] loss 0.1083 lr 0.007783603724899264 acc 96.09% eta 0:10:53
2023-04-04 16:40:23,050 - __main__ - INFO - [INFO] 2023-04-04 16:40:23.050476 Epoch [83/100] batch [129/391] loss 0.0903 lr 0.007783603724899264 acc 99.22% eta 0:10:00
2023-04-04 16:40:36,046 - __main__ - INFO - [INFO] 2023-04-04 16:40:36.046183 Epoch [83/100] batch [257/391] loss 0.1155 lr 0.007783603724899264 acc 97.66% eta 0:09:52
2023-04-04 16:40:48,955 - __main__ - INFO - [INFO] 2023-04-04 16:40:48.954934 Epoch [83/100] batch [385/391] loss 0.0741 lr 0.007783603724899264 acc 97.66% eta 0:09:39
2023-04-04 16:40:49,553 - __main__ - INFO - Computing epoch 83 validation accuracy...
2023-04-04 16:40:52,805 - __main__ - INFO - Computing epoch 83 validation loss...
2023-04-04 16:40:56,144 - __main__ - INFO - [INFO] 2023-04-04 16:40:56.144010 Epoch [84/100] batch [1/391] loss 0.0889 lr 0.006962898649802819 acc 97.66% eta 0:12:08
2023-04-04 16:41:09,348 - __main__ - INFO - [INFO] 2023-04-04 16:41:09.348678 Epoch [84/100] batch [129/391] loss 0.1254 lr 0.006962898649802819 acc 97.66% eta 0:09:41
2023-04-04 16:41:21,873 - __main__ - INFO - [INFO] 2023-04-04 16:41:21.873682 Epoch [84/100] batch [257/391] loss 0.1030 lr 0.006962898649802819 acc 99.22% eta 0:09:23
2023-04-04 16:41:34,715 - __main__ - INFO - [INFO] 2023-04-04 16:41:34.715770 Epoch [84/100] batch [385/391] loss 0.1425 lr 0.006962898649802819 acc 97.66% eta 0:09:08
2023-04-04 16:41:35,302 - __main__ - INFO - Computing epoch 84 validation accuracy...
2023-04-04 16:41:38,645 - __main__ - INFO - Computing epoch 84 validation loss...
2023-04-04 16:41:41,990 - __main__ - INFO - [INFO] 2023-04-04 16:41:41.990646 Epoch [85/100] batch [1/391] loss 0.1271 lr 0.0061846659978068265 acc 96.88% eta 0:09:37
2023-04-04 16:41:54,934 - __main__ - INFO - [INFO] 2023-04-04 16:41:54.934329 Epoch [85/100] batch [129/391] loss 0.0935 lr 0.0061846659978068265 acc 99.22% eta 0:08:56
2023-04-04 16:42:08,042 - __main__ - INFO - [INFO] 2023-04-04 16:42:08.042232 Epoch [85/100] batch [257/391] loss 0.0909 lr 0.0061846659978068265 acc 99.22% eta 0:08:47
2023-04-04 16:42:20,888 - __main__ - INFO - [INFO] 2023-04-04 16:42:20.888075 Epoch [85/100] batch [385/391] loss 0.0596 lr 0.0061846659978068265 acc 99.22% eta 0:08:33
2023-04-04 16:42:21,441 - __main__ - INFO - Computing epoch 85 validation accuracy...
2023-04-04 16:42:24,720 - __main__ - INFO - Computing epoch 85 validation loss...
2023-04-04 16:42:28,087 - __main__ - INFO - [INFO] 2023-04-04 16:42:28.087203 Epoch [86/100] batch [1/391] loss 0.0582 lr 0.005449673790581615 acc 100.00% eta 0:08:40
2023-04-04 16:42:40,849 - __main__ - INFO - [INFO] 2023-04-04 16:42:40.849124 Epoch [86/100] batch [129/391] loss 0.0403 lr 0.005449673790581615 acc 99.22% eta 0:08:13
2023-04-04 16:42:53,606 - __main__ - INFO - [INFO] 2023-04-04 16:42:53.606581 Epoch [86/100] batch [257/391] loss 0.0646 lr 0.005449673790581615 acc 98.44% eta 0:08:05
2023-04-04 16:43:06,341 - __main__ - INFO - [INFO] 2023-04-04 16:43:06.341204 Epoch [86/100] batch [385/391] loss 0.1066 lr 0.005449673790581615 acc 98.44% eta 0:07:56
2023-04-04 16:43:06,887 - __main__ - INFO - Computing epoch 86 validation accuracy...
2023-04-04 16:43:10,140 - __main__ - INFO - Computing epoch 86 validation loss...
2023-04-04 16:43:13,623 - __main__ - INFO - [INFO] 2023-04-04 16:43:13.623391 Epoch [87/100] batch [1/391] loss 0.0928 lr 0.004758647376699036 acc 96.88% eta 0:08:43
2023-04-04 16:43:26,622 - __main__ - INFO - [INFO] 2023-04-04 16:43:26.622194 Epoch [87/100] batch [129/391] loss 0.0651 lr 0.004758647376699036 acc 98.44% eta 0:07:52
2023-04-04 16:43:39,549 - __main__ - INFO - [INFO] 2023-04-04 16:43:39.549377 Epoch [87/100] batch [257/391] loss 0.0318 lr 0.004758647376699036 acc 100.00% eta 0:07:38
2023-04-04 16:43:52,403 - __main__ - INFO - [INFO] 2023-04-04 16:43:52.403443 Epoch [87/100] batch [385/391] loss 0.1235 lr 0.004758647376699036 acc 99.22% eta 0:07:25
2023-04-04 16:43:52,962 - __main__ - INFO - Computing epoch 87 validation accuracy...
2023-04-04 16:43:56,172 - __main__ - INFO - Computing epoch 87 validation loss...
2023-04-04 16:43:59,584 - __main__ - INFO - [INFO] 2023-04-04 16:43:59.584332 Epoch [88/100] batch [1/391] loss 0.0593 lr 0.004112268715800957 acc 99.22% eta 0:08:04
2023-04-04 16:44:12,635 - __main__ - INFO - [INFO] 2023-04-04 16:44:12.635187 Epoch [88/100] batch [129/391] loss 0.1168 lr 0.004112268715800957 acc 97.66% eta 0:07:18
2023-04-04 16:44:25,756 - __main__ - INFO - [INFO] 2023-04-04 16:44:25.756179 Epoch [88/100] batch [257/391] loss 0.0423 lr 0.004112268715800957 acc 100.00% eta 0:07:10
2023-04-04 16:44:38,655 - __main__ - INFO - [INFO] 2023-04-04 16:44:38.655174 Epoch [88/100] batch [385/391] loss 0.0739 lr 0.004112268715800957 acc 97.66% eta 0:06:59
2023-04-04 16:44:39,197 - __main__ - INFO - Computing epoch 88 validation accuracy...
2023-04-04 16:44:42,405 - __main__ - INFO - Computing epoch 88 validation loss...
2023-04-04 16:44:45,774 - __main__ - INFO - [INFO] 2023-04-04 16:44:45.774406 Epoch [89/100] batch [1/391] loss 0.0738 lr 0.003511175705587435 acc 97.66% eta 0:07:08
2023-04-04 16:44:58,830 - __main__ - INFO - [INFO] 2023-04-04 16:44:58.829956 Epoch [89/100] batch [129/391] loss 0.0253 lr 0.003511175705587435 acc 100.00% eta 0:06:44
2023-04-04 16:45:12,007 - __main__ - INFO - [INFO] 2023-04-04 16:45:12.007030 Epoch [89/100] batch [257/391] loss 0.0314 lr 0.003511175705587435 acc 98.44% eta 0:06:35
2023-04-04 16:45:25,076 - __main__ - INFO - [INFO] 2023-04-04 16:45:25.075908 Epoch [89/100] batch [385/391] loss 0.0413 lr 0.003511175705587435 acc 100.00% eta 0:06:24
2023-04-04 16:45:25,683 - __main__ - INFO - Computing epoch 89 validation accuracy...
2023-04-04 16:45:29,001 - __main__ - INFO - Computing epoch 89 validation loss...
2023-04-04 16:45:32,366 - __main__ - INFO - [INFO] 2023-04-04 16:45:32.365691 Epoch [90/100] batch [1/391] loss 0.0180 lr 0.0029559615522887295 acc 100.00% eta 0:06:38
2023-04-04 16:45:45,745 - __main__ - INFO - [INFO] 2023-04-04 16:45:45.745351 Epoch [90/100] batch [129/391] loss 0.0412 lr 0.0029559615522887295 acc 100.00% eta 0:06:21
2023-04-04 16:45:58,849 - __main__ - INFO - [INFO] 2023-04-04 16:45:58.848955 Epoch [90/100] batch [257/391] loss 0.0521 lr 0.0029559615522887295 acc 98.44% eta 0:06:06
2023-04-04 16:46:11,761 - __main__ - INFO - [INFO] 2023-04-04 16:46:11.761452 Epoch [90/100] batch [385/391] loss 0.0255 lr 0.0029559615522887295 acc 100.00% eta 0:05:52
2023-04-04 16:46:12,375 - __main__ - INFO - Computing epoch 90 validation accuracy...
2023-04-04 16:46:15,694 - __main__ - INFO - Computing epoch 90 validation loss...
2023-04-04 16:46:19,133 - __main__ - INFO - [INFO] 2023-04-04 16:46:19.133135 Epoch [91/100] batch [1/391] loss 0.0571 lr 0.0024471741852423253 acc 99.22% eta 0:06:27
2023-04-04 16:46:32,375 - __main__ - INFO - [INFO] 2023-04-04 16:46:32.374904 Epoch [91/100] batch [129/391] loss 0.0186 lr 0.0024471741852423253 acc 100.00% eta 0:05:44
2023-04-04 16:46:45,168 - __main__ - INFO - [INFO] 2023-04-04 16:46:45.168545 Epoch [91/100] batch [257/391] loss 0.0438 lr 0.0024471741852423253 acc 99.22% eta 0:05:25
2023-04-04 16:46:58,456 - __main__ - INFO - [INFO] 2023-04-04 16:46:58.456579 Epoch [91/100] batch [385/391] loss 0.0804 lr 0.0024471741852423253 acc 98.44% eta 0:05:15
2023-04-04 16:46:59,065 - __main__ - INFO - Computing epoch 91 validation accuracy...
2023-04-04 16:47:02,463 - __main__ - INFO - Computing epoch 91 validation loss...
2023-04-04 16:47:06,049 - __main__ - INFO - [INFO] 2023-04-04 16:47:06.048994 Epoch [92/100] batch [1/391] loss 0.1040 lr 0.0019853157161528537 acc 98.44% eta 0:05:32
2023-04-04 16:47:18,993 - __main__ - INFO - [INFO] 2023-04-04 16:47:18.993390 Epoch [92/100] batch [129/391] loss 0.0177 lr 0.0019853157161528537 acc 100.00% eta 0:04:57
2023-04-04 16:47:32,334 - __main__ - INFO - [INFO] 2023-04-04 16:47:32.334340 Epoch [92/100] batch [257/391] loss 0.0258 lr 0.0019853157161528537 acc 99.22% eta 0:04:52
2023-04-04 16:47:45,292 - __main__ - INFO - [INFO] 2023-04-04 16:47:45.291923 Epoch [92/100] batch [385/391] loss 0.0140 lr 0.0019853157161528537 acc 99.22% eta 0:04:38
2023-04-04 16:47:45,870 - __main__ - INFO - Computing epoch 92 validation accuracy...
2023-04-04 16:47:49,144 - __main__ - INFO - Computing epoch 92 validation loss...
2023-04-04 16:47:52,544 - __main__ - INFO - [INFO] 2023-04-04 16:47:52.544063 Epoch [93/100] batch [1/391] loss 0.0334 lr 0.0015708419435684529 acc 100.00% eta 0:04:56
2023-04-04 16:48:05,348 - __main__ - INFO - [INFO] 2023-04-04 16:48:05.348711 Epoch [93/100] batch [129/391] loss 0.0425 lr 0.0015708419435684529 acc 100.00% eta 0:04:27
2023-04-04 16:48:18,636 - __main__ - INFO - [INFO] 2023-04-04 16:48:18.636620 Epoch [93/100] batch [257/391] loss 0.0293 lr 0.0015708419435684529 acc 97.66% eta 0:04:17
2023-04-04 16:48:31,467 - __main__ - INFO - [INFO] 2023-04-04 16:48:31.466974 Epoch [93/100] batch [385/391] loss 0.0080 lr 0.0015708419435684529 acc 100.00% eta 0:04:03
2023-04-04 16:48:32,057 - __main__ - INFO - Computing epoch 93 validation accuracy...
2023-04-04 16:48:35,506 - __main__ - INFO - Computing epoch 93 validation loss...
2023-04-04 16:48:38,969 - __main__ - INFO - [INFO] 2023-04-04 16:48:38.968883 Epoch [94/100] batch [1/391] loss 0.0402 lr 0.0012041619030626347 acc 99.22% eta 0:04:53
2023-04-04 16:48:51,925 - __main__ - INFO - [INFO] 2023-04-04 16:48:51.925714 Epoch [94/100] batch [129/391] loss 0.0328 lr 0.0012041619030626347 acc 99.22% eta 0:03:51
2023-04-04 16:49:04,846 - __main__ - INFO - [INFO] 2023-04-04 16:49:04.846245 Epoch [94/100] batch [257/391] loss 0.0142 lr 0.0012041619030626347 acc 100.00% eta 0:03:38
2023-04-04 16:49:17,669 - __main__ - INFO - [INFO] 2023-04-04 16:49:17.668889 Epoch [94/100] batch [385/391] loss 0.0524 lr 0.0012041619030626347 acc 99.22% eta 0:03:26
2023-04-04 16:49:18,236 - __main__ - INFO - Computing epoch 94 validation accuracy...
2023-04-04 16:49:21,498 - __main__ - INFO - Computing epoch 94 validation loss...
2023-04-04 16:49:24,860 - __main__ - INFO - [INFO] 2023-04-04 16:49:24.860208 Epoch [95/100] batch [1/391] loss 0.0539 lr 0.0008856374635655646 acc 99.22% eta 0:04:14
2023-04-04 16:49:37,866 - __main__ - INFO - [INFO] 2023-04-04 16:49:37.866019 Epoch [95/100] batch [129/391] loss 0.0403 lr 0.0008856374635655646 acc 98.44% eta 0:03:20
2023-04-04 16:49:50,751 - __main__ - INFO - [INFO] 2023-04-04 16:49:50.750849 Epoch [95/100] batch [257/391] loss 0.0121 lr 0.0008856374635655646 acc 100.00% eta 0:03:07
2023-04-04 16:50:03,758 - __main__ - INFO - [INFO] 2023-04-04 16:50:03.758625 Epoch [95/100] batch [385/391] loss 0.0294 lr 0.0008856374635655646 acc 99.22% eta 0:02:55
2023-04-04 16:50:04,356 - __main__ - INFO - Computing epoch 95 validation accuracy...
2023-04-04 16:50:07,599 - __main__ - INFO - Computing epoch 95 validation loss...
2023-04-04 16:50:10,974 - __main__ - INFO - [INFO] 2023-04-04 16:50:10.974691 Epoch [96/100] batch [1/391] loss 0.0211 lr 0.0006155829702431174 acc 99.22% eta 0:02:53
2023-04-04 16:50:24,202 - __main__ - INFO - [INFO] 2023-04-04 16:50:24.202192 Epoch [96/100] batch [129/391] loss 0.0318 lr 0.0006155829702431174 acc 98.44% eta 0:02:44
2023-04-04 16:50:36,952 - __main__ - INFO - [INFO] 2023-04-04 16:50:36.952476 Epoch [96/100] batch [257/391] loss 0.0862 lr 0.0006155829702431174 acc 97.66% eta 0:02:29
2023-04-04 16:50:49,842 - __main__ - INFO - [INFO] 2023-04-04 16:50:49.842164 Epoch [96/100] batch [385/391] loss 0.0375 lr 0.0006155829702431174 acc 98.44% eta 0:02:17
2023-04-04 16:50:50,440 - __main__ - INFO - Computing epoch 96 validation accuracy...
2023-04-04 16:50:53,729 - __main__ - INFO - Computing epoch 96 validation loss...
2023-04-04 16:50:57,090 - __main__ - INFO - [INFO] 2023-04-04 16:50:57.090151 Epoch [97/100] batch [1/391] loss 0.0085 lr 0.00039426493427611206 acc 100.00% eta 0:02:29
2023-04-04 16:51:09,933 - __main__ - INFO - [INFO] 2023-04-04 16:51:09.933632 Epoch [97/100] batch [129/391] loss 0.0392 lr 0.00039426493427611206 acc 99.22% eta 0:02:05
2023-04-04 16:51:22,453 - __main__ - INFO - [INFO] 2023-04-04 16:51:22.452967 Epoch [97/100] batch [257/391] loss 0.0175 lr 0.00039426493427611206 acc 100.00% eta 0:01:54
2023-04-04 16:51:35,523 - __main__ - INFO - [INFO] 2023-04-04 16:51:35.523464 Epoch [97/100] batch [385/391] loss 0.0623 lr 0.00039426493427611206 acc 99.22% eta 0:01:43
2023-04-04 16:51:36,094 - __main__ - INFO - Computing epoch 97 validation accuracy...
2023-04-04 16:51:39,459 - __main__ - INFO - Computing epoch 97 validation loss...
2023-04-04 16:51:42,921 - __main__ - INFO - [INFO] 2023-04-04 16:51:42.921055 Epoch [98/100] batch [1/391] loss 0.0249 lr 0.00022190176984600036 acc 99.22% eta 0:02:43
2023-04-04 16:51:55,853 - __main__ - INFO - [INFO] 2023-04-04 16:51:55.852867 Epoch [98/100] batch [129/391] loss 0.0280 lr 0.00022190176984600036 acc 100.00% eta 0:01:31
2023-04-04 16:52:09,045 - __main__ - INFO - [INFO] 2023-04-04 16:52:09.045281 Epoch [98/100] batch [257/391] loss 0.0298 lr 0.00022190176984600036 acc 99.22% eta 0:01:20
2023-04-04 16:52:21,775 - __main__ - INFO - [INFO] 2023-04-04 16:52:21.775555 Epoch [98/100] batch [385/391] loss 0.0631 lr 0.00022190176984600036 acc 97.66% eta 0:01:09
2023-04-04 16:52:22,352 - __main__ - INFO - Computing epoch 98 validation accuracy...
2023-04-04 16:52:25,694 - __main__ - INFO - Computing epoch 98 validation loss...
2023-04-04 16:52:29,204 - __main__ - INFO - [INFO] 2023-04-04 16:52:29.204664 Epoch [99/100] batch [1/391] loss 0.0338 lr 9.866357858642213e-05 acc 98.44% eta 0:01:14
2023-04-04 16:52:42,087 - __main__ - INFO - [INFO] 2023-04-04 16:52:42.086960 Epoch [99/100] batch [129/391] loss 0.0781 lr 9.866357858642213e-05 acc 98.44% eta 0:00:56
2023-04-04 16:52:54,762 - __main__ - INFO - [INFO] 2023-04-04 16:52:54.762469 Epoch [99/100] batch [257/391] loss 0.0088 lr 9.866357858642213e-05 acc 99.22% eta 0:00:45
2023-04-04 16:53:07,331 - __main__ - INFO - [INFO] 2023-04-04 16:53:07.331317 Epoch [99/100] batch [385/391] loss 0.1028 lr 9.866357858642213e-05 acc 97.66% eta 0:00:34
2023-04-04 16:53:07,958 - __main__ - INFO - Computing epoch 99 validation accuracy...
2023-04-04 16:53:11,223 - __main__ - INFO - Computing epoch 99 validation loss...
2023-04-04 16:53:14,631 - __main__ - INFO - [INFO] 2023-04-04 16:53:14.631743 Epoch [100/100] batch [1/391] loss 0.0303 lr 2.4671981713420017e-05 acc 100.00% eta 0:00:37
2023-04-04 16:53:27,492 - __main__ - INFO - [INFO] 2023-04-04 16:53:27.492037 Epoch [100/100] batch [129/391] loss 0.0415 lr 2.4671981713420017e-05 acc 99.22% eta 0:00:22
2023-04-04 16:53:40,300 - __main__ - INFO - [INFO] 2023-04-04 16:53:40.300289 Epoch [100/100] batch [257/391] loss 0.0243 lr 2.4671981713420017e-05 acc 99.22% eta 0:00:11
2023-04-04 16:53:53,077 - __main__ - INFO - [INFO] 2023-04-04 16:53:53.076892 Epoch [100/100] batch [385/391] loss 0.0231 lr 2.4671981713420017e-05 acc 100.00% eta 0:00:00
2023-04-04 16:53:53,705 - __main__ - INFO - Computing epoch 100 validation accuracy...
2023-04-04 16:53:57,076 - __main__ - INFO - Computing epoch 100 validation loss...
2023-04-04 16:54:00,558 - __main__ - INFO - Reading testing data set cifar10
2023-04-04 16:54:01,309 - __main__ - INFO - Loading trained model...
2023-04-04 16:54:05,170 - __main__ - INFO - Testing acc : 93.55%.
