2023-04-06 19:08:38,231 - __main__ - INFO - 

2023-04-06 19:08:38,231 - __main__ - INFO - ***************
2023-04-06 19:08:38,231 - __main__ - INFO - ** Arguments **
2023-04-06 19:08:38,231 - __main__ - INFO - ***************
2023-04-06 19:08:38,231 - __main__ - INFO - backbone: resnet110
2023-04-06 19:08:38,231 - __main__ - INFO - dataname: cifar10
2023-04-06 19:08:38,231 - __main__ - INFO - drop_method: d
2023-04-06 19:08:38,231 - __main__ - INFO - drop_rate: 0.3
2023-04-06 19:08:38,231 - __main__ - INFO - eval_only: 0
2023-04-06 19:08:38,231 - __main__ - INFO - output_path: checkpoints/cifar10/resnet110/drop_d/rate_0.3/seed1
2023-04-06 19:08:38,231 - __main__ - INFO - part_rate: 0.1
2023-04-06 19:08:38,231 - __main__ - INFO - seed: 1
2023-04-06 19:08:38,231 - __main__ - INFO - weight_decay: 0.0005
2023-04-06 19:08:38,231 - __main__ - INFO - ************
2023-04-06 19:08:38,232 - __main__ - INFO - ** Config **
2023-04-06 19:08:38,232 - __main__ - INFO - ************
2023-04-06 19:08:38,232 - __main__ - INFO - {'DATALOADER': {'PATH': './data', 'DATANAME': 'cifar10', 'BATCH_SIZE': 128, 'NUM_CLASSES': 10}, 'INPUT': {'SIZE': [32, 32], 'PIXEL_MEAN': [0.4914, 0.4822, 0.4465], 'PIXEL_STD': [0.2023, 0.1994, 0.201]}, 'OUTPUT': {'DIR': 'checkpoints/cifar10/resnet110/drop_d/rate_0.3/seed1'}, 'SEED': 1, 'OPTIM': {'LR': 0.1, 'MAX_EPOCH': 100, 'LR_SCHEDULER': 'step', 'LR_MILESTONES': [20, 40, 80, 120, 140], 'LR_DECAY': 0.2, 'PART_RATE': 0.1, 'WEIGHT_DECAY': 0.0005, 'DROP_RATE': 0.3, 'DROP_METHOD': 'd', 'BLOCK_SIZE': 7}, 'MODEL': {'BACKBONE': 'resnet110'}}
2023-04-06 19:08:38,251 - __main__ - INFO - Reading training data set cifar10
2023-04-06 19:08:39,982 - __main__ - INFO - Loading raw model
2023-04-06 19:08:43,534 - __main__ - INFO - 
Saving everything to checkpoints/cifar10/resnet110/drop_d/rate_0.3/seed1
2023-04-06 19:08:43,534 - __main__ - INFO - Start training...
2023-04-06 19:08:48,825 - __main__ - INFO - [INFO] 2023-04-06 19:08:48.824926 Epoch [1/100] batch [1/391] loss 10.2969 lr 0.1 acc 8.59% eta 2 days, 9:05:49
2023-04-06 19:09:14,925 - __main__ - INFO - [INFO] 2023-04-06 19:09:14.924831 Epoch [1/100] batch [129/391] loss 2.3066 lr 0.1 acc 8.59% eta 2:18:04
2023-04-06 19:09:41,342 - __main__ - INFO - [INFO] 2023-04-06 19:09:41.342700 Epoch [1/100] batch [257/391] loss 2.3145 lr 0.1 acc 7.03% eta 2:05:38
2023-04-06 19:10:08,036 - __main__ - INFO - [INFO] 2023-04-06 19:10:08.036645 Epoch [1/100] batch [385/391] loss 2.3027 lr 0.1 acc 8.59% eta 2:01:32
2023-04-06 19:10:09,277 - __main__ - INFO - Computing epoch 1 validation accuracy...
2023-04-06 19:10:14,451 - __main__ - INFO - Computing epoch 1 validation loss...
2023-04-06 19:10:20,362 - __main__ - INFO - [INFO] 2023-04-06 19:10:20.362723 Epoch [2/100] batch [1/391] loss 2.2910 lr 0.09997532801828658 acc 14.84% eta 2:16:39
2023-04-06 19:10:46,703 - __main__ - INFO - [INFO] 2023-04-06 19:10:46.703086 Epoch [2/100] batch [129/391] loss 2.2949 lr 0.09997532801828658 acc 13.28% eta 1:52:28
2023-04-06 19:11:13,093 - __main__ - INFO - [INFO] 2023-04-06 19:11:13.092541 Epoch [2/100] batch [257/391] loss 2.3164 lr 0.09997532801828658 acc 4.69% eta 1:52:15
2023-04-06 19:11:39,687 - __main__ - INFO - [INFO] 2023-04-06 19:11:39.687121 Epoch [2/100] batch [385/391] loss 2.2891 lr 0.09997532801828658 acc 14.06% eta 1:52:10
2023-04-06 19:11:40,896 - __main__ - INFO - Computing epoch 2 validation accuracy...
2023-04-06 19:11:46,083 - __main__ - INFO - Computing epoch 2 validation loss...
2023-04-06 19:11:51,619 - __main__ - INFO - [INFO] 2023-04-06 19:11:51.619608 Epoch [3/100] batch [1/391] loss 2.2910 lr 0.09990133642141358 acc 14.06% eta 1:59:03
2023-04-06 19:12:18,538 - __main__ - INFO - [INFO] 2023-04-06 19:12:18.537958 Epoch [3/100] batch [129/391] loss 2.2734 lr 0.09990133642141358 acc 10.16% eta 1:53:40
2023-04-06 19:12:45,511 - __main__ - INFO - [INFO] 2023-04-06 19:12:45.510837 Epoch [3/100] batch [257/391] loss 1.9590 lr 0.09990133642141358 acc 24.22% eta 1:53:17
2023-04-06 19:13:11,764 - __main__ - INFO - [INFO] 2023-04-06 19:13:11.764250 Epoch [3/100] batch [385/391] loss 1.8936 lr 0.09990133642141358 acc 25.78% eta 1:52:00
2023-04-06 19:13:12,965 - __main__ - INFO - Computing epoch 3 validation accuracy...
2023-04-06 19:13:18,162 - __main__ - INFO - Computing epoch 3 validation loss...
2023-04-06 19:13:23,714 - __main__ - INFO - [INFO] 2023-04-06 19:13:23.714179 Epoch [4/100] batch [1/391] loss 1.7939 lr 0.099778098230154 acc 19.53% eta 2:01:28
2023-04-06 19:13:51,439 - __main__ - INFO - [INFO] 2023-04-06 19:13:51.439012 Epoch [4/100] batch [129/391] loss 1.7510 lr 0.099778098230154 acc 32.03% eta 1:55:51
2023-04-06 19:14:19,325 - __main__ - INFO - [INFO] 2023-04-06 19:14:19.325079 Epoch [4/100] batch [257/391] loss 1.7988 lr 0.099778098230154 acc 34.38% eta 1:55:40
2023-04-06 19:14:48,819 - __main__ - INFO - [INFO] 2023-04-06 19:14:48.819137 Epoch [4/100] batch [385/391] loss 1.6875 lr 0.099778098230154 acc 44.53% eta 1:57:27
2023-04-06 19:14:50,000 - __main__ - INFO - Computing epoch 4 validation accuracy...
2023-04-06 19:14:55,192 - __main__ - INFO - Computing epoch 4 validation loss...
2023-04-06 19:15:00,691 - __main__ - INFO - [INFO] 2023-04-06 19:15:00.691032 Epoch [5/100] batch [1/391] loss 1.7939 lr 0.0996057350657239 acc 39.84% eta 1:50:46
2023-04-06 19:15:27,257 - __main__ - INFO - [INFO] 2023-04-06 19:15:27.256857 Epoch [5/100] batch [129/391] loss 1.3828 lr 0.0996057350657239 acc 46.09% eta 1:49:59
2023-04-06 19:15:54,094 - __main__ - INFO - [INFO] 2023-04-06 19:15:54.093468 Epoch [5/100] batch [257/391] loss 1.4922 lr 0.0996057350657239 acc 31.25% eta 1:50:13
2023-04-06 19:16:20,256 - __main__ - INFO - [INFO] 2023-04-06 19:16:20.256144 Epoch [5/100] batch [385/391] loss 1.3799 lr 0.0996057350657239 acc 45.31% eta 1:49:04
2023-04-06 19:16:21,538 - __main__ - INFO - Computing epoch 5 validation accuracy...
2023-04-06 19:16:26,616 - __main__ - INFO - Computing epoch 5 validation loss...
2023-04-06 19:16:32,165 - __main__ - INFO - [INFO] 2023-04-06 19:16:32.165417 Epoch [6/100] batch [1/391] loss 1.4131 lr 0.09938441702975688 acc 45.31% eta 2:25:40
2023-04-06 19:16:58,356 - __main__ - INFO - [INFO] 2023-04-06 19:16:58.356249 Epoch [6/100] batch [129/391] loss 1.3809 lr 0.09938441702975688 acc 46.88% eta 1:47:27
2023-04-06 19:17:26,336 - __main__ - INFO - [INFO] 2023-04-06 19:17:26.336678 Epoch [6/100] batch [257/391] loss 1.1670 lr 0.09938441702975688 acc 58.59% eta 1:50:33
2023-04-06 19:17:53,630 - __main__ - INFO - [INFO] 2023-04-06 19:17:53.630391 Epoch [6/100] batch [385/391] loss 1.2178 lr 0.09938441702975688 acc 50.78% eta 1:50:28
2023-04-06 19:17:55,015 - __main__ - INFO - Computing epoch 6 validation accuracy...
2023-04-06 19:18:01,087 - __main__ - INFO - Computing epoch 6 validation loss...
2023-04-06 19:18:06,600 - __main__ - INFO - [INFO] 2023-04-06 19:18:06.599901 Epoch [7/100] batch [1/391] loss 1.0615 lr 0.09911436253643444 acc 55.47% eta 1:53:39
2023-04-06 19:18:33,396 - __main__ - INFO - [INFO] 2023-04-06 19:18:33.396140 Epoch [7/100] batch [129/391] loss 1.1094 lr 0.09911436253643444 acc 55.47% eta 1:48:21
2023-04-06 19:18:59,642 - __main__ - INFO - [INFO] 2023-04-06 19:18:59.641936 Epoch [7/100] batch [257/391] loss 1.1982 lr 0.09911436253643444 acc 58.59% eta 1:47:03
2023-04-06 19:19:25,848 - __main__ - INFO - [INFO] 2023-04-06 19:19:25.848528 Epoch [7/100] batch [385/391] loss 1.1670 lr 0.09911436253643444 acc 48.44% eta 1:46:11
2023-04-06 19:19:27,109 - __main__ - INFO - Computing epoch 7 validation accuracy...
2023-04-06 19:19:32,222 - __main__ - INFO - Computing epoch 7 validation loss...
2023-04-06 19:19:37,730 - __main__ - INFO - [INFO] 2023-04-06 19:19:37.730113 Epoch [8/100] batch [1/391] loss 1.0381 lr 0.09879583809693737 acc 57.81% eta 1:49:37
2023-04-06 19:20:04,557 - __main__ - INFO - [INFO] 2023-04-06 19:20:04.557092 Epoch [8/100] batch [129/391] loss 1.2363 lr 0.09879583809693737 acc 53.91% eta 1:47:13
2023-04-06 19:20:30,902 - __main__ - INFO - [INFO] 2023-04-06 19:20:30.902171 Epoch [8/100] batch [257/391] loss 1.1123 lr 0.09879583809693737 acc 54.69% eta 1:46:01
2023-04-06 19:20:57,115 - __main__ - INFO - [INFO] 2023-04-06 19:20:57.115386 Epoch [8/100] batch [385/391] loss 0.9834 lr 0.09879583809693737 acc 54.69% eta 1:45:09
2023-04-06 19:20:58,307 - __main__ - INFO - Computing epoch 8 validation accuracy...
2023-04-06 19:21:03,394 - __main__ - INFO - Computing epoch 8 validation loss...
2023-04-06 19:21:08,857 - __main__ - INFO - [INFO] 2023-04-06 19:21:08.857574 Epoch [9/100] batch [1/391] loss 1.0693 lr 0.09842915805643156 acc 58.59% eta 1:46:23
2023-04-06 19:21:35,563 - __main__ - INFO - [INFO] 2023-04-06 19:21:35.563031 Epoch [9/100] batch [129/391] loss 1.3057 lr 0.09842915805643156 acc 39.06% eta 1:45:36
2023-04-06 19:22:01,800 - __main__ - INFO - [INFO] 2023-04-06 19:22:01.800422 Epoch [9/100] batch [257/391] loss 0.9321 lr 0.09842915805643156 acc 67.19% eta 1:44:19
2023-04-06 19:22:28,109 - __main__ - INFO - [INFO] 2023-04-06 19:22:28.109377 Epoch [9/100] batch [385/391] loss 1.1387 lr 0.09842915805643156 acc 54.69% eta 1:43:44
2023-04-06 19:22:29,283 - __main__ - INFO - Computing epoch 9 validation accuracy...
2023-04-06 19:22:34,381 - __main__ - INFO - Computing epoch 9 validation loss...
2023-04-06 19:22:39,903 - __main__ - INFO - [INFO] 2023-04-06 19:22:39.902858 Epoch [10/100] batch [1/391] loss 0.8584 lr 0.09801468428384716 acc 60.94% eta 1:47:34
2023-04-06 19:23:05,968 - __main__ - INFO - [INFO] 2023-04-06 19:23:05.968725 Epoch [10/100] batch [129/391] loss 1.1680 lr 0.09801468428384716 acc 60.16% eta 1:42:13
2023-04-06 19:23:32,472 - __main__ - INFO - [INFO] 2023-04-06 19:23:32.472014 Epoch [10/100] batch [257/391] loss 0.8369 lr 0.09801468428384716 acc 67.97% eta 1:42:34
2023-04-06 19:23:58,912 - __main__ - INFO - [INFO] 2023-04-06 19:23:58.912619 Epoch [10/100] batch [385/391] loss 1.1455 lr 0.09801468428384716 acc 61.72% eta 1:42:26
2023-04-06 19:24:00,109 - __main__ - INFO - Computing epoch 10 validation accuracy...
2023-04-06 19:24:05,162 - __main__ - INFO - Computing epoch 10 validation loss...
2023-04-06 19:24:10,931 - __main__ - INFO - [INFO] 2023-04-06 19:24:10.931089 Epoch [11/100] batch [1/391] loss 0.8086 lr 0.09755282581475769 acc 60.16% eta 2:04:12
2023-04-06 19:24:37,152 - __main__ - INFO - [INFO] 2023-04-06 19:24:37.152042 Epoch [11/100] batch [129/391] loss 0.8232 lr 0.09755282581475769 acc 73.44% eta 1:41:44
2023-04-06 19:25:03,942 - __main__ - INFO - [INFO] 2023-04-06 19:25:03.942645 Epoch [11/100] batch [257/391] loss 0.7256 lr 0.09755282581475769 acc 69.53% eta 1:42:28
2023-04-06 19:25:30,110 - __main__ - INFO - [INFO] 2023-04-06 19:25:30.110361 Epoch [11/100] batch [385/391] loss 0.8262 lr 0.09755282581475769 acc 71.88% eta 1:41:36
2023-04-06 19:25:31,362 - __main__ - INFO - Computing epoch 11 validation accuracy...
2023-04-06 19:25:36,588 - __main__ - INFO - Computing epoch 11 validation loss...
2023-04-06 19:25:42,195 - __main__ - INFO - [INFO] 2023-04-06 19:25:42.195268 Epoch [12/100] batch [1/391] loss 0.8477 lr 0.09704403844771128 acc 69.53% eta 1:45:41
2023-04-06 19:26:08,880 - __main__ - INFO - [INFO] 2023-04-06 19:26:08.880359 Epoch [12/100] batch [129/391] loss 0.7363 lr 0.09704403844771128 acc 69.53% eta 1:42:11
2023-04-06 19:26:35,521 - __main__ - INFO - [INFO] 2023-04-06 19:26:35.521123 Epoch [12/100] batch [257/391] loss 0.9766 lr 0.09704403844771128 acc 70.31% eta 1:41:43
2023-04-06 19:27:02,201 - __main__ - INFO - [INFO] 2023-04-06 19:27:02.200901 Epoch [12/100] batch [385/391] loss 0.8496 lr 0.09704403844771128 acc 48.44% eta 1:41:22
2023-04-06 19:27:03,392 - __main__ - INFO - Computing epoch 12 validation accuracy...
2023-04-06 19:27:08,460 - __main__ - INFO - Computing epoch 12 validation loss...
2023-04-06 19:27:14,104 - __main__ - INFO - [INFO] 2023-04-06 19:27:14.103881 Epoch [13/100] batch [1/391] loss 0.7017 lr 0.09648882429441258 acc 69.53% eta 1:45:23
2023-04-06 19:27:40,666 - __main__ - INFO - [INFO] 2023-04-06 19:27:40.666279 Epoch [13/100] batch [129/391] loss 0.6128 lr 0.09648882429441258 acc 68.75% eta 1:40:49
2023-04-06 19:28:07,876 - __main__ - INFO - [INFO] 2023-04-06 19:28:07.876449 Epoch [13/100] batch [257/391] loss 0.7603 lr 0.09648882429441258 acc 64.84% eta 1:41:42
2023-04-06 19:28:35,052 - __main__ - INFO - [INFO] 2023-04-06 19:28:35.051899 Epoch [13/100] batch [385/391] loss 0.9795 lr 0.09648882429441258 acc 45.31% eta 1:41:45
2023-04-06 19:28:36,253 - __main__ - INFO - Computing epoch 13 validation accuracy...
2023-04-06 19:28:41,437 - __main__ - INFO - Computing epoch 13 validation loss...
2023-04-06 19:28:46,975 - __main__ - INFO - [INFO] 2023-04-06 19:28:46.974870 Epoch [14/100] batch [1/391] loss 0.6255 lr 0.09588773128419906 acc 59.38% eta 1:47:33
2023-04-06 19:29:14,154 - __main__ - INFO - [INFO] 2023-04-06 19:29:14.154300 Epoch [14/100] batch [129/391] loss 0.7021 lr 0.09588773128419906 acc 73.44% eta 1:42:08
2023-04-06 19:29:41,494 - __main__ - INFO - [INFO] 2023-04-06 19:29:41.494631 Epoch [14/100] batch [257/391] loss 0.6704 lr 0.09588773128419906 acc 71.88% eta 1:41:55
2023-04-06 19:30:08,209 - __main__ - INFO - [INFO] 2023-04-06 19:30:08.208973 Epoch [14/100] batch [385/391] loss 0.8335 lr 0.09588773128419906 acc 63.28% eta 1:40:50
2023-04-06 19:30:09,425 - __main__ - INFO - Computing epoch 14 validation accuracy...
2023-04-06 19:30:14,396 - __main__ - INFO - Computing epoch 14 validation loss...
2023-04-06 19:30:19,966 - __main__ - INFO - [INFO] 2023-04-06 19:30:19.966190 Epoch [15/100] batch [1/391] loss 0.7432 lr 0.09524135262330098 acc 76.56% eta 2:03:38
2023-04-06 19:30:46,671 - __main__ - INFO - [INFO] 2023-04-06 19:30:46.671567 Epoch [15/100] batch [129/391] loss 0.8472 lr 0.09524135262330098 acc 64.84% eta 1:39:03
2023-04-06 19:31:13,028 - __main__ - INFO - [INFO] 2023-04-06 19:31:13.028612 Epoch [15/100] batch [257/391] loss 0.7793 lr 0.09524135262330098 acc 58.59% eta 1:38:01
2023-04-06 19:31:39,805 - __main__ - INFO - [INFO] 2023-04-06 19:31:39.805398 Epoch [15/100] batch [385/391] loss 0.8501 lr 0.09524135262330098 acc 75.78% eta 1:37:52
2023-04-06 19:31:41,059 - __main__ - INFO - Computing epoch 15 validation accuracy...
2023-04-06 19:31:46,461 - __main__ - INFO - Computing epoch 15 validation loss...
2023-04-06 19:31:51,956 - __main__ - INFO - [INFO] 2023-04-06 19:31:51.956289 Epoch [16/100] batch [1/391] loss 0.6641 lr 0.0945503262094184 acc 79.69% eta 1:46:33
2023-04-06 19:32:18,638 - __main__ - INFO - [INFO] 2023-04-06 19:32:18.638506 Epoch [16/100] batch [129/391] loss 0.5557 lr 0.0945503262094184 acc 77.34% eta 1:37:46
2023-04-06 19:32:45,604 - __main__ - INFO - [INFO] 2023-04-06 19:32:45.603887 Epoch [16/100] batch [257/391] loss 0.6216 lr 0.0945503262094184 acc 71.09% eta 1:37:56
2023-04-06 19:33:12,238 - __main__ - INFO - [INFO] 2023-04-06 19:33:12.238410 Epoch [16/100] batch [385/391] loss 0.7437 lr 0.0945503262094184 acc 72.66% eta 1:37:25
2023-04-06 19:33:13,529 - __main__ - INFO - Computing epoch 16 validation accuracy...
2023-04-06 19:33:18,716 - __main__ - INFO - Computing epoch 16 validation loss...
2023-04-06 19:33:24,482 - __main__ - INFO - [INFO] 2023-04-06 19:33:24.481770 Epoch [17/100] batch [1/391] loss 0.7119 lr 0.09381533400219319 acc 73.44% eta 1:56:22
2023-04-06 19:33:51,445 - __main__ - INFO - [INFO] 2023-04-06 19:33:51.444819 Epoch [17/100] batch [129/391] loss 0.6816 lr 0.09381533400219319 acc 73.44% eta 1:37:51
2023-04-06 19:34:17,798 - __main__ - INFO - [INFO] 2023-04-06 19:34:17.798236 Epoch [17/100] batch [257/391] loss 0.8384 lr 0.09381533400219319 acc 61.72% eta 1:36:21
2023-04-06 19:34:44,610 - __main__ - INFO - [INFO] 2023-04-06 19:34:44.609937 Epoch [17/100] batch [385/391] loss 0.5264 lr 0.09381533400219319 acc 72.66% eta 1:36:01
2023-04-06 19:34:45,823 - __main__ - INFO - Computing epoch 17 validation accuracy...
2023-04-06 19:34:50,923 - __main__ - INFO - Computing epoch 17 validation loss...
2023-04-06 19:34:56,464 - __main__ - INFO - [INFO] 2023-04-06 19:34:56.464555 Epoch [18/100] batch [1/391] loss 0.6890 lr 0.0930371013501972 acc 69.53% eta 1:39:19
2023-04-06 19:35:23,364 - __main__ - INFO - [INFO] 2023-04-06 19:35:23.364576 Epoch [18/100] batch [129/391] loss 0.5894 lr 0.0930371013501972 acc 77.34% eta 1:36:06
2023-04-06 19:35:50,223 - __main__ - INFO - [INFO] 2023-04-06 19:35:50.223760 Epoch [18/100] batch [257/391] loss 0.6372 lr 0.0930371013501972 acc 78.12% eta 1:35:45
2023-04-06 19:36:16,964 - __main__ - INFO - [INFO] 2023-04-06 19:36:16.963872 Epoch [18/100] batch [385/391] loss 0.5659 lr 0.0930371013501972 acc 77.34% eta 1:35:18
2023-04-06 19:36:18,181 - __main__ - INFO - Computing epoch 18 validation accuracy...
2023-04-06 19:36:23,282 - __main__ - INFO - Computing epoch 18 validation loss...
2023-04-06 19:36:28,934 - __main__ - INFO - [INFO] 2023-04-06 19:36:28.934113 Epoch [19/100] batch [1/391] loss 0.7588 lr 0.09221639627510078 acc 56.25% eta 1:41:19
2023-04-06 19:36:56,474 - __main__ - INFO - [INFO] 2023-04-06 19:36:56.474101 Epoch [19/100] batch [129/391] loss 0.8135 lr 0.09221639627510078 acc 65.62% eta 1:37:28
2023-04-06 19:37:22,836 - __main__ - INFO - [INFO] 2023-04-06 19:37:22.835928 Epoch [19/100] batch [257/391] loss 0.6978 lr 0.09221639627510078 acc 74.22% eta 1:35:02
2023-04-06 19:37:50,079 - __main__ - INFO - [INFO] 2023-04-06 19:37:50.079494 Epoch [19/100] batch [385/391] loss 0.5020 lr 0.09221639627510078 acc 84.38% eta 1:34:57
2023-04-06 19:37:51,319 - __main__ - INFO - Computing epoch 19 validation accuracy...
2023-04-06 19:37:56,367 - __main__ - INFO - Computing epoch 19 validation loss...
2023-04-06 19:38:01,813 - __main__ - INFO - [INFO] 2023-04-06 19:38:01.813553 Epoch [20/100] batch [1/391] loss 0.9199 lr 0.09135402871372812 acc 69.53% eta 1:37:48
2023-04-06 19:38:28,844 - __main__ - INFO - [INFO] 2023-04-06 19:38:28.844367 Epoch [20/100] batch [129/391] loss 0.5728 lr 0.09135402871372812 acc 74.22% eta 1:34:17
2023-04-06 19:38:55,207 - __main__ - INFO - [INFO] 2023-04-06 19:38:55.207657 Epoch [20/100] batch [257/391] loss 0.6821 lr 0.09135402871372812 acc 73.44% eta 1:32:47
2023-04-06 19:39:22,113 - __main__ - INFO - [INFO] 2023-04-06 19:39:22.113500 Epoch [20/100] batch [385/391] loss 0.5322 lr 0.09135402871372812 acc 69.53% eta 1:32:43
2023-04-06 19:39:23,398 - __main__ - INFO - Computing epoch 20 validation accuracy...
2023-04-06 19:39:28,707 - __main__ - INFO - Computing epoch 20 validation loss...
2023-04-06 19:39:34,273 - __main__ - INFO - [INFO] 2023-04-06 19:39:34.272819 Epoch [21/100] batch [1/391] loss 0.6455 lr 0.09045084971874741 acc 71.09% eta 1:39:25
2023-04-06 19:40:01,656 - __main__ - INFO - [INFO] 2023-04-06 19:40:01.656234 Epoch [21/100] batch [129/391] loss 0.6436 lr 0.09045084971874741 acc 63.28% eta 1:34:34
2023-04-06 19:40:28,578 - __main__ - INFO - [INFO] 2023-04-06 19:40:28.578005 Epoch [21/100] batch [257/391] loss 0.6104 lr 0.09045084971874741 acc 81.25% eta 1:33:20
2023-04-06 19:40:55,412 - __main__ - INFO - [INFO] 2023-04-06 19:40:55.412024 Epoch [21/100] batch [385/391] loss 0.5786 lr 0.09045084971874741 acc 78.12% eta 1:32:37
2023-04-06 19:40:56,697 - __main__ - INFO - Computing epoch 21 validation accuracy...
2023-04-06 19:41:01,848 - __main__ - INFO - Computing epoch 21 validation loss...
2023-04-06 19:41:07,385 - __main__ - INFO - [INFO] 2023-04-06 19:41:07.385506 Epoch [22/100] batch [1/391] loss 0.6069 lr 0.08950775061878455 acc 72.66% eta 1:32:36
2023-04-06 19:41:33,961 - __main__ - INFO - [INFO] 2023-04-06 19:41:33.961290 Epoch [22/100] batch [129/391] loss 0.5479 lr 0.08950775061878455 acc 68.75% eta 1:30:39
2023-04-06 19:42:01,170 - __main__ - INFO - [INFO] 2023-04-06 19:42:01.170397 Epoch [22/100] batch [257/391] loss 0.5288 lr 0.08950775061878455 acc 78.12% eta 1:31:11
2023-04-06 19:42:26,966 - __main__ - INFO - [INFO] 2023-04-06 19:42:26.965913 Epoch [22/100] batch [385/391] loss 0.7358 lr 0.08950775061878455 acc 83.59% eta 1:29:33
2023-04-06 19:42:28,170 - __main__ - INFO - Computing epoch 22 validation accuracy...
2023-04-06 19:42:33,268 - __main__ - INFO - Computing epoch 22 validation loss...
2023-04-06 19:42:38,718 - __main__ - INFO - [INFO] 2023-04-06 19:42:38.718672 Epoch [23/100] batch [1/391] loss 0.5562 lr 0.0885256621387895 acc 81.25% eta 1:35:34
2023-04-06 19:43:04,969 - __main__ - INFO - [INFO] 2023-04-06 19:43:04.969213 Epoch [23/100] batch [129/391] loss 0.6460 lr 0.0885256621387895 acc 75.78% eta 1:28:02
2023-04-06 19:43:31,795 - __main__ - INFO - [INFO] 2023-04-06 19:43:31.795693 Epoch [23/100] batch [257/391] loss 0.6064 lr 0.0885256621387895 acc 75.00% eta 1:28:33
2023-04-06 19:43:58,435 - __main__ - INFO - [INFO] 2023-04-06 19:43:58.435359 Epoch [23/100] batch [385/391] loss 0.6836 lr 0.0885256621387895 acc 58.59% eta 1:28:18
2023-04-06 19:43:59,631 - __main__ - INFO - Computing epoch 23 validation accuracy...
2023-04-06 19:44:04,795 - __main__ - INFO - Computing epoch 23 validation loss...
2023-04-06 19:44:10,636 - __main__ - INFO - [INFO] 2023-04-06 19:44:10.636647 Epoch [24/100] batch [1/391] loss 0.5654 lr 0.08750555348152302 acc 77.34% eta 1:30:38
2023-04-06 19:44:37,362 - __main__ - INFO - [INFO] 2023-04-06 19:44:37.361979 Epoch [24/100] batch [129/391] loss 0.5845 lr 0.08750555348152302 acc 82.81% eta 1:28:26
2023-04-06 19:45:04,093 - __main__ - INFO - [INFO] 2023-04-06 19:45:04.092918 Epoch [24/100] batch [257/391] loss 0.6782 lr 0.08750555348152302 acc 68.75% eta 1:28:08
2023-04-06 19:45:30,654 - __main__ - INFO - [INFO] 2023-04-06 19:45:30.654013 Epoch [24/100] batch [385/391] loss 0.5840 lr 0.08750555348152302 acc 68.75% eta 1:27:34
2023-04-06 19:45:31,885 - __main__ - INFO - Computing epoch 24 validation accuracy...
2023-04-06 19:45:37,022 - __main__ - INFO - Computing epoch 24 validation loss...
2023-04-06 19:45:42,749 - __main__ - INFO - [INFO] 2023-04-06 19:45:42.749094 Epoch [25/100] batch [1/391] loss 0.7354 lr 0.08644843137107061 acc 71.88% eta 2:02:57
2023-04-06 19:46:09,439 - __main__ - INFO - [INFO] 2023-04-06 19:46:09.439095 Epoch [25/100] batch [129/391] loss 0.6309 lr 0.08644843137107061 acc 78.12% eta 1:27:28
2023-04-06 19:46:35,803 - __main__ - INFO - [INFO] 2023-04-06 19:46:35.803702 Epoch [25/100] batch [257/391] loss 0.5234 lr 0.08644843137107061 acc 68.75% eta 1:26:29
2023-04-06 19:47:02,317 - __main__ - INFO - [INFO] 2023-04-06 19:47:02.317087 Epoch [25/100] batch [385/391] loss 0.6934 lr 0.08644843137107061 acc 80.47% eta 1:26:03
2023-04-06 19:47:03,512 - __main__ - INFO - Computing epoch 25 validation accuracy...
2023-04-06 19:47:08,583 - __main__ - INFO - Computing epoch 25 validation loss...
2023-04-06 19:47:14,136 - __main__ - INFO - [INFO] 2023-04-06 19:47:14.136577 Epoch [26/100] batch [1/391] loss 0.6982 lr 0.0853553390593274 acc 61.72% eta 1:25:16
2023-04-06 19:47:40,458 - __main__ - INFO - [INFO] 2023-04-06 19:47:40.458493 Epoch [26/100] batch [129/391] loss 0.5972 lr 0.0853553390593274 acc 65.62% eta 1:24:47
2023-04-06 19:48:07,197 - __main__ - INFO - [INFO] 2023-04-06 19:48:07.197555 Epoch [26/100] batch [257/391] loss 0.7559 lr 0.0853553390593274 acc 68.75% eta 1:25:02
2023-04-06 19:48:33,453 - __main__ - INFO - [INFO] 2023-04-06 19:48:33.452948 Epoch [26/100] batch [385/391] loss 0.6436 lr 0.0853553390593274 acc 69.53% eta 1:24:27
2023-04-06 19:48:34,661 - __main__ - INFO - Computing epoch 26 validation accuracy...
2023-04-06 19:48:39,888 - __main__ - INFO - Computing epoch 26 validation loss...
2023-04-06 19:48:45,637 - __main__ - INFO - [INFO] 2023-04-06 19:48:45.637501 Epoch [27/100] batch [1/391] loss 0.4170 lr 0.08422735529643446 acc 85.16% eta 1:27:18
2023-04-06 19:49:11,927 - __main__ - INFO - [INFO] 2023-04-06 19:49:11.926893 Epoch [27/100] batch [129/391] loss 0.6836 lr 0.08422735529643446 acc 59.38% eta 1:23:41
2023-04-06 19:49:38,243 - __main__ - INFO - [INFO] 2023-04-06 19:49:38.242823 Epoch [27/100] batch [257/391] loss 0.6270 lr 0.08422735529643446 acc 78.12% eta 1:23:19
2023-04-06 19:50:04,482 - __main__ - INFO - [INFO] 2023-04-06 19:50:04.482291 Epoch [27/100] batch [385/391] loss 0.6309 lr 0.08422735529643446 acc 80.47% eta 1:22:52
2023-04-06 19:50:05,672 - __main__ - INFO - Computing epoch 27 validation accuracy...
2023-04-06 19:50:10,950 - __main__ - INFO - Computing epoch 27 validation loss...
2023-04-06 19:50:16,527 - __main__ - INFO - [INFO] 2023-04-06 19:50:16.526819 Epoch [28/100] batch [1/391] loss 0.6191 lr 0.08306559326618262 acc 77.34% eta 1:22:14
2023-04-06 19:50:42,424 - __main__ - INFO - [INFO] 2023-04-06 19:50:42.424722 Epoch [28/100] batch [129/391] loss 0.6323 lr 0.08306559326618262 acc 80.47% eta 1:21:18
2023-04-06 19:51:08,895 - __main__ - INFO - [INFO] 2023-04-06 19:51:08.894943 Epoch [28/100] batch [257/391] loss 0.6250 lr 0.08306559326618262 acc 72.66% eta 1:21:43
2023-04-06 19:51:35,322 - __main__ - INFO - [INFO] 2023-04-06 19:51:35.322356 Epoch [28/100] batch [385/391] loss 0.6499 lr 0.08306559326618262 acc 74.22% eta 1:21:38
2023-04-06 19:51:36,525 - __main__ - INFO - Computing epoch 28 validation accuracy...
2023-04-06 19:51:41,730 - __main__ - INFO - Computing epoch 28 validation loss...
2023-04-06 19:51:47,877 - __main__ - INFO - [INFO] 2023-04-06 19:51:47.876834 Epoch [29/100] batch [1/391] loss 0.7290 lr 0.08187119948743452 acc 69.53% eta 1:34:08
2023-04-06 19:52:14,517 - __main__ - INFO - [INFO] 2023-04-06 19:52:14.517401 Epoch [29/100] batch [129/391] loss 0.6348 lr 0.08187119948743452 acc 78.91% eta 1:22:25
2023-04-06 19:52:41,109 - __main__ - INFO - [INFO] 2023-04-06 19:52:41.109083 Epoch [29/100] batch [257/391] loss 0.6436 lr 0.08187119948743452 acc 78.12% eta 1:21:57
2023-04-06 19:53:07,266 - __main__ - INFO - [INFO] 2023-04-06 19:53:07.266810 Epoch [29/100] batch [385/391] loss 0.5425 lr 0.08187119948743452 acc 75.78% eta 1:21:05
2023-04-06 19:53:08,451 - __main__ - INFO - Computing epoch 29 validation accuracy...
2023-04-06 19:53:13,968 - __main__ - INFO - Computing epoch 29 validation loss...
2023-04-06 19:53:19,746 - __main__ - INFO - [INFO] 2023-04-06 19:53:19.746486 Epoch [30/100] batch [1/391] loss 0.5308 lr 0.08064535268264886 acc 77.34% eta 1:23:43
2023-04-06 19:53:46,456 - __main__ - INFO - [INFO] 2023-04-06 19:53:46.456658 Epoch [30/100] batch [129/391] loss 0.4458 lr 0.08064535268264886 acc 78.91% eta 1:21:35
2023-04-06 19:54:12,240 - __main__ - INFO - [INFO] 2023-04-06 19:54:12.240311 Epoch [30/100] batch [257/391] loss 0.5952 lr 0.08064535268264886 acc 84.38% eta 1:19:46
2023-04-06 19:54:38,192 - __main__ - INFO - [INFO] 2023-04-06 19:54:38.192586 Epoch [30/100] batch [385/391] loss 0.5664 lr 0.08064535268264886 acc 82.81% eta 1:19:05
2023-04-06 19:54:39,449 - __main__ - INFO - Computing epoch 30 validation accuracy...
2023-04-06 19:54:44,741 - __main__ - INFO - Computing epoch 30 validation loss...
2023-04-06 19:54:50,371 - __main__ - INFO - [INFO] 2023-04-06 19:54:50.371737 Epoch [31/100] batch [1/391] loss 0.5166 lr 0.0793892626146237 acc 78.91% eta 1:31:23
2023-04-06 19:55:17,462 - __main__ - INFO - [INFO] 2023-04-06 19:55:17.462720 Epoch [31/100] batch [129/391] loss 0.4092 lr 0.0793892626146237 acc 79.69% eta 1:21:44
2023-04-06 19:55:43,714 - __main__ - INFO - [INFO] 2023-04-06 19:55:43.713859 Epoch [31/100] batch [257/391] loss 0.5923 lr 0.0793892626146237 acc 75.00% eta 1:20:02
2023-04-06 19:56:10,397 - __main__ - INFO - [INFO] 2023-04-06 19:56:10.397037 Epoch [31/100] batch [385/391] loss 0.5459 lr 0.0793892626146237 acc 76.56% eta 1:19:43
2023-04-06 19:56:11,613 - __main__ - INFO - Computing epoch 31 validation accuracy...
2023-04-06 19:56:16,871 - __main__ - INFO - Computing epoch 31 validation loss...
2023-04-06 19:56:22,509 - __main__ - INFO - [INFO] 2023-04-06 19:56:22.509539 Epoch [32/100] batch [1/391] loss 0.5396 lr 0.07810416889260657 acc 83.59% eta 1:39:31
2023-04-06 19:56:49,513 - __main__ - INFO - [INFO] 2023-04-06 19:56:49.513327 Epoch [32/100] batch [129/391] loss 0.5908 lr 0.07810416889260657 acc 78.91% eta 1:20:14
2023-04-06 19:57:16,311 - __main__ - INFO - [INFO] 2023-04-06 19:57:16.310562 Epoch [32/100] batch [257/391] loss 0.4307 lr 0.07810416889260657 acc 80.47% eta 1:19:37
2023-04-06 19:57:42,647 - __main__ - INFO - [INFO] 2023-04-06 19:57:42.647642 Epoch [32/100] batch [385/391] loss 0.5400 lr 0.07810416889260657 acc 83.59% eta 1:18:40
2023-04-06 19:57:43,900 - __main__ - INFO - Computing epoch 32 validation accuracy...
2023-04-06 19:57:49,137 - __main__ - INFO - Computing epoch 32 validation loss...
2023-04-06 19:57:54,763 - __main__ - INFO - [INFO] 2023-04-06 19:57:54.763336 Epoch [33/100] batch [1/391] loss 0.6416 lr 0.07679133974894986 acc 71.88% eta 1:22:29
2023-04-06 19:58:21,197 - __main__ - INFO - [INFO] 2023-04-06 19:58:21.197209 Epoch [33/100] batch [129/391] loss 0.5029 lr 0.07679133974894986 acc 82.03% eta 1:17:29
2023-04-06 19:58:47,913 - __main__ - INFO - [INFO] 2023-04-06 19:58:47.913660 Epoch [33/100] batch [257/391] loss 0.5327 lr 0.07679133974894986 acc 91.41% eta 1:17:32
2023-04-06 19:59:14,398 - __main__ - INFO - [INFO] 2023-04-06 19:59:14.398817 Epoch [33/100] batch [385/391] loss 0.5933 lr 0.07679133974894986 acc 75.00% eta 1:17:04
2023-04-06 19:59:15,615 - __main__ - INFO - Computing epoch 33 validation accuracy...
2023-04-06 19:59:21,000 - __main__ - INFO - Computing epoch 33 validation loss...
2023-04-06 19:59:26,488 - __main__ - INFO - [INFO] 2023-04-06 19:59:26.488579 Epoch [34/100] batch [1/391] loss 0.6802 lr 0.0754520707875186 acc 70.31% eta 1:18:46
2023-04-06 19:59:53,460 - __main__ - INFO - [INFO] 2023-04-06 19:59:53.459939 Epoch [34/100] batch [129/391] loss 0.5288 lr 0.0754520707875186 acc 75.00% eta 1:17:55
2023-04-06 20:00:19,908 - __main__ - INFO - [INFO] 2023-04-06 20:00:19.908336 Epoch [34/100] batch [257/391] loss 0.6250 lr 0.0754520707875186 acc 76.56% eta 1:16:43
2023-04-06 20:00:46,679 - __main__ - INFO - [INFO] 2023-04-06 20:00:46.679039 Epoch [34/100] batch [385/391] loss 0.4561 lr 0.0754520707875186 acc 75.78% eta 1:16:18
2023-04-06 20:00:47,883 - __main__ - INFO - Computing epoch 34 validation accuracy...
2023-04-06 20:00:53,021 - __main__ - INFO - Computing epoch 34 validation loss...
2023-04-06 20:00:58,564 - __main__ - INFO - [INFO] 2023-04-06 20:00:58.564488 Epoch [35/100] batch [1/391] loss 0.4556 lr 0.0740876837050858 acc 87.50% eta 1:21:01
2023-04-06 20:01:24,961 - __main__ - INFO - [INFO] 2023-04-06 20:01:24.961438 Epoch [35/100] batch [129/391] loss 0.6812 lr 0.0740876837050858 acc 75.00% eta 1:14:50
2023-04-06 20:01:51,606 - __main__ - INFO - [INFO] 2023-04-06 20:01:51.606080 Epoch [35/100] batch [257/391] loss 0.5225 lr 0.0740876837050858 acc 82.81% eta 1:14:49
2023-04-06 20:02:18,135 - __main__ - INFO - [INFO] 2023-04-06 20:02:18.135246 Epoch [35/100] batch [385/391] loss 0.6250 lr 0.0740876837050858 acc 78.91% eta 1:14:26
2023-04-06 20:02:19,329 - __main__ - INFO - Computing epoch 35 validation accuracy...
2023-04-06 20:02:24,442 - __main__ - INFO - Computing epoch 35 validation loss...
2023-04-06 20:02:30,098 - __main__ - INFO - [INFO] 2023-04-06 20:02:30.098618 Epoch [36/100] batch [1/391] loss 0.5557 lr 0.07269952498697738 acc 78.91% eta 1:12:08
2023-04-06 20:02:55,934 - __main__ - INFO - [INFO] 2023-04-06 20:02:55.934081 Epoch [36/100] batch [129/391] loss 0.4050 lr 0.07269952498697738 acc 85.16% eta 1:12:09
2023-04-06 20:03:21,779 - __main__ - INFO - [INFO] 2023-04-06 20:03:21.779750 Epoch [36/100] batch [257/391] loss 0.5391 lr 0.07269952498697738 acc 82.81% eta 1:11:48
2023-04-06 20:03:48,347 - __main__ - INFO - [INFO] 2023-04-06 20:03:48.346907 Epoch [36/100] batch [385/391] loss 0.5361 lr 0.07269952498697738 acc 79.69% eta 1:12:06
2023-04-06 20:03:49,546 - __main__ - INFO - Computing epoch 36 validation accuracy...
2023-04-06 20:03:54,783 - __main__ - INFO - Computing epoch 36 validation loss...
2023-04-06 20:04:00,460 - __main__ - INFO - [INFO] 2023-04-06 20:04:00.459548 Epoch [37/100] batch [1/391] loss 0.4802 lr 0.07128896457825366 acc 72.66% eta 1:36:32
2023-04-06 20:04:27,114 - __main__ - INFO - [INFO] 2023-04-06 20:04:27.114303 Epoch [37/100] batch [129/391] loss 0.5220 lr 0.07128896457825366 acc 82.81% eta 1:13:36
2023-04-06 20:04:53,565 - __main__ - INFO - [INFO] 2023-04-06 20:04:53.565280 Epoch [37/100] batch [257/391] loss 0.3909 lr 0.07128896457825366 acc 91.41% eta 1:12:44
2023-04-06 20:05:20,346 - __main__ - INFO - [INFO] 2023-04-06 20:05:20.345524 Epoch [37/100] batch [385/391] loss 0.4231 lr 0.07128896457825366 acc 81.25% eta 1:12:35
2023-04-06 20:05:21,541 - __main__ - INFO - Computing epoch 37 validation accuracy...
2023-04-06 20:05:26,608 - __main__ - INFO - Computing epoch 37 validation loss...
2023-04-06 20:05:32,074 - __main__ - INFO - [INFO] 2023-04-06 20:05:32.074227 Epoch [38/100] batch [1/391] loss 0.5312 lr 0.06985739453173906 acc 84.38% eta 1:15:10
2023-04-06 20:05:58,104 - __main__ - INFO - [INFO] 2023-04-06 20:05:58.104692 Epoch [38/100] batch [129/391] loss 0.5347 lr 0.06985739453173906 acc 80.47% eta 1:10:27
2023-04-06 20:06:24,194 - __main__ - INFO - [INFO] 2023-04-06 20:06:24.194018 Epoch [38/100] batch [257/391] loss 0.5835 lr 0.06985739453173906 acc 80.47% eta 1:10:08
2023-04-06 20:06:50,373 - __main__ - INFO - [INFO] 2023-04-06 20:06:50.373789 Epoch [38/100] batch [385/391] loss 0.4729 lr 0.06985739453173906 acc 81.25% eta 1:09:53
2023-04-06 20:06:51,583 - __main__ - INFO - Computing epoch 38 validation accuracy...
2023-04-06 20:06:56,732 - __main__ - INFO - Computing epoch 38 validation loss...
2023-04-06 20:07:02,486 - __main__ - INFO - [INFO] 2023-04-06 20:07:02.485992 Epoch [39/100] batch [1/391] loss 0.5332 lr 0.06840622763423394 acc 78.12% eta 1:17:09
2023-04-06 20:07:28,870 - __main__ - INFO - [INFO] 2023-04-06 20:07:28.870271 Epoch [39/100] batch [129/391] loss 0.5444 lr 0.06840622763423394 acc 82.81% eta 1:10:14
2023-04-06 20:07:55,151 - __main__ - INFO - [INFO] 2023-04-06 20:07:55.151230 Epoch [39/100] batch [257/391] loss 0.3965 lr 0.06840622763423394 acc 78.91% eta 1:09:42
2023-04-06 20:08:21,703 - __main__ - INFO - [INFO] 2023-04-06 20:08:21.703259 Epoch [39/100] batch [385/391] loss 0.5361 lr 0.06840622763423394 acc 81.25% eta 1:09:34
2023-04-06 20:08:23,054 - __main__ - INFO - Computing epoch 39 validation accuracy...
2023-04-06 20:08:28,258 - __main__ - INFO - Computing epoch 39 validation loss...
2023-04-06 20:08:33,846 - __main__ - INFO - [INFO] 2023-04-06 20:08:33.846673 Epoch [40/100] batch [1/391] loss 0.4670 lr 0.06693689601226462 acc 85.94% eta 1:28:51
2023-04-06 20:09:01,071 - __main__ - INFO - [INFO] 2023-04-06 20:09:01.071073 Epoch [40/100] batch [129/391] loss 0.6323 lr 0.06693689601226462 acc 79.69% eta 1:11:41
2023-04-06 20:09:27,742 - __main__ - INFO - [INFO] 2023-04-06 20:09:27.742728 Epoch [40/100] batch [257/391] loss 0.3787 lr 0.06693689601226462 acc 82.03% eta 1:10:26
2023-04-06 20:09:54,307 - __main__ - INFO - [INFO] 2023-04-06 20:09:54.307045 Epoch [40/100] batch [385/391] loss 0.5337 lr 0.06693689601226462 acc 84.38% eta 1:09:42
2023-04-06 20:09:55,551 - __main__ - INFO - Computing epoch 40 validation accuracy...
2023-04-06 20:10:00,686 - __main__ - INFO - Computing epoch 40 validation loss...
2023-04-06 20:10:06,204 - __main__ - INFO - [INFO] 2023-04-06 20:10:06.204069 Epoch [41/100] batch [1/391] loss 0.4851 lr 0.06545084971874741 acc 82.81% eta 1:13:30
2023-04-06 20:10:33,101 - __main__ - INFO - [INFO] 2023-04-06 20:10:33.101247 Epoch [41/100] batch [129/391] loss 0.6152 lr 0.06545084971874741 acc 81.25% eta 1:09:34
2023-04-06 20:10:59,716 - __main__ - INFO - [INFO] 2023-04-06 20:10:59.716679 Epoch [41/100] batch [257/391] loss 0.3882 lr 0.06545084971874741 acc 85.94% eta 1:08:47
2023-04-06 20:11:26,494 - __main__ - INFO - [INFO] 2023-04-06 20:11:26.494674 Epoch [41/100] batch [385/391] loss 0.6157 lr 0.06545084971874741 acc 82.81% eta 1:08:25
2023-04-06 20:11:27,718 - __main__ - INFO - Computing epoch 41 validation accuracy...
2023-04-06 20:11:32,825 - __main__ - INFO - Computing epoch 41 validation loss...
2023-04-06 20:11:38,328 - __main__ - INFO - [INFO] 2023-04-06 20:11:38.328642 Epoch [42/100] batch [1/391] loss 0.5244 lr 0.06394955530196152 acc 65.62% eta 1:11:17
2023-04-06 20:12:04,444 - __main__ - INFO - [INFO] 2023-04-06 20:12:04.444034 Epoch [42/100] batch [129/391] loss 0.5645 lr 0.06394955530196152 acc 78.12% eta 1:06:10
2023-04-06 20:12:30,985 - __main__ - INFO - [INFO] 2023-04-06 20:12:30.985119 Epoch [42/100] batch [257/391] loss 0.4246 lr 0.06394955530196152 acc 89.06% eta 1:06:19
2023-04-06 20:12:57,500 - __main__ - INFO - [INFO] 2023-04-06 20:12:57.500146 Epoch [42/100] batch [385/391] loss 0.5732 lr 0.06394955530196152 acc 78.12% eta 1:06:06
2023-04-06 20:12:58,802 - __main__ - INFO - Computing epoch 42 validation accuracy...
2023-04-06 20:13:03,977 - __main__ - INFO - Computing epoch 42 validation loss...
2023-04-06 20:13:09,460 - __main__ - INFO - [INFO] 2023-04-06 20:13:09.460614 Epoch [43/100] batch [1/391] loss 0.5503 lr 0.062434494358242776 acc 81.25% eta 1:09:41
2023-04-06 20:13:36,401 - __main__ - INFO - [INFO] 2023-04-06 20:13:36.401020 Epoch [43/100] batch [129/391] loss 0.3616 lr 0.062434494358242776 acc 88.28% eta 1:07:10
2023-04-06 20:14:03,844 - __main__ - INFO - [INFO] 2023-04-06 20:14:03.844614 Epoch [43/100] batch [257/391] loss 0.5610 lr 0.062434494358242776 acc 79.69% eta 1:07:21
2023-04-06 20:14:30,420 - __main__ - INFO - [INFO] 2023-04-06 20:14:30.420285 Epoch [43/100] batch [385/391] loss 0.4258 lr 0.062434494358242776 acc 85.16% eta 1:06:26
2023-04-06 20:14:31,649 - __main__ - INFO - Computing epoch 43 validation accuracy...
2023-04-06 20:14:36,801 - __main__ - INFO - Computing epoch 43 validation loss...
2023-04-06 20:14:42,352 - __main__ - INFO - [INFO] 2023-04-06 20:14:42.351992 Epoch [44/100] batch [1/391] loss 0.4255 lr 0.06090716206982718 acc 92.19% eta 1:07:49
2023-04-06 20:15:09,704 - __main__ - INFO - [INFO] 2023-04-06 20:15:09.704384 Epoch [44/100] batch [129/391] loss 0.3960 lr 0.06090716206982718 acc 87.50% eta 1:07:10
2023-04-06 20:15:36,406 - __main__ - INFO - [INFO] 2023-04-06 20:15:36.406093 Epoch [44/100] batch [257/391] loss 0.6230 lr 0.06090716206982718 acc 75.00% eta 1:05:55
2023-04-06 20:16:03,348 - __main__ - INFO - [INFO] 2023-04-06 20:16:03.348236 Epoch [44/100] batch [385/391] loss 0.5400 lr 0.06090716206982718 acc 87.50% eta 1:05:31
2023-04-06 20:16:04,573 - __main__ - INFO - Computing epoch 44 validation accuracy...
2023-04-06 20:16:09,716 - __main__ - INFO - Computing epoch 44 validation loss...
2023-04-06 20:16:15,316 - __main__ - INFO - [INFO] 2023-04-06 20:16:15.315972 Epoch [45/100] batch [1/391] loss 0.3909 lr 0.05936906572928628 acc 89.06% eta 1:10:52
2023-04-06 20:16:43,477 - __main__ - INFO - [INFO] 2023-04-06 20:16:43.477505 Epoch [45/100] batch [129/391] loss 0.3872 lr 0.05936906572928628 acc 90.62% eta 1:08:13
2023-04-06 20:17:12,480 - __main__ - INFO - [INFO] 2023-04-06 20:17:12.480071 Epoch [45/100] batch [257/391] loss 0.4565 lr 0.05936906572928628 acc 85.16% eta 1:09:01
2023-04-06 20:17:41,151 - __main__ - INFO - [INFO] 2023-04-06 20:17:41.151255 Epoch [45/100] batch [385/391] loss 0.5728 lr 0.05936906572928628 acc 82.81% eta 1:08:43
2023-04-06 20:17:42,482 - __main__ - INFO - Computing epoch 45 validation accuracy...
2023-04-06 20:17:47,910 - __main__ - INFO - Computing epoch 45 validation loss...
2023-04-06 20:17:53,517 - __main__ - INFO - [INFO] 2023-04-06 20:17:53.517734 Epoch [46/100] batch [1/391] loss 0.3157 lr 0.05782172325201159 acc 85.94% eta 1:05:19
2023-04-06 20:18:22,184 - __main__ - INFO - [INFO] 2023-04-06 20:18:22.183958 Epoch [46/100] batch [129/391] loss 0.4099 lr 0.05782172325201159 acc 81.25% eta 1:08:28
2023-04-06 20:18:50,568 - __main__ - INFO - [INFO] 2023-04-06 20:18:50.568045 Epoch [46/100] batch [257/391] loss 0.5161 lr 0.05782172325201159 acc 82.03% eta 1:07:38
2023-04-06 20:19:19,335 - __main__ - INFO - [INFO] 2023-04-06 20:19:19.335391 Epoch [46/100] batch [385/391] loss 0.3755 lr 0.05782172325201159 acc 88.28% eta 1:07:26
2023-04-06 20:19:20,629 - __main__ - INFO - Computing epoch 46 validation accuracy...
2023-04-06 20:19:25,989 - __main__ - INFO - Computing epoch 46 validation loss...
2023-04-06 20:19:31,647 - __main__ - INFO - [INFO] 2023-04-06 20:19:31.646839 Epoch [47/100] batch [1/391] loss 0.4685 lr 0.056266661678215264 acc 88.28% eta 1:04:25
2023-04-06 20:20:00,497 - __main__ - INFO - [INFO] 2023-04-06 20:20:00.497062 Epoch [47/100] batch [129/391] loss 0.4976 lr 0.056266661678215264 acc 84.38% eta 1:07:45
2023-04-06 20:20:29,464 - __main__ - INFO - [INFO] 2023-04-06 20:20:29.464679 Epoch [47/100] batch [257/391] loss 0.4414 lr 0.056266661678215264 acc 85.94% eta 1:07:23
2023-04-06 20:20:58,262 - __main__ - INFO - [INFO] 2023-04-06 20:20:58.261839 Epoch [47/100] batch [385/391] loss 0.3806 lr 0.056266661678215264 acc 87.50% eta 1:06:53
2023-04-06 20:20:59,623 - __main__ - INFO - Computing epoch 47 validation accuracy...
2023-04-06 20:21:05,074 - __main__ - INFO - Computing epoch 47 validation loss...
2023-04-06 20:21:11,049 - __main__ - INFO - [INFO] 2023-04-06 20:21:11.049387 Epoch [48/100] batch [1/391] loss 0.4993 lr 0.05470541566592575 acc 80.47% eta 1:10:30
2023-04-06 20:21:40,111 - __main__ - INFO - [INFO] 2023-04-06 20:21:40.111362 Epoch [48/100] batch [129/391] loss 0.4709 lr 0.05470541566592575 acc 79.69% eta 1:06:57
2023-04-06 20:22:09,264 - __main__ - INFO - [INFO] 2023-04-06 20:22:09.264399 Epoch [48/100] batch [257/391] loss 0.4729 lr 0.05470541566592575 acc 82.81% eta 1:06:39
2023-04-06 20:22:38,408 - __main__ - INFO - [INFO] 2023-04-06 20:22:38.408805 Epoch [48/100] batch [385/391] loss 0.4341 lr 0.05470541566592575 acc 75.00% eta 1:06:13
2023-04-06 20:22:39,717 - __main__ - INFO - Computing epoch 48 validation accuracy...
2023-04-06 20:22:45,132 - __main__ - INFO - Computing epoch 48 validation loss...
2023-04-06 20:22:51,103 - __main__ - INFO - [INFO] 2023-04-06 20:22:51.102968 Epoch [49/100] batch [1/391] loss 0.4490 lr 0.053139525976465714 acc 78.91% eta 1:20:40
2023-04-06 20:23:20,083 - __main__ - INFO - [INFO] 2023-04-06 20:23:20.083240 Epoch [49/100] batch [129/391] loss 0.3989 lr 0.053139525976465714 acc 84.38% eta 1:05:30
2023-04-06 20:23:49,024 - __main__ - INFO - [INFO] 2023-04-06 20:23:49.024709 Epoch [49/100] batch [257/391] loss 0.6118 lr 0.053139525976465714 acc 80.47% eta 1:04:54
2023-04-06 20:24:18,134 - __main__ - INFO - [INFO] 2023-04-06 20:24:18.133936 Epoch [49/100] batch [385/391] loss 0.4980 lr 0.053139525976465714 acc 87.50% eta 1:04:38
2023-04-06 20:24:19,546 - __main__ - INFO - Computing epoch 49 validation accuracy...
2023-04-06 20:24:24,933 - __main__ - INFO - Computing epoch 49 validation loss...
2023-04-06 20:24:30,709 - __main__ - INFO - [INFO] 2023-04-06 20:24:30.709637 Epoch [50/100] batch [1/391] loss 0.5049 lr 0.05157053795390645 acc 85.94% eta 1:10:45
2023-04-06 20:24:59,783 - __main__ - INFO - [INFO] 2023-04-06 20:24:59.783500 Epoch [50/100] batch [129/391] loss 0.6064 lr 0.05157053795390645 acc 85.94% eta 1:04:22
2023-04-06 20:25:29,026 - __main__ - INFO - [INFO] 2023-04-06 20:25:29.026444 Epoch [50/100] batch [257/391] loss 0.6855 lr 0.05157053795390645 acc 71.88% eta 1:04:06
2023-04-06 20:25:57,584 - __main__ - INFO - [INFO] 2023-04-06 20:25:57.584814 Epoch [50/100] batch [385/391] loss 0.3176 lr 0.05157053795390645 acc 92.19% eta 1:03:13
2023-04-06 20:25:58,908 - __main__ - INFO - Computing epoch 50 validation accuracy...
2023-04-06 20:26:04,319 - __main__ - INFO - Computing epoch 50 validation loss...
2023-04-06 20:26:10,123 - __main__ - INFO - [INFO] 2023-04-06 20:26:10.123550 Epoch [51/100] batch [1/391] loss 0.4348 lr 0.05000000000000004 acc 81.25% eta 1:04:15
2023-04-06 20:26:39,105 - __main__ - INFO - [INFO] 2023-04-06 20:26:39.104944 Epoch [51/100] batch [129/391] loss 0.3740 lr 0.05000000000000004 acc 86.72% eta 1:03:01
2023-04-06 20:27:08,202 - __main__ - INFO - [INFO] 2023-04-06 20:27:08.202453 Epoch [51/100] batch [257/391] loss 0.4937 lr 0.05000000000000004 acc 85.16% eta 1:02:43
2023-04-06 20:27:37,510 - __main__ - INFO - [INFO] 2023-04-06 20:27:37.510474 Epoch [51/100] batch [385/391] loss 0.3767 lr 0.05000000000000004 acc 89.06% eta 1:02:26
2023-04-06 20:27:38,813 - __main__ - INFO - Computing epoch 51 validation accuracy...
2023-04-06 20:27:44,284 - __main__ - INFO - Computing epoch 51 validation loss...
2023-04-06 20:27:50,107 - __main__ - INFO - [INFO] 2023-04-06 20:27:50.107553 Epoch [52/100] batch [1/391] loss 0.4473 lr 0.04842946204609362 acc 83.59% eta 0:58:21
2023-04-06 20:28:18,369 - __main__ - INFO - [INFO] 2023-04-06 20:28:18.369272 Epoch [52/100] batch [129/391] loss 0.4761 lr 0.04842946204609362 acc 83.59% eta 0:59:58
2023-04-06 20:28:47,328 - __main__ - INFO - [INFO] 2023-04-06 20:28:47.327830 Epoch [52/100] batch [257/391] loss 0.5010 lr 0.04842946204609362 acc 85.94% eta 1:00:21
2023-04-06 20:29:16,993 - __main__ - INFO - [INFO] 2023-04-06 20:29:16.992930 Epoch [52/100] batch [385/391] loss 0.4670 lr 0.04842946204609362 acc 83.59% eta 1:00:36
2023-04-06 20:29:18,304 - __main__ - INFO - Computing epoch 52 validation accuracy...
2023-04-06 20:29:23,733 - __main__ - INFO - Computing epoch 52 validation loss...
2023-04-06 20:29:29,507 - __main__ - INFO - [INFO] 2023-04-06 20:29:29.507570 Epoch [53/100] batch [1/391] loss 0.4766 lr 0.04686047402353437 acc 85.94% eta 0:55:55
2023-04-06 20:29:58,896 - __main__ - INFO - [INFO] 2023-04-06 20:29:58.896580 Epoch [53/100] batch [129/391] loss 0.3611 lr 0.04686047402353437 acc 89.06% eta 1:01:10
2023-04-06 20:30:27,506 - __main__ - INFO - [INFO] 2023-04-06 20:30:27.506643 Epoch [53/100] batch [257/391] loss 0.5029 lr 0.04686047402353437 acc 86.72% eta 0:59:55
2023-04-06 20:30:56,467 - __main__ - INFO - [INFO] 2023-04-06 20:30:56.467272 Epoch [53/100] batch [385/391] loss 0.5259 lr 0.04686047402353437 acc 78.12% eta 0:59:29
2023-04-06 20:30:57,760 - __main__ - INFO - Computing epoch 53 validation accuracy...
2023-04-06 20:31:03,321 - __main__ - INFO - Computing epoch 53 validation loss...
2023-04-06 20:31:09,356 - __main__ - INFO - [INFO] 2023-04-06 20:31:09.356007 Epoch [54/100] batch [1/391] loss 0.5215 lr 0.045294584334074316 acc 85.16% eta 1:05:30
2023-04-06 20:31:38,524 - __main__ - INFO - [INFO] 2023-04-06 20:31:38.523863 Epoch [54/100] batch [129/391] loss 0.4502 lr 0.045294584334074316 acc 76.56% eta 0:59:26
2023-04-06 20:32:07,649 - __main__ - INFO - [INFO] 2023-04-06 20:32:07.649487 Epoch [54/100] batch [257/391] loss 0.4839 lr 0.045294584334074316 acc 84.38% eta 0:58:55
2023-04-06 20:32:36,867 - __main__ - INFO - [INFO] 2023-04-06 20:32:36.866830 Epoch [54/100] batch [385/391] loss 0.4592 lr 0.045294584334074316 acc 85.16% eta 0:58:35
2023-04-06 20:32:38,187 - __main__ - INFO - Computing epoch 54 validation accuracy...
2023-04-06 20:32:43,534 - __main__ - INFO - Computing epoch 54 validation loss...
2023-04-06 20:32:49,571 - __main__ - INFO - [INFO] 2023-04-06 20:32:49.571246 Epoch [55/100] batch [1/391] loss 0.3093 lr 0.043733338321784825 acc 90.62% eta 0:54:21
2023-04-06 20:33:18,480 - __main__ - INFO - [INFO] 2023-04-06 20:33:18.480042 Epoch [55/100] batch [129/391] loss 0.4282 lr 0.043733338321784825 acc 80.47% eta 0:57:33
2023-04-06 20:33:47,605 - __main__ - INFO - [INFO] 2023-04-06 20:33:47.605209 Epoch [55/100] batch [257/391] loss 0.3582 lr 0.043733338321784825 acc 85.94% eta 0:57:23
2023-04-06 20:34:16,266 - __main__ - INFO - [INFO] 2023-04-06 20:34:16.266732 Epoch [55/100] batch [385/391] loss 0.4067 lr 0.043733338321784825 acc 85.94% eta 0:56:46
2023-04-06 20:34:17,580 - __main__ - INFO - Computing epoch 55 validation accuracy...
2023-04-06 20:34:22,978 - __main__ - INFO - Computing epoch 55 validation loss...
2023-04-06 20:34:28,908 - __main__ - INFO - [INFO] 2023-04-06 20:34:28.908531 Epoch [56/100] batch [1/391] loss 0.4094 lr 0.042178276747988484 acc 85.16% eta 0:57:42
2023-04-06 20:34:58,501 - __main__ - INFO - [INFO] 2023-04-06 20:34:58.501281 Epoch [56/100] batch [129/391] loss 0.2783 lr 0.042178276747988484 acc 85.94% eta 0:57:37
2023-04-06 20:35:27,127 - __main__ - INFO - [INFO] 2023-04-06 20:35:27.127654 Epoch [56/100] batch [257/391] loss 0.4976 lr 0.042178276747988484 acc 80.47% eta 0:56:13
2023-04-06 20:35:56,260 - __main__ - INFO - [INFO] 2023-04-06 20:35:56.259824 Epoch [56/100] batch [385/391] loss 0.3423 lr 0.042178276747988484 acc 85.94% eta 0:55:50
2023-04-06 20:35:57,652 - __main__ - INFO - Computing epoch 56 validation accuracy...
2023-04-06 20:36:02,995 - __main__ - INFO - Computing epoch 56 validation loss...
2023-04-06 20:36:09,127 - __main__ - INFO - [INFO] 2023-04-06 20:36:09.127338 Epoch [57/100] batch [1/391] loss 0.4302 lr 0.0406309342707138 acc 85.94% eta 0:55:40
2023-04-06 20:36:37,842 - __main__ - INFO - [INFO] 2023-04-06 20:36:37.842490 Epoch [57/100] batch [129/391] loss 0.3203 lr 0.0406309342707138 acc 85.94% eta 0:54:50
2023-04-06 20:37:06,632 - __main__ - INFO - [INFO] 2023-04-06 20:37:06.632414 Epoch [57/100] batch [257/391] loss 0.2578 lr 0.0406309342707138 acc 92.19% eta 0:54:29
2023-04-06 20:37:35,347 - __main__ - INFO - [INFO] 2023-04-06 20:37:35.347808 Epoch [57/100] batch [385/391] loss 0.4409 lr 0.0406309342707138 acc 85.94% eta 0:53:59
2023-04-06 20:37:36,690 - __main__ - INFO - Computing epoch 57 validation accuracy...
2023-04-06 20:37:42,097 - __main__ - INFO - Computing epoch 57 validation loss...
2023-04-06 20:37:47,892 - __main__ - INFO - [INFO] 2023-04-06 20:37:47.892185 Epoch [58/100] batch [1/391] loss 0.3147 lr 0.039092837930172916 acc 86.72% eta 0:59:34
2023-04-06 20:38:17,118 - __main__ - INFO - [INFO] 2023-04-06 20:38:17.118397 Epoch [58/100] batch [129/391] loss 0.3457 lr 0.039092837930172916 acc 86.72% eta 0:54:26
2023-04-06 20:38:46,201 - __main__ - INFO - [INFO] 2023-04-06 20:38:46.201228 Epoch [58/100] batch [257/391] loss 0.3945 lr 0.039092837930172916 acc 85.94% eta 0:53:52
2023-04-06 20:39:15,312 - __main__ - INFO - [INFO] 2023-04-06 20:39:15.312246 Epoch [58/100] batch [385/391] loss 0.4590 lr 0.039092837930172916 acc 82.81% eta 0:53:24
2023-04-06 20:39:16,652 - __main__ - INFO - Computing epoch 58 validation accuracy...
2023-04-06 20:39:21,982 - __main__ - INFO - Computing epoch 58 validation loss...
2023-04-06 20:39:27,634 - __main__ - INFO - [INFO] 2023-04-06 20:39:27.634614 Epoch [59/100] batch [1/391] loss 0.3298 lr 0.037565505641757285 acc 87.50% eta 0:51:00
2023-04-06 20:39:56,029 - __main__ - INFO - [INFO] 2023-04-06 20:39:56.029423 Epoch [59/100] batch [129/391] loss 0.3430 lr 0.037565505641757285 acc 82.81% eta 0:51:34
2023-04-06 20:40:24,917 - __main__ - INFO - [INFO] 2023-04-06 20:40:24.917043 Epoch [59/100] batch [257/391] loss 0.2830 lr 0.037565505641757285 acc 83.59% eta 0:51:41
2023-04-06 20:40:53,918 - __main__ - INFO - [INFO] 2023-04-06 20:40:53.918239 Epoch [59/100] batch [385/391] loss 0.4216 lr 0.037565505641757285 acc 86.72% eta 0:51:29
2023-04-06 20:40:55,226 - __main__ - INFO - Computing epoch 59 validation accuracy...
2023-04-06 20:41:00,637 - __main__ - INFO - Computing epoch 59 validation loss...
2023-04-06 20:41:06,614 - __main__ - INFO - [INFO] 2023-04-06 20:41:06.613745 Epoch [60/100] batch [1/391] loss 0.3887 lr 0.03605044469803857 acc 87.50% eta 0:52:23
2023-04-06 20:41:35,451 - __main__ - INFO - [INFO] 2023-04-06 20:41:35.451500 Epoch [60/100] batch [129/391] loss 0.4905 lr 0.03605044469803857 acc 86.72% eta 0:51:14
2023-04-06 20:42:04,384 - __main__ - INFO - [INFO] 2023-04-06 20:42:04.384657 Epoch [60/100] batch [257/391] loss 0.3010 lr 0.03605044469803857 acc 88.28% eta 0:50:56
2023-04-06 20:42:32,864 - __main__ - INFO - [INFO] 2023-04-06 20:42:32.864307 Epoch [60/100] batch [385/391] loss 0.3469 lr 0.03605044469803857 acc 81.25% eta 0:50:15
2023-04-06 20:42:34,179 - __main__ - INFO - Computing epoch 60 validation accuracy...
2023-04-06 20:42:39,674 - __main__ - INFO - Computing epoch 60 validation loss...
2023-04-06 20:42:45,505 - __main__ - INFO - [INFO] 2023-04-06 20:42:45.505060 Epoch [61/100] batch [1/391] loss 0.3633 lr 0.034549150281252675 acc 89.06% eta 0:58:00
2023-04-06 20:43:14,405 - __main__ - INFO - [INFO] 2023-04-06 20:43:14.405624 Epoch [61/100] batch [129/391] loss 0.3508 lr 0.034549150281252675 acc 87.50% eta 0:50:09
2023-04-06 20:43:43,364 - __main__ - INFO - [INFO] 2023-04-06 20:43:43.364709 Epoch [61/100] batch [257/391] loss 0.3425 lr 0.034549150281252675 acc 86.72% eta 0:49:43
2023-04-06 20:44:12,068 - __main__ - INFO - [INFO] 2023-04-06 20:44:12.068625 Epoch [61/100] batch [385/391] loss 0.2781 lr 0.034549150281252675 acc 91.41% eta 0:49:09
2023-04-06 20:44:13,388 - __main__ - INFO - Computing epoch 61 validation accuracy...
2023-04-06 20:44:18,736 - __main__ - INFO - Computing epoch 61 validation loss...
2023-04-06 20:44:24,538 - __main__ - INFO - [INFO] 2023-04-06 20:44:24.538419 Epoch [62/100] batch [1/391] loss 0.3796 lr 0.03306310398773546 acc 86.72% eta 0:48:10
2023-04-06 20:44:52,840 - __main__ - INFO - [INFO] 2023-04-06 20:44:52.840008 Epoch [62/100] batch [129/391] loss 0.4089 lr 0.03306310398773546 acc 81.25% eta 0:47:43
2023-04-06 20:45:21,656 - __main__ - INFO - [INFO] 2023-04-06 20:45:21.656066 Epoch [62/100] batch [257/391] loss 0.3333 lr 0.03306310398773546 acc 90.62% eta 0:47:47
2023-04-06 20:45:50,668 - __main__ - INFO - [INFO] 2023-04-06 20:45:50.668168 Epoch [62/100] batch [385/391] loss 0.5215 lr 0.03306310398773546 acc 79.69% eta 0:47:37
2023-04-06 20:45:51,976 - __main__ - INFO - Computing epoch 62 validation accuracy...
2023-04-06 20:45:57,533 - __main__ - INFO - Computing epoch 62 validation loss...
2023-04-06 20:46:03,545 - __main__ - INFO - [INFO] 2023-04-06 20:46:03.544916 Epoch [63/100] batch [1/391] loss 0.1755 lr 0.031593772365766146 acc 92.19% eta 0:50:48
2023-04-06 20:46:32,350 - __main__ - INFO - [INFO] 2023-04-06 20:46:32.350505 Epoch [63/100] batch [129/391] loss 0.2947 lr 0.031593772365766146 acc 90.62% eta 0:47:23
2023-04-06 20:47:01,412 - __main__ - INFO - [INFO] 2023-04-06 20:47:01.412399 Epoch [63/100] batch [257/391] loss 0.3557 lr 0.031593772365766146 acc 82.03% eta 0:47:05
2023-04-06 20:47:30,253 - __main__ - INFO - [INFO] 2023-04-06 20:47:30.253325 Epoch [63/100] batch [385/391] loss 0.3208 lr 0.031593772365766146 acc 88.28% eta 0:46:38
2023-04-06 20:47:31,558 - __main__ - INFO - Computing epoch 63 validation accuracy...
2023-04-06 20:47:36,995 - __main__ - INFO - Computing epoch 63 validation loss...
2023-04-06 20:47:42,637 - __main__ - INFO - [INFO] 2023-04-06 20:47:42.637006 Epoch [64/100] batch [1/391] loss 0.2739 lr 0.030142605468260992 acc 89.84% eta 0:50:44
2023-04-06 20:48:11,546 - __main__ - INFO - [INFO] 2023-04-06 20:48:11.546408 Epoch [64/100] batch [129/391] loss 0.3486 lr 0.030142605468260992 acc 87.50% eta 0:46:20
2023-04-06 20:48:40,235 - __main__ - INFO - [INFO] 2023-04-06 20:48:40.235493 Epoch [64/100] batch [257/391] loss 0.4304 lr 0.030142605468260992 acc 88.28% eta 0:45:44
2023-04-06 20:49:09,343 - __main__ - INFO - [INFO] 2023-04-06 20:49:09.343810 Epoch [64/100] batch [385/391] loss 0.3567 lr 0.030142605468260992 acc 85.94% eta 0:45:27
2023-04-06 20:49:10,629 - __main__ - INFO - Computing epoch 64 validation accuracy...
2023-04-06 20:49:15,971 - __main__ - INFO - Computing epoch 64 validation loss...
2023-04-06 20:49:21,706 - __main__ - INFO - [INFO] 2023-04-06 20:49:21.705860 Epoch [65/100] batch [1/391] loss 0.2494 lr 0.028711035421746394 acc 89.06% eta 0:48:57
2023-04-06 20:49:50,751 - __main__ - INFO - [INFO] 2023-04-06 20:49:50.751532 Epoch [65/100] batch [129/391] loss 0.3755 lr 0.028711035421746394 acc 83.59% eta 0:45:15
2023-04-06 20:50:20,022 - __main__ - INFO - [INFO] 2023-04-06 20:50:20.021984 Epoch [65/100] batch [257/391] loss 0.3040 lr 0.028711035421746394 acc 83.59% eta 0:45:00
2023-04-06 20:50:49,090 - __main__ - INFO - [INFO] 2023-04-06 20:50:49.090440 Epoch [65/100] batch [385/391] loss 0.3572 lr 0.028711035421746394 acc 89.06% eta 0:44:30
2023-04-06 20:50:50,396 - __main__ - INFO - Computing epoch 65 validation accuracy...
2023-04-06 20:50:55,767 - __main__ - INFO - Computing epoch 65 validation loss...
2023-04-06 20:51:01,718 - __main__ - INFO - [INFO] 2023-04-06 20:51:01.718133 Epoch [66/100] batch [1/391] loss 0.2598 lr 0.027300475013022688 acc 90.62% eta 0:54:03
2023-04-06 20:51:30,641 - __main__ - INFO - [INFO] 2023-04-06 20:51:30.641263 Epoch [66/100] batch [129/391] loss 0.2976 lr 0.027300475013022688 acc 93.75% eta 0:43:44
2023-04-06 20:51:59,472 - __main__ - INFO - [INFO] 2023-04-06 20:51:59.472179 Epoch [66/100] batch [257/391] loss 0.3135 lr 0.027300475013022688 acc 89.06% eta 0:43:15
2023-04-06 20:52:28,194 - __main__ - INFO - [INFO] 2023-04-06 20:52:28.194527 Epoch [66/100] batch [385/391] loss 0.3914 lr 0.027300475013022688 acc 91.41% eta 0:42:47
2023-04-06 20:52:29,517 - __main__ - INFO - Computing epoch 66 validation accuracy...
2023-04-06 20:52:34,887 - __main__ - INFO - Computing epoch 66 validation loss...
2023-04-06 20:52:40,739 - __main__ - INFO - [INFO] 2023-04-06 20:52:40.738927 Epoch [67/100] batch [1/391] loss 0.2290 lr 0.025912316294914254 acc 93.75% eta 0:41:38
2023-04-06 20:53:10,198 - __main__ - INFO - [INFO] 2023-04-06 20:53:10.198377 Epoch [67/100] batch [129/391] loss 0.3232 lr 0.025912316294914254 acc 88.28% eta 0:43:15
2023-04-06 20:53:39,080 - __main__ - INFO - [INFO] 2023-04-06 20:53:39.080420 Epoch [67/100] batch [257/391] loss 0.3367 lr 0.025912316294914254 acc 85.16% eta 0:42:28
2023-04-06 20:54:08,080 - __main__ - INFO - [INFO] 2023-04-06 20:54:08.080606 Epoch [67/100] batch [385/391] loss 0.3447 lr 0.025912316294914254 acc 86.72% eta 0:41:54
2023-04-06 20:54:09,457 - __main__ - INFO - Computing epoch 67 validation accuracy...
2023-04-06 20:54:14,795 - __main__ - INFO - Computing epoch 67 validation loss...
2023-04-06 20:54:20,526 - __main__ - INFO - [INFO] 2023-04-06 20:54:20.526105 Epoch [68/100] batch [1/391] loss 0.2983 lr 0.02454792921248146 acc 90.62% eta 0:44:50
2023-04-06 20:54:49,351 - __main__ - INFO - [INFO] 2023-04-06 20:54:49.351103 Epoch [68/100] batch [129/391] loss 0.2803 lr 0.02454792921248146 acc 90.62% eta 0:41:06
2023-04-06 20:55:18,542 - __main__ - INFO - [INFO] 2023-04-06 20:55:18.542403 Epoch [68/100] batch [257/391] loss 0.3276 lr 0.02454792921248146 acc 87.50% eta 0:40:57
2023-04-06 20:55:47,540 - __main__ - INFO - [INFO] 2023-04-06 20:55:47.540278 Epoch [68/100] batch [385/391] loss 0.2849 lr 0.02454792921248146 acc 92.19% eta 0:40:31
2023-04-06 20:55:48,838 - __main__ - INFO - Computing epoch 68 validation accuracy...
2023-04-06 20:55:54,127 - __main__ - INFO - Computing epoch 68 validation loss...
2023-04-06 20:55:59,941 - __main__ - INFO - [INFO] 2023-04-06 20:55:59.941539 Epoch [69/100] batch [1/391] loss 0.2169 lr 0.02320866025105018 acc 93.75% eta 0:38:55
2023-04-06 20:56:28,343 - __main__ - INFO - [INFO] 2023-04-06 20:56:28.343001 Epoch [69/100] batch [129/391] loss 0.2191 lr 0.02320866025105018 acc 91.41% eta 0:39:13
2023-04-06 20:56:57,288 - __main__ - INFO - [INFO] 2023-04-06 20:56:57.288663 Epoch [69/100] batch [257/391] loss 0.3154 lr 0.02320866025105018 acc 91.41% eta 0:39:13
2023-04-06 20:57:26,029 - __main__ - INFO - [INFO] 2023-04-06 20:57:26.029450 Epoch [69/100] batch [385/391] loss 0.4329 lr 0.02320866025105018 acc 82.81% eta 0:38:53
2023-04-06 20:57:27,366 - __main__ - INFO - Computing epoch 69 validation accuracy...
2023-04-06 20:57:32,857 - __main__ - INFO - Computing epoch 69 validation loss...
2023-04-06 20:57:38,537 - __main__ - INFO - [INFO] 2023-04-06 20:57:38.537220 Epoch [70/100] batch [1/391] loss 0.3252 lr 0.021895831107393487 acc 86.72% eta 0:37:29
2023-04-06 20:58:07,558 - __main__ - INFO - [INFO] 2023-04-06 20:58:07.558224 Epoch [70/100] batch [129/391] loss 0.2355 lr 0.021895831107393487 acc 90.62% eta 0:38:47
2023-04-06 20:58:36,262 - __main__ - INFO - [INFO] 2023-04-06 20:58:36.261870 Epoch [70/100] batch [257/391] loss 0.3682 lr 0.021895831107393487 acc 89.06% eta 0:38:08
2023-04-06 20:59:05,105 - __main__ - INFO - [INFO] 2023-04-06 20:59:05.105344 Epoch [70/100] batch [385/391] loss 0.3513 lr 0.021895831107393487 acc 91.41% eta 0:37:43
2023-04-06 20:59:06,411 - __main__ - INFO - Computing epoch 70 validation accuracy...
2023-04-06 20:59:11,822 - __main__ - INFO - Computing epoch 70 validation loss...
2023-04-06 20:59:17,888 - __main__ - INFO - [INFO] 2023-04-06 20:59:17.887948 Epoch [71/100] batch [1/391] loss 0.3196 lr 0.02061073738537637 acc 91.41% eta 0:36:18
2023-04-06 20:59:47,027 - __main__ - INFO - [INFO] 2023-04-06 20:59:47.027549 Epoch [71/100] batch [129/391] loss 0.2274 lr 0.02061073738537637 acc 91.41% eta 0:37:40
2023-04-06 21:00:15,846 - __main__ - INFO - [INFO] 2023-04-06 21:00:15.846340 Epoch [71/100] batch [257/391] loss 0.1904 lr 0.02061073738537637 acc 94.53% eta 0:37:06
2023-04-06 21:00:44,761 - __main__ - INFO - [INFO] 2023-04-06 21:00:44.761497 Epoch [71/100] batch [385/391] loss 0.1973 lr 0.02061073738537637 acc 92.97% eta 0:36:40
2023-04-06 21:00:46,144 - __main__ - INFO - Computing epoch 71 validation accuracy...
2023-04-06 21:00:51,426 - __main__ - INFO - Computing epoch 71 validation loss...
2023-04-06 21:00:57,103 - __main__ - INFO - [INFO] 2023-04-06 21:00:57.103703 Epoch [72/100] batch [1/391] loss 0.2808 lr 0.01935464731735119 acc 90.62% eta 0:38:59
2023-04-06 21:01:26,017 - __main__ - INFO - [INFO] 2023-04-06 21:01:26.017010 Epoch [72/100] batch [129/391] loss 0.2350 lr 0.01935464731735119 acc 90.62% eta 0:36:08
2023-04-06 21:01:55,105 - __main__ - INFO - [INFO] 2023-04-06 21:01:55.105671 Epoch [72/100] batch [257/391] loss 0.3118 lr 0.01935464731735119 acc 89.84% eta 0:35:51
2023-04-06 21:02:23,908 - __main__ - INFO - [INFO] 2023-04-06 21:02:23.908152 Epoch [72/100] batch [385/391] loss 0.2590 lr 0.01935464731735119 acc 92.97% eta 0:35:21
2023-04-06 21:02:25,208 - __main__ - INFO - Computing epoch 72 validation accuracy...
2023-04-06 21:02:30,601 - __main__ - INFO - Computing epoch 72 validation loss...
2023-04-06 21:02:36,472 - __main__ - INFO - [INFO] 2023-04-06 21:02:36.472511 Epoch [73/100] batch [1/391] loss 0.1912 lr 0.018128800512565532 acc 93.75% eta 0:35:16
2023-04-06 21:03:05,206 - __main__ - INFO - [INFO] 2023-04-06 21:03:05.205902 Epoch [73/100] batch [129/391] loss 0.2893 lr 0.018128800512565532 acc 92.19% eta 0:34:43
2023-04-06 21:03:33,499 - __main__ - INFO - [INFO] 2023-04-06 21:03:33.499007 Epoch [73/100] batch [257/391] loss 0.1539 lr 0.018128800512565532 acc 93.75% eta 0:34:01
2023-04-06 21:04:02,358 - __main__ - INFO - [INFO] 2023-04-06 21:04:02.358631 Epoch [73/100] batch [385/391] loss 0.2681 lr 0.018128800512565532 acc 93.75% eta 0:33:44
2023-04-06 21:04:03,633 - __main__ - INFO - Computing epoch 73 validation accuracy...
2023-04-06 21:04:08,961 - __main__ - INFO - Computing epoch 73 validation loss...
2023-04-06 21:04:14,611 - __main__ - INFO - [INFO] 2023-04-06 21:04:14.610950 Epoch [74/100] batch [1/391] loss 0.2998 lr 0.016934406733817433 acc 91.41% eta 0:31:46
2023-04-06 21:04:43,535 - __main__ - INFO - [INFO] 2023-04-06 21:04:43.535061 Epoch [74/100] batch [129/391] loss 0.1941 lr 0.016934406733817433 acc 93.75% eta 0:33:42
2023-04-06 21:05:12,519 - __main__ - INFO - [INFO] 2023-04-06 21:05:12.519004 Epoch [74/100] batch [257/391] loss 0.2661 lr 0.016934406733817433 acc 90.62% eta 0:33:18
2023-04-06 21:05:41,174 - __main__ - INFO - [INFO] 2023-04-06 21:05:41.174294 Epoch [74/100] batch [385/391] loss 0.2317 lr 0.016934406733817433 acc 95.31% eta 0:32:46
2023-04-06 21:05:42,502 - __main__ - INFO - Computing epoch 74 validation accuracy...
2023-04-06 21:05:47,908 - __main__ - INFO - Computing epoch 74 validation loss...
2023-04-06 21:05:53,692 - __main__ - INFO - [INFO] 2023-04-06 21:05:53.692650 Epoch [75/100] batch [1/391] loss 0.1401 lr 0.01577264470356558 acc 95.31% eta 0:32:53
2023-04-06 21:06:22,517 - __main__ - INFO - [INFO] 2023-04-06 21:06:22.517190 Epoch [75/100] batch [129/391] loss 0.2512 lr 0.01577264470356558 acc 93.75% eta 0:32:15
2023-04-06 21:06:51,296 - __main__ - INFO - [INFO] 2023-04-06 21:06:51.295854 Epoch [75/100] batch [257/391] loss 0.2539 lr 0.01577264470356558 acc 93.75% eta 0:31:50
2023-04-06 21:07:20,414 - __main__ - INFO - [INFO] 2023-04-06 21:07:20.414413 Epoch [75/100] batch [385/391] loss 0.1887 lr 0.01577264470356558 acc 93.75% eta 0:31:33
2023-04-06 21:07:21,746 - __main__ - INFO - Computing epoch 75 validation accuracy...
2023-04-06 21:07:27,090 - __main__ - INFO - Computing epoch 75 validation loss...
2023-04-06 21:07:32,729 - __main__ - INFO - [INFO] 2023-04-06 21:07:32.728955 Epoch [76/100] batch [1/391] loss 0.2861 lr 0.014644660940672643 acc 92.19% eta 0:27:59
2023-04-06 21:08:01,863 - __main__ - INFO - [INFO] 2023-04-06 21:08:01.863770 Epoch [76/100] batch [129/391] loss 0.1965 lr 0.014644660940672643 acc 92.19% eta 0:31:15
2023-04-06 21:08:30,599 - __main__ - INFO - [INFO] 2023-04-06 21:08:30.599714 Epoch [76/100] batch [257/391] loss 0.1910 lr 0.014644660940672643 acc 95.31% eta 0:30:42
2023-04-06 21:08:59,711 - __main__ - INFO - [INFO] 2023-04-06 21:08:59.711430 Epoch [76/100] batch [385/391] loss 0.1915 lr 0.014644660940672643 acc 94.53% eta 0:30:21
2023-04-06 21:09:01,048 - __main__ - INFO - Computing epoch 76 validation accuracy...
2023-04-06 21:09:06,414 - __main__ - INFO - Computing epoch 76 validation loss...
2023-04-06 21:09:12,148 - __main__ - INFO - [INFO] 2023-04-06 21:09:12.147832 Epoch [77/100] batch [1/391] loss 0.1770 lr 0.013551568628929448 acc 94.53% eta 0:32:32
2023-04-06 21:09:41,010 - __main__ - INFO - [INFO] 2023-04-06 21:09:41.010728 Epoch [77/100] batch [129/391] loss 0.1746 lr 0.013551568628929448 acc 96.09% eta 0:29:51
2023-04-06 21:10:10,221 - __main__ - INFO - [INFO] 2023-04-06 21:10:10.221203 Epoch [77/100] batch [257/391] loss 0.2664 lr 0.013551568628929448 acc 95.31% eta 0:29:36
2023-04-06 21:10:39,133 - __main__ - INFO - [INFO] 2023-04-06 21:10:39.133219 Epoch [77/100] batch [385/391] loss 0.2588 lr 0.013551568628929448 acc 93.75% eta 0:29:05
2023-04-06 21:10:40,437 - __main__ - INFO - Computing epoch 77 validation accuracy...
2023-04-06 21:10:45,883 - __main__ - INFO - Computing epoch 77 validation loss...
2023-04-06 21:10:51,619 - __main__ - INFO - [INFO] 2023-04-06 21:10:51.619356 Epoch [78/100] batch [1/391] loss 0.2017 lr 0.012494446518477033 acc 92.19% eta 0:26:14
2023-04-06 21:11:20,472 - __main__ - INFO - [INFO] 2023-04-06 21:11:20.472512 Epoch [78/100] batch [129/391] loss 0.2910 lr 0.012494446518477033 acc 92.19% eta 0:28:31
2023-04-06 21:11:49,946 - __main__ - INFO - [INFO] 2023-04-06 21:11:49.946356 Epoch [78/100] batch [257/391] loss 0.2900 lr 0.012494446518477033 acc 89.84% eta 0:28:27
2023-04-06 21:12:19,252 - __main__ - INFO - [INFO] 2023-04-06 21:12:19.252290 Epoch [78/100] batch [385/391] loss 0.2185 lr 0.012494446518477033 acc 91.41% eta 0:28:04
2023-04-06 21:12:20,567 - __main__ - INFO - Computing epoch 78 validation accuracy...
2023-04-06 21:12:25,923 - __main__ - INFO - Computing epoch 78 validation loss...
2023-04-06 21:12:31,567 - __main__ - INFO - [INFO] 2023-04-06 21:12:31.566933 Epoch [79/100] batch [1/391] loss 0.2329 lr 0.011474337861210555 acc 95.31% eta 0:29:50
2023-04-06 21:13:00,414 - __main__ - INFO - [INFO] 2023-04-06 21:13:00.413838 Epoch [79/100] batch [129/391] loss 0.1465 lr 0.011474337861210555 acc 96.09% eta 0:27:13
2023-04-06 21:13:29,165 - __main__ - INFO - [INFO] 2023-04-06 21:13:29.165268 Epoch [79/100] batch [257/391] loss 0.2113 lr 0.011474337861210555 acc 91.41% eta 0:26:49
2023-04-06 21:13:58,247 - __main__ - INFO - [INFO] 2023-04-06 21:13:58.247011 Epoch [79/100] batch [385/391] loss 0.2467 lr 0.011474337861210555 acc 92.97% eta 0:26:30
2023-04-06 21:13:59,572 - __main__ - INFO - Computing epoch 79 validation accuracy...
2023-04-06 21:14:04,831 - __main__ - INFO - Computing epoch 79 validation loss...
2023-04-06 21:14:10,688 - __main__ - INFO - [INFO] 2023-04-06 21:14:10.688725 Epoch [80/100] batch [1/391] loss 0.2512 lr 0.01049224938121549 acc 94.53% eta 0:28:30
2023-04-06 21:14:39,749 - __main__ - INFO - [INFO] 2023-04-06 21:14:39.749445 Epoch [80/100] batch [129/391] loss 0.1576 lr 0.01049224938121549 acc 93.75% eta 0:26:14
2023-04-06 21:15:07,756 - __main__ - INFO - [INFO] 2023-04-06 21:15:07.756033 Epoch [80/100] batch [257/391] loss 0.1149 lr 0.01049224938121549 acc 96.88% eta 0:25:21
2023-04-06 21:15:36,414 - __main__ - INFO - [INFO] 2023-04-06 21:15:36.414224 Epoch [80/100] batch [385/391] loss 0.1937 lr 0.01049224938121549 acc 95.31% eta 0:24:59
2023-04-06 21:15:37,770 - __main__ - INFO - Computing epoch 80 validation accuracy...
2023-04-06 21:15:43,110 - __main__ - INFO - Computing epoch 80 validation loss...
2023-04-06 21:15:48,927 - __main__ - INFO - [INFO] 2023-04-06 21:15:48.927296 Epoch [81/100] batch [1/391] loss 0.1825 lr 0.009549150281252642 acc 92.97% eta 0:27:14
2023-04-06 21:16:17,821 - __main__ - INFO - [INFO] 2023-04-06 21:16:17.821104 Epoch [81/100] batch [129/391] loss 0.2134 lr 0.009549150281252642 acc 94.53% eta 0:24:52
2023-04-06 21:16:46,625 - __main__ - INFO - [INFO] 2023-04-06 21:16:46.624803 Epoch [81/100] batch [257/391] loss 0.2080 lr 0.009549150281252642 acc 95.31% eta 0:24:23
2023-04-06 21:17:15,523 - __main__ - INFO - [INFO] 2023-04-06 21:17:15.522829 Epoch [81/100] batch [385/391] loss 0.1390 lr 0.009549150281252642 acc 96.88% eta 0:23:59
2023-04-06 21:17:16,853 - __main__ - INFO - Computing epoch 81 validation accuracy...
2023-04-06 21:17:22,117 - __main__ - INFO - Computing epoch 81 validation loss...
2023-04-06 21:17:27,848 - __main__ - INFO - [INFO] 2023-04-06 21:17:27.848477 Epoch [82/100] batch [1/391] loss 0.1433 lr 0.008645971286271922 acc 95.31% eta 0:25:11
2023-04-06 21:17:56,762 - __main__ - INFO - [INFO] 2023-04-06 21:17:56.762755 Epoch [82/100] batch [129/391] loss 0.2067 lr 0.008645971286271922 acc 93.75% eta 0:23:32
2023-04-06 21:18:25,402 - __main__ - INFO - [INFO] 2023-04-06 21:18:25.402548 Epoch [82/100] batch [257/391] loss 0.2354 lr 0.008645971286271922 acc 92.19% eta 0:23:03
2023-04-06 21:18:54,481 - __main__ - INFO - [INFO] 2023-04-06 21:18:54.481241 Epoch [82/100] batch [385/391] loss 0.1763 lr 0.008645971286271922 acc 96.88% eta 0:22:44
2023-04-06 21:18:55,830 - __main__ - INFO - Computing epoch 82 validation accuracy...
2023-04-06 21:19:01,142 - __main__ - INFO - Computing epoch 82 validation loss...
2023-04-06 21:19:07,213 - __main__ - INFO - [INFO] 2023-04-06 21:19:07.213044 Epoch [83/100] batch [1/391] loss 0.1575 lr 0.007783603724899264 acc 99.22% eta 0:24:52
2023-04-06 21:19:35,791 - __main__ - INFO - [INFO] 2023-04-06 21:19:35.791499 Epoch [83/100] batch [129/391] loss 0.1458 lr 0.007783603724899264 acc 95.31% eta 0:22:06
2023-04-06 21:20:04,428 - __main__ - INFO - [INFO] 2023-04-06 21:20:04.428084 Epoch [83/100] batch [257/391] loss 0.1327 lr 0.007783603724899264 acc 97.66% eta 0:21:39
2023-04-06 21:20:33,200 - __main__ - INFO - [INFO] 2023-04-06 21:20:33.200232 Epoch [83/100] batch [385/391] loss 0.2693 lr 0.007783603724899264 acc 95.31% eta 0:21:17
2023-04-06 21:20:34,560 - __main__ - INFO - Computing epoch 83 validation accuracy...
2023-04-06 21:20:40,122 - __main__ - INFO - Computing epoch 83 validation loss...
2023-04-06 21:20:46,107 - __main__ - INFO - [INFO] 2023-04-06 21:20:46.107051 Epoch [84/100] batch [1/391] loss 0.0664 lr 0.006962898649802819 acc 98.44% eta 0:23:14
2023-04-06 21:21:14,796 - __main__ - INFO - [INFO] 2023-04-06 21:21:14.795969 Epoch [84/100] batch [129/391] loss 0.1555 lr 0.006962898649802819 acc 95.31% eta 0:20:55
2023-04-06 21:21:43,592 - __main__ - INFO - [INFO] 2023-04-06 21:21:43.591968 Epoch [84/100] batch [257/391] loss 0.1191 lr 0.006962898649802819 acc 99.22% eta 0:20:31
2023-04-06 21:22:12,130 - __main__ - INFO - [INFO] 2023-04-06 21:22:12.130080 Epoch [84/100] batch [385/391] loss 0.1231 lr 0.006962898649802819 acc 95.31% eta 0:20:03
2023-04-06 21:22:13,425 - __main__ - INFO - Computing epoch 84 validation accuracy...
2023-04-06 21:22:18,724 - __main__ - INFO - Computing epoch 84 validation loss...
2023-04-06 21:22:24,518 - __main__ - INFO - [INFO] 2023-04-06 21:22:24.517829 Epoch [85/100] batch [1/391] loss 0.1063 lr 0.0061846659978068265 acc 98.44% eta 0:22:24
2023-04-06 21:22:53,250 - __main__ - INFO - [INFO] 2023-04-06 21:22:53.250394 Epoch [85/100] batch [129/391] loss 0.1136 lr 0.0061846659978068265 acc 98.44% eta 0:19:40
2023-04-06 21:23:22,045 - __main__ - INFO - [INFO] 2023-04-06 21:23:22.045171 Epoch [85/100] batch [257/391] loss 0.0735 lr 0.0061846659978068265 acc 97.66% eta 0:19:17
2023-04-06 21:23:50,917 - __main__ - INFO - [INFO] 2023-04-06 21:23:50.917068 Epoch [85/100] batch [385/391] loss 0.1030 lr 0.0061846659978068265 acc 97.66% eta 0:18:53
2023-04-06 21:23:52,223 - __main__ - INFO - Computing epoch 85 validation accuracy...
2023-04-06 21:23:57,492 - __main__ - INFO - Computing epoch 85 validation loss...
2023-04-06 21:24:03,334 - __main__ - INFO - [INFO] 2023-04-06 21:24:03.334510 Epoch [86/100] batch [1/391] loss 0.0776 lr 0.005449673790581615 acc 97.66% eta 0:20:38
2023-04-06 21:24:31,910 - __main__ - INFO - [INFO] 2023-04-06 21:24:31.910776 Epoch [86/100] batch [129/391] loss 0.1415 lr 0.005449673790581615 acc 95.31% eta 0:18:18
2023-04-06 21:25:00,668 - __main__ - INFO - [INFO] 2023-04-06 21:25:00.668531 Epoch [86/100] batch [257/391] loss 0.0951 lr 0.005449673790581615 acc 96.88% eta 0:17:57
2023-04-06 21:25:29,432 - __main__ - INFO - [INFO] 2023-04-06 21:25:29.432199 Epoch [86/100] batch [385/391] loss 0.1042 lr 0.005449673790581615 acc 99.22% eta 0:17:34
2023-04-06 21:25:30,869 - __main__ - INFO - Computing epoch 86 validation accuracy...
2023-04-06 21:25:36,213 - __main__ - INFO - Computing epoch 86 validation loss...
2023-04-06 21:25:41,906 - __main__ - INFO - [INFO] 2023-04-06 21:25:41.905952 Epoch [87/100] batch [1/391] loss 0.0616 lr 0.004758647376699036 acc 98.44% eta 0:16:40
2023-04-06 21:26:10,835 - __main__ - INFO - [INFO] 2023-04-06 21:26:10.834900 Epoch [87/100] batch [129/391] loss 0.0866 lr 0.004758647376699036 acc 98.44% eta 0:17:17
2023-04-06 21:26:40,303 - __main__ - INFO - [INFO] 2023-04-06 21:26:40.302693 Epoch [87/100] batch [257/391] loss 0.1117 lr 0.004758647376699036 acc 96.88% eta 0:17:02
2023-04-06 21:27:08,924 - __main__ - INFO - [INFO] 2023-04-06 21:27:08.923996 Epoch [87/100] batch [385/391] loss 0.1267 lr 0.004758647376699036 acc 97.66% eta 0:16:30
2023-04-06 21:27:10,203 - __main__ - INFO - Computing epoch 87 validation accuracy...
2023-04-06 21:27:15,526 - __main__ - INFO - Computing epoch 87 validation loss...
2023-04-06 21:27:21,217 - __main__ - INFO - [INFO] 2023-04-06 21:27:21.217009 Epoch [88/100] batch [1/391] loss 0.0902 lr 0.004112268715800957 acc 99.22% eta 0:18:34
2023-04-06 21:27:50,351 - __main__ - INFO - [INFO] 2023-04-06 21:27:50.351563 Epoch [88/100] batch [129/391] loss 0.0745 lr 0.004112268715800957 acc 97.66% eta 0:16:14
2023-04-06 21:28:19,681 - __main__ - INFO - [INFO] 2023-04-06 21:28:19.680891 Epoch [88/100] batch [257/391] loss 0.1415 lr 0.004112268715800957 acc 94.53% eta 0:15:49
2023-04-06 21:28:48,780 - __main__ - INFO - [INFO] 2023-04-06 21:28:48.779797 Epoch [88/100] batch [385/391] loss 0.0818 lr 0.004112268715800957 acc 99.22% eta 0:15:22
2023-04-06 21:28:50,148 - __main__ - INFO - Computing epoch 88 validation accuracy...
2023-04-06 21:28:55,657 - __main__ - INFO - Computing epoch 88 validation loss...
2023-04-06 21:29:01,302 - __main__ - INFO - [INFO] 2023-04-06 21:29:01.302651 Epoch [89/100] batch [1/391] loss 0.1092 lr 0.003511175705587435 acc 97.66% eta 0:17:24
2023-04-06 21:29:30,490 - __main__ - INFO - [INFO] 2023-04-06 21:29:30.490177 Epoch [89/100] batch [129/391] loss 0.1027 lr 0.003511175705587435 acc 96.09% eta 0:14:54
2023-04-06 21:29:59,845 - __main__ - INFO - [INFO] 2023-04-06 21:29:59.844937 Epoch [89/100] batch [257/391] loss 0.0510 lr 0.003511175705587435 acc 99.22% eta 0:14:32
2023-04-06 21:30:28,914 - __main__ - INFO - [INFO] 2023-04-06 21:30:28.914673 Epoch [89/100] batch [385/391] loss 0.1320 lr 0.003511175705587435 acc 97.66% eta 0:14:05
2023-04-06 21:30:30,221 - __main__ - INFO - Computing epoch 89 validation accuracy...
2023-04-06 21:30:35,526 - __main__ - INFO - Computing epoch 89 validation loss...
2023-04-06 21:30:41,345 - __main__ - INFO - [INFO] 2023-04-06 21:30:41.345511 Epoch [90/100] batch [1/391] loss 0.1131 lr 0.0029559615522887295 acc 98.44% eta 0:13:29
2023-04-06 21:31:10,525 - __main__ - INFO - [INFO] 2023-04-06 21:31:10.524820 Epoch [90/100] batch [129/391] loss 0.1069 lr 0.0029559615522887295 acc 97.66% eta 0:13:39
2023-04-06 21:31:39,591 - __main__ - INFO - [INFO] 2023-04-06 21:31:39.591418 Epoch [90/100] batch [257/391] loss 0.0495 lr 0.0029559615522887295 acc 99.22% eta 0:13:10
2023-04-06 21:32:09,028 - __main__ - INFO - [INFO] 2023-04-06 21:32:09.028681 Epoch [90/100] batch [385/391] loss 0.0658 lr 0.0029559615522887295 acc 98.44% eta 0:12:48
2023-04-06 21:32:10,355 - __main__ - INFO - Computing epoch 90 validation accuracy...
2023-04-06 21:32:15,515 - __main__ - INFO - Computing epoch 90 validation loss...
2023-04-06 21:32:21,023 - __main__ - INFO - [INFO] 2023-04-06 21:32:21.023499 Epoch [91/100] batch [1/391] loss 0.0781 lr 0.0024471741852423253 acc 96.88% eta 0:12:51
2023-04-06 21:32:50,404 - __main__ - INFO - [INFO] 2023-04-06 21:32:50.404020 Epoch [91/100] batch [129/391] loss 0.0939 lr 0.0024471741852423253 acc 97.66% eta 0:12:28
2023-04-06 21:33:19,265 - __main__ - INFO - [INFO] 2023-04-06 21:33:19.265241 Epoch [91/100] batch [257/391] loss 0.1558 lr 0.0024471741852423253 acc 96.88% eta 0:11:56
2023-04-06 21:33:48,547 - __main__ - INFO - [INFO] 2023-04-06 21:33:48.547142 Epoch [91/100] batch [385/391] loss 0.0967 lr 0.0024471741852423253 acc 99.22% eta 0:11:31
2023-04-06 21:33:49,858 - __main__ - INFO - Computing epoch 91 validation accuracy...
2023-04-06 21:33:55,182 - __main__ - INFO - Computing epoch 91 validation loss...
2023-04-06 21:34:00,782 - __main__ - INFO - [INFO] 2023-04-06 21:34:00.782342 Epoch [92/100] batch [1/391] loss 0.0829 lr 0.0019853157161528537 acc 97.66% eta 0:11:58
2023-04-06 21:34:30,010 - __main__ - INFO - [INFO] 2023-04-06 21:34:30.010332 Epoch [92/100] batch [129/391] loss 0.0955 lr 0.0019853157161528537 acc 97.66% eta 0:11:06
2023-04-06 21:34:59,114 - __main__ - INFO - [INFO] 2023-04-06 21:34:59.114187 Epoch [92/100] batch [257/391] loss 0.0488 lr 0.0019853157161528537 acc 99.22% eta 0:10:39
2023-04-06 21:35:28,379 - __main__ - INFO - [INFO] 2023-04-06 21:35:28.379711 Epoch [92/100] batch [385/391] loss 0.0583 lr 0.0019853157161528537 acc 99.22% eta 0:10:14
2023-04-06 21:35:29,720 - __main__ - INFO - Computing epoch 92 validation accuracy...
2023-04-06 21:35:35,032 - __main__ - INFO - Computing epoch 92 validation loss...
2023-04-06 21:35:40,695 - __main__ - INFO - [INFO] 2023-04-06 21:35:40.695412 Epoch [93/100] batch [1/391] loss 0.0856 lr 0.0015708419435684529 acc 98.44% eta 0:10:18
2023-04-06 21:36:09,766 - __main__ - INFO - [INFO] 2023-04-06 21:36:09.766583 Epoch [93/100] batch [129/391] loss 0.0352 lr 0.0015708419435684529 acc 100.00% eta 0:09:46
2023-04-06 21:36:38,648 - __main__ - INFO - [INFO] 2023-04-06 21:36:38.648540 Epoch [93/100] batch [257/391] loss 0.0238 lr 0.0015708419435684529 acc 99.22% eta 0:09:18
2023-04-06 21:37:07,826 - __main__ - INFO - [INFO] 2023-04-06 21:37:07.825957 Epoch [93/100] batch [385/391] loss 0.0498 lr 0.0015708419435684529 acc 99.22% eta 0:08:55
2023-04-06 21:37:09,146 - __main__ - INFO - Computing epoch 93 validation accuracy...
2023-04-06 21:37:14,300 - __main__ - INFO - Computing epoch 93 validation loss...
2023-04-06 21:37:19,949 - __main__ - INFO - [INFO] 2023-04-06 21:37:19.949734 Epoch [94/100] batch [1/391] loss 0.0440 lr 0.0012041619030626347 acc 98.44% eta 0:09:06
2023-04-06 21:37:49,245 - __main__ - INFO - [INFO] 2023-04-06 21:37:49.245549 Epoch [94/100] batch [129/391] loss 0.0502 lr 0.0012041619030626347 acc 99.22% eta 0:08:33
2023-04-06 21:38:18,543 - __main__ - INFO - [INFO] 2023-04-06 21:38:18.543132 Epoch [94/100] batch [257/391] loss 0.1004 lr 0.0012041619030626347 acc 96.88% eta 0:08:08
2023-04-06 21:38:47,270 - __main__ - INFO - [INFO] 2023-04-06 21:38:47.269910 Epoch [94/100] batch [385/391] loss 0.1178 lr 0.0012041619030626347 acc 97.66% eta 0:07:39
2023-04-06 21:38:48,644 - __main__ - INFO - Computing epoch 94 validation accuracy...
2023-04-06 21:38:53,908 - __main__ - INFO - Computing epoch 94 validation loss...
2023-04-06 21:38:59,518 - __main__ - INFO - [INFO] 2023-04-06 21:38:59.518701 Epoch [95/100] batch [1/391] loss 0.0284 lr 0.0008856374635655646 acc 100.00% eta 0:07:37
2023-04-06 21:39:28,525 - __main__ - INFO - [INFO] 2023-04-06 21:39:28.525408 Epoch [95/100] batch [129/391] loss 0.0542 lr 0.0008856374635655646 acc 99.22% eta 0:07:12
2023-04-06 21:39:57,863 - __main__ - INFO - [INFO] 2023-04-06 21:39:57.862974 Epoch [95/100] batch [257/391] loss 0.0779 lr 0.0008856374635655646 acc 97.66% eta 0:06:49
2023-04-06 21:40:27,161 - __main__ - INFO - [INFO] 2023-04-06 21:40:27.161750 Epoch [95/100] batch [385/391] loss 0.0834 lr 0.0008856374635655646 acc 97.66% eta 0:06:25
2023-04-06 21:40:28,499 - __main__ - INFO - Computing epoch 95 validation accuracy...
2023-04-06 21:40:33,770 - __main__ - INFO - Computing epoch 95 validation loss...
2023-04-06 21:40:39,409 - __main__ - INFO - [INFO] 2023-04-06 21:40:39.409454 Epoch [96/100] batch [1/391] loss 0.0740 lr 0.0006155829702431174 acc 97.66% eta 0:06:25
2023-04-06 21:41:08,507 - __main__ - INFO - [INFO] 2023-04-06 21:41:08.507051 Epoch [96/100] batch [129/391] loss 0.0442 lr 0.0006155829702431174 acc 98.44% eta 0:05:55
2023-04-06 21:41:37,581 - __main__ - INFO - [INFO] 2023-04-06 21:41:37.581197 Epoch [96/100] batch [257/391] loss 0.1166 lr 0.0006155829702431174 acc 95.31% eta 0:05:31
2023-04-06 21:42:06,811 - __main__ - INFO - [INFO] 2023-04-06 21:42:06.811636 Epoch [96/100] batch [385/391] loss 0.0716 lr 0.0006155829702431174 acc 98.44% eta 0:05:07
2023-04-06 21:42:08,163 - __main__ - INFO - Computing epoch 96 validation accuracy...
2023-04-06 21:42:13,438 - __main__ - INFO - Computing epoch 96 validation loss...
2023-04-06 21:42:19,038 - __main__ - INFO - [INFO] 2023-04-06 21:42:19.038490 Epoch [97/100] batch [1/391] loss 0.0219 lr 0.00039426493427611206 acc 99.22% eta 0:04:41
2023-04-06 21:42:48,297 - __main__ - INFO - [INFO] 2023-04-06 21:42:48.297683 Epoch [97/100] batch [129/391] loss 0.0147 lr 0.00039426493427611206 acc 100.00% eta 0:04:41
2023-04-06 21:43:17,621 - __main__ - INFO - [INFO] 2023-04-06 21:43:17.620997 Epoch [97/100] batch [257/391] loss 0.0613 lr 0.00039426493427611206 acc 98.44% eta 0:04:16
2023-04-06 21:43:46,505 - __main__ - INFO - [INFO] 2023-04-06 21:43:46.505112 Epoch [97/100] batch [385/391] loss 0.0359 lr 0.00039426493427611206 acc 99.22% eta 0:03:50
2023-04-06 21:43:47,831 - __main__ - INFO - Computing epoch 97 validation accuracy...
2023-04-06 21:43:53,150 - __main__ - INFO - Computing epoch 97 validation loss...
2023-04-06 21:43:58,821 - __main__ - INFO - [INFO] 2023-04-06 21:43:58.821433 Epoch [98/100] batch [1/391] loss 0.0558 lr 0.00022190176984600036 acc 98.44% eta 0:04:23
2023-04-06 21:44:28,224 - __main__ - INFO - [INFO] 2023-04-06 21:44:28.224193 Epoch [98/100] batch [129/391] loss 0.0534 lr 0.00022190176984600036 acc 98.44% eta 0:03:26
2023-04-06 21:44:57,466 - __main__ - INFO - [INFO] 2023-04-06 21:44:57.465987 Epoch [98/100] batch [257/391] loss 0.0944 lr 0.00022190176984600036 acc 96.09% eta 0:03:00
2023-04-06 21:45:26,511 - __main__ - INFO - [INFO] 2023-04-06 21:45:26.510978 Epoch [98/100] batch [385/391] loss 0.0405 lr 0.00022190176984600036 acc 98.44% eta 0:02:34
2023-04-06 21:45:27,841 - __main__ - INFO - Computing epoch 98 validation accuracy...
2023-04-06 21:45:33,173 - __main__ - INFO - Computing epoch 98 validation loss...
2023-04-06 21:45:38,906 - __main__ - INFO - [INFO] 2023-04-06 21:45:38.906692 Epoch [99/100] batch [1/391] loss 0.0649 lr 9.866357858642213e-05 acc 98.44% eta 0:02:37
2023-04-06 21:46:07,667 - __main__ - INFO - [INFO] 2023-04-06 21:46:07.667284 Epoch [99/100] batch [129/391] loss 0.0445 lr 9.866357858642213e-05 acc 98.44% eta 0:02:06
2023-04-06 21:46:36,285 - __main__ - INFO - [INFO] 2023-04-06 21:46:36.285166 Epoch [99/100] batch [257/391] loss 0.0518 lr 9.866357858642213e-05 acc 98.44% eta 0:01:41
2023-04-06 21:47:04,932 - __main__ - INFO - [INFO] 2023-04-06 21:47:04.932547 Epoch [99/100] batch [385/391] loss 0.0271 lr 9.866357858642213e-05 acc 99.22% eta 0:01:16
2023-04-06 21:47:06,207 - __main__ - INFO - Computing epoch 99 validation accuracy...
2023-04-06 21:47:11,509 - __main__ - INFO - Computing epoch 99 validation loss...
2023-04-06 21:47:17,100 - __main__ - INFO - [INFO] 2023-04-06 21:47:17.100480 Epoch [100/100] batch [1/391] loss 0.0616 lr 2.4671981713420017e-05 acc 97.66% eta 0:01:23
2023-04-06 21:47:45,830 - __main__ - INFO - [INFO] 2023-04-06 21:47:45.830501 Epoch [100/100] batch [129/391] loss 0.0441 lr 2.4671981713420017e-05 acc 99.22% eta 0:00:50
2023-04-06 21:48:14,159 - __main__ - INFO - [INFO] 2023-04-06 21:48:14.158904 Epoch [100/100] batch [257/391] loss 0.0726 lr 2.4671981713420017e-05 acc 96.88% eta 0:00:25
2023-04-06 21:48:42,822 - __main__ - INFO - [INFO] 2023-04-06 21:48:42.822604 Epoch [100/100] batch [385/391] loss 0.0542 lr 2.4671981713420017e-05 acc 99.22% eta 0:00:01
2023-04-06 21:48:44,135 - __main__ - INFO - Computing epoch 100 validation accuracy...
2023-04-06 21:48:49,431 - __main__ - INFO - Computing epoch 100 validation loss...
2023-04-06 21:48:55,128 - __main__ - INFO - Reading testing data set cifar10
2023-04-06 21:48:55,893 - __main__ - INFO - Loading trained model...
2023-04-06 21:49:02,254 - __main__ - INFO - Testing acc : 92.74%.
