2023-04-05 17:36:17,373 - __main__ - INFO - 

2023-04-05 17:36:17,374 - __main__ - INFO - ***************
2023-04-05 17:36:17,374 - __main__ - INFO - ** Arguments **
2023-04-05 17:36:17,374 - __main__ - INFO - ***************
2023-04-05 17:36:17,374 - __main__ - INFO - backbone: resnet20
2023-04-05 17:36:17,374 - __main__ - INFO - dataname: cifar100
2023-04-05 17:36:17,374 - __main__ - INFO - drop_method: sd
2023-04-05 17:36:17,374 - __main__ - INFO - drop_rate: 0.3
2023-04-05 17:36:17,374 - __main__ - INFO - eval_only: 0
2023-04-05 17:36:17,374 - __main__ - INFO - output_path: checkpoints/cifar100/resnet20/drop_sd/rate_0.3/seed2
2023-04-05 17:36:17,374 - __main__ - INFO - part_rate: 0.1
2023-04-05 17:36:17,374 - __main__ - INFO - seed: 2
2023-04-05 17:36:17,374 - __main__ - INFO - weight_decay: 0.0005
2023-04-05 17:36:17,374 - __main__ - INFO - ************
2023-04-05 17:36:17,374 - __main__ - INFO - ** Config **
2023-04-05 17:36:17,374 - __main__ - INFO - ************
2023-04-05 17:36:17,374 - __main__ - INFO - {'DATALOADER': {'PATH': './data', 'DATANAME': 'cifar100', 'BATCH_SIZE': 128, 'NUM_CLASSES': 100}, 'INPUT': {'SIZE': [32, 32], 'PIXEL_MEAN': [0.4914, 0.4822, 0.4465], 'PIXEL_STD': [0.2023, 0.1994, 0.201]}, 'OUTPUT': {'DIR': 'checkpoints/cifar100/resnet20/drop_sd/rate_0.3/seed2'}, 'SEED': 2, 'OPTIM': {'LR': 0.1, 'MAX_EPOCH': 100, 'LR_SCHEDULER': 'step', 'LR_MILESTONES': [20, 40, 80, 120, 140], 'LR_DECAY': 0.2, 'PART_RATE': 0.1, 'WEIGHT_DECAY': 0.0005, 'DROP_RATE': 0.3, 'DROP_METHOD': 'sd', 'BLOCK_SIZE': 7}, 'MODEL': {'BACKBONE': 'resnet20'}}
2023-04-05 17:36:17,394 - __main__ - INFO - Reading training data set cifar100
2023-04-05 17:36:19,430 - __main__ - INFO - Loading raw model
2023-04-05 17:36:22,181 - __main__ - INFO - 
Saving everything to checkpoints/cifar100/resnet20/drop_sd/rate_0.3/seed2
2023-04-05 17:36:22,182 - __main__ - INFO - Start training...
2023-04-05 17:36:26,799 - __main__ - INFO - [INFO] 2023-04-05 17:36:26.799766 Epoch [1/100] batch [1/391] loss 6.4609 lr 0.1 acc 0.78% eta 2 days, 2:04:20
2023-04-05 17:36:39,023 - __main__ - INFO - [INFO] 2023-04-05 17:36:39.023510 Epoch [1/100] batch [129/391] loss 4.3594 lr 0.1 acc 10.94% eta 1:20:12
2023-04-05 17:36:51,314 - __main__ - INFO - [INFO] 2023-04-05 17:36:51.313991 Epoch [1/100] batch [257/391] loss 4.1055 lr 0.1 acc 8.59% eta 1:08:51
2023-04-05 17:37:03,736 - __main__ - INFO - [INFO] 2023-04-05 17:37:03.736161 Epoch [1/100] batch [385/391] loss 4.0469 lr 0.1 acc 7.03% eta 1:05:08
2023-04-05 17:37:04,325 - __main__ - INFO - Computing epoch 1 validation accuracy...
2023-04-05 17:37:07,716 - __main__ - INFO - Computing epoch 1 validation loss...
2023-04-05 17:37:11,184 - __main__ - INFO - [INFO] 2023-04-05 17:37:11.184026 Epoch [2/100] batch [1/391] loss 3.8320 lr 0.09997532801828658 acc 10.94% eta 1:00:42
2023-04-05 17:37:23,170 - __main__ - INFO - [INFO] 2023-04-05 17:37:23.170394 Epoch [2/100] batch [129/391] loss 3.8730 lr 0.09997532801828658 acc 7.81% eta 0:55:53
2023-04-05 17:37:35,448 - __main__ - INFO - [INFO] 2023-04-05 17:37:35.448459 Epoch [2/100] batch [257/391] loss 3.7207 lr 0.09997532801828658 acc 12.50% eta 0:56:22
2023-04-05 17:37:47,823 - __main__ - INFO - [INFO] 2023-04-05 17:37:47.823441 Epoch [2/100] batch [385/391] loss 3.7891 lr 0.09997532801828658 acc 9.38% eta 0:56:32
2023-04-05 17:37:48,416 - __main__ - INFO - Computing epoch 2 validation accuracy...
2023-04-05 17:37:51,813 - __main__ - INFO - Computing epoch 2 validation loss...
2023-04-05 17:37:55,379 - __main__ - INFO - [INFO] 2023-04-05 17:37:55.379727 Epoch [3/100] batch [1/391] loss 3.6348 lr 0.09990133642141358 acc 14.06% eta 1:01:30
2023-04-05 17:38:07,735 - __main__ - INFO - [INFO] 2023-04-05 17:38:07.735004 Epoch [3/100] batch [129/391] loss 3.5918 lr 0.09990133642141358 acc 19.53% eta 0:57:00
2023-04-05 17:38:19,888 - __main__ - INFO - [INFO] 2023-04-05 17:38:19.888647 Epoch [3/100] batch [257/391] loss 3.5098 lr 0.09990133642141358 acc 19.53% eta 0:56:18
2023-04-05 17:38:32,188 - __main__ - INFO - [INFO] 2023-04-05 17:38:32.187996 Epoch [3/100] batch [385/391] loss 3.3965 lr 0.09990133642141358 acc 21.09% eta 0:56:12
2023-04-05 17:38:32,732 - __main__ - INFO - Computing epoch 3 validation accuracy...
2023-04-05 17:38:36,056 - __main__ - INFO - Computing epoch 3 validation loss...
2023-04-05 17:38:39,595 - __main__ - INFO - [INFO] 2023-04-05 17:38:39.595252 Epoch [4/100] batch [1/391] loss 3.2051 lr 0.099778098230154 acc 21.88% eta 0:58:46
2023-04-05 17:38:51,673 - __main__ - INFO - [INFO] 2023-04-05 17:38:51.672980 Epoch [4/100] batch [129/391] loss 3.1445 lr 0.099778098230154 acc 21.09% eta 0:55:17
2023-04-05 17:39:03,850 - __main__ - INFO - [INFO] 2023-04-05 17:39:03.849824 Epoch [4/100] batch [257/391] loss 3.3535 lr 0.099778098230154 acc 22.66% eta 0:55:15
2023-04-05 17:39:16,286 - __main__ - INFO - [INFO] 2023-04-05 17:39:16.285906 Epoch [4/100] batch [385/391] loss 3.0703 lr 0.099778098230154 acc 21.09% eta 0:55:31
2023-04-05 17:39:16,830 - __main__ - INFO - Computing epoch 4 validation accuracy...
2023-04-05 17:39:20,180 - __main__ - INFO - Computing epoch 4 validation loss...
2023-04-05 17:39:23,701 - __main__ - INFO - [INFO] 2023-04-05 17:39:23.700961 Epoch [5/100] batch [1/391] loss 3.1484 lr 0.0996057350657239 acc 21.09% eta 0:58:48
2023-04-05 17:39:35,886 - __main__ - INFO - [INFO] 2023-04-05 17:39:35.886239 Epoch [5/100] batch [129/391] loss 3.2520 lr 0.0996057350657239 acc 20.31% eta 0:55:04
2023-04-05 17:39:48,176 - __main__ - INFO - [INFO] 2023-04-05 17:39:48.176672 Epoch [5/100] batch [257/391] loss 3.1055 lr 0.0996057350657239 acc 24.22% eta 0:55:02
2023-04-05 17:40:00,498 - __main__ - INFO - [INFO] 2023-04-05 17:40:00.498183 Epoch [5/100] batch [385/391] loss 3.1445 lr 0.0996057350657239 acc 23.44% eta 0:55:00
2023-04-05 17:40:01,037 - __main__ - INFO - Computing epoch 5 validation accuracy...
2023-04-05 17:40:04,470 - __main__ - INFO - Computing epoch 5 validation loss...
2023-04-05 17:40:08,041 - __main__ - INFO - [INFO] 2023-04-05 17:40:08.041269 Epoch [6/100] batch [1/391] loss 3.1211 lr 0.09938441702975688 acc 21.88% eta 0:57:54
2023-04-05 17:40:20,167 - __main__ - INFO - [INFO] 2023-04-05 17:40:20.166852 Epoch [6/100] batch [129/391] loss 3.1602 lr 0.09938441702975688 acc 21.88% eta 0:54:12
2023-04-05 17:40:32,654 - __main__ - INFO - [INFO] 2023-04-05 17:40:32.654323 Epoch [6/100] batch [257/391] loss 3.1602 lr 0.09938441702975688 acc 20.31% eta 0:54:50
2023-04-05 17:40:45,205 - __main__ - INFO - [INFO] 2023-04-05 17:40:45.205025 Epoch [6/100] batch [385/391] loss 2.6992 lr 0.09938441702975688 acc 28.91% eta 0:55:00
2023-04-05 17:40:45,765 - __main__ - INFO - Computing epoch 6 validation accuracy...
2023-04-05 17:40:49,131 - __main__ - INFO - Computing epoch 6 validation loss...
2023-04-05 17:40:53,099 - __main__ - INFO - [INFO] 2023-04-05 17:40:53.098846 Epoch [7/100] batch [1/391] loss 3.0820 lr 0.09911436253643444 acc 26.56% eta 1:06:25
2023-04-05 17:41:05,585 - __main__ - INFO - [INFO] 2023-04-05 17:41:05.585035 Epoch [7/100] batch [129/391] loss 2.9297 lr 0.09911436253643444 acc 28.91% eta 0:55:17
2023-04-05 17:41:17,992 - __main__ - INFO - [INFO] 2023-04-05 17:41:17.991903 Epoch [7/100] batch [257/391] loss 2.9746 lr 0.09911436253643444 acc 24.22% eta 0:54:54
2023-04-05 17:41:30,010 - __main__ - INFO - [INFO] 2023-04-05 17:41:30.010022 Epoch [7/100] batch [385/391] loss 2.8320 lr 0.09911436253643444 acc 31.25% eta 0:54:04
2023-04-05 17:41:30,569 - __main__ - INFO - Computing epoch 7 validation accuracy...
2023-04-05 17:41:34,208 - __main__ - INFO - Computing epoch 7 validation loss...
2023-04-05 17:41:37,918 - __main__ - INFO - [INFO] 2023-04-05 17:41:37.918205 Epoch [8/100] batch [1/391] loss 2.5000 lr 0.09879583809693737 acc 29.69% eta 1:02:03
2023-04-05 17:41:50,277 - __main__ - INFO - [INFO] 2023-04-05 17:41:50.277180 Epoch [8/100] batch [129/391] loss 2.6191 lr 0.09879583809693737 acc 28.12% eta 0:54:02
2023-04-05 17:42:02,340 - __main__ - INFO - [INFO] 2023-04-05 17:42:02.340624 Epoch [8/100] batch [257/391] loss 3.0664 lr 0.09879583809693737 acc 27.34% eta 0:53:11
2023-04-05 17:42:14,900 - __main__ - INFO - [INFO] 2023-04-05 17:42:14.899830 Epoch [8/100] batch [385/391] loss 2.7266 lr 0.09879583809693737 acc 30.47% eta 0:53:33
2023-04-05 17:42:15,455 - __main__ - INFO - Computing epoch 8 validation accuracy...
2023-04-05 17:42:18,796 - __main__ - INFO - Computing epoch 8 validation loss...
2023-04-05 17:42:22,239 - __main__ - INFO - [INFO] 2023-04-05 17:42:22.239009 Epoch [9/100] batch [1/391] loss 2.6836 lr 0.09842915805643156 acc 30.47% eta 1:02:07
2023-04-05 17:42:34,796 - __main__ - INFO - [INFO] 2023-04-05 17:42:34.796272 Epoch [9/100] batch [129/391] loss 2.9727 lr 0.09842915805643156 acc 25.78% eta 0:54:19
2023-04-05 17:42:47,089 - __main__ - INFO - [INFO] 2023-04-05 17:42:47.088945 Epoch [9/100] batch [257/391] loss 2.9277 lr 0.09842915805643156 acc 28.91% eta 0:53:32
2023-04-05 17:42:59,220 - __main__ - INFO - [INFO] 2023-04-05 17:42:59.220454 Epoch [9/100] batch [385/391] loss 2.6895 lr 0.09842915805643156 acc 28.12% eta 0:52:54
2023-04-05 17:42:59,794 - __main__ - INFO - Computing epoch 9 validation accuracy...
2023-04-05 17:43:03,188 - __main__ - INFO - Computing epoch 9 validation loss...
2023-04-05 17:43:06,668 - __main__ - INFO - [INFO] 2023-04-05 17:43:06.667910 Epoch [10/100] batch [1/391] loss 2.7754 lr 0.09801468428384716 acc 34.38% eta 0:54:47
2023-04-05 17:43:19,039 - __main__ - INFO - [INFO] 2023-04-05 17:43:19.039291 Epoch [10/100] batch [129/391] loss 2.4219 lr 0.09801468428384716 acc 44.53% eta 0:52:57
2023-04-05 17:43:31,503 - __main__ - INFO - [INFO] 2023-04-05 17:43:31.502765 Epoch [10/100] batch [257/391] loss 2.5156 lr 0.09801468428384716 acc 34.38% eta 0:52:58
2023-04-05 17:43:43,496 - __main__ - INFO - [INFO] 2023-04-05 17:43:43.496714 Epoch [10/100] batch [385/391] loss 2.6543 lr 0.09801468428384716 acc 28.12% eta 0:52:09
2023-04-05 17:43:44,058 - __main__ - INFO - Computing epoch 10 validation accuracy...
2023-04-05 17:43:47,312 - __main__ - INFO - Computing epoch 10 validation loss...
2023-04-05 17:43:50,857 - __main__ - INFO - [INFO] 2023-04-05 17:43:50.857290 Epoch [11/100] batch [1/391] loss 2.7617 lr 0.09755282581475769 acc 28.12% eta 0:55:31
2023-04-05 17:44:02,821 - __main__ - INFO - [INFO] 2023-04-05 17:44:02.821159 Epoch [11/100] batch [129/391] loss 2.7520 lr 0.09755282581475769 acc 26.56% eta 0:50:36
2023-04-05 17:44:14,882 - __main__ - INFO - [INFO] 2023-04-05 17:44:14.882469 Epoch [11/100] batch [257/391] loss 2.3770 lr 0.09755282581475769 acc 31.25% eta 0:50:35
2023-04-05 17:44:26,999 - __main__ - INFO - [INFO] 2023-04-05 17:44:26.999079 Epoch [11/100] batch [385/391] loss 2.7090 lr 0.09755282581475769 acc 28.12% eta 0:50:33
2023-04-05 17:44:27,532 - __main__ - INFO - Computing epoch 11 validation accuracy...
2023-04-05 17:44:31,089 - __main__ - INFO - Computing epoch 11 validation loss...
2023-04-05 17:44:34,717 - __main__ - INFO - [INFO] 2023-04-05 17:44:34.717792 Epoch [12/100] batch [1/391] loss 2.4199 lr 0.09704403844771128 acc 36.72% eta 1:00:41
2023-04-05 17:44:46,873 - __main__ - INFO - [INFO] 2023-04-05 17:44:46.873044 Epoch [12/100] batch [129/391] loss 2.5449 lr 0.09704403844771128 acc 37.50% eta 0:50:51
2023-04-05 17:44:58,957 - __main__ - INFO - [INFO] 2023-04-05 17:44:58.956938 Epoch [12/100] batch [257/391] loss 2.6680 lr 0.09704403844771128 acc 32.81% eta 0:50:31
2023-04-05 17:45:11,074 - __main__ - INFO - [INFO] 2023-04-05 17:45:11.074461 Epoch [12/100] batch [385/391] loss 2.6660 lr 0.09704403844771128 acc 21.88% eta 0:50:20
2023-04-05 17:45:11,606 - __main__ - INFO - Computing epoch 12 validation accuracy...
2023-04-05 17:45:14,922 - __main__ - INFO - Computing epoch 12 validation loss...
2023-04-05 17:45:18,494 - __main__ - INFO - [INFO] 2023-04-05 17:45:18.494476 Epoch [13/100] batch [1/391] loss 2.4688 lr 0.09648882429441258 acc 28.91% eta 0:55:16
2023-04-05 17:45:30,676 - __main__ - INFO - [INFO] 2023-04-05 17:45:30.676647 Epoch [13/100] batch [129/391] loss 2.6348 lr 0.09648882429441258 acc 25.78% eta 0:50:28
2023-04-05 17:45:42,709 - __main__ - INFO - [INFO] 2023-04-05 17:45:42.709419 Epoch [13/100] batch [257/391] loss 2.4883 lr 0.09648882429441258 acc 33.59% eta 0:49:58
2023-04-05 17:45:54,882 - __main__ - INFO - [INFO] 2023-04-05 17:45:54.882169 Epoch [13/100] batch [385/391] loss 2.2129 lr 0.09648882429441258 acc 31.25% eta 0:49:50
2023-04-05 17:45:55,422 - __main__ - INFO - Computing epoch 13 validation accuracy...
2023-04-05 17:45:58,795 - __main__ - INFO - Computing epoch 13 validation loss...
2023-04-05 17:46:02,314 - __main__ - INFO - [INFO] 2023-04-05 17:46:02.314572 Epoch [14/100] batch [1/391] loss 2.4004 lr 0.09588773128419906 acc 31.25% eta 0:52:50
2023-04-05 17:46:14,376 - __main__ - INFO - [INFO] 2023-04-05 17:46:14.376540 Epoch [14/100] batch [129/391] loss 2.4629 lr 0.09588773128419906 acc 33.59% eta 0:49:24
2023-04-05 17:46:26,455 - __main__ - INFO - [INFO] 2023-04-05 17:46:26.455222 Epoch [14/100] batch [257/391] loss 2.6758 lr 0.09588773128419906 acc 32.03% eta 0:49:15
2023-04-05 17:46:38,600 - __main__ - INFO - [INFO] 2023-04-05 17:46:38.600802 Epoch [14/100] batch [385/391] loss 2.4336 lr 0.09588773128419906 acc 29.69% eta 0:49:07
2023-04-05 17:46:39,176 - __main__ - INFO - Computing epoch 14 validation accuracy...
2023-04-05 17:46:42,406 - __main__ - INFO - Computing epoch 14 validation loss...
2023-04-05 17:46:45,802 - __main__ - INFO - [INFO] 2023-04-05 17:46:45.802518 Epoch [15/100] batch [1/391] loss 2.2441 lr 0.09524135262330098 acc 33.59% eta 0:56:54
2023-04-05 17:46:57,820 - __main__ - INFO - [INFO] 2023-04-05 17:46:57.820320 Epoch [15/100] batch [129/391] loss 2.3242 lr 0.09524135262330098 acc 42.19% eta 0:48:36
2023-04-05 17:47:10,284 - __main__ - INFO - [INFO] 2023-04-05 17:47:10.284138 Epoch [15/100] batch [257/391] loss 2.6738 lr 0.09524135262330098 acc 34.38% eta 0:49:19
2023-04-05 17:47:22,398 - __main__ - INFO - [INFO] 2023-04-05 17:47:22.397944 Epoch [15/100] batch [385/391] loss 2.4883 lr 0.09524135262330098 acc 35.16% eta 0:48:58
2023-04-05 17:47:22,941 - __main__ - INFO - Computing epoch 15 validation accuracy...
2023-04-05 17:47:26,383 - __main__ - INFO - Computing epoch 15 validation loss...
2023-04-05 17:47:29,973 - __main__ - INFO - [INFO] 2023-04-05 17:47:29.973236 Epoch [16/100] batch [1/391] loss 2.3496 lr 0.0945503262094184 acc 35.94% eta 1:05:03
2023-04-05 17:47:41,942 - __main__ - INFO - [INFO] 2023-04-05 17:47:41.942484 Epoch [16/100] batch [129/391] loss 2.5312 lr 0.0945503262094184 acc 41.41% eta 0:47:56
2023-04-05 17:47:54,296 - __main__ - INFO - [INFO] 2023-04-05 17:47:54.296389 Epoch [16/100] batch [257/391] loss 2.3828 lr 0.0945503262094184 acc 36.72% eta 0:48:25
2023-04-05 17:48:06,489 - __main__ - INFO - [INFO] 2023-04-05 17:48:06.489008 Epoch [16/100] batch [385/391] loss 2.5840 lr 0.0945503262094184 acc 32.81% eta 0:48:15
2023-04-05 17:48:07,045 - __main__ - INFO - Computing epoch 16 validation accuracy...
2023-04-05 17:48:10,448 - __main__ - INFO - Computing epoch 16 validation loss...
2023-04-05 17:48:14,014 - __main__ - INFO - [INFO] 2023-04-05 17:48:14.014410 Epoch [17/100] batch [1/391] loss 2.0762 lr 0.09381533400219319 acc 37.50% eta 0:50:13
2023-04-05 17:48:26,654 - __main__ - INFO - [INFO] 2023-04-05 17:48:26.654469 Epoch [17/100] batch [129/391] loss 2.8164 lr 0.09381533400219319 acc 28.91% eta 0:49:53
2023-04-05 17:48:38,921 - __main__ - INFO - [INFO] 2023-04-05 17:48:38.921595 Epoch [17/100] batch [257/391] loss 2.1895 lr 0.09381533400219319 acc 41.41% eta 0:48:59
2023-04-05 17:48:51,255 - __main__ - INFO - [INFO] 2023-04-05 17:48:51.255804 Epoch [17/100] batch [385/391] loss 2.4199 lr 0.09381533400219319 acc 32.81% eta 0:48:36
2023-04-05 17:48:51,793 - __main__ - INFO - Computing epoch 17 validation accuracy...
2023-04-05 17:48:55,136 - __main__ - INFO - Computing epoch 17 validation loss...
2023-04-05 17:48:58,581 - __main__ - INFO - [INFO] 2023-04-05 17:48:58.581595 Epoch [18/100] batch [1/391] loss 2.4180 lr 0.0930371013501972 acc 31.25% eta 0:49:14
2023-04-05 17:49:10,581 - __main__ - INFO - [INFO] 2023-04-05 17:49:10.581574 Epoch [18/100] batch [129/391] loss 2.6484 lr 0.0930371013501972 acc 26.56% eta 0:46:51
2023-04-05 17:49:22,606 - __main__ - INFO - [INFO] 2023-04-05 17:49:22.606635 Epoch [18/100] batch [257/391] loss 2.5488 lr 0.0930371013501972 acc 33.59% eta 0:46:41
2023-04-05 17:49:34,726 - __main__ - INFO - [INFO] 2023-04-05 17:49:34.726089 Epoch [18/100] batch [385/391] loss 2.4180 lr 0.0930371013501972 acc 36.72% eta 0:46:37
2023-04-05 17:49:35,270 - __main__ - INFO - Computing epoch 18 validation accuracy...
2023-04-05 17:49:38,825 - __main__ - INFO - Computing epoch 18 validation loss...
2023-04-05 17:49:42,238 - __main__ - INFO - [INFO] 2023-04-05 17:49:42.238572 Epoch [19/100] batch [1/391] loss 2.2754 lr 0.09221639627510078 acc 45.31% eta 0:48:40
2023-04-05 17:49:54,552 - __main__ - INFO - [INFO] 2023-04-05 17:49:54.552301 Epoch [19/100] batch [129/391] loss 2.4395 lr 0.09221639627510078 acc 41.41% eta 0:47:32
2023-04-05 17:50:06,508 - __main__ - INFO - [INFO] 2023-04-05 17:50:06.508486 Epoch [19/100] batch [257/391] loss 2.5996 lr 0.09221639627510078 acc 36.72% eta 0:46:38
2023-04-05 17:50:18,694 - __main__ - INFO - [INFO] 2023-04-05 17:50:18.693893 Epoch [19/100] batch [385/391] loss 2.3613 lr 0.09221639627510078 acc 36.72% eta 0:46:29
2023-04-05 17:50:19,247 - __main__ - INFO - Computing epoch 19 validation accuracy...
2023-04-05 17:50:22,517 - __main__ - INFO - Computing epoch 19 validation loss...
2023-04-05 17:50:25,929 - __main__ - INFO - [INFO] 2023-04-05 17:50:25.929546 Epoch [20/100] batch [1/391] loss 2.3750 lr 0.09135402871372812 acc 35.94% eta 0:50:47
2023-04-05 17:50:38,575 - __main__ - INFO - [INFO] 2023-04-05 17:50:38.575298 Epoch [20/100] batch [129/391] loss 2.2363 lr 0.09135402871372812 acc 50.00% eta 0:48:09
2023-04-05 17:50:50,745 - __main__ - INFO - [INFO] 2023-04-05 17:50:50.744963 Epoch [20/100] batch [257/391] loss 2.3379 lr 0.09135402871372812 acc 37.50% eta 0:47:04
2023-04-05 17:51:03,163 - __main__ - INFO - [INFO] 2023-04-05 17:51:03.163030 Epoch [20/100] batch [385/391] loss 2.3535 lr 0.09135402871372812 acc 43.75% eta 0:46:52
2023-04-05 17:51:03,705 - __main__ - INFO - Computing epoch 20 validation accuracy...
2023-04-05 17:51:07,076 - __main__ - INFO - Computing epoch 20 validation loss...
2023-04-05 17:51:10,617 - __main__ - INFO - [INFO] 2023-04-05 17:51:10.617682 Epoch [21/100] batch [1/391] loss 2.4043 lr 0.09045084971874741 acc 42.97% eta 0:56:46
2023-04-05 17:51:22,991 - __main__ - INFO - [INFO] 2023-04-05 17:51:22.991398 Epoch [21/100] batch [129/391] loss 1.9453 lr 0.09045084971874741 acc 40.62% eta 0:46:37
2023-04-05 17:51:35,158 - __main__ - INFO - [INFO] 2023-04-05 17:51:35.158728 Epoch [21/100] batch [257/391] loss 2.3125 lr 0.09045084971874741 acc 41.41% eta 0:46:00
2023-04-05 17:51:47,379 - __main__ - INFO - [INFO] 2023-04-05 17:51:47.379125 Epoch [21/100] batch [385/391] loss 2.4219 lr 0.09045084971874741 acc 37.50% eta 0:45:44
2023-04-05 17:51:47,938 - __main__ - INFO - Computing epoch 21 validation accuracy...
2023-04-05 17:51:51,385 - __main__ - INFO - Computing epoch 21 validation loss...
2023-04-05 17:51:54,947 - __main__ - INFO - [INFO] 2023-04-05 17:51:54.947810 Epoch [22/100] batch [1/391] loss 2.2246 lr 0.08950775061878455 acc 40.62% eta 0:47:35
2023-04-05 17:52:07,086 - __main__ - INFO - [INFO] 2023-04-05 17:52:07.086287 Epoch [22/100] batch [129/391] loss 1.9883 lr 0.08950775061878455 acc 49.22% eta 0:45:03
2023-04-05 17:52:19,260 - __main__ - INFO - [INFO] 2023-04-05 17:52:19.260598 Epoch [22/100] batch [257/391] loss 2.2988 lr 0.08950775061878455 acc 39.84% eta 0:44:58
2023-04-05 17:52:32,054 - __main__ - INFO - [INFO] 2023-04-05 17:52:32.054226 Epoch [22/100] batch [385/391] loss 2.4688 lr 0.08950775061878455 acc 35.94% eta 0:45:34
2023-04-05 17:52:32,657 - __main__ - INFO - Computing epoch 22 validation accuracy...
2023-04-05 17:52:36,158 - __main__ - INFO - Computing epoch 22 validation loss...
2023-04-05 17:52:39,627 - __main__ - INFO - [INFO] 2023-04-05 17:52:39.627403 Epoch [23/100] batch [1/391] loss 2.5039 lr 0.0885256621387895 acc 32.03% eta 0:49:16
2023-04-05 17:52:51,850 - __main__ - INFO - [INFO] 2023-04-05 17:52:51.850117 Epoch [23/100] batch [129/391] loss 2.3320 lr 0.0885256621387895 acc 41.41% eta 0:44:53
2023-04-05 17:53:04,324 - __main__ - INFO - [INFO] 2023-04-05 17:53:04.323862 Epoch [23/100] batch [257/391] loss 1.9951 lr 0.0885256621387895 acc 57.03% eta 0:45:07
2023-04-05 17:53:16,642 - __main__ - INFO - [INFO] 2023-04-05 17:53:16.641934 Epoch [23/100] batch [385/391] loss 2.1191 lr 0.0885256621387895 acc 51.56% eta 0:44:53
2023-04-05 17:53:17,240 - __main__ - INFO - Computing epoch 23 validation accuracy...
2023-04-05 17:53:20,573 - __main__ - INFO - Computing epoch 23 validation loss...
2023-04-05 17:53:24,055 - __main__ - INFO - [INFO] 2023-04-05 17:53:24.055660 Epoch [24/100] batch [1/391] loss 2.4121 lr 0.08750555348152302 acc 35.94% eta 0:52:40
2023-04-05 17:53:36,452 - __main__ - INFO - [INFO] 2023-04-05 17:53:36.452290 Epoch [24/100] batch [129/391] loss 2.2891 lr 0.08750555348152302 acc 37.50% eta 0:44:54
2023-04-05 17:53:48,659 - __main__ - INFO - [INFO] 2023-04-05 17:53:48.659542 Epoch [24/100] batch [257/391] loss 2.3379 lr 0.08750555348152302 acc 35.94% eta 0:44:20
2023-04-05 17:54:01,007 - __main__ - INFO - [INFO] 2023-04-05 17:54:01.007548 Epoch [24/100] batch [385/391] loss 2.5215 lr 0.08750555348152302 acc 35.16% eta 0:44:13
2023-04-05 17:54:01,580 - __main__ - INFO - Computing epoch 24 validation accuracy...
2023-04-05 17:54:05,018 - __main__ - INFO - Computing epoch 24 validation loss...
2023-04-05 17:54:08,480 - __main__ - INFO - [INFO] 2023-04-05 17:54:08.480588 Epoch [25/100] batch [1/391] loss 2.2949 lr 0.08644843137107061 acc 38.28% eta 0:48:20
2023-04-05 17:54:20,490 - __main__ - INFO - [INFO] 2023-04-05 17:54:20.490457 Epoch [25/100] batch [129/391] loss 2.0801 lr 0.08644843137107061 acc 46.09% eta 0:42:59
2023-04-05 17:54:32,792 - __main__ - INFO - [INFO] 2023-04-05 17:54:32.792118 Epoch [25/100] batch [257/391] loss 2.3926 lr 0.08644843137107061 acc 37.50% eta 0:43:14
2023-04-05 17:54:44,940 - __main__ - INFO - [INFO] 2023-04-05 17:54:44.940638 Epoch [25/100] batch [385/391] loss 2.1094 lr 0.08644843137107061 acc 40.62% eta 0:43:02
2023-04-05 17:54:45,486 - __main__ - INFO - Computing epoch 25 validation accuracy...
2023-04-05 17:54:48,931 - __main__ - INFO - Computing epoch 25 validation loss...
2023-04-05 17:54:52,637 - __main__ - INFO - [INFO] 2023-04-05 17:54:52.637615 Epoch [26/100] batch [1/391] loss 2.2695 lr 0.0853553390593274 acc 42.19% eta 0:50:39
2023-04-05 17:55:04,971 - __main__ - INFO - [INFO] 2023-04-05 17:55:04.970877 Epoch [26/100] batch [129/391] loss 2.2188 lr 0.0853553390593274 acc 33.59% eta 0:43:31
2023-04-05 17:55:17,313 - __main__ - INFO - [INFO] 2023-04-05 17:55:17.313808 Epoch [26/100] batch [257/391] loss 2.0410 lr 0.0853553390593274 acc 50.78% eta 0:43:21
2023-04-05 17:55:29,493 - __main__ - INFO - [INFO] 2023-04-05 17:55:29.492966 Epoch [26/100] batch [385/391] loss 2.1426 lr 0.0853553390593274 acc 39.06% eta 0:42:56
2023-04-05 17:55:30,043 - __main__ - INFO - Computing epoch 26 validation accuracy...
2023-04-05 17:55:33,405 - __main__ - INFO - Computing epoch 26 validation loss...
2023-04-05 17:55:37,064 - __main__ - INFO - [INFO] 2023-04-05 17:55:37.064333 Epoch [27/100] batch [1/391] loss 2.2539 lr 0.08422735529643446 acc 32.81% eta 0:46:21
2023-04-05 17:55:49,263 - __main__ - INFO - [INFO] 2023-04-05 17:55:49.263584 Epoch [27/100] batch [129/391] loss 1.9941 lr 0.08422735529643446 acc 45.31% eta 0:42:28
2023-04-05 17:56:01,939 - __main__ - INFO - [INFO] 2023-04-05 17:56:01.939216 Epoch [27/100] batch [257/391] loss 2.0293 lr 0.08422735529643446 acc 48.44% eta 0:43:00
2023-04-05 17:56:14,114 - __main__ - INFO - [INFO] 2023-04-05 17:56:14.114136 Epoch [27/100] batch [385/391] loss 2.2266 lr 0.08422735529643446 acc 32.81% eta 0:42:30
2023-04-05 17:56:14,662 - __main__ - INFO - Computing epoch 27 validation accuracy...
2023-04-05 17:56:18,064 - __main__ - INFO - Computing epoch 27 validation loss...
2023-04-05 17:56:21,666 - __main__ - INFO - [INFO] 2023-04-05 17:56:21.666770 Epoch [28/100] batch [1/391] loss 2.1484 lr 0.08306559326618262 acc 40.62% eta 0:44:08
2023-04-05 17:56:33,881 - __main__ - INFO - [INFO] 2023-04-05 17:56:33.881624 Epoch [28/100] batch [129/391] loss 2.2910 lr 0.08306559326618262 acc 43.75% eta 0:41:55
2023-04-05 17:56:46,072 - __main__ - INFO - [INFO] 2023-04-05 17:56:46.072153 Epoch [28/100] batch [257/391] loss 2.3281 lr 0.08306559326618262 acc 41.41% eta 0:41:40
2023-04-05 17:56:58,416 - __main__ - INFO - [INFO] 2023-04-05 17:56:58.416401 Epoch [28/100] batch [385/391] loss 2.2617 lr 0.08306559326618262 acc 43.75% eta 0:41:37
2023-04-05 17:56:58,955 - __main__ - INFO - Computing epoch 28 validation accuracy...
2023-04-05 17:57:02,348 - __main__ - INFO - Computing epoch 28 validation loss...
2023-04-05 17:57:05,770 - __main__ - INFO - [INFO] 2023-04-05 17:57:05.770136 Epoch [29/100] batch [1/391] loss 2.0918 lr 0.08187119948743452 acc 46.88% eta 0:46:12
2023-04-05 17:57:18,205 - __main__ - INFO - [INFO] 2023-04-05 17:57:18.204847 Epoch [29/100] batch [129/391] loss 2.2754 lr 0.08187119948743452 acc 39.06% eta 0:42:07
2023-04-05 17:57:30,451 - __main__ - INFO - [INFO] 2023-04-05 17:57:30.450874 Epoch [29/100] batch [257/391] loss 2.2031 lr 0.08187119948743452 acc 43.75% eta 0:41:36
2023-04-05 17:57:42,934 - __main__ - INFO - [INFO] 2023-04-05 17:57:42.933897 Epoch [29/100] batch [385/391] loss 2.1211 lr 0.08187119948743452 acc 53.91% eta 0:41:31
2023-04-05 17:57:43,491 - __main__ - INFO - Computing epoch 29 validation accuracy...
2023-04-05 17:57:46,969 - __main__ - INFO - Computing epoch 29 validation loss...
2023-04-05 17:57:50,473 - __main__ - INFO - [INFO] 2023-04-05 17:57:50.473320 Epoch [30/100] batch [1/391] loss 2.1191 lr 0.08064535268264886 acc 42.19% eta 0:42:47
2023-04-05 17:58:03,346 - __main__ - INFO - [INFO] 2023-04-05 17:58:03.346142 Epoch [30/100] batch [129/391] loss 2.3496 lr 0.08064535268264886 acc 29.69% eta 0:42:53
2023-04-05 17:58:15,785 - __main__ - INFO - [INFO] 2023-04-05 17:58:15.784835 Epoch [30/100] batch [257/391] loss 2.2168 lr 0.08064535268264886 acc 41.41% eta 0:41:57
2023-04-05 17:58:28,291 - __main__ - INFO - [INFO] 2023-04-05 17:58:28.291406 Epoch [30/100] batch [385/391] loss 2.4199 lr 0.08064535268264886 acc 45.31% eta 0:41:36
2023-04-05 17:58:28,866 - __main__ - INFO - Computing epoch 30 validation accuracy...
2023-04-05 17:58:32,309 - __main__ - INFO - Computing epoch 30 validation loss...
2023-04-05 17:58:35,778 - __main__ - INFO - [INFO] 2023-04-05 17:58:35.777929 Epoch [31/100] batch [1/391] loss 2.1289 lr 0.0793892626146237 acc 44.53% eta 0:43:28
2023-04-05 17:58:48,379 - __main__ - INFO - [INFO] 2023-04-05 17:58:48.379657 Epoch [31/100] batch [129/391] loss 2.0000 lr 0.0793892626146237 acc 50.00% eta 0:41:27
2023-04-05 17:59:00,725 - __main__ - INFO - [INFO] 2023-04-05 17:59:00.725436 Epoch [31/100] batch [257/391] loss 2.3027 lr 0.0793892626146237 acc 39.84% eta 0:40:50
2023-04-05 17:59:13,119 - __main__ - INFO - [INFO] 2023-04-05 17:59:13.119454 Epoch [31/100] batch [385/391] loss 2.2383 lr 0.0793892626146237 acc 37.50% eta 0:40:31
2023-04-05 17:59:13,667 - __main__ - INFO - Computing epoch 31 validation accuracy...
2023-04-05 17:59:17,126 - __main__ - INFO - Computing epoch 31 validation loss...
2023-04-05 17:59:20,653 - __main__ - INFO - [INFO] 2023-04-05 17:59:20.653337 Epoch [32/100] batch [1/391] loss 2.1250 lr 0.07810416889260657 acc 41.41% eta 0:41:37
2023-04-05 17:59:33,203 - __main__ - INFO - [INFO] 2023-04-05 17:59:33.203497 Epoch [32/100] batch [129/391] loss 2.3105 lr 0.07810416889260657 acc 39.06% eta 0:40:33
2023-04-05 17:59:45,645 - __main__ - INFO - [INFO] 2023-04-05 17:59:45.645161 Epoch [32/100] batch [257/391] loss 2.0781 lr 0.07810416889260657 acc 46.09% eta 0:40:14
2023-04-05 17:59:58,062 - __main__ - INFO - [INFO] 2023-04-05 17:59:58.062242 Epoch [32/100] batch [385/391] loss 2.1543 lr 0.07810416889260657 acc 52.34% eta 0:39:59
2023-04-05 17:59:58,604 - __main__ - INFO - Computing epoch 32 validation accuracy...
2023-04-05 18:00:02,033 - __main__ - INFO - Computing epoch 32 validation loss...
2023-04-05 18:00:05,497 - __main__ - INFO - [INFO] 2023-04-05 18:00:05.496873 Epoch [33/100] batch [1/391] loss 2.1973 lr 0.07679133974894986 acc 43.75% eta 0:44:55
2023-04-05 18:00:17,995 - __main__ - INFO - [INFO] 2023-04-05 18:00:17.995505 Epoch [33/100] batch [129/391] loss 2.0703 lr 0.07679133974894986 acc 50.00% eta 0:39:58
2023-04-05 18:00:30,714 - __main__ - INFO - [INFO] 2023-04-05 18:00:30.714692 Epoch [33/100] batch [257/391] loss 2.2109 lr 0.07679133974894986 acc 44.53% eta 0:40:04
2023-04-05 18:00:43,193 - __main__ - INFO - [INFO] 2023-04-05 18:00:43.193231 Epoch [33/100] batch [385/391] loss 2.3184 lr 0.07679133974894986 acc 32.03% eta 0:39:42
2023-04-05 18:00:43,734 - __main__ - INFO - Computing epoch 33 validation accuracy...
2023-04-05 18:00:47,143 - __main__ - INFO - Computing epoch 33 validation loss...
2023-04-05 18:00:50,678 - __main__ - INFO - [INFO] 2023-04-05 18:00:50.678565 Epoch [34/100] batch [1/391] loss 2.0312 lr 0.0754520707875186 acc 46.09% eta 0:44:06
2023-04-05 18:01:03,275 - __main__ - INFO - [INFO] 2023-04-05 18:01:03.275675 Epoch [34/100] batch [129/391] loss 2.0820 lr 0.0754520707875186 acc 44.53% eta 0:39:33
2023-04-05 18:01:15,724 - __main__ - INFO - [INFO] 2023-04-05 18:01:15.724682 Epoch [34/100] batch [257/391] loss 2.2637 lr 0.0754520707875186 acc 39.06% eta 0:39:06
2023-04-05 18:01:28,210 - __main__ - INFO - [INFO] 2023-04-05 18:01:28.210311 Epoch [34/100] batch [385/391] loss 2.2266 lr 0.0754520707875186 acc 45.31% eta 0:38:54
2023-04-05 18:01:28,767 - __main__ - INFO - Computing epoch 34 validation accuracy...
2023-04-05 18:01:32,170 - __main__ - INFO - Computing epoch 34 validation loss...
2023-04-05 18:01:35,574 - __main__ - INFO - [INFO] 2023-04-05 18:01:35.574593 Epoch [35/100] batch [1/391] loss 2.2461 lr 0.0740876837050858 acc 44.53% eta 0:41:24
2023-04-05 18:01:48,104 - __main__ - INFO - [INFO] 2023-04-05 18:01:48.104595 Epoch [35/100] batch [129/391] loss 2.3203 lr 0.0740876837050858 acc 44.53% eta 0:38:47
2023-04-05 18:02:00,618 - __main__ - INFO - [INFO] 2023-04-05 18:02:00.618137 Epoch [35/100] batch [257/391] loss 2.1465 lr 0.0740876837050858 acc 35.16% eta 0:38:34
2023-04-05 18:02:12,966 - __main__ - INFO - [INFO] 2023-04-05 18:02:12.966753 Epoch [35/100] batch [385/391] loss 2.4336 lr 0.0740876837050858 acc 37.50% eta 0:38:12
2023-04-05 18:02:13,532 - __main__ - INFO - Computing epoch 35 validation accuracy...
2023-04-05 18:02:16,887 - __main__ - INFO - Computing epoch 35 validation loss...
2023-04-05 18:02:20,418 - __main__ - INFO - [INFO] 2023-04-05 18:02:20.417963 Epoch [36/100] batch [1/391] loss 1.8457 lr 0.07269952498697738 acc 47.66% eta 0:42:33
2023-04-05 18:02:32,791 - __main__ - INFO - [INFO] 2023-04-05 18:02:32.790977 Epoch [36/100] batch [129/391] loss 2.1992 lr 0.07269952498697738 acc 39.84% eta 0:37:43
2023-04-05 18:02:45,170 - __main__ - INFO - [INFO] 2023-04-05 18:02:45.169896 Epoch [36/100] batch [257/391] loss 2.0039 lr 0.07269952498697738 acc 42.19% eta 0:37:30
2023-04-05 18:02:57,781 - __main__ - INFO - [INFO] 2023-04-05 18:02:57.781530 Epoch [36/100] batch [385/391] loss 2.2773 lr 0.07269952498697738 acc 43.75% eta 0:37:31
2023-04-05 18:02:58,339 - __main__ - INFO - Computing epoch 36 validation accuracy...
2023-04-05 18:03:01,784 - __main__ - INFO - Computing epoch 36 validation loss...
2023-04-05 18:03:05,325 - __main__ - INFO - [INFO] 2023-04-05 18:03:05.324909 Epoch [37/100] batch [1/391] loss 2.1855 lr 0.07128896457825366 acc 48.44% eta 0:39:58
2023-04-05 18:03:17,710 - __main__ - INFO - [INFO] 2023-04-05 18:03:17.710360 Epoch [37/100] batch [129/391] loss 2.0762 lr 0.07128896457825366 acc 42.97% eta 0:37:09
2023-04-05 18:03:29,991 - __main__ - INFO - [INFO] 2023-04-05 18:03:29.990903 Epoch [37/100] batch [257/391] loss 2.0742 lr 0.07128896457825366 acc 44.53% eta 0:36:46
2023-04-05 18:03:42,475 - __main__ - INFO - [INFO] 2023-04-05 18:03:42.475664 Epoch [37/100] batch [385/391] loss 2.0703 lr 0.07128896457825366 acc 43.75% eta 0:36:45
2023-04-05 18:03:43,023 - __main__ - INFO - Computing epoch 37 validation accuracy...
2023-04-05 18:03:46,419 - __main__ - INFO - Computing epoch 37 validation loss...
2023-04-05 18:03:49,921 - __main__ - INFO - [INFO] 2023-04-05 18:03:49.921291 Epoch [38/100] batch [1/391] loss 2.1934 lr 0.06985739453173906 acc 46.88% eta 0:40:56
2023-04-05 18:04:02,013 - __main__ - INFO - [INFO] 2023-04-05 18:04:02.013749 Epoch [38/100] batch [129/391] loss 2.0625 lr 0.06985739453173906 acc 50.00% eta 0:35:42
2023-04-05 18:04:14,406 - __main__ - INFO - [INFO] 2023-04-05 18:04:14.405835 Epoch [38/100] batch [257/391] loss 2.0781 lr 0.06985739453173906 acc 38.28% eta 0:36:02
2023-04-05 18:04:26,771 - __main__ - INFO - [INFO] 2023-04-05 18:04:26.771373 Epoch [38/100] batch [385/391] loss 1.9902 lr 0.06985739453173906 acc 53.12% eta 0:35:56
2023-04-05 18:04:27,344 - __main__ - INFO - Computing epoch 38 validation accuracy...
2023-04-05 18:04:30,705 - __main__ - INFO - Computing epoch 38 validation loss...
2023-04-05 18:04:34,238 - __main__ - INFO - [INFO] 2023-04-05 18:04:34.238586 Epoch [39/100] batch [1/391] loss 2.3008 lr 0.06840622763423394 acc 34.38% eta 0:40:37
2023-04-05 18:04:46,547 - __main__ - INFO - [INFO] 2023-04-05 18:04:46.547661 Epoch [39/100] batch [129/391] loss 1.9570 lr 0.06840622763423394 acc 44.53% eta 0:35:40
2023-04-05 18:04:58,836 - __main__ - INFO - [INFO] 2023-04-05 18:04:58.836157 Epoch [39/100] batch [257/391] loss 2.1953 lr 0.06840622763423394 acc 33.59% eta 0:35:29
2023-04-05 18:05:11,197 - __main__ - INFO - [INFO] 2023-04-05 18:05:11.197468 Epoch [39/100] batch [385/391] loss 2.0957 lr 0.06840622763423394 acc 46.09% eta 0:35:22
2023-04-05 18:05:11,775 - __main__ - INFO - Computing epoch 39 validation accuracy...
2023-04-05 18:05:15,194 - __main__ - INFO - Computing epoch 39 validation loss...
2023-04-05 18:05:18,686 - __main__ - INFO - [INFO] 2023-04-05 18:05:18.686671 Epoch [40/100] batch [1/391] loss 2.0078 lr 0.06693689601226462 acc 46.88% eta 0:37:42
2023-04-05 18:05:31,196 - __main__ - INFO - [INFO] 2023-04-05 18:05:31.196495 Epoch [40/100] batch [129/391] loss 1.9404 lr 0.06693689601226462 acc 54.69% eta 0:35:46
2023-04-05 18:05:43,380 - __main__ - INFO - [INFO] 2023-04-05 18:05:43.380366 Epoch [40/100] batch [257/391] loss 2.1738 lr 0.06693689601226462 acc 47.66% eta 0:35:05
2023-04-05 18:05:55,967 - __main__ - INFO - [INFO] 2023-04-05 18:05:55.967277 Epoch [40/100] batch [385/391] loss 2.1426 lr 0.06693689601226462 acc 42.19% eta 0:35:06
2023-04-05 18:05:56,550 - __main__ - INFO - Computing epoch 40 validation accuracy...
2023-04-05 18:05:59,811 - __main__ - INFO - Computing epoch 40 validation loss...
2023-04-05 18:06:03,149 - __main__ - INFO - [INFO] 2023-04-05 18:06:03.149092 Epoch [41/100] batch [1/391] loss 1.9014 lr 0.06545084971874741 acc 53.91% eta 0:39:57
2023-04-05 18:06:15,377 - __main__ - INFO - [INFO] 2023-04-05 18:06:15.377480 Epoch [41/100] batch [129/391] loss 2.0820 lr 0.06545084971874741 acc 50.00% eta 0:34:26
2023-04-05 18:06:27,751 - __main__ - INFO - [INFO] 2023-04-05 18:06:27.751621 Epoch [41/100] batch [257/391] loss 2.3477 lr 0.06545084971874741 acc 40.62% eta 0:34:27
2023-04-05 18:06:40,449 - __main__ - INFO - [INFO] 2023-04-05 18:06:40.449029 Epoch [41/100] batch [385/391] loss 1.9893 lr 0.06545084971874741 acc 50.00% eta 0:34:37
2023-04-05 18:06:41,016 - __main__ - INFO - Computing epoch 41 validation accuracy...
2023-04-05 18:06:44,334 - __main__ - INFO - Computing epoch 41 validation loss...
2023-04-05 18:06:47,900 - __main__ - INFO - [INFO] 2023-04-05 18:06:47.900462 Epoch [42/100] batch [1/391] loss 1.8398 lr 0.06394955530196152 acc 48.44% eta 0:38:11
2023-04-05 18:07:00,272 - __main__ - INFO - [INFO] 2023-04-05 18:07:00.271983 Epoch [42/100] batch [129/391] loss 2.4023 lr 0.06394955530196152 acc 41.41% eta 0:34:15
2023-04-05 18:07:12,511 - __main__ - INFO - [INFO] 2023-04-05 18:07:12.511209 Epoch [42/100] batch [257/391] loss 2.0508 lr 0.06394955530196152 acc 47.66% eta 0:33:51
2023-04-05 18:07:24,779 - __main__ - INFO - [INFO] 2023-04-05 18:07:24.779562 Epoch [42/100] batch [385/391] loss 1.9775 lr 0.06394955530196152 acc 49.22% eta 0:33:36
2023-04-05 18:07:25,392 - __main__ - INFO - Computing epoch 42 validation accuracy...
2023-04-05 18:07:28,756 - __main__ - INFO - Computing epoch 42 validation loss...
2023-04-05 18:07:32,319 - __main__ - INFO - [INFO] 2023-04-05 18:07:32.319405 Epoch [43/100] batch [1/391] loss 1.9521 lr 0.062434494358242776 acc 46.09% eta 0:42:37
2023-04-05 18:07:44,655 - __main__ - INFO - [INFO] 2023-04-05 18:07:44.654879 Epoch [43/100] batch [129/391] loss 1.9600 lr 0.062434494358242776 acc 48.44% eta 0:33:37
2023-04-05 18:07:56,774 - __main__ - INFO - [INFO] 2023-04-05 18:07:56.774593 Epoch [43/100] batch [257/391] loss 1.9736 lr 0.062434494358242776 acc 50.00% eta 0:33:02
2023-04-05 18:08:09,166 - __main__ - INFO - [INFO] 2023-04-05 18:08:09.166513 Epoch [43/100] batch [385/391] loss 2.1152 lr 0.062434494358242776 acc 42.19% eta 0:33:00
2023-04-05 18:08:09,720 - __main__ - INFO - Computing epoch 43 validation accuracy...
2023-04-05 18:08:13,009 - __main__ - INFO - Computing epoch 43 validation loss...
2023-04-05 18:08:16,457 - __main__ - INFO - [INFO] 2023-04-05 18:08:16.457374 Epoch [44/100] batch [1/391] loss 1.9639 lr 0.06090716206982718 acc 44.53% eta 0:34:10
2023-04-05 18:08:28,806 - __main__ - INFO - [INFO] 2023-04-05 18:08:28.806704 Epoch [44/100] batch [129/391] loss 2.0234 lr 0.06090716206982718 acc 50.00% eta 0:32:59
2023-04-05 18:08:41,117 - __main__ - INFO - [INFO] 2023-04-05 18:08:41.117089 Epoch [44/100] batch [257/391] loss 2.1484 lr 0.06090716206982718 acc 49.22% eta 0:32:44
2023-04-05 18:08:53,657 - __main__ - INFO - [INFO] 2023-04-05 18:08:53.657469 Epoch [44/100] batch [385/391] loss 2.1426 lr 0.06090716206982718 acc 39.84% eta 0:32:42
2023-04-05 18:08:54,202 - __main__ - INFO - Computing epoch 44 validation accuracy...
2023-04-05 18:08:57,636 - __main__ - INFO - Computing epoch 44 validation loss...
2023-04-05 18:09:01,037 - __main__ - INFO - [INFO] 2023-04-05 18:09:01.037570 Epoch [45/100] batch [1/391] loss 1.8867 lr 0.05936906572928628 acc 53.91% eta 0:34:16
2023-04-05 18:09:13,164 - __main__ - INFO - [INFO] 2023-04-05 18:09:13.164587 Epoch [45/100] batch [129/391] loss 1.7715 lr 0.05936906572928628 acc 60.94% eta 0:31:54
2023-04-05 18:09:25,737 - __main__ - INFO - [INFO] 2023-04-05 18:09:25.737144 Epoch [45/100] batch [257/391] loss 2.0078 lr 0.05936906572928628 acc 40.62% eta 0:32:15
2023-04-05 18:09:37,997 - __main__ - INFO - [INFO] 2023-04-05 18:09:37.997509 Epoch [45/100] batch [385/391] loss 1.9746 lr 0.05936906572928628 acc 44.53% eta 0:31:57
2023-04-05 18:09:38,542 - __main__ - INFO - Computing epoch 45 validation accuracy...
2023-04-05 18:09:41,892 - __main__ - INFO - Computing epoch 45 validation loss...
2023-04-05 18:09:45,328 - __main__ - INFO - [INFO] 2023-04-05 18:09:45.328526 Epoch [46/100] batch [1/391] loss 2.1309 lr 0.05782172325201159 acc 46.88% eta 0:33:08
2023-04-05 18:09:57,794 - __main__ - INFO - [INFO] 2023-04-05 18:09:57.794720 Epoch [46/100] batch [129/391] loss 1.8477 lr 0.05782172325201159 acc 50.78% eta 0:32:00
2023-04-05 18:10:10,353 - __main__ - INFO - [INFO] 2023-04-05 18:10:10.353724 Epoch [46/100] batch [257/391] loss 2.0078 lr 0.05782172325201159 acc 45.31% eta 0:31:58
2023-04-05 18:10:22,653 - __main__ - INFO - [INFO] 2023-04-05 18:10:22.653203 Epoch [46/100] batch [385/391] loss 2.1699 lr 0.05782172325201159 acc 49.22% eta 0:31:37
2023-04-05 18:10:23,195 - __main__ - INFO - Computing epoch 46 validation accuracy...
2023-04-05 18:10:26,523 - __main__ - INFO - Computing epoch 46 validation loss...
2023-04-05 18:10:30,111 - __main__ - INFO - [INFO] 2023-04-05 18:10:30.111292 Epoch [47/100] batch [1/391] loss 2.0195 lr 0.056266661678215264 acc 51.56% eta 0:36:09
2023-04-05 18:10:42,388 - __main__ - INFO - [INFO] 2023-04-05 18:10:42.388686 Epoch [47/100] batch [129/391] loss 1.8877 lr 0.056266661678215264 acc 48.44% eta 0:31:06
2023-04-05 18:10:54,668 - __main__ - INFO - [INFO] 2023-04-05 18:10:54.668774 Epoch [47/100] batch [257/391] loss 2.0781 lr 0.056266661678215264 acc 47.66% eta 0:30:55
2023-04-05 18:11:07,029 - __main__ - INFO - [INFO] 2023-04-05 18:11:07.029662 Epoch [47/100] batch [385/391] loss 2.0996 lr 0.056266661678215264 acc 46.88% eta 0:30:47
2023-04-05 18:11:07,576 - __main__ - INFO - Computing epoch 47 validation accuracy...
2023-04-05 18:11:11,113 - __main__ - INFO - Computing epoch 47 validation loss...
2023-04-05 18:11:14,700 - __main__ - INFO - [INFO] 2023-04-05 18:11:14.700329 Epoch [48/100] batch [1/391] loss 2.1445 lr 0.05470541566592575 acc 44.53% eta 0:32:52
2023-04-05 18:11:26,999 - __main__ - INFO - [INFO] 2023-04-05 18:11:26.999112 Epoch [48/100] batch [129/391] loss 2.0781 lr 0.05470541566592575 acc 51.56% eta 0:30:31
2023-04-05 18:11:39,565 - __main__ - INFO - [INFO] 2023-04-05 18:11:39.565077 Epoch [48/100] batch [257/391] loss 1.7559 lr 0.05470541566592575 acc 53.91% eta 0:30:38
2023-04-05 18:11:51,806 - __main__ - INFO - [INFO] 2023-04-05 18:11:51.805872 Epoch [48/100] batch [385/391] loss 1.9668 lr 0.05470541566592575 acc 46.88% eta 0:30:18
2023-04-05 18:11:52,347 - __main__ - INFO - Computing epoch 48 validation accuracy...
2023-04-05 18:11:55,646 - __main__ - INFO - Computing epoch 48 validation loss...
2023-04-05 18:11:59,438 - __main__ - INFO - [INFO] 2023-04-05 18:11:59.438235 Epoch [49/100] batch [1/391] loss 1.9902 lr 0.053139525976465714 acc 50.78% eta 0:35:21
2023-04-05 18:12:11,650 - __main__ - INFO - [INFO] 2023-04-05 18:12:11.650656 Epoch [49/100] batch [129/391] loss 2.0723 lr 0.053139525976465714 acc 45.31% eta 0:29:44
2023-04-05 18:12:23,976 - __main__ - INFO - [INFO] 2023-04-05 18:12:23.976663 Epoch [49/100] batch [257/391] loss 2.0762 lr 0.053139525976465714 acc 53.12% eta 0:29:42
2023-04-05 18:12:36,354 - __main__ - INFO - [INFO] 2023-04-05 18:12:36.354648 Epoch [49/100] batch [385/391] loss 1.8506 lr 0.053139525976465714 acc 46.88% eta 0:29:35
2023-04-05 18:12:36,881 - __main__ - INFO - Computing epoch 49 validation accuracy...
2023-04-05 18:12:40,271 - __main__ - INFO - Computing epoch 49 validation loss...
2023-04-05 18:12:43,896 - __main__ - INFO - [INFO] 2023-04-05 18:12:43.896129 Epoch [50/100] batch [1/391] loss 1.8330 lr 0.05157053795390645 acc 50.00% eta 0:30:58
2023-04-05 18:12:56,218 - __main__ - INFO - [INFO] 2023-04-05 18:12:56.218769 Epoch [50/100] batch [129/391] loss 1.8916 lr 0.05157053795390645 acc 50.00% eta 0:29:27
2023-04-05 18:13:08,613 - __main__ - INFO - [INFO] 2023-04-05 18:13:08.613312 Epoch [50/100] batch [257/391] loss 2.1074 lr 0.05157053795390645 acc 52.34% eta 0:29:18
2023-04-05 18:13:21,167 - __main__ - INFO - [INFO] 2023-04-05 18:13:21.167293 Epoch [50/100] batch [385/391] loss 1.9043 lr 0.05157053795390645 acc 55.47% eta 0:29:17
2023-04-05 18:13:21,742 - __main__ - INFO - Computing epoch 50 validation accuracy...
2023-04-05 18:13:25,139 - __main__ - INFO - Computing epoch 50 validation loss...
2023-04-05 18:13:28,615 - __main__ - INFO - [INFO] 2023-04-05 18:13:28.615772 Epoch [51/100] batch [1/391] loss 1.9570 lr 0.05000000000000004 acc 47.66% eta 0:32:04
2023-04-05 18:13:41,026 - __main__ - INFO - [INFO] 2023-04-05 18:13:41.026204 Epoch [51/100] batch [129/391] loss 1.7764 lr 0.05000000000000004 acc 60.16% eta 0:29:04
2023-04-05 18:13:53,517 - __main__ - INFO - [INFO] 2023-04-05 18:13:53.517747 Epoch [51/100] batch [257/391] loss 1.7031 lr 0.05000000000000004 acc 54.69% eta 0:28:58
2023-04-05 18:14:06,015 - __main__ - INFO - [INFO] 2023-04-05 18:14:06.014933 Epoch [51/100] batch [385/391] loss 1.8594 lr 0.05000000000000004 acc 54.69% eta 0:28:49
2023-04-05 18:14:06,595 - __main__ - INFO - Computing epoch 51 validation accuracy...
2023-04-05 18:14:09,970 - __main__ - INFO - Computing epoch 51 validation loss...
2023-04-05 18:14:13,641 - __main__ - INFO - [INFO] 2023-04-05 18:14:13.641371 Epoch [52/100] batch [1/391] loss 2.0215 lr 0.04842946204609362 acc 46.09% eta 0:31:44
2023-04-05 18:14:26,097 - __main__ - INFO - [INFO] 2023-04-05 18:14:26.096814 Epoch [52/100] batch [129/391] loss 1.9521 lr 0.04842946204609362 acc 50.00% eta 0:28:38
2023-04-05 18:14:38,670 - __main__ - INFO - [INFO] 2023-04-05 18:14:38.670281 Epoch [52/100] batch [257/391] loss 2.1133 lr 0.04842946204609362 acc 48.44% eta 0:28:29
2023-04-05 18:14:51,032 - __main__ - INFO - [INFO] 2023-04-05 18:14:51.032740 Epoch [52/100] batch [385/391] loss 1.9004 lr 0.04842946204609362 acc 42.19% eta 0:28:10
2023-04-05 18:14:51,615 - __main__ - INFO - Computing epoch 52 validation accuracy...
2023-04-05 18:14:55,075 - __main__ - INFO - Computing epoch 52 validation loss...
2023-04-05 18:14:58,769 - __main__ - INFO - [INFO] 2023-04-05 18:14:58.769784 Epoch [53/100] batch [1/391] loss 1.6289 lr 0.04686047402353437 acc 49.22% eta 0:31:29
2023-04-05 18:15:11,362 - __main__ - INFO - [INFO] 2023-04-05 18:15:11.362306 Epoch [53/100] batch [129/391] loss 2.0293 lr 0.04686047402353437 acc 51.56% eta 0:28:17
2023-04-05 18:15:24,001 - __main__ - INFO - [INFO] 2023-04-05 18:15:24.001724 Epoch [53/100] batch [257/391] loss 1.9121 lr 0.04686047402353437 acc 55.47% eta 0:28:07
2023-04-05 18:15:36,484 - __main__ - INFO - [INFO] 2023-04-05 18:15:36.484238 Epoch [53/100] batch [385/391] loss 1.9395 lr 0.04686047402353437 acc 52.34% eta 0:27:49
2023-04-05 18:15:37,046 - __main__ - INFO - Computing epoch 53 validation accuracy...
2023-04-05 18:15:40,373 - __main__ - INFO - Computing epoch 53 validation loss...
2023-04-05 18:15:43,898 - __main__ - INFO - [INFO] 2023-04-05 18:15:43.898464 Epoch [54/100] batch [1/391] loss 1.8750 lr 0.045294584334074316 acc 47.66% eta 0:28:42
2023-04-05 18:15:56,548 - __main__ - INFO - [INFO] 2023-04-05 18:15:56.548731 Epoch [54/100] batch [129/391] loss 2.0078 lr 0.045294584334074316 acc 53.91% eta 0:27:49
2023-04-05 18:16:09,165 - __main__ - INFO - [INFO] 2023-04-05 18:16:09.164999 Epoch [54/100] batch [257/391] loss 1.7393 lr 0.045294584334074316 acc 53.91% eta 0:27:34
2023-04-05 18:16:21,517 - __main__ - INFO - [INFO] 2023-04-05 18:16:21.517257 Epoch [54/100] batch [385/391] loss 2.0820 lr 0.045294584334074316 acc 40.62% eta 0:27:10
2023-04-05 18:16:22,100 - __main__ - INFO - Computing epoch 54 validation accuracy...
2023-04-05 18:16:25,417 - __main__ - INFO - Computing epoch 54 validation loss...
2023-04-05 18:16:28,890 - __main__ - INFO - [INFO] 2023-04-05 18:16:28.890236 Epoch [55/100] batch [1/391] loss 1.7119 lr 0.043733338321784825 acc 55.47% eta 0:30:18
2023-04-05 18:16:41,568 - __main__ - INFO - [INFO] 2023-04-05 18:16:41.568318 Epoch [55/100] batch [129/391] loss 2.0410 lr 0.043733338321784825 acc 48.44% eta 0:27:17
2023-04-05 18:16:54,093 - __main__ - INFO - [INFO] 2023-04-05 18:16:54.093416 Epoch [55/100] batch [257/391] loss 1.6602 lr 0.043733338321784825 acc 39.06% eta 0:26:54
2023-04-05 18:17:06,845 - __main__ - INFO - [INFO] 2023-04-05 18:17:06.845237 Epoch [55/100] batch [385/391] loss 1.8281 lr 0.043733338321784825 acc 53.91% eta 0:26:48
2023-04-05 18:17:07,407 - __main__ - INFO - Computing epoch 55 validation accuracy...
2023-04-05 18:17:10,894 - __main__ - INFO - Computing epoch 55 validation loss...
2023-04-05 18:17:14,666 - __main__ - INFO - [INFO] 2023-04-05 18:17:14.666465 Epoch [56/100] batch [1/391] loss 2.0742 lr 0.042178276747988484 acc 48.44% eta 0:29:48
2023-04-05 18:17:27,013 - __main__ - INFO - [INFO] 2023-04-05 18:17:27.013267 Epoch [56/100] batch [129/391] loss 1.8232 lr 0.042178276747988484 acc 55.47% eta 0:26:01
2023-04-05 18:17:39,622 - __main__ - INFO - [INFO] 2023-04-05 18:17:39.621977 Epoch [56/100] batch [257/391] loss 1.7383 lr 0.042178276747988484 acc 50.78% eta 0:26:06
2023-04-05 18:17:52,300 - __main__ - INFO - [INFO] 2023-04-05 18:17:52.300515 Epoch [56/100] batch [385/391] loss 1.7617 lr 0.042178276747988484 acc 53.91% eta 0:26:02
2023-04-05 18:17:52,843 - __main__ - INFO - Computing epoch 56 validation accuracy...
2023-04-05 18:17:56,251 - __main__ - INFO - Computing epoch 56 validation loss...
2023-04-05 18:17:59,774 - __main__ - INFO - [INFO] 2023-04-05 18:17:59.774070 Epoch [57/100] batch [1/391] loss 1.8555 lr 0.0406309342707138 acc 54.69% eta 0:28:18
2023-04-05 18:18:12,206 - __main__ - INFO - [INFO] 2023-04-05 18:18:12.206754 Epoch [57/100] batch [129/391] loss 1.8105 lr 0.0406309342707138 acc 46.09% eta 0:25:35
2023-04-05 18:18:24,793 - __main__ - INFO - [INFO] 2023-04-05 18:18:24.793364 Epoch [57/100] batch [257/391] loss 1.6748 lr 0.0406309342707138 acc 52.34% eta 0:25:31
2023-04-05 18:18:37,328 - __main__ - INFO - [INFO] 2023-04-05 18:18:37.327996 Epoch [57/100] batch [385/391] loss 1.8604 lr 0.0406309342707138 acc 53.91% eta 0:25:20
2023-04-05 18:18:37,899 - __main__ - INFO - Computing epoch 57 validation accuracy...
2023-04-05 18:18:41,191 - __main__ - INFO - Computing epoch 57 validation loss...
2023-04-05 18:18:44,695 - __main__ - INFO - [INFO] 2023-04-05 18:18:44.695167 Epoch [58/100] batch [1/391] loss 1.8916 lr 0.039092837930172916 acc 47.66% eta 0:26:28
2023-04-05 18:18:57,704 - __main__ - INFO - [INFO] 2023-04-05 18:18:57.704232 Epoch [58/100] batch [129/391] loss 2.0586 lr 0.039092837930172916 acc 53.12% eta 0:26:07
2023-04-05 18:19:10,300 - __main__ - INFO - [INFO] 2023-04-05 18:19:10.299829 Epoch [58/100] batch [257/391] loss 1.9131 lr 0.039092837930172916 acc 46.88% eta 0:25:31
2023-04-05 18:19:22,536 - __main__ - INFO - [INFO] 2023-04-05 18:19:22.536173 Epoch [58/100] batch [385/391] loss 1.9639 lr 0.039092837930172916 acc 50.00% eta 0:24:58
2023-04-05 18:19:23,089 - __main__ - INFO - Computing epoch 58 validation accuracy...
2023-04-05 18:19:26,316 - __main__ - INFO - Computing epoch 58 validation loss...
2023-04-05 18:19:29,766 - __main__ - INFO - [INFO] 2023-04-05 18:19:29.765831 Epoch [59/100] batch [1/391] loss 1.8711 lr 0.037565505641757285 acc 60.16% eta 0:26:08
2023-04-05 18:19:42,311 - __main__ - INFO - [INFO] 2023-04-05 18:19:42.310943 Epoch [59/100] batch [129/391] loss 1.9053 lr 0.037565505641757285 acc 49.22% eta 0:24:34
2023-04-05 18:19:54,836 - __main__ - INFO - [INFO] 2023-04-05 18:19:54.836670 Epoch [59/100] batch [257/391] loss 1.5674 lr 0.037565505641757285 acc 51.56% eta 0:24:23
2023-04-05 18:20:07,490 - __main__ - INFO - [INFO] 2023-04-05 18:20:07.490125 Epoch [59/100] batch [385/391] loss 1.7432 lr 0.037565505641757285 acc 61.72% eta 0:24:16
2023-04-05 18:20:08,061 - __main__ - INFO - Computing epoch 59 validation accuracy...
2023-04-05 18:20:11,358 - __main__ - INFO - Computing epoch 59 validation loss...
2023-04-05 18:20:14,834 - __main__ - INFO - [INFO] 2023-04-05 18:20:14.834456 Epoch [60/100] batch [1/391] loss 1.7344 lr 0.03605044469803857 acc 60.16% eta 0:24:40
2023-04-05 18:20:27,225 - __main__ - INFO - [INFO] 2023-04-05 18:20:27.225254 Epoch [60/100] batch [129/391] loss 1.5732 lr 0.03605044469803857 acc 66.41% eta 0:23:41
2023-04-05 18:20:39,803 - __main__ - INFO - [INFO] 2023-04-05 18:20:39.802911 Epoch [60/100] batch [257/391] loss 1.6953 lr 0.03605044469803857 acc 51.56% eta 0:23:42
2023-04-05 18:20:52,418 - __main__ - INFO - [INFO] 2023-04-05 18:20:52.418075 Epoch [60/100] batch [385/391] loss 1.5879 lr 0.03605044469803857 acc 59.38% eta 0:23:36
2023-04-05 18:20:52,986 - __main__ - INFO - Computing epoch 60 validation accuracy...
2023-04-05 18:20:56,220 - __main__ - INFO - Computing epoch 60 validation loss...
2023-04-05 18:20:59,833 - __main__ - INFO - [INFO] 2023-04-05 18:20:59.832871 Epoch [61/100] batch [1/391] loss 1.9863 lr 0.034549150281252675 acc 50.78% eta 0:27:25
2023-04-05 18:21:12,751 - __main__ - INFO - [INFO] 2023-04-05 18:21:12.751703 Epoch [61/100] batch [129/391] loss 1.7881 lr 0.034549150281252675 acc 58.59% eta 0:24:13
2023-04-05 18:21:25,248 - __main__ - INFO - [INFO] 2023-04-05 18:21:25.248213 Epoch [61/100] batch [257/391] loss 1.8447 lr 0.034549150281252675 acc 50.78% eta 0:23:35
2023-04-05 18:21:37,987 - __main__ - INFO - [INFO] 2023-04-05 18:21:37.987219 Epoch [61/100] batch [385/391] loss 1.8613 lr 0.034549150281252675 acc 48.44% eta 0:23:24
2023-04-05 18:21:38,541 - __main__ - INFO - Computing epoch 61 validation accuracy...
2023-04-05 18:21:41,920 - __main__ - INFO - Computing epoch 61 validation loss...
2023-04-05 18:21:45,391 - __main__ - INFO - [INFO] 2023-04-05 18:21:45.391609 Epoch [62/100] batch [1/391] loss 1.9346 lr 0.03306310398773546 acc 46.09% eta 0:23:56
2023-04-05 18:21:58,076 - __main__ - INFO - [INFO] 2023-04-05 18:21:58.075931 Epoch [62/100] batch [129/391] loss 1.9629 lr 0.03306310398773546 acc 53.91% eta 0:23:08
2023-04-05 18:22:10,453 - __main__ - INFO - [INFO] 2023-04-05 18:22:10.453659 Epoch [62/100] batch [257/391] loss 1.9570 lr 0.03306310398773546 acc 56.25% eta 0:22:39
2023-04-05 18:22:22,803 - __main__ - INFO - [INFO] 2023-04-05 18:22:22.802970 Epoch [62/100] batch [385/391] loss 1.8984 lr 0.03306310398773546 acc 54.69% eta 0:22:21
2023-04-05 18:22:23,363 - __main__ - INFO - Computing epoch 62 validation accuracy...
2023-04-05 18:22:26,729 - __main__ - INFO - Computing epoch 62 validation loss...
2023-04-05 18:22:30,148 - __main__ - INFO - [INFO] 2023-04-05 18:22:30.148289 Epoch [63/100] batch [1/391] loss 1.9033 lr 0.031593772365766146 acc 57.03% eta 0:23:03
2023-04-05 18:22:42,490 - __main__ - INFO - [INFO] 2023-04-05 18:22:42.490714 Epoch [63/100] batch [129/391] loss 2.0078 lr 0.031593772365766146 acc 50.78% eta 0:21:54
2023-04-05 18:22:55,054 - __main__ - INFO - [INFO] 2023-04-05 18:22:55.053851 Epoch [63/100] batch [257/391] loss 1.9131 lr 0.031593772365766146 acc 54.69% eta 0:21:55
2023-04-05 18:23:07,685 - __main__ - INFO - [INFO] 2023-04-05 18:23:07.684907 Epoch [63/100] batch [385/391] loss 2.0371 lr 0.031593772365766146 acc 51.56% eta 0:21:49
2023-04-05 18:23:08,267 - __main__ - INFO - Computing epoch 63 validation accuracy...
2023-04-05 18:23:11,716 - __main__ - INFO - Computing epoch 63 validation loss...
2023-04-05 18:23:15,161 - __main__ - INFO - [INFO] 2023-04-05 18:23:15.161675 Epoch [64/100] batch [1/391] loss 1.9062 lr 0.030142605468260992 acc 50.78% eta 0:26:04
2023-04-05 18:23:27,633 - __main__ - INFO - [INFO] 2023-04-05 18:23:27.632853 Epoch [64/100] batch [129/391] loss 2.0508 lr 0.030142605468260992 acc 52.34% eta 0:21:38
2023-04-05 18:23:40,204 - __main__ - INFO - [INFO] 2023-04-05 18:23:40.203992 Epoch [64/100] batch [257/391] loss 1.8320 lr 0.030142605468260992 acc 50.78% eta 0:21:28
2023-04-05 18:23:52,757 - __main__ - INFO - [INFO] 2023-04-05 18:23:52.757486 Epoch [64/100] batch [385/391] loss 1.5674 lr 0.030142605468260992 acc 62.50% eta 0:21:18
2023-04-05 18:23:53,328 - __main__ - INFO - Computing epoch 64 validation accuracy...
2023-04-05 18:23:56,690 - __main__ - INFO - Computing epoch 64 validation loss...
2023-04-05 18:24:00,067 - __main__ - INFO - [INFO] 2023-04-05 18:24:00.067760 Epoch [65/100] batch [1/391] loss 1.6279 lr 0.028711035421746394 acc 53.91% eta 0:22:24
2023-04-05 18:24:12,426 - __main__ - INFO - [INFO] 2023-04-05 18:24:12.426469 Epoch [65/100] batch [129/391] loss 1.9365 lr 0.028711035421746394 acc 48.44% eta 0:20:45
2023-04-05 18:24:24,883 - __main__ - INFO - [INFO] 2023-04-05 18:24:24.882958 Epoch [65/100] batch [257/391] loss 1.6494 lr 0.028711035421746394 acc 62.50% eta 0:20:40
2023-04-05 18:24:37,333 - __main__ - INFO - [INFO] 2023-04-05 18:24:37.332983 Epoch [65/100] batch [385/391] loss 1.6250 lr 0.028711035421746394 acc 57.03% eta 0:20:30
2023-04-05 18:24:37,927 - __main__ - INFO - Computing epoch 65 validation accuracy...
2023-04-05 18:24:41,269 - __main__ - INFO - Computing epoch 65 validation loss...
2023-04-05 18:24:44,701 - __main__ - INFO - [INFO] 2023-04-05 18:24:44.700839 Epoch [66/100] batch [1/391] loss 1.8418 lr 0.027300475013022688 acc 50.78% eta 0:22:32
2023-04-05 18:24:57,447 - __main__ - INFO - [INFO] 2023-04-05 18:24:57.447272 Epoch [66/100] batch [129/391] loss 1.5137 lr 0.027300475013022688 acc 62.50% eta 0:20:48
2023-04-05 18:25:09,841 - __main__ - INFO - [INFO] 2023-04-05 18:25:09.841071 Epoch [66/100] batch [257/391] loss 1.7100 lr 0.027300475013022688 acc 59.38% eta 0:20:19
2023-04-05 18:25:22,196 - __main__ - INFO - [INFO] 2023-04-05 18:25:22.196330 Epoch [66/100] batch [385/391] loss 1.5439 lr 0.027300475013022688 acc 56.25% eta 0:20:00
2023-04-05 18:25:22,778 - __main__ - INFO - Computing epoch 66 validation accuracy...
2023-04-05 18:25:26,224 - __main__ - INFO - Computing epoch 66 validation loss...
2023-04-05 18:25:29,749 - __main__ - INFO - [INFO] 2023-04-05 18:25:29.749021 Epoch [67/100] batch [1/391] loss 1.7471 lr 0.025912316294914254 acc 52.34% eta 0:20:27
2023-04-05 18:25:42,179 - __main__ - INFO - [INFO] 2023-04-05 18:25:42.179481 Epoch [67/100] batch [129/391] loss 1.8418 lr 0.025912316294914254 acc 56.25% eta 0:19:45
2023-04-05 18:25:54,498 - __main__ - INFO - [INFO] 2023-04-05 18:25:54.498405 Epoch [67/100] batch [257/391] loss 1.4844 lr 0.025912316294914254 acc 61.72% eta 0:19:26
2023-04-05 18:26:07,118 - __main__ - INFO - [INFO] 2023-04-05 18:26:07.117903 Epoch [67/100] batch [385/391] loss 1.5322 lr 0.025912316294914254 acc 63.28% eta 0:19:22
2023-04-05 18:26:07,649 - __main__ - INFO - Computing epoch 67 validation accuracy...
2023-04-05 18:26:11,079 - __main__ - INFO - Computing epoch 67 validation loss...
2023-04-05 18:26:14,663 - __main__ - INFO - [INFO] 2023-04-05 18:26:14.663546 Epoch [68/100] batch [1/391] loss 1.5791 lr 0.02454792921248146 acc 57.03% eta 0:20:14
2023-04-05 18:26:26,808 - __main__ - INFO - [INFO] 2023-04-05 18:26:26.808416 Epoch [68/100] batch [129/391] loss 1.6719 lr 0.02454792921248146 acc 57.03% eta 0:18:49
2023-04-05 18:26:39,401 - __main__ - INFO - [INFO] 2023-04-05 18:26:39.401378 Epoch [68/100] batch [257/391] loss 1.6611 lr 0.02454792921248146 acc 53.91% eta 0:18:59
2023-04-05 18:26:52,164 - __main__ - INFO - [INFO] 2023-04-05 18:26:52.164747 Epoch [68/100] batch [385/391] loss 1.7422 lr 0.02454792921248146 acc 56.25% eta 0:18:57
2023-04-05 18:26:52,739 - __main__ - INFO - Computing epoch 68 validation accuracy...
2023-04-05 18:26:56,033 - __main__ - INFO - Computing epoch 68 validation loss...
2023-04-05 18:26:59,498 - __main__ - INFO - [INFO] 2023-04-05 18:26:59.498666 Epoch [69/100] batch [1/391] loss 1.7354 lr 0.02320866025105018 acc 62.50% eta 0:19:12
2023-04-05 18:27:12,060 - __main__ - INFO - [INFO] 2023-04-05 18:27:12.060299 Epoch [69/100] batch [129/391] loss 1.5664 lr 0.02320866025105018 acc 62.50% eta 0:18:43
2023-04-05 18:27:24,453 - __main__ - INFO - [INFO] 2023-04-05 18:27:24.452709 Epoch [69/100] batch [257/391] loss 1.6523 lr 0.02320866025105018 acc 60.16% eta 0:18:23
2023-04-05 18:27:37,386 - __main__ - INFO - [INFO] 2023-04-05 18:27:37.386769 Epoch [69/100] batch [385/391] loss 1.8311 lr 0.02320866025105018 acc 53.91% eta 0:18:24
2023-04-05 18:27:37,985 - __main__ - INFO - Computing epoch 69 validation accuracy...
2023-04-05 18:27:41,374 - __main__ - INFO - Computing epoch 69 validation loss...
2023-04-05 18:27:44,765 - __main__ - INFO - [INFO] 2023-04-05 18:27:44.765334 Epoch [70/100] batch [1/391] loss 1.5361 lr 0.021895831107393487 acc 62.50% eta 0:19:39
2023-04-05 18:27:57,146 - __main__ - INFO - [INFO] 2023-04-05 18:27:57.145869 Epoch [70/100] batch [129/391] loss 1.5352 lr 0.021895831107393487 acc 56.25% eta 0:17:53
2023-04-05 18:28:09,657 - __main__ - INFO - [INFO] 2023-04-05 18:28:09.657211 Epoch [70/100] batch [257/391] loss 1.3916 lr 0.021895831107393487 acc 67.19% eta 0:17:46
2023-04-05 18:28:22,391 - __main__ - INFO - [INFO] 2023-04-05 18:28:22.391436 Epoch [70/100] batch [385/391] loss 1.7285 lr 0.021895831107393487 acc 60.16% eta 0:17:42
2023-04-05 18:28:22,946 - __main__ - INFO - Computing epoch 70 validation accuracy...
2023-04-05 18:28:26,300 - __main__ - INFO - Computing epoch 70 validation loss...
2023-04-05 18:28:29,748 - __main__ - INFO - [INFO] 2023-04-05 18:28:29.747983 Epoch [71/100] batch [1/391] loss 1.4727 lr 0.02061073738537637 acc 67.19% eta 0:18:38
2023-04-05 18:28:42,171 - __main__ - INFO - [INFO] 2023-04-05 18:28:42.171204 Epoch [71/100] batch [129/391] loss 1.7012 lr 0.02061073738537637 acc 61.72% eta 0:17:23
2023-04-05 18:28:54,700 - __main__ - INFO - [INFO] 2023-04-05 18:28:54.700582 Epoch [71/100] batch [257/391] loss 1.6279 lr 0.02061073738537637 acc 62.50% eta 0:17:15
2023-04-05 18:29:07,134 - __main__ - INFO - [INFO] 2023-04-05 18:29:07.134140 Epoch [71/100] batch [385/391] loss 1.9453 lr 0.02061073738537637 acc 51.56% eta 0:17:01
2023-04-05 18:29:07,685 - __main__ - INFO - Computing epoch 71 validation accuracy...
2023-04-05 18:29:11,238 - __main__ - INFO - Computing epoch 71 validation loss...
2023-04-05 18:29:14,746 - __main__ - INFO - [INFO] 2023-04-05 18:29:14.745846 Epoch [72/100] batch [1/391] loss 1.5713 lr 0.01935464731735119 acc 63.28% eta 0:17:39
2023-04-05 18:29:27,100 - __main__ - INFO - [INFO] 2023-04-05 18:29:27.099941 Epoch [72/100] batch [129/391] loss 1.6182 lr 0.01935464731735119 acc 67.97% eta 0:16:40
2023-04-05 18:29:39,415 - __main__ - INFO - [INFO] 2023-04-05 18:29:39.415738 Epoch [72/100] batch [257/391] loss 1.5332 lr 0.01935464731735119 acc 57.81% eta 0:16:28
2023-04-05 18:29:51,949 - __main__ - INFO - [INFO] 2023-04-05 18:29:51.949728 Epoch [72/100] batch [385/391] loss 1.7246 lr 0.01935464731735119 acc 58.59% eta 0:16:21
2023-04-05 18:29:52,508 - __main__ - INFO - Computing epoch 72 validation accuracy...
2023-04-05 18:29:55,946 - __main__ - INFO - Computing epoch 72 validation loss...
2023-04-05 18:29:59,400 - __main__ - INFO - [INFO] 2023-04-05 18:29:59.400033 Epoch [73/100] batch [1/391] loss 1.6572 lr 0.018128800512565532 acc 58.59% eta 0:19:56
2023-04-05 18:30:11,882 - __main__ - INFO - [INFO] 2023-04-05 18:30:11.882215 Epoch [73/100] batch [129/391] loss 1.5547 lr 0.018128800512565532 acc 57.81% eta 0:16:18
2023-04-05 18:30:24,170 - __main__ - INFO - [INFO] 2023-04-05 18:30:24.170583 Epoch [73/100] batch [257/391] loss 1.5918 lr 0.018128800512565532 acc 65.62% eta 0:15:57
2023-04-05 18:30:36,530 - __main__ - INFO - [INFO] 2023-04-05 18:30:36.530076 Epoch [73/100] batch [385/391] loss 1.8730 lr 0.018128800512565532 acc 51.56% eta 0:15:45
2023-04-05 18:30:37,099 - __main__ - INFO - Computing epoch 73 validation accuracy...
2023-04-05 18:30:40,465 - __main__ - INFO - Computing epoch 73 validation loss...
2023-04-05 18:30:43,911 - __main__ - INFO - [INFO] 2023-04-05 18:30:43.911696 Epoch [74/100] batch [1/391] loss 1.7715 lr 0.016934406733817433 acc 57.81% eta 0:16:33
2023-04-05 18:30:56,379 - __main__ - INFO - [INFO] 2023-04-05 18:30:56.379627 Epoch [74/100] batch [129/391] loss 1.5986 lr 0.016934406733817433 acc 58.59% eta 0:15:41
2023-04-05 18:31:08,729 - __main__ - INFO - [INFO] 2023-04-05 18:31:08.729227 Epoch [74/100] batch [257/391] loss 1.5605 lr 0.016934406733817433 acc 62.50% eta 0:15:24
2023-04-05 18:31:21,189 - __main__ - INFO - [INFO] 2023-04-05 18:31:21.189705 Epoch [74/100] batch [385/391] loss 1.7314 lr 0.016934406733817433 acc 56.25% eta 0:15:13
2023-04-05 18:31:21,733 - __main__ - INFO - Computing epoch 74 validation accuracy...
2023-04-05 18:31:25,204 - __main__ - INFO - Computing epoch 74 validation loss...
2023-04-05 18:31:28,660 - __main__ - INFO - [INFO] 2023-04-05 18:31:28.659867 Epoch [75/100] batch [1/391] loss 1.5215 lr 0.01577264470356558 acc 52.34% eta 0:16:46
2023-04-05 18:31:41,250 - __main__ - INFO - [INFO] 2023-04-05 18:31:41.250417 Epoch [75/100] batch [129/391] loss 1.5654 lr 0.01577264470356558 acc 58.59% eta 0:15:13
2023-04-05 18:31:53,833 - __main__ - INFO - [INFO] 2023-04-05 18:31:53.833618 Epoch [75/100] batch [257/391] loss 1.8867 lr 0.01577264470356558 acc 53.12% eta 0:15:02
2023-04-05 18:32:06,543 - __main__ - INFO - [INFO] 2023-04-05 18:32:06.542924 Epoch [75/100] batch [385/391] loss 1.6924 lr 0.01577264470356558 acc 61.72% eta 0:14:51
2023-04-05 18:32:07,105 - __main__ - INFO - Computing epoch 75 validation accuracy...
2023-04-05 18:32:10,436 - __main__ - INFO - Computing epoch 75 validation loss...
2023-04-05 18:32:13,917 - __main__ - INFO - [INFO] 2023-04-05 18:32:13.917001 Epoch [76/100] batch [1/391] loss 1.8203 lr 0.014644660940672643 acc 53.12% eta 0:18:53
2023-04-05 18:32:26,294 - __main__ - INFO - [INFO] 2023-04-05 18:32:26.294694 Epoch [76/100] batch [129/391] loss 1.6699 lr 0.014644660940672643 acc 53.91% eta 0:14:24
2023-04-05 18:32:38,822 - __main__ - INFO - [INFO] 2023-04-05 18:32:38.822202 Epoch [76/100] batch [257/391] loss 1.7178 lr 0.014644660940672643 acc 55.47% eta 0:14:17
2023-04-05 18:32:51,072 - __main__ - INFO - [INFO] 2023-04-05 18:32:51.072194 Epoch [76/100] batch [385/391] loss 1.6318 lr 0.014644660940672643 acc 63.28% eta 0:14:01
2023-04-05 18:32:51,613 - __main__ - INFO - Computing epoch 76 validation accuracy...
2023-04-05 18:32:55,008 - __main__ - INFO - Computing epoch 76 validation loss...
2023-04-05 18:32:58,467 - __main__ - INFO - [INFO] 2023-04-05 18:32:58.466860 Epoch [77/100] batch [1/391] loss 1.4961 lr 0.013551568628929448 acc 64.84% eta 0:14:28
2023-04-05 18:33:10,447 - __main__ - INFO - [INFO] 2023-04-05 18:33:10.447173 Epoch [77/100] batch [129/391] loss 1.3711 lr 0.013551568628929448 acc 64.84% eta 0:13:21
2023-04-05 18:33:22,377 - __main__ - INFO - [INFO] 2023-04-05 18:33:22.377679 Epoch [77/100] batch [257/391] loss 1.4385 lr 0.013551568628929448 acc 64.06% eta 0:13:08
2023-04-05 18:33:34,560 - __main__ - INFO - [INFO] 2023-04-05 18:33:34.559992 Epoch [77/100] batch [385/391] loss 1.6953 lr 0.013551568628929448 acc 64.06% eta 0:13:02
2023-04-05 18:33:35,097 - __main__ - INFO - Computing epoch 77 validation accuracy...
2023-04-05 18:33:38,382 - __main__ - INFO - Computing epoch 77 validation loss...
2023-04-05 18:33:41,932 - __main__ - INFO - [INFO] 2023-04-05 18:33:41.932277 Epoch [78/100] batch [1/391] loss 1.3584 lr 0.012494446518477033 acc 63.28% eta 0:14:03
2023-04-05 18:33:54,317 - __main__ - INFO - [INFO] 2023-04-05 18:33:54.317514 Epoch [78/100] batch [129/391] loss 1.3486 lr 0.012494446518477033 acc 65.62% eta 0:13:12
2023-04-05 18:34:06,507 - __main__ - INFO - [INFO] 2023-04-05 18:34:06.507170 Epoch [78/100] batch [257/391] loss 1.5654 lr 0.012494446518477033 acc 64.06% eta 0:12:54
2023-04-05 18:34:18,498 - __main__ - INFO - [INFO] 2023-04-05 18:34:18.497977 Epoch [78/100] batch [385/391] loss 1.6064 lr 0.012494446518477033 acc 59.38% eta 0:12:36
2023-04-05 18:34:19,037 - __main__ - INFO - Computing epoch 78 validation accuracy...
2023-04-05 18:34:22,402 - __main__ - INFO - Computing epoch 78 validation loss...
2023-04-05 18:34:25,950 - __main__ - INFO - [INFO] 2023-04-05 18:34:25.950388 Epoch [79/100] batch [1/391] loss 1.4072 lr 0.011474337861210555 acc 67.19% eta 0:14:13
2023-04-05 18:34:38,288 - __main__ - INFO - [INFO] 2023-04-05 18:34:38.288772 Epoch [79/100] batch [129/391] loss 1.4277 lr 0.011474337861210555 acc 65.62% eta 0:12:35
2023-04-05 18:34:50,332 - __main__ - INFO - [INFO] 2023-04-05 18:34:50.332237 Epoch [79/100] batch [257/391] loss 1.6035 lr 0.011474337861210555 acc 66.41% eta 0:12:14
2023-04-05 18:35:02,404 - __main__ - INFO - [INFO] 2023-04-05 18:35:02.404230 Epoch [79/100] batch [385/391] loss 1.4668 lr 0.011474337861210555 acc 61.72% eta 0:12:01
2023-04-05 18:35:02,967 - __main__ - INFO - Computing epoch 79 validation accuracy...
2023-04-05 18:35:06,279 - __main__ - INFO - Computing epoch 79 validation loss...
2023-04-05 18:35:09,990 - __main__ - INFO - [INFO] 2023-04-05 18:35:09.990311 Epoch [80/100] batch [1/391] loss 1.3711 lr 0.01049224938121549 acc 65.62% eta 0:12:45
2023-04-05 18:35:21,898 - __main__ - INFO - [INFO] 2023-04-05 18:35:21.897916 Epoch [80/100] batch [129/391] loss 1.3994 lr 0.01049224938121549 acc 64.84% eta 0:11:37
2023-04-05 18:35:33,963 - __main__ - INFO - [INFO] 2023-04-05 18:35:33.963501 Epoch [80/100] batch [257/391] loss 1.4844 lr 0.01049224938121549 acc 68.75% eta 0:11:29
2023-04-05 18:35:46,127 - __main__ - INFO - [INFO] 2023-04-05 18:35:46.127074 Epoch [80/100] batch [385/391] loss 1.5811 lr 0.01049224938121549 acc 63.28% eta 0:11:21
2023-04-05 18:35:46,712 - __main__ - INFO - Computing epoch 80 validation accuracy...
2023-04-05 18:35:50,067 - __main__ - INFO - Computing epoch 80 validation loss...
2023-04-05 18:35:53,643 - __main__ - INFO - [INFO] 2023-04-05 18:35:53.643461 Epoch [81/100] batch [1/391] loss 1.3291 lr 0.009549150281252642 acc 69.53% eta 0:13:10
2023-04-05 18:36:06,075 - __main__ - INFO - [INFO] 2023-04-05 18:36:06.075802 Epoch [81/100] batch [129/391] loss 1.4570 lr 0.009549150281252642 acc 69.53% eta 0:11:31
2023-04-05 18:36:18,253 - __main__ - INFO - [INFO] 2023-04-05 18:36:18.252957 Epoch [81/100] batch [257/391] loss 1.5059 lr 0.009549150281252642 acc 61.72% eta 0:11:12
2023-04-05 18:36:30,606 - __main__ - INFO - [INFO] 2023-04-05 18:36:30.606130 Epoch [81/100] batch [385/391] loss 1.3789 lr 0.009549150281252642 acc 66.41% eta 0:11:01
2023-04-05 18:36:31,159 - __main__ - INFO - Computing epoch 81 validation accuracy...
2023-04-05 18:36:34,605 - __main__ - INFO - Computing epoch 81 validation loss...
2023-04-05 18:36:38,086 - __main__ - INFO - [INFO] 2023-04-05 18:36:38.086233 Epoch [82/100] batch [1/391] loss 1.3750 lr 0.008645971286271922 acc 72.66% eta 0:12:26
2023-04-05 18:36:50,100 - __main__ - INFO - [INFO] 2023-04-05 18:36:50.099985 Epoch [82/100] batch [129/391] loss 1.5771 lr 0.008645971286271922 acc 62.50% eta 0:10:33
2023-04-05 18:37:02,224 - __main__ - INFO - [INFO] 2023-04-05 18:37:02.224360 Epoch [82/100] batch [257/391] loss 1.5127 lr 0.008645971286271922 acc 60.16% eta 0:10:25
2023-04-05 18:37:14,460 - __main__ - INFO - [INFO] 2023-04-05 18:37:14.460083 Epoch [82/100] batch [385/391] loss 1.2197 lr 0.008645971286271922 acc 70.31% eta 0:10:17
2023-04-05 18:37:15,009 - __main__ - INFO - Computing epoch 82 validation accuracy...
2023-04-05 18:37:18,308 - __main__ - INFO - Computing epoch 82 validation loss...
2023-04-05 18:37:21,758 - __main__ - INFO - [INFO] 2023-04-05 18:37:21.758263 Epoch [83/100] batch [1/391] loss 1.5312 lr 0.007783603724899264 acc 62.50% eta 0:11:10
2023-04-05 18:37:34,094 - __main__ - INFO - [INFO] 2023-04-05 18:37:34.094130 Epoch [83/100] batch [129/391] loss 1.2051 lr 0.007783603724899264 acc 67.19% eta 0:10:16
2023-04-05 18:37:46,349 - __main__ - INFO - [INFO] 2023-04-05 18:37:46.349121 Epoch [83/100] batch [257/391] loss 1.5010 lr 0.007783603724899264 acc 65.62% eta 0:10:02
2023-04-05 18:37:58,695 - __main__ - INFO - [INFO] 2023-04-05 18:37:58.695580 Epoch [83/100] batch [385/391] loss 1.4307 lr 0.007783603724899264 acc 61.72% eta 0:09:51
2023-04-05 18:37:59,278 - __main__ - INFO - Computing epoch 83 validation accuracy...
2023-04-05 18:38:02,620 - __main__ - INFO - Computing epoch 83 validation loss...
2023-04-05 18:38:06,184 - __main__ - INFO - [INFO] 2023-04-05 18:38:06.184384 Epoch [84/100] batch [1/391] loss 1.3203 lr 0.006962898649802819 acc 66.41% eta 0:10:05
2023-04-05 18:38:18,324 - __main__ - INFO - [INFO] 2023-04-05 18:38:18.324014 Epoch [84/100] batch [129/391] loss 1.4355 lr 0.006962898649802819 acc 67.19% eta 0:09:31
2023-04-05 18:38:30,761 - __main__ - INFO - [INFO] 2023-04-05 18:38:30.761468 Epoch [84/100] batch [257/391] loss 1.3555 lr 0.006962898649802819 acc 64.84% eta 0:09:27
2023-04-05 18:38:42,865 - __main__ - INFO - [INFO] 2023-04-05 18:38:42.865385 Epoch [84/100] batch [385/391] loss 1.2119 lr 0.006962898649802819 acc 74.22% eta 0:09:13
2023-04-05 18:38:43,419 - __main__ - INFO - Computing epoch 84 validation accuracy...
2023-04-05 18:38:46,805 - __main__ - INFO - Computing epoch 84 validation loss...
2023-04-05 18:38:50,355 - __main__ - INFO - [INFO] 2023-04-05 18:38:50.355005 Epoch [85/100] batch [1/391] loss 1.5488 lr 0.0061846659978068265 acc 60.16% eta 0:11:53
2023-04-05 18:39:02,477 - __main__ - INFO - [INFO] 2023-04-05 18:39:02.477388 Epoch [85/100] batch [129/391] loss 1.2266 lr 0.0061846659978068265 acc 67.19% eta 0:08:57
2023-04-05 18:39:14,827 - __main__ - INFO - [INFO] 2023-04-05 18:39:14.827267 Epoch [85/100] batch [257/391] loss 1.1680 lr 0.0061846659978068265 acc 74.22% eta 0:08:50
2023-04-05 18:39:27,246 - __main__ - INFO - [INFO] 2023-04-05 18:39:27.246181 Epoch [85/100] batch [385/391] loss 1.4736 lr 0.0061846659978068265 acc 65.62% eta 0:08:41
2023-04-05 18:39:27,798 - __main__ - INFO - Computing epoch 85 validation accuracy...
2023-04-05 18:39:31,432 - __main__ - INFO - Computing epoch 85 validation loss...
2023-04-05 18:39:35,206 - __main__ - INFO - [INFO] 2023-04-05 18:39:35.206421 Epoch [86/100] batch [1/391] loss 1.4482 lr 0.005449673790581615 acc 66.41% eta 0:09:49
2023-04-05 18:39:47,997 - __main__ - INFO - [INFO] 2023-04-05 18:39:47.996939 Epoch [86/100] batch [129/391] loss 1.3330 lr 0.005449673790581615 acc 64.84% eta 0:08:49
2023-04-05 18:39:59,986 - __main__ - INFO - [INFO] 2023-04-05 18:39:59.985872 Epoch [86/100] batch [257/391] loss 1.4570 lr 0.005449673790581615 acc 66.41% eta 0:08:21
2023-04-05 18:40:12,421 - __main__ - INFO - [INFO] 2023-04-05 18:40:12.421687 Epoch [86/100] batch [385/391] loss 1.1133 lr 0.005449673790581615 acc 78.12% eta 0:08:10
2023-04-05 18:40:12,965 - __main__ - INFO - Computing epoch 86 validation accuracy...
2023-04-05 18:40:16,288 - __main__ - INFO - Computing epoch 86 validation loss...
2023-04-05 18:40:19,802 - __main__ - INFO - [INFO] 2023-04-05 18:40:19.802367 Epoch [87/100] batch [1/391] loss 1.4814 lr 0.004758647376699036 acc 66.41% eta 0:09:00
2023-04-05 18:40:32,316 - __main__ - INFO - [INFO] 2023-04-05 18:40:32.316693 Epoch [87/100] batch [129/391] loss 1.2041 lr 0.004758647376699036 acc 71.09% eta 0:08:04
2023-04-05 18:40:44,376 - __main__ - INFO - [INFO] 2023-04-05 18:40:44.376521 Epoch [87/100] batch [257/391] loss 1.5586 lr 0.004758647376699036 acc 58.59% eta 0:07:43
2023-04-05 18:40:56,738 - __main__ - INFO - [INFO] 2023-04-05 18:40:56.737892 Epoch [87/100] batch [385/391] loss 1.5918 lr 0.004758647376699036 acc 62.50% eta 0:07:32
2023-04-05 18:40:57,330 - __main__ - INFO - Computing epoch 87 validation accuracy...
2023-04-05 18:41:00,689 - __main__ - INFO - Computing epoch 87 validation loss...
2023-04-05 18:41:04,092 - __main__ - INFO - [INFO] 2023-04-05 18:41:04.092542 Epoch [88/100] batch [1/391] loss 1.0986 lr 0.004112268715800957 acc 78.12% eta 0:07:49
2023-04-05 18:41:15,979 - __main__ - INFO - [INFO] 2023-04-05 18:41:15.979603 Epoch [88/100] batch [129/391] loss 1.2559 lr 0.004112268715800957 acc 65.62% eta 0:07:04
2023-04-05 18:41:28,063 - __main__ - INFO - [INFO] 2023-04-05 18:41:28.063293 Epoch [88/100] batch [257/391] loss 1.3896 lr 0.004112268715800957 acc 74.22% eta 0:06:56
2023-04-05 18:41:40,081 - __main__ - INFO - [INFO] 2023-04-05 18:41:40.081538 Epoch [88/100] batch [385/391] loss 1.1660 lr 0.004112268715800957 acc 75.78% eta 0:06:46
2023-04-05 18:41:40,634 - __main__ - INFO - Computing epoch 88 validation accuracy...
2023-04-05 18:41:43,985 - __main__ - INFO - Computing epoch 88 validation loss...
2023-04-05 18:41:47,424 - __main__ - INFO - [INFO] 2023-04-05 18:41:47.424302 Epoch [89/100] batch [1/391] loss 1.5547 lr 0.003511175705587435 acc 60.94% eta 0:07:09
2023-04-05 18:41:59,397 - __main__ - INFO - [INFO] 2023-04-05 18:41:59.397018 Epoch [89/100] batch [129/391] loss 1.2148 lr 0.003511175705587435 acc 70.31% eta 0:06:33
2023-04-05 18:42:11,370 - __main__ - INFO - [INFO] 2023-04-05 18:42:11.369948 Epoch [89/100] batch [257/391] loss 1.2070 lr 0.003511175705587435 acc 74.22% eta 0:06:23
2023-04-05 18:42:23,475 - __main__ - INFO - [INFO] 2023-04-05 18:42:23.475129 Epoch [89/100] batch [385/391] loss 1.1289 lr 0.003511175705587435 acc 71.88% eta 0:06:13
2023-04-05 18:42:24,071 - __main__ - INFO - Computing epoch 89 validation accuracy...
2023-04-05 18:42:27,555 - __main__ - INFO - Computing epoch 89 validation loss...
2023-04-05 18:42:31,143 - __main__ - INFO - [INFO] 2023-04-05 18:42:31.143546 Epoch [90/100] batch [1/391] loss 1.2764 lr 0.0029559615522887295 acc 71.09% eta 0:06:45
2023-04-05 18:42:43,296 - __main__ - INFO - [INFO] 2023-04-05 18:42:43.296732 Epoch [90/100] batch [129/391] loss 1.3750 lr 0.0029559615522887295 acc 65.62% eta 0:06:05
2023-04-05 18:42:55,531 - __main__ - INFO - [INFO] 2023-04-05 18:42:55.531731 Epoch [90/100] batch [257/391] loss 1.1348 lr 0.0029559615522887295 acc 76.56% eta 0:05:55
2023-04-05 18:43:07,805 - __main__ - INFO - [INFO] 2023-04-05 18:43:07.804839 Epoch [90/100] batch [385/391] loss 1.0820 lr 0.0029559615522887295 acc 75.00% eta 0:05:45
2023-04-05 18:43:08,376 - __main__ - INFO - Computing epoch 90 validation accuracy...
2023-04-05 18:43:11,745 - __main__ - INFO - Computing epoch 90 validation loss...
2023-04-05 18:43:15,221 - __main__ - INFO - [INFO] 2023-04-05 18:43:15.220920 Epoch [91/100] batch [1/391] loss 1.1436 lr 0.0024471741852423253 acc 74.22% eta 0:05:57
2023-04-05 18:43:27,620 - __main__ - INFO - [INFO] 2023-04-05 18:43:27.619801 Epoch [91/100] batch [129/391] loss 1.3379 lr 0.0024471741852423253 acc 70.31% eta 0:05:38
2023-04-05 18:43:39,805 - __main__ - INFO - [INFO] 2023-04-05 18:43:39.805620 Epoch [91/100] batch [257/391] loss 0.9927 lr 0.0024471741852423253 acc 80.47% eta 0:05:23
2023-04-05 18:43:52,126 - __main__ - INFO - [INFO] 2023-04-05 18:43:52.126166 Epoch [91/100] batch [385/391] loss 1.2334 lr 0.0024471741852423253 acc 70.31% eta 0:05:13
2023-04-05 18:43:52,665 - __main__ - INFO - Computing epoch 91 validation accuracy...
2023-04-05 18:43:55,964 - __main__ - INFO - Computing epoch 91 validation loss...
2023-04-05 18:43:59,319 - __main__ - INFO - [INFO] 2023-04-05 18:43:59.319480 Epoch [92/100] batch [1/391] loss 1.1143 lr 0.0019853157161528537 acc 69.53% eta 0:05:53
2023-04-05 18:44:11,478 - __main__ - INFO - [INFO] 2023-04-05 18:44:11.478511 Epoch [92/100] batch [129/391] loss 1.3643 lr 0.0019853157161528537 acc 67.19% eta 0:04:58
2023-04-05 18:44:23,594 - __main__ - INFO - [INFO] 2023-04-05 18:44:23.593931 Epoch [92/100] batch [257/391] loss 1.1973 lr 0.0019853157161528537 acc 72.66% eta 0:04:46
2023-04-05 18:44:35,638 - __main__ - INFO - [INFO] 2023-04-05 18:44:35.637867 Epoch [92/100] batch [385/391] loss 1.1797 lr 0.0019853157161528537 acc 77.34% eta 0:04:34
2023-04-05 18:44:36,171 - __main__ - INFO - Computing epoch 92 validation accuracy...
2023-04-05 18:44:39,497 - __main__ - INFO - Computing epoch 92 validation loss...
2023-04-05 18:44:42,909 - __main__ - INFO - [INFO] 2023-04-05 18:44:42.909764 Epoch [93/100] batch [1/391] loss 1.2012 lr 0.0015708419435684529 acc 72.66% eta 0:04:43
2023-04-05 18:44:54,875 - __main__ - INFO - [INFO] 2023-04-05 18:44:54.875043 Epoch [93/100] batch [129/391] loss 1.2256 lr 0.0015708419435684529 acc 72.66% eta 0:04:18
2023-04-05 18:45:06,854 - __main__ - INFO - [INFO] 2023-04-05 18:45:06.853912 Epoch [93/100] batch [257/391] loss 1.3330 lr 0.0015708419435684529 acc 69.53% eta 0:04:07
2023-04-05 18:45:19,284 - __main__ - INFO - [INFO] 2023-04-05 18:45:19.284797 Epoch [93/100] batch [385/391] loss 1.2627 lr 0.0015708419435684529 acc 72.66% eta 0:03:59
2023-04-05 18:45:19,862 - __main__ - INFO - Computing epoch 93 validation accuracy...
2023-04-05 18:45:23,243 - __main__ - INFO - Computing epoch 93 validation loss...
2023-04-05 18:45:26,632 - __main__ - INFO - [INFO] 2023-04-05 18:45:26.632200 Epoch [94/100] batch [1/391] loss 1.3047 lr 0.0012041619030626347 acc 70.31% eta 0:04:17
2023-04-05 18:45:38,718 - __main__ - INFO - [INFO] 2023-04-05 18:45:38.718718 Epoch [94/100] batch [129/391] loss 1.2051 lr 0.0012041619030626347 acc 74.22% eta 0:03:47
2023-04-05 18:45:50,730 - __main__ - INFO - [INFO] 2023-04-05 18:45:50.729887 Epoch [94/100] batch [257/391] loss 1.1816 lr 0.0012041619030626347 acc 73.44% eta 0:03:36
2023-04-05 18:46:02,980 - __main__ - INFO - [INFO] 2023-04-05 18:46:02.980729 Epoch [94/100] batch [385/391] loss 0.9849 lr 0.0012041619030626347 acc 81.25% eta 0:03:25
2023-04-05 18:46:03,539 - __main__ - INFO - Computing epoch 94 validation accuracy...
2023-04-05 18:46:07,147 - __main__ - INFO - Computing epoch 94 validation loss...
2023-04-05 18:46:10,683 - __main__ - INFO - [INFO] 2023-04-05 18:46:10.683095 Epoch [95/100] batch [1/391] loss 1.1670 lr 0.0008856374635655646 acc 73.44% eta 0:03:46
2023-04-05 18:46:22,995 - __main__ - INFO - [INFO] 2023-04-05 18:46:22.995722 Epoch [95/100] batch [129/391] loss 1.6816 lr 0.0008856374635655646 acc 64.84% eta 0:03:17
2023-04-05 18:46:35,393 - __main__ - INFO - [INFO] 2023-04-05 18:46:35.392827 Epoch [95/100] batch [257/391] loss 1.0859 lr 0.0008856374635655646 acc 71.09% eta 0:03:06
2023-04-05 18:46:47,823 - __main__ - INFO - [INFO] 2023-04-05 18:46:47.823271 Epoch [95/100] batch [385/391] loss 1.0596 lr 0.0008856374635655646 acc 70.31% eta 0:02:55
2023-04-05 18:46:48,407 - __main__ - INFO - Computing epoch 95 validation accuracy...
2023-04-05 18:46:51,950 - __main__ - INFO - Computing epoch 95 validation loss...
2023-04-05 18:46:55,668 - __main__ - INFO - [INFO] 2023-04-05 18:46:55.668216 Epoch [96/100] batch [1/391] loss 0.9663 lr 0.0006155829702431174 acc 78.12% eta 0:03:11
2023-04-05 18:47:08,078 - __main__ - INFO - [INFO] 2023-04-05 18:47:08.078264 Epoch [96/100] batch [129/391] loss 1.2510 lr 0.0006155829702431174 acc 67.19% eta 0:02:43
2023-04-05 18:47:20,025 - __main__ - INFO - [INFO] 2023-04-05 18:47:20.025214 Epoch [96/100] batch [257/391] loss 1.2930 lr 0.0006155829702431174 acc 71.09% eta 0:02:29
2023-04-05 18:47:32,271 - __main__ - INFO - [INFO] 2023-04-05 18:47:32.271416 Epoch [96/100] batch [385/391] loss 1.1719 lr 0.0006155829702431174 acc 75.00% eta 0:02:18
2023-04-05 18:47:32,850 - __main__ - INFO - Computing epoch 96 validation accuracy...
2023-04-05 18:47:36,192 - __main__ - INFO - Computing epoch 96 validation loss...
2023-04-05 18:47:39,633 - __main__ - INFO - [INFO] 2023-04-05 18:47:39.633418 Epoch [97/100] batch [1/391] loss 1.2207 lr 0.00039426493427611206 acc 67.19% eta 0:02:22
2023-04-05 18:47:51,796 - __main__ - INFO - [INFO] 2023-04-05 18:47:51.795825 Epoch [97/100] batch [129/391] loss 0.9565 lr 0.00039426493427611206 acc 75.00% eta 0:02:06
2023-04-05 18:48:04,065 - __main__ - INFO - [INFO] 2023-04-05 18:48:04.064958 Epoch [97/100] batch [257/391] loss 1.0234 lr 0.00039426493427611206 acc 79.69% eta 0:01:55
2023-04-05 18:48:16,068 - __main__ - INFO - [INFO] 2023-04-05 18:48:16.068501 Epoch [97/100] batch [385/391] loss 1.2061 lr 0.00039426493427611206 acc 67.19% eta 0:01:43
2023-04-05 18:48:16,604 - __main__ - INFO - Computing epoch 97 validation accuracy...
2023-04-05 18:48:19,999 - __main__ - INFO - Computing epoch 97 validation loss...
2023-04-05 18:48:23,547 - __main__ - INFO - [INFO] 2023-04-05 18:48:23.547488 Epoch [98/100] batch [1/391] loss 1.0957 lr 0.00022190176984600036 acc 72.66% eta 0:02:07
2023-04-05 18:48:35,981 - __main__ - INFO - [INFO] 2023-04-05 18:48:35.981588 Epoch [98/100] batch [129/391] loss 1.4727 lr 0.00022190176984600036 acc 68.75% eta 0:01:33
2023-04-05 18:48:48,286 - __main__ - INFO - [INFO] 2023-04-05 18:48:48.286377 Epoch [98/100] batch [257/391] loss 1.1836 lr 0.00022190176984600036 acc 67.19% eta 0:01:21
2023-04-05 18:49:00,466 - __main__ - INFO - [INFO] 2023-04-05 18:49:00.466503 Epoch [98/100] batch [385/391] loss 1.2002 lr 0.00022190176984600036 acc 75.78% eta 0:01:09
2023-04-05 18:49:01,015 - __main__ - INFO - Computing epoch 98 validation accuracy...
2023-04-05 18:49:04,343 - __main__ - INFO - Computing epoch 98 validation loss...
2023-04-05 18:49:07,781 - __main__ - INFO - [INFO] 2023-04-05 18:49:07.781495 Epoch [99/100] batch [1/391] loss 1.1953 lr 9.866357858642213e-05 acc 66.41% eta 0:01:11
2023-04-05 18:49:19,895 - __main__ - INFO - [INFO] 2023-04-05 18:49:19.895244 Epoch [99/100] batch [129/391] loss 0.9946 lr 9.866357858642213e-05 acc 73.44% eta 0:00:57
2023-04-05 18:49:32,032 - __main__ - INFO - [INFO] 2023-04-05 18:49:32.032510 Epoch [99/100] batch [257/391] loss 1.1035 lr 9.866357858642213e-05 acc 69.53% eta 0:00:46
2023-04-05 18:49:44,224 - __main__ - INFO - [INFO] 2023-04-05 18:49:44.224627 Epoch [99/100] batch [385/391] loss 1.1084 lr 9.866357858642213e-05 acc 76.56% eta 0:00:34
2023-04-05 18:49:44,768 - __main__ - INFO - Computing epoch 99 validation accuracy...
2023-04-05 18:49:48,380 - __main__ - INFO - Computing epoch 99 validation loss...
2023-04-05 18:49:51,894 - __main__ - INFO - [INFO] 2023-04-05 18:49:51.894062 Epoch [100/100] batch [1/391] loss 1.2295 lr 2.4671981713420017e-05 acc 73.44% eta 0:00:36
2023-04-05 18:50:04,167 - __main__ - INFO - [INFO] 2023-04-05 18:50:04.166874 Epoch [100/100] batch [129/391] loss 1.4951 lr 2.4671981713420017e-05 acc 67.97% eta 0:00:23
2023-04-05 18:50:16,083 - __main__ - INFO - [INFO] 2023-04-05 18:50:16.083644 Epoch [100/100] batch [257/391] loss 1.1016 lr 2.4671981713420017e-05 acc 78.12% eta 0:00:11
2023-04-05 18:50:28,198 - __main__ - INFO - [INFO] 2023-04-05 18:50:28.197931 Epoch [100/100] batch [385/391] loss 1.2246 lr 2.4671981713420017e-05 acc 71.88% eta 0:00:00
2023-04-05 18:50:28,748 - __main__ - INFO - Computing epoch 100 validation accuracy...
2023-04-05 18:50:32,126 - __main__ - INFO - Computing epoch 100 validation loss...
2023-04-05 18:50:35,453 - __main__ - INFO - Reading testing data set cifar100
2023-04-05 18:50:36,199 - __main__ - INFO - Loading trained model...
2023-04-05 18:50:39,707 - __main__ - INFO - Testing acc : 65.29%.
