2023-04-07 20:00:47,071 - __main__ - INFO - 

2023-04-07 20:00:47,071 - __main__ - INFO - ***************
2023-04-07 20:00:47,072 - __main__ - INFO - ** Arguments **
2023-04-07 20:00:47,072 - __main__ - INFO - ***************
2023-04-07 20:00:47,072 - __main__ - INFO - backbone: vgg19
2023-04-07 20:00:47,072 - __main__ - INFO - dataname: cifar100
2023-04-07 20:00:47,072 - __main__ - INFO - drop_method: d
2023-04-07 20:00:47,072 - __main__ - INFO - drop_rate: 0.3
2023-04-07 20:00:47,072 - __main__ - INFO - eval_only: 0
2023-04-07 20:00:47,072 - __main__ - INFO - output_path: checkpoints/cifar100/vgg19/drop_d/rate_0.3/seed3
2023-04-07 20:00:47,072 - __main__ - INFO - part_rate: 0.1
2023-04-07 20:00:47,072 - __main__ - INFO - seed: 3
2023-04-07 20:00:47,072 - __main__ - INFO - weight_decay: 0.0005
2023-04-07 20:00:47,072 - __main__ - INFO - ************
2023-04-07 20:00:47,072 - __main__ - INFO - ** Config **
2023-04-07 20:00:47,072 - __main__ - INFO - ************
2023-04-07 20:00:47,072 - __main__ - INFO - {'DATALOADER': {'PATH': './data', 'DATANAME': 'cifar100', 'BATCH_SIZE': 128, 'NUM_CLASSES': 100}, 'INPUT': {'SIZE': [32, 32], 'PIXEL_MEAN': [0.4914, 0.4822, 0.4465], 'PIXEL_STD': [0.2023, 0.1994, 0.201]}, 'OUTPUT': {'DIR': 'checkpoints/cifar100/vgg19/drop_d/rate_0.3/seed3'}, 'SEED': 3, 'OPTIM': {'LR': 0.1, 'MAX_EPOCH': 100, 'LR_SCHEDULER': 'step', 'LR_MILESTONES': [20, 40, 80, 120, 140], 'LR_DECAY': 0.2, 'PART_RATE': 0.1, 'WEIGHT_DECAY': 0.0005, 'DROP_RATE': 0.3, 'DROP_METHOD': 'd', 'BLOCK_SIZE': 7}, 'MODEL': {'BACKBONE': 'vgg19'}}
2023-04-07 20:00:47,093 - __main__ - INFO - Reading training data set cifar100
2023-04-07 20:00:49,164 - __main__ - INFO - Loading raw model
2023-04-07 20:00:53,051 - __main__ - INFO - 
Saving everything to checkpoints/cifar100/vgg19/drop_d/rate_0.3/seed3
2023-04-07 20:00:53,051 - __main__ - INFO - Start training...
2023-04-07 20:00:59,249 - __main__ - INFO - [INFO] 2023-04-07 20:00:59.249361 Epoch [1/100] batch [1/391] loss 4.6016 lr 0.1 acc 3.12% eta 2 days, 19:06:50
2023-04-07 20:01:14,663 - __main__ - INFO - [INFO] 2023-04-07 20:01:14.663721 Epoch [1/100] batch [129/391] loss 4.4922 lr 0.1 acc 4.69% eta 1:26:38
2023-04-07 20:01:30,118 - __main__ - INFO - [INFO] 2023-04-07 20:01:30.118533 Epoch [1/100] batch [257/391] loss 4.2305 lr 0.1 acc 4.69% eta 1:10:51
2023-04-07 20:01:45,559 - __main__ - INFO - [INFO] 2023-04-07 20:01:45.559355 Epoch [1/100] batch [385/391] loss 4.2188 lr 0.1 acc 3.91% eta 1:05:41
2023-04-07 20:01:46,284 - __main__ - INFO - Computing epoch 1 validation accuracy...
2023-04-07 20:01:49,970 - __main__ - INFO - Computing epoch 1 validation loss...
2023-04-07 20:01:53,728 - __main__ - INFO - [INFO] 2023-04-07 20:01:53.728018 Epoch [2/100] batch [1/391] loss 4.2148 lr 0.09997532801828658 acc 3.12% eta 0:58:42
2023-04-07 20:02:09,285 - __main__ - INFO - [INFO] 2023-04-07 20:02:09.285717 Epoch [2/100] batch [129/391] loss 4.1719 lr 0.09997532801828658 acc 4.69% eta 0:55:42
2023-04-07 20:02:24,697 - __main__ - INFO - [INFO] 2023-04-07 20:02:24.697694 Epoch [2/100] batch [257/391] loss 3.9707 lr 0.09997532801828658 acc 7.03% eta 0:55:05
2023-04-07 20:02:41,381 - __main__ - INFO - [INFO] 2023-04-07 20:02:41.381397 Epoch [2/100] batch [385/391] loss 4.1719 lr 0.09997532801828658 acc 3.91% eta 0:57:46
2023-04-07 20:02:42,075 - __main__ - INFO - Computing epoch 2 validation accuracy...
2023-04-07 20:02:45,735 - __main__ - INFO - Computing epoch 2 validation loss...
2023-04-07 20:02:49,488 - __main__ - INFO - [INFO] 2023-04-07 20:02:49.488271 Epoch [3/100] batch [1/391] loss 4.0117 lr 0.09990133642141358 acc 4.69% eta 0:59:28
2023-04-07 20:03:05,342 - __main__ - INFO - [INFO] 2023-04-07 20:03:05.342236 Epoch [3/100] batch [129/391] loss 3.9863 lr 0.09990133642141358 acc 5.47% eta 0:59:53
2023-04-07 20:03:20,987 - __main__ - INFO - [INFO] 2023-04-07 20:03:20.987140 Epoch [3/100] batch [257/391] loss 3.8906 lr 0.09990133642141358 acc 8.59% eta 0:57:42
2023-04-07 20:03:36,647 - __main__ - INFO - [INFO] 2023-04-07 20:03:36.647242 Epoch [3/100] batch [385/391] loss 4.0508 lr 0.09990133642141358 acc 5.47% eta 0:56:42
2023-04-07 20:03:37,358 - __main__ - INFO - Computing epoch 3 validation accuracy...
2023-04-07 20:03:41,043 - __main__ - INFO - Computing epoch 3 validation loss...
2023-04-07 20:03:44,985 - __main__ - INFO - [INFO] 2023-04-07 20:03:44.985487 Epoch [4/100] batch [1/391] loss 3.9980 lr 0.099778098230154 acc 8.59% eta 1:01:23
2023-04-07 20:04:00,229 - __main__ - INFO - [INFO] 2023-04-07 20:04:00.229464 Epoch [4/100] batch [129/391] loss 4.0117 lr 0.099778098230154 acc 4.69% eta 0:54:25
2023-04-07 20:04:15,633 - __main__ - INFO - [INFO] 2023-04-07 20:04:15.633226 Epoch [4/100] batch [257/391] loss 3.8223 lr 0.099778098230154 acc 9.38% eta 0:54:10
2023-04-07 20:04:30,991 - __main__ - INFO - [INFO] 2023-04-07 20:04:30.991716 Epoch [4/100] batch [385/391] loss 3.8262 lr 0.099778098230154 acc 9.38% eta 0:53:53
2023-04-07 20:04:31,703 - __main__ - INFO - Computing epoch 4 validation accuracy...
2023-04-07 20:04:35,434 - __main__ - INFO - Computing epoch 4 validation loss...
2023-04-07 20:04:39,342 - __main__ - INFO - [INFO] 2023-04-07 20:04:39.342505 Epoch [5/100] batch [1/391] loss 3.8535 lr 0.0996057350657239 acc 9.38% eta 0:59:22
2023-04-07 20:04:54,923 - __main__ - INFO - [INFO] 2023-04-07 20:04:54.923173 Epoch [5/100] batch [129/391] loss 3.7578 lr 0.0996057350657239 acc 4.69% eta 0:54:34
2023-04-07 20:05:09,542 - __main__ - INFO - [INFO] 2023-04-07 20:05:09.542458 Epoch [5/100] batch [257/391] loss 3.7930 lr 0.0996057350657239 acc 7.03% eta 0:53:43
2023-04-07 20:05:25,036 - __main__ - INFO - [INFO] 2023-04-07 20:05:25.035996 Epoch [5/100] batch [385/391] loss 3.5547 lr 0.0996057350657239 acc 11.72% eta 0:53:41
2023-04-07 20:05:25,724 - __main__ - INFO - Computing epoch 5 validation accuracy...
2023-04-07 20:05:29,435 - __main__ - INFO - Computing epoch 5 validation loss...
2023-04-07 20:05:33,194 - __main__ - INFO - [INFO] 2023-04-07 20:05:33.194726 Epoch [6/100] batch [1/391] loss 3.6602 lr 0.09938441702975688 acc 9.38% eta 1:10:24
2023-04-07 20:05:48,536 - __main__ - INFO - [INFO] 2023-04-07 20:05:48.536071 Epoch [6/100] batch [129/391] loss 3.6074 lr 0.09938441702975688 acc 14.06% eta 0:52:56
2023-04-07 20:06:04,092 - __main__ - INFO - [INFO] 2023-04-07 20:06:04.092359 Epoch [6/100] batch [257/391] loss 3.5156 lr 0.09938441702975688 acc 11.72% eta 0:52:57
2023-04-07 20:06:19,620 - __main__ - INFO - [INFO] 2023-04-07 20:06:19.620307 Epoch [6/100] batch [385/391] loss 3.5332 lr 0.09938441702975688 acc 7.03% eta 0:52:58
2023-04-07 20:06:20,335 - __main__ - INFO - Computing epoch 6 validation accuracy...
2023-04-07 20:06:24,038 - __main__ - INFO - Computing epoch 6 validation loss...
2023-04-07 20:06:27,786 - __main__ - INFO - [INFO] 2023-04-07 20:06:27.785942 Epoch [7/100] batch [1/391] loss 3.5684 lr 0.09911436253643444 acc 13.28% eta 0:55:12
2023-04-07 20:06:43,199 - __main__ - INFO - [INFO] 2023-04-07 20:06:43.199442 Epoch [7/100] batch [129/391] loss 3.4355 lr 0.09911436253643444 acc 7.81% eta 0:52:07
2023-04-07 20:06:58,601 - __main__ - INFO - [INFO] 2023-04-07 20:06:58.601739 Epoch [7/100] batch [257/391] loss 3.5566 lr 0.09911436253643444 acc 8.59% eta 0:51:52
2023-04-07 20:07:13,874 - __main__ - INFO - [INFO] 2023-04-07 20:07:13.874565 Epoch [7/100] batch [385/391] loss 3.4648 lr 0.09911436253643444 acc 9.38% eta 0:51:46
2023-04-07 20:07:14,514 - __main__ - INFO - Computing epoch 7 validation accuracy...
2023-04-07 20:07:18,145 - __main__ - INFO - Computing epoch 7 validation loss...
2023-04-07 20:07:21,905 - __main__ - INFO - [INFO] 2023-04-07 20:07:21.904626 Epoch [8/100] batch [1/391] loss 3.4238 lr 0.09879583809693737 acc 14.06% eta 1:02:37
2023-04-07 20:07:38,170 - __main__ - INFO - [INFO] 2023-04-07 20:07:38.170446 Epoch [8/100] batch [129/391] loss 3.4473 lr 0.09879583809693737 acc 11.72% eta 0:58:39
2023-04-07 20:07:54,928 - __main__ - INFO - [INFO] 2023-04-07 20:07:54.928629 Epoch [8/100] batch [257/391] loss 3.2246 lr 0.09879583809693737 acc 9.38% eta 0:59:37
2023-04-07 20:08:10,334 - __main__ - INFO - [INFO] 2023-04-07 20:08:10.334488 Epoch [8/100] batch [385/391] loss 3.4688 lr 0.09879583809693737 acc 14.84% eta 0:56:45
2023-04-07 20:08:11,041 - __main__ - INFO - Computing epoch 8 validation accuracy...
2023-04-07 20:08:14,771 - __main__ - INFO - Computing epoch 8 validation loss...
2023-04-07 20:08:18,559 - __main__ - INFO - [INFO] 2023-04-07 20:08:18.558938 Epoch [9/100] batch [1/391] loss 3.3535 lr 0.09842915805643156 acc 12.50% eta 0:56:40
2023-04-07 20:08:34,040 - __main__ - INFO - [INFO] 2023-04-07 20:08:34.040024 Epoch [9/100] batch [129/391] loss 3.1465 lr 0.09842915805643156 acc 18.75% eta 0:52:01
2023-04-07 20:08:49,476 - __main__ - INFO - [INFO] 2023-04-07 20:08:49.476486 Epoch [9/100] batch [257/391] loss 3.4355 lr 0.09842915805643156 acc 14.84% eta 0:51:42
2023-04-07 20:09:04,896 - __main__ - INFO - [INFO] 2023-04-07 20:09:04.896718 Epoch [9/100] batch [385/391] loss 3.2344 lr 0.09842915805643156 acc 13.28% eta 0:51:18
2023-04-07 20:09:05,626 - __main__ - INFO - Computing epoch 9 validation accuracy...
2023-04-07 20:09:09,633 - __main__ - INFO - Computing epoch 9 validation loss...
2023-04-07 20:09:13,428 - __main__ - INFO - [INFO] 2023-04-07 20:09:13.428069 Epoch [10/100] batch [1/391] loss 3.0117 lr 0.09801468428384716 acc 19.53% eta 0:54:27
2023-04-07 20:09:28,725 - __main__ - INFO - [INFO] 2023-04-07 20:09:28.725144 Epoch [10/100] batch [129/391] loss 3.4297 lr 0.09801468428384716 acc 13.28% eta 0:51:09
2023-04-07 20:09:43,681 - __main__ - INFO - [INFO] 2023-04-07 20:09:43.681270 Epoch [10/100] batch [257/391] loss 2.9238 lr 0.09801468428384716 acc 21.09% eta 0:51:09
2023-04-07 20:09:59,411 - __main__ - INFO - [INFO] 2023-04-07 20:09:59.411150 Epoch [10/100] batch [385/391] loss 3.1543 lr 0.09801468428384716 acc 14.06% eta 0:51:14
2023-04-07 20:10:00,147 - __main__ - INFO - Computing epoch 10 validation accuracy...
2023-04-07 20:10:03,863 - __main__ - INFO - Computing epoch 10 validation loss...
2023-04-07 20:10:07,672 - __main__ - INFO - [INFO] 2023-04-07 20:10:07.672114 Epoch [11/100] batch [1/391] loss 3.1211 lr 0.09755282581475769 acc 12.50% eta 0:54:41
2023-04-07 20:10:23,331 - __main__ - INFO - [INFO] 2023-04-07 20:10:23.330959 Epoch [11/100] batch [129/391] loss 3.0234 lr 0.09755282581475769 acc 21.88% eta 0:51:22
2023-04-07 20:10:38,830 - __main__ - INFO - [INFO] 2023-04-07 20:10:38.830201 Epoch [11/100] batch [257/391] loss 2.9570 lr 0.09755282581475769 acc 21.09% eta 0:50:47
2023-04-07 20:10:55,218 - __main__ - INFO - [INFO] 2023-04-07 20:10:55.218410 Epoch [11/100] batch [385/391] loss 3.0781 lr 0.09755282581475769 acc 14.06% eta 0:52:26
2023-04-07 20:10:55,919 - __main__ - INFO - Computing epoch 11 validation accuracy...
2023-04-07 20:10:59,665 - __main__ - INFO - Computing epoch 11 validation loss...
2023-04-07 20:11:03,450 - __main__ - INFO - [INFO] 2023-04-07 20:11:03.450026 Epoch [12/100] batch [1/391] loss 2.9902 lr 0.09704403844771128 acc 14.06% eta 0:55:29
2023-04-07 20:11:19,115 - __main__ - INFO - [INFO] 2023-04-07 20:11:19.115066 Epoch [12/100] batch [129/391] loss 3.0020 lr 0.09704403844771128 acc 14.84% eta 0:51:11
2023-04-07 20:11:35,213 - __main__ - INFO - [INFO] 2023-04-07 20:11:35.213678 Epoch [12/100] batch [257/391] loss 2.7617 lr 0.09704403844771128 acc 26.56% eta 0:52:36
2023-04-07 20:11:50,423 - __main__ - INFO - [INFO] 2023-04-07 20:11:50.423770 Epoch [12/100] batch [385/391] loss 2.7090 lr 0.09704403844771128 acc 25.00% eta 0:51:37
2023-04-07 20:11:51,141 - __main__ - INFO - Computing epoch 12 validation accuracy...
2023-04-07 20:11:54,825 - __main__ - INFO - Computing epoch 12 validation loss...
2023-04-07 20:11:58,588 - __main__ - INFO - [INFO] 2023-04-07 20:11:58.587949 Epoch [13/100] batch [1/391] loss 2.9844 lr 0.09648882429441258 acc 20.31% eta 1:00:49
2023-04-07 20:12:14,442 - __main__ - INFO - [INFO] 2023-04-07 20:12:14.441557 Epoch [13/100] batch [129/391] loss 3.1797 lr 0.09648882429441258 acc 20.31% eta 0:51:03
2023-04-07 20:12:29,972 - __main__ - INFO - [INFO] 2023-04-07 20:12:29.972011 Epoch [13/100] batch [257/391] loss 2.9590 lr 0.09648882429441258 acc 25.00% eta 0:49:46
2023-04-07 20:12:45,338 - __main__ - INFO - [INFO] 2023-04-07 20:12:45.338610 Epoch [13/100] batch [385/391] loss 3.0898 lr 0.09648882429441258 acc 23.44% eta 0:49:08
2023-04-07 20:12:46,044 - __main__ - INFO - Computing epoch 13 validation accuracy...
2023-04-07 20:12:49,895 - __main__ - INFO - Computing epoch 13 validation loss...
2023-04-07 20:12:53,734 - __main__ - INFO - [INFO] 2023-04-07 20:12:53.734201 Epoch [14/100] batch [1/391] loss 2.7715 lr 0.09588773128419906 acc 26.56% eta 0:54:50
2023-04-07 20:13:09,107 - __main__ - INFO - [INFO] 2023-04-07 20:13:09.107402 Epoch [14/100] batch [129/391] loss 2.7617 lr 0.09588773128419906 acc 20.31% eta 0:48:32
2023-04-07 20:13:24,619 - __main__ - INFO - [INFO] 2023-04-07 20:13:24.619191 Epoch [14/100] batch [257/391] loss 2.9824 lr 0.09588773128419906 acc 19.53% eta 0:48:17
2023-04-07 20:13:40,086 - __main__ - INFO - [INFO] 2023-04-07 20:13:40.086732 Epoch [14/100] batch [385/391] loss 2.7930 lr 0.09588773128419906 acc 23.44% eta 0:48:00
2023-04-07 20:13:40,755 - __main__ - INFO - Computing epoch 14 validation accuracy...
2023-04-07 20:13:44,637 - __main__ - INFO - Computing epoch 14 validation loss...
2023-04-07 20:13:48,434 - __main__ - INFO - [INFO] 2023-04-07 20:13:48.434522 Epoch [15/100] batch [1/391] loss 2.5723 lr 0.09524135262330098 acc 21.88% eta 0:49:14
2023-04-07 20:14:03,739 - __main__ - INFO - [INFO] 2023-04-07 20:14:03.739362 Epoch [15/100] batch [129/391] loss 3.1836 lr 0.09524135262330098 acc 21.88% eta 0:48:12
2023-04-07 20:14:18,813 - __main__ - INFO - [INFO] 2023-04-07 20:14:18.813368 Epoch [15/100] batch [257/391] loss 2.8105 lr 0.09524135262330098 acc 21.88% eta 0:47:49
2023-04-07 20:14:34,353 - __main__ - INFO - [INFO] 2023-04-07 20:14:34.353387 Epoch [15/100] batch [385/391] loss 2.8164 lr 0.09524135262330098 acc 22.66% eta 0:47:47
2023-04-07 20:14:35,089 - __main__ - INFO - Computing epoch 15 validation accuracy...
2023-04-07 20:14:38,780 - __main__ - INFO - Computing epoch 15 validation loss...
2023-04-07 20:14:42,544 - __main__ - INFO - [INFO] 2023-04-07 20:14:42.543944 Epoch [16/100] batch [1/391] loss 2.6992 lr 0.0945503262094184 acc 25.00% eta 0:50:18
2023-04-07 20:14:58,043 - __main__ - INFO - [INFO] 2023-04-07 20:14:58.042894 Epoch [16/100] batch [129/391] loss 2.8770 lr 0.0945503262094184 acc 25.00% eta 0:47:02
2023-04-07 20:15:13,527 - __main__ - INFO - [INFO] 2023-04-07 20:15:13.526988 Epoch [16/100] batch [257/391] loss 2.6836 lr 0.0945503262094184 acc 26.56% eta 0:46:53
2023-04-07 20:15:28,938 - __main__ - INFO - [INFO] 2023-04-07 20:15:28.938225 Epoch [16/100] batch [385/391] loss 2.5273 lr 0.0945503262094184 acc 28.91% eta 0:46:44
2023-04-07 20:15:29,624 - __main__ - INFO - Computing epoch 16 validation accuracy...
2023-04-07 20:15:33,312 - __main__ - INFO - Computing epoch 16 validation loss...
2023-04-07 20:15:37,449 - __main__ - INFO - [INFO] 2023-04-07 20:15:37.448849 Epoch [17/100] batch [1/391] loss 2.7402 lr 0.09381533400219319 acc 20.31% eta 1:01:40
2023-04-07 20:15:54,646 - __main__ - INFO - [INFO] 2023-04-07 20:15:54.646412 Epoch [17/100] batch [129/391] loss 2.8379 lr 0.09381533400219319 acc 19.53% eta 0:56:35
2023-04-07 20:16:11,637 - __main__ - INFO - [INFO] 2023-04-07 20:16:11.637051 Epoch [17/100] batch [257/391] loss 2.5488 lr 0.09381533400219319 acc 36.72% eta 0:55:42
2023-04-07 20:16:26,373 - __main__ - INFO - [INFO] 2023-04-07 20:16:26.373233 Epoch [17/100] batch [385/391] loss 2.6289 lr 0.09381533400219319 acc 17.19% eta 0:52:05
2023-04-07 20:16:27,034 - __main__ - INFO - Computing epoch 17 validation accuracy...
2023-04-07 20:16:30,609 - __main__ - INFO - Computing epoch 17 validation loss...
2023-04-07 20:16:34,504 - __main__ - INFO - [INFO] 2023-04-07 20:16:34.503937 Epoch [18/100] batch [1/391] loss 2.7871 lr 0.0930371013501972 acc 15.62% eta 0:50:30
2023-04-07 20:16:50,008 - __main__ - INFO - [INFO] 2023-04-07 20:16:50.008475 Epoch [18/100] batch [129/391] loss 2.7480 lr 0.0930371013501972 acc 28.12% eta 0:46:09
2023-04-07 20:17:05,443 - __main__ - INFO - [INFO] 2023-04-07 20:17:05.443438 Epoch [18/100] batch [257/391] loss 2.5781 lr 0.0930371013501972 acc 24.22% eta 0:45:44
2023-04-07 20:17:20,724 - __main__ - INFO - [INFO] 2023-04-07 20:17:20.724187 Epoch [18/100] batch [385/391] loss 2.5684 lr 0.0930371013501972 acc 24.22% eta 0:45:15
2023-04-07 20:17:21,404 - __main__ - INFO - Computing epoch 18 validation accuracy...
2023-04-07 20:17:25,166 - __main__ - INFO - Computing epoch 18 validation loss...
2023-04-07 20:17:28,973 - __main__ - INFO - [INFO] 2023-04-07 20:17:28.973792 Epoch [19/100] batch [1/391] loss 2.7207 lr 0.09221639627510078 acc 28.12% eta 0:52:29
2023-04-07 20:17:44,483 - __main__ - INFO - [INFO] 2023-04-07 20:17:44.483804 Epoch [19/100] batch [129/391] loss 2.6895 lr 0.09221639627510078 acc 23.44% eta 0:45:58
2023-04-07 20:17:59,946 - __main__ - INFO - [INFO] 2023-04-07 20:17:59.946805 Epoch [19/100] batch [257/391] loss 2.8672 lr 0.09221639627510078 acc 27.34% eta 0:45:18
2023-04-07 20:18:15,451 - __main__ - INFO - [INFO] 2023-04-07 20:18:15.451138 Epoch [19/100] batch [385/391] loss 2.7324 lr 0.09221639627510078 acc 27.34% eta 0:45:02
2023-04-07 20:18:16,154 - __main__ - INFO - Computing epoch 19 validation accuracy...
2023-04-07 20:18:19,818 - __main__ - INFO - Computing epoch 19 validation loss...
2023-04-07 20:18:23,626 - __main__ - INFO - [INFO] 2023-04-07 20:18:23.625846 Epoch [20/100] batch [1/391] loss 2.6523 lr 0.09135402871372812 acc 21.09% eta 0:50:00
2023-04-07 20:18:38,646 - __main__ - INFO - [INFO] 2023-04-07 20:18:38.646701 Epoch [20/100] batch [129/391] loss 2.7168 lr 0.09135402871372812 acc 38.28% eta 0:44:46
2023-04-07 20:18:53,867 - __main__ - INFO - [INFO] 2023-04-07 20:18:53.867420 Epoch [20/100] batch [257/391] loss 3.0215 lr 0.09135402871372812 acc 25.78% eta 0:44:47
2023-04-07 20:19:09,377 - __main__ - INFO - [INFO] 2023-04-07 20:19:09.377523 Epoch [20/100] batch [385/391] loss 2.7051 lr 0.09135402871372812 acc 30.47% eta 0:44:44
2023-04-07 20:19:10,083 - __main__ - INFO - Computing epoch 20 validation accuracy...
2023-04-07 20:19:13,762 - __main__ - INFO - Computing epoch 20 validation loss...
2023-04-07 20:19:17,538 - __main__ - INFO - [INFO] 2023-04-07 20:19:17.538322 Epoch [21/100] batch [1/391] loss 2.6797 lr 0.09045084971874741 acc 28.12% eta 0:49:00
2023-04-07 20:19:32,840 - __main__ - INFO - [INFO] 2023-04-07 20:19:32.840745 Epoch [21/100] batch [129/391] loss 2.6094 lr 0.09045084971874741 acc 26.56% eta 0:43:52
2023-04-07 20:19:48,398 - __main__ - INFO - [INFO] 2023-04-07 20:19:48.398592 Epoch [21/100] batch [257/391] loss 2.3906 lr 0.09045084971874741 acc 32.81% eta 0:44:10
2023-04-07 20:20:04,065 - __main__ - INFO - [INFO] 2023-04-07 20:20:04.065443 Epoch [21/100] batch [385/391] loss 2.3418 lr 0.09045084971874741 acc 37.50% eta 0:44:23
2023-04-07 20:20:04,770 - __main__ - INFO - Computing epoch 21 validation accuracy...
2023-04-07 20:20:08,542 - __main__ - INFO - Computing epoch 21 validation loss...
2023-04-07 20:20:12,411 - __main__ - INFO - [INFO] 2023-04-07 20:20:12.411837 Epoch [22/100] batch [1/391] loss 2.2930 lr 0.08950775061878455 acc 35.94% eta 0:51:35
2023-04-07 20:20:28,173 - __main__ - INFO - [INFO] 2023-04-07 20:20:28.173737 Epoch [22/100] batch [129/391] loss 2.2051 lr 0.08950775061878455 acc 31.25% eta 0:45:04
2023-04-07 20:20:43,687 - __main__ - INFO - [INFO] 2023-04-07 20:20:43.687807 Epoch [22/100] batch [257/391] loss 2.7969 lr 0.08950775061878455 acc 32.03% eta 0:44:19
2023-04-07 20:20:58,611 - __main__ - INFO - [INFO] 2023-04-07 20:20:58.611614 Epoch [22/100] batch [385/391] loss 2.3633 lr 0.08950775061878455 acc 30.47% eta 0:43:52
2023-04-07 20:20:59,274 - __main__ - INFO - Computing epoch 22 validation accuracy...
2023-04-07 20:21:02,931 - __main__ - INFO - Computing epoch 22 validation loss...
2023-04-07 20:21:06,776 - __main__ - INFO - [INFO] 2023-04-07 20:21:06.776238 Epoch [23/100] batch [1/391] loss 2.3809 lr 0.0885256621387895 acc 30.47% eta 0:54:29
2023-04-07 20:21:22,346 - __main__ - INFO - [INFO] 2023-04-07 20:21:22.346241 Epoch [23/100] batch [129/391] loss 2.1602 lr 0.0885256621387895 acc 41.41% eta 0:43:56
2023-04-07 20:21:37,867 - __main__ - INFO - [INFO] 2023-04-07 20:21:37.867068 Epoch [23/100] batch [257/391] loss 2.4941 lr 0.0885256621387895 acc 32.03% eta 0:43:27
2023-04-07 20:21:53,502 - __main__ - INFO - [INFO] 2023-04-07 20:21:53.502602 Epoch [23/100] batch [385/391] loss 2.5137 lr 0.0885256621387895 acc 28.91% eta 0:43:17
2023-04-07 20:21:54,204 - __main__ - INFO - Computing epoch 23 validation accuracy...
2023-04-07 20:21:58,139 - __main__ - INFO - Computing epoch 23 validation loss...
2023-04-07 20:22:01,942 - __main__ - INFO - [INFO] 2023-04-07 20:22:01.942471 Epoch [24/100] batch [1/391] loss 2.4766 lr 0.08750555348152302 acc 34.38% eta 0:46:02
2023-04-07 20:22:17,355 - __main__ - INFO - [INFO] 2023-04-07 20:22:17.355146 Epoch [24/100] batch [129/391] loss 2.3555 lr 0.08750555348152302 acc 35.94% eta 0:43:02
2023-04-07 20:22:32,824 - __main__ - INFO - [INFO] 2023-04-07 20:22:32.824732 Epoch [24/100] batch [257/391] loss 2.4922 lr 0.08750555348152302 acc 34.38% eta 0:42:42
2023-04-07 20:22:48,352 - __main__ - INFO - [INFO] 2023-04-07 20:22:48.352190 Epoch [24/100] batch [385/391] loss 2.6133 lr 0.08750555348152302 acc 31.25% eta 0:42:38
2023-04-07 20:22:49,031 - __main__ - INFO - Computing epoch 24 validation accuracy...
2023-04-07 20:22:52,733 - __main__ - INFO - Computing epoch 24 validation loss...
2023-04-07 20:22:56,563 - __main__ - INFO - [INFO] 2023-04-07 20:22:56.563694 Epoch [25/100] batch [1/391] loss 2.3066 lr 0.08644843137107061 acc 36.72% eta 0:47:18
2023-04-07 20:23:11,300 - __main__ - INFO - [INFO] 2023-04-07 20:23:11.300447 Epoch [25/100] batch [129/391] loss 2.4902 lr 0.08644843137107061 acc 36.72% eta 0:41:45
2023-04-07 20:23:26,609 - __main__ - INFO - [INFO] 2023-04-07 20:23:26.609068 Epoch [25/100] batch [257/391] loss 2.5625 lr 0.08644843137107061 acc 30.47% eta 0:41:46
2023-04-07 20:23:42,174 - __main__ - INFO - [INFO] 2023-04-07 20:23:42.173884 Epoch [25/100] batch [385/391] loss 2.6016 lr 0.08644843137107061 acc 42.19% eta 0:41:47
2023-04-07 20:23:42,901 - __main__ - INFO - Computing epoch 25 validation accuracy...
2023-04-07 20:23:46,812 - __main__ - INFO - Computing epoch 25 validation loss...
2023-04-07 20:23:50,547 - __main__ - INFO - [INFO] 2023-04-07 20:23:50.546986 Epoch [26/100] batch [1/391] loss 2.2930 lr 0.0853553390593274 acc 30.47% eta 0:44:18
2023-04-07 20:24:05,902 - __main__ - INFO - [INFO] 2023-04-07 20:24:05.902601 Epoch [26/100] batch [129/391] loss 2.1387 lr 0.0853553390593274 acc 47.66% eta 0:41:15
2023-04-07 20:24:22,090 - __main__ - INFO - [INFO] 2023-04-07 20:24:22.090772 Epoch [26/100] batch [257/391] loss 2.3848 lr 0.0853553390593274 acc 35.16% eta 0:43:05
2023-04-07 20:24:37,815 - __main__ - INFO - [INFO] 2023-04-07 20:24:37.815596 Epoch [26/100] batch [385/391] loss 2.2422 lr 0.0853553390593274 acc 35.16% eta 0:42:50
2023-04-07 20:24:38,509 - __main__ - INFO - Computing epoch 26 validation accuracy...
2023-04-07 20:24:42,211 - __main__ - INFO - Computing epoch 26 validation loss...
2023-04-07 20:24:46,157 - __main__ - INFO - [INFO] 2023-04-07 20:24:46.157802 Epoch [27/100] batch [1/391] loss 2.3984 lr 0.08422735529643446 acc 41.41% eta 0:46:27
2023-04-07 20:25:02,389 - __main__ - INFO - [INFO] 2023-04-07 20:25:02.389480 Epoch [27/100] batch [129/391] loss 2.2031 lr 0.08422735529643446 acc 46.09% eta 0:46:40
2023-04-07 20:25:17,842 - __main__ - INFO - [INFO] 2023-04-07 20:25:17.842732 Epoch [27/100] batch [257/391] loss 2.4746 lr 0.08422735529643446 acc 32.03% eta 0:44:03
2023-04-07 20:25:32,953 - __main__ - INFO - [INFO] 2023-04-07 20:25:32.953025 Epoch [27/100] batch [385/391] loss 2.0527 lr 0.08422735529643446 acc 35.94% eta 0:43:04
2023-04-07 20:25:33,704 - __main__ - INFO - Computing epoch 27 validation accuracy...
2023-04-07 20:25:37,397 - __main__ - INFO - Computing epoch 27 validation loss...
2023-04-07 20:25:41,210 - __main__ - INFO - [INFO] 2023-04-07 20:25:41.210208 Epoch [28/100] batch [1/391] loss 2.5059 lr 0.08306559326618262 acc 35.94% eta 0:44:53
2023-04-07 20:25:56,976 - __main__ - INFO - [INFO] 2023-04-07 20:25:56.976586 Epoch [28/100] batch [129/391] loss 2.2012 lr 0.08306559326618262 acc 41.41% eta 0:41:46
2023-04-07 20:26:12,753 - __main__ - INFO - [INFO] 2023-04-07 20:26:12.752828 Epoch [28/100] batch [257/391] loss 2.2363 lr 0.08306559326618262 acc 41.41% eta 0:41:29
2023-04-07 20:26:28,471 - __main__ - INFO - [INFO] 2023-04-07 20:26:28.471764 Epoch [28/100] batch [385/391] loss 2.3535 lr 0.08306559326618262 acc 28.12% eta 0:41:26
2023-04-07 20:26:29,181 - __main__ - INFO - Computing epoch 28 validation accuracy...
2023-04-07 20:26:32,916 - __main__ - INFO - Computing epoch 28 validation loss...
2023-04-07 20:26:36,688 - __main__ - INFO - [INFO] 2023-04-07 20:26:36.688088 Epoch [29/100] batch [1/391] loss 2.4668 lr 0.08187119948743452 acc 34.38% eta 0:46:29
2023-04-07 20:26:52,200 - __main__ - INFO - [INFO] 2023-04-07 20:26:52.200136 Epoch [29/100] batch [129/391] loss 2.3965 lr 0.08187119948743452 acc 32.81% eta 0:39:55
2023-04-07 20:27:07,874 - __main__ - INFO - [INFO] 2023-04-07 20:27:07.873864 Epoch [29/100] batch [257/391] loss 2.1426 lr 0.08187119948743452 acc 39.06% eta 0:40:07
2023-04-07 20:27:23,461 - __main__ - INFO - [INFO] 2023-04-07 20:27:23.461487 Epoch [29/100] batch [385/391] loss 2.3926 lr 0.08187119948743452 acc 38.28% eta 0:39:57
2023-04-07 20:27:24,155 - __main__ - INFO - Computing epoch 29 validation accuracy...
2023-04-07 20:27:27,884 - __main__ - INFO - Computing epoch 29 validation loss...
2023-04-07 20:27:31,704 - __main__ - INFO - [INFO] 2023-04-07 20:27:31.704022 Epoch [30/100] batch [1/391] loss 1.9238 lr 0.08064535268264886 acc 51.56% eta 0:44:17
2023-04-07 20:27:46,742 - __main__ - INFO - [INFO] 2023-04-07 20:27:46.742641 Epoch [30/100] batch [129/391] loss 1.8213 lr 0.08064535268264886 acc 35.94% eta 0:40:11
2023-04-07 20:28:02,385 - __main__ - INFO - [INFO] 2023-04-07 20:28:02.385256 Epoch [30/100] batch [257/391] loss 2.2402 lr 0.08064535268264886 acc 42.19% eta 0:40:06
2023-04-07 20:28:17,999 - __main__ - INFO - [INFO] 2023-04-07 20:28:17.999032 Epoch [30/100] batch [385/391] loss 2.4395 lr 0.08064535268264886 acc 37.50% eta 0:39:44
2023-04-07 20:28:18,690 - __main__ - INFO - Computing epoch 30 validation accuracy...
2023-04-07 20:28:22,433 - __main__ - INFO - Computing epoch 30 validation loss...
2023-04-07 20:28:26,246 - __main__ - INFO - [INFO] 2023-04-07 20:28:26.246383 Epoch [31/100] batch [1/391] loss 1.9209 lr 0.0793892626146237 acc 49.22% eta 0:42:46
2023-04-07 20:28:41,799 - __main__ - INFO - [INFO] 2023-04-07 20:28:41.799120 Epoch [31/100] batch [129/391] loss 2.1074 lr 0.0793892626146237 acc 42.19% eta 0:38:59
2023-04-07 20:28:57,456 - __main__ - INFO - [INFO] 2023-04-07 20:28:57.455868 Epoch [31/100] batch [257/391] loss 1.9668 lr 0.0793892626146237 acc 43.75% eta 0:39:09
2023-04-07 20:29:13,102 - __main__ - INFO - [INFO] 2023-04-07 20:29:13.102235 Epoch [31/100] batch [385/391] loss 2.0918 lr 0.0793892626146237 acc 35.16% eta 0:38:59
2023-04-07 20:29:13,824 - __main__ - INFO - Computing epoch 31 validation accuracy...
2023-04-07 20:29:17,939 - __main__ - INFO - Computing epoch 31 validation loss...
2023-04-07 20:29:22,403 - __main__ - INFO - [INFO] 2023-04-07 20:29:22.403610 Epoch [32/100] batch [1/391] loss 2.1660 lr 0.07810416889260657 acc 39.84% eta 0:46:05
2023-04-07 20:29:38,615 - __main__ - INFO - [INFO] 2023-04-07 20:29:38.615546 Epoch [32/100] batch [129/391] loss 2.2578 lr 0.07810416889260657 acc 48.44% eta 0:42:08
2023-04-07 20:29:53,663 - __main__ - INFO - [INFO] 2023-04-07 20:29:53.662903 Epoch [32/100] batch [257/391] loss 2.2578 lr 0.07810416889260657 acc 39.84% eta 0:40:06
2023-04-07 20:30:08,811 - __main__ - INFO - [INFO] 2023-04-07 20:30:08.811714 Epoch [32/100] batch [385/391] loss 2.4688 lr 0.07810416889260657 acc 37.50% eta 0:39:15
2023-04-07 20:30:09,508 - __main__ - INFO - Computing epoch 32 validation accuracy...
2023-04-07 20:30:13,120 - __main__ - INFO - Computing epoch 32 validation loss...
2023-04-07 20:30:16,905 - __main__ - INFO - [INFO] 2023-04-07 20:30:16.905428 Epoch [33/100] batch [1/391] loss 2.4375 lr 0.07679133974894986 acc 37.50% eta 0:41:50
2023-04-07 20:30:32,411 - __main__ - INFO - [INFO] 2023-04-07 20:30:32.411286 Epoch [33/100] batch [129/391] loss 2.2891 lr 0.07679133974894986 acc 38.28% eta 0:37:31
2023-04-07 20:30:47,975 - __main__ - INFO - [INFO] 2023-04-07 20:30:47.975008 Epoch [33/100] batch [257/391] loss 1.7236 lr 0.07679133974894986 acc 58.59% eta 0:37:35
2023-04-07 20:31:03,608 - __main__ - INFO - [INFO] 2023-04-07 20:31:03.608249 Epoch [33/100] batch [385/391] loss 2.5098 lr 0.07679133974894986 acc 35.16% eta 0:37:34
2023-04-07 20:31:04,272 - __main__ - INFO - Computing epoch 33 validation accuracy...
2023-04-07 20:31:08,025 - __main__ - INFO - Computing epoch 33 validation loss...
2023-04-07 20:31:11,859 - __main__ - INFO - [INFO] 2023-04-07 20:31:11.858856 Epoch [34/100] batch [1/391] loss 2.2852 lr 0.0754520707875186 acc 35.16% eta 0:38:31
2023-04-07 20:31:27,299 - __main__ - INFO - [INFO] 2023-04-07 20:31:27.299779 Epoch [34/100] batch [129/391] loss 2.1172 lr 0.0754520707875186 acc 53.12% eta 0:36:39
2023-04-07 20:31:42,837 - __main__ - INFO - [INFO] 2023-04-07 20:31:42.837668 Epoch [34/100] batch [257/391] loss 2.1387 lr 0.0754520707875186 acc 42.97% eta 0:36:45
2023-04-07 20:31:58,374 - __main__ - INFO - [INFO] 2023-04-07 20:31:58.374470 Epoch [34/100] batch [385/391] loss 2.0527 lr 0.0754520707875186 acc 37.50% eta 0:36:43
2023-04-07 20:31:59,064 - __main__ - INFO - Computing epoch 34 validation accuracy...
2023-04-07 20:32:02,690 - __main__ - INFO - Computing epoch 34 validation loss...
2023-04-07 20:32:06,383 - __main__ - INFO - [INFO] 2023-04-07 20:32:06.383418 Epoch [35/100] batch [1/391] loss 1.9775 lr 0.0740876837050858 acc 51.56% eta 0:39:52
2023-04-07 20:32:21,453 - __main__ - INFO - [INFO] 2023-04-07 20:32:21.453302 Epoch [35/100] batch [129/391] loss 2.3496 lr 0.0740876837050858 acc 42.19% eta 0:36:25
2023-04-07 20:32:36,806 - __main__ - INFO - [INFO] 2023-04-07 20:32:36.806228 Epoch [35/100] batch [257/391] loss 2.2441 lr 0.0740876837050858 acc 43.75% eta 0:35:58
2023-04-07 20:32:52,309 - __main__ - INFO - [INFO] 2023-04-07 20:32:52.309214 Epoch [35/100] batch [385/391] loss 1.9619 lr 0.0740876837050858 acc 39.06% eta 0:36:00
2023-04-07 20:32:52,977 - __main__ - INFO - Computing epoch 35 validation accuracy...
2023-04-07 20:32:56,702 - __main__ - INFO - Computing epoch 35 validation loss...
2023-04-07 20:33:00,565 - __main__ - INFO - [INFO] 2023-04-07 20:33:00.564828 Epoch [36/100] batch [1/391] loss 2.1758 lr 0.07269952498697738 acc 41.41% eta 0:39:15
2023-04-07 20:33:16,043 - __main__ - INFO - [INFO] 2023-04-07 20:33:16.043350 Epoch [36/100] batch [129/391] loss 1.9434 lr 0.07269952498697738 acc 47.66% eta 0:35:50
2023-04-07 20:33:31,459 - __main__ - INFO - [INFO] 2023-04-07 20:33:31.459346 Epoch [36/100] batch [257/391] loss 2.2578 lr 0.07269952498697738 acc 42.19% eta 0:35:39
2023-04-07 20:33:46,945 - __main__ - INFO - [INFO] 2023-04-07 20:33:46.945636 Epoch [36/100] batch [385/391] loss 2.0254 lr 0.07269952498697738 acc 46.88% eta 0:35:29
2023-04-07 20:33:47,669 - __main__ - INFO - Computing epoch 36 validation accuracy...
2023-04-07 20:33:51,344 - __main__ - INFO - Computing epoch 36 validation loss...
2023-04-07 20:33:55,204 - __main__ - INFO - [INFO] 2023-04-07 20:33:55.204214 Epoch [37/100] batch [1/391] loss 1.9746 lr 0.07128896457825366 acc 41.41% eta 0:44:25
2023-04-07 20:34:10,715 - __main__ - INFO - [INFO] 2023-04-07 20:34:10.715133 Epoch [37/100] batch [129/391] loss 1.7100 lr 0.07128896457825366 acc 52.34% eta 0:35:39
2023-04-07 20:34:25,850 - __main__ - INFO - [INFO] 2023-04-07 20:34:25.849902 Epoch [37/100] batch [257/391] loss 2.0332 lr 0.07128896457825366 acc 46.09% eta 0:35:36
2023-04-07 20:34:41,154 - __main__ - INFO - [INFO] 2023-04-07 20:34:41.154503 Epoch [37/100] batch [385/391] loss 2.0977 lr 0.07128896457825366 acc 41.41% eta 0:35:18
2023-04-07 20:34:41,888 - __main__ - INFO - Computing epoch 37 validation accuracy...
2023-04-07 20:34:45,633 - __main__ - INFO - Computing epoch 37 validation loss...
2023-04-07 20:34:49,453 - __main__ - INFO - [INFO] 2023-04-07 20:34:49.452917 Epoch [38/100] batch [1/391] loss 2.1699 lr 0.06985739453173906 acc 42.97% eta 0:36:38
2023-04-07 20:35:04,939 - __main__ - INFO - [INFO] 2023-04-07 20:35:04.938827 Epoch [38/100] batch [129/391] loss 2.1719 lr 0.06985739453173906 acc 49.22% eta 0:35:04
2023-04-07 20:35:20,313 - __main__ - INFO - [INFO] 2023-04-07 20:35:20.312898 Epoch [38/100] batch [257/391] loss 1.8418 lr 0.06985739453173906 acc 52.34% eta 0:34:32
2023-04-07 20:35:35,822 - __main__ - INFO - [INFO] 2023-04-07 20:35:35.822771 Epoch [38/100] batch [385/391] loss 1.9570 lr 0.06985739453173906 acc 49.22% eta 0:34:25
2023-04-07 20:35:36,505 - __main__ - INFO - Computing epoch 38 validation accuracy...
2023-04-07 20:35:40,221 - __main__ - INFO - Computing epoch 38 validation loss...
2023-04-07 20:35:44,116 - __main__ - INFO - [INFO] 2023-04-07 20:35:44.116531 Epoch [39/100] batch [1/391] loss 1.9053 lr 0.06840622763423394 acc 47.66% eta 0:36:48
2023-04-07 20:35:59,569 - __main__ - INFO - [INFO] 2023-04-07 20:35:59.569655 Epoch [39/100] batch [129/391] loss 1.9473 lr 0.06840622763423394 acc 39.06% eta 0:33:58
2023-04-07 20:36:15,037 - __main__ - INFO - [INFO] 2023-04-07 20:36:15.037075 Epoch [39/100] batch [257/391] loss 2.1016 lr 0.06840622763423394 acc 46.88% eta 0:34:03
2023-04-07 20:36:30,433 - __main__ - INFO - [INFO] 2023-04-07 20:36:30.433202 Epoch [39/100] batch [385/391] loss 2.3770 lr 0.06840622763423394 acc 38.28% eta 0:33:49
2023-04-07 20:36:31,140 - __main__ - INFO - Computing epoch 39 validation accuracy...
2023-04-07 20:36:34,779 - __main__ - INFO - Computing epoch 39 validation loss...
2023-04-07 20:36:38,526 - __main__ - INFO - [INFO] 2023-04-07 20:36:38.526296 Epoch [40/100] batch [1/391] loss 1.8564 lr 0.06693689601226462 acc 53.12% eta 0:41:09
2023-04-07 20:36:53,467 - __main__ - INFO - [INFO] 2023-04-07 20:36:53.467816 Epoch [40/100] batch [129/391] loss 2.3770 lr 0.06693689601226462 acc 38.28% eta 0:33:38
2023-04-07 20:37:08,973 - __main__ - INFO - [INFO] 2023-04-07 20:37:08.973678 Epoch [40/100] batch [257/391] loss 2.0195 lr 0.06693689601226462 acc 46.09% eta 0:33:36
2023-04-07 20:37:24,549 - __main__ - INFO - [INFO] 2023-04-07 20:37:24.549084 Epoch [40/100] batch [385/391] loss 2.0039 lr 0.06693689601226462 acc 46.88% eta 0:33:30
2023-04-07 20:37:25,241 - __main__ - INFO - Computing epoch 40 validation accuracy...
2023-04-07 20:37:28,907 - __main__ - INFO - Computing epoch 40 validation loss...
2023-04-07 20:37:32,739 - __main__ - INFO - [INFO] 2023-04-07 20:37:32.739528 Epoch [41/100] batch [1/391] loss 1.8799 lr 0.06545084971874741 acc 50.78% eta 0:34:01
2023-04-07 20:37:48,165 - __main__ - INFO - [INFO] 2023-04-07 20:37:48.165195 Epoch [41/100] batch [129/391] loss 1.9883 lr 0.06545084971874741 acc 54.69% eta 0:32:58
2023-04-07 20:38:03,768 - __main__ - INFO - [INFO] 2023-04-07 20:38:03.768020 Epoch [41/100] batch [257/391] loss 1.3760 lr 0.06545084971874741 acc 62.50% eta 0:33:05
2023-04-07 20:38:19,368 - __main__ - INFO - [INFO] 2023-04-07 20:38:19.368128 Epoch [41/100] batch [385/391] loss 1.7656 lr 0.06545084971874741 acc 49.22% eta 0:32:57
2023-04-07 20:38:20,035 - __main__ - INFO - Computing epoch 41 validation accuracy...
2023-04-07 20:38:23,691 - __main__ - INFO - Computing epoch 41 validation loss...
2023-04-07 20:38:27,551 - __main__ - INFO - [INFO] 2023-04-07 20:38:27.550952 Epoch [42/100] batch [1/391] loss 2.1055 lr 0.06394955530196152 acc 49.22% eta 0:33:54
2023-04-07 20:38:42,967 - __main__ - INFO - [INFO] 2023-04-07 20:38:42.966861 Epoch [42/100] batch [129/391] loss 1.8291 lr 0.06394955530196152 acc 57.03% eta 0:32:21
2023-04-07 20:38:58,012 - __main__ - INFO - [INFO] 2023-04-07 20:38:58.011878 Epoch [42/100] batch [257/391] loss 1.6045 lr 0.06394955530196152 acc 49.22% eta 0:32:35
2023-04-07 20:39:13,453 - __main__ - INFO - [INFO] 2023-04-07 20:39:13.453089 Epoch [42/100] batch [385/391] loss 1.9521 lr 0.06394955530196152 acc 53.91% eta 0:32:36
2023-04-07 20:39:14,151 - __main__ - INFO - Computing epoch 42 validation accuracy...
2023-04-07 20:39:17,918 - __main__ - INFO - Computing epoch 42 validation loss...
2023-04-07 20:39:21,726 - __main__ - INFO - [INFO] 2023-04-07 20:39:21.726236 Epoch [43/100] batch [1/391] loss 1.7324 lr 0.062434494358242776 acc 46.09% eta 0:35:59
2023-04-07 20:39:37,154 - __main__ - INFO - [INFO] 2023-04-07 20:39:37.154669 Epoch [43/100] batch [129/391] loss 2.0254 lr 0.062434494358242776 acc 45.31% eta 0:31:37
2023-04-07 20:39:52,510 - __main__ - INFO - [INFO] 2023-04-07 20:39:52.510349 Epoch [43/100] batch [257/391] loss 1.7734 lr 0.062434494358242776 acc 58.59% eta 0:31:37
2023-04-07 20:40:08,026 - __main__ - INFO - [INFO] 2023-04-07 20:40:08.026772 Epoch [43/100] batch [385/391] loss 1.8018 lr 0.062434494358242776 acc 53.91% eta 0:31:35
2023-04-07 20:40:08,720 - __main__ - INFO - Computing epoch 43 validation accuracy...
2023-04-07 20:40:12,365 - __main__ - INFO - Computing epoch 43 validation loss...
2023-04-07 20:40:16,155 - __main__ - INFO - [INFO] 2023-04-07 20:40:16.155730 Epoch [44/100] batch [1/391] loss 1.7842 lr 0.06090716206982718 acc 50.78% eta 0:32:46
2023-04-07 20:40:31,543 - __main__ - INFO - [INFO] 2023-04-07 20:40:31.542854 Epoch [44/100] batch [129/391] loss 1.9854 lr 0.06090716206982718 acc 53.12% eta 0:31:20
2023-04-07 20:40:47,027 - __main__ - INFO - [INFO] 2023-04-07 20:40:47.027328 Epoch [44/100] batch [257/391] loss 1.8740 lr 0.06090716206982718 acc 46.09% eta 0:31:22
2023-04-07 20:41:02,629 - __main__ - INFO - [INFO] 2023-04-07 20:41:02.629435 Epoch [44/100] batch [385/391] loss 2.0879 lr 0.06090716206982718 acc 42.19% eta 0:31:20
2023-04-07 20:41:03,273 - __main__ - INFO - Computing epoch 44 validation accuracy...
2023-04-07 20:41:06,981 - __main__ - INFO - Computing epoch 44 validation loss...
2023-04-07 20:41:10,693 - __main__ - INFO - [INFO] 2023-04-07 20:41:10.693106 Epoch [45/100] batch [1/391] loss 1.8311 lr 0.05936906572928628 acc 51.56% eta 0:33:05
2023-04-07 20:41:25,757 - __main__ - INFO - [INFO] 2023-04-07 20:41:25.757248 Epoch [45/100] batch [129/391] loss 1.8252 lr 0.05936906572928628 acc 53.91% eta 0:30:19
2023-04-07 20:41:41,286 - __main__ - INFO - [INFO] 2023-04-07 20:41:41.286467 Epoch [45/100] batch [257/391] loss 1.8184 lr 0.05936906572928628 acc 49.22% eta 0:30:30
2023-04-07 20:41:56,930 - __main__ - INFO - [INFO] 2023-04-07 20:41:56.930179 Epoch [45/100] batch [385/391] loss 1.8467 lr 0.05936906572928628 acc 52.34% eta 0:30:44
2023-04-07 20:41:57,652 - __main__ - INFO - Computing epoch 45 validation accuracy...
2023-04-07 20:42:01,418 - __main__ - INFO - Computing epoch 45 validation loss...
2023-04-07 20:42:05,207 - __main__ - INFO - [INFO] 2023-04-07 20:42:05.206931 Epoch [46/100] batch [1/391] loss 1.8535 lr 0.05782172325201159 acc 46.88% eta 0:36:34
2023-04-07 20:42:20,608 - __main__ - INFO - [INFO] 2023-04-07 20:42:20.608375 Epoch [46/100] batch [129/391] loss 1.5352 lr 0.05782172325201159 acc 56.25% eta 0:30:32
2023-04-07 20:42:35,944 - __main__ - INFO - [INFO] 2023-04-07 20:42:35.944422 Epoch [46/100] batch [257/391] loss 1.8379 lr 0.05782172325201159 acc 51.56% eta 0:30:07
2023-04-07 20:42:51,484 - __main__ - INFO - [INFO] 2023-04-07 20:42:51.484531 Epoch [46/100] batch [385/391] loss 1.9336 lr 0.05782172325201159 acc 53.91% eta 0:30:06
2023-04-07 20:42:52,192 - __main__ - INFO - Computing epoch 46 validation accuracy...
2023-04-07 20:42:55,856 - __main__ - INFO - Computing epoch 46 validation loss...
2023-04-07 20:42:59,724 - __main__ - INFO - [INFO] 2023-04-07 20:42:59.723822 Epoch [47/100] batch [1/391] loss 1.5625 lr 0.056266661678215264 acc 55.47% eta 0:33:14
2023-04-07 20:43:15,249 - __main__ - INFO - [INFO] 2023-04-07 20:43:15.249096 Epoch [47/100] batch [129/391] loss 1.8213 lr 0.056266661678215264 acc 51.56% eta 0:30:02
2023-04-07 20:43:30,008 - __main__ - INFO - [INFO] 2023-04-07 20:43:30.008430 Epoch [47/100] batch [257/391] loss 2.0176 lr 0.056266661678215264 acc 54.69% eta 0:29:38
2023-04-07 20:43:45,426 - __main__ - INFO - [INFO] 2023-04-07 20:43:45.425915 Epoch [47/100] batch [385/391] loss 1.8955 lr 0.056266661678215264 acc 55.47% eta 0:29:34
2023-04-07 20:43:46,121 - __main__ - INFO - Computing epoch 47 validation accuracy...
2023-04-07 20:43:49,827 - __main__ - INFO - Computing epoch 47 validation loss...
2023-04-07 20:43:53,615 - __main__ - INFO - [INFO] 2023-04-07 20:43:53.615253 Epoch [48/100] batch [1/391] loss 1.7520 lr 0.05470541566592575 acc 54.69% eta 0:30:56
2023-04-07 20:44:09,364 - __main__ - INFO - [INFO] 2023-04-07 20:44:09.363989 Epoch [48/100] batch [129/391] loss 2.0586 lr 0.05470541566592575 acc 49.22% eta 0:30:15
2023-04-07 20:44:24,842 - __main__ - INFO - [INFO] 2023-04-07 20:44:24.841800 Epoch [48/100] batch [257/391] loss 2.0156 lr 0.05470541566592575 acc 47.66% eta 0:29:51
2023-04-07 20:44:40,189 - __main__ - INFO - [INFO] 2023-04-07 20:44:40.188966 Epoch [48/100] batch [385/391] loss 2.1562 lr 0.05470541566592575 acc 43.75% eta 0:29:29
2023-04-07 20:44:40,868 - __main__ - INFO - Computing epoch 48 validation accuracy...
2023-04-07 20:44:44,580 - __main__ - INFO - Computing epoch 48 validation loss...
2023-04-07 20:44:48,536 - __main__ - INFO - [INFO] 2023-04-07 20:44:48.536766 Epoch [49/100] batch [1/391] loss 1.9336 lr 0.053139525976465714 acc 50.00% eta 0:33:08
2023-04-07 20:45:03,806 - __main__ - INFO - [INFO] 2023-04-07 20:45:03.806395 Epoch [49/100] batch [129/391] loss 1.7998 lr 0.053139525976465714 acc 60.94% eta 0:28:38
2023-04-07 20:45:19,210 - __main__ - INFO - [INFO] 2023-04-07 20:45:19.210761 Epoch [49/100] batch [257/391] loss 1.5547 lr 0.053139525976465714 acc 61.72% eta 0:28:35
2023-04-07 20:45:34,703 - __main__ - INFO - [INFO] 2023-04-07 20:45:34.702995 Epoch [49/100] batch [385/391] loss 1.8027 lr 0.053139525976465714 acc 60.16% eta 0:28:33
2023-04-07 20:45:35,348 - __main__ - INFO - Computing epoch 49 validation accuracy...
2023-04-07 20:45:38,968 - __main__ - INFO - Computing epoch 49 validation loss...
2023-04-07 20:45:42,791 - __main__ - INFO - [INFO] 2023-04-07 20:45:42.791650 Epoch [50/100] batch [1/391] loss 1.4492 lr 0.05157053795390645 acc 54.69% eta 0:32:08
2023-04-07 20:45:58,080 - __main__ - INFO - [INFO] 2023-04-07 20:45:58.080697 Epoch [50/100] batch [129/391] loss 1.7705 lr 0.05157053795390645 acc 51.56% eta 0:28:32
2023-04-07 20:46:13,045 - __main__ - INFO - [INFO] 2023-04-07 20:46:13.045567 Epoch [50/100] batch [257/391] loss 1.8867 lr 0.05157053795390645 acc 49.22% eta 0:28:00
2023-04-07 20:46:28,573 - __main__ - INFO - [INFO] 2023-04-07 20:46:28.573158 Epoch [50/100] batch [385/391] loss 1.9287 lr 0.05157053795390645 acc 50.00% eta 0:27:56
2023-04-07 20:46:29,244 - __main__ - INFO - Computing epoch 50 validation accuracy...
2023-04-07 20:46:32,915 - __main__ - INFO - Computing epoch 50 validation loss...
2023-04-07 20:46:36,666 - __main__ - INFO - [INFO] 2023-04-07 20:46:36.666151 Epoch [51/100] batch [1/391] loss 1.5762 lr 0.05000000000000004 acc 57.03% eta 0:32:45
2023-04-07 20:46:52,224 - __main__ - INFO - [INFO] 2023-04-07 20:46:52.224070 Epoch [51/100] batch [129/391] loss 1.8047 lr 0.05000000000000004 acc 57.03% eta 0:28:09
2023-04-07 20:47:07,664 - __main__ - INFO - [INFO] 2023-04-07 20:47:07.664811 Epoch [51/100] batch [257/391] loss 1.7871 lr 0.05000000000000004 acc 53.12% eta 0:27:52
2023-04-07 20:47:22,962 - __main__ - INFO - [INFO] 2023-04-07 20:47:22.962675 Epoch [51/100] batch [385/391] loss 1.5547 lr 0.05000000000000004 acc 58.59% eta 0:27:33
2023-04-07 20:47:23,676 - __main__ - INFO - Computing epoch 51 validation accuracy...
2023-04-07 20:47:27,381 - __main__ - INFO - Computing epoch 51 validation loss...
2023-04-07 20:47:31,138 - __main__ - INFO - [INFO] 2023-04-07 20:47:31.138430 Epoch [52/100] batch [1/391] loss 1.7100 lr 0.04842946204609362 acc 56.25% eta 0:29:04
2023-04-07 20:47:46,652 - __main__ - INFO - [INFO] 2023-04-07 20:47:46.652332 Epoch [52/100] batch [129/391] loss 1.2695 lr 0.04842946204609362 acc 64.84% eta 0:27:33
2023-04-07 20:48:02,687 - __main__ - INFO - [INFO] 2023-04-07 20:48:02.687253 Epoch [52/100] batch [257/391] loss 1.7695 lr 0.04842946204609362 acc 53.12% eta 0:29:04
2023-04-07 20:48:17,946 - __main__ - INFO - [INFO] 2023-04-07 20:48:17.945795 Epoch [52/100] batch [385/391] loss 1.6709 lr 0.04842946204609362 acc 50.78% eta 0:28:12
2023-04-07 20:48:18,620 - __main__ - INFO - Computing epoch 52 validation accuracy...
2023-04-07 20:48:22,535 - __main__ - INFO - Computing epoch 52 validation loss...
2023-04-07 20:48:26,667 - __main__ - INFO - [INFO] 2023-04-07 20:48:26.667217 Epoch [53/100] batch [1/391] loss 1.7910 lr 0.04686047402353437 acc 50.00% eta 0:31:54
2023-04-07 20:48:42,375 - __main__ - INFO - [INFO] 2023-04-07 20:48:42.374929 Epoch [53/100] batch [129/391] loss 1.5352 lr 0.04686047402353437 acc 61.72% eta 0:28:16
2023-04-07 20:48:57,763 - __main__ - INFO - [INFO] 2023-04-07 20:48:57.762868 Epoch [53/100] batch [257/391] loss 1.8164 lr 0.04686047402353437 acc 59.38% eta 0:27:15
2023-04-07 20:49:13,138 - __main__ - INFO - [INFO] 2023-04-07 20:49:13.138577 Epoch [53/100] batch [385/391] loss 1.5859 lr 0.04686047402353437 acc 54.69% eta 0:26:49
2023-04-07 20:49:13,831 - __main__ - INFO - Computing epoch 53 validation accuracy...
2023-04-07 20:49:17,534 - __main__ - INFO - Computing epoch 53 validation loss...
2023-04-07 20:49:21,324 - __main__ - INFO - [INFO] 2023-04-07 20:49:21.324149 Epoch [54/100] batch [1/391] loss 1.5117 lr 0.045294584334074316 acc 66.41% eta 0:29:55
2023-04-07 20:49:36,639 - __main__ - INFO - [INFO] 2023-04-07 20:49:36.639596 Epoch [54/100] batch [129/391] loss 1.8838 lr 0.045294584334074316 acc 52.34% eta 0:26:05
2023-04-07 20:49:52,380 - __main__ - INFO - [INFO] 2023-04-07 20:49:52.380412 Epoch [54/100] batch [257/391] loss 1.7314 lr 0.045294584334074316 acc 53.12% eta 0:26:24
2023-04-07 20:50:07,736 - __main__ - INFO - [INFO] 2023-04-07 20:50:07.736722 Epoch [54/100] batch [385/391] loss 1.6074 lr 0.045294584334074316 acc 63.28% eta 0:26:02
2023-04-07 20:50:08,430 - __main__ - INFO - Computing epoch 54 validation accuracy...
2023-04-07 20:50:12,184 - __main__ - INFO - Computing epoch 54 validation loss...
2023-04-07 20:50:15,922 - __main__ - INFO - [INFO] 2023-04-07 20:50:15.922188 Epoch [55/100] batch [1/391] loss 1.4697 lr 0.043733338321784825 acc 60.94% eta 0:27:48
2023-04-07 20:50:31,091 - __main__ - INFO - [INFO] 2023-04-07 20:50:31.091793 Epoch [55/100] batch [129/391] loss 1.3262 lr 0.043733338321784825 acc 60.94% eta 0:25:33
2023-04-07 20:50:46,609 - __main__ - INFO - [INFO] 2023-04-07 20:50:46.609363 Epoch [55/100] batch [257/391] loss 1.5000 lr 0.043733338321784825 acc 60.16% eta 0:25:35
2023-04-07 20:51:01,973 - __main__ - INFO - [INFO] 2023-04-07 20:51:01.973466 Epoch [55/100] batch [385/391] loss 1.5146 lr 0.043733338321784825 acc 60.16% eta 0:25:20
2023-04-07 20:51:02,659 - __main__ - INFO - Computing epoch 55 validation accuracy...
2023-04-07 20:51:06,401 - __main__ - INFO - Computing epoch 55 validation loss...
2023-04-07 20:51:10,251 - __main__ - INFO - [INFO] 2023-04-07 20:51:10.251873 Epoch [56/100] batch [1/391] loss 1.4980 lr 0.042178276747988484 acc 50.00% eta 0:27:27
2023-04-07 20:51:25,730 - __main__ - INFO - [INFO] 2023-04-07 20:51:25.730418 Epoch [56/100] batch [129/391] loss 1.4521 lr 0.042178276747988484 acc 65.62% eta 0:25:11
2023-04-07 20:51:41,059 - __main__ - INFO - [INFO] 2023-04-07 20:51:41.059082 Epoch [56/100] batch [257/391] loss 1.6475 lr 0.042178276747988484 acc 58.59% eta 0:24:52
2023-04-07 20:51:56,460 - __main__ - INFO - [INFO] 2023-04-07 20:51:56.460575 Epoch [56/100] batch [385/391] loss 1.5283 lr 0.042178276747988484 acc 57.81% eta 0:24:49
2023-04-07 20:51:57,157 - __main__ - INFO - Computing epoch 56 validation accuracy...
2023-04-07 20:52:01,009 - __main__ - INFO - Computing epoch 56 validation loss...
2023-04-07 20:52:04,809 - __main__ - INFO - [INFO] 2023-04-07 20:52:04.809484 Epoch [57/100] batch [1/391] loss 1.6865 lr 0.0406309342707138 acc 54.69% eta 0:27:19
2023-04-07 20:52:20,362 - __main__ - INFO - [INFO] 2023-04-07 20:52:20.362168 Epoch [57/100] batch [129/391] loss 1.4648 lr 0.0406309342707138 acc 60.94% eta 0:24:44
2023-04-07 20:52:35,101 - __main__ - INFO - [INFO] 2023-04-07 20:52:35.101767 Epoch [57/100] batch [257/391] loss 1.3906 lr 0.0406309342707138 acc 63.28% eta 0:24:20
2023-04-07 20:52:50,343 - __main__ - INFO - [INFO] 2023-04-07 20:52:50.342770 Epoch [57/100] batch [385/391] loss 1.5781 lr 0.0406309342707138 acc 64.06% eta 0:24:03
2023-04-07 20:52:51,182 - __main__ - INFO - Computing epoch 57 validation accuracy...
2023-04-07 20:52:55,691 - __main__ - INFO - Computing epoch 57 validation loss...
2023-04-07 20:52:59,993 - __main__ - INFO - [INFO] 2023-04-07 20:52:59.993271 Epoch [58/100] batch [1/391] loss 1.3330 lr 0.039092837930172916 acc 58.59% eta 0:28:35
2023-04-07 20:53:16,163 - __main__ - INFO - [INFO] 2023-04-07 20:53:16.162806 Epoch [58/100] batch [129/391] loss 1.4961 lr 0.039092837930172916 acc 64.06% eta 0:26:46
2023-04-07 20:53:31,856 - __main__ - INFO - [INFO] 2023-04-07 20:53:31.856663 Epoch [58/100] batch [257/391] loss 1.5752 lr 0.039092837930172916 acc 62.50% eta 0:25:35
2023-04-07 20:53:47,266 - __main__ - INFO - [INFO] 2023-04-07 20:53:47.266813 Epoch [58/100] batch [385/391] loss 1.4863 lr 0.039092837930172916 acc 62.50% eta 0:24:45
2023-04-07 20:53:47,951 - __main__ - INFO - Computing epoch 58 validation accuracy...
2023-04-07 20:53:51,604 - __main__ - INFO - Computing epoch 58 validation loss...
2023-04-07 20:53:55,445 - __main__ - INFO - [INFO] 2023-04-07 20:53:55.445380 Epoch [59/100] batch [1/391] loss 1.3633 lr 0.037565505641757285 acc 66.41% eta 0:23:58
2023-04-07 20:54:10,778 - __main__ - INFO - [INFO] 2023-04-07 20:54:10.778618 Epoch [59/100] batch [129/391] loss 1.2412 lr 0.037565505641757285 acc 64.84% eta 0:23:04
2023-04-07 20:54:26,186 - __main__ - INFO - [INFO] 2023-04-07 20:54:26.186334 Epoch [59/100] batch [257/391] loss 1.8945 lr 0.037565505641757285 acc 51.56% eta 0:23:04
2023-04-07 20:54:41,603 - __main__ - INFO - [INFO] 2023-04-07 20:54:41.603698 Epoch [59/100] batch [385/391] loss 1.2363 lr 0.037565505641757285 acc 75.00% eta 0:22:59
2023-04-07 20:54:42,290 - __main__ - INFO - Computing epoch 59 validation accuracy...
2023-04-07 20:54:45,967 - __main__ - INFO - Computing epoch 59 validation loss...
2023-04-07 20:54:49,693 - __main__ - INFO - [INFO] 2023-04-07 20:54:49.693718 Epoch [60/100] batch [1/391] loss 1.1465 lr 0.03605044469803857 acc 62.50% eta 0:24:51
2023-04-07 20:55:05,005 - __main__ - INFO - [INFO] 2023-04-07 20:55:05.005038 Epoch [60/100] batch [129/391] loss 1.5859 lr 0.03605044469803857 acc 61.72% eta 0:22:46
2023-04-07 20:55:20,421 - __main__ - INFO - [INFO] 2023-04-07 20:55:20.421598 Epoch [60/100] batch [257/391] loss 1.4414 lr 0.03605044469803857 acc 67.19% eta 0:22:34
2023-04-07 20:55:35,836 - __main__ - INFO - [INFO] 2023-04-07 20:55:35.836418 Epoch [60/100] batch [385/391] loss 1.5850 lr 0.03605044469803857 acc 62.50% eta 0:22:22
2023-04-07 20:55:36,523 - __main__ - INFO - Computing epoch 60 validation accuracy...
2023-04-07 20:55:41,014 - __main__ - INFO - Computing epoch 60 validation loss...
2023-04-07 20:55:45,312 - __main__ - INFO - [INFO] 2023-04-07 20:55:45.312196 Epoch [61/100] batch [1/391] loss 1.3369 lr 0.034549150281252675 acc 64.84% eta 0:23:50
2023-04-07 20:56:00,876 - __main__ - INFO - [INFO] 2023-04-07 20:56:00.876289 Epoch [61/100] batch [129/391] loss 1.3682 lr 0.034549150281252675 acc 72.66% eta 0:22:29
2023-04-07 20:56:17,009 - __main__ - INFO - [INFO] 2023-04-07 20:56:17.009295 Epoch [61/100] batch [257/391] loss 1.3896 lr 0.034549150281252675 acc 62.50% eta 0:23:30
2023-04-07 20:56:32,531 - __main__ - INFO - [INFO] 2023-04-07 20:56:32.530971 Epoch [61/100] batch [385/391] loss 1.5088 lr 0.034549150281252675 acc 63.28% eta 0:22:56
2023-04-07 20:56:33,221 - __main__ - INFO - Computing epoch 61 validation accuracy...
2023-04-07 20:56:37,025 - __main__ - INFO - Computing epoch 61 validation loss...
2023-04-07 20:56:40,866 - __main__ - INFO - [INFO] 2023-04-07 20:56:40.866226 Epoch [62/100] batch [1/391] loss 1.2041 lr 0.03306310398773546 acc 69.53% eta 0:22:55
2023-04-07 20:56:56,308 - __main__ - INFO - [INFO] 2023-04-07 20:56:56.307822 Epoch [62/100] batch [129/391] loss 1.3906 lr 0.03306310398773546 acc 64.06% eta 0:21:48
2023-04-07 20:57:11,149 - __main__ - INFO - [INFO] 2023-04-07 20:57:11.149106 Epoch [62/100] batch [257/391] loss 1.2939 lr 0.03306310398773546 acc 68.75% eta 0:21:41
2023-04-07 20:57:26,673 - __main__ - INFO - [INFO] 2023-04-07 20:57:26.673605 Epoch [62/100] batch [385/391] loss 1.4873 lr 0.03306310398773546 acc 58.59% eta 0:21:28
2023-04-07 20:57:27,361 - __main__ - INFO - Computing epoch 62 validation accuracy...
2023-04-07 20:57:31,048 - __main__ - INFO - Computing epoch 62 validation loss...
2023-04-07 20:57:34,822 - __main__ - INFO - [INFO] 2023-04-07 20:57:34.822345 Epoch [63/100] batch [1/391] loss 1.3906 lr 0.031593772365766146 acc 69.53% eta 0:23:18
2023-04-07 20:57:50,149 - __main__ - INFO - [INFO] 2023-04-07 20:57:50.149279 Epoch [63/100] batch [129/391] loss 1.1982 lr 0.031593772365766146 acc 71.09% eta 0:21:09
2023-04-07 20:58:05,696 - __main__ - INFO - [INFO] 2023-04-07 20:58:05.695992 Epoch [63/100] batch [257/391] loss 1.6084 lr 0.031593772365766146 acc 54.69% eta 0:21:00
2023-04-07 20:58:21,271 - __main__ - INFO - [INFO] 2023-04-07 20:58:21.271645 Epoch [63/100] batch [385/391] loss 1.3779 lr 0.031593772365766146 acc 62.50% eta 0:20:52
2023-04-07 20:58:21,972 - __main__ - INFO - Computing epoch 63 validation accuracy...
2023-04-07 20:58:25,716 - __main__ - INFO - Computing epoch 63 validation loss...
2023-04-07 20:58:29,541 - __main__ - INFO - [INFO] 2023-04-07 20:58:29.541732 Epoch [64/100] batch [1/391] loss 1.1426 lr 0.030142605468260992 acc 69.53% eta 0:23:11
2023-04-07 20:58:45,046 - __main__ - INFO - [INFO] 2023-04-07 20:58:45.046405 Epoch [64/100] batch [129/391] loss 1.4775 lr 0.030142605468260992 acc 60.94% eta 0:20:44
2023-04-07 20:59:00,600 - __main__ - INFO - [INFO] 2023-04-07 20:59:00.600644 Epoch [64/100] batch [257/391] loss 1.2500 lr 0.030142605468260992 acc 66.41% eta 0:20:39
2023-04-07 20:59:15,826 - __main__ - INFO - [INFO] 2023-04-07 20:59:15.825991 Epoch [64/100] batch [385/391] loss 1.5840 lr 0.030142605468260992 acc 60.94% eta 0:20:24
2023-04-07 20:59:16,497 - __main__ - INFO - Computing epoch 64 validation accuracy...
2023-04-07 20:59:20,078 - __main__ - INFO - Computing epoch 64 validation loss...
2023-04-07 20:59:23,838 - __main__ - INFO - [INFO] 2023-04-07 20:59:23.838405 Epoch [65/100] batch [1/391] loss 1.3760 lr 0.028711035421746394 acc 60.16% eta 0:21:36
2023-04-07 20:59:39,528 - __main__ - INFO - [INFO] 2023-04-07 20:59:39.527877 Epoch [65/100] batch [129/391] loss 1.2539 lr 0.028711035421746394 acc 73.44% eta 0:20:50
2023-04-07 20:59:55,055 - __main__ - INFO - [INFO] 2023-04-07 20:59:55.054852 Epoch [65/100] batch [257/391] loss 1.2559 lr 0.028711035421746394 acc 68.75% eta 0:20:22
2023-04-07 21:00:10,417 - __main__ - INFO - [INFO] 2023-04-07 21:00:10.417434 Epoch [65/100] batch [385/391] loss 1.2344 lr 0.028711035421746394 acc 64.06% eta 0:20:01
2023-04-07 21:00:11,130 - __main__ - INFO - Computing epoch 65 validation accuracy...
2023-04-07 21:00:14,794 - __main__ - INFO - Computing epoch 65 validation loss...
2023-04-07 21:00:18,694 - __main__ - INFO - [INFO] 2023-04-07 21:00:18.694291 Epoch [66/100] batch [1/391] loss 0.9927 lr 0.027300475013022688 acc 69.53% eta 0:23:21
2023-04-07 21:00:34,304 - __main__ - INFO - [INFO] 2023-04-07 21:00:34.304475 Epoch [66/100] batch [129/391] loss 1.0225 lr 0.027300475013022688 acc 75.78% eta 0:20:01
2023-04-07 21:00:49,993 - __main__ - INFO - [INFO] 2023-04-07 21:00:49.993608 Epoch [66/100] batch [257/391] loss 1.1943 lr 0.027300475013022688 acc 77.34% eta 0:20:06
2023-04-07 21:01:05,963 - __main__ - INFO - [INFO] 2023-04-07 21:01:05.963192 Epoch [66/100] batch [385/391] loss 1.1816 lr 0.027300475013022688 acc 68.75% eta 0:20:14
2023-04-07 21:01:06,711 - __main__ - INFO - Computing epoch 66 validation accuracy...
2023-04-07 21:01:10,663 - __main__ - INFO - Computing epoch 66 validation loss...
2023-04-07 21:01:14,494 - __main__ - INFO - [INFO] 2023-04-07 21:01:14.494135 Epoch [67/100] batch [1/391] loss 0.9453 lr 0.025912316294914254 acc 78.12% eta 0:20:06
2023-04-07 21:01:29,977 - __main__ - INFO - [INFO] 2023-04-07 21:01:29.977582 Epoch [67/100] batch [129/391] loss 0.9937 lr 0.025912316294914254 acc 76.56% eta 0:19:03
2023-04-07 21:01:44,777 - __main__ - INFO - [INFO] 2023-04-07 21:01:44.777073 Epoch [67/100] batch [257/391] loss 1.1074 lr 0.025912316294914254 acc 67.97% eta 0:18:51
2023-04-07 21:02:00,222 - __main__ - INFO - [INFO] 2023-04-07 21:02:00.222276 Epoch [67/100] batch [385/391] loss 1.4414 lr 0.025912316294914254 acc 58.59% eta 0:18:40
2023-04-07 21:02:00,908 - __main__ - INFO - Computing epoch 67 validation accuracy...
2023-04-07 21:02:04,647 - __main__ - INFO - Computing epoch 67 validation loss...
2023-04-07 21:02:08,454 - __main__ - INFO - [INFO] 2023-04-07 21:02:08.453951 Epoch [68/100] batch [1/391] loss 1.1309 lr 0.02454792921248146 acc 64.84% eta 0:21:11
2023-04-07 21:02:23,830 - __main__ - INFO - [INFO] 2023-04-07 21:02:23.830081 Epoch [68/100] batch [129/391] loss 1.2246 lr 0.02454792921248146 acc 67.97% eta 0:18:24
2023-04-07 21:02:39,278 - __main__ - INFO - [INFO] 2023-04-07 21:02:39.277915 Epoch [68/100] batch [257/391] loss 1.3828 lr 0.02454792921248146 acc 67.97% eta 0:18:14
2023-04-07 21:02:54,878 - __main__ - INFO - [INFO] 2023-04-07 21:02:54.877967 Epoch [68/100] batch [385/391] loss 1.0449 lr 0.02454792921248146 acc 71.09% eta 0:18:09
2023-04-07 21:02:55,587 - __main__ - INFO - Computing epoch 68 validation accuracy...
2023-04-07 21:02:59,285 - __main__ - INFO - Computing epoch 68 validation loss...
2023-04-07 21:03:03,075 - __main__ - INFO - [INFO] 2023-04-07 21:03:03.074954 Epoch [69/100] batch [1/391] loss 0.8789 lr 0.02320866025105018 acc 78.91% eta 0:24:31
2023-04-07 21:03:18,676 - __main__ - INFO - [INFO] 2023-04-07 21:03:18.676302 Epoch [69/100] batch [129/391] loss 0.8945 lr 0.02320866025105018 acc 77.34% eta 0:17:59
2023-04-07 21:03:34,330 - __main__ - INFO - [INFO] 2023-04-07 21:03:34.329827 Epoch [69/100] batch [257/391] loss 1.1055 lr 0.02320866025105018 acc 70.31% eta 0:17:57
2023-04-07 21:03:49,453 - __main__ - INFO - [INFO] 2023-04-07 21:03:49.452863 Epoch [69/100] batch [385/391] loss 1.2588 lr 0.02320866025105018 acc 71.09% eta 0:17:35
2023-04-07 21:03:50,097 - __main__ - INFO - Computing epoch 69 validation accuracy...
2023-04-07 21:03:53,737 - __main__ - INFO - Computing epoch 69 validation loss...
2023-04-07 21:03:57,590 - __main__ - INFO - [INFO] 2023-04-07 21:03:57.590119 Epoch [70/100] batch [1/391] loss 1.2051 lr 0.021895831107393487 acc 73.44% eta 0:21:32
2023-04-07 21:04:13,151 - __main__ - INFO - [INFO] 2023-04-07 21:04:13.151510 Epoch [70/100] batch [129/391] loss 1.0391 lr 0.021895831107393487 acc 74.22% eta 0:17:28
2023-04-07 21:04:28,505 - __main__ - INFO - [INFO] 2023-04-07 21:04:28.505289 Epoch [70/100] batch [257/391] loss 1.2080 lr 0.021895831107393487 acc 72.66% eta 0:16:57
2023-04-07 21:04:44,059 - __main__ - INFO - [INFO] 2023-04-07 21:04:44.059261 Epoch [70/100] batch [385/391] loss 1.0107 lr 0.021895831107393487 acc 73.44% eta 0:16:52
2023-04-07 21:04:44,765 - __main__ - INFO - Computing epoch 70 validation accuracy...
2023-04-07 21:04:48,484 - __main__ - INFO - Computing epoch 70 validation loss...
2023-04-07 21:04:52,430 - __main__ - INFO - [INFO] 2023-04-07 21:04:52.430228 Epoch [71/100] batch [1/391] loss 0.9473 lr 0.02061073738537637 acc 69.53% eta 0:21:36
2023-04-07 21:05:07,810 - __main__ - INFO - [INFO] 2023-04-07 21:05:07.810589 Epoch [71/100] batch [129/391] loss 1.1562 lr 0.02061073738537637 acc 72.66% eta 0:16:34
2023-04-07 21:05:23,289 - __main__ - INFO - [INFO] 2023-04-07 21:05:23.289026 Epoch [71/100] batch [257/391] loss 0.9761 lr 0.02061073738537637 acc 69.53% eta 0:16:27
2023-04-07 21:05:38,608 - __main__ - INFO - [INFO] 2023-04-07 21:05:38.608008 Epoch [71/100] batch [385/391] loss 1.0977 lr 0.02061073738537637 acc 69.53% eta 0:16:12
2023-04-07 21:05:39,290 - __main__ - INFO - Computing epoch 71 validation accuracy...
2023-04-07 21:05:42,935 - __main__ - INFO - Computing epoch 71 validation loss...
2023-04-07 21:05:46,777 - __main__ - INFO - [INFO] 2023-04-07 21:05:46.777538 Epoch [72/100] batch [1/391] loss 1.1865 lr 0.01935464731735119 acc 71.88% eta 0:17:46
2023-04-07 21:06:02,037 - __main__ - INFO - [INFO] 2023-04-07 21:06:02.036970 Epoch [72/100] batch [129/391] loss 1.2021 lr 0.01935464731735119 acc 71.09% eta 0:16:08
2023-04-07 21:06:16,990 - __main__ - INFO - [INFO] 2023-04-07 21:06:16.990273 Epoch [72/100] batch [257/391] loss 1.1377 lr 0.01935464731735119 acc 76.56% eta 0:15:55
2023-04-07 21:06:32,387 - __main__ - INFO - [INFO] 2023-04-07 21:06:32.387504 Epoch [72/100] batch [385/391] loss 1.0791 lr 0.01935464731735119 acc 77.34% eta 0:15:40
2023-04-07 21:06:33,047 - __main__ - INFO - Computing epoch 72 validation accuracy...
2023-04-07 21:06:36,745 - __main__ - INFO - Computing epoch 72 validation loss...
2023-04-07 21:06:40,543 - __main__ - INFO - [INFO] 2023-04-07 21:06:40.543733 Epoch [73/100] batch [1/391] loss 0.8794 lr 0.018128800512565532 acc 77.34% eta 0:17:25
2023-04-07 21:06:56,180 - __main__ - INFO - [INFO] 2023-04-07 21:06:56.180078 Epoch [73/100] batch [129/391] loss 1.0254 lr 0.018128800512565532 acc 73.44% eta 0:15:52
2023-04-07 21:07:11,268 - __main__ - INFO - [INFO] 2023-04-07 21:07:11.268750 Epoch [73/100] batch [257/391] loss 0.9570 lr 0.018128800512565532 acc 77.34% eta 0:15:24
2023-04-07 21:07:26,726 - __main__ - INFO - [INFO] 2023-04-07 21:07:26.726354 Epoch [73/100] batch [385/391] loss 1.0215 lr 0.018128800512565532 acc 73.44% eta 0:15:12
2023-04-07 21:07:27,429 - __main__ - INFO - Computing epoch 73 validation accuracy...
2023-04-07 21:07:31,101 - __main__ - INFO - Computing epoch 73 validation loss...
2023-04-07 21:07:34,885 - __main__ - INFO - [INFO] 2023-04-07 21:07:34.885650 Epoch [74/100] batch [1/391] loss 0.8906 lr 0.016934406733817433 acc 73.44% eta 0:16:01
2023-04-07 21:07:50,434 - __main__ - INFO - [INFO] 2023-04-07 21:07:50.433904 Epoch [74/100] batch [129/391] loss 0.6748 lr 0.016934406733817433 acc 82.03% eta 0:15:14
2023-04-07 21:08:06,500 - __main__ - INFO - [INFO] 2023-04-07 21:08:06.500243 Epoch [74/100] batch [257/391] loss 0.9648 lr 0.016934406733817433 acc 75.78% eta 0:15:38
2023-04-07 21:08:22,623 - __main__ - INFO - [INFO] 2023-04-07 21:08:22.622817 Epoch [74/100] batch [385/391] loss 0.8237 lr 0.016934406733817433 acc 84.38% eta 0:15:48
2023-04-07 21:08:23,449 - __main__ - INFO - Computing epoch 74 validation accuracy...
2023-04-07 21:08:27,636 - __main__ - INFO - Computing epoch 74 validation loss...
2023-04-07 21:08:31,496 - __main__ - INFO - [INFO] 2023-04-07 21:08:31.496407 Epoch [75/100] batch [1/391] loss 0.9512 lr 0.01577264470356558 acc 69.53% eta 0:15:49
2023-04-07 21:08:46,927 - __main__ - INFO - [INFO] 2023-04-07 21:08:46.927584 Epoch [75/100] batch [129/391] loss 0.8813 lr 0.01577264470356558 acc 76.56% eta 0:14:28
2023-04-07 21:09:02,356 - __main__ - INFO - [INFO] 2023-04-07 21:09:02.356658 Epoch [75/100] batch [257/391] loss 0.8467 lr 0.01577264470356558 acc 75.78% eta 0:14:19
2023-04-07 21:09:17,744 - __main__ - INFO - [INFO] 2023-04-07 21:09:17.744749 Epoch [75/100] batch [385/391] loss 0.9561 lr 0.01577264470356558 acc 76.56% eta 0:14:06
2023-04-07 21:09:18,437 - __main__ - INFO - Computing epoch 75 validation accuracy...
2023-04-07 21:09:22,126 - __main__ - INFO - Computing epoch 75 validation loss...
2023-04-07 21:09:25,932 - __main__ - INFO - [INFO] 2023-04-07 21:09:25.932282 Epoch [76/100] batch [1/391] loss 0.7759 lr 0.014644660940672643 acc 81.25% eta 0:14:50
2023-04-07 21:09:41,272 - __main__ - INFO - [INFO] 2023-04-07 21:09:41.272682 Epoch [76/100] batch [129/391] loss 0.9863 lr 0.014644660940672643 acc 75.78% eta 0:13:45
2023-04-07 21:09:57,083 - __main__ - INFO - [INFO] 2023-04-07 21:09:57.082977 Epoch [76/100] batch [257/391] loss 1.0527 lr 0.014644660940672643 acc 77.34% eta 0:13:53
2023-04-07 21:10:12,453 - __main__ - INFO - [INFO] 2023-04-07 21:10:12.453464 Epoch [76/100] batch [385/391] loss 1.1123 lr 0.014644660940672643 acc 79.69% eta 0:13:37
2023-04-07 21:10:13,159 - __main__ - INFO - Computing epoch 76 validation accuracy...
2023-04-07 21:10:16,808 - __main__ - INFO - Computing epoch 76 validation loss...
2023-04-07 21:10:20,590 - __main__ - INFO - [INFO] 2023-04-07 21:10:20.590490 Epoch [77/100] batch [1/391] loss 0.9551 lr 0.013551568628929448 acc 72.66% eta 0:15:42
2023-04-07 21:10:35,928 - __main__ - INFO - [INFO] 2023-04-07 21:10:35.928021 Epoch [77/100] batch [129/391] loss 0.7173 lr 0.013551568628929448 acc 82.03% eta 0:13:27
2023-04-07 21:10:51,033 - __main__ - INFO - [INFO] 2023-04-07 21:10:51.032810 Epoch [77/100] batch [257/391] loss 0.9727 lr 0.013551568628929448 acc 75.00% eta 0:13:14
2023-04-07 21:11:06,468 - __main__ - INFO - [INFO] 2023-04-07 21:11:06.468078 Epoch [77/100] batch [385/391] loss 0.7637 lr 0.013551568628929448 acc 77.34% eta 0:13:01
2023-04-07 21:11:07,177 - __main__ - INFO - Computing epoch 77 validation accuracy...
2023-04-07 21:11:10,830 - __main__ - INFO - Computing epoch 77 validation loss...
2023-04-07 21:11:14,607 - __main__ - INFO - [INFO] 2023-04-07 21:11:14.607229 Epoch [78/100] batch [1/391] loss 0.8564 lr 0.012494446518477033 acc 82.81% eta 0:13:38
2023-04-07 21:11:30,137 - __main__ - INFO - [INFO] 2023-04-07 21:11:30.137076 Epoch [78/100] batch [129/391] loss 0.7959 lr 0.012494446518477033 acc 78.91% eta 0:12:49
2023-04-07 21:11:45,645 - __main__ - INFO - [INFO] 2023-04-07 21:11:45.645123 Epoch [78/100] batch [257/391] loss 0.8418 lr 0.012494446518477033 acc 80.47% eta 0:12:41
2023-04-07 21:12:01,270 - __main__ - INFO - [INFO] 2023-04-07 21:12:01.269903 Epoch [78/100] batch [385/391] loss 0.8882 lr 0.012494446518477033 acc 78.12% eta 0:12:34
2023-04-07 21:12:01,965 - __main__ - INFO - Computing epoch 78 validation accuracy...
2023-04-07 21:12:05,680 - __main__ - INFO - Computing epoch 78 validation loss...
2023-04-07 21:12:09,605 - __main__ - INFO - [INFO] 2023-04-07 21:12:09.605587 Epoch [79/100] batch [1/391] loss 0.6504 lr 0.011474337861210555 acc 85.16% eta 0:14:31
2023-04-07 21:12:25,111 - __main__ - INFO - [INFO] 2023-04-07 21:12:25.111788 Epoch [79/100] batch [129/391] loss 0.6694 lr 0.011474337861210555 acc 83.59% eta 0:12:13
2023-04-07 21:12:40,529 - __main__ - INFO - [INFO] 2023-04-07 21:12:40.529263 Epoch [79/100] batch [257/391] loss 0.8623 lr 0.011474337861210555 acc 82.03% eta 0:12:02
2023-04-07 21:12:55,586 - __main__ - INFO - [INFO] 2023-04-07 21:12:55.586070 Epoch [79/100] batch [385/391] loss 0.7368 lr 0.011474337861210555 acc 82.03% eta 0:11:52
2023-04-07 21:12:56,295 - __main__ - INFO - Computing epoch 79 validation accuracy...
2023-04-07 21:12:59,942 - __main__ - INFO - Computing epoch 79 validation loss...
2023-04-07 21:13:03,827 - __main__ - INFO - [INFO] 2023-04-07 21:13:03.827250 Epoch [80/100] batch [1/391] loss 0.8877 lr 0.01049224938121549 acc 75.78% eta 0:13:00
2023-04-07 21:13:19,413 - __main__ - INFO - [INFO] 2023-04-07 21:13:19.413660 Epoch [80/100] batch [129/391] loss 0.5044 lr 0.01049224938121549 acc 85.94% eta 0:11:48
2023-04-07 21:13:34,822 - __main__ - INFO - [INFO] 2023-04-07 21:13:34.822510 Epoch [80/100] batch [257/391] loss 0.7104 lr 0.01049224938121549 acc 81.25% eta 0:11:29
2023-04-07 21:13:50,268 - __main__ - INFO - [INFO] 2023-04-07 21:13:50.267912 Epoch [80/100] batch [385/391] loss 0.6313 lr 0.01049224938121549 acc 89.06% eta 0:11:18
2023-04-07 21:13:50,956 - __main__ - INFO - Computing epoch 80 validation accuracy...
2023-04-07 21:13:54,655 - __main__ - INFO - Computing epoch 80 validation loss...
2023-04-07 21:13:58,364 - __main__ - INFO - [INFO] 2023-04-07 21:13:58.364858 Epoch [81/100] batch [1/391] loss 0.7666 lr 0.009549150281252642 acc 81.25% eta 0:12:06
2023-04-07 21:14:13,875 - __main__ - INFO - [INFO] 2023-04-07 21:14:13.875396 Epoch [81/100] batch [129/391] loss 0.6250 lr 0.009549150281252642 acc 83.59% eta 0:11:08
2023-04-07 21:14:29,476 - __main__ - INFO - [INFO] 2023-04-07 21:14:29.476208 Epoch [81/100] batch [257/391] loss 0.6504 lr 0.009549150281252642 acc 83.59% eta 0:11:01
2023-04-07 21:14:44,969 - __main__ - INFO - [INFO] 2023-04-07 21:14:44.969786 Epoch [81/100] batch [385/391] loss 0.7227 lr 0.009549150281252642 acc 85.16% eta 0:10:49
2023-04-07 21:14:45,636 - __main__ - INFO - Computing epoch 81 validation accuracy...
2023-04-07 21:14:49,343 - __main__ - INFO - Computing epoch 81 validation loss...
2023-04-07 21:14:53,121 - __main__ - INFO - [INFO] 2023-04-07 21:14:53.121779 Epoch [82/100] batch [1/391] loss 0.5703 lr 0.008645971286271922 acc 89.84% eta 0:11:06
2023-04-07 21:15:08,913 - __main__ - INFO - [INFO] 2023-04-07 21:15:08.912906 Epoch [82/100] batch [129/391] loss 0.6606 lr 0.008645971286271922 acc 85.94% eta 0:11:17
2023-04-07 21:15:23,906 - __main__ - INFO - [INFO] 2023-04-07 21:15:23.906296 Epoch [82/100] batch [257/391] loss 0.6821 lr 0.008645971286271922 acc 85.16% eta 0:10:38
2023-04-07 21:15:40,203 - __main__ - INFO - [INFO] 2023-04-07 21:15:40.203025 Epoch [82/100] batch [385/391] loss 0.8018 lr 0.008645971286271922 acc 79.69% eta 0:10:43
2023-04-07 21:15:40,892 - __main__ - INFO - Computing epoch 82 validation accuracy...
2023-04-07 21:15:44,989 - __main__ - INFO - Computing epoch 82 validation loss...
2023-04-07 21:15:48,763 - __main__ - INFO - [INFO] 2023-04-07 21:15:48.762863 Epoch [83/100] batch [1/391] loss 0.7163 lr 0.007783603724899264 acc 79.69% eta 0:11:00
2023-04-07 21:16:04,222 - __main__ - INFO - [INFO] 2023-04-07 21:16:04.222720 Epoch [83/100] batch [129/391] loss 0.7349 lr 0.007783603724899264 acc 84.38% eta 0:09:58
2023-04-07 21:16:19,694 - __main__ - INFO - [INFO] 2023-04-07 21:16:19.694275 Epoch [83/100] batch [257/391] loss 0.7070 lr 0.007783603724899264 acc 85.16% eta 0:09:46
2023-04-07 21:16:35,325 - __main__ - INFO - [INFO] 2023-04-07 21:16:35.325300 Epoch [83/100] batch [385/391] loss 0.5703 lr 0.007783603724899264 acc 89.84% eta 0:09:39
2023-04-07 21:16:36,032 - __main__ - INFO - Computing epoch 83 validation accuracy...
2023-04-07 21:16:39,702 - __main__ - INFO - Computing epoch 83 validation loss...
2023-04-07 21:16:43,551 - __main__ - INFO - [INFO] 2023-04-07 21:16:43.550997 Epoch [84/100] batch [1/391] loss 0.6572 lr 0.006962898649802819 acc 83.59% eta 0:10:06
2023-04-07 21:16:59,023 - __main__ - INFO - [INFO] 2023-04-07 21:16:59.023090 Epoch [84/100] batch [129/391] loss 0.6973 lr 0.006962898649802819 acc 84.38% eta 0:09:21
2023-04-07 21:17:14,357 - __main__ - INFO - [INFO] 2023-04-07 21:17:14.356946 Epoch [84/100] batch [257/391] loss 0.5312 lr 0.006962898649802819 acc 91.41% eta 0:09:09
2023-04-07 21:17:29,569 - __main__ - INFO - [INFO] 2023-04-07 21:17:29.568791 Epoch [84/100] batch [385/391] loss 0.5767 lr 0.006962898649802819 acc 87.50% eta 0:09:02
2023-04-07 21:17:30,230 - __main__ - INFO - Computing epoch 84 validation accuracy...
2023-04-07 21:17:33,917 - __main__ - INFO - Computing epoch 84 validation loss...
2023-04-07 21:17:37,668 - __main__ - INFO - [INFO] 2023-04-07 21:17:37.667854 Epoch [85/100] batch [1/391] loss 0.5078 lr 0.0061846659978068265 acc 89.84% eta 0:09:20
2023-04-07 21:17:53,257 - __main__ - INFO - [INFO] 2023-04-07 21:17:53.257323 Epoch [85/100] batch [129/391] loss 0.4429 lr 0.0061846659978068265 acc 86.72% eta 0:08:54
2023-04-07 21:18:08,681 - __main__ - INFO - [INFO] 2023-04-07 21:18:08.681350 Epoch [85/100] batch [257/391] loss 0.5718 lr 0.0061846659978068265 acc 86.72% eta 0:08:38
2023-04-07 21:18:24,320 - __main__ - INFO - [INFO] 2023-04-07 21:18:24.320051 Epoch [85/100] batch [385/391] loss 0.6509 lr 0.0061846659978068265 acc 84.38% eta 0:08:30
2023-04-07 21:18:25,018 - __main__ - INFO - Computing epoch 85 validation accuracy...
2023-04-07 21:18:28,709 - __main__ - INFO - Computing epoch 85 validation loss...
2023-04-07 21:18:32,484 - __main__ - INFO - [INFO] 2023-04-07 21:18:32.484642 Epoch [86/100] batch [1/391] loss 0.6172 lr 0.005449673790581615 acc 85.94% eta 0:09:02
2023-04-07 21:18:48,013 - __main__ - INFO - [INFO] 2023-04-07 21:18:48.013555 Epoch [86/100] batch [129/391] loss 0.5996 lr 0.005449673790581615 acc 89.06% eta 0:08:19
2023-04-07 21:19:03,564 - __main__ - INFO - [INFO] 2023-04-07 21:19:03.564313 Epoch [86/100] batch [257/391] loss 0.6562 lr 0.005449673790581615 acc 87.50% eta 0:08:07
2023-04-07 21:19:19,035 - __main__ - INFO - [INFO] 2023-04-07 21:19:19.035081 Epoch [86/100] batch [385/391] loss 0.5918 lr 0.005449673790581615 acc 91.41% eta 0:07:54
2023-04-07 21:19:19,733 - __main__ - INFO - Computing epoch 86 validation accuracy...
2023-04-07 21:19:23,409 - __main__ - INFO - Computing epoch 86 validation loss...
2023-04-07 21:19:27,193 - __main__ - INFO - [INFO] 2023-04-07 21:19:27.193050 Epoch [87/100] batch [1/391] loss 0.3770 lr 0.004758647376699036 acc 96.09% eta 0:08:48
2023-04-07 21:19:42,655 - __main__ - INFO - [INFO] 2023-04-07 21:19:42.655557 Epoch [87/100] batch [129/391] loss 0.5283 lr 0.004758647376699036 acc 89.06% eta 0:07:54
2023-04-07 21:19:57,364 - __main__ - INFO - [INFO] 2023-04-07 21:19:57.364433 Epoch [87/100] batch [257/391] loss 0.5425 lr 0.004758647376699036 acc 87.50% eta 0:07:40
2023-04-07 21:20:13,067 - __main__ - INFO - [INFO] 2023-04-07 21:20:13.067609 Epoch [87/100] batch [385/391] loss 0.5332 lr 0.004758647376699036 acc 87.50% eta 0:07:56
2023-04-07 21:20:13,789 - __main__ - INFO - Computing epoch 87 validation accuracy...
2023-04-07 21:20:17,610 - __main__ - INFO - Computing epoch 87 validation loss...
2023-04-07 21:20:21,601 - __main__ - INFO - [INFO] 2023-04-07 21:20:21.601259 Epoch [88/100] batch [1/391] loss 0.4753 lr 0.004112268715800957 acc 86.72% eta 0:11:45
2023-04-07 21:20:37,902 - __main__ - INFO - [INFO] 2023-04-07 21:20:37.902322 Epoch [88/100] batch [129/391] loss 0.4260 lr 0.004112268715800957 acc 92.19% eta 0:07:54
2023-04-07 21:20:53,463 - __main__ - INFO - [INFO] 2023-04-07 21:20:53.463365 Epoch [88/100] batch [257/391] loss 0.5610 lr 0.004112268715800957 acc 85.94% eta 0:07:20
2023-04-07 21:21:08,834 - __main__ - INFO - [INFO] 2023-04-07 21:21:08.834469 Epoch [88/100] batch [385/391] loss 0.4617 lr 0.004112268715800957 acc 90.62% eta 0:07:00
2023-04-07 21:21:09,492 - __main__ - INFO - Computing epoch 88 validation accuracy...
2023-04-07 21:21:13,196 - __main__ - INFO - Computing epoch 88 validation loss...
2023-04-07 21:21:16,970 - __main__ - INFO - [INFO] 2023-04-07 21:21:16.970443 Epoch [89/100] batch [1/391] loss 0.2583 lr 0.003511175705587435 acc 97.66% eta 0:07:18
2023-04-07 21:21:32,424 - __main__ - INFO - [INFO] 2023-04-07 21:21:32.424132 Epoch [89/100] batch [129/391] loss 0.3604 lr 0.003511175705587435 acc 89.84% eta 0:06:33
2023-04-07 21:21:48,041 - __main__ - INFO - [INFO] 2023-04-07 21:21:48.041466 Epoch [89/100] batch [257/391] loss 0.3953 lr 0.003511175705587435 acc 90.62% eta 0:06:24
2023-04-07 21:22:03,635 - __main__ - INFO - [INFO] 2023-04-07 21:22:03.635463 Epoch [89/100] batch [385/391] loss 0.3245 lr 0.003511175705587435 acc 95.31% eta 0:06:14
2023-04-07 21:22:04,348 - __main__ - INFO - Computing epoch 89 validation accuracy...
2023-04-07 21:22:08,071 - __main__ - INFO - Computing epoch 89 validation loss...
2023-04-07 21:22:11,826 - __main__ - INFO - [INFO] 2023-04-07 21:22:11.826174 Epoch [90/100] batch [1/391] loss 0.4724 lr 0.0029559615522887295 acc 89.84% eta 0:06:20
2023-04-07 21:22:26,994 - __main__ - INFO - [INFO] 2023-04-07 21:22:26.994014 Epoch [90/100] batch [129/391] loss 0.2776 lr 0.0029559615522887295 acc 94.53% eta 0:06:02
2023-04-07 21:22:42,246 - __main__ - INFO - [INFO] 2023-04-07 21:22:42.246447 Epoch [90/100] batch [257/391] loss 0.3120 lr 0.0029559615522887295 acc 92.97% eta 0:05:51
2023-04-07 21:22:57,733 - __main__ - INFO - [INFO] 2023-04-07 21:22:57.733160 Epoch [90/100] batch [385/391] loss 0.3022 lr 0.0029559615522887295 acc 93.75% eta 0:05:40
2023-04-07 21:22:58,427 - __main__ - INFO - Computing epoch 90 validation accuracy...
2023-04-07 21:23:02,123 - __main__ - INFO - Computing epoch 90 validation loss...
2023-04-07 21:23:05,949 - __main__ - INFO - [INFO] 2023-04-07 21:23:05.949032 Epoch [91/100] batch [1/391] loss 0.2661 lr 0.0024471741852423253 acc 95.31% eta 0:06:51
2023-04-07 21:23:21,381 - __main__ - INFO - [INFO] 2023-04-07 21:23:21.380794 Epoch [91/100] batch [129/391] loss 0.2847 lr 0.0024471741852423253 acc 92.97% eta 0:05:29
2023-04-07 21:23:36,807 - __main__ - INFO - [INFO] 2023-04-07 21:23:36.807028 Epoch [91/100] batch [257/391] loss 0.4138 lr 0.0024471741852423253 acc 90.62% eta 0:05:16
2023-04-07 21:23:52,315 - __main__ - INFO - [INFO] 2023-04-07 21:23:52.315027 Epoch [91/100] batch [385/391] loss 0.3645 lr 0.0024471741852423253 acc 92.19% eta 0:05:05
2023-04-07 21:23:53,034 - __main__ - INFO - Computing epoch 91 validation accuracy...
2023-04-07 21:23:56,755 - __main__ - INFO - Computing epoch 91 validation loss...
2023-04-07 21:24:00,589 - __main__ - INFO - [INFO] 2023-04-07 21:24:00.588899 Epoch [92/100] batch [1/391] loss 0.3594 lr 0.0019853157161528537 acc 93.75% eta 0:05:23
2023-04-07 21:24:16,127 - __main__ - INFO - [INFO] 2023-04-07 21:24:16.127506 Epoch [92/100] batch [129/391] loss 0.3071 lr 0.0019853157161528537 acc 93.75% eta 0:04:54
2023-04-07 21:24:31,664 - __main__ - INFO - [INFO] 2023-04-07 21:24:31.664578 Epoch [92/100] batch [257/391] loss 0.3357 lr 0.0019853157161528537 acc 93.75% eta 0:04:44
2023-04-07 21:24:46,483 - __main__ - INFO - [INFO] 2023-04-07 21:24:46.483658 Epoch [92/100] batch [385/391] loss 0.3108 lr 0.0019853157161528537 acc 91.41% eta 0:04:32
2023-04-07 21:24:47,124 - __main__ - INFO - Computing epoch 92 validation accuracy...
2023-04-07 21:24:50,839 - __main__ - INFO - Computing epoch 92 validation loss...
2023-04-07 21:24:54,643 - __main__ - INFO - [INFO] 2023-04-07 21:24:54.643737 Epoch [93/100] batch [1/391] loss 0.3928 lr 0.0015708419435684529 acc 91.41% eta 0:04:48
2023-04-07 21:25:10,038 - __main__ - INFO - [INFO] 2023-04-07 21:25:10.038388 Epoch [93/100] batch [129/391] loss 0.3630 lr 0.0015708419435684529 acc 89.06% eta 0:04:19
2023-04-07 21:25:25,427 - __main__ - INFO - [INFO] 2023-04-07 21:25:25.426895 Epoch [93/100] batch [257/391] loss 0.1399 lr 0.0015708419435684529 acc 97.66% eta 0:04:07
2023-04-07 21:25:40,921 - __main__ - INFO - [INFO] 2023-04-07 21:25:40.920903 Epoch [93/100] batch [385/391] loss 0.3633 lr 0.0015708419435684529 acc 92.19% eta 0:03:56
2023-04-07 21:25:41,629 - __main__ - INFO - Computing epoch 93 validation accuracy...
2023-04-07 21:25:45,338 - __main__ - INFO - Computing epoch 93 validation loss...
2023-04-07 21:25:49,177 - __main__ - INFO - [INFO] 2023-04-07 21:25:49.177215 Epoch [94/100] batch [1/391] loss 0.2271 lr 0.0012041619030626347 acc 94.53% eta 0:04:19
2023-04-07 21:26:04,725 - __main__ - INFO - [INFO] 2023-04-07 21:26:04.725413 Epoch [94/100] batch [129/391] loss 0.3862 lr 0.0012041619030626347 acc 89.06% eta 0:03:47
2023-04-07 21:26:20,310 - __main__ - INFO - [INFO] 2023-04-07 21:26:20.310739 Epoch [94/100] batch [257/391] loss 0.3259 lr 0.0012041619030626347 acc 90.62% eta 0:03:35
2023-04-07 21:26:35,835 - __main__ - INFO - [INFO] 2023-04-07 21:26:35.835806 Epoch [94/100] batch [385/391] loss 0.4473 lr 0.0012041619030626347 acc 89.84% eta 0:03:24
2023-04-07 21:26:36,529 - __main__ - INFO - Computing epoch 94 validation accuracy...
2023-04-07 21:26:40,211 - __main__ - INFO - Computing epoch 94 validation loss...
2023-04-07 21:26:44,109 - __main__ - INFO - [INFO] 2023-04-07 21:26:44.109074 Epoch [95/100] batch [1/391] loss 0.2656 lr 0.0008856374635655646 acc 95.31% eta 0:03:55
2023-04-07 21:26:59,165 - __main__ - INFO - [INFO] 2023-04-07 21:26:59.165607 Epoch [95/100] batch [129/391] loss 0.2090 lr 0.0008856374635655646 acc 96.88% eta 0:03:13
2023-04-07 21:27:14,466 - __main__ - INFO - [INFO] 2023-04-07 21:27:14.466609 Epoch [95/100] batch [257/391] loss 0.2817 lr 0.0008856374635655646 acc 92.97% eta 0:03:01
2023-04-07 21:27:30,202 - __main__ - INFO - [INFO] 2023-04-07 21:27:30.202035 Epoch [95/100] batch [385/391] loss 0.2717 lr 0.0008856374635655646 acc 92.97% eta 0:02:51
2023-04-07 21:27:30,899 - __main__ - INFO - Computing epoch 95 validation accuracy...
2023-04-07 21:27:34,613 - __main__ - INFO - Computing epoch 95 validation loss...
2023-04-07 21:27:38,432 - __main__ - INFO - [INFO] 2023-04-07 21:27:38.431995 Epoch [96/100] batch [1/391] loss 0.2025 lr 0.0006155829702431174 acc 94.53% eta 0:03:03
2023-04-07 21:27:53,997 - __main__ - INFO - [INFO] 2023-04-07 21:27:53.996992 Epoch [96/100] batch [129/391] loss 0.3025 lr 0.0006155829702431174 acc 92.19% eta 0:02:39
2023-04-07 21:28:09,268 - __main__ - INFO - [INFO] 2023-04-07 21:28:09.268578 Epoch [96/100] batch [257/391] loss 0.2279 lr 0.0006155829702431174 acc 96.88% eta 0:02:28
2023-04-07 21:28:24,724 - __main__ - INFO - [INFO] 2023-04-07 21:28:24.724324 Epoch [96/100] batch [385/391] loss 0.2959 lr 0.0006155829702431174 acc 92.97% eta 0:02:16
2023-04-07 21:28:25,407 - __main__ - INFO - Computing epoch 96 validation accuracy...
2023-04-07 21:28:29,119 - __main__ - INFO - Computing epoch 96 validation loss...
2023-04-07 21:28:33,113 - __main__ - INFO - [INFO] 2023-04-07 21:28:33.112820 Epoch [97/100] batch [1/391] loss 0.2211 lr 0.00039426493427611206 acc 92.97% eta 0:02:26
2023-04-07 21:28:48,456 - __main__ - INFO - [INFO] 2023-04-07 21:28:48.455876 Epoch [97/100] batch [129/391] loss 0.0865 lr 0.00039426493427611206 acc 99.22% eta 0:02:03
2023-04-07 21:29:03,876 - __main__ - INFO - [INFO] 2023-04-07 21:29:03.876641 Epoch [97/100] batch [257/391] loss 0.1766 lr 0.00039426493427611206 acc 96.88% eta 0:01:53
2023-04-07 21:29:18,730 - __main__ - INFO - [INFO] 2023-04-07 21:29:18.729910 Epoch [97/100] batch [385/391] loss 0.2240 lr 0.00039426493427611206 acc 94.53% eta 0:01:41
2023-04-07 21:29:19,428 - __main__ - INFO - Computing epoch 97 validation accuracy...
2023-04-07 21:29:23,161 - __main__ - INFO - Computing epoch 97 validation loss...
2023-04-07 21:29:26,979 - __main__ - INFO - [INFO] 2023-04-07 21:29:26.979666 Epoch [98/100] batch [1/391] loss 0.1665 lr 0.00022190176984600036 acc 96.09% eta 0:01:55
2023-04-07 21:29:42,407 - __main__ - INFO - [INFO] 2023-04-07 21:29:42.407148 Epoch [98/100] batch [129/391] loss 0.1951 lr 0.00022190176984600036 acc 96.88% eta 0:01:30
2023-04-07 21:29:58,032 - __main__ - INFO - [INFO] 2023-04-07 21:29:58.032597 Epoch [98/100] batch [257/391] loss 0.1451 lr 0.00022190176984600036 acc 99.22% eta 0:01:19
2023-04-07 21:30:13,582 - __main__ - INFO - [INFO] 2023-04-07 21:30:13.581780 Epoch [98/100] batch [385/391] loss 0.2876 lr 0.00022190176984600036 acc 93.75% eta 0:01:08
2023-04-07 21:30:14,306 - __main__ - INFO - Computing epoch 98 validation accuracy...
2023-04-07 21:30:18,027 - __main__ - INFO - Computing epoch 98 validation loss...
2023-04-07 21:30:21,861 - __main__ - INFO - [INFO] 2023-04-07 21:30:21.861304 Epoch [99/100] batch [1/391] loss 0.2502 lr 9.866357858642213e-05 acc 91.41% eta 0:01:22
2023-04-07 21:30:37,346 - __main__ - INFO - [INFO] 2023-04-07 21:30:37.345832 Epoch [99/100] batch [129/391] loss 0.2001 lr 9.866357858642213e-05 acc 94.53% eta 0:00:56
2023-04-07 21:30:52,893 - __main__ - INFO - [INFO] 2023-04-07 21:30:52.893292 Epoch [99/100] batch [257/391] loss 0.2812 lr 9.866357858642213e-05 acc 92.19% eta 0:00:45
2023-04-07 21:31:08,617 - __main__ - INFO - [INFO] 2023-04-07 21:31:08.617783 Epoch [99/100] batch [385/391] loss 0.2969 lr 9.866357858642213e-05 acc 92.19% eta 0:00:34
2023-04-07 21:31:09,313 - __main__ - INFO - Computing epoch 99 validation accuracy...
2023-04-07 21:31:13,140 - __main__ - INFO - Computing epoch 99 validation loss...
2023-04-07 21:31:16,878 - __main__ - INFO - [INFO] 2023-04-07 21:31:16.878788 Epoch [100/100] batch [1/391] loss 0.1979 lr 2.4671981713420017e-05 acc 96.09% eta 0:00:35
2023-04-07 21:31:32,439 - __main__ - INFO - [INFO] 2023-04-07 21:31:32.439479 Epoch [100/100] batch [129/391] loss 0.2307 lr 2.4671981713420017e-05 acc 92.97% eta 0:00:24
2023-04-07 21:31:48,029 - __main__ - INFO - [INFO] 2023-04-07 21:31:48.028861 Epoch [100/100] batch [257/391] loss 0.3401 lr 2.4671981713420017e-05 acc 92.97% eta 0:00:12
2023-04-07 21:32:04,445 - __main__ - INFO - [INFO] 2023-04-07 21:32:04.445061 Epoch [100/100] batch [385/391] loss 0.1365 lr 2.4671981713420017e-05 acc 96.09% eta 0:00:00
2023-04-07 21:32:05,167 - __main__ - INFO - Computing epoch 100 validation accuracy...
2023-04-07 21:32:08,864 - __main__ - INFO - Computing epoch 100 validation loss...
2023-04-07 21:32:12,804 - __main__ - INFO - Reading testing data set cifar100
2023-04-07 21:32:13,569 - __main__ - INFO - Loading trained model...
2023-04-07 21:32:18,100 - __main__ - INFO - Testing acc : 71.14%.
