2023-04-06 02:24:37,951 - __main__ - INFO - 

2023-04-06 02:24:37,951 - __main__ - INFO - ***************
2023-04-06 02:24:37,951 - __main__ - INFO - ** Arguments **
2023-04-06 02:24:37,951 - __main__ - INFO - ***************
2023-04-06 02:24:37,951 - __main__ - INFO - backbone: densenet100
2023-04-06 02:24:37,951 - __main__ - INFO - dataname: cifar100
2023-04-06 02:24:37,951 - __main__ - INFO - drop_method: no
2023-04-06 02:24:37,951 - __main__ - INFO - drop_rate: 0.0
2023-04-06 02:24:37,951 - __main__ - INFO - eval_only: 0
2023-04-06 02:24:37,951 - __main__ - INFO - output_path: checkpoints/cifar100/densenet100/drop_no/rate_0./seed2
2023-04-06 02:24:37,951 - __main__ - INFO - part_rate: 0.1
2023-04-06 02:24:37,951 - __main__ - INFO - seed: 2
2023-04-06 02:24:37,951 - __main__ - INFO - weight_decay: 0.0005
2023-04-06 02:24:37,952 - __main__ - INFO - ************
2023-04-06 02:24:37,952 - __main__ - INFO - ** Config **
2023-04-06 02:24:37,952 - __main__ - INFO - ************
2023-04-06 02:24:37,952 - __main__ - INFO - {'DATALOADER': {'PATH': './data', 'DATANAME': 'cifar100', 'BATCH_SIZE': 128, 'NUM_CLASSES': 100}, 'INPUT': {'SIZE': [32, 32], 'PIXEL_MEAN': [0.4914, 0.4822, 0.4465], 'PIXEL_STD': [0.2023, 0.1994, 0.201]}, 'OUTPUT': {'DIR': 'checkpoints/cifar100/densenet100/drop_no/rate_0./seed2'}, 'SEED': 2, 'OPTIM': {'LR': 0.1, 'MAX_EPOCH': 100, 'LR_SCHEDULER': 'step', 'LR_MILESTONES': [20, 40, 80, 120, 140], 'LR_DECAY': 0.2, 'PART_RATE': 0.1, 'WEIGHT_DECAY': 0.0005, 'DROP_RATE': 0.0, 'DROP_METHOD': 'no', 'BLOCK_SIZE': 7}, 'MODEL': {'BACKBONE': 'densenet100'}}
2023-04-06 02:24:37,972 - __main__ - INFO - Reading training data set cifar100
2023-04-06 02:24:40,030 - __main__ - INFO - Loading raw model
2023-04-06 02:24:44,987 - __main__ - INFO - 
Saving everything to checkpoints/cifar100/densenet100/drop_no/rate_0./seed2
2023-04-06 02:24:44,988 - __main__ - INFO - Start training...
2023-04-06 02:24:50,984 - __main__ - INFO - [INFO] 2023-04-06 02:24:50.984864 Epoch [1/100] batch [1/391] loss 4.6406 lr 0.1 acc 3.12% eta 2 days, 16:30:19
2023-04-06 02:25:33,529 - __main__ - INFO - [INFO] 2023-04-06 02:25:33.529198 Epoch [1/100] batch [129/391] loss 3.9004 lr 0.1 acc 7.81% eta 3:22:23
2023-04-06 02:26:15,285 - __main__ - INFO - [INFO] 2023-04-06 02:26:15.285037 Epoch [1/100] batch [257/391] loss 3.7422 lr 0.1 acc 13.28% eta 3:06:09
2023-04-06 02:26:57,826 - __main__ - INFO - [INFO] 2023-04-06 02:26:57.826295 Epoch [1/100] batch [385/391] loss 3.6152 lr 0.1 acc 13.28% eta 3:01:17
2023-04-06 02:26:59,917 - __main__ - INFO - Computing epoch 1 validation accuracy...
2023-04-06 02:27:07,780 - __main__ - INFO - Computing epoch 1 validation loss...
2023-04-06 02:27:16,079 - __main__ - INFO - [INFO] 2023-04-06 02:27:16.079034 Epoch [2/100] batch [1/391] loss 3.5293 lr 0.09997532801828658 acc 18.75% eta 2:51:35
2023-04-06 02:27:58,558 - __main__ - INFO - [INFO] 2023-04-06 02:27:58.557955 Epoch [2/100] batch [129/391] loss 3.4453 lr 0.09997532801828658 acc 18.75% eta 2:52:00
2023-04-06 02:28:40,557 - __main__ - INFO - [INFO] 2023-04-06 02:28:40.557432 Epoch [2/100] batch [257/391] loss 3.2441 lr 0.09997532801828658 acc 18.75% eta 2:50:22
2023-04-06 02:29:22,408 - __main__ - INFO - [INFO] 2023-04-06 02:29:22.407862 Epoch [2/100] batch [385/391] loss 3.1387 lr 0.09997532801828658 acc 21.88% eta 2:49:20
2023-04-06 02:29:24,295 - __main__ - INFO - Computing epoch 2 validation accuracy...
2023-04-06 02:29:32,156 - __main__ - INFO - Computing epoch 2 validation loss...
2023-04-06 02:29:40,435 - __main__ - INFO - [INFO] 2023-04-06 02:29:40.434892 Epoch [3/100] batch [1/391] loss 3.1113 lr 0.09990133642141358 acc 24.22% eta 2:49:12
2023-04-06 02:30:22,875 - __main__ - INFO - [INFO] 2023-04-06 02:30:22.875315 Epoch [3/100] batch [129/391] loss 2.8125 lr 0.09990133642141358 acc 30.47% eta 2:50:02
2023-04-06 02:31:04,933 - __main__ - INFO - [INFO] 2023-04-06 02:31:04.933453 Epoch [3/100] batch [257/391] loss 2.9082 lr 0.09990133642141358 acc 29.69% eta 2:48:35
2023-04-06 02:31:46,851 - __main__ - INFO - [INFO] 2023-04-06 02:31:46.851721 Epoch [3/100] batch [385/391] loss 2.7324 lr 0.09990133642141358 acc 28.12% eta 2:47:35
2023-04-06 02:31:48,763 - __main__ - INFO - Computing epoch 3 validation accuracy...
2023-04-06 02:31:56,802 - __main__ - INFO - Computing epoch 3 validation loss...
2023-04-06 02:32:05,085 - __main__ - INFO - [INFO] 2023-04-06 02:32:05.085051 Epoch [4/100] batch [1/391] loss 2.5957 lr 0.099778098230154 acc 30.47% eta 2:56:31
2023-04-06 02:32:47,135 - __main__ - INFO - [INFO] 2023-04-06 02:32:47.134886 Epoch [4/100] batch [129/391] loss 2.3105 lr 0.099778098230154 acc 37.50% eta 2:46:27
2023-04-06 02:33:29,724 - __main__ - INFO - [INFO] 2023-04-06 02:33:29.724634 Epoch [4/100] batch [257/391] loss 2.3398 lr 0.099778098230154 acc 39.84% eta 2:46:57
2023-04-06 02:34:11,967 - __main__ - INFO - [INFO] 2023-04-06 02:34:11.966889 Epoch [4/100] batch [385/391] loss 2.5254 lr 0.099778098230154 acc 32.81% eta 2:46:24
2023-04-06 02:34:13,853 - __main__ - INFO - Computing epoch 4 validation accuracy...
2023-04-06 02:34:21,839 - __main__ - INFO - Computing epoch 4 validation loss...
2023-04-06 02:34:30,134 - __main__ - INFO - [INFO] 2023-04-06 02:34:30.133895 Epoch [5/100] batch [1/391] loss 2.3184 lr 0.0996057350657239 acc 42.19% eta 2:58:38
2023-04-06 02:35:12,048 - __main__ - INFO - [INFO] 2023-04-06 02:35:12.048714 Epoch [5/100] batch [129/391] loss 2.3066 lr 0.0996057350657239 acc 39.06% eta 2:44:40
2023-04-06 02:35:55,013 - __main__ - INFO - [INFO] 2023-04-06 02:35:55.013106 Epoch [5/100] batch [257/391] loss 2.1543 lr 0.0996057350657239 acc 45.31% eta 2:45:59
2023-04-06 02:36:36,931 - __main__ - INFO - [INFO] 2023-04-06 02:36:36.931104 Epoch [5/100] batch [385/391] loss 2.2480 lr 0.0996057350657239 acc 42.97% eta 2:44:43
2023-04-06 02:36:38,834 - __main__ - INFO - Computing epoch 5 validation accuracy...
2023-04-06 02:36:46,746 - __main__ - INFO - Computing epoch 5 validation loss...
2023-04-06 02:36:55,040 - __main__ - INFO - [INFO] 2023-04-06 02:36:55.040132 Epoch [6/100] batch [1/391] loss 2.2012 lr 0.09938441702975688 acc 38.28% eta 2:48:16
2023-04-06 02:37:36,966 - __main__ - INFO - [INFO] 2023-04-06 02:37:36.965823 Epoch [6/100] batch [129/391] loss 2.3027 lr 0.09938441702975688 acc 38.28% eta 2:42:46
2023-04-06 02:38:19,304 - __main__ - INFO - [INFO] 2023-04-06 02:38:19.303730 Epoch [6/100] batch [257/391] loss 2.0273 lr 0.09938441702975688 acc 42.97% eta 2:42:51
2023-04-06 02:39:01,342 - __main__ - INFO - [INFO] 2023-04-06 02:39:01.342512 Epoch [6/100] batch [385/391] loss 2.2012 lr 0.09938441702975688 acc 46.88% eta 2:42:13
2023-04-06 02:39:03,239 - __main__ - INFO - Computing epoch 6 validation accuracy...
2023-04-06 02:39:11,254 - __main__ - INFO - Computing epoch 6 validation loss...
2023-04-06 02:39:19,515 - __main__ - INFO - [INFO] 2023-04-06 02:39:19.515727 Epoch [7/100] batch [1/391] loss 1.9932 lr 0.09911436253643444 acc 50.78% eta 3:26:20
2023-04-06 02:40:01,254 - __main__ - INFO - [INFO] 2023-04-06 02:40:01.253764 Epoch [7/100] batch [129/391] loss 2.0898 lr 0.09911436253643444 acc 46.88% eta 2:40:54
2023-04-06 02:40:43,073 - __main__ - INFO - [INFO] 2023-04-06 02:40:43.073204 Epoch [7/100] batch [257/391] loss 2.1445 lr 0.09911436253643444 acc 37.50% eta 2:40:09
2023-04-06 02:41:25,664 - __main__ - INFO - [INFO] 2023-04-06 02:41:25.663972 Epoch [7/100] batch [385/391] loss 1.7197 lr 0.09911436253643444 acc 53.91% eta 2:40:29
2023-04-06 02:41:27,571 - __main__ - INFO - Computing epoch 7 validation accuracy...
2023-04-06 02:41:35,434 - __main__ - INFO - Computing epoch 7 validation loss...
2023-04-06 02:41:43,427 - __main__ - INFO - [INFO] 2023-04-06 02:41:43.427788 Epoch [8/100] batch [1/391] loss 1.7715 lr 0.09879583809693737 acc 54.69% eta 2:41:51
2023-04-06 02:42:25,455 - __main__ - INFO - [INFO] 2023-04-06 02:42:25.455684 Epoch [8/100] batch [129/391] loss 2.1270 lr 0.09879583809693737 acc 42.19% eta 2:39:35
2023-04-06 02:43:07,536 - __main__ - INFO - [INFO] 2023-04-06 02:43:07.536191 Epoch [8/100] batch [257/391] loss 1.7852 lr 0.09879583809693737 acc 54.69% eta 2:38:57
2023-04-06 02:43:50,118 - __main__ - INFO - [INFO] 2023-04-06 02:43:50.118334 Epoch [8/100] batch [385/391] loss 1.9062 lr 0.09879583809693737 acc 60.16% eta 2:39:03
2023-04-06 02:43:52,016 - __main__ - INFO - Computing epoch 8 validation accuracy...
2023-04-06 02:43:59,680 - __main__ - INFO - Computing epoch 8 validation loss...
2023-04-06 02:44:07,488 - __main__ - INFO - [INFO] 2023-04-06 02:44:07.488875 Epoch [9/100] batch [1/391] loss 1.5020 lr 0.09842915805643156 acc 56.25% eta 2:39:12
2023-04-06 02:44:49,969 - __main__ - INFO - [INFO] 2023-04-06 02:44:49.969351 Epoch [9/100] batch [129/391] loss 1.6426 lr 0.09842915805643156 acc 57.03% eta 2:39:04
2023-04-06 02:45:32,034 - __main__ - INFO - [INFO] 2023-04-06 02:45:32.033964 Epoch [9/100] batch [257/391] loss 1.7852 lr 0.09842915805643156 acc 53.91% eta 2:38:01
2023-04-06 02:46:14,524 - __main__ - INFO - [INFO] 2023-04-06 02:46:14.524658 Epoch [9/100] batch [385/391] loss 1.6523 lr 0.09842915805643156 acc 57.81% eta 2:37:44
2023-04-06 02:46:16,322 - __main__ - INFO - Computing epoch 9 validation accuracy...
2023-04-06 02:46:24,020 - __main__ - INFO - Computing epoch 9 validation loss...
2023-04-06 02:46:32,269 - __main__ - INFO - [INFO] 2023-04-06 02:46:32.269221 Epoch [10/100] batch [1/391] loss 1.6885 lr 0.09801468428384716 acc 51.56% eta 2:53:58
2023-04-06 02:47:14,909 - __main__ - INFO - [INFO] 2023-04-06 02:47:14.909748 Epoch [10/100] batch [129/391] loss 1.5430 lr 0.09801468428384716 acc 56.25% eta 2:38:40
2023-04-06 02:47:56,875 - __main__ - INFO - [INFO] 2023-04-06 02:47:56.874933 Epoch [10/100] batch [257/391] loss 1.7842 lr 0.09801468428384716 acc 48.44% eta 2:36:35
2023-04-06 02:48:38,913 - __main__ - INFO - [INFO] 2023-04-06 02:48:38.913638 Epoch [10/100] batch [385/391] loss 1.7080 lr 0.09801468428384716 acc 53.91% eta 2:35:51
2023-04-06 02:48:40,815 - __main__ - INFO - Computing epoch 10 validation accuracy...
2023-04-06 02:48:48,613 - __main__ - INFO - Computing epoch 10 validation loss...
2023-04-06 02:48:56,773 - __main__ - INFO - [INFO] 2023-04-06 02:48:56.772999 Epoch [11/100] batch [1/391] loss 1.6494 lr 0.09755282581475769 acc 58.59% eta 2:40:09
2023-04-06 02:49:39,378 - __main__ - INFO - [INFO] 2023-04-06 02:49:39.378347 Epoch [11/100] batch [129/391] loss 1.5645 lr 0.09755282581475769 acc 68.75% eta 2:33:38
2023-04-06 02:50:21,210 - __main__ - INFO - [INFO] 2023-04-06 02:50:21.210117 Epoch [11/100] batch [257/391] loss 1.7158 lr 0.09755282581475769 acc 57.03% eta 2:33:07
2023-04-06 02:51:03,086 - __main__ - INFO - [INFO] 2023-04-06 02:51:03.086188 Epoch [11/100] batch [385/391] loss 1.8320 lr 0.09755282581475769 acc 50.78% eta 2:32:35
2023-04-06 02:51:05,022 - __main__ - INFO - Computing epoch 11 validation accuracy...
2023-04-06 02:51:12,890 - __main__ - INFO - Computing epoch 11 validation loss...
2023-04-06 02:51:21,126 - __main__ - INFO - [INFO] 2023-04-06 02:51:21.126518 Epoch [12/100] batch [1/391] loss 1.7568 lr 0.09704403844771128 acc 54.69% eta 2:33:15
2023-04-06 02:52:03,445 - __main__ - INFO - [INFO] 2023-04-06 02:52:03.444831 Epoch [12/100] batch [129/391] loss 1.2305 lr 0.09704403844771128 acc 67.97% eta 2:33:38
2023-04-06 02:52:35,199 - __main__ - INFO - [INFO] 2023-04-06 02:52:35.198994 Epoch [12/100] batch [257/391] loss 1.7256 lr 0.09704403844771128 acc 50.00% eta 2:15:25
2023-04-06 02:53:04,474 - __main__ - INFO - [INFO] 2023-04-06 02:53:04.474190 Epoch [12/100] batch [385/391] loss 1.6338 lr 0.09704403844771128 acc 55.47% eta 2:06:24
2023-04-06 02:53:06,278 - __main__ - INFO - Computing epoch 12 validation accuracy...
2023-04-06 02:53:13,749 - __main__ - INFO - Computing epoch 12 validation loss...
2023-04-06 02:53:21,420 - __main__ - INFO - [INFO] 2023-04-06 02:53:21.420693 Epoch [13/100] batch [1/391] loss 1.4131 lr 0.09648882429441258 acc 63.28% eta 2:36:44
2023-04-06 02:54:01,085 - __main__ - INFO - [INFO] 2023-04-06 02:54:01.085472 Epoch [13/100] batch [129/391] loss 1.4824 lr 0.09648882429441258 acc 57.81% eta 2:22:58
2023-04-06 02:54:40,054 - __main__ - INFO - [INFO] 2023-04-06 02:54:40.054440 Epoch [13/100] batch [257/391] loss 1.7812 lr 0.09648882429441258 acc 42.97% eta 2:21:13
2023-04-06 02:55:19,285 - __main__ - INFO - [INFO] 2023-04-06 02:55:19.285128 Epoch [13/100] batch [385/391] loss 1.5557 lr 0.09648882429441258 acc 53.91% eta 2:20:28
2023-04-06 02:55:21,016 - __main__ - INFO - Computing epoch 13 validation accuracy...
2023-04-06 02:55:28,490 - __main__ - INFO - Computing epoch 13 validation loss...
2023-04-06 02:55:36,323 - __main__ - INFO - [INFO] 2023-04-06 02:55:36.323720 Epoch [14/100] batch [1/391] loss 1.5361 lr 0.09588773128419906 acc 51.56% eta 2:28:55
2023-04-06 02:56:15,187 - __main__ - INFO - [INFO] 2023-04-06 02:56:15.186868 Epoch [14/100] batch [129/391] loss 1.5127 lr 0.09588773128419906 acc 61.72% eta 2:19:02
2023-04-06 02:56:54,539 - __main__ - INFO - [INFO] 2023-04-06 02:56:54.538970 Epoch [14/100] batch [257/391] loss 1.7754 lr 0.09588773128419906 acc 53.91% eta 2:19:27
2023-04-06 02:57:33,873 - __main__ - INFO - [INFO] 2023-04-06 02:57:33.873433 Epoch [14/100] batch [385/391] loss 1.5742 lr 0.09588773128419906 acc 59.38% eta 2:19:08
2023-04-06 02:57:35,629 - __main__ - INFO - Computing epoch 14 validation accuracy...
2023-04-06 02:57:43,065 - __main__ - INFO - Computing epoch 14 validation loss...
2023-04-06 02:57:50,778 - __main__ - INFO - [INFO] 2023-04-06 02:57:50.777924 Epoch [15/100] batch [1/391] loss 1.2354 lr 0.09524135262330098 acc 57.03% eta 2:25:43
2023-04-06 02:58:29,773 - __main__ - INFO - [INFO] 2023-04-06 02:58:29.773415 Epoch [15/100] batch [129/391] loss 1.6504 lr 0.09524135262330098 acc 57.81% eta 2:17:34
2023-04-06 02:59:09,574 - __main__ - INFO - [INFO] 2023-04-06 02:59:09.574777 Epoch [15/100] batch [257/391] loss 1.5244 lr 0.09524135262330098 acc 61.72% eta 2:18:10
2023-04-06 02:59:49,089 - __main__ - INFO - [INFO] 2023-04-06 02:59:49.089322 Epoch [15/100] batch [385/391] loss 1.6357 lr 0.09524135262330098 acc 53.91% eta 2:17:50
2023-04-06 02:59:50,919 - __main__ - INFO - Computing epoch 15 validation accuracy...
2023-04-06 02:59:58,344 - __main__ - INFO - Computing epoch 15 validation loss...
2023-04-06 03:00:06,225 - __main__ - INFO - [INFO] 2023-04-06 03:00:06.225604 Epoch [16/100] batch [1/391] loss 1.3115 lr 0.0945503262094184 acc 61.72% eta 2:07:54
2023-04-06 03:00:45,234 - __main__ - INFO - [INFO] 2023-04-06 03:00:45.233981 Epoch [16/100] batch [129/391] loss 1.5430 lr 0.0945503262094184 acc 55.47% eta 2:15:39
2023-04-06 03:01:24,491 - __main__ - INFO - [INFO] 2023-04-06 03:01:24.490894 Epoch [16/100] batch [257/391] loss 1.5830 lr 0.0945503262094184 acc 57.03% eta 2:15:55
2023-04-06 03:02:03,760 - __main__ - INFO - [INFO] 2023-04-06 03:02:03.760117 Epoch [16/100] batch [385/391] loss 1.5166 lr 0.0945503262094184 acc 53.12% eta 2:15:30
2023-04-06 03:02:05,549 - __main__ - INFO - Computing epoch 16 validation accuracy...
2023-04-06 03:02:12,984 - __main__ - INFO - Computing epoch 16 validation loss...
2023-04-06 03:02:20,729 - __main__ - INFO - [INFO] 2023-04-06 03:02:20.728937 Epoch [17/100] batch [1/391] loss 1.4902 lr 0.09381533400219319 acc 54.69% eta 2:26:20
2023-04-06 03:02:59,952 - __main__ - INFO - [INFO] 2023-04-06 03:02:59.952182 Epoch [17/100] batch [129/391] loss 1.3564 lr 0.09381533400219319 acc 54.69% eta 2:15:43
2023-04-06 03:03:39,513 - __main__ - INFO - [INFO] 2023-04-06 03:03:39.513217 Epoch [17/100] batch [257/391] loss 1.2754 lr 0.09381533400219319 acc 60.16% eta 2:15:27
2023-04-06 03:04:18,135 - __main__ - INFO - [INFO] 2023-04-06 03:04:18.135549 Epoch [17/100] batch [385/391] loss 1.5234 lr 0.09381533400219319 acc 60.94% eta 2:14:28
2023-04-06 03:04:19,840 - __main__ - INFO - Computing epoch 17 validation accuracy...
2023-04-06 03:04:27,269 - __main__ - INFO - Computing epoch 17 validation loss...
2023-04-06 03:04:34,976 - __main__ - INFO - [INFO] 2023-04-06 03:04:34.976548 Epoch [18/100] batch [1/391] loss 1.2764 lr 0.0930371013501972 acc 65.62% eta 1:55:15
2023-04-06 03:05:13,982 - __main__ - INFO - [INFO] 2023-04-06 03:05:13.982296 Epoch [18/100] batch [129/391] loss 1.6182 lr 0.0930371013501972 acc 57.03% eta 2:12:30
2023-04-06 03:05:53,560 - __main__ - INFO - [INFO] 2023-04-06 03:05:53.560124 Epoch [18/100] batch [257/391] loss 1.2803 lr 0.0930371013501972 acc 64.84% eta 2:12:59
2023-04-06 03:06:32,512 - __main__ - INFO - [INFO] 2023-04-06 03:06:32.512772 Epoch [18/100] batch [385/391] loss 1.4863 lr 0.0930371013501972 acc 57.03% eta 2:12:10
2023-04-06 03:06:34,295 - __main__ - INFO - Computing epoch 18 validation accuracy...
2023-04-06 03:06:41,373 - __main__ - INFO - Computing epoch 18 validation loss...
2023-04-06 03:06:49,190 - __main__ - INFO - [INFO] 2023-04-06 03:06:49.190043 Epoch [19/100] batch [1/391] loss 1.3994 lr 0.09221639627510078 acc 66.41% eta 2:22:08
2023-04-06 03:07:28,228 - __main__ - INFO - [INFO] 2023-04-06 03:07:28.228472 Epoch [19/100] batch [129/391] loss 1.3203 lr 0.09221639627510078 acc 54.69% eta 2:12:02
2023-04-06 03:08:07,987 - __main__ - INFO - [INFO] 2023-04-06 03:08:07.987365 Epoch [19/100] batch [257/391] loss 1.4863 lr 0.09221639627510078 acc 60.94% eta 2:12:01
2023-04-06 03:08:47,570 - __main__ - INFO - [INFO] 2023-04-06 03:08:47.570755 Epoch [19/100] batch [385/391] loss 1.4590 lr 0.09221639627510078 acc 66.41% eta 2:11:47
2023-04-06 03:08:49,424 - __main__ - INFO - Computing epoch 19 validation accuracy...
2023-04-06 03:08:56,816 - __main__ - INFO - Computing epoch 19 validation loss...
2023-04-06 03:09:04,629 - __main__ - INFO - [INFO] 2023-04-06 03:09:04.628951 Epoch [20/100] batch [1/391] loss 1.1123 lr 0.09135402871372812 acc 69.53% eta 2:19:21
2023-04-06 03:09:43,617 - __main__ - INFO - [INFO] 2023-04-06 03:09:43.617107 Epoch [20/100] batch [129/391] loss 1.3018 lr 0.09135402871372812 acc 64.84% eta 2:10:06
2023-04-06 03:10:23,311 - __main__ - INFO - [INFO] 2023-04-06 03:10:23.311360 Epoch [20/100] batch [257/391] loss 1.5703 lr 0.09135402871372812 acc 60.94% eta 2:10:16
2023-04-06 03:11:02,593 - __main__ - INFO - [INFO] 2023-04-06 03:11:02.593733 Epoch [20/100] batch [385/391] loss 1.4268 lr 0.09135402871372812 acc 59.38% eta 2:09:34
2023-04-06 03:11:04,490 - __main__ - INFO - Computing epoch 20 validation accuracy...
2023-04-06 03:11:11,960 - __main__ - INFO - Computing epoch 20 validation loss...
2023-04-06 03:11:19,752 - __main__ - INFO - [INFO] 2023-04-06 03:11:19.751824 Epoch [21/100] batch [1/391] loss 1.2461 lr 0.09045084971874741 acc 71.88% eta 2:14:02
2023-04-06 03:11:59,019 - __main__ - INFO - [INFO] 2023-04-06 03:11:59.019108 Epoch [21/100] batch [129/391] loss 1.3770 lr 0.09045084971874741 acc 63.28% eta 2:08:31
2023-04-06 03:12:38,465 - __main__ - INFO - [INFO] 2023-04-06 03:12:38.464884 Epoch [21/100] batch [257/391] loss 1.4033 lr 0.09045084971874741 acc 57.81% eta 2:08:28
2023-04-06 03:13:17,924 - __main__ - INFO - [INFO] 2023-04-06 03:13:17.924639 Epoch [21/100] batch [385/391] loss 1.5967 lr 0.09045084971874741 acc 60.94% eta 2:08:14
2023-04-06 03:13:19,676 - __main__ - INFO - Computing epoch 21 validation accuracy...
2023-04-06 03:13:27,037 - __main__ - INFO - Computing epoch 21 validation loss...
2023-04-06 03:13:35,027 - __main__ - INFO - [INFO] 2023-04-06 03:13:35.027286 Epoch [22/100] batch [1/391] loss 1.2422 lr 0.08950775061878455 acc 65.62% eta 2:18:04
2023-04-06 03:14:13,893 - __main__ - INFO - [INFO] 2023-04-06 03:14:13.893208 Epoch [22/100] batch [129/391] loss 1.2568 lr 0.08950775061878455 acc 62.50% eta 2:06:42
2023-04-06 03:14:53,488 - __main__ - INFO - [INFO] 2023-04-06 03:14:53.488803 Epoch [22/100] batch [257/391] loss 1.5020 lr 0.08950775061878455 acc 66.41% eta 2:07:06
2023-04-06 03:15:32,791 - __main__ - INFO - [INFO] 2023-04-06 03:15:32.791414 Epoch [22/100] batch [385/391] loss 1.2910 lr 0.08950775061878455 acc 66.41% eta 2:06:26
2023-04-06 03:15:34,587 - __main__ - INFO - Computing epoch 22 validation accuracy...
2023-04-06 03:15:42,000 - __main__ - INFO - Computing epoch 22 validation loss...
2023-04-06 03:15:49,798 - __main__ - INFO - [INFO] 2023-04-06 03:15:49.798754 Epoch [23/100] batch [1/391] loss 1.2021 lr 0.0885256621387895 acc 66.41% eta 1:47:19
2023-04-06 03:16:29,473 - __main__ - INFO - [INFO] 2023-04-06 03:16:29.472878 Epoch [23/100] batch [129/391] loss 1.3506 lr 0.0885256621387895 acc 60.16% eta 2:06:45
2023-04-06 03:17:09,352 - __main__ - INFO - [INFO] 2023-04-06 03:17:09.352339 Epoch [23/100] batch [257/391] loss 1.1689 lr 0.0885256621387895 acc 66.41% eta 2:06:31
2023-04-06 03:17:48,277 - __main__ - INFO - [INFO] 2023-04-06 03:17:48.277092 Epoch [23/100] batch [385/391] loss 1.2129 lr 0.0885256621387895 acc 71.09% eta 2:05:17
2023-04-06 03:17:50,050 - __main__ - INFO - Computing epoch 23 validation accuracy...
2023-04-06 03:17:57,545 - __main__ - INFO - Computing epoch 23 validation loss...
2023-04-06 03:18:05,428 - __main__ - INFO - [INFO] 2023-04-06 03:18:05.428718 Epoch [24/100] batch [1/391] loss 1.2783 lr 0.08750555348152302 acc 64.84% eta 2:18:39
2023-04-06 03:18:44,832 - __main__ - INFO - [INFO] 2023-04-06 03:18:44.832437 Epoch [24/100] batch [129/391] loss 1.4541 lr 0.08750555348152302 acc 64.84% eta 2:04:49
2023-04-06 03:19:24,423 - __main__ - INFO - [INFO] 2023-04-06 03:19:24.423373 Epoch [24/100] batch [257/391] loss 1.3379 lr 0.08750555348152302 acc 59.38% eta 2:04:25
2023-04-06 03:20:03,597 - __main__ - INFO - [INFO] 2023-04-06 03:20:03.597309 Epoch [24/100] batch [385/391] loss 1.4590 lr 0.08750555348152302 acc 60.16% eta 2:03:21
2023-04-06 03:20:05,429 - __main__ - INFO - Computing epoch 24 validation accuracy...
2023-04-06 03:20:12,461 - __main__ - INFO - Computing epoch 24 validation loss...
2023-04-06 03:20:20,343 - __main__ - INFO - [INFO] 2023-04-06 03:20:20.343333 Epoch [25/100] batch [1/391] loss 1.4961 lr 0.08644843137107061 acc 56.25% eta 2:23:17
2023-04-06 03:20:59,641 - __main__ - INFO - [INFO] 2023-04-06 03:20:59.641533 Epoch [25/100] batch [129/391] loss 1.2588 lr 0.08644843137107061 acc 60.94% eta 2:02:06
2023-04-06 03:21:39,318 - __main__ - INFO - [INFO] 2023-04-06 03:21:39.318388 Epoch [25/100] batch [257/391] loss 1.3887 lr 0.08644843137107061 acc 61.72% eta 2:02:30
2023-04-06 03:22:18,542 - __main__ - INFO - [INFO] 2023-04-06 03:22:18.542259 Epoch [25/100] batch [385/391] loss 1.2891 lr 0.08644843137107061 acc 60.16% eta 2:01:42
2023-04-06 03:22:20,370 - __main__ - INFO - Computing epoch 25 validation accuracy...
2023-04-06 03:22:27,876 - __main__ - INFO - Computing epoch 25 validation loss...
2023-04-06 03:22:35,535 - __main__ - INFO - [INFO] 2023-04-06 03:22:35.535423 Epoch [26/100] batch [1/391] loss 1.2334 lr 0.0853553390593274 acc 64.06% eta 1:47:16
2023-04-06 03:23:14,017 - __main__ - INFO - [INFO] 2023-04-06 03:23:14.017174 Epoch [26/100] batch [129/391] loss 1.0596 lr 0.0853553390593274 acc 69.53% eta 1:58:20
2023-04-06 03:23:53,854 - __main__ - INFO - [INFO] 2023-04-06 03:23:53.854381 Epoch [26/100] batch [257/391] loss 1.2686 lr 0.0853553390593274 acc 59.38% eta 2:00:09
2023-04-06 03:24:33,223 - __main__ - INFO - [INFO] 2023-04-06 03:24:33.223204 Epoch [26/100] batch [385/391] loss 1.2100 lr 0.0853553390593274 acc 71.88% eta 1:59:26
2023-04-06 03:24:35,076 - __main__ - INFO - Computing epoch 26 validation accuracy...
2023-04-06 03:24:42,609 - __main__ - INFO - Computing epoch 26 validation loss...
2023-04-06 03:24:50,488 - __main__ - INFO - [INFO] 2023-04-06 03:24:50.487940 Epoch [27/100] batch [1/391] loss 1.1221 lr 0.08422735529643446 acc 71.09% eta 2:04:50
2023-04-06 03:25:29,435 - __main__ - INFO - [INFO] 2023-04-06 03:25:29.435432 Epoch [27/100] batch [129/391] loss 1.2393 lr 0.08422735529643446 acc 61.72% eta 1:58:01
2023-04-06 03:26:08,498 - __main__ - INFO - [INFO] 2023-04-06 03:26:08.497948 Epoch [27/100] batch [257/391] loss 1.1924 lr 0.08422735529643446 acc 72.66% eta 1:57:48
2023-04-06 03:26:48,061 - __main__ - INFO - [INFO] 2023-04-06 03:26:48.060931 Epoch [27/100] batch [385/391] loss 1.2100 lr 0.08422735529643446 acc 67.97% eta 1:58:01
2023-04-06 03:26:49,781 - __main__ - INFO - Computing epoch 27 validation accuracy...
2023-04-06 03:26:57,140 - __main__ - INFO - Computing epoch 27 validation loss...
2023-04-06 03:27:04,943 - __main__ - INFO - [INFO] 2023-04-06 03:27:04.943797 Epoch [28/100] batch [1/391] loss 1.5020 lr 0.08306559326618262 acc 64.06% eta 1:43:33
2023-04-06 03:27:43,977 - __main__ - INFO - [INFO] 2023-04-06 03:27:43.977476 Epoch [28/100] batch [129/391] loss 1.4912 lr 0.08306559326618262 acc 58.59% eta 1:56:54
2023-04-06 03:28:23,140 - __main__ - INFO - [INFO] 2023-04-06 03:28:23.139931 Epoch [28/100] batch [257/391] loss 1.1787 lr 0.08306559326618262 acc 68.75% eta 1:56:38
2023-04-06 03:29:02,742 - __main__ - INFO - [INFO] 2023-04-06 03:29:02.742006 Epoch [28/100] batch [385/391] loss 1.3311 lr 0.08306559326618262 acc 66.41% eta 1:56:32
2023-04-06 03:29:04,534 - __main__ - INFO - Computing epoch 28 validation accuracy...
2023-04-06 03:29:11,943 - __main__ - INFO - Computing epoch 28 validation loss...
2023-04-06 03:29:19,715 - __main__ - INFO - [INFO] 2023-04-06 03:29:19.715123 Epoch [29/100] batch [1/391] loss 1.2441 lr 0.08187119948743452 acc 66.41% eta 1:49:19
2023-04-06 03:29:58,923 - __main__ - INFO - [INFO] 2023-04-06 03:29:58.923818 Epoch [29/100] batch [129/391] loss 1.3105 lr 0.08187119948743452 acc 71.88% eta 1:55:36
2023-04-06 03:30:37,986 - __main__ - INFO - [INFO] 2023-04-06 03:30:37.985868 Epoch [29/100] batch [257/391] loss 1.3408 lr 0.08187119948743452 acc 60.94% eta 1:55:03
2023-04-06 03:31:17,050 - __main__ - INFO - [INFO] 2023-04-06 03:31:17.050782 Epoch [29/100] batch [385/391] loss 1.6201 lr 0.08187119948743452 acc 52.34% eta 1:54:23
2023-04-06 03:31:18,845 - __main__ - INFO - Computing epoch 29 validation accuracy...
2023-04-06 03:31:26,309 - __main__ - INFO - Computing epoch 29 validation loss...
2023-04-06 03:31:34,066 - __main__ - INFO - [INFO] 2023-04-06 03:31:34.066463 Epoch [30/100] batch [1/391] loss 1.1211 lr 0.08064535268264886 acc 64.06% eta 1:59:27
2023-04-06 03:32:12,786 - __main__ - INFO - [INFO] 2023-04-06 03:32:12.786192 Epoch [30/100] batch [129/391] loss 0.9546 lr 0.08064535268264886 acc 74.22% eta 1:53:13
2023-04-06 03:32:52,211 - __main__ - INFO - [INFO] 2023-04-06 03:32:52.211037 Epoch [30/100] batch [257/391] loss 0.9761 lr 0.08064535268264886 acc 77.34% eta 1:53:38
2023-04-06 03:33:31,915 - __main__ - INFO - [INFO] 2023-04-06 03:33:31.915653 Epoch [30/100] batch [385/391] loss 1.1299 lr 0.08064535268264886 acc 68.75% eta 1:53:32
2023-04-06 03:33:33,734 - __main__ - INFO - Computing epoch 30 validation accuracy...
2023-04-06 03:33:41,080 - __main__ - INFO - Computing epoch 30 validation loss...
2023-04-06 03:33:48,502 - __main__ - INFO - [INFO] 2023-04-06 03:33:48.502911 Epoch [31/100] batch [1/391] loss 0.8618 lr 0.0793892626146237 acc 72.66% eta 2:03:22
2023-04-06 03:34:27,546 - __main__ - INFO - [INFO] 2023-04-06 03:34:27.546814 Epoch [31/100] batch [129/391] loss 1.1113 lr 0.0793892626146237 acc 66.41% eta 1:52:51
2023-04-06 03:35:06,304 - __main__ - INFO - [INFO] 2023-04-06 03:35:06.304299 Epoch [31/100] batch [257/391] loss 1.2959 lr 0.0793892626146237 acc 68.75% eta 1:51:45
2023-04-06 03:35:46,023 - __main__ - INFO - [INFO] 2023-04-06 03:35:46.023153 Epoch [31/100] batch [385/391] loss 1.0166 lr 0.0793892626146237 acc 68.75% eta 1:51:38
2023-04-06 03:35:47,757 - __main__ - INFO - Computing epoch 31 validation accuracy...
2023-04-06 03:35:55,251 - __main__ - INFO - Computing epoch 31 validation loss...
2023-04-06 03:36:03,034 - __main__ - INFO - [INFO] 2023-04-06 03:36:03.034598 Epoch [32/100] batch [1/391] loss 1.2432 lr 0.07810416889260657 acc 67.97% eta 1:56:45
2023-04-06 03:36:41,982 - __main__ - INFO - [INFO] 2023-04-06 03:36:41.982671 Epoch [32/100] batch [129/391] loss 1.0371 lr 0.07810416889260657 acc 76.56% eta 1:50:39
2023-04-06 03:37:20,841 - __main__ - INFO - [INFO] 2023-04-06 03:37:20.841764 Epoch [32/100] batch [257/391] loss 1.0625 lr 0.07810416889260657 acc 67.97% eta 1:49:40
2023-04-06 03:38:00,092 - __main__ - INFO - [INFO] 2023-04-06 03:38:00.092516 Epoch [32/100] batch [385/391] loss 1.2305 lr 0.07810416889260657 acc 64.84% eta 1:49:20
2023-04-06 03:38:01,907 - __main__ - INFO - Computing epoch 32 validation accuracy...
2023-04-06 03:38:09,309 - __main__ - INFO - Computing epoch 32 validation loss...
2023-04-06 03:38:17,097 - __main__ - INFO - [INFO] 2023-04-06 03:38:17.097330 Epoch [33/100] batch [1/391] loss 0.8823 lr 0.07679133974894986 acc 70.31% eta 1:52:07
2023-04-06 03:38:56,144 - __main__ - INFO - [INFO] 2023-04-06 03:38:56.144646 Epoch [33/100] batch [129/391] loss 1.2656 lr 0.07679133974894986 acc 62.50% eta 1:49:05
2023-04-06 03:39:34,903 - __main__ - INFO - [INFO] 2023-04-06 03:39:34.902987 Epoch [33/100] batch [257/391] loss 0.9497 lr 0.07679133974894986 acc 75.78% eta 1:47:40
2023-04-06 03:40:14,478 - __main__ - INFO - [INFO] 2023-04-06 03:40:14.478114 Epoch [33/100] batch [385/391] loss 1.3301 lr 0.07679133974894986 acc 68.75% eta 1:47:52
2023-04-06 03:40:16,175 - __main__ - INFO - Computing epoch 33 validation accuracy...
2023-04-06 03:40:23,560 - __main__ - INFO - Computing epoch 33 validation loss...
2023-04-06 03:40:31,235 - __main__ - INFO - [INFO] 2023-04-06 03:40:31.235549 Epoch [34/100] batch [1/391] loss 1.0391 lr 0.0754520707875186 acc 71.09% eta 1:41:02
2023-04-06 03:41:10,584 - __main__ - INFO - [INFO] 2023-04-06 03:41:10.584413 Epoch [34/100] batch [129/391] loss 0.9692 lr 0.0754520707875186 acc 64.84% eta 1:47:54
2023-04-06 03:41:49,713 - __main__ - INFO - [INFO] 2023-04-06 03:41:49.712969 Epoch [34/100] batch [257/391] loss 1.1416 lr 0.0754520707875186 acc 65.62% eta 1:46:59
2023-04-06 03:42:28,815 - __main__ - INFO - [INFO] 2023-04-06 03:42:28.814867 Epoch [34/100] batch [385/391] loss 1.2393 lr 0.0754520707875186 acc 60.94% eta 1:46:07
2023-04-06 03:42:30,586 - __main__ - INFO - Computing epoch 34 validation accuracy...
2023-04-06 03:42:38,109 - __main__ - INFO - Computing epoch 34 validation loss...
2023-04-06 03:42:45,700 - __main__ - INFO - [INFO] 2023-04-06 03:42:45.700593 Epoch [35/100] batch [1/391] loss 0.8799 lr 0.0740876837050858 acc 76.56% eta 1:45:05
2023-04-06 03:43:24,951 - __main__ - INFO - [INFO] 2023-04-06 03:43:24.951046 Epoch [35/100] batch [129/391] loss 1.1133 lr 0.0740876837050858 acc 73.44% eta 1:46:13
2023-04-06 03:44:03,895 - __main__ - INFO - [INFO] 2023-04-06 03:44:03.895478 Epoch [35/100] batch [257/391] loss 0.9565 lr 0.0740876837050858 acc 74.22% eta 1:45:14
2023-04-06 03:44:43,203 - __main__ - INFO - [INFO] 2023-04-06 03:44:43.203031 Epoch [35/100] batch [385/391] loss 1.0195 lr 0.0740876837050858 acc 67.19% eta 1:44:55
2023-04-06 03:44:44,997 - __main__ - INFO - Computing epoch 35 validation accuracy...
2023-04-06 03:44:52,527 - __main__ - INFO - Computing epoch 35 validation loss...
2023-04-06 03:44:59,856 - __main__ - INFO - [INFO] 2023-04-06 03:44:59.856607 Epoch [36/100] batch [1/391] loss 1.0684 lr 0.07269952498697738 acc 76.56% eta 1:35:05
2023-04-06 03:45:39,224 - __main__ - INFO - [INFO] 2023-04-06 03:45:39.224009 Epoch [36/100] batch [129/391] loss 0.9609 lr 0.07269952498697738 acc 75.78% eta 1:43:57
2023-04-06 03:46:18,075 - __main__ - INFO - [INFO] 2023-04-06 03:46:18.075028 Epoch [36/100] batch [257/391] loss 1.1318 lr 0.07269952498697738 acc 67.19% eta 1:43:23
2023-04-06 03:46:57,623 - __main__ - INFO - [INFO] 2023-04-06 03:46:57.623107 Epoch [36/100] batch [385/391] loss 1.1348 lr 0.07269952498697738 acc 71.09% eta 1:43:21
2023-04-06 03:46:59,391 - __main__ - INFO - Computing epoch 36 validation accuracy...
2023-04-06 03:47:06,727 - __main__ - INFO - Computing epoch 36 validation loss...
2023-04-06 03:47:14,018 - __main__ - INFO - [INFO] 2023-04-06 03:47:14.017838 Epoch [37/100] batch [1/391] loss 1.0664 lr 0.07128896457825366 acc 78.12% eta 1:31:16
2023-04-06 03:47:49,229 - __main__ - INFO - [INFO] 2023-04-06 03:47:49.229169 Epoch [37/100] batch [129/391] loss 0.9814 lr 0.07128896457825366 acc 74.22% eta 1:32:32
2023-04-06 03:48:28,982 - __main__ - INFO - [INFO] 2023-04-06 03:48:28.982791 Epoch [37/100] batch [257/391] loss 1.1855 lr 0.07128896457825366 acc 71.09% eta 1:37:20
2023-04-06 03:49:07,981 - __main__ - INFO - [INFO] 2023-04-06 03:49:07.981579 Epoch [37/100] batch [385/391] loss 1.2842 lr 0.07128896457825366 acc 67.19% eta 1:38:22
2023-04-06 03:49:09,809 - __main__ - INFO - Computing epoch 37 validation accuracy...
2023-04-06 03:49:17,341 - __main__ - INFO - Computing epoch 37 validation loss...
2023-04-06 03:49:25,322 - __main__ - INFO - [INFO] 2023-04-06 03:49:25.322476 Epoch [38/100] batch [1/391] loss 1.0586 lr 0.06985739453173906 acc 75.00% eta 1:48:07
2023-04-06 03:50:03,618 - __main__ - INFO - [INFO] 2023-04-06 03:50:03.618160 Epoch [38/100] batch [129/391] loss 1.3096 lr 0.06985739453173906 acc 60.94% eta 1:38:48
2023-04-06 03:50:43,320 - __main__ - INFO - [INFO] 2023-04-06 03:50:43.320171 Epoch [38/100] batch [257/391] loss 1.0254 lr 0.06985739453173906 acc 71.88% eta 1:39:52
2023-04-06 03:51:22,428 - __main__ - INFO - [INFO] 2023-04-06 03:51:22.428737 Epoch [38/100] batch [385/391] loss 1.2041 lr 0.06985739453173906 acc 64.06% eta 1:39:23
2023-04-06 03:51:24,205 - __main__ - INFO - Computing epoch 38 validation accuracy...
2023-04-06 03:51:31,652 - __main__ - INFO - Computing epoch 38 validation loss...
2023-04-06 03:51:39,472 - __main__ - INFO - [INFO] 2023-04-06 03:51:39.472224 Epoch [39/100] batch [1/391] loss 1.1025 lr 0.06840622763423394 acc 71.09% eta 1:55:00
2023-04-06 03:52:18,568 - __main__ - INFO - [INFO] 2023-04-06 03:52:18.568332 Epoch [39/100] batch [129/391] loss 0.7783 lr 0.06840622763423394 acc 82.81% eta 1:38:45
2023-04-06 03:52:57,553 - __main__ - INFO - [INFO] 2023-04-06 03:52:57.553308 Epoch [39/100] batch [257/391] loss 1.0107 lr 0.06840622763423394 acc 68.75% eta 1:38:06
2023-04-06 03:53:36,443 - __main__ - INFO - [INFO] 2023-04-06 03:53:36.443424 Epoch [39/100] batch [385/391] loss 1.0049 lr 0.06840622763423394 acc 69.53% eta 1:37:34
2023-04-06 03:53:38,190 - __main__ - INFO - Computing epoch 39 validation accuracy...
2023-04-06 03:53:45,621 - __main__ - INFO - Computing epoch 39 validation loss...
2023-04-06 03:53:53,581 - __main__ - INFO - [INFO] 2023-04-06 03:53:53.581281 Epoch [40/100] batch [1/391] loss 1.0801 lr 0.06693689601226462 acc 73.44% eta 2:08:59
2023-04-06 03:54:33,030 - __main__ - INFO - [INFO] 2023-04-06 03:54:33.029848 Epoch [40/100] batch [129/391] loss 0.8950 lr 0.06693689601226462 acc 75.78% eta 1:39:04
2023-04-06 03:55:12,576 - __main__ - INFO - [INFO] 2023-04-06 03:55:12.575941 Epoch [40/100] batch [257/391] loss 1.1572 lr 0.06693689601226462 acc 69.53% eta 1:38:00
2023-04-06 03:55:51,474 - __main__ - INFO - [INFO] 2023-04-06 03:55:51.474735 Epoch [40/100] batch [385/391] loss 1.2031 lr 0.06693689601226462 acc 67.19% eta 1:37:00
2023-04-06 03:55:53,271 - __main__ - INFO - Computing epoch 40 validation accuracy...
2023-04-06 03:56:00,670 - __main__ - INFO - Computing epoch 40 validation loss...
2023-04-06 03:56:08,433 - __main__ - INFO - [INFO] 2023-04-06 03:56:08.433655 Epoch [41/100] batch [1/391] loss 0.8501 lr 0.06545084971874741 acc 78.12% eta 1:43:24
2023-04-06 03:56:47,654 - __main__ - INFO - [INFO] 2023-04-06 03:56:47.654564 Epoch [41/100] batch [129/391] loss 1.1299 lr 0.06545084971874741 acc 62.50% eta 1:36:15
2023-04-06 03:57:27,126 - __main__ - INFO - [INFO] 2023-04-06 03:57:27.126052 Epoch [41/100] batch [257/391] loss 0.9561 lr 0.06545084971874741 acc 74.22% eta 1:36:05
2023-04-06 03:58:05,555 - __main__ - INFO - [INFO] 2023-04-06 03:58:05.554869 Epoch [41/100] batch [385/391] loss 1.1045 lr 0.06545084971874741 acc 74.22% eta 1:34:48
2023-04-06 03:58:07,290 - __main__ - INFO - Computing epoch 41 validation accuracy...
2023-04-06 03:58:14,668 - __main__ - INFO - Computing epoch 41 validation loss...
2023-04-06 03:58:22,420 - __main__ - INFO - [INFO] 2023-04-06 03:58:22.420660 Epoch [42/100] batch [1/391] loss 1.0322 lr 0.06394955530196152 acc 70.31% eta 1:44:25
2023-04-06 03:59:01,538 - __main__ - INFO - [INFO] 2023-04-06 03:59:01.538740 Epoch [42/100] batch [129/391] loss 1.1582 lr 0.06394955530196152 acc 74.22% eta 1:34:23
2023-04-06 03:59:41,024 - __main__ - INFO - [INFO] 2023-04-06 03:59:41.024242 Epoch [42/100] batch [257/391] loss 1.0820 lr 0.06394955530196152 acc 71.09% eta 1:34:07
2023-04-06 04:00:19,958 - __main__ - INFO - [INFO] 2023-04-06 04:00:19.958310 Epoch [42/100] batch [385/391] loss 1.1924 lr 0.06394955530196152 acc 71.88% eta 1:33:28
2023-04-06 04:00:21,676 - __main__ - INFO - Computing epoch 42 validation accuracy...
2023-04-06 04:00:29,169 - __main__ - INFO - Computing epoch 42 validation loss...
2023-04-06 04:00:36,908 - __main__ - INFO - [INFO] 2023-04-06 04:00:36.908153 Epoch [43/100] batch [1/391] loss 0.8921 lr 0.062434494358242776 acc 78.12% eta 1:42:52
2023-04-06 04:01:15,832 - __main__ - INFO - [INFO] 2023-04-06 04:01:15.832137 Epoch [43/100] batch [129/391] loss 0.9370 lr 0.062434494358242776 acc 75.78% eta 1:32:45
2023-04-06 04:01:58,144 - __main__ - INFO - [INFO] 2023-04-06 04:01:58.144454 Epoch [43/100] batch [257/391] loss 1.1504 lr 0.062434494358242776 acc 72.66% eta 1:35:53
2023-04-06 04:02:39,946 - __main__ - INFO - [INFO] 2023-04-06 04:02:39.946019 Epoch [43/100] batch [385/391] loss 1.0889 lr 0.062434494358242776 acc 70.31% eta 1:36:09
2023-04-06 04:02:41,828 - __main__ - INFO - Computing epoch 43 validation accuracy...
2023-04-06 04:02:49,684 - __main__ - INFO - Computing epoch 43 validation loss...
2023-04-06 04:02:57,939 - __main__ - INFO - [INFO] 2023-04-06 04:02:57.939519 Epoch [44/100] batch [1/391] loss 0.7090 lr 0.06090716206982718 acc 80.47% eta 1:41:08
2023-04-06 04:03:39,659 - __main__ - INFO - [INFO] 2023-04-06 04:03:39.659443 Epoch [44/100] batch [129/391] loss 0.7202 lr 0.06090716206982718 acc 80.47% eta 1:36:48
2023-04-06 04:04:22,031 - __main__ - INFO - [INFO] 2023-04-06 04:04:22.030844 Epoch [44/100] batch [257/391] loss 1.0264 lr 0.06090716206982718 acc 70.31% eta 1:36:45
2023-04-06 04:05:03,969 - __main__ - INFO - [INFO] 2023-04-06 04:05:03.968834 Epoch [44/100] batch [385/391] loss 0.7183 lr 0.06090716206982718 acc 82.03% eta 1:36:13
2023-04-06 04:05:05,813 - __main__ - INFO - Computing epoch 44 validation accuracy...
2023-04-06 04:05:13,732 - __main__ - INFO - Computing epoch 44 validation loss...
2023-04-06 04:05:22,026 - __main__ - INFO - [INFO] 2023-04-06 04:05:22.026007 Epoch [45/100] batch [1/391] loss 0.7847 lr 0.05936906572928628 acc 77.34% eta 2:06:53
2023-04-06 04:06:03,719 - __main__ - INFO - [INFO] 2023-04-06 04:06:03.718802 Epoch [45/100] batch [129/391] loss 1.0518 lr 0.05936906572928628 acc 71.09% eta 1:35:13
2023-04-06 04:06:45,490 - __main__ - INFO - [INFO] 2023-04-06 04:06:45.490347 Epoch [45/100] batch [257/391] loss 1.0820 lr 0.05936906572928628 acc 70.31% eta 1:34:38
2023-04-06 04:07:27,775 - __main__ - INFO - [INFO] 2023-04-06 04:07:27.775580 Epoch [45/100] batch [385/391] loss 0.8750 lr 0.05936906572928628 acc 78.12% eta 1:34:30
2023-04-06 04:07:29,662 - __main__ - INFO - Computing epoch 45 validation accuracy...
2023-04-06 04:07:37,618 - __main__ - INFO - Computing epoch 45 validation loss...
2023-04-06 04:07:45,747 - __main__ - INFO - [INFO] 2023-04-06 04:07:45.747796 Epoch [46/100] batch [1/391] loss 0.9121 lr 0.05782172325201159 acc 72.66% eta 1:34:40
2023-04-06 04:08:27,433 - __main__ - INFO - [INFO] 2023-04-06 04:08:27.433123 Epoch [46/100] batch [129/391] loss 0.8828 lr 0.05782172325201159 acc 78.12% eta 1:33:41
2023-04-06 04:09:08,877 - __main__ - INFO - [INFO] 2023-04-06 04:09:08.877085 Epoch [46/100] batch [257/391] loss 0.8892 lr 0.05782172325201159 acc 73.44% eta 1:32:47
2023-04-06 04:09:51,169 - __main__ - INFO - [INFO] 2023-04-06 04:09:51.169596 Epoch [46/100] batch [385/391] loss 0.6665 lr 0.05782172325201159 acc 78.12% eta 1:32:35
2023-04-06 04:09:53,066 - __main__ - INFO - Computing epoch 46 validation accuracy...
2023-04-06 04:10:00,911 - __main__ - INFO - Computing epoch 46 validation loss...
2023-04-06 04:10:08,648 - __main__ - INFO - [INFO] 2023-04-06 04:10:08.648204 Epoch [47/100] batch [1/391] loss 0.7461 lr 0.056266661678215264 acc 82.03% eta 1:32:05
2023-04-06 04:10:50,796 - __main__ - INFO - [INFO] 2023-04-06 04:10:50.796272 Epoch [47/100] batch [129/391] loss 0.8164 lr 0.056266661678215264 acc 74.22% eta 1:32:26
2023-04-06 04:11:32,427 - __main__ - INFO - [INFO] 2023-04-06 04:11:32.427613 Epoch [47/100] batch [257/391] loss 0.8506 lr 0.056266661678215264 acc 81.25% eta 1:31:24
2023-04-06 04:12:14,899 - __main__ - INFO - [INFO] 2023-04-06 04:12:14.899032 Epoch [47/100] batch [385/391] loss 0.9600 lr 0.056266661678215264 acc 74.22% eta 1:31:19
2023-04-06 04:12:16,795 - __main__ - INFO - Computing epoch 47 validation accuracy...
2023-04-06 04:12:24,251 - __main__ - INFO - Computing epoch 47 validation loss...
2023-04-06 04:12:32,269 - __main__ - INFO - [INFO] 2023-04-06 04:12:32.269373 Epoch [48/100] batch [1/391] loss 0.6987 lr 0.05470541566592575 acc 86.72% eta 1:39:41
2023-04-06 04:13:14,424 - __main__ - INFO - [INFO] 2023-04-06 04:13:14.423869 Epoch [48/100] batch [129/391] loss 0.9580 lr 0.05470541566592575 acc 82.81% eta 1:31:00
2023-04-06 04:13:56,197 - __main__ - INFO - [INFO] 2023-04-06 04:13:56.197720 Epoch [48/100] batch [257/391] loss 0.8521 lr 0.05470541566592575 acc 74.22% eta 1:30:04
2023-04-06 04:14:38,117 - __main__ - INFO - [INFO] 2023-04-06 04:14:38.117070 Epoch [48/100] batch [385/391] loss 1.0361 lr 0.05470541566592575 acc 79.69% eta 1:29:30
2023-04-06 04:14:39,889 - __main__ - INFO - Computing epoch 48 validation accuracy...
2023-04-06 04:14:47,560 - __main__ - INFO - Computing epoch 48 validation loss...
2023-04-06 04:14:55,699 - __main__ - INFO - [INFO] 2023-04-06 04:14:55.699410 Epoch [49/100] batch [1/391] loss 0.8813 lr 0.053139525976465714 acc 72.66% eta 1:34:14
2023-04-06 04:15:37,837 - __main__ - INFO - [INFO] 2023-04-06 04:15:37.837644 Epoch [49/100] batch [129/391] loss 0.8013 lr 0.053139525976465714 acc 73.44% eta 1:29:22
2023-04-06 04:16:19,412 - __main__ - INFO - [INFO] 2023-04-06 04:16:19.412591 Epoch [49/100] batch [257/391] loss 1.0166 lr 0.053139525976465714 acc 78.91% eta 1:28:09
2023-04-06 04:17:00,964 - __main__ - INFO - [INFO] 2023-04-06 04:17:00.964249 Epoch [49/100] batch [385/391] loss 1.1201 lr 0.053139525976465714 acc 69.53% eta 1:27:23
2023-04-06 04:17:02,889 - __main__ - INFO - Computing epoch 49 validation accuracy...
2023-04-06 04:17:10,664 - __main__ - INFO - Computing epoch 49 validation loss...
2023-04-06 04:17:18,917 - __main__ - INFO - [INFO] 2023-04-06 04:17:18.917232 Epoch [50/100] batch [1/391] loss 0.9170 lr 0.05157053795390645 acc 76.56% eta 1:30:04
2023-04-06 04:18:01,097 - __main__ - INFO - [INFO] 2023-04-06 04:18:01.097468 Epoch [50/100] batch [129/391] loss 0.8086 lr 0.05157053795390645 acc 84.38% eta 1:27:42
2023-04-06 04:18:42,693 - __main__ - INFO - [INFO] 2023-04-06 04:18:42.693001 Epoch [50/100] batch [257/391] loss 0.6880 lr 0.05157053795390645 acc 79.69% eta 1:26:27
2023-04-06 04:19:24,543 - __main__ - INFO - [INFO] 2023-04-06 04:19:24.543150 Epoch [50/100] batch [385/391] loss 0.6807 lr 0.05157053795390645 acc 82.03% eta 1:25:50
2023-04-06 04:19:26,506 - __main__ - INFO - Computing epoch 50 validation accuracy...
2023-04-06 04:19:34,429 - __main__ - INFO - Computing epoch 50 validation loss...
2023-04-06 04:19:42,745 - __main__ - INFO - [INFO] 2023-04-06 04:19:42.745699 Epoch [51/100] batch [1/391] loss 0.6699 lr 0.05000000000000004 acc 84.38% eta 1:31:49
2023-04-06 04:20:24,677 - __main__ - INFO - [INFO] 2023-04-06 04:20:24.676957 Epoch [51/100] batch [129/391] loss 0.7217 lr 0.05000000000000004 acc 83.59% eta 1:25:31
2023-04-06 04:21:06,899 - __main__ - INFO - [INFO] 2023-04-06 04:21:06.899313 Epoch [51/100] batch [257/391] loss 0.6372 lr 0.05000000000000004 acc 79.69% eta 1:25:09
2023-04-06 04:21:48,567 - __main__ - INFO - [INFO] 2023-04-06 04:21:48.566880 Epoch [51/100] batch [385/391] loss 0.7598 lr 0.05000000000000004 acc 77.34% eta 1:24:13
2023-04-06 04:21:50,432 - __main__ - INFO - Computing epoch 51 validation accuracy...
2023-04-06 04:21:58,263 - __main__ - INFO - Computing epoch 51 validation loss...
2023-04-06 04:22:06,457 - __main__ - INFO - [INFO] 2023-04-06 04:22:06.457259 Epoch [52/100] batch [1/391] loss 0.8467 lr 0.04842946204609362 acc 77.34% eta 1:08:50
2023-04-06 04:22:48,167 - __main__ - INFO - [INFO] 2023-04-06 04:22:48.167516 Epoch [52/100] batch [129/391] loss 0.7119 lr 0.04842946204609362 acc 80.47% eta 1:23:04
2023-04-06 04:23:30,546 - __main__ - INFO - [INFO] 2023-04-06 04:23:30.546093 Epoch [52/100] batch [257/391] loss 0.8477 lr 0.04842946204609362 acc 78.91% eta 1:23:22
2023-04-06 04:24:12,331 - __main__ - INFO - [INFO] 2023-04-06 04:24:12.331619 Epoch [52/100] batch [385/391] loss 0.7637 lr 0.04842946204609362 acc 79.69% eta 1:22:45
2023-04-06 04:24:14,288 - __main__ - INFO - Computing epoch 52 validation accuracy...
2023-04-06 04:24:22,138 - __main__ - INFO - Computing epoch 52 validation loss...
2023-04-06 04:24:30,455 - __main__ - INFO - [INFO] 2023-04-06 04:24:30.455531 Epoch [53/100] batch [1/391] loss 0.7515 lr 0.04686047402353437 acc 79.69% eta 1:28:48
2023-04-06 04:25:12,138 - __main__ - INFO - [INFO] 2023-04-06 04:25:12.138296 Epoch [53/100] batch [129/391] loss 0.7339 lr 0.04686047402353437 acc 78.91% eta 1:21:30
2023-04-06 04:25:54,702 - __main__ - INFO - [INFO] 2023-04-06 04:25:54.702316 Epoch [53/100] batch [257/391] loss 0.6885 lr 0.04686047402353437 acc 78.12% eta 1:21:46
2023-04-06 04:26:36,587 - __main__ - INFO - [INFO] 2023-04-06 04:26:36.587338 Epoch [53/100] batch [385/391] loss 0.7539 lr 0.04686047402353437 acc 83.59% eta 1:21:03
2023-04-06 04:26:38,488 - __main__ - INFO - Computing epoch 53 validation accuracy...
2023-04-06 04:26:46,411 - __main__ - INFO - Computing epoch 53 validation loss...
2023-04-06 04:26:54,663 - __main__ - INFO - [INFO] 2023-04-06 04:26:54.663786 Epoch [54/100] batch [1/391] loss 0.6343 lr 0.045294584334074316 acc 79.69% eta 1:23:25
2023-04-06 04:27:36,973 - __main__ - INFO - [INFO] 2023-04-06 04:27:36.972843 Epoch [54/100] batch [129/391] loss 0.7324 lr 0.045294584334074316 acc 82.03% eta 1:21:07
2023-04-06 04:28:18,818 - __main__ - INFO - [INFO] 2023-04-06 04:28:18.817449 Epoch [54/100] batch [257/391] loss 0.7280 lr 0.045294584334074316 acc 82.03% eta 1:19:58
2023-04-06 04:29:01,160 - __main__ - INFO - [INFO] 2023-04-06 04:29:01.160098 Epoch [54/100] batch [385/391] loss 0.6943 lr 0.045294584334074316 acc 83.59% eta 1:19:34
2023-04-06 04:29:03,020 - __main__ - INFO - Computing epoch 54 validation accuracy...
2023-04-06 04:29:10,927 - __main__ - INFO - Computing epoch 54 validation loss...
2023-04-06 04:29:19,216 - __main__ - INFO - [INFO] 2023-04-06 04:29:19.216419 Epoch [55/100] batch [1/391] loss 0.6470 lr 0.043733338321784825 acc 87.50% eta 1:21:54
2023-04-06 04:30:00,937 - __main__ - INFO - [INFO] 2023-04-06 04:30:00.937699 Epoch [55/100] batch [129/391] loss 0.6162 lr 0.043733338321784825 acc 88.28% eta 1:18:09
2023-04-06 04:30:42,783 - __main__ - INFO - [INFO] 2023-04-06 04:30:42.783825 Epoch [55/100] batch [257/391] loss 0.7666 lr 0.043733338321784825 acc 79.69% eta 1:17:43
2023-04-06 04:31:25,109 - __main__ - INFO - [INFO] 2023-04-06 04:31:25.109097 Epoch [55/100] batch [385/391] loss 1.0410 lr 0.043733338321784825 acc 75.78% eta 1:17:30
2023-04-06 04:31:27,002 - __main__ - INFO - Computing epoch 55 validation accuracy...
2023-04-06 04:31:34,814 - __main__ - INFO - Computing epoch 55 validation loss...
2023-04-06 04:31:42,557 - __main__ - INFO - [INFO] 2023-04-06 04:31:42.557646 Epoch [56/100] batch [1/391] loss 0.5737 lr 0.042178276747988484 acc 86.72% eta 1:16:57
2023-04-06 04:32:24,859 - __main__ - INFO - [INFO] 2023-04-06 04:32:24.858606 Epoch [56/100] batch [129/391] loss 0.6147 lr 0.042178276747988484 acc 86.72% eta 1:17:33
2023-04-06 04:33:06,852 - __main__ - INFO - [INFO] 2023-04-06 04:33:06.852125 Epoch [56/100] batch [257/391] loss 0.8506 lr 0.042178276747988484 acc 77.34% eta 1:16:39
2023-04-06 04:33:49,344 - __main__ - INFO - [INFO] 2023-04-06 04:33:49.344644 Epoch [56/100] batch [385/391] loss 0.6904 lr 0.042178276747988484 acc 83.59% eta 1:16:17
2023-04-06 04:33:51,213 - __main__ - INFO - Computing epoch 56 validation accuracy...
2023-04-06 04:33:58,705 - __main__ - INFO - Computing epoch 56 validation loss...
2023-04-06 04:34:06,932 - __main__ - INFO - [INFO] 2023-04-06 04:34:06.932106 Epoch [57/100] batch [1/391] loss 0.6270 lr 0.0406309342707138 acc 85.16% eta 1:20:07
2023-04-06 04:34:49,489 - __main__ - INFO - [INFO] 2023-04-06 04:34:49.489758 Epoch [57/100] batch [129/391] loss 0.7363 lr 0.0406309342707138 acc 76.56% eta 1:16:15
2023-04-06 04:35:31,506 - __main__ - INFO - [INFO] 2023-04-06 04:35:31.506316 Epoch [57/100] batch [257/391] loss 0.6899 lr 0.0406309342707138 acc 85.94% eta 1:15:11
2023-04-06 04:36:13,431 - __main__ - INFO - [INFO] 2023-04-06 04:36:13.431527 Epoch [57/100] batch [385/391] loss 0.4924 lr 0.0406309342707138 acc 85.94% eta 1:14:19
2023-04-06 04:36:15,264 - __main__ - INFO - Computing epoch 57 validation accuracy...
2023-04-06 04:36:23,199 - __main__ - INFO - Computing epoch 57 validation loss...
2023-04-06 04:36:31,588 - __main__ - INFO - [INFO] 2023-04-06 04:36:31.588228 Epoch [58/100] batch [1/391] loss 0.5137 lr 0.039092837930172916 acc 89.06% eta 1:20:42
2023-04-06 04:37:14,003 - __main__ - INFO - [INFO] 2023-04-06 04:37:14.003445 Epoch [58/100] batch [129/391] loss 0.5596 lr 0.039092837930172916 acc 86.72% eta 1:14:04
2023-04-06 04:37:55,916 - __main__ - INFO - [INFO] 2023-04-06 04:37:55.916141 Epoch [58/100] batch [257/391] loss 0.8696 lr 0.039092837930172916 acc 85.94% eta 1:13:05
2023-04-06 04:38:37,654 - __main__ - INFO - [INFO] 2023-04-06 04:38:37.653872 Epoch [58/100] batch [385/391] loss 0.6860 lr 0.039092837930172916 acc 83.59% eta 1:12:19
2023-04-06 04:38:39,530 - __main__ - INFO - Computing epoch 58 validation accuracy...
2023-04-06 04:38:47,433 - __main__ - INFO - Computing epoch 58 validation loss...
2023-04-06 04:38:55,686 - __main__ - INFO - [INFO] 2023-04-06 04:38:55.686778 Epoch [59/100] batch [1/391] loss 0.5752 lr 0.037565505641757285 acc 88.28% eta 1:17:13
2023-04-06 04:39:37,636 - __main__ - INFO - [INFO] 2023-04-06 04:39:37.636046 Epoch [59/100] batch [129/391] loss 0.6299 lr 0.037565505641757285 acc 82.03% eta 1:11:38
2023-04-06 04:40:20,459 - __main__ - INFO - [INFO] 2023-04-06 04:40:20.459655 Epoch [59/100] batch [257/391] loss 0.6748 lr 0.037565505641757285 acc 80.47% eta 1:11:47
2023-04-06 04:41:01,989 - __main__ - INFO - [INFO] 2023-04-06 04:41:01.988749 Epoch [59/100] batch [385/391] loss 0.7686 lr 0.037565505641757285 acc 79.69% eta 1:10:44
2023-04-06 04:41:03,892 - __main__ - INFO - Computing epoch 59 validation accuracy...
2023-04-06 04:41:11,755 - __main__ - INFO - Computing epoch 59 validation loss...
2023-04-06 04:41:19,945 - __main__ - INFO - [INFO] 2023-04-06 04:41:19.944974 Epoch [60/100] batch [1/391] loss 0.5083 lr 0.03605044469803857 acc 91.41% eta 1:11:14
2023-04-06 04:42:01,526 - __main__ - INFO - [INFO] 2023-04-06 04:42:01.526430 Epoch [60/100] batch [129/391] loss 0.5547 lr 0.03605044469803857 acc 89.06% eta 1:08:38
2023-04-06 04:42:43,738 - __main__ - INFO - [INFO] 2023-04-06 04:42:43.738613 Epoch [60/100] batch [257/391] loss 0.6631 lr 0.03605044469803857 acc 88.28% eta 1:08:57
2023-04-06 04:43:25,427 - __main__ - INFO - [INFO] 2023-04-06 04:43:25.427643 Epoch [60/100] batch [385/391] loss 0.5742 lr 0.03605044469803857 acc 88.28% eta 1:08:21
2023-04-06 04:43:27,297 - __main__ - INFO - Computing epoch 60 validation accuracy...
2023-04-06 04:43:35,146 - __main__ - INFO - Computing epoch 60 validation loss...
2023-04-06 04:43:43,307 - __main__ - INFO - [INFO] 2023-04-06 04:43:43.307142 Epoch [61/100] batch [1/391] loss 0.5649 lr 0.034549150281252675 acc 84.38% eta 1:09:54
2023-04-06 04:44:25,045 - __main__ - INFO - [INFO] 2023-04-06 04:44:25.044890 Epoch [61/100] batch [129/391] loss 0.4922 lr 0.034549150281252675 acc 90.62% eta 1:07:58
2023-04-06 04:45:07,238 - __main__ - INFO - [INFO] 2023-04-06 04:45:07.238088 Epoch [61/100] batch [257/391] loss 0.5776 lr 0.034549150281252675 acc 89.06% eta 1:07:37
2023-04-06 04:45:49,029 - __main__ - INFO - [INFO] 2023-04-06 04:45:49.028988 Epoch [61/100] batch [385/391] loss 0.8096 lr 0.034549150281252675 acc 81.25% eta 1:07:01
2023-04-06 04:45:50,936 - __main__ - INFO - Computing epoch 61 validation accuracy...
2023-04-06 04:45:58,745 - __main__ - INFO - Computing epoch 61 validation loss...
2023-04-06 04:46:06,906 - __main__ - INFO - [INFO] 2023-04-06 04:46:06.906623 Epoch [62/100] batch [1/391] loss 0.5552 lr 0.03306310398773546 acc 85.16% eta 1:12:28
2023-04-06 04:46:48,526 - __main__ - INFO - [INFO] 2023-04-06 04:46:48.526576 Epoch [62/100] batch [129/391] loss 0.4666 lr 0.03306310398773546 acc 90.62% eta 1:06:05
2023-04-06 04:47:30,766 - __main__ - INFO - [INFO] 2023-04-06 04:47:30.765980 Epoch [62/100] batch [257/391] loss 0.5967 lr 0.03306310398773546 acc 85.16% eta 1:05:55
2023-04-06 04:48:12,559 - __main__ - INFO - [INFO] 2023-04-06 04:48:12.559276 Epoch [62/100] batch [385/391] loss 0.7114 lr 0.03306310398773546 acc 83.59% eta 1:05:18
2023-04-06 04:48:14,442 - __main__ - INFO - Computing epoch 62 validation accuracy...
2023-04-06 04:48:22,245 - __main__ - INFO - Computing epoch 62 validation loss...
2023-04-06 04:48:30,465 - __main__ - INFO - [INFO] 2023-04-06 04:48:30.464890 Epoch [63/100] batch [1/391] loss 0.4893 lr 0.031593772365766146 acc 85.94% eta 1:08:16
2023-04-06 04:49:12,186 - __main__ - INFO - [INFO] 2023-04-06 04:49:12.186150 Epoch [63/100] batch [129/391] loss 0.6943 lr 0.031593772365766146 acc 81.25% eta 1:04:27
2023-04-06 04:49:53,920 - __main__ - INFO - [INFO] 2023-04-06 04:49:53.920073 Epoch [63/100] batch [257/391] loss 0.5000 lr 0.031593772365766146 acc 87.50% eta 1:03:56
2023-04-06 04:50:36,034 - __main__ - INFO - [INFO] 2023-04-06 04:50:36.034516 Epoch [63/100] batch [385/391] loss 0.6240 lr 0.031593772365766146 acc 84.38% eta 1:03:36
2023-04-06 04:50:37,938 - __main__ - INFO - Computing epoch 63 validation accuracy...
2023-04-06 04:50:45,826 - __main__ - INFO - Computing epoch 63 validation loss...
2023-04-06 04:50:54,062 - __main__ - INFO - [INFO] 2023-04-06 04:50:54.061921 Epoch [64/100] batch [1/391] loss 0.4556 lr 0.030142605468260992 acc 91.41% eta 1:08:29
2023-04-06 04:51:34,680 - __main__ - INFO - [INFO] 2023-04-06 04:51:34.680743 Epoch [64/100] batch [129/391] loss 0.4668 lr 0.030142605468260992 acc 91.41% eta 1:01:26
2023-04-06 04:52:03,261 - __main__ - INFO - [INFO] 2023-04-06 04:52:03.261217 Epoch [64/100] batch [257/391] loss 0.4531 lr 0.030142605468260992 acc 90.62% eta 0:52:29
2023-04-06 04:52:33,278 - __main__ - INFO - [INFO] 2023-04-06 04:52:33.278040 Epoch [64/100] batch [385/391] loss 0.6685 lr 0.030142605468260992 acc 85.16% eta 0:49:55
2023-04-06 04:52:35,188 - __main__ - INFO - Computing epoch 64 validation accuracy...
2023-04-06 04:52:43,071 - __main__ - INFO - Computing epoch 64 validation loss...
2023-04-06 04:52:51,322 - __main__ - INFO - [INFO] 2023-04-06 04:52:51.322157 Epoch [65/100] batch [1/391] loss 0.3511 lr 0.028711035421746394 acc 92.97% eta 1:10:08
2023-04-06 04:53:33,059 - __main__ - INFO - [INFO] 2023-04-06 04:53:33.059717 Epoch [65/100] batch [129/391] loss 0.4485 lr 0.028711035421746394 acc 87.50% eta 1:01:03
2023-04-06 04:54:15,396 - __main__ - INFO - [INFO] 2023-04-06 04:54:15.395896 Epoch [65/100] batch [257/391] loss 0.3936 lr 0.028711035421746394 acc 94.53% eta 1:00:52
2023-04-06 04:54:57,330 - __main__ - INFO - [INFO] 2023-04-06 04:54:57.330551 Epoch [65/100] batch [385/391] loss 0.4741 lr 0.028711035421746394 acc 89.84% eta 1:00:19
2023-04-06 04:54:59,240 - __main__ - INFO - Computing epoch 65 validation accuracy...
2023-04-06 04:55:07,079 - __main__ - INFO - Computing epoch 65 validation loss...
2023-04-06 04:55:15,294 - __main__ - INFO - [INFO] 2023-04-06 04:55:15.294610 Epoch [66/100] batch [1/391] loss 0.3159 lr 0.027300475013022688 acc 92.97% eta 1:02:42
2023-04-06 04:55:57,301 - __main__ - INFO - [INFO] 2023-04-06 04:55:57.300825 Epoch [66/100] batch [129/391] loss 0.3118 lr 0.027300475013022688 acc 87.50% eta 0:59:38
2023-04-06 04:56:39,202 - __main__ - INFO - [INFO] 2023-04-06 04:56:39.202617 Epoch [66/100] batch [257/391] loss 0.6782 lr 0.027300475013022688 acc 83.59% eta 0:59:07
2023-04-06 04:57:21,693 - __main__ - INFO - [INFO] 2023-04-06 04:57:21.693671 Epoch [66/100] batch [385/391] loss 0.4829 lr 0.027300475013022688 acc 91.41% eta 0:58:46
2023-04-06 04:57:23,574 - __main__ - INFO - Computing epoch 66 validation accuracy...
2023-04-06 04:57:31,481 - __main__ - INFO - Computing epoch 66 validation loss...
2023-04-06 04:57:39,462 - __main__ - INFO - [INFO] 2023-04-06 04:57:39.462348 Epoch [67/100] batch [1/391] loss 0.4888 lr 0.025912316294914254 acc 88.28% eta 0:57:02
2023-04-06 04:58:21,407 - __main__ - INFO - [INFO] 2023-04-06 04:58:21.406968 Epoch [67/100] batch [129/391] loss 0.3396 lr 0.025912316294914254 acc 93.75% eta 0:58:01
2023-04-06 04:59:03,007 - __main__ - INFO - [INFO] 2023-04-06 04:59:03.007773 Epoch [67/100] batch [257/391] loss 0.5244 lr 0.025912316294914254 acc 90.62% eta 0:57:12
2023-04-06 04:59:45,416 - __main__ - INFO - [INFO] 2023-04-06 04:59:45.416198 Epoch [67/100] batch [385/391] loss 0.4111 lr 0.025912316294914254 acc 92.19% eta 0:56:50
2023-04-06 04:59:47,307 - __main__ - INFO - Computing epoch 67 validation accuracy...
2023-04-06 04:59:55,081 - __main__ - INFO - Computing epoch 67 validation loss...
2023-04-06 05:00:02,888 - __main__ - INFO - [INFO] 2023-04-06 05:00:02.888496 Epoch [68/100] batch [1/391] loss 0.2786 lr 0.02454792921248146 acc 96.09% eta 0:57:50
2023-04-06 05:00:45,484 - __main__ - INFO - [INFO] 2023-04-06 05:00:45.484238 Epoch [68/100] batch [129/391] loss 0.3882 lr 0.02454792921248146 acc 92.97% eta 0:56:51
2023-04-06 05:01:27,136 - __main__ - INFO - [INFO] 2023-04-06 05:01:27.135905 Epoch [68/100] batch [257/391] loss 0.4014 lr 0.02454792921248146 acc 92.97% eta 0:55:48
2023-04-06 05:02:09,586 - __main__ - INFO - [INFO] 2023-04-06 05:02:09.586299 Epoch [68/100] batch [385/391] loss 0.4075 lr 0.02454792921248146 acc 94.53% eta 0:55:23
2023-04-06 05:02:11,353 - __main__ - INFO - Computing epoch 68 validation accuracy...
2023-04-06 05:02:18,773 - __main__ - INFO - Computing epoch 68 validation loss...
2023-04-06 05:02:26,988 - __main__ - INFO - [INFO] 2023-04-06 05:02:26.988587 Epoch [69/100] batch [1/391] loss 0.3577 lr 0.02320866025105018 acc 93.75% eta 0:56:32
2023-04-06 05:03:09,482 - __main__ - INFO - [INFO] 2023-04-06 05:03:09.481902 Epoch [69/100] batch [129/391] loss 0.4263 lr 0.02320866025105018 acc 89.06% eta 0:55:08
2023-04-06 05:03:51,222 - __main__ - INFO - [INFO] 2023-04-06 05:03:51.222022 Epoch [69/100] batch [257/391] loss 0.3198 lr 0.02320866025105018 acc 96.88% eta 0:54:04
2023-04-06 05:04:33,282 - __main__ - INFO - [INFO] 2023-04-06 05:04:33.282105 Epoch [69/100] batch [385/391] loss 0.5283 lr 0.02320866025105018 acc 92.97% eta 0:53:31
2023-04-06 05:04:35,109 - __main__ - INFO - Computing epoch 69 validation accuracy...
2023-04-06 05:04:43,035 - __main__ - INFO - Computing epoch 69 validation loss...
2023-04-06 05:04:51,337 - __main__ - INFO - [INFO] 2023-04-06 05:04:51.337649 Epoch [70/100] batch [1/391] loss 0.3369 lr 0.021895831107393487 acc 88.28% eta 0:56:42
2023-04-06 05:05:33,935 - __main__ - INFO - [INFO] 2023-04-06 05:05:33.935419 Epoch [70/100] batch [129/391] loss 0.2639 lr 0.021895831107393487 acc 96.88% eta 0:53:35
2023-04-06 05:06:15,860 - __main__ - INFO - [INFO] 2023-04-06 05:06:15.859984 Epoch [70/100] batch [257/391] loss 0.2203 lr 0.021895831107393487 acc 96.88% eta 0:52:37
2023-04-06 05:06:57,591 - __main__ - INFO - [INFO] 2023-04-06 05:06:57.591156 Epoch [70/100] batch [385/391] loss 0.3618 lr 0.021895831107393487 acc 95.31% eta 0:51:48
2023-04-06 05:06:59,494 - __main__ - INFO - Computing epoch 70 validation accuracy...
2023-04-06 05:07:07,445 - __main__ - INFO - Computing epoch 70 validation loss...
2023-04-06 05:07:15,699 - __main__ - INFO - [INFO] 2023-04-06 05:07:15.699455 Epoch [71/100] batch [1/391] loss 0.2104 lr 0.02061073738537637 acc 96.88% eta 0:54:47
2023-04-06 05:07:57,784 - __main__ - INFO - [INFO] 2023-04-06 05:07:57.784135 Epoch [71/100] batch [129/391] loss 0.4294 lr 0.02061073738537637 acc 91.41% eta 0:51:11
2023-04-06 05:08:40,170 - __main__ - INFO - [INFO] 2023-04-06 05:08:40.170557 Epoch [71/100] batch [257/391] loss 0.3108 lr 0.02061073738537637 acc 96.09% eta 0:50:47
2023-04-06 05:09:22,225 - __main__ - INFO - [INFO] 2023-04-06 05:09:22.225192 Epoch [71/100] batch [385/391] loss 0.3416 lr 0.02061073738537637 acc 94.53% eta 0:50:08
2023-04-06 05:09:24,155 - __main__ - INFO - Computing epoch 71 validation accuracy...
2023-04-06 05:09:32,129 - __main__ - INFO - Computing epoch 71 validation loss...
2023-04-06 05:09:40,459 - __main__ - INFO - [INFO] 2023-04-06 05:09:40.459226 Epoch [72/100] batch [1/391] loss 0.2649 lr 0.01935464731735119 acc 93.75% eta 0:49:43
2023-04-06 05:10:22,293 - __main__ - INFO - [INFO] 2023-04-06 05:10:22.293443 Epoch [72/100] batch [129/391] loss 0.2659 lr 0.01935464731735119 acc 95.31% eta 0:49:13
2023-04-06 05:11:04,906 - __main__ - INFO - [INFO] 2023-04-06 05:11:04.906659 Epoch [72/100] batch [257/391] loss 0.2285 lr 0.01935464731735119 acc 97.66% eta 0:48:58
2023-04-06 05:11:46,628 - __main__ - INFO - [INFO] 2023-04-06 05:11:46.628410 Epoch [72/100] batch [385/391] loss 0.2820 lr 0.01935464731735119 acc 96.09% eta 0:48:14
2023-04-06 05:11:48,545 - __main__ - INFO - Computing epoch 72 validation accuracy...
2023-04-06 05:11:56,490 - __main__ - INFO - Computing epoch 72 validation loss...
2023-04-06 05:12:04,866 - __main__ - INFO - [INFO] 2023-04-06 05:12:04.866442 Epoch [73/100] batch [1/391] loss 0.2484 lr 0.018128800512565532 acc 95.31% eta 0:49:54
2023-04-06 05:12:46,786 - __main__ - INFO - [INFO] 2023-04-06 05:12:46.786327 Epoch [73/100] batch [129/391] loss 0.2886 lr 0.018128800512565532 acc 97.66% eta 0:47:39
2023-04-06 05:13:29,358 - __main__ - INFO - [INFO] 2023-04-06 05:13:29.357951 Epoch [73/100] batch [257/391] loss 0.3071 lr 0.018128800512565532 acc 95.31% eta 0:47:21
2023-04-06 05:14:11,141 - __main__ - INFO - [INFO] 2023-04-06 05:14:11.141204 Epoch [73/100] batch [385/391] loss 0.2847 lr 0.018128800512565532 acc 97.66% eta 0:46:36
2023-04-06 05:14:13,015 - __main__ - INFO - Computing epoch 73 validation accuracy...
2023-04-06 05:14:20,931 - __main__ - INFO - Computing epoch 73 validation loss...
2023-04-06 05:14:29,136 - __main__ - INFO - [INFO] 2023-04-06 05:14:29.136244 Epoch [74/100] batch [1/391] loss 0.1790 lr 0.016934406733817433 acc 98.44% eta 0:48:05
2023-04-06 05:15:10,821 - __main__ - INFO - [INFO] 2023-04-06 05:15:10.821343 Epoch [74/100] batch [129/391] loss 0.1803 lr 0.016934406733817433 acc 99.22% eta 0:45:44
2023-04-06 05:15:53,146 - __main__ - INFO - [INFO] 2023-04-06 05:15:53.146507 Epoch [74/100] batch [257/391] loss 0.2495 lr 0.016934406733817433 acc 94.53% eta 0:45:23
2023-04-06 05:16:35,414 - __main__ - INFO - [INFO] 2023-04-06 05:16:35.414417 Epoch [74/100] batch [385/391] loss 0.3542 lr 0.016934406733817433 acc 92.97% eta 0:44:55
2023-04-06 05:16:37,325 - __main__ - INFO - Computing epoch 74 validation accuracy...
2023-04-06 05:16:45,254 - __main__ - INFO - Computing epoch 74 validation loss...
2023-04-06 05:16:53,527 - __main__ - INFO - [INFO] 2023-04-06 05:16:53.527680 Epoch [75/100] batch [1/391] loss 0.1774 lr 0.01577264470356558 acc 97.66% eta 0:45:06
2023-04-06 05:17:35,351 - __main__ - INFO - [INFO] 2023-04-06 05:17:35.351124 Epoch [75/100] batch [129/391] loss 0.2244 lr 0.01577264470356558 acc 97.66% eta 0:43:56
2023-04-06 05:18:17,354 - __main__ - INFO - [INFO] 2023-04-06 05:18:17.353953 Epoch [75/100] batch [257/391] loss 0.2139 lr 0.01577264470356558 acc 99.22% eta 0:43:33
2023-04-06 05:18:59,943 - __main__ - INFO - [INFO] 2023-04-06 05:18:59.943739 Epoch [75/100] batch [385/391] loss 0.3054 lr 0.01577264470356558 acc 95.31% eta 0:43:11
2023-04-06 05:19:01,860 - __main__ - INFO - Computing epoch 75 validation accuracy...
2023-04-06 05:19:09,741 - __main__ - INFO - Computing epoch 75 validation loss...
2023-04-06 05:19:17,668 - __main__ - INFO - [INFO] 2023-04-06 05:19:17.668596 Epoch [76/100] batch [1/391] loss 0.1292 lr 0.014644660940672643 acc 97.66% eta 0:41:54
2023-04-06 05:19:59,846 - __main__ - INFO - [INFO] 2023-04-06 05:19:59.846434 Epoch [76/100] batch [129/391] loss 0.2068 lr 0.014644660940672643 acc 97.66% eta 0:42:37
2023-04-06 05:20:41,712 - __main__ - INFO - [INFO] 2023-04-06 05:20:41.711908 Epoch [76/100] batch [257/391] loss 0.1895 lr 0.014644660940672643 acc 99.22% eta 0:41:54
2023-04-06 05:21:24,006 - __main__ - INFO - [INFO] 2023-04-06 05:21:24.006237 Epoch [76/100] batch [385/391] loss 0.2465 lr 0.014644660940672643 acc 97.66% eta 0:41:27
2023-04-06 05:21:25,914 - __main__ - INFO - Computing epoch 76 validation accuracy...
2023-04-06 05:21:33,491 - __main__ - INFO - Computing epoch 76 validation loss...
2023-04-06 05:21:41,517 - __main__ - INFO - [INFO] 2023-04-06 05:21:41.517269 Epoch [77/100] batch [1/391] loss 0.1401 lr 0.013551568628929448 acc 97.66% eta 0:44:09
2023-04-06 05:22:23,985 - __main__ - INFO - [INFO] 2023-04-06 05:22:23.985566 Epoch [77/100] batch [129/391] loss 0.1746 lr 0.013551568628929448 acc 99.22% eta 0:41:08
2023-04-06 05:23:05,998 - __main__ - INFO - [INFO] 2023-04-06 05:23:05.998782 Epoch [77/100] batch [257/391] loss 0.1387 lr 0.013551568628929448 acc 100.00% eta 0:40:18
2023-04-06 05:23:48,433 - __main__ - INFO - [INFO] 2023-04-06 05:23:48.433644 Epoch [77/100] batch [385/391] loss 0.1595 lr 0.013551568628929448 acc 100.00% eta 0:39:50
2023-04-06 05:23:50,198 - __main__ - INFO - Computing epoch 77 validation accuracy...
2023-04-06 05:23:57,979 - __main__ - INFO - Computing epoch 77 validation loss...
2023-04-06 05:24:06,214 - __main__ - INFO - [INFO] 2023-04-06 05:24:06.214173 Epoch [78/100] batch [1/391] loss 0.1470 lr 0.012494446518477033 acc 97.66% eta 0:42:09
2023-04-06 05:24:48,773 - __main__ - INFO - [INFO] 2023-04-06 05:24:48.772830 Epoch [78/100] batch [129/391] loss 0.1194 lr 0.012494446518477033 acc 96.88% eta 0:39:38
2023-04-06 05:25:30,745 - __main__ - INFO - [INFO] 2023-04-06 05:25:30.745005 Epoch [78/100] batch [257/391] loss 0.1013 lr 0.012494446518477033 acc 100.00% eta 0:38:45
2023-04-06 05:26:12,730 - __main__ - INFO - [INFO] 2023-04-06 05:26:12.729896 Epoch [78/100] batch [385/391] loss 0.1398 lr 0.012494446518477033 acc 99.22% eta 0:38:04
2023-04-06 05:26:14,605 - __main__ - INFO - Computing epoch 78 validation accuracy...
2023-04-06 05:26:22,450 - __main__ - INFO - Computing epoch 78 validation loss...
2023-04-06 05:26:30,608 - __main__ - INFO - [INFO] 2023-04-06 05:26:30.608638 Epoch [79/100] batch [1/391] loss 0.1479 lr 0.011474337861210555 acc 99.22% eta 0:38:18
2023-04-06 05:27:12,720 - __main__ - INFO - [INFO] 2023-04-06 05:27:12.720810 Epoch [79/100] batch [129/391] loss 0.0630 lr 0.011474337861210555 acc 100.00% eta 0:37:24
2023-04-06 05:27:54,803 - __main__ - INFO - [INFO] 2023-04-06 05:27:54.803771 Epoch [79/100] batch [257/391] loss 0.0682 lr 0.011474337861210555 acc 100.00% eta 0:36:50
2023-04-06 05:28:36,495 - __main__ - INFO - [INFO] 2023-04-06 05:28:36.494972 Epoch [79/100] batch [385/391] loss 0.1509 lr 0.011474337861210555 acc 100.00% eta 0:36:09
2023-04-06 05:28:38,388 - __main__ - INFO - Computing epoch 79 validation accuracy...
2023-04-06 05:28:46,219 - __main__ - INFO - Computing epoch 79 validation loss...
2023-04-06 05:28:54,458 - __main__ - INFO - [INFO] 2023-04-06 05:28:54.458390 Epoch [80/100] batch [1/391] loss 0.0926 lr 0.01049224938121549 acc 100.00% eta 0:36:51
2023-04-06 05:29:36,450 - __main__ - INFO - [INFO] 2023-04-06 05:29:36.449924 Epoch [80/100] batch [129/391] loss 0.0730 lr 0.01049224938121549 acc 98.44% eta 0:35:34
2023-04-06 05:30:19,095 - __main__ - INFO - [INFO] 2023-04-06 05:30:19.094872 Epoch [80/100] batch [257/391] loss 0.0900 lr 0.01049224938121549 acc 99.22% eta 0:35:15
2023-04-06 05:31:00,877 - __main__ - INFO - [INFO] 2023-04-06 05:31:00.876908 Epoch [80/100] batch [385/391] loss 0.1532 lr 0.01049224938121549 acc 99.22% eta 0:34:33
2023-04-06 05:31:02,809 - __main__ - INFO - Computing epoch 80 validation accuracy...
2023-04-06 05:31:10,845 - __main__ - INFO - Computing epoch 80 validation loss...
2023-04-06 05:31:19,118 - __main__ - INFO - [INFO] 2023-04-06 05:31:19.118031 Epoch [81/100] batch [1/391] loss 0.0688 lr 0.009549150281252642 acc 100.00% eta 0:37:22
2023-04-06 05:32:00,824 - __main__ - INFO - [INFO] 2023-04-06 05:32:00.823943 Epoch [81/100] batch [129/391] loss 0.0783 lr 0.009549150281252642 acc 99.22% eta 0:33:41
2023-04-06 05:32:43,433 - __main__ - INFO - [INFO] 2023-04-06 05:32:43.433395 Epoch [81/100] batch [257/391] loss 0.0705 lr 0.009549150281252642 acc 100.00% eta 0:33:24
2023-04-06 05:33:25,329 - __main__ - INFO - [INFO] 2023-04-06 05:33:25.329392 Epoch [81/100] batch [385/391] loss 0.0605 lr 0.009549150281252642 acc 100.00% eta 0:32:46
2023-04-06 05:33:27,225 - __main__ - INFO - Computing epoch 81 validation accuracy...
2023-04-06 05:33:35,176 - __main__ - INFO - Computing epoch 81 validation loss...
2023-04-06 05:33:43,505 - __main__ - INFO - [INFO] 2023-04-06 05:33:43.505405 Epoch [82/100] batch [1/391] loss 0.0542 lr 0.008645971286271922 acc 100.00% eta 0:36:41
2023-04-06 05:34:25,458 - __main__ - INFO - [INFO] 2023-04-06 05:34:25.457952 Epoch [82/100] batch [129/391] loss 0.0442 lr 0.008645971286271922 acc 100.00% eta 0:32:08
2023-04-06 05:35:07,940 - __main__ - INFO - [INFO] 2023-04-06 05:35:07.940412 Epoch [82/100] batch [257/391] loss 0.0464 lr 0.008645971286271922 acc 100.00% eta 0:31:45
2023-04-06 05:35:49,925 - __main__ - INFO - [INFO] 2023-04-06 05:35:49.925027 Epoch [82/100] batch [385/391] loss 0.0784 lr 0.008645971286271922 acc 100.00% eta 0:31:08
2023-04-06 05:35:51,823 - __main__ - INFO - Computing epoch 82 validation accuracy...
2023-04-06 05:35:59,785 - __main__ - INFO - Computing epoch 82 validation loss...
2023-04-06 05:36:08,048 - __main__ - INFO - [INFO] 2023-04-06 05:36:08.048423 Epoch [83/100] batch [1/391] loss 0.0325 lr 0.007783603724899264 acc 100.00% eta 0:34:00
2023-04-06 05:36:49,593 - __main__ - INFO - [INFO] 2023-04-06 05:36:49.593352 Epoch [83/100] batch [129/391] loss 0.0174 lr 0.007783603724899264 acc 100.00% eta 0:30:10
2023-04-06 05:37:31,497 - __main__ - INFO - [INFO] 2023-04-06 05:37:31.497063 Epoch [83/100] batch [257/391] loss 0.1120 lr 0.007783603724899264 acc 100.00% eta 0:29:43
2023-04-06 05:38:13,883 - __main__ - INFO - [INFO] 2023-04-06 05:38:13.883510 Epoch [83/100] batch [385/391] loss 0.0673 lr 0.007783603724899264 acc 100.00% eta 0:29:19
2023-04-06 05:38:15,777 - __main__ - INFO - Computing epoch 83 validation accuracy...
2023-04-06 05:38:23,673 - __main__ - INFO - Computing epoch 83 validation loss...
2023-04-06 05:38:31,914 - __main__ - INFO - [INFO] 2023-04-06 05:38:31.914718 Epoch [84/100] batch [1/391] loss 0.0298 lr 0.006962898649802819 acc 100.00% eta 0:28:07
2023-04-06 05:39:13,677 - __main__ - INFO - [INFO] 2023-04-06 05:39:13.677821 Epoch [84/100] batch [129/391] loss 0.0470 lr 0.006962898649802819 acc 100.00% eta 0:28:28
2023-04-06 05:39:55,372 - __main__ - INFO - [INFO] 2023-04-06 05:39:55.371985 Epoch [84/100] batch [257/391] loss 0.0383 lr 0.006962898649802819 acc 100.00% eta 0:27:55
2023-04-06 05:40:37,807 - __main__ - INFO - [INFO] 2023-04-06 05:40:37.807504 Epoch [84/100] batch [385/391] loss 0.0503 lr 0.006962898649802819 acc 100.00% eta 0:27:33
2023-04-06 05:40:39,699 - __main__ - INFO - Computing epoch 84 validation accuracy...
2023-04-06 05:40:47,543 - __main__ - INFO - Computing epoch 84 validation loss...
2023-04-06 05:40:55,242 - __main__ - INFO - [INFO] 2023-04-06 05:40:55.242255 Epoch [85/100] batch [1/391] loss 0.0367 lr 0.0061846659978068265 acc 100.00% eta 0:25:11
2023-04-06 05:41:32,797 - __main__ - INFO - [INFO] 2023-04-06 05:41:32.797305 Epoch [85/100] batch [129/391] loss 0.0451 lr 0.0061846659978068265 acc 100.00% eta 0:24:19
2023-04-06 05:42:14,974 - __main__ - INFO - [INFO] 2023-04-06 05:42:14.974396 Epoch [85/100] batch [257/391] loss 0.0245 lr 0.0061846659978068265 acc 100.00% eta 0:25:12
2023-04-06 05:42:56,760 - __main__ - INFO - [INFO] 2023-04-06 05:42:56.759838 Epoch [85/100] batch [385/391] loss 0.0350 lr 0.0061846659978068265 acc 100.00% eta 0:25:01
2023-04-06 05:42:58,638 - __main__ - INFO - Computing epoch 85 validation accuracy...
2023-04-06 05:43:04,836 - __main__ - INFO - Computing epoch 85 validation loss...
2023-04-06 05:43:10,697 - __main__ - INFO - [INFO] 2023-04-06 05:43:10.697008 Epoch [86/100] batch [1/391] loss 0.0215 lr 0.005449673790581615 acc 100.00% eta 0:18:30
2023-04-06 05:43:38,875 - __main__ - INFO - [INFO] 2023-04-06 05:43:38.874980 Epoch [86/100] batch [129/391] loss 0.0221 lr 0.005449673790581615 acc 100.00% eta 0:17:34
2023-04-06 05:44:11,806 - __main__ - INFO - [INFO] 2023-04-06 05:44:11.805058 Epoch [86/100] batch [257/391] loss 0.0303 lr 0.005449673790581615 acc 100.00% eta 0:18:26
2023-04-06 05:44:50,716 - __main__ - INFO - [INFO] 2023-04-06 05:44:50.715901 Epoch [86/100] batch [385/391] loss 0.0240 lr 0.005449673790581615 acc 100.00% eta 0:19:27
2023-04-06 05:44:52,502 - __main__ - INFO - Computing epoch 86 validation accuracy...
2023-04-06 05:44:59,948 - __main__ - INFO - Computing epoch 86 validation loss...
2023-04-06 05:45:07,672 - __main__ - INFO - [INFO] 2023-04-06 05:45:07.672011 Epoch [87/100] batch [1/391] loss 0.0240 lr 0.004758647376699036 acc 100.00% eta 0:23:54
2023-04-06 05:45:47,638 - __main__ - INFO - [INFO] 2023-04-06 05:45:47.638241 Epoch [87/100] batch [129/391] loss 0.0143 lr 0.004758647376699036 acc 100.00% eta 0:22:28
2023-04-06 05:46:27,001 - __main__ - INFO - [INFO] 2023-04-06 05:46:27.000958 Epoch [87/100] batch [257/391] loss 0.0463 lr 0.004758647376699036 acc 100.00% eta 0:21:55
2023-04-06 05:47:06,120 - __main__ - INFO - [INFO] 2023-04-06 05:47:06.120166 Epoch [87/100] batch [385/391] loss 0.0168 lr 0.004758647376699036 acc 100.00% eta 0:21:17
2023-04-06 05:47:07,927 - __main__ - INFO - Computing epoch 87 validation accuracy...
2023-04-06 05:47:15,410 - __main__ - INFO - Computing epoch 87 validation loss...
2023-04-06 05:47:23,109 - __main__ - INFO - [INFO] 2023-04-06 05:47:23.109780 Epoch [88/100] batch [1/391] loss 0.0217 lr 0.004112268715800957 acc 100.00% eta 0:22:39
2023-04-06 05:48:02,226 - __main__ - INFO - [INFO] 2023-04-06 05:48:02.226596 Epoch [88/100] batch [129/391] loss 0.0233 lr 0.004112268715800957 acc 100.00% eta 0:20:24
2023-04-06 05:48:41,435 - __main__ - INFO - [INFO] 2023-04-06 05:48:41.435079 Epoch [88/100] batch [257/391] loss 0.0138 lr 0.004112268715800957 acc 100.00% eta 0:19:54
2023-04-06 05:49:19,788 - __main__ - INFO - [INFO] 2023-04-06 05:49:19.787856 Epoch [88/100] batch [385/391] loss 0.0162 lr 0.004112268715800957 acc 100.00% eta 0:19:12
2023-04-06 05:49:21,652 - __main__ - INFO - Computing epoch 88 validation accuracy...
2023-04-06 05:49:29,078 - __main__ - INFO - Computing epoch 88 validation loss...
2023-04-06 05:49:36,799 - __main__ - INFO - [INFO] 2023-04-06 05:49:36.799357 Epoch [89/100] batch [1/391] loss 0.0225 lr 0.003511175705587435 acc 100.00% eta 0:20:05
2023-04-06 05:50:16,081 - __main__ - INFO - [INFO] 2023-04-06 05:50:16.081163 Epoch [89/100] batch [129/391] loss 0.0177 lr 0.003511175705587435 acc 100.00% eta 0:18:50
2023-04-06 05:50:55,207 - __main__ - INFO - [INFO] 2023-04-06 05:50:55.207424 Epoch [89/100] batch [257/391] loss 0.0157 lr 0.003511175705587435 acc 100.00% eta 0:18:18
2023-04-06 05:51:33,835 - __main__ - INFO - [INFO] 2023-04-06 05:51:33.834884 Epoch [89/100] batch [385/391] loss 0.0190 lr 0.003511175705587435 acc 100.00% eta 0:17:40
2023-04-06 05:51:35,651 - __main__ - INFO - Computing epoch 89 validation accuracy...
2023-04-06 05:51:43,002 - __main__ - INFO - Computing epoch 89 validation loss...
2023-04-06 05:51:50,664 - __main__ - INFO - [INFO] 2023-04-06 05:51:50.664258 Epoch [90/100] batch [1/391] loss 0.0231 lr 0.0029559615522887295 acc 99.22% eta 0:19:37
2023-04-06 05:52:29,611 - __main__ - INFO - [INFO] 2023-04-06 05:52:29.611485 Epoch [90/100] batch [129/391] loss 0.0167 lr 0.0029559615522887295 acc 100.00% eta 0:17:02
2023-04-06 05:53:08,856 - __main__ - INFO - [INFO] 2023-04-06 05:53:08.856098 Epoch [90/100] batch [257/391] loss 0.0236 lr 0.0029559615522887295 acc 100.00% eta 0:16:34
2023-04-06 05:53:47,899 - __main__ - INFO - [INFO] 2023-04-06 05:53:47.899133 Epoch [90/100] batch [385/391] loss 0.0102 lr 0.0029559615522887295 acc 100.00% eta 0:16:03
2023-04-06 05:53:49,743 - __main__ - INFO - Computing epoch 90 validation accuracy...
2023-04-06 05:53:57,085 - __main__ - INFO - Computing epoch 90 validation loss...
2023-04-06 05:54:04,761 - __main__ - INFO - [INFO] 2023-04-06 05:54:04.761792 Epoch [91/100] batch [1/391] loss 0.0129 lr 0.0024471741852423253 acc 100.00% eta 0:18:07
2023-04-06 05:54:43,589 - __main__ - INFO - [INFO] 2023-04-06 05:54:43.589322 Epoch [91/100] batch [129/391] loss 0.0167 lr 0.0024471741852423253 acc 100.00% eta 0:15:27
2023-04-06 05:55:22,806 - __main__ - INFO - [INFO] 2023-04-06 05:55:22.806457 Epoch [91/100] batch [257/391] loss 0.0186 lr 0.0024471741852423253 acc 100.00% eta 0:14:59
2023-04-06 05:56:01,766 - __main__ - INFO - [INFO] 2023-04-06 05:56:01.766081 Epoch [91/100] batch [385/391] loss 0.0167 lr 0.0024471741852423253 acc 100.00% eta 0:14:27
2023-04-06 05:56:03,487 - __main__ - INFO - Computing epoch 91 validation accuracy...
2023-04-06 05:56:10,878 - __main__ - INFO - Computing epoch 91 validation loss...
2023-04-06 05:56:18,587 - __main__ - INFO - [INFO] 2023-04-06 05:56:18.587169 Epoch [92/100] batch [1/391] loss 0.0142 lr 0.0019853157161528537 acc 100.00% eta 0:15:10
2023-04-06 05:56:57,780 - __main__ - INFO - [INFO] 2023-04-06 05:56:57.780107 Epoch [92/100] batch [129/391] loss 0.0140 lr 0.0019853157161528537 acc 100.00% eta 0:13:56
2023-04-06 05:57:37,189 - __main__ - INFO - [INFO] 2023-04-06 05:57:37.189787 Epoch [92/100] batch [257/391] loss 0.0126 lr 0.0019853157161528537 acc 100.00% eta 0:13:27
2023-04-06 05:58:15,982 - __main__ - INFO - [INFO] 2023-04-06 05:58:15.982323 Epoch [92/100] batch [385/391] loss 0.0192 lr 0.0019853157161528537 acc 100.00% eta 0:12:53
2023-04-06 05:58:17,729 - __main__ - INFO - Computing epoch 92 validation accuracy...
2023-04-06 05:58:25,103 - __main__ - INFO - Computing epoch 92 validation loss...
2023-04-06 05:58:32,769 - __main__ - INFO - [INFO] 2023-04-06 05:58:32.769556 Epoch [93/100] batch [1/391] loss 0.0174 lr 0.0015708419435684529 acc 100.00% eta 0:11:33
2023-04-06 05:59:11,907 - __main__ - INFO - [INFO] 2023-04-06 05:59:11.907192 Epoch [93/100] batch [129/391] loss 0.0085 lr 0.0015708419435684529 acc 100.00% eta 0:12:18
2023-04-06 05:59:51,411 - __main__ - INFO - [INFO] 2023-04-06 05:59:51.411213 Epoch [93/100] batch [257/391] loss 0.0134 lr 0.0015708419435684529 acc 100.00% eta 0:11:50
2023-04-06 06:00:30,075 - __main__ - INFO - [INFO] 2023-04-06 06:00:30.075544 Epoch [93/100] batch [385/391] loss 0.0275 lr 0.0015708419435684529 acc 100.00% eta 0:11:16
2023-04-06 06:00:31,802 - __main__ - INFO - Computing epoch 93 validation accuracy...
2023-04-06 06:00:39,146 - __main__ - INFO - Computing epoch 93 validation loss...
2023-04-06 06:00:46,833 - __main__ - INFO - [INFO] 2023-04-06 06:00:46.833138 Epoch [94/100] batch [1/391] loss 0.0089 lr 0.0012041619030626347 acc 100.00% eta 0:12:16
2023-04-06 06:01:25,546 - __main__ - INFO - [INFO] 2023-04-06 06:01:25.546562 Epoch [94/100] batch [129/391] loss 0.0146 lr 0.0012041619030626347 acc 100.00% eta 0:10:32
2023-04-06 06:02:04,872 - __main__ - INFO - [INFO] 2023-04-06 06:02:04.872194 Epoch [94/100] batch [257/391] loss 0.0114 lr 0.0012041619030626347 acc 100.00% eta 0:10:06
2023-04-06 06:02:43,749 - __main__ - INFO - [INFO] 2023-04-06 06:02:43.749408 Epoch [94/100] batch [385/391] loss 0.0098 lr 0.0012041619030626347 acc 100.00% eta 0:09:35
2023-04-06 06:02:45,430 - __main__ - INFO - Computing epoch 94 validation accuracy...
2023-04-06 06:02:52,838 - __main__ - INFO - Computing epoch 94 validation loss...
2023-04-06 06:03:00,692 - __main__ - INFO - [INFO] 2023-04-06 06:03:00.691969 Epoch [95/100] batch [1/391] loss 0.0105 lr 0.0008856374635655646 acc 100.00% eta 0:10:38
2023-04-06 06:03:39,505 - __main__ - INFO - [INFO] 2023-04-06 06:03:39.505348 Epoch [95/100] batch [129/391] loss 0.0102 lr 0.0008856374635655646 acc 100.00% eta 0:09:01
2023-04-06 06:04:18,801 - __main__ - INFO - [INFO] 2023-04-06 06:04:18.801515 Epoch [95/100] batch [257/391] loss 0.0148 lr 0.0008856374635655646 acc 100.00% eta 0:08:33
2023-04-06 06:04:57,788 - __main__ - INFO - [INFO] 2023-04-06 06:04:57.788788 Epoch [95/100] batch [385/391] loss 0.0117 lr 0.0008856374635655646 acc 100.00% eta 0:08:02
2023-04-06 06:04:59,595 - __main__ - INFO - Computing epoch 95 validation accuracy...
2023-04-06 06:05:07,001 - __main__ - INFO - Computing epoch 95 validation loss...
2023-04-06 06:05:14,789 - __main__ - INFO - [INFO] 2023-04-06 06:05:14.789411 Epoch [96/100] batch [1/391] loss 0.0168 lr 0.0006155829702431174 acc 100.00% eta 0:09:16
2023-04-06 06:05:53,434 - __main__ - INFO - [INFO] 2023-04-06 06:05:53.434062 Epoch [96/100] batch [129/391] loss 0.0122 lr 0.0006155829702431174 acc 100.00% eta 0:07:24
2023-04-06 06:06:32,762 - __main__ - INFO - [INFO] 2023-04-06 06:06:32.761949 Epoch [96/100] batch [257/391] loss 0.0344 lr 0.0006155829702431174 acc 99.22% eta 0:06:55
2023-04-06 06:07:11,415 - __main__ - INFO - [INFO] 2023-04-06 06:07:11.415482 Epoch [96/100] batch [385/391] loss 0.0252 lr 0.0006155829702431174 acc 99.22% eta 0:06:23
2023-04-06 06:07:13,138 - __main__ - INFO - Computing epoch 96 validation accuracy...
2023-04-06 06:07:20,566 - __main__ - INFO - Computing epoch 96 validation loss...
2023-04-06 06:07:28,292 - __main__ - INFO - [INFO] 2023-04-06 06:07:28.292068 Epoch [97/100] batch [1/391] loss 0.0094 lr 0.00039426493427611206 acc 100.00% eta 0:06:54
2023-04-06 06:08:06,766 - __main__ - INFO - [INFO] 2023-04-06 06:08:06.766498 Epoch [97/100] batch [129/391] loss 0.0348 lr 0.00039426493427611206 acc 100.00% eta 0:05:48
2023-04-06 06:08:46,209 - __main__ - INFO - [INFO] 2023-04-06 06:08:46.209706 Epoch [97/100] batch [257/391] loss 0.0111 lr 0.00039426493427611206 acc 100.00% eta 0:05:19
2023-04-06 06:09:25,019 - __main__ - INFO - [INFO] 2023-04-06 06:09:25.019447 Epoch [97/100] batch [385/391] loss 0.0098 lr 0.00039426493427611206 acc 100.00% eta 0:04:48
2023-04-06 06:09:26,805 - __main__ - INFO - Computing epoch 97 validation accuracy...
2023-04-06 06:09:34,142 - __main__ - INFO - Computing epoch 97 validation loss...
2023-04-06 06:09:41,802 - __main__ - INFO - [INFO] 2023-04-06 06:09:41.801805 Epoch [98/100] batch [1/391] loss 0.0133 lr 0.00022190176984600036 acc 100.00% eta 0:05:34
2023-04-06 06:10:20,417 - __main__ - INFO - [INFO] 2023-04-06 06:10:20.417601 Epoch [98/100] batch [129/391] loss 0.0127 lr 0.00022190176984600036 acc 100.00% eta 0:04:14
2023-04-06 06:10:59,530 - __main__ - INFO - [INFO] 2023-04-06 06:10:59.529867 Epoch [98/100] batch [257/391] loss 0.0149 lr 0.00022190176984600036 acc 100.00% eta 0:03:44
2023-04-06 06:11:38,240 - __main__ - INFO - [INFO] 2023-04-06 06:11:38.240471 Epoch [98/100] batch [385/391] loss 0.0117 lr 0.00022190176984600036 acc 100.00% eta 0:03:13
2023-04-06 06:11:39,952 - __main__ - INFO - Computing epoch 98 validation accuracy...
2023-04-06 06:11:47,351 - __main__ - INFO - Computing epoch 98 validation loss...
2023-04-06 06:11:54,991 - __main__ - INFO - [INFO] 2023-04-06 06:11:54.990834 Epoch [99/100] batch [1/391] loss 0.0124 lr 9.866357858642213e-05 acc 100.00% eta 0:02:28
2023-04-06 06:12:33,970 - __main__ - INFO - [INFO] 2023-04-06 06:12:33.969863 Epoch [99/100] batch [129/391] loss 0.0098 lr 9.866357858642213e-05 acc 100.00% eta 0:02:38
2023-04-06 06:13:13,257 - __main__ - INFO - [INFO] 2023-04-06 06:13:13.257104 Epoch [99/100] batch [257/391] loss 0.0098 lr 9.866357858642213e-05 acc 100.00% eta 0:02:09
2023-04-06 06:13:52,239 - __main__ - INFO - [INFO] 2023-04-06 06:13:52.239098 Epoch [99/100] batch [385/391] loss 0.0128 lr 9.866357858642213e-05 acc 100.00% eta 0:01:37
2023-04-06 06:13:53,978 - __main__ - INFO - Computing epoch 99 validation accuracy...
2023-04-06 06:14:01,378 - __main__ - INFO - Computing epoch 99 validation loss...
2023-04-06 06:14:09,081 - __main__ - INFO - [INFO] 2023-04-06 06:14:09.081255 Epoch [100/100] batch [1/391] loss 0.0117 lr 2.4671981713420017e-05 acc 100.00% eta 0:01:44
2023-04-06 06:14:47,880 - __main__ - INFO - [INFO] 2023-04-06 06:14:47.879874 Epoch [100/100] batch [129/391] loss 0.0099 lr 2.4671981713420017e-05 acc 100.00% eta 0:01:03
2023-04-06 06:15:27,318 - __main__ - INFO - [INFO] 2023-04-06 06:15:27.318188 Epoch [100/100] batch [257/391] loss 0.0160 lr 2.4671981713420017e-05 acc 100.00% eta 0:00:33
2023-04-06 06:16:06,263 - __main__ - INFO - [INFO] 2023-04-06 06:16:06.263283 Epoch [100/100] batch [385/391] loss 0.0229 lr 2.4671981713420017e-05 acc 100.00% eta 0:00:01
2023-04-06 06:16:08,003 - __main__ - INFO - Computing epoch 100 validation accuracy...
2023-04-06 06:16:15,295 - __main__ - INFO - Computing epoch 100 validation loss...
2023-04-06 06:16:22,403 - __main__ - INFO - Reading testing data set cifar100
2023-04-06 06:16:23,177 - __main__ - INFO - Loading trained model...
2023-04-06 06:16:32,248 - __main__ - INFO - Testing acc : 78.23%.
