2023-04-06 06:16:35,818 - __main__ - INFO - 

2023-04-06 06:16:35,818 - __main__ - INFO - ***************
2023-04-06 06:16:35,818 - __main__ - INFO - ** Arguments **
2023-04-06 06:16:35,818 - __main__ - INFO - ***************
2023-04-06 06:16:35,818 - __main__ - INFO - backbone: densenet100
2023-04-06 06:16:35,818 - __main__ - INFO - dataname: cifar100
2023-04-06 06:16:35,818 - __main__ - INFO - drop_method: no
2023-04-06 06:16:35,819 - __main__ - INFO - drop_rate: 0.0
2023-04-06 06:16:35,819 - __main__ - INFO - eval_only: 0
2023-04-06 06:16:35,819 - __main__ - INFO - output_path: checkpoints/cifar100/densenet100/drop_no/rate_0./seed3
2023-04-06 06:16:35,819 - __main__ - INFO - part_rate: 0.1
2023-04-06 06:16:35,819 - __main__ - INFO - seed: 3
2023-04-06 06:16:35,819 - __main__ - INFO - weight_decay: 0.0005
2023-04-06 06:16:35,819 - __main__ - INFO - ************
2023-04-06 06:16:35,819 - __main__ - INFO - ** Config **
2023-04-06 06:16:35,819 - __main__ - INFO - ************
2023-04-06 06:16:35,819 - __main__ - INFO - {'DATALOADER': {'PATH': './data', 'DATANAME': 'cifar100', 'BATCH_SIZE': 128, 'NUM_CLASSES': 100}, 'INPUT': {'SIZE': [32, 32], 'PIXEL_MEAN': [0.4914, 0.4822, 0.4465], 'PIXEL_STD': [0.2023, 0.1994, 0.201]}, 'OUTPUT': {'DIR': 'checkpoints/cifar100/densenet100/drop_no/rate_0./seed3'}, 'SEED': 3, 'OPTIM': {'LR': 0.1, 'MAX_EPOCH': 100, 'LR_SCHEDULER': 'step', 'LR_MILESTONES': [20, 40, 80, 120, 140], 'LR_DECAY': 0.2, 'PART_RATE': 0.1, 'WEIGHT_DECAY': 0.0005, 'DROP_RATE': 0.0, 'DROP_METHOD': 'no', 'BLOCK_SIZE': 7}, 'MODEL': {'BACKBONE': 'densenet100'}}
2023-04-06 06:16:35,839 - __main__ - INFO - Reading training data set cifar100
2023-04-06 06:16:37,905 - __main__ - INFO - Loading raw model
2023-04-06 06:16:42,060 - __main__ - INFO - 
Saving everything to checkpoints/cifar100/densenet100/drop_no/rate_0./seed3
2023-04-06 06:16:42,061 - __main__ - INFO - Start training...
2023-04-06 06:16:47,712 - __main__ - INFO - [INFO] 2023-04-06 06:16:47.712576 Epoch [1/100] batch [1/391] loss 4.6055 lr 0.1 acc 0.78% eta 2 days, 12:42:10
2023-04-06 06:17:27,303 - __main__ - INFO - [INFO] 2023-04-06 06:17:27.303449 Epoch [1/100] batch [129/391] loss 3.9355 lr 0.1 acc 9.38% eta 3:09:55
2023-04-06 06:18:06,741 - __main__ - INFO - [INFO] 2023-04-06 06:18:06.741361 Epoch [1/100] batch [257/391] loss 3.8418 lr 0.1 acc 11.72% eta 2:55:07
2023-04-06 06:18:46,459 - __main__ - INFO - [INFO] 2023-04-06 06:18:46.459495 Epoch [1/100] batch [385/391] loss 3.7676 lr 0.1 acc 10.94% eta 2:50:15
2023-04-06 06:18:48,468 - __main__ - INFO - Computing epoch 1 validation accuracy...
2023-04-06 06:18:56,140 - __main__ - INFO - Computing epoch 1 validation loss...
2023-04-06 06:19:03,586 - __main__ - INFO - [INFO] 2023-04-06 06:19:03.586028 Epoch [2/100] batch [1/391] loss 3.3477 lr 0.09997532801828658 acc 18.75% eta 2:08:44
2023-04-06 06:19:43,235 - __main__ - INFO - [INFO] 2023-04-06 06:19:43.235212 Epoch [2/100] batch [129/391] loss 3.3984 lr 0.09997532801828658 acc 21.88% eta 2:41:09
2023-04-06 06:20:22,210 - __main__ - INFO - [INFO] 2023-04-06 06:20:22.210021 Epoch [2/100] batch [257/391] loss 3.2285 lr 0.09997532801828658 acc 27.34% eta 2:39:38
2023-04-06 06:21:02,260 - __main__ - INFO - [INFO] 2023-04-06 06:21:02.260701 Epoch [2/100] batch [385/391] loss 3.2676 lr 0.09997532801828658 acc 19.53% eta 2:39:33
2023-04-06 06:21:04,046 - __main__ - INFO - Computing epoch 2 validation accuracy...
2023-04-06 06:21:11,545 - __main__ - INFO - Computing epoch 2 validation loss...
2023-04-06 06:21:18,905 - __main__ - INFO - [INFO] 2023-04-06 06:21:18.905746 Epoch [3/100] batch [1/391] loss 3.0820 lr 0.09990133642141358 acc 25.78% eta 2:32:39
2023-04-06 06:21:58,272 - __main__ - INFO - [INFO] 2023-04-06 06:21:58.271850 Epoch [3/100] batch [129/391] loss 3.2949 lr 0.09990133642141358 acc 21.09% eta 2:38:22
2023-04-06 06:22:37,746 - __main__ - INFO - [INFO] 2023-04-06 06:22:37.745824 Epoch [3/100] batch [257/391] loss 2.9707 lr 0.09990133642141358 acc 25.00% eta 2:38:00
2023-04-06 06:23:17,836 - __main__ - INFO - [INFO] 2023-04-06 06:23:17.836772 Epoch [3/100] batch [385/391] loss 2.6953 lr 0.09990133642141358 acc 25.78% eta 2:38:14
2023-04-06 06:23:19,658 - __main__ - INFO - Computing epoch 3 validation accuracy...
2023-04-06 06:23:27,067 - __main__ - INFO - Computing epoch 3 validation loss...
2023-04-06 06:23:34,445 - __main__ - INFO - [INFO] 2023-04-06 06:23:34.445617 Epoch [4/100] batch [1/391] loss 2.9570 lr 0.099778098230154 acc 25.00% eta 2:45:02
2023-04-06 06:24:14,299 - __main__ - INFO - [INFO] 2023-04-06 06:24:14.299052 Epoch [4/100] batch [129/391] loss 2.6699 lr 0.099778098230154 acc 28.91% eta 2:38:17
2023-04-06 06:24:53,480 - __main__ - INFO - [INFO] 2023-04-06 06:24:53.479989 Epoch [4/100] batch [257/391] loss 2.7070 lr 0.099778098230154 acc 35.16% eta 2:36:55
2023-04-06 06:25:33,189 - __main__ - INFO - [INFO] 2023-04-06 06:25:33.189346 Epoch [4/100] batch [385/391] loss 2.6289 lr 0.099778098230154 acc 36.72% eta 2:36:24
2023-04-06 06:25:34,975 - __main__ - INFO - Computing epoch 4 validation accuracy...
2023-04-06 06:25:42,240 - __main__ - INFO - Computing epoch 4 validation loss...
2023-04-06 06:25:49,781 - __main__ - INFO - [INFO] 2023-04-06 06:25:49.781771 Epoch [5/100] batch [1/391] loss 2.3281 lr 0.0996057350657239 acc 36.72% eta 2:46:45
2023-04-06 06:26:29,533 - __main__ - INFO - [INFO] 2023-04-06 06:26:29.533676 Epoch [5/100] batch [129/391] loss 2.7578 lr 0.0996057350657239 acc 30.47% eta 2:36:13
2023-04-06 06:27:08,714 - __main__ - INFO - [INFO] 2023-04-06 06:27:08.714551 Epoch [5/100] batch [257/391] loss 2.4902 lr 0.0996057350657239 acc 36.72% eta 2:34:31
2023-04-06 06:27:48,517 - __main__ - INFO - [INFO] 2023-04-06 06:27:48.517746 Epoch [5/100] batch [385/391] loss 2.5488 lr 0.0996057350657239 acc 30.47% eta 2:34:24
2023-04-06 06:27:50,333 - __main__ - INFO - Computing epoch 5 validation accuracy...
2023-04-06 06:27:57,499 - __main__ - INFO - Computing epoch 5 validation loss...
2023-04-06 06:28:05,137 - __main__ - INFO - [INFO] 2023-04-06 06:28:05.137618 Epoch [6/100] batch [1/391] loss 2.2559 lr 0.09938441702975688 acc 42.19% eta 2:42:16
2023-04-06 06:28:44,836 - __main__ - INFO - [INFO] 2023-04-06 06:28:44.836310 Epoch [6/100] batch [129/391] loss 2.4180 lr 0.09938441702975688 acc 42.19% eta 2:33:44
2023-04-06 06:29:23,644 - __main__ - INFO - [INFO] 2023-04-06 06:29:23.644172 Epoch [6/100] batch [257/391] loss 2.1680 lr 0.09938441702975688 acc 43.75% eta 2:32:22
2023-04-06 06:30:03,396 - __main__ - INFO - [INFO] 2023-04-06 06:30:03.396120 Epoch [6/100] batch [385/391] loss 2.1562 lr 0.09938441702975688 acc 45.31% eta 2:32:28
2023-04-06 06:30:05,150 - __main__ - INFO - Computing epoch 6 validation accuracy...
2023-04-06 06:30:12,267 - __main__ - INFO - Computing epoch 6 validation loss...
2023-04-06 06:30:19,780 - __main__ - INFO - [INFO] 2023-04-06 06:30:19.780637 Epoch [7/100] batch [1/391] loss 2.1797 lr 0.09911436253643444 acc 46.09% eta 2:41:01
2023-04-06 06:30:59,656 - __main__ - INFO - [INFO] 2023-04-06 06:30:59.656214 Epoch [7/100] batch [129/391] loss 2.0234 lr 0.09911436253643444 acc 46.09% eta 2:33:36
2023-04-06 06:31:38,798 - __main__ - INFO - [INFO] 2023-04-06 06:31:38.798099 Epoch [7/100] batch [257/391] loss 2.1230 lr 0.09911436253643444 acc 46.88% eta 2:32:01
2023-04-06 06:32:17,938 - __main__ - INFO - [INFO] 2023-04-06 06:32:17.938353 Epoch [7/100] batch [385/391] loss 2.0684 lr 0.09911436253643444 acc 47.66% eta 2:31:07
2023-04-06 06:32:19,640 - __main__ - INFO - Computing epoch 7 validation accuracy...
2023-04-06 06:32:26,660 - __main__ - INFO - Computing epoch 7 validation loss...
2023-04-06 06:32:34,442 - __main__ - INFO - [INFO] 2023-04-06 06:32:34.442229 Epoch [8/100] batch [1/391] loss 2.2031 lr 0.09879583809693737 acc 35.94% eta 2:42:10
2023-04-06 06:33:14,293 - __main__ - INFO - [INFO] 2023-04-06 06:33:14.292980 Epoch [8/100] batch [129/391] loss 2.2969 lr 0.09879583809693737 acc 41.41% eta 2:31:16
2023-04-06 06:33:53,751 - __main__ - INFO - [INFO] 2023-04-06 06:33:53.750839 Epoch [8/100] batch [257/391] loss 1.9033 lr 0.09879583809693737 acc 45.31% eta 2:31:01
2023-04-06 06:34:33,753 - __main__ - INFO - [INFO] 2023-04-06 06:34:33.752851 Epoch [8/100] batch [385/391] loss 1.9756 lr 0.09879583809693737 acc 50.00% eta 2:30:57
2023-04-06 06:34:35,408 - __main__ - INFO - Computing epoch 8 validation accuracy...
2023-04-06 06:34:42,389 - __main__ - INFO - Computing epoch 8 validation loss...
2023-04-06 06:34:50,148 - __main__ - INFO - [INFO] 2023-04-06 06:34:50.147824 Epoch [9/100] batch [1/391] loss 2.2207 lr 0.09842915805643156 acc 42.19% eta 2:22:21
2023-04-06 06:35:29,975 - __main__ - INFO - [INFO] 2023-04-06 06:35:29.975118 Epoch [9/100] batch [129/391] loss 1.7939 lr 0.09842915805643156 acc 50.78% eta 2:30:55
2023-04-06 06:36:09,247 - __main__ - INFO - [INFO] 2023-04-06 06:36:09.247390 Epoch [9/100] batch [257/391] loss 1.6826 lr 0.09842915805643156 acc 59.38% eta 2:29:15
2023-04-06 06:36:48,682 - __main__ - INFO - [INFO] 2023-04-06 06:36:48.682538 Epoch [9/100] batch [385/391] loss 1.7422 lr 0.09842915805643156 acc 49.22% eta 2:28:36
2023-04-06 06:36:50,377 - __main__ - INFO - Computing epoch 9 validation accuracy...
2023-04-06 06:36:57,468 - __main__ - INFO - Computing epoch 9 validation loss...
2023-04-06 06:37:05,237 - __main__ - INFO - [INFO] 2023-04-06 06:37:05.237046 Epoch [10/100] batch [1/391] loss 1.7920 lr 0.09801468428384716 acc 51.56% eta 2:37:24
2023-04-06 06:37:44,614 - __main__ - INFO - [INFO] 2023-04-06 06:37:44.614402 Epoch [10/100] batch [129/391] loss 2.0703 lr 0.09801468428384716 acc 46.88% eta 2:26:48
2023-04-06 06:38:23,706 - __main__ - INFO - [INFO] 2023-04-06 06:38:23.706345 Epoch [10/100] batch [257/391] loss 1.9424 lr 0.09801468428384716 acc 49.22% eta 2:25:27
2023-04-06 06:39:03,365 - __main__ - INFO - [INFO] 2023-04-06 06:39:03.365467 Epoch [10/100] batch [385/391] loss 1.9814 lr 0.09801468428384716 acc 45.31% eta 2:25:51
2023-04-06 06:39:05,053 - __main__ - INFO - Computing epoch 10 validation accuracy...
2023-04-06 06:39:12,213 - __main__ - INFO - Computing epoch 10 validation loss...
2023-04-06 06:39:20,110 - __main__ - INFO - [INFO] 2023-04-06 06:39:20.110329 Epoch [11/100] batch [1/391] loss 1.6309 lr 0.09755282581475769 acc 50.78% eta 2:41:56
2023-04-06 06:39:59,653 - __main__ - INFO - [INFO] 2023-04-06 06:39:59.652942 Epoch [11/100] batch [129/391] loss 1.5664 lr 0.09755282581475769 acc 52.34% eta 2:26:02
2023-04-06 06:40:38,911 - __main__ - INFO - [INFO] 2023-04-06 06:40:38.911144 Epoch [11/100] batch [257/391] loss 1.7969 lr 0.09755282581475769 acc 53.12% eta 2:24:41
2023-04-06 06:41:18,380 - __main__ - INFO - [INFO] 2023-04-06 06:41:18.380186 Epoch [11/100] batch [385/391] loss 1.8506 lr 0.09755282581475769 acc 50.00% eta 2:24:25
2023-04-06 06:41:20,034 - __main__ - INFO - Computing epoch 11 validation accuracy...
2023-04-06 06:41:27,422 - __main__ - INFO - Computing epoch 11 validation loss...
2023-04-06 06:41:35,233 - __main__ - INFO - [INFO] 2023-04-06 06:41:35.233123 Epoch [12/100] batch [1/391] loss 1.4561 lr 0.09704403844771128 acc 64.06% eta 2:34:10
2023-04-06 06:42:14,675 - __main__ - INFO - [INFO] 2023-04-06 06:42:14.675463 Epoch [12/100] batch [129/391] loss 1.8408 lr 0.09704403844771128 acc 49.22% eta 2:22:56
2023-04-06 06:42:53,965 - __main__ - INFO - [INFO] 2023-04-06 06:42:53.965495 Epoch [12/100] batch [257/391] loss 1.5254 lr 0.09704403844771128 acc 59.38% eta 2:22:21
2023-04-06 06:43:32,834 - __main__ - INFO - [INFO] 2023-04-06 06:43:32.834154 Epoch [12/100] batch [385/391] loss 1.8662 lr 0.09704403844771128 acc 47.66% eta 2:21:40
2023-04-06 06:43:34,573 - __main__ - INFO - Computing epoch 12 validation accuracy...
2023-04-06 06:43:41,835 - __main__ - INFO - Computing epoch 12 validation loss...
2023-04-06 06:43:49,692 - __main__ - INFO - [INFO] 2023-04-06 06:43:49.692348 Epoch [13/100] batch [1/391] loss 1.6807 lr 0.09648882429441258 acc 50.78% eta 2:38:56
2023-04-06 06:44:29,479 - __main__ - INFO - [INFO] 2023-04-06 06:44:29.479103 Epoch [13/100] batch [129/391] loss 1.7764 lr 0.09648882429441258 acc 53.12% eta 2:23:29
2023-04-06 06:45:08,523 - __main__ - INFO - [INFO] 2023-04-06 06:45:08.523569 Epoch [13/100] batch [257/391] loss 1.6133 lr 0.09648882429441258 acc 64.06% eta 2:21:38
2023-04-06 06:45:47,723 - __main__ - INFO - [INFO] 2023-04-06 06:45:47.723290 Epoch [13/100] batch [385/391] loss 1.7578 lr 0.09648882429441258 acc 44.53% eta 2:21:03
2023-04-06 06:45:49,389 - __main__ - INFO - Computing epoch 13 validation accuracy...
2023-04-06 06:45:56,958 - __main__ - INFO - Computing epoch 13 validation loss...
2023-04-06 06:46:04,790 - __main__ - INFO - [INFO] 2023-04-06 06:46:04.789871 Epoch [14/100] batch [1/391] loss 1.3613 lr 0.09588773128419906 acc 55.47% eta 2:25:05
2023-04-06 06:46:44,589 - __main__ - INFO - [INFO] 2023-04-06 06:46:44.589251 Epoch [14/100] batch [129/391] loss 1.6162 lr 0.09588773128419906 acc 60.16% eta 2:21:56
2023-04-06 06:47:23,856 - __main__ - INFO - [INFO] 2023-04-06 06:47:23.856064 Epoch [14/100] batch [257/391] loss 1.4170 lr 0.09588773128419906 acc 56.25% eta 2:20:45
2023-04-06 06:48:02,770 - __main__ - INFO - [INFO] 2023-04-06 06:48:02.770093 Epoch [14/100] batch [385/391] loss 1.8682 lr 0.09588773128419906 acc 54.69% eta 2:19:17
2023-04-06 06:48:04,468 - __main__ - INFO - Computing epoch 14 validation accuracy...
2023-04-06 06:48:11,873 - __main__ - INFO - Computing epoch 14 validation loss...
2023-04-06 06:48:19,568 - __main__ - INFO - [INFO] 2023-04-06 06:48:19.567938 Epoch [15/100] batch [1/391] loss 1.6455 lr 0.09524135262330098 acc 57.03% eta 2:36:38
2023-04-06 06:48:58,858 - __main__ - INFO - [INFO] 2023-04-06 06:48:58.857887 Epoch [15/100] batch [129/391] loss 1.4766 lr 0.09524135262330098 acc 57.03% eta 2:17:34
2023-04-06 06:49:38,055 - __main__ - INFO - [INFO] 2023-04-06 06:49:38.055494 Epoch [15/100] batch [257/391] loss 1.5146 lr 0.09524135262330098 acc 66.41% eta 2:17:49
2023-04-06 06:50:17,326 - __main__ - INFO - [INFO] 2023-04-06 06:50:17.326602 Epoch [15/100] batch [385/391] loss 1.7861 lr 0.09524135262330098 acc 50.00% eta 2:17:10
2023-04-06 06:50:19,049 - __main__ - INFO - Computing epoch 15 validation accuracy...
2023-04-06 06:50:26,476 - __main__ - INFO - Computing epoch 15 validation loss...
2023-04-06 06:50:34,239 - __main__ - INFO - [INFO] 2023-04-06 06:50:34.238980 Epoch [16/100] batch [1/391] loss 1.6064 lr 0.0945503262094184 acc 60.94% eta 2:29:11
2023-04-06 06:51:13,903 - __main__ - INFO - [INFO] 2023-04-06 06:51:13.903632 Epoch [16/100] batch [129/391] loss 1.6270 lr 0.0945503262094184 acc 59.38% eta 2:17:56
2023-04-06 06:51:52,746 - __main__ - INFO - [INFO] 2023-04-06 06:51:52.746647 Epoch [16/100] batch [257/391] loss 1.5791 lr 0.0945503262094184 acc 51.56% eta 2:16:13
2023-04-06 06:52:32,001 - __main__ - INFO - [INFO] 2023-04-06 06:52:32.001354 Epoch [16/100] batch [385/391] loss 1.5898 lr 0.0945503262094184 acc 57.81% eta 2:15:38
2023-04-06 06:52:33,749 - __main__ - INFO - Computing epoch 16 validation accuracy...
2023-04-06 06:52:41,257 - __main__ - INFO - Computing epoch 16 validation loss...
2023-04-06 06:52:48,954 - __main__ - INFO - [INFO] 2023-04-06 06:52:48.954084 Epoch [17/100] batch [1/391] loss 1.5654 lr 0.09381533400219319 acc 54.69% eta 2:14:42
2023-04-06 06:53:28,351 - __main__ - INFO - [INFO] 2023-04-06 06:53:28.351157 Epoch [17/100] batch [129/391] loss 1.4219 lr 0.09381533400219319 acc 53.91% eta 2:15:37
2023-04-06 06:54:07,386 - __main__ - INFO - [INFO] 2023-04-06 06:54:07.386541 Epoch [17/100] batch [257/391] loss 1.5068 lr 0.09381533400219319 acc 59.38% eta 2:14:34
2023-04-06 06:54:46,442 - __main__ - INFO - [INFO] 2023-04-06 06:54:46.441988 Epoch [17/100] batch [385/391] loss 1.4375 lr 0.09381533400219319 acc 54.69% eta 2:13:37
2023-04-06 06:54:48,263 - __main__ - INFO - Computing epoch 17 validation accuracy...
2023-04-06 06:54:55,699 - __main__ - INFO - Computing epoch 17 validation loss...
2023-04-06 06:55:03,417 - __main__ - INFO - [INFO] 2023-04-06 06:55:03.417303 Epoch [18/100] batch [1/391] loss 1.4688 lr 0.0930371013501972 acc 62.50% eta 2:07:12
2023-04-06 06:55:42,998 - __main__ - INFO - [INFO] 2023-04-06 06:55:42.997885 Epoch [18/100] batch [129/391] loss 1.4590 lr 0.0930371013501972 acc 62.50% eta 2:14:50
2023-04-06 06:56:22,478 - __main__ - INFO - [INFO] 2023-04-06 06:56:22.478582 Epoch [18/100] batch [257/391] loss 1.5283 lr 0.0930371013501972 acc 64.84% eta 2:13:24
2023-04-06 06:57:01,848 - __main__ - INFO - [INFO] 2023-04-06 06:57:01.848014 Epoch [18/100] batch [385/391] loss 1.7168 lr 0.0930371013501972 acc 51.56% eta 2:12:44
2023-04-06 06:57:03,605 - __main__ - INFO - Computing epoch 18 validation accuracy...
2023-04-06 06:57:11,092 - __main__ - INFO - Computing epoch 18 validation loss...
2023-04-06 06:57:18,913 - __main__ - INFO - [INFO] 2023-04-06 06:57:18.913518 Epoch [19/100] batch [1/391] loss 1.5215 lr 0.09221639627510078 acc 55.47% eta 2:28:40
2023-04-06 06:57:58,298 - __main__ - INFO - [INFO] 2023-04-06 06:57:58.298344 Epoch [19/100] batch [129/391] loss 1.3584 lr 0.09221639627510078 acc 63.28% eta 2:12:35
2023-04-06 06:58:37,832 - __main__ - INFO - [INFO] 2023-04-06 06:58:37.832806 Epoch [19/100] batch [257/391] loss 1.5791 lr 0.09221639627510078 acc 57.81% eta 2:12:09
2023-04-06 06:59:16,882 - __main__ - INFO - [INFO] 2023-04-06 06:59:16.882184 Epoch [19/100] batch [385/391] loss 1.6191 lr 0.09221639627510078 acc 54.69% eta 2:11:08
2023-04-06 06:59:18,644 - __main__ - INFO - Computing epoch 19 validation accuracy...
2023-04-06 06:59:26,169 - __main__ - INFO - Computing epoch 19 validation loss...
2023-04-06 06:59:33,965 - __main__ - INFO - [INFO] 2023-04-06 06:59:33.965418 Epoch [20/100] batch [1/391] loss 1.3906 lr 0.09135402871372812 acc 57.03% eta 2:23:09
2023-04-06 07:00:12,898 - __main__ - INFO - [INFO] 2023-04-06 07:00:12.898023 Epoch [20/100] batch [129/391] loss 1.2617 lr 0.09135402871372812 acc 53.91% eta 2:09:28
2023-04-06 07:00:52,575 - __main__ - INFO - [INFO] 2023-04-06 07:00:52.575194 Epoch [20/100] batch [257/391] loss 1.6123 lr 0.09135402871372812 acc 52.34% eta 2:09:25
2023-04-06 07:01:32,000 - __main__ - INFO - [INFO] 2023-04-06 07:01:32.000813 Epoch [20/100] batch [385/391] loss 1.3740 lr 0.09135402871372812 acc 65.62% eta 2:09:19
2023-04-06 07:01:33,850 - __main__ - INFO - Computing epoch 20 validation accuracy...
2023-04-06 07:01:41,338 - __main__ - INFO - Computing epoch 20 validation loss...
2023-04-06 07:01:49,143 - __main__ - INFO - [INFO] 2023-04-06 07:01:49.143764 Epoch [21/100] batch [1/391] loss 1.4395 lr 0.09045084971874741 acc 66.41% eta 2:13:35
2023-04-06 07:02:28,352 - __main__ - INFO - [INFO] 2023-04-06 07:02:28.352376 Epoch [21/100] batch [129/391] loss 1.3730 lr 0.09045084971874741 acc 60.16% eta 2:08:15
2023-04-06 07:03:08,190 - __main__ - INFO - [INFO] 2023-04-06 07:03:08.190780 Epoch [21/100] batch [257/391] loss 1.2842 lr 0.09045084971874741 acc 75.78% eta 2:09:08
2023-04-06 07:03:47,421 - __main__ - INFO - [INFO] 2023-04-06 07:03:47.421611 Epoch [21/100] batch [385/391] loss 1.4111 lr 0.09045084971874741 acc 60.16% eta 2:08:17
2023-04-06 07:03:49,159 - __main__ - INFO - Computing epoch 21 validation accuracy...
2023-04-06 07:03:56,583 - __main__ - INFO - Computing epoch 21 validation loss...
2023-04-06 07:04:04,407 - __main__ - INFO - [INFO] 2023-04-06 07:04:04.407545 Epoch [22/100] batch [1/391] loss 1.1650 lr 0.08950775061878455 acc 65.62% eta 2:14:56
2023-04-06 07:04:43,552 - __main__ - INFO - [INFO] 2023-04-06 07:04:43.552198 Epoch [22/100] batch [129/391] loss 1.3564 lr 0.08950775061878455 acc 67.97% eta 2:06:47
2023-04-06 07:05:23,222 - __main__ - INFO - [INFO] 2023-04-06 07:05:23.222062 Epoch [22/100] batch [257/391] loss 1.3320 lr 0.08950775061878455 acc 59.38% eta 2:06:57
2023-04-06 07:06:02,173 - __main__ - INFO - [INFO] 2023-04-06 07:06:02.173367 Epoch [22/100] batch [385/391] loss 1.5889 lr 0.08950775061878455 acc 54.69% eta 2:06:19
2023-04-06 07:06:04,001 - __main__ - INFO - Computing epoch 22 validation accuracy...
2023-04-06 07:06:11,430 - __main__ - INFO - Computing epoch 22 validation loss...
2023-04-06 07:06:19,181 - __main__ - INFO - [INFO] 2023-04-06 07:06:19.181636 Epoch [23/100] batch [1/391] loss 1.4404 lr 0.0885256621387895 acc 56.25% eta 2:21:14
2023-04-06 07:06:58,078 - __main__ - INFO - [INFO] 2023-04-06 07:06:58.078087 Epoch [23/100] batch [129/391] loss 1.3564 lr 0.0885256621387895 acc 62.50% eta 2:03:49
2023-04-06 07:07:37,640 - __main__ - INFO - [INFO] 2023-04-06 07:07:37.640607 Epoch [23/100] batch [257/391] loss 1.2314 lr 0.0885256621387895 acc 64.84% eta 2:04:37
2023-04-06 07:08:16,822 - __main__ - INFO - [INFO] 2023-04-06 07:08:16.821909 Epoch [23/100] batch [385/391] loss 1.4355 lr 0.0885256621387895 acc 63.28% eta 2:04:21
2023-04-06 07:08:18,536 - __main__ - INFO - Computing epoch 23 validation accuracy...
2023-04-06 07:08:25,970 - __main__ - INFO - Computing epoch 23 validation loss...
2023-04-06 07:08:33,807 - __main__ - INFO - [INFO] 2023-04-06 07:08:33.807486 Epoch [24/100] batch [1/391] loss 1.3057 lr 0.08750555348152302 acc 65.62% eta 2:13:20
2023-04-06 07:09:12,973 - __main__ - INFO - [INFO] 2023-04-06 07:09:12.973136 Epoch [24/100] batch [129/391] loss 1.4883 lr 0.08750555348152302 acc 59.38% eta 2:04:43
2023-04-06 07:09:52,614 - __main__ - INFO - [INFO] 2023-04-06 07:09:52.614447 Epoch [24/100] batch [257/391] loss 1.3389 lr 0.08750555348152302 acc 57.81% eta 2:04:20
2023-04-06 07:10:31,913 - __main__ - INFO - [INFO] 2023-04-06 07:10:31.913407 Epoch [24/100] batch [385/391] loss 1.5469 lr 0.08750555348152302 acc 58.59% eta 2:03:37
2023-04-06 07:10:33,802 - __main__ - INFO - Computing epoch 24 validation accuracy...
2023-04-06 07:10:41,291 - __main__ - INFO - Computing epoch 24 validation loss...
2023-04-06 07:10:49,044 - __main__ - INFO - [INFO] 2023-04-06 07:10:49.044679 Epoch [25/100] batch [1/391] loss 1.3496 lr 0.08644843137107061 acc 65.62% eta 2:01:05
2023-04-06 07:11:28,092 - __main__ - INFO - [INFO] 2023-04-06 07:11:28.092361 Epoch [25/100] batch [129/391] loss 1.4453 lr 0.08644843137107061 acc 62.50% eta 2:01:35
2023-04-06 07:12:07,905 - __main__ - INFO - [INFO] 2023-04-06 07:12:07.905794 Epoch [25/100] batch [257/391] loss 1.3887 lr 0.08644843137107061 acc 60.94% eta 2:02:17
2023-04-06 07:12:47,360 - __main__ - INFO - [INFO] 2023-04-06 07:12:47.360091 Epoch [25/100] batch [385/391] loss 1.6357 lr 0.08644843137107061 acc 54.69% eta 2:01:37
2023-04-06 07:12:49,153 - __main__ - INFO - Computing epoch 25 validation accuracy...
2023-04-06 07:12:56,674 - __main__ - INFO - Computing epoch 25 validation loss...
2023-04-06 07:13:04,499 - __main__ - INFO - [INFO] 2023-04-06 07:13:04.499651 Epoch [26/100] batch [1/391] loss 1.1855 lr 0.0853553390593274 acc 65.62% eta 2:07:31
2023-04-06 07:13:43,659 - __main__ - INFO - [INFO] 2023-04-06 07:13:43.659005 Epoch [26/100] batch [129/391] loss 1.3389 lr 0.0853553390593274 acc 61.72% eta 2:00:12
2023-04-06 07:14:23,568 - __main__ - INFO - [INFO] 2023-04-06 07:14:23.568632 Epoch [26/100] batch [257/391] loss 1.5508 lr 0.0853553390593274 acc 57.81% eta 2:00:48
2023-04-06 07:15:02,870 - __main__ - INFO - [INFO] 2023-04-06 07:15:02.870592 Epoch [26/100] batch [385/391] loss 1.2529 lr 0.0853553390593274 acc 71.09% eta 2:00:29
2023-04-06 07:15:04,685 - __main__ - INFO - Computing epoch 26 validation accuracy...
2023-04-06 07:15:12,300 - __main__ - INFO - Computing epoch 26 validation loss...
2023-04-06 07:15:19,690 - __main__ - INFO - [INFO] 2023-04-06 07:15:19.690449 Epoch [27/100] batch [1/391] loss 1.0352 lr 0.08422735529643446 acc 67.97% eta 1:29:08
2023-04-06 07:15:58,966 - __main__ - INFO - [INFO] 2023-04-06 07:15:58.966737 Epoch [27/100] batch [129/391] loss 1.1914 lr 0.08422735529643446 acc 72.66% eta 1:59:12
2023-04-06 07:16:38,372 - __main__ - INFO - [INFO] 2023-04-06 07:16:38.371847 Epoch [27/100] batch [257/391] loss 1.4824 lr 0.08422735529643446 acc 68.75% eta 1:58:44
2023-04-06 07:17:17,565 - __main__ - INFO - [INFO] 2023-04-06 07:17:17.565212 Epoch [27/100] batch [385/391] loss 1.3594 lr 0.08422735529643446 acc 61.72% eta 1:57:56
2023-04-06 07:17:19,321 - __main__ - INFO - Computing epoch 27 validation accuracy...
2023-04-06 07:17:26,799 - __main__ - INFO - Computing epoch 27 validation loss...
2023-04-06 07:17:34,572 - __main__ - INFO - [INFO] 2023-04-06 07:17:34.571990 Epoch [28/100] batch [1/391] loss 1.0459 lr 0.08306559326618262 acc 66.41% eta 2:09:23
2023-04-06 07:18:13,636 - __main__ - INFO - [INFO] 2023-04-06 07:18:13.636074 Epoch [28/100] batch [129/391] loss 1.2490 lr 0.08306559326618262 acc 64.84% eta 1:57:23
2023-04-06 07:18:53,581 - __main__ - INFO - [INFO] 2023-04-06 07:18:53.581452 Epoch [28/100] batch [257/391] loss 1.2920 lr 0.08306559326618262 acc 66.41% eta 1:58:08
2023-04-06 07:19:32,905 - __main__ - INFO - [INFO] 2023-04-06 07:19:32.905417 Epoch [28/100] batch [385/391] loss 1.2441 lr 0.08306559326618262 acc 67.19% eta 1:57:10
2023-04-06 07:19:34,738 - __main__ - INFO - Computing epoch 28 validation accuracy...
2023-04-06 07:19:42,182 - __main__ - INFO - Computing epoch 28 validation loss...
2023-04-06 07:19:49,976 - __main__ - INFO - [INFO] 2023-04-06 07:19:49.976216 Epoch [29/100] batch [1/391] loss 1.0801 lr 0.08187119948743452 acc 71.09% eta 2:11:08
2023-04-06 07:20:28,973 - __main__ - INFO - [INFO] 2023-04-06 07:20:28.973734 Epoch [29/100] batch [129/391] loss 1.3486 lr 0.08187119948743452 acc 63.28% eta 1:55:42
2023-04-06 07:21:08,192 - __main__ - INFO - [INFO] 2023-04-06 07:21:08.192546 Epoch [29/100] batch [257/391] loss 1.2979 lr 0.08187119948743452 acc 67.19% eta 1:55:01
2023-04-06 07:21:47,251 - __main__ - INFO - [INFO] 2023-04-06 07:21:47.251023 Epoch [29/100] batch [385/391] loss 1.2793 lr 0.08187119948743452 acc 66.41% eta 1:54:13
2023-04-06 07:21:49,011 - __main__ - INFO - Computing epoch 29 validation accuracy...
2023-04-06 07:21:56,484 - __main__ - INFO - Computing epoch 29 validation loss...
2023-04-06 07:22:04,204 - __main__ - INFO - [INFO] 2023-04-06 07:22:04.204718 Epoch [30/100] batch [1/391] loss 1.2559 lr 0.08064535268264886 acc 64.84% eta 1:35:31
2023-04-06 07:22:43,172 - __main__ - INFO - [INFO] 2023-04-06 07:22:43.171887 Epoch [30/100] batch [129/391] loss 1.1973 lr 0.08064535268264886 acc 65.62% eta 1:53:36
2023-04-06 07:23:23,083 - __main__ - INFO - [INFO] 2023-04-06 07:23:23.082975 Epoch [30/100] batch [257/391] loss 1.3125 lr 0.08064535268264886 acc 69.53% eta 1:54:28
2023-04-06 07:24:02,377 - __main__ - INFO - [INFO] 2023-04-06 07:24:02.377579 Epoch [30/100] batch [385/391] loss 1.1504 lr 0.08064535268264886 acc 62.50% eta 1:53:37
2023-04-06 07:24:04,156 - __main__ - INFO - Computing epoch 30 validation accuracy...
2023-04-06 07:24:11,585 - __main__ - INFO - Computing epoch 30 validation loss...
2023-04-06 07:24:19,510 - __main__ - INFO - [INFO] 2023-04-06 07:24:19.510798 Epoch [31/100] batch [1/391] loss 1.0664 lr 0.0793892626146237 acc 71.09% eta 2:03:48
2023-04-06 07:24:58,306 - __main__ - INFO - [INFO] 2023-04-06 07:24:58.306410 Epoch [31/100] batch [129/391] loss 1.0791 lr 0.0793892626146237 acc 70.31% eta 1:52:00
2023-04-06 07:25:37,718 - __main__ - INFO - [INFO] 2023-04-06 07:25:37.718260 Epoch [31/100] batch [257/391] loss 1.0703 lr 0.0793892626146237 acc 74.22% eta 1:51:47
2023-04-06 07:26:16,477 - __main__ - INFO - [INFO] 2023-04-06 07:26:16.477570 Epoch [31/100] batch [385/391] loss 1.4434 lr 0.0793892626146237 acc 61.72% eta 1:50:43
2023-04-06 07:26:18,266 - __main__ - INFO - Computing epoch 31 validation accuracy...
2023-04-06 07:26:25,600 - __main__ - INFO - Computing epoch 31 validation loss...
2023-04-06 07:26:33,373 - __main__ - INFO - [INFO] 2023-04-06 07:26:33.373452 Epoch [32/100] batch [1/391] loss 1.0801 lr 0.07810416889260657 acc 63.28% eta 1:55:27
2023-04-06 07:27:12,196 - __main__ - INFO - [INFO] 2023-04-06 07:27:12.196234 Epoch [32/100] batch [129/391] loss 1.3945 lr 0.07810416889260657 acc 61.72% eta 1:50:43
2023-04-06 07:27:51,578 - __main__ - INFO - [INFO] 2023-04-06 07:27:51.578656 Epoch [32/100] batch [257/391] loss 1.2871 lr 0.07810416889260657 acc 65.62% eta 1:50:26
2023-04-06 07:28:31,039 - __main__ - INFO - [INFO] 2023-04-06 07:28:31.038938 Epoch [32/100] batch [385/391] loss 1.2490 lr 0.07810416889260657 acc 66.41% eta 1:50:07
2023-04-06 07:28:32,815 - __main__ - INFO - Computing epoch 32 validation accuracy...
2023-04-06 07:28:40,418 - __main__ - INFO - Computing epoch 32 validation loss...
2023-04-06 07:28:48,207 - __main__ - INFO - [INFO] 2023-04-06 07:28:48.207075 Epoch [33/100] batch [1/391] loss 1.0898 lr 0.07679133974894986 acc 73.44% eta 2:01:38
2023-04-06 07:29:26,995 - __main__ - INFO - [INFO] 2023-04-06 07:29:26.995233 Epoch [33/100] batch [129/391] loss 1.1924 lr 0.07679133974894986 acc 61.72% eta 1:48:26
2023-04-06 07:30:06,375 - __main__ - INFO - [INFO] 2023-04-06 07:30:06.375172 Epoch [33/100] batch [257/391] loss 1.0186 lr 0.07679133974894986 acc 78.12% eta 1:48:42
2023-04-06 07:30:46,135 - __main__ - INFO - [INFO] 2023-04-06 07:30:46.135172 Epoch [33/100] batch [385/391] loss 1.3809 lr 0.07679133974894986 acc 57.81% eta 1:48:44
2023-04-06 07:30:47,863 - __main__ - INFO - Computing epoch 33 validation accuracy...
2023-04-06 07:30:55,353 - __main__ - INFO - Computing epoch 33 validation loss...
2023-04-06 07:31:03,133 - __main__ - INFO - [INFO] 2023-04-06 07:31:03.133684 Epoch [34/100] batch [1/391] loss 0.9609 lr 0.0754520707875186 acc 82.81% eta 1:47:10
2023-04-06 07:31:41,880 - __main__ - INFO - [INFO] 2023-04-06 07:31:41.880315 Epoch [34/100] batch [129/391] loss 1.2041 lr 0.0754520707875186 acc 66.41% eta 1:46:09
2023-04-06 07:32:20,974 - __main__ - INFO - [INFO] 2023-04-06 07:32:20.973985 Epoch [34/100] batch [257/391] loss 1.1162 lr 0.0754520707875186 acc 72.66% eta 1:46:14
2023-04-06 07:32:56,243 - __main__ - INFO - [INFO] 2023-04-06 07:32:56.243416 Epoch [34/100] batch [385/391] loss 0.9663 lr 0.0754520707875186 acc 77.34% eta 1:42:55
2023-04-06 07:32:57,858 - __main__ - INFO - Computing epoch 34 validation accuracy...
2023-04-06 07:33:04,502 - __main__ - INFO - Computing epoch 34 validation loss...
2023-04-06 07:33:11,475 - __main__ - INFO - [INFO] 2023-04-06 07:33:11.475176 Epoch [35/100] batch [1/391] loss 1.2090 lr 0.0740876837050858 acc 63.28% eta 1:35:16
2023-04-06 07:33:46,155 - __main__ - INFO - [INFO] 2023-04-06 07:33:46.154985 Epoch [35/100] batch [129/391] loss 1.2168 lr 0.0740876837050858 acc 67.19% eta 1:34:25
2023-04-06 07:34:20,425 - __main__ - INFO - [INFO] 2023-04-06 07:34:20.425068 Epoch [35/100] batch [257/391] loss 0.9956 lr 0.0740876837050858 acc 75.78% eta 1:33:53
2023-04-06 07:34:54,975 - __main__ - INFO - [INFO] 2023-04-06 07:34:54.975300 Epoch [35/100] batch [385/391] loss 0.7842 lr 0.0740876837050858 acc 78.91% eta 1:33:30
2023-04-06 07:34:56,530 - __main__ - INFO - Computing epoch 35 validation accuracy...
2023-04-06 07:35:03,278 - __main__ - INFO - Computing epoch 35 validation loss...
2023-04-06 07:35:10,288 - __main__ - INFO - [INFO] 2023-04-06 07:35:10.287840 Epoch [36/100] batch [1/391] loss 1.1045 lr 0.07269952498697738 acc 67.97% eta 1:46:39
2023-04-06 07:35:45,394 - __main__ - INFO - [INFO] 2023-04-06 07:35:45.393761 Epoch [36/100] batch [129/391] loss 1.1289 lr 0.07269952498697738 acc 75.78% eta 1:34:49
2023-04-06 07:36:19,967 - __main__ - INFO - [INFO] 2023-04-06 07:36:19.967242 Epoch [36/100] batch [257/391] loss 1.2109 lr 0.07269952498697738 acc 71.88% eta 1:33:33
2023-04-06 07:36:54,401 - __main__ - INFO - [INFO] 2023-04-06 07:36:54.401074 Epoch [36/100] batch [385/391] loss 1.2197 lr 0.07269952498697738 acc 68.75% eta 1:32:34
2023-04-06 07:36:56,018 - __main__ - INFO - Computing epoch 36 validation accuracy...
2023-04-06 07:37:02,610 - __main__ - INFO - Computing epoch 36 validation loss...
2023-04-06 07:37:09,562 - __main__ - INFO - [INFO] 2023-04-06 07:37:09.561899 Epoch [37/100] batch [1/391] loss 1.0107 lr 0.07128896457825366 acc 67.97% eta 1:39:34
2023-04-06 07:37:44,116 - __main__ - INFO - [INFO] 2023-04-06 07:37:44.116451 Epoch [37/100] batch [129/391] loss 0.8491 lr 0.07128896457825366 acc 74.22% eta 1:31:22
2023-04-06 07:38:19,007 - __main__ - INFO - [INFO] 2023-04-06 07:38:19.007006 Epoch [37/100] batch [257/391] loss 1.1680 lr 0.07128896457825366 acc 71.09% eta 1:31:30
2023-04-06 07:38:53,752 - __main__ - INFO - [INFO] 2023-04-06 07:38:53.752144 Epoch [37/100] batch [385/391] loss 1.0645 lr 0.07128896457825366 acc 62.50% eta 1:30:59
2023-04-06 07:38:55,257 - __main__ - INFO - Computing epoch 37 validation accuracy...
2023-04-06 07:39:01,890 - __main__ - INFO - Computing epoch 37 validation loss...
2023-04-06 07:39:08,901 - __main__ - INFO - [INFO] 2023-04-06 07:39:08.901061 Epoch [38/100] batch [1/391] loss 0.9033 lr 0.06985739453173906 acc 71.88% eta 1:38:54
2023-04-06 07:39:43,941 - __main__ - INFO - [INFO] 2023-04-06 07:39:43.941181 Epoch [38/100] batch [129/391] loss 1.0391 lr 0.06985739453173906 acc 75.00% eta 1:31:36
2023-04-06 07:40:18,767 - __main__ - INFO - [INFO] 2023-04-06 07:40:18.767615 Epoch [38/100] batch [257/391] loss 1.0654 lr 0.06985739453173906 acc 69.53% eta 1:30:58
2023-04-06 07:40:53,243 - __main__ - INFO - [INFO] 2023-04-06 07:40:53.243178 Epoch [38/100] batch [385/391] loss 1.2598 lr 0.06985739453173906 acc 65.62% eta 1:30:05
2023-04-06 07:40:54,776 - __main__ - INFO - Computing epoch 38 validation accuracy...
2023-04-06 07:41:01,426 - __main__ - INFO - Computing epoch 38 validation loss...
2023-04-06 07:41:08,216 - __main__ - INFO - [INFO] 2023-04-06 07:41:08.216211 Epoch [39/100] batch [1/391] loss 0.8687 lr 0.06840622763423394 acc 78.91% eta 1:30:21
2023-04-06 07:41:43,131 - __main__ - INFO - [INFO] 2023-04-06 07:41:43.131522 Epoch [39/100] batch [129/391] loss 0.9146 lr 0.06840622763423394 acc 78.12% eta 1:29:52
2023-04-06 07:42:17,903 - __main__ - INFO - [INFO] 2023-04-06 07:42:17.903074 Epoch [39/100] batch [257/391] loss 1.0898 lr 0.06840622763423394 acc 65.62% eta 1:29:04
2023-04-06 07:42:52,253 - __main__ - INFO - [INFO] 2023-04-06 07:42:52.252843 Epoch [39/100] batch [385/391] loss 1.0107 lr 0.06840622763423394 acc 75.78% eta 1:28:09
2023-04-06 07:42:53,870 - __main__ - INFO - Computing epoch 39 validation accuracy...
2023-04-06 07:43:00,456 - __main__ - INFO - Computing epoch 39 validation loss...
2023-04-06 07:43:07,308 - __main__ - INFO - [INFO] 2023-04-06 07:43:07.308435 Epoch [40/100] batch [1/391] loss 0.9478 lr 0.06693689601226462 acc 76.56% eta 1:31:44
2023-04-06 07:43:41,995 - __main__ - INFO - [INFO] 2023-04-06 07:43:41.995535 Epoch [40/100] batch [129/391] loss 0.8921 lr 0.06693689601226462 acc 75.00% eta 1:27:47
2023-04-06 07:44:16,490 - __main__ - INFO - [INFO] 2023-04-06 07:44:16.490690 Epoch [40/100] batch [257/391] loss 1.1797 lr 0.06693689601226462 acc 69.53% eta 1:27:00
2023-04-06 07:44:51,225 - __main__ - INFO - [INFO] 2023-04-06 07:44:51.225599 Epoch [40/100] batch [385/391] loss 1.1963 lr 0.06693689601226462 acc 71.88% eta 1:26:39
2023-04-06 07:44:52,685 - __main__ - INFO - Computing epoch 40 validation accuracy...
2023-04-06 07:44:59,342 - __main__ - INFO - Computing epoch 40 validation loss...
2023-04-06 07:45:06,155 - __main__ - INFO - [INFO] 2023-04-06 07:45:06.155454 Epoch [41/100] batch [1/391] loss 0.9341 lr 0.06545084971874741 acc 75.78% eta 1:28:14
2023-04-06 07:45:40,580 - __main__ - INFO - [INFO] 2023-04-06 07:45:40.580104 Epoch [41/100] batch [129/391] loss 1.0469 lr 0.06545084971874741 acc 67.97% eta 1:25:18
2023-04-06 07:46:15,517 - __main__ - INFO - [INFO] 2023-04-06 07:46:15.516954 Epoch [41/100] batch [257/391] loss 0.9019 lr 0.06545084971874741 acc 68.75% eta 1:25:31
2023-04-06 07:46:50,436 - __main__ - INFO - [INFO] 2023-04-06 07:46:50.436213 Epoch [41/100] batch [385/391] loss 1.0801 lr 0.06545084971874741 acc 70.31% eta 1:25:26
2023-04-06 07:46:51,982 - __main__ - INFO - Computing epoch 41 validation accuracy...
2023-04-06 07:46:58,570 - __main__ - INFO - Computing epoch 41 validation loss...
2023-04-06 07:47:05,474 - __main__ - INFO - [INFO] 2023-04-06 07:47:05.474038 Epoch [42/100] batch [1/391] loss 0.8770 lr 0.06394955530196152 acc 82.03% eta 1:22:25
2023-04-06 07:47:40,124 - __main__ - INFO - [INFO] 2023-04-06 07:47:40.124003 Epoch [42/100] batch [129/391] loss 0.9937 lr 0.06394955530196152 acc 70.31% eta 1:24:41
2023-04-06 07:48:14,934 - __main__ - INFO - [INFO] 2023-04-06 07:48:14.934167 Epoch [42/100] batch [257/391] loss 0.9185 lr 0.06394955530196152 acc 76.56% eta 1:24:26
2023-04-06 07:48:49,992 - __main__ - INFO - [INFO] 2023-04-06 07:48:49.992265 Epoch [42/100] batch [385/391] loss 1.3174 lr 0.06394955530196152 acc 64.06% eta 1:24:12
2023-04-06 07:48:51,610 - __main__ - INFO - Computing epoch 42 validation accuracy...
2023-04-06 07:48:58,316 - __main__ - INFO - Computing epoch 42 validation loss...
2023-04-06 07:49:05,017 - __main__ - INFO - [INFO] 2023-04-06 07:49:05.017345 Epoch [43/100] batch [1/391] loss 0.9360 lr 0.062434494358242776 acc 78.91% eta 1:31:51
2023-04-06 07:49:39,328 - __main__ - INFO - [INFO] 2023-04-06 07:49:39.328198 Epoch [43/100] batch [129/391] loss 1.0283 lr 0.062434494358242776 acc 73.44% eta 1:22:51
2023-04-06 07:50:14,373 - __main__ - INFO - [INFO] 2023-04-06 07:50:14.373491 Epoch [43/100] batch [257/391] loss 1.1172 lr 0.062434494358242776 acc 67.97% eta 1:22:53
2023-04-06 07:50:49,538 - __main__ - INFO - [INFO] 2023-04-06 07:50:49.537847 Epoch [43/100] batch [385/391] loss 1.0693 lr 0.062434494358242776 acc 69.53% eta 1:22:47
2023-04-06 07:50:51,047 - __main__ - INFO - Computing epoch 43 validation accuracy...
2023-04-06 07:50:57,630 - __main__ - INFO - Computing epoch 43 validation loss...
2023-04-06 07:51:04,651 - __main__ - INFO - [INFO] 2023-04-06 07:51:04.651114 Epoch [44/100] batch [1/391] loss 1.0352 lr 0.06090716206982718 acc 64.84% eta 1:35:11
2023-04-06 07:51:39,457 - __main__ - INFO - [INFO] 2023-04-06 07:51:39.457045 Epoch [44/100] batch [129/391] loss 0.8994 lr 0.06090716206982718 acc 80.47% eta 1:22:17
2023-04-06 07:52:14,369 - __main__ - INFO - [INFO] 2023-04-06 07:52:14.368788 Epoch [44/100] batch [257/391] loss 1.0713 lr 0.06090716206982718 acc 77.34% eta 1:21:54
2023-04-06 07:52:48,848 - __main__ - INFO - [INFO] 2023-04-06 07:52:48.848589 Epoch [44/100] batch [385/391] loss 1.1514 lr 0.06090716206982718 acc 73.44% eta 1:21:00
2023-04-06 07:52:50,483 - __main__ - INFO - Computing epoch 44 validation accuracy...
2023-04-06 07:52:57,027 - __main__ - INFO - Computing epoch 44 validation loss...
2023-04-06 07:53:04,015 - __main__ - INFO - [INFO] 2023-04-06 07:53:04.015071 Epoch [45/100] batch [1/391] loss 1.0449 lr 0.05936906572928628 acc 81.25% eta 1:23:23
2023-04-06 07:53:38,232 - __main__ - INFO - [INFO] 2023-04-06 07:53:38.232070 Epoch [45/100] batch [129/391] loss 0.9609 lr 0.05936906572928628 acc 66.41% eta 1:19:14
2023-04-06 07:54:15,495 - __main__ - INFO - [INFO] 2023-04-06 07:54:15.495178 Epoch [45/100] batch [257/391] loss 1.0039 lr 0.05936906572928628 acc 70.31% eta 1:21:58
2023-04-06 07:54:52,587 - __main__ - INFO - [INFO] 2023-04-06 07:54:52.587298 Epoch [45/100] batch [385/391] loss 0.9111 lr 0.05936906572928628 acc 74.22% eta 1:22:30
2023-04-06 07:54:54,259 - __main__ - INFO - Computing epoch 45 validation accuracy...
2023-04-06 07:55:01,323 - __main__ - INFO - Computing epoch 45 validation loss...
2023-04-06 07:55:08,599 - __main__ - INFO - [INFO] 2023-04-06 07:55:08.598987 Epoch [46/100] batch [1/391] loss 0.7778 lr 0.05782172325201159 acc 79.69% eta 1:27:46
2023-04-06 07:55:45,731 - __main__ - INFO - [INFO] 2023-04-06 07:55:45.731020 Epoch [46/100] batch [129/391] loss 1.2070 lr 0.05782172325201159 acc 68.75% eta 1:23:55
2023-04-06 07:56:22,837 - __main__ - INFO - [INFO] 2023-04-06 07:56:22.837329 Epoch [46/100] batch [257/391] loss 1.2842 lr 0.05782172325201159 acc 64.84% eta 1:23:27
2023-04-06 07:56:59,999 - __main__ - INFO - [INFO] 2023-04-06 07:56:59.999436 Epoch [46/100] batch [385/391] loss 0.9448 lr 0.05782172325201159 acc 78.91% eta 1:23:00
2023-04-06 07:57:01,659 - __main__ - INFO - Computing epoch 46 validation accuracy...
2023-04-06 07:57:08,856 - __main__ - INFO - Computing epoch 46 validation loss...
2023-04-06 07:57:16,144 - __main__ - INFO - [INFO] 2023-04-06 07:57:16.144806 Epoch [47/100] batch [1/391] loss 0.9165 lr 0.056266661678215264 acc 77.34% eta 1:24:58
2023-04-06 07:57:53,430 - __main__ - INFO - [INFO] 2023-04-06 07:57:53.430092 Epoch [47/100] batch [129/391] loss 0.8501 lr 0.056266661678215264 acc 78.91% eta 1:22:45
2023-04-06 07:58:30,961 - __main__ - INFO - [INFO] 2023-04-06 07:58:30.961039 Epoch [47/100] batch [257/391] loss 0.8550 lr 0.056266661678215264 acc 71.09% eta 1:22:30
2023-04-06 07:59:07,999 - __main__ - INFO - [INFO] 2023-04-06 07:59:07.999300 Epoch [47/100] batch [385/391] loss 0.8354 lr 0.056266661678215264 acc 81.25% eta 1:21:43
2023-04-06 07:59:09,698 - __main__ - INFO - Computing epoch 47 validation accuracy...
2023-04-06 07:59:16,751 - __main__ - INFO - Computing epoch 47 validation loss...
2023-04-06 07:59:24,163 - __main__ - INFO - [INFO] 2023-04-06 07:59:24.163114 Epoch [48/100] batch [1/391] loss 0.7104 lr 0.05470541566592575 acc 75.00% eta 1:14:53
2023-04-06 08:00:01,396 - __main__ - INFO - [INFO] 2023-04-06 08:00:01.396525 Epoch [48/100] batch [129/391] loss 0.9312 lr 0.05470541566592575 acc 75.78% eta 1:21:16
2023-04-06 08:00:38,836 - __main__ - INFO - [INFO] 2023-04-06 08:00:38.836505 Epoch [48/100] batch [257/391] loss 0.9229 lr 0.05470541566592575 acc 76.56% eta 1:20:58
2023-04-06 08:01:15,854 - __main__ - INFO - [INFO] 2023-04-06 08:01:15.854154 Epoch [48/100] batch [385/391] loss 1.0029 lr 0.05470541566592575 acc 75.00% eta 1:20:12
2023-04-06 08:01:17,518 - __main__ - INFO - Computing epoch 48 validation accuracy...
2023-04-06 08:01:24,624 - __main__ - INFO - Computing epoch 48 validation loss...
2023-04-06 08:01:32,005 - __main__ - INFO - [INFO] 2023-04-06 08:01:32.005225 Epoch [49/100] batch [1/391] loss 0.8223 lr 0.053139525976465714 acc 75.78% eta 1:22:54
2023-04-06 08:02:09,179 - __main__ - INFO - [INFO] 2023-04-06 08:02:09.179457 Epoch [49/100] batch [129/391] loss 0.8521 lr 0.053139525976465714 acc 78.12% eta 1:19:29
2023-04-06 08:02:46,564 - __main__ - INFO - [INFO] 2023-04-06 08:02:46.564041 Epoch [49/100] batch [257/391] loss 0.8643 lr 0.053139525976465714 acc 78.12% eta 1:19:16
2023-04-06 08:03:23,628 - __main__ - INFO - [INFO] 2023-04-06 08:03:23.628208 Epoch [49/100] batch [385/391] loss 1.0967 lr 0.053139525976465714 acc 67.97% eta 1:18:39
2023-04-06 08:03:25,293 - __main__ - INFO - Computing epoch 49 validation accuracy...
2023-04-06 08:03:32,292 - __main__ - INFO - Computing epoch 49 validation loss...
2023-04-06 08:03:39,646 - __main__ - INFO - [INFO] 2023-04-06 08:03:39.646067 Epoch [50/100] batch [1/391] loss 0.9521 lr 0.05157053795390645 acc 72.66% eta 1:21:12
2023-04-06 08:04:16,714 - __main__ - INFO - [INFO] 2023-04-06 08:04:16.714184 Epoch [50/100] batch [129/391] loss 0.7671 lr 0.05157053795390645 acc 84.38% eta 1:17:43
2023-04-06 08:04:54,014 - __main__ - INFO - [INFO] 2023-04-06 08:04:54.014637 Epoch [50/100] batch [257/391] loss 0.9639 lr 0.05157053795390645 acc 65.62% eta 1:17:31
2023-04-06 08:05:31,253 - __main__ - INFO - [INFO] 2023-04-06 08:05:31.252880 Epoch [50/100] batch [385/391] loss 0.9561 lr 0.05157053795390645 acc 69.53% eta 1:17:05
2023-04-06 08:05:32,967 - __main__ - INFO - Computing epoch 50 validation accuracy...
2023-04-06 08:05:40,010 - __main__ - INFO - Computing epoch 50 validation loss...
2023-04-06 08:05:47,433 - __main__ - INFO - [INFO] 2023-04-06 08:05:47.433290 Epoch [51/100] batch [1/391] loss 0.8667 lr 0.05000000000000004 acc 81.25% eta 1:20:14
2023-04-06 08:06:24,685 - __main__ - INFO - [INFO] 2023-04-06 08:06:24.685438 Epoch [51/100] batch [129/391] loss 0.8696 lr 0.05000000000000004 acc 78.12% eta 1:16:32
2023-04-06 08:07:02,106 - __main__ - INFO - [INFO] 2023-04-06 08:07:02.106262 Epoch [51/100] batch [257/391] loss 0.9546 lr 0.05000000000000004 acc 78.91% eta 1:16:12
2023-04-06 08:07:39,261 - __main__ - INFO - [INFO] 2023-04-06 08:07:39.261651 Epoch [51/100] batch [385/391] loss 0.7290 lr 0.05000000000000004 acc 84.38% eta 1:15:35
2023-04-06 08:07:40,936 - __main__ - INFO - Computing epoch 51 validation accuracy...
2023-04-06 08:07:48,151 - __main__ - INFO - Computing epoch 51 validation loss...
2023-04-06 08:07:55,508 - __main__ - INFO - [INFO] 2023-04-06 08:07:55.507903 Epoch [52/100] batch [1/391] loss 0.7144 lr 0.04842946204609362 acc 85.16% eta 1:18:08
2023-04-06 08:08:32,783 - __main__ - INFO - [INFO] 2023-04-06 08:08:32.783096 Epoch [52/100] batch [129/391] loss 0.5850 lr 0.04842946204609362 acc 84.38% eta 1:14:55
2023-04-06 08:09:10,008 - __main__ - INFO - [INFO] 2023-04-06 08:09:10.008657 Epoch [52/100] batch [257/391] loss 0.8794 lr 0.04842946204609362 acc 75.78% eta 1:14:23
2023-04-06 08:09:47,318 - __main__ - INFO - [INFO] 2023-04-06 08:09:47.318023 Epoch [52/100] batch [385/391] loss 0.8350 lr 0.04842946204609362 acc 79.69% eta 1:13:56
2023-04-06 08:09:48,974 - __main__ - INFO - Computing epoch 52 validation accuracy...
2023-04-06 08:09:56,055 - __main__ - INFO - Computing epoch 52 validation loss...
2023-04-06 08:10:03,381 - __main__ - INFO - [INFO] 2023-04-06 08:10:03.381546 Epoch [53/100] batch [1/391] loss 0.8110 lr 0.04686047402353437 acc 82.81% eta 1:15:19
2023-04-06 08:10:40,535 - __main__ - INFO - [INFO] 2023-04-06 08:10:40.535587 Epoch [53/100] batch [129/391] loss 0.7563 lr 0.04686047402353437 acc 83.59% eta 1:13:22
2023-04-06 08:11:17,824 - __main__ - INFO - [INFO] 2023-04-06 08:11:17.824414 Epoch [53/100] batch [257/391] loss 0.7305 lr 0.04686047402353437 acc 81.25% eta 1:12:58
2023-04-06 08:11:55,219 - __main__ - INFO - [INFO] 2023-04-06 08:11:55.219817 Epoch [53/100] batch [385/391] loss 0.6943 lr 0.04686047402353437 acc 82.03% eta 1:12:33
2023-04-06 08:11:56,871 - __main__ - INFO - Computing epoch 53 validation accuracy...
2023-04-06 08:12:03,897 - __main__ - INFO - Computing epoch 53 validation loss...
2023-04-06 08:12:11,282 - __main__ - INFO - [INFO] 2023-04-06 08:12:11.282714 Epoch [54/100] batch [1/391] loss 0.6772 lr 0.045294584334074316 acc 85.94% eta 1:19:45
2023-04-06 08:12:48,450 - __main__ - INFO - [INFO] 2023-04-06 08:12:48.450461 Epoch [54/100] batch [129/391] loss 0.4697 lr 0.045294584334074316 acc 91.41% eta 1:11:44
2023-04-06 08:13:25,698 - __main__ - INFO - [INFO] 2023-04-06 08:13:25.698556 Epoch [54/100] batch [257/391] loss 0.7627 lr 0.045294584334074316 acc 86.72% eta 1:11:23
2023-04-06 08:14:02,866 - __main__ - INFO - [INFO] 2023-04-06 08:14:02.866737 Epoch [54/100] batch [385/391] loss 0.7944 lr 0.045294584334074316 acc 79.69% eta 1:10:52
2023-04-06 08:14:04,505 - __main__ - INFO - Computing epoch 54 validation accuracy...
2023-04-06 08:14:11,566 - __main__ - INFO - Computing epoch 54 validation loss...
2023-04-06 08:14:18,845 - __main__ - INFO - [INFO] 2023-04-06 08:14:18.845165 Epoch [55/100] batch [1/391] loss 0.6416 lr 0.043733338321784825 acc 87.50% eta 1:12:00
2023-04-06 08:14:56,027 - __main__ - INFO - [INFO] 2023-04-06 08:14:56.026900 Epoch [55/100] batch [129/391] loss 0.7554 lr 0.043733338321784825 acc 82.81% eta 1:10:20
2023-04-06 08:15:33,405 - __main__ - INFO - [INFO] 2023-04-06 08:15:33.405007 Epoch [55/100] batch [257/391] loss 0.7920 lr 0.043733338321784825 acc 79.69% eta 1:10:00
2023-04-06 08:16:10,494 - __main__ - INFO - [INFO] 2023-04-06 08:16:10.494782 Epoch [55/100] batch [385/391] loss 1.1055 lr 0.043733338321784825 acc 76.56% eta 1:09:21
2023-04-06 08:16:12,172 - __main__ - INFO - Computing epoch 55 validation accuracy...
2023-04-06 08:16:19,193 - __main__ - INFO - Computing epoch 55 validation loss...
2023-04-06 08:16:26,523 - __main__ - INFO - [INFO] 2023-04-06 08:16:26.523796 Epoch [56/100] batch [1/391] loss 0.7412 lr 0.042178276747988484 acc 84.38% eta 1:10:53
2023-04-06 08:17:03,765 - __main__ - INFO - [INFO] 2023-04-06 08:17:03.765202 Epoch [56/100] batch [129/391] loss 0.6919 lr 0.042178276747988484 acc 82.03% eta 1:08:52
2023-04-06 08:17:40,982 - __main__ - INFO - [INFO] 2023-04-06 08:17:40.981868 Epoch [56/100] batch [257/391] loss 0.7485 lr 0.042178276747988484 acc 80.47% eta 1:08:22
2023-04-06 08:18:18,334 - __main__ - INFO - [INFO] 2023-04-06 08:18:18.334521 Epoch [56/100] batch [385/391] loss 0.7949 lr 0.042178276747988484 acc 78.12% eta 1:07:56
2023-04-06 08:18:19,992 - __main__ - INFO - Computing epoch 56 validation accuracy...
2023-04-06 08:18:27,045 - __main__ - INFO - Computing epoch 56 validation loss...
2023-04-06 08:18:34,296 - __main__ - INFO - [INFO] 2023-04-06 08:18:34.296748 Epoch [57/100] batch [1/391] loss 0.6562 lr 0.0406309342707138 acc 85.94% eta 1:08:09
2023-04-06 08:19:11,470 - __main__ - INFO - [INFO] 2023-04-06 08:19:11.470364 Epoch [57/100] batch [129/391] loss 0.5298 lr 0.0406309342707138 acc 87.50% eta 1:07:09
2023-04-06 08:19:48,683 - __main__ - INFO - [INFO] 2023-04-06 08:19:48.683026 Epoch [57/100] batch [257/391] loss 0.7549 lr 0.0406309342707138 acc 82.81% eta 1:06:43
2023-04-06 08:20:25,754 - __main__ - INFO - [INFO] 2023-04-06 08:20:25.754094 Epoch [57/100] batch [385/391] loss 0.7686 lr 0.0406309342707138 acc 82.81% eta 1:06:08
2023-04-06 08:20:27,429 - __main__ - INFO - Computing epoch 57 validation accuracy...
2023-04-06 08:20:34,509 - __main__ - INFO - Computing epoch 57 validation loss...
2023-04-06 08:20:41,867 - __main__ - INFO - [INFO] 2023-04-06 08:20:41.866941 Epoch [58/100] batch [1/391] loss 0.5171 lr 0.039092837930172916 acc 86.72% eta 1:06:56
2023-04-06 08:21:19,429 - __main__ - INFO - [INFO] 2023-04-06 08:21:19.429738 Epoch [58/100] batch [129/391] loss 0.5737 lr 0.039092837930172916 acc 85.94% eta 1:06:27
2023-04-06 08:21:56,752 - __main__ - INFO - [INFO] 2023-04-06 08:21:56.752697 Epoch [58/100] batch [257/391] loss 0.8247 lr 0.039092837930172916 acc 83.59% eta 1:05:40
2023-04-06 08:22:34,000 - __main__ - INFO - [INFO] 2023-04-06 08:22:34.000597 Epoch [58/100] batch [385/391] loss 0.6582 lr 0.039092837930172916 acc 81.25% eta 1:05:05
2023-04-06 08:22:35,680 - __main__ - INFO - Computing epoch 58 validation accuracy...
2023-04-06 08:22:42,846 - __main__ - INFO - Computing epoch 58 validation loss...
2023-04-06 08:22:50,229 - __main__ - INFO - [INFO] 2023-04-06 08:22:50.229037 Epoch [59/100] batch [1/391] loss 0.5752 lr 0.037565505641757285 acc 85.16% eta 1:07:01
2023-04-06 08:23:27,593 - __main__ - INFO - [INFO] 2023-04-06 08:23:27.592975 Epoch [59/100] batch [129/391] loss 0.6543 lr 0.037565505641757285 acc 85.16% eta 1:04:26
2023-04-06 08:24:05,015 - __main__ - INFO - [INFO] 2023-04-06 08:24:05.014941 Epoch [59/100] batch [257/391] loss 0.5947 lr 0.037565505641757285 acc 89.84% eta 1:03:59
2023-04-06 08:24:42,369 - __main__ - INFO - [INFO] 2023-04-06 08:24:42.369192 Epoch [59/100] batch [385/391] loss 0.7598 lr 0.037565505641757285 acc 79.69% eta 1:03:27
2023-04-06 08:24:44,046 - __main__ - INFO - Computing epoch 59 validation accuracy...
2023-04-06 08:24:51,081 - __main__ - INFO - Computing epoch 59 validation loss...
2023-04-06 08:24:58,390 - __main__ - INFO - [INFO] 2023-04-06 08:24:58.389836 Epoch [60/100] batch [1/391] loss 0.5674 lr 0.03605044469803857 acc 87.50% eta 1:05:15
2023-04-06 08:25:35,838 - __main__ - INFO - [INFO] 2023-04-06 08:25:35.838112 Epoch [60/100] batch [129/391] loss 0.5977 lr 0.03605044469803857 acc 87.50% eta 1:03:12
2023-04-06 08:26:13,056 - __main__ - INFO - [INFO] 2023-04-06 08:26:13.056521 Epoch [60/100] batch [257/391] loss 0.6367 lr 0.03605044469803857 acc 88.28% eta 1:02:29
2023-04-06 08:26:50,314 - __main__ - INFO - [INFO] 2023-04-06 08:26:50.314331 Epoch [60/100] batch [385/391] loss 0.7607 lr 0.03605044469803857 acc 82.81% eta 1:01:53
2023-04-06 08:26:51,997 - __main__ - INFO - Computing epoch 60 validation accuracy...
2023-04-06 08:26:59,092 - __main__ - INFO - Computing epoch 60 validation loss...
2023-04-06 08:27:06,366 - __main__ - INFO - [INFO] 2023-04-06 08:27:06.366125 Epoch [61/100] batch [1/391] loss 0.4868 lr 0.034549150281252675 acc 89.84% eta 1:05:42
2023-04-06 08:27:43,701 - __main__ - INFO - [INFO] 2023-04-06 08:27:43.701206 Epoch [61/100] batch [129/391] loss 0.5132 lr 0.034549150281252675 acc 92.19% eta 1:01:20
2023-04-06 08:28:20,952 - __main__ - INFO - [INFO] 2023-04-06 08:28:20.952295 Epoch [61/100] batch [257/391] loss 0.5396 lr 0.034549150281252675 acc 90.62% eta 1:00:45
2023-04-06 08:28:58,324 - __main__ - INFO - [INFO] 2023-04-06 08:28:58.324470 Epoch [61/100] batch [385/391] loss 0.8882 lr 0.034549150281252675 acc 82.03% eta 1:00:15
2023-04-06 08:28:59,982 - __main__ - INFO - Computing epoch 61 validation accuracy...
2023-04-06 08:29:07,113 - __main__ - INFO - Computing epoch 61 validation loss...
2023-04-06 08:29:14,549 - __main__ - INFO - [INFO] 2023-04-06 08:29:14.549176 Epoch [62/100] batch [1/391] loss 0.4578 lr 0.03306310398773546 acc 86.72% eta 1:02:07
2023-04-06 08:29:51,766 - __main__ - INFO - [INFO] 2023-04-06 08:29:51.766682 Epoch [62/100] batch [129/391] loss 0.6709 lr 0.03306310398773546 acc 87.50% eta 0:59:35
2023-04-06 08:30:29,254 - __main__ - INFO - [INFO] 2023-04-06 08:30:29.254476 Epoch [62/100] batch [257/391] loss 0.5122 lr 0.03306310398773546 acc 89.84% eta 0:59:18
2023-04-06 08:31:06,489 - __main__ - INFO - [INFO] 2023-04-06 08:31:06.489366 Epoch [62/100] batch [385/391] loss 0.6660 lr 0.03306310398773546 acc 85.94% eta 0:58:44
2023-04-06 08:31:08,154 - __main__ - INFO - Computing epoch 62 validation accuracy...
2023-04-06 08:31:15,256 - __main__ - INFO - Computing epoch 62 validation loss...
2023-04-06 08:31:22,668 - __main__ - INFO - [INFO] 2023-04-06 08:31:22.668234 Epoch [63/100] batch [1/391] loss 0.4395 lr 0.031593772365766146 acc 89.06% eta 1:00:38
2023-04-06 08:32:00,194 - __main__ - INFO - [INFO] 2023-04-06 08:32:00.194277 Epoch [63/100] batch [129/391] loss 0.5264 lr 0.031593772365766146 acc 86.72% eta 0:58:39
2023-04-06 08:32:37,449 - __main__ - INFO - [INFO] 2023-04-06 08:32:37.448963 Epoch [63/100] batch [257/391] loss 0.6084 lr 0.031593772365766146 acc 90.62% eta 0:57:48
2023-04-06 08:33:14,707 - __main__ - INFO - [INFO] 2023-04-06 08:33:14.707208 Epoch [63/100] batch [385/391] loss 0.5620 lr 0.031593772365766146 acc 90.62% eta 0:57:14
2023-04-06 08:33:16,388 - __main__ - INFO - Computing epoch 63 validation accuracy...
2023-04-06 08:33:23,483 - __main__ - INFO - Computing epoch 63 validation loss...
2023-04-06 08:33:30,855 - __main__ - INFO - [INFO] 2023-04-06 08:33:30.855472 Epoch [64/100] batch [1/391] loss 0.6001 lr 0.030142605468260992 acc 82.81% eta 0:58:14
2023-04-06 08:34:00,926 - __main__ - INFO - [INFO] 2023-04-06 08:34:00.926357 Epoch [64/100] batch [129/391] loss 0.4841 lr 0.030142605468260992 acc 89.84% eta 0:46:36
2023-04-06 08:34:28,532 - __main__ - INFO - [INFO] 2023-04-06 08:34:28.532345 Epoch [64/100] batch [257/391] loss 0.6514 lr 0.030142605468260992 acc 85.94% eta 0:44:26
2023-04-06 08:35:04,312 - __main__ - INFO - [INFO] 2023-04-06 08:35:04.312346 Epoch [64/100] batch [385/391] loss 0.5850 lr 0.030142605468260992 acc 85.16% eta 0:47:11
2023-04-06 08:35:06,027 - __main__ - INFO - Computing epoch 64 validation accuracy...
2023-04-06 08:35:13,064 - __main__ - INFO - Computing epoch 64 validation loss...
2023-04-06 08:35:20,403 - __main__ - INFO - [INFO] 2023-04-06 08:35:20.403784 Epoch [65/100] batch [1/391] loss 0.5034 lr 0.028711035421746394 acc 90.62% eta 0:56:00
2023-04-06 08:35:57,650 - __main__ - INFO - [INFO] 2023-04-06 08:35:57.650196 Epoch [65/100] batch [129/391] loss 0.5327 lr 0.028711035421746394 acc 91.41% eta 0:54:55
2023-04-06 08:36:34,890 - __main__ - INFO - [INFO] 2023-04-06 08:36:34.890760 Epoch [65/100] batch [257/391] loss 0.3586 lr 0.028711035421746394 acc 91.41% eta 0:54:28
2023-04-06 08:37:12,196 - __main__ - INFO - [INFO] 2023-04-06 08:37:12.196782 Epoch [65/100] batch [385/391] loss 0.5181 lr 0.028711035421746394 acc 89.06% eta 0:54:01
2023-04-06 08:37:13,863 - __main__ - INFO - Computing epoch 65 validation accuracy...
2023-04-06 08:37:20,890 - __main__ - INFO - Computing epoch 65 validation loss...
2023-04-06 08:37:28,210 - __main__ - INFO - [INFO] 2023-04-06 08:37:28.210623 Epoch [66/100] batch [1/391] loss 0.3857 lr 0.027300475013022688 acc 92.19% eta 0:56:59
2023-04-06 08:38:05,585 - __main__ - INFO - [INFO] 2023-04-06 08:38:05.585301 Epoch [66/100] batch [129/391] loss 0.3535 lr 0.027300475013022688 acc 95.31% eta 0:53:45
2023-04-06 08:38:42,953 - __main__ - INFO - [INFO] 2023-04-06 08:38:42.952979 Epoch [66/100] batch [257/391] loss 0.3748 lr 0.027300475013022688 acc 94.53% eta 0:53:14
2023-04-06 08:39:20,544 - __main__ - INFO - [INFO] 2023-04-06 08:39:20.544028 Epoch [66/100] batch [385/391] loss 0.5962 lr 0.027300475013022688 acc 91.41% eta 0:52:47
2023-04-06 08:39:22,228 - __main__ - INFO - Computing epoch 66 validation accuracy...
2023-04-06 08:39:29,295 - __main__ - INFO - Computing epoch 66 validation loss...
2023-04-06 08:39:36,711 - __main__ - INFO - [INFO] 2023-04-06 08:39:36.711099 Epoch [67/100] batch [1/391] loss 0.5884 lr 0.025912316294914254 acc 83.59% eta 0:54:45
2023-04-06 08:40:14,104 - __main__ - INFO - [INFO] 2023-04-06 08:40:14.104004 Epoch [67/100] batch [129/391] loss 0.4812 lr 0.025912316294914254 acc 89.84% eta 0:52:08
2023-04-06 08:40:51,458 - __main__ - INFO - [INFO] 2023-04-06 08:40:51.457850 Epoch [67/100] batch [257/391] loss 0.4001 lr 0.025912316294914254 acc 96.09% eta 0:51:33
2023-04-06 08:41:28,745 - __main__ - INFO - [INFO] 2023-04-06 08:41:28.745373 Epoch [67/100] batch [385/391] loss 0.5811 lr 0.025912316294914254 acc 92.19% eta 0:51:02
2023-04-06 08:41:30,444 - __main__ - INFO - Computing epoch 67 validation accuracy...
2023-04-06 08:41:37,642 - __main__ - INFO - Computing epoch 67 validation loss...
2023-04-06 08:41:45,056 - __main__ - INFO - [INFO] 2023-04-06 08:41:45.056785 Epoch [68/100] batch [1/391] loss 0.3687 lr 0.02454792921248146 acc 91.41% eta 0:51:44
2023-04-06 08:42:22,585 - __main__ - INFO - [INFO] 2023-04-06 08:42:22.585549 Epoch [68/100] batch [129/391] loss 0.4370 lr 0.02454792921248146 acc 91.41% eta 0:50:50
2023-04-06 08:42:59,957 - __main__ - INFO - [INFO] 2023-04-06 08:42:59.957023 Epoch [68/100] batch [257/391] loss 0.4778 lr 0.02454792921248146 acc 91.41% eta 0:50:12
2023-04-06 08:43:37,644 - __main__ - INFO - [INFO] 2023-04-06 08:43:37.644453 Epoch [68/100] batch [385/391] loss 0.3901 lr 0.02454792921248146 acc 95.31% eta 0:49:46
2023-04-06 08:43:39,308 - __main__ - INFO - Computing epoch 68 validation accuracy...
2023-04-06 08:43:46,282 - __main__ - INFO - Computing epoch 68 validation loss...
2023-04-06 08:43:53,758 - __main__ - INFO - [INFO] 2023-04-06 08:43:53.757894 Epoch [69/100] batch [1/391] loss 0.3196 lr 0.02320866025105018 acc 96.09% eta 0:51:09
2023-04-06 08:44:31,051 - __main__ - INFO - [INFO] 2023-04-06 08:44:31.051239 Epoch [69/100] batch [129/391] loss 0.3433 lr 0.02320866025105018 acc 93.75% eta 0:48:50
2023-04-06 08:45:08,303 - __main__ - INFO - [INFO] 2023-04-06 08:45:08.303642 Epoch [69/100] batch [257/391] loss 0.3538 lr 0.02320866025105018 acc 96.88% eta 0:48:19
2023-04-06 08:45:45,719 - __main__ - INFO - [INFO] 2023-04-06 08:45:45.718894 Epoch [69/100] batch [385/391] loss 0.4414 lr 0.02320866025105018 acc 91.41% eta 0:47:54
2023-04-06 08:45:47,435 - __main__ - INFO - Computing epoch 69 validation accuracy...
2023-04-06 08:45:54,485 - __main__ - INFO - Computing epoch 69 validation loss...
2023-04-06 08:46:01,808 - __main__ - INFO - [INFO] 2023-04-06 08:46:01.808251 Epoch [70/100] batch [1/391] loss 0.2756 lr 0.021895831107393487 acc 95.31% eta 0:49:29
2023-04-06 08:46:39,303 - __main__ - INFO - [INFO] 2023-04-06 08:46:39.303265 Epoch [70/100] batch [129/391] loss 0.2925 lr 0.021895831107393487 acc 96.09% eta 0:47:45
2023-04-06 08:47:16,672 - __main__ - INFO - [INFO] 2023-04-06 08:47:16.671934 Epoch [70/100] batch [257/391] loss 0.4263 lr 0.021895831107393487 acc 94.53% eta 0:47:06
2023-04-06 08:47:53,978 - __main__ - INFO - [INFO] 2023-04-06 08:47:53.978111 Epoch [70/100] batch [385/391] loss 0.3301 lr 0.021895831107393487 acc 93.75% eta 0:46:29
2023-04-06 08:47:55,671 - __main__ - INFO - Computing epoch 70 validation accuracy...
2023-04-06 08:48:02,697 - __main__ - INFO - Computing epoch 70 validation loss...
2023-04-06 08:48:10,159 - __main__ - INFO - [INFO] 2023-04-06 08:48:10.158999 Epoch [71/100] batch [1/391] loss 0.3765 lr 0.02061073738537637 acc 92.19% eta 0:48:57
2023-04-06 08:48:47,665 - __main__ - INFO - [INFO] 2023-04-06 08:48:47.665500 Epoch [71/100] batch [129/391] loss 0.2800 lr 0.02061073738537637 acc 93.75% eta 0:46:10
2023-04-06 08:49:24,866 - __main__ - INFO - [INFO] 2023-04-06 08:49:24.866144 Epoch [71/100] batch [257/391] loss 0.3101 lr 0.02061073738537637 acc 97.66% eta 0:45:23
2023-04-06 08:50:02,107 - __main__ - INFO - [INFO] 2023-04-06 08:50:02.107806 Epoch [71/100] batch [385/391] loss 0.3567 lr 0.02061073738537637 acc 97.66% eta 0:44:50
2023-04-06 08:50:03,759 - __main__ - INFO - Computing epoch 71 validation accuracy...
2023-04-06 08:50:10,794 - __main__ - INFO - Computing epoch 71 validation loss...
2023-04-06 08:50:18,103 - __main__ - INFO - [INFO] 2023-04-06 08:50:18.103918 Epoch [72/100] batch [1/391] loss 0.2791 lr 0.01935464731735119 acc 96.09% eta 0:47:04
2023-04-06 08:50:55,587 - __main__ - INFO - [INFO] 2023-04-06 08:50:55.587731 Epoch [72/100] batch [129/391] loss 0.2322 lr 0.01935464731735119 acc 97.66% eta 0:44:33
2023-04-06 08:51:32,842 - __main__ - INFO - [INFO] 2023-04-06 08:51:32.842014 Epoch [72/100] batch [257/391] loss 0.3228 lr 0.01935464731735119 acc 94.53% eta 0:43:52
2023-04-06 08:52:10,021 - __main__ - INFO - [INFO] 2023-04-06 08:52:10.021348 Epoch [72/100] batch [385/391] loss 0.4285 lr 0.01935464731735119 acc 92.19% eta 0:43:16
2023-04-06 08:52:11,724 - __main__ - INFO - Computing epoch 72 validation accuracy...
2023-04-06 08:52:18,777 - __main__ - INFO - Computing epoch 72 validation loss...
2023-04-06 08:52:26,093 - __main__ - INFO - [INFO] 2023-04-06 08:52:26.093792 Epoch [73/100] batch [1/391] loss 0.2793 lr 0.018128800512565532 acc 96.09% eta 0:44:39
2023-04-06 08:53:03,647 - __main__ - INFO - [INFO] 2023-04-06 08:53:03.647817 Epoch [73/100] batch [129/391] loss 0.2391 lr 0.018128800512565532 acc 98.44% eta 0:43:05
2023-04-06 08:53:40,997 - __main__ - INFO - [INFO] 2023-04-06 08:53:40.997217 Epoch [73/100] batch [257/391] loss 0.1632 lr 0.018128800512565532 acc 97.66% eta 0:42:26
2023-04-06 08:54:18,354 - __main__ - INFO - [INFO] 2023-04-06 08:54:18.354246 Epoch [73/100] batch [385/391] loss 0.2549 lr 0.018128800512565532 acc 98.44% eta 0:41:54
2023-04-06 08:54:20,038 - __main__ - INFO - Computing epoch 73 validation accuracy...
2023-04-06 08:54:27,345 - __main__ - INFO - Computing epoch 73 validation loss...
2023-04-06 08:54:34,758 - __main__ - INFO - [INFO] 2023-04-06 08:54:34.758353 Epoch [74/100] batch [1/391] loss 0.1841 lr 0.016934406733817433 acc 97.66% eta 0:42:11
2023-04-06 08:55:11,944 - __main__ - INFO - [INFO] 2023-04-06 08:55:11.944160 Epoch [74/100] batch [129/391] loss 0.2266 lr 0.016934406733817433 acc 99.22% eta 0:41:06
2023-04-06 08:55:49,399 - __main__ - INFO - [INFO] 2023-04-06 08:55:49.398834 Epoch [74/100] batch [257/391] loss 0.2727 lr 0.016934406733817433 acc 96.88% eta 0:40:43
2023-04-06 08:56:26,888 - __main__ - INFO - [INFO] 2023-04-06 08:56:26.888517 Epoch [74/100] batch [385/391] loss 0.3057 lr 0.016934406733817433 acc 97.66% eta 0:40:15
2023-04-06 08:56:28,571 - __main__ - INFO - Computing epoch 74 validation accuracy...
2023-04-06 08:56:35,662 - __main__ - INFO - Computing epoch 74 validation loss...
2023-04-06 08:56:43,154 - __main__ - INFO - [INFO] 2023-04-06 08:56:43.154476 Epoch [75/100] batch [1/391] loss 0.2117 lr 0.01577264470356558 acc 97.66% eta 0:41:15
2023-04-06 08:57:20,624 - __main__ - INFO - [INFO] 2023-04-06 08:57:20.624633 Epoch [75/100] batch [129/391] loss 0.1494 lr 0.01577264470356558 acc 99.22% eta 0:39:51
2023-04-06 08:57:57,849 - __main__ - INFO - [INFO] 2023-04-06 08:57:57.849545 Epoch [75/100] batch [257/391] loss 0.1831 lr 0.01577264470356558 acc 98.44% eta 0:39:12
2023-04-06 08:58:35,366 - __main__ - INFO - [INFO] 2023-04-06 08:58:35.366054 Epoch [75/100] batch [385/391] loss 0.2666 lr 0.01577264470356558 acc 97.66% eta 0:38:43
2023-04-06 08:58:37,042 - __main__ - INFO - Computing epoch 75 validation accuracy...
2023-04-06 08:58:44,175 - __main__ - INFO - Computing epoch 75 validation loss...
2023-04-06 08:58:51,476 - __main__ - INFO - [INFO] 2023-04-06 08:58:51.475962 Epoch [76/100] batch [1/391] loss 0.1858 lr 0.014644660940672643 acc 98.44% eta 0:39:34
2023-04-06 08:59:29,218 - __main__ - INFO - [INFO] 2023-04-06 08:59:29.218239 Epoch [76/100] batch [129/391] loss 0.1542 lr 0.014644660940672643 acc 99.22% eta 0:38:30
2023-04-06 09:00:06,243 - __main__ - INFO - [INFO] 2023-04-06 09:00:06.243535 Epoch [76/100] batch [257/391] loss 0.2417 lr 0.014644660940672643 acc 100.00% eta 0:37:36
2023-04-06 09:00:43,628 - __main__ - INFO - [INFO] 2023-04-06 09:00:43.628016 Epoch [76/100] batch [385/391] loss 0.2074 lr 0.014644660940672643 acc 97.66% eta 0:37:06
2023-04-06 09:00:45,325 - __main__ - INFO - Computing epoch 76 validation accuracy...
2023-04-06 09:00:52,382 - __main__ - INFO - Computing epoch 76 validation loss...
2023-04-06 09:00:59,691 - __main__ - INFO - [INFO] 2023-04-06 09:00:59.690949 Epoch [77/100] batch [1/391] loss 0.1406 lr 0.013551568628929448 acc 99.22% eta 0:39:36
2023-04-06 09:01:37,135 - __main__ - INFO - [INFO] 2023-04-06 09:01:37.135762 Epoch [77/100] batch [129/391] loss 0.1415 lr 0.013551568628929448 acc 99.22% eta 0:36:41
2023-04-06 09:02:14,563 - __main__ - INFO - [INFO] 2023-04-06 09:02:14.563360 Epoch [77/100] batch [257/391] loss 0.1350 lr 0.013551568628929448 acc 99.22% eta 0:36:11
2023-04-06 09:02:51,882 - __main__ - INFO - [INFO] 2023-04-06 09:02:51.882233 Epoch [77/100] batch [385/391] loss 0.1821 lr 0.013551568628929448 acc 98.44% eta 0:35:37
2023-04-06 09:02:53,568 - __main__ - INFO - Computing epoch 77 validation accuracy...
2023-04-06 09:03:00,588 - __main__ - INFO - Computing epoch 77 validation loss...
2023-04-06 09:03:07,857 - __main__ - INFO - [INFO] 2023-04-06 09:03:07.856885 Epoch [78/100] batch [1/391] loss 0.1271 lr 0.012494446518477033 acc 100.00% eta 0:36:40
2023-04-06 09:03:45,881 - __main__ - INFO - [INFO] 2023-04-06 09:03:45.881599 Epoch [78/100] batch [129/391] loss 0.0897 lr 0.012494446518477033 acc 100.00% eta 0:35:41
2023-04-06 09:04:23,273 - __main__ - INFO - [INFO] 2023-04-06 09:04:23.272972 Epoch [78/100] batch [257/391] loss 0.1665 lr 0.012494446518477033 acc 100.00% eta 0:34:52
2023-04-06 09:05:01,030 - __main__ - INFO - [INFO] 2023-04-06 09:05:01.029969 Epoch [78/100] batch [385/391] loss 0.2096 lr 0.012494446518477033 acc 98.44% eta 0:34:22
2023-04-06 09:05:02,696 - __main__ - INFO - Computing epoch 78 validation accuracy...
2023-04-06 09:05:09,713 - __main__ - INFO - Computing epoch 78 validation loss...
2023-04-06 09:05:17,254 - __main__ - INFO - [INFO] 2023-04-06 09:05:17.254587 Epoch [79/100] batch [1/391] loss 0.0769 lr 0.011474337861210555 acc 99.22% eta 0:37:24
2023-04-06 09:05:55,060 - __main__ - INFO - [INFO] 2023-04-06 09:05:55.060448 Epoch [79/100] batch [129/391] loss 0.0598 lr 0.011474337861210555 acc 100.00% eta 0:33:53
2023-04-06 09:06:32,586 - __main__ - INFO - [INFO] 2023-04-06 09:06:32.586078 Epoch [79/100] batch [257/391] loss 0.1158 lr 0.011474337861210555 acc 99.22% eta 0:33:17
2023-04-06 09:07:09,763 - __main__ - INFO - [INFO] 2023-04-06 09:07:09.762865 Epoch [79/100] batch [385/391] loss 0.2573 lr 0.011474337861210555 acc 98.44% eta 0:32:37
2023-04-06 09:07:11,408 - __main__ - INFO - Computing epoch 79 validation accuracy...
2023-04-06 09:07:18,559 - __main__ - INFO - Computing epoch 79 validation loss...
2023-04-06 09:07:25,920 - __main__ - INFO - [INFO] 2023-04-06 09:07:25.920694 Epoch [80/100] batch [1/391] loss 0.0703 lr 0.01049224938121549 acc 100.00% eta 0:32:59
2023-04-06 09:08:03,129 - __main__ - INFO - [INFO] 2023-04-06 09:08:03.129269 Epoch [80/100] batch [129/391] loss 0.1274 lr 0.01049224938121549 acc 98.44% eta 0:31:49
2023-04-06 09:08:40,447 - __main__ - INFO - [INFO] 2023-04-06 09:08:40.447537 Epoch [80/100] batch [257/391] loss 0.0699 lr 0.01049224938121549 acc 100.00% eta 0:31:22
2023-04-06 09:09:18,291 - __main__ - INFO - [INFO] 2023-04-06 09:09:18.291030 Epoch [80/100] batch [385/391] loss 0.0900 lr 0.01049224938121549 acc 100.00% eta 0:31:01
2023-04-06 09:09:19,957 - __main__ - INFO - Computing epoch 80 validation accuracy...
2023-04-06 09:09:27,114 - __main__ - INFO - Computing epoch 80 validation loss...
2023-04-06 09:09:34,544 - __main__ - INFO - [INFO] 2023-04-06 09:09:34.544552 Epoch [81/100] batch [1/391] loss 0.0843 lr 0.009549150281252642 acc 99.22% eta 0:32:16
2023-04-06 09:10:12,146 - __main__ - INFO - [INFO] 2023-04-06 09:10:12.146655 Epoch [81/100] batch [129/391] loss 0.0814 lr 0.009549150281252642 acc 99.22% eta 0:30:39
2023-04-06 09:10:49,683 - __main__ - INFO - [INFO] 2023-04-06 09:10:49.683743 Epoch [81/100] batch [257/391] loss 0.0849 lr 0.009549150281252642 acc 99.22% eta 0:30:07
2023-04-06 09:11:27,165 - __main__ - INFO - [INFO] 2023-04-06 09:11:27.165701 Epoch [81/100] batch [385/391] loss 0.0523 lr 0.009549150281252642 acc 100.00% eta 0:29:34
2023-04-06 09:11:28,856 - __main__ - INFO - Computing epoch 81 validation accuracy...
2023-04-06 09:11:35,998 - __main__ - INFO - Computing epoch 81 validation loss...
2023-04-06 09:11:43,355 - __main__ - INFO - [INFO] 2023-04-06 09:11:43.355583 Epoch [82/100] batch [1/391] loss 0.0689 lr 0.008645971286271922 acc 100.00% eta 0:30:08
2023-04-06 09:12:20,769 - __main__ - INFO - [INFO] 2023-04-06 09:12:20.769321 Epoch [82/100] batch [129/391] loss 0.0742 lr 0.008645971286271922 acc 100.00% eta 0:28:51
2023-04-06 09:12:58,047 - __main__ - INFO - [INFO] 2023-04-06 09:12:58.047183 Epoch [82/100] batch [257/391] loss 0.0313 lr 0.008645971286271922 acc 100.00% eta 0:28:20
2023-04-06 09:13:35,575 - __main__ - INFO - [INFO] 2023-04-06 09:13:35.575730 Epoch [82/100] batch [385/391] loss 0.0970 lr 0.008645971286271922 acc 100.00% eta 0:27:53
2023-04-06 09:13:37,233 - __main__ - INFO - Computing epoch 82 validation accuracy...
2023-04-06 09:13:44,346 - __main__ - INFO - Computing epoch 82 validation loss...
2023-04-06 09:13:51,741 - __main__ - INFO - [INFO] 2023-04-06 09:13:51.741306 Epoch [83/100] batch [1/391] loss 0.0603 lr 0.007783603724899264 acc 100.00% eta 0:28:11
2023-04-06 09:14:29,015 - __main__ - INFO - [INFO] 2023-04-06 09:14:29.015751 Epoch [83/100] batch [129/391] loss 0.0491 lr 0.007783603724899264 acc 100.00% eta 0:27:16
2023-04-06 09:14:59,905 - __main__ - INFO - [INFO] 2023-04-06 09:14:59.905575 Epoch [83/100] batch [257/391] loss 0.0286 lr 0.007783603724899264 acc 100.00% eta 0:24:38
2023-04-06 09:15:27,317 - __main__ - INFO - [INFO] 2023-04-06 09:15:27.317251 Epoch [83/100] batch [385/391] loss 0.0367 lr 0.007783603724899264 acc 100.00% eta 0:22:42
2023-04-06 09:15:28,579 - __main__ - INFO - Computing epoch 83 validation accuracy...
2023-04-06 09:15:34,953 - __main__ - INFO - Computing epoch 83 validation loss...
2023-04-06 09:15:41,968 - __main__ - INFO - [INFO] 2023-04-06 09:15:41.968234 Epoch [84/100] batch [1/391] loss 0.0368 lr 0.006962898649802819 acc 100.00% eta 0:23:06
2023-04-06 09:16:16,785 - __main__ - INFO - [INFO] 2023-04-06 09:16:16.785452 Epoch [84/100] batch [129/391] loss 0.0741 lr 0.006962898649802819 acc 100.00% eta 0:24:06
2023-04-06 09:16:51,663 - __main__ - INFO - [INFO] 2023-04-06 09:16:51.663042 Epoch [84/100] batch [257/391] loss 0.0305 lr 0.006962898649802819 acc 100.00% eta 0:23:38
2023-04-06 09:17:25,979 - __main__ - INFO - [INFO] 2023-04-06 09:17:25.979172 Epoch [84/100] batch [385/391] loss 0.0534 lr 0.006962898649802819 acc 100.00% eta 0:23:04
2023-04-06 09:17:27,515 - __main__ - INFO - Computing epoch 84 validation accuracy...
2023-04-06 09:17:34,269 - __main__ - INFO - Computing epoch 84 validation loss...
2023-04-06 09:17:41,151 - __main__ - INFO - [INFO] 2023-04-06 09:17:41.151216 Epoch [85/100] batch [1/391] loss 0.0195 lr 0.0061846659978068265 acc 100.00% eta 0:30:04
2023-04-06 09:18:16,410 - __main__ - INFO - [INFO] 2023-04-06 09:18:16.410348 Epoch [85/100] batch [129/391] loss 0.0358 lr 0.0061846659978068265 acc 100.00% eta 0:22:59
2023-04-06 09:18:51,060 - __main__ - INFO - [INFO] 2023-04-06 09:18:51.060639 Epoch [85/100] batch [257/391] loss 0.0435 lr 0.0061846659978068265 acc 100.00% eta 0:22:17
2023-04-06 09:19:26,105 - __main__ - INFO - [INFO] 2023-04-06 09:19:26.104939 Epoch [85/100] batch [385/391] loss 0.0478 lr 0.0061846659978068265 acc 99.22% eta 0:21:49
2023-04-06 09:19:27,726 - __main__ - INFO - Computing epoch 85 validation accuracy...
2023-04-06 09:19:34,460 - __main__ - INFO - Computing epoch 85 validation loss...
2023-04-06 09:19:41,522 - __main__ - INFO - [INFO] 2023-04-06 09:19:41.522536 Epoch [86/100] batch [1/391] loss 0.0283 lr 0.005449673790581615 acc 100.00% eta 0:22:53
2023-04-06 09:20:15,937 - __main__ - INFO - [INFO] 2023-04-06 09:20:15.937092 Epoch [86/100] batch [129/391] loss 0.0464 lr 0.005449673790581615 acc 99.22% eta 0:20:55
2023-04-06 09:20:50,734 - __main__ - INFO - [INFO] 2023-04-06 09:20:50.734144 Epoch [86/100] batch [257/391] loss 0.0284 lr 0.005449673790581615 acc 100.00% eta 0:20:35
2023-04-06 09:21:24,874 - __main__ - INFO - [INFO] 2023-04-06 09:21:24.874457 Epoch [86/100] batch [385/391] loss 0.0161 lr 0.005449673790581615 acc 100.00% eta 0:20:01
2023-04-06 09:21:26,500 - __main__ - INFO - Computing epoch 86 validation accuracy...
2023-04-06 09:21:33,244 - __main__ - INFO - Computing epoch 86 validation loss...
2023-04-06 09:21:40,563 - __main__ - INFO - [INFO] 2023-04-06 09:21:40.563579 Epoch [87/100] batch [1/391] loss 0.0165 lr 0.004758647376699036 acc 100.00% eta 0:21:50
2023-04-06 09:22:15,408 - __main__ - INFO - [INFO] 2023-04-06 09:22:15.407950 Epoch [87/100] batch [129/391] loss 0.0425 lr 0.004758647376699036 acc 100.00% eta 0:19:50
2023-04-06 09:22:50,947 - __main__ - INFO - [INFO] 2023-04-06 09:22:50.947033 Epoch [87/100] batch [257/391] loss 0.0323 lr 0.004758647376699036 acc 100.00% eta 0:19:31
2023-04-06 09:23:26,007 - __main__ - INFO - [INFO] 2023-04-06 09:23:26.006907 Epoch [87/100] batch [385/391] loss 0.0331 lr 0.004758647376699036 acc 100.00% eta 0:19:02
2023-04-06 09:23:27,613 - __main__ - INFO - Computing epoch 87 validation accuracy...
2023-04-06 09:23:34,297 - __main__ - INFO - Computing epoch 87 validation loss...
2023-04-06 09:23:41,197 - __main__ - INFO - [INFO] 2023-04-06 09:23:41.197364 Epoch [88/100] batch [1/391] loss 0.0154 lr 0.004112268715800957 acc 100.00% eta 0:19:00
2023-04-06 09:24:15,883 - __main__ - INFO - [INFO] 2023-04-06 09:24:15.883102 Epoch [88/100] batch [129/391] loss 0.0383 lr 0.004112268715800957 acc 100.00% eta 0:18:16
2023-04-06 09:24:50,310 - __main__ - INFO - [INFO] 2023-04-06 09:24:50.310470 Epoch [88/100] batch [257/391] loss 0.0099 lr 0.004112268715800957 acc 100.00% eta 0:17:42
2023-04-06 09:25:24,640 - __main__ - INFO - [INFO] 2023-04-06 09:25:24.640728 Epoch [88/100] batch [385/391] loss 0.0266 lr 0.004112268715800957 acc 100.00% eta 0:17:10
2023-04-06 09:25:26,249 - __main__ - INFO - Computing epoch 88 validation accuracy...
2023-04-06 09:25:33,010 - __main__ - INFO - Computing epoch 88 validation loss...
2023-04-06 09:25:39,940 - __main__ - INFO - [INFO] 2023-04-06 09:25:39.940013 Epoch [89/100] batch [1/391] loss 0.0277 lr 0.003511175705587435 acc 100.00% eta 0:18:15
2023-04-06 09:26:14,692 - __main__ - INFO - [INFO] 2023-04-06 09:26:14.691804 Epoch [89/100] batch [129/391] loss 0.0163 lr 0.003511175705587435 acc 100.00% eta 0:16:54
2023-04-06 09:26:49,288 - __main__ - INFO - [INFO] 2023-04-06 09:26:49.288466 Epoch [89/100] batch [257/391] loss 0.0156 lr 0.003511175705587435 acc 100.00% eta 0:16:17
2023-04-06 09:27:24,455 - __main__ - INFO - [INFO] 2023-04-06 09:27:24.455622 Epoch [89/100] batch [385/391] loss 0.0450 lr 0.003511175705587435 acc 99.22% eta 0:15:55
2023-04-06 09:27:26,082 - __main__ - INFO - Computing epoch 89 validation accuracy...
2023-04-06 09:27:32,702 - __main__ - INFO - Computing epoch 89 validation loss...
2023-04-06 09:27:39,687 - __main__ - INFO - [INFO] 2023-04-06 09:27:39.687287 Epoch [90/100] batch [1/391] loss 0.0315 lr 0.0029559615522887295 acc 100.00% eta 0:16:16
2023-04-06 09:28:14,074 - __main__ - INFO - [INFO] 2023-04-06 09:28:14.074712 Epoch [90/100] batch [129/391] loss 0.0097 lr 0.0029559615522887295 acc 100.00% eta 0:15:15
2023-04-06 09:28:49,063 - __main__ - INFO - [INFO] 2023-04-06 09:28:49.063768 Epoch [90/100] batch [257/391] loss 0.0253 lr 0.0029559615522887295 acc 100.00% eta 0:14:56
2023-04-06 09:29:24,035 - __main__ - INFO - [INFO] 2023-04-06 09:29:24.035421 Epoch [90/100] batch [385/391] loss 0.0249 lr 0.0029559615522887295 acc 100.00% eta 0:14:30
2023-04-06 09:29:25,585 - __main__ - INFO - Computing epoch 90 validation accuracy...
2023-04-06 09:29:32,189 - __main__ - INFO - Computing epoch 90 validation loss...
2023-04-06 09:29:39,133 - __main__ - INFO - [INFO] 2023-04-06 09:29:39.132983 Epoch [91/100] batch [1/391] loss 0.0092 lr 0.0024471741852423253 acc 100.00% eta 0:15:04
2023-04-06 09:30:13,658 - __main__ - INFO - [INFO] 2023-04-06 09:30:13.658390 Epoch [91/100] batch [129/391] loss 0.0234 lr 0.0024471741852423253 acc 100.00% eta 0:13:50
2023-04-06 09:30:48,497 - __main__ - INFO - [INFO] 2023-04-06 09:30:48.496932 Epoch [91/100] batch [257/391] loss 0.0291 lr 0.0024471741852423253 acc 100.00% eta 0:13:25
2023-04-06 09:31:23,294 - __main__ - INFO - [INFO] 2023-04-06 09:31:23.294544 Epoch [91/100] batch [385/391] loss 0.0087 lr 0.0024471741852423253 acc 100.00% eta 0:12:59
2023-04-06 09:31:24,891 - __main__ - INFO - Computing epoch 91 validation accuracy...
2023-04-06 09:31:31,511 - __main__ - INFO - Computing epoch 91 validation loss...
2023-04-06 09:31:38,418 - __main__ - INFO - [INFO] 2023-04-06 09:31:38.418017 Epoch [92/100] batch [1/391] loss 0.0207 lr 0.0019853157161528537 acc 99.22% eta 0:13:59
2023-04-06 09:32:13,227 - __main__ - INFO - [INFO] 2023-04-06 09:32:13.226937 Epoch [92/100] batch [129/391] loss 0.0154 lr 0.0019853157161528537 acc 100.00% eta 0:12:33
2023-04-06 09:32:47,935 - __main__ - INFO - [INFO] 2023-04-06 09:32:47.935629 Epoch [92/100] batch [257/391] loss 0.0104 lr 0.0019853157161528537 acc 100.00% eta 0:12:04
2023-04-06 09:33:22,407 - __main__ - INFO - [INFO] 2023-04-06 09:33:22.407246 Epoch [92/100] batch [385/391] loss 0.0090 lr 0.0019853157161528537 acc 100.00% eta 0:11:34
2023-04-06 09:33:24,069 - __main__ - INFO - Computing epoch 92 validation accuracy...
2023-04-06 09:33:30,674 - __main__ - INFO - Computing epoch 92 validation loss...
2023-04-06 09:33:37,784 - __main__ - INFO - [INFO] 2023-04-06 09:33:37.784539 Epoch [93/100] batch [1/391] loss 0.0113 lr 0.0015708419435684529 acc 100.00% eta 0:12:25
2023-04-06 09:34:12,763 - __main__ - INFO - [INFO] 2023-04-06 09:34:12.762985 Epoch [93/100] batch [129/391] loss 0.0107 lr 0.0015708419435684529 acc 100.00% eta 0:11:12
2023-04-06 09:34:47,734 - __main__ - INFO - [INFO] 2023-04-06 09:34:47.734387 Epoch [93/100] batch [257/391] loss 0.0084 lr 0.0015708419435684529 acc 100.00% eta 0:10:41
2023-04-06 09:35:22,930 - __main__ - INFO - [INFO] 2023-04-06 09:35:22.929831 Epoch [93/100] batch [385/391] loss 0.0208 lr 0.0015708419435684529 acc 100.00% eta 0:10:14
2023-04-06 09:35:24,407 - __main__ - INFO - Computing epoch 93 validation accuracy...
2023-04-06 09:35:30,963 - __main__ - INFO - Computing epoch 93 validation loss...
2023-04-06 09:35:38,077 - __main__ - INFO - [INFO] 2023-04-06 09:35:38.077398 Epoch [94/100] batch [1/391] loss 0.0227 lr 0.0012041619030626347 acc 100.00% eta 0:10:45
2023-04-06 09:36:13,055 - __main__ - INFO - [INFO] 2023-04-06 09:36:13.055463 Epoch [94/100] batch [129/391] loss 0.0212 lr 0.0012041619030626347 acc 100.00% eta 0:09:42
2023-04-06 09:36:48,597 - __main__ - INFO - [INFO] 2023-04-06 09:36:48.597596 Epoch [94/100] batch [257/391] loss 0.0164 lr 0.0012041619030626347 acc 100.00% eta 0:09:18
2023-04-06 09:37:23,202 - __main__ - INFO - [INFO] 2023-04-06 09:37:23.202305 Epoch [94/100] batch [385/391] loss 0.0235 lr 0.0012041619030626347 acc 100.00% eta 0:08:45
2023-04-06 09:37:24,729 - __main__ - INFO - Computing epoch 94 validation accuracy...
2023-04-06 09:37:31,364 - __main__ - INFO - Computing epoch 94 validation loss...
2023-04-06 09:37:38,240 - __main__ - INFO - [INFO] 2023-04-06 09:37:38.240523 Epoch [95/100] batch [1/391] loss 0.0188 lr 0.0008856374635655646 acc 100.00% eta 0:08:42
2023-04-06 09:38:13,264 - __main__ - INFO - [INFO] 2023-04-06 09:38:13.264081 Epoch [95/100] batch [129/391] loss 0.0246 lr 0.0008856374635655646 acc 99.22% eta 0:08:18
2023-04-06 09:38:47,413 - __main__ - INFO - [INFO] 2023-04-06 09:38:47.412982 Epoch [95/100] batch [257/391] loss 0.0147 lr 0.0008856374635655646 acc 100.00% eta 0:07:43
2023-04-06 09:39:22,725 - __main__ - INFO - [INFO] 2023-04-06 09:39:22.725118 Epoch [95/100] batch [385/391] loss 0.0093 lr 0.0008856374635655646 acc 100.00% eta 0:07:17
2023-04-06 09:39:24,228 - __main__ - INFO - Computing epoch 95 validation accuracy...
2023-04-06 09:39:30,959 - __main__ - INFO - Computing epoch 95 validation loss...
2023-04-06 09:39:37,884 - __main__ - INFO - [INFO] 2023-04-06 09:39:37.884641 Epoch [96/100] batch [1/391] loss 0.0082 lr 0.0006155829702431174 acc 100.00% eta 0:07:44
2023-04-06 09:40:12,184 - __main__ - INFO - [INFO] 2023-04-06 09:40:12.184670 Epoch [96/100] batch [129/391] loss 0.0161 lr 0.0006155829702431174 acc 100.00% eta 0:06:42
2023-04-06 09:40:47,443 - __main__ - INFO - [INFO] 2023-04-06 09:40:47.443154 Epoch [96/100] batch [257/391] loss 0.0079 lr 0.0006155829702431174 acc 100.00% eta 0:06:19
2023-04-06 09:41:22,149 - __main__ - INFO - [INFO] 2023-04-06 09:41:22.149170 Epoch [96/100] batch [385/391] loss 0.0240 lr 0.0006155829702431174 acc 99.22% eta 0:05:49
2023-04-06 09:41:23,750 - __main__ - INFO - Computing epoch 96 validation accuracy...
2023-04-06 09:41:30,518 - __main__ - INFO - Computing epoch 96 validation loss...
2023-04-06 09:41:37,335 - __main__ - INFO - [INFO] 2023-04-06 09:41:37.335104 Epoch [97/100] batch [1/391] loss 0.0165 lr 0.00039426493427611206 acc 100.00% eta 0:06:13
2023-04-06 09:42:12,202 - __main__ - INFO - [INFO] 2023-04-06 09:42:12.202105 Epoch [97/100] batch [129/391] loss 0.0115 lr 0.00039426493427611206 acc 100.00% eta 0:05:18
2023-04-06 09:42:47,629 - __main__ - INFO - [INFO] 2023-04-06 09:42:47.629583 Epoch [97/100] batch [257/391] loss 0.0209 lr 0.00039426493427611206 acc 100.00% eta 0:04:53
2023-04-06 09:43:22,479 - __main__ - INFO - [INFO] 2023-04-06 09:43:22.479726 Epoch [97/100] batch [385/391] loss 0.0125 lr 0.00039426493427611206 acc 100.00% eta 0:04:23
2023-04-06 09:43:24,065 - __main__ - INFO - Computing epoch 97 validation accuracy...
2023-04-06 09:43:30,760 - __main__ - INFO - Computing epoch 97 validation loss...
2023-04-06 09:43:37,682 - __main__ - INFO - [INFO] 2023-04-06 09:43:37.682421 Epoch [98/100] batch [1/391] loss 0.0166 lr 0.00022190176984600036 acc 100.00% eta 0:04:14
2023-04-06 09:44:13,004 - __main__ - INFO - [INFO] 2023-04-06 09:44:13.003929 Epoch [98/100] batch [129/391] loss 0.0262 lr 0.00022190176984600036 acc 99.22% eta 0:03:54
2023-04-06 09:44:47,205 - __main__ - INFO - [INFO] 2023-04-06 09:44:47.205329 Epoch [98/100] batch [257/391] loss 0.0313 lr 0.00022190176984600036 acc 99.22% eta 0:03:23
2023-04-06 09:45:22,567 - __main__ - INFO - [INFO] 2023-04-06 09:45:22.567542 Epoch [98/100] batch [385/391] loss 0.0069 lr 0.00022190176984600036 acc 100.00% eta 0:02:55
2023-04-06 09:45:24,182 - __main__ - INFO - Computing epoch 98 validation accuracy...
2023-04-06 09:45:30,813 - __main__ - INFO - Computing epoch 98 validation loss...
2023-04-06 09:45:37,727 - __main__ - INFO - [INFO] 2023-04-06 09:45:37.727027 Epoch [99/100] batch [1/391] loss 0.0215 lr 9.866357858642213e-05 acc 100.00% eta 0:02:59
2023-04-06 09:46:12,215 - __main__ - INFO - [INFO] 2023-04-06 09:46:12.215410 Epoch [99/100] batch [129/391] loss 0.0082 lr 9.866357858642213e-05 acc 100.00% eta 0:02:24
2023-04-06 09:46:47,790 - __main__ - INFO - [INFO] 2023-04-06 09:46:47.789866 Epoch [99/100] batch [257/391] loss 0.0071 lr 9.866357858642213e-05 acc 100.00% eta 0:01:57
2023-04-06 09:47:23,021 - __main__ - INFO - [INFO] 2023-04-06 09:47:23.021390 Epoch [99/100] batch [385/391] loss 0.0142 lr 9.866357858642213e-05 acc 100.00% eta 0:01:29
2023-04-06 09:47:24,662 - __main__ - INFO - Computing epoch 99 validation accuracy...
2023-04-06 09:47:31,396 - __main__ - INFO - Computing epoch 99 validation loss...
2023-04-06 09:47:38,432 - __main__ - INFO - [INFO] 2023-04-06 09:47:38.431914 Epoch [100/100] batch [1/391] loss 0.0123 lr 2.4671981713420017e-05 acc 100.00% eta 0:01:34
2023-04-06 09:48:13,532 - __main__ - INFO - [INFO] 2023-04-06 09:48:13.532646 Epoch [100/100] batch [129/391] loss 0.0126 lr 2.4671981713420017e-05 acc 100.00% eta 0:00:58
2023-04-06 09:48:47,718 - __main__ - INFO - [INFO] 2023-04-06 09:48:47.718738 Epoch [100/100] batch [257/391] loss 0.0179 lr 2.4671981713420017e-05 acc 100.00% eta 0:00:29
2023-04-06 09:49:22,858 - __main__ - INFO - [INFO] 2023-04-06 09:49:22.858759 Epoch [100/100] batch [385/391] loss 0.0079 lr 2.4671981713420017e-05 acc 100.00% eta 0:00:01
2023-04-06 09:49:24,451 - __main__ - INFO - Computing epoch 100 validation accuracy...
2023-04-06 09:49:31,077 - __main__ - INFO - Computing epoch 100 validation loss...
2023-04-06 09:49:37,778 - __main__ - INFO - Reading testing data set cifar100
2023-04-06 09:49:38,524 - __main__ - INFO - Loading trained model...
2023-04-06 09:49:46,114 - __main__ - INFO - Testing acc : 77.32%.
