2023-04-10 18:22:27,632 - __main__ - INFO - 

2023-04-10 18:22:27,632 - __main__ - INFO - ***************
2023-04-10 18:22:27,633 - __main__ - INFO - ** Arguments **
2023-04-10 18:22:27,633 - __main__ - INFO - ***************
2023-04-10 18:22:27,633 - __main__ - INFO - backbone: resnet20
2023-04-10 18:22:27,633 - __main__ - INFO - dataname: cifar100
2023-04-10 18:22:27,633 - __main__ - INFO - drop_method: db
2023-04-10 18:22:27,633 - __main__ - INFO - drop_rate: 0.3
2023-04-10 18:22:27,633 - __main__ - INFO - eval_only: 0
2023-04-10 18:22:27,633 - __main__ - INFO - output_path: checkpoints/cifar100/resnet20/drop_db/rate_0.3/seed3
2023-04-10 18:22:27,633 - __main__ - INFO - part_rate: 0.1
2023-04-10 18:22:27,633 - __main__ - INFO - seed: 3
2023-04-10 18:22:27,633 - __main__ - INFO - weight_decay: 0.0005
2023-04-10 18:22:27,633 - __main__ - INFO - ************
2023-04-10 18:22:27,633 - __main__ - INFO - ** Config **
2023-04-10 18:22:27,633 - __main__ - INFO - ************
2023-04-10 18:22:27,633 - __main__ - INFO - {'DATALOADER': {'PATH': './data', 'DATANAME': 'cifar100', 'BATCH_SIZE': 128, 'NUM_CLASSES': 100}, 'INPUT': {'SIZE': [32, 32], 'PIXEL_MEAN': [0.4914, 0.4822, 0.4465], 'PIXEL_STD': [0.2023, 0.1994, 0.201]}, 'OUTPUT': {'DIR': 'checkpoints/cifar100/resnet20/drop_db/rate_0.3/seed3'}, 'SEED': 3, 'OPTIM': {'LR': 0.1, 'MAX_EPOCH': 100, 'LR_SCHEDULER': 'step', 'LR_MILESTONES': [20, 40, 80, 120, 140], 'LR_DECAY': 0.2, 'PART_RATE': 0.1, 'WEIGHT_DECAY': 0.0005, 'DROP_RATE': 0.3, 'DROP_METHOD': 'db', 'BLOCK_SIZE': 7}, 'MODEL': {'BACKBONE': 'resnet20'}}
2023-04-10 18:22:27,645 - __main__ - INFO - Reading training data set cifar100
2023-04-10 18:22:29,660 - __main__ - INFO - Loading raw model
2023-04-10 18:22:32,908 - __main__ - INFO - 
Saving everything to checkpoints/cifar100/resnet20/drop_db/rate_0.3/seed3
2023-04-10 18:22:32,908 - __main__ - INFO - Start training...
2023-04-10 18:22:38,549 - __main__ - INFO - [INFO] 2023-04-10 18:22:38.549520 Epoch [1/100] batch [1/391] loss 6.4922 lr 0.1 acc 2.34% eta 2 days, 13:11:02
2023-04-10 18:22:50,647 - __main__ - INFO - [INFO] 2023-04-10 18:22:50.647269 Epoch [1/100] batch [129/391] loss 4.0469 lr 0.1 acc 4.69% eta 1:24:20
2023-04-10 18:23:02,509 - __main__ - INFO - [INFO] 2023-04-10 18:23:02.509050 Epoch [1/100] batch [257/391] loss 3.8242 lr 0.1 acc 14.06% eta 1:09:36
2023-04-10 18:23:14,787 - __main__ - INFO - [INFO] 2023-04-10 18:23:14.786949 Epoch [1/100] batch [385/391] loss 3.5449 lr 0.1 acc 13.28% eta 1:05:14
2023-04-10 18:23:15,355 - __main__ - INFO - Computing epoch 1 validation accuracy...
2023-04-10 18:23:18,616 - __main__ - INFO - Computing epoch 1 validation loss...
2023-04-10 18:23:21,913 - __main__ - INFO - [INFO] 2023-04-10 18:23:21.913935 Epoch [2/100] batch [1/391] loss 3.7148 lr 0.09997532801828658 acc 11.72% eta 1:01:52
2023-04-10 18:23:34,151 - __main__ - INFO - [INFO] 2023-04-10 18:23:34.151389 Epoch [2/100] batch [129/391] loss 3.6504 lr 0.09997532801828658 acc 16.41% eta 0:56:30
2023-04-10 18:23:46,079 - __main__ - INFO - [INFO] 2023-04-10 18:23:46.078960 Epoch [2/100] batch [257/391] loss 3.4688 lr 0.09997532801828658 acc 14.06% eta 0:55:32
2023-04-10 18:23:58,115 - __main__ - INFO - [INFO] 2023-04-10 18:23:58.114896 Epoch [2/100] batch [385/391] loss 3.3574 lr 0.09997532801828658 acc 13.28% eta 0:55:18
2023-04-10 18:23:58,674 - __main__ - INFO - Computing epoch 2 validation accuracy...
2023-04-10 18:24:01,968 - __main__ - INFO - Computing epoch 2 validation loss...
2023-04-10 18:24:05,408 - __main__ - INFO - [INFO] 2023-04-10 18:24:05.408780 Epoch [3/100] batch [1/391] loss 3.3125 lr 0.09990133642141358 acc 20.31% eta 0:58:02
2023-04-10 18:24:17,360 - __main__ - INFO - [INFO] 2023-04-10 18:24:17.360119 Epoch [3/100] batch [129/391] loss 3.2207 lr 0.09990133642141358 acc 25.00% eta 0:54:31
2023-04-10 18:24:29,849 - __main__ - INFO - [INFO] 2023-04-10 18:24:29.849537 Epoch [3/100] batch [257/391] loss 3.2285 lr 0.09990133642141358 acc 21.09% eta 0:55:38
2023-04-10 18:24:41,868 - __main__ - INFO - [INFO] 2023-04-10 18:24:41.867889 Epoch [3/100] batch [385/391] loss 2.8145 lr 0.09990133642141358 acc 27.34% eta 0:55:07
2023-04-10 18:24:42,414 - __main__ - INFO - Computing epoch 3 validation accuracy...
2023-04-10 18:24:45,752 - __main__ - INFO - Computing epoch 3 validation loss...
2023-04-10 18:24:49,154 - __main__ - INFO - [INFO] 2023-04-10 18:24:49.154062 Epoch [4/100] batch [1/391] loss 3.0547 lr 0.099778098230154 acc 21.09% eta 0:57:36
2023-04-10 18:25:01,261 - __main__ - INFO - [INFO] 2023-04-10 18:25:01.260839 Epoch [4/100] batch [129/391] loss 2.7676 lr 0.099778098230154 acc 23.44% eta 0:54:45
2023-04-10 18:25:13,589 - __main__ - INFO - [INFO] 2023-04-10 18:25:13.589775 Epoch [4/100] batch [257/391] loss 2.6465 lr 0.099778098230154 acc 32.81% eta 0:55:07
2023-04-10 18:25:26,120 - __main__ - INFO - [INFO] 2023-04-10 18:25:26.120503 Epoch [4/100] batch [385/391] loss 2.6562 lr 0.099778098230154 acc 25.78% eta 0:55:11
2023-04-10 18:25:26,736 - __main__ - INFO - Computing epoch 4 validation accuracy...
2023-04-10 18:25:30,335 - __main__ - INFO - Computing epoch 4 validation loss...
2023-04-10 18:25:33,912 - __main__ - INFO - [INFO] 2023-04-10 18:25:33.912575 Epoch [5/100] batch [1/391] loss 2.7168 lr 0.0996057350657239 acc 34.38% eta 1:00:24
2023-04-10 18:25:46,848 - __main__ - INFO - [INFO] 2023-04-10 18:25:46.848030 Epoch [5/100] batch [129/391] loss 2.4395 lr 0.0996057350657239 acc 25.78% eta 0:54:34
2023-04-10 18:25:59,801 - __main__ - INFO - [INFO] 2023-04-10 18:25:59.801805 Epoch [5/100] batch [257/391] loss 2.5820 lr 0.0996057350657239 acc 36.72% eta 0:54:53
2023-04-10 18:26:12,634 - __main__ - INFO - [INFO] 2023-04-10 18:26:12.634078 Epoch [5/100] batch [385/391] loss 2.6641 lr 0.0996057350657239 acc 29.69% eta 0:55:32
2023-04-10 18:26:13,220 - __main__ - INFO - Computing epoch 5 validation accuracy...
2023-04-10 18:26:16,681 - __main__ - INFO - Computing epoch 5 validation loss...
2023-04-10 18:26:20,237 - __main__ - INFO - [INFO] 2023-04-10 18:26:20.237347 Epoch [6/100] batch [1/391] loss 2.4746 lr 0.09938441702975688 acc 35.94% eta 1:01:39
2023-04-10 18:26:32,690 - __main__ - INFO - [INFO] 2023-04-10 18:26:32.690721 Epoch [6/100] batch [129/391] loss 2.2461 lr 0.09938441702975688 acc 28.12% eta 0:55:18
2023-04-10 18:26:45,681 - __main__ - INFO - [INFO] 2023-04-10 18:26:45.681800 Epoch [6/100] batch [257/391] loss 2.5586 lr 0.09938441702975688 acc 21.09% eta 0:56:19
2023-04-10 18:26:58,133 - __main__ - INFO - [INFO] 2023-04-10 18:26:58.132859 Epoch [6/100] batch [385/391] loss 2.3320 lr 0.09938441702975688 acc 37.50% eta 0:55:44
2023-04-10 18:26:58,687 - __main__ - INFO - Computing epoch 6 validation accuracy...
2023-04-10 18:27:02,059 - __main__ - INFO - Computing epoch 6 validation loss...
2023-04-10 18:27:05,513 - __main__ - INFO - [INFO] 2023-04-10 18:27:05.513543 Epoch [7/100] batch [1/391] loss 2.6504 lr 0.09911436253643444 acc 25.00% eta 0:55:15
2023-04-10 18:27:17,762 - __main__ - INFO - [INFO] 2023-04-10 18:27:17.761954 Epoch [7/100] batch [129/391] loss 2.5098 lr 0.09911436253643444 acc 35.16% eta 0:53:41
2023-04-10 18:27:29,807 - __main__ - INFO - [INFO] 2023-04-10 18:27:29.807744 Epoch [7/100] batch [257/391] loss 2.2637 lr 0.09911436253643444 acc 35.94% eta 0:53:00
2023-04-10 18:27:41,947 - __main__ - INFO - [INFO] 2023-04-10 18:27:41.946850 Epoch [7/100] batch [385/391] loss 2.2578 lr 0.09911436253643444 acc 37.50% eta 0:52:50
2023-04-10 18:27:42,541 - __main__ - INFO - Computing epoch 7 validation accuracy...
2023-04-10 18:27:45,800 - __main__ - INFO - Computing epoch 7 validation loss...
2023-04-10 18:27:49,216 - __main__ - INFO - [INFO] 2023-04-10 18:27:49.216030 Epoch [8/100] batch [1/391] loss 2.4512 lr 0.09879583809693737 acc 30.47% eta 0:55:42
2023-04-10 18:28:01,415 - __main__ - INFO - [INFO] 2023-04-10 18:28:01.415580 Epoch [8/100] batch [129/391] loss 2.2422 lr 0.09879583809693737 acc 37.50% eta 0:52:54
2023-04-10 18:28:13,381 - __main__ - INFO - [INFO] 2023-04-10 18:28:13.381548 Epoch [8/100] batch [257/391] loss 2.1875 lr 0.09879583809693737 acc 38.28% eta 0:52:11
2023-04-10 18:28:25,528 - __main__ - INFO - [INFO] 2023-04-10 18:28:25.527941 Epoch [8/100] batch [385/391] loss 2.2051 lr 0.09879583809693737 acc 35.16% eta 0:52:06
2023-04-10 18:28:26,092 - __main__ - INFO - Computing epoch 8 validation accuracy...
2023-04-10 18:28:29,429 - __main__ - INFO - Computing epoch 8 validation loss...
2023-04-10 18:28:33,002 - __main__ - INFO - [INFO] 2023-04-10 18:28:33.002434 Epoch [9/100] batch [1/391] loss 2.4609 lr 0.09842915805643156 acc 25.78% eta 0:56:46
2023-04-10 18:28:45,947 - __main__ - INFO - [INFO] 2023-04-10 18:28:45.947246 Epoch [9/100] batch [129/391] loss 1.9902 lr 0.09842915805643156 acc 43.75% eta 0:53:42
2023-04-10 18:28:58,916 - __main__ - INFO - [INFO] 2023-04-10 18:28:58.916260 Epoch [9/100] batch [257/391] loss 2.1953 lr 0.09842915805643156 acc 39.84% eta 0:53:01
2023-04-10 18:29:11,670 - __main__ - INFO - [INFO] 2023-04-10 18:29:11.670714 Epoch [9/100] batch [385/391] loss 2.2539 lr 0.09842915805643156 acc 25.00% eta 0:52:18
2023-04-10 18:29:12,233 - __main__ - INFO - Computing epoch 9 validation accuracy...
2023-04-10 18:29:15,687 - __main__ - INFO - Computing epoch 9 validation loss...
2023-04-10 18:29:19,290 - __main__ - INFO - [INFO] 2023-04-10 18:29:19.290732 Epoch [10/100] batch [1/391] loss 2.2109 lr 0.09801468428384716 acc 39.06% eta 0:54:07
2023-04-10 18:29:31,802 - __main__ - INFO - [INFO] 2023-04-10 18:29:31.801451 Epoch [10/100] batch [129/391] loss 2.3906 lr 0.09801468428384716 acc 33.59% eta 0:53:11
2023-04-10 18:29:44,261 - __main__ - INFO - [INFO] 2023-04-10 18:29:44.261595 Epoch [10/100] batch [257/391] loss 2.4316 lr 0.09801468428384716 acc 36.72% eta 0:52:53
2023-04-10 18:29:56,354 - __main__ - INFO - [INFO] 2023-04-10 18:29:56.354257 Epoch [10/100] batch [385/391] loss 1.9385 lr 0.09801468428384716 acc 50.78% eta 0:52:04
2023-04-10 18:29:56,882 - __main__ - INFO - Computing epoch 10 validation accuracy...
2023-04-10 18:30:00,263 - __main__ - INFO - Computing epoch 10 validation loss...
2023-04-10 18:30:03,901 - __main__ - INFO - [INFO] 2023-04-10 18:30:03.901530 Epoch [11/100] batch [1/391] loss 2.2871 lr 0.09755282581475769 acc 39.84% eta 0:58:21
2023-04-10 18:30:15,939 - __main__ - INFO - [INFO] 2023-04-10 18:30:15.939424 Epoch [11/100] batch [129/391] loss 1.8477 lr 0.09755282581475769 acc 50.78% eta 0:50:28
2023-04-10 18:30:28,106 - __main__ - INFO - [INFO] 2023-04-10 18:30:28.106140 Epoch [11/100] batch [257/391] loss 1.9209 lr 0.09755282581475769 acc 40.62% eta 0:50:31
2023-04-10 18:30:40,289 - __main__ - INFO - [INFO] 2023-04-10 18:30:40.289500 Epoch [11/100] batch [385/391] loss 2.1172 lr 0.09755282581475769 acc 36.72% eta 0:50:28
2023-04-10 18:30:40,827 - __main__ - INFO - Computing epoch 11 validation accuracy...
2023-04-10 18:30:44,122 - __main__ - INFO - Computing epoch 11 validation loss...
2023-04-10 18:30:47,457 - __main__ - INFO - [INFO] 2023-04-10 18:30:47.457390 Epoch [12/100] batch [1/391] loss 2.1602 lr 0.09704403844771128 acc 39.06% eta 0:53:57
2023-04-10 18:30:59,509 - __main__ - INFO - [INFO] 2023-04-10 18:30:59.509209 Epoch [12/100] batch [129/391] loss 2.1191 lr 0.09704403844771128 acc 39.84% eta 0:49:54
2023-04-10 18:31:11,616 - __main__ - INFO - [INFO] 2023-04-10 18:31:11.616363 Epoch [12/100] batch [257/391] loss 2.1484 lr 0.09704403844771128 acc 30.47% eta 0:49:48
2023-04-10 18:31:23,592 - __main__ - INFO - [INFO] 2023-04-10 18:31:23.591459 Epoch [12/100] batch [385/391] loss 2.2559 lr 0.09704403844771128 acc 33.59% eta 0:49:31
2023-04-10 18:31:24,132 - __main__ - INFO - Computing epoch 12 validation accuracy...
2023-04-10 18:31:27,389 - __main__ - INFO - Computing epoch 12 validation loss...
2023-04-10 18:31:30,846 - __main__ - INFO - [INFO] 2023-04-10 18:31:30.846124 Epoch [13/100] batch [1/391] loss 1.8721 lr 0.09648882429441258 acc 53.91% eta 0:57:42
2023-04-10 18:31:42,974 - __main__ - INFO - [INFO] 2023-04-10 18:31:42.974304 Epoch [13/100] batch [129/391] loss 2.0840 lr 0.09648882429441258 acc 40.62% eta 0:49:48
2023-04-10 18:31:54,895 - __main__ - INFO - [INFO] 2023-04-10 18:31:54.895223 Epoch [13/100] batch [257/391] loss 2.1816 lr 0.09648882429441258 acc 36.72% eta 0:49:06
2023-04-10 18:32:06,993 - __main__ - INFO - [INFO] 2023-04-10 18:32:06.993136 Epoch [13/100] batch [385/391] loss 1.9326 lr 0.09648882429441258 acc 44.53% eta 0:49:00
2023-04-10 18:32:07,530 - __main__ - INFO - Computing epoch 13 validation accuracy...
2023-04-10 18:32:10,770 - __main__ - INFO - Computing epoch 13 validation loss...
2023-04-10 18:32:14,056 - __main__ - INFO - [INFO] 2023-04-10 18:32:14.056123 Epoch [14/100] batch [1/391] loss 2.2500 lr 0.09588773128419906 acc 39.84% eta 0:53:47
2023-04-10 18:32:26,095 - __main__ - INFO - [INFO] 2023-04-10 18:32:26.095031 Epoch [14/100] batch [129/391] loss 1.9600 lr 0.09588773128419906 acc 53.12% eta 0:48:44
2023-04-10 18:32:38,114 - __main__ - INFO - [INFO] 2023-04-10 18:32:38.114631 Epoch [14/100] batch [257/391] loss 1.9873 lr 0.09588773128419906 acc 42.97% eta 0:48:28
2023-04-10 18:32:49,963 - __main__ - INFO - [INFO] 2023-04-10 18:32:49.962908 Epoch [14/100] batch [385/391] loss 2.2070 lr 0.09588773128419906 acc 42.19% eta 0:48:01
2023-04-10 18:32:50,509 - __main__ - INFO - Computing epoch 14 validation accuracy...
2023-04-10 18:32:54,059 - __main__ - INFO - Computing epoch 14 validation loss...
2023-04-10 18:32:57,369 - __main__ - INFO - [INFO] 2023-04-10 18:32:57.369525 Epoch [15/100] batch [1/391] loss 1.8926 lr 0.09524135262330098 acc 47.66% eta 0:48:37
2023-04-10 18:33:09,346 - __main__ - INFO - [INFO] 2023-04-10 18:33:09.345893 Epoch [15/100] batch [129/391] loss 1.8574 lr 0.09524135262330098 acc 46.09% eta 0:47:55
2023-04-10 18:33:21,429 - __main__ - INFO - [INFO] 2023-04-10 18:33:21.429137 Epoch [15/100] batch [257/391] loss 2.1113 lr 0.09524135262330098 acc 32.81% eta 0:47:58
2023-04-10 18:33:33,320 - __main__ - INFO - [INFO] 2023-04-10 18:33:33.320030 Epoch [15/100] batch [385/391] loss 2.3262 lr 0.09524135262330098 acc 45.31% eta 0:47:34
2023-04-10 18:33:33,864 - __main__ - INFO - Computing epoch 15 validation accuracy...
2023-04-10 18:33:37,169 - __main__ - INFO - Computing epoch 15 validation loss...
2023-04-10 18:33:40,457 - __main__ - INFO - [INFO] 2023-04-10 18:33:40.457558 Epoch [16/100] batch [1/391] loss 2.1777 lr 0.0945503262094184 acc 46.09% eta 0:53:29
2023-04-10 18:33:52,504 - __main__ - INFO - [INFO] 2023-04-10 18:33:52.504257 Epoch [16/100] batch [129/391] loss 1.9170 lr 0.0945503262094184 acc 36.72% eta 0:47:40
2023-04-10 18:34:04,641 - __main__ - INFO - [INFO] 2023-04-10 18:34:04.640942 Epoch [16/100] batch [257/391] loss 2.0762 lr 0.0945503262094184 acc 34.38% eta 0:47:39
2023-04-10 18:34:16,602 - __main__ - INFO - [INFO] 2023-04-10 18:34:16.602524 Epoch [16/100] batch [385/391] loss 1.8740 lr 0.0945503262094184 acc 55.47% eta 0:47:17
2023-04-10 18:34:17,210 - __main__ - INFO - Computing epoch 16 validation accuracy...
2023-04-10 18:34:20,507 - __main__ - INFO - Computing epoch 16 validation loss...
2023-04-10 18:34:23,807 - __main__ - INFO - [INFO] 2023-04-10 18:34:23.807233 Epoch [17/100] batch [1/391] loss 1.8174 lr 0.09381533400219319 acc 50.00% eta 0:54:06
2023-04-10 18:34:35,826 - __main__ - INFO - [INFO] 2023-04-10 18:34:35.826386 Epoch [17/100] batch [129/391] loss 1.8477 lr 0.09381533400219319 acc 43.75% eta 0:47:10
2023-04-10 18:34:47,753 - __main__ - INFO - [INFO] 2023-04-10 18:34:47.753694 Epoch [17/100] batch [257/391] loss 1.9971 lr 0.09381533400219319 acc 36.72% eta 0:46:46
2023-04-10 18:34:59,796 - __main__ - INFO - [INFO] 2023-04-10 18:34:59.796259 Epoch [17/100] batch [385/391] loss 1.9961 lr 0.09381533400219319 acc 53.12% eta 0:46:38
2023-04-10 18:35:00,344 - __main__ - INFO - Computing epoch 17 validation accuracy...
2023-04-10 18:35:03,596 - __main__ - INFO - Computing epoch 17 validation loss...
2023-04-10 18:35:06,938 - __main__ - INFO - [INFO] 2023-04-10 18:35:06.938354 Epoch [18/100] batch [1/391] loss 1.7979 lr 0.0930371013501972 acc 45.31% eta 0:52:24
2023-04-10 18:35:19,140 - __main__ - INFO - [INFO] 2023-04-10 18:35:19.139917 Epoch [18/100] batch [129/391] loss 1.8193 lr 0.0930371013501972 acc 50.00% eta 0:47:15
2023-04-10 18:35:31,044 - __main__ - INFO - [INFO] 2023-04-10 18:35:31.043903 Epoch [18/100] batch [257/391] loss 1.7178 lr 0.0930371013501972 acc 44.53% eta 0:46:28
2023-04-10 18:35:43,103 - __main__ - INFO - [INFO] 2023-04-10 18:35:43.103425 Epoch [18/100] batch [385/391] loss 2.0195 lr 0.0930371013501972 acc 42.19% eta 0:46:15
2023-04-10 18:35:43,669 - __main__ - INFO - Computing epoch 18 validation accuracy...
2023-04-10 18:35:47,091 - __main__ - INFO - Computing epoch 18 validation loss...
2023-04-10 18:35:50,442 - __main__ - INFO - [INFO] 2023-04-10 18:35:50.442010 Epoch [19/100] batch [1/391] loss 1.7617 lr 0.09221639627510078 acc 51.56% eta 0:50:28
2023-04-10 18:36:02,315 - __main__ - INFO - [INFO] 2023-04-10 18:36:02.315357 Epoch [19/100] batch [129/391] loss 1.9023 lr 0.09221639627510078 acc 34.38% eta 0:45:12
2023-04-10 18:36:14,228 - __main__ - INFO - [INFO] 2023-04-10 18:36:14.228543 Epoch [19/100] batch [257/391] loss 2.1523 lr 0.09221639627510078 acc 38.28% eta 0:45:08
2023-04-10 18:36:26,218 - __main__ - INFO - [INFO] 2023-04-10 18:36:26.218569 Epoch [19/100] batch [385/391] loss 1.8555 lr 0.09221639627510078 acc 39.06% eta 0:45:05
2023-04-10 18:36:26,783 - __main__ - INFO - Computing epoch 19 validation accuracy...
2023-04-10 18:36:30,326 - __main__ - INFO - Computing epoch 19 validation loss...
2023-04-10 18:36:33,541 - __main__ - INFO - [INFO] 2023-04-10 18:36:33.541452 Epoch [20/100] batch [1/391] loss 1.9316 lr 0.09135402871372812 acc 46.09% eta 0:48:19
2023-04-10 18:36:45,467 - __main__ - INFO - [INFO] 2023-04-10 18:36:45.467771 Epoch [20/100] batch [129/391] loss 1.8047 lr 0.09135402871372812 acc 48.44% eta 0:45:02
2023-04-10 18:36:57,569 - __main__ - INFO - [INFO] 2023-04-10 18:36:57.569183 Epoch [20/100] batch [257/391] loss 2.1738 lr 0.09135402871372812 acc 36.72% eta 0:45:11
2023-04-10 18:37:09,634 - __main__ - INFO - [INFO] 2023-04-10 18:37:09.634734 Epoch [20/100] batch [385/391] loss 1.9238 lr 0.09135402871372812 acc 51.56% eta 0:45:02
2023-04-10 18:37:10,172 - __main__ - INFO - Computing epoch 20 validation accuracy...
2023-04-10 18:37:13,447 - __main__ - INFO - Computing epoch 20 validation loss...
2023-04-10 18:37:16,746 - __main__ - INFO - [INFO] 2023-04-10 18:37:16.746146 Epoch [21/100] batch [1/391] loss 1.5547 lr 0.09045084971874741 acc 54.69% eta 0:45:48
2023-04-10 18:37:28,437 - __main__ - INFO - [INFO] 2023-04-10 18:37:28.436882 Epoch [21/100] batch [129/391] loss 1.7715 lr 0.09045084971874741 acc 42.97% eta 0:43:32
2023-04-10 18:37:40,459 - __main__ - INFO - [INFO] 2023-04-10 18:37:40.458864 Epoch [21/100] batch [257/391] loss 2.0312 lr 0.09045084971874741 acc 46.09% eta 0:43:59
2023-04-10 18:37:52,365 - __main__ - INFO - [INFO] 2023-04-10 18:37:52.365420 Epoch [21/100] batch [385/391] loss 1.8838 lr 0.09045084971874741 acc 42.19% eta 0:43:50
2023-04-10 18:37:52,906 - __main__ - INFO - Computing epoch 21 validation accuracy...
2023-04-10 18:37:56,161 - __main__ - INFO - Computing epoch 21 validation loss...
2023-04-10 18:37:59,690 - __main__ - INFO - [INFO] 2023-04-10 18:37:59.690220 Epoch [22/100] batch [1/391] loss 1.8809 lr 0.08950775061878455 acc 50.00% eta 0:47:43
2023-04-10 18:38:12,511 - __main__ - INFO - [INFO] 2023-04-10 18:38:12.511200 Epoch [22/100] batch [129/391] loss 1.8555 lr 0.08950775061878455 acc 49.22% eta 0:45:53
2023-04-10 18:38:25,264 - __main__ - INFO - [INFO] 2023-04-10 18:38:25.263959 Epoch [22/100] batch [257/391] loss 1.7334 lr 0.08950775061878455 acc 46.09% eta 0:44:57
2023-04-10 18:38:38,254 - __main__ - INFO - [INFO] 2023-04-10 18:38:38.254521 Epoch [22/100] batch [385/391] loss 1.7012 lr 0.08950775061878455 acc 45.31% eta 0:44:52
2023-04-10 18:38:38,839 - __main__ - INFO - Computing epoch 22 validation accuracy...
2023-04-10 18:38:42,193 - __main__ - INFO - Computing epoch 22 validation loss...
2023-04-10 18:38:45,577 - __main__ - INFO - [INFO] 2023-04-10 18:38:45.577676 Epoch [23/100] batch [1/391] loss 1.7021 lr 0.0885256621387895 acc 53.91% eta 0:47:41
2023-04-10 18:38:57,510 - __main__ - INFO - [INFO] 2023-04-10 18:38:57.510167 Epoch [23/100] batch [129/391] loss 1.9668 lr 0.0885256621387895 acc 38.28% eta 0:43:25
2023-04-10 18:39:09,796 - __main__ - INFO - [INFO] 2023-04-10 18:39:09.796722 Epoch [23/100] batch [257/391] loss 2.0059 lr 0.0885256621387895 acc 42.19% eta 0:43:50
2023-04-10 18:39:21,677 - __main__ - INFO - [INFO] 2023-04-10 18:39:21.677372 Epoch [23/100] batch [385/391] loss 1.6426 lr 0.0885256621387895 acc 49.22% eta 0:43:24
2023-04-10 18:39:22,210 - __main__ - INFO - Computing epoch 23 validation accuracy...
2023-04-10 18:39:25,780 - __main__ - INFO - Computing epoch 23 validation loss...
2023-04-10 18:39:29,173 - __main__ - INFO - [INFO] 2023-04-10 18:39:29.173072 Epoch [24/100] batch [1/391] loss 1.7119 lr 0.08750555348152302 acc 50.78% eta 0:47:30
2023-04-10 18:39:41,276 - __main__ - INFO - [INFO] 2023-04-10 18:39:41.276165 Epoch [24/100] batch [129/391] loss 1.8867 lr 0.08750555348152302 acc 50.00% eta 0:43:30
2023-04-10 18:39:53,120 - __main__ - INFO - [INFO] 2023-04-10 18:39:53.120136 Epoch [24/100] batch [257/391] loss 1.7676 lr 0.08750555348152302 acc 50.78% eta 0:42:48
2023-04-10 18:40:05,178 - __main__ - INFO - [INFO] 2023-04-10 18:40:05.178801 Epoch [24/100] batch [385/391] loss 2.0898 lr 0.08750555348152302 acc 35.94% eta 0:42:41
2023-04-10 18:40:05,718 - __main__ - INFO - Computing epoch 24 validation accuracy...
2023-04-10 18:40:09,031 - __main__ - INFO - Computing epoch 24 validation loss...
2023-04-10 18:40:12,387 - __main__ - INFO - [INFO] 2023-04-10 18:40:12.387383 Epoch [25/100] batch [1/391] loss 1.7256 lr 0.08644843137107061 acc 49.22% eta 0:49:58
2023-04-10 18:40:24,265 - __main__ - INFO - [INFO] 2023-04-10 18:40:24.265781 Epoch [25/100] batch [129/391] loss 1.7119 lr 0.08644843137107061 acc 52.34% eta 0:42:01
2023-04-10 18:40:36,278 - __main__ - INFO - [INFO] 2023-04-10 18:40:36.278200 Epoch [25/100] batch [257/391] loss 1.7598 lr 0.08644843137107061 acc 50.78% eta 0:42:03
2023-04-10 18:40:48,088 - __main__ - INFO - [INFO] 2023-04-10 18:40:48.087855 Epoch [25/100] batch [385/391] loss 1.5625 lr 0.08644843137107061 acc 56.25% eta 0:41:44
2023-04-10 18:40:48,624 - __main__ - INFO - Computing epoch 25 validation accuracy...
2023-04-10 18:40:51,963 - __main__ - INFO - Computing epoch 25 validation loss...
2023-04-10 18:40:55,253 - __main__ - INFO - [INFO] 2023-04-10 18:40:55.252873 Epoch [26/100] batch [1/391] loss 1.5996 lr 0.0853553390593274 acc 47.66% eta 0:43:25
2023-04-10 18:41:07,228 - __main__ - INFO - [INFO] 2023-04-10 18:41:07.228465 Epoch [26/100] batch [129/391] loss 1.7812 lr 0.0853553390593274 acc 47.66% eta 0:41:49
2023-04-10 18:41:19,231 - __main__ - INFO - [INFO] 2023-04-10 18:41:19.231531 Epoch [26/100] batch [257/391] loss 1.9941 lr 0.0853553390593274 acc 39.06% eta 0:41:37
2023-04-10 18:41:31,770 - __main__ - INFO - [INFO] 2023-04-10 18:41:31.769813 Epoch [26/100] batch [385/391] loss 1.9902 lr 0.0853553390593274 acc 43.75% eta 0:42:05
2023-04-10 18:41:32,343 - __main__ - INFO - Computing epoch 26 validation accuracy...
2023-04-10 18:41:35,680 - __main__ - INFO - Computing epoch 26 validation loss...
2023-04-10 18:41:39,110 - __main__ - INFO - [INFO] 2023-04-10 18:41:39.110103 Epoch [27/100] batch [1/391] loss 1.5498 lr 0.08422735529643446 acc 51.56% eta 0:43:38
2023-04-10 18:41:51,930 - __main__ - INFO - [INFO] 2023-04-10 18:41:51.930500 Epoch [27/100] batch [129/391] loss 1.7061 lr 0.08422735529643446 acc 39.06% eta 0:41:50
2023-04-10 18:42:04,665 - __main__ - INFO - [INFO] 2023-04-10 18:42:04.665651 Epoch [27/100] batch [257/391] loss 1.7979 lr 0.08422735529643446 acc 50.78% eta 0:41:28
2023-04-10 18:42:17,352 - __main__ - INFO - [INFO] 2023-04-10 18:42:17.351919 Epoch [27/100] batch [385/391] loss 1.3799 lr 0.08422735529643446 acc 49.22% eta 0:41:34
2023-04-10 18:42:17,958 - __main__ - INFO - Computing epoch 27 validation accuracy...
2023-04-10 18:42:21,370 - __main__ - INFO - Computing epoch 27 validation loss...
2023-04-10 18:42:24,752 - __main__ - INFO - [INFO] 2023-04-10 18:42:24.752504 Epoch [28/100] batch [1/391] loss 1.8936 lr 0.08306559326618262 acc 44.53% eta 0:41:31
2023-04-10 18:42:36,826 - __main__ - INFO - [INFO] 2023-04-10 18:42:36.826240 Epoch [28/100] batch [129/391] loss 1.7520 lr 0.08306559326618262 acc 53.12% eta 0:41:02
2023-04-10 18:42:48,761 - __main__ - INFO - [INFO] 2023-04-10 18:42:48.760956 Epoch [28/100] batch [257/391] loss 1.8203 lr 0.08306559326618262 acc 47.66% eta 0:40:36
2023-04-10 18:43:00,932 - __main__ - INFO - [INFO] 2023-04-10 18:43:00.932125 Epoch [28/100] batch [385/391] loss 1.6475 lr 0.08306559326618262 acc 54.69% eta 0:40:37
2023-04-10 18:43:01,476 - __main__ - INFO - Computing epoch 28 validation accuracy...
2023-04-10 18:43:04,715 - __main__ - INFO - Computing epoch 28 validation loss...
2023-04-10 18:43:08,224 - __main__ - INFO - [INFO] 2023-04-10 18:43:08.224118 Epoch [29/100] batch [1/391] loss 1.7070 lr 0.08187119948743452 acc 49.22% eta 0:43:54
2023-04-10 18:43:20,105 - __main__ - INFO - [INFO] 2023-04-10 18:43:20.105086 Epoch [29/100] batch [129/391] loss 1.6982 lr 0.08187119948743452 acc 47.66% eta 0:39:50
2023-04-10 18:43:32,020 - __main__ - INFO - [INFO] 2023-04-10 18:43:32.020448 Epoch [29/100] batch [257/391] loss 2.0723 lr 0.08187119948743452 acc 44.53% eta 0:39:37
2023-04-10 18:43:43,965 - __main__ - INFO - [INFO] 2023-04-10 18:43:43.965716 Epoch [29/100] batch [385/391] loss 1.7646 lr 0.08187119948743452 acc 43.75% eta 0:39:32
2023-04-10 18:43:44,481 - __main__ - INFO - Computing epoch 29 validation accuracy...
2023-04-10 18:43:47,748 - __main__ - INFO - Computing epoch 29 validation loss...
2023-04-10 18:43:51,122 - __main__ - INFO - [INFO] 2023-04-10 18:43:51.122579 Epoch [30/100] batch [1/391] loss 1.9561 lr 0.08064535268264886 acc 38.28% eta 0:41:49
2023-04-10 18:44:03,398 - __main__ - INFO - [INFO] 2023-04-10 18:44:03.398047 Epoch [30/100] batch [129/391] loss 1.7295 lr 0.08064535268264886 acc 45.31% eta 0:40:32
2023-04-10 18:44:15,362 - __main__ - INFO - [INFO] 2023-04-10 18:44:15.362745 Epoch [30/100] batch [257/391] loss 1.6611 lr 0.08064535268264886 acc 47.66% eta 0:39:52
2023-04-10 18:44:27,117 - __main__ - INFO - [INFO] 2023-04-10 18:44:27.117011 Epoch [30/100] batch [385/391] loss 1.7734 lr 0.08064535268264886 acc 43.75% eta 0:39:16
2023-04-10 18:44:27,661 - __main__ - INFO - Computing epoch 30 validation accuracy...
2023-04-10 18:44:31,003 - __main__ - INFO - Computing epoch 30 validation loss...
2023-04-10 18:44:34,249 - __main__ - INFO - [INFO] 2023-04-10 18:44:34.249526 Epoch [31/100] batch [1/391] loss 1.7480 lr 0.0793892626146237 acc 47.66% eta 0:41:36
2023-04-10 18:44:46,254 - __main__ - INFO - [INFO] 2023-04-10 18:44:46.254270 Epoch [31/100] batch [129/391] loss 1.8486 lr 0.0793892626146237 acc 42.97% eta 0:39:10
2023-04-10 18:44:58,358 - __main__ - INFO - [INFO] 2023-04-10 18:44:58.358233 Epoch [31/100] batch [257/391] loss 1.6445 lr 0.0793892626146237 acc 57.03% eta 0:39:05
2023-04-10 18:45:10,380 - __main__ - INFO - [INFO] 2023-04-10 18:45:10.380789 Epoch [31/100] batch [385/391] loss 1.6729 lr 0.0793892626146237 acc 50.78% eta 0:38:50
2023-04-10 18:45:10,932 - __main__ - INFO - Computing epoch 31 validation accuracy...
2023-04-10 18:45:14,107 - __main__ - INFO - Computing epoch 31 validation loss...
2023-04-10 18:45:17,388 - __main__ - INFO - [INFO] 2023-04-10 18:45:17.388187 Epoch [32/100] batch [1/391] loss 1.5771 lr 0.07810416889260657 acc 50.78% eta 0:39:47
2023-04-10 18:45:29,886 - __main__ - INFO - [INFO] 2023-04-10 18:45:29.886330 Epoch [32/100] batch [129/391] loss 1.7207 lr 0.07810416889260657 acc 43.75% eta 0:40:11
2023-04-10 18:45:41,806 - __main__ - INFO - [INFO] 2023-04-10 18:45:41.806518 Epoch [32/100] batch [257/391] loss 1.5840 lr 0.07810416889260657 acc 54.69% eta 0:39:04
2023-04-10 18:45:53,726 - __main__ - INFO - [INFO] 2023-04-10 18:45:53.726308 Epoch [32/100] batch [385/391] loss 1.5518 lr 0.07810416889260657 acc 58.59% eta 0:38:32
2023-04-10 18:45:54,293 - __main__ - INFO - Computing epoch 32 validation accuracy...
2023-04-10 18:45:57,656 - __main__ - INFO - Computing epoch 32 validation loss...
2023-04-10 18:46:00,980 - __main__ - INFO - [INFO] 2023-04-10 18:46:00.980704 Epoch [33/100] batch [1/391] loss 1.6465 lr 0.07679133974894986 acc 45.31% eta 0:38:16
2023-04-10 18:46:12,765 - __main__ - INFO - [INFO] 2023-04-10 18:46:12.765166 Epoch [33/100] batch [129/391] loss 1.6709 lr 0.07679133974894986 acc 47.66% eta 0:37:13
2023-04-10 18:46:24,756 - __main__ - INFO - [INFO] 2023-04-10 18:46:24.756729 Epoch [33/100] batch [257/391] loss 1.8369 lr 0.07679133974894986 acc 46.09% eta 0:37:26
2023-04-10 18:46:36,997 - __main__ - INFO - [INFO] 2023-04-10 18:46:36.997073 Epoch [33/100] batch [385/391] loss 1.9004 lr 0.07679133974894986 acc 46.09% eta 0:37:37
2023-04-10 18:46:37,522 - __main__ - INFO - Computing epoch 33 validation accuracy...
2023-04-10 18:46:40,822 - __main__ - INFO - Computing epoch 33 validation loss...
2023-04-10 18:46:44,259 - __main__ - INFO - [INFO] 2023-04-10 18:46:44.259004 Epoch [34/100] batch [1/391] loss 1.8252 lr 0.0754520707875186 acc 48.44% eta 0:50:55
2023-04-10 18:46:56,854 - __main__ - INFO - [INFO] 2023-04-10 18:46:56.854279 Epoch [34/100] batch [129/391] loss 1.8184 lr 0.0754520707875186 acc 45.31% eta 0:39:18
2023-04-10 18:47:08,799 - __main__ - INFO - [INFO] 2023-04-10 18:47:08.799665 Epoch [34/100] batch [257/391] loss 1.7148 lr 0.0754520707875186 acc 50.00% eta 0:38:03
2023-04-10 18:47:21,413 - __main__ - INFO - [INFO] 2023-04-10 18:47:21.412876 Epoch [34/100] batch [385/391] loss 1.7129 lr 0.0754520707875186 acc 43.75% eta 0:37:34
2023-04-10 18:47:21,986 - __main__ - INFO - Computing epoch 34 validation accuracy...
2023-04-10 18:47:25,373 - __main__ - INFO - Computing epoch 34 validation loss...
2023-04-10 18:47:28,753 - __main__ - INFO - [INFO] 2023-04-10 18:47:28.753091 Epoch [35/100] batch [1/391] loss 1.4072 lr 0.0740876837050858 acc 50.00% eta 0:43:38
2023-04-10 18:47:41,574 - __main__ - INFO - [INFO] 2023-04-10 18:47:41.573963 Epoch [35/100] batch [129/391] loss 1.6611 lr 0.0740876837050858 acc 54.69% eta 0:37:25
2023-04-10 18:47:53,726 - __main__ - INFO - [INFO] 2023-04-10 18:47:53.726211 Epoch [35/100] batch [257/391] loss 1.5371 lr 0.0740876837050858 acc 51.56% eta 0:37:04
2023-04-10 18:48:06,066 - __main__ - INFO - [INFO] 2023-04-10 18:48:06.066411 Epoch [35/100] batch [385/391] loss 1.7822 lr 0.0740876837050858 acc 50.00% eta 0:37:06
2023-04-10 18:48:06,622 - __main__ - INFO - Computing epoch 35 validation accuracy...
2023-04-10 18:48:09,932 - __main__ - INFO - Computing epoch 35 validation loss...
2023-04-10 18:48:13,432 - __main__ - INFO - [INFO] 2023-04-10 18:48:13.432008 Epoch [36/100] batch [1/391] loss 1.4453 lr 0.07269952498697738 acc 50.00% eta 0:41:26
2023-04-10 18:48:25,617 - __main__ - INFO - [INFO] 2023-04-10 18:48:25.617414 Epoch [36/100] batch [129/391] loss 1.7725 lr 0.07269952498697738 acc 40.62% eta 0:36:52
2023-04-10 18:48:37,727 - __main__ - INFO - [INFO] 2023-04-10 18:48:37.726998 Epoch [36/100] batch [257/391] loss 1.6562 lr 0.07269952498697738 acc 54.69% eta 0:36:34
2023-04-10 18:48:50,085 - __main__ - INFO - [INFO] 2023-04-10 18:48:50.085508 Epoch [36/100] batch [385/391] loss 2.1016 lr 0.07269952498697738 acc 39.84% eta 0:36:36
2023-04-10 18:48:50,623 - __main__ - INFO - Computing epoch 36 validation accuracy...
2023-04-10 18:48:54,016 - __main__ - INFO - Computing epoch 36 validation loss...
2023-04-10 18:48:57,444 - __main__ - INFO - [INFO] 2023-04-10 18:48:57.444146 Epoch [37/100] batch [1/391] loss 1.8691 lr 0.07128896457825366 acc 51.56% eta 0:41:07
2023-04-10 18:49:09,521 - __main__ - INFO - [INFO] 2023-04-10 18:49:09.521552 Epoch [37/100] batch [129/391] loss 1.6670 lr 0.07128896457825366 acc 57.03% eta 0:36:02
2023-04-10 18:49:21,584 - __main__ - INFO - [INFO] 2023-04-10 18:49:21.584475 Epoch [37/100] batch [257/391] loss 1.8047 lr 0.07128896457825366 acc 57.03% eta 0:35:47
2023-04-10 18:49:33,596 - __main__ - INFO - [INFO] 2023-04-10 18:49:33.596433 Epoch [37/100] batch [385/391] loss 1.4912 lr 0.07128896457825366 acc 50.00% eta 0:35:32
2023-04-10 18:49:34,160 - __main__ - INFO - Computing epoch 37 validation accuracy...
2023-04-10 18:49:37,478 - __main__ - INFO - Computing epoch 37 validation loss...
2023-04-10 18:49:40,940 - __main__ - INFO - [INFO] 2023-04-10 18:49:40.939859 Epoch [38/100] batch [1/391] loss 1.5215 lr 0.06985739453173906 acc 45.31% eta 0:38:05
2023-04-10 18:49:52,881 - __main__ - INFO - [INFO] 2023-04-10 18:49:52.881637 Epoch [38/100] batch [129/391] loss 1.3779 lr 0.06985739453173906 acc 53.91% eta 0:35:01
2023-04-10 18:50:04,907 - __main__ - INFO - [INFO] 2023-04-10 18:50:04.907243 Epoch [38/100] batch [257/391] loss 1.6260 lr 0.06985739453173906 acc 53.91% eta 0:34:56
2023-04-10 18:50:16,892 - __main__ - INFO - [INFO] 2023-04-10 18:50:16.892483 Epoch [38/100] batch [385/391] loss 1.8730 lr 0.06985739453173906 acc 53.12% eta 0:34:45
2023-04-10 18:50:17,443 - __main__ - INFO - Computing epoch 38 validation accuracy...
2023-04-10 18:50:20,828 - __main__ - INFO - Computing epoch 38 validation loss...
2023-04-10 18:50:24,264 - __main__ - INFO - [INFO] 2023-04-10 18:50:24.264721 Epoch [39/100] batch [1/391] loss 1.4629 lr 0.06840622763423394 acc 58.59% eta 0:39:04
2023-04-10 18:50:36,433 - __main__ - INFO - [INFO] 2023-04-10 18:50:36.432827 Epoch [39/100] batch [129/391] loss 1.9004 lr 0.06840622763423394 acc 41.41% eta 0:35:10
2023-04-10 18:50:48,920 - __main__ - INFO - [INFO] 2023-04-10 18:50:48.920477 Epoch [39/100] batch [257/391] loss 1.6377 lr 0.06840622763423394 acc 60.16% eta 0:35:25
2023-04-10 18:51:00,850 - __main__ - INFO - [INFO] 2023-04-10 18:51:00.850553 Epoch [39/100] batch [385/391] loss 1.6094 lr 0.06840622763423394 acc 54.69% eta 0:34:50
2023-04-10 18:51:01,367 - __main__ - INFO - Computing epoch 39 validation accuracy...
2023-04-10 18:51:04,652 - __main__ - INFO - Computing epoch 39 validation loss...
2023-04-10 18:51:08,026 - __main__ - INFO - [INFO] 2023-04-10 18:51:08.025668 Epoch [40/100] batch [1/391] loss 1.8086 lr 0.06693689601226462 acc 42.19% eta 0:53:20
2023-04-10 18:51:20,109 - __main__ - INFO - [INFO] 2023-04-10 18:51:20.109544 Epoch [40/100] batch [129/391] loss 1.5381 lr 0.06693689601226462 acc 53.12% eta 0:34:24
2023-04-10 18:51:32,236 - __main__ - INFO - [INFO] 2023-04-10 18:51:32.235959 Epoch [40/100] batch [257/391] loss 1.7148 lr 0.06693689601226462 acc 53.12% eta 0:34:14
2023-04-10 18:51:44,143 - __main__ - INFO - [INFO] 2023-04-10 18:51:44.142933 Epoch [40/100] batch [385/391] loss 1.6992 lr 0.06693689601226462 acc 50.78% eta 0:33:49
2023-04-10 18:51:44,781 - __main__ - INFO - Computing epoch 40 validation accuracy...
2023-04-10 18:51:47,939 - __main__ - INFO - Computing epoch 40 validation loss...
2023-04-10 18:51:51,240 - __main__ - INFO - [INFO] 2023-04-10 18:51:51.240790 Epoch [41/100] batch [1/391] loss 1.3389 lr 0.06545084971874741 acc 47.66% eta 0:34:39
2023-04-10 18:52:03,348 - __main__ - INFO - [INFO] 2023-04-10 18:52:03.348017 Epoch [41/100] batch [129/391] loss 1.4023 lr 0.06545084971874741 acc 53.12% eta 0:33:43
2023-04-10 18:52:15,061 - __main__ - INFO - [INFO] 2023-04-10 18:52:15.061566 Epoch [41/100] batch [257/391] loss 1.7402 lr 0.06545084971874741 acc 53.12% eta 0:33:00
2023-04-10 18:52:26,963 - __main__ - INFO - [INFO] 2023-04-10 18:52:26.963115 Epoch [41/100] batch [385/391] loss 1.6699 lr 0.06545084971874741 acc 53.91% eta 0:32:48
2023-04-10 18:52:27,522 - __main__ - INFO - Computing epoch 41 validation accuracy...
2023-04-10 18:52:30,718 - __main__ - INFO - Computing epoch 41 validation loss...
2023-04-10 18:52:34,127 - __main__ - INFO - [INFO] 2023-04-10 18:52:34.127421 Epoch [42/100] batch [1/391] loss 1.3613 lr 0.06394955530196152 acc 57.81% eta 0:39:09
2023-04-10 18:52:46,019 - __main__ - INFO - [INFO] 2023-04-10 18:52:46.018986 Epoch [42/100] batch [129/391] loss 1.6904 lr 0.06394955530196152 acc 50.00% eta 0:32:37
2023-04-10 18:52:57,910 - __main__ - INFO - [INFO] 2023-04-10 18:52:57.910689 Epoch [42/100] batch [257/391] loss 1.4746 lr 0.06394955530196152 acc 60.16% eta 0:32:24
2023-04-10 18:53:10,190 - __main__ - INFO - [INFO] 2023-04-10 18:53:10.190194 Epoch [42/100] batch [385/391] loss 1.3086 lr 0.06394955530196152 acc 56.25% eta 0:32:37
2023-04-10 18:53:10,726 - __main__ - INFO - Computing epoch 42 validation accuracy...
2023-04-10 18:53:13,930 - __main__ - INFO - Computing epoch 42 validation loss...
2023-04-10 18:53:17,324 - __main__ - INFO - [INFO] 2023-04-10 18:53:17.324261 Epoch [43/100] batch [1/391] loss 1.5586 lr 0.062434494358242776 acc 46.09% eta 0:36:31
2023-04-10 18:53:29,640 - __main__ - INFO - [INFO] 2023-04-10 18:53:29.640475 Epoch [43/100] batch [129/391] loss 1.7891 lr 0.062434494358242776 acc 52.34% eta 0:33:16
2023-04-10 18:53:41,673 - __main__ - INFO - [INFO] 2023-04-10 18:53:41.673444 Epoch [43/100] batch [257/391] loss 1.7637 lr 0.062434494358242776 acc 48.44% eta 0:32:42
2023-04-10 18:53:53,857 - __main__ - INFO - [INFO] 2023-04-10 18:53:53.857518 Epoch [43/100] batch [385/391] loss 1.4785 lr 0.062434494358242776 acc 55.47% eta 0:32:30
2023-04-10 18:53:54,391 - __main__ - INFO - Computing epoch 43 validation accuracy...
2023-04-10 18:53:57,622 - __main__ - INFO - Computing epoch 43 validation loss...
2023-04-10 18:54:01,102 - __main__ - INFO - [INFO] 2023-04-10 18:54:01.102733 Epoch [44/100] batch [1/391] loss 1.5234 lr 0.06090716206982718 acc 53.91% eta 0:33:53
2023-04-10 18:54:13,222 - __main__ - INFO - [INFO] 2023-04-10 18:54:13.222040 Epoch [44/100] batch [129/391] loss 1.7148 lr 0.06090716206982718 acc 51.56% eta 0:32:06
2023-04-10 18:54:25,452 - __main__ - INFO - [INFO] 2023-04-10 18:54:25.452533 Epoch [44/100] batch [257/391] loss 1.6240 lr 0.06090716206982718 acc 53.91% eta 0:32:05
2023-04-10 18:54:37,413 - __main__ - INFO - [INFO] 2023-04-10 18:54:37.413344 Epoch [44/100] batch [385/391] loss 1.5908 lr 0.06090716206982718 acc 50.78% eta 0:31:40
2023-04-10 18:54:37,983 - __main__ - INFO - Computing epoch 44 validation accuracy...
2023-04-10 18:54:41,271 - __main__ - INFO - Computing epoch 44 validation loss...
2023-04-10 18:54:44,594 - __main__ - INFO - [INFO] 2023-04-10 18:54:44.593875 Epoch [45/100] batch [1/391] loss 1.4883 lr 0.05936906572928628 acc 53.91% eta 0:34:58
2023-04-10 18:54:56,815 - __main__ - INFO - [INFO] 2023-04-10 18:54:56.815110 Epoch [45/100] batch [129/391] loss 1.3887 lr 0.05936906572928628 acc 52.34% eta 0:31:46
2023-04-10 18:55:08,896 - __main__ - INFO - [INFO] 2023-04-10 18:55:08.896026 Epoch [45/100] batch [257/391] loss 1.4189 lr 0.05936906572928628 acc 54.69% eta 0:31:24
2023-04-10 18:55:20,897 - __main__ - INFO - [INFO] 2023-04-10 18:55:20.897232 Epoch [45/100] batch [385/391] loss 1.5234 lr 0.05936906572928628 acc 53.91% eta 0:31:05
2023-04-10 18:55:21,430 - __main__ - INFO - Computing epoch 45 validation accuracy...
2023-04-10 18:55:24,646 - __main__ - INFO - Computing epoch 45 validation loss...
2023-04-10 18:55:27,970 - __main__ - INFO - [INFO] 2023-04-10 18:55:27.970671 Epoch [46/100] batch [1/391] loss 1.5186 lr 0.05782172325201159 acc 57.03% eta 0:33:04
2023-04-10 18:55:40,098 - __main__ - INFO - [INFO] 2023-04-10 18:55:40.098614 Epoch [46/100] batch [129/391] loss 1.2959 lr 0.05782172325201159 acc 64.06% eta 0:31:03
2023-04-10 18:55:52,264 - __main__ - INFO - [INFO] 2023-04-10 18:55:52.263920 Epoch [46/100] batch [257/391] loss 1.6709 lr 0.05782172325201159 acc 54.69% eta 0:30:54
2023-04-10 18:56:04,485 - __main__ - INFO - [INFO] 2023-04-10 18:56:04.485048 Epoch [46/100] batch [385/391] loss 1.5625 lr 0.05782172325201159 acc 58.59% eta 0:30:45
2023-04-10 18:56:05,031 - __main__ - INFO - Computing epoch 46 validation accuracy...
2023-04-10 18:56:08,316 - __main__ - INFO - Computing epoch 46 validation loss...
2023-04-10 18:56:11,599 - __main__ - INFO - [INFO] 2023-04-10 18:56:11.599159 Epoch [47/100] batch [1/391] loss 1.5156 lr 0.056266661678215264 acc 54.69% eta 0:33:18
2023-04-10 18:56:23,511 - __main__ - INFO - [INFO] 2023-04-10 18:56:23.511350 Epoch [47/100] batch [129/391] loss 1.9014 lr 0.056266661678215264 acc 53.91% eta 0:29:52
2023-04-10 18:56:35,472 - __main__ - INFO - [INFO] 2023-04-10 18:56:35.472277 Epoch [47/100] batch [257/391] loss 1.2988 lr 0.056266661678215264 acc 66.41% eta 0:29:45
2023-04-10 18:56:47,559 - __main__ - INFO - [INFO] 2023-04-10 18:56:47.558991 Epoch [47/100] batch [385/391] loss 1.4600 lr 0.056266661678215264 acc 49.22% eta 0:29:38
2023-04-10 18:56:48,098 - __main__ - INFO - Computing epoch 47 validation accuracy...
2023-04-10 18:56:51,252 - __main__ - INFO - Computing epoch 47 validation loss...
2023-04-10 18:56:54,588 - __main__ - INFO - [INFO] 2023-04-10 18:56:54.588115 Epoch [48/100] batch [1/391] loss 1.5586 lr 0.05470541566592575 acc 57.03% eta 0:32:28
2023-04-10 18:57:06,286 - __main__ - INFO - [INFO] 2023-04-10 18:57:06.285203 Epoch [48/100] batch [129/391] loss 1.5146 lr 0.05470541566592575 acc 57.03% eta 0:28:48
2023-04-10 18:57:18,231 - __main__ - INFO - [INFO] 2023-04-10 18:57:18.230959 Epoch [48/100] batch [257/391] loss 1.8311 lr 0.05470541566592575 acc 43.75% eta 0:28:54
2023-04-10 18:57:30,442 - __main__ - INFO - [INFO] 2023-04-10 18:57:30.442082 Epoch [48/100] batch [385/391] loss 1.3555 lr 0.05470541566592575 acc 57.81% eta 0:29:01
2023-04-10 18:57:30,961 - __main__ - INFO - Computing epoch 48 validation accuracy...
2023-04-10 18:57:34,272 - __main__ - INFO - Computing epoch 48 validation loss...
2023-04-10 18:57:37,564 - __main__ - INFO - [INFO] 2023-04-10 18:57:37.564101 Epoch [49/100] batch [1/391] loss 1.5342 lr 0.053139525976465714 acc 58.59% eta 0:29:29
2023-04-10 18:57:49,602 - __main__ - INFO - [INFO] 2023-04-10 18:57:49.602414 Epoch [49/100] batch [129/391] loss 1.4873 lr 0.053139525976465714 acc 53.12% eta 0:29:03
2023-04-10 18:58:01,774 - __main__ - INFO - [INFO] 2023-04-10 18:58:01.774380 Epoch [49/100] batch [257/391] loss 1.6934 lr 0.053139525976465714 acc 50.00% eta 0:29:02
2023-04-10 18:58:13,520 - __main__ - INFO - [INFO] 2023-04-10 18:58:13.520477 Epoch [49/100] batch [385/391] loss 1.2910 lr 0.053139525976465714 acc 57.81% eta 0:28:33
2023-04-10 18:58:14,060 - __main__ - INFO - Computing epoch 49 validation accuracy...
2023-04-10 18:58:17,240 - __main__ - INFO - Computing epoch 49 validation loss...
2023-04-10 18:58:20,516 - __main__ - INFO - [INFO] 2023-04-10 18:58:20.516845 Epoch [50/100] batch [1/391] loss 1.8662 lr 0.05157053795390645 acc 49.22% eta 0:31:32
2023-04-10 18:58:32,178 - __main__ - INFO - [INFO] 2023-04-10 18:58:32.178301 Epoch [50/100] batch [129/391] loss 1.2383 lr 0.05157053795390645 acc 60.16% eta 0:27:37
2023-04-10 18:58:44,100 - __main__ - INFO - [INFO] 2023-04-10 18:58:44.100186 Epoch [50/100] batch [257/391] loss 1.6104 lr 0.05157053795390645 acc 52.34% eta 0:27:46
2023-04-10 18:58:56,092 - __main__ - INFO - [INFO] 2023-04-10 18:58:56.092336 Epoch [50/100] batch [385/391] loss 1.7656 lr 0.05157053795390645 acc 53.91% eta 0:27:44
2023-04-10 18:58:56,654 - __main__ - INFO - Computing epoch 50 validation accuracy...
2023-04-10 18:58:59,959 - __main__ - INFO - Computing epoch 50 validation loss...
2023-04-10 18:59:03,322 - __main__ - INFO - [INFO] 2023-04-10 18:59:03.322783 Epoch [51/100] batch [1/391] loss 1.5078 lr 0.05000000000000004 acc 57.03% eta 0:31:35
2023-04-10 18:59:15,323 - __main__ - INFO - [INFO] 2023-04-10 18:59:15.323666 Epoch [51/100] batch [129/391] loss 1.3506 lr 0.05000000000000004 acc 56.25% eta 0:27:54
2023-04-10 18:59:27,506 - __main__ - INFO - [INFO] 2023-04-10 18:59:27.506139 Epoch [51/100] batch [257/391] loss 1.3691 lr 0.05000000000000004 acc 55.47% eta 0:27:54
2023-04-10 18:59:40,104 - __main__ - INFO - [INFO] 2023-04-10 18:59:40.104354 Epoch [51/100] batch [385/391] loss 1.3828 lr 0.05000000000000004 acc 55.47% eta 0:27:53
2023-04-10 18:59:40,688 - __main__ - INFO - Computing epoch 51 validation accuracy...
2023-04-10 18:59:44,122 - __main__ - INFO - Computing epoch 51 validation loss...
2023-04-10 18:59:47,574 - __main__ - INFO - [INFO] 2023-04-10 18:59:47.574137 Epoch [52/100] batch [1/391] loss 1.2314 lr 0.04842946204609362 acc 64.06% eta 0:29:27
2023-04-10 19:00:00,255 - __main__ - INFO - [INFO] 2023-04-10 19:00:00.255422 Epoch [52/100] batch [129/391] loss 1.4482 lr 0.04842946204609362 acc 57.03% eta 0:27:19
2023-04-10 19:00:13,171 - __main__ - INFO - [INFO] 2023-04-10 19:00:13.171040 Epoch [52/100] batch [257/391] loss 1.6270 lr 0.04842946204609362 acc 53.91% eta 0:27:50
2023-04-10 19:00:25,423 - __main__ - INFO - [INFO] 2023-04-10 19:00:25.423197 Epoch [52/100] batch [385/391] loss 1.7324 lr 0.04842946204609362 acc 52.34% eta 0:27:37
2023-04-10 19:00:25,951 - __main__ - INFO - Computing epoch 52 validation accuracy...
2023-04-10 19:00:29,217 - __main__ - INFO - Computing epoch 52 validation loss...
2023-04-10 19:00:32,528 - __main__ - INFO - [INFO] 2023-04-10 19:00:32.528551 Epoch [53/100] batch [1/391] loss 1.2734 lr 0.04686047402353437 acc 60.16% eta 0:29:30
2023-04-10 19:00:44,601 - __main__ - INFO - [INFO] 2023-04-10 19:00:44.601068 Epoch [53/100] batch [129/391] loss 1.6309 lr 0.04686047402353437 acc 54.69% eta 0:26:54
2023-04-10 19:00:56,587 - __main__ - INFO - [INFO] 2023-04-10 19:00:56.587231 Epoch [53/100] batch [257/391] loss 1.4971 lr 0.04686047402353437 acc 61.72% eta 0:26:38
2023-04-10 19:01:08,704 - __main__ - INFO - [INFO] 2023-04-10 19:01:08.704327 Epoch [53/100] batch [385/391] loss 1.6465 lr 0.04686047402353437 acc 54.69% eta 0:26:32
2023-04-10 19:01:09,259 - __main__ - INFO - Computing epoch 53 validation accuracy...
2023-04-10 19:01:12,583 - __main__ - INFO - Computing epoch 53 validation loss...
2023-04-10 19:01:15,890 - __main__ - INFO - [INFO] 2023-04-10 19:01:15.890061 Epoch [54/100] batch [1/391] loss 1.2764 lr 0.045294584334074316 acc 60.16% eta 0:29:41
2023-04-10 19:01:27,973 - __main__ - INFO - [INFO] 2023-04-10 19:01:27.972844 Epoch [54/100] batch [129/391] loss 1.7295 lr 0.045294584334074316 acc 52.34% eta 0:26:20
2023-04-10 19:01:39,940 - __main__ - INFO - [INFO] 2023-04-10 19:01:39.940257 Epoch [54/100] batch [257/391] loss 1.5498 lr 0.045294584334074316 acc 57.03% eta 0:26:02
2023-04-10 19:01:51,800 - __main__ - INFO - [INFO] 2023-04-10 19:01:51.800686 Epoch [54/100] batch [385/391] loss 1.7510 lr 0.045294584334074316 acc 46.88% eta 0:25:45
2023-04-10 19:01:52,350 - __main__ - INFO - Computing epoch 54 validation accuracy...
2023-04-10 19:01:55,514 - __main__ - INFO - Computing epoch 54 validation loss...
2023-04-10 19:01:58,800 - __main__ - INFO - [INFO] 2023-04-10 19:01:58.800834 Epoch [55/100] batch [1/391] loss 1.4043 lr 0.043733338321784825 acc 57.81% eta 0:25:59
2023-04-10 19:02:10,547 - __main__ - INFO - [INFO] 2023-04-10 19:02:10.547881 Epoch [55/100] batch [129/391] loss 1.3525 lr 0.043733338321784825 acc 58.59% eta 0:25:04
2023-04-10 19:02:22,361 - __main__ - INFO - [INFO] 2023-04-10 19:02:22.361747 Epoch [55/100] batch [257/391] loss 1.2363 lr 0.043733338321784825 acc 63.28% eta 0:24:59
2023-04-10 19:02:34,302 - __main__ - INFO - [INFO] 2023-04-10 19:02:34.302314 Epoch [55/100] batch [385/391] loss 1.5410 lr 0.043733338321784825 acc 53.91% eta 0:24:52
2023-04-10 19:02:34,832 - __main__ - INFO - Computing epoch 55 validation accuracy...
2023-04-10 19:02:38,047 - __main__ - INFO - Computing epoch 55 validation loss...
2023-04-10 19:02:41,441 - __main__ - INFO - [INFO] 2023-04-10 19:02:41.440896 Epoch [56/100] batch [1/391] loss 1.4072 lr 0.042178276747988484 acc 60.16% eta 0:30:49
2023-04-10 19:02:53,587 - __main__ - INFO - [INFO] 2023-04-10 19:02:53.587187 Epoch [56/100] batch [129/391] loss 1.5303 lr 0.042178276747988484 acc 56.25% eta 0:25:21
2023-04-10 19:03:05,817 - __main__ - INFO - [INFO] 2023-04-10 19:03:05.817383 Epoch [56/100] batch [257/391] loss 1.2969 lr 0.042178276747988484 acc 62.50% eta 0:25:15
2023-04-10 19:03:17,718 - __main__ - INFO - [INFO] 2023-04-10 19:03:17.718045 Epoch [56/100] batch [385/391] loss 1.1699 lr 0.042178276747988484 acc 60.16% eta 0:24:52
2023-04-10 19:03:18,261 - __main__ - INFO - Computing epoch 56 validation accuracy...
2023-04-10 19:03:21,572 - __main__ - INFO - Computing epoch 56 validation loss...
2023-04-10 19:03:24,929 - __main__ - INFO - [INFO] 2023-04-10 19:03:24.928702 Epoch [57/100] batch [1/391] loss 1.3369 lr 0.0406309342707138 acc 55.47% eta 0:25:18
2023-04-10 19:03:36,971 - __main__ - INFO - [INFO] 2023-04-10 19:03:36.971547 Epoch [57/100] batch [129/391] loss 1.4004 lr 0.0406309342707138 acc 56.25% eta 0:24:34
2023-04-10 19:03:49,493 - __main__ - INFO - [INFO] 2023-04-10 19:03:49.493564 Epoch [57/100] batch [257/391] loss 1.4463 lr 0.0406309342707138 acc 60.16% eta 0:24:40
2023-04-10 19:04:02,367 - __main__ - INFO - [INFO] 2023-04-10 19:04:02.367219 Epoch [57/100] batch [385/391] loss 1.2510 lr 0.0406309342707138 acc 66.41% eta 0:24:30
2023-04-10 19:04:02,951 - __main__ - INFO - Computing epoch 57 validation accuracy...
2023-04-10 19:04:06,378 - __main__ - INFO - Computing epoch 57 validation loss...
2023-04-10 19:04:09,851 - __main__ - INFO - [INFO] 2023-04-10 19:04:09.851480 Epoch [58/100] batch [1/391] loss 1.3711 lr 0.039092837930172916 acc 60.94% eta 0:25:16
2023-04-10 19:04:22,573 - __main__ - INFO - [INFO] 2023-04-10 19:04:22.573554 Epoch [58/100] batch [129/391] loss 1.4648 lr 0.039092837930172916 acc 56.25% eta 0:24:27
2023-04-10 19:04:34,594 - __main__ - INFO - [INFO] 2023-04-10 19:04:34.594275 Epoch [58/100] batch [257/391] loss 1.4053 lr 0.039092837930172916 acc 57.81% eta 0:24:02
2023-04-10 19:04:46,597 - __main__ - INFO - [INFO] 2023-04-10 19:04:46.597697 Epoch [58/100] batch [385/391] loss 1.3477 lr 0.039092837930172916 acc 61.72% eta 0:23:47
2023-04-10 19:04:47,134 - __main__ - INFO - Computing epoch 58 validation accuracy...
2023-04-10 19:04:50,379 - __main__ - INFO - Computing epoch 58 validation loss...
2023-04-10 19:04:53,622 - __main__ - INFO - [INFO] 2023-04-10 19:04:53.622073 Epoch [59/100] batch [1/391] loss 1.3418 lr 0.037565505641757285 acc 65.62% eta 0:25:04
2023-04-10 19:05:05,615 - __main__ - INFO - [INFO] 2023-04-10 19:05:05.615514 Epoch [59/100] batch [129/391] loss 1.5439 lr 0.037565505641757285 acc 56.25% eta 0:23:22
2023-04-10 19:05:17,928 - __main__ - INFO - [INFO] 2023-04-10 19:05:17.928233 Epoch [59/100] batch [257/391] loss 1.2334 lr 0.037565505641757285 acc 64.84% eta 0:23:31
2023-04-10 19:05:29,800 - __main__ - INFO - [INFO] 2023-04-10 19:05:29.800632 Epoch [59/100] batch [385/391] loss 1.5488 lr 0.037565505641757285 acc 53.12% eta 0:23:07
2023-04-10 19:05:30,331 - __main__ - INFO - Computing epoch 59 validation accuracy...
2023-04-10 19:05:33,515 - __main__ - INFO - Computing epoch 59 validation loss...
2023-04-10 19:05:36,817 - __main__ - INFO - [INFO] 2023-04-10 19:05:36.817047 Epoch [60/100] batch [1/391] loss 1.4590 lr 0.03605044469803857 acc 55.47% eta 0:27:28
2023-04-10 19:05:48,751 - __main__ - INFO - [INFO] 2023-04-10 19:05:48.751610 Epoch [60/100] batch [129/391] loss 1.1201 lr 0.03605044469803857 acc 66.41% eta 0:22:47
2023-04-10 19:06:00,447 - __main__ - INFO - [INFO] 2023-04-10 19:06:00.446921 Epoch [60/100] batch [257/391] loss 1.4678 lr 0.03605044469803857 acc 56.25% eta 0:22:17
2023-04-10 19:06:12,383 - __main__ - INFO - [INFO] 2023-04-10 19:06:12.383094 Epoch [60/100] batch [385/391] loss 1.2637 lr 0.03605044469803857 acc 61.72% eta 0:22:09
2023-04-10 19:06:12,912 - __main__ - INFO - Computing epoch 60 validation accuracy...
2023-04-10 19:06:16,258 - __main__ - INFO - Computing epoch 60 validation loss...
2023-04-10 19:06:19,731 - __main__ - INFO - [INFO] 2023-04-10 19:06:19.730894 Epoch [61/100] batch [1/391] loss 1.2930 lr 0.034549150281252675 acc 60.16% eta 0:25:38
2023-04-10 19:06:31,529 - __main__ - INFO - [INFO] 2023-04-10 19:06:31.529711 Epoch [61/100] batch [129/391] loss 1.3994 lr 0.034549150281252675 acc 56.25% eta 0:21:56
2023-04-10 19:06:43,516 - __main__ - INFO - [INFO] 2023-04-10 19:06:43.516730 Epoch [61/100] batch [257/391] loss 1.3184 lr 0.034549150281252675 acc 61.72% eta 0:21:53
2023-04-10 19:06:55,829 - __main__ - INFO - [INFO] 2023-04-10 19:06:55.829451 Epoch [61/100] batch [385/391] loss 1.2432 lr 0.034549150281252675 acc 67.19% eta 0:21:43
2023-04-10 19:06:56,397 - __main__ - INFO - Computing epoch 61 validation accuracy...
2023-04-10 19:06:59,950 - __main__ - INFO - Computing epoch 61 validation loss...
2023-04-10 19:07:03,425 - __main__ - INFO - [INFO] 2023-04-10 19:07:03.425732 Epoch [62/100] batch [1/391] loss 1.3154 lr 0.03306310398773546 acc 67.97% eta 0:25:12
2023-04-10 19:07:16,059 - __main__ - INFO - [INFO] 2023-04-10 19:07:16.059338 Epoch [62/100] batch [129/391] loss 1.3486 lr 0.03306310398773546 acc 57.81% eta 0:21:31
2023-04-10 19:07:28,527 - __main__ - INFO - [INFO] 2023-04-10 19:07:28.527201 Epoch [62/100] batch [257/391] loss 1.4580 lr 0.03306310398773546 acc 53.12% eta 0:21:33
2023-04-10 19:07:41,103 - __main__ - INFO - [INFO] 2023-04-10 19:07:41.103367 Epoch [62/100] batch [385/391] loss 1.1758 lr 0.03306310398773546 acc 64.06% eta 0:21:44
2023-04-10 19:07:41,648 - __main__ - INFO - Computing epoch 62 validation accuracy...
2023-04-10 19:07:44,946 - __main__ - INFO - Computing epoch 62 validation loss...
2023-04-10 19:07:48,233 - __main__ - INFO - [INFO] 2023-04-10 19:07:48.233716 Epoch [63/100] batch [1/391] loss 1.2021 lr 0.031593772365766146 acc 61.72% eta 0:21:22
2023-04-10 19:08:00,248 - __main__ - INFO - [INFO] 2023-04-10 19:08:00.247899 Epoch [63/100] batch [129/391] loss 1.3311 lr 0.031593772365766146 acc 53.12% eta 0:21:09
2023-04-10 19:08:11,970 - __main__ - INFO - [INFO] 2023-04-10 19:08:11.970705 Epoch [63/100] batch [257/391] loss 1.4346 lr 0.031593772365766146 acc 66.41% eta 0:20:42
2023-04-10 19:08:23,772 - __main__ - INFO - [INFO] 2023-04-10 19:08:23.772473 Epoch [63/100] batch [385/391] loss 1.4307 lr 0.031593772365766146 acc 62.50% eta 0:20:29
2023-04-10 19:08:24,375 - __main__ - INFO - Computing epoch 63 validation accuracy...
2023-04-10 19:08:27,601 - __main__ - INFO - Computing epoch 63 validation loss...
2023-04-10 19:08:30,902 - __main__ - INFO - [INFO] 2023-04-10 19:08:30.902367 Epoch [64/100] batch [1/391] loss 1.4092 lr 0.030142605468260992 acc 57.03% eta 0:21:16
2023-04-10 19:08:42,814 - __main__ - INFO - [INFO] 2023-04-10 19:08:42.814496 Epoch [64/100] batch [129/391] loss 1.7305 lr 0.030142605468260992 acc 53.12% eta 0:20:23
2023-04-10 19:08:54,551 - __main__ - INFO - [INFO] 2023-04-10 19:08:54.551186 Epoch [64/100] batch [257/391] loss 1.1641 lr 0.030142605468260992 acc 70.31% eta 0:20:04
2023-04-10 19:09:06,265 - __main__ - INFO - [INFO] 2023-04-10 19:09:06.265622 Epoch [64/100] batch [385/391] loss 1.3994 lr 0.030142605468260992 acc 61.72% eta 0:19:49
2023-04-10 19:09:06,782 - __main__ - INFO - Computing epoch 64 validation accuracy...
2023-04-10 19:09:10,167 - __main__ - INFO - Computing epoch 64 validation loss...
2023-04-10 19:09:13,533 - __main__ - INFO - [INFO] 2023-04-10 19:09:13.533168 Epoch [65/100] batch [1/391] loss 1.0703 lr 0.028711035421746394 acc 68.75% eta 0:22:22
2023-04-10 19:09:25,624 - __main__ - INFO - [INFO] 2023-04-10 19:09:25.624405 Epoch [65/100] batch [129/391] loss 1.4277 lr 0.028711035421746394 acc 63.28% eta 0:20:11
2023-04-10 19:09:38,016 - __main__ - INFO - [INFO] 2023-04-10 19:09:38.016436 Epoch [65/100] batch [257/391] loss 1.4355 lr 0.028711035421746394 acc 59.38% eta 0:20:14
2023-04-10 19:09:50,581 - __main__ - INFO - [INFO] 2023-04-10 19:09:50.581739 Epoch [65/100] batch [385/391] loss 1.1875 lr 0.028711035421746394 acc 61.72% eta 0:19:59
2023-04-10 19:09:51,171 - __main__ - INFO - Computing epoch 65 validation accuracy...
2023-04-10 19:09:54,523 - __main__ - INFO - Computing epoch 65 validation loss...
2023-04-10 19:09:58,040 - __main__ - INFO - [INFO] 2023-04-10 19:09:58.040491 Epoch [66/100] batch [1/391] loss 1.2236 lr 0.027300475013022688 acc 71.09% eta 0:22:33
2023-04-10 19:10:10,873 - __main__ - INFO - [INFO] 2023-04-10 19:10:10.873772 Epoch [66/100] batch [129/391] loss 1.3418 lr 0.027300475013022688 acc 60.16% eta 0:19:49
2023-04-10 19:10:23,174 - __main__ - INFO - [INFO] 2023-04-10 19:10:23.173979 Epoch [66/100] batch [257/391] loss 1.2715 lr 0.027300475013022688 acc 59.38% eta 0:19:27
2023-04-10 19:10:35,091 - __main__ - INFO - [INFO] 2023-04-10 19:10:35.091501 Epoch [66/100] batch [385/391] loss 1.4961 lr 0.027300475013022688 acc 60.94% eta 0:19:09
2023-04-10 19:10:35,639 - __main__ - INFO - Computing epoch 66 validation accuracy...
2023-04-10 19:10:38,903 - __main__ - INFO - Computing epoch 66 validation loss...
2023-04-10 19:10:42,267 - __main__ - INFO - [INFO] 2023-04-10 19:10:42.267140 Epoch [67/100] batch [1/391] loss 1.3506 lr 0.025912316294914254 acc 64.84% eta 0:20:43
2023-04-10 19:10:54,355 - __main__ - INFO - [INFO] 2023-04-10 19:10:54.355626 Epoch [67/100] batch [129/391] loss 1.3818 lr 0.025912316294914254 acc 57.81% eta 0:19:00
2023-04-10 19:11:06,196 - __main__ - INFO - [INFO] 2023-04-10 19:11:06.196546 Epoch [67/100] batch [257/391] loss 1.4082 lr 0.025912316294914254 acc 55.47% eta 0:18:38
2023-04-10 19:11:18,077 - __main__ - INFO - [INFO] 2023-04-10 19:11:18.077582 Epoch [67/100] batch [385/391] loss 1.3613 lr 0.025912316294914254 acc 60.94% eta 0:18:24
2023-04-10 19:11:18,630 - __main__ - INFO - Computing epoch 67 validation accuracy...
2023-04-10 19:11:21,913 - __main__ - INFO - Computing epoch 67 validation loss...
2023-04-10 19:11:25,375 - __main__ - INFO - [INFO] 2023-04-10 19:11:25.375147 Epoch [68/100] batch [1/391] loss 1.1240 lr 0.02454792921248146 acc 58.59% eta 0:19:56
2023-04-10 19:11:37,261 - __main__ - INFO - [INFO] 2023-04-10 19:11:37.261772 Epoch [68/100] batch [129/391] loss 1.2852 lr 0.02454792921248146 acc 64.84% eta 0:18:08
2023-04-10 19:11:49,714 - __main__ - INFO - [INFO] 2023-04-10 19:11:49.714737 Epoch [68/100] batch [257/391] loss 1.2539 lr 0.02454792921248146 acc 66.41% eta 0:18:24
2023-04-10 19:12:01,759 - __main__ - INFO - [INFO] 2023-04-10 19:12:01.758993 Epoch [68/100] batch [385/391] loss 1.1934 lr 0.02454792921248146 acc 68.75% eta 0:18:09
2023-04-10 19:12:02,305 - __main__ - INFO - Computing epoch 68 validation accuracy...
2023-04-10 19:12:05,770 - __main__ - INFO - Computing epoch 68 validation loss...
2023-04-10 19:12:09,305 - __main__ - INFO - [INFO] 2023-04-10 19:12:09.305660 Epoch [69/100] batch [1/391] loss 1.4551 lr 0.02320866025105018 acc 57.81% eta 0:18:10
2023-04-10 19:12:22,457 - __main__ - INFO - [INFO] 2023-04-10 19:12:22.457092 Epoch [69/100] batch [129/391] loss 1.1953 lr 0.02320866025105018 acc 65.62% eta 0:18:35
2023-04-10 19:12:35,224 - __main__ - INFO - [INFO] 2023-04-10 19:12:35.224018 Epoch [69/100] batch [257/391] loss 1.4248 lr 0.02320866025105018 acc 61.72% eta 0:18:04
2023-04-10 19:12:47,334 - __main__ - INFO - [INFO] 2023-04-10 19:12:47.334520 Epoch [69/100] batch [385/391] loss 1.6006 lr 0.02320866025105018 acc 57.81% eta 0:17:43
2023-04-10 19:12:47,874 - __main__ - INFO - Computing epoch 69 validation accuracy...
2023-04-10 19:12:51,155 - __main__ - INFO - Computing epoch 69 validation loss...
2023-04-10 19:12:54,545 - __main__ - INFO - [INFO] 2023-04-10 19:12:54.545181 Epoch [70/100] batch [1/391] loss 1.0820 lr 0.021895831107393487 acc 67.19% eta 0:18:20
2023-04-10 19:13:06,604 - __main__ - INFO - [INFO] 2023-04-10 19:13:06.603937 Epoch [70/100] batch [129/391] loss 1.2441 lr 0.021895831107393487 acc 63.28% eta 0:17:20
2023-04-10 19:13:18,582 - __main__ - INFO - [INFO] 2023-04-10 19:13:18.582076 Epoch [70/100] batch [257/391] loss 1.2900 lr 0.021895831107393487 acc 60.94% eta 0:17:04
2023-04-10 19:13:30,414 - __main__ - INFO - [INFO] 2023-04-10 19:13:30.414331 Epoch [70/100] batch [385/391] loss 1.1758 lr 0.021895831107393487 acc 68.75% eta 0:16:47
2023-04-10 19:13:30,969 - __main__ - INFO - Computing epoch 70 validation accuracy...
2023-04-10 19:13:34,222 - __main__ - INFO - Computing epoch 70 validation loss...
2023-04-10 19:13:37,472 - __main__ - INFO - [INFO] 2023-04-10 19:13:37.472133 Epoch [71/100] batch [1/391] loss 1.1729 lr 0.02061073738537637 acc 61.72% eta 0:18:45
2023-04-10 19:13:49,620 - __main__ - INFO - [INFO] 2023-04-10 19:13:49.620727 Epoch [71/100] batch [129/391] loss 1.3320 lr 0.02061073738537637 acc 58.59% eta 0:16:50
2023-04-10 19:14:01,520 - __main__ - INFO - [INFO] 2023-04-10 19:14:01.520639 Epoch [71/100] batch [257/391] loss 1.0684 lr 0.02061073738537637 acc 67.97% eta 0:16:27
2023-04-10 19:14:13,526 - __main__ - INFO - [INFO] 2023-04-10 19:14:13.526143 Epoch [71/100] batch [385/391] loss 1.0215 lr 0.02061073738537637 acc 70.31% eta 0:16:17
2023-04-10 19:14:14,065 - __main__ - INFO - Computing epoch 71 validation accuracy...
2023-04-10 19:14:17,282 - __main__ - INFO - Computing epoch 71 validation loss...
2023-04-10 19:14:20,796 - __main__ - INFO - [INFO] 2023-04-10 19:14:20.795804 Epoch [72/100] batch [1/391] loss 1.1943 lr 0.01935464731735119 acc 68.75% eta 0:24:15
2023-04-10 19:14:32,618 - __main__ - INFO - [INFO] 2023-04-10 19:14:32.618489 Epoch [72/100] batch [129/391] loss 1.2080 lr 0.01935464731735119 acc 66.41% eta 0:15:53
2023-04-10 19:14:44,585 - __main__ - INFO - [INFO] 2023-04-10 19:14:44.585473 Epoch [72/100] batch [257/391] loss 1.2637 lr 0.01935464731735119 acc 68.75% eta 0:15:46
2023-04-10 19:14:56,401 - __main__ - INFO - [INFO] 2023-04-10 19:14:56.401131 Epoch [72/100] batch [385/391] loss 1.3896 lr 0.01935464731735119 acc 61.72% eta 0:15:33
2023-04-10 19:14:56,965 - __main__ - INFO - Computing epoch 72 validation accuracy...
2023-04-10 19:15:00,287 - __main__ - INFO - Computing epoch 72 validation loss...
2023-04-10 19:15:03,644 - __main__ - INFO - [INFO] 2023-04-10 19:15:03.643966 Epoch [73/100] batch [1/391] loss 1.0820 lr 0.018128800512565532 acc 71.09% eta 0:20:30
2023-04-10 19:15:15,933 - __main__ - INFO - [INFO] 2023-04-10 19:15:15.933344 Epoch [73/100] batch [129/391] loss 1.2324 lr 0.018128800512565532 acc 64.84% eta 0:15:57
2023-04-10 19:15:28,665 - __main__ - INFO - [INFO] 2023-04-10 19:15:28.665275 Epoch [73/100] batch [257/391] loss 1.0859 lr 0.018128800512565532 acc 72.66% eta 0:15:40
2023-04-10 19:15:41,547 - __main__ - INFO - [INFO] 2023-04-10 19:15:41.547620 Epoch [73/100] batch [385/391] loss 1.7363 lr 0.018128800512565532 acc 53.91% eta 0:15:27
2023-04-10 19:15:42,130 - __main__ - INFO - Computing epoch 73 validation accuracy...
2023-04-10 19:15:45,449 - __main__ - INFO - Computing epoch 73 validation loss...
2023-04-10 19:15:48,904 - __main__ - INFO - [INFO] 2023-04-10 19:15:48.903986 Epoch [74/100] batch [1/391] loss 1.1074 lr 0.016934406733817433 acc 67.19% eta 0:16:30
2023-04-10 19:16:01,193 - __main__ - INFO - [INFO] 2023-04-10 19:16:01.192894 Epoch [74/100] batch [129/391] loss 1.0986 lr 0.016934406733817433 acc 64.84% eta 0:15:14
2023-04-10 19:16:13,200 - __main__ - INFO - [INFO] 2023-04-10 19:16:13.200234 Epoch [74/100] batch [257/391] loss 1.2344 lr 0.016934406733817433 acc 64.06% eta 0:14:55
2023-04-10 19:16:25,238 - __main__ - INFO - [INFO] 2023-04-10 19:16:25.238592 Epoch [74/100] batch [385/391] loss 1.3838 lr 0.016934406733817433 acc 59.38% eta 0:14:43
2023-04-10 19:16:25,798 - __main__ - INFO - Computing epoch 74 validation accuracy...
2023-04-10 19:16:29,167 - __main__ - INFO - Computing epoch 74 validation loss...
2023-04-10 19:16:32,533 - __main__ - INFO - [INFO] 2023-04-10 19:16:32.533575 Epoch [75/100] batch [1/391] loss 0.8960 lr 0.01577264470356558 acc 68.75% eta 0:15:39
2023-04-10 19:16:44,554 - __main__ - INFO - [INFO] 2023-04-10 19:16:44.553916 Epoch [75/100] batch [129/391] loss 1.0547 lr 0.01577264470356558 acc 71.88% eta 0:14:25
2023-04-10 19:16:56,396 - __main__ - INFO - [INFO] 2023-04-10 19:16:56.395880 Epoch [75/100] batch [257/391] loss 1.0088 lr 0.01577264470356558 acc 69.53% eta 0:14:08
2023-04-10 19:17:08,459 - __main__ - INFO - [INFO] 2023-04-10 19:17:08.458756 Epoch [75/100] batch [385/391] loss 1.0879 lr 0.01577264470356558 acc 68.75% eta 0:14:01
2023-04-10 19:17:09,005 - __main__ - INFO - Computing epoch 75 validation accuracy...
2023-04-10 19:17:12,276 - __main__ - INFO - Computing epoch 75 validation loss...
2023-04-10 19:17:15,533 - __main__ - INFO - [INFO] 2023-04-10 19:17:15.533156 Epoch [76/100] batch [1/391] loss 0.9268 lr 0.014644660940672643 acc 69.53% eta 0:15:09
2023-04-10 19:17:27,394 - __main__ - INFO - [INFO] 2023-04-10 19:17:27.394117 Epoch [76/100] batch [129/391] loss 1.2412 lr 0.014644660940672643 acc 70.31% eta 0:13:41
2023-04-10 19:17:39,412 - __main__ - INFO - [INFO] 2023-04-10 19:17:39.412097 Epoch [76/100] batch [257/391] loss 0.9932 lr 0.014644660940672643 acc 69.53% eta 0:13:36
2023-04-10 19:17:52,004 - __main__ - INFO - [INFO] 2023-04-10 19:17:52.004744 Epoch [76/100] batch [385/391] loss 0.9717 lr 0.014644660940672643 acc 75.00% eta 0:13:39
2023-04-10 19:17:52,542 - __main__ - INFO - Computing epoch 76 validation accuracy...
2023-04-10 19:17:55,952 - __main__ - INFO - Computing epoch 76 validation loss...
2023-04-10 19:17:59,444 - __main__ - INFO - [INFO] 2023-04-10 19:17:59.444622 Epoch [77/100] batch [1/391] loss 1.1562 lr 0.013551568628929448 acc 74.22% eta 0:15:16
2023-04-10 19:18:11,710 - __main__ - INFO - [INFO] 2023-04-10 19:18:11.710398 Epoch [77/100] batch [129/391] loss 1.0410 lr 0.013551568628929448 acc 72.66% eta 0:13:18
2023-04-10 19:18:24,145 - __main__ - INFO - [INFO] 2023-04-10 19:18:24.144792 Epoch [77/100] batch [257/391] loss 1.0098 lr 0.013551568628929448 acc 65.62% eta 0:13:12
2023-04-10 19:18:36,527 - __main__ - INFO - [INFO] 2023-04-10 19:18:36.527104 Epoch [77/100] batch [385/391] loss 1.2852 lr 0.013551568628929448 acc 67.97% eta 0:13:02
2023-04-10 19:18:37,092 - __main__ - INFO - Computing epoch 77 validation accuracy...
2023-04-10 19:18:40,434 - __main__ - INFO - Computing epoch 77 validation loss...
2023-04-10 19:18:43,872 - __main__ - INFO - [INFO] 2023-04-10 19:18:43.872532 Epoch [78/100] batch [1/391] loss 1.0010 lr 0.012494446518477033 acc 71.09% eta 0:13:21
2023-04-10 19:18:56,367 - __main__ - INFO - [INFO] 2023-04-10 19:18:56.367263 Epoch [78/100] batch [129/391] loss 1.0020 lr 0.012494446518477033 acc 75.00% eta 0:12:57
2023-04-10 19:19:08,636 - __main__ - INFO - [INFO] 2023-04-10 19:19:08.636819 Epoch [78/100] batch [257/391] loss 0.8921 lr 0.012494446518477033 acc 74.22% eta 0:12:43
2023-04-10 19:19:20,621 - __main__ - INFO - [INFO] 2023-04-10 19:19:20.621630 Epoch [78/100] batch [385/391] loss 1.1602 lr 0.012494446518477033 acc 69.53% eta 0:12:28
2023-04-10 19:19:21,163 - __main__ - INFO - Computing epoch 78 validation accuracy...
2023-04-10 19:19:24,427 - __main__ - INFO - Computing epoch 78 validation loss...
2023-04-10 19:19:27,831 - __main__ - INFO - [INFO] 2023-04-10 19:19:27.831467 Epoch [79/100] batch [1/391] loss 0.9287 lr 0.011474337861210555 acc 73.44% eta 0:14:10
2023-04-10 19:19:39,871 - __main__ - INFO - [INFO] 2023-04-10 19:19:39.871581 Epoch [79/100] batch [129/391] loss 1.1416 lr 0.011474337861210555 acc 66.41% eta 0:12:12
2023-04-10 19:19:52,122 - __main__ - INFO - [INFO] 2023-04-10 19:19:52.122639 Epoch [79/100] batch [257/391] loss 1.0625 lr 0.011474337861210555 acc 69.53% eta 0:12:08
2023-04-10 19:20:03,875 - __main__ - INFO - [INFO] 2023-04-10 19:20:03.875338 Epoch [79/100] batch [385/391] loss 1.1104 lr 0.011474337861210555 acc 71.09% eta 0:11:49
2023-04-10 19:20:04,420 - __main__ - INFO - Computing epoch 79 validation accuracy...
2023-04-10 19:20:07,679 - __main__ - INFO - Computing epoch 79 validation loss...
2023-04-10 19:20:10,969 - __main__ - INFO - [INFO] 2023-04-10 19:20:10.969676 Epoch [80/100] batch [1/391] loss 0.9199 lr 0.01049224938121549 acc 73.44% eta 0:12:48
2023-04-10 19:20:22,878 - __main__ - INFO - [INFO] 2023-04-10 19:20:22.878049 Epoch [80/100] batch [129/391] loss 1.1221 lr 0.01049224938121549 acc 67.97% eta 0:11:31
2023-04-10 19:20:34,730 - __main__ - INFO - [INFO] 2023-04-10 19:20:34.730295 Epoch [80/100] batch [257/391] loss 0.9756 lr 0.01049224938121549 acc 70.31% eta 0:11:18
2023-04-10 19:20:46,533 - __main__ - INFO - [INFO] 2023-04-10 19:20:46.533391 Epoch [80/100] batch [385/391] loss 1.2070 lr 0.01049224938121549 acc 65.62% eta 0:11:05
2023-04-10 19:20:47,079 - __main__ - INFO - Computing epoch 80 validation accuracy...
2023-04-10 19:20:50,346 - __main__ - INFO - Computing epoch 80 validation loss...
2023-04-10 19:20:53,638 - __main__ - INFO - [INFO] 2023-04-10 19:20:53.638269 Epoch [81/100] batch [1/391] loss 1.0459 lr 0.009549150281252642 acc 71.09% eta 0:12:13
2023-04-10 19:21:05,522 - __main__ - INFO - [INFO] 2023-04-10 19:21:05.522156 Epoch [81/100] batch [129/391] loss 0.9458 lr 0.009549150281252642 acc 72.66% eta 0:10:56
2023-04-10 19:21:17,394 - __main__ - INFO - [INFO] 2023-04-10 19:21:17.394027 Epoch [81/100] batch [257/391] loss 0.9668 lr 0.009549150281252642 acc 71.09% eta 0:10:45
2023-04-10 19:21:29,709 - __main__ - INFO - [INFO] 2023-04-10 19:21:29.708811 Epoch [81/100] batch [385/391] loss 0.8950 lr 0.009549150281252642 acc 73.44% eta 0:10:42
2023-04-10 19:21:30,241 - __main__ - INFO - Computing epoch 81 validation accuracy...
2023-04-10 19:21:33,490 - __main__ - INFO - Computing epoch 81 validation loss...
2023-04-10 19:21:36,742 - __main__ - INFO - [INFO] 2023-04-10 19:21:36.742052 Epoch [82/100] batch [1/391] loss 0.9229 lr 0.008645971286271922 acc 75.00% eta 0:11:28
2023-04-10 19:21:48,709 - __main__ - INFO - [INFO] 2023-04-10 19:21:48.709741 Epoch [82/100] batch [129/391] loss 1.0654 lr 0.008645971286271922 acc 71.88% eta 0:10:26
2023-04-10 19:22:00,649 - __main__ - INFO - [INFO] 2023-04-10 19:22:00.649802 Epoch [82/100] batch [257/391] loss 1.0029 lr 0.008645971286271922 acc 71.09% eta 0:10:14
2023-04-10 19:22:12,556 - __main__ - INFO - [INFO] 2023-04-10 19:22:12.555913 Epoch [82/100] batch [385/391] loss 0.9170 lr 0.008645971286271922 acc 73.44% eta 0:10:02
2023-04-10 19:22:13,332 - __main__ - INFO - Computing epoch 82 validation accuracy...
2023-04-10 19:22:16,856 - __main__ - INFO - Computing epoch 82 validation loss...
2023-04-10 19:22:20,170 - __main__ - INFO - [INFO] 2023-04-10 19:22:20.170930 Epoch [83/100] batch [1/391] loss 0.7715 lr 0.007783603724899264 acc 81.25% eta 0:10:24
2023-04-10 19:22:32,060 - __main__ - INFO - [INFO] 2023-04-10 19:22:32.059927 Epoch [83/100] batch [129/391] loss 1.0156 lr 0.007783603724899264 acc 71.09% eta 0:09:50
2023-04-10 19:22:44,080 - __main__ - INFO - [INFO] 2023-04-10 19:22:44.080687 Epoch [83/100] batch [257/391] loss 0.8931 lr 0.007783603724899264 acc 81.25% eta 0:09:41
2023-04-10 19:22:56,591 - __main__ - INFO - [INFO] 2023-04-10 19:22:56.591064 Epoch [83/100] batch [385/391] loss 0.9790 lr 0.007783603724899264 acc 71.88% eta 0:09:39
2023-04-10 19:22:57,133 - __main__ - INFO - Computing epoch 83 validation accuracy...
2023-04-10 19:23:00,392 - __main__ - INFO - Computing epoch 83 validation loss...
2023-04-10 19:23:03,713 - __main__ - INFO - [INFO] 2023-04-10 19:23:03.713225 Epoch [84/100] batch [1/391] loss 0.9790 lr 0.006962898649802819 acc 75.00% eta 0:14:56
2023-04-10 19:23:15,684 - __main__ - INFO - [INFO] 2023-04-10 19:23:15.684793 Epoch [84/100] batch [129/391] loss 0.9941 lr 0.006962898649802819 acc 68.75% eta 0:09:21
2023-04-10 19:23:27,595 - __main__ - INFO - [INFO] 2023-04-10 19:23:27.595120 Epoch [84/100] batch [257/391] loss 1.0400 lr 0.006962898649802819 acc 72.66% eta 0:09:07
2023-04-10 19:23:39,536 - __main__ - INFO - [INFO] 2023-04-10 19:23:39.536156 Epoch [84/100] batch [385/391] loss 0.9106 lr 0.006962898649802819 acc 73.44% eta 0:08:56
2023-04-10 19:23:40,076 - __main__ - INFO - Computing epoch 84 validation accuracy...
2023-04-10 19:23:43,325 - __main__ - INFO - Computing epoch 84 validation loss...
2023-04-10 19:23:46,631 - __main__ - INFO - [INFO] 2023-04-10 19:23:46.631135 Epoch [85/100] batch [1/391] loss 1.0635 lr 0.0061846659978068265 acc 73.44% eta 0:09:26
2023-04-10 19:23:58,844 - __main__ - INFO - [INFO] 2023-04-10 19:23:58.844017 Epoch [85/100] batch [129/391] loss 1.0020 lr 0.0061846659978068265 acc 72.66% eta 0:08:57
2023-04-10 19:24:10,895 - __main__ - INFO - [INFO] 2023-04-10 19:24:10.895093 Epoch [85/100] batch [257/391] loss 0.8506 lr 0.0061846659978068265 acc 78.91% eta 0:08:41
2023-04-10 19:24:22,833 - __main__ - INFO - [INFO] 2023-04-10 19:24:22.833764 Epoch [85/100] batch [385/391] loss 0.9009 lr 0.0061846659978068265 acc 77.34% eta 0:08:28
2023-04-10 19:24:23,370 - __main__ - INFO - Computing epoch 85 validation accuracy...
2023-04-10 19:24:26,680 - __main__ - INFO - Computing epoch 85 validation loss...
2023-04-10 19:24:30,109 - __main__ - INFO - [INFO] 2023-04-10 19:24:30.109138 Epoch [86/100] batch [1/391] loss 1.0029 lr 0.005449673790581615 acc 70.31% eta 0:14:41
2023-04-10 19:24:42,251 - __main__ - INFO - [INFO] 2023-04-10 19:24:42.251616 Epoch [86/100] batch [129/391] loss 0.9561 lr 0.005449673790581615 acc 77.34% eta 0:08:22
2023-04-10 19:24:54,101 - __main__ - INFO - [INFO] 2023-04-10 19:24:54.101237 Epoch [86/100] batch [257/391] loss 1.2783 lr 0.005449673790581615 acc 64.84% eta 0:08:03
2023-04-10 19:25:06,021 - __main__ - INFO - [INFO] 2023-04-10 19:25:06.021720 Epoch [86/100] batch [385/391] loss 0.9600 lr 0.005449673790581615 acc 74.22% eta 0:07:51
2023-04-10 19:25:06,588 - __main__ - INFO - Computing epoch 86 validation accuracy...
2023-04-10 19:25:10,080 - __main__ - INFO - Computing epoch 86 validation loss...
2023-04-10 19:25:13,519 - __main__ - INFO - [INFO] 2023-04-10 19:25:13.519118 Epoch [87/100] batch [1/391] loss 0.8516 lr 0.004758647376699036 acc 75.78% eta 0:08:12
2023-04-10 19:25:25,549 - __main__ - INFO - [INFO] 2023-04-10 19:25:25.549323 Epoch [87/100] batch [129/391] loss 0.8760 lr 0.004758647376699036 acc 75.78% eta 0:07:40
2023-04-10 19:25:37,585 - __main__ - INFO - [INFO] 2023-04-10 19:25:37.585563 Epoch [87/100] batch [257/391] loss 0.6509 lr 0.004758647376699036 acc 82.03% eta 0:07:30
2023-04-10 19:25:49,631 - __main__ - INFO - [INFO] 2023-04-10 19:25:49.631675 Epoch [87/100] batch [385/391] loss 1.0117 lr 0.004758647376699036 acc 75.00% eta 0:07:19
2023-04-10 19:25:50,218 - __main__ - INFO - Computing epoch 87 validation accuracy...
2023-04-10 19:25:53,506 - __main__ - INFO - Computing epoch 87 validation loss...
2023-04-10 19:25:56,853 - __main__ - INFO - [INFO] 2023-04-10 19:25:56.852929 Epoch [88/100] batch [1/391] loss 0.7832 lr 0.004112268715800957 acc 81.25% eta 0:08:01
2023-04-10 19:26:08,720 - __main__ - INFO - [INFO] 2023-04-10 19:26:08.720279 Epoch [88/100] batch [129/391] loss 0.8623 lr 0.004112268715800957 acc 75.00% eta 0:07:00
2023-04-10 19:26:20,728 - __main__ - INFO - [INFO] 2023-04-10 19:26:20.728650 Epoch [88/100] batch [257/391] loss 0.9746 lr 0.004112268715800957 acc 73.44% eta 0:06:52
2023-04-10 19:26:32,913 - __main__ - INFO - [INFO] 2023-04-10 19:26:32.913162 Epoch [88/100] batch [385/391] loss 1.0117 lr 0.004112268715800957 acc 74.22% eta 0:06:45
2023-04-10 19:26:33,481 - __main__ - INFO - Computing epoch 88 validation accuracy...
2023-04-10 19:26:36,715 - __main__ - INFO - Computing epoch 88 validation loss...
2023-04-10 19:26:40,057 - __main__ - INFO - [INFO] 2023-04-10 19:26:40.057748 Epoch [89/100] batch [1/391] loss 0.7441 lr 0.003511175705587435 acc 81.25% eta 0:06:55
2023-04-10 19:26:52,233 - __main__ - INFO - [INFO] 2023-04-10 19:26:52.233039 Epoch [89/100] batch [129/391] loss 0.7778 lr 0.003511175705587435 acc 78.91% eta 0:06:38
2023-04-10 19:27:04,252 - __main__ - INFO - [INFO] 2023-04-10 19:27:04.252487 Epoch [89/100] batch [257/391] loss 0.9800 lr 0.003511175705587435 acc 75.78% eta 0:06:24
2023-04-10 19:27:16,322 - __main__ - INFO - [INFO] 2023-04-10 19:27:16.322118 Epoch [89/100] batch [385/391] loss 0.9414 lr 0.003511175705587435 acc 73.44% eta 0:06:13
2023-04-10 19:27:16,913 - __main__ - INFO - Computing epoch 89 validation accuracy...
2023-04-10 19:27:20,210 - __main__ - INFO - Computing epoch 89 validation loss...
2023-04-10 19:27:23,539 - __main__ - INFO - [INFO] 2023-04-10 19:27:23.538937 Epoch [90/100] batch [1/391] loss 1.0332 lr 0.0029559615522887295 acc 72.66% eta 0:06:19
2023-04-10 19:27:35,794 - __main__ - INFO - [INFO] 2023-04-10 19:27:35.793889 Epoch [90/100] batch [129/391] loss 1.0469 lr 0.0029559615522887295 acc 69.53% eta 0:06:06
2023-04-10 19:27:47,764 - __main__ - INFO - [INFO] 2023-04-10 19:27:47.764025 Epoch [90/100] batch [257/391] loss 0.8862 lr 0.0029559615522887295 acc 75.00% eta 0:05:51
2023-04-10 19:27:59,756 - __main__ - INFO - [INFO] 2023-04-10 19:27:59.755830 Epoch [90/100] batch [385/391] loss 0.8262 lr 0.0029559615522887295 acc 77.34% eta 0:05:38
2023-04-10 19:28:00,342 - __main__ - INFO - Computing epoch 90 validation accuracy...
2023-04-10 19:28:03,648 - __main__ - INFO - Computing epoch 90 validation loss...
2023-04-10 19:28:06,924 - __main__ - INFO - [INFO] 2023-04-10 19:28:06.924666 Epoch [91/100] batch [1/391] loss 0.6685 lr 0.0024471741852423253 acc 80.47% eta 0:06:22
2023-04-10 19:28:18,827 - __main__ - INFO - [INFO] 2023-04-10 19:28:18.826830 Epoch [91/100] batch [129/391] loss 0.8164 lr 0.0024471741852423253 acc 78.91% eta 0:05:22
2023-04-10 19:28:30,725 - __main__ - INFO - [INFO] 2023-04-10 19:28:30.725563 Epoch [91/100] batch [257/391] loss 0.8076 lr 0.0024471741852423253 acc 78.91% eta 0:05:12
2023-04-10 19:28:42,796 - __main__ - INFO - [INFO] 2023-04-10 19:28:42.796439 Epoch [91/100] batch [385/391] loss 0.7764 lr 0.0024471741852423253 acc 78.91% eta 0:05:02
2023-04-10 19:28:43,361 - __main__ - INFO - Computing epoch 91 validation accuracy...
2023-04-10 19:28:46,672 - __main__ - INFO - Computing epoch 91 validation loss...
2023-04-10 19:28:50,006 - __main__ - INFO - [INFO] 2023-04-10 19:28:50.006043 Epoch [92/100] batch [1/391] loss 1.1230 lr 0.0019853157161528537 acc 71.09% eta 0:07:24
2023-04-10 19:29:01,905 - __main__ - INFO - [INFO] 2023-04-10 19:29:01.905619 Epoch [92/100] batch [129/391] loss 0.8462 lr 0.0019853157161528537 acc 75.00% eta 0:04:50
2023-04-10 19:29:13,795 - __main__ - INFO - [INFO] 2023-04-10 19:29:13.794674 Epoch [92/100] batch [257/391] loss 0.8257 lr 0.0019853157161528537 acc 75.78% eta 0:04:38
2023-04-10 19:29:25,684 - __main__ - INFO - [INFO] 2023-04-10 19:29:25.684709 Epoch [92/100] batch [385/391] loss 0.8799 lr 0.0019853157161528537 acc 71.88% eta 0:04:27
2023-04-10 19:29:26,243 - __main__ - INFO - Computing epoch 92 validation accuracy...
2023-04-10 19:29:29,456 - __main__ - INFO - Computing epoch 92 validation loss...
2023-04-10 19:29:32,856 - __main__ - INFO - [INFO] 2023-04-10 19:29:32.856393 Epoch [93/100] batch [1/391] loss 0.7549 lr 0.0015708419435684529 acc 76.56% eta 0:04:53
2023-04-10 19:29:44,654 - __main__ - INFO - [INFO] 2023-04-10 19:29:44.654182 Epoch [93/100] batch [129/391] loss 0.7979 lr 0.0015708419435684529 acc 80.47% eta 0:04:14
2023-04-10 19:29:56,669 - __main__ - INFO - [INFO] 2023-04-10 19:29:56.669675 Epoch [93/100] batch [257/391] loss 1.0566 lr 0.0015708419435684529 acc 69.53% eta 0:04:05
2023-04-10 19:30:08,769 - __main__ - INFO - [INFO] 2023-04-10 19:30:08.769019 Epoch [93/100] batch [385/391] loss 0.8486 lr 0.0015708419435684529 acc 76.56% eta 0:03:55
2023-04-10 19:30:09,317 - __main__ - INFO - Computing epoch 93 validation accuracy...
2023-04-10 19:30:12,568 - __main__ - INFO - Computing epoch 93 validation loss...
2023-04-10 19:30:15,905 - __main__ - INFO - [INFO] 2023-04-10 19:30:15.905547 Epoch [94/100] batch [1/391] loss 0.8374 lr 0.0012041619030626347 acc 77.34% eta 0:04:21
2023-04-10 19:30:27,802 - __main__ - INFO - [INFO] 2023-04-10 19:30:27.802314 Epoch [94/100] batch [129/391] loss 0.6777 lr 0.0012041619030626347 acc 79.69% eta 0:03:42
2023-04-10 19:30:39,852 - __main__ - INFO - [INFO] 2023-04-10 19:30:39.852632 Epoch [94/100] batch [257/391] loss 0.6641 lr 0.0012041619030626347 acc 83.59% eta 0:03:33
2023-04-10 19:30:51,835 - __main__ - INFO - [INFO] 2023-04-10 19:30:51.835699 Epoch [94/100] batch [385/391] loss 0.7368 lr 0.0012041619030626347 acc 82.81% eta 0:03:22
2023-04-10 19:30:52,381 - __main__ - INFO - Computing epoch 94 validation accuracy...
2023-04-10 19:30:55,663 - __main__ - INFO - Computing epoch 94 validation loss...
2023-04-10 19:30:59,413 - __main__ - INFO - [INFO] 2023-04-10 19:30:59.413070 Epoch [95/100] batch [1/391] loss 0.8247 lr 0.0008856374635655646 acc 80.47% eta 0:03:37
2023-04-10 19:31:11,464 - __main__ - INFO - [INFO] 2023-04-10 19:31:11.464287 Epoch [95/100] batch [129/391] loss 0.7412 lr 0.0008856374635655646 acc 77.34% eta 0:03:11
2023-04-10 19:31:23,462 - __main__ - INFO - [INFO] 2023-04-10 19:31:23.462163 Epoch [95/100] batch [257/391] loss 0.7373 lr 0.0008856374635655646 acc 83.59% eta 0:03:00
2023-04-10 19:31:35,702 - __main__ - INFO - [INFO] 2023-04-10 19:31:35.702085 Epoch [95/100] batch [385/391] loss 0.7974 lr 0.0008856374635655646 acc 83.59% eta 0:02:50
2023-04-10 19:31:36,225 - __main__ - INFO - Computing epoch 95 validation accuracy...
2023-04-10 19:31:39,539 - __main__ - INFO - Computing epoch 95 validation loss...
2023-04-10 19:31:42,879 - __main__ - INFO - [INFO] 2023-04-10 19:31:42.879376 Epoch [96/100] batch [1/391] loss 0.7520 lr 0.0006155829702431174 acc 76.56% eta 0:02:55
2023-04-10 19:31:54,810 - __main__ - INFO - [INFO] 2023-04-10 19:31:54.810108 Epoch [96/100] batch [129/391] loss 0.7480 lr 0.0006155829702431174 acc 75.00% eta 0:02:36
2023-04-10 19:32:06,803 - __main__ - INFO - [INFO] 2023-04-10 19:32:06.802952 Epoch [96/100] batch [257/391] loss 0.8188 lr 0.0006155829702431174 acc 78.91% eta 0:02:25
2023-04-10 19:32:18,882 - __main__ - INFO - [INFO] 2023-04-10 19:32:18.882342 Epoch [96/100] batch [385/391] loss 0.8145 lr 0.0006155829702431174 acc 78.91% eta 0:02:15
2023-04-10 19:32:19,412 - __main__ - INFO - Computing epoch 96 validation accuracy...
2023-04-10 19:32:22,661 - __main__ - INFO - Computing epoch 96 validation loss...
2023-04-10 19:32:26,153 - __main__ - INFO - [INFO] 2023-04-10 19:32:26.152887 Epoch [97/100] batch [1/391] loss 0.7964 lr 0.00039426493427611206 acc 76.56% eta 0:03:21
2023-04-10 19:32:38,182 - __main__ - INFO - [INFO] 2023-04-10 19:32:38.182066 Epoch [97/100] batch [129/391] loss 0.7461 lr 0.00039426493427611206 acc 81.25% eta 0:02:03
2023-04-10 19:32:50,046 - __main__ - INFO - [INFO] 2023-04-10 19:32:50.046540 Epoch [97/100] batch [257/391] loss 0.6738 lr 0.00039426493427611206 acc 83.59% eta 0:01:51
2023-04-10 19:33:02,241 - __main__ - INFO - [INFO] 2023-04-10 19:33:02.240901 Epoch [97/100] batch [385/391] loss 1.0039 lr 0.00039426493427611206 acc 75.78% eta 0:01:41
2023-04-10 19:33:02,792 - __main__ - INFO - Computing epoch 97 validation accuracy...
2023-04-10 19:33:06,017 - __main__ - INFO - Computing epoch 97 validation loss...
2023-04-10 19:33:09,562 - __main__ - INFO - [INFO] 2023-04-10 19:33:09.562205 Epoch [98/100] batch [1/391] loss 0.7124 lr 0.00022190176984600036 acc 79.69% eta 0:02:15
2023-04-10 19:33:21,884 - __main__ - INFO - [INFO] 2023-04-10 19:33:21.884673 Epoch [98/100] batch [129/391] loss 0.7915 lr 0.00022190176984600036 acc 76.56% eta 0:01:32
2023-04-10 19:33:33,803 - __main__ - INFO - [INFO] 2023-04-10 19:33:33.803110 Epoch [98/100] batch [257/391] loss 0.7563 lr 0.00022190176984600036 acc 76.56% eta 0:01:19
2023-04-10 19:33:45,768 - __main__ - INFO - [INFO] 2023-04-10 19:33:45.768714 Epoch [98/100] batch [385/391] loss 0.7349 lr 0.00022190176984600036 acc 81.25% eta 0:01:08
2023-04-10 19:33:46,299 - __main__ - INFO - Computing epoch 98 validation accuracy...
2023-04-10 19:33:49,728 - __main__ - INFO - Computing epoch 98 validation loss...
2023-04-10 19:33:53,045 - __main__ - INFO - [INFO] 2023-04-10 19:33:53.045275 Epoch [99/100] batch [1/391] loss 0.8594 lr 9.866357858642213e-05 acc 77.34% eta 0:01:24
2023-04-10 19:34:05,134 - __main__ - INFO - [INFO] 2023-04-10 19:34:05.134712 Epoch [99/100] batch [129/391] loss 0.7070 lr 9.866357858642213e-05 acc 81.25% eta 0:00:56
2023-04-10 19:34:17,012 - __main__ - INFO - [INFO] 2023-04-10 19:34:17.011912 Epoch [99/100] batch [257/391] loss 0.7598 lr 9.866357858642213e-05 acc 80.47% eta 0:00:45
2023-04-10 19:34:28,898 - __main__ - INFO - [INFO] 2023-04-10 19:34:28.898657 Epoch [99/100] batch [385/391] loss 0.7876 lr 9.866357858642213e-05 acc 75.78% eta 0:00:34
2023-04-10 19:34:29,453 - __main__ - INFO - Computing epoch 99 validation accuracy...
2023-04-10 19:34:32,987 - __main__ - INFO - Computing epoch 99 validation loss...
2023-04-10 19:34:36,372 - __main__ - INFO - [INFO] 2023-04-10 19:34:36.371929 Epoch [100/100] batch [1/391] loss 0.7705 lr 2.4671981713420017e-05 acc 78.12% eta 0:00:36
2023-04-10 19:34:48,153 - __main__ - INFO - [INFO] 2023-04-10 19:34:48.153033 Epoch [100/100] batch [129/391] loss 0.9170 lr 2.4671981713420017e-05 acc 76.56% eta 0:00:22
2023-04-10 19:35:00,099 - __main__ - INFO - [INFO] 2023-04-10 19:35:00.098919 Epoch [100/100] batch [257/391] loss 0.7207 lr 2.4671981713420017e-05 acc 79.69% eta 0:00:11
2023-04-10 19:35:12,283 - __main__ - INFO - [INFO] 2023-04-10 19:35:12.283076 Epoch [100/100] batch [385/391] loss 0.5991 lr 2.4671981713420017e-05 acc 87.50% eta 0:00:00
2023-04-10 19:35:12,907 - __main__ - INFO - Computing epoch 100 validation accuracy...
2023-04-10 19:35:16,138 - __main__ - INFO - Computing epoch 100 validation loss...
2023-04-10 19:35:19,529 - __main__ - INFO - Reading testing data set cifar100
2023-04-10 19:35:20,271 - __main__ - INFO - Loading trained model...
2023-04-10 19:35:23,903 - __main__ - INFO - Testing acc : 68.3%.
