2023-04-07 14:09:42,157 - __main__ - INFO - 

2023-04-07 14:09:42,157 - __main__ - INFO - ***************
2023-04-07 14:09:42,157 - __main__ - INFO - ** Arguments **
2023-04-07 14:09:42,157 - __main__ - INFO - ***************
2023-04-07 14:09:42,157 - __main__ - INFO - backbone: resnet110
2023-04-07 14:09:42,157 - __main__ - INFO - dataname: cifar100
2023-04-07 14:09:42,157 - __main__ - INFO - drop_method: d
2023-04-07 14:09:42,157 - __main__ - INFO - drop_rate: 0.3
2023-04-07 14:09:42,157 - __main__ - INFO - eval_only: 0
2023-04-07 14:09:42,157 - __main__ - INFO - output_path: checkpoints/cifar100/resnet110/drop_d/rate_0.3/seed3
2023-04-07 14:09:42,157 - __main__ - INFO - part_rate: 0.1
2023-04-07 14:09:42,157 - __main__ - INFO - seed: 3
2023-04-07 14:09:42,158 - __main__ - INFO - weight_decay: 0.0005
2023-04-07 14:09:42,158 - __main__ - INFO - ************
2023-04-07 14:09:42,158 - __main__ - INFO - ** Config **
2023-04-07 14:09:42,158 - __main__ - INFO - ************
2023-04-07 14:09:42,158 - __main__ - INFO - {'DATALOADER': {'PATH': './data', 'DATANAME': 'cifar100', 'BATCH_SIZE': 128, 'NUM_CLASSES': 100}, 'INPUT': {'SIZE': [32, 32], 'PIXEL_MEAN': [0.4914, 0.4822, 0.4465], 'PIXEL_STD': [0.2023, 0.1994, 0.201]}, 'OUTPUT': {'DIR': 'checkpoints/cifar100/resnet110/drop_d/rate_0.3/seed3'}, 'SEED': 3, 'OPTIM': {'LR': 0.1, 'MAX_EPOCH': 100, 'LR_SCHEDULER': 'step', 'LR_MILESTONES': [20, 40, 80, 120, 140], 'LR_DECAY': 0.2, 'PART_RATE': 0.1, 'WEIGHT_DECAY': 0.0005, 'DROP_RATE': 0.3, 'DROP_METHOD': 'd', 'BLOCK_SIZE': 7}, 'MODEL': {'BACKBONE': 'resnet110'}}
2023-04-07 14:09:42,178 - __main__ - INFO - Reading training data set cifar100
2023-04-07 14:09:44,234 - __main__ - INFO - Loading raw model
2023-04-07 14:09:50,099 - __main__ - INFO - 
Saving everything to checkpoints/cifar100/resnet110/drop_d/rate_0.3/seed3
2023-04-07 14:09:50,100 - __main__ - INFO - Start training...
2023-04-07 14:09:56,714 - __main__ - INFO - [INFO] 2023-04-07 14:09:56.714426 Epoch [1/100] batch [1/391] loss 14.1406 lr 0.1 acc 3.12% eta 2 days, 23:22:04
2023-04-07 14:10:25,996 - __main__ - INFO - [INFO] 2023-04-07 14:10:25.996474 Epoch [1/100] batch [129/391] loss 4.5781 lr 0.1 acc 2.34% eta 2:39:39
2023-04-07 14:10:55,482 - __main__ - INFO - [INFO] 2023-04-07 14:10:55.482180 Epoch [1/100] batch [257/391] loss 4.5938 lr 0.1 acc 1.56% eta 2:23:52
2023-04-07 14:11:24,686 - __main__ - INFO - [INFO] 2023-04-07 14:11:24.686714 Epoch [1/100] batch [385/391] loss 4.5352 lr 0.1 acc 2.34% eta 2:17:54
2023-04-07 14:11:26,051 - __main__ - INFO - Computing epoch 1 validation accuracy...
2023-04-07 14:11:31,431 - __main__ - INFO - Computing epoch 1 validation loss...
2023-04-07 14:11:37,395 - __main__ - INFO - [INFO] 2023-04-07 14:11:37.394840 Epoch [2/100] batch [1/391] loss 4.6406 lr 0.09997532801828658 acc 0.78% eta 2:20:51
2023-04-07 14:12:06,880 - __main__ - INFO - [INFO] 2023-04-07 14:12:06.880821 Epoch [2/100] batch [129/391] loss 4.5430 lr 0.09997532801828658 acc 0.78% eta 2:07:42
2023-04-07 14:12:36,034 - __main__ - INFO - [INFO] 2023-04-07 14:12:36.034171 Epoch [2/100] batch [257/391] loss 4.5430 lr 0.09997532801828658 acc 0.78% eta 2:06:16
2023-04-07 14:13:05,520 - __main__ - INFO - [INFO] 2023-04-07 14:13:05.520797 Epoch [2/100] batch [385/391] loss 4.4453 lr 0.09997532801828658 acc 1.56% eta 2:05:55
2023-04-07 14:13:06,867 - __main__ - INFO - Computing epoch 2 validation accuracy...
2023-04-07 14:13:12,286 - __main__ - INFO - Computing epoch 2 validation loss...
2023-04-07 14:13:18,018 - __main__ - INFO - [INFO] 2023-04-07 14:13:18.017904 Epoch [3/100] batch [1/391] loss 4.5156 lr 0.09990133642141358 acc 2.34% eta 2:08:10
2023-04-07 14:13:47,650 - __main__ - INFO - [INFO] 2023-04-07 14:13:47.650758 Epoch [3/100] batch [129/391] loss 4.4727 lr 0.09990133642141358 acc 1.56% eta 2:06:44
2023-04-07 14:14:17,103 - __main__ - INFO - [INFO] 2023-04-07 14:14:17.102833 Epoch [3/100] batch [257/391] loss 4.4922 lr 0.09990133642141358 acc 3.12% eta 2:05:57
2023-04-07 14:14:46,732 - __main__ - INFO - [INFO] 2023-04-07 14:14:46.731649 Epoch [3/100] batch [385/391] loss 4.3594 lr 0.09990133642141358 acc 0.78% eta 2:05:40
2023-04-07 14:14:48,027 - __main__ - INFO - Computing epoch 3 validation accuracy...
2023-04-07 14:14:53,428 - __main__ - INFO - Computing epoch 3 validation loss...
2023-04-07 14:14:59,159 - __main__ - INFO - [INFO] 2023-04-07 14:14:59.159609 Epoch [4/100] batch [1/391] loss 4.3008 lr 0.099778098230154 acc 3.91% eta 2:16:26
2023-04-07 14:15:27,970 - __main__ - INFO - [INFO] 2023-04-07 14:15:27.970791 Epoch [4/100] batch [129/391] loss 4.2461 lr 0.099778098230154 acc 5.47% eta 2:01:48
2023-04-07 14:15:57,238 - __main__ - INFO - [INFO] 2023-04-07 14:15:57.238114 Epoch [4/100] batch [257/391] loss 4.0078 lr 0.099778098230154 acc 3.91% eta 2:02:32
2023-04-07 14:16:26,914 - __main__ - INFO - [INFO] 2023-04-07 14:16:26.914533 Epoch [4/100] batch [385/391] loss 4.0195 lr 0.099778098230154 acc 8.59% eta 2:03:01
2023-04-07 14:16:28,229 - __main__ - INFO - Computing epoch 4 validation accuracy...
2023-04-07 14:16:33,523 - __main__ - INFO - Computing epoch 4 validation loss...
2023-04-07 14:16:39,294 - __main__ - INFO - [INFO] 2023-04-07 14:16:39.294686 Epoch [5/100] batch [1/391] loss 4.1172 lr 0.0996057350657239 acc 5.47% eta 2:19:25
2023-04-07 14:17:09,088 - __main__ - INFO - [INFO] 2023-04-07 14:17:09.088526 Epoch [5/100] batch [129/391] loss 3.9609 lr 0.0996057350657239 acc 10.16% eta 2:04:33
2023-04-07 14:17:38,296 - __main__ - INFO - [INFO] 2023-04-07 14:17:38.295955 Epoch [5/100] batch [257/391] loss 3.7559 lr 0.0996057350657239 acc 9.38% eta 2:02:57
2023-04-07 14:18:07,840 - __main__ - INFO - [INFO] 2023-04-07 14:18:07.839949 Epoch [5/100] batch [385/391] loss 3.7832 lr 0.0996057350657239 acc 6.25% eta 2:02:34
2023-04-07 14:18:09,178 - __main__ - INFO - Computing epoch 5 validation accuracy...
2023-04-07 14:18:14,487 - __main__ - INFO - Computing epoch 5 validation loss...
2023-04-07 14:18:20,210 - __main__ - INFO - [INFO] 2023-04-07 14:18:20.209928 Epoch [6/100] batch [1/391] loss 3.6582 lr 0.09938441702975688 acc 16.41% eta 2:30:24
2023-04-07 14:18:49,652 - __main__ - INFO - [INFO] 2023-04-07 14:18:49.651859 Epoch [6/100] batch [129/391] loss 3.4863 lr 0.09938441702975688 acc 14.84% eta 2:02:24
2023-04-07 14:19:19,337 - __main__ - INFO - [INFO] 2023-04-07 14:19:19.337563 Epoch [6/100] batch [257/391] loss 3.5723 lr 0.09938441702975688 acc 12.50% eta 2:02:27
2023-04-07 14:19:48,783 - __main__ - INFO - [INFO] 2023-04-07 14:19:48.783419 Epoch [6/100] batch [385/391] loss 3.4922 lr 0.09938441702975688 acc 14.06% eta 2:01:50
2023-04-07 14:19:50,120 - __main__ - INFO - Computing epoch 6 validation accuracy...
2023-04-07 14:19:55,658 - __main__ - INFO - Computing epoch 6 validation loss...
2023-04-07 14:20:01,339 - __main__ - INFO - [INFO] 2023-04-07 14:20:01.338916 Epoch [7/100] batch [1/391] loss 3.2637 lr 0.09911436253643444 acc 17.97% eta 1:57:13
2023-04-07 14:20:30,574 - __main__ - INFO - [INFO] 2023-04-07 14:20:30.574771 Epoch [7/100] batch [129/391] loss 3.3848 lr 0.09911436253643444 acc 17.97% eta 1:59:26
2023-04-07 14:21:00,003 - __main__ - INFO - [INFO] 2023-04-07 14:21:00.003529 Epoch [7/100] batch [257/391] loss 3.2246 lr 0.09911436253643444 acc 19.53% eta 1:59:46
2023-04-07 14:21:29,577 - __main__ - INFO - [INFO] 2023-04-07 14:21:29.576903 Epoch [7/100] batch [385/391] loss 3.1855 lr 0.09911436253643444 acc 23.44% eta 1:59:47
2023-04-07 14:21:30,938 - __main__ - INFO - Computing epoch 7 validation accuracy...
2023-04-07 14:21:36,301 - __main__ - INFO - Computing epoch 7 validation loss...
2023-04-07 14:21:42,326 - __main__ - INFO - [INFO] 2023-04-07 14:21:42.325942 Epoch [8/100] batch [1/391] loss 2.9863 lr 0.09879583809693737 acc 26.56% eta 2:13:17
2023-04-07 14:22:11,690 - __main__ - INFO - [INFO] 2023-04-07 14:22:11.689942 Epoch [8/100] batch [129/391] loss 2.9238 lr 0.09879583809693737 acc 24.22% eta 1:59:26
2023-04-07 14:22:41,203 - __main__ - INFO - [INFO] 2023-04-07 14:22:41.203284 Epoch [8/100] batch [257/391] loss 3.0039 lr 0.09879583809693737 acc 17.19% eta 1:59:05
2023-04-07 14:23:10,318 - __main__ - INFO - [INFO] 2023-04-07 14:23:10.318220 Epoch [8/100] batch [385/391] loss 2.9609 lr 0.09879583809693737 acc 23.44% eta 1:58:14
2023-04-07 14:23:11,646 - __main__ - INFO - Computing epoch 8 validation accuracy...
2023-04-07 14:23:16,935 - __main__ - INFO - Computing epoch 8 validation loss...
2023-04-07 14:23:22,524 - __main__ - INFO - [INFO] 2023-04-07 14:23:22.523897 Epoch [9/100] batch [1/391] loss 2.6582 lr 0.09842915805643156 acc 23.44% eta 2:06:50
2023-04-07 14:23:52,098 - __main__ - INFO - [INFO] 2023-04-07 14:23:52.098150 Epoch [9/100] batch [129/391] loss 3.0039 lr 0.09842915805643156 acc 24.22% eta 1:58:50
2023-04-07 14:24:21,680 - __main__ - INFO - [INFO] 2023-04-07 14:24:21.680012 Epoch [9/100] batch [257/391] loss 2.7773 lr 0.09842915805643156 acc 25.78% eta 1:58:26
2023-04-07 14:24:51,099 - __main__ - INFO - [INFO] 2023-04-07 14:24:51.098833 Epoch [9/100] batch [385/391] loss 2.6133 lr 0.09842915805643156 acc 33.59% eta 1:57:44
2023-04-07 14:24:52,532 - __main__ - INFO - Computing epoch 9 validation accuracy...
2023-04-07 14:24:57,955 - __main__ - INFO - Computing epoch 9 validation loss...
2023-04-07 14:25:03,522 - __main__ - INFO - [INFO] 2023-04-07 14:25:03.522721 Epoch [10/100] batch [1/391] loss 2.7363 lr 0.09801468428384716 acc 26.56% eta 2:08:30
2023-04-07 14:25:31,625 - __main__ - INFO - [INFO] 2023-04-07 14:25:31.624956 Epoch [10/100] batch [129/391] loss 2.6758 lr 0.09801468428384716 acc 25.78% eta 1:50:47
2023-04-07 14:25:57,413 - __main__ - INFO - [INFO] 2023-04-07 14:25:57.413760 Epoch [10/100] batch [257/391] loss 2.4180 lr 0.09801468428384716 acc 35.94% eta 1:45:23
2023-04-07 14:26:24,201 - __main__ - INFO - [INFO] 2023-04-07 14:26:24.201312 Epoch [10/100] batch [385/391] loss 2.6602 lr 0.09801468428384716 acc 37.50% eta 1:44:45
2023-04-07 14:26:25,516 - __main__ - INFO - Computing epoch 10 validation accuracy...
2023-04-07 14:26:30,825 - __main__ - INFO - Computing epoch 10 validation loss...
2023-04-07 14:26:36,626 - __main__ - INFO - [INFO] 2023-04-07 14:26:36.626623 Epoch [11/100] batch [1/391] loss 2.4062 lr 0.09755282581475769 acc 27.34% eta 1:58:28
2023-04-07 14:27:05,929 - __main__ - INFO - [INFO] 2023-04-07 14:27:05.929769 Epoch [11/100] batch [129/391] loss 2.3906 lr 0.09755282581475769 acc 32.03% eta 1:55:05
2023-04-07 14:27:35,154 - __main__ - INFO - [INFO] 2023-04-07 14:27:35.154083 Epoch [11/100] batch [257/391] loss 2.3418 lr 0.09755282581475769 acc 35.94% eta 1:54:23
2023-04-07 14:28:04,787 - __main__ - INFO - [INFO] 2023-04-07 14:28:04.786889 Epoch [11/100] batch [385/391] loss 2.4961 lr 0.09755282581475769 acc 30.47% eta 1:54:31
2023-04-07 14:28:06,156 - __main__ - INFO - Computing epoch 11 validation accuracy...
2023-04-07 14:28:11,381 - __main__ - INFO - Computing epoch 11 validation loss...
2023-04-07 14:28:17,027 - __main__ - INFO - [INFO] 2023-04-07 14:28:17.026872 Epoch [12/100] batch [1/391] loss 2.3066 lr 0.09704403844771128 acc 41.41% eta 2:14:44
2023-04-07 14:28:46,959 - __main__ - INFO - [INFO] 2023-04-07 14:28:46.959718 Epoch [12/100] batch [129/391] loss 1.9551 lr 0.09704403844771128 acc 48.44% eta 1:56:20
2023-04-07 14:29:16,422 - __main__ - INFO - [INFO] 2023-04-07 14:29:16.422808 Epoch [12/100] batch [257/391] loss 2.3750 lr 0.09704403844771128 acc 33.59% eta 1:55:00
2023-04-07 14:29:45,717 - __main__ - INFO - [INFO] 2023-04-07 14:29:45.717801 Epoch [12/100] batch [385/391] loss 2.2676 lr 0.09704403844771128 acc 30.47% eta 1:53:59
2023-04-07 14:29:47,050 - __main__ - INFO - Computing epoch 12 validation accuracy...
2023-04-07 14:29:52,662 - __main__ - INFO - Computing epoch 12 validation loss...
2023-04-07 14:29:58,363 - __main__ - INFO - [INFO] 2023-04-07 14:29:58.363084 Epoch [13/100] batch [1/391] loss 2.1074 lr 0.09648882429441258 acc 30.47% eta 2:09:13
2023-04-07 14:30:27,901 - __main__ - INFO - [INFO] 2023-04-07 14:30:27.901615 Epoch [13/100] batch [129/391] loss 1.9688 lr 0.09648882429441258 acc 42.97% eta 1:53:47
2023-04-07 14:30:57,885 - __main__ - INFO - [INFO] 2023-04-07 14:30:57.885340 Epoch [13/100] batch [257/391] loss 2.4141 lr 0.09648882429441258 acc 42.19% eta 1:53:58
2023-04-07 14:31:27,903 - __main__ - INFO - [INFO] 2023-04-07 14:31:27.903316 Epoch [13/100] batch [385/391] loss 2.1973 lr 0.09648882429441258 acc 35.94% eta 1:53:42
2023-04-07 14:31:29,233 - __main__ - INFO - Computing epoch 13 validation accuracy...
2023-04-07 14:31:34,809 - __main__ - INFO - Computing epoch 13 validation loss...
2023-04-07 14:31:40,476 - __main__ - INFO - [INFO] 2023-04-07 14:31:40.476589 Epoch [14/100] batch [1/391] loss 2.2520 lr 0.09588773128419906 acc 33.59% eta 1:47:28
2023-04-07 14:32:10,062 - __main__ - INFO - [INFO] 2023-04-07 14:32:10.062671 Epoch [14/100] batch [129/391] loss 2.2891 lr 0.09588773128419906 acc 41.41% eta 1:51:56
2023-04-07 14:32:39,325 - __main__ - INFO - [INFO] 2023-04-07 14:32:39.325792 Epoch [14/100] batch [257/391] loss 2.1738 lr 0.09588773128419906 acc 38.28% eta 1:51:02
2023-04-07 14:33:08,832 - __main__ - INFO - [INFO] 2023-04-07 14:33:08.832615 Epoch [14/100] batch [385/391] loss 2.0234 lr 0.09588773128419906 acc 38.28% eta 1:50:47
2023-04-07 14:33:10,161 - __main__ - INFO - Computing epoch 14 validation accuracy...
2023-04-07 14:33:15,474 - __main__ - INFO - Computing epoch 14 validation loss...
2023-04-07 14:33:21,231 - __main__ - INFO - [INFO] 2023-04-07 14:33:21.231301 Epoch [15/100] batch [1/391] loss 2.2930 lr 0.09524135262330098 acc 38.28% eta 1:59:30
2023-04-07 14:33:50,801 - __main__ - INFO - [INFO] 2023-04-07 14:33:50.801526 Epoch [15/100] batch [129/391] loss 2.4590 lr 0.09524135262330098 acc 36.72% eta 1:51:05
2023-04-07 14:34:20,412 - __main__ - INFO - [INFO] 2023-04-07 14:34:20.412246 Epoch [15/100] batch [257/391] loss 2.1465 lr 0.09524135262330098 acc 41.41% eta 1:50:35
2023-04-07 14:34:49,575 - __main__ - INFO - [INFO] 2023-04-07 14:34:49.575759 Epoch [15/100] batch [385/391] loss 1.9219 lr 0.09524135262330098 acc 41.41% eta 1:49:40
2023-04-07 14:34:50,895 - __main__ - INFO - Computing epoch 15 validation accuracy...
2023-04-07 14:34:56,511 - __main__ - INFO - Computing epoch 15 validation loss...
2023-04-07 14:35:02,296 - __main__ - INFO - [INFO] 2023-04-07 14:35:02.296709 Epoch [16/100] batch [1/391] loss 1.9463 lr 0.0945503262094184 acc 45.31% eta 1:54:55
2023-04-07 14:35:31,889 - __main__ - INFO - [INFO] 2023-04-07 14:35:31.889228 Epoch [16/100] batch [129/391] loss 2.2227 lr 0.0945503262094184 acc 36.72% eta 1:49:46
2023-04-07 14:36:01,307 - __main__ - INFO - [INFO] 2023-04-07 14:36:01.307067 Epoch [16/100] batch [257/391] loss 2.0664 lr 0.0945503262094184 acc 44.53% eta 1:49:03
2023-04-07 14:36:30,643 - __main__ - INFO - [INFO] 2023-04-07 14:36:30.643277 Epoch [16/100] batch [385/391] loss 2.1328 lr 0.0945503262094184 acc 38.28% eta 1:48:30
2023-04-07 14:36:31,954 - __main__ - INFO - Computing epoch 16 validation accuracy...
2023-04-07 14:36:37,270 - __main__ - INFO - Computing epoch 16 validation loss...
2023-04-07 14:36:43,008 - __main__ - INFO - [INFO] 2023-04-07 14:36:43.008848 Epoch [17/100] batch [1/391] loss 1.8789 lr 0.09381533400219319 acc 50.00% eta 1:56:50
2023-04-07 14:37:12,513 - __main__ - INFO - [INFO] 2023-04-07 14:37:12.513755 Epoch [17/100] batch [129/391] loss 2.2734 lr 0.09381533400219319 acc 42.19% eta 1:47:55
2023-04-07 14:37:41,587 - __main__ - INFO - [INFO] 2023-04-07 14:37:41.587410 Epoch [17/100] batch [257/391] loss 1.8848 lr 0.09381533400219319 acc 36.72% eta 1:46:40
2023-04-07 14:38:11,092 - __main__ - INFO - [INFO] 2023-04-07 14:38:11.092588 Epoch [17/100] batch [385/391] loss 2.0430 lr 0.09381533400219319 acc 39.06% eta 1:46:34
2023-04-07 14:38:12,571 - __main__ - INFO - Computing epoch 17 validation accuracy...
2023-04-07 14:38:18,106 - __main__ - INFO - Computing epoch 17 validation loss...
2023-04-07 14:38:23,798 - __main__ - INFO - [INFO] 2023-04-07 14:38:23.798473 Epoch [18/100] batch [1/391] loss 2.0293 lr 0.0930371013501972 acc 53.12% eta 1:54:24
2023-04-07 14:38:53,414 - __main__ - INFO - [INFO] 2023-04-07 14:38:53.414044 Epoch [18/100] batch [129/391] loss 1.8301 lr 0.0930371013501972 acc 56.25% eta 1:47:20
2023-04-07 14:39:22,865 - __main__ - INFO - [INFO] 2023-04-07 14:39:22.865104 Epoch [18/100] batch [257/391] loss 2.2129 lr 0.0930371013501972 acc 40.62% eta 1:46:37
2023-04-07 14:39:52,521 - __main__ - INFO - [INFO] 2023-04-07 14:39:52.521526 Epoch [18/100] batch [385/391] loss 1.9980 lr 0.0930371013501972 acc 35.16% eta 1:46:09
2023-04-07 14:39:53,903 - __main__ - INFO - Computing epoch 18 validation accuracy...
2023-04-07 14:39:59,367 - __main__ - INFO - Computing epoch 18 validation loss...
2023-04-07 14:40:05,096 - __main__ - INFO - [INFO] 2023-04-07 14:40:05.096740 Epoch [19/100] batch [1/391] loss 1.7529 lr 0.09221639627510078 acc 48.44% eta 1:58:09
2023-04-07 14:40:34,683 - __main__ - INFO - [INFO] 2023-04-07 14:40:34.683486 Epoch [19/100] batch [129/391] loss 1.9775 lr 0.09221639627510078 acc 24.22% eta 1:45:48
2023-04-07 14:41:04,242 - __main__ - INFO - [INFO] 2023-04-07 14:41:04.242369 Epoch [19/100] batch [257/391] loss 2.2930 lr 0.09221639627510078 acc 39.06% eta 1:45:13
2023-04-07 14:41:33,766 - __main__ - INFO - [INFO] 2023-04-07 14:41:33.766604 Epoch [19/100] batch [385/391] loss 1.8027 lr 0.09221639627510078 acc 44.53% eta 1:44:50
2023-04-07 14:41:35,110 - __main__ - INFO - Computing epoch 19 validation accuracy...
2023-04-07 14:41:40,940 - __main__ - INFO - Computing epoch 19 validation loss...
2023-04-07 14:41:46,739 - __main__ - INFO - [INFO] 2023-04-07 14:41:46.739583 Epoch [20/100] batch [1/391] loss 1.9980 lr 0.09135402871372812 acc 40.62% eta 1:47:46
2023-04-07 14:42:16,040 - __main__ - INFO - [INFO] 2023-04-07 14:42:16.039921 Epoch [20/100] batch [129/391] loss 2.0117 lr 0.09135402871372812 acc 31.25% eta 1:43:21
2023-04-07 14:42:45,253 - __main__ - INFO - [INFO] 2023-04-07 14:42:45.253589 Epoch [20/100] batch [257/391] loss 1.8701 lr 0.09135402871372812 acc 42.19% eta 1:42:47
2023-04-07 14:43:14,678 - __main__ - INFO - [INFO] 2023-04-07 14:43:14.678376 Epoch [20/100] batch [385/391] loss 1.8770 lr 0.09135402871372812 acc 34.38% eta 1:42:38
2023-04-07 14:43:16,010 - __main__ - INFO - Computing epoch 20 validation accuracy...
2023-04-07 14:43:21,387 - __main__ - INFO - Computing epoch 20 validation loss...
2023-04-07 14:43:27,175 - __main__ - INFO - [INFO] 2023-04-07 14:43:27.175575 Epoch [21/100] batch [1/391] loss 1.6523 lr 0.09045084971874741 acc 48.44% eta 1:53:09
2023-04-07 14:43:56,946 - __main__ - INFO - [INFO] 2023-04-07 14:43:56.946423 Epoch [21/100] batch [129/391] loss 1.9463 lr 0.09045084971874741 acc 47.66% eta 1:43:53
2023-04-07 14:44:26,450 - __main__ - INFO - [INFO] 2023-04-07 14:44:26.450337 Epoch [21/100] batch [257/391] loss 1.9951 lr 0.09045084971874741 acc 47.66% eta 1:42:59
2023-04-07 14:44:55,453 - __main__ - INFO - [INFO] 2023-04-07 14:44:55.453567 Epoch [21/100] batch [385/391] loss 1.8467 lr 0.09045084971874741 acc 46.88% eta 1:41:48
2023-04-07 14:44:56,769 - __main__ - INFO - Computing epoch 21 validation accuracy...
2023-04-07 14:45:02,269 - __main__ - INFO - Computing epoch 21 validation loss...
2023-04-07 14:45:08,097 - __main__ - INFO - [INFO] 2023-04-07 14:45:08.097758 Epoch [22/100] batch [1/391] loss 1.8652 lr 0.08950775061878455 acc 46.88% eta 1:50:51
2023-04-07 14:45:37,580 - __main__ - INFO - [INFO] 2023-04-07 14:45:37.580267 Epoch [22/100] batch [129/391] loss 1.9922 lr 0.08950775061878455 acc 39.06% eta 1:41:14
2023-04-07 14:46:07,302 - __main__ - INFO - [INFO] 2023-04-07 14:46:07.302483 Epoch [22/100] batch [257/391] loss 1.6846 lr 0.08950775061878455 acc 53.12% eta 1:41:23
2023-04-07 14:46:37,003 - __main__ - INFO - [INFO] 2023-04-07 14:46:37.003615 Epoch [22/100] batch [385/391] loss 2.0020 lr 0.08950775061878455 acc 46.09% eta 1:41:07
2023-04-07 14:46:38,364 - __main__ - INFO - Computing epoch 22 validation accuracy...
2023-04-07 14:46:43,709 - __main__ - INFO - Computing epoch 22 validation loss...
2023-04-07 14:46:49,436 - __main__ - INFO - [INFO] 2023-04-07 14:46:49.436003 Epoch [23/100] batch [1/391] loss 1.6787 lr 0.0885256621387895 acc 47.66% eta 1:49:58
2023-04-07 14:47:19,125 - __main__ - INFO - [INFO] 2023-04-07 14:47:19.125061 Epoch [23/100] batch [129/391] loss 1.9688 lr 0.0885256621387895 acc 45.31% eta 1:40:53
2023-04-07 14:47:48,340 - __main__ - INFO - [INFO] 2023-04-07 14:47:48.340260 Epoch [23/100] batch [257/391] loss 1.9609 lr 0.0885256621387895 acc 38.28% eta 1:39:40
2023-04-07 14:48:17,605 - __main__ - INFO - [INFO] 2023-04-07 14:48:17.605275 Epoch [23/100] batch [385/391] loss 1.6494 lr 0.0885256621387895 acc 53.12% eta 1:39:05
2023-04-07 14:48:18,946 - __main__ - INFO - Computing epoch 23 validation accuracy...
2023-04-07 14:48:24,307 - __main__ - INFO - Computing epoch 23 validation loss...
2023-04-07 14:48:30,098 - __main__ - INFO - [INFO] 2023-04-07 14:48:30.098227 Epoch [24/100] batch [1/391] loss 1.8564 lr 0.08750555348152302 acc 48.44% eta 1:48:17
2023-04-07 14:49:00,053 - __main__ - INFO - [INFO] 2023-04-07 14:49:00.053543 Epoch [24/100] batch [129/391] loss 1.6797 lr 0.08750555348152302 acc 46.09% eta 1:40:40
2023-04-07 14:49:29,172 - __main__ - INFO - [INFO] 2023-04-07 14:49:29.171748 Epoch [24/100] batch [257/391] loss 1.8252 lr 0.08750555348152302 acc 52.34% eta 1:38:53
2023-04-07 14:49:58,070 - __main__ - INFO - [INFO] 2023-04-07 14:49:58.070148 Epoch [24/100] batch [385/391] loss 1.7803 lr 0.08750555348152302 acc 47.66% eta 1:37:38
2023-04-07 14:49:59,345 - __main__ - INFO - Computing epoch 24 validation accuracy...
2023-04-07 14:50:04,654 - __main__ - INFO - Computing epoch 24 validation loss...
2023-04-07 14:50:10,355 - __main__ - INFO - [INFO] 2023-04-07 14:50:10.355252 Epoch [25/100] batch [1/391] loss 1.6953 lr 0.08644843137107061 acc 45.31% eta 1:30:52
2023-04-07 14:50:39,770 - __main__ - INFO - [INFO] 2023-04-07 14:50:39.770651 Epoch [25/100] batch [129/391] loss 1.8096 lr 0.08644843137107061 acc 44.53% eta 1:37:36
2023-04-07 14:51:09,186 - __main__ - INFO - [INFO] 2023-04-07 14:51:09.186637 Epoch [25/100] batch [257/391] loss 1.4727 lr 0.08644843137107061 acc 51.56% eta 1:37:09
2023-04-07 14:51:38,872 - __main__ - INFO - [INFO] 2023-04-07 14:51:38.872728 Epoch [25/100] batch [385/391] loss 1.9414 lr 0.08644843137107061 acc 39.06% eta 1:36:58
2023-04-07 14:51:40,196 - __main__ - INFO - Computing epoch 25 validation accuracy...
2023-04-07 14:51:45,476 - __main__ - INFO - Computing epoch 25 validation loss...
2023-04-07 14:51:51,252 - __main__ - INFO - [INFO] 2023-04-07 14:51:51.252354 Epoch [26/100] batch [1/391] loss 1.7100 lr 0.0853553390593274 acc 48.44% eta 1:45:47
2023-04-07 14:52:20,183 - __main__ - INFO - [INFO] 2023-04-07 14:52:20.183303 Epoch [26/100] batch [129/391] loss 2.0352 lr 0.0853553390593274 acc 37.50% eta 1:34:45
2023-04-07 14:52:49,080 - __main__ - INFO - [INFO] 2023-04-07 14:52:49.079965 Epoch [26/100] batch [257/391] loss 1.7500 lr 0.0853553390593274 acc 55.47% eta 1:34:09
2023-04-07 14:53:18,448 - __main__ - INFO - [INFO] 2023-04-07 14:53:18.448811 Epoch [26/100] batch [385/391] loss 1.8516 lr 0.0853553390593274 acc 48.44% eta 1:34:15
2023-04-07 14:53:19,808 - __main__ - INFO - Computing epoch 26 validation accuracy...
2023-04-07 14:53:25,203 - __main__ - INFO - Computing epoch 26 validation loss...
2023-04-07 14:53:30,959 - __main__ - INFO - [INFO] 2023-04-07 14:53:30.959181 Epoch [27/100] batch [1/391] loss 1.6455 lr 0.08422735529643446 acc 50.78% eta 1:46:19
2023-04-07 14:54:00,506 - __main__ - INFO - [INFO] 2023-04-07 14:54:00.506180 Epoch [27/100] batch [129/391] loss 1.7412 lr 0.08422735529643446 acc 53.91% eta 1:35:14
2023-04-07 14:54:29,905 - __main__ - INFO - [INFO] 2023-04-07 14:54:29.905520 Epoch [27/100] batch [257/391] loss 1.6416 lr 0.08422735529643446 acc 52.34% eta 1:34:41
2023-04-07 14:54:58,863 - __main__ - INFO - [INFO] 2023-04-07 14:54:58.863295 Epoch [27/100] batch [385/391] loss 1.8027 lr 0.08422735529643446 acc 46.88% eta 1:33:37
2023-04-07 14:55:00,147 - __main__ - INFO - Computing epoch 27 validation accuracy...
2023-04-07 14:55:05,473 - __main__ - INFO - Computing epoch 27 validation loss...
2023-04-07 14:55:11,243 - __main__ - INFO - [INFO] 2023-04-07 14:55:11.243592 Epoch [28/100] batch [1/391] loss 1.6709 lr 0.08306559326618262 acc 52.34% eta 1:42:57
2023-04-07 14:55:40,639 - __main__ - INFO - [INFO] 2023-04-07 14:55:40.639745 Epoch [28/100] batch [129/391] loss 1.6035 lr 0.08306559326618262 acc 55.47% eta 1:33:41
2023-04-07 14:56:10,137 - __main__ - INFO - [INFO] 2023-04-07 14:56:10.137654 Epoch [28/100] batch [257/391] loss 1.7910 lr 0.08306559326618262 acc 47.66% eta 1:33:17
2023-04-07 14:56:39,386 - __main__ - INFO - [INFO] 2023-04-07 14:56:39.386635 Epoch [28/100] batch [385/391] loss 1.6465 lr 0.08306559326618262 acc 53.12% eta 1:32:38
2023-04-07 14:56:40,711 - __main__ - INFO - Computing epoch 28 validation accuracy...
2023-04-07 14:56:46,086 - __main__ - INFO - Computing epoch 28 validation loss...
2023-04-07 14:56:51,828 - __main__ - INFO - [INFO] 2023-04-07 14:56:51.828372 Epoch [29/100] batch [1/391] loss 1.7383 lr 0.08187119948743452 acc 60.94% eta 1:30:38
2023-04-07 14:57:21,019 - __main__ - INFO - [INFO] 2023-04-07 14:57:21.019237 Epoch [29/100] batch [129/391] loss 1.7168 lr 0.08187119948743452 acc 56.25% eta 1:31:30
2023-04-07 14:57:50,078 - __main__ - INFO - [INFO] 2023-04-07 14:57:50.078449 Epoch [29/100] batch [257/391] loss 1.8008 lr 0.08187119948743452 acc 46.09% eta 1:30:54
2023-04-07 14:58:19,808 - __main__ - INFO - [INFO] 2023-04-07 14:58:19.808538 Epoch [29/100] batch [385/391] loss 1.7480 lr 0.08187119948743452 acc 44.53% eta 1:31:10
2023-04-07 14:58:21,159 - __main__ - INFO - Computing epoch 29 validation accuracy...
2023-04-07 14:58:26,510 - __main__ - INFO - Computing epoch 29 validation loss...
2023-04-07 14:58:32,119 - __main__ - INFO - [INFO] 2023-04-07 14:58:32.119291 Epoch [30/100] batch [1/391] loss 1.9023 lr 0.08064535268264886 acc 54.69% eta 1:38:47
2023-04-07 14:59:01,424 - __main__ - INFO - [INFO] 2023-04-07 14:59:01.424349 Epoch [30/100] batch [129/391] loss 1.8262 lr 0.08064535268264886 acc 46.09% eta 1:30:49
2023-04-07 14:59:30,968 - __main__ - INFO - [INFO] 2023-04-07 14:59:30.968279 Epoch [30/100] batch [257/391] loss 1.8301 lr 0.08064535268264886 acc 56.25% eta 1:30:47
2023-04-07 14:59:59,888 - __main__ - INFO - [INFO] 2023-04-07 14:59:59.888143 Epoch [30/100] batch [385/391] loss 2.1543 lr 0.08064535268264886 acc 41.41% eta 1:29:42
2023-04-07 15:00:01,238 - __main__ - INFO - Computing epoch 30 validation accuracy...
2023-04-07 15:00:06,616 - __main__ - INFO - Computing epoch 30 validation loss...
2023-04-07 15:00:12,314 - __main__ - INFO - [INFO] 2023-04-07 15:00:12.314684 Epoch [31/100] batch [1/391] loss 1.7021 lr 0.0793892626146237 acc 54.69% eta 1:34:07
2023-04-07 15:00:41,832 - __main__ - INFO - [INFO] 2023-04-07 15:00:41.832388 Epoch [31/100] batch [129/391] loss 1.4990 lr 0.0793892626146237 acc 49.22% eta 1:30:02
2023-04-07 15:01:11,278 - __main__ - INFO - [INFO] 2023-04-07 15:01:11.278255 Epoch [31/100] batch [257/391] loss 1.8369 lr 0.0793892626146237 acc 47.66% eta 1:29:34
2023-04-07 15:01:40,647 - __main__ - INFO - [INFO] 2023-04-07 15:01:40.647140 Epoch [31/100] batch [385/391] loss 1.7646 lr 0.0793892626146237 acc 47.66% eta 1:29:00
2023-04-07 15:01:41,993 - __main__ - INFO - Computing epoch 31 validation accuracy...
2023-04-07 15:01:47,339 - __main__ - INFO - Computing epoch 31 validation loss...
2023-04-07 15:01:53,092 - __main__ - INFO - [INFO] 2023-04-07 15:01:53.091905 Epoch [32/100] batch [1/391] loss 1.3887 lr 0.07810416889260657 acc 57.81% eta 1:30:07
2023-04-07 15:02:22,213 - __main__ - INFO - [INFO] 2023-04-07 15:02:22.213819 Epoch [32/100] batch [129/391] loss 1.8027 lr 0.07810416889260657 acc 35.94% eta 1:27:32
2023-04-07 15:02:51,172 - __main__ - INFO - [INFO] 2023-04-07 15:02:51.172723 Epoch [32/100] batch [257/391] loss 1.9580 lr 0.07810416889260657 acc 42.97% eta 1:26:50
2023-04-07 15:03:20,449 - __main__ - INFO - [INFO] 2023-04-07 15:03:20.449054 Epoch [32/100] batch [385/391] loss 1.7715 lr 0.07810416889260657 acc 50.78% eta 1:26:42
2023-04-07 15:03:21,767 - __main__ - INFO - Computing epoch 32 validation accuracy...
2023-04-07 15:03:27,058 - __main__ - INFO - Computing epoch 32 validation loss...
2023-04-07 15:03:32,798 - __main__ - INFO - [INFO] 2023-04-07 15:03:32.798356 Epoch [33/100] batch [1/391] loss 1.5791 lr 0.07679133974894986 acc 58.59% eta 1:29:08
2023-04-07 15:04:02,308 - __main__ - INFO - [INFO] 2023-04-07 15:04:02.308291 Epoch [33/100] batch [129/391] loss 1.6172 lr 0.07679133974894986 acc 57.03% eta 1:27:27
2023-04-07 15:04:31,651 - __main__ - INFO - [INFO] 2023-04-07 15:04:31.650859 Epoch [33/100] batch [257/391] loss 1.7168 lr 0.07679133974894986 acc 46.88% eta 1:26:50
2023-04-07 15:05:00,824 - __main__ - INFO - [INFO] 2023-04-07 15:05:00.824154 Epoch [33/100] batch [385/391] loss 1.2490 lr 0.07679133974894986 acc 60.16% eta 1:26:04
2023-04-07 15:05:02,103 - __main__ - INFO - Computing epoch 33 validation accuracy...
2023-04-07 15:05:07,485 - __main__ - INFO - Computing epoch 33 validation loss...
2023-04-07 15:05:13,374 - __main__ - INFO - [INFO] 2023-04-07 15:05:13.374082 Epoch [34/100] batch [1/391] loss 1.4619 lr 0.0754520707875186 acc 51.56% eta 1:31:46
2023-04-07 15:05:42,567 - __main__ - INFO - [INFO] 2023-04-07 15:05:42.567514 Epoch [34/100] batch [129/391] loss 1.5596 lr 0.0754520707875186 acc 53.91% eta 1:25:24
2023-04-07 15:06:11,845 - __main__ - INFO - [INFO] 2023-04-07 15:06:11.845632 Epoch [34/100] batch [257/391] loss 1.8555 lr 0.0754520707875186 acc 37.50% eta 1:25:03
2023-04-07 15:06:40,981 - __main__ - INFO - [INFO] 2023-04-07 15:06:40.980840 Epoch [34/100] batch [385/391] loss 1.7559 lr 0.0754520707875186 acc 50.00% eta 1:24:32
2023-04-07 15:06:42,311 - __main__ - INFO - Computing epoch 34 validation accuracy...
2023-04-07 15:06:47,757 - __main__ - INFO - Computing epoch 34 validation loss...
2023-04-07 15:06:53,419 - __main__ - INFO - [INFO] 2023-04-07 15:06:53.418948 Epoch [35/100] batch [1/391] loss 1.7266 lr 0.0740876837050858 acc 41.41% eta 1:31:13
2023-04-07 15:07:22,564 - __main__ - INFO - [INFO] 2023-04-07 15:07:22.564550 Epoch [35/100] batch [129/391] loss 1.8574 lr 0.0740876837050858 acc 46.88% eta 1:23:53
2023-04-07 15:07:51,441 - __main__ - INFO - [INFO] 2023-04-07 15:07:51.441431 Epoch [35/100] batch [257/391] loss 1.5947 lr 0.0740876837050858 acc 57.81% eta 1:23:01
2023-04-07 15:08:20,776 - __main__ - INFO - [INFO] 2023-04-07 15:08:20.776513 Epoch [35/100] batch [385/391] loss 1.5723 lr 0.0740876837050858 acc 60.16% eta 1:22:57
2023-04-07 15:08:22,151 - __main__ - INFO - Computing epoch 35 validation accuracy...
2023-04-07 15:08:27,396 - __main__ - INFO - Computing epoch 35 validation loss...
2023-04-07 15:08:33,006 - __main__ - INFO - [INFO] 2023-04-07 15:08:33.006689 Epoch [36/100] batch [1/391] loss 1.5830 lr 0.07269952498697738 acc 53.91% eta 1:26:56
2023-04-07 15:09:02,210 - __main__ - INFO - [INFO] 2023-04-07 15:09:02.210810 Epoch [36/100] batch [129/391] loss 1.7559 lr 0.07269952498697738 acc 50.78% eta 1:22:54
2023-04-07 15:09:31,375 - __main__ - INFO - [INFO] 2023-04-07 15:09:31.375519 Epoch [36/100] batch [257/391] loss 1.5762 lr 0.07269952498697738 acc 48.44% eta 1:22:27
2023-04-07 15:10:00,749 - __main__ - INFO - [INFO] 2023-04-07 15:10:00.749359 Epoch [36/100] batch [385/391] loss 1.4150 lr 0.07269952498697738 acc 57.03% eta 1:22:04
2023-04-07 15:10:02,042 - __main__ - INFO - Computing epoch 36 validation accuracy...
2023-04-07 15:10:07,521 - __main__ - INFO - Computing epoch 36 validation loss...
2023-04-07 15:10:13,253 - __main__ - INFO - [INFO] 2023-04-07 15:10:13.253210 Epoch [37/100] batch [1/391] loss 1.4688 lr 0.07128896457825366 acc 60.16% eta 1:27:59
2023-04-07 15:10:43,118 - __main__ - INFO - [INFO] 2023-04-07 15:10:43.118249 Epoch [37/100] batch [129/391] loss 1.6436 lr 0.07128896457825366 acc 47.66% eta 1:23:13
2023-04-07 15:11:12,648 - __main__ - INFO - [INFO] 2023-04-07 15:11:12.648189 Epoch [37/100] batch [257/391] loss 1.4404 lr 0.07128896457825366 acc 61.72% eta 1:22:16
2023-04-07 15:11:41,854 - __main__ - INFO - [INFO] 2023-04-07 15:11:41.854758 Epoch [37/100] batch [385/391] loss 1.6543 lr 0.07128896457825366 acc 53.91% eta 1:21:28
2023-04-07 15:11:43,236 - __main__ - INFO - Computing epoch 37 validation accuracy...
2023-04-07 15:11:48,548 - __main__ - INFO - Computing epoch 37 validation loss...
2023-04-07 15:11:54,251 - __main__ - INFO - [INFO] 2023-04-07 15:11:54.251770 Epoch [38/100] batch [1/391] loss 1.5742 lr 0.06985739453173906 acc 48.44% eta 1:28:07
2023-04-07 15:12:23,453 - __main__ - INFO - [INFO] 2023-04-07 15:12:23.452858 Epoch [38/100] batch [129/391] loss 1.7188 lr 0.06985739453173906 acc 36.72% eta 1:20:20
2023-04-07 15:12:52,269 - __main__ - INFO - [INFO] 2023-04-07 15:12:52.269671 Epoch [38/100] batch [257/391] loss 1.6201 lr 0.06985739453173906 acc 43.75% eta 1:19:12
2023-04-07 15:13:21,673 - __main__ - INFO - [INFO] 2023-04-07 15:13:21.673598 Epoch [38/100] batch [385/391] loss 1.6943 lr 0.06985739453173906 acc 50.00% eta 1:19:12
2023-04-07 15:13:22,978 - __main__ - INFO - Computing epoch 38 validation accuracy...
2023-04-07 15:13:28,387 - __main__ - INFO - Computing epoch 38 validation loss...
2023-04-07 15:13:34,124 - __main__ - INFO - [INFO] 2023-04-07 15:13:34.124669 Epoch [39/100] batch [1/391] loss 1.5146 lr 0.06840622763423394 acc 53.91% eta 1:32:58
2023-04-07 15:14:03,503 - __main__ - INFO - [INFO] 2023-04-07 15:14:03.503112 Epoch [39/100] batch [129/391] loss 1.6328 lr 0.06840622763423394 acc 54.69% eta 1:19:33
2023-04-07 15:14:32,774 - __main__ - INFO - [INFO] 2023-04-07 15:14:32.774758 Epoch [39/100] batch [257/391] loss 1.6807 lr 0.06840622763423394 acc 53.12% eta 1:18:56
2023-04-07 15:15:01,886 - __main__ - INFO - [INFO] 2023-04-07 15:15:01.886627 Epoch [39/100] batch [385/391] loss 1.6445 lr 0.06840622763423394 acc 51.56% eta 1:18:17
2023-04-07 15:15:03,177 - __main__ - INFO - Computing epoch 39 validation accuracy...
2023-04-07 15:15:08,517 - __main__ - INFO - Computing epoch 39 validation loss...
2023-04-07 15:15:14,273 - __main__ - INFO - [INFO] 2023-04-07 15:15:14.272973 Epoch [40/100] batch [1/391] loss 1.4717 lr 0.06693689601226462 acc 53.12% eta 1:11:52
2023-04-07 15:15:43,666 - __main__ - INFO - [INFO] 2023-04-07 15:15:43.665921 Epoch [40/100] batch [129/391] loss 1.5332 lr 0.06693689601226462 acc 52.34% eta 1:18:08
2023-04-07 15:16:13,232 - __main__ - INFO - [INFO] 2023-04-07 15:16:13.232523 Epoch [40/100] batch [257/391] loss 1.5889 lr 0.06693689601226462 acc 55.47% eta 1:17:57
2023-04-07 15:16:42,565 - __main__ - INFO - [INFO] 2023-04-07 15:16:42.565774 Epoch [40/100] batch [385/391] loss 1.4170 lr 0.06693689601226462 acc 63.28% eta 1:17:23
2023-04-07 15:16:43,897 - __main__ - INFO - Computing epoch 40 validation accuracy...
2023-04-07 15:16:49,344 - __main__ - INFO - Computing epoch 40 validation loss...
2023-04-07 15:16:55,100 - __main__ - INFO - [INFO] 2023-04-07 15:16:55.100050 Epoch [41/100] batch [1/391] loss 1.3877 lr 0.06545084971874741 acc 59.38% eta 1:14:45
2023-04-07 15:17:24,489 - __main__ - INFO - [INFO] 2023-04-07 15:17:24.489384 Epoch [41/100] batch [129/391] loss 1.6807 lr 0.06545084971874741 acc 54.69% eta 1:16:47
2023-04-07 15:17:53,252 - __main__ - INFO - [INFO] 2023-04-07 15:17:53.252528 Epoch [41/100] batch [257/391] loss 1.4619 lr 0.06545084971874741 acc 58.59% eta 1:15:29
2023-04-07 15:18:22,476 - __main__ - INFO - [INFO] 2023-04-07 15:18:22.476098 Epoch [41/100] batch [385/391] loss 1.2920 lr 0.06545084971874741 acc 62.50% eta 1:15:16
2023-04-07 15:18:23,790 - __main__ - INFO - Computing epoch 41 validation accuracy...
2023-04-07 15:18:29,093 - __main__ - INFO - Computing epoch 41 validation loss...
2023-04-07 15:18:34,711 - __main__ - INFO - [INFO] 2023-04-07 15:18:34.711363 Epoch [42/100] batch [1/391] loss 1.3613 lr 0.06394955530196152 acc 48.44% eta 1:21:17
2023-04-07 15:19:04,011 - __main__ - INFO - [INFO] 2023-04-07 15:19:04.011565 Epoch [42/100] batch [129/391] loss 1.1650 lr 0.06394955530196152 acc 65.62% eta 1:15:24
2023-04-07 15:19:33,435 - __main__ - INFO - [INFO] 2023-04-07 15:19:33.435445 Epoch [42/100] batch [257/391] loss 1.6504 lr 0.06394955530196152 acc 50.00% eta 1:15:05
2023-04-07 15:20:02,762 - __main__ - INFO - [INFO] 2023-04-07 15:20:02.762583 Epoch [42/100] batch [385/391] loss 1.6133 lr 0.06394955530196152 acc 54.69% eta 1:14:36
2023-04-07 15:20:04,084 - __main__ - INFO - Computing epoch 42 validation accuracy...
2023-04-07 15:20:09,358 - __main__ - INFO - Computing epoch 42 validation loss...
2023-04-07 15:20:15,020 - __main__ - INFO - [INFO] 2023-04-07 15:20:15.020028 Epoch [43/100] batch [1/391] loss 1.4131 lr 0.062434494358242776 acc 57.03% eta 1:20:45
2023-04-07 15:20:44,340 - __main__ - INFO - [INFO] 2023-04-07 15:20:44.340724 Epoch [43/100] batch [129/391] loss 1.3633 lr 0.062434494358242776 acc 57.03% eta 1:14:11
2023-04-07 15:21:13,914 - __main__ - INFO - [INFO] 2023-04-07 15:21:13.914155 Epoch [43/100] batch [257/391] loss 1.5020 lr 0.062434494358242776 acc 49.22% eta 1:14:04
2023-04-07 15:21:40,580 - __main__ - INFO - [INFO] 2023-04-07 15:21:40.580127 Epoch [43/100] batch [385/391] loss 1.8457 lr 0.062434494358242776 acc 40.62% eta 1:11:00
2023-04-07 15:21:41,759 - __main__ - INFO - Computing epoch 43 validation accuracy...
2023-04-07 15:21:46,949 - __main__ - INFO - Computing epoch 43 validation loss...
2023-04-07 15:21:52,502 - __main__ - INFO - [INFO] 2023-04-07 15:21:52.501807 Epoch [44/100] batch [1/391] loss 1.3428 lr 0.06090716206982718 acc 60.94% eta 1:07:48
2023-04-07 15:22:18,832 - __main__ - INFO - [INFO] 2023-04-07 15:22:18.832635 Epoch [44/100] batch [129/391] loss 1.7744 lr 0.06090716206982718 acc 54.69% eta 1:04:25
2023-04-07 15:22:47,561 - __main__ - INFO - [INFO] 2023-04-07 15:22:47.561090 Epoch [44/100] batch [257/391] loss 1.3965 lr 0.06090716206982718 acc 60.16% eta 1:07:23
2023-04-07 15:23:16,482 - __main__ - INFO - [INFO] 2023-04-07 15:23:16.482608 Epoch [44/100] batch [385/391] loss 1.5361 lr 0.06090716206982718 acc 60.16% eta 1:08:16
2023-04-07 15:23:17,785 - __main__ - INFO - Computing epoch 44 validation accuracy...
2023-04-07 15:23:23,096 - __main__ - INFO - Computing epoch 44 validation loss...
2023-04-07 15:23:28,878 - __main__ - INFO - [INFO] 2023-04-07 15:23:28.878262 Epoch [45/100] batch [1/391] loss 1.2881 lr 0.05936906572928628 acc 59.38% eta 1:17:06
2023-04-07 15:23:57,405 - __main__ - INFO - [INFO] 2023-04-07 15:23:57.405303 Epoch [45/100] batch [129/391] loss 1.4678 lr 0.05936906572928628 acc 58.59% eta 1:09:27
2023-04-07 15:24:26,052 - __main__ - INFO - [INFO] 2023-04-07 15:24:26.052207 Epoch [45/100] batch [257/391] loss 1.5518 lr 0.05936906572928628 acc 60.94% eta 1:09:09
2023-04-07 15:24:54,486 - __main__ - INFO - [INFO] 2023-04-07 15:24:54.485896 Epoch [45/100] batch [385/391] loss 1.4609 lr 0.05936906572928628 acc 59.38% eta 1:08:33
2023-04-07 15:24:55,774 - __main__ - INFO - Computing epoch 45 validation accuracy...
2023-04-07 15:25:01,040 - __main__ - INFO - Computing epoch 45 validation loss...
2023-04-07 15:25:06,752 - __main__ - INFO - [INFO] 2023-04-07 15:25:06.751904 Epoch [46/100] batch [1/391] loss 1.2246 lr 0.05782172325201159 acc 64.84% eta 1:14:01
2023-04-07 15:25:37,406 - __main__ - INFO - [INFO] 2023-04-07 15:25:37.406415 Epoch [46/100] batch [129/391] loss 1.1328 lr 0.05782172325201159 acc 67.19% eta 1:12:57
2023-04-07 15:26:08,491 - __main__ - INFO - [INFO] 2023-04-07 15:26:08.491720 Epoch [46/100] batch [257/391] loss 1.4170 lr 0.05782172325201159 acc 60.16% eta 1:12:58
2023-04-07 15:26:37,520 - __main__ - INFO - [INFO] 2023-04-07 15:26:37.520400 Epoch [46/100] batch [385/391] loss 1.3760 lr 0.05782172325201159 acc 57.81% eta 1:11:09
2023-04-07 15:26:38,823 - __main__ - INFO - Computing epoch 46 validation accuracy...
2023-04-07 15:26:44,161 - __main__ - INFO - Computing epoch 46 validation loss...
2023-04-07 15:26:49,850 - __main__ - INFO - [INFO] 2023-04-07 15:26:49.850407 Epoch [47/100] batch [1/391] loss 1.2139 lr 0.056266661678215264 acc 49.22% eta 1:08:47
2023-04-07 15:27:18,000 - __main__ - INFO - [INFO] 2023-04-07 15:27:18.000742 Epoch [47/100] batch [129/391] loss 1.3457 lr 0.056266661678215264 acc 58.59% eta 1:05:51
2023-04-07 15:27:46,832 - __main__ - INFO - [INFO] 2023-04-07 15:27:46.832814 Epoch [47/100] batch [257/391] loss 1.5762 lr 0.056266661678215264 acc 52.34% eta 1:06:18
2023-04-07 15:28:15,482 - __main__ - INFO - [INFO] 2023-04-07 15:28:15.482713 Epoch [47/100] batch [385/391] loss 1.3926 lr 0.056266661678215264 acc 54.69% eta 1:06:03
2023-04-07 15:28:16,785 - __main__ - INFO - Computing epoch 47 validation accuracy...
2023-04-07 15:28:22,062 - __main__ - INFO - Computing epoch 47 validation loss...
2023-04-07 15:28:27,627 - __main__ - INFO - [INFO] 2023-04-07 15:28:27.627518 Epoch [48/100] batch [1/391] loss 1.4150 lr 0.05470541566592575 acc 53.91% eta 1:15:55
2023-04-07 15:28:56,727 - __main__ - INFO - [INFO] 2023-04-07 15:28:56.727308 Epoch [48/100] batch [129/391] loss 1.4131 lr 0.05470541566592575 acc 55.47% eta 1:06:54
2023-04-07 15:29:25,006 - __main__ - INFO - [INFO] 2023-04-07 15:29:25.006671 Epoch [48/100] batch [257/391] loss 1.5615 lr 0.05470541566592575 acc 56.25% eta 1:05:29
2023-04-07 15:29:53,931 - __main__ - INFO - [INFO] 2023-04-07 15:29:53.931568 Epoch [48/100] batch [385/391] loss 1.5244 lr 0.05470541566592575 acc 54.69% eta 1:05:17
2023-04-07 15:29:55,290 - __main__ - INFO - Computing epoch 48 validation accuracy...
2023-04-07 15:30:00,686 - __main__ - INFO - Computing epoch 48 validation loss...
2023-04-07 15:30:06,456 - __main__ - INFO - [INFO] 2023-04-07 15:30:06.456652 Epoch [49/100] batch [1/391] loss 1.3564 lr 0.053139525976465714 acc 61.72% eta 1:09:12
2023-04-07 15:30:36,913 - __main__ - INFO - [INFO] 2023-04-07 15:30:36.912788 Epoch [49/100] batch [129/391] loss 1.3477 lr 0.053139525976465714 acc 65.62% eta 1:08:36
2023-04-07 15:31:06,095 - __main__ - INFO - [INFO] 2023-04-07 15:31:06.094992 Epoch [49/100] batch [257/391] loss 1.1543 lr 0.053139525976465714 acc 59.38% eta 1:06:46
2023-04-07 15:31:34,676 - __main__ - INFO - [INFO] 2023-04-07 15:31:34.676062 Epoch [49/100] batch [385/391] loss 1.5146 lr 0.053139525976465714 acc 56.25% eta 1:05:28
2023-04-07 15:31:35,924 - __main__ - INFO - Computing epoch 49 validation accuracy...
2023-04-07 15:31:41,291 - __main__ - INFO - Computing epoch 49 validation loss...
2023-04-07 15:31:47,083 - __main__ - INFO - [INFO] 2023-04-07 15:31:47.082849 Epoch [50/100] batch [1/391] loss 1.4912 lr 0.05157053795390645 acc 46.09% eta 1:08:58
2023-04-07 15:32:15,873 - __main__ - INFO - [INFO] 2023-04-07 15:32:15.873261 Epoch [50/100] batch [129/391] loss 1.4209 lr 0.05157053795390645 acc 60.94% eta 1:03:46
2023-04-07 15:32:44,763 - __main__ - INFO - [INFO] 2023-04-07 15:32:44.763603 Epoch [50/100] batch [257/391] loss 1.7041 lr 0.05157053795390645 acc 43.75% eta 1:03:27
2023-04-07 15:33:13,723 - __main__ - INFO - [INFO] 2023-04-07 15:33:13.723750 Epoch [50/100] batch [385/391] loss 1.6787 lr 0.05157053795390645 acc 55.47% eta 1:03:07
2023-04-07 15:33:15,020 - __main__ - INFO - Computing epoch 50 validation accuracy...
2023-04-07 15:33:20,436 - __main__ - INFO - Computing epoch 50 validation loss...
2023-04-07 15:33:26,408 - __main__ - INFO - [INFO] 2023-04-07 15:33:26.408428 Epoch [51/100] batch [1/391] loss 1.2373 lr 0.05000000000000004 acc 66.41% eta 1:07:13
2023-04-07 15:33:55,088 - __main__ - INFO - [INFO] 2023-04-07 15:33:55.087882 Epoch [51/100] batch [129/391] loss 1.2656 lr 0.05000000000000004 acc 66.41% eta 1:02:08
2023-04-07 15:34:23,134 - __main__ - INFO - [INFO] 2023-04-07 15:34:23.134387 Epoch [51/100] batch [257/391] loss 1.2520 lr 0.05000000000000004 acc 54.69% eta 1:00:58
2023-04-07 15:34:53,671 - __main__ - INFO - [INFO] 2023-04-07 15:34:53.670938 Epoch [51/100] batch [385/391] loss 1.3701 lr 0.05000000000000004 acc 61.72% eta 1:02:03
2023-04-07 15:34:55,420 - __main__ - INFO - Computing epoch 51 validation accuracy...
2023-04-07 15:35:01,789 - __main__ - INFO - Computing epoch 51 validation loss...
2023-04-07 15:35:08,361 - __main__ - INFO - [INFO] 2023-04-07 15:35:08.361409 Epoch [52/100] batch [1/391] loss 1.2412 lr 0.04842946204609362 acc 57.03% eta 1:18:35
2023-04-07 15:35:38,035 - __main__ - INFO - [INFO] 2023-04-07 15:35:38.035711 Epoch [52/100] batch [129/391] loss 1.4150 lr 0.04842946204609362 acc 62.50% eta 1:03:03
2023-04-07 15:36:07,319 - __main__ - INFO - [INFO] 2023-04-07 15:36:07.319292 Epoch [52/100] batch [257/391] loss 1.4580 lr 0.04842946204609362 acc 51.56% eta 1:02:10
2023-04-07 15:36:36,021 - __main__ - INFO - [INFO] 2023-04-07 15:36:36.021721 Epoch [52/100] batch [385/391] loss 1.0859 lr 0.04842946204609362 acc 61.72% eta 1:01:09
2023-04-07 15:36:37,315 - __main__ - INFO - Computing epoch 52 validation accuracy...
2023-04-07 15:36:42,661 - __main__ - INFO - Computing epoch 52 validation loss...
2023-04-07 15:36:48,371 - __main__ - INFO - [INFO] 2023-04-07 15:36:48.371423 Epoch [53/100] batch [1/391] loss 1.2773 lr 0.04686047402353437 acc 50.00% eta 1:05:18
2023-04-07 15:37:17,188 - __main__ - INFO - [INFO] 2023-04-07 15:37:17.188269 Epoch [53/100] batch [129/391] loss 0.9370 lr 0.04686047402353437 acc 76.56% eta 0:59:54
2023-04-07 15:37:45,809 - __main__ - INFO - [INFO] 2023-04-07 15:37:45.809280 Epoch [53/100] batch [257/391] loss 1.5107 lr 0.04686047402353437 acc 63.28% eta 0:59:24
2023-04-07 15:38:14,546 - __main__ - INFO - [INFO] 2023-04-07 15:38:14.546159 Epoch [53/100] batch [385/391] loss 1.4238 lr 0.04686047402353437 acc 61.72% eta 0:59:01
2023-04-07 15:38:15,853 - __main__ - INFO - Computing epoch 53 validation accuracy...
2023-04-07 15:38:21,213 - __main__ - INFO - Computing epoch 53 validation loss...
2023-04-07 15:38:26,859 - __main__ - INFO - [INFO] 2023-04-07 15:38:26.858905 Epoch [54/100] batch [1/391] loss 1.4834 lr 0.045294584334074316 acc 59.38% eta 1:02:50
2023-04-07 15:38:55,547 - __main__ - INFO - [INFO] 2023-04-07 15:38:55.547000 Epoch [54/100] batch [129/391] loss 1.2891 lr 0.045294584334074316 acc 67.19% eta 0:58:18
2023-04-07 15:39:24,047 - __main__ - INFO - [INFO] 2023-04-07 15:39:24.047318 Epoch [54/100] batch [257/391] loss 1.3145 lr 0.045294584334074316 acc 64.06% eta 0:57:48
2023-04-07 15:39:52,803 - __main__ - INFO - [INFO] 2023-04-07 15:39:52.803411 Epoch [54/100] batch [385/391] loss 1.2900 lr 0.045294584334074316 acc 61.72% eta 0:57:32
2023-04-07 15:39:54,257 - __main__ - INFO - Computing epoch 54 validation accuracy...
2023-04-07 15:39:59,636 - __main__ - INFO - Computing epoch 54 validation loss...
2023-04-07 15:40:05,245 - __main__ - INFO - [INFO] 2023-04-07 15:40:05.245666 Epoch [55/100] batch [1/391] loss 0.9897 lr 0.043733338321784825 acc 65.62% eta 0:57:41
2023-04-07 15:40:34,227 - __main__ - INFO - [INFO] 2023-04-07 15:40:34.227037 Epoch [55/100] batch [129/391] loss 1.1133 lr 0.043733338321784825 acc 62.50% eta 0:57:42
2023-04-07 15:41:02,931 - __main__ - INFO - [INFO] 2023-04-07 15:41:02.930788 Epoch [55/100] batch [257/391] loss 1.1064 lr 0.043733338321784825 acc 64.06% eta 0:57:04
2023-04-07 15:41:31,154 - __main__ - INFO - [INFO] 2023-04-07 15:41:31.153869 Epoch [55/100] batch [385/391] loss 1.7686 lr 0.043733338321784825 acc 49.22% eta 0:56:13
2023-04-07 15:41:32,469 - __main__ - INFO - Computing epoch 55 validation accuracy...
2023-04-07 15:41:37,779 - __main__ - INFO - Computing epoch 55 validation loss...
2023-04-07 15:41:43,417 - __main__ - INFO - [INFO] 2023-04-07 15:41:43.417458 Epoch [56/100] batch [1/391] loss 1.0371 lr 0.042178276747988484 acc 58.59% eta 0:58:36
2023-04-07 15:42:12,319 - __main__ - INFO - [INFO] 2023-04-07 15:42:12.319089 Epoch [56/100] batch [129/391] loss 1.1484 lr 0.042178276747988484 acc 68.75% eta 0:56:24
2023-04-07 15:42:40,821 - __main__ - INFO - [INFO] 2023-04-07 15:42:40.821652 Epoch [56/100] batch [257/391] loss 1.1475 lr 0.042178276747988484 acc 66.41% eta 0:55:37
2023-04-07 15:43:09,661 - __main__ - INFO - [INFO] 2023-04-07 15:43:09.661397 Epoch [56/100] batch [385/391] loss 0.9229 lr 0.042178276747988484 acc 77.34% eta 0:55:20
2023-04-07 15:43:10,971 - __main__ - INFO - Computing epoch 56 validation accuracy...
2023-04-07 15:43:16,297 - __main__ - INFO - Computing epoch 56 validation loss...
2023-04-07 15:43:22,027 - __main__ - INFO - [INFO] 2023-04-07 15:43:22.027588 Epoch [57/100] batch [1/391] loss 1.1924 lr 0.0406309342707138 acc 64.84% eta 0:56:00
2023-04-07 15:43:50,118 - __main__ - INFO - [INFO] 2023-04-07 15:43:50.118667 Epoch [57/100] batch [129/391] loss 1.1602 lr 0.0406309342707138 acc 69.53% eta 0:53:32
2023-04-07 15:44:18,784 - __main__ - INFO - [INFO] 2023-04-07 15:44:18.784282 Epoch [57/100] batch [257/391] loss 1.2285 lr 0.0406309342707138 acc 60.16% eta 0:53:44
2023-04-07 15:44:47,274 - __main__ - INFO - [INFO] 2023-04-07 15:44:47.274237 Epoch [57/100] batch [385/391] loss 1.4971 lr 0.0406309342707138 acc 60.94% eta 0:53:25
2023-04-07 15:44:48,590 - __main__ - INFO - Computing epoch 57 validation accuracy...
2023-04-07 15:44:53,859 - __main__ - INFO - Computing epoch 57 validation loss...
2023-04-07 15:44:59,404 - __main__ - INFO - [INFO] 2023-04-07 15:44:59.404485 Epoch [58/100] batch [1/391] loss 1.3525 lr 0.039092837930172916 acc 60.16% eta 0:55:47
2023-04-07 15:45:27,829 - __main__ - INFO - [INFO] 2023-04-07 15:45:27.828804 Epoch [58/100] batch [129/391] loss 1.1875 lr 0.039092837930172916 acc 60.16% eta 0:53:03
2023-04-07 15:45:55,944 - __main__ - INFO - [INFO] 2023-04-07 15:45:55.944268 Epoch [58/100] batch [257/391] loss 1.1348 lr 0.039092837930172916 acc 56.25% eta 0:52:17
2023-04-07 15:46:24,175 - __main__ - INFO - [INFO] 2023-04-07 15:46:24.175759 Epoch [58/100] batch [385/391] loss 1.2295 lr 0.039092837930172916 acc 67.19% eta 0:51:48
2023-04-07 15:46:25,450 - __main__ - INFO - Computing epoch 58 validation accuracy...
2023-04-07 15:46:30,596 - __main__ - INFO - Computing epoch 58 validation loss...
2023-04-07 15:46:36,119 - __main__ - INFO - [INFO] 2023-04-07 15:46:36.119033 Epoch [59/100] batch [1/391] loss 0.9111 lr 0.037565505641757285 acc 72.66% eta 0:51:44
2023-04-07 15:47:04,601 - __main__ - INFO - [INFO] 2023-04-07 15:47:04.601260 Epoch [59/100] batch [129/391] loss 1.1221 lr 0.037565505641757285 acc 60.94% eta 0:51:50
2023-04-07 15:47:33,180 - __main__ - INFO - [INFO] 2023-04-07 15:47:33.180072 Epoch [59/100] batch [257/391] loss 1.2705 lr 0.037565505641757285 acc 57.81% eta 0:51:32
2023-04-07 15:48:01,762 - __main__ - INFO - [INFO] 2023-04-07 15:48:01.762669 Epoch [59/100] batch [385/391] loss 1.2217 lr 0.037565505641757285 acc 61.72% eta 0:51:10
2023-04-07 15:48:03,083 - __main__ - INFO - Computing epoch 59 validation accuracy...
2023-04-07 15:48:08,373 - __main__ - INFO - Computing epoch 59 validation loss...
2023-04-07 15:48:13,979 - __main__ - INFO - [INFO] 2023-04-07 15:48:13.979118 Epoch [60/100] batch [1/391] loss 1.4043 lr 0.03605044469803857 acc 54.69% eta 0:54:08
2023-04-07 15:48:41,922 - __main__ - INFO - [INFO] 2023-04-07 15:48:41.922109 Epoch [60/100] batch [129/391] loss 1.1572 lr 0.03605044469803857 acc 66.41% eta 0:49:32
2023-04-07 15:49:11,132 - __main__ - INFO - [INFO] 2023-04-07 15:49:11.132617 Epoch [60/100] batch [257/391] loss 1.2559 lr 0.03605044469803857 acc 64.06% eta 0:50:17
2023-04-07 15:49:40,597 - __main__ - INFO - [INFO] 2023-04-07 15:49:40.597103 Epoch [60/100] batch [385/391] loss 1.4326 lr 0.03605044469803857 acc 57.81% eta 0:50:21
2023-04-07 15:49:42,040 - __main__ - INFO - Computing epoch 60 validation accuracy...
2023-04-07 15:49:47,718 - __main__ - INFO - Computing epoch 60 validation loss...
2023-04-07 15:49:53,655 - __main__ - INFO - [INFO] 2023-04-07 15:49:53.655232 Epoch [61/100] batch [1/391] loss 1.1035 lr 0.034549150281252675 acc 70.31% eta 0:49:06
2023-04-07 15:50:22,471 - __main__ - INFO - [INFO] 2023-04-07 15:50:22.471670 Epoch [61/100] batch [129/391] loss 1.1465 lr 0.034549150281252675 acc 67.19% eta 0:49:49
2023-04-07 15:50:50,762 - __main__ - INFO - [INFO] 2023-04-07 15:50:50.762059 Epoch [61/100] batch [257/391] loss 1.2432 lr 0.034549150281252675 acc 64.84% eta 0:48:58
2023-04-07 15:51:19,633 - __main__ - INFO - [INFO] 2023-04-07 15:51:19.632973 Epoch [61/100] batch [385/391] loss 1.1543 lr 0.034549150281252675 acc 67.19% eta 0:48:45
2023-04-07 15:51:20,939 - __main__ - INFO - Computing epoch 61 validation accuracy...
2023-04-07 15:51:26,188 - __main__ - INFO - Computing epoch 61 validation loss...
2023-04-07 15:51:31,734 - __main__ - INFO - [INFO] 2023-04-07 15:51:31.734448 Epoch [62/100] batch [1/391] loss 1.0049 lr 0.03306310398773546 acc 75.00% eta 0:52:57
2023-04-07 15:52:00,611 - __main__ - INFO - [INFO] 2023-04-07 15:52:00.610921 Epoch [62/100] batch [129/391] loss 1.0996 lr 0.03306310398773546 acc 64.06% eta 0:48:46
2023-04-07 15:52:29,305 - __main__ - INFO - [INFO] 2023-04-07 15:52:29.305150 Epoch [62/100] batch [257/391] loss 0.9487 lr 0.03306310398773546 acc 72.66% eta 0:48:13
2023-04-07 15:52:58,245 - __main__ - INFO - [INFO] 2023-04-07 15:52:58.245010 Epoch [62/100] batch [385/391] loss 1.1670 lr 0.03306310398773546 acc 69.53% eta 0:47:52
2023-04-07 15:52:59,552 - __main__ - INFO - Computing epoch 62 validation accuracy...
2023-04-07 15:53:04,934 - __main__ - INFO - Computing epoch 62 validation loss...
2023-04-07 15:53:10,515 - __main__ - INFO - [INFO] 2023-04-07 15:53:10.515597 Epoch [63/100] batch [1/391] loss 1.1885 lr 0.031593772365766146 acc 65.62% eta 0:47:20
2023-04-07 15:53:39,184 - __main__ - INFO - [INFO] 2023-04-07 15:53:39.184562 Epoch [63/100] batch [129/391] loss 1.1475 lr 0.031593772365766146 acc 60.94% eta 0:47:10
2023-04-07 15:54:08,196 - __main__ - INFO - [INFO] 2023-04-07 15:54:08.196252 Epoch [63/100] batch [257/391] loss 0.9341 lr 0.031593772365766146 acc 70.31% eta 0:47:02
2023-04-07 15:54:37,064 - __main__ - INFO - [INFO] 2023-04-07 15:54:37.064551 Epoch [63/100] batch [385/391] loss 1.0547 lr 0.031593772365766146 acc 71.09% eta 0:46:38
2023-04-07 15:54:38,329 - __main__ - INFO - Computing epoch 63 validation accuracy...
2023-04-07 15:54:43,440 - __main__ - INFO - Computing epoch 63 validation loss...
2023-04-07 15:54:49,013 - __main__ - INFO - [INFO] 2023-04-07 15:54:49.013194 Epoch [64/100] batch [1/391] loss 1.0215 lr 0.030142605468260992 acc 71.09% eta 0:48:11
2023-04-07 15:55:17,671 - __main__ - INFO - [INFO] 2023-04-07 15:55:17.670917 Epoch [64/100] batch [129/391] loss 0.9175 lr 0.030142605468260992 acc 67.97% eta 0:45:53
2023-04-07 15:55:45,531 - __main__ - INFO - [INFO] 2023-04-07 15:55:45.531147 Epoch [64/100] batch [257/391] loss 1.2051 lr 0.030142605468260992 acc 72.66% eta 0:44:50
2023-04-07 15:56:14,107 - __main__ - INFO - [INFO] 2023-04-07 15:56:14.107626 Epoch [64/100] batch [385/391] loss 0.9990 lr 0.030142605468260992 acc 65.62% eta 0:44:38
2023-04-07 15:56:15,405 - __main__ - INFO - Computing epoch 64 validation accuracy...
2023-04-07 15:56:20,619 - __main__ - INFO - Computing epoch 64 validation loss...
2023-04-07 15:56:26,313 - __main__ - INFO - [INFO] 2023-04-07 15:56:26.313697 Epoch [65/100] batch [1/391] loss 1.0791 lr 0.028711035421746394 acc 70.31% eta 0:49:20
2023-04-07 15:56:56,298 - __main__ - INFO - [INFO] 2023-04-07 15:56:56.298657 Epoch [65/100] batch [129/391] loss 1.1729 lr 0.028711035421746394 acc 69.53% eta 0:46:37
2023-04-07 15:57:25,979 - __main__ - INFO - [INFO] 2023-04-07 15:57:25.979473 Epoch [65/100] batch [257/391] loss 1.1162 lr 0.028711035421746394 acc 72.66% eta 0:45:53
2023-04-07 15:57:54,902 - __main__ - INFO - [INFO] 2023-04-07 15:57:54.901849 Epoch [65/100] batch [385/391] loss 1.2168 lr 0.028711035421746394 acc 64.06% eta 0:45:00
2023-04-07 15:57:56,132 - __main__ - INFO - Computing epoch 65 validation accuracy...
2023-04-07 15:58:01,495 - __main__ - INFO - Computing epoch 65 validation loss...
2023-04-07 15:58:07,006 - __main__ - INFO - [INFO] 2023-04-07 15:58:07.006359 Epoch [66/100] batch [1/391] loss 1.1943 lr 0.027300475013022688 acc 64.06% eta 0:46:17
2023-04-07 15:58:36,188 - __main__ - INFO - [INFO] 2023-04-07 15:58:36.188055 Epoch [66/100] batch [129/391] loss 1.0205 lr 0.027300475013022688 acc 70.31% eta 0:44:07
2023-04-07 15:59:05,107 - __main__ - INFO - [INFO] 2023-04-07 15:59:05.107383 Epoch [66/100] batch [257/391] loss 0.9849 lr 0.027300475013022688 acc 76.56% eta 0:43:34
2023-04-07 15:59:33,979 - __main__ - INFO - [INFO] 2023-04-07 15:59:33.979625 Epoch [66/100] batch [385/391] loss 0.9087 lr 0.027300475013022688 acc 72.66% eta 0:43:03
2023-04-07 15:59:35,324 - __main__ - INFO - Computing epoch 66 validation accuracy...
2023-04-07 15:59:40,719 - __main__ - INFO - Computing epoch 66 validation loss...
2023-04-07 15:59:46,361 - __main__ - INFO - [INFO] 2023-04-07 15:59:46.361721 Epoch [67/100] batch [1/391] loss 0.6968 lr 0.025912316294914254 acc 77.34% eta 0:44:37
2023-04-07 16:00:14,892 - __main__ - INFO - [INFO] 2023-04-07 16:00:14.891930 Epoch [67/100] batch [129/391] loss 0.9053 lr 0.025912316294914254 acc 73.44% eta 0:41:58
2023-04-07 16:00:43,627 - __main__ - INFO - [INFO] 2023-04-07 16:00:43.627733 Epoch [67/100] batch [257/391] loss 1.0352 lr 0.025912316294914254 acc 65.62% eta 0:41:40
2023-04-07 16:01:12,200 - __main__ - INFO - [INFO] 2023-04-07 16:01:12.199851 Epoch [67/100] batch [385/391] loss 0.8999 lr 0.025912316294914254 acc 77.34% eta 0:41:16
2023-04-07 16:01:13,496 - __main__ - INFO - Computing epoch 67 validation accuracy...
2023-04-07 16:01:18,675 - __main__ - INFO - Computing epoch 67 validation loss...
2023-04-07 16:01:24,082 - __main__ - INFO - [INFO] 2023-04-07 16:01:24.082502 Epoch [68/100] batch [1/391] loss 0.8320 lr 0.02454792921248146 acc 75.78% eta 0:41:57
2023-04-07 16:01:52,389 - __main__ - INFO - [INFO] 2023-04-07 16:01:52.388922 Epoch [68/100] batch [129/391] loss 0.7803 lr 0.02454792921248146 acc 78.12% eta 0:40:28
2023-04-07 16:02:20,999 - __main__ - INFO - [INFO] 2023-04-07 16:02:20.999069 Epoch [68/100] batch [257/391] loss 1.2197 lr 0.02454792921248146 acc 66.41% eta 0:40:18
2023-04-07 16:02:49,039 - __main__ - INFO - [INFO] 2023-04-07 16:02:49.038947 Epoch [68/100] batch [385/391] loss 0.9604 lr 0.02454792921248146 acc 75.00% eta 0:39:39
2023-04-07 16:02:50,323 - __main__ - INFO - Computing epoch 68 validation accuracy...
2023-04-07 16:02:55,572 - __main__ - INFO - Computing epoch 68 validation loss...
2023-04-07 16:03:02,434 - __main__ - INFO - [INFO] 2023-04-07 16:03:02.434510 Epoch [69/100] batch [1/391] loss 0.9775 lr 0.02320866025105018 acc 71.88% eta 0:42:09
2023-04-07 16:03:32,076 - __main__ - INFO - [INFO] 2023-04-07 16:03:32.076442 Epoch [69/100] batch [129/391] loss 0.9009 lr 0.02320866025105018 acc 78.91% eta 0:40:59
2023-04-07 16:04:01,539 - __main__ - INFO - [INFO] 2023-04-07 16:04:01.539547 Epoch [69/100] batch [257/391] loss 1.3574 lr 0.02320866025105018 acc 56.25% eta 0:40:25
2023-04-07 16:04:30,552 - __main__ - INFO - [INFO] 2023-04-07 16:04:30.552276 Epoch [69/100] batch [385/391] loss 0.9790 lr 0.02320866025105018 acc 71.88% eta 0:39:45
2023-04-07 16:04:31,881 - __main__ - INFO - Computing epoch 69 validation accuracy...
2023-04-07 16:04:37,083 - __main__ - INFO - Computing epoch 69 validation loss...
2023-04-07 16:04:42,896 - __main__ - INFO - [INFO] 2023-04-07 16:04:42.896628 Epoch [70/100] batch [1/391] loss 0.7949 lr 0.021895831107393487 acc 76.56% eta 0:42:53
2023-04-07 16:05:11,502 - __main__ - INFO - [INFO] 2023-04-07 16:05:11.502284 Epoch [70/100] batch [129/391] loss 1.0166 lr 0.021895831107393487 acc 68.75% eta 0:38:18
2023-04-07 16:05:40,252 - __main__ - INFO - [INFO] 2023-04-07 16:05:40.252379 Epoch [70/100] batch [257/391] loss 0.8618 lr 0.021895831107393487 acc 77.34% eta 0:38:00
2023-04-07 16:06:09,115 - __main__ - INFO - [INFO] 2023-04-07 16:06:09.115429 Epoch [70/100] batch [385/391] loss 0.9414 lr 0.021895831107393487 acc 77.34% eta 0:37:41
2023-04-07 16:06:10,412 - __main__ - INFO - Computing epoch 70 validation accuracy...
2023-04-07 16:06:15,733 - __main__ - INFO - Computing epoch 70 validation loss...
2023-04-07 16:06:21,351 - __main__ - INFO - [INFO] 2023-04-07 16:06:21.350913 Epoch [71/100] batch [1/391] loss 0.7710 lr 0.02061073738537637 acc 78.12% eta 0:36:46
2023-04-07 16:06:50,257 - __main__ - INFO - [INFO] 2023-04-07 16:06:50.257762 Epoch [71/100] batch [129/391] loss 0.8389 lr 0.02061073738537637 acc 79.69% eta 0:37:27
2023-04-07 16:07:19,071 - __main__ - INFO - [INFO] 2023-04-07 16:07:19.071545 Epoch [71/100] batch [257/391] loss 0.8608 lr 0.02061073738537637 acc 75.78% eta 0:36:59
2023-04-07 16:07:47,474 - __main__ - INFO - [INFO] 2023-04-07 16:07:47.474687 Epoch [71/100] batch [385/391] loss 0.9810 lr 0.02061073738537637 acc 74.22% eta 0:36:20
2023-04-07 16:07:48,788 - __main__ - INFO - Computing epoch 71 validation accuracy...
2023-04-07 16:07:54,049 - __main__ - INFO - Computing epoch 71 validation loss...
2023-04-07 16:07:59,673 - __main__ - INFO - [INFO] 2023-04-07 16:07:59.673052 Epoch [72/100] batch [1/391] loss 0.9141 lr 0.01935464731735119 acc 80.47% eta 0:40:50
2023-04-07 16:08:28,506 - __main__ - INFO - [INFO] 2023-04-07 16:08:28.506613 Epoch [72/100] batch [129/391] loss 0.9805 lr 0.01935464731735119 acc 68.75% eta 0:36:13
2023-04-07 16:08:57,222 - __main__ - INFO - [INFO] 2023-04-07 16:08:57.222546 Epoch [72/100] batch [257/391] loss 0.8647 lr 0.01935464731735119 acc 71.88% eta 0:35:39
2023-04-07 16:09:25,820 - __main__ - INFO - [INFO] 2023-04-07 16:09:25.820262 Epoch [72/100] batch [385/391] loss 0.9736 lr 0.01935464731735119 acc 69.53% eta 0:35:10
2023-04-07 16:09:27,190 - __main__ - INFO - Computing epoch 72 validation accuracy...
2023-04-07 16:09:32,633 - __main__ - INFO - Computing epoch 72 validation loss...
2023-04-07 16:09:38,404 - __main__ - INFO - [INFO] 2023-04-07 16:09:38.403916 Epoch [73/100] batch [1/391] loss 0.8691 lr 0.018128800512565532 acc 71.88% eta 0:35:31
2023-04-07 16:10:06,730 - __main__ - INFO - [INFO] 2023-04-07 16:10:06.730459 Epoch [73/100] batch [129/391] loss 0.8188 lr 0.018128800512565532 acc 78.12% eta 0:34:07
2023-04-07 16:10:35,385 - __main__ - INFO - [INFO] 2023-04-07 16:10:35.384920 Epoch [73/100] batch [257/391] loss 0.8643 lr 0.018128800512565532 acc 73.44% eta 0:34:00
2023-04-07 16:11:04,226 - __main__ - INFO - [INFO] 2023-04-07 16:11:04.226561 Epoch [73/100] batch [385/391] loss 0.7822 lr 0.018128800512565532 acc 70.31% eta 0:33:46
2023-04-07 16:11:05,497 - __main__ - INFO - Computing epoch 73 validation accuracy...
2023-04-07 16:11:10,707 - __main__ - INFO - Computing epoch 73 validation loss...
2023-04-07 16:11:16,303 - __main__ - INFO - [INFO] 2023-04-07 16:11:16.303317 Epoch [74/100] batch [1/391] loss 0.9424 lr 0.016934406733817433 acc 75.00% eta 0:35:47
2023-04-07 16:11:45,262 - __main__ - INFO - [INFO] 2023-04-07 16:11:45.262146 Epoch [74/100] batch [129/391] loss 0.8569 lr 0.016934406733817433 acc 72.66% eta 0:33:46
2023-04-07 16:12:13,818 - __main__ - INFO - [INFO] 2023-04-07 16:12:13.818612 Epoch [74/100] batch [257/391] loss 0.7236 lr 0.016934406733817433 acc 78.12% eta 0:33:05
2023-04-07 16:12:42,872 - __main__ - INFO - [INFO] 2023-04-07 16:12:42.872130 Epoch [74/100] batch [385/391] loss 0.7764 lr 0.016934406733817433 acc 78.91% eta 0:32:48
2023-04-07 16:12:44,237 - __main__ - INFO - Computing epoch 74 validation accuracy...
2023-04-07 16:12:49,483 - __main__ - INFO - Computing epoch 74 validation loss...
2023-04-07 16:12:55,090 - __main__ - INFO - [INFO] 2023-04-07 16:12:55.090124 Epoch [75/100] batch [1/391] loss 0.6411 lr 0.01577264470356558 acc 78.12% eta 0:31:54
2023-04-07 16:13:23,994 - __main__ - INFO - [INFO] 2023-04-07 16:13:23.994169 Epoch [75/100] batch [129/391] loss 0.6284 lr 0.01577264470356558 acc 78.91% eta 0:32:27
2023-04-07 16:13:52,636 - __main__ - INFO - [INFO] 2023-04-07 16:13:52.636588 Epoch [75/100] batch [257/391] loss 0.7583 lr 0.01577264470356558 acc 72.66% eta 0:31:52
2023-04-07 16:14:21,399 - __main__ - INFO - [INFO] 2023-04-07 16:14:21.399671 Epoch [75/100] batch [385/391] loss 0.9570 lr 0.01577264470356558 acc 71.09% eta 0:31:27
2023-04-07 16:14:22,786 - __main__ - INFO - Computing epoch 75 validation accuracy...
2023-04-07 16:14:28,102 - __main__ - INFO - Computing epoch 75 validation loss...
2023-04-07 16:14:33,680 - __main__ - INFO - [INFO] 2023-04-07 16:14:33.680600 Epoch [76/100] batch [1/391] loss 0.5874 lr 0.014644660940672643 acc 82.81% eta 0:30:56
2023-04-07 16:15:02,108 - __main__ - INFO - [INFO] 2023-04-07 16:15:02.108390 Epoch [76/100] batch [129/391] loss 0.7983 lr 0.014644660940672643 acc 78.91% eta 0:30:39
2023-04-07 16:15:30,960 - __main__ - INFO - [INFO] 2023-04-07 16:15:30.960040 Epoch [76/100] batch [257/391] loss 0.7075 lr 0.014644660940672643 acc 82.81% eta 0:30:27
2023-04-07 16:15:59,578 - __main__ - INFO - [INFO] 2023-04-07 16:15:59.578181 Epoch [76/100] batch [385/391] loss 0.9448 lr 0.014644660940672643 acc 73.44% eta 0:30:03
2023-04-07 16:16:00,908 - __main__ - INFO - Computing epoch 76 validation accuracy...
2023-04-07 16:16:06,179 - __main__ - INFO - Computing epoch 76 validation loss...
2023-04-07 16:16:11,719 - __main__ - INFO - [INFO] 2023-04-07 16:16:11.718991 Epoch [77/100] batch [1/391] loss 0.8452 lr 0.013551568628929448 acc 74.22% eta 0:29:58
2023-04-07 16:16:40,267 - __main__ - INFO - [INFO] 2023-04-07 16:16:40.266846 Epoch [77/100] batch [129/391] loss 0.6733 lr 0.013551568628929448 acc 83.59% eta 0:29:34
2023-04-07 16:17:08,874 - __main__ - INFO - [INFO] 2023-04-07 16:17:08.874236 Epoch [77/100] batch [257/391] loss 0.5312 lr 0.013551568628929448 acc 86.72% eta 0:29:08
2023-04-07 16:17:37,686 - __main__ - INFO - [INFO] 2023-04-07 16:17:37.685835 Epoch [77/100] batch [385/391] loss 0.7202 lr 0.013551568628929448 acc 74.22% eta 0:28:49
2023-04-07 16:17:38,992 - __main__ - INFO - Computing epoch 77 validation accuracy...
2023-04-07 16:17:44,197 - __main__ - INFO - Computing epoch 77 validation loss...
2023-04-07 16:17:49,965 - __main__ - INFO - [INFO] 2023-04-07 16:17:49.965173 Epoch [78/100] batch [1/391] loss 0.5747 lr 0.012494446518477033 acc 82.81% eta 0:33:33
2023-04-07 16:18:18,675 - __main__ - INFO - [INFO] 2023-04-07 16:18:18.675526 Epoch [78/100] batch [129/391] loss 0.8125 lr 0.012494446518477033 acc 75.78% eta 0:28:29
2023-04-07 16:18:47,103 - __main__ - INFO - [INFO] 2023-04-07 16:18:47.103198 Epoch [78/100] batch [257/391] loss 0.6069 lr 0.012494446518477033 acc 85.94% eta 0:27:56
2023-04-07 16:19:15,529 - __main__ - INFO - [INFO] 2023-04-07 16:19:15.529042 Epoch [78/100] batch [385/391] loss 0.6919 lr 0.012494446518477033 acc 83.59% eta 0:27:28
2023-04-07 16:19:16,871 - __main__ - INFO - Computing epoch 78 validation accuracy...
2023-04-07 16:19:22,095 - __main__ - INFO - Computing epoch 78 validation loss...
2023-04-07 16:19:27,820 - __main__ - INFO - [INFO] 2023-04-07 16:19:27.820364 Epoch [79/100] batch [1/391] loss 0.5693 lr 0.011474337861210555 acc 82.03% eta 0:25:17
2023-04-07 16:19:56,913 - __main__ - INFO - [INFO] 2023-04-07 16:19:56.913137 Epoch [79/100] batch [129/391] loss 0.6772 lr 0.011474337861210555 acc 81.25% eta 0:27:32
2023-04-07 16:20:25,889 - __main__ - INFO - [INFO] 2023-04-07 16:20:25.889751 Epoch [79/100] batch [257/391] loss 0.5854 lr 0.011474337861210555 acc 82.03% eta 0:27:05
2023-04-07 16:20:54,399 - __main__ - INFO - [INFO] 2023-04-07 16:20:54.399129 Epoch [79/100] batch [385/391] loss 0.6538 lr 0.011474337861210555 acc 81.25% eta 0:26:30
2023-04-07 16:20:55,699 - __main__ - INFO - Computing epoch 79 validation accuracy...
2023-04-07 16:21:01,067 - __main__ - INFO - Computing epoch 79 validation loss...
2023-04-07 16:21:06,585 - __main__ - INFO - [INFO] 2023-04-07 16:21:06.585348 Epoch [80/100] batch [1/391] loss 0.6460 lr 0.01049224938121549 acc 81.25% eta 0:27:15
2023-04-07 16:21:35,275 - __main__ - INFO - [INFO] 2023-04-07 16:21:35.274927 Epoch [80/100] batch [129/391] loss 0.6221 lr 0.01049224938121549 acc 82.03% eta 0:25:51
2023-04-07 16:22:03,895 - __main__ - INFO - [INFO] 2023-04-07 16:22:03.895293 Epoch [80/100] batch [257/391] loss 0.6172 lr 0.01049224938121549 acc 78.12% eta 0:25:25
2023-04-07 16:22:32,590 - __main__ - INFO - [INFO] 2023-04-07 16:22:32.590784 Epoch [80/100] batch [385/391] loss 0.5859 lr 0.01049224938121549 acc 82.81% eta 0:25:03
2023-04-07 16:22:33,888 - __main__ - INFO - Computing epoch 80 validation accuracy...
2023-04-07 16:22:39,076 - __main__ - INFO - Computing epoch 80 validation loss...
2023-04-07 16:22:44,633 - __main__ - INFO - [INFO] 2023-04-07 16:22:44.632980 Epoch [81/100] batch [1/391] loss 0.4805 lr 0.009549150281252642 acc 84.38% eta 0:26:38
2023-04-07 16:23:13,581 - __main__ - INFO - [INFO] 2023-04-07 16:23:13.581251 Epoch [81/100] batch [129/391] loss 0.4360 lr 0.009549150281252642 acc 89.06% eta 0:24:53
2023-04-07 16:23:42,274 - __main__ - INFO - [INFO] 2023-04-07 16:23:42.274668 Epoch [81/100] batch [257/391] loss 0.5894 lr 0.009549150281252642 acc 84.38% eta 0:24:21
2023-04-07 16:24:10,657 - __main__ - INFO - [INFO] 2023-04-07 16:24:10.657574 Epoch [81/100] batch [385/391] loss 0.7710 lr 0.009549150281252642 acc 79.69% eta 0:23:48
2023-04-07 16:24:11,975 - __main__ - INFO - Computing epoch 81 validation accuracy...
2023-04-07 16:24:17,199 - __main__ - INFO - Computing epoch 81 validation loss...
2023-04-07 16:24:22,730 - __main__ - INFO - [INFO] 2023-04-07 16:24:22.730692 Epoch [82/100] batch [1/391] loss 0.6172 lr 0.008645971286271922 acc 87.50% eta 0:25:24
2023-04-07 16:24:51,661 - __main__ - INFO - [INFO] 2023-04-07 16:24:51.661797 Epoch [82/100] batch [129/391] loss 0.4883 lr 0.008645971286271922 acc 88.28% eta 0:23:36
2023-04-07 16:25:20,448 - __main__ - INFO - [INFO] 2023-04-07 16:25:20.448772 Epoch [82/100] batch [257/391] loss 0.5835 lr 0.008645971286271922 acc 84.38% eta 0:23:08
2023-04-07 16:25:49,630 - __main__ - INFO - [INFO] 2023-04-07 16:25:49.630644 Epoch [82/100] batch [385/391] loss 0.6548 lr 0.008645971286271922 acc 85.94% eta 0:22:49
2023-04-07 16:25:50,947 - __main__ - INFO - Computing epoch 82 validation accuracy...
2023-04-07 16:25:56,163 - __main__ - INFO - Computing epoch 82 validation loss...
2023-04-07 16:26:01,619 - __main__ - INFO - [INFO] 2023-04-07 16:26:01.619774 Epoch [83/100] batch [1/391] loss 0.4250 lr 0.007783603724899264 acc 91.41% eta 0:20:24
2023-04-07 16:26:30,282 - __main__ - INFO - [INFO] 2023-04-07 16:26:30.282571 Epoch [83/100] batch [129/391] loss 0.5952 lr 0.007783603724899264 acc 85.94% eta 0:22:05
2023-04-07 16:26:59,006 - __main__ - INFO - [INFO] 2023-04-07 16:26:59.006556 Epoch [83/100] batch [257/391] loss 0.5049 lr 0.007783603724899264 acc 89.06% eta 0:21:43
2023-04-07 16:27:27,943 - __main__ - INFO - [INFO] 2023-04-07 16:27:27.943698 Epoch [83/100] batch [385/391] loss 0.5269 lr 0.007783603724899264 acc 85.16% eta 0:21:22
2023-04-07 16:27:29,276 - __main__ - INFO - Computing epoch 83 validation accuracy...
2023-04-07 16:27:34,381 - __main__ - INFO - Computing epoch 83 validation loss...
2023-04-07 16:27:40,001 - __main__ - INFO - [INFO] 2023-04-07 16:27:40.001497 Epoch [84/100] batch [1/391] loss 0.4727 lr 0.006962898649802819 acc 87.50% eta 0:22:56
2023-04-07 16:28:09,022 - __main__ - INFO - [INFO] 2023-04-07 16:28:09.022014 Epoch [84/100] batch [129/391] loss 0.4993 lr 0.006962898649802819 acc 88.28% eta 0:21:09
2023-04-07 16:28:37,966 - __main__ - INFO - [INFO] 2023-04-07 16:28:37.966132 Epoch [84/100] batch [257/391] loss 0.5283 lr 0.006962898649802819 acc 89.06% eta 0:20:42
2023-04-07 16:29:06,192 - __main__ - INFO - [INFO] 2023-04-07 16:29:06.192388 Epoch [84/100] batch [385/391] loss 0.5273 lr 0.006962898649802819 acc 89.84% eta 0:20:06
2023-04-07 16:29:07,576 - __main__ - INFO - Computing epoch 84 validation accuracy...
2023-04-07 16:29:12,798 - __main__ - INFO - Computing epoch 84 validation loss...
2023-04-07 16:29:18,434 - __main__ - INFO - [INFO] 2023-04-07 16:29:18.434530 Epoch [85/100] batch [1/391] loss 0.5337 lr 0.0061846659978068265 acc 87.50% eta 0:18:42
2023-04-07 16:29:47,014 - __main__ - INFO - [INFO] 2023-04-07 16:29:47.014351 Epoch [85/100] batch [129/391] loss 0.3840 lr 0.0061846659978068265 acc 93.75% eta 0:19:35
2023-04-07 16:30:16,024 - __main__ - INFO - [INFO] 2023-04-07 16:30:16.024310 Epoch [85/100] batch [257/391] loss 0.4180 lr 0.0061846659978068265 acc 92.19% eta 0:19:19
2023-04-07 16:30:45,059 - __main__ - INFO - [INFO] 2023-04-07 16:30:45.059240 Epoch [85/100] batch [385/391] loss 0.4714 lr 0.0061846659978068265 acc 87.50% eta 0:18:57
2023-04-07 16:30:46,381 - __main__ - INFO - Computing epoch 85 validation accuracy...
2023-04-07 16:30:51,730 - __main__ - INFO - Computing epoch 85 validation loss...
2023-04-07 16:30:57,271 - __main__ - INFO - [INFO] 2023-04-07 16:30:57.271050 Epoch [86/100] batch [1/391] loss 0.5371 lr 0.005449673790581615 acc 88.28% eta 0:19:58
2023-04-07 16:31:26,077 - __main__ - INFO - [INFO] 2023-04-07 16:31:26.077299 Epoch [86/100] batch [129/391] loss 0.5225 lr 0.005449673790581615 acc 87.50% eta 0:18:26
2023-04-07 16:31:54,962 - __main__ - INFO - [INFO] 2023-04-07 16:31:54.962194 Epoch [86/100] batch [257/391] loss 0.4236 lr 0.005449673790581615 acc 91.41% eta 0:18:04
2023-04-07 16:32:23,705 - __main__ - INFO - [INFO] 2023-04-07 16:32:23.705264 Epoch [86/100] batch [385/391] loss 0.4294 lr 0.005449673790581615 acc 89.84% eta 0:17:37
2023-04-07 16:32:25,022 - __main__ - INFO - Computing epoch 86 validation accuracy...
2023-04-07 16:32:30,307 - __main__ - INFO - Computing epoch 86 validation loss...
2023-04-07 16:32:35,931 - __main__ - INFO - [INFO] 2023-04-07 16:32:35.931486 Epoch [87/100] batch [1/391] loss 0.3967 lr 0.004758647376699036 acc 90.62% eta 0:19:25
2023-04-07 16:33:05,238 - __main__ - INFO - [INFO] 2023-04-07 16:33:05.238156 Epoch [87/100] batch [129/391] loss 0.4443 lr 0.004758647376699036 acc 89.84% eta 0:17:31
2023-04-07 16:33:33,850 - __main__ - INFO - [INFO] 2023-04-07 16:33:33.850601 Epoch [87/100] batch [257/391] loss 0.4167 lr 0.004758647376699036 acc 87.50% eta 0:16:52
2023-04-07 16:34:02,768 - __main__ - INFO - [INFO] 2023-04-07 16:34:02.768186 Epoch [87/100] batch [385/391] loss 0.3525 lr 0.004758647376699036 acc 93.75% eta 0:16:27
2023-04-07 16:34:04,121 - __main__ - INFO - Computing epoch 87 validation accuracy...
2023-04-07 16:34:09,411 - __main__ - INFO - Computing epoch 87 validation loss...
2023-04-07 16:34:15,118 - __main__ - INFO - [INFO] 2023-04-07 16:34:15.117855 Epoch [88/100] batch [1/391] loss 0.4744 lr 0.004112268715800957 acc 87.50% eta 0:17:50
2023-04-07 16:34:44,400 - __main__ - INFO - [INFO] 2023-04-07 16:34:44.399816 Epoch [88/100] batch [129/391] loss 0.3108 lr 0.004112268715800957 acc 92.19% eta 0:16:12
2023-04-07 16:35:13,480 - __main__ - INFO - [INFO] 2023-04-07 16:35:13.480165 Epoch [88/100] batch [257/391] loss 0.3467 lr 0.004112268715800957 acc 91.41% eta 0:15:43
2023-04-07 16:35:42,675 - __main__ - INFO - [INFO] 2023-04-07 16:35:42.675038 Epoch [88/100] batch [385/391] loss 0.4250 lr 0.004112268715800957 acc 91.41% eta 0:15:19
2023-04-07 16:35:43,974 - __main__ - INFO - Computing epoch 88 validation accuracy...
2023-04-07 16:35:49,263 - __main__ - INFO - Computing epoch 88 validation loss...
2023-04-07 16:35:54,853 - __main__ - INFO - [INFO] 2023-04-07 16:35:54.852899 Epoch [89/100] batch [1/391] loss 0.2427 lr 0.003511175705587435 acc 94.53% eta 0:14:16
2023-04-07 16:36:23,626 - __main__ - INFO - [INFO] 2023-04-07 16:36:23.626572 Epoch [89/100] batch [129/391] loss 0.3499 lr 0.003511175705587435 acc 90.62% eta 0:14:40
2023-04-07 16:36:52,491 - __main__ - INFO - [INFO] 2023-04-07 16:36:52.491531 Epoch [89/100] batch [257/391] loss 0.4238 lr 0.003511175705587435 acc 89.84% eta 0:14:17
2023-04-07 16:37:21,388 - __main__ - INFO - [INFO] 2023-04-07 16:37:21.388497 Epoch [89/100] batch [385/391] loss 0.3201 lr 0.003511175705587435 acc 91.41% eta 0:13:53
2023-04-07 16:37:22,734 - __main__ - INFO - Computing epoch 89 validation accuracy...
2023-04-07 16:37:28,087 - __main__ - INFO - Computing epoch 89 validation loss...
2023-04-07 16:37:33,875 - __main__ - INFO - [INFO] 2023-04-07 16:37:33.875531 Epoch [90/100] batch [1/391] loss 0.3635 lr 0.0029559615522887295 acc 92.19% eta 0:15:19
2023-04-07 16:38:02,723 - __main__ - INFO - [INFO] 2023-04-07 16:38:02.723578 Epoch [90/100] batch [129/391] loss 0.2717 lr 0.0029559615522887295 acc 96.09% eta 0:13:28
2023-04-07 16:38:31,799 - __main__ - INFO - [INFO] 2023-04-07 16:38:31.799735 Epoch [90/100] batch [257/391] loss 0.3398 lr 0.0029559615522887295 acc 92.19% eta 0:13:04
2023-04-07 16:39:00,566 - __main__ - INFO - [INFO] 2023-04-07 16:39:00.566271 Epoch [90/100] batch [385/391] loss 0.4006 lr 0.0029559615522887295 acc 90.62% eta 0:12:38
2023-04-07 16:39:01,894 - __main__ - INFO - Computing epoch 90 validation accuracy...
2023-04-07 16:39:07,123 - __main__ - INFO - Computing epoch 90 validation loss...
2023-04-07 16:39:12,805 - __main__ - INFO - [INFO] 2023-04-07 16:39:12.805406 Epoch [91/100] batch [1/391] loss 0.3342 lr 0.0024471741852423253 acc 91.41% eta 0:13:38
2023-04-07 16:39:41,826 - __main__ - INFO - [INFO] 2023-04-07 16:39:41.826673 Epoch [91/100] batch [129/391] loss 0.3867 lr 0.0024471741852423253 acc 90.62% eta 0:12:16
2023-04-07 16:40:10,537 - __main__ - INFO - [INFO] 2023-04-07 16:40:10.536898 Epoch [91/100] batch [257/391] loss 0.2499 lr 0.0024471741852423253 acc 96.09% eta 0:11:47
2023-04-07 16:40:39,282 - __main__ - INFO - [INFO] 2023-04-07 16:40:39.282525 Epoch [91/100] batch [385/391] loss 0.2817 lr 0.0024471741852423253 acc 94.53% eta 0:11:21
2023-04-07 16:40:40,547 - __main__ - INFO - Computing epoch 91 validation accuracy...
2023-04-07 16:40:45,869 - __main__ - INFO - Computing epoch 91 validation loss...
2023-04-07 16:40:51,572 - __main__ - INFO - [INFO] 2023-04-07 16:40:51.572682 Epoch [92/100] batch [1/391] loss 0.2610 lr 0.0019853157161528537 acc 94.53% eta 0:11:39
2023-04-07 16:41:20,468 - __main__ - INFO - [INFO] 2023-04-07 16:41:20.468377 Epoch [92/100] batch [129/391] loss 0.2041 lr 0.0019853157161528537 acc 96.09% eta 0:10:57
2023-04-07 16:41:49,236 - __main__ - INFO - [INFO] 2023-04-07 16:41:49.236518 Epoch [92/100] batch [257/391] loss 0.3142 lr 0.0019853157161528537 acc 87.50% eta 0:10:31
2023-04-07 16:42:19,372 - __main__ - INFO - [INFO] 2023-04-07 16:42:19.372240 Epoch [92/100] batch [385/391] loss 0.1646 lr 0.0019853157161528537 acc 96.09% eta 0:10:14
2023-04-07 16:42:20,723 - __main__ - INFO - Computing epoch 92 validation accuracy...
2023-04-07 16:42:25,920 - __main__ - INFO - Computing epoch 92 validation loss...
2023-04-07 16:42:32,066 - __main__ - INFO - [INFO] 2023-04-07 16:42:32.065971 Epoch [93/100] batch [1/391] loss 0.2002 lr 0.0015708419435684529 acc 95.31% eta 0:10:28
2023-04-07 16:43:01,285 - __main__ - INFO - [INFO] 2023-04-07 16:43:01.284949 Epoch [93/100] batch [129/391] loss 0.2639 lr 0.0015708419435684529 acc 94.53% eta 0:09:45
2023-04-07 16:43:30,303 - __main__ - INFO - [INFO] 2023-04-07 16:43:30.303740 Epoch [93/100] batch [257/391] loss 0.2878 lr 0.0015708419435684529 acc 89.84% eta 0:09:19
2023-04-07 16:43:59,139 - __main__ - INFO - [INFO] 2023-04-07 16:43:59.139478 Epoch [93/100] batch [385/391] loss 0.2771 lr 0.0015708419435684529 acc 93.75% eta 0:08:52
2023-04-07 16:44:00,450 - __main__ - INFO - Computing epoch 93 validation accuracy...
2023-04-07 16:44:05,782 - __main__ - INFO - Computing epoch 93 validation loss...
2023-04-07 16:44:11,621 - __main__ - INFO - [INFO] 2023-04-07 16:44:11.621685 Epoch [94/100] batch [1/391] loss 0.3347 lr 0.0012041619030626347 acc 94.53% eta 0:09:51
2023-04-07 16:44:40,485 - __main__ - INFO - [INFO] 2023-04-07 16:44:40.485389 Epoch [94/100] batch [129/391] loss 0.1826 lr 0.0012041619030626347 acc 96.88% eta 0:08:25
2023-04-07 16:45:09,745 - __main__ - INFO - [INFO] 2023-04-07 16:45:09.744695 Epoch [94/100] batch [257/391] loss 0.3130 lr 0.0012041619030626347 acc 92.19% eta 0:08:02
2023-04-07 16:45:38,296 - __main__ - INFO - [INFO] 2023-04-07 16:45:38.296356 Epoch [94/100] batch [385/391] loss 0.2527 lr 0.0012041619030626347 acc 92.97% eta 0:07:34
2023-04-07 16:45:39,604 - __main__ - INFO - Computing epoch 94 validation accuracy...
2023-04-07 16:45:45,194 - __main__ - INFO - Computing epoch 94 validation loss...
2023-04-07 16:45:50,653 - __main__ - INFO - [INFO] 2023-04-07 16:45:50.653644 Epoch [95/100] batch [1/391] loss 0.1431 lr 0.0008856374635655646 acc 98.44% eta 0:07:53
2023-04-07 16:46:19,455 - __main__ - INFO - [INFO] 2023-04-07 16:46:19.455517 Epoch [95/100] batch [129/391] loss 0.2057 lr 0.0008856374635655646 acc 97.66% eta 0:07:08
2023-04-07 16:46:48,426 - __main__ - INFO - [INFO] 2023-04-07 16:46:48.426114 Epoch [95/100] batch [257/391] loss 0.2632 lr 0.0008856374635655646 acc 96.09% eta 0:06:44
2023-04-07 16:47:17,661 - __main__ - INFO - [INFO] 2023-04-07 16:47:17.661602 Epoch [95/100] batch [385/391] loss 0.1637 lr 0.0008856374635655646 acc 98.44% eta 0:06:20
2023-04-07 16:47:19,041 - __main__ - INFO - Computing epoch 95 validation accuracy...
2023-04-07 16:47:24,440 - __main__ - INFO - Computing epoch 95 validation loss...
2023-04-07 16:47:30,060 - __main__ - INFO - [INFO] 2023-04-07 16:47:30.060504 Epoch [96/100] batch [1/391] loss 0.1802 lr 0.0006155829702431174 acc 96.88% eta 0:05:37
2023-04-07 16:47:58,830 - __main__ - INFO - [INFO] 2023-04-07 16:47:58.830761 Epoch [96/100] batch [129/391] loss 0.2291 lr 0.0006155829702431174 acc 96.88% eta 0:05:50
2023-04-07 16:48:28,717 - __main__ - INFO - [INFO] 2023-04-07 16:48:28.716783 Epoch [96/100] batch [257/391] loss 0.3062 lr 0.0006155829702431174 acc 91.41% eta 0:05:32
2023-04-07 16:48:58,582 - __main__ - INFO - [INFO] 2023-04-07 16:48:58.582141 Epoch [96/100] batch [385/391] loss 0.3088 lr 0.0006155829702431174 acc 91.41% eta 0:05:09
2023-04-07 16:49:00,057 - __main__ - INFO - Computing epoch 96 validation accuracy...
2023-04-07 16:49:05,478 - __main__ - INFO - Computing epoch 96 validation loss...
2023-04-07 16:49:11,017 - __main__ - INFO - [INFO] 2023-04-07 16:49:11.017070 Epoch [97/100] batch [1/391] loss 0.1880 lr 0.00039426493427611206 acc 96.09% eta 0:05:32
2023-04-07 16:49:39,844 - __main__ - INFO - [INFO] 2023-04-07 16:49:39.843967 Epoch [97/100] batch [129/391] loss 0.2355 lr 0.00039426493427611206 acc 92.19% eta 0:04:37
2023-04-07 16:50:08,507 - __main__ - INFO - [INFO] 2023-04-07 16:50:08.507590 Epoch [97/100] batch [257/391] loss 0.2244 lr 0.00039426493427611206 acc 95.31% eta 0:04:11
2023-04-07 16:50:37,327 - __main__ - INFO - [INFO] 2023-04-07 16:50:37.327579 Epoch [97/100] batch [385/391] loss 0.2141 lr 0.00039426493427611206 acc 95.31% eta 0:03:46
2023-04-07 16:50:38,648 - __main__ - INFO - Computing epoch 97 validation accuracy...
2023-04-07 16:50:44,134 - __main__ - INFO - Computing epoch 97 validation loss...
2023-04-07 16:50:49,721 - __main__ - INFO - [INFO] 2023-04-07 16:50:49.721000 Epoch [98/100] batch [1/391] loss 0.1746 lr 0.00022190176984600036 acc 96.09% eta 0:04:07
2023-04-07 16:51:18,451 - __main__ - INFO - [INFO] 2023-04-07 16:51:18.451162 Epoch [98/100] batch [129/391] loss 0.2155 lr 0.00022190176984600036 acc 93.75% eta 0:03:21
2023-04-07 16:51:47,518 - __main__ - INFO - [INFO] 2023-04-07 16:51:47.518295 Epoch [98/100] batch [257/391] loss 0.1603 lr 0.00022190176984600036 acc 96.09% eta 0:02:57
2023-04-07 16:52:16,464 - __main__ - INFO - [INFO] 2023-04-07 16:52:16.464404 Epoch [98/100] batch [385/391] loss 0.1874 lr 0.00022190176984600036 acc 96.09% eta 0:02:32
2023-04-07 16:52:17,786 - __main__ - INFO - Computing epoch 98 validation accuracy...
2023-04-07 16:52:23,005 - __main__ - INFO - Computing epoch 98 validation loss...
2023-04-07 16:52:28,647 - __main__ - INFO - [INFO] 2023-04-07 16:52:28.647440 Epoch [99/100] batch [1/391] loss 0.2524 lr 9.866357858642213e-05 acc 93.75% eta 0:02:44
2023-04-07 16:52:57,621 - __main__ - INFO - [INFO] 2023-04-07 16:52:57.621145 Epoch [99/100] batch [129/391] loss 0.2018 lr 9.866357858642213e-05 acc 93.75% eta 0:02:06
2023-04-07 16:53:27,520 - __main__ - INFO - [INFO] 2023-04-07 16:53:27.519872 Epoch [99/100] batch [257/391] loss 0.2120 lr 9.866357858642213e-05 acc 93.75% eta 0:01:43
2023-04-07 16:53:56,941 - __main__ - INFO - [INFO] 2023-04-07 16:53:56.941660 Epoch [99/100] batch [385/391] loss 0.2183 lr 9.866357858642213e-05 acc 96.09% eta 0:01:18
2023-04-07 16:53:58,423 - __main__ - INFO - Computing epoch 99 validation accuracy...
2023-04-07 16:54:04,499 - __main__ - INFO - Computing epoch 99 validation loss...
2023-04-07 16:54:10,288 - __main__ - INFO - [INFO] 2023-04-07 16:54:10.288480 Epoch [100/100] batch [1/391] loss 0.2537 lr 2.4671981713420017e-05 acc 95.31% eta 0:01:20
2023-04-07 16:54:39,160 - __main__ - INFO - [INFO] 2023-04-07 16:54:39.160749 Epoch [100/100] batch [129/391] loss 0.2642 lr 2.4671981713420017e-05 acc 93.75% eta 0:00:50
2023-04-07 16:55:07,705 - __main__ - INFO - [INFO] 2023-04-07 16:55:07.705659 Epoch [100/100] batch [257/391] loss 0.1907 lr 2.4671981713420017e-05 acc 96.88% eta 0:00:25
2023-04-07 16:55:36,371 - __main__ - INFO - [INFO] 2023-04-07 16:55:36.370993 Epoch [100/100] batch [385/391] loss 0.2391 lr 2.4671981713420017e-05 acc 96.09% eta 0:00:01
2023-04-07 16:55:37,688 - __main__ - INFO - Computing epoch 100 validation accuracy...
2023-04-07 16:55:43,142 - __main__ - INFO - Computing epoch 100 validation loss...
2023-04-07 16:55:48,605 - __main__ - INFO - Reading testing data set cifar100
2023-04-07 16:55:49,380 - __main__ - INFO - Loading trained model...
2023-04-07 16:55:55,602 - __main__ - INFO - Testing acc : 72.47%.
