2023-04-07 17:33:50,796 - __main__ - INFO - 

2023-04-07 17:33:50,796 - __main__ - INFO - ***************
2023-04-07 17:33:50,796 - __main__ - INFO - ** Arguments **
2023-04-07 17:33:50,796 - __main__ - INFO - ***************
2023-04-07 17:33:50,796 - __main__ - INFO - backbone: densenet100
2023-04-07 17:33:50,796 - __main__ - INFO - dataname: cifar100
2023-04-07 17:33:50,796 - __main__ - INFO - drop_method: fd
2023-04-07 17:33:50,796 - __main__ - INFO - drop_rate: 0.0
2023-04-07 17:33:50,796 - __main__ - INFO - eval_only: 0
2023-04-07 17:33:50,796 - __main__ - INFO - output_path: checkpoints/cifar100/densenet100/drop_fd/rate_0./seed2
2023-04-07 17:33:50,797 - __main__ - INFO - part_rate: 0.1
2023-04-07 17:33:50,797 - __main__ - INFO - seed: 2
2023-04-07 17:33:50,797 - __main__ - INFO - weight_decay: 0.0005
2023-04-07 17:33:50,797 - __main__ - INFO - ************
2023-04-07 17:33:50,797 - __main__ - INFO - ** Config **
2023-04-07 17:33:50,797 - __main__ - INFO - ************
2023-04-07 17:33:50,797 - __main__ - INFO - {'DATALOADER': {'PATH': './data', 'DATANAME': 'cifar100', 'BATCH_SIZE': 128, 'NUM_CLASSES': 100}, 'INPUT': {'SIZE': [32, 32], 'PIXEL_MEAN': [0.4914, 0.4822, 0.4465], 'PIXEL_STD': [0.2023, 0.1994, 0.201]}, 'OUTPUT': {'DIR': 'checkpoints/cifar100/densenet100/drop_fd/rate_0./seed2'}, 'SEED': 2, 'OPTIM': {'LR': 0.1, 'MAX_EPOCH': 100, 'LR_SCHEDULER': 'step', 'LR_MILESTONES': [20, 40, 80, 120, 140], 'LR_DECAY': 0.2, 'PART_RATE': 0.1, 'WEIGHT_DECAY': 0.0005, 'DROP_RATE': 0.0, 'DROP_METHOD': 'fd', 'BLOCK_SIZE': 7}, 'MODEL': {'BACKBONE': 'densenet100'}}
2023-04-07 17:33:50,819 - __main__ - INFO - Reading training data set cifar100
2023-04-07 17:33:52,876 - __main__ - INFO - Loading raw model
2023-04-07 17:33:56,977 - __main__ - INFO - 
Saving everything to checkpoints/cifar100/densenet100/drop_fd/rate_0./seed2
2023-04-07 17:33:56,978 - __main__ - INFO - Start training...
2023-04-07 17:34:03,123 - __main__ - INFO - [INFO] 2023-04-07 17:34:03.123799 Epoch [1/100] batch [1/391] loss 4.6406 lr 0.1 acc 3.12% eta 2 days, 18:02:36
2023-04-07 17:34:42,343 - __main__ - INFO - [INFO] 2023-04-07 17:34:42.343026 Epoch [1/100] batch [129/391] loss 4.0312 lr 0.1 acc 9.38% eta 3:10:32
2023-04-07 17:35:21,625 - __main__ - INFO - [INFO] 2023-04-07 17:35:21.625328 Epoch [1/100] batch [257/391] loss 3.7227 lr 0.1 acc 14.84% eta 2:55:37
2023-04-07 17:36:01,351 - __main__ - INFO - [INFO] 2023-04-07 17:36:01.351651 Epoch [1/100] batch [385/391] loss 3.5684 lr 0.1 acc 15.62% eta 2:50:36
2023-04-07 17:36:03,292 - __main__ - INFO - Computing epoch 1 validation accuracy...
2023-04-07 17:36:10,764 - __main__ - INFO - Computing epoch 1 validation loss...
2023-04-07 17:36:18,422 - __main__ - INFO - [INFO] 2023-04-07 17:36:18.422552 Epoch [2/100] batch [1/391] loss 3.8691 lr 0.09997532801828658 acc 16.41% eta 2:43:09
2023-04-07 17:36:58,294 - __main__ - INFO - [INFO] 2023-04-07 17:36:58.294055 Epoch [2/100] batch [129/391] loss 3.2305 lr 0.09997532801828658 acc 14.06% eta 2:41:46
2023-04-07 17:37:37,847 - __main__ - INFO - [INFO] 2023-04-07 17:37:37.847526 Epoch [2/100] batch [257/391] loss 3.2656 lr 0.09997532801828658 acc 21.09% eta 2:40:29
2023-04-07 17:38:17,724 - __main__ - INFO - [INFO] 2023-04-07 17:38:17.724425 Epoch [2/100] batch [385/391] loss 2.9883 lr 0.09997532801828658 acc 26.56% eta 2:40:35
2023-04-07 17:38:19,550 - __main__ - INFO - Computing epoch 2 validation accuracy...
2023-04-07 17:38:27,083 - __main__ - INFO - Computing epoch 2 validation loss...
2023-04-07 17:38:34,807 - __main__ - INFO - [INFO] 2023-04-07 17:38:34.807374 Epoch [3/100] batch [1/391] loss 2.8848 lr 0.09990133642141358 acc 28.12% eta 2:46:15
2023-04-07 17:39:14,607 - __main__ - INFO - [INFO] 2023-04-07 17:39:14.607478 Epoch [3/100] batch [129/391] loss 3.1113 lr 0.09990133642141358 acc 25.00% eta 2:40:12
2023-04-07 17:39:54,064 - __main__ - INFO - [INFO] 2023-04-07 17:39:54.064339 Epoch [3/100] batch [257/391] loss 3.0293 lr 0.09990133642141358 acc 25.00% eta 2:39:05
2023-04-07 17:40:33,810 - __main__ - INFO - [INFO] 2023-04-07 17:40:33.810645 Epoch [3/100] batch [385/391] loss 2.7402 lr 0.09990133642141358 acc 37.50% eta 2:38:28
2023-04-07 17:40:35,520 - __main__ - INFO - Computing epoch 3 validation accuracy...
2023-04-07 17:40:42,789 - __main__ - INFO - Computing epoch 3 validation loss...
2023-04-07 17:40:50,503 - __main__ - INFO - [INFO] 2023-04-07 17:40:50.503386 Epoch [4/100] batch [1/391] loss 2.4180 lr 0.099778098230154 acc 36.72% eta 2:50:40
2023-04-07 17:41:30,534 - __main__ - INFO - [INFO] 2023-04-07 17:41:30.533937 Epoch [4/100] batch [129/391] loss 2.5781 lr 0.099778098230154 acc 32.81% eta 2:40:14
2023-04-07 17:42:10,312 - __main__ - INFO - [INFO] 2023-04-07 17:42:10.311871 Epoch [4/100] batch [257/391] loss 2.3281 lr 0.099778098230154 acc 39.06% eta 2:38:56
2023-04-07 17:42:49,601 - __main__ - INFO - [INFO] 2023-04-07 17:42:49.601193 Epoch [4/100] batch [385/391] loss 2.6094 lr 0.099778098230154 acc 35.16% eta 2:37:25
2023-04-07 17:42:51,496 - __main__ - INFO - Computing epoch 4 validation accuracy...
2023-04-07 17:42:59,289 - __main__ - INFO - Computing epoch 4 validation loss...
2023-04-07 17:43:06,873 - __main__ - INFO - [INFO] 2023-04-07 17:43:06.873206 Epoch [5/100] batch [1/391] loss 2.4336 lr 0.0996057350657239 acc 35.16% eta 2:05:35
2023-04-07 17:43:46,339 - __main__ - INFO - [INFO] 2023-04-07 17:43:46.339735 Epoch [5/100] batch [129/391] loss 2.3477 lr 0.0996057350657239 acc 33.59% eta 2:35:58
2023-04-07 17:44:25,489 - __main__ - INFO - [INFO] 2023-04-07 17:44:25.489802 Epoch [5/100] batch [257/391] loss 2.0762 lr 0.0996057350657239 acc 44.53% eta 2:34:45
2023-04-07 17:45:05,267 - __main__ - INFO - [INFO] 2023-04-07 17:45:05.267458 Epoch [5/100] batch [385/391] loss 2.1328 lr 0.0996057350657239 acc 46.88% eta 2:34:30
2023-04-07 17:45:07,113 - __main__ - INFO - Computing epoch 5 validation accuracy...
2023-04-07 17:45:14,195 - __main__ - INFO - Computing epoch 5 validation loss...
2023-04-07 17:45:21,895 - __main__ - INFO - [INFO] 2023-04-07 17:45:21.895097 Epoch [6/100] batch [1/391] loss 2.1328 lr 0.09938441702975688 acc 48.44% eta 2:50:03
2023-04-07 17:46:02,650 - __main__ - INFO - [INFO] 2023-04-07 17:46:02.650609 Epoch [6/100] batch [129/391] loss 2.3418 lr 0.09938441702975688 acc 43.75% eta 2:39:37
2023-04-07 17:46:42,114 - __main__ - INFO - [INFO] 2023-04-07 17:46:42.114230 Epoch [6/100] batch [257/391] loss 2.1445 lr 0.09938441702975688 acc 47.66% eta 2:36:48
2023-04-07 17:47:21,582 - __main__ - INFO - [INFO] 2023-04-07 17:47:21.582370 Epoch [6/100] batch [385/391] loss 2.1465 lr 0.09938441702975688 acc 42.97% eta 2:34:53
2023-04-07 17:47:23,311 - __main__ - INFO - Computing epoch 6 validation accuracy...
2023-04-07 17:47:30,799 - __main__ - INFO - Computing epoch 6 validation loss...
2023-04-07 17:47:38,481 - __main__ - INFO - [INFO] 2023-04-07 17:47:38.481648 Epoch [7/100] batch [1/391] loss 3.0195 lr 0.09911436253643444 acc 35.94% eta 2:38:34
2023-04-07 17:48:18,015 - __main__ - INFO - [INFO] 2023-04-07 17:48:18.015141 Epoch [7/100] batch [129/391] loss 2.0352 lr 0.09911436253643444 acc 44.53% eta 2:33:24
2023-04-07 17:48:56,928 - __main__ - INFO - [INFO] 2023-04-07 17:48:56.927919 Epoch [7/100] batch [257/391] loss 1.9697 lr 0.09911436253643444 acc 45.31% eta 2:31:23
2023-04-07 17:49:36,854 - __main__ - INFO - [INFO] 2023-04-07 17:49:36.854258 Epoch [7/100] batch [385/391] loss 1.9941 lr 0.09911436253643444 acc 47.66% eta 2:31:27
2023-04-07 17:49:38,729 - __main__ - INFO - Computing epoch 7 validation accuracy...
2023-04-07 17:49:46,151 - __main__ - INFO - Computing epoch 7 validation loss...
2023-04-07 17:49:53,566 - __main__ - INFO - [INFO] 2023-04-07 17:49:53.566355 Epoch [8/100] batch [1/391] loss 1.6826 lr 0.09879583809693737 acc 51.56% eta 2:40:16
2023-04-07 17:50:33,457 - __main__ - INFO - [INFO] 2023-04-07 17:50:33.457158 Epoch [8/100] batch [129/391] loss 1.7793 lr 0.09879583809693737 acc 52.34% eta 2:32:34
2023-04-07 17:51:14,828 - __main__ - INFO - [INFO] 2023-04-07 17:51:14.828088 Epoch [8/100] batch [257/391] loss 1.9229 lr 0.09879583809693737 acc 50.78% eta 2:34:55
2023-04-07 17:51:54,139 - __main__ - INFO - [INFO] 2023-04-07 17:51:54.139483 Epoch [8/100] batch [385/391] loss 1.9141 lr 0.09879583809693737 acc 50.00% eta 2:32:20
2023-04-07 17:51:55,919 - __main__ - INFO - Computing epoch 8 validation accuracy...
2023-04-07 17:52:03,235 - __main__ - INFO - Computing epoch 8 validation loss...
2023-04-07 17:52:10,958 - __main__ - INFO - [INFO] 2023-04-07 17:52:10.958513 Epoch [9/100] batch [1/391] loss 2.9395 lr 0.09842915805643156 acc 41.41% eta 2:42:04
2023-04-07 17:52:50,518 - __main__ - INFO - [INFO] 2023-04-07 17:52:50.516724 Epoch [9/100] batch [129/391] loss 1.7168 lr 0.09842915805643156 acc 51.56% eta 2:30:26
2023-04-07 17:53:30,253 - __main__ - INFO - [INFO] 2023-04-07 17:53:30.253189 Epoch [9/100] batch [257/391] loss 2.0293 lr 0.09842915805643156 acc 41.41% eta 2:29:37
2023-04-07 17:54:09,971 - __main__ - INFO - [INFO] 2023-04-07 17:54:09.971421 Epoch [9/100] batch [385/391] loss 1.8096 lr 0.09842915805643156 acc 47.66% eta 2:28:52
2023-04-07 17:54:11,799 - __main__ - INFO - Computing epoch 9 validation accuracy...
2023-04-07 17:54:19,290 - __main__ - INFO - Computing epoch 9 validation loss...
2023-04-07 17:54:26,804 - __main__ - INFO - [INFO] 2023-04-07 17:54:26.804714 Epoch [10/100] batch [1/391] loss 1.7070 lr 0.09801468428384716 acc 53.12% eta 2:22:26
2023-04-07 17:55:06,317 - __main__ - INFO - [INFO] 2023-04-07 17:55:06.317539 Epoch [10/100] batch [129/391] loss 1.7461 lr 0.09801468428384716 acc 53.91% eta 2:28:44
2023-04-07 17:55:45,965 - __main__ - INFO - [INFO] 2023-04-07 17:55:45.965783 Epoch [10/100] batch [257/391] loss 1.6611 lr 0.09801468428384716 acc 57.81% eta 2:27:23
2023-04-07 17:56:25,090 - __main__ - INFO - [INFO] 2023-04-07 17:56:25.089859 Epoch [10/100] batch [385/391] loss 1.8857 lr 0.09801468428384716 acc 53.91% eta 2:26:32
2023-04-07 17:56:26,919 - __main__ - INFO - Computing epoch 10 validation accuracy...
2023-04-07 17:56:34,253 - __main__ - INFO - Computing epoch 10 validation loss...
2023-04-07 17:56:42,025 - __main__ - INFO - [INFO] 2023-04-07 17:56:42.025059 Epoch [11/100] batch [1/391] loss 1.5127 lr 0.09755282581475769 acc 54.69% eta 2:22:20
2023-04-07 17:57:21,837 - __main__ - INFO - [INFO] 2023-04-07 17:57:21.837137 Epoch [11/100] batch [129/391] loss 1.8623 lr 0.09755282581475769 acc 57.81% eta 2:27:14
2023-04-07 17:58:01,561 - __main__ - INFO - [INFO] 2023-04-07 17:58:01.561078 Epoch [11/100] batch [257/391] loss 1.7930 lr 0.09755282581475769 acc 57.03% eta 2:25:54
2023-04-07 17:58:40,412 - __main__ - INFO - [INFO] 2023-04-07 17:58:40.412187 Epoch [11/100] batch [385/391] loss 1.6299 lr 0.09755282581475769 acc 52.34% eta 2:24:30
2023-04-07 17:58:42,205 - __main__ - INFO - Computing epoch 11 validation accuracy...
2023-04-07 17:58:49,590 - __main__ - INFO - Computing epoch 11 validation loss...
2023-04-07 17:58:57,256 - __main__ - INFO - [INFO] 2023-04-07 17:58:57.256658 Epoch [12/100] batch [1/391] loss 1.5098 lr 0.09704403844771128 acc 62.50% eta 2:15:07
2023-04-07 17:59:36,500 - __main__ - INFO - [INFO] 2023-04-07 17:59:36.499988 Epoch [12/100] batch [129/391] loss 1.5869 lr 0.09704403844771128 acc 53.91% eta 2:23:46
2023-04-07 18:00:15,591 - __main__ - INFO - [INFO] 2023-04-07 18:00:15.591494 Epoch [12/100] batch [257/391] loss 1.7637 lr 0.09704403844771128 acc 53.91% eta 2:22:17
2023-04-07 18:00:54,604 - __main__ - INFO - [INFO] 2023-04-07 18:00:54.604100 Epoch [12/100] batch [385/391] loss 1.7744 lr 0.09704403844771128 acc 48.44% eta 2:21:40
2023-04-07 18:00:56,375 - __main__ - INFO - Computing epoch 12 validation accuracy...
2023-04-07 18:01:03,703 - __main__ - INFO - Computing epoch 12 validation loss...
2023-04-07 18:01:11,381 - __main__ - INFO - [INFO] 2023-04-07 18:01:11.381742 Epoch [13/100] batch [1/391] loss 2.6133 lr 0.09648882429441258 acc 58.59% eta 2:44:12
2023-04-07 18:01:50,964 - __main__ - INFO - [INFO] 2023-04-07 18:01:50.964590 Epoch [13/100] batch [129/391] loss 1.7070 lr 0.09648882429441258 acc 49.22% eta 2:22:41
2023-04-07 18:02:30,754 - __main__ - INFO - [INFO] 2023-04-07 18:02:30.754055 Epoch [13/100] batch [257/391] loss 1.6592 lr 0.09648882429441258 acc 55.47% eta 2:22:12
2023-04-07 18:03:10,265 - __main__ - INFO - [INFO] 2023-04-07 18:03:10.265189 Epoch [13/100] batch [385/391] loss 1.6953 lr 0.09648882429441258 acc 50.00% eta 2:21:18
2023-04-07 18:03:12,066 - __main__ - INFO - Computing epoch 13 validation accuracy...
2023-04-07 18:03:19,298 - __main__ - INFO - Computing epoch 13 validation loss...
2023-04-07 18:03:27,060 - __main__ - INFO - [INFO] 2023-04-07 18:03:27.060749 Epoch [14/100] batch [1/391] loss 2.6270 lr 0.09588773128419906 acc 46.09% eta 2:31:56
2023-04-07 18:04:06,131 - __main__ - INFO - [INFO] 2023-04-07 18:04:06.131393 Epoch [14/100] batch [129/391] loss 1.1504 lr 0.09588773128419906 acc 66.41% eta 2:20:13
2023-04-07 18:04:45,365 - __main__ - INFO - [INFO] 2023-04-07 18:04:45.365280 Epoch [14/100] batch [257/391] loss 1.3955 lr 0.09588773128419906 acc 57.03% eta 2:19:26
2023-04-07 18:05:24,981 - __main__ - INFO - [INFO] 2023-04-07 18:05:24.981079 Epoch [14/100] batch [385/391] loss 1.4014 lr 0.09588773128419906 acc 61.72% eta 2:19:13
2023-04-07 18:05:26,677 - __main__ - INFO - Computing epoch 14 validation accuracy...
2023-04-07 18:05:33,990 - __main__ - INFO - Computing epoch 14 validation loss...
2023-04-07 18:05:41,644 - __main__ - INFO - [INFO] 2023-04-07 18:05:41.644393 Epoch [15/100] batch [1/391] loss 1.3467 lr 0.09524135262330098 acc 60.94% eta 2:35:01
2023-04-07 18:06:21,518 - __main__ - INFO - [INFO] 2023-04-07 18:06:21.518539 Epoch [15/100] batch [129/391] loss 1.5273 lr 0.09524135262330098 acc 50.78% eta 2:20:22
2023-04-07 18:07:01,099 - __main__ - INFO - [INFO] 2023-04-07 18:07:01.099275 Epoch [15/100] batch [257/391] loss 1.6338 lr 0.09524135262330098 acc 52.34% eta 2:19:06
2023-04-07 18:07:40,562 - __main__ - INFO - [INFO] 2023-04-07 18:07:40.562052 Epoch [15/100] batch [385/391] loss 1.5254 lr 0.09524135262330098 acc 58.59% eta 2:18:37
2023-04-07 18:07:42,346 - __main__ - INFO - Computing epoch 15 validation accuracy...
2023-04-07 18:07:49,775 - __main__ - INFO - Computing epoch 15 validation loss...
2023-04-07 18:07:57,526 - __main__ - INFO - [INFO] 2023-04-07 18:07:57.526031 Epoch [16/100] batch [1/391] loss 2.3535 lr 0.0945503262094184 acc 67.97% eta 2:27:44
2023-04-07 18:08:36,982 - __main__ - INFO - [INFO] 2023-04-07 18:08:36.982525 Epoch [16/100] batch [129/391] loss 1.6709 lr 0.0945503262094184 acc 54.69% eta 2:17:34
2023-04-07 18:09:16,066 - __main__ - INFO - [INFO] 2023-04-07 18:09:16.066175 Epoch [16/100] batch [257/391] loss 1.5186 lr 0.0945503262094184 acc 60.94% eta 2:15:53
2023-04-07 18:09:55,557 - __main__ - INFO - [INFO] 2023-04-07 18:09:55.557349 Epoch [16/100] batch [385/391] loss 1.5078 lr 0.0945503262094184 acc 60.94% eta 2:15:34
2023-04-07 18:09:57,229 - __main__ - INFO - Computing epoch 16 validation accuracy...
2023-04-07 18:10:04,234 - __main__ - INFO - Computing epoch 16 validation loss...
2023-04-07 18:10:11,845 - __main__ - INFO - [INFO] 2023-04-07 18:10:11.844934 Epoch [17/100] batch [1/391] loss 2.4141 lr 0.09381533400219319 acc 58.59% eta 2:16:59
2023-04-07 18:10:51,676 - __main__ - INFO - [INFO] 2023-04-07 18:10:51.676742 Epoch [17/100] batch [129/391] loss 1.5645 lr 0.09381533400219319 acc 55.47% eta 2:17:12
2023-04-07 18:11:31,156 - __main__ - INFO - [INFO] 2023-04-07 18:11:31.156381 Epoch [17/100] batch [257/391] loss 1.3633 lr 0.09381533400219319 acc 53.91% eta 2:15:56
2023-04-07 18:12:10,380 - __main__ - INFO - [INFO] 2023-04-07 18:12:10.379837 Epoch [17/100] batch [385/391] loss 1.5078 lr 0.09381533400219319 acc 57.81% eta 2:14:59
2023-04-07 18:12:12,213 - __main__ - INFO - Computing epoch 17 validation accuracy...
2023-04-07 18:12:19,660 - __main__ - INFO - Computing epoch 17 validation loss...
2023-04-07 18:12:27,381 - __main__ - INFO - [INFO] 2023-04-07 18:12:27.381265 Epoch [18/100] batch [1/391] loss 1.4346 lr 0.0930371013501972 acc 64.06% eta 2:23:26
2023-04-07 18:13:07,306 - __main__ - INFO - [INFO] 2023-04-07 18:13:07.306370 Epoch [18/100] batch [129/391] loss 1.3389 lr 0.0930371013501972 acc 62.50% eta 2:16:23
2023-04-07 18:13:46,561 - __main__ - INFO - [INFO] 2023-04-07 18:13:46.561054 Epoch [18/100] batch [257/391] loss 1.7529 lr 0.0930371013501972 acc 50.78% eta 2:14:51
2023-04-07 18:14:26,130 - __main__ - INFO - [INFO] 2023-04-07 18:14:26.130441 Epoch [18/100] batch [385/391] loss 1.3691 lr 0.0930371013501972 acc 56.25% eta 2:13:49
2023-04-07 18:14:27,816 - __main__ - INFO - Computing epoch 18 validation accuracy...
2023-04-07 18:14:34,968 - __main__ - INFO - Computing epoch 18 validation loss...
2023-04-07 18:14:42,527 - __main__ - INFO - [INFO] 2023-04-07 18:14:42.527526 Epoch [19/100] batch [1/391] loss 1.3291 lr 0.09221639627510078 acc 68.75% eta 2:26:03
2023-04-07 18:15:22,798 - __main__ - INFO - [INFO] 2023-04-07 18:15:22.797898 Epoch [19/100] batch [129/391] loss 1.8809 lr 0.09221639627510078 acc 54.69% eta 2:15:31
2023-04-07 18:16:02,117 - __main__ - INFO - [INFO] 2023-04-07 18:16:02.117711 Epoch [19/100] batch [257/391] loss 1.2158 lr 0.09221639627510078 acc 61.72% eta 2:13:13
2023-04-07 18:16:41,519 - __main__ - INFO - [INFO] 2023-04-07 18:16:41.519062 Epoch [19/100] batch [385/391] loss 1.4580 lr 0.09221639627510078 acc 57.03% eta 2:12:15
2023-04-07 18:16:43,320 - __main__ - INFO - Computing epoch 19 validation accuracy...
2023-04-07 18:16:50,598 - __main__ - INFO - Computing epoch 19 validation loss...
2023-04-07 18:16:58,307 - __main__ - INFO - [INFO] 2023-04-07 18:16:58.307778 Epoch [20/100] batch [1/391] loss 2.2656 lr 0.09135402871372812 acc 62.50% eta 2:17:26
2023-04-07 18:17:38,345 - __main__ - INFO - [INFO] 2023-04-07 18:17:38.345635 Epoch [20/100] batch [129/391] loss 1.4951 lr 0.09135402871372812 acc 59.38% eta 2:13:09
2023-04-07 18:18:17,312 - __main__ - INFO - [INFO] 2023-04-07 18:18:17.311891 Epoch [20/100] batch [257/391] loss 1.4746 lr 0.09135402871372812 acc 59.38% eta 2:10:40
2023-04-07 18:18:57,166 - __main__ - INFO - [INFO] 2023-04-07 18:18:57.166396 Epoch [20/100] batch [385/391] loss 1.4648 lr 0.09135402871372812 acc 65.62% eta 2:10:16
2023-04-07 18:18:58,895 - __main__ - INFO - Computing epoch 20 validation accuracy...
2023-04-07 18:19:05,786 - __main__ - INFO - Computing epoch 20 validation loss...
2023-04-07 18:19:13,253 - __main__ - INFO - [INFO] 2023-04-07 18:19:13.253704 Epoch [21/100] batch [1/391] loss 1.4365 lr 0.09045084971874741 acc 59.38% eta 2:17:17
2023-04-07 18:19:52,986 - __main__ - INFO - [INFO] 2023-04-07 18:19:52.986388 Epoch [21/100] batch [129/391] loss 1.5361 lr 0.09045084971874741 acc 61.72% eta 2:09:57
2023-04-07 18:20:31,976 - __main__ - INFO - [INFO] 2023-04-07 18:20:31.976598 Epoch [21/100] batch [257/391] loss 1.3857 lr 0.09045084971874741 acc 66.41% eta 2:08:37
2023-04-07 18:21:11,605 - __main__ - INFO - [INFO] 2023-04-07 18:21:11.605167 Epoch [21/100] batch [385/391] loss 1.4717 lr 0.09045084971874741 acc 46.88% eta 2:08:23
2023-04-07 18:21:13,263 - __main__ - INFO - Computing epoch 21 validation accuracy...
2023-04-07 18:21:20,594 - __main__ - INFO - Computing epoch 21 validation loss...
2023-04-07 18:21:28,319 - __main__ - INFO - [INFO] 2023-04-07 18:21:28.319080 Epoch [22/100] batch [1/391] loss 2.4551 lr 0.08950775061878455 acc 57.81% eta 2:28:38
2023-04-07 18:22:07,911 - __main__ - INFO - [INFO] 2023-04-07 18:22:07.911449 Epoch [22/100] batch [129/391] loss 1.5752 lr 0.08950775061878455 acc 58.59% eta 2:08:29
2023-04-07 18:22:47,586 - __main__ - INFO - [INFO] 2023-04-07 18:22:47.586783 Epoch [22/100] batch [257/391] loss 1.3135 lr 0.08950775061878455 acc 67.19% eta 2:07:47
2023-04-07 18:23:26,856 - __main__ - INFO - [INFO] 2023-04-07 18:23:26.856213 Epoch [22/100] batch [385/391] loss 1.4043 lr 0.08950775061878455 acc 63.28% eta 2:06:41
2023-04-07 18:23:28,595 - __main__ - INFO - Computing epoch 22 validation accuracy...
2023-04-07 18:23:36,022 - __main__ - INFO - Computing epoch 22 validation loss...
2023-04-07 18:23:43,444 - __main__ - INFO - [INFO] 2023-04-07 18:23:43.444735 Epoch [23/100] batch [1/391] loss 1.1084 lr 0.0885256621387895 acc 65.62% eta 2:08:11
2023-04-07 18:24:22,695 - __main__ - INFO - [INFO] 2023-04-07 18:24:22.695189 Epoch [23/100] batch [129/391] loss 1.4277 lr 0.0885256621387895 acc 60.94% eta 2:05:52
2023-04-07 18:25:01,648 - __main__ - INFO - [INFO] 2023-04-07 18:25:01.648252 Epoch [23/100] batch [257/391] loss 1.6963 lr 0.0885256621387895 acc 55.47% eta 2:04:32
2023-04-07 18:25:41,227 - __main__ - INFO - [INFO] 2023-04-07 18:25:41.227493 Epoch [23/100] batch [385/391] loss 1.2617 lr 0.0885256621387895 acc 64.06% eta 2:04:24
2023-04-07 18:25:42,951 - __main__ - INFO - Computing epoch 23 validation accuracy...
2023-04-07 18:25:50,280 - __main__ - INFO - Computing epoch 23 validation loss...
2023-04-07 18:25:57,991 - __main__ - INFO - [INFO] 2023-04-07 18:25:57.990925 Epoch [24/100] batch [1/391] loss 2.2793 lr 0.08750555348152302 acc 66.41% eta 2:14:59
2023-04-07 18:26:37,960 - __main__ - INFO - [INFO] 2023-04-07 18:26:37.960714 Epoch [24/100] batch [129/391] loss 1.1992 lr 0.08750555348152302 acc 63.28% eta 2:06:30
2023-04-07 18:27:17,753 - __main__ - INFO - [INFO] 2023-04-07 18:27:17.752977 Epoch [24/100] batch [257/391] loss 1.2139 lr 0.08750555348152302 acc 69.53% eta 2:05:01
2023-04-07 18:27:56,485 - __main__ - INFO - [INFO] 2023-04-07 18:27:56.484844 Epoch [24/100] batch [385/391] loss 1.2041 lr 0.08750555348152302 acc 69.53% eta 2:03:27
2023-04-07 18:27:58,283 - __main__ - INFO - Computing epoch 24 validation accuracy...
2023-04-07 18:28:05,742 - __main__ - INFO - Computing epoch 24 validation loss...
2023-04-07 18:28:13,398 - __main__ - INFO - [INFO] 2023-04-07 18:28:13.398660 Epoch [25/100] batch [1/391] loss 2.2383 lr 0.08644843137107061 acc 67.97% eta 2:07:05
2023-04-07 18:28:50,202 - __main__ - INFO - [INFO] 2023-04-07 18:28:50.202500 Epoch [25/100] batch [129/391] loss 1.3701 lr 0.08644843137107061 acc 63.28% eta 1:55:24
2023-04-07 18:29:29,613 - __main__ - INFO - [INFO] 2023-04-07 18:29:29.613352 Epoch [25/100] batch [257/391] loss 1.4043 lr 0.08644843137107061 acc 65.62% eta 1:58:05
2023-04-07 18:30:08,794 - __main__ - INFO - [INFO] 2023-04-07 18:30:08.794740 Epoch [25/100] batch [385/391] loss 1.1602 lr 0.08644843137107061 acc 70.31% eta 1:58:42
2023-04-07 18:30:10,572 - __main__ - INFO - Computing epoch 25 validation accuracy...
2023-04-07 18:30:17,911 - __main__ - INFO - Computing epoch 25 validation loss...
2023-04-07 18:30:25,490 - __main__ - INFO - [INFO] 2023-04-07 18:30:25.490327 Epoch [26/100] batch [1/391] loss 1.4316 lr 0.0853553390593274 acc 64.84% eta 2:03:07
2023-04-07 18:31:05,163 - __main__ - INFO - [INFO] 2023-04-07 18:31:05.162955 Epoch [26/100] batch [129/391] loss 1.1016 lr 0.0853553390593274 acc 71.09% eta 2:01:43
2023-04-07 18:31:44,274 - __main__ - INFO - [INFO] 2023-04-07 18:31:44.273995 Epoch [26/100] batch [257/391] loss 1.2363 lr 0.0853553390593274 acc 59.38% eta 2:00:28
2023-04-07 18:32:23,114 - __main__ - INFO - [INFO] 2023-04-07 18:32:23.114568 Epoch [26/100] batch [385/391] loss 1.4404 lr 0.0853553390593274 acc 67.97% eta 1:59:25
2023-04-07 18:32:24,881 - __main__ - INFO - Computing epoch 26 validation accuracy...
2023-04-07 18:32:32,198 - __main__ - INFO - Computing epoch 26 validation loss...
2023-04-07 18:32:40,128 - __main__ - INFO - [INFO] 2023-04-07 18:32:40.128317 Epoch [27/100] batch [1/391] loss 1.4531 lr 0.08422735529643446 acc 66.41% eta 2:12:45
2023-04-07 18:33:19,816 - __main__ - INFO - [INFO] 2023-04-07 18:33:19.816227 Epoch [27/100] batch [129/391] loss 1.4980 lr 0.08422735529643446 acc 58.59% eta 2:00:15
2023-04-07 18:33:59,306 - __main__ - INFO - [INFO] 2023-04-07 18:33:59.306498 Epoch [27/100] batch [257/391] loss 1.3408 lr 0.08422735529643446 acc 62.50% eta 1:59:17
2023-04-07 18:34:38,551 - __main__ - INFO - [INFO] 2023-04-07 18:34:38.551035 Epoch [27/100] batch [385/391] loss 1.2539 lr 0.08422735529643446 acc 66.41% eta 1:58:31
2023-04-07 18:34:40,334 - __main__ - INFO - Computing epoch 27 validation accuracy...
2023-04-07 18:34:47,678 - __main__ - INFO - Computing epoch 27 validation loss...
2023-04-07 18:34:55,447 - __main__ - INFO - [INFO] 2023-04-07 18:34:55.447285 Epoch [28/100] batch [1/391] loss 2.1582 lr 0.08306559326618262 acc 60.94% eta 2:02:58
2023-04-07 18:35:34,876 - __main__ - INFO - [INFO] 2023-04-07 18:35:34.876405 Epoch [28/100] batch [129/391] loss 1.4375 lr 0.08306559326618262 acc 70.31% eta 1:58:42
2023-04-07 18:36:14,127 - __main__ - INFO - [INFO] 2023-04-07 18:36:14.127541 Epoch [28/100] batch [257/391] loss 1.2676 lr 0.08306559326618262 acc 56.25% eta 1:57:27
2023-04-07 18:36:53,691 - __main__ - INFO - [INFO] 2023-04-07 18:36:53.691541 Epoch [28/100] batch [385/391] loss 1.4297 lr 0.08306559326618262 acc 63.28% eta 1:56:59
2023-04-07 18:36:55,298 - __main__ - INFO - Computing epoch 28 validation accuracy...
2023-04-07 18:37:02,446 - __main__ - INFO - Computing epoch 28 validation loss...
2023-04-07 18:37:10,043 - __main__ - INFO - [INFO] 2023-04-07 18:37:10.043745 Epoch [29/100] batch [1/391] loss 0.8979 lr 0.08187119948743452 acc 74.22% eta 1:49:20
2023-04-07 18:37:49,800 - __main__ - INFO - [INFO] 2023-04-07 18:37:49.800118 Epoch [29/100] batch [129/391] loss 1.2979 lr 0.08187119948743452 acc 60.16% eta 1:57:42
2023-04-07 18:38:29,454 - __main__ - INFO - [INFO] 2023-04-07 18:38:29.454632 Epoch [29/100] batch [257/391] loss 1.2832 lr 0.08187119948743452 acc 71.09% eta 1:56:49
2023-04-07 18:39:08,801 - __main__ - INFO - [INFO] 2023-04-07 18:39:08.800889 Epoch [29/100] batch [385/391] loss 1.2383 lr 0.08187119948743452 acc 57.81% eta 1:55:54
2023-04-07 18:39:10,613 - __main__ - INFO - Computing epoch 29 validation accuracy...
2023-04-07 18:39:18,020 - __main__ - INFO - Computing epoch 29 validation loss...
2023-04-07 18:39:25,718 - __main__ - INFO - [INFO] 2023-04-07 18:39:25.718535 Epoch [30/100] batch [1/391] loss 1.2627 lr 0.08064535268264886 acc 66.41% eta 2:04:45
2023-04-07 18:40:05,015 - __main__ - INFO - [INFO] 2023-04-07 18:40:05.015595 Epoch [30/100] batch [129/391] loss 1.1436 lr 0.08064535268264886 acc 57.03% eta 1:54:59
2023-04-07 18:40:45,490 - __main__ - INFO - [INFO] 2023-04-07 18:40:45.489842 Epoch [30/100] batch [257/391] loss 1.3408 lr 0.08064535268264886 acc 62.50% eta 1:55:36
2023-04-07 18:41:25,728 - __main__ - INFO - [INFO] 2023-04-07 18:41:25.728075 Epoch [30/100] batch [385/391] loss 1.1396 lr 0.08064535268264886 acc 68.75% eta 1:55:19
2023-04-07 18:41:27,546 - __main__ - INFO - Computing epoch 30 validation accuracy...
2023-04-07 18:41:34,619 - __main__ - INFO - Computing epoch 30 validation loss...
2023-04-07 18:41:42,177 - __main__ - INFO - [INFO] 2023-04-07 18:41:42.177584 Epoch [31/100] batch [1/391] loss 2.1973 lr 0.0793892626146237 acc 63.28% eta 2:08:54
2023-04-07 18:42:22,362 - __main__ - INFO - [INFO] 2023-04-07 18:42:22.362730 Epoch [31/100] batch [129/391] loss 1.1914 lr 0.0793892626146237 acc 64.06% eta 1:55:15
2023-04-07 18:43:01,295 - __main__ - INFO - [INFO] 2023-04-07 18:43:01.294940 Epoch [31/100] batch [257/391] loss 1.2295 lr 0.0793892626146237 acc 76.56% eta 1:53:10
2023-04-07 18:43:40,807 - __main__ - INFO - [INFO] 2023-04-07 18:43:40.807097 Epoch [31/100] batch [385/391] loss 1.3213 lr 0.0793892626146237 acc 60.16% eta 1:52:13
2023-04-07 18:43:42,518 - __main__ - INFO - Computing epoch 31 validation accuracy...
2023-04-07 18:43:49,856 - __main__ - INFO - Computing epoch 31 validation loss...
2023-04-07 18:43:57,527 - __main__ - INFO - [INFO] 2023-04-07 18:43:57.527525 Epoch [32/100] batch [1/391] loss 2.1797 lr 0.07810416889260657 acc 53.91% eta 2:00:32
2023-04-07 18:44:37,422 - __main__ - INFO - [INFO] 2023-04-07 18:44:37.422651 Epoch [32/100] batch [129/391] loss 0.9146 lr 0.07810416889260657 acc 65.62% eta 1:52:10
2023-04-07 18:45:17,091 - __main__ - INFO - [INFO] 2023-04-07 18:45:17.091025 Epoch [32/100] batch [257/391] loss 1.3867 lr 0.07810416889260657 acc 60.94% eta 1:51:30
2023-04-07 18:45:58,351 - __main__ - INFO - [INFO] 2023-04-07 18:45:58.351425 Epoch [32/100] batch [385/391] loss 1.1631 lr 0.07810416889260657 acc 69.53% eta 1:52:46
2023-04-07 18:46:00,202 - __main__ - INFO - Computing epoch 32 validation accuracy...
2023-04-07 18:46:07,643 - __main__ - INFO - Computing epoch 32 validation loss...
2023-04-07 18:46:15,135 - __main__ - INFO - [INFO] 2023-04-07 18:46:15.135211 Epoch [33/100] batch [1/391] loss 0.9263 lr 0.07679133974894986 acc 78.12% eta 2:01:42
2023-04-07 18:46:55,383 - __main__ - INFO - [INFO] 2023-04-07 18:46:55.383748 Epoch [33/100] batch [129/391] loss 1.2666 lr 0.07679133974894986 acc 65.62% eta 1:52:04
2023-04-07 18:47:34,854 - __main__ - INFO - [INFO] 2023-04-07 18:47:34.854272 Epoch [33/100] batch [257/391] loss 1.1807 lr 0.07679133974894986 acc 68.75% eta 1:50:35
2023-04-07 18:48:14,440 - __main__ - INFO - [INFO] 2023-04-07 18:48:14.440046 Epoch [33/100] batch [385/391] loss 1.3281 lr 0.07679133974894986 acc 60.94% eta 1:49:37
2023-04-07 18:48:16,133 - __main__ - INFO - Computing epoch 33 validation accuracy...
2023-04-07 18:48:23,568 - __main__ - INFO - Computing epoch 33 validation loss...
2023-04-07 18:48:31,263 - __main__ - INFO - [INFO] 2023-04-07 18:48:31.263548 Epoch [34/100] batch [1/391] loss 2.1816 lr 0.0754520707875186 acc 64.84% eta 1:53:05
2023-04-07 18:49:11,057 - __main__ - INFO - [INFO] 2023-04-07 18:49:11.057034 Epoch [34/100] batch [129/391] loss 1.1455 lr 0.0754520707875186 acc 68.75% eta 1:51:16
2023-04-07 18:49:50,840 - __main__ - INFO - [INFO] 2023-04-07 18:49:50.840601 Epoch [34/100] batch [257/391] loss 1.1416 lr 0.0754520707875186 acc 61.72% eta 1:49:37
2023-04-07 18:50:30,448 - __main__ - INFO - [INFO] 2023-04-07 18:50:30.448288 Epoch [34/100] batch [385/391] loss 1.1777 lr 0.0754520707875186 acc 69.53% eta 1:48:38
2023-04-07 18:50:32,267 - __main__ - INFO - Computing epoch 34 validation accuracy...
2023-04-07 18:50:39,620 - __main__ - INFO - Computing epoch 34 validation loss...
2023-04-07 18:50:47,176 - __main__ - INFO - [INFO] 2023-04-07 18:50:47.176043 Epoch [35/100] batch [1/391] loss 1.0674 lr 0.0740876837050858 acc 75.00% eta 1:48:37
2023-04-07 18:51:27,297 - __main__ - INFO - [INFO] 2023-04-07 18:51:27.297629 Epoch [35/100] batch [129/391] loss 1.2197 lr 0.0740876837050858 acc 64.84% eta 1:49:08
2023-04-07 18:52:06,829 - __main__ - INFO - [INFO] 2023-04-07 18:52:06.828924 Epoch [35/100] batch [257/391] loss 1.1768 lr 0.0740876837050858 acc 65.62% eta 1:47:15
2023-04-07 18:52:46,269 - __main__ - INFO - [INFO] 2023-04-07 18:52:46.268835 Epoch [35/100] batch [385/391] loss 1.2910 lr 0.0740876837050858 acc 67.19% eta 1:46:26
2023-04-07 18:52:48,112 - __main__ - INFO - Computing epoch 35 validation accuracy...
2023-04-07 18:52:55,486 - __main__ - INFO - Computing epoch 35 validation loss...
2023-04-07 18:53:03,269 - __main__ - INFO - [INFO] 2023-04-07 18:53:03.268986 Epoch [36/100] batch [1/391] loss 2.1953 lr 0.07269952498697738 acc 67.19% eta 2:00:40
2023-04-07 18:53:43,164 - __main__ - INFO - [INFO] 2023-04-07 18:53:43.164799 Epoch [36/100] batch [129/391] loss 1.0771 lr 0.07269952498697738 acc 69.53% eta 1:46:11
2023-04-07 18:54:22,981 - __main__ - INFO - [INFO] 2023-04-07 18:54:22.981765 Epoch [36/100] batch [257/391] loss 1.0498 lr 0.07269952498697738 acc 73.44% eta 1:45:31
2023-04-07 18:55:03,545 - __main__ - INFO - [INFO] 2023-04-07 18:55:03.545582 Epoch [36/100] batch [385/391] loss 1.4756 lr 0.07269952498697738 acc 56.25% eta 1:45:36
2023-04-07 18:55:05,356 - __main__ - INFO - Computing epoch 36 validation accuracy...
2023-04-07 18:55:12,779 - __main__ - INFO - Computing epoch 36 validation loss...
2023-04-07 18:55:20,384 - __main__ - INFO - [INFO] 2023-04-07 18:55:20.383952 Epoch [37/100] batch [1/391] loss 2.0254 lr 0.07128896457825366 acc 70.31% eta 1:38:07
2023-04-07 18:55:59,852 - __main__ - INFO - [INFO] 2023-04-07 18:55:59.852360 Epoch [37/100] batch [129/391] loss 1.1074 lr 0.07128896457825366 acc 74.22% eta 1:43:27
2023-04-07 18:56:39,106 - __main__ - INFO - [INFO] 2023-04-07 18:56:39.106342 Epoch [37/100] batch [257/391] loss 0.9736 lr 0.07128896457825366 acc 73.44% eta 1:42:35
2023-04-07 18:57:18,729 - __main__ - INFO - [INFO] 2023-04-07 18:57:18.729786 Epoch [37/100] batch [385/391] loss 1.1807 lr 0.07128896457825366 acc 69.53% eta 1:42:22
2023-04-07 18:57:20,460 - __main__ - INFO - Computing epoch 37 validation accuracy...
2023-04-07 18:57:27,789 - __main__ - INFO - Computing epoch 37 validation loss...
2023-04-07 18:57:35,499 - __main__ - INFO - [INFO] 2023-04-07 18:57:35.499636 Epoch [38/100] batch [1/391] loss 0.9810 lr 0.06985739453173906 acc 75.00% eta 1:35:30
2023-04-07 18:58:15,223 - __main__ - INFO - [INFO] 2023-04-07 18:58:15.223581 Epoch [38/100] batch [129/391] loss 1.1641 lr 0.06985739453173906 acc 69.53% eta 1:42:52
2023-04-07 18:58:54,981 - __main__ - INFO - [INFO] 2023-04-07 18:58:54.981729 Epoch [38/100] batch [257/391] loss 1.1709 lr 0.06985739453173906 acc 69.53% eta 1:41:59
2023-04-07 18:59:34,272 - __main__ - INFO - [INFO] 2023-04-07 18:59:34.272348 Epoch [38/100] batch [385/391] loss 1.1465 lr 0.06985739453173906 acc 65.62% eta 1:40:58
2023-04-07 18:59:36,057 - __main__ - INFO - Computing epoch 38 validation accuracy...
2023-04-07 18:59:43,434 - __main__ - INFO - Computing epoch 38 validation loss...
2023-04-07 18:59:51,037 - __main__ - INFO - [INFO] 2023-04-07 18:59:51.037734 Epoch [39/100] batch [1/391] loss 1.9717 lr 0.06840622763423394 acc 67.97% eta 1:38:39
2023-04-07 19:00:30,087 - __main__ - INFO - [INFO] 2023-04-07 19:00:30.087160 Epoch [39/100] batch [129/391] loss 1.0713 lr 0.06840622763423394 acc 75.78% eta 1:38:50
2023-04-07 19:01:08,926 - __main__ - INFO - [INFO] 2023-04-07 19:01:08.926005 Epoch [39/100] batch [257/391] loss 1.0254 lr 0.06840622763423394 acc 71.88% eta 1:38:23
2023-04-07 19:01:48,476 - __main__ - INFO - [INFO] 2023-04-07 19:01:48.476109 Epoch [39/100] batch [385/391] loss 0.9438 lr 0.06840622763423394 acc 77.34% eta 1:38:10
2023-04-07 19:01:50,120 - __main__ - INFO - Computing epoch 39 validation accuracy...
2023-04-07 19:01:57,249 - __main__ - INFO - Computing epoch 39 validation loss...
2023-04-07 19:02:04,891 - __main__ - INFO - [INFO] 2023-04-07 19:02:04.891807 Epoch [40/100] batch [1/391] loss 0.7476 lr 0.06693689601226462 acc 85.16% eta 1:44:47
2023-04-07 19:02:44,893 - __main__ - INFO - [INFO] 2023-04-07 19:02:44.893299 Epoch [40/100] batch [129/391] loss 0.7432 lr 0.06693689601226462 acc 81.25% eta 1:39:56
2023-04-07 19:03:24,263 - __main__ - INFO - [INFO] 2023-04-07 19:03:24.263370 Epoch [40/100] batch [257/391] loss 0.9453 lr 0.06693689601226462 acc 80.47% eta 1:38:29
2023-04-07 19:04:03,824 - __main__ - INFO - [INFO] 2023-04-07 19:04:03.824472 Epoch [40/100] batch [385/391] loss 1.1680 lr 0.06693689601226462 acc 64.06% eta 1:37:43
2023-04-07 19:04:05,503 - __main__ - INFO - Computing epoch 40 validation accuracy...
2023-04-07 19:04:12,874 - __main__ - INFO - Computing epoch 40 validation loss...
2023-04-07 19:04:20,555 - __main__ - INFO - [INFO] 2023-04-07 19:04:20.555581 Epoch [41/100] batch [1/391] loss 0.9678 lr 0.06545084971874741 acc 75.00% eta 1:46:59
2023-04-07 19:04:59,654 - __main__ - INFO - [INFO] 2023-04-07 19:04:59.654587 Epoch [41/100] batch [129/391] loss 1.2393 lr 0.06545084971874741 acc 64.06% eta 1:36:13
2023-04-07 19:05:38,645 - __main__ - INFO - [INFO] 2023-04-07 19:05:38.645544 Epoch [41/100] batch [257/391] loss 1.1104 lr 0.06545084971874741 acc 73.44% eta 1:35:35
2023-04-07 19:06:18,155 - __main__ - INFO - [INFO] 2023-04-07 19:06:18.154995 Epoch [41/100] batch [385/391] loss 1.1504 lr 0.06545084971874741 acc 69.53% eta 1:35:19
2023-04-07 19:06:19,884 - __main__ - INFO - Computing epoch 41 validation accuracy...
2023-04-07 19:06:27,019 - __main__ - INFO - Computing epoch 41 validation loss...
2023-04-07 19:06:34,598 - __main__ - INFO - [INFO] 2023-04-07 19:06:34.598158 Epoch [42/100] batch [1/391] loss 2.0703 lr 0.06394955530196152 acc 68.75% eta 1:51:24
2023-04-07 19:07:14,821 - __main__ - INFO - [INFO] 2023-04-07 19:07:14.821586 Epoch [42/100] batch [129/391] loss 1.1904 lr 0.06394955530196152 acc 66.41% eta 1:36:42
2023-04-07 19:07:54,022 - __main__ - INFO - [INFO] 2023-04-07 19:07:54.022013 Epoch [42/100] batch [257/391] loss 0.9087 lr 0.06394955530196152 acc 76.56% eta 1:34:58
2023-04-07 19:08:33,321 - __main__ - INFO - [INFO] 2023-04-07 19:08:33.321566 Epoch [42/100] batch [385/391] loss 0.9761 lr 0.06394955530196152 acc 78.91% eta 1:34:11
2023-04-07 19:08:35,083 - __main__ - INFO - Computing epoch 42 validation accuracy...
2023-04-07 19:08:42,483 - __main__ - INFO - Computing epoch 42 validation loss...
2023-04-07 19:08:50,480 - __main__ - INFO - [INFO] 2023-04-07 19:08:50.480303 Epoch [43/100] batch [1/391] loss 0.7969 lr 0.062434494358242776 acc 82.03% eta 1:27:42
2023-04-07 19:09:31,094 - __main__ - INFO - [INFO] 2023-04-07 19:09:31.094009 Epoch [43/100] batch [129/391] loss 1.0537 lr 0.062434494358242776 acc 70.31% eta 1:36:42
2023-04-07 19:10:10,436 - __main__ - INFO - [INFO] 2023-04-07 19:10:10.435908 Epoch [43/100] batch [257/391] loss 0.7383 lr 0.062434494358242776 acc 83.59% eta 1:34:19
2023-04-07 19:10:50,079 - __main__ - INFO - [INFO] 2023-04-07 19:10:50.079331 Epoch [43/100] batch [385/391] loss 0.9458 lr 0.062434494358242776 acc 70.31% eta 1:33:24
2023-04-07 19:10:51,810 - __main__ - INFO - Computing epoch 43 validation accuracy...
2023-04-07 19:10:59,259 - __main__ - INFO - Computing epoch 43 validation loss...
2023-04-07 19:11:06,614 - __main__ - INFO - [INFO] 2023-04-07 19:11:06.614653 Epoch [44/100] batch [1/391] loss 1.9180 lr 0.06090716206982718 acc 79.69% eta 1:34:35
2023-04-07 19:11:46,499 - __main__ - INFO - [INFO] 2023-04-07 19:11:46.499751 Epoch [44/100] batch [129/391] loss 1.0449 lr 0.06090716206982718 acc 71.09% eta 1:32:57
2023-04-07 19:12:25,935 - __main__ - INFO - [INFO] 2023-04-07 19:12:25.935425 Epoch [44/100] batch [257/391] loss 1.2178 lr 0.06090716206982718 acc 67.97% eta 1:31:49
2023-04-07 19:13:05,502 - __main__ - INFO - [INFO] 2023-04-07 19:13:05.501894 Epoch [44/100] batch [385/391] loss 0.9795 lr 0.06090716206982718 acc 75.00% eta 1:31:13
2023-04-07 19:13:07,217 - __main__ - INFO - Computing epoch 44 validation accuracy...
2023-04-07 19:13:14,455 - __main__ - INFO - Computing epoch 44 validation loss...
2023-04-07 19:13:22,171 - __main__ - INFO - [INFO] 2023-04-07 19:13:22.171671 Epoch [45/100] batch [1/391] loss 0.7671 lr 0.05936906572928628 acc 84.38% eta 1:35:48
2023-04-07 19:14:01,960 - __main__ - INFO - [INFO] 2023-04-07 19:14:01.959850 Epoch [45/100] batch [129/391] loss 1.2363 lr 0.05936906572928628 acc 67.19% eta 1:31:08
2023-04-07 19:14:41,763 - __main__ - INFO - [INFO] 2023-04-07 19:14:41.763759 Epoch [45/100] batch [257/391] loss 1.1885 lr 0.05936906572928628 acc 71.09% eta 1:30:31
2023-04-07 19:15:20,953 - __main__ - INFO - [INFO] 2023-04-07 19:15:20.952868 Epoch [45/100] batch [385/391] loss 0.9624 lr 0.05936906572928628 acc 72.66% eta 1:29:26
2023-04-07 19:15:22,693 - __main__ - INFO - Computing epoch 45 validation accuracy...
2023-04-07 19:15:30,053 - __main__ - INFO - Computing epoch 45 validation loss...
2023-04-07 19:15:37,530 - __main__ - INFO - [INFO] 2023-04-07 19:15:37.529904 Epoch [46/100] batch [1/391] loss 1.8154 lr 0.05782172325201159 acc 81.25% eta 1:30:50
2023-04-07 19:16:17,276 - __main__ - INFO - [INFO] 2023-04-07 19:16:17.276067 Epoch [46/100] batch [129/391] loss 1.0381 lr 0.05782172325201159 acc 74.22% eta 1:29:59
2023-04-07 19:16:56,932 - __main__ - INFO - [INFO] 2023-04-07 19:16:56.932056 Epoch [46/100] batch [257/391] loss 0.9663 lr 0.05782172325201159 acc 79.69% eta 1:29:02
2023-04-07 19:17:36,261 - __main__ - INFO - [INFO] 2023-04-07 19:17:36.261268 Epoch [46/100] batch [385/391] loss 0.9775 lr 0.05782172325201159 acc 80.47% eta 1:28:03
2023-04-07 19:17:38,078 - __main__ - INFO - Computing epoch 46 validation accuracy...
2023-04-07 19:17:45,465 - __main__ - INFO - Computing epoch 46 validation loss...
2023-04-07 19:17:53,413 - __main__ - INFO - [INFO] 2023-04-07 19:17:53.412897 Epoch [47/100] batch [1/391] loss 2.1152 lr 0.056266661678215264 acc 65.62% eta 1:37:28
2023-04-07 19:18:33,508 - __main__ - INFO - [INFO] 2023-04-07 19:18:33.508320 Epoch [47/100] batch [129/391] loss 0.8511 lr 0.056266661678215264 acc 76.56% eta 1:28:56
2023-04-07 19:19:13,033 - __main__ - INFO - [INFO] 2023-04-07 19:19:13.033171 Epoch [47/100] batch [257/391] loss 0.7300 lr 0.056266661678215264 acc 76.56% eta 1:27:29
2023-04-07 19:19:52,411 - __main__ - INFO - [INFO] 2023-04-07 19:19:52.411224 Epoch [47/100] batch [385/391] loss 1.1143 lr 0.056266661678215264 acc 70.31% eta 1:26:43
2023-04-07 19:19:54,068 - __main__ - INFO - Computing epoch 47 validation accuracy...
2023-04-07 19:20:01,472 - __main__ - INFO - Computing epoch 47 validation loss...
2023-04-07 19:20:09,110 - __main__ - INFO - [INFO] 2023-04-07 19:20:09.110677 Epoch [48/100] batch [1/391] loss 2.0391 lr 0.05470541566592575 acc 65.62% eta 1:34:57
2023-04-07 19:20:48,641 - __main__ - INFO - [INFO] 2023-04-07 19:20:48.640830 Epoch [48/100] batch [129/391] loss 1.0361 lr 0.05470541566592575 acc 75.78% eta 1:26:23
2023-04-07 19:21:27,702 - __main__ - INFO - [INFO] 2023-04-07 19:21:27.702034 Epoch [48/100] batch [257/391] loss 0.9072 lr 0.05470541566592575 acc 77.34% eta 1:24:58
2023-04-07 19:22:06,620 - __main__ - INFO - [INFO] 2023-04-07 19:22:06.619866 Epoch [48/100] batch [385/391] loss 0.8784 lr 0.05470541566592575 acc 76.56% eta 1:24:07
2023-04-07 19:22:08,307 - __main__ - INFO - Computing epoch 48 validation accuracy...
2023-04-07 19:22:15,710 - __main__ - INFO - Computing epoch 48 validation loss...
2023-04-07 19:22:23,291 - __main__ - INFO - [INFO] 2023-04-07 19:22:23.290884 Epoch [49/100] batch [1/391] loss 0.8975 lr 0.053139525976465714 acc 81.25% eta 1:31:58
2023-04-07 19:23:03,918 - __main__ - INFO - [INFO] 2023-04-07 19:23:03.918478 Epoch [49/100] batch [129/391] loss 0.9937 lr 0.053139525976465714 acc 71.88% eta 1:26:30
2023-04-07 19:23:44,075 - __main__ - INFO - [INFO] 2023-04-07 19:23:44.075453 Epoch [49/100] batch [257/391] loss 1.0537 lr 0.053139525976465714 acc 75.00% eta 1:25:20
2023-04-07 19:24:23,095 - __main__ - INFO - [INFO] 2023-04-07 19:24:23.095695 Epoch [49/100] batch [385/391] loss 0.9604 lr 0.053139525976465714 acc 74.22% eta 1:23:55
2023-04-07 19:24:24,919 - __main__ - INFO - Computing epoch 49 validation accuracy...
2023-04-07 19:24:32,363 - __main__ - INFO - Computing epoch 49 validation loss...
2023-04-07 19:24:40,139 - __main__ - INFO - [INFO] 2023-04-07 19:24:40.139210 Epoch [50/100] batch [1/391] loss 0.9424 lr 0.05157053795390645 acc 73.44% eta 1:24:15
2023-04-07 19:25:19,524 - __main__ - INFO - [INFO] 2023-04-07 19:25:19.524587 Epoch [50/100] batch [129/391] loss 0.7397 lr 0.05157053795390645 acc 78.91% eta 1:22:31
2023-04-07 19:25:58,677 - __main__ - INFO - [INFO] 2023-04-07 19:25:58.677655 Epoch [50/100] batch [257/391] loss 0.8755 lr 0.05157053795390645 acc 76.56% eta 1:21:29
2023-04-07 19:26:38,075 - __main__ - INFO - [INFO] 2023-04-07 19:26:38.075459 Epoch [50/100] batch [385/391] loss 0.8291 lr 0.05157053795390645 acc 77.34% eta 1:20:55
2023-04-07 19:26:39,702 - __main__ - INFO - Computing epoch 50 validation accuracy...
2023-04-07 19:26:46,914 - __main__ - INFO - Computing epoch 50 validation loss...
2023-04-07 19:26:54,513 - __main__ - INFO - [INFO] 2023-04-07 19:26:54.513116 Epoch [51/100] batch [1/391] loss 0.8418 lr 0.05000000000000004 acc 76.56% eta 1:20:15
2023-04-07 19:27:34,385 - __main__ - INFO - [INFO] 2023-04-07 19:27:34.385082 Epoch [51/100] batch [129/391] loss 1.0674 lr 0.05000000000000004 acc 75.00% eta 1:21:32
2023-04-07 19:28:13,706 - __main__ - INFO - [INFO] 2023-04-07 19:28:13.706174 Epoch [51/100] batch [257/391] loss 0.6870 lr 0.05000000000000004 acc 82.81% eta 1:20:32
2023-04-07 19:28:52,693 - __main__ - INFO - [INFO] 2023-04-07 19:28:52.693735 Epoch [51/100] batch [385/391] loss 0.9087 lr 0.05000000000000004 acc 71.88% eta 1:19:34
2023-04-07 19:28:54,515 - __main__ - INFO - Computing epoch 51 validation accuracy...
2023-04-07 19:29:01,819 - __main__ - INFO - Computing epoch 51 validation loss...
2023-04-07 19:29:09,572 - __main__ - INFO - [INFO] 2023-04-07 19:29:09.571853 Epoch [52/100] batch [1/391] loss 1.7324 lr 0.04842946204609362 acc 80.47% eta 1:34:07
2023-04-07 19:29:49,061 - __main__ - INFO - [INFO] 2023-04-07 19:29:49.061422 Epoch [52/100] batch [129/391] loss 0.9580 lr 0.04842946204609362 acc 73.44% eta 1:19:47
2023-04-07 19:30:28,394 - __main__ - INFO - [INFO] 2023-04-07 19:30:28.394454 Epoch [52/100] batch [257/391] loss 1.0664 lr 0.04842946204609362 acc 69.53% eta 1:18:39
2023-04-07 19:31:08,358 - __main__ - INFO - [INFO] 2023-04-07 19:31:08.357906 Epoch [52/100] batch [385/391] loss 0.8530 lr 0.04842946204609362 acc 81.25% eta 1:18:22
2023-04-07 19:31:10,120 - __main__ - INFO - Computing epoch 52 validation accuracy...
2023-04-07 19:31:17,173 - __main__ - INFO - Computing epoch 52 validation loss...
2023-04-07 19:31:24,759 - __main__ - INFO - [INFO] 2023-04-07 19:31:24.759643 Epoch [53/100] batch [1/391] loss 1.8252 lr 0.04686047402353437 acc 84.38% eta 1:23:43
2023-04-07 19:32:04,730 - __main__ - INFO - [INFO] 2023-04-07 19:32:04.730145 Epoch [53/100] batch [129/391] loss 0.7271 lr 0.04686047402353437 acc 85.16% eta 1:18:45
2023-04-07 19:32:43,766 - __main__ - INFO - [INFO] 2023-04-07 19:32:43.766189 Epoch [53/100] batch [257/391] loss 0.9204 lr 0.04686047402353437 acc 78.91% eta 1:16:58
2023-04-07 19:33:23,080 - __main__ - INFO - [INFO] 2023-04-07 19:33:23.080250 Epoch [53/100] batch [385/391] loss 0.8550 lr 0.04686047402353437 acc 75.78% eta 1:16:10
2023-04-07 19:33:24,903 - __main__ - INFO - Computing epoch 53 validation accuracy...
2023-04-07 19:33:32,288 - __main__ - INFO - Computing epoch 53 validation loss...
2023-04-07 19:33:40,007 - __main__ - INFO - [INFO] 2023-04-07 19:33:40.007151 Epoch [54/100] batch [1/391] loss 1.7998 lr 0.045294584334074316 acc 79.69% eta 1:27:12
2023-04-07 19:34:19,436 - __main__ - INFO - [INFO] 2023-04-07 19:34:19.436578 Epoch [54/100] batch [129/391] loss 0.9634 lr 0.045294584334074316 acc 80.47% eta 1:15:56
2023-04-07 19:34:58,807 - __main__ - INFO - [INFO] 2023-04-07 19:34:58.807144 Epoch [54/100] batch [257/391] loss 0.8701 lr 0.045294584334074316 acc 75.78% eta 1:15:00
2023-04-07 19:35:38,625 - __main__ - INFO - [INFO] 2023-04-07 19:35:38.625432 Epoch [54/100] batch [385/391] loss 1.0947 lr 0.045294584334074316 acc 73.44% eta 1:14:45
2023-04-07 19:35:40,392 - __main__ - INFO - Computing epoch 54 validation accuracy...
2023-04-07 19:35:47,586 - __main__ - INFO - Computing epoch 54 validation loss...
2023-04-07 19:35:54,995 - __main__ - INFO - [INFO] 2023-04-07 19:35:54.995529 Epoch [55/100] batch [1/391] loss 0.9229 lr 0.043733338321784825 acc 71.88% eta 1:19:01
2023-04-07 19:36:35,009 - __main__ - INFO - [INFO] 2023-04-07 19:36:35.008943 Epoch [55/100] batch [129/391] loss 0.9888 lr 0.043733338321784825 acc 73.44% eta 1:15:15
2023-04-07 19:37:14,199 - __main__ - INFO - [INFO] 2023-04-07 19:37:14.199169 Epoch [55/100] batch [257/391] loss 1.1768 lr 0.043733338321784825 acc 72.66% eta 1:13:47
2023-04-07 19:37:53,438 - __main__ - INFO - [INFO] 2023-04-07 19:37:53.438503 Epoch [55/100] batch [385/391] loss 0.9673 lr 0.043733338321784825 acc 72.66% eta 1:12:59
2023-04-07 19:37:55,276 - __main__ - INFO - Computing epoch 55 validation accuracy...
2023-04-07 19:38:02,714 - __main__ - INFO - Computing epoch 55 validation loss...
2023-04-07 19:38:10,427 - __main__ - INFO - [INFO] 2023-04-07 19:38:10.427210 Epoch [56/100] batch [1/391] loss 1.8252 lr 0.042178276747988484 acc 76.56% eta 1:08:55
2023-04-07 19:38:49,622 - __main__ - INFO - [INFO] 2023-04-07 19:38:49.622214 Epoch [56/100] batch [129/391] loss 0.6616 lr 0.042178276747988484 acc 82.03% eta 1:12:32
2023-04-07 19:39:29,247 - __main__ - INFO - [INFO] 2023-04-07 19:39:29.247595 Epoch [56/100] batch [257/391] loss 0.7046 lr 0.042178276747988484 acc 83.59% eta 1:12:12
2023-04-07 19:40:08,831 - __main__ - INFO - [INFO] 2023-04-07 19:40:08.830900 Epoch [56/100] batch [385/391] loss 0.9360 lr 0.042178276747988484 acc 77.34% eta 1:11:42
2023-04-07 19:40:10,648 - __main__ - INFO - Computing epoch 56 validation accuracy...
2023-04-07 19:40:17,974 - __main__ - INFO - Computing epoch 56 validation loss...
2023-04-07 19:40:25,400 - __main__ - INFO - [INFO] 2023-04-07 19:40:25.400414 Epoch [57/100] batch [1/391] loss 1.7529 lr 0.0406309342707138 acc 82.81% eta 1:16:17
2023-04-07 19:41:05,687 - __main__ - INFO - [INFO] 2023-04-07 19:41:05.687735 Epoch [57/100] batch [129/391] loss 1.1016 lr 0.0406309342707138 acc 71.88% eta 1:12:25
2023-04-07 19:41:44,915 - __main__ - INFO - [INFO] 2023-04-07 19:41:44.915559 Epoch [57/100] batch [257/391] loss 0.9644 lr 0.0406309342707138 acc 74.22% eta 1:10:50
2023-04-07 19:42:24,277 - __main__ - INFO - [INFO] 2023-04-07 19:42:24.277164 Epoch [57/100] batch [385/391] loss 0.9380 lr 0.0406309342707138 acc 78.12% eta 1:10:02
2023-04-07 19:42:25,954 - __main__ - INFO - Computing epoch 57 validation accuracy...
2023-04-07 19:42:33,228 - __main__ - INFO - Computing epoch 57 validation loss...
2023-04-07 19:42:41,036 - __main__ - INFO - [INFO] 2023-04-07 19:42:41.036337 Epoch [58/100] batch [1/391] loss 0.8354 lr 0.039092837930172916 acc 77.34% eta 1:12:51
2023-04-07 19:43:19,706 - __main__ - INFO - [INFO] 2023-04-07 19:43:19.706038 Epoch [58/100] batch [129/391] loss 0.7988 lr 0.039092837930172916 acc 87.50% eta 1:07:45
2023-04-07 19:43:59,424 - __main__ - INFO - [INFO] 2023-04-07 19:43:59.424561 Epoch [58/100] batch [257/391] loss 0.7017 lr 0.039092837930172916 acc 84.38% eta 1:08:05
2023-04-07 19:44:38,259 - __main__ - INFO - [INFO] 2023-04-07 19:44:38.259271 Epoch [58/100] batch [385/391] loss 0.7710 lr 0.039092837930172916 acc 82.81% eta 1:07:32
2023-04-07 19:44:39,996 - __main__ - INFO - Computing epoch 58 validation accuracy...
2023-04-07 19:44:47,379 - __main__ - INFO - Computing epoch 58 validation loss...
2023-04-07 19:44:55,057 - __main__ - INFO - [INFO] 2023-04-07 19:44:55.057058 Epoch [59/100] batch [1/391] loss 0.6089 lr 0.037565505641757285 acc 87.50% eta 1:10:04
2023-04-07 19:45:34,932 - __main__ - INFO - [INFO] 2023-04-07 19:45:34.932729 Epoch [59/100] batch [129/391] loss 0.7222 lr 0.037565505641757285 acc 80.47% eta 1:08:16
2023-04-07 19:46:13,822 - __main__ - INFO - [INFO] 2023-04-07 19:46:13.822028 Epoch [59/100] batch [257/391] loss 0.9326 lr 0.037565505641757285 acc 80.47% eta 1:07:05
2023-04-07 19:46:53,118 - __main__ - INFO - [INFO] 2023-04-07 19:46:53.118154 Epoch [59/100] batch [385/391] loss 1.0137 lr 0.037565505641757285 acc 78.12% eta 1:06:34
2023-04-07 19:46:54,963 - __main__ - INFO - Computing epoch 59 validation accuracy...
2023-04-07 19:47:02,349 - __main__ - INFO - Computing epoch 59 validation loss...
2023-04-07 19:47:10,059 - __main__ - INFO - [INFO] 2023-04-07 19:47:10.058825 Epoch [60/100] batch [1/391] loss 0.5444 lr 0.03605044469803857 acc 89.84% eta 1:07:48
2023-04-07 19:47:49,495 - __main__ - INFO - [INFO] 2023-04-07 19:47:49.494995 Epoch [60/100] batch [129/391] loss 1.0391 lr 0.03605044469803857 acc 78.91% eta 1:05:54
2023-04-07 19:48:29,273 - __main__ - INFO - [INFO] 2023-04-07 19:48:29.273088 Epoch [60/100] batch [257/391] loss 0.7002 lr 0.03605044469803857 acc 82.03% eta 1:05:39
2023-04-07 19:49:08,026 - __main__ - INFO - [INFO] 2023-04-07 19:49:08.026716 Epoch [60/100] batch [385/391] loss 0.6226 lr 0.03605044469803857 acc 82.81% eta 1:04:45
2023-04-07 19:49:09,823 - __main__ - INFO - Computing epoch 60 validation accuracy...
2023-04-07 19:49:17,111 - __main__ - INFO - Computing epoch 60 validation loss...
2023-04-07 19:49:24,841 - __main__ - INFO - [INFO] 2023-04-07 19:49:24.841075 Epoch [61/100] batch [1/391] loss 1.6104 lr 0.034549150281252675 acc 84.38% eta 1:09:44
2023-04-07 19:50:04,976 - __main__ - INFO - [INFO] 2023-04-07 19:50:04.976521 Epoch [61/100] batch [129/391] loss 0.7354 lr 0.034549150281252675 acc 85.16% eta 1:05:37
2023-04-07 19:50:44,230 - __main__ - INFO - [INFO] 2023-04-07 19:50:44.229929 Epoch [61/100] batch [257/391] loss 0.6206 lr 0.034549150281252675 acc 82.81% eta 1:04:21
2023-04-07 19:51:23,906 - __main__ - INFO - [INFO] 2023-04-07 19:51:23.906018 Epoch [61/100] batch [385/391] loss 0.6870 lr 0.034549150281252675 acc 84.38% eta 1:03:41
2023-04-07 19:51:25,619 - __main__ - INFO - Computing epoch 61 validation accuracy...
2023-04-07 19:51:32,763 - __main__ - INFO - Computing epoch 61 validation loss...
2023-04-07 19:51:40,524 - __main__ - INFO - [INFO] 2023-04-07 19:51:40.524625 Epoch [62/100] batch [1/391] loss 0.4707 lr 0.03306310398773546 acc 88.28% eta 0:52:05
2023-04-07 19:52:20,187 - __main__ - INFO - [INFO] 2023-04-07 19:52:20.187430 Epoch [62/100] batch [129/391] loss 0.7939 lr 0.03306310398773546 acc 85.94% eta 1:03:27
2023-04-07 19:52:59,604 - __main__ - INFO - [INFO] 2023-04-07 19:52:59.604155 Epoch [62/100] batch [257/391] loss 0.7598 lr 0.03306310398773546 acc 80.47% eta 1:02:31
2023-04-07 19:53:38,664 - __main__ - INFO - [INFO] 2023-04-07 19:53:38.664808 Epoch [62/100] batch [385/391] loss 0.6177 lr 0.03306310398773546 acc 86.72% eta 1:01:42
2023-04-07 19:53:40,433 - __main__ - INFO - Computing epoch 62 validation accuracy...
2023-04-07 19:53:47,772 - __main__ - INFO - Computing epoch 62 validation loss...
2023-04-07 19:53:55,362 - __main__ - INFO - [INFO] 2023-04-07 19:53:55.362572 Epoch [63/100] batch [1/391] loss 1.5879 lr 0.031593772365766146 acc 81.25% eta 1:04:39
2023-04-07 19:54:35,452 - __main__ - INFO - [INFO] 2023-04-07 19:54:35.451919 Epoch [63/100] batch [129/391] loss 0.5630 lr 0.031593772365766146 acc 82.81% eta 1:02:19
2023-04-07 19:55:15,042 - __main__ - INFO - [INFO] 2023-04-07 19:55:15.041852 Epoch [63/100] batch [257/391] loss 0.3669 lr 0.031593772365766146 acc 91.41% eta 1:01:14
2023-04-07 19:55:54,420 - __main__ - INFO - [INFO] 2023-04-07 19:55:54.419731 Epoch [63/100] batch [385/391] loss 0.7598 lr 0.031593772365766146 acc 82.03% eta 1:00:29
2023-04-07 19:55:56,345 - __main__ - INFO - Computing epoch 63 validation accuracy...
2023-04-07 19:56:03,394 - __main__ - INFO - Computing epoch 63 validation loss...
2023-04-07 19:56:11,082 - __main__ - INFO - [INFO] 2023-04-07 19:56:11.082191 Epoch [64/100] batch [1/391] loss 0.6274 lr 0.030142605468260992 acc 82.03% eta 1:03:08
2023-04-07 19:56:51,333 - __main__ - INFO - [INFO] 2023-04-07 19:56:51.332975 Epoch [64/100] batch [129/391] loss 0.5366 lr 0.030142605468260992 acc 82.03% eta 1:01:09
2023-04-07 19:57:30,709 - __main__ - INFO - [INFO] 2023-04-07 19:57:30.709299 Epoch [64/100] batch [257/391] loss 0.6479 lr 0.030142605468260992 acc 82.81% eta 0:59:45
2023-04-07 19:58:09,794 - __main__ - INFO - [INFO] 2023-04-07 19:58:09.794075 Epoch [64/100] batch [385/391] loss 0.6968 lr 0.030142605468260992 acc 80.47% eta 0:58:45
2023-04-07 19:58:11,594 - __main__ - INFO - Computing epoch 64 validation accuracy...
2023-04-07 19:58:18,943 - __main__ - INFO - Computing epoch 64 validation loss...
2023-04-07 19:58:26,570 - __main__ - INFO - [INFO] 2023-04-07 19:58:26.570386 Epoch [65/100] batch [1/391] loss 1.6191 lr 0.028711035421746394 acc 85.16% eta 0:56:56
2023-04-07 19:59:06,110 - __main__ - INFO - [INFO] 2023-04-07 19:59:06.110421 Epoch [65/100] batch [129/391] loss 0.5439 lr 0.028711035421746394 acc 89.06% eta 0:58:32
2023-04-07 19:59:45,207 - __main__ - INFO - [INFO] 2023-04-07 19:59:45.207484 Epoch [65/100] batch [257/391] loss 0.6245 lr 0.028711035421746394 acc 87.50% eta 0:57:18
2023-04-07 20:00:24,907 - __main__ - INFO - [INFO] 2023-04-07 20:00:24.907165 Epoch [65/100] batch [385/391] loss 0.6016 lr 0.028711035421746394 acc 86.72% eta 0:56:50
2023-04-07 20:00:26,738 - __main__ - INFO - Computing epoch 65 validation accuracy...
2023-04-07 20:00:33,941 - __main__ - INFO - Computing epoch 65 validation loss...
2023-04-07 20:00:41,226 - __main__ - INFO - [INFO] 2023-04-07 20:00:41.226790 Epoch [66/100] batch [1/391] loss 1.6113 lr 0.027300475013022688 acc 85.16% eta 0:58:50
2023-04-07 20:01:19,327 - __main__ - INFO - [INFO] 2023-04-07 20:01:19.326905 Epoch [66/100] batch [129/391] loss 0.4172 lr 0.027300475013022688 acc 89.84% eta 0:54:50
2023-04-07 20:01:58,668 - __main__ - INFO - [INFO] 2023-04-07 20:01:58.667886 Epoch [66/100] batch [257/391] loss 0.6382 lr 0.027300475013022688 acc 84.38% eta 0:54:53
2023-04-07 20:02:38,672 - __main__ - INFO - [INFO] 2023-04-07 20:02:38.672532 Epoch [66/100] batch [385/391] loss 0.6006 lr 0.027300475013022688 acc 86.72% eta 0:54:50
2023-04-07 20:02:40,407 - __main__ - INFO - Computing epoch 66 validation accuracy...
2023-04-07 20:02:47,501 - __main__ - INFO - Computing epoch 66 validation loss...
2023-04-07 20:02:55,258 - __main__ - INFO - [INFO] 2023-04-07 20:02:55.257910 Epoch [67/100] batch [1/391] loss 0.3611 lr 0.025912316294914254 acc 91.41% eta 0:59:35
2023-04-07 20:03:35,764 - __main__ - INFO - [INFO] 2023-04-07 20:03:35.764224 Epoch [67/100] batch [129/391] loss 0.5322 lr 0.025912316294914254 acc 88.28% eta 0:56:04
2023-04-07 20:04:14,722 - __main__ - INFO - [INFO] 2023-04-07 20:04:14.722061 Epoch [67/100] batch [257/391] loss 0.5098 lr 0.025912316294914254 acc 92.97% eta 0:54:25
2023-04-07 20:04:54,155 - __main__ - INFO - [INFO] 2023-04-07 20:04:54.155702 Epoch [67/100] batch [385/391] loss 0.6274 lr 0.025912316294914254 acc 87.50% eta 0:53:46
2023-04-07 20:04:55,936 - __main__ - INFO - Computing epoch 67 validation accuracy...
2023-04-07 20:05:03,219 - __main__ - INFO - Computing epoch 67 validation loss...
2023-04-07 20:05:10,820 - __main__ - INFO - [INFO] 2023-04-07 20:05:10.820117 Epoch [68/100] batch [1/391] loss 1.5186 lr 0.02454792921248146 acc 87.50% eta 0:50:32
2023-04-07 20:05:49,790 - __main__ - INFO - [INFO] 2023-04-07 20:05:49.790602 Epoch [68/100] batch [129/391] loss 0.4055 lr 0.02454792921248146 acc 89.84% eta 0:52:34
2023-04-07 20:06:28,740 - __main__ - INFO - [INFO] 2023-04-07 20:06:28.740526 Epoch [68/100] batch [257/391] loss 0.5293 lr 0.02454792921248146 acc 89.84% eta 0:51:58
2023-04-07 20:07:08,321 - __main__ - INFO - [INFO] 2023-04-07 20:07:08.320900 Epoch [68/100] batch [385/391] loss 0.5566 lr 0.02454792921248146 acc 86.72% eta 0:51:34
2023-04-07 20:07:10,130 - __main__ - INFO - Computing epoch 68 validation accuracy...
2023-04-07 20:07:17,350 - __main__ - INFO - Computing epoch 68 validation loss...
2023-04-07 20:07:24,771 - __main__ - INFO - [INFO] 2023-04-07 20:07:24.771015 Epoch [69/100] batch [1/391] loss 0.4688 lr 0.02320866025105018 acc 85.94% eta 0:45:53
2023-04-07 20:08:05,885 - __main__ - INFO - [INFO] 2023-04-07 20:08:05.885525 Epoch [69/100] batch [129/391] loss 0.5654 lr 0.02320866025105018 acc 89.84% eta 0:53:32
2023-04-07 20:08:45,435 - __main__ - INFO - [INFO] 2023-04-07 20:08:45.435038 Epoch [69/100] batch [257/391] loss 0.4417 lr 0.02320866025105018 acc 93.75% eta 0:52:03
2023-04-07 20:09:24,620 - __main__ - INFO - [INFO] 2023-04-07 20:09:24.620545 Epoch [69/100] batch [385/391] loss 0.4426 lr 0.02320866025105018 acc 92.19% eta 0:51:01
2023-04-07 20:09:26,437 - __main__ - INFO - Computing epoch 69 validation accuracy...
2023-04-07 20:09:33,891 - __main__ - INFO - Computing epoch 69 validation loss...
2023-04-07 20:09:41,608 - __main__ - INFO - [INFO] 2023-04-07 20:09:41.608599 Epoch [70/100] batch [1/391] loss 1.3281 lr 0.021895831107393487 acc 88.28% eta 0:56:21
2023-04-07 20:10:21,615 - __main__ - INFO - [INFO] 2023-04-07 20:10:21.614951 Epoch [70/100] batch [129/391] loss 0.3855 lr 0.021895831107393487 acc 96.09% eta 0:50:37
2023-04-07 20:11:01,667 - __main__ - INFO - [INFO] 2023-04-07 20:11:01.667262 Epoch [70/100] batch [257/391] loss 0.4143 lr 0.021895831107393487 acc 91.41% eta 0:50:13
2023-04-07 20:11:42,232 - __main__ - INFO - [INFO] 2023-04-07 20:11:42.232086 Epoch [70/100] batch [385/391] loss 0.3840 lr 0.021895831107393487 acc 85.16% eta 0:49:47
2023-04-07 20:11:43,952 - __main__ - INFO - Computing epoch 70 validation accuracy...
2023-04-07 20:11:51,263 - __main__ - INFO - Computing epoch 70 validation loss...
2023-04-07 20:11:58,681 - __main__ - INFO - [INFO] 2023-04-07 20:11:58.681078 Epoch [71/100] batch [1/391] loss 1.3906 lr 0.02061073738537637 acc 87.50% eta 0:52:40
2023-04-07 20:12:39,397 - __main__ - INFO - [INFO] 2023-04-07 20:12:39.396955 Epoch [71/100] batch [129/391] loss 0.3418 lr 0.02061073738537637 acc 93.75% eta 0:49:55
2023-04-07 20:13:18,721 - __main__ - INFO - [INFO] 2023-04-07 20:13:18.721625 Epoch [71/100] batch [257/391] loss 0.5498 lr 0.02061073738537637 acc 91.41% eta 0:48:23
2023-04-07 20:13:57,971 - __main__ - INFO - [INFO] 2023-04-07 20:13:57.971560 Epoch [71/100] batch [385/391] loss 0.3398 lr 0.02061073738537637 acc 92.97% eta 0:47:30
2023-04-07 20:13:59,708 - __main__ - INFO - Computing epoch 71 validation accuracy...
2023-04-07 20:14:06,923 - __main__ - INFO - Computing epoch 71 validation loss...
2023-04-07 20:14:14,706 - __main__ - INFO - [INFO] 2023-04-07 20:14:14.705822 Epoch [72/100] batch [1/391] loss 1.2832 lr 0.01935464731735119 acc 91.41% eta 0:51:11
2023-04-07 20:14:54,390 - __main__ - INFO - [INFO] 2023-04-07 20:14:54.390794 Epoch [72/100] batch [129/391] loss 0.3315 lr 0.01935464731735119 acc 91.41% eta 0:46:54
2023-04-07 20:15:33,707 - __main__ - INFO - [INFO] 2023-04-07 20:15:33.707519 Epoch [72/100] batch [257/391] loss 0.3953 lr 0.01935464731735119 acc 94.53% eta 0:46:02
2023-04-07 20:16:14,075 - __main__ - INFO - [INFO] 2023-04-07 20:16:14.075570 Epoch [72/100] batch [385/391] loss 0.5259 lr 0.01935464731735119 acc 89.06% eta 0:45:47
2023-04-07 20:16:15,801 - __main__ - INFO - Computing epoch 72 validation accuracy...
2023-04-07 20:16:23,086 - __main__ - INFO - Computing epoch 72 validation loss...
2023-04-07 20:16:30,619 - __main__ - INFO - [INFO] 2023-04-07 20:16:30.619117 Epoch [73/100] batch [1/391] loss 1.3135 lr 0.018128800512565532 acc 89.84% eta 0:47:08
2023-04-07 20:17:10,237 - __main__ - INFO - [INFO] 2023-04-07 20:17:10.237701 Epoch [73/100] batch [129/391] loss 0.2676 lr 0.018128800512565532 acc 95.31% eta 0:45:15
2023-04-07 20:17:49,482 - __main__ - INFO - [INFO] 2023-04-07 20:17:49.482311 Epoch [73/100] batch [257/391] loss 0.2520 lr 0.018128800512565532 acc 96.88% eta 0:44:25
2023-04-07 20:18:28,539 - __main__ - INFO - [INFO] 2023-04-07 20:18:28.539352 Epoch [73/100] batch [385/391] loss 0.5425 lr 0.018128800512565532 acc 90.62% eta 0:43:43
2023-04-07 20:18:30,340 - __main__ - INFO - Computing epoch 73 validation accuracy...
2023-04-07 20:18:37,659 - __main__ - INFO - Computing epoch 73 validation loss...
2023-04-07 20:18:45,234 - __main__ - INFO - [INFO] 2023-04-07 20:18:45.234572 Epoch [74/100] batch [1/391] loss 1.3516 lr 0.016934406733817433 acc 91.41% eta 0:49:51
2023-04-07 20:19:24,952 - __main__ - INFO - [INFO] 2023-04-07 20:19:24.952191 Epoch [74/100] batch [129/391] loss 0.3218 lr 0.016934406733817433 acc 94.53% eta 0:43:27
2023-04-07 20:20:04,269 - __main__ - INFO - [INFO] 2023-04-07 20:20:04.269073 Epoch [74/100] batch [257/391] loss 0.2871 lr 0.016934406733817433 acc 98.44% eta 0:42:40
2023-04-07 20:20:43,360 - __main__ - INFO - [INFO] 2023-04-07 20:20:43.360380 Epoch [74/100] batch [385/391] loss 0.3569 lr 0.016934406733817433 acc 92.97% eta 0:42:06
2023-04-07 20:20:45,188 - __main__ - INFO - Computing epoch 74 validation accuracy...
2023-04-07 20:20:52,498 - __main__ - INFO - Computing epoch 74 validation loss...
2023-04-07 20:21:00,094 - __main__ - INFO - [INFO] 2023-04-07 20:21:00.094461 Epoch [75/100] batch [1/391] loss 1.2383 lr 0.01577264470356558 acc 92.19% eta 0:42:36
2023-04-07 20:21:39,429 - __main__ - INFO - [INFO] 2023-04-07 20:21:39.429799 Epoch [75/100] batch [129/391] loss 0.4048 lr 0.01577264470356558 acc 90.62% eta 0:41:19
2023-04-07 20:22:18,840 - __main__ - INFO - [INFO] 2023-04-07 20:22:18.840659 Epoch [75/100] batch [257/391] loss 0.2693 lr 0.01577264470356558 acc 96.09% eta 0:40:54
2023-04-07 20:22:57,749 - __main__ - INFO - [INFO] 2023-04-07 20:22:57.749021 Epoch [75/100] batch [385/391] loss 0.3042 lr 0.01577264470356558 acc 94.53% eta 0:40:20
2023-04-07 20:22:59,579 - __main__ - INFO - Computing epoch 75 validation accuracy...
2023-04-07 20:23:06,818 - __main__ - INFO - Computing epoch 75 validation loss...
2023-04-07 20:23:14,379 - __main__ - INFO - [INFO] 2023-04-07 20:23:14.379545 Epoch [76/100] batch [1/391] loss 0.2603 lr 0.014644660940672643 acc 99.22% eta 0:42:02
2023-04-07 20:23:54,203 - __main__ - INFO - [INFO] 2023-04-07 20:23:54.202988 Epoch [76/100] batch [129/391] loss 0.1967 lr 0.014644660940672643 acc 96.88% eta 0:40:44
2023-04-07 20:24:34,051 - __main__ - INFO - [INFO] 2023-04-07 20:24:34.051804 Epoch [76/100] batch [257/391] loss 0.2871 lr 0.014644660940672643 acc 96.09% eta 0:40:03
2023-04-07 20:25:12,794 - __main__ - INFO - [INFO] 2023-04-07 20:25:12.794601 Epoch [76/100] batch [385/391] loss 0.2440 lr 0.014644660940672643 acc 97.66% eta 0:39:06
2023-04-07 20:25:14,564 - __main__ - INFO - Computing epoch 76 validation accuracy...
2023-04-07 20:25:21,885 - __main__ - INFO - Computing epoch 76 validation loss...
2023-04-07 20:25:29,593 - __main__ - INFO - [INFO] 2023-04-07 20:25:29.593682 Epoch [77/100] batch [1/391] loss 1.1191 lr 0.013551568628929448 acc 95.31% eta 0:43:36
2023-04-07 20:26:09,177 - __main__ - INFO - [INFO] 2023-04-07 20:26:09.177634 Epoch [77/100] batch [129/391] loss 0.1787 lr 0.013551568628929448 acc 98.44% eta 0:38:31
2023-04-07 20:26:48,043 - __main__ - INFO - [INFO] 2023-04-07 20:26:48.043478 Epoch [77/100] batch [257/391] loss 0.2281 lr 0.013551568628929448 acc 96.88% eta 0:37:45
2023-04-07 20:27:27,304 - __main__ - INFO - [INFO] 2023-04-07 20:27:27.304054 Epoch [77/100] batch [385/391] loss 0.3186 lr 0.013551568628929448 acc 95.31% eta 0:37:08
2023-04-07 20:27:28,937 - __main__ - INFO - Computing epoch 77 validation accuracy...
2023-04-07 20:27:36,272 - __main__ - INFO - Computing epoch 77 validation loss...
2023-04-07 20:27:43,902 - __main__ - INFO - [INFO] 2023-04-07 20:27:43.902181 Epoch [78/100] batch [1/391] loss 0.2212 lr 0.012494446518477033 acc 94.53% eta 0:41:50
2023-04-07 20:28:23,958 - __main__ - INFO - [INFO] 2023-04-07 20:28:23.958508 Epoch [78/100] batch [129/391] loss 0.2103 lr 0.012494446518477033 acc 97.66% eta 0:37:31
2023-04-07 20:29:03,496 - __main__ - INFO - [INFO] 2023-04-07 20:29:03.496513 Epoch [78/100] batch [257/391] loss 0.2128 lr 0.012494446518477033 acc 96.88% eta 0:36:35
2023-04-07 20:29:43,764 - __main__ - INFO - [INFO] 2023-04-07 20:29:43.764201 Epoch [78/100] batch [385/391] loss 0.1898 lr 0.012494446518477033 acc 97.66% eta 0:36:07
2023-04-07 20:29:45,536 - __main__ - INFO - Computing epoch 78 validation accuracy...
2023-04-07 20:29:52,787 - __main__ - INFO - Computing epoch 78 validation loss...
2023-04-07 20:30:00,423 - __main__ - INFO - [INFO] 2023-04-07 20:30:00.423228 Epoch [79/100] batch [1/391] loss 1.0020 lr 0.011474337861210555 acc 95.31% eta 0:34:40
2023-04-07 20:30:39,821 - __main__ - INFO - [INFO] 2023-04-07 20:30:39.821663 Epoch [79/100] batch [129/391] loss 0.1429 lr 0.011474337861210555 acc 99.22% eta 0:35:11
2023-04-07 20:31:19,376 - __main__ - INFO - [INFO] 2023-04-07 20:31:19.376557 Epoch [79/100] batch [257/391] loss 0.1818 lr 0.011474337861210555 acc 98.44% eta 0:34:41
2023-04-07 20:31:59,046 - __main__ - INFO - [INFO] 2023-04-07 20:31:59.046607 Epoch [79/100] batch [385/391] loss 0.3286 lr 0.011474337861210555 acc 95.31% eta 0:34:08
2023-04-07 20:32:00,728 - __main__ - INFO - Computing epoch 79 validation accuracy...
2023-04-07 20:32:07,846 - __main__ - INFO - Computing epoch 79 validation loss...
2023-04-07 20:32:15,479 - __main__ - INFO - [INFO] 2023-04-07 20:32:15.479000 Epoch [80/100] batch [1/391] loss 1.0732 lr 0.01049224938121549 acc 97.66% eta 0:34:41
2023-04-07 20:32:55,531 - __main__ - INFO - [INFO] 2023-04-07 20:32:55.531307 Epoch [80/100] batch [129/391] loss 0.1549 lr 0.01049224938121549 acc 98.44% eta 0:34:18
2023-04-07 20:33:35,025 - __main__ - INFO - [INFO] 2023-04-07 20:33:35.025418 Epoch [80/100] batch [257/391] loss 0.1321 lr 0.01049224938121549 acc 98.44% eta 0:33:23
2023-04-07 20:34:14,123 - __main__ - INFO - [INFO] 2023-04-07 20:34:14.122931 Epoch [80/100] batch [385/391] loss 0.1615 lr 0.01049224938121549 acc 97.66% eta 0:32:36
2023-04-07 20:34:15,932 - __main__ - INFO - Computing epoch 80 validation accuracy...
2023-04-07 20:34:23,404 - __main__ - INFO - Computing epoch 80 validation loss...
2023-04-07 20:34:31,101 - __main__ - INFO - [INFO] 2023-04-07 20:34:31.101533 Epoch [81/100] batch [1/391] loss 0.8901 lr 0.009549150281252642 acc 98.44% eta 0:37:38
2023-04-07 20:35:10,932 - __main__ - INFO - [INFO] 2023-04-07 20:35:10.932690 Epoch [81/100] batch [129/391] loss 0.1503 lr 0.009549150281252642 acc 99.22% eta 0:32:18
2023-04-07 20:35:50,247 - __main__ - INFO - [INFO] 2023-04-07 20:35:50.247609 Epoch [81/100] batch [257/391] loss 0.1661 lr 0.009549150281252642 acc 98.44% eta 0:31:28
2023-04-07 20:36:29,973 - __main__ - INFO - [INFO] 2023-04-07 20:36:29.973638 Epoch [81/100] batch [385/391] loss 0.1353 lr 0.009549150281252642 acc 99.22% eta 0:30:57
2023-04-07 20:36:31,765 - __main__ - INFO - Computing epoch 81 validation accuracy...
2023-04-07 20:36:38,827 - __main__ - INFO - Computing epoch 81 validation loss...
2023-04-07 20:36:46,667 - __main__ - INFO - [INFO] 2023-04-07 20:36:46.667059 Epoch [82/100] batch [1/391] loss 0.0971 lr 0.008645971286271922 acc 99.22% eta 0:34:13
2023-04-07 20:37:26,875 - __main__ - INFO - [INFO] 2023-04-07 20:37:26.875602 Epoch [82/100] batch [129/391] loss 0.1400 lr 0.008645971286271922 acc 98.44% eta 0:30:53
2023-04-07 20:38:06,115 - __main__ - INFO - [INFO] 2023-04-07 20:38:06.114929 Epoch [82/100] batch [257/391] loss 0.0999 lr 0.008645971286271922 acc 98.44% eta 0:29:53
2023-04-07 20:38:45,093 - __main__ - INFO - [INFO] 2023-04-07 20:38:45.093465 Epoch [82/100] batch [385/391] loss 0.1106 lr 0.008645971286271922 acc 99.22% eta 0:29:12
2023-04-07 20:38:46,859 - __main__ - INFO - Computing epoch 82 validation accuracy...
2023-04-07 20:38:54,157 - __main__ - INFO - Computing epoch 82 validation loss...
2023-04-07 20:39:01,912 - __main__ - INFO - [INFO] 2023-04-07 20:39:01.912250 Epoch [83/100] batch [1/391] loss 0.1118 lr 0.007783603724899264 acc 98.44% eta 0:31:37
2023-04-07 20:39:41,232 - __main__ - INFO - [INFO] 2023-04-07 20:39:41.232516 Epoch [83/100] batch [129/391] loss 0.0842 lr 0.007783603724899264 acc 100.00% eta 0:28:38
2023-04-07 20:40:20,144 - __main__ - INFO - [INFO] 2023-04-07 20:40:20.144538 Epoch [83/100] batch [257/391] loss 0.0775 lr 0.007783603724899264 acc 100.00% eta 0:27:54
2023-04-07 20:40:59,833 - __main__ - INFO - [INFO] 2023-04-07 20:40:59.833721 Epoch [83/100] batch [385/391] loss 0.1404 lr 0.007783603724899264 acc 98.44% eta 0:27:29
2023-04-07 20:41:01,626 - __main__ - INFO - Computing epoch 83 validation accuracy...
2023-04-07 20:41:08,669 - __main__ - INFO - Computing epoch 83 validation loss...
2023-04-07 20:41:16,338 - __main__ - INFO - [INFO] 2023-04-07 20:41:16.338364 Epoch [84/100] batch [1/391] loss 0.0518 lr 0.006962898649802819 acc 100.00% eta 0:28:25
2023-04-07 20:41:56,252 - __main__ - INFO - [INFO] 2023-04-07 20:41:56.252229 Epoch [84/100] batch [129/391] loss 0.0853 lr 0.006962898649802819 acc 99.22% eta 0:27:20
2023-04-07 20:42:35,613 - __main__ - INFO - [INFO] 2023-04-07 20:42:35.613011 Epoch [84/100] batch [257/391] loss 0.0799 lr 0.006962898649802819 acc 100.00% eta 0:26:34
2023-04-07 20:43:15,012 - __main__ - INFO - [INFO] 2023-04-07 20:43:15.012418 Epoch [84/100] batch [385/391] loss 0.1066 lr 0.006962898649802819 acc 97.66% eta 0:25:59
2023-04-07 20:43:16,702 - __main__ - INFO - Computing epoch 84 validation accuracy...
2023-04-07 20:43:24,041 - __main__ - INFO - Computing epoch 84 validation loss...
2023-04-07 20:43:31,719 - __main__ - INFO - [INFO] 2023-04-07 20:43:31.719740 Epoch [85/100] batch [1/391] loss 0.9502 lr 0.0061846659978068265 acc 99.22% eta 0:29:55
2023-04-07 20:44:11,313 - __main__ - INFO - [INFO] 2023-04-07 20:44:11.313411 Epoch [85/100] batch [129/391] loss 0.0762 lr 0.0061846659978068265 acc 99.22% eta 0:25:37
2023-04-07 20:44:51,298 - __main__ - INFO - [INFO] 2023-04-07 20:44:51.298299 Epoch [85/100] batch [257/391] loss 0.1195 lr 0.0061846659978068265 acc 100.00% eta 0:25:09
2023-04-07 20:45:31,248 - __main__ - INFO - [INFO] 2023-04-07 20:45:31.248308 Epoch [85/100] batch [385/391] loss 0.0462 lr 0.0061846659978068265 acc 100.00% eta 0:24:37
2023-04-07 20:45:32,929 - __main__ - INFO - Computing epoch 85 validation accuracy...
2023-04-07 20:45:40,116 - __main__ - INFO - Computing epoch 85 validation loss...
2023-04-07 20:45:47,893 - __main__ - INFO - [INFO] 2023-04-07 20:45:47.893111 Epoch [86/100] batch [1/391] loss 0.7954 lr 0.005449673790581615 acc 99.22% eta 0:26:09
2023-04-07 20:46:27,657 - __main__ - INFO - [INFO] 2023-04-07 20:46:27.656883 Epoch [86/100] batch [129/391] loss 0.1083 lr 0.005449673790581615 acc 99.22% eta 0:24:03
2023-04-07 20:47:06,845 - __main__ - INFO - [INFO] 2023-04-07 20:47:06.845132 Epoch [86/100] batch [257/391] loss 0.0462 lr 0.005449673790581615 acc 99.22% eta 0:23:17
2023-04-07 20:47:46,044 - __main__ - INFO - [INFO] 2023-04-07 20:47:46.044245 Epoch [86/100] batch [385/391] loss 0.0279 lr 0.005449673790581615 acc 100.00% eta 0:22:40
2023-04-07 20:47:47,889 - __main__ - INFO - Computing epoch 86 validation accuracy...
2023-04-07 20:47:55,687 - __main__ - INFO - Computing epoch 86 validation loss...
2023-04-07 20:48:04,006 - __main__ - INFO - [INFO] 2023-04-07 20:48:04.006582 Epoch [87/100] batch [1/391] loss 0.8384 lr 0.004758647376699036 acc 98.44% eta 0:23:47
2023-04-07 20:48:43,983 - __main__ - INFO - [INFO] 2023-04-07 20:48:43.983481 Epoch [87/100] batch [129/391] loss 0.0629 lr 0.004758647376699036 acc 100.00% eta 0:22:25
2023-04-07 20:49:23,969 - __main__ - INFO - [INFO] 2023-04-07 20:49:23.968928 Epoch [87/100] batch [257/391] loss 0.0438 lr 0.004758647376699036 acc 100.00% eta 0:21:59
2023-04-07 20:50:04,548 - __main__ - INFO - [INFO] 2023-04-07 20:50:04.548601 Epoch [87/100] batch [385/391] loss 0.0746 lr 0.004758647376699036 acc 99.22% eta 0:21:35
2023-04-07 20:50:06,394 - __main__ - INFO - Computing epoch 87 validation accuracy...
2023-04-07 20:50:13,632 - __main__ - INFO - Computing epoch 87 validation loss...
2023-04-07 20:50:21,218 - __main__ - INFO - [INFO] 2023-04-07 20:50:21.218137 Epoch [88/100] batch [1/391] loss 0.7256 lr 0.004112268715800957 acc 100.00% eta 0:18:59
2023-04-07 20:51:01,461 - __main__ - INFO - [INFO] 2023-04-07 20:51:01.461660 Epoch [88/100] batch [129/391] loss 0.0294 lr 0.004112268715800957 acc 100.00% eta 0:20:55
2023-04-07 20:51:40,575 - __main__ - INFO - [INFO] 2023-04-07 20:51:40.575044 Epoch [88/100] batch [257/391] loss 0.0334 lr 0.004112268715800957 acc 100.00% eta 0:20:04
2023-04-07 20:52:20,037 - __main__ - INFO - [INFO] 2023-04-07 20:52:20.037740 Epoch [88/100] batch [385/391] loss 0.0423 lr 0.004112268715800957 acc 100.00% eta 0:19:32
2023-04-07 20:52:21,831 - __main__ - INFO - Computing epoch 88 validation accuracy...
2023-04-07 20:52:29,219 - __main__ - INFO - Computing epoch 88 validation loss...
2023-04-07 20:52:36,882 - __main__ - INFO - [INFO] 2023-04-07 20:52:36.881818 Epoch [89/100] batch [1/391] loss 0.7686 lr 0.003511175705587435 acc 100.00% eta 0:21:12
2023-04-07 20:53:18,095 - __main__ - INFO - [INFO] 2023-04-07 20:53:18.094971 Epoch [89/100] batch [129/391] loss 0.0363 lr 0.003511175705587435 acc 100.00% eta 0:19:52
2023-04-07 20:53:57,484 - __main__ - INFO - [INFO] 2023-04-07 20:53:57.484329 Epoch [89/100] batch [257/391] loss 0.0433 lr 0.003511175705587435 acc 100.00% eta 0:18:50
2023-04-07 20:54:37,177 - __main__ - INFO - [INFO] 2023-04-07 20:54:37.176932 Epoch [89/100] batch [385/391] loss 0.0343 lr 0.003511175705587435 acc 100.00% eta 0:18:11
2023-04-07 20:54:38,923 - __main__ - INFO - Computing epoch 89 validation accuracy...
2023-04-07 20:54:46,194 - __main__ - INFO - Computing epoch 89 validation loss...
2023-04-07 20:54:53,801 - __main__ - INFO - [INFO] 2023-04-07 20:54:53.801720 Epoch [90/100] batch [1/391] loss 0.0179 lr 0.0029559615522887295 acc 100.00% eta 0:18:18
2023-04-07 20:55:33,870 - __main__ - INFO - [INFO] 2023-04-07 20:55:33.870163 Epoch [90/100] batch [129/391] loss 0.0852 lr 0.0029559615522887295 acc 99.22% eta 0:17:35
2023-04-07 20:56:14,615 - __main__ - INFO - [INFO] 2023-04-07 20:56:14.614803 Epoch [90/100] batch [257/391] loss 0.0220 lr 0.0029559615522887295 acc 99.22% eta 0:17:09
2023-04-07 20:56:54,222 - __main__ - INFO - [INFO] 2023-04-07 20:56:54.222310 Epoch [90/100] batch [385/391] loss 0.0410 lr 0.0029559615522887295 acc 100.00% eta 0:16:30
2023-04-07 20:56:55,982 - __main__ - INFO - Computing epoch 90 validation accuracy...
2023-04-07 20:57:03,387 - __main__ - INFO - Computing epoch 90 validation loss...
2023-04-07 20:57:11,119 - __main__ - INFO - [INFO] 2023-04-07 20:57:11.119288 Epoch [91/100] batch [1/391] loss 0.0318 lr 0.0024471741852423253 acc 100.00% eta 0:17:45
2023-04-07 20:57:50,313 - __main__ - INFO - [INFO] 2023-04-07 20:57:50.312981 Epoch [91/100] batch [129/391] loss 0.0266 lr 0.0024471741852423253 acc 100.00% eta 0:15:41
2023-04-07 20:58:29,791 - __main__ - INFO - [INFO] 2023-04-07 20:58:29.791148 Epoch [91/100] batch [257/391] loss 0.0248 lr 0.0024471741852423253 acc 100.00% eta 0:15:08
2023-04-07 20:59:09,702 - __main__ - INFO - [INFO] 2023-04-07 20:59:09.702763 Epoch [91/100] batch [385/391] loss 0.0147 lr 0.0024471741852423253 acc 100.00% eta 0:14:38
2023-04-07 20:59:11,449 - __main__ - INFO - Computing epoch 91 validation accuracy...
2023-04-07 20:59:18,722 - __main__ - INFO - Computing epoch 91 validation loss...
2023-04-07 20:59:26,353 - __main__ - INFO - [INFO] 2023-04-07 20:59:26.353164 Epoch [92/100] batch [1/391] loss 0.0168 lr 0.0019853157161528537 acc 100.00% eta 0:16:13
2023-04-07 21:00:06,909 - __main__ - INFO - [INFO] 2023-04-07 21:00:06.909351 Epoch [92/100] batch [129/391] loss 0.0299 lr 0.0019853157161528537 acc 99.22% eta 0:14:26
2023-04-07 21:00:46,593 - __main__ - INFO - [INFO] 2023-04-07 21:00:46.592905 Epoch [92/100] batch [257/391] loss 0.0338 lr 0.0019853157161528537 acc 100.00% eta 0:13:46
2023-04-07 21:01:27,064 - __main__ - INFO - [INFO] 2023-04-07 21:01:27.064287 Epoch [92/100] batch [385/391] loss 0.0158 lr 0.0019853157161528537 acc 100.00% eta 0:13:15
2023-04-07 21:01:28,912 - __main__ - INFO - Computing epoch 92 validation accuracy...
2023-04-07 21:01:36,223 - __main__ - INFO - Computing epoch 92 validation loss...
2023-04-07 21:01:43,891 - __main__ - INFO - [INFO] 2023-04-07 21:01:43.891789 Epoch [93/100] batch [1/391] loss 0.0134 lr 0.0015708419435684529 acc 100.00% eta 0:12:26
2023-04-07 21:02:23,721 - __main__ - INFO - [INFO] 2023-04-07 21:02:23.720833 Epoch [93/100] batch [129/391] loss 0.0141 lr 0.0015708419435684529 acc 100.00% eta 0:12:37
2023-04-07 21:03:02,730 - __main__ - INFO - [INFO] 2023-04-07 21:03:02.729818 Epoch [93/100] batch [257/391] loss 0.0113 lr 0.0015708419435684529 acc 100.00% eta 0:11:55
2023-04-07 21:03:42,332 - __main__ - INFO - [INFO] 2023-04-07 21:03:42.332062 Epoch [93/100] batch [385/391] loss 0.0087 lr 0.0015708419435684529 acc 100.00% eta 0:11:23
2023-04-07 21:03:44,128 - __main__ - INFO - Computing epoch 93 validation accuracy...
2023-04-07 21:03:51,448 - __main__ - INFO - Computing epoch 93 validation loss...
2023-04-07 21:03:58,800 - __main__ - INFO - [INFO] 2023-04-07 21:03:58.800146 Epoch [94/100] batch [1/391] loss 0.5972 lr 0.0012041619030626347 acc 100.00% eta 0:11:58
2023-04-07 21:04:38,548 - __main__ - INFO - [INFO] 2023-04-07 21:04:38.548311 Epoch [94/100] batch [129/391] loss 0.0225 lr 0.0012041619030626347 acc 99.22% eta 0:10:54
2023-04-07 21:05:18,063 - __main__ - INFO - [INFO] 2023-04-07 21:05:18.063561 Epoch [94/100] batch [257/391] loss 0.0249 lr 0.0012041619030626347 acc 100.00% eta 0:10:19
2023-04-07 21:05:57,469 - __main__ - INFO - [INFO] 2023-04-07 21:05:57.469274 Epoch [94/100] batch [385/391] loss 0.0256 lr 0.0012041619030626347 acc 100.00% eta 0:09:45
2023-04-07 21:05:59,249 - __main__ - INFO - Computing epoch 94 validation accuracy...
2023-04-07 21:06:06,595 - __main__ - INFO - Computing epoch 94 validation loss...
2023-04-07 21:06:14,240 - __main__ - INFO - [INFO] 2023-04-07 21:06:14.240274 Epoch [95/100] batch [1/391] loss 0.0110 lr 0.0008856374635655646 acc 100.00% eta 0:08:18
2023-04-07 21:06:53,872 - __main__ - INFO - [INFO] 2023-04-07 21:06:53.872013 Epoch [95/100] batch [129/391] loss 0.0155 lr 0.0008856374635655646 acc 100.00% eta 0:09:18
2023-04-07 21:07:32,614 - __main__ - INFO - [INFO] 2023-04-07 21:07:32.614714 Epoch [95/100] batch [257/391] loss 0.0258 lr 0.0008856374635655646 acc 100.00% eta 0:08:37
2023-04-07 21:08:12,408 - __main__ - INFO - [INFO] 2023-04-07 21:08:12.408096 Epoch [95/100] batch [385/391] loss 0.0254 lr 0.0008856374635655646 acc 100.00% eta 0:08:08
2023-04-07 21:08:14,224 - __main__ - INFO - Computing epoch 95 validation accuracy...
2023-04-07 21:08:22,451 - __main__ - INFO - Computing epoch 95 validation loss...
2023-04-07 21:08:30,286 - __main__ - INFO - [INFO] 2023-04-07 21:08:30.285982 Epoch [96/100] batch [1/391] loss 0.6196 lr 0.0006155829702431174 acc 100.00% eta 0:08:21
2023-04-07 21:09:10,316 - __main__ - INFO - [INFO] 2023-04-07 21:09:10.316373 Epoch [96/100] batch [129/391] loss 0.0320 lr 0.0006155829702431174 acc 98.44% eta 0:07:42
2023-04-07 21:09:49,360 - __main__ - INFO - [INFO] 2023-04-07 21:09:49.360117 Epoch [96/100] batch [257/391] loss 0.0142 lr 0.0006155829702431174 acc 100.00% eta 0:07:04
2023-04-07 21:10:28,961 - __main__ - INFO - [INFO] 2023-04-07 21:10:28.960862 Epoch [96/100] batch [385/391] loss 0.0297 lr 0.0006155829702431174 acc 99.22% eta 0:06:32
2023-04-07 21:10:30,759 - __main__ - INFO - Computing epoch 96 validation accuracy...
2023-04-07 21:10:38,082 - __main__ - INFO - Computing epoch 96 validation loss...
2023-04-07 21:10:45,762 - __main__ - INFO - [INFO] 2023-04-07 21:10:45.762462 Epoch [97/100] batch [1/391] loss 0.0211 lr 0.00039426493427611206 acc 100.00% eta 0:06:47
2023-04-07 21:11:25,014 - __main__ - INFO - [INFO] 2023-04-07 21:11:25.014367 Epoch [97/100] batch [129/391] loss 0.0264 lr 0.00039426493427611206 acc 100.00% eta 0:05:56
2023-04-07 21:12:04,641 - __main__ - INFO - [INFO] 2023-04-07 21:12:04.641500 Epoch [97/100] batch [257/391] loss 0.0317 lr 0.00039426493427611206 acc 100.00% eta 0:05:25
2023-04-07 21:12:44,224 - __main__ - INFO - [INFO] 2023-04-07 21:12:44.223874 Epoch [97/100] batch [385/391] loss 0.0255 lr 0.00039426493427611206 acc 100.00% eta 0:04:54
2023-04-07 21:12:46,036 - __main__ - INFO - Computing epoch 97 validation accuracy...
2023-04-07 21:12:53,326 - __main__ - INFO - Computing epoch 97 validation loss...
2023-04-07 21:13:00,775 - __main__ - INFO - [INFO] 2023-04-07 21:13:00.774994 Epoch [98/100] batch [1/391] loss 0.0092 lr 0.00022190176984600036 acc 100.00% eta 0:04:29
2023-04-07 21:13:41,211 - __main__ - INFO - [INFO] 2023-04-07 21:13:41.211206 Epoch [98/100] batch [129/391] loss 0.0103 lr 0.00022190176984600036 acc 100.00% eta 0:04:26
2023-04-07 21:14:20,385 - __main__ - INFO - [INFO] 2023-04-07 21:14:20.385261 Epoch [98/100] batch [257/391] loss 0.0139 lr 0.00022190176984600036 acc 100.00% eta 0:03:50
2023-04-07 21:15:00,046 - __main__ - INFO - [INFO] 2023-04-07 21:15:00.046665 Epoch [98/100] batch [385/391] loss 0.0170 lr 0.00022190176984600036 acc 100.00% eta 0:03:17
2023-04-07 21:15:01,920 - __main__ - INFO - Computing epoch 98 validation accuracy...
2023-04-07 21:15:09,820 - __main__ - INFO - Computing epoch 98 validation loss...
2023-04-07 21:15:17,564 - __main__ - INFO - [INFO] 2023-04-07 21:15:17.564426 Epoch [99/100] batch [1/391] loss 0.5698 lr 9.866357858642213e-05 acc 100.00% eta 0:03:15
2023-04-07 21:15:58,514 - __main__ - INFO - [INFO] 2023-04-07 21:15:58.514455 Epoch [99/100] batch [129/391] loss 0.0164 lr 9.866357858642213e-05 acc 100.00% eta 0:02:49
2023-04-07 21:16:38,214 - __main__ - INFO - [INFO] 2023-04-07 21:16:38.214487 Epoch [99/100] batch [257/391] loss 0.0387 lr 9.866357858642213e-05 acc 99.22% eta 0:02:13
2023-04-07 21:17:17,683 - __main__ - INFO - [INFO] 2023-04-07 21:17:17.682924 Epoch [99/100] batch [385/391] loss 0.0159 lr 9.866357858642213e-05 acc 100.00% eta 0:01:40
2023-04-07 21:17:19,477 - __main__ - INFO - Computing epoch 99 validation accuracy...
2023-04-07 21:17:26,973 - __main__ - INFO - Computing epoch 99 validation loss...
2023-04-07 21:17:34,442 - __main__ - INFO - [INFO] 2023-04-07 21:17:34.442515 Epoch [100/100] batch [1/391] loss 0.0200 lr 2.4671981713420017e-05 acc 100.00% eta 0:01:27
2023-04-07 21:18:14,604 - __main__ - INFO - [INFO] 2023-04-07 21:18:14.603864 Epoch [100/100] batch [129/391] loss 0.0409 lr 2.4671981713420017e-05 acc 100.00% eta 0:01:06
2023-04-07 21:18:54,174 - __main__ - INFO - [INFO] 2023-04-07 21:18:54.174743 Epoch [100/100] batch [257/391] loss 0.0181 lr 2.4671981713420017e-05 acc 100.00% eta 0:00:33
2023-04-07 21:19:33,590 - __main__ - INFO - [INFO] 2023-04-07 21:19:33.590781 Epoch [100/100] batch [385/391] loss 0.0262 lr 2.4671981713420017e-05 acc 99.22% eta 0:00:01
2023-04-07 21:19:35,504 - __main__ - INFO - Computing epoch 100 validation accuracy...
2023-04-07 21:19:42,913 - __main__ - INFO - Computing epoch 100 validation loss...
2023-04-07 21:19:50,444 - __main__ - INFO - Reading testing data set cifar100
2023-04-07 21:19:51,207 - __main__ - INFO - Loading trained model...
2023-04-07 21:20:00,277 - __main__ - INFO - Testing acc : 77.72%.
