2023-04-24 10:47:44,084 - __main__ - INFO - 

2023-04-24 10:47:44,084 - __main__ - INFO - ***************
2023-04-24 10:47:44,084 - __main__ - INFO - ** Arguments **
2023-04-24 10:47:44,084 - __main__ - INFO - ***************
2023-04-24 10:47:44,084 - __main__ - INFO - backbone: densenet100
2023-04-24 10:47:44,085 - __main__ - INFO - dataname: cifar10
2023-04-24 10:47:44,085 - __main__ - INFO - drop_method: db
2023-04-24 10:47:44,085 - __main__ - INFO - drop_rate: 0.3
2023-04-24 10:47:44,085 - __main__ - INFO - eval_only: 0
2023-04-24 10:47:44,085 - __main__ - INFO - output_path: checkpoints/cifar10/densenet100/drop_db/rate_0.3/seed3
2023-04-24 10:47:44,085 - __main__ - INFO - part_rate: 0.1
2023-04-24 10:47:44,085 - __main__ - INFO - seed: 3
2023-04-24 10:47:44,085 - __main__ - INFO - weight_decay: 0.0005
2023-04-24 10:47:44,085 - __main__ - INFO - ************
2023-04-24 10:47:44,085 - __main__ - INFO - ** Config **
2023-04-24 10:47:44,085 - __main__ - INFO - ************
2023-04-24 10:47:44,085 - __main__ - INFO - {'DATALOADER': {'PATH': './data', 'DATANAME': 'cifar10', 'BATCH_SIZE': 128, 'NUM_CLASSES': 10}, 'INPUT': {'SIZE': [32, 32], 'PIXEL_MEAN': [0.4914, 0.4822, 0.4465], 'PIXEL_STD': [0.2023, 0.1994, 0.201]}, 'OUTPUT': {'DIR': 'checkpoints/cifar10/densenet100/drop_db/rate_0.3/seed3'}, 'SEED': 3, 'OPTIM': {'LR': 0.1, 'MAX_EPOCH': 100, 'LR_SCHEDULER': 'step', 'LR_MILESTONES': [20, 40, 80, 120, 140], 'LR_DECAY': 0.2, 'PART_RATE': 0.1, 'PREC': 'fp16', 'WEIGHT_DECAY': 0.0005, 'DROP_RATE': 0.3, 'DROP_METHOD': 'db', 'BLOCK_SIZE': 7}, 'MODEL': {'BACKBONE': 'densenet100'}}
2023-04-24 10:47:44,105 - __main__ - INFO - Reading training data set cifar10
2023-04-24 10:47:45,859 - __main__ - INFO - Loading raw model
2023-04-24 10:47:50,354 - __main__ - INFO - 
Saving everything to checkpoints/cifar10/densenet100/drop_db/rate_0.3/seed3
2023-04-24 10:47:50,355 - __main__ - INFO - Start training...
2023-04-24 10:47:56,086 - __main__ - INFO - [INFO] 2023-04-24 10:47:56.086639 Epoch [1/100] batch [1/391] loss 2.3475 lr 0.1 acc 12.50% eta 2 days, 13:36:46
2023-04-24 10:48:30,940 - __main__ - INFO - [INFO] 2023-04-24 10:48:30.939844 Epoch [1/100] batch [129/391] loss 1.7693 lr 0.1 acc 38.28% eta 2:50:59
2023-04-24 10:49:01,245 - __main__ - INFO - [INFO] 2023-04-24 10:49:01.245592 Epoch [1/100] batch [257/391] loss 1.6029 lr 0.1 acc 43.75% eta 2:28:22
2023-04-24 10:49:33,677 - __main__ - INFO - [INFO] 2023-04-24 10:49:33.677049 Epoch [1/100] batch [385/391] loss 1.4040 lr 0.1 acc 46.88% eta 2:23:15
2023-04-24 10:49:35,466 - __main__ - INFO - Computing epoch 1 validation accuracy...
2023-04-24 10:49:42,266 - __main__ - INFO - Computing epoch 1 validation loss...
2023-04-24 10:49:49,149 - __main__ - INFO - [INFO] 2023-04-24 10:49:49.149751 Epoch [2/100] batch [1/391] loss 1.3394 lr 0.09997532801828658 acc 50.00% eta 2:31:08
2023-04-24 10:50:23,227 - __main__ - INFO - [INFO] 2023-04-24 10:50:23.226959 Epoch [2/100] batch [129/391] loss 1.1974 lr 0.09997532801828658 acc 59.38% eta 2:20:01
2023-04-24 10:50:56,873 - __main__ - INFO - [INFO] 2023-04-24 10:50:56.872978 Epoch [2/100] batch [257/391] loss 1.2473 lr 0.09997532801828658 acc 59.38% eta 2:18:33
2023-04-24 10:51:30,817 - __main__ - INFO - [INFO] 2023-04-24 10:51:30.817660 Epoch [2/100] batch [385/391] loss 1.2036 lr 0.09997532801828658 acc 57.81% eta 2:18:14
2023-04-24 10:51:32,298 - __main__ - INFO - Computing epoch 2 validation accuracy...
2023-04-24 10:51:38,857 - __main__ - INFO - Computing epoch 2 validation loss...
2023-04-24 10:51:45,719 - __main__ - INFO - [INFO] 2023-04-24 10:51:45.719030 Epoch [3/100] batch [1/391] loss 1.2727 lr 0.09990133642141358 acc 57.03% eta 2:18:36
2023-04-24 10:52:20,302 - __main__ - INFO - [INFO] 2023-04-24 10:52:20.302102 Epoch [3/100] batch [129/391] loss 1.0542 lr 0.09990133642141358 acc 66.41% eta 2:20:22
2023-04-24 10:52:54,954 - __main__ - INFO - [INFO] 2023-04-24 10:52:54.954483 Epoch [3/100] batch [257/391] loss 1.0317 lr 0.09990133642141358 acc 64.84% eta 2:19:50
2023-04-24 10:53:29,353 - __main__ - INFO - [INFO] 2023-04-24 10:53:29.353692 Epoch [3/100] batch [385/391] loss 1.0542 lr 0.09990133642141358 acc 56.25% eta 2:19:04
2023-04-24 10:53:30,917 - __main__ - INFO - Computing epoch 3 validation accuracy...
2023-04-24 10:53:37,791 - __main__ - INFO - Computing epoch 3 validation loss...
2023-04-24 10:53:44,484 - __main__ - INFO - [INFO] 2023-04-24 10:53:44.484464 Epoch [4/100] batch [1/391] loss 0.9778 lr 0.099778098230154 acc 64.84% eta 2:23:07
2023-04-24 10:54:18,212 - __main__ - INFO - [INFO] 2023-04-24 10:54:18.211984 Epoch [4/100] batch [129/391] loss 0.8757 lr 0.099778098230154 acc 67.19% eta 2:16:01
2023-04-24 10:54:52,496 - __main__ - INFO - [INFO] 2023-04-24 10:54:52.496109 Epoch [4/100] batch [257/391] loss 0.8819 lr 0.099778098230154 acc 67.19% eta 2:16:18
2023-04-24 10:55:26,708 - __main__ - INFO - [INFO] 2023-04-24 10:55:26.708167 Epoch [4/100] batch [385/391] loss 0.8736 lr 0.099778098230154 acc 75.00% eta 2:16:09
2023-04-24 10:55:28,224 - __main__ - INFO - Computing epoch 4 validation accuracy...
2023-04-24 10:55:34,302 - __main__ - INFO - Computing epoch 4 validation loss...
2023-04-24 10:55:41,002 - __main__ - INFO - [INFO] 2023-04-24 10:55:41.002204 Epoch [5/100] batch [1/391] loss 0.8520 lr 0.0996057350657239 acc 75.00% eta 2:18:41
2023-04-24 10:56:14,778 - __main__ - INFO - [INFO] 2023-04-24 10:56:14.778299 Epoch [5/100] batch [129/391] loss 0.7862 lr 0.0996057350657239 acc 75.00% eta 2:14:33
2023-04-24 10:56:49,171 - __main__ - INFO - [INFO] 2023-04-24 10:56:49.171050 Epoch [5/100] batch [257/391] loss 1.0352 lr 0.0996057350657239 acc 60.94% eta 2:15:14
2023-04-24 10:57:23,364 - __main__ - INFO - [INFO] 2023-04-24 10:57:23.364632 Epoch [5/100] batch [385/391] loss 0.7911 lr 0.0996057350657239 acc 64.84% eta 2:15:07
2023-04-24 10:57:24,948 - __main__ - INFO - Computing epoch 5 validation accuracy...
2023-04-24 10:57:31,868 - __main__ - INFO - Computing epoch 5 validation loss...
2023-04-24 10:57:38,507 - __main__ - INFO - [INFO] 2023-04-24 10:57:38.507035 Epoch [6/100] batch [1/391] loss 0.8177 lr 0.09938441702975688 acc 76.56% eta 2:17:41
2023-04-24 10:58:12,832 - __main__ - INFO - [INFO] 2023-04-24 10:58:12.832294 Epoch [6/100] batch [129/391] loss 0.7090 lr 0.09938441702975688 acc 76.56% eta 2:15:07
2023-04-24 10:58:47,178 - __main__ - INFO - [INFO] 2023-04-24 10:58:47.178686 Epoch [6/100] batch [257/391] loss 0.6516 lr 0.09938441702975688 acc 70.31% eta 2:14:44
2023-04-24 10:59:21,094 - __main__ - INFO - [INFO] 2023-04-24 10:59:21.094450 Epoch [6/100] batch [385/391] loss 0.7272 lr 0.09938441702975688 acc 76.56% eta 2:13:43
2023-04-24 10:59:22,701 - __main__ - INFO - Computing epoch 6 validation accuracy...
2023-04-24 10:59:29,279 - __main__ - INFO - Computing epoch 6 validation loss...
2023-04-24 10:59:36,025 - __main__ - INFO - [INFO] 2023-04-24 10:59:36.024885 Epoch [7/100] batch [1/391] loss 0.6674 lr 0.09911436253643444 acc 69.53% eta 2:16:18
2023-04-24 11:00:10,144 - __main__ - INFO - [INFO] 2023-04-24 11:00:10.144200 Epoch [7/100] batch [129/391] loss 0.6611 lr 0.09911436253643444 acc 75.78% eta 2:12:55
2023-04-24 11:00:44,051 - __main__ - INFO - [INFO] 2023-04-24 11:00:44.051271 Epoch [7/100] batch [257/391] loss 0.7041 lr 0.09911436253643444 acc 75.00% eta 2:11:59
2023-04-24 11:01:18,619 - __main__ - INFO - [INFO] 2023-04-24 11:01:18.619572 Epoch [7/100] batch [385/391] loss 0.5624 lr 0.09911436253643444 acc 85.16% eta 2:12:18
2023-04-24 11:01:20,277 - __main__ - INFO - Computing epoch 7 validation accuracy...
2023-04-24 11:01:26,952 - __main__ - INFO - Computing epoch 7 validation loss...
2023-04-24 11:01:34,057 - __main__ - INFO - [INFO] 2023-04-24 11:01:34.056952 Epoch [8/100] batch [1/391] loss 0.6592 lr 0.09879583809693737 acc 82.81% eta 2:18:29
2023-04-24 11:02:08,056 - __main__ - INFO - [INFO] 2023-04-24 11:02:08.056146 Epoch [8/100] batch [129/391] loss 0.6197 lr 0.09879583809693737 acc 76.56% eta 2:11:21
2023-04-24 11:02:41,581 - __main__ - INFO - [INFO] 2023-04-24 11:02:41.581730 Epoch [8/100] batch [257/391] loss 0.6830 lr 0.09879583809693737 acc 60.16% eta 2:09:42
2023-04-24 11:03:15,811 - __main__ - INFO - [INFO] 2023-04-24 11:03:15.810834 Epoch [8/100] batch [385/391] loss 0.6662 lr 0.09879583809693737 acc 77.34% eta 2:09:32
2023-04-24 11:03:17,309 - __main__ - INFO - Computing epoch 8 validation accuracy...
2023-04-24 11:03:24,249 - __main__ - INFO - Computing epoch 8 validation loss...
2023-04-24 11:03:31,358 - __main__ - INFO - [INFO] 2023-04-24 11:03:31.358076 Epoch [9/100] batch [1/391] loss 0.6259 lr 0.09842915805643156 acc 80.47% eta 2:07:57
2023-04-24 11:04:05,100 - __main__ - INFO - [INFO] 2023-04-24 11:04:05.100157 Epoch [9/100] batch [129/391] loss 0.5953 lr 0.09842915805643156 acc 78.91% eta 2:08:37
2023-04-24 11:04:39,181 - __main__ - INFO - [INFO] 2023-04-24 11:04:39.181613 Epoch [9/100] batch [257/391] loss 0.6727 lr 0.09842915805643156 acc 77.34% eta 2:08:42
2023-04-24 11:05:12,508 - __main__ - INFO - [INFO] 2023-04-24 11:05:12.508008 Epoch [9/100] batch [385/391] loss 0.6243 lr 0.09842915805643156 acc 77.34% eta 2:07:23
2023-04-24 11:05:14,072 - __main__ - INFO - Computing epoch 9 validation accuracy...
2023-04-24 11:05:20,557 - __main__ - INFO - Computing epoch 9 validation loss...
2023-04-24 11:05:26,965 - __main__ - INFO - [INFO] 2023-04-24 11:05:26.965546 Epoch [10/100] batch [1/391] loss 0.5115 lr 0.09801468428384716 acc 82.03% eta 2:06:57
2023-04-24 11:06:01,037 - __main__ - INFO - [INFO] 2023-04-24 11:06:01.037317 Epoch [10/100] batch [129/391] loss 0.4393 lr 0.09801468428384716 acc 84.38% eta 2:08:24
2023-04-24 11:06:34,360 - __main__ - INFO - [INFO] 2023-04-24 11:06:34.360134 Epoch [10/100] batch [257/391] loss 0.6317 lr 0.09801468428384716 acc 78.91% eta 2:06:36
2023-04-24 11:07:07,684 - __main__ - INFO - [INFO] 2023-04-24 11:07:07.684587 Epoch [10/100] batch [385/391] loss 0.5860 lr 0.09801468428384716 acc 80.47% eta 2:05:35
2023-04-24 11:07:09,310 - __main__ - INFO - Computing epoch 10 validation accuracy...
2023-04-24 11:07:15,962 - __main__ - INFO - Computing epoch 10 validation loss...
2023-04-24 11:07:22,927 - __main__ - INFO - [INFO] 2023-04-24 11:07:22.927797 Epoch [11/100] batch [1/391] loss 0.7798 lr 0.09755282581475769 acc 79.69% eta 2:09:55
2023-04-24 11:07:58,014 - __main__ - INFO - [INFO] 2023-04-24 11:07:58.014597 Epoch [11/100] batch [129/391] loss 0.5948 lr 0.09755282581475769 acc 82.81% eta 2:10:29
2023-04-24 11:08:33,521 - __main__ - INFO - [INFO] 2023-04-24 11:08:33.521182 Epoch [11/100] batch [257/391] loss 0.6233 lr 0.09755282581475769 acc 83.59% eta 2:10:50
2023-04-24 11:09:08,108 - __main__ - INFO - [INFO] 2023-04-24 11:09:08.108264 Epoch [11/100] batch [385/391] loss 0.6272 lr 0.09755282581475769 acc 78.91% eta 2:09:31
2023-04-24 11:09:09,659 - __main__ - INFO - Computing epoch 11 validation accuracy...
2023-04-24 11:09:16,708 - __main__ - INFO - Computing epoch 11 validation loss...
2023-04-24 11:09:23,816 - __main__ - INFO - [INFO] 2023-04-24 11:09:23.815876 Epoch [12/100] batch [1/391] loss 0.5063 lr 0.09704403844771128 acc 81.25% eta 2:07:54
2023-04-24 11:09:59,011 - __main__ - INFO - [INFO] 2023-04-24 11:09:59.010886 Epoch [12/100] batch [129/391] loss 0.7047 lr 0.09704403844771128 acc 80.47% eta 2:09:41
2023-04-24 11:10:34,194 - __main__ - INFO - [INFO] 2023-04-24 11:10:34.194452 Epoch [12/100] batch [257/391] loss 0.4764 lr 0.09704403844771128 acc 85.16% eta 2:09:04
2023-04-24 11:11:08,934 - __main__ - INFO - [INFO] 2023-04-24 11:11:08.934620 Epoch [12/100] batch [385/391] loss 0.6276 lr 0.09704403844771128 acc 82.81% eta 2:08:02
2023-04-24 11:11:10,480 - __main__ - INFO - Computing epoch 12 validation accuracy...
2023-04-24 11:11:17,086 - __main__ - INFO - Computing epoch 12 validation loss...
2023-04-24 11:11:23,895 - __main__ - INFO - [INFO] 2023-04-24 11:11:23.895053 Epoch [13/100] batch [1/391] loss 0.5076 lr 0.09648882429441258 acc 83.59% eta 2:05:49
2023-04-24 11:12:00,427 - __main__ - INFO - [INFO] 2023-04-24 11:12:00.427621 Epoch [13/100] batch [129/391] loss 0.5641 lr 0.09648882429441258 acc 83.59% eta 2:13:56
2023-04-24 11:12:35,683 - __main__ - INFO - [INFO] 2023-04-24 11:12:35.683008 Epoch [13/100] batch [257/391] loss 0.4563 lr 0.09648882429441258 acc 84.38% eta 2:10:31
2023-04-24 11:13:10,372 - __main__ - INFO - [INFO] 2023-04-24 11:13:10.372504 Epoch [13/100] batch [385/391] loss 0.6020 lr 0.09648882429441258 acc 80.47% eta 2:08:21
2023-04-24 11:13:11,673 - __main__ - INFO - Computing epoch 13 validation accuracy...
2023-04-24 11:13:17,299 - __main__ - INFO - Computing epoch 13 validation loss...
2023-04-24 11:13:23,158 - __main__ - INFO - [INFO] 2023-04-24 11:13:23.158322 Epoch [14/100] batch [1/391] loss 0.6467 lr 0.09588773128419906 acc 74.22% eta 1:46:47
2023-04-24 11:13:55,237 - __main__ - INFO - [INFO] 2023-04-24 11:13:55.237067 Epoch [14/100] batch [129/391] loss 0.5380 lr 0.09588773128419906 acc 72.66% eta 1:56:06
2023-04-24 11:14:30,478 - __main__ - INFO - [INFO] 2023-04-24 11:14:30.478742 Epoch [14/100] batch [257/391] loss 0.6820 lr 0.09588773128419906 acc 73.44% eta 2:00:51
2023-04-24 11:15:05,646 - __main__ - INFO - [INFO] 2023-04-24 11:15:05.646035 Epoch [14/100] batch [385/391] loss 0.6487 lr 0.09588773128419906 acc 73.44% eta 2:01:57
2023-04-24 11:15:07,193 - __main__ - INFO - Computing epoch 14 validation accuracy...
2023-04-24 11:15:13,871 - __main__ - INFO - Computing epoch 14 validation loss...
2023-04-24 11:15:20,856 - __main__ - INFO - [INFO] 2023-04-24 11:15:20.856150 Epoch [15/100] batch [1/391] loss 0.5363 lr 0.09524135262330098 acc 82.81% eta 2:07:56
2023-04-24 11:15:55,608 - __main__ - INFO - [INFO] 2023-04-24 11:15:55.608360 Epoch [15/100] batch [129/391] loss 0.5722 lr 0.09524135262330098 acc 80.47% eta 2:02:46
2023-04-24 11:16:30,356 - __main__ - INFO - [INFO] 2023-04-24 11:16:30.355814 Epoch [15/100] batch [257/391] loss 0.4759 lr 0.09524135262330098 acc 81.25% eta 2:02:26
2023-04-24 11:17:05,673 - __main__ - INFO - [INFO] 2023-04-24 11:17:05.673514 Epoch [15/100] batch [385/391] loss 0.6644 lr 0.09524135262330098 acc 77.34% eta 2:02:47
2023-04-24 11:17:07,341 - __main__ - INFO - Computing epoch 15 validation accuracy...
2023-04-24 11:17:14,200 - __main__ - INFO - Computing epoch 15 validation loss...
2023-04-24 11:17:21,223 - __main__ - INFO - [INFO] 2023-04-24 11:17:21.223294 Epoch [16/100] batch [1/391] loss 0.5523 lr 0.0945503262094184 acc 85.16% eta 2:09:05
2023-04-24 11:17:56,117 - __main__ - INFO - [INFO] 2023-04-24 11:17:56.116877 Epoch [16/100] batch [129/391] loss 0.4563 lr 0.0945503262094184 acc 85.94% eta 2:02:26
2023-04-24 11:18:31,043 - __main__ - INFO - [INFO] 2023-04-24 11:18:31.043585 Epoch [16/100] batch [257/391] loss 0.6270 lr 0.0945503262094184 acc 82.81% eta 2:02:01
2023-04-24 11:19:06,985 - __main__ - INFO - [INFO] 2023-04-24 11:19:06.985435 Epoch [16/100] batch [385/391] loss 0.4548 lr 0.0945503262094184 acc 85.94% eta 2:02:41
2023-04-24 11:19:08,519 - __main__ - INFO - Computing epoch 16 validation accuracy...
2023-04-24 11:19:15,128 - __main__ - INFO - Computing epoch 16 validation loss...
2023-04-24 11:19:22,007 - __main__ - INFO - [INFO] 2023-04-24 11:19:22.007532 Epoch [17/100] batch [1/391] loss 0.3823 lr 0.09381533400219319 acc 78.91% eta 2:03:17
2023-04-24 11:19:52,483 - __main__ - INFO - [INFO] 2023-04-24 11:19:52.482805 Epoch [17/100] batch [129/391] loss 0.5512 lr 0.09381533400219319 acc 81.25% eta 1:47:14
2023-04-24 11:20:19,797 - __main__ - INFO - [INFO] 2023-04-24 11:20:19.797128 Epoch [17/100] batch [257/391] loss 0.6819 lr 0.09381533400219319 acc 78.12% eta 1:41:49
2023-04-24 11:20:49,679 - __main__ - INFO - [INFO] 2023-04-24 11:20:49.679758 Epoch [17/100] batch [385/391] loss 0.6309 lr 0.09381533400219319 acc 70.31% eta 1:42:29
2023-04-24 11:20:51,010 - __main__ - INFO - Computing epoch 17 validation accuracy...
2023-04-24 11:20:56,922 - __main__ - INFO - Computing epoch 17 validation loss...
2023-04-24 11:21:03,067 - __main__ - INFO - [INFO] 2023-04-24 11:21:03.067808 Epoch [18/100] batch [1/391] loss 0.5336 lr 0.0930371013501972 acc 77.34% eta 1:38:56
2023-04-24 11:21:33,082 - __main__ - INFO - [INFO] 2023-04-24 11:21:33.082302 Epoch [18/100] batch [129/391] loss 0.4497 lr 0.0930371013501972 acc 75.00% eta 1:45:28
2023-04-24 11:22:02,008 - __main__ - INFO - [INFO] 2023-04-24 11:22:02.007859 Epoch [18/100] batch [257/391] loss 0.5216 lr 0.0930371013501972 acc 83.59% eta 1:42:36
2023-04-24 11:22:31,449 - __main__ - INFO - [INFO] 2023-04-24 11:22:31.449664 Epoch [18/100] batch [385/391] loss 0.4403 lr 0.0930371013501972 acc 85.94% eta 1:42:24
2023-04-24 11:22:32,819 - __main__ - INFO - Computing epoch 18 validation accuracy...
2023-04-24 11:22:38,542 - __main__ - INFO - Computing epoch 18 validation loss...
2023-04-24 11:22:44,970 - __main__ - INFO - [INFO] 2023-04-24 11:22:44.970257 Epoch [19/100] batch [1/391] loss 0.4169 lr 0.09221639627510078 acc 88.28% eta 1:59:13
2023-04-24 11:23:13,347 - __main__ - INFO - [INFO] 2023-04-24 11:23:13.347701 Epoch [19/100] batch [129/391] loss 0.6594 lr 0.09221639627510078 acc 72.66% eta 1:38:40
2023-04-24 11:23:41,608 - __main__ - INFO - [INFO] 2023-04-24 11:23:41.607978 Epoch [19/100] batch [257/391] loss 0.5393 lr 0.09221639627510078 acc 83.59% eta 1:37:50
2023-04-24 11:24:10,629 - __main__ - INFO - [INFO] 2023-04-24 11:24:10.628965 Epoch [19/100] batch [385/391] loss 0.5592 lr 0.09221639627510078 acc 82.03% eta 1:38:05
2023-04-24 11:24:12,206 - __main__ - INFO - Computing epoch 19 validation accuracy...
2023-04-24 11:24:18,141 - __main__ - INFO - Computing epoch 19 validation loss...
2023-04-24 11:24:24,129 - __main__ - INFO - [INFO] 2023-04-24 11:24:24.128994 Epoch [20/100] batch [1/391] loss 0.5623 lr 0.09135402871372812 acc 82.03% eta 1:36:48
2023-04-24 11:24:53,438 - __main__ - INFO - [INFO] 2023-04-24 11:24:53.438205 Epoch [20/100] batch [129/391] loss 0.5534 lr 0.09135402871372812 acc 81.25% eta 1:40:24
2023-04-24 11:25:21,678 - __main__ - INFO - [INFO] 2023-04-24 11:25:21.678673 Epoch [20/100] batch [257/391] loss 0.5194 lr 0.09135402871372812 acc 84.38% eta 1:38:06
2023-04-24 11:25:51,590 - __main__ - INFO - [INFO] 2023-04-24 11:25:51.590759 Epoch [20/100] batch [385/391] loss 0.5429 lr 0.09135402871372812 acc 78.91% eta 1:39:00
2023-04-24 11:25:52,960 - __main__ - INFO - Computing epoch 20 validation accuracy...
2023-04-24 11:25:58,788 - __main__ - INFO - Computing epoch 20 validation loss...
2023-04-24 11:26:04,837 - __main__ - INFO - [INFO] 2023-04-24 11:26:04.837522 Epoch [21/100] batch [1/391] loss 0.5994 lr 0.09045084971874741 acc 70.31% eta 1:37:21
2023-04-24 11:26:33,274 - __main__ - INFO - [INFO] 2023-04-24 11:26:33.274497 Epoch [21/100] batch [129/391] loss 0.4035 lr 0.09045084971874741 acc 83.59% eta 1:36:18
2023-04-24 11:27:00,954 - __main__ - INFO - [INFO] 2023-04-24 11:27:00.954556 Epoch [21/100] batch [257/391] loss 0.4985 lr 0.09045084971874741 acc 85.16% eta 1:34:36
2023-04-24 11:27:29,927 - __main__ - INFO - [INFO] 2023-04-24 11:27:29.927575 Epoch [21/100] batch [385/391] loss 0.5160 lr 0.09045084971874741 acc 81.25% eta 1:35:10
2023-04-24 11:27:31,261 - __main__ - INFO - Computing epoch 21 validation accuracy...
2023-04-24 11:27:37,092 - __main__ - INFO - Computing epoch 21 validation loss...
2023-04-24 11:27:43,295 - __main__ - INFO - [INFO] 2023-04-24 11:27:43.295157 Epoch [22/100] batch [1/391] loss 0.4363 lr 0.08950775061878455 acc 88.28% eta 1:52:41
2023-04-24 11:28:13,140 - __main__ - INFO - [INFO] 2023-04-24 11:28:13.140001 Epoch [22/100] batch [129/391] loss 0.4390 lr 0.08950775061878455 acc 86.72% eta 1:39:40
2023-04-24 11:28:41,947 - __main__ - INFO - [INFO] 2023-04-24 11:28:41.947444 Epoch [22/100] batch [257/391] loss 0.5219 lr 0.08950775061878455 acc 82.81% eta 1:37:43
2023-04-24 11:29:10,217 - __main__ - INFO - [INFO] 2023-04-24 11:29:10.217177 Epoch [22/100] batch [385/391] loss 0.6160 lr 0.08950775061878455 acc 77.34% eta 1:36:04
2023-04-24 11:29:11,525 - __main__ - INFO - Computing epoch 22 validation accuracy...
2023-04-24 11:29:17,240 - __main__ - INFO - Computing epoch 22 validation loss...
2023-04-24 11:29:23,097 - __main__ - INFO - [INFO] 2023-04-24 11:29:23.096900 Epoch [23/100] batch [1/391] loss 0.4347 lr 0.0885256621387895 acc 74.22% eta 1:40:01
2023-04-24 11:29:52,245 - __main__ - INFO - [INFO] 2023-04-24 11:29:52.245619 Epoch [23/100] batch [129/391] loss 0.5520 lr 0.0885256621387895 acc 78.91% eta 1:36:19
2023-04-24 11:30:20,032 - __main__ - INFO - [INFO] 2023-04-24 11:30:20.031988 Epoch [23/100] batch [257/391] loss 0.4975 lr 0.0885256621387895 acc 80.47% eta 1:33:38
2023-04-24 11:30:48,464 - __main__ - INFO - [INFO] 2023-04-24 11:30:48.464718 Epoch [23/100] batch [385/391] loss 0.3646 lr 0.0885256621387895 acc 82.81% eta 1:33:14
2023-04-24 11:30:49,830 - __main__ - INFO - Computing epoch 23 validation accuracy...
2023-04-24 11:30:55,307 - __main__ - INFO - Computing epoch 23 validation loss...
2023-04-24 11:31:01,086 - __main__ - INFO - [INFO] 2023-04-24 11:31:01.086045 Epoch [24/100] batch [1/391] loss 0.5628 lr 0.08750555348152302 acc 84.38% eta 1:44:27
2023-04-24 11:31:30,114 - __main__ - INFO - [INFO] 2023-04-24 11:31:30.114372 Epoch [24/100] batch [129/391] loss 0.5382 lr 0.08750555348152302 acc 81.25% eta 1:34:30
2023-04-24 11:31:59,033 - __main__ - INFO - [INFO] 2023-04-24 11:31:59.033099 Epoch [24/100] batch [257/391] loss 0.5522 lr 0.08750555348152302 acc 78.12% eta 1:33:56
2023-04-24 11:32:26,906 - __main__ - INFO - [INFO] 2023-04-24 11:32:26.905810 Epoch [24/100] batch [385/391] loss 0.3354 lr 0.08750555348152302 acc 78.12% eta 1:32:18
2023-04-24 11:32:28,134 - __main__ - INFO - Computing epoch 24 validation accuracy...
2023-04-24 11:32:33,668 - __main__ - INFO - Computing epoch 24 validation loss...
2023-04-24 11:32:39,576 - __main__ - INFO - [INFO] 2023-04-24 11:32:39.576222 Epoch [25/100] batch [1/391] loss 0.3965 lr 0.08644843137107061 acc 86.72% eta 1:30:19
2023-04-24 11:33:08,378 - __main__ - INFO - [INFO] 2023-04-24 11:33:08.377883 Epoch [25/100] batch [129/391] loss 0.3890 lr 0.08644843137107061 acc 87.50% eta 1:33:00
2023-04-24 11:33:37,764 - __main__ - INFO - [INFO] 2023-04-24 11:33:37.764131 Epoch [25/100] batch [257/391] loss 0.4716 lr 0.08644843137107061 acc 81.25% eta 1:33:26
2023-04-24 11:34:05,187 - __main__ - INFO - [INFO] 2023-04-24 11:34:05.186867 Epoch [25/100] batch [385/391] loss 0.5673 lr 0.08644843137107061 acc 86.72% eta 1:31:08
2023-04-24 11:34:06,527 - __main__ - INFO - Computing epoch 25 validation accuracy...
2023-04-24 11:34:12,299 - __main__ - INFO - Computing epoch 25 validation loss...
2023-04-24 11:34:18,591 - __main__ - INFO - [INFO] 2023-04-24 11:34:18.591003 Epoch [26/100] batch [1/391] loss 0.4532 lr 0.0853553390593274 acc 79.69% eta 1:38:23
2023-04-24 11:34:47,041 - __main__ - INFO - [INFO] 2023-04-24 11:34:47.041710 Epoch [26/100] batch [129/391] loss 0.5286 lr 0.0853553390593274 acc 85.94% eta 1:30:17
2023-04-24 11:35:16,066 - __main__ - INFO - [INFO] 2023-04-24 11:35:16.066645 Epoch [26/100] batch [257/391] loss 0.4926 lr 0.0853553390593274 acc 83.59% eta 1:31:01
2023-04-24 11:35:45,118 - __main__ - INFO - [INFO] 2023-04-24 11:35:45.118577 Epoch [26/100] batch [385/391] loss 0.4934 lr 0.0853553390593274 acc 85.94% eta 1:30:55
2023-04-24 11:35:46,536 - __main__ - INFO - Computing epoch 26 validation accuracy...
2023-04-24 11:35:52,831 - __main__ - INFO - Computing epoch 26 validation loss...
2023-04-24 11:35:58,649 - __main__ - INFO - [INFO] 2023-04-24 11:35:58.649514 Epoch [27/100] batch [1/391] loss 0.4154 lr 0.08422735529643446 acc 83.59% eta 1:26:27
2023-04-24 11:36:29,517 - __main__ - INFO - [INFO] 2023-04-24 11:36:29.516893 Epoch [27/100] batch [129/391] loss 0.5080 lr 0.08422735529643446 acc 80.47% eta 1:36:20
2023-04-24 11:36:58,953 - __main__ - INFO - [INFO] 2023-04-24 11:36:58.952929 Epoch [27/100] batch [257/391] loss 0.4673 lr 0.08422735529643446 acc 83.59% eta 1:33:55
2023-04-24 11:37:26,573 - __main__ - INFO - [INFO] 2023-04-24 11:37:26.573371 Epoch [27/100] batch [385/391] loss 0.5464 lr 0.08422735529643446 acc 78.91% eta 1:30:56
2023-04-24 11:37:27,777 - __main__ - INFO - Computing epoch 27 validation accuracy...
2023-04-24 11:37:32,961 - __main__ - INFO - Computing epoch 27 validation loss...
2023-04-24 11:37:38,495 - __main__ - INFO - [INFO] 2023-04-24 11:37:38.495345 Epoch [28/100] batch [1/391] loss 0.4198 lr 0.08306559326618262 acc 86.72% eta 1:23:16
2023-04-24 11:38:06,482 - __main__ - INFO - [INFO] 2023-04-24 11:38:06.482005 Epoch [28/100] batch [129/391] loss 0.4408 lr 0.08306559326618262 acc 85.94% eta 1:26:01
2023-04-24 11:38:35,796 - __main__ - INFO - [INFO] 2023-04-24 11:38:35.796489 Epoch [28/100] batch [257/391] loss 0.3939 lr 0.08306559326618262 acc 81.25% eta 1:27:46
2023-04-24 11:39:04,447 - __main__ - INFO - [INFO] 2023-04-24 11:39:04.447734 Epoch [28/100] batch [385/391] loss 0.3945 lr 0.08306559326618262 acc 84.38% eta 1:27:26
2023-04-24 11:39:05,740 - __main__ - INFO - Computing epoch 28 validation accuracy...
2023-04-24 11:39:10,947 - __main__ - INFO - Computing epoch 28 validation loss...
2023-04-24 11:39:16,584 - __main__ - INFO - [INFO] 2023-04-24 11:39:16.583897 Epoch [29/100] batch [1/391] loss 0.4949 lr 0.08187119948743452 acc 82.03% eta 1:22:43
2023-04-24 11:39:44,190 - __main__ - INFO - [INFO] 2023-04-24 11:39:44.190611 Epoch [29/100] batch [129/391] loss 0.3875 lr 0.08187119948743452 acc 85.94% eta 1:23:55
2023-04-24 11:40:12,797 - __main__ - INFO - [INFO] 2023-04-24 11:40:12.797222 Epoch [29/100] batch [257/391] loss 0.5103 lr 0.08187119948743452 acc 84.38% eta 1:25:04
2023-04-24 11:40:41,964 - __main__ - INFO - [INFO] 2023-04-24 11:40:41.964085 Epoch [29/100] batch [385/391] loss 0.4243 lr 0.08187119948743452 acc 88.28% eta 1:25:40
2023-04-24 11:40:43,399 - __main__ - INFO - Computing epoch 29 validation accuracy...
2023-04-24 11:40:49,102 - __main__ - INFO - Computing epoch 29 validation loss...
2023-04-24 11:40:54,952 - __main__ - INFO - [INFO] 2023-04-24 11:40:54.952458 Epoch [30/100] batch [1/391] loss 0.3414 lr 0.08064535268264886 acc 90.62% eta 1:22:18
2023-04-24 11:41:22,103 - __main__ - INFO - [INFO] 2023-04-24 11:41:22.103455 Epoch [30/100] batch [129/391] loss 0.4389 lr 0.08064535268264886 acc 86.72% eta 1:21:20
2023-04-24 11:41:49,940 - __main__ - INFO - [INFO] 2023-04-24 11:41:49.940144 Epoch [30/100] batch [257/391] loss 0.4588 lr 0.08064535268264886 acc 87.50% eta 1:22:13
2023-04-24 11:42:18,198 - __main__ - INFO - [INFO] 2023-04-24 11:42:18.198313 Epoch [30/100] batch [385/391] loss 0.5349 lr 0.08064535268264886 acc 78.12% eta 1:22:36
2023-04-24 11:42:19,559 - __main__ - INFO - Computing epoch 30 validation accuracy...
2023-04-24 11:42:25,184 - __main__ - INFO - Computing epoch 30 validation loss...
2023-04-24 11:42:31,328 - __main__ - INFO - [INFO] 2023-04-24 11:42:31.328366 Epoch [31/100] batch [1/391] loss 0.3706 lr 0.0793892626146237 acc 85.16% eta 1:35:36
2023-04-24 11:43:00,436 - __main__ - INFO - [INFO] 2023-04-24 11:43:00.436719 Epoch [31/100] batch [129/391] loss 0.3592 lr 0.0793892626146237 acc 79.69% eta 1:25:55
2023-04-24 11:43:29,519 - __main__ - INFO - [INFO] 2023-04-24 11:43:29.519142 Epoch [31/100] batch [257/391] loss 0.3765 lr 0.0793892626146237 acc 87.50% eta 1:25:44
2023-04-24 11:43:58,043 - __main__ - INFO - [INFO] 2023-04-24 11:43:58.043277 Epoch [31/100] batch [385/391] loss 0.3591 lr 0.0793892626146237 acc 82.81% eta 1:24:50
2023-04-24 11:43:59,280 - __main__ - INFO - Computing epoch 31 validation accuracy...
2023-04-24 11:44:04,868 - __main__ - INFO - Computing epoch 31 validation loss...
2023-04-24 11:44:10,587 - __main__ - INFO - [INFO] 2023-04-24 11:44:10.587412 Epoch [32/100] batch [1/391] loss 0.3756 lr 0.07810416889260657 acc 89.84% eta 1:29:13
2023-04-24 11:44:39,696 - __main__ - INFO - [INFO] 2023-04-24 11:44:39.696113 Epoch [32/100] batch [129/391] loss 0.3924 lr 0.07810416889260657 acc 83.59% eta 1:25:04
2023-04-24 11:45:09,005 - __main__ - INFO - [INFO] 2023-04-24 11:45:09.005147 Epoch [32/100] batch [257/391] loss 0.2516 lr 0.07810416889260657 acc 79.69% eta 1:24:47
2023-04-24 11:45:36,173 - __main__ - INFO - [INFO] 2023-04-24 11:45:36.173246 Epoch [32/100] batch [385/391] loss 0.4656 lr 0.07810416889260657 acc 89.84% eta 1:22:28
2023-04-24 11:45:37,446 - __main__ - INFO - Computing epoch 32 validation accuracy...
2023-04-24 11:45:42,663 - __main__ - INFO - Computing epoch 32 validation loss...
2023-04-24 11:45:49,003 - __main__ - INFO - [INFO] 2023-04-24 11:45:49.003108 Epoch [33/100] batch [1/391] loss 0.4187 lr 0.07679133974894986 acc 86.72% eta 1:34:22
2023-04-24 11:46:17,200 - __main__ - INFO - [INFO] 2023-04-24 11:46:17.199999 Epoch [33/100] batch [129/391] loss 0.3128 lr 0.07679133974894986 acc 92.97% eta 1:21:20
2023-04-24 11:46:45,250 - __main__ - INFO - [INFO] 2023-04-24 11:46:45.250713 Epoch [33/100] batch [257/391] loss 0.2800 lr 0.07679133974894986 acc 89.84% eta 1:20:35
2023-04-24 11:47:14,318 - __main__ - INFO - [INFO] 2023-04-24 11:47:14.318181 Epoch [33/100] batch [385/391] loss 0.3623 lr 0.07679133974894986 acc 83.59% eta 1:21:06
2023-04-24 11:47:15,622 - __main__ - INFO - Computing epoch 33 validation accuracy...
2023-04-24 11:47:21,321 - __main__ - INFO - Computing epoch 33 validation loss...
2023-04-24 11:47:27,154 - __main__ - INFO - [INFO] 2023-04-24 11:47:27.154743 Epoch [34/100] batch [1/391] loss 0.3706 lr 0.0754520707875186 acc 85.16% eta 1:21:04
2023-04-24 11:47:55,618 - __main__ - INFO - [INFO] 2023-04-24 11:47:55.618476 Epoch [34/100] batch [129/391] loss 0.4804 lr 0.0754520707875186 acc 87.50% eta 1:20:45
2023-04-24 11:48:23,082 - __main__ - INFO - [INFO] 2023-04-24 11:48:23.082182 Epoch [34/100] batch [257/391] loss 0.4615 lr 0.0754520707875186 acc 78.12% eta 1:18:59
2023-04-24 11:48:51,969 - __main__ - INFO - [INFO] 2023-04-24 11:48:51.969397 Epoch [34/100] batch [385/391] loss 0.5224 lr 0.0754520707875186 acc 89.06% eta 1:19:22
2023-04-24 11:48:53,290 - __main__ - INFO - Computing epoch 34 validation accuracy...
2023-04-24 11:48:58,522 - __main__ - INFO - Computing epoch 34 validation loss...
2023-04-24 11:49:04,207 - __main__ - INFO - [INFO] 2023-04-24 11:49:04.207682 Epoch [35/100] batch [1/391] loss 0.3125 lr 0.0740876837050858 acc 82.81% eta 1:20:50
2023-04-24 11:49:32,954 - __main__ - INFO - [INFO] 2023-04-24 11:49:32.954264 Epoch [35/100] batch [129/391] loss 0.4409 lr 0.0740876837050858 acc 85.94% eta 1:20:19
2023-04-24 11:50:00,663 - __main__ - INFO - [INFO] 2023-04-24 11:50:00.663018 Epoch [35/100] batch [257/391] loss 0.2897 lr 0.0740876837050858 acc 91.41% eta 1:18:34
2023-04-24 11:50:28,976 - __main__ - INFO - [INFO] 2023-04-24 11:50:28.976602 Epoch [35/100] batch [385/391] loss 0.4371 lr 0.0740876837050858 acc 89.06% eta 1:18:08
2023-04-24 11:50:30,176 - __main__ - INFO - Computing epoch 35 validation accuracy...
2023-04-24 11:50:35,426 - __main__ - INFO - Computing epoch 35 validation loss...
2023-04-24 11:50:41,077 - __main__ - INFO - [INFO] 2023-04-24 11:50:41.077224 Epoch [36/100] batch [1/391] loss 0.2851 lr 0.07269952498697738 acc 92.19% eta 1:16:01
2023-04-24 11:51:09,396 - __main__ - INFO - [INFO] 2023-04-24 11:51:09.396525 Epoch [36/100] batch [129/391] loss 0.4605 lr 0.07269952498697738 acc 73.44% eta 1:17:48
2023-04-24 11:51:37,964 - __main__ - INFO - [INFO] 2023-04-24 11:51:37.964345 Epoch [36/100] batch [257/391] loss 0.4619 lr 0.07269952498697738 acc 79.69% eta 1:17:42
2023-04-24 11:52:07,020 - __main__ - INFO - [INFO] 2023-04-24 11:52:07.020717 Epoch [36/100] batch [385/391] loss 0.5171 lr 0.07269952498697738 acc 83.59% eta 1:17:53
2023-04-24 11:52:08,400 - __main__ - INFO - Computing epoch 36 validation accuracy...
2023-04-24 11:52:13,581 - __main__ - INFO - Computing epoch 36 validation loss...
2023-04-24 11:52:19,366 - __main__ - INFO - [INFO] 2023-04-24 11:52:19.366403 Epoch [37/100] batch [1/391] loss 0.4491 lr 0.07128896457825366 acc 86.72% eta 1:13:07
2023-04-24 11:52:46,935 - __main__ - INFO - [INFO] 2023-04-24 11:52:46.935001 Epoch [37/100] batch [129/391] loss 0.3366 lr 0.07128896457825366 acc 89.06% eta 1:14:30
2023-04-24 11:53:15,409 - __main__ - INFO - [INFO] 2023-04-24 11:53:15.409307 Epoch [37/100] batch [257/391] loss 0.3169 lr 0.07128896457825366 acc 82.81% eta 1:15:20
2023-04-24 11:53:43,565 - __main__ - INFO - [INFO] 2023-04-24 11:53:43.565795 Epoch [37/100] batch [385/391] loss 0.4684 lr 0.07128896457825366 acc 87.50% eta 1:15:14
2023-04-24 11:53:44,835 - __main__ - INFO - Computing epoch 37 validation accuracy...
2023-04-24 11:53:50,348 - __main__ - INFO - Computing epoch 37 validation loss...
2023-04-24 11:53:56,356 - __main__ - INFO - [INFO] 2023-04-24 11:53:56.355990 Epoch [38/100] batch [1/391] loss 0.3419 lr 0.06985739453173906 acc 87.50% eta 1:26:47
2023-04-24 11:54:24,336 - __main__ - INFO - [INFO] 2023-04-24 11:54:24.336176 Epoch [38/100] batch [129/391] loss 0.3473 lr 0.06985739453173906 acc 92.19% eta 1:14:18
2023-04-24 11:54:52,147 - __main__ - INFO - [INFO] 2023-04-24 11:54:52.147171 Epoch [38/100] batch [257/391] loss 0.4189 lr 0.06985739453173906 acc 87.50% eta 1:13:53
2023-04-24 11:55:21,032 - __main__ - INFO - [INFO] 2023-04-24 11:55:21.032288 Epoch [38/100] batch [385/391] loss 0.2623 lr 0.06985739453173906 acc 89.84% eta 1:14:26
2023-04-24 11:55:22,328 - __main__ - INFO - Computing epoch 38 validation accuracy...
2023-04-24 11:55:27,782 - __main__ - INFO - Computing epoch 38 validation loss...
2023-04-24 11:55:34,054 - __main__ - INFO - [INFO] 2023-04-24 11:55:34.054477 Epoch [39/100] batch [1/391] loss 0.2456 lr 0.06840622763423394 acc 86.72% eta 1:36:18
2023-04-24 11:56:01,606 - __main__ - INFO - [INFO] 2023-04-24 11:56:01.605997 Epoch [39/100] batch [129/391] loss 0.3535 lr 0.06840622763423394 acc 90.62% eta 1:12:11
2023-04-24 11:56:30,131 - __main__ - INFO - [INFO] 2023-04-24 11:56:30.131508 Epoch [39/100] batch [257/391] loss 0.2459 lr 0.06840622763423394 acc 88.28% eta 1:12:55
2023-04-24 11:56:58,433 - __main__ - INFO - [INFO] 2023-04-24 11:56:58.433260 Epoch [39/100] batch [385/391] loss 0.4345 lr 0.06840622763423394 acc 87.50% eta 1:12:53
2023-04-24 11:56:59,701 - __main__ - INFO - Computing epoch 39 validation accuracy...
2023-04-24 11:57:05,046 - __main__ - INFO - Computing epoch 39 validation loss...
2023-04-24 11:57:10,672 - __main__ - INFO - [INFO] 2023-04-24 11:57:10.671953 Epoch [40/100] batch [1/391] loss 0.3105 lr 0.06693689601226462 acc 89.84% eta 1:12:03
2023-04-24 11:57:37,940 - __main__ - INFO - [INFO] 2023-04-24 11:57:37.940407 Epoch [40/100] batch [129/391] loss 0.3903 lr 0.06693689601226462 acc 89.84% eta 1:10:04
2023-04-24 11:58:05,300 - __main__ - INFO - [INFO] 2023-04-24 11:58:05.300776 Epoch [40/100] batch [257/391] loss 0.4203 lr 0.06693689601226462 acc 85.16% eta 1:09:54
2023-04-24 11:58:33,941 - __main__ - INFO - [INFO] 2023-04-24 11:58:33.940985 Epoch [40/100] batch [385/391] loss 0.4049 lr 0.06693689601226462 acc 82.81% eta 1:10:36
2023-04-24 11:58:35,176 - __main__ - INFO - Computing epoch 40 validation accuracy...
2023-04-24 11:58:40,264 - __main__ - INFO - Computing epoch 40 validation loss...
2023-04-24 11:58:45,903 - __main__ - INFO - [INFO] 2023-04-24 11:58:45.903374 Epoch [41/100] batch [1/391] loss 0.3989 lr 0.06545084971874741 acc 88.28% eta 1:11:33
2023-04-24 11:59:14,566 - __main__ - INFO - [INFO] 2023-04-24 11:59:14.566120 Epoch [41/100] batch [129/391] loss 0.5004 lr 0.06545084971874741 acc 85.94% eta 1:12:42
2023-04-24 11:59:41,884 - __main__ - INFO - [INFO] 2023-04-24 11:59:41.884777 Epoch [41/100] batch [257/391] loss 0.3111 lr 0.06545084971874741 acc 91.41% eta 1:10:38
2023-04-24 12:00:10,117 - __main__ - INFO - [INFO] 2023-04-24 12:00:10.117250 Epoch [41/100] batch [385/391] loss 0.3605 lr 0.06545084971874741 acc 89.84% eta 1:10:28
2023-04-24 12:00:11,548 - __main__ - INFO - Computing epoch 41 validation accuracy...
2023-04-24 12:00:17,470 - __main__ - INFO - Computing epoch 41 validation loss...
2023-04-24 12:00:23,535 - __main__ - INFO - [INFO] 2023-04-24 12:00:23.535758 Epoch [42/100] batch [1/391] loss 0.3150 lr 0.06394955530196152 acc 91.41% eta 1:17:42
2023-04-24 12:00:51,867 - __main__ - INFO - [INFO] 2023-04-24 12:00:51.866874 Epoch [42/100] batch [129/391] loss 0.3584 lr 0.06394955530196152 acc 83.59% eta 1:10:29
2023-04-24 12:01:19,273 - __main__ - INFO - [INFO] 2023-04-24 12:01:19.273156 Epoch [42/100] batch [257/391] loss 0.3173 lr 0.06394955530196152 acc 87.50% eta 1:08:54
2023-04-24 12:01:47,069 - __main__ - INFO - [INFO] 2023-04-24 12:01:47.069065 Epoch [42/100] batch [385/391] loss 0.2493 lr 0.06394955530196152 acc 91.41% eta 1:08:27
2023-04-24 12:01:48,390 - __main__ - INFO - Computing epoch 42 validation accuracy...
2023-04-24 12:01:54,413 - __main__ - INFO - Computing epoch 42 validation loss...
2023-04-24 12:02:00,701 - __main__ - INFO - [INFO] 2023-04-24 12:02:00.701469 Epoch [43/100] batch [1/391] loss 0.3746 lr 0.062434494358242776 acc 82.81% eta 1:14:25
2023-04-24 12:02:29,416 - __main__ - INFO - [INFO] 2023-04-24 12:02:29.415940 Epoch [43/100] batch [129/391] loss 0.3065 lr 0.062434494358242776 acc 94.53% eta 1:10:43
2023-04-24 12:02:57,345 - __main__ - INFO - [INFO] 2023-04-24 12:02:57.345413 Epoch [43/100] batch [257/391] loss 0.3083 lr 0.062434494358242776 acc 84.38% eta 1:09:07
2023-04-24 12:03:25,503 - __main__ - INFO - [INFO] 2023-04-24 12:03:25.503090 Epoch [43/100] batch [385/391] loss 0.3716 lr 0.062434494358242776 acc 84.38% eta 1:08:37
2023-04-24 12:03:26,948 - __main__ - INFO - Computing epoch 43 validation accuracy...
2023-04-24 12:03:32,367 - __main__ - INFO - Computing epoch 43 validation loss...
2023-04-24 12:03:38,026 - __main__ - INFO - [INFO] 2023-04-24 12:03:38.025897 Epoch [44/100] batch [1/391] loss 0.2248 lr 0.06090716206982718 acc 93.75% eta 1:12:48
2023-04-24 12:04:06,976 - __main__ - INFO - [INFO] 2023-04-24 12:04:06.976078 Epoch [44/100] batch [129/391] loss 0.3507 lr 0.06090716206982718 acc 89.06% eta 1:09:55
2023-04-24 12:04:34,706 - __main__ - INFO - [INFO] 2023-04-24 12:04:34.705838 Epoch [44/100] batch [257/391] loss 0.3178 lr 0.06090716206982718 acc 93.75% eta 1:07:55
2023-04-24 12:05:02,807 - __main__ - INFO - [INFO] 2023-04-24 12:05:02.807020 Epoch [44/100] batch [385/391] loss 0.3790 lr 0.06090716206982718 acc 82.03% eta 1:07:26
2023-04-24 12:05:04,139 - __main__ - INFO - Computing epoch 44 validation accuracy...
2023-04-24 12:05:09,303 - __main__ - INFO - Computing epoch 44 validation loss...
2023-04-24 12:05:15,117 - __main__ - INFO - [INFO] 2023-04-24 12:05:15.117470 Epoch [45/100] batch [1/391] loss 0.2834 lr 0.05936906572928628 acc 90.62% eta 1:04:40
2023-04-24 12:05:44,771 - __main__ - INFO - [INFO] 2023-04-24 12:05:44.770872 Epoch [45/100] batch [129/391] loss 0.3843 lr 0.05936906572928628 acc 89.06% eta 1:09:58
2023-04-24 12:06:13,350 - __main__ - INFO - [INFO] 2023-04-24 12:06:13.350198 Epoch [45/100] batch [257/391] loss 0.4224 lr 0.05936906572928628 acc 87.50% eta 1:08:25
2023-04-24 12:06:41,554 - __main__ - INFO - [INFO] 2023-04-24 12:06:41.554253 Epoch [45/100] batch [385/391] loss 0.2552 lr 0.05936906572928628 acc 92.97% eta 1:07:18
2023-04-24 12:06:42,843 - __main__ - INFO - Computing epoch 45 validation accuracy...
2023-04-24 12:06:48,052 - __main__ - INFO - Computing epoch 45 validation loss...
2023-04-24 12:06:54,114 - __main__ - INFO - [INFO] 2023-04-24 12:06:54.114275 Epoch [46/100] batch [1/391] loss 0.2853 lr 0.05782172325201159 acc 87.50% eta 1:09:29
2023-04-24 12:07:23,367 - __main__ - INFO - [INFO] 2023-04-24 12:07:23.367302 Epoch [46/100] batch [129/391] loss 0.3687 lr 0.05782172325201159 acc 82.81% eta 1:07:55
2023-04-24 12:07:52,106 - __main__ - INFO - [INFO] 2023-04-24 12:07:52.106694 Epoch [46/100] batch [257/391] loss 0.2468 lr 0.05782172325201159 acc 89.06% eta 1:07:03
2023-04-24 12:08:19,603 - __main__ - INFO - [INFO] 2023-04-24 12:08:19.603232 Epoch [46/100] batch [385/391] loss 0.2918 lr 0.05782172325201159 acc 92.97% eta 1:05:29
2023-04-24 12:08:20,814 - __main__ - INFO - Computing epoch 46 validation accuracy...
2023-04-24 12:08:26,235 - __main__ - INFO - Computing epoch 46 validation loss...
2023-04-24 12:08:32,327 - __main__ - INFO - [INFO] 2023-04-24 12:08:32.326917 Epoch [47/100] batch [1/391] loss 0.2339 lr 0.056266661678215264 acc 92.97% eta 1:03:09
2023-04-24 12:09:01,071 - __main__ - INFO - [INFO] 2023-04-24 12:09:01.070925 Epoch [47/100] batch [129/391] loss 0.2626 lr 0.056266661678215264 acc 92.19% eta 1:05:35
2023-04-24 12:09:29,684 - __main__ - INFO - [INFO] 2023-04-24 12:09:29.684504 Epoch [47/100] batch [257/391] loss 0.2733 lr 0.056266661678215264 acc 89.84% eta 1:05:03
2023-04-24 12:09:57,905 - __main__ - INFO - [INFO] 2023-04-24 12:09:57.904896 Epoch [47/100] batch [385/391] loss 0.2934 lr 0.056266661678215264 acc 92.19% eta 1:04:20
2023-04-24 12:09:59,095 - __main__ - INFO - Computing epoch 47 validation accuracy...
2023-04-24 12:10:04,145 - __main__ - INFO - Computing epoch 47 validation loss...
2023-04-24 12:10:09,631 - __main__ - INFO - [INFO] 2023-04-24 12:10:09.631701 Epoch [48/100] batch [1/391] loss 0.4180 lr 0.05470541566592575 acc 91.41% eta 1:00:40
2023-04-24 12:10:38,562 - __main__ - INFO - [INFO] 2023-04-24 12:10:38.562015 Epoch [48/100] batch [129/391] loss 0.2214 lr 0.05470541566592575 acc 94.53% eta 1:04:42
2023-04-24 12:11:07,675 - __main__ - INFO - [INFO] 2023-04-24 12:11:07.675761 Epoch [48/100] batch [257/391] loss 0.3787 lr 0.05470541566592575 acc 88.28% eta 1:04:36
2023-04-24 12:11:35,440 - __main__ - INFO - [INFO] 2023-04-24 12:11:35.440247 Epoch [48/100] batch [385/391] loss 0.3591 lr 0.05470541566592575 acc 88.28% eta 1:03:16
2023-04-24 12:11:36,669 - __main__ - INFO - Computing epoch 48 validation accuracy...
2023-04-24 12:11:41,706 - __main__ - INFO - Computing epoch 48 validation loss...
2023-04-24 12:11:47,374 - __main__ - INFO - [INFO] 2023-04-24 12:11:47.374738 Epoch [49/100] batch [1/391] loss 0.3451 lr 0.053139525976465714 acc 88.28% eta 1:00:03
2023-04-24 12:12:14,642 - __main__ - INFO - [INFO] 2023-04-24 12:12:14.642181 Epoch [49/100] batch [129/391] loss 0.3244 lr 0.053139525976465714 acc 92.97% eta 0:59:48
2023-04-24 12:12:43,742 - __main__ - INFO - [INFO] 2023-04-24 12:12:43.742693 Epoch [49/100] batch [257/391] loss 0.2579 lr 0.053139525976465714 acc 90.62% eta 1:01:27
2023-04-24 12:13:12,924 - __main__ - INFO - [INFO] 2023-04-24 12:13:12.924287 Epoch [49/100] batch [385/391] loss 0.3833 lr 0.053139525976465714 acc 94.53% eta 1:01:42
2023-04-24 12:13:14,214 - __main__ - INFO - Computing epoch 49 validation accuracy...
2023-04-24 12:13:19,610 - __main__ - INFO - Computing epoch 49 validation loss...
2023-04-24 12:13:25,472 - __main__ - INFO - [INFO] 2023-04-24 12:13:25.472195 Epoch [50/100] batch [1/391] loss 0.3066 lr 0.05157053795390645 acc 95.31% eta 1:01:16
2023-04-24 12:13:52,358 - __main__ - INFO - [INFO] 2023-04-24 12:13:52.358686 Epoch [50/100] batch [129/391] loss 0.2442 lr 0.05157053795390645 acc 93.75% eta 0:57:59
2023-04-24 12:14:21,062 - __main__ - INFO - [INFO] 2023-04-24 12:14:21.062798 Epoch [50/100] batch [257/391] loss 0.2990 lr 0.05157053795390645 acc 88.28% eta 0:59:30
2023-04-24 12:14:49,810 - __main__ - INFO - [INFO] 2023-04-24 12:14:49.809814 Epoch [50/100] batch [385/391] loss 0.2696 lr 0.05157053795390645 acc 90.62% eta 0:59:45
2023-04-24 12:14:51,107 - __main__ - INFO - Computing epoch 50 validation accuracy...
2023-04-24 12:14:56,537 - __main__ - INFO - Computing epoch 50 validation loss...
2023-04-24 12:15:02,427 - __main__ - INFO - [INFO] 2023-04-24 12:15:02.427170 Epoch [51/100] batch [1/391] loss 0.2480 lr 0.05000000000000004 acc 92.97% eta 0:58:34
2023-04-24 12:15:29,585 - __main__ - INFO - [INFO] 2023-04-24 12:15:29.585157 Epoch [51/100] batch [129/391] loss 0.2789 lr 0.05000000000000004 acc 94.53% eta 0:57:18
2023-04-24 12:15:57,265 - __main__ - INFO - [INFO] 2023-04-24 12:15:57.265153 Epoch [51/100] batch [257/391] loss 0.2434 lr 0.05000000000000004 acc 91.41% eta 0:57:32
2023-04-24 12:16:25,166 - __main__ - INFO - [INFO] 2023-04-24 12:16:25.165848 Epoch [51/100] batch [385/391] loss 0.2384 lr 0.05000000000000004 acc 92.19% eta 0:57:27
2023-04-24 12:16:26,473 - __main__ - INFO - Computing epoch 51 validation accuracy...
2023-04-24 12:16:31,499 - __main__ - INFO - Computing epoch 51 validation loss...
2023-04-24 12:16:37,186 - __main__ - INFO - [INFO] 2023-04-24 12:16:37.186808 Epoch [52/100] batch [1/391] loss 0.3582 lr 0.04842946204609362 acc 94.53% eta 1:03:58
2023-04-24 12:17:05,995 - __main__ - INFO - [INFO] 2023-04-24 12:17:05.994816 Epoch [52/100] batch [129/391] loss 0.3073 lr 0.04842946204609362 acc 92.19% eta 0:59:33
2023-04-24 12:17:34,264 - __main__ - INFO - [INFO] 2023-04-24 12:17:34.264230 Epoch [52/100] batch [257/391] loss 0.3403 lr 0.04842946204609362 acc 92.19% eta 0:58:35
2023-04-24 12:18:01,790 - __main__ - INFO - [INFO] 2023-04-24 12:18:01.790100 Epoch [52/100] batch [385/391] loss 0.2318 lr 0.04842946204609362 acc 92.19% eta 0:57:32
2023-04-24 12:18:02,996 - __main__ - INFO - Computing epoch 52 validation accuracy...
2023-04-24 12:18:08,197 - __main__ - INFO - Computing epoch 52 validation loss...
2023-04-24 12:18:13,837 - __main__ - INFO - [INFO] 2023-04-24 12:18:13.837630 Epoch [53/100] batch [1/391] loss 0.2854 lr 0.04686047402353437 acc 92.19% eta 1:13:11
2023-04-24 12:18:42,010 - __main__ - INFO - [INFO] 2023-04-24 12:18:42.010294 Epoch [53/100] batch [129/391] loss 0.1544 lr 0.04686047402353437 acc 94.53% eta 0:57:07
2023-04-24 12:19:10,120 - __main__ - INFO - [INFO] 2023-04-24 12:19:10.120260 Epoch [53/100] batch [257/391] loss 0.2490 lr 0.04686047402353437 acc 88.28% eta 0:56:41
2023-04-24 12:19:37,469 - __main__ - INFO - [INFO] 2023-04-24 12:19:37.469756 Epoch [53/100] batch [385/391] loss 0.2486 lr 0.04686047402353437 acc 93.75% eta 0:55:42
2023-04-24 12:19:38,699 - __main__ - INFO - Computing epoch 53 validation accuracy...
2023-04-24 12:19:43,985 - __main__ - INFO - Computing epoch 53 validation loss...
2023-04-24 12:19:49,653 - __main__ - INFO - [INFO] 2023-04-24 12:19:49.653184 Epoch [54/100] batch [1/391] loss 0.1909 lr 0.045294584334074316 acc 96.09% eta 1:05:03
2023-04-24 12:20:17,254 - __main__ - INFO - [INFO] 2023-04-24 12:20:17.254700 Epoch [54/100] batch [129/391] loss 0.3831 lr 0.045294584334074316 acc 89.06% eta 0:54:52
2023-04-24 12:20:44,628 - __main__ - INFO - [INFO] 2023-04-24 12:20:44.628260 Epoch [54/100] batch [257/391] loss 0.3862 lr 0.045294584334074316 acc 87.50% eta 0:54:12
2023-04-24 12:21:12,684 - __main__ - INFO - [INFO] 2023-04-24 12:21:12.684607 Epoch [54/100] batch [385/391] loss 0.4456 lr 0.045294584334074316 acc 92.19% eta 0:54:12
2023-04-24 12:21:14,052 - __main__ - INFO - Computing epoch 54 validation accuracy...
2023-04-24 12:21:19,488 - __main__ - INFO - Computing epoch 54 validation loss...
2023-04-24 12:21:25,298 - __main__ - INFO - [INFO] 2023-04-24 12:21:25.298794 Epoch [55/100] batch [1/391] loss 0.2623 lr 0.043733338321784825 acc 93.75% eta 0:55:12
2023-04-24 12:21:54,559 - __main__ - INFO - [INFO] 2023-04-24 12:21:54.558998 Epoch [55/100] batch [129/391] loss 0.3682 lr 0.043733338321784825 acc 94.53% eta 0:56:59
2023-04-24 12:22:21,961 - __main__ - INFO - [INFO] 2023-04-24 12:22:21.960866 Epoch [55/100] batch [257/391] loss 0.2940 lr 0.043733338321784825 acc 92.19% eta 0:54:37
2023-04-24 12:22:49,981 - __main__ - INFO - [INFO] 2023-04-24 12:22:49.981543 Epoch [55/100] batch [385/391] loss 0.2668 lr 0.043733338321784825 acc 92.19% eta 0:53:59
2023-04-24 12:22:51,314 - __main__ - INFO - Computing epoch 55 validation accuracy...
2023-04-24 12:22:56,823 - __main__ - INFO - Computing epoch 55 validation loss...
2023-04-24 12:23:02,407 - __main__ - INFO - [INFO] 2023-04-24 12:23:02.407084 Epoch [56/100] batch [1/391] loss 0.2375 lr 0.042178276747988484 acc 94.53% eta 0:54:26
2023-04-24 12:23:30,616 - __main__ - INFO - [INFO] 2023-04-24 12:23:30.616320 Epoch [56/100] batch [129/391] loss 0.2234 lr 0.042178276747988484 acc 91.41% eta 0:53:51
2023-04-24 12:23:57,278 - __main__ - INFO - [INFO] 2023-04-24 12:23:57.278728 Epoch [56/100] batch [257/391] loss 0.2146 lr 0.042178276747988484 acc 92.97% eta 0:51:52
2023-04-24 12:24:25,752 - __main__ - INFO - [INFO] 2023-04-24 12:24:25.752272 Epoch [56/100] batch [385/391] loss 0.1422 lr 0.042178276747988484 acc 96.88% eta 0:52:05
2023-04-24 12:24:27,139 - __main__ - INFO - Computing epoch 56 validation accuracy...
2023-04-24 12:24:32,372 - __main__ - INFO - Computing epoch 56 validation loss...
2023-04-24 12:24:38,366 - __main__ - INFO - [INFO] 2023-04-24 12:24:38.366688 Epoch [57/100] batch [1/391] loss 0.2425 lr 0.0406309342707138 acc 94.53% eta 1:00:57
2023-04-24 12:25:07,174 - __main__ - INFO - [INFO] 2023-04-24 12:25:07.174117 Epoch [57/100] batch [129/391] loss 0.3864 lr 0.0406309342707138 acc 89.84% eta 0:53:27
2023-04-24 12:25:35,217 - __main__ - INFO - [INFO] 2023-04-24 12:25:35.217070 Epoch [57/100] batch [257/391] loss 0.2995 lr 0.0406309342707138 acc 90.62% eta 0:52:24
2023-04-24 12:26:04,265 - __main__ - INFO - [INFO] 2023-04-24 12:26:04.264831 Epoch [57/100] batch [385/391] loss 0.2020 lr 0.0406309342707138 acc 90.62% eta 0:52:26
2023-04-24 12:26:05,547 - __main__ - INFO - Computing epoch 57 validation accuracy...
2023-04-24 12:26:11,214 - __main__ - INFO - Computing epoch 57 validation loss...
2023-04-24 12:26:17,032 - __main__ - INFO - [INFO] 2023-04-24 12:26:17.032691 Epoch [58/100] batch [1/391] loss 0.2547 lr 0.039092837930172916 acc 92.19% eta 0:52:27
2023-04-24 12:26:44,561 - __main__ - INFO - [INFO] 2023-04-24 12:26:44.561611 Epoch [58/100] batch [129/391] loss 0.2188 lr 0.039092837930172916 acc 94.53% eta 0:49:44
2023-04-24 12:27:13,103 - __main__ - INFO - [INFO] 2023-04-24 12:27:13.103382 Epoch [58/100] batch [257/391] loss 0.2859 lr 0.039092837930172916 acc 93.75% eta 0:50:24
2023-04-24 12:27:42,188 - __main__ - INFO - [INFO] 2023-04-24 12:27:42.188285 Epoch [58/100] batch [385/391] loss 0.2924 lr 0.039092837930172916 acc 92.97% eta 0:50:38
2023-04-24 12:27:43,462 - __main__ - INFO - Computing epoch 58 validation accuracy...
2023-04-24 12:27:49,072 - __main__ - INFO - Computing epoch 58 validation loss...
2023-04-24 12:27:55,198 - __main__ - INFO - [INFO] 2023-04-24 12:27:55.198533 Epoch [59/100] batch [1/391] loss 0.3574 lr 0.037565505641757285 acc 94.53% eta 0:47:13
2023-04-24 12:28:22,139 - __main__ - INFO - [INFO] 2023-04-24 12:28:22.139776 Epoch [59/100] batch [129/391] loss 0.2402 lr 0.037565505641757285 acc 96.09% eta 0:47:39
2023-04-24 12:28:50,555 - __main__ - INFO - [INFO] 2023-04-24 12:28:50.555294 Epoch [59/100] batch [257/391] loss 0.2029 lr 0.037565505641757285 acc 96.09% eta 0:48:30
2023-04-24 12:29:20,063 - __main__ - INFO - [INFO] 2023-04-24 12:29:20.062902 Epoch [59/100] batch [385/391] loss 0.2422 lr 0.037565505641757285 acc 96.88% eta 0:49:05
2023-04-24 12:29:21,365 - __main__ - INFO - Computing epoch 59 validation accuracy...
2023-04-24 12:29:26,823 - __main__ - INFO - Computing epoch 59 validation loss...
2023-04-24 12:29:32,552 - __main__ - INFO - [INFO] 2023-04-24 12:29:32.551987 Epoch [60/100] batch [1/391] loss 0.1735 lr 0.03605044469803857 acc 95.31% eta 0:49:43
2023-04-24 12:30:01,468 - __main__ - INFO - [INFO] 2023-04-24 12:30:01.468548 Epoch [60/100] batch [129/391] loss 0.3228 lr 0.03605044469803857 acc 91.41% eta 0:49:39
2023-04-24 12:30:29,374 - __main__ - INFO - [INFO] 2023-04-24 12:30:29.374585 Epoch [60/100] batch [257/391] loss 0.2643 lr 0.03605044469803857 acc 96.09% eta 0:48:34
2023-04-24 12:30:58,158 - __main__ - INFO - [INFO] 2023-04-24 12:30:58.158406 Epoch [60/100] batch [385/391] loss 0.1677 lr 0.03605044469803857 acc 94.53% eta 0:48:26
2023-04-24 12:30:59,383 - __main__ - INFO - Computing epoch 60 validation accuracy...
2023-04-24 12:31:04,834 - __main__ - INFO - Computing epoch 60 validation loss...
2023-04-24 12:31:10,859 - __main__ - INFO - [INFO] 2023-04-24 12:31:10.859265 Epoch [61/100] batch [1/391] loss 0.2312 lr 0.034549150281252675 acc 95.31% eta 0:47:23
2023-04-24 12:31:38,100 - __main__ - INFO - [INFO] 2023-04-24 12:31:38.100334 Epoch [61/100] batch [129/391] loss 0.1695 lr 0.034549150281252675 acc 96.88% eta 0:46:05
2023-04-24 12:32:05,794 - __main__ - INFO - [INFO] 2023-04-24 12:32:05.793922 Epoch [61/100] batch [257/391] loss 0.1725 lr 0.034549150281252675 acc 96.88% eta 0:46:00
2023-04-24 12:32:34,675 - __main__ - INFO - [INFO] 2023-04-24 12:32:34.675294 Epoch [61/100] batch [385/391] loss 0.2926 lr 0.034549150281252675 acc 95.31% eta 0:46:22
2023-04-24 12:32:35,979 - __main__ - INFO - Computing epoch 61 validation accuracy...
2023-04-24 12:32:41,295 - __main__ - INFO - Computing epoch 61 validation loss...
2023-04-24 12:32:47,048 - __main__ - INFO - [INFO] 2023-04-24 12:32:47.048626 Epoch [62/100] batch [1/391] loss 0.1608 lr 0.03306310398773546 acc 96.09% eta 0:46:34
2023-04-24 12:33:15,290 - __main__ - INFO - [INFO] 2023-04-24 12:33:15.290503 Epoch [62/100] batch [129/391] loss 0.3681 lr 0.03306310398773546 acc 92.97% eta 0:46:40
2023-04-24 12:33:42,826 - __main__ - INFO - [INFO] 2023-04-24 12:33:42.826486 Epoch [62/100] batch [257/391] loss 0.2894 lr 0.03306310398773546 acc 90.62% eta 0:45:35
2023-04-24 12:34:10,721 - __main__ - INFO - [INFO] 2023-04-24 12:34:10.721397 Epoch [62/100] batch [385/391] loss 0.2932 lr 0.03306310398773546 acc 92.97% eta 0:45:11
2023-04-24 12:34:12,034 - __main__ - INFO - Computing epoch 62 validation accuracy...
2023-04-24 12:34:17,396 - __main__ - INFO - Computing epoch 62 validation loss...
2023-04-24 12:34:23,202 - __main__ - INFO - [INFO] 2023-04-24 12:34:23.202028 Epoch [63/100] batch [1/391] loss 0.2085 lr 0.031593772365766146 acc 93.75% eta 0:44:56
2023-04-24 12:34:51,900 - __main__ - INFO - [INFO] 2023-04-24 12:34:51.900038 Epoch [63/100] batch [129/391] loss 0.1684 lr 0.031593772365766146 acc 95.31% eta 0:46:01
2023-04-24 12:35:19,848 - __main__ - INFO - [INFO] 2023-04-24 12:35:19.848109 Epoch [63/100] batch [257/391] loss 0.2276 lr 0.031593772365766146 acc 94.53% eta 0:44:49
2023-04-24 12:35:47,322 - __main__ - INFO - [INFO] 2023-04-24 12:35:47.322227 Epoch [63/100] batch [385/391] loss 0.2014 lr 0.031593772365766146 acc 95.31% eta 0:44:00
2023-04-24 12:35:48,614 - __main__ - INFO - Computing epoch 63 validation accuracy...
2023-04-24 12:35:53,776 - __main__ - INFO - Computing epoch 63 validation loss...
2023-04-24 12:35:59,450 - __main__ - INFO - [INFO] 2023-04-24 12:35:59.450719 Epoch [64/100] batch [1/391] loss 0.1940 lr 0.030142605468260992 acc 95.31% eta 0:45:03
2023-04-24 12:36:28,160 - __main__ - INFO - [INFO] 2023-04-24 12:36:28.159955 Epoch [64/100] batch [129/391] loss 0.1604 lr 0.030142605468260992 acc 96.88% eta 0:44:45
2023-04-24 12:36:57,731 - __main__ - INFO - [INFO] 2023-04-24 12:36:57.730997 Epoch [64/100] batch [257/391] loss 0.2007 lr 0.030142605468260992 acc 95.31% eta 0:44:50
2023-04-24 12:37:25,685 - __main__ - INFO - [INFO] 2023-04-24 12:37:25.684964 Epoch [64/100] batch [385/391] loss 0.1582 lr 0.030142605468260992 acc 93.75% eta 0:43:53
2023-04-24 12:37:27,028 - __main__ - INFO - Computing epoch 64 validation accuracy...
2023-04-24 12:37:32,588 - __main__ - INFO - Computing epoch 64 validation loss...
2023-04-24 12:37:38,499 - __main__ - INFO - [INFO] 2023-04-24 12:37:38.498943 Epoch [65/100] batch [1/391] loss 0.2746 lr 0.028711035421746394 acc 94.53% eta 0:45:04
2023-04-24 12:38:07,515 - __main__ - INFO - [INFO] 2023-04-24 12:38:07.514904 Epoch [65/100] batch [129/391] loss 0.1885 lr 0.028711035421746394 acc 97.66% eta 0:43:48
2023-04-24 12:38:35,055 - __main__ - INFO - [INFO] 2023-04-24 12:38:35.055667 Epoch [65/100] batch [257/391] loss 0.1901 lr 0.028711035421746394 acc 95.31% eta 0:42:20
2023-04-24 12:39:04,149 - __main__ - INFO - [INFO] 2023-04-24 12:39:04.149714 Epoch [65/100] batch [385/391] loss 0.2567 lr 0.028711035421746394 acc 95.31% eta 0:42:22
2023-04-24 12:39:05,512 - __main__ - INFO - Computing epoch 65 validation accuracy...
2023-04-24 12:39:11,517 - __main__ - INFO - Computing epoch 65 validation loss...
2023-04-24 12:39:17,691 - __main__ - INFO - [INFO] 2023-04-24 12:39:17.691567 Epoch [66/100] batch [1/391] loss 0.1918 lr 0.027300475013022688 acc 96.88% eta 0:40:48
2023-04-24 12:39:46,432 - __main__ - INFO - [INFO] 2023-04-24 12:39:46.432134 Epoch [66/100] batch [129/391] loss 0.1105 lr 0.027300475013022688 acc 96.88% eta 0:42:15
2023-04-24 12:40:15,638 - __main__ - INFO - [INFO] 2023-04-24 12:40:15.638377 Epoch [66/100] batch [257/391] loss 0.1422 lr 0.027300475013022688 acc 96.09% eta 0:42:10
2023-04-24 12:40:43,729 - __main__ - INFO - [INFO] 2023-04-24 12:40:43.729506 Epoch [66/100] batch [385/391] loss 0.3393 lr 0.027300475013022688 acc 92.97% eta 0:41:24
2023-04-24 12:40:44,959 - __main__ - INFO - Computing epoch 66 validation accuracy...
2023-04-24 12:40:50,242 - __main__ - INFO - Computing epoch 66 validation loss...
2023-04-24 12:40:56,221 - __main__ - INFO - [INFO] 2023-04-24 12:40:56.221571 Epoch [67/100] batch [1/391] loss 0.2226 lr 0.025912316294914254 acc 96.09% eta 0:39:34
2023-04-24 12:41:25,164 - __main__ - INFO - [INFO] 2023-04-24 12:41:25.164752 Epoch [67/100] batch [129/391] loss 0.1210 lr 0.025912316294914254 acc 97.66% eta 0:41:22
2023-04-24 12:41:54,616 - __main__ - INFO - [INFO] 2023-04-24 12:41:54.616518 Epoch [67/100] batch [257/391] loss 0.0869 lr 0.025912316294914254 acc 97.66% eta 0:41:20
2023-04-24 12:42:22,792 - __main__ - INFO - [INFO] 2023-04-24 12:42:22.792564 Epoch [67/100] batch [385/391] loss 0.2401 lr 0.025912316294914254 acc 93.75% eta 0:40:23
2023-04-24 12:42:24,043 - __main__ - INFO - Computing epoch 67 validation accuracy...
2023-04-24 12:42:29,409 - __main__ - INFO - Computing epoch 67 validation loss...
2023-04-24 12:42:35,205 - __main__ - INFO - [INFO] 2023-04-24 12:42:35.205264 Epoch [68/100] batch [1/391] loss 0.1892 lr 0.02454792921248146 acc 92.97% eta 0:47:47
2023-04-24 12:43:03,805 - __main__ - INFO - [INFO] 2023-04-24 12:43:03.805587 Epoch [68/100] batch [129/391] loss 0.1078 lr 0.02454792921248146 acc 98.44% eta 0:39:36
2023-04-24 12:43:33,113 - __main__ - INFO - [INFO] 2023-04-24 12:43:33.113623 Epoch [68/100] batch [257/391] loss 0.1824 lr 0.02454792921248146 acc 93.75% eta 0:39:46
2023-04-24 12:44:02,287 - __main__ - INFO - [INFO] 2023-04-24 12:44:02.287672 Epoch [68/100] batch [385/391] loss 0.2248 lr 0.02454792921248146 acc 90.62% eta 0:39:25
2023-04-24 12:44:03,537 - __main__ - INFO - Computing epoch 68 validation accuracy...
2023-04-24 12:44:08,748 - __main__ - INFO - Computing epoch 68 validation loss...
2023-04-24 12:44:14,507 - __main__ - INFO - [INFO] 2023-04-24 12:44:14.506994 Epoch [69/100] batch [1/391] loss 0.1342 lr 0.02320866025105018 acc 98.44% eta 0:37:43
2023-04-24 12:44:42,028 - __main__ - INFO - [INFO] 2023-04-24 12:44:42.028101 Epoch [69/100] batch [129/391] loss 0.1287 lr 0.02320866025105018 acc 95.31% eta 0:36:55
2023-04-24 12:45:10,257 - __main__ - INFO - [INFO] 2023-04-24 12:45:10.257389 Epoch [69/100] batch [257/391] loss 0.2552 lr 0.02320866025105018 acc 91.41% eta 0:37:04
2023-04-24 12:45:38,189 - __main__ - INFO - [INFO] 2023-04-24 12:45:38.189307 Epoch [69/100] batch [385/391] loss 0.2201 lr 0.02320866025105018 acc 92.19% eta 0:36:44
2023-04-24 12:45:39,402 - __main__ - INFO - Computing epoch 69 validation accuracy...
2023-04-24 12:45:44,530 - __main__ - INFO - Computing epoch 69 validation loss...
2023-04-24 12:45:50,278 - __main__ - INFO - [INFO] 2023-04-24 12:45:50.278004 Epoch [70/100] batch [1/391] loss 0.1359 lr 0.021895831107393487 acc 98.44% eta 0:37:32
2023-04-24 12:46:17,095 - __main__ - INFO - [INFO] 2023-04-24 12:46:17.095803 Epoch [70/100] batch [129/391] loss 0.1361 lr 0.021895831107393487 acc 98.44% eta 0:34:59
2023-04-24 12:46:43,921 - __main__ - INFO - [INFO] 2023-04-24 12:46:43.921105 Epoch [70/100] batch [257/391] loss 0.1595 lr 0.021895831107393487 acc 96.09% eta 0:34:36
2023-04-24 12:47:11,910 - __main__ - INFO - [INFO] 2023-04-24 12:47:11.910792 Epoch [70/100] batch [385/391] loss 0.1727 lr 0.021895831107393487 acc 95.31% eta 0:34:41
2023-04-24 12:47:13,192 - __main__ - INFO - Computing epoch 70 validation accuracy...
2023-04-24 12:47:18,527 - __main__ - INFO - Computing epoch 70 validation loss...
2023-04-24 12:47:24,281 - __main__ - INFO - [INFO] 2023-04-24 12:47:24.281656 Epoch [71/100] batch [1/391] loss 0.1055 lr 0.02061073738537637 acc 97.66% eta 0:36:00
2023-04-24 12:47:52,433 - __main__ - INFO - [INFO] 2023-04-24 12:47:52.433645 Epoch [71/100] batch [129/391] loss 0.1520 lr 0.02061073738537637 acc 96.88% eta 0:35:30
2023-04-24 12:48:19,403 - __main__ - INFO - [INFO] 2023-04-24 12:48:19.403317 Epoch [71/100] batch [257/391] loss 0.0669 lr 0.02061073738537637 acc 98.44% eta 0:34:20
2023-04-24 12:48:47,477 - __main__ - INFO - [INFO] 2023-04-24 12:48:47.477260 Epoch [71/100] batch [385/391] loss 0.1316 lr 0.02061073738537637 acc 97.66% eta 0:34:09
2023-04-24 12:48:48,765 - __main__ - INFO - Computing epoch 71 validation accuracy...
2023-04-24 12:48:54,061 - __main__ - INFO - Computing epoch 71 validation loss...
2023-04-24 12:48:59,711 - __main__ - INFO - [INFO] 2023-04-24 12:48:59.710839 Epoch [72/100] batch [1/391] loss 0.1538 lr 0.01935464731735119 acc 94.53% eta 0:34:11
2023-04-24 12:49:27,756 - __main__ - INFO - [INFO] 2023-04-24 12:49:27.756406 Epoch [72/100] batch [129/391] loss 0.1185 lr 0.01935464731735119 acc 95.31% eta 0:34:10
2023-04-24 12:49:56,121 - __main__ - INFO - [INFO] 2023-04-24 12:49:56.120845 Epoch [72/100] batch [257/391] loss 0.2476 lr 0.01935464731735119 acc 96.88% eta 0:33:56
2023-04-24 12:50:25,559 - __main__ - INFO - [INFO] 2023-04-24 12:50:25.559059 Epoch [72/100] batch [385/391] loss 0.2432 lr 0.01935464731735119 acc 96.09% eta 0:34:03
2023-04-24 12:50:26,784 - __main__ - INFO - Computing epoch 72 validation accuracy...
2023-04-24 12:50:32,121 - __main__ - INFO - Computing epoch 72 validation loss...
2023-04-24 12:50:37,701 - __main__ - INFO - [INFO] 2023-04-24 12:50:37.701562 Epoch [73/100] batch [1/391] loss 0.1134 lr 0.018128800512565532 acc 98.44% eta 0:33:42
2023-04-24 12:51:04,945 - __main__ - INFO - [INFO] 2023-04-24 12:51:04.945429 Epoch [73/100] batch [129/391] loss 0.1665 lr 0.018128800512565532 acc 96.88% eta 0:32:02
2023-04-24 12:51:33,238 - __main__ - INFO - [INFO] 2023-04-24 12:51:33.238070 Epoch [73/100] batch [257/391] loss 0.1394 lr 0.018128800512565532 acc 96.09% eta 0:32:13
2023-04-24 12:52:01,781 - __main__ - INFO - [INFO] 2023-04-24 12:52:01.781753 Epoch [73/100] batch [385/391] loss 0.1356 lr 0.018128800512565532 acc 96.09% eta 0:32:09
2023-04-24 12:52:03,077 - __main__ - INFO - Computing epoch 73 validation accuracy...
2023-04-24 12:52:08,275 - __main__ - INFO - Computing epoch 73 validation loss...
2023-04-24 12:52:13,964 - __main__ - INFO - [INFO] 2023-04-24 12:52:13.964169 Epoch [74/100] batch [1/391] loss 0.1167 lr 0.016934406733817433 acc 96.88% eta 0:38:21
2023-04-24 12:52:41,383 - __main__ - INFO - [INFO] 2023-04-24 12:52:41.382891 Epoch [74/100] batch [129/391] loss 0.0558 lr 0.016934406733817433 acc 99.22% eta 0:31:03
2023-04-24 12:53:09,259 - __main__ - INFO - [INFO] 2023-04-24 12:53:09.259248 Epoch [74/100] batch [257/391] loss 0.1166 lr 0.016934406733817433 acc 96.88% eta 0:30:56
2023-04-24 12:53:36,882 - __main__ - INFO - [INFO] 2023-04-24 12:53:36.882347 Epoch [74/100] batch [385/391] loss 0.1465 lr 0.016934406733817433 acc 96.09% eta 0:30:32
2023-04-24 12:53:38,165 - __main__ - INFO - Computing epoch 74 validation accuracy...
2023-04-24 12:53:43,467 - __main__ - INFO - Computing epoch 74 validation loss...
2023-04-24 12:53:49,152 - __main__ - INFO - [INFO] 2023-04-24 12:53:49.152537 Epoch [75/100] batch [1/391] loss 0.0945 lr 0.01577264470356558 acc 98.44% eta 0:29:42
2023-04-24 12:54:16,651 - __main__ - INFO - [INFO] 2023-04-24 12:54:16.651620 Epoch [75/100] batch [129/391] loss 0.0911 lr 0.01577264470356558 acc 100.00% eta 0:29:59
2023-04-24 12:54:44,416 - __main__ - INFO - [INFO] 2023-04-24 12:54:44.416241 Epoch [75/100] batch [257/391] loss 0.1436 lr 0.01577264470356558 acc 95.31% eta 0:29:48
2023-04-24 12:55:12,951 - __main__ - INFO - [INFO] 2023-04-24 12:55:12.951254 Epoch [75/100] batch [385/391] loss 0.0818 lr 0.01577264470356558 acc 99.22% eta 0:29:39
2023-04-24 12:55:14,252 - __main__ - INFO - Computing epoch 75 validation accuracy...
2023-04-24 12:55:19,759 - __main__ - INFO - Computing epoch 75 validation loss...
2023-04-24 12:55:25,555 - __main__ - INFO - [INFO] 2023-04-24 12:55:25.555393 Epoch [76/100] batch [1/391] loss 0.1003 lr 0.014644660940672643 acc 96.88% eta 0:29:46
2023-04-24 12:55:54,211 - __main__ - INFO - [INFO] 2023-04-24 12:55:54.211651 Epoch [76/100] batch [129/391] loss 0.1005 lr 0.014644660940672643 acc 99.22% eta 0:30:03
2023-04-24 12:56:22,179 - __main__ - INFO - [INFO] 2023-04-24 12:56:22.179185 Epoch [76/100] batch [257/391] loss 0.0943 lr 0.014644660940672643 acc 98.44% eta 0:29:14
2023-04-24 12:56:49,124 - __main__ - INFO - [INFO] 2023-04-24 12:56:49.124458 Epoch [76/100] batch [385/391] loss 0.1660 lr 0.014644660940672643 acc 96.88% eta 0:28:23
2023-04-24 12:56:50,377 - __main__ - INFO - Computing epoch 76 validation accuracy...
2023-04-24 12:56:55,581 - __main__ - INFO - Computing epoch 76 validation loss...
2023-04-24 12:57:01,239 - __main__ - INFO - [INFO] 2023-04-24 12:57:01.238840 Epoch [77/100] batch [1/391] loss 0.1046 lr 0.013551568628929448 acc 98.44% eta 0:32:41
2023-04-24 12:57:29,454 - __main__ - INFO - [INFO] 2023-04-24 12:57:29.454748 Epoch [77/100] batch [129/391] loss 0.0981 lr 0.013551568628929448 acc 99.22% eta 0:28:28
2023-04-24 12:57:56,576 - __main__ - INFO - [INFO] 2023-04-24 12:57:56.576688 Epoch [77/100] batch [257/391] loss 0.0654 lr 0.013551568628929448 acc 98.44% eta 0:27:26
2023-04-24 12:58:23,999 - __main__ - INFO - [INFO] 2023-04-24 12:58:23.999009 Epoch [77/100] batch [385/391] loss 0.0644 lr 0.013551568628929448 acc 100.00% eta 0:26:58
2023-04-24 12:58:25,246 - __main__ - INFO - Computing epoch 77 validation accuracy...
2023-04-24 12:58:30,652 - __main__ - INFO - Computing epoch 77 validation loss...
2023-04-24 12:58:36,409 - __main__ - INFO - [INFO] 2023-04-24 12:58:36.408816 Epoch [78/100] batch [1/391] loss 0.0909 lr 0.012494446518477033 acc 99.22% eta 0:28:55
2023-04-24 12:59:03,534 - __main__ - INFO - [INFO] 2023-04-24 12:59:03.533846 Epoch [78/100] batch [129/391] loss 0.1366 lr 0.012494446518477033 acc 96.88% eta 0:26:11
2023-04-24 12:59:30,737 - __main__ - INFO - [INFO] 2023-04-24 12:59:30.737335 Epoch [78/100] batch [257/391] loss 0.0748 lr 0.012494446518477033 acc 99.22% eta 0:25:48
2023-04-24 12:59:58,648 - __main__ - INFO - [INFO] 2023-04-24 12:59:58.648195 Epoch [78/100] batch [385/391] loss 0.1300 lr 0.012494446518477033 acc 97.66% eta 0:25:38
2023-04-24 12:59:59,951 - __main__ - INFO - Computing epoch 78 validation accuracy...
2023-04-24 13:00:05,260 - __main__ - INFO - Computing epoch 78 validation loss...
2023-04-24 13:00:11,042 - __main__ - INFO - [INFO] 2023-04-24 13:00:11.041919 Epoch [79/100] batch [1/391] loss 0.0774 lr 0.011474337861210555 acc 98.44% eta 0:27:47
2023-04-24 13:00:38,371 - __main__ - INFO - [INFO] 2023-04-24 13:00:38.371018 Epoch [79/100] batch [129/391] loss 0.1291 lr 0.011474337861210555 acc 99.22% eta 0:25:10
2023-04-24 13:01:06,032 - __main__ - INFO - [INFO] 2023-04-24 13:01:06.031948 Epoch [79/100] batch [257/391] loss 0.0584 lr 0.011474337861210555 acc 100.00% eta 0:24:57
2023-04-24 13:01:34,181 - __main__ - INFO - [INFO] 2023-04-24 13:01:34.181425 Epoch [79/100] batch [385/391] loss 0.0900 lr 0.011474337861210555 acc 99.22% eta 0:24:48
2023-04-24 13:01:35,449 - __main__ - INFO - Computing epoch 79 validation accuracy...
2023-04-24 13:01:40,607 - __main__ - INFO - Computing epoch 79 validation loss...
2023-04-24 13:01:46,300 - __main__ - INFO - [INFO] 2023-04-24 13:01:46.300463 Epoch [80/100] batch [1/391] loss 0.0641 lr 0.01049224938121549 acc 100.00% eta 0:31:45
2023-04-24 13:02:13,485 - __main__ - INFO - [INFO] 2023-04-24 13:02:13.485056 Epoch [80/100] batch [129/391] loss 0.0525 lr 0.01049224938121549 acc 98.44% eta 0:23:54
2023-04-24 13:02:41,117 - __main__ - INFO - [INFO] 2023-04-24 13:02:41.117323 Epoch [80/100] batch [257/391] loss 0.0418 lr 0.01049224938121549 acc 100.00% eta 0:23:41
2023-04-24 13:03:09,738 - __main__ - INFO - [INFO] 2023-04-24 13:03:09.738079 Epoch [80/100] batch [385/391] loss 0.0646 lr 0.01049224938121549 acc 100.00% eta 0:23:37
2023-04-24 13:03:11,022 - __main__ - INFO - Computing epoch 80 validation accuracy...
2023-04-24 13:03:16,246 - __main__ - INFO - Computing epoch 80 validation loss...
2023-04-24 13:03:22,212 - __main__ - INFO - [INFO] 2023-04-24 13:03:22.212556 Epoch [81/100] batch [1/391] loss 0.0913 lr 0.009549150281252642 acc 97.66% eta 0:26:10
2023-04-24 13:03:50,395 - __main__ - INFO - [INFO] 2023-04-24 13:03:50.395231 Epoch [81/100] batch [129/391] loss 0.0666 lr 0.009549150281252642 acc 98.44% eta 0:23:34
2023-04-24 13:04:17,899 - __main__ - INFO - [INFO] 2023-04-24 13:04:17.899435 Epoch [81/100] batch [257/391] loss 0.0583 lr 0.009549150281252642 acc 99.22% eta 0:22:53
2023-04-24 13:04:46,076 - __main__ - INFO - [INFO] 2023-04-24 13:04:46.076167 Epoch [81/100] batch [385/391] loss 0.0492 lr 0.009549150281252642 acc 100.00% eta 0:22:36
2023-04-24 13:04:47,414 - __main__ - INFO - Computing epoch 81 validation accuracy...
2023-04-24 13:04:52,666 - __main__ - INFO - Computing epoch 81 validation loss...
2023-04-24 13:04:58,392 - __main__ - INFO - [INFO] 2023-04-24 13:04:58.391841 Epoch [82/100] batch [1/391] loss 0.0472 lr 0.008645971286271922 acc 99.22% eta 0:26:54
2023-04-24 13:05:26,071 - __main__ - INFO - [INFO] 2023-04-24 13:05:26.071583 Epoch [82/100] batch [129/391] loss 0.0676 lr 0.008645971286271922 acc 100.00% eta 0:21:57
2023-04-24 13:05:53,337 - __main__ - INFO - [INFO] 2023-04-24 13:05:53.337395 Epoch [82/100] batch [257/391] loss 0.0462 lr 0.008645971286271922 acc 100.00% eta 0:21:26
2023-04-24 13:06:21,656 - __main__ - INFO - [INFO] 2023-04-24 13:06:21.656128 Epoch [82/100] batch [385/391] loss 0.0613 lr 0.008645971286271922 acc 99.22% eta 0:21:15
2023-04-24 13:06:22,975 - __main__ - INFO - Computing epoch 82 validation accuracy...
2023-04-24 13:06:28,205 - __main__ - INFO - Computing epoch 82 validation loss...
2023-04-24 13:06:33,991 - __main__ - INFO - [INFO] 2023-04-24 13:06:33.991650 Epoch [83/100] batch [1/391] loss 0.0142 lr 0.007783603724899264 acc 100.00% eta 0:21:55
2023-04-24 13:07:02,063 - __main__ - INFO - [INFO] 2023-04-24 13:07:02.063639 Epoch [83/100] batch [129/391] loss 0.0363 lr 0.007783603724899264 acc 100.00% eta 0:21:04
2023-04-24 13:07:29,410 - __main__ - INFO - [INFO] 2023-04-24 13:07:29.409907 Epoch [83/100] batch [257/391] loss 0.0417 lr 0.007783603724899264 acc 100.00% eta 0:20:25
2023-04-24 13:07:57,726 - __main__ - INFO - [INFO] 2023-04-24 13:07:57.726168 Epoch [83/100] batch [385/391] loss 0.0632 lr 0.007783603724899264 acc 98.44% eta 0:20:10
2023-04-24 13:07:59,001 - __main__ - INFO - Computing epoch 83 validation accuracy...
2023-04-24 13:08:04,348 - __main__ - INFO - Computing epoch 83 validation loss...
2023-04-24 13:08:09,982 - __main__ - INFO - [INFO] 2023-04-24 13:08:09.982668 Epoch [84/100] batch [1/391] loss 0.0193 lr 0.006962898649802819 acc 100.00% eta 0:20:52
2023-04-24 13:08:38,460 - __main__ - INFO - [INFO] 2023-04-24 13:08:38.460533 Epoch [84/100] batch [129/391] loss 0.0283 lr 0.006962898649802819 acc 100.00% eta 0:20:13
2023-04-24 13:09:05,562 - __main__ - INFO - [INFO] 2023-04-24 13:09:05.561996 Epoch [84/100] batch [257/391] loss 0.1124 lr 0.006962898649802819 acc 98.44% eta 0:19:19
2023-04-24 13:09:32,936 - __main__ - INFO - [INFO] 2023-04-24 13:09:32.936770 Epoch [84/100] batch [385/391] loss 0.0447 lr 0.006962898649802819 acc 100.00% eta 0:18:50
2023-04-24 13:09:34,205 - __main__ - INFO - Computing epoch 84 validation accuracy...
2023-04-24 13:09:39,351 - __main__ - INFO - Computing epoch 84 validation loss...
2023-04-24 13:09:44,970 - __main__ - INFO - [INFO] 2023-04-24 13:09:44.970186 Epoch [85/100] batch [1/391] loss 0.0253 lr 0.0061846659978068265 acc 100.00% eta 0:20:15
2023-04-24 13:10:13,384 - __main__ - INFO - [INFO] 2023-04-24 13:10:13.383873 Epoch [85/100] batch [129/391] loss 0.0165 lr 0.0061846659978068265 acc 100.00% eta 0:18:56
2023-04-24 13:10:41,696 - __main__ - INFO - [INFO] 2023-04-24 13:10:41.696640 Epoch [85/100] batch [257/391] loss 0.0774 lr 0.0061846659978068265 acc 100.00% eta 0:18:29
2023-04-24 13:11:09,678 - __main__ - INFO - [INFO] 2023-04-24 13:11:09.678394 Epoch [85/100] batch [385/391] loss 0.0453 lr 0.0061846659978068265 acc 100.00% eta 0:18:00
2023-04-24 13:11:10,997 - __main__ - INFO - Computing epoch 85 validation accuracy...
2023-04-24 13:11:16,787 - __main__ - INFO - Computing epoch 85 validation loss...
2023-04-24 13:11:22,675 - __main__ - INFO - [INFO] 2023-04-24 13:11:22.675531 Epoch [86/100] batch [1/391] loss 0.0237 lr 0.005449673790581615 acc 99.22% eta 0:23:21
2023-04-24 13:11:51,757 - __main__ - INFO - [INFO] 2023-04-24 13:11:51.757260 Epoch [86/100] batch [129/391] loss 0.0243 lr 0.005449673790581615 acc 100.00% eta 0:18:15
2023-04-24 13:12:19,356 - __main__ - INFO - [INFO] 2023-04-24 13:12:19.356118 Epoch [86/100] batch [257/391] loss 0.0451 lr 0.005449673790581615 acc 99.22% eta 0:17:22
2023-04-24 13:12:47,468 - __main__ - INFO - [INFO] 2023-04-24 13:12:47.468397 Epoch [86/100] batch [385/391] loss 0.0433 lr 0.005449673790581615 acc 99.22% eta 0:16:55
2023-04-24 13:12:48,764 - __main__ - INFO - Computing epoch 86 validation accuracy...
2023-04-24 13:12:54,009 - __main__ - INFO - Computing epoch 86 validation loss...
2023-04-24 13:12:59,778 - __main__ - INFO - [INFO] 2023-04-24 13:12:59.778268 Epoch [87/100] batch [1/391] loss 0.0192 lr 0.004758647376699036 acc 100.00% eta 0:17:02
2023-04-24 13:13:29,260 - __main__ - INFO - [INFO] 2023-04-24 13:13:29.260332 Epoch [87/100] batch [129/391] loss 0.0524 lr 0.004758647376699036 acc 99.22% eta 0:17:03
2023-04-24 13:13:57,887 - __main__ - INFO - [INFO] 2023-04-24 13:13:57.887110 Epoch [87/100] batch [257/391] loss 0.0311 lr 0.004758647376699036 acc 100.00% eta 0:16:25
2023-04-24 13:14:25,697 - __main__ - INFO - [INFO] 2023-04-24 13:14:25.697468 Epoch [87/100] batch [385/391] loss 0.0274 lr 0.004758647376699036 acc 100.00% eta 0:15:48
2023-04-24 13:14:26,908 - __main__ - INFO - Computing epoch 87 validation accuracy...
2023-04-24 13:14:32,489 - __main__ - INFO - Computing epoch 87 validation loss...
2023-04-24 13:14:38,684 - __main__ - INFO - [INFO] 2023-04-24 13:14:38.684105 Epoch [88/100] batch [1/391] loss 0.0584 lr 0.004112268715800957 acc 99.22% eta 0:16:11
2023-04-24 13:15:09,760 - __main__ - INFO - [INFO] 2023-04-24 13:15:09.759895 Epoch [88/100] batch [129/391] loss 0.0265 lr 0.004112268715800957 acc 100.00% eta 0:16:36
2023-04-24 13:15:39,388 - __main__ - INFO - [INFO] 2023-04-24 13:15:39.388410 Epoch [88/100] batch [257/391] loss 0.0134 lr 0.004112268715800957 acc 100.00% eta 0:15:49
2023-04-24 13:16:07,892 - __main__ - INFO - [INFO] 2023-04-24 13:16:07.891869 Epoch [88/100] batch [385/391] loss 0.0127 lr 0.004112268715800957 acc 100.00% eta 0:15:07
2023-04-24 13:16:09,235 - __main__ - INFO - Computing epoch 88 validation accuracy...
2023-04-24 13:16:14,706 - __main__ - INFO - Computing epoch 88 validation loss...
2023-04-24 13:16:20,459 - __main__ - INFO - [INFO] 2023-04-24 13:16:20.459125 Epoch [89/100] batch [1/391] loss 0.0120 lr 0.003511175705587435 acc 100.00% eta 0:13:33
2023-04-24 13:16:50,389 - __main__ - INFO - [INFO] 2023-04-24 13:16:50.388978 Epoch [89/100] batch [129/391] loss 0.0131 lr 0.003511175705587435 acc 100.00% eta 0:14:47
2023-04-24 13:17:20,505 - __main__ - INFO - [INFO] 2023-04-24 13:17:20.505411 Epoch [89/100] batch [257/391] loss 0.0161 lr 0.003511175705587435 acc 100.00% eta 0:14:26
2023-04-24 13:17:50,380 - __main__ - INFO - [INFO] 2023-04-24 13:17:50.379938 Epoch [89/100] batch [385/391] loss 0.0199 lr 0.003511175705587435 acc 100.00% eta 0:13:59
2023-04-24 13:17:51,698 - __main__ - INFO - Computing epoch 89 validation accuracy...
2023-04-24 13:17:57,336 - __main__ - INFO - Computing epoch 89 validation loss...
2023-04-24 13:18:03,369 - __main__ - INFO - [INFO] 2023-04-24 13:18:03.369360 Epoch [90/100] batch [1/391] loss 0.0142 lr 0.0029559615522887295 acc 100.00% eta 0:13:37
2023-04-24 13:18:33,444 - __main__ - INFO - [INFO] 2023-04-24 13:18:33.444466 Epoch [90/100] batch [129/391] loss 0.0393 lr 0.0029559615522887295 acc 100.00% eta 0:13:35
2023-04-24 13:19:02,860 - __main__ - INFO - [INFO] 2023-04-24 13:19:02.860411 Epoch [90/100] batch [257/391] loss 0.0060 lr 0.0029559615522887295 acc 100.00% eta 0:13:02
2023-04-24 13:19:31,433 - __main__ - INFO - [INFO] 2023-04-24 13:19:31.433398 Epoch [90/100] batch [385/391] loss 0.0332 lr 0.0029559615522887295 acc 100.00% eta 0:12:27
2023-04-24 13:19:32,950 - __main__ - INFO - Computing epoch 90 validation accuracy...
2023-04-24 13:19:39,175 - __main__ - INFO - Computing epoch 90 validation loss...
2023-04-24 13:19:45,118 - __main__ - INFO - [INFO] 2023-04-24 13:19:45.117962 Epoch [91/100] batch [1/391] loss 0.0102 lr 0.0024471741852423253 acc 100.00% eta 0:12:15
2023-04-24 13:20:14,673 - __main__ - INFO - [INFO] 2023-04-24 13:20:14.673346 Epoch [91/100] batch [129/391] loss 0.0077 lr 0.0024471741852423253 acc 100.00% eta 0:12:10
2023-04-24 13:20:44,743 - __main__ - INFO - [INFO] 2023-04-24 13:20:44.743572 Epoch [91/100] batch [257/391] loss 0.0069 lr 0.0024471741852423253 acc 100.00% eta 0:11:49
2023-04-24 13:21:14,239 - __main__ - INFO - [INFO] 2023-04-24 13:21:14.238901 Epoch [91/100] batch [385/391] loss 0.0185 lr 0.0024471741852423253 acc 100.00% eta 0:11:22
2023-04-24 13:21:15,599 - __main__ - INFO - Computing epoch 91 validation accuracy...
2023-04-24 13:21:21,239 - __main__ - INFO - Computing epoch 91 validation loss...
2023-04-24 13:21:27,218 - __main__ - INFO - [INFO] 2023-04-24 13:21:27.217974 Epoch [92/100] batch [1/391] loss 0.0193 lr 0.0019853157161528537 acc 100.00% eta 0:14:05
2023-04-24 13:21:57,932 - __main__ - INFO - [INFO] 2023-04-24 13:21:57.932488 Epoch [92/100] batch [129/391] loss 0.0194 lr 0.0019853157161528537 acc 100.00% eta 0:11:16
2023-04-24 13:22:27,466 - __main__ - INFO - [INFO] 2023-04-24 13:22:27.466012 Epoch [92/100] batch [257/391] loss 0.0142 lr 0.0019853157161528537 acc 100.00% eta 0:10:38
2023-04-24 13:22:56,477 - __main__ - INFO - [INFO] 2023-04-24 13:22:56.477204 Epoch [92/100] batch [385/391] loss 0.0034 lr 0.0019853157161528537 acc 100.00% eta 0:10:05
2023-04-24 13:22:57,715 - __main__ - INFO - Computing epoch 92 validation accuracy...
2023-04-24 13:23:03,144 - __main__ - INFO - Computing epoch 92 validation loss...
2023-04-24 13:23:08,957 - __main__ - INFO - [INFO] 2023-04-24 13:23:08.957418 Epoch [93/100] batch [1/391] loss 0.0091 lr 0.0015708419435684529 acc 100.00% eta 0:09:24
2023-04-24 13:23:39,203 - __main__ - INFO - [INFO] 2023-04-24 13:23:39.203124 Epoch [93/100] batch [129/391] loss 0.0265 lr 0.0015708419435684529 acc 100.00% eta 0:09:48
2023-04-24 13:24:08,414 - __main__ - INFO - [INFO] 2023-04-24 13:24:08.414194 Epoch [93/100] batch [257/391] loss 0.0045 lr 0.0015708419435684529 acc 100.00% eta 0:09:14
2023-04-24 13:24:37,844 - __main__ - INFO - [INFO] 2023-04-24 13:24:37.844192 Epoch [93/100] batch [385/391] loss 0.0107 lr 0.0015708419435684529 acc 100.00% eta 0:08:48
2023-04-24 13:24:39,219 - __main__ - INFO - Computing epoch 93 validation accuracy...
2023-04-24 13:24:44,730 - __main__ - INFO - Computing epoch 93 validation loss...
2023-04-24 13:24:50,793 - __main__ - INFO - [INFO] 2023-04-24 13:24:50.793089 Epoch [94/100] batch [1/391] loss 0.0035 lr 0.0012041619030626347 acc 100.00% eta 0:10:38
2023-04-24 13:25:19,608 - __main__ - INFO - [INFO] 2023-04-24 13:25:19.608596 Epoch [94/100] batch [129/391] loss 0.0025 lr 0.0012041619030626347 acc 100.00% eta 0:08:11
2023-04-24 13:25:48,601 - __main__ - INFO - [INFO] 2023-04-24 13:25:48.601281 Epoch [94/100] batch [257/391] loss 0.0108 lr 0.0012041619030626347 acc 99.22% eta 0:07:47
2023-04-24 13:26:18,615 - __main__ - INFO - [INFO] 2023-04-24 13:26:18.615047 Epoch [94/100] batch [385/391] loss 0.0120 lr 0.0012041619030626347 acc 100.00% eta 0:07:28
2023-04-24 13:26:19,973 - __main__ - INFO - Computing epoch 94 validation accuracy...
2023-04-24 13:26:25,879 - __main__ - INFO - Computing epoch 94 validation loss...
2023-04-24 13:26:32,118 - __main__ - INFO - [INFO] 2023-04-24 13:26:32.118008 Epoch [95/100] batch [1/391] loss 0.0098 lr 0.0008856374635655646 acc 100.00% eta 0:08:31
2023-04-24 13:27:01,679 - __main__ - INFO - [INFO] 2023-04-24 13:27:01.679276 Epoch [95/100] batch [129/391] loss 0.0066 lr 0.0008856374635655646 acc 100.00% eta 0:07:06
2023-04-24 13:27:29,944 - __main__ - INFO - [INFO] 2023-04-24 13:27:29.943954 Epoch [95/100] batch [257/391] loss 0.0104 lr 0.0008856374635655646 acc 100.00% eta 0:06:32
2023-04-24 13:27:59,371 - __main__ - INFO - [INFO] 2023-04-24 13:27:59.371433 Epoch [95/100] batch [385/391] loss 0.0096 lr 0.0008856374635655646 acc 100.00% eta 0:06:11
2023-04-24 13:28:00,824 - __main__ - INFO - Computing epoch 95 validation accuracy...
2023-04-24 13:28:06,532 - __main__ - INFO - Computing epoch 95 validation loss...
2023-04-24 13:28:12,386 - __main__ - INFO - [INFO] 2023-04-24 13:28:12.386465 Epoch [96/100] batch [1/391] loss 0.0058 lr 0.0006155829702431174 acc 100.00% eta 0:06:03
2023-04-24 13:28:42,120 - __main__ - INFO - [INFO] 2023-04-24 13:28:42.120573 Epoch [96/100] batch [129/391] loss 0.0021 lr 0.0006155829702431174 acc 100.00% eta 0:05:52
2023-04-24 13:29:11,495 - __main__ - INFO - [INFO] 2023-04-24 13:29:11.495569 Epoch [96/100] batch [257/391] loss 0.0050 lr 0.0006155829702431174 acc 100.00% eta 0:05:26
2023-04-24 13:29:41,246 - __main__ - INFO - [INFO] 2023-04-24 13:29:41.246614 Epoch [96/100] batch [385/391] loss 0.0045 lr 0.0006155829702431174 acc 100.00% eta 0:05:02
2023-04-24 13:29:42,605 - __main__ - INFO - Computing epoch 96 validation accuracy...
2023-04-24 13:29:48,380 - __main__ - INFO - Computing epoch 96 validation loss...
2023-04-24 13:29:54,547 - __main__ - INFO - [INFO] 2023-04-24 13:29:54.547639 Epoch [97/100] batch [1/391] loss 0.0086 lr 0.00039426493427611206 acc 99.22% eta 0:04:49
2023-04-24 13:30:23,889 - __main__ - INFO - [INFO] 2023-04-24 13:30:23.889140 Epoch [97/100] batch [129/391] loss 0.0129 lr 0.00039426493427611206 acc 99.22% eta 0:04:33
2023-04-24 13:30:54,707 - __main__ - INFO - [INFO] 2023-04-24 13:30:54.706858 Epoch [97/100] batch [257/391] loss 0.0176 lr 0.00039426493427611206 acc 100.00% eta 0:04:15
2023-04-24 13:31:24,188 - __main__ - INFO - [INFO] 2023-04-24 13:31:24.187942 Epoch [97/100] batch [385/391] loss 0.0024 lr 0.00039426493427611206 acc 100.00% eta 0:03:49
2023-04-24 13:31:25,803 - __main__ - INFO - Computing epoch 97 validation accuracy...
2023-04-24 13:31:31,639 - __main__ - INFO - Computing epoch 97 validation loss...
2023-04-24 13:31:37,710 - __main__ - INFO - [INFO] 2023-04-24 13:31:37.710804 Epoch [98/100] batch [1/391] loss 0.0053 lr 0.00022190176984600036 acc 100.00% eta 0:03:29
2023-04-24 13:32:06,878 - __main__ - INFO - [INFO] 2023-04-24 13:32:06.878611 Epoch [98/100] batch [129/391] loss 0.0098 lr 0.00022190176984600036 acc 100.00% eta 0:03:17
2023-04-24 13:32:36,690 - __main__ - INFO - [INFO] 2023-04-24 13:32:36.690448 Epoch [98/100] batch [257/391] loss 0.0016 lr 0.00022190176984600036 acc 100.00% eta 0:02:56
2023-04-24 13:33:06,648 - __main__ - INFO - [INFO] 2023-04-24 13:33:06.648751 Epoch [98/100] batch [385/391] loss 0.0017 lr 0.00022190176984600036 acc 100.00% eta 0:02:32
2023-04-24 13:33:08,036 - __main__ - INFO - Computing epoch 98 validation accuracy...
2023-04-24 13:33:14,426 - __main__ - INFO - Computing epoch 98 validation loss...
2023-04-24 13:33:20,070 - __main__ - INFO - [INFO] 2023-04-24 13:33:20.070072 Epoch [99/100] batch [1/391] loss 0.0099 lr 9.866357858642213e-05 acc 100.00% eta 0:02:26
2023-04-24 13:33:49,824 - __main__ - INFO - [INFO] 2023-04-24 13:33:49.824626 Epoch [99/100] batch [129/391] loss 0.0041 lr 9.866357858642213e-05 acc 100.00% eta 0:02:07
2023-04-24 13:34:19,361 - __main__ - INFO - [INFO] 2023-04-24 13:34:19.361203 Epoch [99/100] batch [257/391] loss 0.0027 lr 9.866357858642213e-05 acc 100.00% eta 0:01:41
2023-04-24 13:34:49,454 - __main__ - INFO - [INFO] 2023-04-24 13:34:49.454212 Epoch [99/100] batch [385/391] loss 0.0178 lr 9.866357858642213e-05 acc 100.00% eta 0:01:17
2023-04-24 13:34:50,739 - __main__ - INFO - Computing epoch 99 validation accuracy...
2023-04-24 13:34:56,338 - __main__ - INFO - Computing epoch 99 validation loss...
2023-04-24 13:35:02,360 - __main__ - INFO - [INFO] 2023-04-24 13:35:02.360101 Epoch [100/100] batch [1/391] loss 0.0026 lr 2.4671981713420017e-05 acc 100.00% eta 0:01:25
2023-04-24 13:35:31,651 - __main__ - INFO - [INFO] 2023-04-24 13:35:31.651470 Epoch [100/100] batch [129/391] loss 0.0213 lr 2.4671981713420017e-05 acc 99.22% eta 0:00:50
2023-04-24 13:36:00,521 - __main__ - INFO - [INFO] 2023-04-24 13:36:00.520989 Epoch [100/100] batch [257/391] loss 0.0047 lr 2.4671981713420017e-05 acc 100.00% eta 0:00:25
2023-04-24 13:36:28,911 - __main__ - INFO - [INFO] 2023-04-24 13:36:28.911599 Epoch [100/100] batch [385/391] loss 0.0047 lr 2.4671981713420017e-05 acc 100.00% eta 0:00:01
2023-04-24 13:36:30,388 - __main__ - INFO - Computing epoch 100 validation accuracy...
2023-04-24 13:36:35,921 - __main__ - INFO - Computing epoch 100 validation loss...
2023-04-24 13:36:42,076 - __main__ - INFO - Reading testing data set cifar10
2023-04-24 13:36:42,815 - __main__ - INFO - Loading trained model...
2023-04-24 13:36:49,403 - __main__ - INFO - Testing acc : 95.24%.
