2023-04-13 16:15:46,614 - __main__ - INFO - 

2023-04-13 16:15:46,614 - __main__ - INFO - ***************
2023-04-13 16:15:46,614 - __main__ - INFO - ** Arguments **
2023-04-13 16:15:46,614 - __main__ - INFO - ***************
2023-04-13 16:15:46,614 - __main__ - INFO - backbone: resnet110
2023-04-13 16:15:46,614 - __main__ - INFO - dataname: cifar100
2023-04-13 16:15:46,614 - __main__ - INFO - drop_method: sd
2023-04-13 16:15:46,614 - __main__ - INFO - drop_rate: 0.3
2023-04-13 16:15:46,614 - __main__ - INFO - eval_only: 0
2023-04-13 16:15:46,615 - __main__ - INFO - output_path: checkpoints/cifar100/resnet110/drop_sd/rate_0.3/seed1
2023-04-13 16:15:46,615 - __main__ - INFO - part_rate: 0.1
2023-04-13 16:15:46,615 - __main__ - INFO - seed: 1
2023-04-13 16:15:46,615 - __main__ - INFO - weight_decay: 0.0005
2023-04-13 16:15:46,615 - __main__ - INFO - ************
2023-04-13 16:15:46,615 - __main__ - INFO - ** Config **
2023-04-13 16:15:46,615 - __main__ - INFO - ************
2023-04-13 16:15:46,615 - __main__ - INFO - {'DATALOADER': {'PATH': './data', 'DATANAME': 'cifar100', 'BATCH_SIZE': 128, 'NUM_CLASSES': 100}, 'INPUT': {'SIZE': [32, 32], 'PIXEL_MEAN': [0.4914, 0.4822, 0.4465], 'PIXEL_STD': [0.2023, 0.1994, 0.201]}, 'OUTPUT': {'DIR': 'checkpoints/cifar100/resnet110/drop_sd/rate_0.3/seed1'}, 'SEED': 1, 'OPTIM': {'LR': 0.1, 'MAX_EPOCH': 100, 'LR_SCHEDULER': 'step', 'LR_MILESTONES': [20, 40, 80, 120, 140], 'LR_DECAY': 0.2, 'PART_RATE': 0.1, 'WEIGHT_DECAY': 0.0005, 'DROP_RATE': 0.3, 'DROP_METHOD': 'sd', 'BLOCK_SIZE': 7}, 'MODEL': {'BACKBONE': 'resnet110'}}
2023-04-13 16:15:46,626 - __main__ - INFO - Reading training data set cifar100
2023-04-13 16:15:48,620 - __main__ - INFO - Loading raw model
2023-04-13 16:15:52,869 - __main__ - INFO - 
Saving everything to checkpoints/cifar100/resnet110/drop_sd/rate_0.3/seed1
2023-04-13 16:15:52,869 - __main__ - INFO - Start training...
2023-04-13 16:15:58,383 - __main__ - INFO - [INFO] 2023-04-13 16:15:58.383797 Epoch [1/100] batch [1/391] loss 13.1094 lr 0.1 acc 0.78% eta 2 days, 11:32:13
2023-04-13 16:16:24,500 - __main__ - INFO - [INFO] 2023-04-13 16:16:24.500616 Epoch [1/100] batch [129/391] loss 4.6445 lr 0.1 acc 0.00% eta 2:19:25
2023-04-13 16:16:50,710 - __main__ - INFO - [INFO] 2023-04-13 16:16:50.710014 Epoch [1/100] batch [257/391] loss 4.5156 lr 0.1 acc 1.56% eta 2:05:43
2023-04-13 16:17:16,568 - __main__ - INFO - [INFO] 2023-04-13 16:17:16.568459 Epoch [1/100] batch [385/391] loss 4.4688 lr 0.1 acc 1.56% eta 2:00:28
2023-04-13 16:17:17,747 - __main__ - INFO - Computing epoch 1 validation accuracy...
2023-04-13 16:17:22,770 - __main__ - INFO - Computing epoch 1 validation loss...
2023-04-13 16:17:28,116 - __main__ - INFO - [INFO] 2023-04-13 16:17:28.116059 Epoch [2/100] batch [1/391] loss 4.4492 lr 0.09997532801828658 acc 1.56% eta 1:53:25
2023-04-13 16:17:53,846 - __main__ - INFO - [INFO] 2023-04-13 16:17:53.845954 Epoch [2/100] batch [129/391] loss 4.4258 lr 0.09997532801828658 acc 2.34% eta 1:49:50
2023-04-13 16:18:20,036 - __main__ - INFO - [INFO] 2023-04-13 16:18:20.035949 Epoch [2/100] batch [257/391] loss 4.2266 lr 0.09997532801828658 acc 3.91% eta 1:50:23
2023-04-13 16:18:46,067 - __main__ - INFO - [INFO] 2023-04-13 16:18:46.067414 Epoch [2/100] batch [385/391] loss 4.4023 lr 0.09997532801828658 acc 3.91% eta 1:50:09
2023-04-13 16:18:47,228 - __main__ - INFO - Computing epoch 2 validation accuracy...
2023-04-13 16:18:52,288 - __main__ - INFO - Computing epoch 2 validation loss...
2023-04-13 16:18:57,676 - __main__ - INFO - [INFO] 2023-04-13 16:18:57.676166 Epoch [3/100] batch [1/391] loss 4.1836 lr 0.09990133642141358 acc 6.25% eta 1:52:16
2023-04-13 16:19:23,430 - __main__ - INFO - [INFO] 2023-04-13 16:19:23.430316 Epoch [3/100] batch [129/391] loss 4.1992 lr 0.09990133642141358 acc 6.25% eta 1:48:56
2023-04-13 16:19:49,226 - __main__ - INFO - [INFO] 2023-04-13 16:19:49.226636 Epoch [3/100] batch [257/391] loss 3.9805 lr 0.09990133642141358 acc 10.16% eta 1:48:36
2023-04-13 16:20:15,272 - __main__ - INFO - [INFO] 2023-04-13 16:20:15.272610 Epoch [3/100] batch [385/391] loss 3.7734 lr 0.09990133642141358 acc 9.38% eta 1:48:33
2023-04-13 16:20:16,457 - __main__ - INFO - Computing epoch 3 validation accuracy...
2023-04-13 16:20:21,414 - __main__ - INFO - Computing epoch 3 validation loss...
2023-04-13 16:20:26,740 - __main__ - INFO - [INFO] 2023-04-13 16:20:26.739927 Epoch [4/100] batch [1/391] loss 3.8613 lr 0.099778098230154 acc 11.72% eta 1:57:01
2023-04-13 16:20:52,724 - __main__ - INFO - [INFO] 2023-04-13 16:20:52.724619 Epoch [4/100] batch [129/391] loss 3.9492 lr 0.099778098230154 acc 7.03% eta 1:48:47
2023-04-13 16:21:18,782 - __main__ - INFO - [INFO] 2023-04-13 16:21:18.782326 Epoch [4/100] batch [257/391] loss 3.6973 lr 0.099778098230154 acc 11.72% eta 1:48:29
2023-04-13 16:21:45,121 - __main__ - INFO - [INFO] 2023-04-13 16:21:45.121382 Epoch [4/100] batch [385/391] loss 3.6094 lr 0.099778098230154 acc 14.06% eta 1:48:34
2023-04-13 16:21:46,320 - __main__ - INFO - Computing epoch 4 validation accuracy...
2023-04-13 16:21:51,407 - __main__ - INFO - Computing epoch 4 validation loss...
2023-04-13 16:21:56,848 - __main__ - INFO - [INFO] 2023-04-13 16:21:56.847936 Epoch [5/100] batch [1/391] loss 3.4160 lr 0.0996057350657239 acc 18.75% eta 1:50:31
2023-04-13 16:22:22,807 - __main__ - INFO - [INFO] 2023-04-13 16:22:22.807410 Epoch [5/100] batch [129/391] loss 3.5000 lr 0.0996057350657239 acc 15.62% eta 1:47:34
2023-04-13 16:22:48,628 - __main__ - INFO - [INFO] 2023-04-13 16:22:48.628448 Epoch [5/100] batch [257/391] loss 3.4844 lr 0.0996057350657239 acc 17.19% eta 1:46:49
2023-04-13 16:23:14,380 - __main__ - INFO - [INFO] 2023-04-13 16:23:14.380469 Epoch [5/100] batch [385/391] loss 3.3789 lr 0.0996057350657239 acc 16.41% eta 1:46:16
2023-04-13 16:23:15,564 - __main__ - INFO - Computing epoch 5 validation accuracy...
2023-04-13 16:23:20,726 - __main__ - INFO - Computing epoch 5 validation loss...
2023-04-13 16:23:26,125 - __main__ - INFO - [INFO] 2023-04-13 16:23:26.124906 Epoch [6/100] batch [1/391] loss 3.4160 lr 0.09938441702975688 acc 14.06% eta 1:50:30
2023-04-13 16:23:52,155 - __main__ - INFO - [INFO] 2023-04-13 16:23:52.155291 Epoch [6/100] batch [129/391] loss 3.3926 lr 0.09938441702975688 acc 24.22% eta 1:46:43
2023-04-13 16:24:18,036 - __main__ - INFO - [INFO] 2023-04-13 16:24:18.036812 Epoch [6/100] batch [257/391] loss 3.2207 lr 0.09938441702975688 acc 20.31% eta 1:45:58
2023-04-13 16:24:44,239 - __main__ - INFO - [INFO] 2023-04-13 16:24:44.239777 Epoch [6/100] batch [385/391] loss 3.2949 lr 0.09938441702975688 acc 28.12% eta 1:45:54
2023-04-13 16:24:45,421 - __main__ - INFO - Computing epoch 6 validation accuracy...
2023-04-13 16:24:50,491 - __main__ - INFO - Computing epoch 6 validation loss...
2023-04-13 16:24:55,942 - __main__ - INFO - [INFO] 2023-04-13 16:24:55.942380 Epoch [7/100] batch [1/391] loss 3.2812 lr 0.09911436253643444 acc 18.75% eta 1:47:43
2023-04-13 16:25:22,715 - __main__ - INFO - [INFO] 2023-04-13 16:25:22.714802 Epoch [7/100] batch [129/391] loss 3.2754 lr 0.09911436253643444 acc 16.41% eta 1:48:13
2023-04-13 16:25:49,656 - __main__ - INFO - [INFO] 2023-04-13 16:25:49.656290 Epoch [7/100] batch [257/391] loss 3.1680 lr 0.09911436253643444 acc 20.31% eta 1:48:15
2023-04-13 16:26:16,243 - __main__ - INFO - [INFO] 2023-04-13 16:26:16.243620 Epoch [7/100] batch [385/391] loss 3.0352 lr 0.09911436253643444 acc 19.53% eta 1:47:33
2023-04-13 16:26:17,427 - __main__ - INFO - Computing epoch 7 validation accuracy...
2023-04-13 16:26:22,498 - __main__ - INFO - Computing epoch 7 validation loss...
2023-04-13 16:26:28,110 - __main__ - INFO - [INFO] 2023-04-13 16:26:28.109978 Epoch [8/100] batch [1/391] loss 3.4414 lr 0.09879583809693737 acc 18.75% eta 1:47:36
2023-04-13 16:26:54,389 - __main__ - INFO - [INFO] 2023-04-13 16:26:54.389714 Epoch [8/100] batch [129/391] loss 3.0859 lr 0.09879583809693737 acc 27.34% eta 1:45:08
2023-04-13 16:27:20,933 - __main__ - INFO - [INFO] 2023-04-13 16:27:20.933652 Epoch [8/100] batch [257/391] loss 3.1504 lr 0.09879583809693737 acc 20.31% eta 1:45:14
2023-04-13 16:27:47,314 - __main__ - INFO - [INFO] 2023-04-13 16:27:47.314198 Epoch [8/100] batch [385/391] loss 3.1230 lr 0.09879583809693737 acc 22.66% eta 1:44:53
2023-04-13 16:27:48,503 - __main__ - INFO - Computing epoch 8 validation accuracy...
2023-04-13 16:27:53,510 - __main__ - INFO - Computing epoch 8 validation loss...
2023-04-13 16:27:59,223 - __main__ - INFO - [INFO] 2023-04-13 16:27:59.223481 Epoch [9/100] batch [1/391] loss 3.0645 lr 0.09842915805643156 acc 32.81% eta 1:45:02
2023-04-13 16:28:25,661 - __main__ - INFO - [INFO] 2023-04-13 16:28:25.661252 Epoch [9/100] batch [129/391] loss 3.1426 lr 0.09842915805643156 acc 24.22% eta 1:44:44
2023-04-13 16:28:52,112 - __main__ - INFO - [INFO] 2023-04-13 16:28:52.112576 Epoch [9/100] batch [257/391] loss 2.7246 lr 0.09842915805643156 acc 32.81% eta 1:44:22
2023-04-13 16:29:18,148 - __main__ - INFO - [INFO] 2023-04-13 16:29:18.148631 Epoch [9/100] batch [385/391] loss 2.9453 lr 0.09842915805643156 acc 30.47% eta 1:43:32
2023-04-13 16:29:19,326 - __main__ - INFO - Computing epoch 9 validation accuracy...
2023-04-13 16:29:24,345 - __main__ - INFO - Computing epoch 9 validation loss...
2023-04-13 16:29:29,804 - __main__ - INFO - [INFO] 2023-04-13 16:29:29.804557 Epoch [10/100] batch [1/391] loss 2.8516 lr 0.09801468428384716 acc 25.78% eta 1:47:07
2023-04-13 16:29:56,300 - __main__ - INFO - [INFO] 2023-04-13 16:29:56.299794 Epoch [10/100] batch [129/391] loss 3.0078 lr 0.09801468428384716 acc 24.22% eta 1:43:48
2023-04-13 16:30:22,916 - __main__ - INFO - [INFO] 2023-04-13 16:30:22.915842 Epoch [10/100] batch [257/391] loss 2.8750 lr 0.09801468428384716 acc 33.59% eta 1:43:42
2023-04-13 16:30:49,252 - __main__ - INFO - [INFO] 2023-04-13 16:30:49.251933 Epoch [10/100] batch [385/391] loss 2.9629 lr 0.09801468428384716 acc 28.91% eta 1:43:03
2023-04-13 16:30:50,416 - __main__ - INFO - Computing epoch 10 validation accuracy...
2023-04-13 16:30:55,434 - __main__ - INFO - Computing epoch 10 validation loss...
2023-04-13 16:31:00,910 - __main__ - INFO - [INFO] 2023-04-13 16:31:00.910741 Epoch [11/100] batch [1/391] loss 2.8867 lr 0.09755282581475769 acc 36.72% eta 1:57:13
2023-04-13 16:31:26,743 - __main__ - INFO - [INFO] 2023-04-13 16:31:26.743476 Epoch [11/100] batch [129/391] loss 2.9277 lr 0.09755282581475769 acc 21.88% eta 1:40:32
2023-04-13 16:31:52,918 - __main__ - INFO - [INFO] 2023-04-13 16:31:52.918469 Epoch [11/100] batch [257/391] loss 2.9688 lr 0.09755282581475769 acc 28.91% eta 1:40:43
2023-04-13 16:32:19,478 - __main__ - INFO - [INFO] 2023-04-13 16:32:19.477612 Epoch [11/100] batch [385/391] loss 2.6719 lr 0.09755282581475769 acc 32.81% eta 1:40:56
2023-04-13 16:32:20,772 - __main__ - INFO - Computing epoch 11 validation accuracy...
2023-04-13 16:32:25,816 - __main__ - INFO - Computing epoch 11 validation loss...
2023-04-13 16:32:31,252 - __main__ - INFO - [INFO] 2023-04-13 16:32:31.252025 Epoch [12/100] batch [1/391] loss 2.7578 lr 0.09704403844771128 acc 25.78% eta 1:45:16
2023-04-13 16:32:57,525 - __main__ - INFO - [INFO] 2023-04-13 16:32:57.525591 Epoch [12/100] batch [129/391] loss 3.1543 lr 0.09704403844771128 acc 25.78% eta 1:40:55
2023-04-13 16:33:24,120 - __main__ - INFO - [INFO] 2023-04-13 16:33:24.119911 Epoch [12/100] batch [257/391] loss 2.8203 lr 0.09704403844771128 acc 27.34% eta 1:40:59
2023-04-13 16:33:50,858 - __main__ - INFO - [INFO] 2023-04-13 16:33:50.858156 Epoch [12/100] batch [385/391] loss 2.8613 lr 0.09704403844771128 acc 28.12% eta 1:41:00
2023-04-13 16:33:52,033 - __main__ - INFO - Computing epoch 12 validation accuracy...
2023-04-13 16:33:57,320 - __main__ - INFO - Computing epoch 12 validation loss...
2023-04-13 16:34:03,058 - __main__ - INFO - [INFO] 2023-04-13 16:34:03.058203 Epoch [13/100] batch [1/391] loss 2.7188 lr 0.09648882429441258 acc 22.66% eta 1:59:52
2023-04-13 16:34:29,381 - __main__ - INFO - [INFO] 2023-04-13 16:34:29.380974 Epoch [13/100] batch [129/391] loss 2.7793 lr 0.09648882429441258 acc 28.12% eta 1:39:43
2023-04-13 16:34:56,194 - __main__ - INFO - [INFO] 2023-04-13 16:34:56.194537 Epoch [13/100] batch [257/391] loss 2.7656 lr 0.09648882429441258 acc 29.69% eta 1:40:19
2023-04-13 16:35:22,701 - __main__ - INFO - [INFO] 2023-04-13 16:35:22.701377 Epoch [13/100] batch [385/391] loss 2.7129 lr 0.09648882429441258 acc 24.22% eta 1:39:51
2023-04-13 16:35:23,883 - __main__ - INFO - Computing epoch 13 validation accuracy...
2023-04-13 16:35:29,009 - __main__ - INFO - Computing epoch 13 validation loss...
2023-04-13 16:35:34,729 - __main__ - INFO - [INFO] 2023-04-13 16:35:34.728957 Epoch [14/100] batch [1/391] loss 2.7207 lr 0.09588773128419906 acc 32.81% eta 1:54:11
2023-04-13 16:36:01,153 - __main__ - INFO - [INFO] 2023-04-13 16:36:01.153641 Epoch [14/100] batch [129/391] loss 2.7480 lr 0.09588773128419906 acc 32.81% eta 1:39:00
2023-04-13 16:36:27,846 - __main__ - INFO - [INFO] 2023-04-13 16:36:27.846310 Epoch [14/100] batch [257/391] loss 2.7324 lr 0.09588773128419906 acc 34.38% eta 1:38:57
2023-04-13 16:36:53,785 - __main__ - INFO - [INFO] 2023-04-13 16:36:53.785458 Epoch [14/100] batch [385/391] loss 2.6387 lr 0.09588773128419906 acc 32.81% eta 1:37:52
2023-04-13 16:36:54,952 - __main__ - INFO - Computing epoch 14 validation accuracy...
2023-04-13 16:37:00,066 - __main__ - INFO - Computing epoch 14 validation loss...
2023-04-13 16:37:05,445 - __main__ - INFO - [INFO] 2023-04-13 16:37:05.444928 Epoch [15/100] batch [1/391] loss 2.4414 lr 0.09524135262330098 acc 30.47% eta 1:40:22
2023-04-13 16:37:31,653 - __main__ - INFO - [INFO] 2023-04-13 16:37:31.653479 Epoch [15/100] batch [129/391] loss 2.7305 lr 0.09524135262330098 acc 33.59% eta 1:37:05
2023-04-13 16:37:57,542 - __main__ - INFO - [INFO] 2023-04-13 16:37:57.542544 Epoch [15/100] batch [257/391] loss 2.4961 lr 0.09524135262330098 acc 31.25% eta 1:36:02
2023-04-13 16:38:24,242 - __main__ - INFO - [INFO] 2023-04-13 16:38:24.241988 Epoch [15/100] batch [385/391] loss 2.4863 lr 0.09524135262330098 acc 24.22% eta 1:36:25
2023-04-13 16:38:25,442 - __main__ - INFO - Computing epoch 15 validation accuracy...
2023-04-13 16:38:30,524 - __main__ - INFO - Computing epoch 15 validation loss...
2023-04-13 16:38:36,560 - __main__ - INFO - [INFO] 2023-04-13 16:38:36.560185 Epoch [16/100] batch [1/391] loss 2.8770 lr 0.0945503262094184 acc 36.72% eta 1:54:44
2023-04-13 16:39:02,965 - __main__ - INFO - [INFO] 2023-04-13 16:39:02.965160 Epoch [16/100] batch [129/391] loss 2.5918 lr 0.0945503262094184 acc 30.47% eta 1:36:54
2023-04-13 16:39:29,002 - __main__ - INFO - [INFO] 2023-04-13 16:39:29.002209 Epoch [16/100] batch [257/391] loss 2.3398 lr 0.0945503262094184 acc 42.97% eta 1:35:47
2023-04-13 16:39:55,031 - __main__ - INFO - [INFO] 2023-04-13 16:39:55.031095 Epoch [16/100] batch [385/391] loss 2.8418 lr 0.0945503262094184 acc 27.34% eta 1:35:10
2023-04-13 16:39:56,248 - __main__ - INFO - Computing epoch 16 validation accuracy...
2023-04-13 16:40:01,397 - __main__ - INFO - Computing epoch 16 validation loss...
2023-04-13 16:40:06,868 - __main__ - INFO - [INFO] 2023-04-13 16:40:06.868402 Epoch [17/100] batch [1/391] loss 2.7266 lr 0.09381533400219319 acc 28.12% eta 1:36:03
2023-04-13 16:40:32,826 - __main__ - INFO - [INFO] 2023-04-13 16:40:32.826062 Epoch [17/100] batch [129/391] loss 2.6309 lr 0.09381533400219319 acc 34.38% eta 1:33:56
2023-04-13 16:40:59,395 - __main__ - INFO - [INFO] 2023-04-13 16:40:59.395685 Epoch [17/100] batch [257/391] loss 2.5547 lr 0.09381533400219319 acc 31.25% eta 1:34:39
2023-04-13 16:41:26,209 - __main__ - INFO - [INFO] 2023-04-13 16:41:26.209229 Epoch [17/100] batch [385/391] loss 2.5332 lr 0.09381533400219319 acc 32.03% eta 1:34:59
2023-04-13 16:41:27,383 - __main__ - INFO - Computing epoch 17 validation accuracy...
2023-04-13 16:41:32,573 - __main__ - INFO - Computing epoch 17 validation loss...
2023-04-13 16:41:37,861 - __main__ - INFO - [INFO] 2023-04-13 16:41:37.860904 Epoch [18/100] batch [1/391] loss 2.6133 lr 0.0930371013501972 acc 43.75% eta 1:33:48
2023-04-13 16:42:04,416 - __main__ - INFO - [INFO] 2023-04-13 16:42:04.416035 Epoch [18/100] batch [129/391] loss 2.5586 lr 0.0930371013501972 acc 36.72% eta 1:34:29
2023-04-13 16:42:30,759 - __main__ - INFO - [INFO] 2023-04-13 16:42:30.758856 Epoch [18/100] batch [257/391] loss 2.5547 lr 0.0930371013501972 acc 33.59% eta 1:34:00
2023-04-13 16:42:57,139 - __main__ - INFO - [INFO] 2023-04-13 16:42:57.139476 Epoch [18/100] batch [385/391] loss 2.5996 lr 0.0930371013501972 acc 34.38% eta 1:33:30
2023-04-13 16:42:58,309 - __main__ - INFO - Computing epoch 18 validation accuracy...
2023-04-13 16:43:03,459 - __main__ - INFO - Computing epoch 18 validation loss...
2023-04-13 16:43:08,802 - __main__ - INFO - [INFO] 2023-04-13 16:43:08.802446 Epoch [19/100] batch [1/391] loss 2.1328 lr 0.09221639627510078 acc 42.97% eta 1:34:12
2023-04-13 16:43:34,904 - __main__ - INFO - [INFO] 2023-04-13 16:43:34.904025 Epoch [19/100] batch [129/391] loss 2.3945 lr 0.09221639627510078 acc 39.84% eta 1:32:14
2023-04-13 16:44:02,125 - __main__ - INFO - [INFO] 2023-04-13 16:44:02.124984 Epoch [19/100] batch [257/391] loss 2.4375 lr 0.09221639627510078 acc 44.53% eta 1:33:42
2023-04-13 16:44:28,208 - __main__ - INFO - [INFO] 2023-04-13 16:44:28.207511 Epoch [19/100] batch [385/391] loss 2.4785 lr 0.09221639627510078 acc 42.19% eta 1:32:40
2023-04-13 16:44:29,412 - __main__ - INFO - Computing epoch 19 validation accuracy...
2023-04-13 16:44:34,430 - __main__ - INFO - Computing epoch 19 validation loss...
2023-04-13 16:44:40,046 - __main__ - INFO - [INFO] 2023-04-13 16:44:40.046620 Epoch [20/100] batch [1/391] loss 2.0645 lr 0.09135402871372812 acc 42.97% eta 1:31:39
2023-04-13 16:45:06,215 - __main__ - INFO - [INFO] 2023-04-13 16:45:06.215541 Epoch [20/100] batch [129/391] loss 2.7070 lr 0.09135402871372812 acc 21.88% eta 1:31:10
2023-04-13 16:45:32,901 - __main__ - INFO - [INFO] 2023-04-13 16:45:32.900828 Epoch [20/100] batch [257/391] loss 2.3066 lr 0.09135402871372812 acc 36.72% eta 1:31:41
2023-04-13 16:45:58,963 - __main__ - INFO - [INFO] 2023-04-13 16:45:58.962824 Epoch [20/100] batch [385/391] loss 2.2305 lr 0.09135402871372812 acc 32.81% eta 1:30:54
2023-04-13 16:46:00,171 - __main__ - INFO - Computing epoch 20 validation accuracy...
2023-04-13 16:46:05,585 - __main__ - INFO - Computing epoch 20 validation loss...
2023-04-13 16:46:11,029 - __main__ - INFO - [INFO] 2023-04-13 16:46:11.029509 Epoch [21/100] batch [1/391] loss 2.5449 lr 0.09045084971874741 acc 34.38% eta 1:33:04
2023-04-13 16:46:37,013 - __main__ - INFO - [INFO] 2023-04-13 16:46:37.013163 Epoch [21/100] batch [129/391] loss 2.5078 lr 0.09045084971874741 acc 42.97% eta 1:29:23
2023-04-13 16:47:03,587 - __main__ - INFO - [INFO] 2023-04-13 16:47:03.587464 Epoch [21/100] batch [257/391] loss 2.3730 lr 0.09045084971874741 acc 39.06% eta 1:30:06
2023-04-13 16:47:29,674 - __main__ - INFO - [INFO] 2023-04-13 16:47:29.674445 Epoch [21/100] batch [385/391] loss 2.1973 lr 0.09045084971874741 acc 40.62% eta 1:29:34
2023-04-13 16:47:30,886 - __main__ - INFO - Computing epoch 21 validation accuracy...
2023-04-13 16:47:36,163 - __main__ - INFO - Computing epoch 21 validation loss...
2023-04-13 16:47:41,684 - __main__ - INFO - [INFO] 2023-04-13 16:47:41.684672 Epoch [22/100] batch [1/391] loss 2.1309 lr 0.08950775061878455 acc 39.84% eta 1:30:08
2023-04-13 16:48:07,756 - __main__ - INFO - [INFO] 2023-04-13 16:48:07.756352 Epoch [22/100] batch [129/391] loss 2.3965 lr 0.08950775061878455 acc 39.84% eta 1:28:40
2023-04-13 16:48:34,070 - __main__ - INFO - [INFO] 2023-04-13 16:48:34.069072 Epoch [22/100] batch [257/391] loss 2.3320 lr 0.08950775061878455 acc 36.72% eta 1:28:43
2023-04-13 16:49:00,217 - __main__ - INFO - [INFO] 2023-04-13 16:49:00.217034 Epoch [22/100] batch [385/391] loss 2.3789 lr 0.08950775061878455 acc 34.38% eta 1:28:15
2023-04-13 16:49:01,425 - __main__ - INFO - Computing epoch 22 validation accuracy...
2023-04-13 16:49:06,526 - __main__ - INFO - Computing epoch 22 validation loss...
2023-04-13 16:49:12,018 - __main__ - INFO - [INFO] 2023-04-13 16:49:12.018144 Epoch [23/100] batch [1/391] loss 2.0957 lr 0.0885256621387895 acc 42.97% eta 1:31:38
2023-04-13 16:49:38,224 - __main__ - INFO - [INFO] 2023-04-13 16:49:38.224709 Epoch [23/100] batch [129/391] loss 2.2598 lr 0.0885256621387895 acc 48.44% eta 1:28:04
2023-04-13 16:50:04,435 - __main__ - INFO - [INFO] 2023-04-13 16:50:04.435773 Epoch [23/100] batch [257/391] loss 2.4473 lr 0.0885256621387895 acc 42.19% eta 1:27:38
2023-04-13 16:50:30,398 - __main__ - INFO - [INFO] 2023-04-13 16:50:30.398788 Epoch [23/100] batch [385/391] loss 2.3672 lr 0.0885256621387895 acc 41.41% eta 1:27:01
2023-04-13 16:50:31,635 - __main__ - INFO - Computing epoch 23 validation accuracy...
2023-04-13 16:50:36,840 - __main__ - INFO - Computing epoch 23 validation loss...
2023-04-13 16:50:42,311 - __main__ - INFO - [INFO] 2023-04-13 16:50:42.311797 Epoch [24/100] batch [1/391] loss 2.0996 lr 0.08750555348152302 acc 44.53% eta 1:41:37
2023-04-13 16:51:08,525 - __main__ - INFO - [INFO] 2023-04-13 16:51:08.525401 Epoch [24/100] batch [129/391] loss 2.4141 lr 0.08750555348152302 acc 26.56% eta 1:26:55
2023-04-13 16:51:34,638 - __main__ - INFO - [INFO] 2023-04-13 16:51:34.638595 Epoch [24/100] batch [257/391] loss 2.4062 lr 0.08750555348152302 acc 25.78% eta 1:26:27
2023-04-13 16:52:00,715 - __main__ - INFO - [INFO] 2023-04-13 16:52:00.715494 Epoch [24/100] batch [385/391] loss 2.1270 lr 0.08750555348152302 acc 39.06% eta 1:26:01
2023-04-13 16:52:01,874 - __main__ - INFO - Computing epoch 24 validation accuracy...
2023-04-13 16:52:07,006 - __main__ - INFO - Computing epoch 24 validation loss...
2023-04-13 16:52:12,470 - __main__ - INFO - [INFO] 2023-04-13 16:52:12.469910 Epoch [25/100] batch [1/391] loss 2.2070 lr 0.08644843137107061 acc 40.62% eta 1:27:42
2023-04-13 16:52:38,635 - __main__ - INFO - [INFO] 2023-04-13 16:52:38.634996 Epoch [25/100] batch [129/391] loss 2.3223 lr 0.08644843137107061 acc 42.19% eta 1:25:46
2023-04-13 16:53:04,362 - __main__ - INFO - [INFO] 2023-04-13 16:53:04.362755 Epoch [25/100] batch [257/391] loss 2.3398 lr 0.08644843137107061 acc 41.41% eta 1:24:34
2023-04-13 16:53:30,695 - __main__ - INFO - [INFO] 2023-04-13 16:53:30.695453 Epoch [25/100] batch [385/391] loss 2.2559 lr 0.08644843137107061 acc 14.06% eta 1:24:35
2023-04-13 16:53:31,918 - __main__ - INFO - Computing epoch 25 validation accuracy...
2023-04-13 16:53:37,058 - __main__ - INFO - Computing epoch 25 validation loss...
2023-04-13 16:53:42,498 - __main__ - INFO - [INFO] 2023-04-13 16:53:42.497846 Epoch [26/100] batch [1/391] loss 2.1777 lr 0.0853553390593274 acc 39.06% eta 1:27:04
2023-04-13 16:54:08,569 - __main__ - INFO - [INFO] 2023-04-13 16:54:08.569612 Epoch [26/100] batch [129/391] loss 2.1230 lr 0.0853553390593274 acc 46.88% eta 1:24:17
2023-04-13 16:54:34,458 - __main__ - INFO - [INFO] 2023-04-13 16:54:34.457981 Epoch [26/100] batch [257/391] loss 2.4941 lr 0.0853553390593274 acc 39.06% eta 1:23:36
2023-04-13 16:55:00,768 - __main__ - INFO - [INFO] 2023-04-13 16:55:00.768069 Epoch [26/100] batch [385/391] loss 2.4609 lr 0.0853553390593274 acc 42.19% eta 1:23:35
2023-04-13 16:55:01,952 - __main__ - INFO - Computing epoch 26 validation accuracy...
2023-04-13 16:55:07,063 - __main__ - INFO - Computing epoch 26 validation loss...
2023-04-13 16:55:12,561 - __main__ - INFO - [INFO] 2023-04-13 16:55:12.561192 Epoch [27/100] batch [1/391] loss 2.2793 lr 0.08422735529643446 acc 39.06% eta 1:48:13
2023-04-13 16:55:38,637 - __main__ - INFO - [INFO] 2023-04-13 16:55:38.637118 Epoch [27/100] batch [129/391] loss 2.0352 lr 0.08422735529643446 acc 53.12% eta 1:23:16
2023-04-13 16:56:05,236 - __main__ - INFO - [INFO] 2023-04-13 16:56:05.236524 Epoch [27/100] batch [257/391] loss 2.4121 lr 0.08422735529643446 acc 35.16% eta 1:23:44
2023-04-13 16:56:31,878 - __main__ - INFO - [INFO] 2023-04-13 16:56:31.877577 Epoch [27/100] batch [385/391] loss 2.1367 lr 0.08422735529643446 acc 43.75% eta 1:23:39
2023-04-13 16:56:33,071 - __main__ - INFO - Computing epoch 27 validation accuracy...
2023-04-13 16:56:38,183 - __main__ - INFO - Computing epoch 27 validation loss...
2023-04-13 16:56:43,513 - __main__ - INFO - [INFO] 2023-04-13 16:56:43.513790 Epoch [28/100] batch [1/391] loss 2.4141 lr 0.08306559326618262 acc 46.88% eta 1:19:29
2023-04-13 16:57:09,780 - __main__ - INFO - [INFO] 2023-04-13 16:57:09.780396 Epoch [28/100] batch [129/391] loss 2.2227 lr 0.08306559326618262 acc 42.97% eta 1:22:35
2023-04-13 16:57:35,910 - __main__ - INFO - [INFO] 2023-04-13 16:57:35.910643 Epoch [28/100] batch [257/391] loss 2.1230 lr 0.08306559326618262 acc 46.88% eta 1:22:01
2023-04-13 16:58:01,936 - __main__ - INFO - [INFO] 2023-04-13 16:58:01.935826 Epoch [28/100] batch [385/391] loss 2.1934 lr 0.08306559326618262 acc 49.22% eta 1:21:26
2023-04-13 16:58:03,096 - __main__ - INFO - Computing epoch 28 validation accuracy...
2023-04-13 16:58:08,128 - __main__ - INFO - Computing epoch 28 validation loss...
2023-04-13 16:58:13,881 - __main__ - INFO - [INFO] 2023-04-13 16:58:13.881380 Epoch [29/100] batch [1/391] loss 2.2305 lr 0.08187119948743452 acc 46.88% eta 1:27:58
2023-04-13 16:58:39,857 - __main__ - INFO - [INFO] 2023-04-13 16:58:39.857442 Epoch [29/100] batch [129/391] loss 2.5840 lr 0.08187119948743452 acc 36.72% eta 1:20:39
2023-04-13 16:59:06,346 - __main__ - INFO - [INFO] 2023-04-13 16:59:06.346734 Epoch [29/100] batch [257/391] loss 2.2969 lr 0.08187119948743452 acc 42.19% eta 1:21:05
2023-04-13 16:59:32,612 - __main__ - INFO - [INFO] 2023-04-13 16:59:32.612623 Epoch [29/100] batch [385/391] loss 2.2051 lr 0.08187119948743452 acc 34.38% eta 1:20:42
2023-04-13 16:59:33,809 - __main__ - INFO - Computing epoch 29 validation accuracy...
2023-04-13 16:59:38,809 - __main__ - INFO - Computing epoch 29 validation loss...
2023-04-13 16:59:44,257 - __main__ - INFO - [INFO] 2023-04-13 16:59:44.257726 Epoch [30/100] batch [1/391] loss 2.1250 lr 0.08064535268264886 acc 45.31% eta 1:29:11
2023-04-13 17:00:10,707 - __main__ - INFO - [INFO] 2023-04-13 17:00:10.706896 Epoch [30/100] batch [129/391] loss 2.2812 lr 0.08064535268264886 acc 49.22% eta 1:20:56
2023-04-13 17:00:36,721 - __main__ - INFO - [INFO] 2023-04-13 17:00:36.720912 Epoch [30/100] batch [257/391] loss 2.0664 lr 0.08064535268264886 acc 47.66% eta 1:19:47
2023-04-13 17:01:02,762 - __main__ - INFO - [INFO] 2023-04-13 17:01:02.761877 Epoch [30/100] batch [385/391] loss 2.3789 lr 0.08064535268264886 acc 42.97% eta 1:19:13
2023-04-13 17:01:03,927 - __main__ - INFO - Computing epoch 30 validation accuracy...
2023-04-13 17:01:08,940 - __main__ - INFO - Computing epoch 30 validation loss...
2023-04-13 17:01:14,320 - __main__ - INFO - [INFO] 2023-04-13 17:01:14.320341 Epoch [31/100] batch [1/391] loss 2.1836 lr 0.0793892626146237 acc 44.53% eta 1:20:29
2023-04-13 17:01:40,187 - __main__ - INFO - [INFO] 2023-04-13 17:01:40.187110 Epoch [31/100] batch [129/391] loss 1.9473 lr 0.0793892626146237 acc 42.97% eta 1:18:00
2023-04-13 17:02:06,103 - __main__ - INFO - [INFO] 2023-04-13 17:02:06.103642 Epoch [31/100] batch [257/391] loss 2.0508 lr 0.0793892626146237 acc 41.41% eta 1:17:43
2023-04-13 17:02:32,009 - __main__ - INFO - [INFO] 2023-04-13 17:02:32.009319 Epoch [31/100] batch [385/391] loss 2.2910 lr 0.0793892626146237 acc 41.41% eta 1:17:23
2023-04-13 17:02:33,182 - __main__ - INFO - Computing epoch 31 validation accuracy...
2023-04-13 17:02:38,171 - __main__ - INFO - Computing epoch 31 validation loss...
2023-04-13 17:02:43,481 - __main__ - INFO - [INFO] 2023-04-13 17:02:43.481537 Epoch [32/100] batch [1/391] loss 2.0410 lr 0.07810416889260657 acc 37.50% eta 1:22:52
2023-04-13 17:03:09,500 - __main__ - INFO - [INFO] 2023-04-13 17:03:09.500737 Epoch [32/100] batch [129/391] loss 2.3105 lr 0.07810416889260657 acc 34.38% eta 1:17:24
2023-04-13 17:03:35,554 - __main__ - INFO - [INFO] 2023-04-13 17:03:35.554039 Epoch [32/100] batch [257/391] loss 2.1445 lr 0.07810416889260657 acc 46.88% eta 1:17:02
2023-04-13 17:04:01,314 - __main__ - INFO - [INFO] 2023-04-13 17:04:01.314181 Epoch [32/100] batch [385/391] loss 2.3281 lr 0.07810416889260657 acc 35.94% eta 1:16:22
2023-04-13 17:04:02,504 - __main__ - INFO - Computing epoch 32 validation accuracy...
2023-04-13 17:04:07,439 - __main__ - INFO - Computing epoch 32 validation loss...
2023-04-13 17:04:12,907 - __main__ - INFO - [INFO] 2023-04-13 17:04:12.907404 Epoch [33/100] batch [1/391] loss 2.0664 lr 0.07679133974894986 acc 42.19% eta 1:23:46
2023-04-13 17:04:39,187 - __main__ - INFO - [INFO] 2023-04-13 17:04:39.187379 Epoch [33/100] batch [129/391] loss 2.1074 lr 0.07679133974894986 acc 43.75% eta 1:17:04
2023-04-13 17:05:05,426 - __main__ - INFO - [INFO] 2023-04-13 17:05:05.425843 Epoch [33/100] batch [257/391] loss 2.1797 lr 0.07679133974894986 acc 44.53% eta 1:16:34
2023-04-13 17:05:31,630 - __main__ - INFO - [INFO] 2023-04-13 17:05:31.629916 Epoch [33/100] batch [385/391] loss 2.2168 lr 0.07679133974894986 acc 42.97% eta 1:16:07
2023-04-13 17:05:32,802 - __main__ - INFO - Computing epoch 33 validation accuracy...
2023-04-13 17:05:37,982 - __main__ - INFO - Computing epoch 33 validation loss...
2023-04-13 17:05:43,450 - __main__ - INFO - [INFO] 2023-04-13 17:05:43.450350 Epoch [34/100] batch [1/391] loss 1.9961 lr 0.0754520707875186 acc 37.50% eta 1:16:12
2023-04-13 17:06:09,342 - __main__ - INFO - [INFO] 2023-04-13 17:06:09.342061 Epoch [34/100] batch [129/391] loss 2.0332 lr 0.0754520707875186 acc 46.88% eta 1:14:41
2023-04-13 17:06:35,570 - __main__ - INFO - [INFO] 2023-04-13 17:06:35.570097 Epoch [34/100] batch [257/391] loss 2.3105 lr 0.0754520707875186 acc 46.88% eta 1:14:44
2023-04-13 17:07:01,645 - __main__ - INFO - [INFO] 2023-04-13 17:07:01.645420 Epoch [34/100] batch [385/391] loss 1.8555 lr 0.0754520707875186 acc 55.47% eta 1:14:21
2023-04-13 17:07:02,863 - __main__ - INFO - Computing epoch 34 validation accuracy...
2023-04-13 17:07:07,912 - __main__ - INFO - Computing epoch 34 validation loss...
2023-04-13 17:07:13,355 - __main__ - INFO - [INFO] 2023-04-13 17:07:13.355231 Epoch [35/100] batch [1/391] loss 2.1855 lr 0.0740876837050858 acc 39.06% eta 1:20:22
2023-04-13 17:07:39,707 - __main__ - INFO - [INFO] 2023-04-13 17:07:39.706945 Epoch [35/100] batch [129/391] loss 2.1445 lr 0.0740876837050858 acc 42.19% eta 1:14:56
2023-04-13 17:08:05,733 - __main__ - INFO - [INFO] 2023-04-13 17:08:05.732993 Epoch [35/100] batch [257/391] loss 2.1270 lr 0.0740876837050858 acc 46.88% eta 1:14:01
2023-04-13 17:08:32,511 - __main__ - INFO - [INFO] 2023-04-13 17:08:32.511369 Epoch [35/100] batch [385/391] loss 1.9189 lr 0.0740876837050858 acc 48.44% eta 1:14:13
2023-04-13 17:08:33,864 - __main__ - INFO - Computing epoch 35 validation accuracy...
2023-04-13 17:08:38,955 - __main__ - INFO - Computing epoch 35 validation loss...
2023-04-13 17:08:44,540 - __main__ - INFO - [INFO] 2023-04-13 17:08:44.540402 Epoch [36/100] batch [1/391] loss 2.0098 lr 0.07269952498697738 acc 44.53% eta 1:15:15
2023-04-13 17:09:10,999 - __main__ - INFO - [INFO] 2023-04-13 17:09:10.999065 Epoch [36/100] batch [129/391] loss 1.9844 lr 0.07269952498697738 acc 50.78% eta 1:13:51
2023-04-13 17:09:37,209 - __main__ - INFO - [INFO] 2023-04-13 17:09:37.209162 Epoch [36/100] batch [257/391] loss 1.9355 lr 0.07269952498697738 acc 43.75% eta 1:13:17
2023-04-13 17:10:04,166 - __main__ - INFO - [INFO] 2023-04-13 17:10:04.165829 Epoch [36/100] batch [385/391] loss 2.3281 lr 0.07269952498697738 acc 42.19% eta 1:13:28
2023-04-13 17:10:05,360 - __main__ - INFO - Computing epoch 36 validation accuracy...
2023-04-13 17:10:10,489 - __main__ - INFO - Computing epoch 36 validation loss...
2023-04-13 17:10:15,887 - __main__ - INFO - [INFO] 2023-04-13 17:10:15.887662 Epoch [37/100] batch [1/391] loss 2.2891 lr 0.07128896457825366 acc 39.84% eta 1:17:12
2023-04-13 17:10:42,649 - __main__ - INFO - [INFO] 2023-04-13 17:10:42.648552 Epoch [37/100] batch [129/391] loss 2.0371 lr 0.07128896457825366 acc 48.44% eta 1:13:34
2023-04-13 17:11:09,221 - __main__ - INFO - [INFO] 2023-04-13 17:11:09.221597 Epoch [37/100] batch [257/391] loss 2.0566 lr 0.07128896457825366 acc 43.75% eta 1:13:01
2023-04-13 17:11:35,895 - __main__ - INFO - [INFO] 2023-04-13 17:11:35.895575 Epoch [37/100] batch [385/391] loss 2.1406 lr 0.07128896457825366 acc 47.66% eta 1:12:37
2023-04-13 17:11:37,096 - __main__ - INFO - Computing epoch 37 validation accuracy...
2023-04-13 17:11:42,151 - __main__ - INFO - Computing epoch 37 validation loss...
2023-04-13 17:11:47,732 - __main__ - INFO - [INFO] 2023-04-13 17:11:47.731595 Epoch [38/100] batch [1/391] loss 1.9648 lr 0.06985739453173906 acc 44.53% eta 1:31:45
2023-04-13 17:12:13,745 - __main__ - INFO - [INFO] 2023-04-13 17:12:13.745499 Epoch [38/100] batch [129/391] loss 2.1094 lr 0.06985739453173906 acc 44.53% eta 1:10:43
2023-04-13 17:12:40,726 - __main__ - INFO - [INFO] 2023-04-13 17:12:40.726011 Epoch [38/100] batch [257/391] loss 2.1152 lr 0.06985739453173906 acc 46.88% eta 1:11:27
2023-04-13 17:13:06,448 - __main__ - INFO - [INFO] 2023-04-13 17:13:06.447921 Epoch [38/100] batch [385/391] loss 2.3223 lr 0.06985739453173906 acc 34.38% eta 1:10:23
2023-04-13 17:13:07,619 - __main__ - INFO - Computing epoch 38 validation accuracy...
2023-04-13 17:13:12,647 - __main__ - INFO - Computing epoch 38 validation loss...
2023-04-13 17:13:17,862 - __main__ - INFO - [INFO] 2023-04-13 17:13:17.862725 Epoch [39/100] batch [1/391] loss 2.0449 lr 0.06840622763423394 acc 45.31% eta 1:07:58
2023-04-13 17:13:44,402 - __main__ - INFO - [INFO] 2023-04-13 17:13:44.402207 Epoch [39/100] batch [129/391] loss 2.1152 lr 0.06840622763423394 acc 45.31% eta 1:10:36
2023-04-13 17:14:10,628 - __main__ - INFO - [INFO] 2023-04-13 17:14:10.627904 Epoch [39/100] batch [257/391] loss 1.9775 lr 0.06840622763423394 acc 46.88% eta 1:09:54
2023-04-13 17:14:36,661 - __main__ - INFO - [INFO] 2023-04-13 17:14:36.661175 Epoch [39/100] batch [385/391] loss 2.0586 lr 0.06840622763423394 acc 46.09% eta 1:09:15
2023-04-13 17:14:37,858 - __main__ - INFO - Computing epoch 39 validation accuracy...
2023-04-13 17:14:43,007 - __main__ - INFO - Computing epoch 39 validation loss...
2023-04-13 17:14:48,714 - __main__ - INFO - [INFO] 2023-04-13 17:14:48.713838 Epoch [40/100] batch [1/391] loss 2.0664 lr 0.06693689601226462 acc 42.19% eta 1:14:39
2023-04-13 17:15:14,786 - __main__ - INFO - [INFO] 2023-04-13 17:15:14.786310 Epoch [40/100] batch [129/391] loss 2.0664 lr 0.06693689601226462 acc 48.44% eta 1:08:25
2023-04-13 17:15:40,767 - __main__ - INFO - [INFO] 2023-04-13 17:15:40.767106 Epoch [40/100] batch [257/391] loss 2.1211 lr 0.06693689601226462 acc 46.88% eta 1:07:58
2023-04-13 17:16:06,919 - __main__ - INFO - [INFO] 2023-04-13 17:16:06.919323 Epoch [40/100] batch [385/391] loss 2.1094 lr 0.06693689601226462 acc 46.88% eta 1:07:44
2023-04-13 17:16:08,084 - __main__ - INFO - Computing epoch 40 validation accuracy...
2023-04-13 17:16:13,039 - __main__ - INFO - Computing epoch 40 validation loss...
2023-04-13 17:16:18,371 - __main__ - INFO - [INFO] 2023-04-13 17:16:18.371438 Epoch [41/100] batch [1/391] loss 1.7988 lr 0.06545084971874741 acc 51.56% eta 1:11:43
2023-04-13 17:16:44,609 - __main__ - INFO - [INFO] 2023-04-13 17:16:44.609429 Epoch [41/100] batch [129/391] loss 2.2949 lr 0.06545084971874741 acc 36.72% eta 1:07:33
2023-04-13 17:17:10,962 - __main__ - INFO - [INFO] 2023-04-13 17:17:10.962795 Epoch [41/100] batch [257/391] loss 2.2227 lr 0.06545084971874741 acc 42.19% eta 1:07:24
2023-04-13 17:17:37,229 - __main__ - INFO - [INFO] 2023-04-13 17:17:37.229760 Epoch [41/100] batch [385/391] loss 2.4141 lr 0.06545084971874741 acc 39.84% eta 1:07:00
2023-04-13 17:17:38,419 - __main__ - INFO - Computing epoch 41 validation accuracy...
2023-04-13 17:17:43,468 - __main__ - INFO - Computing epoch 41 validation loss...
2023-04-13 17:17:48,889 - __main__ - INFO - [INFO] 2023-04-13 17:17:48.888994 Epoch [42/100] batch [1/391] loss 1.9199 lr 0.06394955530196152 acc 35.94% eta 1:07:50
2023-04-13 17:18:15,305 - __main__ - INFO - [INFO] 2023-04-13 17:18:15.305012 Epoch [42/100] batch [129/391] loss 2.1055 lr 0.06394955530196152 acc 45.31% eta 1:07:00
2023-04-13 17:18:41,175 - __main__ - INFO - [INFO] 2023-04-13 17:18:41.175033 Epoch [42/100] batch [257/391] loss 1.9453 lr 0.06394955530196152 acc 49.22% eta 1:05:59
2023-04-13 17:19:07,455 - __main__ - INFO - [INFO] 2023-04-13 17:19:07.454913 Epoch [42/100] batch [385/391] loss 2.0156 lr 0.06394955530196152 acc 45.31% eta 1:05:45
2023-04-13 17:19:08,619 - __main__ - INFO - Computing epoch 42 validation accuracy...
2023-04-13 17:19:13,726 - __main__ - INFO - Computing epoch 42 validation loss...
2023-04-13 17:19:19,220 - __main__ - INFO - [INFO] 2023-04-13 17:19:19.220518 Epoch [43/100] batch [1/391] loss 1.9043 lr 0.062434494358242776 acc 53.12% eta 1:08:55
2023-04-13 17:19:45,244 - __main__ - INFO - [INFO] 2023-04-13 17:19:45.244801 Epoch [43/100] batch [129/391] loss 1.9023 lr 0.062434494358242776 acc 47.66% eta 1:04:57
2023-04-13 17:20:11,055 - __main__ - INFO - [INFO] 2023-04-13 17:20:11.054965 Epoch [43/100] batch [257/391] loss 1.9326 lr 0.062434494358242776 acc 55.47% eta 1:04:20
2023-04-13 17:20:36,986 - __main__ - INFO - [INFO] 2023-04-13 17:20:36.985857 Epoch [43/100] batch [385/391] loss 2.1016 lr 0.062434494358242776 acc 43.75% eta 1:03:54
2023-04-13 17:20:38,229 - __main__ - INFO - Computing epoch 43 validation accuracy...
2023-04-13 17:20:43,398 - __main__ - INFO - Computing epoch 43 validation loss...
2023-04-13 17:20:48,899 - __main__ - INFO - [INFO] 2023-04-13 17:20:48.899681 Epoch [44/100] batch [1/391] loss 1.8994 lr 0.06090716206982718 acc 53.12% eta 1:06:13
2023-04-13 17:21:14,817 - __main__ - INFO - [INFO] 2023-04-13 17:21:14.817604 Epoch [44/100] batch [129/391] loss 2.2168 lr 0.06090716206982718 acc 50.00% eta 1:03:34
2023-04-13 17:21:40,619 - __main__ - INFO - [INFO] 2023-04-13 17:21:40.619767 Epoch [44/100] batch [257/391] loss 1.7441 lr 0.06090716206982718 acc 50.78% eta 1:03:02
2023-04-13 17:22:07,579 - __main__ - INFO - [INFO] 2023-04-13 17:22:07.579172 Epoch [44/100] batch [385/391] loss 1.9287 lr 0.06090716206982718 acc 49.22% eta 1:03:33
2023-04-13 17:22:08,805 - __main__ - INFO - Computing epoch 44 validation accuracy...
2023-04-13 17:22:13,813 - __main__ - INFO - Computing epoch 44 validation loss...
2023-04-13 17:22:19,122 - __main__ - INFO - [INFO] 2023-04-13 17:22:19.121905 Epoch [45/100] batch [1/391] loss 2.0312 lr 0.05936906572928628 acc 46.09% eta 1:05:37
2023-04-13 17:22:45,403 - __main__ - INFO - [INFO] 2023-04-13 17:22:45.403121 Epoch [45/100] batch [129/391] loss 1.9844 lr 0.05936906572928628 acc 52.34% eta 1:03:19
2023-04-13 17:23:11,669 - __main__ - INFO - [INFO] 2023-04-13 17:23:11.668846 Epoch [45/100] batch [257/391] loss 1.9678 lr 0.05936906572928628 acc 48.44% eta 1:02:52
2023-04-13 17:23:38,150 - __main__ - INFO - [INFO] 2023-04-13 17:23:38.150601 Epoch [45/100] batch [385/391] loss 1.8076 lr 0.05936906572928628 acc 48.44% eta 1:02:40
2023-04-13 17:23:39,384 - __main__ - INFO - Computing epoch 45 validation accuracy...
2023-04-13 17:23:44,426 - __main__ - INFO - Computing epoch 45 validation loss...
2023-04-13 17:23:49,855 - __main__ - INFO - [INFO] 2023-04-13 17:23:49.855349 Epoch [46/100] batch [1/391] loss 1.8125 lr 0.05782172325201159 acc 50.00% eta 1:10:56
2023-04-13 17:24:16,454 - __main__ - INFO - [INFO] 2023-04-13 17:24:16.454612 Epoch [46/100] batch [129/391] loss 1.8828 lr 0.05782172325201159 acc 53.12% eta 1:02:57
2023-04-13 17:24:42,770 - __main__ - INFO - [INFO] 2023-04-13 17:24:42.770330 Epoch [46/100] batch [257/391] loss 1.8760 lr 0.05782172325201159 acc 53.12% eta 1:02:10
2023-04-13 17:25:09,182 - __main__ - INFO - [INFO] 2023-04-13 17:25:09.182686 Epoch [46/100] batch [385/391] loss 2.0977 lr 0.05782172325201159 acc 48.44% eta 1:01:44
2023-04-13 17:25:10,354 - __main__ - INFO - Computing epoch 46 validation accuracy...
2023-04-13 17:25:15,624 - __main__ - INFO - Computing epoch 46 validation loss...
2023-04-13 17:25:21,118 - __main__ - INFO - [INFO] 2023-04-13 17:25:21.117942 Epoch [47/100] batch [1/391] loss 1.8154 lr 0.056266661678215264 acc 57.03% eta 1:00:28
2023-04-13 17:25:47,652 - __main__ - INFO - [INFO] 2023-04-13 17:25:47.652752 Epoch [47/100] batch [129/391] loss 2.0645 lr 0.056266661678215264 acc 46.09% eta 1:01:41
2023-04-13 17:26:13,632 - __main__ - INFO - [INFO] 2023-04-13 17:26:13.632620 Epoch [47/100] batch [257/391] loss 1.6289 lr 0.056266661678215264 acc 52.34% eta 1:00:36
2023-04-13 17:26:40,758 - __main__ - INFO - [INFO] 2023-04-13 17:26:40.758188 Epoch [47/100] batch [385/391] loss 1.7490 lr 0.056266661678215264 acc 55.47% eta 1:00:53
2023-04-13 17:26:41,937 - __main__ - INFO - Computing epoch 47 validation accuracy...
2023-04-13 17:26:46,953 - __main__ - INFO - Computing epoch 47 validation loss...
2023-04-13 17:26:52,449 - __main__ - INFO - [INFO] 2023-04-13 17:26:52.449157 Epoch [48/100] batch [1/391] loss 1.8135 lr 0.05470541566592575 acc 44.53% eta 0:58:46
2023-04-13 17:27:18,805 - __main__ - INFO - [INFO] 2023-04-13 17:27:18.805314 Epoch [48/100] batch [129/391] loss 1.6777 lr 0.05470541566592575 acc 63.28% eta 1:00:04
2023-04-13 17:27:45,576 - __main__ - INFO - [INFO] 2023-04-13 17:27:45.575909 Epoch [48/100] batch [257/391] loss 2.0078 lr 0.05470541566592575 acc 52.34% eta 1:00:09
2023-04-13 17:28:12,057 - __main__ - INFO - [INFO] 2023-04-13 17:28:12.057017 Epoch [48/100] batch [385/391] loss 2.0508 lr 0.05470541566592575 acc 39.06% eta 0:59:43
2023-04-13 17:28:13,238 - __main__ - INFO - Computing epoch 48 validation accuracy...
2023-04-13 17:28:18,224 - __main__ - INFO - Computing epoch 48 validation loss...
2023-04-13 17:28:23,796 - __main__ - INFO - [INFO] 2023-04-13 17:28:23.796417 Epoch [49/100] batch [1/391] loss 1.5039 lr 0.053139525976465714 acc 54.69% eta 1:03:45
2023-04-13 17:28:50,422 - __main__ - INFO - [INFO] 2023-04-13 17:28:50.422625 Epoch [49/100] batch [129/391] loss 1.8330 lr 0.053139525976465714 acc 51.56% eta 0:59:36
2023-04-13 17:29:16,864 - __main__ - INFO - [INFO] 2023-04-13 17:29:16.864312 Epoch [49/100] batch [257/391] loss 1.8750 lr 0.053139525976465714 acc 47.66% eta 0:58:57
2023-04-13 17:29:43,539 - __main__ - INFO - [INFO] 2023-04-13 17:29:43.539318 Epoch [49/100] batch [385/391] loss 1.9414 lr 0.053139525976465714 acc 52.34% eta 0:58:41
2023-04-13 17:29:44,760 - __main__ - INFO - Computing epoch 49 validation accuracy...
2023-04-13 17:29:50,031 - __main__ - INFO - Computing epoch 49 validation loss...
2023-04-13 17:29:55,768 - __main__ - INFO - [INFO] 2023-04-13 17:29:55.767766 Epoch [50/100] batch [1/391] loss 2.0117 lr 0.05157053795390645 acc 46.88% eta 1:02:50
2023-04-13 17:30:22,560 - __main__ - INFO - [INFO] 2023-04-13 17:30:22.559764 Epoch [50/100] batch [129/391] loss 1.8545 lr 0.05157053795390645 acc 53.12% eta 0:58:43
2023-04-13 17:30:49,274 - __main__ - INFO - [INFO] 2023-04-13 17:30:49.274711 Epoch [50/100] batch [257/391] loss 1.8223 lr 0.05157053795390645 acc 43.75% eta 0:58:20
2023-04-13 17:31:17,018 - __main__ - INFO - [INFO] 2023-04-13 17:31:17.017376 Epoch [50/100] batch [385/391] loss 1.7617 lr 0.05157053795390645 acc 58.59% eta 0:58:34
2023-04-13 17:31:18,426 - __main__ - INFO - Computing epoch 50 validation accuracy...
2023-04-13 17:31:23,874 - __main__ - INFO - Computing epoch 50 validation loss...
2023-04-13 17:31:29,883 - __main__ - INFO - [INFO] 2023-04-13 17:31:29.882712 Epoch [51/100] batch [1/391] loss 1.7988 lr 0.05000000000000004 acc 55.47% eta 1:05:47
2023-04-13 17:31:57,077 - __main__ - INFO - [INFO] 2023-04-13 17:31:57.077555 Epoch [51/100] batch [129/391] loss 1.8711 lr 0.05000000000000004 acc 55.47% eta 0:58:26
2023-04-13 17:32:24,453 - __main__ - INFO - [INFO] 2023-04-13 17:32:24.452867 Epoch [51/100] batch [257/391] loss 1.9238 lr 0.05000000000000004 acc 39.84% eta 0:58:10
2023-04-13 17:32:51,259 - __main__ - INFO - [INFO] 2023-04-13 17:32:51.259767 Epoch [51/100] batch [385/391] loss 1.5703 lr 0.05000000000000004 acc 62.50% eta 0:57:27
2023-04-13 17:32:52,458 - __main__ - INFO - Computing epoch 51 validation accuracy...
2023-04-13 17:32:57,688 - __main__ - INFO - Computing epoch 51 validation loss...
2023-04-13 17:33:03,325 - __main__ - INFO - [INFO] 2023-04-13 17:33:03.325704 Epoch [52/100] batch [1/391] loss 1.7441 lr 0.04842946204609362 acc 59.38% eta 0:58:06
2023-04-13 17:33:30,735 - __main__ - INFO - [INFO] 2023-04-13 17:33:30.735632 Epoch [52/100] batch [129/391] loss 1.8555 lr 0.04842946204609362 acc 56.25% eta 0:57:43
2023-04-13 17:33:57,554 - __main__ - INFO - [INFO] 2023-04-13 17:33:57.554203 Epoch [52/100] batch [257/391] loss 1.6885 lr 0.04842946204609362 acc 52.34% eta 0:56:42
2023-04-13 17:34:24,018 - __main__ - INFO - [INFO] 2023-04-13 17:34:24.017933 Epoch [52/100] batch [385/391] loss 1.7412 lr 0.04842946204609362 acc 59.38% eta 0:55:50
2023-04-13 17:34:25,199 - __main__ - INFO - Computing epoch 52 validation accuracy...
2023-04-13 17:34:30,174 - __main__ - INFO - Computing epoch 52 validation loss...
2023-04-13 17:34:35,649 - __main__ - INFO - [INFO] 2023-04-13 17:34:35.649350 Epoch [53/100] batch [1/391] loss 1.7559 lr 0.04686047402353437 acc 55.47% eta 0:58:50
2023-04-13 17:35:01,759 - __main__ - INFO - [INFO] 2023-04-13 17:35:01.759559 Epoch [53/100] batch [129/391] loss 1.5479 lr 0.04686047402353437 acc 60.16% eta 0:53:44
2023-04-13 17:35:29,241 - __main__ - INFO - [INFO] 2023-04-13 17:35:29.241293 Epoch [53/100] batch [257/391] loss 1.7959 lr 0.04686047402353437 acc 57.03% eta 0:54:42
2023-04-13 17:35:56,041 - __main__ - INFO - [INFO] 2023-04-13 17:35:56.041660 Epoch [53/100] batch [385/391] loss 1.5947 lr 0.04686047402353437 acc 60.94% eta 0:54:21
2023-04-13 17:35:57,230 - __main__ - INFO - Computing epoch 53 validation accuracy...
2023-04-13 17:36:02,439 - __main__ - INFO - Computing epoch 53 validation loss...
2023-04-13 17:36:07,876 - __main__ - INFO - [INFO] 2023-04-13 17:36:07.875818 Epoch [54/100] batch [1/391] loss 1.5645 lr 0.045294584334074316 acc 56.25% eta 0:55:34
2023-04-13 17:36:34,174 - __main__ - INFO - [INFO] 2023-04-13 17:36:34.174243 Epoch [54/100] batch [129/391] loss 1.7266 lr 0.045294584334074316 acc 55.47% eta 0:53:06
2023-04-13 17:37:00,264 - __main__ - INFO - [INFO] 2023-04-13 17:37:00.264714 Epoch [54/100] batch [257/391] loss 1.7646 lr 0.045294584334074316 acc 60.94% eta 0:52:31
2023-04-13 17:37:26,607 - __main__ - INFO - [INFO] 2023-04-13 17:37:26.606948 Epoch [54/100] batch [385/391] loss 1.7754 lr 0.045294584334074316 acc 51.56% eta 0:52:15
2023-04-13 17:37:27,819 - __main__ - INFO - Computing epoch 54 validation accuracy...
2023-04-13 17:37:33,082 - __main__ - INFO - Computing epoch 54 validation loss...
2023-04-13 17:37:38,601 - __main__ - INFO - [INFO] 2023-04-13 17:37:38.601306 Epoch [55/100] batch [1/391] loss 1.8369 lr 0.043733338321784825 acc 43.75% eta 0:54:56
2023-04-13 17:38:05,064 - __main__ - INFO - [INFO] 2023-04-13 17:38:05.064173 Epoch [55/100] batch [129/391] loss 1.5215 lr 0.043733338321784825 acc 64.06% eta 0:52:10
2023-04-13 17:38:31,299 - __main__ - INFO - [INFO] 2023-04-13 17:38:31.299692 Epoch [55/100] batch [257/391] loss 1.6572 lr 0.043733338321784825 acc 60.16% eta 0:51:39
2023-04-13 17:38:57,261 - __main__ - INFO - [INFO] 2023-04-13 17:38:57.261382 Epoch [55/100] batch [385/391] loss 2.0762 lr 0.043733338321784825 acc 54.69% eta 0:51:03
2023-04-13 17:38:58,443 - __main__ - INFO - Computing epoch 55 validation accuracy...
2023-04-13 17:39:03,708 - __main__ - INFO - Computing epoch 55 validation loss...
2023-04-13 17:39:09,168 - __main__ - INFO - [INFO] 2023-04-13 17:39:09.168593 Epoch [56/100] batch [1/391] loss 1.8584 lr 0.042178276747988484 acc 54.69% eta 0:54:18
2023-04-13 17:39:35,092 - __main__ - INFO - [INFO] 2023-04-13 17:39:35.092453 Epoch [56/100] batch [129/391] loss 1.7363 lr 0.042178276747988484 acc 57.03% eta 0:50:07
2023-04-13 17:40:01,430 - __main__ - INFO - [INFO] 2023-04-13 17:40:01.430720 Epoch [56/100] batch [257/391] loss 1.7812 lr 0.042178276747988484 acc 60.16% eta 0:50:07
2023-04-13 17:40:27,733 - __main__ - INFO - [INFO] 2023-04-13 17:40:27.733780 Epoch [56/100] batch [385/391] loss 2.0547 lr 0.042178276747988484 acc 47.66% eta 0:49:52
2023-04-13 17:40:28,927 - __main__ - INFO - Computing epoch 56 validation accuracy...
2023-04-13 17:40:34,125 - __main__ - INFO - Computing epoch 56 validation loss...
2023-04-13 17:40:39,592 - __main__ - INFO - [INFO] 2023-04-13 17:40:39.591903 Epoch [57/100] batch [1/391] loss 1.4590 lr 0.0406309342707138 acc 60.16% eta 0:52:51
2023-04-13 17:41:05,497 - __main__ - INFO - [INFO] 2023-04-13 17:41:05.496929 Epoch [57/100] batch [129/391] loss 1.6309 lr 0.0406309342707138 acc 54.69% eta 0:48:58
2023-04-13 17:41:31,384 - __main__ - INFO - [INFO] 2023-04-13 17:41:31.384300 Epoch [57/100] batch [257/391] loss 1.4102 lr 0.0406309342707138 acc 66.41% eta 0:48:37
2023-04-13 17:41:57,509 - __main__ - INFO - [INFO] 2023-04-13 17:41:57.509697 Epoch [57/100] batch [385/391] loss 1.9180 lr 0.0406309342707138 acc 60.16% eta 0:48:23
2023-04-13 17:41:58,697 - __main__ - INFO - Computing epoch 57 validation accuracy...
2023-04-13 17:42:03,790 - __main__ - INFO - Computing epoch 57 validation loss...
2023-04-13 17:42:09,214 - __main__ - INFO - [INFO] 2023-04-13 17:42:09.213680 Epoch [58/100] batch [1/391] loss 1.7549 lr 0.039092837930172916 acc 52.34% eta 0:52:37
2023-04-13 17:42:35,069 - __main__ - INFO - [INFO] 2023-04-13 17:42:35.068875 Epoch [58/100] batch [129/391] loss 1.6016 lr 0.039092837930172916 acc 56.25% eta 0:47:51
2023-04-13 17:43:01,270 - __main__ - INFO - [INFO] 2023-04-13 17:43:01.270501 Epoch [58/100] batch [257/391] loss 1.7627 lr 0.039092837930172916 acc 53.91% eta 0:47:44
2023-04-13 17:43:27,168 - __main__ - INFO - [INFO] 2023-04-13 17:43:27.168046 Epoch [58/100] batch [385/391] loss 1.7500 lr 0.039092837930172916 acc 60.16% eta 0:47:17
2023-04-13 17:43:28,348 - __main__ - INFO - Computing epoch 58 validation accuracy...
2023-04-13 17:43:33,371 - __main__ - INFO - Computing epoch 58 validation loss...
2023-04-13 17:43:38,718 - __main__ - INFO - [INFO] 2023-04-13 17:43:38.717827 Epoch [59/100] batch [1/391] loss 1.3926 lr 0.037565505641757285 acc 64.06% eta 0:49:19
2023-04-13 17:44:04,457 - __main__ - INFO - [INFO] 2023-04-13 17:44:04.457368 Epoch [59/100] batch [129/391] loss 1.6328 lr 0.037565505641757285 acc 57.03% eta 0:46:23
2023-04-13 17:44:30,582 - __main__ - INFO - [INFO] 2023-04-13 17:44:30.582513 Epoch [59/100] batch [257/391] loss 1.9570 lr 0.037565505641757285 acc 48.44% eta 0:46:22
2023-04-13 17:44:56,831 - __main__ - INFO - [INFO] 2023-04-13 17:44:56.831812 Epoch [59/100] batch [385/391] loss 1.6680 lr 0.037565505641757285 acc 58.59% eta 0:46:12
2023-04-13 17:44:58,010 - __main__ - INFO - Computing epoch 59 validation accuracy...
2023-04-13 17:45:03,002 - __main__ - INFO - Computing epoch 59 validation loss...
2023-04-13 17:45:08,288 - __main__ - INFO - [INFO] 2023-04-13 17:45:08.288615 Epoch [60/100] batch [1/391] loss 1.9121 lr 0.03605044469803857 acc 50.00% eta 0:45:52
2023-04-13 17:45:34,307 - __main__ - INFO - [INFO] 2023-04-13 17:45:34.306769 Epoch [60/100] batch [129/391] loss 1.6963 lr 0.03605044469803857 acc 61.72% eta 0:45:43
2023-04-13 17:46:00,164 - __main__ - INFO - [INFO] 2023-04-13 17:46:00.164031 Epoch [60/100] batch [257/391] loss 1.6221 lr 0.03605044469803857 acc 62.50% eta 0:45:14
2023-04-13 17:46:27,112 - __main__ - INFO - [INFO] 2023-04-13 17:46:27.111803 Epoch [60/100] batch [385/391] loss 1.6318 lr 0.03605044469803857 acc 53.12% eta 0:45:27
2023-04-13 17:46:28,326 - __main__ - INFO - Computing epoch 60 validation accuracy...
2023-04-13 17:46:33,455 - __main__ - INFO - Computing epoch 60 validation loss...
2023-04-13 17:46:39,018 - __main__ - INFO - [INFO] 2023-04-13 17:46:39.017673 Epoch [61/100] batch [1/391] loss 1.3516 lr 0.034549150281252675 acc 60.94% eta 0:48:03
2023-04-13 17:47:05,178 - __main__ - INFO - [INFO] 2023-04-13 17:47:05.178516 Epoch [61/100] batch [129/391] loss 1.4775 lr 0.034549150281252675 acc 64.06% eta 0:44:55
2023-04-13 17:47:31,561 - __main__ - INFO - [INFO] 2023-04-13 17:47:31.561368 Epoch [61/100] batch [257/391] loss 1.5645 lr 0.034549150281252675 acc 59.38% eta 0:44:43
2023-04-13 17:47:57,525 - __main__ - INFO - [INFO] 2023-04-13 17:47:57.524850 Epoch [61/100] batch [385/391] loss 1.6484 lr 0.034549150281252675 acc 61.72% eta 0:44:12
2023-04-13 17:47:58,721 - __main__ - INFO - Computing epoch 61 validation accuracy...
2023-04-13 17:48:03,831 - __main__ - INFO - Computing epoch 61 validation loss...
2023-04-13 17:48:09,301 - __main__ - INFO - [INFO] 2023-04-13 17:48:09.301429 Epoch [62/100] batch [1/391] loss 1.6240 lr 0.03306310398773546 acc 61.72% eta 0:55:24
2023-04-13 17:48:35,624 - __main__ - INFO - [INFO] 2023-04-13 17:48:35.623882 Epoch [62/100] batch [129/391] loss 1.3076 lr 0.03306310398773546 acc 67.97% eta 0:44:10
2023-04-13 17:49:02,289 - __main__ - INFO - [INFO] 2023-04-13 17:49:02.289589 Epoch [62/100] batch [257/391] loss 1.8350 lr 0.03306310398773546 acc 55.47% eta 0:43:57
2023-04-13 17:49:28,933 - __main__ - INFO - [INFO] 2023-04-13 17:49:28.933069 Epoch [62/100] batch [385/391] loss 1.8564 lr 0.03306310398773546 acc 57.03% eta 0:43:39
2023-04-13 17:49:30,201 - __main__ - INFO - Computing epoch 62 validation accuracy...
2023-04-13 17:49:35,299 - __main__ - INFO - Computing epoch 62 validation loss...
2023-04-13 17:49:40,669 - __main__ - INFO - [INFO] 2023-04-13 17:49:40.669445 Epoch [63/100] batch [1/391] loss 1.6914 lr 0.031593772365766146 acc 61.72% eta 0:50:42
2023-04-13 17:50:06,746 - __main__ - INFO - [INFO] 2023-04-13 17:50:06.746062 Epoch [63/100] batch [129/391] loss 1.5996 lr 0.031593772365766146 acc 61.72% eta 0:42:29
2023-04-13 17:50:33,063 - __main__ - INFO - [INFO] 2023-04-13 17:50:33.062826 Epoch [63/100] batch [257/391] loss 1.4326 lr 0.031593772365766146 acc 59.38% eta 0:42:20
2023-04-13 17:50:59,124 - __main__ - INFO - [INFO] 2023-04-13 17:50:59.123896 Epoch [63/100] batch [385/391] loss 1.5869 lr 0.031593772365766146 acc 63.28% eta 0:41:54
2023-04-13 17:51:00,373 - __main__ - INFO - Computing epoch 63 validation accuracy...
2023-04-13 17:51:05,370 - __main__ - INFO - Computing epoch 63 validation loss...
2023-04-13 17:51:10,698 - __main__ - INFO - [INFO] 2023-04-13 17:51:10.698384 Epoch [64/100] batch [1/391] loss 1.4531 lr 0.030142605468260992 acc 61.72% eta 0:42:46
2023-04-13 17:51:36,768 - __main__ - INFO - [INFO] 2023-04-13 17:51:36.768185 Epoch [64/100] batch [129/391] loss 1.7744 lr 0.030142605468260992 acc 58.59% eta 0:41:15
2023-04-13 17:52:03,276 - __main__ - INFO - [INFO] 2023-04-13 17:52:03.276636 Epoch [64/100] batch [257/391] loss 1.2520 lr 0.030142605468260992 acc 64.84% eta 0:41:15
2023-04-13 17:52:30,276 - __main__ - INFO - [INFO] 2023-04-13 17:52:30.276518 Epoch [64/100] batch [385/391] loss 1.6631 lr 0.030142605468260992 acc 61.72% eta 0:41:14
2023-04-13 17:52:31,445 - __main__ - INFO - Computing epoch 64 validation accuracy...
2023-04-13 17:52:36,520 - __main__ - INFO - Computing epoch 64 validation loss...
2023-04-13 17:52:41,913 - __main__ - INFO - [INFO] 2023-04-13 17:52:41.913567 Epoch [65/100] batch [1/391] loss 1.3232 lr 0.028711035421746394 acc 64.06% eta 0:43:10
2023-04-13 17:53:07,935 - __main__ - INFO - [INFO] 2023-04-13 17:53:07.935017 Epoch [65/100] batch [129/391] loss 1.5977 lr 0.028711035421746394 acc 63.28% eta 0:40:15
2023-04-13 17:53:34,493 - __main__ - INFO - [INFO] 2023-04-13 17:53:34.493325 Epoch [65/100] batch [257/391] loss 1.3613 lr 0.028711035421746394 acc 67.97% eta 0:40:16
2023-04-13 17:54:00,635 - __main__ - INFO - [INFO] 2023-04-13 17:54:00.634938 Epoch [65/100] batch [385/391] loss 1.5225 lr 0.028711035421746394 acc 62.50% eta 0:39:49
2023-04-13 17:54:01,849 - __main__ - INFO - Computing epoch 65 validation accuracy...
2023-04-13 17:54:06,763 - __main__ - INFO - Computing epoch 65 validation loss...
2023-04-13 17:54:12,281 - __main__ - INFO - [INFO] 2023-04-13 17:54:12.281273 Epoch [66/100] batch [1/391] loss 1.2705 lr 0.027300475013022688 acc 69.53% eta 0:41:19
2023-04-13 17:54:38,263 - __main__ - INFO - [INFO] 2023-04-13 17:54:38.263200 Epoch [66/100] batch [129/391] loss 1.3271 lr 0.027300475013022688 acc 65.62% eta 0:39:00
2023-04-13 17:55:03,882 - __main__ - INFO - [INFO] 2023-04-13 17:55:03.882325 Epoch [66/100] batch [257/391] loss 1.6748 lr 0.027300475013022688 acc 56.25% eta 0:38:20
2023-04-13 17:55:29,550 - __main__ - INFO - [INFO] 2023-04-13 17:55:29.550575 Epoch [66/100] batch [385/391] loss 1.4492 lr 0.027300475013022688 acc 65.62% eta 0:37:55
2023-04-13 17:55:30,743 - __main__ - INFO - Computing epoch 66 validation accuracy...
2023-04-13 17:55:35,609 - __main__ - INFO - Computing epoch 66 validation loss...
2023-04-13 17:55:41,062 - __main__ - INFO - [INFO] 2023-04-13 17:55:41.062712 Epoch [67/100] batch [1/391] loss 1.3350 lr 0.025912316294914254 acc 64.06% eta 0:39:08
2023-04-13 17:56:06,855 - __main__ - INFO - [INFO] 2023-04-13 17:56:06.854866 Epoch [67/100] batch [129/391] loss 1.5664 lr 0.025912316294914254 acc 59.38% eta 0:37:36
2023-04-13 17:56:32,491 - __main__ - INFO - [INFO] 2023-04-13 17:56:32.491686 Epoch [67/100] batch [257/391] loss 1.4297 lr 0.025912316294914254 acc 64.06% eta 0:37:07
2023-04-13 17:56:58,353 - __main__ - INFO - [INFO] 2023-04-13 17:56:58.353560 Epoch [67/100] batch [385/391] loss 1.6133 lr 0.025912316294914254 acc 60.94% eta 0:36:48
2023-04-13 17:56:59,540 - __main__ - INFO - Computing epoch 67 validation accuracy...
2023-04-13 17:57:04,650 - __main__ - INFO - Computing epoch 67 validation loss...
2023-04-13 17:57:10,022 - __main__ - INFO - [INFO] 2023-04-13 17:57:10.022513 Epoch [68/100] batch [1/391] loss 1.2773 lr 0.02454792921248146 acc 60.94% eta 0:39:33
2023-04-13 17:57:35,969 - __main__ - INFO - [INFO] 2023-04-13 17:57:35.969043 Epoch [68/100] batch [129/391] loss 1.7666 lr 0.02454792921248146 acc 57.81% eta 0:36:46
2023-04-13 17:58:01,951 - __main__ - INFO - [INFO] 2023-04-13 17:58:01.950733 Epoch [68/100] batch [257/391] loss 1.7256 lr 0.02454792921248146 acc 53.91% eta 0:36:24
2023-04-13 17:58:28,232 - __main__ - INFO - [INFO] 2023-04-13 17:58:28.232461 Epoch [68/100] batch [385/391] loss 1.6992 lr 0.02454792921248146 acc 58.59% eta 0:36:10
2023-04-13 17:58:29,479 - __main__ - INFO - Computing epoch 68 validation accuracy...
2023-04-13 17:58:34,571 - __main__ - INFO - Computing epoch 68 validation loss...
2023-04-13 17:58:39,849 - __main__ - INFO - [INFO] 2023-04-13 17:58:39.849085 Epoch [69/100] batch [1/391] loss 1.6738 lr 0.02320866025105018 acc 60.16% eta 0:36:32
2023-04-13 17:59:05,869 - __main__ - INFO - [INFO] 2023-04-13 17:59:05.868798 Epoch [69/100] batch [129/391] loss 1.4385 lr 0.02320866025105018 acc 64.06% eta 0:35:37
2023-04-13 17:59:32,274 - __main__ - INFO - [INFO] 2023-04-13 17:59:32.274230 Epoch [69/100] batch [257/391] loss 1.5469 lr 0.02320866025105018 acc 62.50% eta 0:35:33
2023-04-13 17:59:58,296 - __main__ - INFO - [INFO] 2023-04-13 17:59:58.296005 Epoch [69/100] batch [385/391] loss 1.3516 lr 0.02320866025105018 acc 73.44% eta 0:35:05
2023-04-13 17:59:59,498 - __main__ - INFO - Computing epoch 69 validation accuracy...
2023-04-13 18:00:04,500 - __main__ - INFO - Computing epoch 69 validation loss...
2023-04-13 18:00:09,848 - __main__ - INFO - [INFO] 2023-04-13 18:00:09.848689 Epoch [70/100] batch [1/391] loss 1.4160 lr 0.021895831107393487 acc 64.06% eta 0:35:50
2023-04-13 18:00:35,763 - __main__ - INFO - [INFO] 2023-04-13 18:00:35.762867 Epoch [70/100] batch [129/391] loss 1.4707 lr 0.021895831107393487 acc 60.94% eta 0:34:25
2023-04-13 18:01:02,527 - __main__ - INFO - [INFO] 2023-04-13 18:01:02.527510 Epoch [70/100] batch [257/391] loss 1.2432 lr 0.021895831107393487 acc 71.09% eta 0:34:33
2023-04-13 18:01:28,695 - __main__ - INFO - [INFO] 2023-04-13 18:01:28.695098 Epoch [70/100] batch [385/391] loss 1.4404 lr 0.021895831107393487 acc 60.16% eta 0:34:05
2023-04-13 18:01:29,903 - __main__ - INFO - Computing epoch 70 validation accuracy...
2023-04-13 18:01:34,810 - __main__ - INFO - Computing epoch 70 validation loss...
2023-04-13 18:01:40,319 - __main__ - INFO - [INFO] 2023-04-13 18:01:40.319209 Epoch [71/100] batch [1/391] loss 1.0566 lr 0.02061073738537637 acc 70.31% eta 0:35:11
2023-04-13 18:02:06,275 - __main__ - INFO - [INFO] 2023-04-13 18:02:06.275368 Epoch [71/100] batch [129/391] loss 1.4629 lr 0.02061073738537637 acc 67.19% eta 0:33:21
2023-04-13 18:02:32,648 - __main__ - INFO - [INFO] 2023-04-13 18:02:32.648107 Epoch [71/100] batch [257/391] loss 1.1514 lr 0.02061073738537637 acc 71.09% eta 0:33:15
2023-04-13 18:02:59,044 - __main__ - INFO - [INFO] 2023-04-13 18:02:59.044441 Epoch [71/100] batch [385/391] loss 1.1113 lr 0.02061073738537637 acc 72.66% eta 0:32:59
2023-04-13 18:03:00,258 - __main__ - INFO - Computing epoch 71 validation accuracy...
2023-04-13 18:03:05,249 - __main__ - INFO - Computing epoch 71 validation loss...
2023-04-13 18:03:10,601 - __main__ - INFO - [INFO] 2023-04-13 18:03:10.601231 Epoch [72/100] batch [1/391] loss 1.0918 lr 0.01935464731735119 acc 68.75% eta 0:33:03
2023-04-13 18:03:37,060 - __main__ - INFO - [INFO] 2023-04-13 18:03:37.060686 Epoch [72/100] batch [129/391] loss 1.3350 lr 0.01935464731735119 acc 72.66% eta 0:32:47
2023-04-13 18:04:03,397 - __main__ - INFO - [INFO] 2023-04-13 18:04:03.396847 Epoch [72/100] batch [257/391] loss 1.2588 lr 0.01935464731735119 acc 76.56% eta 0:32:21
2023-04-13 18:04:29,070 - __main__ - INFO - [INFO] 2023-04-13 18:04:29.070165 Epoch [72/100] batch [385/391] loss 1.4619 lr 0.01935464731735119 acc 61.72% eta 0:31:42
2023-04-13 18:04:30,240 - __main__ - INFO - Computing epoch 72 validation accuracy...
2023-04-13 18:04:35,206 - __main__ - INFO - Computing epoch 72 validation loss...
2023-04-13 18:04:40,742 - __main__ - INFO - [INFO] 2023-04-13 18:04:40.742436 Epoch [73/100] batch [1/391] loss 1.2354 lr 0.018128800512565532 acc 71.88% eta 0:31:21
2023-04-13 18:05:06,850 - __main__ - INFO - [INFO] 2023-04-13 18:05:06.850316 Epoch [73/100] batch [129/391] loss 1.1602 lr 0.018128800512565532 acc 67.97% eta 0:31:16
2023-04-13 18:05:32,691 - __main__ - INFO - [INFO] 2023-04-13 18:05:32.691722 Epoch [73/100] batch [257/391] loss 1.2637 lr 0.018128800512565532 acc 68.75% eta 0:30:44
2023-04-13 18:05:58,665 - __main__ - INFO - [INFO] 2023-04-13 18:05:58.665090 Epoch [73/100] batch [385/391] loss 1.2031 lr 0.018128800512565532 acc 64.84% eta 0:30:22
2023-04-13 18:05:59,843 - __main__ - INFO - Computing epoch 73 validation accuracy...
2023-04-13 18:06:05,053 - __main__ - INFO - Computing epoch 73 validation loss...
2023-04-13 18:06:10,334 - __main__ - INFO - [INFO] 2023-04-13 18:06:10.334020 Epoch [74/100] batch [1/391] loss 1.5283 lr 0.016934406733817433 acc 67.97% eta 0:32:05
2023-04-13 18:06:36,450 - __main__ - INFO - [INFO] 2023-04-13 18:06:36.450236 Epoch [74/100] batch [129/391] loss 1.1973 lr 0.016934406733817433 acc 71.09% eta 0:30:08
2023-04-13 18:07:02,956 - __main__ - INFO - [INFO] 2023-04-13 18:07:02.955850 Epoch [74/100] batch [257/391] loss 1.3105 lr 0.016934406733817433 acc 68.75% eta 0:29:59
2023-04-13 18:07:28,799 - __main__ - INFO - [INFO] 2023-04-13 18:07:28.799416 Epoch [74/100] batch [385/391] loss 1.1367 lr 0.016934406733817433 acc 71.88% eta 0:29:27
2023-04-13 18:07:29,981 - __main__ - INFO - Computing epoch 74 validation accuracy...
2023-04-13 18:07:35,064 - __main__ - INFO - Computing epoch 74 validation loss...
2023-04-13 18:07:40,602 - __main__ - INFO - [INFO] 2023-04-13 18:07:40.602748 Epoch [75/100] batch [1/391] loss 1.2402 lr 0.01577264470356558 acc 71.88% eta 0:30:22
2023-04-13 18:08:06,355 - __main__ - INFO - [INFO] 2023-04-13 18:08:06.354990 Epoch [75/100] batch [129/391] loss 1.1885 lr 0.01577264470356558 acc 73.44% eta 0:28:36
2023-04-13 18:08:32,640 - __main__ - INFO - [INFO] 2023-04-13 18:08:32.640755 Epoch [75/100] batch [257/391] loss 1.2744 lr 0.01577264470356558 acc 64.84% eta 0:28:31
2023-04-13 18:08:59,208 - __main__ - INFO - [INFO] 2023-04-13 18:08:59.207976 Epoch [75/100] batch [385/391] loss 1.3242 lr 0.01577264470356558 acc 69.53% eta 0:28:21
2023-04-13 18:09:00,385 - __main__ - INFO - Computing epoch 75 validation accuracy...
2023-04-13 18:09:05,389 - __main__ - INFO - Computing epoch 75 validation loss...
2023-04-13 18:09:10,718 - __main__ - INFO - [INFO] 2023-04-13 18:09:10.718222 Epoch [76/100] batch [1/391] loss 1.1279 lr 0.014644660940672643 acc 75.00% eta 0:29:57
2023-04-13 18:09:36,845 - __main__ - INFO - [INFO] 2023-04-13 18:09:36.845037 Epoch [76/100] batch [129/391] loss 1.5381 lr 0.014644660940672643 acc 64.06% eta 0:27:54
2023-04-13 18:10:02,782 - __main__ - INFO - [INFO] 2023-04-13 18:10:02.782397 Epoch [76/100] batch [257/391] loss 1.1396 lr 0.014644660940672643 acc 69.53% eta 0:27:26
2023-04-13 18:10:29,015 - __main__ - INFO - [INFO] 2023-04-13 18:10:29.015643 Epoch [76/100] batch [385/391] loss 1.0879 lr 0.014644660940672643 acc 74.22% eta 0:27:08
2023-04-13 18:10:30,168 - __main__ - INFO - Computing epoch 76 validation accuracy...
2023-04-13 18:10:35,339 - __main__ - INFO - Computing epoch 76 validation loss...
2023-04-13 18:10:40,874 - __main__ - INFO - [INFO] 2023-04-13 18:10:40.874505 Epoch [77/100] batch [1/391] loss 0.8853 lr 0.013551568628929448 acc 78.91% eta 0:28:37
2023-04-13 18:11:06,891 - __main__ - INFO - [INFO] 2023-04-13 18:11:06.891262 Epoch [77/100] batch [129/391] loss 1.2217 lr 0.013551568628929448 acc 74.22% eta 0:26:41
2023-04-13 18:11:32,937 - __main__ - INFO - [INFO] 2023-04-13 18:11:32.937139 Epoch [77/100] batch [257/391] loss 1.4121 lr 0.013551568628929448 acc 64.06% eta 0:26:18
2023-04-13 18:11:58,742 - __main__ - INFO - [INFO] 2023-04-13 18:11:58.742269 Epoch [77/100] batch [385/391] loss 1.1221 lr 0.013551568628929448 acc 68.75% eta 0:25:51
2023-04-13 18:11:59,932 - __main__ - INFO - Computing epoch 77 validation accuracy...
2023-04-13 18:12:04,868 - __main__ - INFO - Computing epoch 77 validation loss...
2023-04-13 18:12:10,441 - __main__ - INFO - [INFO] 2023-04-13 18:12:10.440874 Epoch [78/100] batch [1/391] loss 0.8789 lr 0.012494446518477033 acc 75.00% eta 0:27:01
2023-04-13 18:12:36,435 - __main__ - INFO - [INFO] 2023-04-13 18:12:36.434832 Epoch [78/100] batch [129/391] loss 1.0977 lr 0.012494446518477033 acc 77.34% eta 0:25:28
2023-04-13 18:13:02,426 - __main__ - INFO - [INFO] 2023-04-13 18:13:02.426151 Epoch [78/100] batch [257/391] loss 0.9326 lr 0.012494446518477033 acc 79.69% eta 0:25:07
2023-04-13 18:13:28,706 - __main__ - INFO - [INFO] 2023-04-13 18:13:28.706200 Epoch [78/100] batch [385/391] loss 1.0771 lr 0.012494446518477033 acc 80.47% eta 0:24:51
2023-04-13 18:13:29,896 - __main__ - INFO - Computing epoch 78 validation accuracy...
2023-04-13 18:13:34,864 - __main__ - INFO - Computing epoch 78 validation loss...
2023-04-13 18:13:40,871 - __main__ - INFO - [INFO] 2023-04-13 18:13:40.871314 Epoch [79/100] batch [1/391] loss 1.1660 lr 0.011474337861210555 acc 70.31% eta 0:24:38
2023-04-13 18:14:06,525 - __main__ - INFO - [INFO] 2023-04-13 18:14:06.524835 Epoch [79/100] batch [129/391] loss 1.0020 lr 0.011474337861210555 acc 83.59% eta 0:24:04
2023-04-13 18:14:32,434 - __main__ - INFO - [INFO] 2023-04-13 18:14:32.434638 Epoch [79/100] batch [257/391] loss 1.2002 lr 0.011474337861210555 acc 75.78% eta 0:23:49
2023-04-13 18:14:58,631 - __main__ - INFO - [INFO] 2023-04-13 18:14:58.631591 Epoch [79/100] batch [385/391] loss 1.1104 lr 0.011474337861210555 acc 72.66% eta 0:23:34
2023-04-13 18:14:59,834 - __main__ - INFO - Computing epoch 79 validation accuracy...
2023-04-13 18:15:04,989 - __main__ - INFO - Computing epoch 79 validation loss...
2023-04-13 18:15:10,394 - __main__ - INFO - [INFO] 2023-04-13 18:15:10.394535 Epoch [80/100] batch [1/391] loss 0.9692 lr 0.01049224938121549 acc 77.34% eta 0:25:56
2023-04-13 18:15:36,590 - __main__ - INFO - [INFO] 2023-04-13 18:15:36.590310 Epoch [80/100] batch [129/391] loss 1.0254 lr 0.01049224938121549 acc 70.31% eta 0:23:28
2023-04-13 18:16:03,269 - __main__ - INFO - [INFO] 2023-04-13 18:16:03.268983 Epoch [80/100] batch [257/391] loss 0.9619 lr 0.01049224938121549 acc 74.22% eta 0:23:18
2023-04-13 18:16:29,895 - __main__ - INFO - [INFO] 2023-04-13 18:16:29.895536 Epoch [80/100] batch [385/391] loss 0.9395 lr 0.01049224938121549 acc 82.03% eta 0:22:56
2023-04-13 18:16:31,064 - __main__ - INFO - Computing epoch 80 validation accuracy...
2023-04-13 18:16:36,203 - __main__ - INFO - Computing epoch 80 validation loss...
2023-04-13 18:16:41,581 - __main__ - INFO - [INFO] 2023-04-13 18:16:41.581069 Epoch [81/100] batch [1/391] loss 0.8916 lr 0.009549150281252642 acc 76.56% eta 0:22:54
2023-04-13 18:17:07,601 - __main__ - INFO - [INFO] 2023-04-13 18:17:07.601624 Epoch [81/100] batch [129/391] loss 0.8711 lr 0.009549150281252642 acc 86.72% eta 0:22:09
2023-04-13 18:17:33,577 - __main__ - INFO - [INFO] 2023-04-13 18:17:33.577393 Epoch [81/100] batch [257/391] loss 0.8174 lr 0.009549150281252642 acc 76.56% eta 0:21:46
2023-04-13 18:17:59,464 - __main__ - INFO - [INFO] 2023-04-13 18:17:59.464131 Epoch [81/100] batch [385/391] loss 0.9331 lr 0.009549150281252642 acc 77.34% eta 0:21:21
2023-04-13 18:18:00,617 - __main__ - INFO - Computing epoch 81 validation accuracy...
2023-04-13 18:18:05,662 - __main__ - INFO - Computing epoch 81 validation loss...
2023-04-13 18:18:11,121 - __main__ - INFO - [INFO] 2023-04-13 18:18:11.121202 Epoch [82/100] batch [1/391] loss 0.9365 lr 0.008645971286271922 acc 81.25% eta 0:21:55
2023-04-13 18:18:36,731 - __main__ - INFO - [INFO] 2023-04-13 18:18:36.731255 Epoch [82/100] batch [129/391] loss 0.9512 lr 0.008645971286271922 acc 79.69% eta 0:20:42
2023-04-13 18:19:02,851 - __main__ - INFO - [INFO] 2023-04-13 18:19:02.851049 Epoch [82/100] batch [257/391] loss 0.9346 lr 0.008645971286271922 acc 77.34% eta 0:20:31
2023-04-13 18:19:28,933 - __main__ - INFO - [INFO] 2023-04-13 18:19:28.933318 Epoch [82/100] batch [385/391] loss 1.0625 lr 0.008645971286271922 acc 79.69% eta 0:20:12
2023-04-13 18:19:30,125 - __main__ - INFO - Computing epoch 82 validation accuracy...
2023-04-13 18:19:35,058 - __main__ - INFO - Computing epoch 82 validation loss...
2023-04-13 18:19:40,354 - __main__ - INFO - [INFO] 2023-04-13 18:19:40.354662 Epoch [83/100] batch [1/391] loss 0.8364 lr 0.007783603724899264 acc 78.91% eta 0:21:14
2023-04-13 18:20:05,929 - __main__ - INFO - [INFO] 2023-04-13 18:20:05.929096 Epoch [83/100] batch [129/391] loss 1.0645 lr 0.007783603724899264 acc 76.56% eta 0:19:34
2023-04-13 18:20:32,028 - __main__ - INFO - [INFO] 2023-04-13 18:20:32.028020 Epoch [83/100] batch [257/391] loss 0.9604 lr 0.007783603724899264 acc 79.69% eta 0:19:23
2023-04-13 18:20:57,975 - __main__ - INFO - [INFO] 2023-04-13 18:20:57.974881 Epoch [83/100] batch [385/391] loss 0.8540 lr 0.007783603724899264 acc 81.25% eta 0:19:02
2023-04-13 18:20:59,235 - __main__ - INFO - Computing epoch 83 validation accuracy...
2023-04-13 18:21:04,261 - __main__ - INFO - Computing epoch 83 validation loss...
2023-04-13 18:21:09,713 - __main__ - INFO - [INFO] 2023-04-13 18:21:09.713754 Epoch [84/100] batch [1/391] loss 1.0156 lr 0.006962898649802819 acc 77.34% eta 0:19:41
2023-04-13 18:21:36,407 - __main__ - INFO - [INFO] 2023-04-13 18:21:36.406994 Epoch [84/100] batch [129/391] loss 0.8594 lr 0.006962898649802819 acc 79.69% eta 0:19:11
2023-04-13 18:22:02,958 - __main__ - INFO - [INFO] 2023-04-13 18:22:02.958285 Epoch [84/100] batch [257/391] loss 0.8296 lr 0.006962898649802819 acc 78.91% eta 0:18:46
2023-04-13 18:22:29,235 - __main__ - INFO - [INFO] 2023-04-13 18:22:29.234943 Epoch [84/100] batch [385/391] loss 1.0156 lr 0.006962898649802819 acc 75.78% eta 0:18:20
2023-04-13 18:22:30,481 - __main__ - INFO - Computing epoch 84 validation accuracy...
2023-04-13 18:22:35,464 - __main__ - INFO - Computing epoch 84 validation loss...
2023-04-13 18:22:41,012 - __main__ - INFO - [INFO] 2023-04-13 18:22:41.011983 Epoch [85/100] batch [1/391] loss 0.7104 lr 0.0061846659978068265 acc 79.69% eta 0:20:35
2023-04-13 18:23:07,303 - __main__ - INFO - [INFO] 2023-04-13 18:23:07.302823 Epoch [85/100] batch [129/391] loss 0.7363 lr 0.0061846659978068265 acc 81.25% eta 0:17:49
2023-04-13 18:23:33,790 - __main__ - INFO - [INFO] 2023-04-13 18:23:33.790270 Epoch [85/100] batch [257/391] loss 0.8564 lr 0.0061846659978068265 acc 78.12% eta 0:17:30
2023-04-13 18:24:00,335 - __main__ - INFO - [INFO] 2023-04-13 18:24:00.335271 Epoch [85/100] batch [385/391] loss 0.9814 lr 0.0061846659978068265 acc 78.12% eta 0:17:09
2023-04-13 18:24:01,555 - __main__ - INFO - Computing epoch 85 validation accuracy...
2023-04-13 18:24:06,548 - __main__ - INFO - Computing epoch 85 validation loss...
2023-04-13 18:24:12,004 - __main__ - INFO - [INFO] 2023-04-13 18:24:12.004036 Epoch [86/100] batch [1/391] loss 0.8369 lr 0.005449673790581615 acc 81.25% eta 0:16:33
2023-04-13 18:24:37,860 - __main__ - INFO - [INFO] 2023-04-13 18:24:37.860694 Epoch [86/100] batch [129/391] loss 0.8433 lr 0.005449673790581615 acc 82.03% eta 0:16:25
2023-04-13 18:25:03,776 - __main__ - INFO - [INFO] 2023-04-13 18:25:03.776122 Epoch [86/100] batch [257/391] loss 1.0400 lr 0.005449673790581615 acc 75.00% eta 0:16:04
2023-04-13 18:25:30,280 - __main__ - INFO - [INFO] 2023-04-13 18:25:30.279733 Epoch [86/100] batch [385/391] loss 0.8457 lr 0.005449673790581615 acc 78.12% eta 0:15:49
2023-04-13 18:25:31,486 - __main__ - INFO - Computing epoch 86 validation accuracy...
2023-04-13 18:25:36,535 - __main__ - INFO - Computing epoch 86 validation loss...
2023-04-13 18:25:41,891 - __main__ - INFO - [INFO] 2023-04-13 18:25:41.891108 Epoch [87/100] batch [1/391] loss 1.1279 lr 0.004758647376699036 acc 73.44% eta 0:15:41
2023-04-13 18:26:07,979 - __main__ - INFO - [INFO] 2023-04-13 18:26:07.979005 Epoch [87/100] batch [129/391] loss 0.6094 lr 0.004758647376699036 acc 84.38% eta 0:15:25
2023-04-13 18:26:34,053 - __main__ - INFO - [INFO] 2023-04-13 18:26:34.052896 Epoch [87/100] batch [257/391] loss 0.8862 lr 0.004758647376699036 acc 79.69% eta 0:15:03
2023-04-13 18:26:59,926 - __main__ - INFO - [INFO] 2023-04-13 18:26:59.925931 Epoch [87/100] batch [385/391] loss 0.8076 lr 0.004758647376699036 acc 79.69% eta 0:14:38
2023-04-13 18:27:01,166 - __main__ - INFO - Computing epoch 87 validation accuracy...
2023-04-13 18:27:06,187 - __main__ - INFO - Computing epoch 87 validation loss...
2023-04-13 18:27:11,554 - __main__ - INFO - [INFO] 2023-04-13 18:27:11.554257 Epoch [88/100] batch [1/391] loss 0.8286 lr 0.004112268715800957 acc 77.34% eta 0:15:31
2023-04-13 18:27:37,659 - __main__ - INFO - [INFO] 2023-04-13 18:27:37.659735 Epoch [88/100] batch [129/391] loss 0.6489 lr 0.004112268715800957 acc 82.03% eta 0:14:19
2023-04-13 18:28:03,674 - __main__ - INFO - [INFO] 2023-04-13 18:28:03.673916 Epoch [88/100] batch [257/391] loss 0.8403 lr 0.004112268715800957 acc 85.94% eta 0:13:56
2023-04-13 18:28:30,006 - __main__ - INFO - [INFO] 2023-04-13 18:28:30.006258 Epoch [88/100] batch [385/391] loss 0.7578 lr 0.004112268715800957 acc 87.50% eta 0:13:37
2023-04-13 18:28:31,165 - __main__ - INFO - Computing epoch 88 validation accuracy...
2023-04-13 18:28:36,107 - __main__ - INFO - Computing epoch 88 validation loss...
2023-04-13 18:28:41,682 - __main__ - INFO - [INFO] 2023-04-13 18:28:41.682129 Epoch [89/100] batch [1/391] loss 0.7012 lr 0.003511175705587435 acc 86.72% eta 0:15:33
2023-04-13 18:29:07,874 - __main__ - INFO - [INFO] 2023-04-13 18:29:07.873575 Epoch [89/100] batch [129/391] loss 0.5825 lr 0.003511175705587435 acc 91.41% eta 0:13:14
2023-04-13 18:29:33,667 - __main__ - INFO - [INFO] 2023-04-13 18:29:33.667241 Epoch [89/100] batch [257/391] loss 0.7300 lr 0.003511175705587435 acc 85.94% eta 0:12:46
2023-04-13 18:29:59,580 - __main__ - INFO - [INFO] 2023-04-13 18:29:59.579928 Epoch [89/100] batch [385/391] loss 0.7754 lr 0.003511175705587435 acc 88.28% eta 0:12:23
2023-04-13 18:30:00,757 - __main__ - INFO - Computing epoch 89 validation accuracy...
2023-04-13 18:30:05,777 - __main__ - INFO - Computing epoch 89 validation loss...
2023-04-13 18:30:11,309 - __main__ - INFO - [INFO] 2023-04-13 18:30:11.309476 Epoch [90/100] batch [1/391] loss 0.7446 lr 0.0029559615522887295 acc 81.25% eta 0:12:52
2023-04-13 18:30:37,315 - __main__ - INFO - [INFO] 2023-04-13 18:30:37.315624 Epoch [90/100] batch [129/391] loss 0.6997 lr 0.0029559615522887295 acc 82.03% eta 0:12:00
2023-04-13 18:31:03,214 - __main__ - INFO - [INFO] 2023-04-13 18:31:03.214182 Epoch [90/100] batch [257/391] loss 0.7725 lr 0.0029559615522887295 acc 83.59% eta 0:11:37
2023-04-13 18:31:28,974 - __main__ - INFO - [INFO] 2023-04-13 18:31:28.974252 Epoch [90/100] batch [385/391] loss 0.7778 lr 0.0029559615522887295 acc 85.16% eta 0:11:13
2023-04-13 18:31:30,170 - __main__ - INFO - Computing epoch 90 validation accuracy...
2023-04-13 18:31:35,111 - __main__ - INFO - Computing epoch 90 validation loss...
2023-04-13 18:31:40,467 - __main__ - INFO - [INFO] 2023-04-13 18:31:40.467743 Epoch [91/100] batch [1/391] loss 0.5889 lr 0.0024471741852423253 acc 85.16% eta 0:12:18
2023-04-13 18:32:06,304 - __main__ - INFO - [INFO] 2023-04-13 18:32:06.304477 Epoch [91/100] batch [129/391] loss 0.6719 lr 0.0024471741852423253 acc 85.16% eta 0:10:49
2023-04-13 18:32:32,435 - __main__ - INFO - [INFO] 2023-04-13 18:32:32.435797 Epoch [91/100] batch [257/391] loss 0.6016 lr 0.0024471741852423253 acc 91.41% eta 0:10:31
2023-04-13 18:32:58,586 - __main__ - INFO - [INFO] 2023-04-13 18:32:58.586034 Epoch [91/100] batch [385/391] loss 0.6328 lr 0.0024471741852423253 acc 87.50% eta 0:10:10
2023-04-13 18:32:59,773 - __main__ - INFO - Computing epoch 91 validation accuracy...
2023-04-13 18:33:04,711 - __main__ - INFO - Computing epoch 91 validation loss...
2023-04-13 18:33:09,959 - __main__ - INFO - [INFO] 2023-04-13 18:33:09.958620 Epoch [92/100] batch [1/391] loss 0.5537 lr 0.0019853157161528537 acc 89.84% eta 0:10:45
2023-04-13 18:33:35,810 - __main__ - INFO - [INFO] 2023-04-13 18:33:35.810443 Epoch [92/100] batch [129/391] loss 0.6577 lr 0.0019853157161528537 acc 85.16% eta 0:09:43
2023-04-13 18:34:01,865 - __main__ - INFO - [INFO] 2023-04-13 18:34:01.865458 Epoch [92/100] batch [257/391] loss 0.6958 lr 0.0019853157161528537 acc 84.38% eta 0:09:22
2023-04-13 18:34:27,978 - __main__ - INFO - [INFO] 2023-04-13 18:34:27.977444 Epoch [92/100] batch [385/391] loss 0.4893 lr 0.0019853157161528537 acc 89.06% eta 0:09:01
2023-04-13 18:34:29,163 - __main__ - INFO - Computing epoch 92 validation accuracy...
2023-04-13 18:34:34,212 - __main__ - INFO - Computing epoch 92 validation loss...
2023-04-13 18:34:39,521 - __main__ - INFO - [INFO] 2023-04-13 18:34:39.521162 Epoch [93/100] batch [1/391] loss 0.6655 lr 0.0015708419435684529 acc 84.38% eta 0:09:44
2023-04-13 18:35:05,027 - __main__ - INFO - [INFO] 2023-04-13 18:35:05.027371 Epoch [93/100] batch [129/391] loss 0.6807 lr 0.0015708419435684529 acc 87.50% eta 0:08:29
2023-04-13 18:35:30,824 - __main__ - INFO - [INFO] 2023-04-13 18:35:30.823878 Epoch [93/100] batch [257/391] loss 0.6401 lr 0.0015708419435684529 acc 84.38% eta 0:08:10
2023-04-13 18:35:56,835 - __main__ - INFO - [INFO] 2023-04-13 18:35:56.835387 Epoch [93/100] batch [385/391] loss 0.6289 lr 0.0015708419435684529 acc 89.06% eta 0:07:50
2023-04-13 18:35:58,066 - __main__ - INFO - Computing epoch 93 validation accuracy...
2023-04-13 18:36:03,059 - __main__ - INFO - Computing epoch 93 validation loss...
2023-04-13 18:36:08,499 - __main__ - INFO - [INFO] 2023-04-13 18:36:08.498659 Epoch [94/100] batch [1/391] loss 0.7100 lr 0.0012041619030626347 acc 83.59% eta 0:08:07
2023-04-13 18:36:34,484 - __main__ - INFO - [INFO] 2023-04-13 18:36:34.484654 Epoch [94/100] batch [129/391] loss 0.5005 lr 0.0012041619030626347 acc 90.62% eta 0:07:31
2023-04-13 18:37:00,500 - __main__ - INFO - [INFO] 2023-04-13 18:37:00.500048 Epoch [94/100] batch [257/391] loss 0.6499 lr 0.0012041619030626347 acc 85.94% eta 0:07:09
2023-04-13 18:37:26,483 - __main__ - INFO - [INFO] 2023-04-13 18:37:26.483663 Epoch [94/100] batch [385/391] loss 0.5347 lr 0.0012041619030626347 acc 89.06% eta 0:06:46
2023-04-13 18:37:27,640 - __main__ - INFO - Computing epoch 94 validation accuracy...
2023-04-13 18:37:32,581 - __main__ - INFO - Computing epoch 94 validation loss...
2023-04-13 18:37:37,860 - __main__ - INFO - [INFO] 2023-04-13 18:37:37.860632 Epoch [95/100] batch [1/391] loss 0.6548 lr 0.0008856374635655646 acc 85.16% eta 0:07:05
2023-04-13 18:38:03,847 - __main__ - INFO - [INFO] 2023-04-13 18:38:03.846715 Epoch [95/100] batch [129/391] loss 0.5664 lr 0.0008856374635655646 acc 88.28% eta 0:06:22
2023-04-13 18:38:29,432 - __main__ - INFO - [INFO] 2023-04-13 18:38:29.432051 Epoch [95/100] batch [257/391] loss 0.6021 lr 0.0008856374635655646 acc 89.84% eta 0:05:57
2023-04-13 18:38:54,884 - __main__ - INFO - [INFO] 2023-04-13 18:38:54.884422 Epoch [95/100] batch [385/391] loss 0.6699 lr 0.0008856374635655646 acc 85.16% eta 0:05:34
2023-04-13 18:38:56,033 - __main__ - INFO - Computing epoch 95 validation accuracy...
2023-04-13 18:39:00,962 - __main__ - INFO - Computing epoch 95 validation loss...
2023-04-13 18:39:06,442 - __main__ - INFO - [INFO] 2023-04-13 18:39:06.442442 Epoch [96/100] batch [1/391] loss 0.4812 lr 0.0006155829702431174 acc 90.62% eta 0:05:50
2023-04-13 18:39:32,184 - __main__ - INFO - [INFO] 2023-04-13 18:39:32.183992 Epoch [96/100] batch [129/391] loss 0.6167 lr 0.0006155829702431174 acc 87.50% eta 0:05:11
2023-04-13 18:39:57,773 - __main__ - INFO - [INFO] 2023-04-13 18:39:57.773682 Epoch [96/100] batch [257/391] loss 0.6328 lr 0.0006155829702431174 acc 83.59% eta 0:04:49
2023-04-13 18:40:23,535 - __main__ - INFO - [INFO] 2023-04-13 18:40:23.534961 Epoch [96/100] batch [385/391] loss 0.5713 lr 0.0006155829702431174 acc 87.50% eta 0:04:27
2023-04-13 18:40:24,736 - __main__ - INFO - Computing epoch 96 validation accuracy...
2023-04-13 18:40:29,688 - __main__ - INFO - Computing epoch 96 validation loss...
2023-04-13 18:40:35,035 - __main__ - INFO - [INFO] 2023-04-13 18:40:35.035019 Epoch [97/100] batch [1/391] loss 0.5708 lr 0.00039426493427611206 acc 85.94% eta 0:04:30
2023-04-13 18:41:01,166 - __main__ - INFO - [INFO] 2023-04-13 18:41:01.166092 Epoch [97/100] batch [129/391] loss 0.4065 lr 0.00039426493427611206 acc 92.19% eta 0:04:09
2023-04-13 18:41:27,557 - __main__ - INFO - [INFO] 2023-04-13 18:41:27.556797 Epoch [97/100] batch [257/391] loss 0.6660 lr 0.00039426493427611206 acc 83.59% eta 0:03:48
2023-04-13 18:41:53,484 - __main__ - INFO - [INFO] 2023-04-13 18:41:53.484017 Epoch [97/100] batch [385/391] loss 0.5264 lr 0.00039426493427611206 acc 89.06% eta 0:03:24
2023-04-13 18:41:54,712 - __main__ - INFO - Computing epoch 97 validation accuracy...
2023-04-13 18:41:59,696 - __main__ - INFO - Computing epoch 97 validation loss...
2023-04-13 18:42:05,242 - __main__ - INFO - [INFO] 2023-04-13 18:42:05.242689 Epoch [98/100] batch [1/391] loss 0.5435 lr 0.00022190176984600036 acc 85.94% eta 0:04:19
2023-04-13 18:42:31,517 - __main__ - INFO - [INFO] 2023-04-13 18:42:31.517342 Epoch [98/100] batch [129/391] loss 0.6245 lr 0.00022190176984600036 acc 88.28% eta 0:03:02
2023-04-13 18:42:57,763 - __main__ - INFO - [INFO] 2023-04-13 18:42:57.763606 Epoch [98/100] batch [257/391] loss 0.5791 lr 0.00022190176984600036 acc 88.28% eta 0:02:39
2023-04-13 18:43:24,254 - __main__ - INFO - [INFO] 2023-04-13 18:43:24.254365 Epoch [98/100] batch [385/391] loss 0.5938 lr 0.00022190176984600036 acc 88.28% eta 0:02:17
2023-04-13 18:43:25,456 - __main__ - INFO - Computing epoch 98 validation accuracy...
2023-04-13 18:43:30,423 - __main__ - INFO - Computing epoch 98 validation loss...
2023-04-13 18:43:35,931 - __main__ - INFO - [INFO] 2023-04-13 18:43:35.931391 Epoch [99/100] batch [1/391] loss 0.5200 lr 9.866357858642213e-05 acc 86.72% eta 0:02:40
2023-04-13 18:44:01,843 - __main__ - INFO - [INFO] 2023-04-13 18:44:01.843768 Epoch [99/100] batch [129/391] loss 0.3604 lr 9.866357858642213e-05 acc 91.41% eta 0:01:52
2023-04-13 18:44:27,875 - __main__ - INFO - [INFO] 2023-04-13 18:44:27.875360 Epoch [99/100] batch [257/391] loss 0.7485 lr 9.866357858642213e-05 acc 82.03% eta 0:01:30
2023-04-13 18:44:54,379 - __main__ - INFO - [INFO] 2023-04-13 18:44:54.379481 Epoch [99/100] batch [385/391] loss 0.6187 lr 9.866357858642213e-05 acc 82.81% eta 0:01:08
2023-04-13 18:44:55,603 - __main__ - INFO - Computing epoch 99 validation accuracy...
2023-04-13 18:45:00,656 - __main__ - INFO - Computing epoch 99 validation loss...
2023-04-13 18:45:06,147 - __main__ - INFO - [INFO] 2023-04-13 18:45:06.147178 Epoch [100/100] batch [1/391] loss 0.4597 lr 2.4671981713420017e-05 acc 89.84% eta 0:01:23
2023-04-13 18:45:32,505 - __main__ - INFO - [INFO] 2023-04-13 18:45:32.505487 Epoch [100/100] batch [129/391] loss 0.7788 lr 2.4671981713420017e-05 acc 81.25% eta 0:00:45
2023-04-13 18:45:58,554 - __main__ - INFO - [INFO] 2023-04-13 18:45:58.553868 Epoch [100/100] batch [257/391] loss 0.3591 lr 2.4671981713420017e-05 acc 96.88% eta 0:00:23
2023-04-13 18:46:24,425 - __main__ - INFO - [INFO] 2023-04-13 18:46:24.425394 Epoch [100/100] batch [385/391] loss 0.6387 lr 2.4671981713420017e-05 acc 89.84% eta 0:00:01
2023-04-13 18:46:25,586 - __main__ - INFO - Computing epoch 100 validation accuracy...
2023-04-13 18:46:30,581 - __main__ - INFO - Computing epoch 100 validation loss...
2023-04-13 18:46:35,876 - __main__ - INFO - Reading testing data set cifar100
2023-04-13 18:46:36,617 - __main__ - INFO - Loading trained model...
2023-04-13 18:46:42,902 - __main__ - INFO - Testing acc : 70.27%.
