2023-04-05 13:51:41,138 - __main__ - INFO - 

2023-04-05 13:51:41,138 - __main__ - INFO - ***************
2023-04-05 13:51:41,138 - __main__ - INFO - ** Arguments **
2023-04-05 13:51:41,138 - __main__ - INFO - ***************
2023-04-05 13:51:41,138 - __main__ - INFO - backbone: resnet20
2023-04-05 13:51:41,138 - __main__ - INFO - dataname: cifar100
2023-04-05 13:51:41,139 - __main__ - INFO - drop_method: d
2023-04-05 13:51:41,139 - __main__ - INFO - drop_rate: 0.3
2023-04-05 13:51:41,139 - __main__ - INFO - eval_only: 0
2023-04-05 13:51:41,139 - __main__ - INFO - output_path: checkpoints/cifar100/resnet20/drop_d/rate_0.3/seed2
2023-04-05 13:51:41,139 - __main__ - INFO - part_rate: 0.1
2023-04-05 13:51:41,139 - __main__ - INFO - seed: 2
2023-04-05 13:51:41,139 - __main__ - INFO - weight_decay: 0.0005
2023-04-05 13:51:41,139 - __main__ - INFO - ************
2023-04-05 13:51:41,139 - __main__ - INFO - ** Config **
2023-04-05 13:51:41,139 - __main__ - INFO - ************
2023-04-05 13:51:41,139 - __main__ - INFO - {'DATALOADER': {'PATH': './data', 'DATANAME': 'cifar100', 'BATCH_SIZE': 128, 'NUM_CLASSES': 100}, 'INPUT': {'SIZE': [32, 32], 'PIXEL_MEAN': [0.4914, 0.4822, 0.4465], 'PIXEL_STD': [0.2023, 0.1994, 0.201]}, 'OUTPUT': {'DIR': 'checkpoints/cifar100/resnet20/drop_d/rate_0.3/seed2'}, 'SEED': 2, 'OPTIM': {'LR': 0.1, 'MAX_EPOCH': 100, 'LR_SCHEDULER': 'step', 'LR_MILESTONES': [20, 40, 80, 120, 140], 'LR_DECAY': 0.2, 'PART_RATE': 0.1, 'WEIGHT_DECAY': 0.0005, 'DROP_RATE': 0.3, 'DROP_METHOD': 'd', 'BLOCK_SIZE': 7}, 'MODEL': {'BACKBONE': 'resnet20'}}
2023-04-05 13:51:41,160 - __main__ - INFO - Reading training data set cifar100
2023-04-05 13:51:43,195 - __main__ - INFO - Loading raw model
2023-04-05 13:51:45,671 - __main__ - INFO - 
Saving everything to checkpoints/cifar100/resnet20/drop_d/rate_0.3/seed2
2023-04-05 13:51:45,672 - __main__ - INFO - Start training...
2023-04-05 13:51:49,869 - __main__ - INFO - [INFO] 2023-04-05 13:51:49.869735 Epoch [1/100] batch [1/391] loss 5.7695 lr 0.1 acc 0.78% eta 1 day, 21:30:20
2023-04-05 13:52:01,726 - __main__ - INFO - [INFO] 2023-04-05 13:52:01.725753 Epoch [1/100] batch [129/391] loss 4.0664 lr 0.1 acc 12.50% eta 1:16:45
2023-04-05 13:52:13,686 - __main__ - INFO - [INFO] 2023-04-05 13:52:13.686712 Epoch [1/100] batch [257/391] loss 3.9023 lr 0.1 acc 7.81% eta 1:06:33
2023-04-05 13:52:25,952 - __main__ - INFO - [INFO] 2023-04-05 13:52:25.952518 Epoch [1/100] batch [385/391] loss 3.8105 lr 0.1 acc 14.06% eta 1:03:26
2023-04-05 13:52:26,584 - __main__ - INFO - Computing epoch 1 validation accuracy...
2023-04-05 13:52:29,916 - __main__ - INFO - Computing epoch 1 validation loss...
2023-04-05 13:52:33,459 - __main__ - INFO - [INFO] 2023-04-05 13:52:33.459311 Epoch [2/100] batch [1/391] loss 3.5977 lr 0.09997532801828658 acc 19.53% eta 1:30:20
2023-04-05 13:52:46,019 - __main__ - INFO - [INFO] 2023-04-05 13:52:46.019134 Epoch [2/100] batch [129/391] loss 3.5156 lr 0.09997532801828658 acc 16.41% eta 0:58:42
2023-04-05 13:52:58,023 - __main__ - INFO - [INFO] 2023-04-05 13:52:58.022965 Epoch [2/100] batch [257/391] loss 3.3516 lr 0.09997532801828658 acc 18.75% eta 0:57:15
2023-04-05 13:53:10,305 - __main__ - INFO - [INFO] 2023-04-05 13:53:10.305070 Epoch [2/100] batch [385/391] loss 3.2910 lr 0.09997532801828658 acc 18.75% eta 0:57:01
2023-04-05 13:53:10,868 - __main__ - INFO - Computing epoch 2 validation accuracy...
2023-04-05 13:53:14,068 - __main__ - INFO - Computing epoch 2 validation loss...
2023-04-05 13:53:17,421 - __main__ - INFO - [INFO] 2023-04-05 13:53:17.421445 Epoch [3/100] batch [1/391] loss 3.1875 lr 0.09990133642141358 acc 15.62% eta 1:04:57
2023-04-05 13:53:29,343 - __main__ - INFO - [INFO] 2023-04-05 13:53:29.343230 Epoch [3/100] batch [129/391] loss 2.9434 lr 0.09990133642141358 acc 28.12% eta 0:55:20
2023-04-05 13:53:41,293 - __main__ - INFO - [INFO] 2023-04-05 13:53:41.293167 Epoch [3/100] batch [257/391] loss 2.9160 lr 0.09990133642141358 acc 18.75% eta 0:55:10
2023-04-05 13:53:53,480 - __main__ - INFO - [INFO] 2023-04-05 13:53:53.479940 Epoch [3/100] batch [385/391] loss 2.9258 lr 0.09990133642141358 acc 21.88% eta 0:55:18
2023-04-05 13:53:54,004 - __main__ - INFO - Computing epoch 3 validation accuracy...
2023-04-05 13:53:57,122 - __main__ - INFO - Computing epoch 3 validation loss...
2023-04-05 13:54:00,507 - __main__ - INFO - [INFO] 2023-04-05 13:54:00.507013 Epoch [4/100] batch [1/391] loss 2.8809 lr 0.099778098230154 acc 28.12% eta 0:59:39
2023-04-05 13:54:12,696 - __main__ - INFO - [INFO] 2023-04-05 13:54:12.696277 Epoch [4/100] batch [129/391] loss 2.4863 lr 0.099778098230154 acc 30.47% eta 0:55:49
2023-04-05 13:54:24,885 - __main__ - INFO - [INFO] 2023-04-05 13:54:24.884987 Epoch [4/100] batch [257/391] loss 2.8496 lr 0.099778098230154 acc 23.44% eta 0:55:39
2023-04-05 13:54:37,125 - __main__ - INFO - [INFO] 2023-04-05 13:54:37.124998 Epoch [4/100] batch [385/391] loss 2.5137 lr 0.099778098230154 acc 26.56% eta 0:55:30
2023-04-05 13:54:37,673 - __main__ - INFO - Computing epoch 4 validation accuracy...
2023-04-05 13:54:40,904 - __main__ - INFO - Computing epoch 4 validation loss...
2023-04-05 13:54:44,259 - __main__ - INFO - [INFO] 2023-04-05 13:54:44.259500 Epoch [5/100] batch [1/391] loss 2.4355 lr 0.0996057350657239 acc 30.47% eta 1:05:59
2023-04-05 13:54:56,551 - __main__ - INFO - [INFO] 2023-04-05 13:54:56.551623 Epoch [5/100] batch [129/391] loss 2.6797 lr 0.0996057350657239 acc 22.66% eta 0:55:44
2023-04-05 13:55:08,689 - __main__ - INFO - [INFO] 2023-04-05 13:55:08.689548 Epoch [5/100] batch [257/391] loss 2.7480 lr 0.0996057350657239 acc 23.44% eta 0:55:13
2023-04-05 13:55:20,929 - __main__ - INFO - [INFO] 2023-04-05 13:55:20.929478 Epoch [5/100] batch [385/391] loss 2.6270 lr 0.0996057350657239 acc 31.25% eta 0:55:02
2023-04-05 13:55:21,463 - __main__ - INFO - Computing epoch 5 validation accuracy...
2023-04-05 13:55:24,602 - __main__ - INFO - Computing epoch 5 validation loss...
2023-04-05 13:55:28,043 - __main__ - INFO - [INFO] 2023-04-05 13:55:28.043701 Epoch [6/100] batch [1/391] loss 2.5293 lr 0.09938441702975688 acc 38.28% eta 1:05:14
2023-04-05 13:55:40,151 - __main__ - INFO - [INFO] 2023-04-05 13:55:40.151041 Epoch [6/100] batch [129/391] loss 2.6992 lr 0.09938441702975688 acc 26.56% eta 0:54:26
2023-04-05 13:55:52,210 - __main__ - INFO - [INFO] 2023-04-05 13:55:52.210194 Epoch [6/100] batch [257/391] loss 2.8398 lr 0.09938441702975688 acc 21.88% eta 0:54:04
2023-04-05 13:56:04,644 - __main__ - INFO - [INFO] 2023-04-05 13:56:04.644035 Epoch [6/100] batch [385/391] loss 2.4004 lr 0.09938441702975688 acc 32.81% eta 0:54:21
2023-04-05 13:56:05,190 - __main__ - INFO - Computing epoch 6 validation accuracy...
2023-04-05 13:56:08,396 - __main__ - INFO - Computing epoch 6 validation loss...
2023-04-05 13:56:11,803 - __main__ - INFO - [INFO] 2023-04-05 13:56:11.803127 Epoch [7/100] batch [1/391] loss 2.8301 lr 0.09911436253643444 acc 27.34% eta 0:56:35
2023-04-05 13:56:23,986 - __main__ - INFO - [INFO] 2023-04-05 13:56:23.985887 Epoch [7/100] batch [129/391] loss 2.4688 lr 0.09911436253643444 acc 35.16% eta 0:54:06
2023-04-05 13:56:36,041 - __main__ - INFO - [INFO] 2023-04-05 13:56:36.040978 Epoch [7/100] batch [257/391] loss 2.4434 lr 0.09911436253643444 acc 29.69% eta 0:53:36
2023-04-05 13:56:47,948 - __main__ - INFO - [INFO] 2023-04-05 13:56:47.948391 Epoch [7/100] batch [385/391] loss 2.2734 lr 0.09911436253643444 acc 40.62% eta 0:53:07
2023-04-05 13:56:48,499 - __main__ - INFO - Computing epoch 7 validation accuracy...
2023-04-05 13:56:51,880 - __main__ - INFO - Computing epoch 7 validation loss...
2023-04-05 13:56:55,183 - __main__ - INFO - [INFO] 2023-04-05 13:56:55.183085 Epoch [8/100] batch [1/391] loss 1.8691 lr 0.09879583809693737 acc 42.97% eta 0:55:38
2023-04-05 13:57:07,227 - __main__ - INFO - [INFO] 2023-04-05 13:57:07.227260 Epoch [8/100] batch [129/391] loss 2.1289 lr 0.09879583809693737 acc 32.81% eta 0:52:51
2023-04-05 13:57:19,352 - __main__ - INFO - [INFO] 2023-04-05 13:57:19.352388 Epoch [8/100] batch [257/391] loss 2.5664 lr 0.09879583809693737 acc 36.72% eta 0:52:51
2023-04-05 13:57:31,330 - __main__ - INFO - [INFO] 2023-04-05 13:57:31.330691 Epoch [8/100] batch [385/391] loss 2.2344 lr 0.09879583809693737 acc 25.78% eta 0:52:31
2023-04-05 13:57:31,892 - __main__ - INFO - Computing epoch 8 validation accuracy...
2023-04-05 13:57:35,076 - __main__ - INFO - Computing epoch 8 validation loss...
2023-04-05 13:57:38,565 - __main__ - INFO - [INFO] 2023-04-05 13:57:38.565282 Epoch [9/100] batch [1/391] loss 2.4395 lr 0.09842915805643156 acc 39.06% eta 0:58:41
2023-04-05 13:57:50,792 - __main__ - INFO - [INFO] 2023-04-05 13:57:50.791503 Epoch [9/100] batch [129/391] loss 2.4551 lr 0.09842915805643156 acc 35.94% eta 0:53:00
2023-04-05 13:58:03,114 - __main__ - INFO - [INFO] 2023-04-05 13:58:03.114254 Epoch [9/100] batch [257/391] loss 2.3809 lr 0.09842915805643156 acc 29.69% eta 0:53:06
2023-04-05 13:58:15,091 - __main__ - INFO - [INFO] 2023-04-05 13:58:15.091457 Epoch [9/100] batch [385/391] loss 2.1699 lr 0.09842915805643156 acc 32.03% eta 0:52:31
2023-04-05 13:58:15,729 - __main__ - INFO - Computing epoch 9 validation accuracy...
2023-04-05 13:58:19,020 - __main__ - INFO - Computing epoch 9 validation loss...
2023-04-05 13:58:22,417 - __main__ - INFO - [INFO] 2023-04-05 13:58:22.417801 Epoch [10/100] batch [1/391] loss 2.3379 lr 0.09801468428384716 acc 32.81% eta 0:53:45
2023-04-05 13:58:34,341 - __main__ - INFO - [INFO] 2023-04-05 13:58:34.341249 Epoch [10/100] batch [129/391] loss 1.9150 lr 0.09801468428384716 acc 42.19% eta 0:51:15
2023-04-05 13:58:46,554 - __main__ - INFO - [INFO] 2023-04-05 13:58:46.554813 Epoch [10/100] batch [257/391] loss 2.0938 lr 0.09801468428384716 acc 42.19% eta 0:51:39
2023-04-05 13:58:58,581 - __main__ - INFO - [INFO] 2023-04-05 13:58:58.581021 Epoch [10/100] batch [385/391] loss 2.0137 lr 0.09801468428384716 acc 47.66% eta 0:51:25
2023-04-05 13:58:59,153 - __main__ - INFO - Computing epoch 10 validation accuracy...
2023-04-05 13:59:02,471 - __main__ - INFO - Computing epoch 10 validation loss...
2023-04-05 13:59:05,877 - __main__ - INFO - [INFO] 2023-04-05 13:59:05.877103 Epoch [11/100] batch [1/391] loss 2.1719 lr 0.09755282581475769 acc 41.41% eta 1:00:42
2023-04-05 13:59:18,102 - __main__ - INFO - [INFO] 2023-04-05 13:59:18.102429 Epoch [11/100] batch [129/391] loss 2.1602 lr 0.09755282581475769 acc 39.06% eta 0:51:59
2023-04-05 13:59:30,338 - __main__ - INFO - [INFO] 2023-04-05 13:59:30.338310 Epoch [11/100] batch [257/391] loss 1.9355 lr 0.09755282581475769 acc 46.09% eta 0:51:44
2023-04-05 13:59:42,398 - __main__ - INFO - [INFO] 2023-04-05 13:59:42.398542 Epoch [11/100] batch [385/391] loss 2.3594 lr 0.09755282581475769 acc 36.72% eta 0:51:19
2023-04-05 13:59:42,983 - __main__ - INFO - Computing epoch 11 validation accuracy...
2023-04-05 13:59:46,299 - __main__ - INFO - Computing epoch 11 validation loss...
2023-04-05 13:59:49,695 - __main__ - INFO - [INFO] 2023-04-05 13:59:49.695312 Epoch [12/100] batch [1/391] loss 2.1406 lr 0.09704403844771128 acc 41.41% eta 0:53:46
2023-04-05 14:00:01,752 - __main__ - INFO - [INFO] 2023-04-05 14:00:01.751889 Epoch [12/100] batch [129/391] loss 1.9688 lr 0.09704403844771128 acc 32.03% eta 0:50:41
2023-04-05 14:00:14,064 - __main__ - INFO - [INFO] 2023-04-05 14:00:14.064615 Epoch [12/100] batch [257/391] loss 2.0859 lr 0.09704403844771128 acc 33.59% eta 0:50:56
2023-04-05 14:00:26,008 - __main__ - INFO - [INFO] 2023-04-05 14:00:26.008500 Epoch [12/100] batch [385/391] loss 2.1191 lr 0.09704403844771128 acc 33.59% eta 0:50:26
2023-04-05 14:00:26,566 - __main__ - INFO - Computing epoch 12 validation accuracy...
2023-04-05 14:00:29,857 - __main__ - INFO - Computing epoch 12 validation loss...
2023-04-05 14:00:33,182 - __main__ - INFO - [INFO] 2023-04-05 14:00:33.182094 Epoch [13/100] batch [1/391] loss 1.9756 lr 0.09648882429441258 acc 45.31% eta 0:54:22
2023-04-05 14:00:45,209 - __main__ - INFO - [INFO] 2023-04-05 14:00:45.209574 Epoch [13/100] batch [129/391] loss 1.9756 lr 0.09648882429441258 acc 43.75% eta 0:50:06
2023-04-05 14:00:57,531 - __main__ - INFO - [INFO] 2023-04-05 14:00:57.531711 Epoch [13/100] batch [257/391] loss 1.9668 lr 0.09648882429441258 acc 38.28% eta 0:50:28
2023-04-05 14:01:09,895 - __main__ - INFO - [INFO] 2023-04-05 14:01:09.895247 Epoch [13/100] batch [385/391] loss 1.8623 lr 0.09648882429441258 acc 38.28% eta 0:50:28
2023-04-05 14:01:10,420 - __main__ - INFO - Computing epoch 13 validation accuracy...
2023-04-05 14:01:13,652 - __main__ - INFO - Computing epoch 13 validation loss...
2023-04-05 14:01:17,089 - __main__ - INFO - [INFO] 2023-04-05 14:01:17.089205 Epoch [14/100] batch [1/391] loss 2.0020 lr 0.09588773128419906 acc 44.53% eta 0:58:25
2023-04-05 14:01:28,947 - __main__ - INFO - [INFO] 2023-04-05 14:01:28.947599 Epoch [14/100] batch [129/391] loss 2.0547 lr 0.09588773128419906 acc 45.31% eta 0:48:49
2023-04-05 14:01:40,918 - __main__ - INFO - [INFO] 2023-04-05 14:01:40.918153 Epoch [14/100] batch [257/391] loss 2.2422 lr 0.09588773128419906 acc 42.19% eta 0:48:47
2023-04-05 14:01:53,006 - __main__ - INFO - [INFO] 2023-04-05 14:01:53.006290 Epoch [14/100] batch [385/391] loss 1.9639 lr 0.09588773128419906 acc 37.50% eta 0:48:51
2023-04-05 14:01:53,538 - __main__ - INFO - Computing epoch 14 validation accuracy...
2023-04-05 14:01:56,831 - __main__ - INFO - Computing epoch 14 validation loss...
2023-04-05 14:02:00,282 - __main__ - INFO - [INFO] 2023-04-05 14:02:00.282563 Epoch [15/100] batch [1/391] loss 1.7178 lr 0.09524135262330098 acc 49.22% eta 0:52:16
2023-04-05 14:02:12,433 - __main__ - INFO - [INFO] 2023-04-05 14:02:12.433337 Epoch [15/100] batch [129/391] loss 2.0664 lr 0.09524135262330098 acc 39.06% eta 0:49:20
2023-04-05 14:02:24,417 - __main__ - INFO - [INFO] 2023-04-05 14:02:24.417035 Epoch [15/100] batch [257/391] loss 2.2207 lr 0.09524135262330098 acc 39.84% eta 0:48:50
2023-04-05 14:02:36,529 - __main__ - INFO - [INFO] 2023-04-05 14:02:36.529171 Epoch [15/100] batch [385/391] loss 2.1211 lr 0.09524135262330098 acc 36.72% eta 0:48:41
2023-04-05 14:02:37,071 - __main__ - INFO - Computing epoch 15 validation accuracy...
2023-04-05 14:02:40,325 - __main__ - INFO - Computing epoch 15 validation loss...
2023-04-05 14:02:43,635 - __main__ - INFO - [INFO] 2023-04-05 14:02:43.634928 Epoch [16/100] batch [1/391] loss 1.8350 lr 0.0945503262094184 acc 44.53% eta 0:53:22
2023-04-05 14:02:55,846 - __main__ - INFO - [INFO] 2023-04-05 14:02:55.846328 Epoch [16/100] batch [129/391] loss 2.0469 lr 0.0945503262094184 acc 44.53% eta 0:49:00
2023-04-05 14:03:07,733 - __main__ - INFO - [INFO] 2023-04-05 14:03:07.733624 Epoch [16/100] batch [257/391] loss 2.0488 lr 0.0945503262094184 acc 49.22% eta 0:48:09
2023-04-05 14:03:20,197 - __main__ - INFO - [INFO] 2023-04-05 14:03:20.197688 Epoch [16/100] batch [385/391] loss 2.0020 lr 0.0945503262094184 acc 35.94% eta 0:48:29
2023-04-05 14:03:20,758 - __main__ - INFO - Computing epoch 16 validation accuracy...
2023-04-05 14:03:24,358 - __main__ - INFO - Computing epoch 16 validation loss...
2023-04-05 14:03:27,823 - __main__ - INFO - [INFO] 2023-04-05 14:03:27.823143 Epoch [17/100] batch [1/391] loss 1.6865 lr 0.09381533400219319 acc 44.53% eta 0:54:08
2023-04-05 14:03:39,855 - __main__ - INFO - [INFO] 2023-04-05 14:03:39.855578 Epoch [17/100] batch [129/391] loss 2.4141 lr 0.09381533400219319 acc 39.06% eta 0:47:50
2023-04-05 14:03:51,876 - __main__ - INFO - [INFO] 2023-04-05 14:03:51.876677 Epoch [17/100] batch [257/391] loss 1.8027 lr 0.09381533400219319 acc 45.31% eta 0:47:33
2023-04-05 14:04:03,819 - __main__ - INFO - [INFO] 2023-04-05 14:04:03.819046 Epoch [17/100] batch [385/391] loss 2.0547 lr 0.09381533400219319 acc 44.53% eta 0:47:13
2023-04-05 14:04:04,368 - __main__ - INFO - Computing epoch 17 validation accuracy...
2023-04-05 14:04:07,677 - __main__ - INFO - Computing epoch 17 validation loss...
2023-04-05 14:04:10,977 - __main__ - INFO - [INFO] 2023-04-05 14:04:10.977115 Epoch [18/100] batch [1/391] loss 1.9258 lr 0.0930371013501972 acc 37.50% eta 0:49:13
2023-04-05 14:04:23,451 - __main__ - INFO - [INFO] 2023-04-05 14:04:23.451694 Epoch [18/100] batch [129/391] loss 2.1445 lr 0.0930371013501972 acc 26.56% eta 0:48:53
2023-04-05 14:04:35,516 - __main__ - INFO - [INFO] 2023-04-05 14:04:35.516637 Epoch [18/100] batch [257/391] loss 2.1152 lr 0.0930371013501972 acc 42.19% eta 0:47:54
2023-04-05 14:04:47,602 - __main__ - INFO - [INFO] 2023-04-05 14:04:47.602159 Epoch [18/100] batch [385/391] loss 1.9170 lr 0.0930371013501972 acc 39.84% eta 0:47:24
2023-04-05 14:04:48,176 - __main__ - INFO - Computing epoch 18 validation accuracy...
2023-04-05 14:04:51,554 - __main__ - INFO - Computing epoch 18 validation loss...
2023-04-05 14:04:54,885 - __main__ - INFO - [INFO] 2023-04-05 14:04:54.885355 Epoch [19/100] batch [1/391] loss 1.7256 lr 0.09221639627510078 acc 42.97% eta 0:55:12
2023-04-05 14:05:07,000 - __main__ - INFO - [INFO] 2023-04-05 14:05:06.999912 Epoch [19/100] batch [129/391] loss 2.0312 lr 0.09221639627510078 acc 36.72% eta 0:46:47
2023-04-05 14:05:19,024 - __main__ - INFO - [INFO] 2023-04-05 14:05:19.024197 Epoch [19/100] batch [257/391] loss 2.3086 lr 0.09221639627510078 acc 40.62% eta 0:46:27
2023-04-05 14:05:31,384 - __main__ - INFO - [INFO] 2023-04-05 14:05:31.383756 Epoch [19/100] batch [385/391] loss 2.0762 lr 0.09221639627510078 acc 39.84% eta 0:46:36
2023-04-05 14:05:31,964 - __main__ - INFO - Computing epoch 19 validation accuracy...
2023-04-05 14:05:35,212 - __main__ - INFO - Computing epoch 19 validation loss...
2023-04-05 14:05:38,654 - __main__ - INFO - [INFO] 2023-04-05 14:05:38.653891 Epoch [20/100] batch [1/391] loss 1.8643 lr 0.09135402871372812 acc 50.00% eta 0:49:23
2023-04-05 14:05:50,759 - __main__ - INFO - [INFO] 2023-04-05 14:05:50.759578 Epoch [20/100] batch [129/391] loss 1.8896 lr 0.09135402871372812 acc 47.66% eta 0:46:20
2023-04-05 14:06:03,140 - __main__ - INFO - [INFO] 2023-04-05 14:06:03.140644 Epoch [20/100] batch [257/391] loss 1.9141 lr 0.09135402871372812 acc 46.09% eta 0:46:36
2023-04-05 14:06:15,189 - __main__ - INFO - [INFO] 2023-04-05 14:06:15.189005 Epoch [20/100] batch [385/391] loss 1.8037 lr 0.09135402871372812 acc 43.75% eta 0:46:09
2023-04-05 14:06:15,745 - __main__ - INFO - Computing epoch 20 validation accuracy...
2023-04-05 14:06:18,993 - __main__ - INFO - Computing epoch 20 validation loss...
2023-04-05 14:06:22,421 - __main__ - INFO - [INFO] 2023-04-05 14:06:22.421600 Epoch [21/100] batch [1/391] loss 1.8301 lr 0.09045084971874741 acc 42.19% eta 0:48:40
2023-04-05 14:06:34,638 - __main__ - INFO - [INFO] 2023-04-05 14:06:34.638578 Epoch [21/100] batch [129/391] loss 1.5645 lr 0.09045084971874741 acc 53.91% eta 0:46:02
2023-04-05 14:06:46,594 - __main__ - INFO - [INFO] 2023-04-05 14:06:46.594701 Epoch [21/100] batch [257/391] loss 1.8623 lr 0.09045084971874741 acc 50.78% eta 0:45:25
2023-04-05 14:06:58,560 - __main__ - INFO - [INFO] 2023-04-05 14:06:58.559971 Epoch [21/100] batch [385/391] loss 1.7627 lr 0.09045084971874741 acc 49.22% eta 0:45:05
2023-04-05 14:06:59,091 - __main__ - INFO - Computing epoch 21 validation accuracy...
2023-04-05 14:07:02,385 - __main__ - INFO - Computing epoch 21 validation loss...
2023-04-05 14:07:05,786 - __main__ - INFO - [INFO] 2023-04-05 14:07:05.786564 Epoch [22/100] batch [1/391] loss 1.6055 lr 0.08950775061878455 acc 54.69% eta 0:50:05
2023-04-05 14:07:18,034 - __main__ - INFO - [INFO] 2023-04-05 14:07:18.034419 Epoch [22/100] batch [129/391] loss 1.5273 lr 0.08950775061878455 acc 53.91% eta 0:45:39
2023-04-05 14:07:30,213 - __main__ - INFO - [INFO] 2023-04-05 14:07:30.213312 Epoch [22/100] batch [257/391] loss 1.9219 lr 0.08950775061878455 acc 51.56% eta 0:45:19
2023-04-05 14:07:42,286 - __main__ - INFO - [INFO] 2023-04-05 14:07:42.285678 Epoch [22/100] batch [385/391] loss 2.1230 lr 0.08950775061878455 acc 33.59% eta 0:44:59
2023-04-05 14:07:42,834 - __main__ - INFO - Computing epoch 22 validation accuracy...
2023-04-05 14:07:46,100 - __main__ - INFO - Computing epoch 22 validation loss...
2023-04-05 14:07:49,473 - __main__ - INFO - [INFO] 2023-04-05 14:07:49.473658 Epoch [23/100] batch [1/391] loss 2.1426 lr 0.0885256621387895 acc 44.53% eta 0:49:19
2023-04-05 14:08:01,482 - __main__ - INFO - [INFO] 2023-04-05 14:08:01.482677 Epoch [23/100] batch [129/391] loss 1.8037 lr 0.0885256621387895 acc 50.78% eta 0:44:17
2023-04-05 14:08:13,585 - __main__ - INFO - [INFO] 2023-04-05 14:08:13.585112 Epoch [23/100] batch [257/391] loss 1.6670 lr 0.0885256621387895 acc 62.50% eta 0:44:17
2023-04-05 14:08:25,931 - __main__ - INFO - [INFO] 2023-04-05 14:08:25.931078 Epoch [23/100] batch [385/391] loss 1.8311 lr 0.0885256621387895 acc 50.00% eta 0:44:24
2023-04-05 14:08:26,538 - __main__ - INFO - Computing epoch 23 validation accuracy...
2023-04-05 14:08:29,969 - __main__ - INFO - Computing epoch 23 validation loss...
2023-04-05 14:08:33,334 - __main__ - INFO - [INFO] 2023-04-05 14:08:33.333847 Epoch [24/100] batch [1/391] loss 1.9980 lr 0.08750555348152302 acc 50.78% eta 0:46:09
2023-04-05 14:08:45,339 - __main__ - INFO - [INFO] 2023-04-05 14:08:45.338976 Epoch [24/100] batch [129/391] loss 1.8223 lr 0.08750555348152302 acc 42.19% eta 0:43:42
2023-04-05 14:08:57,553 - __main__ - INFO - [INFO] 2023-04-05 14:08:57.553692 Epoch [24/100] batch [257/391] loss 1.7627 lr 0.08750555348152302 acc 51.56% eta 0:43:54
2023-04-05 14:09:10,068 - __main__ - INFO - [INFO] 2023-04-05 14:09:10.068108 Epoch [24/100] batch [385/391] loss 1.9961 lr 0.08750555348152302 acc 45.31% eta 0:44:09
2023-04-05 14:09:10,619 - __main__ - INFO - Computing epoch 24 validation accuracy...
2023-04-05 14:09:13,895 - __main__ - INFO - Computing epoch 24 validation loss...
2023-04-05 14:09:17,456 - __main__ - INFO - [INFO] 2023-04-05 14:09:17.456586 Epoch [25/100] batch [1/391] loss 1.8760 lr 0.08644843137107061 acc 47.66% eta 0:55:20
2023-04-05 14:09:29,442 - __main__ - INFO - [INFO] 2023-04-05 14:09:29.442003 Epoch [25/100] batch [129/391] loss 1.7188 lr 0.08644843137107061 acc 46.88% eta 0:43:05
2023-04-05 14:09:41,568 - __main__ - INFO - [INFO] 2023-04-05 14:09:41.568160 Epoch [25/100] batch [257/391] loss 2.0605 lr 0.08644843137107061 acc 43.75% eta 0:43:09
2023-04-05 14:09:53,635 - __main__ - INFO - [INFO] 2023-04-05 14:09:53.635144 Epoch [25/100] batch [385/391] loss 1.6836 lr 0.08644843137107061 acc 45.31% eta 0:42:58
2023-04-05 14:09:54,207 - __main__ - INFO - Computing epoch 25 validation accuracy...
2023-04-05 14:09:57,434 - __main__ - INFO - Computing epoch 25 validation loss...
2023-04-05 14:10:00,893 - __main__ - INFO - [INFO] 2023-04-05 14:10:00.893708 Epoch [26/100] batch [1/391] loss 1.7588 lr 0.0853553390593274 acc 45.31% eta 1:09:15
2023-04-05 14:10:12,837 - __main__ - INFO - [INFO] 2023-04-05 14:10:12.837218 Epoch [26/100] batch [129/391] loss 1.9473 lr 0.0853553390593274 acc 47.66% eta 0:42:33
2023-04-05 14:10:24,811 - __main__ - INFO - [INFO] 2023-04-05 14:10:24.811697 Epoch [26/100] batch [257/391] loss 1.5742 lr 0.0853553390593274 acc 53.91% eta 0:42:18
2023-04-05 14:10:36,954 - __main__ - INFO - [INFO] 2023-04-05 14:10:36.954281 Epoch [26/100] batch [385/391] loss 1.7705 lr 0.0853553390593274 acc 47.66% eta 0:42:16
2023-04-05 14:10:37,494 - __main__ - INFO - Computing epoch 26 validation accuracy...
2023-04-05 14:10:40,777 - __main__ - INFO - Computing epoch 26 validation loss...
2023-04-05 14:10:44,197 - __main__ - INFO - [INFO] 2023-04-05 14:10:44.197340 Epoch [27/100] batch [1/391] loss 1.8818 lr 0.08422735529643446 acc 45.31% eta 0:44:37
2023-04-05 14:10:56,101 - __main__ - INFO - [INFO] 2023-04-05 14:10:56.101705 Epoch [27/100] batch [129/391] loss 1.6504 lr 0.08422735529643446 acc 50.00% eta 0:41:41
2023-04-05 14:11:08,172 - __main__ - INFO - [INFO] 2023-04-05 14:11:08.172784 Epoch [27/100] batch [257/391] loss 1.8301 lr 0.08422735529643446 acc 42.97% eta 0:41:48
2023-04-05 14:11:20,257 - __main__ - INFO - [INFO] 2023-04-05 14:11:20.257532 Epoch [27/100] batch [385/391] loss 1.8271 lr 0.08422735529643446 acc 52.34% eta 0:41:42
2023-04-05 14:11:20,779 - __main__ - INFO - Computing epoch 27 validation accuracy...
2023-04-05 14:11:23,972 - __main__ - INFO - Computing epoch 27 validation loss...
2023-04-05 14:11:27,423 - __main__ - INFO - [INFO] 2023-04-05 14:11:27.423352 Epoch [28/100] batch [1/391] loss 1.6865 lr 0.08306559326618262 acc 53.91% eta 0:47:14
2023-04-05 14:11:39,538 - __main__ - INFO - [INFO] 2023-04-05 14:11:39.538733 Epoch [28/100] batch [129/391] loss 1.8008 lr 0.08306559326618262 acc 50.00% eta 0:41:50
2023-04-05 14:11:51,598 - __main__ - INFO - [INFO] 2023-04-05 14:11:51.598452 Epoch [28/100] batch [257/391] loss 1.9297 lr 0.08306559326618262 acc 46.09% eta 0:41:31
2023-04-05 14:12:03,988 - __main__ - INFO - [INFO] 2023-04-05 14:12:03.988501 Epoch [28/100] batch [385/391] loss 2.0215 lr 0.08306559326618262 acc 45.31% eta 0:41:39
2023-04-05 14:12:04,514 - __main__ - INFO - Computing epoch 28 validation accuracy...
2023-04-05 14:12:07,766 - __main__ - INFO - Computing epoch 28 validation loss...
2023-04-05 14:12:11,259 - __main__ - INFO - [INFO] 2023-04-05 14:12:11.259107 Epoch [29/100] batch [1/391] loss 1.7285 lr 0.08187119948743452 acc 52.34% eta 0:42:27
2023-04-05 14:12:23,403 - __main__ - INFO - [INFO] 2023-04-05 14:12:23.403427 Epoch [29/100] batch [129/391] loss 1.7627 lr 0.08187119948743452 acc 44.53% eta 0:41:20
2023-04-05 14:12:35,374 - __main__ - INFO - [INFO] 2023-04-05 14:12:35.374675 Epoch [29/100] batch [257/391] loss 1.7773 lr 0.08187119948743452 acc 49.22% eta 0:40:50
2023-04-05 14:12:47,522 - __main__ - INFO - [INFO] 2023-04-05 14:12:47.522241 Epoch [29/100] batch [385/391] loss 1.7637 lr 0.08187119948743452 acc 56.25% eta 0:40:44
2023-04-05 14:12:48,061 - __main__ - INFO - Computing epoch 29 validation accuracy...
2023-04-05 14:12:51,532 - __main__ - INFO - Computing epoch 29 validation loss...
2023-04-05 14:12:55,136 - __main__ - INFO - [INFO] 2023-04-05 14:12:55.136306 Epoch [30/100] batch [1/391] loss 1.6074 lr 0.08064535268264886 acc 53.12% eta 0:41:43
2023-04-05 14:13:06,995 - __main__ - INFO - [INFO] 2023-04-05 14:13:06.994967 Epoch [30/100] batch [129/391] loss 2.2441 lr 0.08064535268264886 acc 39.06% eta 0:39:48
2023-04-05 14:13:18,936 - __main__ - INFO - [INFO] 2023-04-05 14:13:18.936058 Epoch [30/100] batch [257/391] loss 1.8975 lr 0.08064535268264886 acc 47.66% eta 0:39:46
2023-04-05 14:13:31,094 - __main__ - INFO - [INFO] 2023-04-05 14:13:31.094741 Epoch [30/100] batch [385/391] loss 2.0332 lr 0.08064535268264886 acc 41.41% eta 0:39:52
2023-04-05 14:13:31,638 - __main__ - INFO - Computing epoch 30 validation accuracy...
2023-04-05 14:13:34,840 - __main__ - INFO - Computing epoch 30 validation loss...
2023-04-05 14:13:38,517 - __main__ - INFO - [INFO] 2023-04-05 14:13:38.517686 Epoch [31/100] batch [1/391] loss 1.7627 lr 0.0793892626146237 acc 41.41% eta 0:42:55
2023-04-05 14:13:50,345 - __main__ - INFO - [INFO] 2023-04-05 14:13:50.345177 Epoch [31/100] batch [129/391] loss 1.6279 lr 0.0793892626146237 acc 42.19% eta 0:39:08
2023-04-05 14:14:02,505 - __main__ - INFO - [INFO] 2023-04-05 14:14:02.505467 Epoch [31/100] batch [257/391] loss 1.8223 lr 0.0793892626146237 acc 49.22% eta 0:39:29
2023-04-05 14:14:14,835 - __main__ - INFO - [INFO] 2023-04-05 14:14:14.835271 Epoch [31/100] batch [385/391] loss 1.8682 lr 0.0793892626146237 acc 48.44% eta 0:39:37
2023-04-05 14:14:15,385 - __main__ - INFO - Computing epoch 31 validation accuracy...
2023-04-05 14:14:18,698 - __main__ - INFO - Computing epoch 31 validation loss...
2023-04-05 14:14:22,044 - __main__ - INFO - [INFO] 2023-04-05 14:14:22.044622 Epoch [32/100] batch [1/391] loss 1.8047 lr 0.07810416889260657 acc 42.19% eta 0:41:46
2023-04-05 14:14:34,372 - __main__ - INFO - [INFO] 2023-04-05 14:14:34.372278 Epoch [32/100] batch [129/391] loss 1.8555 lr 0.07810416889260657 acc 44.53% eta 0:40:08
2023-04-05 14:14:46,503 - __main__ - INFO - [INFO] 2023-04-05 14:14:46.503798 Epoch [32/100] batch [257/391] loss 1.5459 lr 0.07810416889260657 acc 46.88% eta 0:39:38
2023-04-05 14:14:58,563 - __main__ - INFO - [INFO] 2023-04-05 14:14:58.562889 Epoch [32/100] batch [385/391] loss 1.8389 lr 0.07810416889260657 acc 50.78% eta 0:39:17
2023-04-05 14:14:59,109 - __main__ - INFO - Computing epoch 32 validation accuracy...
2023-04-05 14:15:02,421 - __main__ - INFO - Computing epoch 32 validation loss...
2023-04-05 14:15:06,019 - __main__ - INFO - [INFO] 2023-04-05 14:15:06.019623 Epoch [33/100] batch [1/391] loss 1.5654 lr 0.07679133974894986 acc 55.47% eta 0:49:32
2023-04-05 14:15:17,985 - __main__ - INFO - [INFO] 2023-04-05 14:15:17.985387 Epoch [33/100] batch [129/391] loss 1.7383 lr 0.07679133974894986 acc 50.78% eta 0:38:30
2023-04-05 14:15:30,088 - __main__ - INFO - [INFO] 2023-04-05 14:15:30.088149 Epoch [33/100] batch [257/391] loss 1.6162 lr 0.07679133974894986 acc 50.78% eta 0:38:31
2023-04-05 14:15:42,371 - __main__ - INFO - [INFO] 2023-04-05 14:15:42.371603 Epoch [33/100] batch [385/391] loss 1.9902 lr 0.07679133974894986 acc 39.84% eta 0:38:33
2023-04-05 14:15:42,924 - __main__ - INFO - Computing epoch 33 validation accuracy...
2023-04-05 14:15:46,115 - __main__ - INFO - Computing epoch 33 validation loss...
2023-04-05 14:15:49,626 - __main__ - INFO - [INFO] 2023-04-05 14:15:49.626280 Epoch [34/100] batch [1/391] loss 1.5654 lr 0.0754520707875186 acc 48.44% eta 0:43:12
2023-04-05 14:16:01,488 - __main__ - INFO - [INFO] 2023-04-05 14:16:01.488390 Epoch [34/100] batch [129/391] loss 1.7227 lr 0.0754520707875186 acc 55.47% eta 0:37:34
2023-04-05 14:16:13,267 - __main__ - INFO - [INFO] 2023-04-05 14:16:13.267161 Epoch [34/100] batch [257/391] loss 1.7832 lr 0.0754520707875186 acc 34.38% eta 0:37:13
2023-04-05 14:16:25,263 - __main__ - INFO - [INFO] 2023-04-05 14:16:25.263746 Epoch [34/100] batch [385/391] loss 1.7285 lr 0.0754520707875186 acc 43.75% eta 0:37:13
2023-04-05 14:16:25,808 - __main__ - INFO - Computing epoch 34 validation accuracy...
2023-04-05 14:16:29,019 - __main__ - INFO - Computing epoch 34 validation loss...
2023-04-05 14:16:32,435 - __main__ - INFO - [INFO] 2023-04-05 14:16:32.435412 Epoch [35/100] batch [1/391] loss 1.7080 lr 0.0740876837050858 acc 52.34% eta 0:40:08
2023-04-05 14:16:44,585 - __main__ - INFO - [INFO] 2023-04-05 14:16:44.585097 Epoch [35/100] batch [129/391] loss 1.7842 lr 0.0740876837050858 acc 45.31% eta 0:37:51
2023-04-05 14:16:56,727 - __main__ - INFO - [INFO] 2023-04-05 14:16:56.727073 Epoch [35/100] batch [257/391] loss 1.8574 lr 0.0740876837050858 acc 42.97% eta 0:37:38
2023-04-05 14:17:08,668 - __main__ - INFO - [INFO] 2023-04-05 14:17:08.667963 Epoch [35/100] batch [385/391] loss 1.8174 lr 0.0740876837050858 acc 47.66% eta 0:37:14
2023-04-05 14:17:09,236 - __main__ - INFO - Computing epoch 35 validation accuracy...
2023-04-05 14:17:12,493 - __main__ - INFO - Computing epoch 35 validation loss...
2023-04-05 14:17:15,949 - __main__ - INFO - [INFO] 2023-04-05 14:17:15.949694 Epoch [36/100] batch [1/391] loss 1.5898 lr 0.07269952498697738 acc 48.44% eta 0:40:46
2023-04-05 14:17:28,266 - __main__ - INFO - [INFO] 2023-04-05 14:17:28.266395 Epoch [36/100] batch [129/391] loss 1.7285 lr 0.07269952498697738 acc 45.31% eta 0:37:45
2023-04-05 14:17:40,229 - __main__ - INFO - [INFO] 2023-04-05 14:17:40.229043 Epoch [36/100] batch [257/391] loss 1.6738 lr 0.07269952498697738 acc 45.31% eta 0:37:02
2023-04-05 14:17:52,323 - __main__ - INFO - [INFO] 2023-04-05 14:17:52.323117 Epoch [36/100] batch [385/391] loss 1.8672 lr 0.07269952498697738 acc 45.31% eta 0:36:47
2023-04-05 14:17:52,859 - __main__ - INFO - Computing epoch 36 validation accuracy...
2023-04-05 14:17:56,190 - __main__ - INFO - Computing epoch 36 validation loss...
2023-04-05 14:17:59,772 - __main__ - INFO - [INFO] 2023-04-05 14:17:59.772458 Epoch [37/100] batch [1/391] loss 1.6953 lr 0.07128896457825366 acc 53.12% eta 0:45:53
2023-04-05 14:18:12,335 - __main__ - INFO - [INFO] 2023-04-05 14:18:12.335283 Epoch [37/100] batch [129/391] loss 1.7520 lr 0.07128896457825366 acc 53.91% eta 0:38:01
2023-04-05 14:18:24,598 - __main__ - INFO - [INFO] 2023-04-05 14:18:24.598549 Epoch [37/100] batch [257/391] loss 1.5840 lr 0.07128896457825366 acc 57.03% eta 0:37:20
2023-04-05 14:18:36,838 - __main__ - INFO - [INFO] 2023-04-05 14:18:36.838235 Epoch [37/100] batch [385/391] loss 1.8555 lr 0.07128896457825366 acc 47.66% eta 0:36:56
2023-04-05 14:18:37,430 - __main__ - INFO - Computing epoch 37 validation accuracy...
2023-04-05 14:18:40,651 - __main__ - INFO - Computing epoch 37 validation loss...
2023-04-05 14:18:43,964 - __main__ - INFO - [INFO] 2023-04-05 14:18:43.964775 Epoch [38/100] batch [1/391] loss 1.6777 lr 0.06985739453173906 acc 54.69% eta 0:38:52
2023-04-05 14:18:56,059 - __main__ - INFO - [INFO] 2023-04-05 14:18:56.059331 Epoch [38/100] batch [129/391] loss 1.5635 lr 0.06985739453173906 acc 47.66% eta 0:35:57
2023-04-05 14:19:08,085 - __main__ - INFO - [INFO] 2023-04-05 14:19:08.085807 Epoch [38/100] batch [257/391] loss 1.5527 lr 0.06985739453173906 acc 49.22% eta 0:35:38
2023-04-05 14:19:20,313 - __main__ - INFO - [INFO] 2023-04-05 14:19:20.313410 Epoch [38/100] batch [385/391] loss 1.6582 lr 0.06985739453173906 acc 50.00% eta 0:35:37
2023-04-05 14:19:20,855 - __main__ - INFO - Computing epoch 38 validation accuracy...
2023-04-05 14:19:24,078 - __main__ - INFO - Computing epoch 38 validation loss...
2023-04-05 14:19:27,442 - __main__ - INFO - [INFO] 2023-04-05 14:19:27.441986 Epoch [39/100] batch [1/391] loss 1.6846 lr 0.06840622763423394 acc 55.47% eta 0:56:58
2023-04-05 14:19:39,612 - __main__ - INFO - [INFO] 2023-04-05 14:19:39.611996 Epoch [39/100] batch [129/391] loss 1.7188 lr 0.06840622763423394 acc 39.84% eta 0:35:48
2023-04-05 14:19:51,515 - __main__ - INFO - [INFO] 2023-04-05 14:19:51.514869 Epoch [39/100] batch [257/391] loss 1.7002 lr 0.06840622763423394 acc 51.56% eta 0:35:08
2023-04-05 14:20:03,546 - __main__ - INFO - [INFO] 2023-04-05 14:20:03.546551 Epoch [39/100] batch [385/391] loss 1.5869 lr 0.06840622763423394 acc 46.88% eta 0:34:53
2023-04-05 14:20:04,090 - __main__ - INFO - Computing epoch 39 validation accuracy...
2023-04-05 14:20:07,343 - __main__ - INFO - Computing epoch 39 validation loss...
2023-04-05 14:20:10,832 - __main__ - INFO - [INFO] 2023-04-05 14:20:10.831830 Epoch [40/100] batch [1/391] loss 1.6328 lr 0.06693689601226462 acc 41.41% eta 0:38:58
2023-04-05 14:20:23,265 - __main__ - INFO - [INFO] 2023-04-05 14:20:23.265184 Epoch [40/100] batch [129/391] loss 1.6602 lr 0.06693689601226462 acc 53.12% eta 0:35:49
2023-04-05 14:20:35,364 - __main__ - INFO - [INFO] 2023-04-05 14:20:35.363872 Epoch [40/100] batch [257/391] loss 1.8320 lr 0.06693689601226462 acc 49.22% eta 0:35:07
2023-04-05 14:20:47,506 - __main__ - INFO - [INFO] 2023-04-05 14:20:47.505966 Epoch [40/100] batch [385/391] loss 1.7021 lr 0.06693689601226462 acc 53.91% eta 0:34:49
2023-04-05 14:20:48,059 - __main__ - INFO - Computing epoch 40 validation accuracy...
2023-04-05 14:20:51,403 - __main__ - INFO - Computing epoch 40 validation loss...
2023-04-05 14:20:54,757 - __main__ - INFO - [INFO] 2023-04-05 14:20:54.757159 Epoch [41/100] batch [1/391] loss 1.6309 lr 0.06545084971874741 acc 57.81% eta 0:40:36
2023-04-05 14:21:06,636 - __main__ - INFO - [INFO] 2023-04-05 14:21:06.636309 Epoch [41/100] batch [129/391] loss 1.6582 lr 0.06545084971874741 acc 57.81% eta 0:33:43
2023-04-05 14:21:18,869 - __main__ - INFO - [INFO] 2023-04-05 14:21:18.869069 Epoch [41/100] batch [257/391] loss 1.6562 lr 0.06545084971874741 acc 48.44% eta 0:33:56
2023-04-05 14:21:30,912 - __main__ - INFO - [INFO] 2023-04-05 14:21:30.912585 Epoch [41/100] batch [385/391] loss 1.4473 lr 0.06545084971874741 acc 57.81% eta 0:33:44
2023-04-05 14:21:31,456 - __main__ - INFO - Computing epoch 41 validation accuracy...
2023-04-05 14:21:34,777 - __main__ - INFO - Computing epoch 41 validation loss...
2023-04-05 14:21:38,337 - __main__ - INFO - [INFO] 2023-04-05 14:21:38.336946 Epoch [42/100] batch [1/391] loss 1.4502 lr 0.06394955530196152 acc 57.03% eta 0:38:06
2023-04-05 14:21:50,497 - __main__ - INFO - [INFO] 2023-04-05 14:21:50.496948 Epoch [42/100] batch [129/391] loss 1.7402 lr 0.06394955530196152 acc 52.34% eta 0:33:50
2023-04-05 14:22:02,547 - __main__ - INFO - [INFO] 2023-04-05 14:22:02.547253 Epoch [42/100] batch [257/391] loss 1.7246 lr 0.06394955530196152 acc 53.12% eta 0:33:29
2023-04-05 14:22:14,528 - __main__ - INFO - [INFO] 2023-04-05 14:22:14.528525 Epoch [42/100] batch [385/391] loss 1.5322 lr 0.06394955530196152 acc 49.22% eta 0:33:10
2023-04-05 14:22:15,123 - __main__ - INFO - Computing epoch 42 validation accuracy...
2023-04-05 14:22:18,707 - __main__ - INFO - Computing epoch 42 validation loss...
2023-04-05 14:22:22,025 - __main__ - INFO - [INFO] 2023-04-05 14:22:22.025679 Epoch [43/100] batch [1/391] loss 1.6885 lr 0.062434494358242776 acc 43.75% eta 0:35:36
2023-04-05 14:22:34,067 - __main__ - INFO - [INFO] 2023-04-05 14:22:34.067200 Epoch [43/100] batch [129/391] loss 1.2988 lr 0.062434494358242776 acc 57.81% eta 0:32:56
2023-04-05 14:22:46,387 - __main__ - INFO - [INFO] 2023-04-05 14:22:46.386691 Epoch [43/100] batch [257/391] loss 1.7451 lr 0.062434494358242776 acc 44.53% eta 0:33:06
2023-04-05 14:22:58,844 - __main__ - INFO - [INFO] 2023-04-05 14:22:58.844184 Epoch [43/100] batch [385/391] loss 1.7217 lr 0.062434494358242776 acc 45.31% eta 0:33:09
2023-04-05 14:22:59,395 - __main__ - INFO - Computing epoch 43 validation accuracy...
2023-04-05 14:23:02,734 - __main__ - INFO - Computing epoch 43 validation loss...
2023-04-05 14:23:06,226 - __main__ - INFO - [INFO] 2023-04-05 14:23:06.226592 Epoch [44/100] batch [1/391] loss 1.7988 lr 0.06090716206982718 acc 47.66% eta 0:48:48
2023-04-05 14:23:18,536 - __main__ - INFO - [INFO] 2023-04-05 14:23:18.536397 Epoch [44/100] batch [129/391] loss 1.6416 lr 0.06090716206982718 acc 53.91% eta 0:33:07
2023-04-05 14:23:30,574 - __main__ - INFO - [INFO] 2023-04-05 14:23:30.573991 Epoch [44/100] batch [257/391] loss 1.8291 lr 0.06090716206982718 acc 46.88% eta 0:32:32
2023-04-05 14:23:42,665 - __main__ - INFO - [INFO] 2023-04-05 14:23:42.665731 Epoch [44/100] batch [385/391] loss 1.8633 lr 0.06090716206982718 acc 46.09% eta 0:32:16
2023-04-05 14:23:43,212 - __main__ - INFO - Computing epoch 44 validation accuracy...
2023-04-05 14:23:46,578 - __main__ - INFO - Computing epoch 44 validation loss...
2023-04-05 14:23:50,230 - __main__ - INFO - [INFO] 2023-04-05 14:23:50.230759 Epoch [45/100] batch [1/391] loss 1.4326 lr 0.05936906572928628 acc 50.00% eta 0:36:46
2023-04-05 14:24:02,284 - __main__ - INFO - [INFO] 2023-04-05 14:24:02.284480 Epoch [45/100] batch [129/391] loss 1.5029 lr 0.05936906572928628 acc 50.78% eta 0:31:47
2023-04-05 14:24:14,500 - __main__ - INFO - [INFO] 2023-04-05 14:24:14.500737 Epoch [45/100] batch [257/391] loss 1.5732 lr 0.05936906572928628 acc 55.47% eta 0:31:48
2023-04-05 14:24:26,576 - __main__ - INFO - [INFO] 2023-04-05 14:24:26.576361 Epoch [45/100] batch [385/391] loss 1.7344 lr 0.05936906572928628 acc 53.12% eta 0:31:33
2023-04-05 14:24:27,110 - __main__ - INFO - Computing epoch 45 validation accuracy...
2023-04-05 14:24:30,357 - __main__ - INFO - Computing epoch 45 validation loss...
2023-04-05 14:24:34,088 - __main__ - INFO - [INFO] 2023-04-05 14:24:34.088015 Epoch [46/100] batch [1/391] loss 1.5742 lr 0.05782172325201159 acc 51.56% eta 0:34:49
2023-04-05 14:24:46,204 - __main__ - INFO - [INFO] 2023-04-05 14:24:46.204815 Epoch [46/100] batch [129/391] loss 1.5439 lr 0.05782172325201159 acc 60.94% eta 0:31:22
2023-04-05 14:24:58,212 - __main__ - INFO - [INFO] 2023-04-05 14:24:58.212120 Epoch [46/100] batch [257/391] loss 1.5732 lr 0.05782172325201159 acc 59.38% eta 0:31:03
2023-04-05 14:25:10,247 - __main__ - INFO - [INFO] 2023-04-05 14:25:10.247353 Epoch [46/100] batch [385/391] loss 1.6328 lr 0.05782172325201159 acc 51.56% eta 0:30:49
2023-04-05 14:25:10,800 - __main__ - INFO - Computing epoch 46 validation accuracy...
2023-04-05 14:25:13,996 - __main__ - INFO - Computing epoch 46 validation loss...
2023-04-05 14:25:17,437 - __main__ - INFO - [INFO] 2023-04-05 14:25:17.437470 Epoch [47/100] batch [1/391] loss 1.6123 lr 0.056266661678215264 acc 52.34% eta 0:35:04
2023-04-05 14:25:29,676 - __main__ - INFO - [INFO] 2023-04-05 14:25:29.676494 Epoch [47/100] batch [129/391] loss 1.5186 lr 0.056266661678215264 acc 53.12% eta 0:31:12
2023-04-05 14:25:41,648 - __main__ - INFO - [INFO] 2023-04-05 14:25:41.647946 Epoch [47/100] batch [257/391] loss 1.5801 lr 0.056266661678215264 acc 53.12% eta 0:30:40
2023-04-05 14:25:53,677 - __main__ - INFO - [INFO] 2023-04-05 14:25:53.677635 Epoch [47/100] batch [385/391] loss 1.5283 lr 0.056266661678215264 acc 57.03% eta 0:30:24
2023-04-05 14:25:54,268 - __main__ - INFO - Computing epoch 47 validation accuracy...
2023-04-05 14:25:57,466 - __main__ - INFO - Computing epoch 47 validation loss...
2023-04-05 14:26:00,799 - __main__ - INFO - [INFO] 2023-04-05 14:26:00.799787 Epoch [48/100] batch [1/391] loss 1.6113 lr 0.05470541566592575 acc 57.81% eta 0:31:42
2023-04-05 14:26:13,077 - __main__ - INFO - [INFO] 2023-04-05 14:26:13.077740 Epoch [48/100] batch [129/391] loss 1.5674 lr 0.05470541566592575 acc 50.78% eta 0:30:35
2023-04-05 14:26:25,337 - __main__ - INFO - [INFO] 2023-04-05 14:26:25.336845 Epoch [48/100] batch [257/391] loss 1.5098 lr 0.05470541566592575 acc 65.62% eta 0:30:23
2023-04-05 14:26:37,861 - __main__ - INFO - [INFO] 2023-04-05 14:26:37.861525 Epoch [48/100] batch [385/391] loss 1.5215 lr 0.05470541566592575 acc 53.91% eta 0:30:23
2023-04-05 14:26:38,410 - __main__ - INFO - Computing epoch 48 validation accuracy...
2023-04-05 14:26:41,647 - __main__ - INFO - Computing epoch 48 validation loss...
2023-04-05 14:26:45,128 - __main__ - INFO - [INFO] 2023-04-05 14:26:45.128463 Epoch [49/100] batch [1/391] loss 1.5928 lr 0.053139525976465714 acc 52.34% eta 0:31:34
2023-04-05 14:26:57,541 - __main__ - INFO - [INFO] 2023-04-05 14:26:57.541602 Epoch [49/100] batch [129/391] loss 1.7080 lr 0.053139525976465714 acc 53.91% eta 0:30:23
2023-04-05 14:27:09,702 - __main__ - INFO - [INFO] 2023-04-05 14:27:09.701541 Epoch [49/100] batch [257/391] loss 1.5283 lr 0.053139525976465714 acc 53.12% eta 0:29:55
2023-04-05 14:27:21,640 - __main__ - INFO - [INFO] 2023-04-05 14:27:21.640074 Epoch [49/100] batch [385/391] loss 1.5498 lr 0.053139525976465714 acc 57.81% eta 0:29:27
2023-04-05 14:27:22,193 - __main__ - INFO - Computing epoch 49 validation accuracy...
2023-04-05 14:27:25,479 - __main__ - INFO - Computing epoch 49 validation loss...
2023-04-05 14:27:28,923 - __main__ - INFO - [INFO] 2023-04-05 14:27:28.922858 Epoch [50/100] batch [1/391] loss 1.4482 lr 0.05157053795390645 acc 57.03% eta 0:31:55
2023-04-05 14:27:41,256 - __main__ - INFO - [INFO] 2023-04-05 14:27:41.256591 Epoch [50/100] batch [129/391] loss 1.3877 lr 0.05157053795390645 acc 50.78% eta 0:29:38
2023-04-05 14:27:53,040 - __main__ - INFO - [INFO] 2023-04-05 14:27:53.040551 Epoch [50/100] batch [257/391] loss 1.5234 lr 0.05157053795390645 acc 58.59% eta 0:28:49
2023-04-05 14:28:04,921 - __main__ - INFO - [INFO] 2023-04-05 14:28:04.921181 Epoch [50/100] batch [385/391] loss 1.5879 lr 0.05157053795390645 acc 56.25% eta 0:28:29
2023-04-05 14:28:05,468 - __main__ - INFO - Computing epoch 50 validation accuracy...
2023-04-05 14:28:08,689 - __main__ - INFO - Computing epoch 50 validation loss...
2023-04-05 14:28:12,020 - __main__ - INFO - [INFO] 2023-04-05 14:28:12.020800 Epoch [51/100] batch [1/391] loss 1.5312 lr 0.05000000000000004 acc 50.00% eta 0:29:40
2023-04-05 14:28:23,887 - __main__ - INFO - [INFO] 2023-04-05 14:28:23.887288 Epoch [51/100] batch [129/391] loss 1.2900 lr 0.05000000000000004 acc 66.41% eta 0:28:00
2023-04-05 14:28:35,843 - __main__ - INFO - [INFO] 2023-04-05 14:28:35.843681 Epoch [51/100] batch [257/391] loss 1.4375 lr 0.05000000000000004 acc 57.03% eta 0:27:54
2023-04-05 14:28:48,041 - __main__ - INFO - [INFO] 2023-04-05 14:28:48.041227 Epoch [51/100] batch [385/391] loss 1.4014 lr 0.05000000000000004 acc 54.69% eta 0:27:54
2023-04-05 14:28:48,572 - __main__ - INFO - Computing epoch 51 validation accuracy...
2023-04-05 14:28:51,793 - __main__ - INFO - Computing epoch 51 validation loss...
2023-04-05 14:28:55,099 - __main__ - INFO - [INFO] 2023-04-05 14:28:55.099331 Epoch [52/100] batch [1/391] loss 1.5811 lr 0.04842946204609362 acc 51.56% eta 0:29:28
2023-04-05 14:29:07,220 - __main__ - INFO - [INFO] 2023-04-05 14:29:07.220748 Epoch [52/100] batch [129/391] loss 1.6553 lr 0.04842946204609362 acc 50.78% eta 0:28:01
2023-04-05 14:29:19,212 - __main__ - INFO - [INFO] 2023-04-05 14:29:19.211961 Epoch [52/100] batch [257/391] loss 1.5684 lr 0.04842946204609362 acc 55.47% eta 0:27:39
2023-04-05 14:29:31,254 - __main__ - INFO - [INFO] 2023-04-05 14:29:31.254142 Epoch [52/100] batch [385/391] loss 1.5098 lr 0.04842946204609362 acc 50.00% eta 0:27:27
2023-04-05 14:29:31,806 - __main__ - INFO - Computing epoch 52 validation accuracy...
2023-04-05 14:29:35,035 - __main__ - INFO - Computing epoch 52 validation loss...
2023-04-05 14:29:38,410 - __main__ - INFO - [INFO] 2023-04-05 14:29:38.410807 Epoch [53/100] batch [1/391] loss 1.4248 lr 0.04686047402353437 acc 63.28% eta 0:28:41
2023-04-05 14:29:50,614 - __main__ - INFO - [INFO] 2023-04-05 14:29:50.614164 Epoch [53/100] batch [129/391] loss 1.6494 lr 0.04686047402353437 acc 58.59% eta 0:27:39
2023-04-05 14:30:02,737 - __main__ - INFO - [INFO] 2023-04-05 14:30:02.737633 Epoch [53/100] batch [257/391] loss 1.5635 lr 0.04686047402353437 acc 53.12% eta 0:27:22
2023-04-05 14:30:14,712 - __main__ - INFO - [INFO] 2023-04-05 14:30:14.711890 Epoch [53/100] batch [385/391] loss 1.4346 lr 0.04686047402353437 acc 60.16% eta 0:27:00
2023-04-05 14:30:15,298 - __main__ - INFO - Computing epoch 53 validation accuracy...
2023-04-05 14:30:18,586 - __main__ - INFO - Computing epoch 53 validation loss...
2023-04-05 14:30:21,908 - __main__ - INFO - [INFO] 2023-04-05 14:30:21.908256 Epoch [54/100] batch [1/391] loss 1.6904 lr 0.045294584334074316 acc 53.12% eta 0:29:05
2023-04-05 14:30:33,955 - __main__ - INFO - [INFO] 2023-04-05 14:30:33.955575 Epoch [54/100] batch [129/391] loss 1.6357 lr 0.045294584334074316 acc 52.34% eta 0:26:39
2023-04-05 14:30:46,229 - __main__ - INFO - [INFO] 2023-04-05 14:30:46.229337 Epoch [54/100] batch [257/391] loss 1.5830 lr 0.045294584334074316 acc 54.69% eta 0:26:44
2023-04-05 14:30:58,134 - __main__ - INFO - [INFO] 2023-04-05 14:30:58.134349 Epoch [54/100] batch [385/391] loss 1.7334 lr 0.045294584334074316 acc 50.78% eta 0:26:21
2023-04-05 14:30:58,694 - __main__ - INFO - Computing epoch 54 validation accuracy...
2023-04-05 14:31:01,960 - __main__ - INFO - Computing epoch 54 validation loss...
2023-04-05 14:31:05,332 - __main__ - INFO - [INFO] 2023-04-05 14:31:05.332458 Epoch [55/100] batch [1/391] loss 1.3350 lr 0.043733338321784825 acc 60.94% eta 0:28:36
2023-04-05 14:31:17,331 - __main__ - INFO - [INFO] 2023-04-05 14:31:17.331262 Epoch [55/100] batch [129/391] loss 1.5781 lr 0.043733338321784825 acc 52.34% eta 0:26:01
2023-04-05 14:31:29,434 - __main__ - INFO - [INFO] 2023-04-05 14:31:29.433822 Epoch [55/100] batch [257/391] loss 1.4736 lr 0.043733338321784825 acc 55.47% eta 0:25:55
2023-04-05 14:31:41,585 - __main__ - INFO - [INFO] 2023-04-05 14:31:41.585263 Epoch [55/100] batch [385/391] loss 1.4570 lr 0.043733338321784825 acc 56.25% eta 0:25:47
2023-04-05 14:31:42,129 - __main__ - INFO - Computing epoch 55 validation accuracy...
2023-04-05 14:31:45,420 - __main__ - INFO - Computing epoch 55 validation loss...
2023-04-05 14:31:48,710 - __main__ - INFO - [INFO] 2023-04-05 14:31:48.710267 Epoch [56/100] batch [1/391] loss 1.4102 lr 0.042178276747988484 acc 58.59% eta 0:27:09
2023-04-05 14:32:00,804 - __main__ - INFO - [INFO] 2023-04-05 14:32:00.804449 Epoch [56/100] batch [129/391] loss 1.3174 lr 0.042178276747988484 acc 57.03% eta 0:25:36
2023-04-05 14:32:13,087 - __main__ - INFO - [INFO] 2023-04-05 14:32:13.087608 Epoch [56/100] batch [257/391] loss 1.2715 lr 0.042178276747988484 acc 60.94% eta 0:25:36
2023-04-05 14:32:25,339 - __main__ - INFO - [INFO] 2023-04-05 14:32:25.339743 Epoch [56/100] batch [385/391] loss 1.4414 lr 0.042178276747988484 acc 59.38% eta 0:25:27
2023-04-05 14:32:25,907 - __main__ - INFO - Computing epoch 56 validation accuracy...
2023-04-05 14:32:29,254 - __main__ - INFO - Computing epoch 56 validation loss...
2023-04-05 14:32:32,819 - __main__ - INFO - [INFO] 2023-04-05 14:32:32.819669 Epoch [57/100] batch [1/391] loss 1.4365 lr 0.0406309342707138 acc 64.84% eta 0:26:58
2023-04-05 14:32:44,630 - __main__ - INFO - [INFO] 2023-04-05 14:32:44.630634 Epoch [57/100] batch [129/391] loss 1.4307 lr 0.0406309342707138 acc 59.38% eta 0:24:28
2023-04-05 14:32:56,495 - __main__ - INFO - [INFO] 2023-04-05 14:32:56.495243 Epoch [57/100] batch [257/391] loss 1.3984 lr 0.0406309342707138 acc 58.59% eta 0:24:20
2023-04-05 14:33:08,379 - __main__ - INFO - [INFO] 2023-04-05 14:33:08.379257 Epoch [57/100] batch [385/391] loss 1.6162 lr 0.0406309342707138 acc 52.34% eta 0:24:11
2023-04-05 14:33:08,918 - __main__ - INFO - Computing epoch 57 validation accuracy...
2023-04-05 14:33:12,218 - __main__ - INFO - Computing epoch 57 validation loss...
2023-04-05 14:33:15,673 - __main__ - INFO - [INFO] 2023-04-05 14:33:15.673266 Epoch [58/100] batch [1/391] loss 1.3691 lr 0.039092837930172916 acc 60.94% eta 0:26:53
2023-04-05 14:33:27,710 - __main__ - INFO - [INFO] 2023-04-05 14:33:27.710750 Epoch [58/100] batch [129/391] loss 1.7725 lr 0.039092837930172916 acc 52.34% eta 0:24:24
2023-04-05 14:33:39,616 - __main__ - INFO - [INFO] 2023-04-05 14:33:39.616698 Epoch [58/100] batch [257/391] loss 1.4570 lr 0.039092837930172916 acc 58.59% eta 0:24:04
2023-04-05 14:33:51,546 - __main__ - INFO - [INFO] 2023-04-05 14:33:51.546147 Epoch [58/100] batch [385/391] loss 1.5391 lr 0.039092837930172916 acc 55.47% eta 0:23:50
2023-04-05 14:33:52,071 - __main__ - INFO - Computing epoch 58 validation accuracy...
2023-04-05 14:33:55,359 - __main__ - INFO - Computing epoch 58 validation loss...
2023-04-05 14:33:59,062 - __main__ - INFO - [INFO] 2023-04-05 14:33:59.062634 Epoch [59/100] batch [1/391] loss 1.5059 lr 0.037565505641757285 acc 58.59% eta 0:29:38
2023-04-05 14:34:10,990 - __main__ - INFO - [INFO] 2023-04-05 14:34:10.990221 Epoch [59/100] batch [129/391] loss 1.5293 lr 0.037565505641757285 acc 61.72% eta 0:23:37
2023-04-05 14:34:22,868 - __main__ - INFO - [INFO] 2023-04-05 14:34:22.867913 Epoch [59/100] batch [257/391] loss 1.2617 lr 0.037565505641757285 acc 66.41% eta 0:23:22
2023-04-05 14:34:35,008 - __main__ - INFO - [INFO] 2023-04-05 14:34:35.008529 Epoch [59/100] batch [385/391] loss 1.4932 lr 0.037565505641757285 acc 57.81% eta 0:23:19
2023-04-05 14:34:35,553 - __main__ - INFO - Computing epoch 59 validation accuracy...
2023-04-05 14:34:38,935 - __main__ - INFO - Computing epoch 59 validation loss...
2023-04-05 14:34:42,288 - __main__ - INFO - [INFO] 2023-04-05 14:34:42.287828 Epoch [60/100] batch [1/391] loss 1.3857 lr 0.03605044469803857 acc 58.59% eta 0:24:40
2023-04-05 14:34:54,349 - __main__ - INFO - [INFO] 2023-04-05 14:34:54.348881 Epoch [60/100] batch [129/391] loss 1.3477 lr 0.03605044469803857 acc 60.16% eta 0:23:17
2023-04-05 14:35:06,494 - __main__ - INFO - [INFO] 2023-04-05 14:35:06.494111 Epoch [60/100] batch [257/391] loss 1.3848 lr 0.03605044469803857 acc 56.25% eta 0:23:10
2023-04-05 14:35:18,331 - __main__ - INFO - [INFO] 2023-04-05 14:35:18.331220 Epoch [60/100] batch [385/391] loss 1.2959 lr 0.03605044469803857 acc 61.72% eta 0:22:48
2023-04-05 14:35:18,882 - __main__ - INFO - Computing epoch 60 validation accuracy...
2023-04-05 14:35:22,150 - __main__ - INFO - Computing epoch 60 validation loss...
2023-04-05 14:35:25,443 - __main__ - INFO - [INFO] 2023-04-05 14:35:25.443263 Epoch [61/100] batch [1/391] loss 1.4258 lr 0.034549150281252675 acc 51.56% eta 0:23:25
2023-04-05 14:35:37,463 - __main__ - INFO - [INFO] 2023-04-05 14:35:37.463322 Epoch [61/100] batch [129/391] loss 1.3564 lr 0.034549150281252675 acc 55.47% eta 0:22:36
2023-04-05 14:35:49,345 - __main__ - INFO - [INFO] 2023-04-05 14:35:49.345591 Epoch [61/100] batch [257/391] loss 1.3965 lr 0.034549150281252675 acc 58.59% eta 0:22:18
2023-04-05 14:36:01,147 - __main__ - INFO - [INFO] 2023-04-05 14:36:01.146894 Epoch [61/100] batch [385/391] loss 1.5781 lr 0.034549150281252675 acc 53.12% eta 0:22:02
2023-04-05 14:36:01,697 - __main__ - INFO - Computing epoch 61 validation accuracy...
2023-04-05 14:36:05,175 - __main__ - INFO - Computing epoch 61 validation loss...
2023-04-05 14:36:08,482 - __main__ - INFO - [INFO] 2023-04-05 14:36:08.482189 Epoch [62/100] batch [1/391] loss 1.5742 lr 0.03306310398773546 acc 50.00% eta 0:23:30
2023-04-05 14:36:20,548 - __main__ - INFO - [INFO] 2023-04-05 14:36:20.548535 Epoch [62/100] batch [129/391] loss 1.5508 lr 0.03306310398773546 acc 56.25% eta 0:22:11
2023-04-05 14:36:32,664 - __main__ - INFO - [INFO] 2023-04-05 14:36:32.664522 Epoch [62/100] batch [257/391] loss 1.6094 lr 0.03306310398773546 acc 58.59% eta 0:22:00
2023-04-05 14:36:44,746 - __main__ - INFO - [INFO] 2023-04-05 14:36:44.746198 Epoch [62/100] batch [385/391] loss 1.5820 lr 0.03306310398773546 acc 52.34% eta 0:21:48
2023-04-05 14:36:45,290 - __main__ - INFO - Computing epoch 62 validation accuracy...
2023-04-05 14:36:48,966 - __main__ - INFO - Computing epoch 62 validation loss...
2023-04-05 14:36:52,311 - __main__ - INFO - [INFO] 2023-04-05 14:36:52.311003 Epoch [63/100] batch [1/391] loss 1.2852 lr 0.031593772365766146 acc 62.50% eta 0:22:48
2023-04-05 14:37:04,101 - __main__ - INFO - [INFO] 2023-04-05 14:37:04.101147 Epoch [63/100] batch [129/391] loss 1.5645 lr 0.031593772365766146 acc 58.59% eta 0:21:04
2023-04-05 14:37:16,154 - __main__ - INFO - [INFO] 2023-04-05 14:37:16.154491 Epoch [63/100] batch [257/391] loss 1.4961 lr 0.031593772365766146 acc 58.59% eta 0:21:08
2023-04-05 14:37:28,631 - __main__ - INFO - [INFO] 2023-04-05 14:37:28.631307 Epoch [63/100] batch [385/391] loss 1.4863 lr 0.031593772365766146 acc 53.91% eta 0:21:15
2023-04-05 14:37:29,175 - __main__ - INFO - Computing epoch 63 validation accuracy...
2023-04-05 14:37:32,452 - __main__ - INFO - Computing epoch 63 validation loss...
2023-04-05 14:37:35,831 - __main__ - INFO - [INFO] 2023-04-05 14:37:35.831489 Epoch [64/100] batch [1/391] loss 1.3672 lr 0.030142605468260992 acc 57.81% eta 0:30:53
2023-04-05 14:37:47,987 - __main__ - INFO - [INFO] 2023-04-05 14:37:47.987564 Epoch [64/100] batch [129/391] loss 1.5586 lr 0.030142605468260992 acc 56.25% eta 0:21:14
2023-04-05 14:38:00,224 - __main__ - INFO - [INFO] 2023-04-05 14:38:00.224007 Epoch [64/100] batch [257/391] loss 1.5479 lr 0.030142605468260992 acc 59.38% eta 0:21:03
2023-04-05 14:38:12,474 - __main__ - INFO - [INFO] 2023-04-05 14:38:12.474468 Epoch [64/100] batch [385/391] loss 1.2471 lr 0.030142605468260992 acc 61.72% eta 0:20:52
2023-04-05 14:38:13,007 - __main__ - INFO - Computing epoch 64 validation accuracy...
2023-04-05 14:38:16,191 - __main__ - INFO - Computing epoch 64 validation loss...
2023-04-05 14:38:19,526 - __main__ - INFO - [INFO] 2023-04-05 14:38:19.526413 Epoch [65/100] batch [1/391] loss 1.2451 lr 0.028711035421746394 acc 64.84% eta 0:21:41
2023-04-05 14:38:31,400 - __main__ - INFO - [INFO] 2023-04-05 14:38:31.400629 Epoch [65/100] batch [129/391] loss 1.5107 lr 0.028711035421746394 acc 59.38% eta 0:20:07
2023-04-05 14:38:43,725 - __main__ - INFO - [INFO] 2023-04-05 14:38:43.725369 Epoch [65/100] batch [257/391] loss 1.2549 lr 0.028711035421746394 acc 63.28% eta 0:20:18
2023-04-05 14:38:55,570 - __main__ - INFO - [INFO] 2023-04-05 14:38:55.570602 Epoch [65/100] batch [385/391] loss 1.3164 lr 0.028711035421746394 acc 59.38% eta 0:19:57
2023-04-05 14:38:56,107 - __main__ - INFO - Computing epoch 65 validation accuracy...
2023-04-05 14:38:59,351 - __main__ - INFO - Computing epoch 65 validation loss...
2023-04-05 14:39:02,731 - __main__ - INFO - [INFO] 2023-04-05 14:39:02.731138 Epoch [66/100] batch [1/391] loss 1.2305 lr 0.027300475013022688 acc 65.62% eta 0:21:40
2023-04-05 14:39:14,704 - __main__ - INFO - [INFO] 2023-04-05 14:39:14.704402 Epoch [66/100] batch [129/391] loss 1.2236 lr 0.027300475013022688 acc 66.41% eta 0:19:43
2023-04-05 14:39:26,694 - __main__ - INFO - [INFO] 2023-04-05 14:39:26.694357 Epoch [66/100] batch [257/391] loss 1.2539 lr 0.027300475013022688 acc 69.53% eta 0:19:32
2023-04-05 14:39:38,681 - __main__ - INFO - [INFO] 2023-04-05 14:39:38.680933 Epoch [66/100] batch [385/391] loss 1.2334 lr 0.027300475013022688 acc 65.62% eta 0:19:20
2023-04-05 14:39:39,217 - __main__ - INFO - Computing epoch 66 validation accuracy...
2023-04-05 14:39:42,446 - __main__ - INFO - Computing epoch 66 validation loss...
2023-04-05 14:39:45,821 - __main__ - INFO - [INFO] 2023-04-05 14:39:45.821781 Epoch [67/100] batch [1/391] loss 1.3691 lr 0.025912316294914254 acc 64.84% eta 0:21:48
2023-04-05 14:39:57,779 - __main__ - INFO - [INFO] 2023-04-05 14:39:57.779775 Epoch [67/100] batch [129/391] loss 1.5469 lr 0.025912316294914254 acc 55.47% eta 0:19:08
2023-04-05 14:40:09,837 - __main__ - INFO - [INFO] 2023-04-05 14:40:09.837354 Epoch [67/100] batch [257/391] loss 1.1846 lr 0.025912316294914254 acc 66.41% eta 0:19:00
2023-04-05 14:40:21,979 - __main__ - INFO - [INFO] 2023-04-05 14:40:21.979704 Epoch [67/100] batch [385/391] loss 1.1709 lr 0.025912316294914254 acc 62.50% eta 0:18:52
2023-04-05 14:40:22,531 - __main__ - INFO - Computing epoch 67 validation accuracy...
2023-04-05 14:40:25,740 - __main__ - INFO - Computing epoch 67 validation loss...
2023-04-05 14:40:29,160 - __main__ - INFO - [INFO] 2023-04-05 14:40:29.160208 Epoch [68/100] batch [1/391] loss 1.2559 lr 0.02454792921248146 acc 66.41% eta 0:21:08
2023-04-05 14:40:41,053 - __main__ - INFO - [INFO] 2023-04-05 14:40:41.053484 Epoch [68/100] batch [129/391] loss 1.1602 lr 0.02454792921248146 acc 71.09% eta 0:18:26
2023-04-05 14:40:53,059 - __main__ - INFO - [INFO] 2023-04-05 14:40:53.059467 Epoch [68/100] batch [257/391] loss 1.2617 lr 0.02454792921248146 acc 64.06% eta 0:18:20
2023-04-05 14:41:05,241 - __main__ - INFO - [INFO] 2023-04-05 14:41:05.241512 Epoch [68/100] batch [385/391] loss 1.3105 lr 0.02454792921248146 acc 67.19% eta 0:18:16
2023-04-05 14:41:05,815 - __main__ - INFO - Computing epoch 68 validation accuracy...
2023-04-05 14:41:09,223 - __main__ - INFO - Computing epoch 68 validation loss...
2023-04-05 14:41:12,581 - __main__ - INFO - [INFO] 2023-04-05 14:41:12.581279 Epoch [69/100] batch [1/391] loss 1.3271 lr 0.02320866025105018 acc 62.50% eta 0:19:25
2023-04-05 14:41:24,552 - __main__ - INFO - [INFO] 2023-04-05 14:41:24.552485 Epoch [69/100] batch [129/391] loss 1.2627 lr 0.02320866025105018 acc 64.84% eta 0:18:02
2023-04-05 14:41:36,758 - __main__ - INFO - [INFO] 2023-04-05 14:41:36.758712 Epoch [69/100] batch [257/391] loss 1.2832 lr 0.02320866025105018 acc 57.81% eta 0:18:00
2023-04-05 14:41:48,637 - __main__ - INFO - [INFO] 2023-04-05 14:41:48.637353 Epoch [69/100] batch [385/391] loss 1.4873 lr 0.02320866025105018 acc 58.59% eta 0:17:41
2023-04-05 14:41:49,173 - __main__ - INFO - Computing epoch 69 validation accuracy...
2023-04-05 14:41:52,398 - __main__ - INFO - Computing epoch 69 validation loss...
2023-04-05 14:41:55,923 - __main__ - INFO - [INFO] 2023-04-05 14:41:55.923182 Epoch [70/100] batch [1/391] loss 1.2520 lr 0.021895831107393487 acc 58.59% eta 0:18:13
2023-04-05 14:42:08,111 - __main__ - INFO - [INFO] 2023-04-05 14:42:08.111024 Epoch [70/100] batch [129/391] loss 1.3086 lr 0.021895831107393487 acc 62.50% eta 0:17:46
2023-04-05 14:42:20,115 - __main__ - INFO - [INFO] 2023-04-05 14:42:20.115194 Epoch [70/100] batch [257/391] loss 1.0762 lr 0.021895831107393487 acc 70.31% eta 0:17:25
2023-04-05 14:42:32,221 - __main__ - INFO - [INFO] 2023-04-05 14:42:32.220856 Epoch [70/100] batch [385/391] loss 1.1787 lr 0.021895831107393487 acc 65.62% eta 0:17:13
2023-04-05 14:42:32,768 - __main__ - INFO - Computing epoch 70 validation accuracy...
2023-04-05 14:42:36,034 - __main__ - INFO - Computing epoch 70 validation loss...
2023-04-05 14:42:39,398 - __main__ - INFO - [INFO] 2023-04-05 14:42:39.398707 Epoch [71/100] batch [1/391] loss 1.0723 lr 0.02061073738537637 acc 66.41% eta 0:18:26
2023-04-05 14:42:51,685 - __main__ - INFO - [INFO] 2023-04-05 14:42:51.684844 Epoch [71/100] batch [129/391] loss 1.1045 lr 0.02061073738537637 acc 71.09% eta 0:17:17
2023-04-05 14:43:03,915 - __main__ - INFO - [INFO] 2023-04-05 14:43:03.915306 Epoch [71/100] batch [257/391] loss 1.3330 lr 0.02061073738537637 acc 64.84% eta 0:17:03
2023-04-05 14:43:15,946 - __main__ - INFO - [INFO] 2023-04-05 14:43:15.946440 Epoch [71/100] batch [385/391] loss 1.2900 lr 0.02061073738537637 acc 62.50% eta 0:16:45
2023-04-05 14:43:16,496 - __main__ - INFO - Computing epoch 71 validation accuracy...
2023-04-05 14:43:19,682 - __main__ - INFO - Computing epoch 71 validation loss...
2023-04-05 14:43:23,079 - __main__ - INFO - [INFO] 2023-04-05 14:43:23.078867 Epoch [72/100] batch [1/391] loss 1.2500 lr 0.01935464731735119 acc 64.06% eta 0:19:13
2023-04-05 14:43:35,174 - __main__ - INFO - [INFO] 2023-04-05 14:43:35.174310 Epoch [72/100] batch [129/391] loss 1.0537 lr 0.01935464731735119 acc 72.66% eta 0:16:26
2023-04-05 14:43:47,326 - __main__ - INFO - [INFO] 2023-04-05 14:43:47.326359 Epoch [72/100] batch [257/391] loss 1.2061 lr 0.01935464731735119 acc 69.53% eta 0:16:17
2023-04-05 14:43:59,576 - __main__ - INFO - [INFO] 2023-04-05 14:43:59.576825 Epoch [72/100] batch [385/391] loss 1.3418 lr 0.01935464731735119 acc 60.16% eta 0:16:09
2023-04-05 14:44:00,115 - __main__ - INFO - Computing epoch 72 validation accuracy...
2023-04-05 14:44:03,417 - __main__ - INFO - Computing epoch 72 validation loss...
2023-04-05 14:44:06,773 - __main__ - INFO - [INFO] 2023-04-05 14:44:06.772986 Epoch [73/100] batch [1/391] loss 1.2510 lr 0.018128800512565532 acc 60.16% eta 0:18:02
2023-04-05 14:44:18,935 - __main__ - INFO - [INFO] 2023-04-05 14:44:18.935203 Epoch [73/100] batch [129/391] loss 1.0869 lr 0.018128800512565532 acc 67.19% eta 0:15:59
2023-04-05 14:44:31,174 - __main__ - INFO - [INFO] 2023-04-05 14:44:31.174235 Epoch [73/100] batch [257/391] loss 1.0664 lr 0.018128800512565532 acc 68.75% eta 0:15:49
2023-04-05 14:44:43,307 - __main__ - INFO - [INFO] 2023-04-05 14:44:43.307522 Epoch [73/100] batch [385/391] loss 1.3428 lr 0.018128800512565532 acc 59.38% eta 0:15:36
2023-04-05 14:44:43,839 - __main__ - INFO - Computing epoch 73 validation accuracy...
2023-04-05 14:44:47,108 - __main__ - INFO - Computing epoch 73 validation loss...
2023-04-05 14:44:50,467 - __main__ - INFO - [INFO] 2023-04-05 14:44:50.467275 Epoch [74/100] batch [1/391] loss 1.2764 lr 0.016934406733817433 acc 57.81% eta 0:17:41
2023-04-05 14:45:02,680 - __main__ - INFO - [INFO] 2023-04-05 14:45:02.680626 Epoch [74/100] batch [129/391] loss 1.1904 lr 0.016934406733817433 acc 70.31% eta 0:15:26
2023-04-05 14:45:14,836 - __main__ - INFO - [INFO] 2023-04-05 14:45:14.836750 Epoch [74/100] batch [257/391] loss 1.1631 lr 0.016934406733817433 acc 67.97% eta 0:15:12
2023-04-05 14:45:27,060 - __main__ - INFO - [INFO] 2023-04-05 14:45:27.060175 Epoch [74/100] batch [385/391] loss 1.3857 lr 0.016934406733817433 acc 60.94% eta 0:15:00
2023-04-05 14:45:27,612 - __main__ - INFO - Computing epoch 74 validation accuracy...
2023-04-05 14:45:30,850 - __main__ - INFO - Computing epoch 74 validation loss...
2023-04-05 14:45:34,356 - __main__ - INFO - [INFO] 2023-04-05 14:45:34.356800 Epoch [75/100] batch [1/391] loss 1.1230 lr 0.01577264470356558 acc 66.41% eta 0:15:48
2023-04-05 14:45:46,283 - __main__ - INFO - [INFO] 2023-04-05 14:45:46.282944 Epoch [75/100] batch [129/391] loss 1.1162 lr 0.01577264470356558 acc 68.75% eta 0:14:32
2023-04-05 14:45:58,337 - __main__ - INFO - [INFO] 2023-04-05 14:45:58.337183 Epoch [75/100] batch [257/391] loss 1.3818 lr 0.01577264470356558 acc 57.03% eta 0:14:24
2023-04-05 14:46:10,439 - __main__ - INFO - [INFO] 2023-04-05 14:46:10.439544 Epoch [75/100] batch [385/391] loss 1.2334 lr 0.01577264470356558 acc 72.66% eta 0:14:15
2023-04-05 14:46:11,011 - __main__ - INFO - Computing epoch 75 validation accuracy...
2023-04-05 14:46:14,220 - __main__ - INFO - Computing epoch 75 validation loss...
2023-04-05 14:46:17,622 - __main__ - INFO - [INFO] 2023-04-05 14:46:17.622618 Epoch [76/100] batch [1/391] loss 1.4414 lr 0.014644660940672643 acc 57.03% eta 0:15:59
2023-04-05 14:46:29,823 - __main__ - INFO - [INFO] 2023-04-05 14:46:29.823278 Epoch [76/100] batch [129/391] loss 1.1895 lr 0.014644660940672643 acc 66.41% eta 0:14:16
2023-04-05 14:46:42,121 - __main__ - INFO - [INFO] 2023-04-05 14:46:42.121140 Epoch [76/100] batch [257/391] loss 1.5811 lr 0.014644660940672643 acc 61.72% eta 0:14:08
2023-04-05 14:46:54,132 - __main__ - INFO - [INFO] 2023-04-05 14:46:54.132110 Epoch [76/100] batch [385/391] loss 1.3457 lr 0.014644660940672643 acc 64.84% eta 0:13:51
2023-04-05 14:46:54,664 - __main__ - INFO - Computing epoch 76 validation accuracy...
2023-04-05 14:46:57,946 - __main__ - INFO - Computing epoch 76 validation loss...
2023-04-05 14:47:01,298 - __main__ - INFO - [INFO] 2023-04-05 14:47:01.298291 Epoch [77/100] batch [1/391] loss 0.8999 lr 0.013551568628929448 acc 71.88% eta 0:14:14
2023-04-05 14:47:13,216 - __main__ - INFO - [INFO] 2023-04-05 14:47:13.215860 Epoch [77/100] batch [129/391] loss 1.0537 lr 0.013551568628929448 acc 74.22% eta 0:13:21
2023-04-05 14:47:25,625 - __main__ - INFO - [INFO] 2023-04-05 14:47:25.625783 Epoch [77/100] batch [257/391] loss 1.2256 lr 0.013551568628929448 acc 71.09% eta 0:13:26
2023-04-05 14:47:37,747 - __main__ - INFO - [INFO] 2023-04-05 14:47:37.746838 Epoch [77/100] batch [385/391] loss 1.2656 lr 0.013551568628929448 acc 64.84% eta 0:13:15
2023-04-05 14:47:38,281 - __main__ - INFO - Computing epoch 77 validation accuracy...
2023-04-05 14:47:41,520 - __main__ - INFO - Computing epoch 77 validation loss...
2023-04-05 14:47:44,869 - __main__ - INFO - [INFO] 2023-04-05 14:47:44.869683 Epoch [78/100] batch [1/391] loss 1.1475 lr 0.012494446518477033 acc 68.75% eta 0:13:52
2023-04-05 14:47:56,826 - __main__ - INFO - [INFO] 2023-04-05 14:47:56.826080 Epoch [78/100] batch [129/391] loss 0.9077 lr 0.012494446518477033 acc 70.31% eta 0:12:50
2023-04-05 14:48:08,871 - __main__ - INFO - [INFO] 2023-04-05 14:48:08.870937 Epoch [78/100] batch [257/391] loss 1.1738 lr 0.012494446518477033 acc 68.75% eta 0:12:42
2023-04-05 14:48:20,968 - __main__ - INFO - [INFO] 2023-04-05 14:48:20.968531 Epoch [78/100] batch [385/391] loss 1.0635 lr 0.012494446518477033 acc 70.31% eta 0:12:33
2023-04-05 14:48:21,507 - __main__ - INFO - Computing epoch 78 validation accuracy...
2023-04-05 14:48:24,935 - __main__ - INFO - Computing epoch 78 validation loss...
2023-04-05 14:48:28,243 - __main__ - INFO - [INFO] 2023-04-05 14:48:28.243049 Epoch [79/100] batch [1/391] loss 1.0977 lr 0.011474337861210555 acc 71.09% eta 0:12:58
2023-04-05 14:48:40,202 - __main__ - INFO - [INFO] 2023-04-05 14:48:40.202463 Epoch [79/100] batch [129/391] loss 1.1084 lr 0.011474337861210555 acc 71.88% eta 0:12:18
2023-04-05 14:48:52,281 - __main__ - INFO - [INFO] 2023-04-05 14:48:52.281715 Epoch [79/100] batch [257/391] loss 1.1846 lr 0.011474337861210555 acc 73.44% eta 0:12:10
2023-04-05 14:49:04,411 - __main__ - INFO - [INFO] 2023-04-05 14:49:04.411523 Epoch [79/100] batch [385/391] loss 1.2080 lr 0.011474337861210555 acc 70.31% eta 0:12:00
2023-04-05 14:49:04,968 - __main__ - INFO - Computing epoch 79 validation accuracy...
2023-04-05 14:49:08,299 - __main__ - INFO - Computing epoch 79 validation loss...
2023-04-05 14:49:11,729 - __main__ - INFO - [INFO] 2023-04-05 14:49:11.729660 Epoch [80/100] batch [1/391] loss 1.2119 lr 0.01049224938121549 acc 63.28% eta 0:13:36
2023-04-05 14:49:23,682 - __main__ - INFO - [INFO] 2023-04-05 14:49:23.682230 Epoch [80/100] batch [129/391] loss 0.9253 lr 0.01049224938121549 acc 75.00% eta 0:11:43
2023-04-05 14:49:35,871 - __main__ - INFO - [INFO] 2023-04-05 14:49:35.871428 Epoch [80/100] batch [257/391] loss 1.0049 lr 0.01049224938121549 acc 75.00% eta 0:11:38
2023-04-05 14:49:47,871 - __main__ - INFO - [INFO] 2023-04-05 14:49:47.871545 Epoch [80/100] batch [385/391] loss 1.1787 lr 0.01049224938121549 acc 69.53% eta 0:11:25
2023-04-05 14:49:48,415 - __main__ - INFO - Computing epoch 80 validation accuracy...
2023-04-05 14:49:51,568 - __main__ - INFO - Computing epoch 80 validation loss...
2023-04-05 14:49:54,982 - __main__ - INFO - [INFO] 2023-04-05 14:49:54.982773 Epoch [81/100] batch [1/391] loss 0.8804 lr 0.009549150281252642 acc 77.34% eta 0:12:41
2023-04-05 14:50:07,128 - __main__ - INFO - [INFO] 2023-04-05 14:50:07.128359 Epoch [81/100] batch [129/391] loss 1.0488 lr 0.009549150281252642 acc 72.66% eta 0:11:19
2023-04-05 14:50:19,255 - __main__ - INFO - [INFO] 2023-04-05 14:50:19.254971 Epoch [81/100] batch [257/391] loss 1.2207 lr 0.009549150281252642 acc 66.41% eta 0:11:07
2023-04-05 14:50:31,359 - __main__ - INFO - [INFO] 2023-04-05 14:50:31.359699 Epoch [81/100] batch [385/391] loss 1.0400 lr 0.009549150281252642 acc 74.22% eta 0:10:55
2023-04-05 14:50:31,925 - __main__ - INFO - Computing epoch 81 validation accuracy...
2023-04-05 14:50:35,224 - __main__ - INFO - Computing epoch 81 validation loss...
2023-04-05 14:50:38,600 - __main__ - INFO - [INFO] 2023-04-05 14:50:38.599919 Epoch [82/100] batch [1/391] loss 0.9761 lr 0.008645971286271922 acc 73.44% eta 0:11:59
2023-04-05 14:50:50,583 - __main__ - INFO - [INFO] 2023-04-05 14:50:50.583326 Epoch [82/100] batch [129/391] loss 1.1680 lr 0.008645971286271922 acc 68.75% eta 0:10:36
2023-04-05 14:51:02,658 - __main__ - INFO - [INFO] 2023-04-05 14:51:02.657917 Epoch [82/100] batch [257/391] loss 1.0498 lr 0.008645971286271922 acc 70.31% eta 0:10:27
2023-04-05 14:51:14,581 - __main__ - INFO - [INFO] 2023-04-05 14:51:14.580853 Epoch [82/100] batch [385/391] loss 0.8101 lr 0.008645971286271922 acc 71.09% eta 0:10:14
2023-04-05 14:51:15,131 - __main__ - INFO - Computing epoch 82 validation accuracy...
2023-04-05 14:51:18,369 - __main__ - INFO - Computing epoch 82 validation loss...
2023-04-05 14:51:21,806 - __main__ - INFO - [INFO] 2023-04-05 14:51:21.806700 Epoch [83/100] batch [1/391] loss 0.9678 lr 0.007783603724899264 acc 69.53% eta 0:11:20
2023-04-05 14:51:33,920 - __main__ - INFO - [INFO] 2023-04-05 14:51:33.919861 Epoch [83/100] batch [129/391] loss 0.9126 lr 0.007783603724899264 acc 78.12% eta 0:10:08
2023-04-05 14:51:46,090 - __main__ - INFO - [INFO] 2023-04-05 14:51:46.089916 Epoch [83/100] batch [257/391] loss 1.1104 lr 0.007783603724899264 acc 67.97% eta 0:09:58
2023-04-05 14:51:58,213 - __main__ - INFO - [INFO] 2023-04-05 14:51:58.213301 Epoch [83/100] batch [385/391] loss 1.0459 lr 0.007783603724899264 acc 71.09% eta 0:09:46
2023-04-05 14:51:58,761 - __main__ - INFO - Computing epoch 83 validation accuracy...
2023-04-05 14:52:01,978 - __main__ - INFO - Computing epoch 83 validation loss...
2023-04-05 14:52:05,383 - __main__ - INFO - [INFO] 2023-04-05 14:52:05.383571 Epoch [84/100] batch [1/391] loss 0.8564 lr 0.006962898649802819 acc 76.56% eta 0:11:08
2023-04-05 14:52:17,382 - __main__ - INFO - [INFO] 2023-04-05 14:52:17.382575 Epoch [84/100] batch [129/391] loss 1.1494 lr 0.006962898649802819 acc 69.53% eta 0:09:30
2023-04-05 14:52:29,676 - __main__ - INFO - [INFO] 2023-04-05 14:52:29.676181 Epoch [84/100] batch [257/391] loss 0.9331 lr 0.006962898649802819 acc 71.09% eta 0:09:24
2023-04-05 14:52:41,601 - __main__ - INFO - [INFO] 2023-04-05 14:52:41.601318 Epoch [84/100] batch [385/391] loss 0.8076 lr 0.006962898649802819 acc 78.12% eta 0:09:10
2023-04-05 14:52:42,146 - __main__ - INFO - Computing epoch 84 validation accuracy...
2023-04-05 14:52:45,358 - __main__ - INFO - Computing epoch 84 validation loss...
2023-04-05 14:52:48,762 - __main__ - INFO - [INFO] 2023-04-05 14:52:48.762230 Epoch [85/100] batch [1/391] loss 1.1846 lr 0.0061846659978068265 acc 64.06% eta 0:10:53
2023-04-05 14:53:00,947 - __main__ - INFO - [INFO] 2023-04-05 14:53:00.947160 Epoch [85/100] batch [129/391] loss 0.8203 lr 0.0061846659978068265 acc 71.09% eta 0:09:04
2023-04-05 14:53:13,305 - __main__ - INFO - [INFO] 2023-04-05 14:53:13.305162 Epoch [85/100] batch [257/391] loss 0.8223 lr 0.0061846659978068265 acc 81.25% eta 0:08:55
2023-04-05 14:53:25,296 - __main__ - INFO - [INFO] 2023-04-05 14:53:25.296215 Epoch [85/100] batch [385/391] loss 1.1611 lr 0.0061846659978068265 acc 66.41% eta 0:08:40
2023-04-05 14:53:25,851 - __main__ - INFO - Computing epoch 85 validation accuracy...
2023-04-05 14:53:29,163 - __main__ - INFO - Computing epoch 85 validation loss...
2023-04-05 14:53:32,530 - __main__ - INFO - [INFO] 2023-04-05 14:53:32.530660 Epoch [86/100] batch [1/391] loss 1.2158 lr 0.005449673790581615 acc 64.06% eta 0:09:34
2023-04-05 14:53:44,510 - __main__ - INFO - [INFO] 2023-04-05 14:53:44.510533 Epoch [86/100] batch [129/391] loss 1.0156 lr 0.005449673790581615 acc 75.78% eta 0:08:19
2023-04-05 14:53:56,752 - __main__ - INFO - [INFO] 2023-04-05 14:53:56.752724 Epoch [86/100] batch [257/391] loss 0.9443 lr 0.005449673790581615 acc 78.12% eta 0:08:13
2023-04-05 14:54:08,825 - __main__ - INFO - [INFO] 2023-04-05 14:54:08.824995 Epoch [86/100] batch [385/391] loss 0.7695 lr 0.005449673790581615 acc 80.47% eta 0:08:02
2023-04-05 14:54:09,386 - __main__ - INFO - Computing epoch 86 validation accuracy...
2023-04-05 14:54:12,590 - __main__ - INFO - Computing epoch 86 validation loss...
2023-04-05 14:54:16,081 - __main__ - INFO - [INFO] 2023-04-05 14:54:16.081216 Epoch [87/100] batch [1/391] loss 1.0156 lr 0.004758647376699036 acc 76.56% eta 0:08:14
2023-04-05 14:54:28,045 - __main__ - INFO - [INFO] 2023-04-05 14:54:28.044950 Epoch [87/100] batch [129/391] loss 0.9980 lr 0.004758647376699036 acc 69.53% eta 0:07:45
2023-04-05 14:54:40,110 - __main__ - INFO - [INFO] 2023-04-05 14:54:40.109926 Epoch [87/100] batch [257/391] loss 1.0400 lr 0.004758647376699036 acc 72.66% eta 0:07:36
2023-04-05 14:54:51,937 - __main__ - INFO - [INFO] 2023-04-05 14:54:51.936889 Epoch [87/100] batch [385/391] loss 1.2559 lr 0.004758647376699036 acc 69.53% eta 0:07:22
2023-04-05 14:54:52,484 - __main__ - INFO - Computing epoch 87 validation accuracy...
2023-04-05 14:54:55,815 - __main__ - INFO - Computing epoch 87 validation loss...
2023-04-05 14:54:59,173 - __main__ - INFO - [INFO] 2023-04-05 14:54:59.173526 Epoch [88/100] batch [1/391] loss 0.8213 lr 0.004112268715800957 acc 82.03% eta 0:08:02
2023-04-05 14:55:11,518 - __main__ - INFO - [INFO] 2023-04-05 14:55:11.518727 Epoch [88/100] batch [129/391] loss 0.8867 lr 0.004112268715800957 acc 77.34% eta 0:07:25
2023-04-05 14:55:23,293 - __main__ - INFO - [INFO] 2023-04-05 14:55:23.293672 Epoch [88/100] batch [257/391] loss 0.9717 lr 0.004112268715800957 acc 77.34% eta 0:07:03
2023-04-05 14:55:35,409 - __main__ - INFO - [INFO] 2023-04-05 14:55:35.409508 Epoch [88/100] batch [385/391] loss 0.9175 lr 0.004112268715800957 acc 80.47% eta 0:06:52
2023-04-05 14:55:35,965 - __main__ - INFO - Computing epoch 88 validation accuracy...
2023-04-05 14:55:39,148 - __main__ - INFO - Computing epoch 88 validation loss...
2023-04-05 14:55:42,586 - __main__ - INFO - [INFO] 2023-04-05 14:55:42.586691 Epoch [89/100] batch [1/391] loss 1.1494 lr 0.003511175705587435 acc 66.41% eta 0:07:48
2023-04-05 14:55:54,597 - __main__ - INFO - [INFO] 2023-04-05 14:55:54.596841 Epoch [89/100] batch [129/391] loss 0.7915 lr 0.003511175705587435 acc 80.47% eta 0:06:40
2023-04-05 14:56:07,128 - __main__ - INFO - [INFO] 2023-04-05 14:56:07.128738 Epoch [89/100] batch [257/391] loss 0.8765 lr 0.003511175705587435 acc 80.47% eta 0:06:35
2023-04-05 14:56:19,067 - __main__ - INFO - [INFO] 2023-04-05 14:56:19.067671 Epoch [89/100] batch [385/391] loss 0.7598 lr 0.003511175705587435 acc 78.91% eta 0:06:20
2023-04-05 14:56:19,626 - __main__ - INFO - Computing epoch 89 validation accuracy...
2023-04-05 14:56:22,862 - __main__ - INFO - Computing epoch 89 validation loss...
2023-04-05 14:56:26,215 - __main__ - INFO - [INFO] 2023-04-05 14:56:26.214868 Epoch [90/100] batch [1/391] loss 0.9565 lr 0.0029559615522887295 acc 75.78% eta 0:06:34
2023-04-05 14:56:38,576 - __main__ - INFO - [INFO] 2023-04-05 14:56:38.575940 Epoch [90/100] batch [129/391] loss 0.9619 lr 0.0029559615522887295 acc 75.00% eta 0:06:15
2023-04-05 14:56:50,540 - __main__ - INFO - [INFO] 2023-04-05 14:56:50.540374 Epoch [90/100] batch [257/391] loss 0.7393 lr 0.0029559615522887295 acc 77.34% eta 0:05:57
2023-04-05 14:57:02,667 - __main__ - INFO - [INFO] 2023-04-05 14:57:02.667466 Epoch [90/100] batch [385/391] loss 0.8750 lr 0.0029559615522887295 acc 76.56% eta 0:05:45
2023-04-05 14:57:03,252 - __main__ - INFO - Computing epoch 90 validation accuracy...
2023-04-05 14:57:06,438 - __main__ - INFO - Computing epoch 90 validation loss...
2023-04-05 14:57:09,711 - __main__ - INFO - [INFO] 2023-04-05 14:57:09.711150 Epoch [91/100] batch [1/391] loss 0.8691 lr 0.0024471741852423253 acc 74.22% eta 0:06:44
2023-04-05 14:57:21,890 - __main__ - INFO - [INFO] 2023-04-05 14:57:21.890205 Epoch [91/100] batch [129/391] loss 0.9800 lr 0.0024471741852423253 acc 71.88% eta 0:05:35
2023-04-05 14:57:33,874 - __main__ - INFO - [INFO] 2023-04-05 14:57:33.874106 Epoch [91/100] batch [257/391] loss 0.7158 lr 0.0024471741852423253 acc 81.25% eta 0:05:21
2023-04-05 14:57:46,014 - __main__ - INFO - [INFO] 2023-04-05 14:57:46.014256 Epoch [91/100] batch [385/391] loss 0.9180 lr 0.0024471741852423253 acc 76.56% eta 0:05:10
2023-04-05 14:57:46,575 - __main__ - INFO - Computing epoch 91 validation accuracy...
2023-04-05 14:57:49,790 - __main__ - INFO - Computing epoch 91 validation loss...
2023-04-05 14:57:53,109 - __main__ - INFO - [INFO] 2023-04-05 14:57:53.109364 Epoch [92/100] batch [1/391] loss 0.8335 lr 0.0019853157161528537 acc 78.12% eta 0:08:30
2023-04-05 14:58:05,381 - __main__ - INFO - [INFO] 2023-04-05 14:58:05.381230 Epoch [92/100] batch [129/391] loss 1.0781 lr 0.0019853157161528537 acc 70.31% eta 0:05:03
2023-04-05 14:58:17,378 - __main__ - INFO - [INFO] 2023-04-05 14:58:17.378113 Epoch [92/100] batch [257/391] loss 0.8872 lr 0.0019853157161528537 acc 78.91% eta 0:04:48
2023-04-05 14:58:29,424 - __main__ - INFO - [INFO] 2023-04-05 14:58:29.424731 Epoch [92/100] batch [385/391] loss 0.9146 lr 0.0019853157161528537 acc 77.34% eta 0:04:36
2023-04-05 14:58:29,970 - __main__ - INFO - Computing epoch 92 validation accuracy...
2023-04-05 14:58:33,144 - __main__ - INFO - Computing epoch 92 validation loss...
2023-04-05 14:58:36,521 - __main__ - INFO - [INFO] 2023-04-05 14:58:36.520937 Epoch [93/100] batch [1/391] loss 0.6997 lr 0.0015708419435684529 acc 81.25% eta 0:05:31
2023-04-05 14:58:48,378 - __main__ - INFO - [INFO] 2023-04-05 14:58:48.378621 Epoch [93/100] batch [129/391] loss 0.8809 lr 0.0015708419435684529 acc 76.56% eta 0:04:19
2023-04-05 14:59:00,512 - __main__ - INFO - [INFO] 2023-04-05 14:59:00.512050 Epoch [93/100] batch [257/391] loss 0.8315 lr 0.0015708419435684529 acc 75.00% eta 0:04:10
2023-04-05 14:59:12,561 - __main__ - INFO - [INFO] 2023-04-05 14:59:12.561492 Epoch [93/100] batch [385/391] loss 0.8506 lr 0.0015708419435684529 acc 76.56% eta 0:03:59
2023-04-05 14:59:13,114 - __main__ - INFO - Computing epoch 93 validation accuracy...
2023-04-05 14:59:16,359 - __main__ - INFO - Computing epoch 93 validation loss...
2023-04-05 14:59:19,692 - __main__ - INFO - [INFO] 2023-04-05 14:59:19.692626 Epoch [94/100] batch [1/391] loss 1.0498 lr 0.0012041619030626347 acc 71.09% eta 0:04:16
2023-04-05 14:59:31,806 - __main__ - INFO - [INFO] 2023-04-05 14:59:31.806144 Epoch [94/100] batch [129/391] loss 0.9092 lr 0.0012041619030626347 acc 77.34% eta 0:03:49
2023-04-05 14:59:43,865 - __main__ - INFO - [INFO] 2023-04-05 14:59:43.865604 Epoch [94/100] batch [257/391] loss 0.7832 lr 0.0012041619030626347 acc 79.69% eta 0:03:37
2023-04-05 14:59:55,813 - __main__ - INFO - [INFO] 2023-04-05 14:59:55.813686 Epoch [94/100] batch [385/391] loss 0.6782 lr 0.0012041619030626347 acc 82.03% eta 0:03:25
2023-04-05 14:59:56,366 - __main__ - INFO - Computing epoch 94 validation accuracy...
2023-04-05 14:59:59,605 - __main__ - INFO - Computing epoch 94 validation loss...
2023-04-05 15:00:02,988 - __main__ - INFO - [INFO] 2023-04-05 15:00:02.987836 Epoch [95/100] batch [1/391] loss 0.8730 lr 0.0008856374635655646 acc 80.47% eta 0:03:34
2023-04-05 15:00:14,992 - __main__ - INFO - [INFO] 2023-04-05 15:00:14.992744 Epoch [95/100] batch [129/391] loss 1.1006 lr 0.0008856374635655646 acc 67.97% eta 0:03:13
2023-04-05 15:00:26,924 - __main__ - INFO - [INFO] 2023-04-05 15:00:26.923876 Epoch [95/100] batch [257/391] loss 0.9819 lr 0.0008856374635655646 acc 69.53% eta 0:03:01
2023-04-05 15:00:38,938 - __main__ - INFO - [INFO] 2023-04-05 15:00:38.938176 Epoch [95/100] batch [385/391] loss 0.8364 lr 0.0008856374635655646 acc 75.78% eta 0:02:50
2023-04-05 15:00:39,470 - __main__ - INFO - Computing epoch 95 validation accuracy...
2023-04-05 15:00:42,634 - __main__ - INFO - Computing epoch 95 validation loss...
2023-04-05 15:00:46,075 - __main__ - INFO - [INFO] 2023-04-05 15:00:46.075630 Epoch [96/100] batch [1/391] loss 0.7368 lr 0.0006155829702431174 acc 75.78% eta 0:02:57
2023-04-05 15:00:58,040 - __main__ - INFO - [INFO] 2023-04-05 15:00:58.040796 Epoch [96/100] batch [129/391] loss 0.8926 lr 0.0006155829702431174 acc 76.56% eta 0:02:38
2023-04-05 15:01:10,029 - __main__ - INFO - [INFO] 2023-04-05 15:01:10.028960 Epoch [96/100] batch [257/391] loss 0.8086 lr 0.0006155829702431174 acc 77.34% eta 0:02:27
2023-04-05 15:01:21,999 - __main__ - INFO - [INFO] 2023-04-05 15:01:21.998867 Epoch [96/100] batch [385/391] loss 0.9136 lr 0.0006155829702431174 acc 75.78% eta 0:02:16
2023-04-05 15:01:22,539 - __main__ - INFO - Computing epoch 96 validation accuracy...
2023-04-05 15:01:25,687 - __main__ - INFO - Computing epoch 96 validation loss...
2023-04-05 15:01:29,078 - __main__ - INFO - [INFO] 2023-04-05 15:01:29.078687 Epoch [97/100] batch [1/391] loss 0.6978 lr 0.00039426493427611206 acc 79.69% eta 0:02:38
2023-04-05 15:01:41,005 - __main__ - INFO - [INFO] 2023-04-05 15:01:41.005382 Epoch [97/100] batch [129/391] loss 0.7744 lr 0.00039426493427611206 acc 79.69% eta 0:02:04
2023-04-05 15:01:52,918 - __main__ - INFO - [INFO] 2023-04-05 15:01:52.918315 Epoch [97/100] batch [257/391] loss 0.6670 lr 0.00039426493427611206 acc 80.47% eta 0:01:53
2023-04-05 15:02:05,295 - __main__ - INFO - [INFO] 2023-04-05 15:02:05.295818 Epoch [97/100] batch [385/391] loss 0.8325 lr 0.00039426493427611206 acc 77.34% eta 0:01:43
2023-04-05 15:02:05,874 - __main__ - INFO - Computing epoch 97 validation accuracy...
2023-04-05 15:02:09,132 - __main__ - INFO - Computing epoch 97 validation loss...
2023-04-05 15:02:12,428 - __main__ - INFO - [INFO] 2023-04-05 15:02:12.428100 Epoch [98/100] batch [1/391] loss 0.7642 lr 0.00022190176984600036 acc 75.78% eta 0:01:47
2023-04-05 15:02:24,458 - __main__ - INFO - [INFO] 2023-04-05 15:02:24.458378 Epoch [98/100] batch [129/391] loss 1.1152 lr 0.00022190176984600036 acc 73.44% eta 0:01:31
2023-04-05 15:02:36,529 - __main__ - INFO - [INFO] 2023-04-05 15:02:36.528874 Epoch [98/100] batch [257/391] loss 0.8945 lr 0.00022190176984600036 acc 71.09% eta 0:01:20
2023-04-05 15:02:48,898 - __main__ - INFO - [INFO] 2023-04-05 15:02:48.898493 Epoch [98/100] batch [385/391] loss 0.8682 lr 0.00022190176984600036 acc 82.03% eta 0:01:09
2023-04-05 15:02:49,429 - __main__ - INFO - Computing epoch 98 validation accuracy...
2023-04-05 15:02:52,710 - __main__ - INFO - Computing epoch 98 validation loss...
2023-04-05 15:02:56,100 - __main__ - INFO - [INFO] 2023-04-05 15:02:56.100363 Epoch [99/100] batch [1/391] loss 0.9390 lr 9.866357858642213e-05 acc 64.84% eta 0:01:18
2023-04-05 15:03:08,143 - __main__ - INFO - [INFO] 2023-04-05 15:03:08.143479 Epoch [99/100] batch [129/391] loss 0.7178 lr 9.866357858642213e-05 acc 78.91% eta 0:00:57
2023-04-05 15:03:20,248 - __main__ - INFO - [INFO] 2023-04-05 15:03:20.248309 Epoch [99/100] batch [257/391] loss 0.8569 lr 9.866357858642213e-05 acc 74.22% eta 0:00:46
2023-04-05 15:03:32,241 - __main__ - INFO - [INFO] 2023-04-05 15:03:32.241097 Epoch [99/100] batch [385/391] loss 0.9229 lr 9.866357858642213e-05 acc 75.78% eta 0:00:34
2023-04-05 15:03:32,818 - __main__ - INFO - Computing epoch 99 validation accuracy...
2023-04-05 15:03:35,997 - __main__ - INFO - Computing epoch 99 validation loss...
2023-04-05 15:03:39,353 - __main__ - INFO - [INFO] 2023-04-05 15:03:39.352854 Epoch [100/100] batch [1/391] loss 0.9531 lr 2.4671981713420017e-05 acc 72.66% eta 0:00:35
2023-04-05 15:03:51,232 - __main__ - INFO - [INFO] 2023-04-05 15:03:51.232545 Epoch [100/100] batch [129/391] loss 0.9722 lr 2.4671981713420017e-05 acc 72.66% eta 0:00:22
2023-04-05 15:04:03,284 - __main__ - INFO - [INFO] 2023-04-05 15:04:03.284406 Epoch [100/100] batch [257/391] loss 0.7524 lr 2.4671981713420017e-05 acc 83.59% eta 0:00:11
2023-04-05 15:04:15,370 - __main__ - INFO - [INFO] 2023-04-05 15:04:15.370243 Epoch [100/100] batch [385/391] loss 0.7979 lr 2.4671981713420017e-05 acc 75.78% eta 0:00:00
2023-04-05 15:04:15,918 - __main__ - INFO - Computing epoch 100 validation accuracy...
2023-04-05 15:04:19,190 - __main__ - INFO - Computing epoch 100 validation loss...
2023-04-05 15:04:22,380 - __main__ - INFO - Reading testing data set cifar100
2023-04-05 15:04:23,149 - __main__ - INFO - Loading trained model...
2023-04-05 15:04:26,403 - __main__ - INFO - Testing acc : 67.46%.
