2023-04-10 17:09:21,578 - __main__ - INFO - 

2023-04-10 17:09:21,578 - __main__ - INFO - ***************
2023-04-10 17:09:21,578 - __main__ - INFO - ** Arguments **
2023-04-10 17:09:21,578 - __main__ - INFO - ***************
2023-04-10 17:09:21,578 - __main__ - INFO - backbone: resnet20
2023-04-10 17:09:21,578 - __main__ - INFO - dataname: cifar100
2023-04-10 17:09:21,578 - __main__ - INFO - drop_method: db
2023-04-10 17:09:21,578 - __main__ - INFO - drop_rate: 0.3
2023-04-10 17:09:21,579 - __main__ - INFO - eval_only: 0
2023-04-10 17:09:21,579 - __main__ - INFO - output_path: checkpoints/cifar100/resnet20/drop_db/rate_0.3/seed2
2023-04-10 17:09:21,579 - __main__ - INFO - part_rate: 0.1
2023-04-10 17:09:21,579 - __main__ - INFO - seed: 2
2023-04-10 17:09:21,579 - __main__ - INFO - weight_decay: 0.0005
2023-04-10 17:09:21,579 - __main__ - INFO - ************
2023-04-10 17:09:21,579 - __main__ - INFO - ** Config **
2023-04-10 17:09:21,579 - __main__ - INFO - ************
2023-04-10 17:09:21,579 - __main__ - INFO - {'DATALOADER': {'PATH': './data', 'DATANAME': 'cifar100', 'BATCH_SIZE': 128, 'NUM_CLASSES': 100}, 'INPUT': {'SIZE': [32, 32], 'PIXEL_MEAN': [0.4914, 0.4822, 0.4465], 'PIXEL_STD': [0.2023, 0.1994, 0.201]}, 'OUTPUT': {'DIR': 'checkpoints/cifar100/resnet20/drop_db/rate_0.3/seed2'}, 'SEED': 2, 'OPTIM': {'LR': 0.1, 'MAX_EPOCH': 100, 'LR_SCHEDULER': 'step', 'LR_MILESTONES': [20, 40, 80, 120, 140], 'LR_DECAY': 0.2, 'PART_RATE': 0.1, 'WEIGHT_DECAY': 0.0005, 'DROP_RATE': 0.3, 'DROP_METHOD': 'db', 'BLOCK_SIZE': 7}, 'MODEL': {'BACKBONE': 'resnet20'}}
2023-04-10 17:09:21,592 - __main__ - INFO - Reading training data set cifar100
2023-04-10 17:09:23,592 - __main__ - INFO - Loading raw model
2023-04-10 17:09:26,918 - __main__ - INFO - 
Saving everything to checkpoints/cifar100/resnet20/drop_db/rate_0.3/seed2
2023-04-10 17:09:26,918 - __main__ - INFO - Start training...
2023-04-10 17:09:32,626 - __main__ - INFO - [INFO] 2023-04-10 17:09:32.626116 Epoch [1/100] batch [1/391] loss 5.7305 lr 0.1 acc 0.78% eta 2 days, 13:53:15
2023-04-10 17:09:45,224 - __main__ - INFO - [INFO] 2023-04-10 17:09:45.224458 Epoch [1/100] batch [129/391] loss 4.0195 lr 0.1 acc 7.81% eta 1:26:33
2023-04-10 17:09:57,643 - __main__ - INFO - [INFO] 2023-04-10 17:09:57.643776 Epoch [1/100] batch [257/391] loss 3.9121 lr 0.1 acc 8.59% eta 1:11:54
2023-04-10 17:10:09,931 - __main__ - INFO - [INFO] 2023-04-10 17:10:09.931605 Epoch [1/100] batch [385/391] loss 3.8379 lr 0.1 acc 8.59% eta 1:06:36
2023-04-10 17:10:10,525 - __main__ - INFO - Computing epoch 1 validation accuracy...
2023-04-10 17:10:14,074 - __main__ - INFO - Computing epoch 1 validation loss...
2023-04-10 17:10:17,705 - __main__ - INFO - [INFO] 2023-04-10 17:10:17.705630 Epoch [2/100] batch [1/391] loss 3.6738 lr 0.09997532801828658 acc 17.19% eta 1:01:37
2023-04-10 17:10:30,243 - __main__ - INFO - [INFO] 2023-04-10 17:10:30.243626 Epoch [2/100] batch [129/391] loss 3.6484 lr 0.09997532801828658 acc 9.38% eta 0:57:33
2023-04-10 17:10:42,999 - __main__ - INFO - [INFO] 2023-04-10 17:10:42.999172 Epoch [2/100] batch [257/391] loss 3.4219 lr 0.09997532801828658 acc 16.41% eta 0:57:59
2023-04-10 17:10:55,305 - __main__ - INFO - [INFO] 2023-04-10 17:10:55.304979 Epoch [2/100] batch [385/391] loss 3.3105 lr 0.09997532801828658 acc 19.53% eta 0:57:12
2023-04-10 17:10:55,841 - __main__ - INFO - Computing epoch 2 validation accuracy...
2023-04-10 17:10:59,227 - __main__ - INFO - Computing epoch 2 validation loss...
2023-04-10 17:11:02,720 - __main__ - INFO - [INFO] 2023-04-10 17:11:02.720015 Epoch [3/100] batch [1/391] loss 3.2988 lr 0.09990133642141358 acc 22.66% eta 1:03:09
2023-04-10 17:11:14,956 - __main__ - INFO - [INFO] 2023-04-10 17:11:14.956224 Epoch [3/100] batch [129/391] loss 3.1465 lr 0.09990133642141358 acc 21.88% eta 0:55:39
2023-04-10 17:11:27,161 - __main__ - INFO - [INFO] 2023-04-10 17:11:27.161340 Epoch [3/100] batch [257/391] loss 3.1797 lr 0.09990133642141358 acc 17.97% eta 0:55:18
2023-04-10 17:11:40,023 - __main__ - INFO - [INFO] 2023-04-10 17:11:40.022870 Epoch [3/100] batch [385/391] loss 2.9375 lr 0.09990133642141358 acc 20.31% eta 0:56:11
2023-04-10 17:11:40,583 - __main__ - INFO - Computing epoch 3 validation accuracy...
2023-04-10 17:11:43,972 - __main__ - INFO - Computing epoch 3 validation loss...
2023-04-10 17:11:47,520 - __main__ - INFO - [INFO] 2023-04-10 17:11:47.520095 Epoch [4/100] batch [1/391] loss 2.9414 lr 0.099778098230154 acc 27.34% eta 1:03:26
2023-04-10 17:11:59,965 - __main__ - INFO - [INFO] 2023-04-10 17:11:59.965773 Epoch [4/100] batch [129/391] loss 2.5566 lr 0.099778098230154 acc 27.34% eta 0:56:03
2023-04-10 17:12:12,840 - __main__ - INFO - [INFO] 2023-04-10 17:12:12.839962 Epoch [4/100] batch [257/391] loss 2.9844 lr 0.099778098230154 acc 21.88% eta 0:56:54
2023-04-10 17:12:25,715 - __main__ - INFO - [INFO] 2023-04-10 17:12:25.714942 Epoch [4/100] batch [385/391] loss 2.5859 lr 0.099778098230154 acc 32.81% eta 0:56:46
2023-04-10 17:12:26,307 - __main__ - INFO - Computing epoch 4 validation accuracy...
2023-04-10 17:12:29,785 - __main__ - INFO - Computing epoch 4 validation loss...
2023-04-10 17:12:33,304 - __main__ - INFO - [INFO] 2023-04-10 17:12:33.304187 Epoch [5/100] batch [1/391] loss 2.5215 lr 0.0996057350657239 acc 30.47% eta 1:01:41
2023-04-10 17:12:46,030 - __main__ - INFO - [INFO] 2023-04-10 17:12:46.030301 Epoch [5/100] batch [129/391] loss 2.6348 lr 0.0996057350657239 acc 30.47% eta 0:55:56
2023-04-10 17:12:58,477 - __main__ - INFO - [INFO] 2023-04-10 17:12:58.477277 Epoch [5/100] batch [257/391] loss 2.6934 lr 0.0996057350657239 acc 24.22% eta 0:55:33
2023-04-10 17:13:11,679 - __main__ - INFO - [INFO] 2023-04-10 17:13:11.678519 Epoch [5/100] batch [385/391] loss 2.5625 lr 0.0996057350657239 acc 29.69% eta 0:56:09
2023-04-10 17:13:12,244 - __main__ - INFO - Computing epoch 5 validation accuracy...
2023-04-10 17:13:15,760 - __main__ - INFO - Computing epoch 5 validation loss...
2023-04-10 17:13:19,321 - __main__ - INFO - [INFO] 2023-04-10 17:13:19.321245 Epoch [6/100] batch [1/391] loss 2.5898 lr 0.09938441702975688 acc 36.72% eta 1:01:19
2023-04-10 17:13:31,932 - __main__ - INFO - [INFO] 2023-04-10 17:13:31.932632 Epoch [6/100] batch [129/391] loss 2.6445 lr 0.09938441702975688 acc 24.22% eta 0:54:56
2023-04-10 17:13:44,522 - __main__ - INFO - [INFO] 2023-04-10 17:13:44.522712 Epoch [6/100] batch [257/391] loss 2.6270 lr 0.09938441702975688 acc 29.69% eta 0:55:00
2023-04-10 17:13:56,821 - __main__ - INFO - [INFO] 2023-04-10 17:13:56.820834 Epoch [6/100] batch [385/391] loss 2.2422 lr 0.09938441702975688 acc 37.50% eta 0:54:02
2023-04-10 17:13:57,363 - __main__ - INFO - Computing epoch 6 validation accuracy...
2023-04-10 17:14:00,874 - __main__ - INFO - Computing epoch 6 validation loss...
2023-04-10 17:14:04,321 - __main__ - INFO - [INFO] 2023-04-10 17:14:04.320970 Epoch [7/100] batch [1/391] loss 2.6445 lr 0.09911436253643444 acc 29.69% eta 0:57:45
2023-04-10 17:14:16,694 - __main__ - INFO - [INFO] 2023-04-10 17:14:16.694571 Epoch [7/100] batch [129/391] loss 2.5371 lr 0.09911436253643444 acc 28.91% eta 0:53:30
2023-04-10 17:14:28,917 - __main__ - INFO - [INFO] 2023-04-10 17:14:28.917181 Epoch [7/100] batch [257/391] loss 2.5000 lr 0.09911436253643444 acc 21.09% eta 0:52:47
2023-04-10 17:14:41,568 - __main__ - INFO - [INFO] 2023-04-10 17:14:41.568388 Epoch [7/100] batch [385/391] loss 2.2266 lr 0.09911436253643444 acc 33.59% eta 0:53:07
2023-04-10 17:14:42,143 - __main__ - INFO - Computing epoch 7 validation accuracy...
2023-04-10 17:14:45,584 - __main__ - INFO - Computing epoch 7 validation loss...
2023-04-10 17:14:49,066 - __main__ - INFO - [INFO] 2023-04-10 17:14:49.066653 Epoch [8/100] batch [1/391] loss 1.8428 lr 0.09879583809693737 acc 42.19% eta 0:57:25
2023-04-10 17:15:01,183 - __main__ - INFO - [INFO] 2023-04-10 17:15:01.182886 Epoch [8/100] batch [129/391] loss 2.0918 lr 0.09879583809693737 acc 39.06% eta 0:52:11
2023-04-10 17:15:13,770 - __main__ - INFO - [INFO] 2023-04-10 17:15:13.770101 Epoch [8/100] batch [257/391] loss 2.6680 lr 0.09879583809693737 acc 26.56% eta 0:52:35
2023-04-10 17:15:25,922 - __main__ - INFO - [INFO] 2023-04-10 17:15:25.922235 Epoch [8/100] batch [385/391] loss 2.1914 lr 0.09879583809693737 acc 36.72% eta 0:52:04
2023-04-10 17:15:26,500 - __main__ - INFO - Computing epoch 8 validation accuracy...
2023-04-10 17:15:29,932 - __main__ - INFO - Computing epoch 8 validation loss...
2023-04-10 17:15:33,502 - __main__ - INFO - [INFO] 2023-04-10 17:15:33.502465 Epoch [9/100] batch [1/391] loss 2.3047 lr 0.09842915805643156 acc 34.38% eta 0:53:28
2023-04-10 17:15:45,824 - __main__ - INFO - [INFO] 2023-04-10 17:15:45.824352 Epoch [9/100] batch [129/391] loss 2.4512 lr 0.09842915805643156 acc 33.59% eta 0:52:27
2023-04-10 17:15:58,035 - __main__ - INFO - [INFO] 2023-04-10 17:15:58.035192 Epoch [9/100] batch [257/391] loss 2.3398 lr 0.09842915805643156 acc 35.16% eta 0:51:56
2023-04-10 17:16:10,526 - __main__ - INFO - [INFO] 2023-04-10 17:16:10.526224 Epoch [9/100] batch [385/391] loss 2.1406 lr 0.09842915805643156 acc 31.25% eta 0:52:09
2023-04-10 17:16:11,112 - __main__ - INFO - Computing epoch 9 validation accuracy...
2023-04-10 17:16:14,462 - __main__ - INFO - Computing epoch 9 validation loss...
2023-04-10 17:16:17,861 - __main__ - INFO - [INFO] 2023-04-10 17:16:17.861468 Epoch [10/100] batch [1/391] loss 2.3867 lr 0.09801468428384716 acc 43.75% eta 1:01:10
2023-04-10 17:16:29,851 - __main__ - INFO - [INFO] 2023-04-10 17:16:29.851418 Epoch [10/100] batch [129/391] loss 1.9707 lr 0.09801468428384716 acc 49.22% eta 0:50:34
2023-04-10 17:16:41,858 - __main__ - INFO - [INFO] 2023-04-10 17:16:41.858021 Epoch [10/100] batch [257/391] loss 2.1055 lr 0.09801468428384716 acc 34.38% eta 0:50:21
2023-04-10 17:16:53,765 - __main__ - INFO - [INFO] 2023-04-10 17:16:53.765320 Epoch [10/100] batch [385/391] loss 2.0156 lr 0.09801468428384716 acc 38.28% eta 0:50:02
2023-04-10 17:16:54,306 - __main__ - INFO - Computing epoch 10 validation accuracy...
2023-04-10 17:16:57,554 - __main__ - INFO - Computing epoch 10 validation loss...
2023-04-10 17:17:01,083 - __main__ - INFO - [INFO] 2023-04-10 17:17:01.082984 Epoch [11/100] batch [1/391] loss 2.1699 lr 0.09755282581475769 acc 37.50% eta 1:23:16
2023-04-10 17:17:13,111 - __main__ - INFO - [INFO] 2023-04-10 17:17:13.111505 Epoch [11/100] batch [129/391] loss 2.0938 lr 0.09755282581475769 acc 40.62% eta 0:50:22
2023-04-10 17:17:25,594 - __main__ - INFO - [INFO] 2023-04-10 17:17:25.594603 Epoch [11/100] batch [257/391] loss 1.8701 lr 0.09755282581475769 acc 37.50% eta 0:51:00
2023-04-10 17:17:37,490 - __main__ - INFO - [INFO] 2023-04-10 17:17:37.489815 Epoch [11/100] batch [385/391] loss 2.2734 lr 0.09755282581475769 acc 39.84% eta 0:50:18
2023-04-10 17:17:38,023 - __main__ - INFO - Computing epoch 11 validation accuracy...
2023-04-10 17:17:41,424 - __main__ - INFO - Computing epoch 11 validation loss...
2023-04-10 17:17:44,989 - __main__ - INFO - [INFO] 2023-04-10 17:17:44.988884 Epoch [12/100] batch [1/391] loss 2.1035 lr 0.09704403844771128 acc 34.38% eta 0:51:45
2023-04-10 17:17:56,733 - __main__ - INFO - [INFO] 2023-04-10 17:17:56.733086 Epoch [12/100] batch [129/391] loss 1.9424 lr 0.09704403844771128 acc 42.19% eta 0:48:10
2023-04-10 17:18:08,547 - __main__ - INFO - [INFO] 2023-04-10 17:18:08.547327 Epoch [12/100] batch [257/391] loss 2.0508 lr 0.09704403844771128 acc 46.88% eta 0:48:15
2023-04-10 17:18:20,852 - __main__ - INFO - [INFO] 2023-04-10 17:18:20.851965 Epoch [12/100] batch [385/391] loss 2.2715 lr 0.09704403844771128 acc 32.81% eta 0:48:52
2023-04-10 17:18:21,398 - __main__ - INFO - Computing epoch 12 validation accuracy...
2023-04-10 17:18:24,658 - __main__ - INFO - Computing epoch 12 validation loss...
2023-04-10 17:18:27,992 - __main__ - INFO - [INFO] 2023-04-10 17:18:27.992009 Epoch [13/100] batch [1/391] loss 2.0605 lr 0.09648882429441258 acc 44.53% eta 0:51:39
2023-04-10 17:18:40,085 - __main__ - INFO - [INFO] 2023-04-10 17:18:40.085532 Epoch [13/100] batch [129/391] loss 2.0195 lr 0.09648882429441258 acc 40.62% eta 0:49:16
2023-04-10 17:18:52,390 - __main__ - INFO - [INFO] 2023-04-10 17:18:52.389921 Epoch [13/100] batch [257/391] loss 1.9541 lr 0.09648882429441258 acc 42.19% eta 0:49:32
2023-04-10 17:19:04,538 - __main__ - INFO - [INFO] 2023-04-10 17:19:04.538465 Epoch [13/100] batch [385/391] loss 1.8975 lr 0.09648882429441258 acc 41.41% eta 0:49:17
2023-04-10 17:19:05,192 - __main__ - INFO - Computing epoch 13 validation accuracy...
2023-04-10 17:19:08,905 - __main__ - INFO - Computing epoch 13 validation loss...
2023-04-10 17:19:12,284 - __main__ - INFO - [INFO] 2023-04-10 17:19:12.284678 Epoch [14/100] batch [1/391] loss 1.9580 lr 0.09588773128419906 acc 39.84% eta 0:51:43
2023-04-10 17:19:24,347 - __main__ - INFO - [INFO] 2023-04-10 17:19:24.347480 Epoch [14/100] batch [129/391] loss 1.9912 lr 0.09588773128419906 acc 54.69% eta 0:48:42
2023-04-10 17:19:36,735 - __main__ - INFO - [INFO] 2023-04-10 17:19:36.735436 Epoch [14/100] batch [257/391] loss 2.1660 lr 0.09588773128419906 acc 42.19% eta 0:49:09
2023-04-10 17:19:48,977 - __main__ - INFO - [INFO] 2023-04-10 17:19:48.976864 Epoch [14/100] batch [385/391] loss 1.9746 lr 0.09588773128419906 acc 39.06% eta 0:49:01
2023-04-10 17:19:49,535 - __main__ - INFO - Computing epoch 14 validation accuracy...
2023-04-10 17:19:52,938 - __main__ - INFO - Computing epoch 14 validation loss...
2023-04-10 17:19:56,295 - __main__ - INFO - [INFO] 2023-04-10 17:19:56.295475 Epoch [15/100] batch [1/391] loss 1.5918 lr 0.09524135262330098 acc 50.78% eta 0:48:46
2023-04-10 17:20:08,160 - __main__ - INFO - [INFO] 2023-04-10 17:20:08.160704 Epoch [15/100] batch [129/391] loss 2.0312 lr 0.09524135262330098 acc 41.41% eta 0:47:16
2023-04-10 17:20:20,239 - __main__ - INFO - [INFO] 2023-04-10 17:20:20.239180 Epoch [15/100] batch [257/391] loss 2.3711 lr 0.09524135262330098 acc 42.19% eta 0:47:28
2023-04-10 17:20:32,607 - __main__ - INFO - [INFO] 2023-04-10 17:20:32.607275 Epoch [15/100] batch [385/391] loss 2.0254 lr 0.09524135262330098 acc 42.19% eta 0:47:52
2023-04-10 17:20:33,157 - __main__ - INFO - Computing epoch 15 validation accuracy...
2023-04-10 17:20:36,563 - __main__ - INFO - Computing epoch 15 validation loss...
2023-04-10 17:20:39,975 - __main__ - INFO - [INFO] 2023-04-10 17:20:39.975179 Epoch [16/100] batch [1/391] loss 1.8711 lr 0.0945503262094184 acc 46.09% eta 0:55:04
2023-04-10 17:20:52,827 - __main__ - INFO - [INFO] 2023-04-10 17:20:52.827137 Epoch [16/100] batch [129/391] loss 2.0684 lr 0.0945503262094184 acc 42.19% eta 0:49:37
2023-04-10 17:21:05,470 - __main__ - INFO - [INFO] 2023-04-10 17:21:05.469962 Epoch [16/100] batch [257/391] loss 2.0020 lr 0.0945503262094184 acc 46.09% eta 0:48:04
2023-04-10 17:21:18,474 - __main__ - INFO - [INFO] 2023-04-10 17:21:18.474185 Epoch [16/100] batch [385/391] loss 2.0684 lr 0.0945503262094184 acc 42.97% eta 0:47:54
2023-04-10 17:21:19,068 - __main__ - INFO - Computing epoch 16 validation accuracy...
2023-04-10 17:21:22,517 - __main__ - INFO - Computing epoch 16 validation loss...
2023-04-10 17:21:26,133 - __main__ - INFO - [INFO] 2023-04-10 17:21:26.133451 Epoch [17/100] batch [1/391] loss 1.5664 lr 0.09381533400219319 acc 49.22% eta 0:50:39
2023-04-10 17:21:38,259 - __main__ - INFO - [INFO] 2023-04-10 17:21:38.259159 Epoch [17/100] batch [129/391] loss 2.1621 lr 0.09381533400219319 acc 35.94% eta 0:47:09
2023-04-10 17:21:50,378 - __main__ - INFO - [INFO] 2023-04-10 17:21:50.378418 Epoch [17/100] batch [257/391] loss 1.7529 lr 0.09381533400219319 acc 49.22% eta 0:47:00
2023-04-10 17:22:02,630 - __main__ - INFO - [INFO] 2023-04-10 17:22:02.630653 Epoch [17/100] batch [385/391] loss 2.0391 lr 0.09381533400219319 acc 46.88% eta 0:46:58
2023-04-10 17:22:03,167 - __main__ - INFO - Computing epoch 17 validation accuracy...
2023-04-10 17:22:06,521 - __main__ - INFO - Computing epoch 17 validation loss...
2023-04-10 17:22:09,823 - __main__ - INFO - [INFO] 2023-04-10 17:22:09.823416 Epoch [18/100] batch [1/391] loss 1.9883 lr 0.0930371013501972 acc 38.28% eta 0:51:11
2023-04-10 17:22:21,903 - __main__ - INFO - [INFO] 2023-04-10 17:22:21.903529 Epoch [18/100] batch [129/391] loss 2.1992 lr 0.0930371013501972 acc 34.38% eta 0:46:27
2023-04-10 17:22:34,219 - __main__ - INFO - [INFO] 2023-04-10 17:22:34.219539 Epoch [18/100] batch [257/391] loss 2.1035 lr 0.0930371013501972 acc 39.84% eta 0:46:50
2023-04-10 17:22:46,472 - __main__ - INFO - [INFO] 2023-04-10 17:22:46.472757 Epoch [18/100] batch [385/391] loss 2.0371 lr 0.0930371013501972 acc 37.50% eta 0:46:41
2023-04-10 17:22:47,003 - __main__ - INFO - Computing epoch 18 validation accuracy...
2023-04-10 17:22:50,243 - __main__ - INFO - Computing epoch 18 validation loss...
2023-04-10 17:22:53,545 - __main__ - INFO - [INFO] 2023-04-10 17:22:53.545663 Epoch [19/100] batch [1/391] loss 1.7832 lr 0.09221639627510078 acc 44.53% eta 0:50:11
2023-04-10 17:23:05,835 - __main__ - INFO - [INFO] 2023-04-10 17:23:05.835251 Epoch [19/100] batch [129/391] loss 1.9316 lr 0.09221639627510078 acc 40.62% eta 0:46:53
2023-04-10 17:23:17,834 - __main__ - INFO - [INFO] 2023-04-10 17:23:17.834118 Epoch [19/100] batch [257/391] loss 2.3691 lr 0.09221639627510078 acc 42.19% eta 0:46:05
2023-04-10 17:23:29,836 - __main__ - INFO - [INFO] 2023-04-10 17:23:29.836590 Epoch [19/100] batch [385/391] loss 1.9668 lr 0.09221639627510078 acc 46.09% eta 0:45:41
2023-04-10 17:23:30,416 - __main__ - INFO - Computing epoch 19 validation accuracy...
2023-04-10 17:23:33,735 - __main__ - INFO - Computing epoch 19 validation loss...
2023-04-10 17:23:37,029 - __main__ - INFO - [INFO] 2023-04-10 17:23:37.029401 Epoch [20/100] batch [1/391] loss 1.9551 lr 0.09135402871372812 acc 49.22% eta 0:47:02
2023-04-10 17:23:49,202 - __main__ - INFO - [INFO] 2023-04-10 17:23:49.202291 Epoch [20/100] batch [129/391] loss 1.7646 lr 0.09135402871372812 acc 47.66% eta 0:45:39
2023-04-10 17:24:01,453 - __main__ - INFO - [INFO] 2023-04-10 17:24:01.452829 Epoch [20/100] batch [257/391] loss 1.8516 lr 0.09135402871372812 acc 42.97% eta 0:45:36
2023-04-10 17:24:13,445 - __main__ - INFO - [INFO] 2023-04-10 17:24:13.445316 Epoch [20/100] batch [385/391] loss 1.9355 lr 0.09135402871372812 acc 41.41% eta 0:45:10
2023-04-10 17:24:13,974 - __main__ - INFO - Computing epoch 20 validation accuracy...
2023-04-10 17:24:17,305 - __main__ - INFO - Computing epoch 20 validation loss...
2023-04-10 17:24:20,649 - __main__ - INFO - [INFO] 2023-04-10 17:24:20.649090 Epoch [21/100] batch [1/391] loss 1.7842 lr 0.09045084971874741 acc 46.09% eta 0:49:49
2023-04-10 17:24:32,715 - __main__ - INFO - [INFO] 2023-04-10 17:24:32.715428 Epoch [21/100] batch [129/391] loss 1.6152 lr 0.09045084971874741 acc 56.25% eta 0:44:49
2023-04-10 17:24:44,776 - __main__ - INFO - [INFO] 2023-04-10 17:24:44.776314 Epoch [21/100] batch [257/391] loss 1.8457 lr 0.09045084971874741 acc 40.62% eta 0:44:37
2023-04-10 17:24:56,880 - __main__ - INFO - [INFO] 2023-04-10 17:24:56.880308 Epoch [21/100] batch [385/391] loss 1.7822 lr 0.09045084971874741 acc 50.78% eta 0:44:28
2023-04-10 17:24:57,434 - __main__ - INFO - Computing epoch 21 validation accuracy...
2023-04-10 17:25:00,803 - __main__ - INFO - Computing epoch 21 validation loss...
2023-04-10 17:25:04,101 - __main__ - INFO - [INFO] 2023-04-10 17:25:04.101116 Epoch [22/100] batch [1/391] loss 1.5596 lr 0.08950775061878455 acc 59.38% eta 0:48:23
2023-04-10 17:25:16,015 - __main__ - INFO - [INFO] 2023-04-10 17:25:16.014873 Epoch [22/100] batch [129/391] loss 1.6631 lr 0.08950775061878455 acc 53.91% eta 0:43:35
2023-04-10 17:25:28,245 - __main__ - INFO - [INFO] 2023-04-10 17:25:28.244903 Epoch [22/100] batch [257/391] loss 1.8174 lr 0.08950775061878455 acc 50.78% eta 0:43:58
2023-04-10 17:25:40,450 - __main__ - INFO - [INFO] 2023-04-10 17:25:40.449900 Epoch [22/100] batch [385/391] loss 2.0254 lr 0.08950775061878455 acc 42.97% eta 0:43:59
2023-04-10 17:25:40,989 - __main__ - INFO - Computing epoch 22 validation accuracy...
2023-04-10 17:25:44,270 - __main__ - INFO - Computing epoch 22 validation loss...
2023-04-10 17:25:47,600 - __main__ - INFO - [INFO] 2023-04-10 17:25:47.599928 Epoch [23/100] batch [1/391] loss 2.0586 lr 0.0885256621387895 acc 46.09% eta 0:50:22
2023-04-10 17:25:59,769 - __main__ - INFO - [INFO] 2023-04-10 17:25:59.768905 Epoch [23/100] batch [129/391] loss 1.9980 lr 0.0885256621387895 acc 42.97% eta 0:43:52
2023-04-10 17:26:11,602 - __main__ - INFO - [INFO] 2023-04-10 17:26:11.602249 Epoch [23/100] batch [257/391] loss 1.4912 lr 0.0885256621387895 acc 57.81% eta 0:43:04
2023-04-10 17:26:23,648 - __main__ - INFO - [INFO] 2023-04-10 17:26:23.648230 Epoch [23/100] batch [385/391] loss 1.7617 lr 0.0885256621387895 acc 49.22% eta 0:42:56
2023-04-10 17:26:24,189 - __main__ - INFO - Computing epoch 23 validation accuracy...
2023-04-10 17:26:27,487 - __main__ - INFO - Computing epoch 23 validation loss...
2023-04-10 17:26:30,887 - __main__ - INFO - [INFO] 2023-04-10 17:26:30.887429 Epoch [24/100] batch [1/391] loss 1.7910 lr 0.08750555348152302 acc 44.53% eta 1:07:05
2023-04-10 17:26:42,817 - __main__ - INFO - [INFO] 2023-04-10 17:26:42.817040 Epoch [24/100] batch [129/391] loss 1.8711 lr 0.08750555348152302 acc 55.47% eta 0:42:39
2023-04-10 17:26:54,907 - __main__ - INFO - [INFO] 2023-04-10 17:26:54.906587 Epoch [24/100] batch [257/391] loss 1.8506 lr 0.08750555348152302 acc 49.22% eta 0:42:37
2023-04-10 17:27:06,927 - __main__ - INFO - [INFO] 2023-04-10 17:27:06.926936 Epoch [24/100] batch [385/391] loss 1.9619 lr 0.08750555348152302 acc 49.22% eta 0:42:26
2023-04-10 17:27:07,469 - __main__ - INFO - Computing epoch 24 validation accuracy...
2023-04-10 17:27:10,848 - __main__ - INFO - Computing epoch 24 validation loss...
2023-04-10 17:27:14,223 - __main__ - INFO - [INFO] 2023-04-10 17:27:14.223348 Epoch [25/100] batch [1/391] loss 1.7832 lr 0.08644843137107061 acc 44.53% eta 0:49:29
2023-04-10 17:27:26,376 - __main__ - INFO - [INFO] 2023-04-10 17:27:26.376648 Epoch [25/100] batch [129/391] loss 1.6680 lr 0.08644843137107061 acc 48.44% eta 0:42:47
2023-04-10 17:27:38,383 - __main__ - INFO - [INFO] 2023-04-10 17:27:38.383320 Epoch [25/100] batch [257/391] loss 1.8564 lr 0.08644843137107061 acc 47.66% eta 0:42:21
2023-04-10 17:27:50,407 - __main__ - INFO - [INFO] 2023-04-10 17:27:50.407627 Epoch [25/100] batch [385/391] loss 1.6113 lr 0.08644843137107061 acc 42.19% eta 0:42:04
2023-04-10 17:27:50,943 - __main__ - INFO - Computing epoch 25 validation accuracy...
2023-04-10 17:27:54,431 - __main__ - INFO - Computing epoch 25 validation loss...
2023-04-10 17:27:57,809 - __main__ - INFO - [INFO] 2023-04-10 17:27:57.809598 Epoch [26/100] batch [1/391] loss 1.8809 lr 0.0853553390593274 acc 43.75% eta 0:43:55
2023-04-10 17:28:09,595 - __main__ - INFO - [INFO] 2023-04-10 17:28:09.595271 Epoch [26/100] batch [129/391] loss 1.8877 lr 0.0853553390593274 acc 38.28% eta 0:41:16
2023-04-10 17:28:21,044 - __main__ - INFO - [INFO] 2023-04-10 17:28:21.043919 Epoch [26/100] batch [257/391] loss 1.5850 lr 0.0853553390593274 acc 51.56% eta 0:40:41
2023-04-10 17:28:32,525 - __main__ - INFO - [INFO] 2023-04-10 17:28:32.525253 Epoch [26/100] batch [385/391] loss 1.7539 lr 0.0853553390593274 acc 49.22% eta 0:40:27
2023-04-10 17:28:33,048 - __main__ - INFO - Computing epoch 26 validation accuracy...
2023-04-10 17:28:36,122 - __main__ - INFO - Computing epoch 26 validation loss...
2023-04-10 17:28:39,372 - __main__ - INFO - [INFO] 2023-04-10 17:28:39.372517 Epoch [27/100] batch [1/391] loss 1.8438 lr 0.08422735529643446 acc 38.28% eta 0:47:32
2023-04-10 17:28:50,849 - __main__ - INFO - [INFO] 2023-04-10 17:28:50.848934 Epoch [27/100] batch [129/391] loss 1.6768 lr 0.08422735529643446 acc 35.94% eta 0:40:01
2023-04-10 17:29:02,547 - __main__ - INFO - [INFO] 2023-04-10 17:29:02.547568 Epoch [27/100] batch [257/391] loss 1.7930 lr 0.08422735529643446 acc 52.34% eta 0:40:14
2023-04-10 17:29:14,059 - __main__ - INFO - [INFO] 2023-04-10 17:29:14.059159 Epoch [27/100] batch [385/391] loss 1.8438 lr 0.08422735529643446 acc 47.66% eta 0:39:58
2023-04-10 17:29:14,605 - __main__ - INFO - Computing epoch 27 validation accuracy...
2023-04-10 17:29:17,941 - __main__ - INFO - Computing epoch 27 validation loss...
2023-04-10 17:29:21,282 - __main__ - INFO - [INFO] 2023-04-10 17:29:21.281902 Epoch [28/100] batch [1/391] loss 1.6465 lr 0.08306559326618262 acc 50.78% eta 0:43:06
2023-04-10 17:29:33,199 - __main__ - INFO - [INFO] 2023-04-10 17:29:33.199640 Epoch [28/100] batch [129/391] loss 1.8154 lr 0.08306559326618262 acc 48.44% eta 0:41:07
2023-04-10 17:29:44,962 - __main__ - INFO - [INFO] 2023-04-10 17:29:44.961843 Epoch [28/100] batch [257/391] loss 1.9150 lr 0.08306559326618262 acc 48.44% eta 0:40:40
2023-04-10 17:29:56,617 - __main__ - INFO - [INFO] 2023-04-10 17:29:56.617742 Epoch [28/100] batch [385/391] loss 1.9805 lr 0.08306559326618262 acc 48.44% eta 0:40:11
2023-04-10 17:29:57,177 - __main__ - INFO - Computing epoch 28 validation accuracy...
2023-04-10 17:30:00,436 - __main__ - INFO - Computing epoch 28 validation loss...
2023-04-10 17:30:03,935 - __main__ - INFO - [INFO] 2023-04-10 17:30:03.935380 Epoch [29/100] batch [1/391] loss 1.7158 lr 0.08187119948743452 acc 53.12% eta 0:48:35
2023-04-10 17:30:15,685 - __main__ - INFO - [INFO] 2023-04-10 17:30:15.685471 Epoch [29/100] batch [129/391] loss 1.7012 lr 0.08187119948743452 acc 53.12% eta 0:40:07
2023-04-10 17:30:27,185 - __main__ - INFO - [INFO] 2023-04-10 17:30:27.185563 Epoch [29/100] batch [257/391] loss 1.6855 lr 0.08187119948743452 acc 52.34% eta 0:39:33
2023-04-10 17:30:38,780 - __main__ - INFO - [INFO] 2023-04-10 17:30:38.780563 Epoch [29/100] batch [385/391] loss 1.5664 lr 0.08187119948743452 acc 45.31% eta 0:39:18
2023-04-10 17:30:39,311 - __main__ - INFO - Computing epoch 29 validation accuracy...
2023-04-10 17:30:42,410 - __main__ - INFO - Computing epoch 29 validation loss...
2023-04-10 17:30:45,640 - __main__ - INFO - [INFO] 2023-04-10 17:30:45.640227 Epoch [30/100] batch [1/391] loss 1.7256 lr 0.08064535268264886 acc 46.88% eta 0:44:32
2023-04-10 17:30:57,355 - __main__ - INFO - [INFO] 2023-04-10 17:30:57.355147 Epoch [30/100] batch [129/391] loss 2.0234 lr 0.08064535268264886 acc 46.88% eta 0:38:41
2023-04-10 17:31:09,090 - __main__ - INFO - [INFO] 2023-04-10 17:31:09.090051 Epoch [30/100] batch [257/391] loss 1.8486 lr 0.08064535268264886 acc 50.78% eta 0:38:32
2023-04-10 17:31:20,927 - __main__ - INFO - [INFO] 2023-04-10 17:31:20.927742 Epoch [30/100] batch [385/391] loss 1.9521 lr 0.08064535268264886 acc 45.31% eta 0:38:28
2023-04-10 17:31:21,469 - __main__ - INFO - Computing epoch 30 validation accuracy...
2023-04-10 17:31:24,855 - __main__ - INFO - Computing epoch 30 validation loss...
2023-04-10 17:31:28,190 - __main__ - INFO - [INFO] 2023-04-10 17:31:28.189947 Epoch [31/100] batch [1/391] loss 1.7275 lr 0.0793892626146237 acc 51.56% eta 0:41:42
2023-04-10 17:31:40,079 - __main__ - INFO - [INFO] 2023-04-10 17:31:40.079489 Epoch [31/100] batch [129/391] loss 1.6641 lr 0.0793892626146237 acc 50.78% eta 0:38:42
2023-04-10 17:31:51,958 - __main__ - INFO - [INFO] 2023-04-10 17:31:51.957823 Epoch [31/100] batch [257/391] loss 1.6816 lr 0.0793892626146237 acc 53.12% eta 0:38:29
2023-04-10 17:32:04,088 - __main__ - INFO - [INFO] 2023-04-10 17:32:04.088322 Epoch [31/100] batch [385/391] loss 1.8818 lr 0.0793892626146237 acc 42.97% eta 0:38:33
2023-04-10 17:32:04,629 - __main__ - INFO - Computing epoch 31 validation accuracy...
2023-04-10 17:32:07,903 - __main__ - INFO - Computing epoch 31 validation loss...
2023-04-10 17:32:11,264 - __main__ - INFO - [INFO] 2023-04-10 17:32:11.264468 Epoch [32/100] batch [1/391] loss 1.7646 lr 0.07810416889260657 acc 42.97% eta 0:41:43
2023-04-10 17:32:23,993 - __main__ - INFO - [INFO] 2023-04-10 17:32:23.993102 Epoch [32/100] batch [129/391] loss 1.6406 lr 0.07810416889260657 acc 53.12% eta 0:40:05
2023-04-10 17:32:36,787 - __main__ - INFO - [INFO] 2023-04-10 17:32:36.787007 Epoch [32/100] batch [257/391] loss 1.5684 lr 0.07810416889260657 acc 54.69% eta 0:39:19
2023-04-10 17:32:49,539 - __main__ - INFO - [INFO] 2023-04-10 17:32:49.538871 Epoch [32/100] batch [385/391] loss 1.6455 lr 0.07810416889260657 acc 53.12% eta 0:38:56
2023-04-10 17:32:50,117 - __main__ - INFO - Computing epoch 32 validation accuracy...
2023-04-10 17:32:53,475 - __main__ - INFO - Computing epoch 32 validation loss...
2023-04-10 17:32:56,903 - __main__ - INFO - [INFO] 2023-04-10 17:32:56.903756 Epoch [33/100] batch [1/391] loss 1.5488 lr 0.07679133974894986 acc 53.12% eta 0:40:53
2023-04-10 17:33:08,974 - __main__ - INFO - [INFO] 2023-04-10 17:33:08.973927 Epoch [33/100] batch [129/391] loss 1.7119 lr 0.07679133974894986 acc 53.91% eta 0:38:12
2023-04-10 17:33:21,210 - __main__ - INFO - [INFO] 2023-04-10 17:33:21.209962 Epoch [33/100] batch [257/391] loss 1.6807 lr 0.07679133974894986 acc 51.56% eta 0:38:16
2023-04-10 17:33:33,161 - __main__ - INFO - [INFO] 2023-04-10 17:33:33.161621 Epoch [33/100] batch [385/391] loss 1.9326 lr 0.07679133974894986 acc 45.31% eta 0:37:51
2023-04-10 17:33:33,719 - __main__ - INFO - Computing epoch 33 validation accuracy...
2023-04-10 17:33:36,977 - __main__ - INFO - Computing epoch 33 validation loss...
2023-04-10 17:33:40,351 - __main__ - INFO - [INFO] 2023-04-10 17:33:40.350752 Epoch [34/100] batch [1/391] loss 1.6758 lr 0.0754520707875186 acc 55.47% eta 0:43:06
2023-04-10 17:33:52,324 - __main__ - INFO - [INFO] 2023-04-10 17:33:52.324190 Epoch [34/100] batch [129/391] loss 1.5400 lr 0.0754520707875186 acc 52.34% eta 0:37:19
2023-04-10 17:34:04,278 - __main__ - INFO - [INFO] 2023-04-10 17:34:04.277553 Epoch [34/100] batch [257/391] loss 1.7715 lr 0.0754520707875186 acc 35.16% eta 0:37:05
2023-04-10 17:34:16,020 - __main__ - INFO - [INFO] 2023-04-10 17:34:16.019827 Epoch [34/100] batch [385/391] loss 1.6201 lr 0.0754520707875186 acc 44.53% eta 0:36:40
2023-04-10 17:34:16,561 - __main__ - INFO - Computing epoch 34 validation accuracy...
2023-04-10 17:34:19,819 - __main__ - INFO - Computing epoch 34 validation loss...
2023-04-10 17:34:23,082 - __main__ - INFO - [INFO] 2023-04-10 17:34:23.082116 Epoch [35/100] batch [1/391] loss 1.5801 lr 0.0740876837050858 acc 60.94% eta 0:38:23
2023-04-10 17:34:34,847 - __main__ - INFO - [INFO] 2023-04-10 17:34:34.847185 Epoch [35/100] batch [129/391] loss 1.7520 lr 0.0740876837050858 acc 53.12% eta 0:36:06
2023-04-10 17:34:46,829 - __main__ - INFO - [INFO] 2023-04-10 17:34:46.829017 Epoch [35/100] batch [257/391] loss 1.6973 lr 0.0740876837050858 acc 44.53% eta 0:36:16
2023-04-10 17:34:58,973 - __main__ - INFO - [INFO] 2023-04-10 17:34:58.972617 Epoch [35/100] batch [385/391] loss 1.7656 lr 0.0740876837050858 acc 53.12% eta 0:36:20
2023-04-10 17:34:59,519 - __main__ - INFO - Computing epoch 35 validation accuracy...
2023-04-10 17:35:02,917 - __main__ - INFO - Computing epoch 35 validation loss...
2023-04-10 17:35:06,312 - __main__ - INFO - [INFO] 2023-04-10 17:35:06.312277 Epoch [36/100] batch [1/391] loss 1.5605 lr 0.07269952498697738 acc 52.34% eta 0:41:16
2023-04-10 17:35:18,339 - __main__ - INFO - [INFO] 2023-04-10 17:35:18.339729 Epoch [36/100] batch [129/391] loss 1.7207 lr 0.07269952498697738 acc 49.22% eta 0:36:28
2023-04-10 17:35:30,181 - __main__ - INFO - [INFO] 2023-04-10 17:35:30.181563 Epoch [36/100] batch [257/391] loss 1.5635 lr 0.07269952498697738 acc 45.31% eta 0:35:56
2023-04-10 17:35:42,024 - __main__ - INFO - [INFO] 2023-04-10 17:35:42.023906 Epoch [36/100] batch [385/391] loss 1.8242 lr 0.07269952498697738 acc 48.44% eta 0:35:39
2023-04-10 17:35:42,557 - __main__ - INFO - Computing epoch 36 validation accuracy...
2023-04-10 17:35:45,770 - __main__ - INFO - Computing epoch 36 validation loss...
2023-04-10 17:35:49,157 - __main__ - INFO - [INFO] 2023-04-10 17:35:49.157142 Epoch [37/100] batch [1/391] loss 1.5557 lr 0.07128896457825366 acc 53.12% eta 0:38:28
2023-04-10 17:36:01,337 - __main__ - INFO - [INFO] 2023-04-10 17:36:01.337789 Epoch [37/100] batch [129/391] loss 1.5381 lr 0.07128896457825366 acc 48.44% eta 0:36:15
2023-04-10 17:36:13,102 - __main__ - INFO - [INFO] 2023-04-10 17:36:13.102480 Epoch [37/100] batch [257/391] loss 1.5781 lr 0.07128896457825366 acc 50.00% eta 0:35:25
2023-04-10 17:36:24,983 - __main__ - INFO - [INFO] 2023-04-10 17:36:24.983383 Epoch [37/100] batch [385/391] loss 1.7129 lr 0.07128896457825366 acc 42.97% eta 0:35:09
2023-04-10 17:36:25,517 - __main__ - INFO - Computing epoch 37 validation accuracy...
2023-04-10 17:36:28,811 - __main__ - INFO - Computing epoch 37 validation loss...
2023-04-10 17:36:32,190 - __main__ - INFO - [INFO] 2023-04-10 17:36:32.189982 Epoch [38/100] batch [1/391] loss 1.5479 lr 0.06985739453173906 acc 50.78% eta 0:37:26
2023-04-10 17:36:44,024 - __main__ - INFO - [INFO] 2023-04-10 17:36:44.024252 Epoch [38/100] batch [129/391] loss 1.5977 lr 0.06985739453173906 acc 52.34% eta 0:34:40
2023-04-10 17:36:56,267 - __main__ - INFO - [INFO] 2023-04-10 17:36:56.267325 Epoch [38/100] batch [257/391] loss 1.4346 lr 0.06985739453173906 acc 53.12% eta 0:35:05
2023-04-10 17:37:08,210 - __main__ - INFO - [INFO] 2023-04-10 17:37:08.210359 Epoch [38/100] batch [385/391] loss 1.4824 lr 0.06985739453173906 acc 55.47% eta 0:34:47
2023-04-10 17:37:08,746 - __main__ - INFO - Computing epoch 38 validation accuracy...
2023-04-10 17:37:11,984 - __main__ - INFO - Computing epoch 38 validation loss...
2023-04-10 17:37:15,336 - __main__ - INFO - [INFO] 2023-04-10 17:37:15.336235 Epoch [39/100] batch [1/391] loss 1.6719 lr 0.06840622763423394 acc 53.12% eta 0:39:19
2023-04-10 17:37:27,205 - __main__ - INFO - [INFO] 2023-04-10 17:37:27.205277 Epoch [39/100] batch [129/391] loss 1.5498 lr 0.06840622763423394 acc 50.78% eta 0:34:10
2023-04-10 17:37:38,930 - __main__ - INFO - [INFO] 2023-04-10 17:37:38.930139 Epoch [39/100] batch [257/391] loss 1.7373 lr 0.06840622763423394 acc 48.44% eta 0:33:47
2023-04-10 17:37:50,747 - __main__ - INFO - [INFO] 2023-04-10 17:37:50.747281 Epoch [39/100] batch [385/391] loss 1.6104 lr 0.06840622763423394 acc 50.00% eta 0:33:36
2023-04-10 17:37:51,298 - __main__ - INFO - Computing epoch 39 validation accuracy...
2023-04-10 17:37:54,678 - __main__ - INFO - Computing epoch 39 validation loss...
2023-04-10 17:37:58,095 - __main__ - INFO - [INFO] 2023-04-10 17:37:58.094915 Epoch [40/100] batch [1/391] loss 1.6064 lr 0.06693689601226462 acc 52.34% eta 0:40:23
2023-04-10 17:38:10,055 - __main__ - INFO - [INFO] 2023-04-10 17:38:10.055530 Epoch [40/100] batch [129/391] loss 1.5557 lr 0.06693689601226462 acc 53.12% eta 0:33:52
2023-04-10 17:38:22,019 - __main__ - INFO - [INFO] 2023-04-10 17:38:22.019221 Epoch [40/100] batch [257/391] loss 1.7842 lr 0.06693689601226462 acc 49.22% eta 0:33:42
2023-04-10 17:38:33,888 - __main__ - INFO - [INFO] 2023-04-10 17:38:33.888727 Epoch [40/100] batch [385/391] loss 1.5977 lr 0.06693689601226462 acc 60.16% eta 0:33:25
2023-04-10 17:38:34,429 - __main__ - INFO - Computing epoch 40 validation accuracy...
2023-04-10 17:38:37,717 - __main__ - INFO - Computing epoch 40 validation loss...
2023-04-10 17:38:41,234 - __main__ - INFO - [INFO] 2023-04-10 17:38:41.234115 Epoch [41/100] batch [1/391] loss 1.6484 lr 0.06545084971874741 acc 54.69% eta 0:36:28
2023-04-10 17:38:53,154 - __main__ - INFO - [INFO] 2023-04-10 17:38:53.154154 Epoch [41/100] batch [129/391] loss 1.6270 lr 0.06545084971874741 acc 57.03% eta 0:33:09
2023-04-10 17:39:05,150 - __main__ - INFO - [INFO] 2023-04-10 17:39:05.150797 Epoch [41/100] batch [257/391] loss 1.8223 lr 0.06545084971874741 acc 46.88% eta 0:33:05
2023-04-10 17:39:17,127 - __main__ - INFO - [INFO] 2023-04-10 17:39:17.127461 Epoch [41/100] batch [385/391] loss 1.4922 lr 0.06545084971874741 acc 49.22% eta 0:32:55
2023-04-10 17:39:17,653 - __main__ - INFO - Computing epoch 41 validation accuracy...
2023-04-10 17:39:20,931 - __main__ - INFO - Computing epoch 41 validation loss...
2023-04-10 17:39:24,468 - __main__ - INFO - [INFO] 2023-04-10 17:39:24.468060 Epoch [42/100] batch [1/391] loss 1.4326 lr 0.06394955530196152 acc 60.94% eta 0:36:00
2023-04-10 17:39:36,173 - __main__ - INFO - [INFO] 2023-04-10 17:39:36.172954 Epoch [42/100] batch [129/391] loss 1.7705 lr 0.06394955530196152 acc 50.78% eta 0:32:06
2023-04-10 17:39:48,084 - __main__ - INFO - [INFO] 2023-04-10 17:39:48.084495 Epoch [42/100] batch [257/391] loss 1.7236 lr 0.06394955530196152 acc 51.56% eta 0:32:12
2023-04-10 17:40:00,088 - __main__ - INFO - [INFO] 2023-04-10 17:40:00.088221 Epoch [42/100] batch [385/391] loss 1.4209 lr 0.06394955530196152 acc 55.47% eta 0:32:12
2023-04-10 17:40:00,630 - __main__ - INFO - Computing epoch 42 validation accuracy...
2023-04-10 17:40:03,897 - __main__ - INFO - Computing epoch 42 validation loss...
2023-04-10 17:40:07,247 - __main__ - INFO - [INFO] 2023-04-10 17:40:07.246834 Epoch [43/100] batch [1/391] loss 1.5273 lr 0.062434494358242776 acc 58.59% eta 0:36:15
2023-04-10 17:40:19,187 - __main__ - INFO - [INFO] 2023-04-10 17:40:19.187756 Epoch [43/100] batch [129/391] loss 1.3623 lr 0.062434494358242776 acc 55.47% eta 0:32:13
2023-04-10 17:40:31,099 - __main__ - INFO - [INFO] 2023-04-10 17:40:31.099396 Epoch [43/100] batch [257/391] loss 1.6035 lr 0.062434494358242776 acc 53.91% eta 0:31:58
2023-04-10 17:40:43,023 - __main__ - INFO - [INFO] 2023-04-10 17:40:43.023255 Epoch [43/100] batch [385/391] loss 1.7021 lr 0.062434494358242776 acc 50.78% eta 0:31:46
2023-04-10 17:40:43,575 - __main__ - INFO - Computing epoch 43 validation accuracy...
2023-04-10 17:40:46,976 - __main__ - INFO - Computing epoch 43 validation loss...
2023-04-10 17:40:50,379 - __main__ - INFO - [INFO] 2023-04-10 17:40:50.379358 Epoch [44/100] batch [1/391] loss 1.4932 lr 0.06090716206982718 acc 55.47% eta 0:36:25
2023-04-10 17:41:02,430 - __main__ - INFO - [INFO] 2023-04-10 17:41:02.430174 Epoch [44/100] batch [129/391] loss 1.7305 lr 0.06090716206982718 acc 48.44% eta 0:31:53
2023-04-10 17:41:14,282 - __main__ - INFO - [INFO] 2023-04-10 17:41:14.282449 Epoch [44/100] batch [257/391] loss 1.7559 lr 0.06090716206982718 acc 52.34% eta 0:31:26
2023-04-10 17:41:26,261 - __main__ - INFO - [INFO] 2023-04-10 17:41:26.261646 Epoch [44/100] batch [385/391] loss 1.7969 lr 0.06090716206982718 acc 48.44% eta 0:31:17
2023-04-10 17:41:26,817 - __main__ - INFO - Computing epoch 44 validation accuracy...
2023-04-10 17:41:30,183 - __main__ - INFO - Computing epoch 44 validation loss...
2023-04-10 17:41:33,701 - __main__ - INFO - [INFO] 2023-04-10 17:41:33.700882 Epoch [45/100] batch [1/391] loss 1.2861 lr 0.05936906572928628 acc 57.81% eta 0:34:34
2023-04-10 17:41:45,817 - __main__ - INFO - [INFO] 2023-04-10 17:41:45.816745 Epoch [45/100] batch [129/391] loss 1.5117 lr 0.05936906572928628 acc 57.03% eta 0:31:35
2023-04-10 17:41:58,012 - __main__ - INFO - [INFO] 2023-04-10 17:41:58.011787 Epoch [45/100] batch [257/391] loss 1.6406 lr 0.05936906572928628 acc 54.69% eta 0:31:29
2023-04-10 17:42:10,223 - __main__ - INFO - [INFO] 2023-04-10 17:42:10.222842 Epoch [45/100] batch [385/391] loss 1.6318 lr 0.05936906572928628 acc 57.03% eta 0:31:17
2023-04-10 17:42:10,796 - __main__ - INFO - Computing epoch 45 validation accuracy...
2023-04-10 17:42:14,134 - __main__ - INFO - Computing epoch 45 validation loss...
2023-04-10 17:42:17,677 - __main__ - INFO - [INFO] 2023-04-10 17:42:17.677419 Epoch [46/100] batch [1/391] loss 1.5010 lr 0.05782172325201159 acc 51.56% eta 0:34:02
2023-04-10 17:42:29,580 - __main__ - INFO - [INFO] 2023-04-10 17:42:29.580285 Epoch [46/100] batch [129/391] loss 1.5137 lr 0.05782172325201159 acc 57.03% eta 0:30:25
2023-04-10 17:42:41,663 - __main__ - INFO - [INFO] 2023-04-10 17:42:41.662964 Epoch [46/100] batch [257/391] loss 1.5273 lr 0.05782172325201159 acc 65.62% eta 0:30:28
2023-04-10 17:42:53,872 - __main__ - INFO - [INFO] 2023-04-10 17:42:53.872454 Epoch [46/100] batch [385/391] loss 1.5840 lr 0.05782172325201159 acc 45.31% eta 0:30:27
2023-04-10 17:42:54,434 - __main__ - INFO - Computing epoch 46 validation accuracy...
2023-04-10 17:42:57,692 - __main__ - INFO - Computing epoch 46 validation loss...
2023-04-10 17:43:01,125 - __main__ - INFO - [INFO] 2023-04-10 17:43:01.125673 Epoch [47/100] batch [1/391] loss 1.6240 lr 0.056266661678215264 acc 57.03% eta 0:31:22
2023-04-10 17:43:12,955 - __main__ - INFO - [INFO] 2023-04-10 17:43:12.955546 Epoch [47/100] batch [129/391] loss 1.5557 lr 0.056266661678215264 acc 49.22% eta 0:29:37
2023-04-10 17:43:24,796 - __main__ - INFO - [INFO] 2023-04-10 17:43:24.796566 Epoch [47/100] batch [257/391] loss 1.7842 lr 0.056266661678215264 acc 46.88% eta 0:29:28
2023-04-10 17:43:36,772 - __main__ - INFO - [INFO] 2023-04-10 17:43:36.772639 Epoch [47/100] batch [385/391] loss 1.5322 lr 0.056266661678215264 acc 51.56% eta 0:29:24
2023-04-10 17:43:37,314 - __main__ - INFO - Computing epoch 47 validation accuracy...
2023-04-10 17:43:40,894 - __main__ - INFO - Computing epoch 47 validation loss...
2023-04-10 17:43:44,256 - __main__ - INFO - [INFO] 2023-04-10 17:43:44.256774 Epoch [48/100] batch [1/391] loss 1.5996 lr 0.05470541566592575 acc 59.38% eta 0:31:16
2023-04-10 17:43:56,482 - __main__ - INFO - [INFO] 2023-04-10 17:43:56.482345 Epoch [48/100] batch [129/391] loss 1.6113 lr 0.05470541566592575 acc 56.25% eta 0:30:06
2023-04-10 17:44:08,554 - __main__ - INFO - [INFO] 2023-04-10 17:44:08.554557 Epoch [48/100] batch [257/391] loss 1.4189 lr 0.05470541566592575 acc 66.41% eta 0:29:41
2023-04-10 17:44:20,636 - __main__ - INFO - [INFO] 2023-04-10 17:44:20.636448 Epoch [48/100] batch [385/391] loss 1.3848 lr 0.05470541566592575 acc 59.38% eta 0:29:27
2023-04-10 17:44:21,187 - __main__ - INFO - Computing epoch 48 validation accuracy...
2023-04-10 17:44:24,492 - __main__ - INFO - Computing epoch 48 validation loss...
2023-04-10 17:44:27,847 - __main__ - INFO - [INFO] 2023-04-10 17:44:27.846927 Epoch [49/100] batch [1/391] loss 1.3994 lr 0.053139525976465714 acc 60.94% eta 0:34:11
2023-04-10 17:44:39,843 - __main__ - INFO - [INFO] 2023-04-10 17:44:39.843584 Epoch [49/100] batch [129/391] loss 1.4863 lr 0.053139525976465714 acc 53.12% eta 0:28:58
2023-04-10 17:44:51,715 - __main__ - INFO - [INFO] 2023-04-10 17:44:51.714969 Epoch [49/100] batch [257/391] loss 1.4580 lr 0.053139525976465714 acc 60.16% eta 0:28:38
2023-04-10 17:45:03,648 - __main__ - INFO - [INFO] 2023-04-10 17:45:03.648507 Epoch [49/100] batch [385/391] loss 1.4980 lr 0.053139525976465714 acc 59.38% eta 0:28:26
2023-04-10 17:45:04,191 - __main__ - INFO - Computing epoch 49 validation accuracy...
2023-04-10 17:45:07,408 - __main__ - INFO - Computing epoch 49 validation loss...
2023-04-10 17:45:10,678 - __main__ - INFO - [INFO] 2023-04-10 17:45:10.677859 Epoch [50/100] batch [1/391] loss 1.4805 lr 0.05157053795390645 acc 56.25% eta 0:30:51
2023-04-10 17:45:22,619 - __main__ - INFO - [INFO] 2023-04-10 17:45:22.619518 Epoch [50/100] batch [129/391] loss 1.4580 lr 0.05157053795390645 acc 60.16% eta 0:28:10
2023-04-10 17:45:34,607 - __main__ - INFO - [INFO] 2023-04-10 17:45:34.606864 Epoch [50/100] batch [257/391] loss 1.4180 lr 0.05157053795390645 acc 57.03% eta 0:28:06
2023-04-10 17:45:46,554 - __main__ - INFO - [INFO] 2023-04-10 17:45:46.553905 Epoch [50/100] batch [385/391] loss 1.4111 lr 0.05157053795390645 acc 56.25% eta 0:27:53
2023-04-10 17:45:47,093 - __main__ - INFO - Computing epoch 50 validation accuracy...
2023-04-10 17:45:50,467 - __main__ - INFO - Computing epoch 50 validation loss...
2023-04-10 17:45:53,874 - __main__ - INFO - [INFO] 2023-04-10 17:45:53.874036 Epoch [51/100] batch [1/391] loss 1.4531 lr 0.05000000000000004 acc 45.31% eta 0:32:45
2023-04-10 17:46:06,104 - __main__ - INFO - [INFO] 2023-04-10 17:46:06.103882 Epoch [51/100] batch [129/391] loss 1.4512 lr 0.05000000000000004 acc 63.28% eta 0:28:23
2023-04-10 17:46:17,999 - __main__ - INFO - [INFO] 2023-04-10 17:46:17.999088 Epoch [51/100] batch [257/391] loss 1.3096 lr 0.05000000000000004 acc 50.00% eta 0:27:49
2023-04-10 17:46:30,119 - __main__ - INFO - [INFO] 2023-04-10 17:46:30.118846 Epoch [51/100] batch [385/391] loss 1.4316 lr 0.05000000000000004 acc 56.25% eta 0:27:41
2023-04-10 17:46:30,662 - __main__ - INFO - Computing epoch 51 validation accuracy...
2023-04-10 17:46:33,971 - __main__ - INFO - Computing epoch 51 validation loss...
2023-04-10 17:46:37,318 - __main__ - INFO - [INFO] 2023-04-10 17:46:37.318187 Epoch [52/100] batch [1/391] loss 1.4053 lr 0.04842946204609362 acc 54.69% eta 0:28:46
2023-04-10 17:46:49,460 - __main__ - INFO - [INFO] 2023-04-10 17:46:49.460698 Epoch [52/100] batch [129/391] loss 1.4590 lr 0.04842946204609362 acc 57.03% eta 0:27:36
2023-04-10 17:47:01,634 - __main__ - INFO - [INFO] 2023-04-10 17:47:01.634424 Epoch [52/100] batch [257/391] loss 1.5996 lr 0.04842946204609362 acc 49.22% eta 0:27:28
2023-04-10 17:47:13,667 - __main__ - INFO - [INFO] 2023-04-10 17:47:13.666607 Epoch [52/100] batch [385/391] loss 1.4854 lr 0.04842946204609362 acc 55.47% eta 0:27:10
2023-04-10 17:47:14,272 - __main__ - INFO - Computing epoch 52 validation accuracy...
2023-04-10 17:47:17,756 - __main__ - INFO - Computing epoch 52 validation loss...
2023-04-10 17:47:21,129 - __main__ - INFO - [INFO] 2023-04-10 17:47:21.129358 Epoch [53/100] batch [1/391] loss 1.3291 lr 0.04686047402353437 acc 60.94% eta 0:29:04
2023-04-10 17:47:33,240 - __main__ - INFO - [INFO] 2023-04-10 17:47:33.240025 Epoch [53/100] batch [129/391] loss 1.6963 lr 0.04686047402353437 acc 53.91% eta 0:27:03
2023-04-10 17:47:45,102 - __main__ - INFO - [INFO] 2023-04-10 17:47:45.102158 Epoch [53/100] batch [257/391] loss 1.3926 lr 0.04686047402353437 acc 46.88% eta 0:26:33
2023-04-10 17:47:57,474 - __main__ - INFO - [INFO] 2023-04-10 17:47:57.473862 Epoch [53/100] batch [385/391] loss 1.2988 lr 0.04686047402353437 acc 63.28% eta 0:26:38
2023-04-10 17:47:58,095 - __main__ - INFO - Computing epoch 53 validation accuracy...
2023-04-10 17:48:01,431 - __main__ - INFO - Computing epoch 53 validation loss...
2023-04-10 17:48:04,795 - __main__ - INFO - [INFO] 2023-04-10 17:48:04.794955 Epoch [54/100] batch [1/391] loss 1.7168 lr 0.045294584334074316 acc 53.12% eta 0:28:09
2023-04-10 17:48:16,488 - __main__ - INFO - [INFO] 2023-04-10 17:48:16.488250 Epoch [54/100] batch [129/391] loss 1.6055 lr 0.045294584334074316 acc 57.81% eta 0:25:29
2023-04-10 17:48:28,373 - __main__ - INFO - [INFO] 2023-04-10 17:48:28.372845 Epoch [54/100] batch [257/391] loss 1.3799 lr 0.045294584334074316 acc 64.06% eta 0:25:32
2023-04-10 17:48:40,438 - __main__ - INFO - [INFO] 2023-04-10 17:48:40.437856 Epoch [54/100] batch [385/391] loss 1.7119 lr 0.045294584334074316 acc 52.34% eta 0:25:32
2023-04-10 17:48:41,029 - __main__ - INFO - Computing epoch 54 validation accuracy...
2023-04-10 17:48:44,324 - __main__ - INFO - Computing epoch 54 validation loss...
2023-04-10 17:48:47,701 - __main__ - INFO - [INFO] 2023-04-10 17:48:47.701416 Epoch [55/100] batch [1/391] loss 1.5029 lr 0.043733338321784825 acc 57.03% eta 0:28:03
2023-04-10 17:48:59,596 - __main__ - INFO - [INFO] 2023-04-10 17:48:59.596658 Epoch [55/100] batch [129/391] loss 1.6094 lr 0.043733338321784825 acc 58.59% eta 0:25:24
2023-04-10 17:49:11,887 - __main__ - INFO - [INFO] 2023-04-10 17:49:11.886978 Epoch [55/100] batch [257/391] loss 1.5010 lr 0.043733338321784825 acc 51.56% eta 0:25:39
2023-04-10 17:49:24,108 - __main__ - INFO - [INFO] 2023-04-10 17:49:24.107935 Epoch [55/100] batch [385/391] loss 1.3887 lr 0.043733338321784825 acc 57.03% eta 0:25:33
2023-04-10 17:49:24,684 - __main__ - INFO - Computing epoch 55 validation accuracy...
2023-04-10 17:49:28,078 - __main__ - INFO - Computing epoch 55 validation loss...
2023-04-10 17:49:31,394 - __main__ - INFO - [INFO] 2023-04-10 17:49:31.394392 Epoch [56/100] batch [1/391] loss 1.4717 lr 0.042178276747988484 acc 50.00% eta 0:26:28
2023-04-10 17:49:43,368 - __main__ - INFO - [INFO] 2023-04-10 17:49:43.368171 Epoch [56/100] batch [129/391] loss 1.4971 lr 0.042178276747988484 acc 57.81% eta 0:24:57
2023-04-10 17:49:55,295 - __main__ - INFO - [INFO] 2023-04-10 17:49:55.294807 Epoch [56/100] batch [257/391] loss 1.3604 lr 0.042178276747988484 acc 58.59% eta 0:24:43
2023-04-10 17:50:07,126 - __main__ - INFO - [INFO] 2023-04-10 17:50:07.125870 Epoch [56/100] batch [385/391] loss 1.3721 lr 0.042178276747988484 acc 61.72% eta 0:24:28
2023-04-10 17:50:07,641 - __main__ - INFO - Computing epoch 56 validation accuracy...
2023-04-10 17:50:10,909 - __main__ - INFO - Computing epoch 56 validation loss...
2023-04-10 17:50:14,191 - __main__ - INFO - [INFO] 2023-04-10 17:50:14.191205 Epoch [57/100] batch [1/391] loss 1.3164 lr 0.0406309342707138 acc 63.28% eta 0:25:39
2023-04-10 17:50:25,929 - __main__ - INFO - [INFO] 2023-04-10 17:50:25.928808 Epoch [57/100] batch [129/391] loss 1.3730 lr 0.0406309342707138 acc 60.94% eta 0:23:57
2023-04-10 17:50:37,805 - __main__ - INFO - [INFO] 2023-04-10 17:50:37.804969 Epoch [57/100] batch [257/391] loss 1.3174 lr 0.0406309342707138 acc 61.72% eta 0:23:55
2023-04-10 17:50:49,754 - __main__ - INFO - [INFO] 2023-04-10 17:50:49.754015 Epoch [57/100] batch [385/391] loss 1.5488 lr 0.0406309342707138 acc 53.12% eta 0:23:49
2023-04-10 17:50:50,281 - __main__ - INFO - Computing epoch 57 validation accuracy...
2023-04-10 17:50:53,541 - __main__ - INFO - Computing epoch 57 validation loss...
2023-04-10 17:50:56,925 - __main__ - INFO - [INFO] 2023-04-10 17:50:56.925420 Epoch [58/100] batch [1/391] loss 1.2910 lr 0.039092837930172916 acc 64.84% eta 0:25:41
2023-04-10 17:51:09,367 - __main__ - INFO - [INFO] 2023-04-10 17:51:09.367798 Epoch [58/100] batch [129/391] loss 1.6367 lr 0.039092837930172916 acc 53.12% eta 0:24:53
2023-04-10 17:51:21,441 - __main__ - INFO - [INFO] 2023-04-10 17:51:21.441368 Epoch [58/100] batch [257/391] loss 1.3301 lr 0.039092837930172916 acc 60.16% eta 0:24:18
2023-04-10 17:51:34,065 - __main__ - INFO - [INFO] 2023-04-10 17:51:34.065367 Epoch [58/100] batch [385/391] loss 1.4834 lr 0.039092837930172916 acc 57.81% eta 0:24:01
2023-04-10 17:51:34,639 - __main__ - INFO - Computing epoch 58 validation accuracy...
2023-04-10 17:51:38,116 - __main__ - INFO - Computing epoch 58 validation loss...
2023-04-10 17:51:41,630 - __main__ - INFO - [INFO] 2023-04-10 17:51:41.630208 Epoch [59/100] batch [1/391] loss 1.5488 lr 0.037565505641757285 acc 58.59% eta 0:25:40
2023-04-10 17:51:54,448 - __main__ - INFO - [INFO] 2023-04-10 17:51:54.448317 Epoch [59/100] batch [129/391] loss 1.3369 lr 0.037565505641757285 acc 50.78% eta 0:23:32
2023-04-10 17:52:06,966 - __main__ - INFO - [INFO] 2023-04-10 17:52:06.966579 Epoch [59/100] batch [257/391] loss 1.3018 lr 0.037565505641757285 acc 66.41% eta 0:23:31
2023-04-10 17:52:19,420 - __main__ - INFO - [INFO] 2023-04-10 17:52:19.420122 Epoch [59/100] batch [385/391] loss 1.3828 lr 0.037565505641757285 acc 60.16% eta 0:23:31
2023-04-10 17:52:19,946 - __main__ - INFO - Computing epoch 59 validation accuracy...
2023-04-10 17:52:23,389 - __main__ - INFO - Computing epoch 59 validation loss...
2023-04-10 17:52:26,821 - __main__ - INFO - [INFO] 2023-04-10 17:52:26.821113 Epoch [60/100] batch [1/391] loss 1.3789 lr 0.03605044469803857 acc 60.16% eta 0:23:42
2023-04-10 17:52:38,604 - __main__ - INFO - [INFO] 2023-04-10 17:52:38.604193 Epoch [60/100] batch [129/391] loss 1.3115 lr 0.03605044469803857 acc 60.94% eta 0:22:25
2023-04-10 17:52:50,365 - __main__ - INFO - [INFO] 2023-04-10 17:52:50.364903 Epoch [60/100] batch [257/391] loss 1.4258 lr 0.03605044469803857 acc 55.47% eta 0:22:13
2023-04-10 17:53:02,330 - __main__ - INFO - [INFO] 2023-04-10 17:53:02.330127 Epoch [60/100] batch [385/391] loss 1.3584 lr 0.03605044469803857 acc 60.94% eta 0:22:09
2023-04-10 17:53:02,869 - __main__ - INFO - Computing epoch 60 validation accuracy...
2023-04-10 17:53:06,119 - __main__ - INFO - Computing epoch 60 validation loss...
2023-04-10 17:53:09,424 - __main__ - INFO - [INFO] 2023-04-10 17:53:09.424776 Epoch [61/100] batch [1/391] loss 1.5068 lr 0.034549150281252675 acc 55.47% eta 0:23:47
2023-04-10 17:53:21,209 - __main__ - INFO - [INFO] 2023-04-10 17:53:21.209300 Epoch [61/100] batch [129/391] loss 1.4053 lr 0.034549150281252675 acc 57.03% eta 0:21:46
2023-04-10 17:53:33,117 - __main__ - INFO - [INFO] 2023-04-10 17:53:33.117319 Epoch [61/100] batch [257/391] loss 1.4688 lr 0.034549150281252675 acc 60.94% eta 0:21:44
2023-04-10 17:53:45,028 - __main__ - INFO - [INFO] 2023-04-10 17:53:45.028743 Epoch [61/100] batch [385/391] loss 1.5693 lr 0.034549150281252675 acc 53.91% eta 0:21:36
2023-04-10 17:53:45,555 - __main__ - INFO - Computing epoch 61 validation accuracy...
2023-04-10 17:53:48,832 - __main__ - INFO - Computing epoch 61 validation loss...
2023-04-10 17:53:52,342 - __main__ - INFO - [INFO] 2023-04-10 17:53:52.342656 Epoch [62/100] batch [1/391] loss 1.5254 lr 0.03306310398773546 acc 54.69% eta 0:26:16
2023-04-10 17:54:04,481 - __main__ - INFO - [INFO] 2023-04-10 17:54:04.481547 Epoch [62/100] batch [129/391] loss 1.5742 lr 0.03306310398773546 acc 53.12% eta 0:21:58
2023-04-10 17:54:16,470 - __main__ - INFO - [INFO] 2023-04-10 17:54:16.470161 Epoch [62/100] batch [257/391] loss 1.6055 lr 0.03306310398773546 acc 57.03% eta 0:21:38
2023-04-10 17:54:28,367 - __main__ - INFO - [INFO] 2023-04-10 17:54:28.366975 Epoch [62/100] batch [385/391] loss 1.5215 lr 0.03306310398773546 acc 57.03% eta 0:21:21
2023-04-10 17:54:28,892 - __main__ - INFO - Computing epoch 62 validation accuracy...
2023-04-10 17:54:32,104 - __main__ - INFO - Computing epoch 62 validation loss...
2023-04-10 17:54:35,468 - __main__ - INFO - [INFO] 2023-04-10 17:54:35.468792 Epoch [63/100] batch [1/391] loss 1.4062 lr 0.031593772365766146 acc 62.50% eta 0:23:17
2023-04-10 17:54:47,257 - __main__ - INFO - [INFO] 2023-04-10 17:54:47.257578 Epoch [63/100] batch [129/391] loss 1.5479 lr 0.031593772365766146 acc 57.03% eta 0:20:45
2023-04-10 17:54:59,074 - __main__ - INFO - [INFO] 2023-04-10 17:54:59.074620 Epoch [63/100] batch [257/391] loss 1.5020 lr 0.031593772365766146 acc 52.34% eta 0:20:34
2023-04-10 17:55:10,874 - __main__ - INFO - [INFO] 2023-04-10 17:55:10.874228 Epoch [63/100] batch [385/391] loss 1.3447 lr 0.031593772365766146 acc 56.25% eta 0:20:23
2023-04-10 17:55:11,409 - __main__ - INFO - Computing epoch 63 validation accuracy...
2023-04-10 17:55:14,707 - __main__ - INFO - Computing epoch 63 validation loss...
2023-04-10 17:55:18,048 - __main__ - INFO - [INFO] 2023-04-10 17:55:18.048442 Epoch [64/100] batch [1/391] loss 1.3066 lr 0.030142605468260992 acc 62.50% eta 0:21:52
2023-04-10 17:55:29,907 - __main__ - INFO - [INFO] 2023-04-10 17:55:29.907110 Epoch [64/100] batch [129/391] loss 1.4482 lr 0.030142605468260992 acc 61.72% eta 0:20:20
2023-04-10 17:55:41,718 - __main__ - INFO - [INFO] 2023-04-10 17:55:41.718601 Epoch [64/100] batch [257/391] loss 1.3789 lr 0.030142605468260992 acc 59.38% eta 0:20:06
2023-04-10 17:55:53,648 - __main__ - INFO - [INFO] 2023-04-10 17:55:53.648187 Epoch [64/100] batch [385/391] loss 1.2432 lr 0.030142605468260992 acc 67.19% eta 0:19:59
2023-04-10 17:55:54,177 - __main__ - INFO - Computing epoch 64 validation accuracy...
2023-04-10 17:55:57,432 - __main__ - INFO - Computing epoch 64 validation loss...
2023-04-10 17:56:00,735 - __main__ - INFO - [INFO] 2023-04-10 17:56:00.735024 Epoch [65/100] batch [1/391] loss 1.1055 lr 0.028711035421746394 acc 68.75% eta 0:21:19
2023-04-10 17:56:12,790 - __main__ - INFO - [INFO] 2023-04-10 17:56:12.790697 Epoch [65/100] batch [129/391] loss 1.4854 lr 0.028711035421746394 acc 60.16% eta 0:20:07
2023-04-10 17:56:24,534 - __main__ - INFO - [INFO] 2023-04-10 17:56:24.533854 Epoch [65/100] batch [257/391] loss 1.1582 lr 0.028711035421746394 acc 65.62% eta 0:19:38
2023-04-10 17:56:36,567 - __main__ - INFO - [INFO] 2023-04-10 17:56:36.566976 Epoch [65/100] batch [385/391] loss 1.3740 lr 0.028711035421746394 acc 64.84% eta 0:19:31
2023-04-10 17:56:37,119 - __main__ - INFO - Computing epoch 65 validation accuracy...
2023-04-10 17:56:40,516 - __main__ - INFO - Computing epoch 65 validation loss...
2023-04-10 17:56:43,873 - __main__ - INFO - [INFO] 2023-04-10 17:56:43.873210 Epoch [66/100] batch [1/391] loss 1.3262 lr 0.027300475013022688 acc 64.06% eta 0:32:42
2023-04-10 17:56:56,263 - __main__ - INFO - [INFO] 2023-04-10 17:56:56.263108 Epoch [66/100] batch [129/391] loss 1.2178 lr 0.027300475013022688 acc 62.50% eta 0:20:11
2023-04-10 17:57:08,121 - __main__ - INFO - [INFO] 2023-04-10 17:57:08.121593 Epoch [66/100] batch [257/391] loss 1.2949 lr 0.027300475013022688 acc 66.41% eta 0:19:30
2023-04-10 17:57:20,243 - __main__ - INFO - [INFO] 2023-04-10 17:57:20.243209 Epoch [66/100] batch [385/391] loss 1.1699 lr 0.027300475013022688 acc 62.50% eta 0:19:19
2023-04-10 17:57:20,784 - __main__ - INFO - Computing epoch 66 validation accuracy...
2023-04-10 17:57:24,141 - __main__ - INFO - Computing epoch 66 validation loss...
2023-04-10 17:57:27,777 - __main__ - INFO - [INFO] 2023-04-10 17:57:27.776890 Epoch [67/100] batch [1/391] loss 1.2871 lr 0.025912316294914254 acc 64.06% eta 0:20:58
2023-04-10 17:57:39,837 - __main__ - INFO - [INFO] 2023-04-10 17:57:39.836900 Epoch [67/100] batch [129/391] loss 1.4219 lr 0.025912316294914254 acc 57.81% eta 0:18:59
2023-04-10 17:57:52,301 - __main__ - INFO - [INFO] 2023-04-10 17:57:52.300919 Epoch [67/100] batch [257/391] loss 1.1592 lr 0.025912316294914254 acc 65.62% eta 0:19:07
2023-04-10 17:58:04,202 - __main__ - INFO - [INFO] 2023-04-10 17:58:04.202010 Epoch [67/100] batch [385/391] loss 1.1748 lr 0.025912316294914254 acc 64.84% eta 0:18:44
2023-04-10 17:58:04,734 - __main__ - INFO - Computing epoch 67 validation accuracy...
2023-04-10 17:58:07,972 - __main__ - INFO - Computing epoch 67 validation loss...
2023-04-10 17:58:11,284 - __main__ - INFO - [INFO] 2023-04-10 17:58:11.283976 Epoch [68/100] batch [1/391] loss 1.2842 lr 0.02454792921248146 acc 60.94% eta 0:19:31
2023-04-10 17:58:23,409 - __main__ - INFO - [INFO] 2023-04-10 17:58:23.409263 Epoch [68/100] batch [129/391] loss 1.2676 lr 0.02454792921248146 acc 60.94% eta 0:18:29
2023-04-10 17:58:35,501 - __main__ - INFO - [INFO] 2023-04-10 17:58:35.501401 Epoch [68/100] batch [257/391] loss 1.2773 lr 0.02454792921248146 acc 61.72% eta 0:18:16
2023-04-10 17:58:47,600 - __main__ - INFO - [INFO] 2023-04-10 17:58:47.600401 Epoch [68/100] batch [385/391] loss 1.4902 lr 0.02454792921248146 acc 53.12% eta 0:18:06
2023-04-10 17:58:48,173 - __main__ - INFO - Computing epoch 68 validation accuracy...
2023-04-10 17:58:51,518 - __main__ - INFO - Computing epoch 68 validation loss...
2023-04-10 17:58:54,822 - __main__ - INFO - [INFO] 2023-04-10 17:58:54.822553 Epoch [69/100] batch [1/391] loss 1.4043 lr 0.02320866025105018 acc 58.59% eta 0:18:35
2023-04-10 17:59:06,977 - __main__ - INFO - [INFO] 2023-04-10 17:59:06.976968 Epoch [69/100] batch [129/391] loss 1.2695 lr 0.02320866025105018 acc 66.41% eta 0:18:00
2023-04-10 17:59:18,853 - __main__ - INFO - [INFO] 2023-04-10 17:59:18.853664 Epoch [69/100] batch [257/391] loss 1.2021 lr 0.02320866025105018 acc 64.06% eta 0:17:37
2023-04-10 17:59:30,596 - __main__ - INFO - [INFO] 2023-04-10 17:59:30.596336 Epoch [69/100] batch [385/391] loss 1.4121 lr 0.02320866025105018 acc 59.38% eta 0:17:17
2023-04-10 17:59:31,139 - __main__ - INFO - Computing epoch 69 validation accuracy...
2023-04-10 17:59:34,468 - __main__ - INFO - Computing epoch 69 validation loss...
2023-04-10 17:59:38,024 - __main__ - INFO - [INFO] 2023-04-10 17:59:38.024163 Epoch [70/100] batch [1/391] loss 1.1836 lr 0.021895831107393487 acc 67.97% eta 0:18:29
2023-04-10 17:59:50,136 - __main__ - INFO - [INFO] 2023-04-10 17:59:50.135962 Epoch [70/100] batch [129/391] loss 1.3213 lr 0.021895831107393487 acc 64.06% eta 0:17:22
2023-04-10 18:00:01,913 - __main__ - INFO - [INFO] 2023-04-10 18:00:01.913025 Epoch [70/100] batch [257/391] loss 1.0312 lr 0.021895831107393487 acc 67.19% eta 0:16:56
2023-04-10 18:00:13,683 - __main__ - INFO - [INFO] 2023-04-10 18:00:13.682849 Epoch [70/100] batch [385/391] loss 1.3945 lr 0.021895831107393487 acc 63.28% eta 0:16:40
2023-04-10 18:00:14,232 - __main__ - INFO - Computing epoch 70 validation accuracy...
2023-04-10 18:00:17,444 - __main__ - INFO - Computing epoch 70 validation loss...
2023-04-10 18:00:20,779 - __main__ - INFO - [INFO] 2023-04-10 18:00:20.779739 Epoch [71/100] batch [1/391] loss 1.0273 lr 0.02061073738537637 acc 67.19% eta 0:18:09
2023-04-10 18:00:32,565 - __main__ - INFO - [INFO] 2023-04-10 18:00:32.565382 Epoch [71/100] batch [129/391] loss 1.1543 lr 0.02061073738537637 acc 66.41% eta 0:16:19
2023-04-10 18:00:44,329 - __main__ - INFO - [INFO] 2023-04-10 18:00:44.329176 Epoch [71/100] batch [257/391] loss 1.2627 lr 0.02061073738537637 acc 69.53% eta 0:16:08
2023-04-10 18:00:56,015 - __main__ - INFO - [INFO] 2023-04-10 18:00:56.015944 Epoch [71/100] batch [385/391] loss 1.3027 lr 0.02061073738537637 acc 65.62% eta 0:15:55
2023-04-10 18:00:56,558 - __main__ - INFO - Computing epoch 71 validation accuracy...
2023-04-10 18:00:59,818 - __main__ - INFO - Computing epoch 71 validation loss...
2023-04-10 18:01:03,187 - __main__ - INFO - [INFO] 2023-04-10 18:01:03.187823 Epoch [72/100] batch [1/391] loss 1.2109 lr 0.01935464731735119 acc 64.84% eta 0:17:20
2023-04-10 18:01:14,901 - __main__ - INFO - [INFO] 2023-04-10 18:01:14.900924 Epoch [72/100] batch [129/391] loss 1.1074 lr 0.01935464731735119 acc 71.09% eta 0:15:41
2023-04-10 18:01:26,701 - __main__ - INFO - [INFO] 2023-04-10 18:01:26.701377 Epoch [72/100] batch [257/391] loss 1.2256 lr 0.01935464731735119 acc 70.31% eta 0:15:34
2023-04-10 18:01:38,644 - __main__ - INFO - [INFO] 2023-04-10 18:01:38.644593 Epoch [72/100] batch [385/391] loss 1.3057 lr 0.01935464731735119 acc 58.59% eta 0:15:28
2023-04-10 18:01:39,245 - __main__ - INFO - Computing epoch 72 validation accuracy...
2023-04-10 18:01:42,491 - __main__ - INFO - Computing epoch 72 validation loss...
2023-04-10 18:01:45,923 - __main__ - INFO - [INFO] 2023-04-10 18:01:45.923760 Epoch [73/100] batch [1/391] loss 1.1553 lr 0.018128800512565532 acc 64.84% eta 0:17:17
2023-04-10 18:01:57,651 - __main__ - INFO - [INFO] 2023-04-10 18:01:57.651344 Epoch [73/100] batch [129/391] loss 1.1416 lr 0.018128800512565532 acc 70.31% eta 0:15:10
2023-04-10 18:02:09,466 - __main__ - INFO - [INFO] 2023-04-10 18:02:09.465863 Epoch [73/100] batch [257/391] loss 0.9224 lr 0.018128800512565532 acc 73.44% eta 0:15:02
2023-04-10 18:02:21,341 - __main__ - INFO - [INFO] 2023-04-10 18:02:21.341747 Epoch [73/100] batch [385/391] loss 1.3281 lr 0.018128800512565532 acc 56.25% eta 0:14:53
2023-04-10 18:02:21,877 - __main__ - INFO - Computing epoch 73 validation accuracy...
2023-04-10 18:02:25,090 - __main__ - INFO - Computing epoch 73 validation loss...
2023-04-10 18:02:28,419 - __main__ - INFO - [INFO] 2023-04-10 18:02:28.419600 Epoch [74/100] batch [1/391] loss 1.2637 lr 0.016934406733817433 acc 65.62% eta 0:16:20
2023-04-10 18:02:40,264 - __main__ - INFO - [INFO] 2023-04-10 18:02:40.264389 Epoch [74/100] batch [129/391] loss 1.1201 lr 0.016934406733817433 acc 69.53% eta 0:14:43
2023-04-10 18:02:52,108 - __main__ - INFO - [INFO] 2023-04-10 18:02:52.108721 Epoch [74/100] batch [257/391] loss 1.0107 lr 0.016934406733817433 acc 71.09% eta 0:14:33
2023-04-10 18:03:03,983 - __main__ - INFO - [INFO] 2023-04-10 18:03:03.983741 Epoch [74/100] batch [385/391] loss 1.4033 lr 0.016934406733817433 acc 61.72% eta 0:14:24
2023-04-10 18:03:04,545 - __main__ - INFO - Computing epoch 74 validation accuracy...
2023-04-10 18:03:07,819 - __main__ - INFO - Computing epoch 74 validation loss...
2023-04-10 18:03:11,133 - __main__ - INFO - [INFO] 2023-04-10 18:03:11.133499 Epoch [75/100] batch [1/391] loss 1.1846 lr 0.01577264470356558 acc 66.41% eta 0:15:25
2023-04-10 18:03:22,880 - __main__ - INFO - [INFO] 2023-04-10 18:03:22.880081 Epoch [75/100] batch [129/391] loss 1.1816 lr 0.01577264470356558 acc 67.19% eta 0:14:06
2023-04-10 18:03:34,623 - __main__ - INFO - [INFO] 2023-04-10 18:03:34.623350 Epoch [75/100] batch [257/391] loss 1.3330 lr 0.01577264470356558 acc 59.38% eta 0:13:54
2023-04-10 18:03:46,555 - __main__ - INFO - [INFO] 2023-04-10 18:03:46.555058 Epoch [75/100] batch [385/391] loss 1.1826 lr 0.01577264470356558 acc 67.19% eta 0:13:47
2023-04-10 18:03:47,088 - __main__ - INFO - Computing epoch 75 validation accuracy...
2023-04-10 18:03:50,323 - __main__ - INFO - Computing epoch 75 validation loss...
2023-04-10 18:03:53,636 - __main__ - INFO - [INFO] 2023-04-10 18:03:53.636086 Epoch [76/100] batch [1/391] loss 1.4238 lr 0.014644660940672643 acc 62.50% eta 0:14:25
2023-04-10 18:04:05,471 - __main__ - INFO - [INFO] 2023-04-10 18:04:05.471647 Epoch [76/100] batch [129/391] loss 1.3086 lr 0.014644660940672643 acc 64.06% eta 0:13:39
2023-04-10 18:04:17,545 - __main__ - INFO - [INFO] 2023-04-10 18:04:17.545315 Epoch [76/100] batch [257/391] loss 1.2812 lr 0.014644660940672643 acc 64.06% eta 0:13:36
2023-04-10 18:04:29,295 - __main__ - INFO - [INFO] 2023-04-10 18:04:29.295540 Epoch [76/100] batch [385/391] loss 1.3447 lr 0.014644660940672643 acc 57.81% eta 0:13:20
2023-04-10 18:04:29,860 - __main__ - INFO - Computing epoch 76 validation accuracy...
2023-04-10 18:04:33,105 - __main__ - INFO - Computing epoch 76 validation loss...
2023-04-10 18:04:36,493 - __main__ - INFO - [INFO] 2023-04-10 18:04:36.493762 Epoch [77/100] batch [1/391] loss 1.0352 lr 0.013551568628929448 acc 72.66% eta 0:14:24
2023-04-10 18:04:48,249 - __main__ - INFO - [INFO] 2023-04-10 18:04:48.249237 Epoch [77/100] batch [129/391] loss 0.9575 lr 0.013551568628929448 acc 75.78% eta 0:13:02
2023-04-10 18:04:59,971 - __main__ - INFO - [INFO] 2023-04-10 18:04:59.971544 Epoch [77/100] batch [257/391] loss 1.1406 lr 0.013551568628929448 acc 67.19% eta 0:12:49
2023-04-10 18:05:12,210 - __main__ - INFO - [INFO] 2023-04-10 18:05:12.210517 Epoch [77/100] batch [385/391] loss 1.2959 lr 0.013551568628929448 acc 61.72% eta 0:12:49
2023-04-10 18:05:12,737 - __main__ - INFO - Computing epoch 77 validation accuracy...
2023-04-10 18:05:15,963 - __main__ - INFO - Computing epoch 77 validation loss...
2023-04-10 18:05:19,320 - __main__ - INFO - [INFO] 2023-04-10 18:05:19.320173 Epoch [78/100] batch [1/391] loss 0.9502 lr 0.012494446518477033 acc 71.88% eta 0:13:37
2023-04-10 18:05:31,298 - __main__ - INFO - [INFO] 2023-04-10 18:05:31.298303 Epoch [78/100] batch [129/391] loss 0.9121 lr 0.012494446518477033 acc 77.34% eta 0:12:42
2023-04-10 18:05:43,013 - __main__ - INFO - [INFO] 2023-04-10 18:05:43.013317 Epoch [78/100] batch [257/391] loss 0.9814 lr 0.012494446518477033 acc 67.97% eta 0:12:22
2023-04-10 18:05:54,726 - __main__ - INFO - [INFO] 2023-04-10 18:05:54.726295 Epoch [78/100] batch [385/391] loss 1.0361 lr 0.012494446518477033 acc 66.41% eta 0:12:08
2023-04-10 18:05:55,266 - __main__ - INFO - Computing epoch 78 validation accuracy...
2023-04-10 18:05:58,695 - __main__ - INFO - Computing epoch 78 validation loss...
2023-04-10 18:06:02,058 - __main__ - INFO - [INFO] 2023-04-10 18:06:02.058036 Epoch [79/100] batch [1/391] loss 1.0820 lr 0.011474337861210555 acc 68.75% eta 0:13:31
2023-04-10 18:06:13,912 - __main__ - INFO - [INFO] 2023-04-10 18:06:13.911978 Epoch [79/100] batch [129/391] loss 1.0645 lr 0.011474337861210555 acc 67.97% eta 0:12:00
2023-04-10 18:06:25,685 - __main__ - INFO - [INFO] 2023-04-10 18:06:25.685711 Epoch [79/100] batch [257/391] loss 1.0557 lr 0.011474337861210555 acc 67.97% eta 0:11:47
2023-04-10 18:06:37,769 - __main__ - INFO - [INFO] 2023-04-10 18:06:37.769196 Epoch [79/100] batch [385/391] loss 1.1709 lr 0.011474337861210555 acc 62.50% eta 0:11:41
2023-04-10 18:06:38,359 - __main__ - INFO - Computing epoch 79 validation accuracy...
2023-04-10 18:06:41,962 - __main__ - INFO - Computing epoch 79 validation loss...
2023-04-10 18:06:45,423 - __main__ - INFO - [INFO] 2023-04-10 18:06:45.423428 Epoch [80/100] batch [1/391] loss 1.0723 lr 0.01049224938121549 acc 64.84% eta 0:12:59
2023-04-10 18:06:57,439 - __main__ - INFO - [INFO] 2023-04-10 18:06:57.438812 Epoch [80/100] batch [129/391] loss 0.9438 lr 0.01049224938121549 acc 71.09% eta 0:11:35
2023-04-10 18:07:09,454 - __main__ - INFO - [INFO] 2023-04-10 18:07:09.454160 Epoch [80/100] batch [257/391] loss 1.0869 lr 0.01049224938121549 acc 72.66% eta 0:11:25
2023-04-10 18:07:21,650 - __main__ - INFO - [INFO] 2023-04-10 18:07:21.649822 Epoch [80/100] batch [385/391] loss 1.2197 lr 0.01049224938121549 acc 66.41% eta 0:11:17
2023-04-10 18:07:22,181 - __main__ - INFO - Computing epoch 80 validation accuracy...
2023-04-10 18:07:25,497 - __main__ - INFO - Computing epoch 80 validation loss...
2023-04-10 18:07:28,875 - __main__ - INFO - [INFO] 2023-04-10 18:07:28.875048 Epoch [81/100] batch [1/391] loss 0.8794 lr 0.009549150281252642 acc 75.00% eta 0:12:06
2023-04-10 18:07:40,782 - __main__ - INFO - [INFO] 2023-04-10 18:07:40.782013 Epoch [81/100] batch [129/391] loss 0.9517 lr 0.009549150281252642 acc 73.44% eta 0:10:56
2023-04-10 18:07:52,760 - __main__ - INFO - [INFO] 2023-04-10 18:07:52.759839 Epoch [81/100] batch [257/391] loss 1.1924 lr 0.009549150281252642 acc 67.97% eta 0:10:47
2023-04-10 18:08:04,846 - __main__ - INFO - [INFO] 2023-04-10 18:08:04.846028 Epoch [81/100] batch [385/391] loss 1.1113 lr 0.009549150281252642 acc 69.53% eta 0:10:39
2023-04-10 18:08:05,387 - __main__ - INFO - Computing epoch 81 validation accuracy...
2023-04-10 18:08:08,729 - __main__ - INFO - Computing epoch 81 validation loss...
2023-04-10 18:08:12,181 - __main__ - INFO - [INFO] 2023-04-10 18:08:12.181459 Epoch [82/100] batch [1/391] loss 0.9194 lr 0.008645971286271922 acc 73.44% eta 0:11:57
2023-04-10 18:08:24,123 - __main__ - INFO - [INFO] 2023-04-10 18:08:24.123471 Epoch [82/100] batch [129/391] loss 1.0859 lr 0.008645971286271922 acc 75.78% eta 0:10:25
2023-04-10 18:08:36,240 - __main__ - INFO - [INFO] 2023-04-10 18:08:36.239965 Epoch [82/100] batch [257/391] loss 1.0459 lr 0.008645971286271922 acc 72.66% eta 0:10:18
2023-04-10 18:08:48,216 - __main__ - INFO - [INFO] 2023-04-10 18:08:48.216157 Epoch [82/100] batch [385/391] loss 0.8481 lr 0.008645971286271922 acc 72.66% eta 0:10:07
2023-04-10 18:08:48,767 - __main__ - INFO - Computing epoch 82 validation accuracy...
2023-04-10 18:08:52,038 - __main__ - INFO - Computing epoch 82 validation loss...
2023-04-10 18:08:55,623 - __main__ - INFO - [INFO] 2023-04-10 18:08:55.623483 Epoch [83/100] batch [1/391] loss 0.9795 lr 0.007783603724899264 acc 72.66% eta 0:16:58
2023-04-10 18:09:08,159 - __main__ - INFO - [INFO] 2023-04-10 18:09:08.159509 Epoch [83/100] batch [129/391] loss 0.8857 lr 0.007783603724899264 acc 71.88% eta 0:10:24
2023-04-10 18:09:20,299 - __main__ - INFO - [INFO] 2023-04-10 18:09:20.299363 Epoch [83/100] batch [257/391] loss 0.9927 lr 0.007783603724899264 acc 71.88% eta 0:10:02
2023-04-10 18:09:32,187 - __main__ - INFO - [INFO] 2023-04-10 18:09:32.186943 Epoch [83/100] batch [385/391] loss 1.0078 lr 0.007783603724899264 acc 71.88% eta 0:09:42
2023-04-10 18:09:32,731 - __main__ - INFO - Computing epoch 83 validation accuracy...
2023-04-10 18:09:36,084 - __main__ - INFO - Computing epoch 83 validation loss...
2023-04-10 18:09:39,429 - __main__ - INFO - [INFO] 2023-04-10 18:09:39.429306 Epoch [84/100] batch [1/391] loss 0.8794 lr 0.006962898649802819 acc 76.56% eta 0:09:49
2023-04-10 18:09:51,327 - __main__ - INFO - [INFO] 2023-04-10 18:09:51.327660 Epoch [84/100] batch [129/391] loss 1.0342 lr 0.006962898649802819 acc 69.53% eta 0:09:16
2023-04-10 18:10:03,523 - __main__ - INFO - [INFO] 2023-04-10 18:10:03.523779 Epoch [84/100] batch [257/391] loss 1.0400 lr 0.006962898649802819 acc 68.75% eta 0:09:12
2023-04-10 18:10:15,364 - __main__ - INFO - [INFO] 2023-04-10 18:10:15.364557 Epoch [84/100] batch [385/391] loss 0.8843 lr 0.006962898649802819 acc 78.12% eta 0:08:58
2023-04-10 18:10:15,907 - __main__ - INFO - Computing epoch 84 validation accuracy...
2023-04-10 18:10:19,222 - __main__ - INFO - Computing epoch 84 validation loss...
2023-04-10 18:10:22,637 - __main__ - INFO - [INFO] 2023-04-10 18:10:22.637235 Epoch [85/100] batch [1/391] loss 1.1025 lr 0.0061846659978068265 acc 67.19% eta 0:09:50
2023-04-10 18:10:34,609 - __main__ - INFO - [INFO] 2023-04-10 18:10:34.609061 Epoch [85/100] batch [129/391] loss 0.8442 lr 0.0061846659978068265 acc 73.44% eta 0:08:46
2023-04-10 18:10:46,787 - __main__ - INFO - [INFO] 2023-04-10 18:10:46.787571 Epoch [85/100] batch [257/391] loss 0.7905 lr 0.0061846659978068265 acc 76.56% eta 0:08:40
2023-04-10 18:10:58,707 - __main__ - INFO - [INFO] 2023-04-10 18:10:58.707448 Epoch [85/100] batch [385/391] loss 1.1895 lr 0.0061846659978068265 acc 69.53% eta 0:08:26
2023-04-10 18:10:59,242 - __main__ - INFO - Computing epoch 85 validation accuracy...
2023-04-10 18:11:02,532 - __main__ - INFO - Computing epoch 85 validation loss...
2023-04-10 18:11:05,891 - __main__ - INFO - [INFO] 2023-04-10 18:11:05.891141 Epoch [86/100] batch [1/391] loss 1.0488 lr 0.005449673790581615 acc 69.53% eta 0:08:58
2023-04-10 18:11:17,753 - __main__ - INFO - [INFO] 2023-04-10 18:11:17.753680 Epoch [86/100] batch [129/391] loss 0.9058 lr 0.005449673790581615 acc 70.31% eta 0:08:07
2023-04-10 18:11:29,943 - __main__ - INFO - [INFO] 2023-04-10 18:11:29.943674 Epoch [86/100] batch [257/391] loss 0.9199 lr 0.005449673790581615 acc 80.47% eta 0:08:03
2023-04-10 18:11:41,903 - __main__ - INFO - [INFO] 2023-04-10 18:11:41.903070 Epoch [86/100] batch [385/391] loss 0.7256 lr 0.005449673790581615 acc 80.47% eta 0:07:51
2023-04-10 18:11:42,434 - __main__ - INFO - Computing epoch 86 validation accuracy...
2023-04-10 18:11:45,787 - __main__ - INFO - Computing epoch 86 validation loss...
2023-04-10 18:11:49,214 - __main__ - INFO - [INFO] 2023-04-10 18:11:49.214004 Epoch [87/100] batch [1/391] loss 1.0586 lr 0.004758647376699036 acc 70.31% eta 0:08:15
2023-04-10 18:12:01,157 - __main__ - INFO - [INFO] 2023-04-10 18:12:01.157372 Epoch [87/100] batch [129/391] loss 0.9136 lr 0.004758647376699036 acc 77.34% eta 0:07:37
2023-04-10 18:12:13,137 - __main__ - INFO - [INFO] 2023-04-10 18:12:13.137622 Epoch [87/100] batch [257/391] loss 1.1611 lr 0.004758647376699036 acc 67.97% eta 0:07:27
2023-04-10 18:12:25,176 - __main__ - INFO - [INFO] 2023-04-10 18:12:25.176531 Epoch [87/100] batch [385/391] loss 1.1973 lr 0.004758647376699036 acc 70.31% eta 0:07:17
2023-04-10 18:12:25,736 - __main__ - INFO - Computing epoch 87 validation accuracy...
2023-04-10 18:12:29,167 - __main__ - INFO - Computing epoch 87 validation loss...
2023-04-10 18:12:32,861 - __main__ - INFO - [INFO] 2023-04-10 18:12:32.861652 Epoch [88/100] batch [1/391] loss 0.7231 lr 0.004112268715800957 acc 78.91% eta 0:08:12
2023-04-10 18:12:44,670 - __main__ - INFO - [INFO] 2023-04-10 18:12:44.670459 Epoch [88/100] batch [129/391] loss 0.8247 lr 0.004112268715800957 acc 74.22% eta 0:06:59
2023-04-10 18:12:56,607 - __main__ - INFO - [INFO] 2023-04-10 18:12:56.606871 Epoch [88/100] batch [257/391] loss 0.9419 lr 0.004112268715800957 acc 72.66% eta 0:06:50
2023-04-10 18:13:08,657 - __main__ - INFO - [INFO] 2023-04-10 18:13:08.657739 Epoch [88/100] batch [385/391] loss 0.7959 lr 0.004112268715800957 acc 78.12% eta 0:06:41
2023-04-10 18:13:09,205 - __main__ - INFO - Computing epoch 88 validation accuracy...
2023-04-10 18:13:12,498 - __main__ - INFO - Computing epoch 88 validation loss...
2023-04-10 18:13:15,861 - __main__ - INFO - [INFO] 2023-04-10 18:13:15.861008 Epoch [89/100] batch [1/391] loss 1.1172 lr 0.003511175705587435 acc 66.41% eta 0:06:55
2023-04-10 18:13:27,772 - __main__ - INFO - [INFO] 2023-04-10 18:13:27.772383 Epoch [89/100] batch [129/391] loss 0.8203 lr 0.003511175705587435 acc 78.12% eta 0:06:29
2023-04-10 18:13:40,225 - __main__ - INFO - [INFO] 2023-04-10 18:13:40.225759 Epoch [89/100] batch [257/391] loss 0.8149 lr 0.003511175705587435 acc 79.69% eta 0:06:27
2023-04-10 18:13:52,813 - __main__ - INFO - [INFO] 2023-04-10 18:13:52.813417 Epoch [89/100] batch [385/391] loss 0.7979 lr 0.003511175705587435 acc 81.25% eta 0:06:16
2023-04-10 18:13:53,399 - __main__ - INFO - Computing epoch 89 validation accuracy...
2023-04-10 18:13:56,966 - __main__ - INFO - Computing epoch 89 validation loss...
2023-04-10 18:14:00,622 - __main__ - INFO - [INFO] 2023-04-10 18:14:00.622576 Epoch [90/100] batch [1/391] loss 0.8198 lr 0.0029559615522887295 acc 80.47% eta 0:06:46
2023-04-10 18:14:13,695 - __main__ - INFO - [INFO] 2023-04-10 18:14:13.695375 Epoch [90/100] batch [129/391] loss 0.9263 lr 0.0029559615522887295 acc 75.78% eta 0:06:08
2023-04-10 18:14:26,646 - __main__ - INFO - [INFO] 2023-04-10 18:14:26.645940 Epoch [90/100] batch [257/391] loss 0.6777 lr 0.0029559615522887295 acc 79.69% eta 0:06:02
2023-04-10 18:14:39,143 - __main__ - INFO - [INFO] 2023-04-10 18:14:39.142991 Epoch [90/100] batch [385/391] loss 0.8179 lr 0.0029559615522887295 acc 74.22% eta 0:05:51
2023-04-10 18:14:39,675 - __main__ - INFO - Computing epoch 90 validation accuracy...
2023-04-10 18:14:42,962 - __main__ - INFO - Computing epoch 90 validation loss...
2023-04-10 18:14:46,312 - __main__ - INFO - [INFO] 2023-04-10 18:14:46.311934 Epoch [91/100] batch [1/391] loss 0.8335 lr 0.0024471741852423253 acc 76.56% eta 0:06:06
2023-04-10 18:14:58,163 - __main__ - INFO - [INFO] 2023-04-10 18:14:58.163404 Epoch [91/100] batch [129/391] loss 0.9541 lr 0.0024471741852423253 acc 74.22% eta 0:05:21
2023-04-10 18:15:10,270 - __main__ - INFO - [INFO] 2023-04-10 18:15:10.270036 Epoch [91/100] batch [257/391] loss 0.7524 lr 0.0024471741852423253 acc 76.56% eta 0:05:13
2023-04-10 18:15:22,351 - __main__ - INFO - [INFO] 2023-04-10 18:15:22.351729 Epoch [91/100] batch [385/391] loss 0.9009 lr 0.0024471741852423253 acc 76.56% eta 0:05:03
2023-04-10 18:15:22,888 - __main__ - INFO - Computing epoch 91 validation accuracy...
2023-04-10 18:15:26,210 - __main__ - INFO - Computing epoch 91 validation loss...
2023-04-10 18:15:29,587 - __main__ - INFO - [INFO] 2023-04-10 18:15:29.587147 Epoch [92/100] batch [1/391] loss 0.7798 lr 0.0019853157161528537 acc 79.69% eta 0:08:02
2023-04-10 18:15:41,671 - __main__ - INFO - [INFO] 2023-04-10 18:15:41.671288 Epoch [92/100] batch [129/391] loss 0.9536 lr 0.0019853157161528537 acc 70.31% eta 0:04:55
2023-04-10 18:15:53,950 - __main__ - INFO - [INFO] 2023-04-10 18:15:53.950377 Epoch [92/100] batch [257/391] loss 0.7827 lr 0.0019853157161528537 acc 78.12% eta 0:04:45
2023-04-10 18:16:07,021 - __main__ - INFO - [INFO] 2023-04-10 18:16:07.020980 Epoch [92/100] batch [385/391] loss 0.8540 lr 0.0019853157161528537 acc 76.56% eta 0:04:41
2023-04-10 18:16:07,572 - __main__ - INFO - Computing epoch 92 validation accuracy...
2023-04-10 18:16:10,857 - __main__ - INFO - Computing epoch 92 validation loss...
2023-04-10 18:16:14,482 - __main__ - INFO - [INFO] 2023-04-10 18:16:14.482226 Epoch [93/100] batch [1/391] loss 0.7734 lr 0.0015708419435684529 acc 82.81% eta 0:04:54
2023-04-10 18:16:27,238 - __main__ - INFO - [INFO] 2023-04-10 18:16:27.237930 Epoch [93/100] batch [129/391] loss 0.8604 lr 0.0015708419435684529 acc 75.78% eta 0:04:19
2023-04-10 18:16:40,007 - __main__ - INFO - [INFO] 2023-04-10 18:16:40.007029 Epoch [93/100] batch [257/391] loss 0.7891 lr 0.0015708419435684529 acc 78.12% eta 0:04:07
2023-04-10 18:16:52,457 - __main__ - INFO - [INFO] 2023-04-10 18:16:52.457066 Epoch [93/100] batch [385/391] loss 0.8472 lr 0.0015708419435684529 acc 77.34% eta 0:03:57
2023-04-10 18:16:52,993 - __main__ - INFO - Computing epoch 93 validation accuracy...
2023-04-10 18:16:56,390 - __main__ - INFO - Computing epoch 93 validation loss...
2023-04-10 18:17:00,142 - __main__ - INFO - [INFO] 2023-04-10 18:17:00.142230 Epoch [94/100] batch [1/391] loss 1.0117 lr 0.0012041619030626347 acc 72.66% eta 0:04:08
2023-04-10 18:17:12,229 - __main__ - INFO - [INFO] 2023-04-10 18:17:12.229123 Epoch [94/100] batch [129/391] loss 0.7866 lr 0.0012041619030626347 acc 77.34% eta 0:03:46
2023-04-10 18:17:24,430 - __main__ - INFO - [INFO] 2023-04-10 18:17:24.430285 Epoch [94/100] batch [257/391] loss 0.7407 lr 0.0012041619030626347 acc 82.81% eta 0:03:35
2023-04-10 18:17:37,148 - __main__ - INFO - [INFO] 2023-04-10 18:17:37.147481 Epoch [94/100] batch [385/391] loss 0.6558 lr 0.0012041619030626347 acc 80.47% eta 0:03:28
2023-04-10 18:17:37,720 - __main__ - INFO - Computing epoch 94 validation accuracy...
2023-04-10 18:17:41,264 - __main__ - INFO - Computing epoch 94 validation loss...
2023-04-10 18:17:44,901 - __main__ - INFO - [INFO] 2023-04-10 18:17:44.901748 Epoch [95/100] batch [1/391] loss 0.7222 lr 0.0008856374635655646 acc 82.81% eta 0:03:58
2023-04-10 18:17:57,375 - __main__ - INFO - [INFO] 2023-04-10 18:17:57.374796 Epoch [95/100] batch [129/391] loss 1.0879 lr 0.0008856374635655646 acc 68.75% eta 0:03:18
2023-04-10 18:18:09,932 - __main__ - INFO - [INFO] 2023-04-10 18:18:09.931977 Epoch [95/100] batch [257/391] loss 0.9868 lr 0.0008856374635655646 acc 75.00% eta 0:03:07
2023-04-10 18:18:22,220 - __main__ - INFO - [INFO] 2023-04-10 18:18:22.220225 Epoch [95/100] batch [385/391] loss 0.7402 lr 0.0008856374635655646 acc 80.47% eta 0:02:55
2023-04-10 18:18:22,764 - __main__ - INFO - Computing epoch 95 validation accuracy...
2023-04-10 18:18:26,165 - __main__ - INFO - Computing epoch 95 validation loss...
2023-04-10 18:18:29,678 - __main__ - INFO - [INFO] 2023-04-10 18:18:29.678633 Epoch [96/100] batch [1/391] loss 0.6343 lr 0.0006155829702431174 acc 84.38% eta 0:03:34
2023-04-10 18:18:41,887 - __main__ - INFO - [INFO] 2023-04-10 18:18:41.887243 Epoch [96/100] batch [129/391] loss 0.7856 lr 0.0006155829702431174 acc 72.66% eta 0:02:40
2023-04-10 18:18:53,972 - __main__ - INFO - [INFO] 2023-04-10 18:18:53.972568 Epoch [96/100] batch [257/391] loss 0.8149 lr 0.0006155829702431174 acc 79.69% eta 0:02:28
2023-04-10 18:19:06,140 - __main__ - INFO - [INFO] 2023-04-10 18:19:06.140143 Epoch [96/100] batch [385/391] loss 0.9658 lr 0.0006155829702431174 acc 75.00% eta 0:02:17
2023-04-10 18:19:06,701 - __main__ - INFO - Computing epoch 96 validation accuracy...
2023-04-10 18:19:10,294 - __main__ - INFO - Computing epoch 96 validation loss...
2023-04-10 18:19:13,836 - __main__ - INFO - [INFO] 2023-04-10 18:19:13.836656 Epoch [97/100] batch [1/391] loss 0.7153 lr 0.00039426493427611206 acc 81.25% eta 0:02:25
2023-04-10 18:19:25,740 - __main__ - INFO - [INFO] 2023-04-10 18:19:25.740505 Epoch [97/100] batch [129/391] loss 0.7422 lr 0.00039426493427611206 acc 78.12% eta 0:02:02
2023-04-10 18:19:37,734 - __main__ - INFO - [INFO] 2023-04-10 18:19:37.734640 Epoch [97/100] batch [257/391] loss 0.6914 lr 0.00039426493427611206 acc 81.25% eta 0:01:52
2023-04-10 18:19:50,106 - __main__ - INFO - [INFO] 2023-04-10 18:19:50.106421 Epoch [97/100] batch [385/391] loss 0.7178 lr 0.00039426493427611206 acc 83.59% eta 0:01:42
2023-04-10 18:19:50,653 - __main__ - INFO - Computing epoch 97 validation accuracy...
2023-04-10 18:19:53,886 - __main__ - INFO - Computing epoch 97 validation loss...
2023-04-10 18:19:57,284 - __main__ - INFO - [INFO] 2023-04-10 18:19:57.284004 Epoch [98/100] batch [1/391] loss 0.7192 lr 0.00022190176984600036 acc 79.69% eta 0:01:47
2023-04-10 18:20:09,369 - __main__ - INFO - [INFO] 2023-04-10 18:20:09.369661 Epoch [98/100] batch [129/391] loss 0.9834 lr 0.00022190176984600036 acc 73.44% eta 0:01:30
2023-04-10 18:20:21,432 - __main__ - INFO - [INFO] 2023-04-10 18:20:21.432484 Epoch [98/100] batch [257/391] loss 0.9268 lr 0.00022190176984600036 acc 70.31% eta 0:01:19
2023-04-10 18:20:33,346 - __main__ - INFO - [INFO] 2023-04-10 18:20:33.346281 Epoch [98/100] batch [385/391] loss 0.8384 lr 0.00022190176984600036 acc 80.47% eta 0:01:07
2023-04-10 18:20:33,879 - __main__ - INFO - Computing epoch 98 validation accuracy...
2023-04-10 18:20:37,433 - __main__ - INFO - Computing epoch 98 validation loss...
2023-04-10 18:20:40,999 - __main__ - INFO - [INFO] 2023-04-10 18:20:40.999118 Epoch [99/100] batch [1/391] loss 0.8765 lr 9.866357858642213e-05 acc 75.78% eta 0:01:13
2023-04-10 18:20:52,722 - __main__ - INFO - [INFO] 2023-04-10 18:20:52.722503 Epoch [99/100] batch [129/391] loss 0.5913 lr 9.866357858642213e-05 acc 83.59% eta 0:00:54
2023-04-10 18:21:04,686 - __main__ - INFO - [INFO] 2023-04-10 18:21:04.686457 Epoch [99/100] batch [257/391] loss 0.7920 lr 9.866357858642213e-05 acc 78.91% eta 0:00:44
2023-04-10 18:21:17,265 - __main__ - INFO - [INFO] 2023-04-10 18:21:17.265732 Epoch [99/100] batch [385/391] loss 0.7402 lr 9.866357858642213e-05 acc 80.47% eta 0:00:34
2023-04-10 18:21:17,796 - __main__ - INFO - Computing epoch 99 validation accuracy...
2023-04-10 18:21:21,151 - __main__ - INFO - Computing epoch 99 validation loss...
2023-04-10 18:21:24,582 - __main__ - INFO - [INFO] 2023-04-10 18:21:24.582142 Epoch [100/100] batch [1/391] loss 0.7905 lr 2.4671981713420017e-05 acc 78.12% eta 0:00:36
2023-04-10 18:21:36,514 - __main__ - INFO - [INFO] 2023-04-10 18:21:36.514194 Epoch [100/100] batch [129/391] loss 0.9033 lr 2.4671981713420017e-05 acc 72.66% eta 0:00:22
2023-04-10 18:21:48,622 - __main__ - INFO - [INFO] 2023-04-10 18:21:48.622715 Epoch [100/100] batch [257/391] loss 0.6636 lr 2.4671981713420017e-05 acc 85.94% eta 0:00:11
2023-04-10 18:22:00,390 - __main__ - INFO - [INFO] 2023-04-10 18:22:00.390679 Epoch [100/100] batch [385/391] loss 0.7983 lr 2.4671981713420017e-05 acc 80.47% eta 0:00:00
2023-04-10 18:22:00,937 - __main__ - INFO - Computing epoch 100 validation accuracy...
2023-04-10 18:22:04,366 - __main__ - INFO - Computing epoch 100 validation loss...
2023-04-10 18:22:07,728 - __main__ - INFO - Reading testing data set cifar100
2023-04-10 18:22:08,469 - __main__ - INFO - Loading trained model...
2023-04-10 18:22:12,104 - __main__ - INFO - Testing acc : 67.13%.
