2023-04-11 14:35:58,088 - __main__ - INFO - 

2023-04-11 14:35:58,088 - __main__ - INFO - ***************
2023-04-11 14:35:58,088 - __main__ - INFO - ** Arguments **
2023-04-11 14:35:58,088 - __main__ - INFO - ***************
2023-04-11 14:35:58,088 - __main__ - INFO - backbone: resnet56
2023-04-11 14:35:58,088 - __main__ - INFO - dataname: cifar10
2023-04-11 14:35:58,088 - __main__ - INFO - drop_method: d
2023-04-11 14:35:58,088 - __main__ - INFO - drop_rate: 0.5
2023-04-11 14:35:58,089 - __main__ - INFO - eval_only: 0
2023-04-11 14:35:58,089 - __main__ - INFO - output_path: checkpoints/cifar10/resnet56/drop_d/rate_0.5/seed1
2023-04-11 14:35:58,089 - __main__ - INFO - part_rate: 0.1
2023-04-11 14:35:58,089 - __main__ - INFO - seed: 1
2023-04-11 14:35:58,089 - __main__ - INFO - weight_decay: 0.0005
2023-04-11 14:35:58,089 - __main__ - INFO - ************
2023-04-11 14:35:58,089 - __main__ - INFO - ** Config **
2023-04-11 14:35:58,089 - __main__ - INFO - ************
2023-04-11 14:35:58,089 - __main__ - INFO - {'DATALOADER': {'PATH': './data', 'DATANAME': 'cifar10', 'BATCH_SIZE': 128, 'NUM_CLASSES': 10}, 'INPUT': {'SIZE': [32, 32], 'PIXEL_MEAN': [0.4914, 0.4822, 0.4465], 'PIXEL_STD': [0.2023, 0.1994, 0.201]}, 'OUTPUT': {'DIR': 'checkpoints/cifar10/resnet56/drop_d/rate_0.5/seed1'}, 'SEED': 1, 'OPTIM': {'LR': 0.1, 'MAX_EPOCH': 100, 'LR_SCHEDULER': 'step', 'LR_MILESTONES': [20, 40, 80, 120, 140], 'LR_DECAY': 0.2, 'PART_RATE': 0.1, 'WEIGHT_DECAY': 0.0005, 'DROP_RATE': 0.5, 'DROP_METHOD': 'd', 'BLOCK_SIZE': 7}, 'MODEL': {'BACKBONE': 'resnet56'}}
2023-04-11 14:35:58,102 - __main__ - INFO - Reading training data set cifar10
2023-04-11 14:35:59,878 - __main__ - INFO - Loading raw model
2023-04-11 14:36:03,849 - __main__ - INFO - 
Saving everything to checkpoints/cifar10/resnet56/drop_d/rate_0.5/seed1
2023-04-11 14:36:03,850 - __main__ - INFO - Start training...
2023-04-11 14:36:09,518 - __main__ - INFO - [INFO] 2023-04-11 14:36:09.518089 Epoch [1/100] batch [1/391] loss 5.7148 lr 0.1 acc 12.50% eta 2 days, 13:22:03
2023-04-11 14:36:27,518 - __main__ - INFO - [INFO] 2023-04-11 14:36:27.518399 Epoch [1/100] batch [129/391] loss 1.9727 lr 0.1 acc 30.47% eta 1:47:18
2023-04-11 14:36:44,693 - __main__ - INFO - [INFO] 2023-04-11 14:36:44.692720 Epoch [1/100] batch [257/391] loss 1.7217 lr 0.1 acc 35.94% eta 1:31:16
2023-04-11 14:37:01,766 - __main__ - INFO - [INFO] 2023-04-11 14:37:01.766407 Epoch [1/100] batch [385/391] loss 1.6807 lr 0.1 acc 28.91% eta 1:25:38
2023-04-11 14:37:02,596 - __main__ - INFO - Computing epoch 1 validation accuracy...
2023-04-11 14:37:06,858 - __main__ - INFO - Computing epoch 1 validation loss...
2023-04-11 14:37:11,455 - __main__ - INFO - [INFO] 2023-04-11 14:37:11.455584 Epoch [2/100] batch [1/391] loss 1.7324 lr 0.09997532801828658 acc 36.72% eta 1:29:20
2023-04-11 14:37:28,631 - __main__ - INFO - [INFO] 2023-04-11 14:37:28.631070 Epoch [2/100] batch [129/391] loss 1.7295 lr 0.09997532801828658 acc 34.38% eta 1:15:12
2023-04-11 14:37:46,158 - __main__ - INFO - [INFO] 2023-04-11 14:37:46.158352 Epoch [2/100] batch [257/391] loss 1.5137 lr 0.09997532801828658 acc 45.31% eta 1:15:42
2023-04-11 14:38:03,274 - __main__ - INFO - [INFO] 2023-04-11 14:38:03.274363 Epoch [2/100] batch [385/391] loss 1.4141 lr 0.09997532801828658 acc 42.97% eta 1:15:03
2023-04-11 14:38:04,078 - __main__ - INFO - Computing epoch 2 validation accuracy...
2023-04-11 14:38:08,345 - __main__ - INFO - Computing epoch 2 validation loss...
2023-04-11 14:38:12,546 - __main__ - INFO - [INFO] 2023-04-11 14:38:12.546619 Epoch [3/100] batch [1/391] loss 1.3857 lr 0.09990133642141358 acc 46.09% eta 1:17:16
2023-04-11 14:38:32,100 - __main__ - INFO - [INFO] 2023-04-11 14:38:32.100550 Epoch [3/100] batch [129/391] loss 1.3428 lr 0.09990133642141358 acc 50.78% eta 1:24:34
2023-04-11 14:38:52,247 - __main__ - INFO - [INFO] 2023-04-11 14:38:52.247598 Epoch [3/100] batch [257/391] loss 1.3242 lr 0.09990133642141358 acc 44.53% eta 1:25:49
2023-04-11 14:39:09,743 - __main__ - INFO - [INFO] 2023-04-11 14:39:09.743275 Epoch [3/100] batch [385/391] loss 1.0732 lr 0.09990133642141358 acc 60.16% eta 1:22:08
2023-04-11 14:39:10,669 - __main__ - INFO - Computing epoch 3 validation accuracy...
2023-04-11 14:39:14,712 - __main__ - INFO - Computing epoch 3 validation loss...
2023-04-11 14:39:18,924 - __main__ - INFO - [INFO] 2023-04-11 14:39:18.924589 Epoch [4/100] batch [1/391] loss 1.0850 lr 0.099778098230154 acc 60.94% eta 1:23:26
2023-04-11 14:39:36,434 - __main__ - INFO - [INFO] 2023-04-11 14:39:36.434641 Epoch [4/100] batch [129/391] loss 1.0400 lr 0.099778098230154 acc 55.47% eta 1:15:05
2023-04-11 14:39:53,672 - __main__ - INFO - [INFO] 2023-04-11 14:39:53.672782 Epoch [4/100] batch [257/391] loss 1.3359 lr 0.099778098230154 acc 53.91% eta 1:14:14
2023-04-11 14:40:11,044 - __main__ - INFO - [INFO] 2023-04-11 14:40:11.043802 Epoch [4/100] batch [385/391] loss 1.1553 lr 0.099778098230154 acc 50.78% eta 1:13:55
2023-04-11 14:40:11,837 - __main__ - INFO - Computing epoch 4 validation accuracy...
2023-04-11 14:40:15,942 - __main__ - INFO - Computing epoch 4 validation loss...
2023-04-11 14:40:20,189 - __main__ - INFO - [INFO] 2023-04-11 14:40:20.189631 Epoch [5/100] batch [1/391] loss 1.0127 lr 0.0996057350657239 acc 59.38% eta 1:17:24
2023-04-11 14:40:38,011 - __main__ - INFO - [INFO] 2023-04-11 14:40:38.011308 Epoch [5/100] batch [129/391] loss 1.2744 lr 0.0996057350657239 acc 60.94% eta 1:15:42
2023-04-11 14:40:55,430 - __main__ - INFO - [INFO] 2023-04-11 14:40:55.430008 Epoch [5/100] batch [257/391] loss 0.9443 lr 0.0996057350657239 acc 56.25% eta 1:14:31
2023-04-11 14:41:12,617 - __main__ - INFO - [INFO] 2023-04-11 14:41:12.616824 Epoch [5/100] batch [385/391] loss 0.9648 lr 0.0996057350657239 acc 63.28% eta 1:13:37
2023-04-11 14:41:13,399 - __main__ - INFO - Computing epoch 5 validation accuracy...
2023-04-11 14:41:17,431 - __main__ - INFO - Computing epoch 5 validation loss...
2023-04-11 14:41:21,716 - __main__ - INFO - [INFO] 2023-04-11 14:41:21.716625 Epoch [6/100] batch [1/391] loss 0.6934 lr 0.09938441702975688 acc 71.09% eta 1:20:36
2023-04-11 14:41:39,420 - __main__ - INFO - [INFO] 2023-04-11 14:41:39.420103 Epoch [6/100] batch [129/391] loss 1.0479 lr 0.09938441702975688 acc 59.38% eta 1:14:20
2023-04-11 14:41:56,712 - __main__ - INFO - [INFO] 2023-04-11 14:41:56.711814 Epoch [6/100] batch [257/391] loss 0.9312 lr 0.09938441702975688 acc 62.50% eta 1:13:08
2023-04-11 14:42:16,202 - __main__ - INFO - [INFO] 2023-04-11 14:42:16.202493 Epoch [6/100] batch [385/391] loss 0.9292 lr 0.09938441702975688 acc 44.53% eta 1:15:39
2023-04-11 14:42:16,984 - __main__ - INFO - Computing epoch 6 validation accuracy...
2023-04-11 14:42:21,049 - __main__ - INFO - Computing epoch 6 validation loss...
2023-04-11 14:42:25,513 - __main__ - INFO - [INFO] 2023-04-11 14:42:25.513485 Epoch [7/100] batch [1/391] loss 1.0322 lr 0.09911436253643444 acc 55.47% eta 1:23:28
2023-04-11 14:42:46,326 - __main__ - INFO - [INFO] 2023-04-11 14:42:46.325994 Epoch [7/100] batch [129/391] loss 0.7515 lr 0.09911436253643444 acc 75.00% eta 1:26:04
2023-04-11 14:43:03,465 - __main__ - INFO - [INFO] 2023-04-11 14:43:03.465234 Epoch [7/100] batch [257/391] loss 0.7749 lr 0.09911436253643444 acc 65.62% eta 1:18:22
2023-04-11 14:43:20,779 - __main__ - INFO - [INFO] 2023-04-11 14:43:20.778981 Epoch [7/100] batch [385/391] loss 0.7852 lr 0.09911436253643444 acc 73.44% eta 1:15:51
2023-04-11 14:43:21,586 - __main__ - INFO - Computing epoch 7 validation accuracy...
2023-04-11 14:43:25,695 - __main__ - INFO - Computing epoch 7 validation loss...
2023-04-11 14:43:29,920 - __main__ - INFO - [INFO] 2023-04-11 14:43:29.920581 Epoch [8/100] batch [1/391] loss 0.8257 lr 0.09879583809693737 acc 71.88% eta 1:12:55
2023-04-11 14:43:47,419 - __main__ - INFO - [INFO] 2023-04-11 14:43:47.419025 Epoch [8/100] batch [129/391] loss 0.9609 lr 0.09879583809693737 acc 57.03% eta 1:11:48
2023-04-11 14:44:04,550 - __main__ - INFO - [INFO] 2023-04-11 14:44:04.550601 Epoch [8/100] batch [257/391] loss 0.9102 lr 0.09879583809693737 acc 72.66% eta 1:10:48
2023-04-11 14:44:22,218 - __main__ - INFO - [INFO] 2023-04-11 14:44:22.218225 Epoch [8/100] batch [385/391] loss 0.9287 lr 0.09879583809693737 acc 62.50% eta 1:11:03
2023-04-11 14:44:22,998 - __main__ - INFO - Computing epoch 8 validation accuracy...
2023-04-11 14:44:26,993 - __main__ - INFO - Computing epoch 8 validation loss...
2023-04-11 14:44:31,216 - __main__ - INFO - [INFO] 2023-04-11 14:44:31.216007 Epoch [9/100] batch [1/391] loss 0.7085 lr 0.09842915805643156 acc 71.88% eta 1:13:48
2023-04-11 14:44:48,451 - __main__ - INFO - [INFO] 2023-04-11 14:44:48.450943 Epoch [9/100] batch [129/391] loss 0.8267 lr 0.09842915805643156 acc 64.84% eta 1:10:07
2023-04-11 14:45:06,319 - __main__ - INFO - [INFO] 2023-04-11 14:45:06.319054 Epoch [9/100] batch [257/391] loss 0.7983 lr 0.09842915805643156 acc 76.56% eta 1:11:06
2023-04-11 14:45:23,615 - __main__ - INFO - [INFO] 2023-04-11 14:45:23.615310 Epoch [9/100] batch [385/391] loss 0.8086 lr 0.09842915805643156 acc 65.62% eta 1:10:31
2023-04-11 14:45:24,396 - __main__ - INFO - Computing epoch 9 validation accuracy...
2023-04-11 14:45:28,481 - __main__ - INFO - Computing epoch 9 validation loss...
2023-04-11 14:45:32,712 - __main__ - INFO - [INFO] 2023-04-11 14:45:32.711976 Epoch [10/100] batch [1/391] loss 0.8081 lr 0.09801468428384716 acc 65.62% eta 1:14:05
2023-04-11 14:45:50,066 - __main__ - INFO - [INFO] 2023-04-11 14:45:50.066066 Epoch [10/100] batch [129/391] loss 0.8037 lr 0.09801468428384716 acc 68.75% eta 1:09:41
2023-04-11 14:46:07,359 - __main__ - INFO - [INFO] 2023-04-11 14:46:07.359795 Epoch [10/100] batch [257/391] loss 0.7041 lr 0.09801468428384716 acc 67.19% eta 1:09:23
2023-04-11 14:46:24,736 - __main__ - INFO - [INFO] 2023-04-11 14:46:24.735911 Epoch [10/100] batch [385/391] loss 0.6748 lr 0.09801468428384716 acc 70.31% eta 1:09:12
2023-04-11 14:46:25,505 - __main__ - INFO - Computing epoch 10 validation accuracy...
2023-04-11 14:46:29,495 - __main__ - INFO - Computing epoch 10 validation loss...
2023-04-11 14:46:33,772 - __main__ - INFO - [INFO] 2023-04-11 14:46:33.771835 Epoch [11/100] batch [1/391] loss 0.8037 lr 0.09755282581475769 acc 75.00% eta 1:11:02
2023-04-11 14:46:51,438 - __main__ - INFO - [INFO] 2023-04-11 14:46:51.438252 Epoch [11/100] batch [129/391] loss 0.6196 lr 0.09755282581475769 acc 61.72% eta 1:10:14
2023-04-11 14:47:09,150 - __main__ - INFO - [INFO] 2023-04-11 14:47:09.150597 Epoch [11/100] batch [257/391] loss 0.8501 lr 0.09755282581475769 acc 61.72% eta 1:10:00
2023-04-11 14:47:30,812 - __main__ - INFO - [INFO] 2023-04-11 14:47:30.812379 Epoch [11/100] batch [385/391] loss 0.7104 lr 0.09755282581475769 acc 78.91% eta 1:15:02
2023-04-11 14:47:32,069 - __main__ - INFO - Computing epoch 11 validation accuracy...
2023-04-11 14:47:37,471 - __main__ - INFO - Computing epoch 11 validation loss...
2023-04-11 14:47:42,474 - __main__ - INFO - [INFO] 2023-04-11 14:47:42.474143 Epoch [12/100] batch [1/391] loss 0.7690 lr 0.09704403844771128 acc 68.75% eta 1:14:38
2023-04-11 14:48:00,124 - __main__ - INFO - [INFO] 2023-04-11 14:48:00.123954 Epoch [12/100] batch [129/391] loss 0.6416 lr 0.09704403844771128 acc 75.78% eta 1:09:34
2023-04-11 14:48:17,694 - __main__ - INFO - [INFO] 2023-04-11 14:48:17.694452 Epoch [12/100] batch [257/391] loss 0.8862 lr 0.09704403844771128 acc 67.19% eta 1:09:05
2023-04-11 14:48:34,926 - __main__ - INFO - [INFO] 2023-04-11 14:48:34.925988 Epoch [12/100] batch [385/391] loss 0.6841 lr 0.09704403844771128 acc 67.19% eta 1:08:16
2023-04-11 14:48:35,713 - __main__ - INFO - Computing epoch 12 validation accuracy...
2023-04-11 14:48:39,961 - __main__ - INFO - Computing epoch 12 validation loss...
2023-04-11 14:48:44,203 - __main__ - INFO - [INFO] 2023-04-11 14:48:44.203200 Epoch [13/100] batch [1/391] loss 0.7817 lr 0.09648882429441258 acc 62.50% eta 1:11:14
2023-04-11 14:49:01,910 - __main__ - INFO - [INFO] 2023-04-11 14:49:01.910473 Epoch [13/100] batch [129/391] loss 0.7021 lr 0.09648882429441258 acc 70.31% eta 1:08:52
2023-04-11 14:49:20,008 - __main__ - INFO - [INFO] 2023-04-11 14:49:20.008738 Epoch [13/100] batch [257/391] loss 0.6147 lr 0.09648882429441258 acc 67.19% eta 1:09:22
2023-04-11 14:49:37,486 - __main__ - INFO - [INFO] 2023-04-11 14:49:37.486111 Epoch [13/100] batch [385/391] loss 0.6646 lr 0.09648882429441258 acc 75.00% eta 1:08:33
2023-04-11 14:49:38,281 - __main__ - INFO - Computing epoch 13 validation accuracy...
2023-04-11 14:49:42,583 - __main__ - INFO - Computing epoch 13 validation loss...
2023-04-11 14:49:46,853 - __main__ - INFO - [INFO] 2023-04-11 14:49:46.853389 Epoch [14/100] batch [1/391] loss 0.7915 lr 0.09588773128419906 acc 68.75% eta 1:09:15
2023-04-11 14:50:04,899 - __main__ - INFO - [INFO] 2023-04-11 14:50:04.899590 Epoch [14/100] batch [129/391] loss 0.6895 lr 0.09588773128419906 acc 72.66% eta 1:09:34
2023-04-11 14:50:22,376 - __main__ - INFO - [INFO] 2023-04-11 14:50:22.376107 Epoch [14/100] batch [257/391] loss 0.8389 lr 0.09588773128419906 acc 60.16% eta 1:08:06
2023-04-11 14:50:39,960 - __main__ - INFO - [INFO] 2023-04-11 14:50:39.960447 Epoch [14/100] batch [385/391] loss 0.6733 lr 0.09588773128419906 acc 71.09% eta 1:07:34
2023-04-11 14:50:40,768 - __main__ - INFO - Computing epoch 14 validation accuracy...
2023-04-11 14:50:44,847 - __main__ - INFO - Computing epoch 14 validation loss...
2023-04-11 14:50:49,121 - __main__ - INFO - [INFO] 2023-04-11 14:50:49.121699 Epoch [15/100] batch [1/391] loss 0.8892 lr 0.09524135262330098 acc 64.06% eta 1:10:54
2023-04-11 14:51:06,850 - __main__ - INFO - [INFO] 2023-04-11 14:51:06.850187 Epoch [15/100] batch [129/391] loss 0.6284 lr 0.09524135262330098 acc 76.56% eta 1:07:20
2023-04-11 14:51:26,593 - __main__ - INFO - [INFO] 2023-04-11 14:51:26.593603 Epoch [15/100] batch [257/391] loss 0.6357 lr 0.09524135262330098 acc 71.88% eta 1:10:50
2023-04-11 14:51:46,318 - __main__ - INFO - [INFO] 2023-04-11 14:51:46.318475 Epoch [15/100] batch [385/391] loss 0.7075 lr 0.09524135262330098 acc 67.19% eta 1:11:51
2023-04-11 14:51:47,332 - __main__ - INFO - Computing epoch 15 validation accuracy...
2023-04-11 14:51:52,485 - __main__ - INFO - Computing epoch 15 validation loss...
2023-04-11 14:51:57,122 - __main__ - INFO - [INFO] 2023-04-11 14:51:57.122699 Epoch [16/100] batch [1/391] loss 0.7173 lr 0.0945503262094184 acc 75.78% eta 1:08:15
2023-04-11 14:52:14,775 - __main__ - INFO - [INFO] 2023-04-11 14:52:14.775573 Epoch [16/100] batch [129/391] loss 0.6699 lr 0.0945503262094184 acc 80.47% eta 1:06:17
2023-04-11 14:52:32,174 - __main__ - INFO - [INFO] 2023-04-11 14:52:32.174533 Epoch [16/100] batch [257/391] loss 0.8901 lr 0.0945503262094184 acc 60.16% eta 1:05:35
2023-04-11 14:52:49,469 - __main__ - INFO - [INFO] 2023-04-11 14:52:49.469491 Epoch [16/100] batch [385/391] loss 0.7949 lr 0.0945503262094184 acc 76.56% eta 1:05:04
2023-04-11 14:52:50,268 - __main__ - INFO - Computing epoch 16 validation accuracy...
2023-04-11 14:52:54,346 - __main__ - INFO - Computing epoch 16 validation loss...
2023-04-11 14:52:58,928 - __main__ - INFO - [INFO] 2023-04-11 14:52:58.927905 Epoch [17/100] batch [1/391] loss 0.6978 lr 0.09381533400219319 acc 52.34% eta 1:06:32
2023-04-11 14:53:16,505 - __main__ - INFO - [INFO] 2023-04-11 14:53:16.505545 Epoch [17/100] batch [129/391] loss 0.6885 lr 0.09381533400219319 acc 71.09% eta 1:05:19
2023-04-11 14:53:33,992 - __main__ - INFO - [INFO] 2023-04-11 14:53:33.991852 Epoch [17/100] batch [257/391] loss 0.6675 lr 0.09381533400219319 acc 64.06% eta 1:04:48
2023-04-11 14:53:51,312 - __main__ - INFO - [INFO] 2023-04-11 14:53:51.312548 Epoch [17/100] batch [385/391] loss 0.6201 lr 0.09381533400219319 acc 77.34% eta 1:04:16
2023-04-11 14:53:52,172 - __main__ - INFO - Computing epoch 17 validation accuracy...
2023-04-11 14:53:56,430 - __main__ - INFO - Computing epoch 17 validation loss...
2023-04-11 14:54:00,739 - __main__ - INFO - [INFO] 2023-04-11 14:54:00.739619 Epoch [18/100] batch [1/391] loss 0.8472 lr 0.0930371013501972 acc 72.66% eta 1:07:15
2023-04-11 14:54:18,444 - __main__ - INFO - [INFO] 2023-04-11 14:54:18.444090 Epoch [18/100] batch [129/391] loss 0.4170 lr 0.0930371013501972 acc 73.44% eta 1:04:56
2023-04-11 14:54:36,109 - __main__ - INFO - [INFO] 2023-04-11 14:54:36.108679 Epoch [18/100] batch [257/391] loss 0.6050 lr 0.0930371013501972 acc 73.44% eta 1:04:37
2023-04-11 14:54:54,077 - __main__ - INFO - [INFO] 2023-04-11 14:54:54.077152 Epoch [18/100] batch [385/391] loss 0.5776 lr 0.0930371013501972 acc 71.09% eta 1:04:43
2023-04-11 14:54:54,875 - __main__ - INFO - Computing epoch 18 validation accuracy...
2023-04-11 14:54:58,939 - __main__ - INFO - Computing epoch 18 validation loss...
2023-04-11 14:55:03,379 - __main__ - INFO - [INFO] 2023-04-11 14:55:03.379130 Epoch [19/100] batch [1/391] loss 0.6123 lr 0.09221639627510078 acc 68.75% eta 1:25:57
2023-04-11 14:55:22,606 - __main__ - INFO - [INFO] 2023-04-11 14:55:22.606577 Epoch [19/100] batch [129/391] loss 0.5645 lr 0.09221639627510078 acc 75.78% eta 1:10:01
2023-04-11 14:55:40,481 - __main__ - INFO - [INFO] 2023-04-11 14:55:40.481066 Epoch [19/100] batch [257/391] loss 0.6089 lr 0.09221639627510078 acc 75.78% eta 1:07:08
2023-04-11 14:55:57,671 - __main__ - INFO - [INFO] 2023-04-11 14:55:57.670932 Epoch [19/100] batch [385/391] loss 0.8198 lr 0.09221639627510078 acc 69.53% eta 1:05:09
2023-04-11 14:55:58,470 - __main__ - INFO - Computing epoch 19 validation accuracy...
2023-04-11 14:56:02,581 - __main__ - INFO - Computing epoch 19 validation loss...
2023-04-11 14:56:06,896 - __main__ - INFO - [INFO] 2023-04-11 14:56:06.895854 Epoch [20/100] batch [1/391] loss 0.7036 lr 0.09135402871372812 acc 66.41% eta 1:10:30
2023-04-11 14:56:24,532 - __main__ - INFO - [INFO] 2023-04-11 14:56:24.531983 Epoch [20/100] batch [129/391] loss 0.6445 lr 0.09135402871372812 acc 77.34% eta 1:03:09
2023-04-11 14:56:46,032 - __main__ - INFO - [INFO] 2023-04-11 14:56:46.032251 Epoch [20/100] batch [257/391] loss 0.7720 lr 0.09135402871372812 acc 75.00% eta 1:09:44
2023-04-11 14:57:05,855 - __main__ - INFO - [INFO] 2023-04-11 14:57:05.855300 Epoch [20/100] batch [385/391] loss 0.5625 lr 0.09135402871372812 acc 72.66% eta 1:09:50
2023-04-11 14:57:06,630 - __main__ - INFO - Computing epoch 20 validation accuracy...
2023-04-11 14:57:10,784 - __main__ - INFO - Computing epoch 20 validation loss...
2023-04-11 14:57:15,052 - __main__ - INFO - [INFO] 2023-04-11 14:57:15.052032 Epoch [21/100] batch [1/391] loss 0.4622 lr 0.09045084971874741 acc 82.03% eta 1:03:36
2023-04-11 14:57:32,319 - __main__ - INFO - [INFO] 2023-04-11 14:57:32.318889 Epoch [21/100] batch [129/391] loss 0.6802 lr 0.09045084971874741 acc 70.31% eta 1:00:48
2023-04-11 14:57:49,637 - __main__ - INFO - [INFO] 2023-04-11 14:57:49.636811 Epoch [21/100] batch [257/391] loss 0.6230 lr 0.09045084971874741 acc 75.00% eta 1:00:42
2023-04-11 14:58:07,502 - __main__ - INFO - [INFO] 2023-04-11 14:58:07.502145 Epoch [21/100] batch [385/391] loss 0.7422 lr 0.09045084971874741 acc 72.66% eta 1:01:11
2023-04-11 14:58:08,317 - __main__ - INFO - Computing epoch 21 validation accuracy...
2023-04-11 14:58:12,750 - __main__ - INFO - Computing epoch 21 validation loss...
2023-04-11 14:58:17,129 - __main__ - INFO - [INFO] 2023-04-11 14:58:17.129094 Epoch [22/100] batch [1/391] loss 0.5693 lr 0.08950775061878455 acc 70.31% eta 1:15:38
2023-04-11 14:58:35,355 - __main__ - INFO - [INFO] 2023-04-11 14:58:35.355591 Epoch [22/100] batch [129/391] loss 0.4370 lr 0.08950775061878455 acc 72.66% eta 1:03:49
2023-04-11 14:58:52,843 - __main__ - INFO - [INFO] 2023-04-11 14:58:52.843309 Epoch [22/100] batch [257/391] loss 0.6455 lr 0.08950775061878455 acc 72.66% eta 1:02:09
2023-04-11 14:59:10,320 - __main__ - INFO - [INFO] 2023-04-11 14:59:10.320522 Epoch [22/100] batch [385/391] loss 0.6606 lr 0.08950775061878455 acc 70.31% eta 1:01:21
2023-04-11 14:59:11,148 - __main__ - INFO - Computing epoch 22 validation accuracy...
2023-04-11 14:59:15,201 - __main__ - INFO - Computing epoch 22 validation loss...
2023-04-11 14:59:19,698 - __main__ - INFO - [INFO] 2023-04-11 14:59:19.698296 Epoch [23/100] batch [1/391] loss 0.6421 lr 0.0885256621387895 acc 81.25% eta 1:01:50
2023-04-11 14:59:38,867 - __main__ - INFO - [INFO] 2023-04-11 14:59:38.867676 Epoch [23/100] batch [129/391] loss 0.6948 lr 0.0885256621387895 acc 75.78% eta 1:05:54
2023-04-11 14:59:56,876 - __main__ - INFO - [INFO] 2023-04-11 14:59:56.876436 Epoch [23/100] batch [257/391] loss 0.7124 lr 0.0885256621387895 acc 65.62% eta 1:03:39
2023-04-11 15:00:18,367 - __main__ - INFO - [INFO] 2023-04-11 15:00:18.367208 Epoch [23/100] batch [385/391] loss 0.5552 lr 0.0885256621387895 acc 75.78% eta 1:06:47
2023-04-11 15:00:19,522 - __main__ - INFO - Computing epoch 23 validation accuracy...
2023-04-11 15:00:24,919 - __main__ - INFO - Computing epoch 23 validation loss...
2023-04-11 15:00:29,975 - __main__ - INFO - [INFO] 2023-04-11 15:00:29.975082 Epoch [24/100] batch [1/391] loss 0.6514 lr 0.08750555348152302 acc 80.47% eta 1:27:40
2023-04-11 15:00:47,477 - __main__ - INFO - [INFO] 2023-04-11 15:00:47.477023 Epoch [24/100] batch [129/391] loss 0.5737 lr 0.08750555348152302 acc 76.56% eta 0:59:46
2023-04-11 15:01:04,669 - __main__ - INFO - [INFO] 2023-04-11 15:01:04.669641 Epoch [24/100] batch [257/391] loss 0.6240 lr 0.08750555348152302 acc 65.62% eta 0:58:50
2023-04-11 15:01:21,954 - __main__ - INFO - [INFO] 2023-04-11 15:01:21.954589 Epoch [24/100] batch [385/391] loss 0.5566 lr 0.08750555348152302 acc 80.47% eta 0:58:27
2023-04-11 15:01:22,744 - __main__ - INFO - Computing epoch 24 validation accuracy...
2023-04-11 15:01:26,909 - __main__ - INFO - Computing epoch 24 validation loss...
2023-04-11 15:01:31,143 - __main__ - INFO - [INFO] 2023-04-11 15:01:31.143336 Epoch [25/100] batch [1/391] loss 0.4407 lr 0.08644843137107061 acc 80.47% eta 0:58:20
2023-04-11 15:01:48,518 - __main__ - INFO - [INFO] 2023-04-11 15:01:48.518229 Epoch [25/100] batch [129/391] loss 0.4631 lr 0.08644843137107061 acc 82.81% eta 0:58:12
2023-04-11 15:02:05,982 - __main__ - INFO - [INFO] 2023-04-11 15:02:05.982535 Epoch [25/100] batch [257/391] loss 0.6230 lr 0.08644843137107061 acc 61.72% eta 0:58:06
2023-04-11 15:02:23,507 - __main__ - INFO - [INFO] 2023-04-11 15:02:23.506754 Epoch [25/100] batch [385/391] loss 0.6006 lr 0.08644843137107061 acc 67.97% eta 0:57:59
2023-04-11 15:02:24,290 - __main__ - INFO - Computing epoch 25 validation accuracy...
2023-04-11 15:02:28,460 - __main__ - INFO - Computing epoch 25 validation loss...
2023-04-11 15:02:32,820 - __main__ - INFO - [INFO] 2023-04-11 15:02:32.820094 Epoch [26/100] batch [1/391] loss 0.8579 lr 0.0853553390593274 acc 75.00% eta 1:04:22
2023-04-11 15:02:50,407 - __main__ - INFO - [INFO] 2023-04-11 15:02:50.407502 Epoch [26/100] batch [129/391] loss 0.5190 lr 0.0853553390593274 acc 74.22% eta 0:58:18
2023-04-11 15:03:09,942 - __main__ - INFO - [INFO] 2023-04-11 15:03:09.942495 Epoch [26/100] batch [257/391] loss 0.6147 lr 0.0853553390593274 acc 68.75% eta 1:01:16
2023-04-11 15:03:27,681 - __main__ - INFO - [INFO] 2023-04-11 15:03:27.681388 Epoch [26/100] batch [385/391] loss 0.6729 lr 0.0853553390593274 acc 70.31% eta 1:00:04
2023-04-11 15:03:28,461 - __main__ - INFO - Computing epoch 26 validation accuracy...
2023-04-11 15:03:33,237 - __main__ - INFO - Computing epoch 26 validation loss...
2023-04-11 15:03:38,594 - __main__ - INFO - [INFO] 2023-04-11 15:03:38.594056 Epoch [27/100] batch [1/391] loss 0.6064 lr 0.08422735529643446 acc 68.75% eta 1:09:49
2023-04-11 15:03:57,932 - __main__ - INFO - [INFO] 2023-04-11 15:03:57.931855 Epoch [27/100] batch [129/391] loss 0.5151 lr 0.08422735529643446 acc 76.56% eta 1:03:16
2023-04-11 15:04:15,708 - __main__ - INFO - [INFO] 2023-04-11 15:04:15.708391 Epoch [27/100] batch [257/391] loss 0.7388 lr 0.08422735529643446 acc 76.56% eta 1:00:27
2023-04-11 15:04:32,917 - __main__ - INFO - [INFO] 2023-04-11 15:04:32.917360 Epoch [27/100] batch [385/391] loss 0.5459 lr 0.08422735529643446 acc 71.88% eta 0:58:41
2023-04-11 15:04:33,711 - __main__ - INFO - Computing epoch 27 validation accuracy...
2023-04-11 15:04:37,661 - __main__ - INFO - Computing epoch 27 validation loss...
2023-04-11 15:04:41,937 - __main__ - INFO - [INFO] 2023-04-11 15:04:41.937114 Epoch [28/100] batch [1/391] loss 0.5513 lr 0.08306559326618262 acc 82.81% eta 1:21:25
2023-04-11 15:04:59,497 - __main__ - INFO - [INFO] 2023-04-11 15:04:59.497291 Epoch [28/100] batch [129/391] loss 0.5322 lr 0.08306559326618262 acc 82.81% eta 0:56:48
2023-04-11 15:05:16,859 - __main__ - INFO - [INFO] 2023-04-11 15:05:16.858889 Epoch [28/100] batch [257/391] loss 0.5723 lr 0.08306559326618262 acc 82.81% eta 0:56:05
2023-04-11 15:05:34,567 - __main__ - INFO - [INFO] 2023-04-11 15:05:34.567109 Epoch [28/100] batch [385/391] loss 0.5767 lr 0.08306559326618262 acc 74.22% eta 0:56:03
2023-04-11 15:05:35,364 - __main__ - INFO - Computing epoch 28 validation accuracy...
2023-04-11 15:05:39,427 - __main__ - INFO - Computing epoch 28 validation loss...
2023-04-11 15:05:43,753 - __main__ - INFO - [INFO] 2023-04-11 15:05:43.753359 Epoch [29/100] batch [1/391] loss 0.6069 lr 0.08187119948743452 acc 77.34% eta 1:04:43
2023-04-11 15:06:00,794 - __main__ - INFO - [INFO] 2023-04-11 15:06:00.794088 Epoch [29/100] batch [129/391] loss 0.5811 lr 0.08187119948743452 acc 78.12% eta 0:53:55
2023-04-11 15:06:17,864 - __main__ - INFO - [INFO] 2023-04-11 15:06:17.863982 Epoch [29/100] batch [257/391] loss 0.4551 lr 0.08187119948743452 acc 75.78% eta 0:53:40
2023-04-11 15:06:37,115 - __main__ - INFO - [INFO] 2023-04-11 15:06:37.115120 Epoch [29/100] batch [385/391] loss 0.5762 lr 0.08187119948743452 acc 84.38% eta 0:55:48
2023-04-11 15:06:37,892 - __main__ - INFO - Computing epoch 29 validation accuracy...
2023-04-11 15:06:41,894 - __main__ - INFO - Computing epoch 29 validation loss...
2023-04-11 15:06:46,144 - __main__ - INFO - [INFO] 2023-04-11 15:06:46.144287 Epoch [30/100] batch [1/391] loss 0.4060 lr 0.08064535268264886 acc 84.38% eta 0:55:11
2023-04-11 15:07:05,113 - __main__ - INFO - [INFO] 2023-04-11 15:07:05.112994 Epoch [30/100] batch [129/391] loss 0.5161 lr 0.08064535268264886 acc 85.16% eta 0:59:19
2023-04-11 15:07:25,070 - __main__ - INFO - [INFO] 2023-04-11 15:07:25.070680 Epoch [30/100] batch [257/391] loss 0.3965 lr 0.08064535268264886 acc 84.38% eta 1:00:39
2023-04-11 15:07:42,449 - __main__ - INFO - [INFO] 2023-04-11 15:07:42.449256 Epoch [30/100] batch [385/391] loss 0.4612 lr 0.08064535268264886 acc 85.94% eta 0:58:12
2023-04-11 15:07:43,235 - __main__ - INFO - Computing epoch 30 validation accuracy...
2023-04-11 15:07:47,249 - __main__ - INFO - Computing epoch 30 validation loss...
2023-04-11 15:07:51,475 - __main__ - INFO - [INFO] 2023-04-11 15:07:51.475560 Epoch [31/100] batch [1/391] loss 0.5840 lr 0.0793892626146237 acc 75.78% eta 1:00:01
2023-04-11 15:08:08,781 - __main__ - INFO - [INFO] 2023-04-11 15:08:08.781737 Epoch [31/100] batch [129/391] loss 0.5430 lr 0.0793892626146237 acc 71.88% eta 0:53:14
2023-04-11 15:08:26,106 - __main__ - INFO - [INFO] 2023-04-11 15:08:26.105964 Epoch [31/100] batch [257/391] loss 0.7358 lr 0.0793892626146237 acc 71.09% eta 0:53:01
2023-04-11 15:08:43,273 - __main__ - INFO - [INFO] 2023-04-11 15:08:43.273753 Epoch [31/100] batch [385/391] loss 0.5322 lr 0.0793892626146237 acc 71.09% eta 0:52:37
2023-04-11 15:08:44,050 - __main__ - INFO - Computing epoch 31 validation accuracy...
2023-04-11 15:08:48,175 - __main__ - INFO - Computing epoch 31 validation loss...
2023-04-11 15:08:52,386 - __main__ - INFO - [INFO] 2023-04-11 15:08:52.385880 Epoch [32/100] batch [1/391] loss 0.5078 lr 0.07810416889260657 acc 76.56% eta 0:55:13
2023-04-11 15:09:09,740 - __main__ - INFO - [INFO] 2023-04-11 15:09:09.740534 Epoch [32/100] batch [129/391] loss 0.5278 lr 0.07810416889260657 acc 78.12% eta 0:52:46
2023-04-11 15:09:27,236 - __main__ - INFO - [INFO] 2023-04-11 15:09:27.236312 Epoch [32/100] batch [257/391] loss 0.6748 lr 0.07810416889260657 acc 75.78% eta 0:52:43
2023-04-11 15:09:44,698 - __main__ - INFO - [INFO] 2023-04-11 15:09:44.698384 Epoch [32/100] batch [385/391] loss 0.5825 lr 0.07810416889260657 acc 71.09% eta 0:52:26
2023-04-11 15:09:45,488 - __main__ - INFO - Computing epoch 32 validation accuracy...
2023-04-11 15:09:49,603 - __main__ - INFO - Computing epoch 32 validation loss...
2023-04-11 15:09:54,009 - __main__ - INFO - [INFO] 2023-04-11 15:09:54.009473 Epoch [33/100] batch [1/391] loss 0.5112 lr 0.07679133974894986 acc 85.94% eta 0:53:57
2023-04-11 15:10:10,893 - __main__ - INFO - [INFO] 2023-04-11 15:10:10.893208 Epoch [33/100] batch [129/391] loss 0.4219 lr 0.07679133974894986 acc 89.84% eta 0:50:21
2023-04-11 15:10:28,488 - __main__ - INFO - [INFO] 2023-04-11 15:10:28.488770 Epoch [33/100] batch [257/391] loss 0.4612 lr 0.07679133974894986 acc 87.50% eta 0:51:15
2023-04-11 15:10:45,693 - __main__ - INFO - [INFO] 2023-04-11 15:10:45.693492 Epoch [33/100] batch [385/391] loss 0.5264 lr 0.07679133974894986 acc 74.22% eta 0:50:58
2023-04-11 15:10:46,536 - __main__ - INFO - Computing epoch 33 validation accuracy...
2023-04-11 15:10:50,627 - __main__ - INFO - Computing epoch 33 validation loss...
2023-04-11 15:10:54,955 - __main__ - INFO - [INFO] 2023-04-11 15:10:54.955107 Epoch [34/100] batch [1/391] loss 0.4932 lr 0.0754520707875186 acc 83.59% eta 0:53:29
2023-04-11 15:11:12,107 - __main__ - INFO - [INFO] 2023-04-11 15:11:12.107197 Epoch [34/100] batch [129/391] loss 0.5254 lr 0.0754520707875186 acc 79.69% eta 0:50:30
2023-04-11 15:11:29,686 - __main__ - INFO - [INFO] 2023-04-11 15:11:29.686451 Epoch [34/100] batch [257/391] loss 0.6680 lr 0.0754520707875186 acc 77.34% eta 0:50:57
2023-04-11 15:11:46,476 - __main__ - INFO - [INFO] 2023-04-11 15:11:46.476483 Epoch [34/100] batch [385/391] loss 0.6470 lr 0.0754520707875186 acc 77.34% eta 0:50:05
2023-04-11 15:11:47,235 - __main__ - INFO - Computing epoch 34 validation accuracy...
2023-04-11 15:11:51,162 - __main__ - INFO - Computing epoch 34 validation loss...
2023-04-11 15:11:55,493 - __main__ - INFO - [INFO] 2023-04-11 15:11:55.493645 Epoch [35/100] batch [1/391] loss 0.5522 lr 0.0740876837050858 acc 79.69% eta 0:51:19
2023-04-11 15:12:12,648 - __main__ - INFO - [INFO] 2023-04-11 15:12:12.647859 Epoch [35/100] batch [129/391] loss 0.4529 lr 0.0740876837050858 acc 81.25% eta 0:49:44
2023-04-11 15:12:29,753 - __main__ - INFO - [INFO] 2023-04-11 15:12:29.752928 Epoch [35/100] batch [257/391] loss 0.5596 lr 0.0740876837050858 acc 67.19% eta 0:49:24
2023-04-11 15:12:47,174 - __main__ - INFO - [INFO] 2023-04-11 15:12:47.173817 Epoch [35/100] batch [385/391] loss 0.6021 lr 0.0740876837050858 acc 71.88% eta 0:49:27
2023-04-11 15:12:47,955 - __main__ - INFO - Computing epoch 35 validation accuracy...
2023-04-11 15:12:52,033 - __main__ - INFO - Computing epoch 35 validation loss...
2023-04-11 15:12:56,270 - __main__ - INFO - [INFO] 2023-04-11 15:12:56.270202 Epoch [36/100] batch [1/391] loss 0.4648 lr 0.07269952498697738 acc 81.25% eta 0:53:55
2023-04-11 15:13:13,813 - __main__ - INFO - [INFO] 2023-04-11 15:13:13.812918 Epoch [36/100] batch [129/391] loss 0.5942 lr 0.07269952498697738 acc 74.22% eta 0:50:03
2023-04-11 15:13:30,686 - __main__ - INFO - [INFO] 2023-04-11 15:13:30.686058 Epoch [36/100] batch [257/391] loss 0.5488 lr 0.07269952498697738 acc 76.56% eta 0:48:50
2023-04-11 15:13:47,739 - __main__ - INFO - [INFO] 2023-04-11 15:13:47.739272 Epoch [36/100] batch [385/391] loss 0.5317 lr 0.07269952498697738 acc 65.62% eta 0:48:28
2023-04-11 15:13:48,518 - __main__ - INFO - Computing epoch 36 validation accuracy...
2023-04-11 15:13:52,524 - __main__ - INFO - Computing epoch 36 validation loss...
2023-04-11 15:13:56,786 - __main__ - INFO - [INFO] 2023-04-11 15:13:56.785996 Epoch [37/100] batch [1/391] loss 0.4697 lr 0.07128896457825366 acc 75.00% eta 0:50:16
2023-04-11 15:14:13,777 - __main__ - INFO - [INFO] 2023-04-11 15:14:13.777279 Epoch [37/100] batch [129/391] loss 0.4602 lr 0.07128896457825366 acc 79.69% eta 0:47:45
2023-04-11 15:14:31,042 - __main__ - INFO - [INFO] 2023-04-11 15:14:31.042189 Epoch [37/100] batch [257/391] loss 0.6328 lr 0.07128896457825366 acc 78.12% eta 0:47:56
2023-04-11 15:14:47,929 - __main__ - INFO - [INFO] 2023-04-11 15:14:47.929136 Epoch [37/100] batch [385/391] loss 0.5459 lr 0.07128896457825366 acc 82.81% eta 0:47:25
2023-04-11 15:14:48,700 - __main__ - INFO - Computing epoch 37 validation accuracy...
2023-04-11 15:14:52,689 - __main__ - INFO - Computing epoch 37 validation loss...
2023-04-11 15:14:56,962 - __main__ - INFO - [INFO] 2023-04-11 15:14:56.962711 Epoch [38/100] batch [1/391] loss 0.6650 lr 0.06985739453173906 acc 75.00% eta 1:11:17
2023-04-11 15:15:14,467 - __main__ - INFO - [INFO] 2023-04-11 15:15:14.467559 Epoch [38/100] batch [129/391] loss 0.4639 lr 0.06985739453173906 acc 72.66% eta 0:48:40
2023-04-11 15:15:31,644 - __main__ - INFO - [INFO] 2023-04-11 15:15:31.643840 Epoch [38/100] batch [257/391] loss 0.5742 lr 0.06985739453173906 acc 67.97% eta 0:47:51
2023-04-11 15:15:48,885 - __main__ - INFO - [INFO] 2023-04-11 15:15:48.885350 Epoch [38/100] batch [385/391] loss 0.4802 lr 0.06985739453173906 acc 82.03% eta 0:47:29
2023-04-11 15:15:49,672 - __main__ - INFO - Computing epoch 38 validation accuracy...
2023-04-11 15:15:53,723 - __main__ - INFO - Computing epoch 38 validation loss...
2023-04-11 15:15:57,916 - __main__ - INFO - [INFO] 2023-04-11 15:15:57.916016 Epoch [39/100] batch [1/391] loss 0.5718 lr 0.06840622763423394 acc 77.34% eta 0:51:41
2023-04-11 15:16:15,272 - __main__ - INFO - [INFO] 2023-04-11 15:16:15.272436 Epoch [39/100] batch [129/391] loss 0.4595 lr 0.06840622763423394 acc 78.12% eta 0:47:21
2023-04-11 15:16:32,330 - __main__ - INFO - [INFO] 2023-04-11 15:16:32.330571 Epoch [39/100] batch [257/391] loss 0.4678 lr 0.06840622763423394 acc 77.34% eta 0:46:39
2023-04-11 15:16:49,348 - __main__ - INFO - [INFO] 2023-04-11 15:16:49.348373 Epoch [39/100] batch [385/391] loss 0.4456 lr 0.06840622763423394 acc 89.06% eta 0:46:13
2023-04-11 15:16:50,124 - __main__ - INFO - Computing epoch 39 validation accuracy...
2023-04-11 15:16:54,204 - __main__ - INFO - Computing epoch 39 validation loss...
2023-04-11 15:16:58,398 - __main__ - INFO - [INFO] 2023-04-11 15:16:58.398055 Epoch [40/100] batch [1/391] loss 0.3801 lr 0.06693689601226462 acc 88.28% eta 0:46:51
2023-04-11 15:17:15,401 - __main__ - INFO - [INFO] 2023-04-11 15:17:15.401713 Epoch [40/100] batch [129/391] loss 0.4302 lr 0.06693689601226462 acc 83.59% eta 0:45:31
2023-04-11 15:17:32,386 - __main__ - INFO - [INFO] 2023-04-11 15:17:32.386242 Epoch [40/100] batch [257/391] loss 0.3936 lr 0.06693689601226462 acc 78.91% eta 0:45:14
2023-04-11 15:17:49,577 - __main__ - INFO - [INFO] 2023-04-11 15:17:49.576968 Epoch [40/100] batch [385/391] loss 0.5469 lr 0.06693689601226462 acc 79.69% eta 0:45:10
2023-04-11 15:17:50,354 - __main__ - INFO - Computing epoch 40 validation accuracy...
2023-04-11 15:17:54,371 - __main__ - INFO - Computing epoch 40 validation loss...
2023-04-11 15:17:58,646 - __main__ - INFO - [INFO] 2023-04-11 15:17:58.645957 Epoch [41/100] batch [1/391] loss 0.5464 lr 0.06545084971874741 acc 81.25% eta 0:53:10
2023-04-11 15:18:15,774 - __main__ - INFO - [INFO] 2023-04-11 15:18:15.774316 Epoch [41/100] batch [129/391] loss 0.6543 lr 0.06545084971874741 acc 82.03% eta 0:45:07
2023-04-11 15:18:32,837 - __main__ - INFO - [INFO] 2023-04-11 15:18:32.837206 Epoch [41/100] batch [257/391] loss 0.6919 lr 0.06545084971874741 acc 75.00% eta 0:44:48
2023-04-11 15:18:50,099 - __main__ - INFO - [INFO] 2023-04-11 15:18:50.099717 Epoch [41/100] batch [385/391] loss 0.5181 lr 0.06545084971874741 acc 85.94% eta 0:44:41
2023-04-11 15:18:50,871 - __main__ - INFO - Computing epoch 41 validation accuracy...
2023-04-11 15:18:55,045 - __main__ - INFO - Computing epoch 41 validation loss...
2023-04-11 15:18:59,267 - __main__ - INFO - [INFO] 2023-04-11 15:18:59.267155 Epoch [42/100] batch [1/391] loss 0.3857 lr 0.06394955530196152 acc 85.94% eta 0:48:29
2023-04-11 15:19:16,271 - __main__ - INFO - [INFO] 2023-04-11 15:19:16.270881 Epoch [42/100] batch [129/391] loss 0.3975 lr 0.06394955530196152 acc 82.81% eta 0:44:00
2023-04-11 15:19:33,494 - __main__ - INFO - [INFO] 2023-04-11 15:19:33.493854 Epoch [42/100] batch [257/391] loss 0.4810 lr 0.06394955530196152 acc 83.59% eta 0:44:01
2023-04-11 15:19:50,352 - __main__ - INFO - [INFO] 2023-04-11 15:19:50.352548 Epoch [42/100] batch [385/391] loss 0.5454 lr 0.06394955530196152 acc 82.81% eta 0:43:31
2023-04-11 15:19:51,118 - __main__ - INFO - Computing epoch 42 validation accuracy...
2023-04-11 15:19:55,040 - __main__ - INFO - Computing epoch 42 validation loss...
2023-04-11 15:19:59,245 - __main__ - INFO - [INFO] 2023-04-11 15:19:59.244962 Epoch [43/100] batch [1/391] loss 0.5244 lr 0.062434494358242776 acc 79.69% eta 0:44:39
2023-04-11 15:20:16,035 - __main__ - INFO - [INFO] 2023-04-11 15:20:16.035104 Epoch [43/100] batch [129/391] loss 0.6865 lr 0.062434494358242776 acc 75.78% eta 0:42:34
2023-04-11 15:20:33,331 - __main__ - INFO - [INFO] 2023-04-11 15:20:33.331046 Epoch [43/100] batch [257/391] loss 0.5264 lr 0.062434494358242776 acc 82.03% eta 0:43:00
2023-04-11 15:20:50,155 - __main__ - INFO - [INFO] 2023-04-11 15:20:50.154947 Epoch [43/100] batch [385/391] loss 0.4485 lr 0.062434494358242776 acc 82.81% eta 0:42:32
2023-04-11 15:20:50,926 - __main__ - INFO - Computing epoch 43 validation accuracy...
2023-04-11 15:20:55,046 - __main__ - INFO - Computing epoch 43 validation loss...
2023-04-11 15:20:59,362 - __main__ - INFO - [INFO] 2023-04-11 15:20:59.361907 Epoch [44/100] batch [1/391] loss 0.4680 lr 0.06090716206982718 acc 76.56% eta 0:45:16
2023-04-11 15:21:16,435 - __main__ - INFO - [INFO] 2023-04-11 15:21:16.435201 Epoch [44/100] batch [129/391] loss 0.4202 lr 0.06090716206982718 acc 78.91% eta 0:42:39
2023-04-11 15:21:33,726 - __main__ - INFO - [INFO] 2023-04-11 15:21:33.726280 Epoch [44/100] batch [257/391] loss 0.5103 lr 0.06090716206982718 acc 77.34% eta 0:42:41
2023-04-11 15:21:51,128 - __main__ - INFO - [INFO] 2023-04-11 15:21:51.128525 Epoch [44/100] batch [385/391] loss 0.4829 lr 0.06090716206982718 acc 74.22% eta 0:42:39
2023-04-11 15:21:51,932 - __main__ - INFO - Computing epoch 44 validation accuracy...
2023-04-11 15:21:56,041 - __main__ - INFO - Computing epoch 44 validation loss...
2023-04-11 15:22:01,519 - __main__ - INFO - [INFO] 2023-04-11 15:22:01.518914 Epoch [45/100] batch [1/391] loss 0.4792 lr 0.05936906572928628 acc 82.81% eta 0:55:35
2023-04-11 15:22:19,153 - __main__ - INFO - [INFO] 2023-04-11 15:22:19.153226 Epoch [45/100] batch [129/391] loss 0.5029 lr 0.05936906572928628 acc 82.03% eta 0:43:27
2023-04-11 15:22:38,768 - __main__ - INFO - [INFO] 2023-04-11 15:22:38.768280 Epoch [45/100] batch [257/391] loss 0.4187 lr 0.05936906572928628 acc 83.59% eta 0:45:42
2023-04-11 15:22:57,778 - __main__ - INFO - [INFO] 2023-04-11 15:22:57.778549 Epoch [45/100] batch [385/391] loss 0.4192 lr 0.05936906572928628 acc 86.72% eta 0:45:46
2023-04-11 15:22:58,641 - __main__ - INFO - Computing epoch 45 validation accuracy...
2023-04-11 15:23:02,602 - __main__ - INFO - Computing epoch 45 validation loss...
2023-04-11 15:23:06,778 - __main__ - INFO - [INFO] 2023-04-11 15:23:06.778368 Epoch [46/100] batch [1/391] loss 0.5112 lr 0.05782172325201159 acc 77.34% eta 0:42:45
2023-04-11 15:23:23,659 - __main__ - INFO - [INFO] 2023-04-11 15:23:23.659316 Epoch [46/100] batch [129/391] loss 0.5425 lr 0.05782172325201159 acc 78.91% eta 0:40:39
2023-04-11 15:23:40,881 - __main__ - INFO - [INFO] 2023-04-11 15:23:40.881163 Epoch [46/100] batch [257/391] loss 0.3770 lr 0.05782172325201159 acc 82.03% eta 0:40:53
2023-04-11 15:23:57,838 - __main__ - INFO - [INFO] 2023-04-11 15:23:57.838154 Epoch [46/100] batch [385/391] loss 0.5532 lr 0.05782172325201159 acc 82.81% eta 0:40:33
2023-04-11 15:23:58,614 - __main__ - INFO - Computing epoch 46 validation accuracy...
2023-04-11 15:24:02,543 - __main__ - INFO - Computing epoch 46 validation loss...
2023-04-11 15:24:06,857 - __main__ - INFO - [INFO] 2023-04-11 15:24:06.857351 Epoch [47/100] batch [1/391] loss 0.5142 lr 0.056266661678215264 acc 72.66% eta 0:43:00
2023-04-11 15:24:23,969 - __main__ - INFO - [INFO] 2023-04-11 15:24:23.969568 Epoch [47/100] batch [129/391] loss 0.5415 lr 0.056266661678215264 acc 83.59% eta 0:40:30
2023-04-11 15:24:41,010 - __main__ - INFO - [INFO] 2023-04-11 15:24:41.009845 Epoch [47/100] batch [257/391] loss 0.5757 lr 0.056266661678215264 acc 75.78% eta 0:40:11
2023-04-11 15:24:58,293 - __main__ - INFO - [INFO] 2023-04-11 15:24:58.292950 Epoch [47/100] batch [385/391] loss 0.6831 lr 0.056266661678215264 acc 78.91% eta 0:40:06
2023-04-11 15:24:59,141 - __main__ - INFO - Computing epoch 47 validation accuracy...
2023-04-11 15:25:03,188 - __main__ - INFO - Computing epoch 47 validation loss...
2023-04-11 15:25:07,366 - __main__ - INFO - [INFO] 2023-04-11 15:25:07.366392 Epoch [48/100] batch [1/391] loss 0.3989 lr 0.05470541566592575 acc 80.47% eta 0:42:35
2023-04-11 15:25:24,332 - __main__ - INFO - [INFO] 2023-04-11 15:25:24.331782 Epoch [48/100] batch [129/391] loss 0.3953 lr 0.05470541566592575 acc 83.59% eta 0:39:21
2023-04-11 15:25:41,649 - __main__ - INFO - [INFO] 2023-04-11 15:25:41.649288 Epoch [48/100] batch [257/391] loss 0.3667 lr 0.05470541566592575 acc 83.59% eta 0:39:32
2023-04-11 15:26:00,493 - __main__ - INFO - [INFO] 2023-04-11 15:26:00.493343 Epoch [48/100] batch [385/391] loss 0.4133 lr 0.05470541566592575 acc 76.56% eta 0:40:39
2023-04-11 15:26:01,299 - __main__ - INFO - Computing epoch 48 validation accuracy...
2023-04-11 15:26:05,353 - __main__ - INFO - Computing epoch 48 validation loss...
2023-04-11 15:26:09,547 - __main__ - INFO - [INFO] 2023-04-11 15:26:09.547110 Epoch [49/100] batch [1/391] loss 0.3777 lr 0.053139525976465714 acc 88.28% eta 0:42:50
2023-04-11 15:26:30,123 - __main__ - INFO - [INFO] 2023-04-11 15:26:30.122847 Epoch [49/100] batch [129/391] loss 0.4199 lr 0.053139525976465714 acc 82.81% eta 0:47:04
2023-04-11 15:26:51,384 - __main__ - INFO - [INFO] 2023-04-11 15:26:51.383698 Epoch [49/100] batch [257/391] loss 0.3557 lr 0.053139525976465714 acc 87.50% eta 0:47:42
2023-04-11 15:27:08,829 - __main__ - INFO - [INFO] 2023-04-11 15:27:08.829364 Epoch [49/100] batch [385/391] loss 0.3831 lr 0.053139525976465714 acc 82.03% eta 0:44:42
2023-04-11 15:27:09,602 - __main__ - INFO - Computing epoch 49 validation accuracy...
2023-04-11 15:27:13,614 - __main__ - INFO - Computing epoch 49 validation loss...
2023-04-11 15:27:18,084 - __main__ - INFO - [INFO] 2023-04-11 15:27:18.084216 Epoch [50/100] batch [1/391] loss 0.5293 lr 0.05157053795390645 acc 81.25% eta 0:40:18
2023-04-11 15:27:35,482 - __main__ - INFO - [INFO] 2023-04-11 15:27:35.482512 Epoch [50/100] batch [129/391] loss 0.5469 lr 0.05157053795390645 acc 81.25% eta 0:38:53
2023-04-11 15:27:52,475 - __main__ - INFO - [INFO] 2023-04-11 15:27:52.475686 Epoch [50/100] batch [257/391] loss 0.4163 lr 0.05157053795390645 acc 81.25% eta 0:38:09
2023-04-11 15:28:09,809 - __main__ - INFO - [INFO] 2023-04-11 15:28:09.809264 Epoch [50/100] batch [385/391] loss 0.3364 lr 0.05157053795390645 acc 90.62% eta 0:38:01
2023-04-11 15:28:10,618 - __main__ - INFO - Computing epoch 50 validation accuracy...
2023-04-11 15:28:14,607 - __main__ - INFO - Computing epoch 50 validation loss...
2023-04-11 15:28:18,717 - __main__ - INFO - [INFO] 2023-04-11 15:28:18.717702 Epoch [51/100] batch [1/391] loss 0.3760 lr 0.05000000000000004 acc 85.94% eta 0:41:02
2023-04-11 15:28:36,049 - __main__ - INFO - [INFO] 2023-04-11 15:28:36.049839 Epoch [51/100] batch [129/391] loss 0.4482 lr 0.05000000000000004 acc 85.94% eta 0:37:58
2023-04-11 15:28:53,574 - __main__ - INFO - [INFO] 2023-04-11 15:28:53.574562 Epoch [51/100] batch [257/391] loss 0.4651 lr 0.05000000000000004 acc 83.59% eta 0:37:59
2023-04-11 15:29:10,696 - __main__ - INFO - [INFO] 2023-04-11 15:29:10.695962 Epoch [51/100] batch [385/391] loss 0.3774 lr 0.05000000000000004 acc 89.06% eta 0:37:31
2023-04-11 15:29:11,477 - __main__ - INFO - Computing epoch 51 validation accuracy...
2023-04-11 15:29:15,421 - __main__ - INFO - Computing epoch 51 validation loss...
2023-04-11 15:29:19,595 - __main__ - INFO - [INFO] 2023-04-11 15:29:19.595649 Epoch [52/100] batch [1/391] loss 0.4519 lr 0.04842946204609362 acc 88.28% eta 0:39:39
2023-04-11 15:29:36,865 - __main__ - INFO - [INFO] 2023-04-11 15:29:36.865774 Epoch [52/100] batch [129/391] loss 0.4412 lr 0.04842946204609362 acc 85.16% eta 0:37:05
2023-04-11 15:29:53,750 - __main__ - INFO - [INFO] 2023-04-11 15:29:53.750080 Epoch [52/100] batch [257/391] loss 0.3906 lr 0.04842946204609362 acc 87.50% eta 0:36:22
2023-04-11 15:30:10,722 - __main__ - INFO - [INFO] 2023-04-11 15:30:10.722202 Epoch [52/100] batch [385/391] loss 0.4055 lr 0.04842946204609362 acc 83.59% eta 0:36:01
2023-04-11 15:30:11,496 - __main__ - INFO - Computing epoch 52 validation accuracy...
2023-04-11 15:30:15,394 - __main__ - INFO - Computing epoch 52 validation loss...
2023-04-11 15:30:19,529 - __main__ - INFO - [INFO] 2023-04-11 15:30:19.529012 Epoch [53/100] batch [1/391] loss 0.3477 lr 0.04686047402353437 acc 87.50% eta 0:37:43
2023-04-11 15:30:36,430 - __main__ - INFO - [INFO] 2023-04-11 15:30:36.430140 Epoch [53/100] batch [129/391] loss 0.3975 lr 0.04686047402353437 acc 85.94% eta 0:35:30
2023-04-11 15:30:53,756 - __main__ - INFO - [INFO] 2023-04-11 15:30:53.756039 Epoch [53/100] batch [257/391] loss 0.3132 lr 0.04686047402353437 acc 88.28% eta 0:35:46
2023-04-11 15:31:11,096 - __main__ - INFO - [INFO] 2023-04-11 15:31:11.096214 Epoch [53/100] batch [385/391] loss 0.4822 lr 0.04686047402353437 acc 79.69% eta 0:35:42
2023-04-11 15:31:11,885 - __main__ - INFO - Computing epoch 53 validation accuracy...
2023-04-11 15:31:16,008 - __main__ - INFO - Computing epoch 53 validation loss...
2023-04-11 15:31:20,231 - __main__ - INFO - [INFO] 2023-04-11 15:31:20.231700 Epoch [54/100] batch [1/391] loss 0.2910 lr 0.045294584334074316 acc 85.16% eta 0:39:56
2023-04-11 15:31:37,719 - __main__ - INFO - [INFO] 2023-04-11 15:31:37.719557 Epoch [54/100] batch [129/391] loss 0.3423 lr 0.045294584334074316 acc 89.84% eta 0:36:07
2023-04-11 15:31:54,911 - __main__ - INFO - [INFO] 2023-04-11 15:31:54.910854 Epoch [54/100] batch [257/391] loss 0.4651 lr 0.045294584334074316 acc 83.59% eta 0:35:33
2023-04-11 15:32:11,992 - __main__ - INFO - [INFO] 2023-04-11 15:32:11.992453 Epoch [54/100] batch [385/391] loss 0.4543 lr 0.045294584334074316 acc 82.81% eta 0:35:06
2023-04-11 15:32:12,805 - __main__ - INFO - Computing epoch 54 validation accuracy...
2023-04-11 15:32:16,986 - __main__ - INFO - Computing epoch 54 validation loss...
2023-04-11 15:32:21,233 - __main__ - INFO - [INFO] 2023-04-11 15:32:21.232965 Epoch [55/100] batch [1/391] loss 0.3730 lr 0.043733338321784825 acc 89.06% eta 0:36:04
2023-04-11 15:32:38,287 - __main__ - INFO - [INFO] 2023-04-11 15:32:38.287058 Epoch [55/100] batch [129/391] loss 0.3831 lr 0.043733338321784825 acc 82.81% eta 0:34:19
2023-04-11 15:32:56,132 - __main__ - INFO - [INFO] 2023-04-11 15:32:56.132478 Epoch [55/100] batch [257/391] loss 0.3596 lr 0.043733338321784825 acc 82.81% eta 0:34:59
2023-04-11 15:33:13,382 - __main__ - INFO - [INFO] 2023-04-11 15:33:13.382223 Epoch [55/100] batch [385/391] loss 0.4336 lr 0.043733338321784825 acc 85.16% eta 0:34:35
2023-04-11 15:33:14,191 - __main__ - INFO - Computing epoch 55 validation accuracy...
2023-04-11 15:33:18,143 - __main__ - INFO - Computing epoch 55 validation loss...
2023-04-11 15:33:22,335 - __main__ - INFO - [INFO] 2023-04-11 15:33:22.335412 Epoch [56/100] batch [1/391] loss 0.5649 lr 0.042178276747988484 acc 85.16% eta 0:35:50
2023-04-11 15:33:42,245 - __main__ - INFO - [INFO] 2023-04-11 15:33:42.245220 Epoch [56/100] batch [129/391] loss 0.3594 lr 0.042178276747988484 acc 81.25% eta 0:39:35
2023-04-11 15:34:00,548 - __main__ - INFO - [INFO] 2023-04-11 15:34:00.548033 Epoch [56/100] batch [257/391] loss 0.3286 lr 0.042178276747988484 acc 89.84% eta 0:37:39
2023-04-11 15:34:19,302 - __main__ - INFO - [INFO] 2023-04-11 15:34:19.302632 Epoch [56/100] batch [385/391] loss 0.4187 lr 0.042178276747988484 acc 85.16% eta 0:37:07
2023-04-11 15:34:20,204 - __main__ - INFO - Computing epoch 56 validation accuracy...
2023-04-11 15:34:24,983 - __main__ - INFO - Computing epoch 56 validation loss...
2023-04-11 15:34:30,493 - __main__ - INFO - [INFO] 2023-04-11 15:34:30.493150 Epoch [57/100] batch [1/391] loss 0.4368 lr 0.0406309342707138 acc 91.41% eta 1:09:08
2023-04-11 15:34:49,609 - __main__ - INFO - [INFO] 2023-04-11 15:34:49.609004 Epoch [57/100] batch [129/391] loss 0.3342 lr 0.0406309342707138 acc 85.16% eta 0:37:17
2023-04-11 15:35:06,519 - __main__ - INFO - [INFO] 2023-04-11 15:35:06.519154 Epoch [57/100] batch [257/391] loss 0.4480 lr 0.0406309342707138 acc 86.72% eta 0:34:39
2023-04-11 15:35:23,494 - __main__ - INFO - [INFO] 2023-04-11 15:35:23.494347 Epoch [57/100] batch [385/391] loss 0.3865 lr 0.0406309342707138 acc 85.94% eta 0:33:40
2023-04-11 15:35:24,287 - __main__ - INFO - Computing epoch 57 validation accuracy...
2023-04-11 15:35:28,303 - __main__ - INFO - Computing epoch 57 validation loss...
2023-04-11 15:35:32,459 - __main__ - INFO - [INFO] 2023-04-11 15:35:32.459479 Epoch [58/100] batch [1/391] loss 0.3674 lr 0.039092837930172916 acc 88.28% eta 0:35:00
2023-04-11 15:35:49,502 - __main__ - INFO - [INFO] 2023-04-11 15:35:49.502315 Epoch [58/100] batch [129/391] loss 0.4658 lr 0.039092837930172916 acc 82.81% eta 0:32:06
2023-04-11 15:36:06,744 - __main__ - INFO - [INFO] 2023-04-11 15:36:06.744794 Epoch [58/100] batch [257/391] loss 0.3481 lr 0.039092837930172916 acc 89.06% eta 0:32:02
2023-04-11 15:36:24,180 - __main__ - INFO - [INFO] 2023-04-11 15:36:24.180708 Epoch [58/100] batch [385/391] loss 0.3633 lr 0.039092837930172916 acc 78.12% eta 0:31:59
2023-04-11 15:36:24,944 - __main__ - INFO - Computing epoch 58 validation accuracy...
2023-04-11 15:36:28,918 - __main__ - INFO - Computing epoch 58 validation loss...
2023-04-11 15:36:33,112 - __main__ - INFO - [INFO] 2023-04-11 15:36:33.112364 Epoch [59/100] batch [1/391] loss 0.3452 lr 0.037565505641757285 acc 78.91% eta 0:32:19
2023-04-11 15:36:50,334 - __main__ - INFO - [INFO] 2023-04-11 15:36:50.334467 Epoch [59/100] batch [129/391] loss 0.3262 lr 0.037565505641757285 acc 88.28% eta 0:31:40
2023-04-11 15:37:07,281 - __main__ - INFO - [INFO] 2023-04-11 15:37:07.280869 Epoch [59/100] batch [257/391] loss 0.4006 lr 0.037565505641757285 acc 87.50% eta 0:31:10
2023-04-11 15:37:27,228 - __main__ - INFO - [INFO] 2023-04-11 15:37:27.227896 Epoch [59/100] batch [385/391] loss 0.5635 lr 0.037565505641757285 acc 82.03% eta 0:32:42
2023-04-11 15:37:27,997 - __main__ - INFO - Computing epoch 59 validation accuracy...
2023-04-11 15:37:31,921 - __main__ - INFO - Computing epoch 59 validation loss...
2023-04-11 15:37:36,060 - __main__ - INFO - [INFO] 2023-04-11 15:37:36.060139 Epoch [60/100] batch [1/391] loss 0.3779 lr 0.03605044469803857 acc 85.16% eta 0:34:04
2023-04-11 15:37:53,963 - __main__ - INFO - [INFO] 2023-04-11 15:37:53.963518 Epoch [60/100] batch [129/391] loss 0.4192 lr 0.03605044469803857 acc 86.72% eta 0:32:17
2023-04-11 15:38:14,004 - __main__ - INFO - [INFO] 2023-04-11 15:38:14.004317 Epoch [60/100] batch [257/391] loss 0.4617 lr 0.03605044469803857 acc 87.50% eta 0:33:56
2023-04-11 15:38:33,689 - __main__ - INFO - [INFO] 2023-04-11 15:38:33.689305 Epoch [60/100] batch [385/391] loss 0.5093 lr 0.03605044469803857 acc 82.81% eta 0:34:08
2023-04-11 15:38:34,671 - __main__ - INFO - Computing epoch 60 validation accuracy...
2023-04-11 15:38:39,159 - __main__ - INFO - Computing epoch 60 validation loss...
2023-04-11 15:38:43,463 - __main__ - INFO - [INFO] 2023-04-11 15:38:43.462758 Epoch [61/100] batch [1/391] loss 0.4192 lr 0.034549150281252675 acc 81.25% eta 0:32:55
2023-04-11 15:39:00,716 - __main__ - INFO - [INFO] 2023-04-11 15:39:00.716320 Epoch [61/100] batch [129/391] loss 0.3174 lr 0.034549150281252675 acc 89.06% eta 0:30:16
2023-04-11 15:39:17,965 - __main__ - INFO - [INFO] 2023-04-11 15:39:17.965002 Epoch [61/100] batch [257/391] loss 0.3701 lr 0.034549150281252675 acc 89.84% eta 0:29:58
2023-04-11 15:39:35,097 - __main__ - INFO - [INFO] 2023-04-11 15:39:35.097514 Epoch [61/100] batch [385/391] loss 0.2102 lr 0.034549150281252675 acc 92.19% eta 0:29:39
2023-04-11 15:39:35,876 - __main__ - INFO - Computing epoch 61 validation accuracy...
2023-04-11 15:39:39,901 - __main__ - INFO - Computing epoch 61 validation loss...
2023-04-11 15:39:44,052 - __main__ - INFO - [INFO] 2023-04-11 15:39:44.052735 Epoch [62/100] batch [1/391] loss 0.3320 lr 0.03306310398773546 acc 91.41% eta 0:32:09
2023-04-11 15:40:01,203 - __main__ - INFO - [INFO] 2023-04-11 15:40:01.203397 Epoch [62/100] batch [129/391] loss 0.3740 lr 0.03306310398773546 acc 90.62% eta 0:29:18
2023-04-11 15:40:18,457 - __main__ - INFO - [INFO] 2023-04-11 15:40:18.456874 Epoch [62/100] batch [257/391] loss 0.3865 lr 0.03306310398773546 acc 85.94% eta 0:29:07
2023-04-11 15:40:35,925 - __main__ - INFO - [INFO] 2023-04-11 15:40:35.925361 Epoch [62/100] batch [385/391] loss 0.2795 lr 0.03306310398773546 acc 92.19% eta 0:29:02
2023-04-11 15:40:36,724 - __main__ - INFO - Computing epoch 62 validation accuracy...
2023-04-11 15:40:40,703 - __main__ - INFO - Computing epoch 62 validation loss...
2023-04-11 15:40:44,916 - __main__ - INFO - [INFO] 2023-04-11 15:40:44.916085 Epoch [63/100] batch [1/391] loss 0.2620 lr 0.031593772365766146 acc 89.84% eta 0:30:30
2023-04-11 15:41:02,285 - __main__ - INFO - [INFO] 2023-04-11 15:41:02.285089 Epoch [63/100] batch [129/391] loss 0.2688 lr 0.031593772365766146 acc 89.84% eta 0:29:00
2023-04-11 15:41:19,653 - __main__ - INFO - [INFO] 2023-04-11 15:41:19.652587 Epoch [63/100] batch [257/391] loss 0.4810 lr 0.031593772365766146 acc 85.16% eta 0:28:43
2023-04-11 15:41:36,888 - __main__ - INFO - [INFO] 2023-04-11 15:41:36.888790 Epoch [63/100] batch [385/391] loss 0.3447 lr 0.031593772365766146 acc 86.72% eta 0:28:22
2023-04-11 15:41:37,665 - __main__ - INFO - Computing epoch 63 validation accuracy...
2023-04-11 15:41:41,648 - __main__ - INFO - Computing epoch 63 validation loss...
2023-04-11 15:41:45,872 - __main__ - INFO - [INFO] 2023-04-11 15:41:45.872514 Epoch [64/100] batch [1/391] loss 0.3420 lr 0.030142605468260992 acc 89.84% eta 0:30:13
2023-04-11 15:42:02,824 - __main__ - INFO - [INFO] 2023-04-11 15:42:02.824025 Epoch [64/100] batch [129/391] loss 0.2749 lr 0.030142605468260992 acc 86.72% eta 0:27:23
2023-04-11 15:42:20,331 - __main__ - INFO - [INFO] 2023-04-11 15:42:20.331763 Epoch [64/100] batch [257/391] loss 0.3513 lr 0.030142605468260992 acc 85.94% eta 0:27:40
2023-04-11 15:42:37,804 - __main__ - INFO - [INFO] 2023-04-11 15:42:37.804482 Epoch [64/100] batch [385/391] loss 0.4185 lr 0.030142605468260992 acc 84.38% eta 0:27:33
2023-04-11 15:42:38,593 - __main__ - INFO - Computing epoch 64 validation accuracy...
2023-04-11 15:42:42,613 - __main__ - INFO - Computing epoch 64 validation loss...
2023-04-11 15:42:46,780 - __main__ - INFO - [INFO] 2023-04-11 15:42:46.780581 Epoch [65/100] batch [1/391] loss 0.2781 lr 0.028711035421746394 acc 92.19% eta 0:27:42
2023-04-11 15:43:04,217 - __main__ - INFO - [INFO] 2023-04-11 15:43:04.217659 Epoch [65/100] batch [129/391] loss 0.3455 lr 0.028711035421746394 acc 90.62% eta 0:27:32
2023-04-11 15:43:21,527 - __main__ - INFO - [INFO] 2023-04-11 15:43:21.526805 Epoch [65/100] batch [257/391] loss 0.3474 lr 0.028711035421746394 acc 89.84% eta 0:27:08
2023-04-11 15:43:38,767 - __main__ - INFO - [INFO] 2023-04-11 15:43:38.767420 Epoch [65/100] batch [385/391] loss 0.2844 lr 0.028711035421746394 acc 91.41% eta 0:26:48
2023-04-11 15:43:39,571 - __main__ - INFO - Computing epoch 65 validation accuracy...
2023-04-11 15:43:43,644 - __main__ - INFO - Computing epoch 65 validation loss...
2023-04-11 15:43:47,891 - __main__ - INFO - [INFO] 2023-04-11 15:43:47.891172 Epoch [66/100] batch [1/391] loss 0.2949 lr 0.027300475013022688 acc 93.75% eta 0:29:15
2023-04-11 15:44:07,383 - __main__ - INFO - [INFO] 2023-04-11 15:44:07.383367 Epoch [66/100] batch [129/391] loss 0.3088 lr 0.027300475013022688 acc 91.41% eta 0:30:21
2023-04-11 15:44:27,135 - __main__ - INFO - [INFO] 2023-04-11 15:44:27.134659 Epoch [66/100] batch [257/391] loss 0.3662 lr 0.027300475013022688 acc 88.28% eta 0:30:20
2023-04-11 15:44:47,260 - __main__ - INFO - [INFO] 2023-04-11 15:44:47.260707 Epoch [66/100] batch [385/391] loss 0.3564 lr 0.027300475013022688 acc 92.97% eta 0:30:20
2023-04-11 15:44:48,126 - __main__ - INFO - Computing epoch 66 validation accuracy...
2023-04-11 15:44:52,139 - __main__ - INFO - Computing epoch 66 validation loss...
2023-04-11 15:44:56,343 - __main__ - INFO - [INFO] 2023-04-11 15:44:56.343429 Epoch [67/100] batch [1/391] loss 0.2896 lr 0.025912316294914254 acc 90.62% eta 0:30:15
2023-04-11 15:45:13,363 - __main__ - INFO - [INFO] 2023-04-11 15:45:13.362820 Epoch [67/100] batch [129/391] loss 0.3245 lr 0.025912316294914254 acc 86.72% eta 0:25:18
2023-04-11 15:45:30,505 - __main__ - INFO - [INFO] 2023-04-11 15:45:30.504824 Epoch [67/100] batch [257/391] loss 0.3330 lr 0.025912316294914254 acc 89.84% eta 0:25:10
2023-04-11 15:45:47,826 - __main__ - INFO - [INFO] 2023-04-11 15:45:47.825555 Epoch [67/100] batch [385/391] loss 0.2888 lr 0.025912316294914254 acc 92.97% eta 0:25:01
2023-04-11 15:45:48,626 - __main__ - INFO - Computing epoch 67 validation accuracy...
2023-04-11 15:45:52,794 - __main__ - INFO - Computing epoch 67 validation loss...
2023-04-11 15:45:56,998 - __main__ - INFO - [INFO] 2023-04-11 15:45:56.998198 Epoch [68/100] batch [1/391] loss 0.3110 lr 0.02454792921248146 acc 90.62% eta 0:27:10
2023-04-11 15:46:14,541 - __main__ - INFO - [INFO] 2023-04-11 15:46:14.541466 Epoch [68/100] batch [129/391] loss 0.2292 lr 0.02454792921248146 acc 96.88% eta 0:25:24
2023-04-11 15:46:32,020 - __main__ - INFO - [INFO] 2023-04-11 15:46:32.019921 Epoch [68/100] batch [257/391] loss 0.2542 lr 0.02454792921248146 acc 86.72% eta 0:25:04
2023-04-11 15:46:49,441 - __main__ - INFO - [INFO] 2023-04-11 15:46:49.441485 Epoch [68/100] batch [385/391] loss 0.3669 lr 0.02454792921248146 acc 89.84% eta 0:24:47
2023-04-11 15:46:50,246 - __main__ - INFO - Computing epoch 68 validation accuracy...
2023-04-11 15:46:54,404 - __main__ - INFO - Computing epoch 68 validation loss...
2023-04-11 15:46:58,802 - __main__ - INFO - [INFO] 2023-04-11 15:46:58.802228 Epoch [69/100] batch [1/391] loss 0.2430 lr 0.02320866025105018 acc 85.16% eta 0:30:35
2023-04-11 15:47:16,156 - __main__ - INFO - [INFO] 2023-04-11 15:47:16.155900 Epoch [69/100] batch [129/391] loss 0.3831 lr 0.02320866025105018 acc 89.06% eta 0:24:28
2023-04-11 15:47:34,028 - __main__ - INFO - [INFO] 2023-04-11 15:47:34.028460 Epoch [69/100] batch [257/391] loss 0.3281 lr 0.02320866025105018 acc 90.62% eta 0:24:35
2023-04-11 15:47:51,517 - __main__ - INFO - [INFO] 2023-04-11 15:47:51.516800 Epoch [69/100] batch [385/391] loss 0.3416 lr 0.02320866025105018 acc 89.84% eta 0:24:13
2023-04-11 15:47:52,304 - __main__ - INFO - Computing epoch 69 validation accuracy...
2023-04-11 15:47:56,268 - __main__ - INFO - Computing epoch 69 validation loss...
2023-04-11 15:48:00,447 - __main__ - INFO - [INFO] 2023-04-11 15:48:00.447613 Epoch [70/100] batch [1/391] loss 0.2961 lr 0.021895831107393487 acc 89.84% eta 0:24:25
2023-04-11 15:48:17,603 - __main__ - INFO - [INFO] 2023-04-11 15:48:17.603210 Epoch [70/100] batch [129/391] loss 0.2749 lr 0.021895831107393487 acc 91.41% eta 0:23:12
2023-04-11 15:48:35,117 - __main__ - INFO - [INFO] 2023-04-11 15:48:35.117002 Epoch [70/100] batch [257/391] loss 0.4773 lr 0.021895831107393487 acc 89.84% eta 0:23:15
2023-04-11 15:48:52,095 - __main__ - INFO - [INFO] 2023-04-11 15:48:52.095805 Epoch [70/100] batch [385/391] loss 0.2571 lr 0.021895831107393487 acc 92.97% eta 0:22:48
2023-04-11 15:48:52,860 - __main__ - INFO - Computing epoch 70 validation accuracy...
2023-04-11 15:48:56,877 - __main__ - INFO - Computing epoch 70 validation loss...
2023-04-11 15:49:01,085 - __main__ - INFO - [INFO] 2023-04-11 15:49:01.085697 Epoch [71/100] batch [1/391] loss 0.2610 lr 0.02061073738537637 acc 93.75% eta 0:23:57
2023-04-11 15:49:18,174 - __main__ - INFO - [INFO] 2023-04-11 15:49:18.174000 Epoch [71/100] batch [129/391] loss 0.2490 lr 0.02061073738537637 acc 92.19% eta 0:22:20
2023-04-11 15:49:35,202 - __main__ - INFO - [INFO] 2023-04-11 15:49:35.202325 Epoch [71/100] batch [257/391] loss 0.2715 lr 0.02061073738537637 acc 87.50% eta 0:22:03
2023-04-11 15:49:52,415 - __main__ - INFO - [INFO] 2023-04-11 15:49:52.415854 Epoch [71/100] batch [385/391] loss 0.1700 lr 0.02061073738537637 acc 95.31% eta 0:21:53
2023-04-11 15:49:53,182 - __main__ - INFO - Computing epoch 71 validation accuracy...
2023-04-11 15:49:57,177 - __main__ - INFO - Computing epoch 71 validation loss...
2023-04-11 15:50:01,354 - __main__ - INFO - [INFO] 2023-04-11 15:50:01.354102 Epoch [72/100] batch [1/391] loss 0.3958 lr 0.01935464731735119 acc 85.94% eta 0:23:12
2023-04-11 15:50:18,950 - __main__ - INFO - [INFO] 2023-04-11 15:50:18.950337 Epoch [72/100] batch [129/391] loss 0.1946 lr 0.01935464731735119 acc 92.19% eta 0:22:20
2023-04-11 15:50:36,711 - __main__ - INFO - [INFO] 2023-04-11 15:50:36.711005 Epoch [72/100] batch [257/391] loss 0.3489 lr 0.01935464731735119 acc 89.06% eta 0:22:14
2023-04-11 15:50:54,636 - __main__ - INFO - [INFO] 2023-04-11 15:50:54.636077 Epoch [72/100] batch [385/391] loss 0.4084 lr 0.01935464731735119 acc 88.28% eta 0:22:04
2023-04-11 15:50:55,626 - __main__ - INFO - Computing epoch 72 validation accuracy...
2023-04-11 15:51:00,350 - __main__ - INFO - Computing epoch 72 validation loss...
2023-04-11 15:51:04,866 - __main__ - INFO - [INFO] 2023-04-11 15:51:04.866530 Epoch [73/100] batch [1/391] loss 0.2732 lr 0.018128800512565532 acc 92.97% eta 0:24:32
2023-04-11 15:51:22,703 - __main__ - INFO - [INFO] 2023-04-11 15:51:22.703396 Epoch [73/100] batch [129/391] loss 0.3696 lr 0.018128800512565532 acc 87.50% eta 0:21:53
2023-04-11 15:51:40,138 - __main__ - INFO - [INFO] 2023-04-11 15:51:40.138298 Epoch [73/100] batch [257/391] loss 0.2607 lr 0.018128800512565532 acc 90.62% eta 0:21:22
2023-04-11 15:51:57,196 - __main__ - INFO - [INFO] 2023-04-11 15:51:57.196731 Epoch [73/100] batch [385/391] loss 0.3662 lr 0.018128800512565532 acc 90.62% eta 0:20:51
2023-04-11 15:51:57,976 - __main__ - INFO - Computing epoch 73 validation accuracy...
2023-04-11 15:52:02,084 - __main__ - INFO - Computing epoch 73 validation loss...
2023-04-11 15:52:06,457 - __main__ - INFO - [INFO] 2023-04-11 15:52:06.457580 Epoch [74/100] batch [1/391] loss 0.2595 lr 0.016934406733817433 acc 89.06% eta 0:23:40
2023-04-11 15:52:23,656 - __main__ - INFO - [INFO] 2023-04-11 15:52:23.656704 Epoch [74/100] batch [129/391] loss 0.2000 lr 0.016934406733817433 acc 87.50% eta 0:20:16
2023-04-11 15:52:41,199 - __main__ - INFO - [INFO] 2023-04-11 15:52:41.199390 Epoch [74/100] batch [257/391] loss 0.1615 lr 0.016934406733817433 acc 92.19% eta 0:20:13
2023-04-11 15:52:58,728 - __main__ - INFO - [INFO] 2023-04-11 15:52:58.728321 Epoch [74/100] batch [385/391] loss 0.2668 lr 0.016934406733817433 acc 92.19% eta 0:20:02
2023-04-11 15:52:59,527 - __main__ - INFO - Computing epoch 74 validation accuracy...
2023-04-11 15:53:03,532 - __main__ - INFO - Computing epoch 74 validation loss...
2023-04-11 15:53:07,728 - __main__ - INFO - [INFO] 2023-04-11 15:53:07.728391 Epoch [75/100] batch [1/391] loss 0.2324 lr 0.01577264470356558 acc 91.41% eta 0:20:33
2023-04-11 15:53:24,526 - __main__ - INFO - [INFO] 2023-04-11 15:53:24.526192 Epoch [75/100] batch [129/391] loss 0.2571 lr 0.01577264470356558 acc 91.41% eta 0:18:58
2023-04-11 15:53:41,672 - __main__ - INFO - [INFO] 2023-04-11 15:53:41.672453 Epoch [75/100] batch [257/391] loss 0.2896 lr 0.01577264470356558 acc 94.53% eta 0:18:56
2023-04-11 15:53:58,612 - __main__ - INFO - [INFO] 2023-04-11 15:53:58.612445 Epoch [75/100] batch [385/391] loss 0.1864 lr 0.01577264470356558 acc 95.31% eta 0:18:41
2023-04-11 15:53:59,396 - __main__ - INFO - Computing epoch 75 validation accuracy...
2023-04-11 15:54:03,486 - __main__ - INFO - Computing epoch 75 validation loss...
2023-04-11 15:54:07,792 - __main__ - INFO - [INFO] 2023-04-11 15:54:07.792205 Epoch [76/100] batch [1/391] loss 0.1063 lr 0.014644660940672643 acc 96.88% eta 0:27:49
2023-04-11 15:54:25,253 - __main__ - INFO - [INFO] 2023-04-11 15:54:25.252626 Epoch [76/100] batch [129/391] loss 0.1880 lr 0.014644660940672643 acc 93.75% eta 0:19:11
2023-04-11 15:54:42,620 - __main__ - INFO - [INFO] 2023-04-11 15:54:42.619972 Epoch [76/100] batch [257/391] loss 0.2332 lr 0.014644660940672643 acc 93.75% eta 0:18:49
2023-04-11 15:54:59,569 - __main__ - INFO - [INFO] 2023-04-11 15:54:59.568701 Epoch [76/100] batch [385/391] loss 0.2040 lr 0.014644660940672643 acc 93.75% eta 0:18:22
2023-04-11 15:55:00,330 - __main__ - INFO - Computing epoch 76 validation accuracy...
2023-04-11 15:55:04,259 - __main__ - INFO - Computing epoch 76 validation loss...
2023-04-11 15:55:08,383 - __main__ - INFO - [INFO] 2023-04-11 15:55:08.383611 Epoch [77/100] batch [1/391] loss 0.2478 lr 0.013551568628929448 acc 91.41% eta 0:19:15
2023-04-11 15:55:25,700 - __main__ - INFO - [INFO] 2023-04-11 15:55:25.700159 Epoch [77/100] batch [129/391] loss 0.1711 lr 0.013551568628929448 acc 92.97% eta 0:18:09
2023-04-11 15:55:42,672 - __main__ - INFO - [INFO] 2023-04-11 15:55:42.671725 Epoch [77/100] batch [257/391] loss 0.1915 lr 0.013551568628929448 acc 95.31% eta 0:17:43
2023-04-11 15:55:59,825 - __main__ - INFO - [INFO] 2023-04-11 15:55:59.825190 Epoch [77/100] batch [385/391] loss 0.3347 lr 0.013551568628929448 acc 91.41% eta 0:17:29
2023-04-11 15:56:00,610 - __main__ - INFO - Computing epoch 77 validation accuracy...
2023-04-11 15:56:04,616 - __main__ - INFO - Computing epoch 77 validation loss...
2023-04-11 15:56:08,771 - __main__ - INFO - [INFO] 2023-04-11 15:56:08.771694 Epoch [78/100] batch [1/391] loss 0.2050 lr 0.012494446518477033 acc 92.19% eta 0:19:36
2023-04-11 15:56:25,925 - __main__ - INFO - [INFO] 2023-04-11 15:56:25.925270 Epoch [78/100] batch [129/391] loss 0.2817 lr 0.012494446518477033 acc 89.06% eta 0:17:15
2023-04-11 15:56:43,095 - __main__ - INFO - [INFO] 2023-04-11 15:56:43.094932 Epoch [78/100] batch [257/391] loss 0.2737 lr 0.012494446518477033 acc 90.62% eta 0:16:58
2023-04-11 15:57:00,029 - __main__ - INFO - [INFO] 2023-04-11 15:57:00.028683 Epoch [78/100] batch [385/391] loss 0.2507 lr 0.012494446518477033 acc 92.97% eta 0:16:37
2023-04-11 15:57:00,801 - __main__ - INFO - Computing epoch 78 validation accuracy...
2023-04-11 15:57:04,698 - __main__ - INFO - Computing epoch 78 validation loss...
2023-04-11 15:57:08,790 - __main__ - INFO - [INFO] 2023-04-11 15:57:08.790184 Epoch [79/100] batch [1/391] loss 0.2563 lr 0.011474337861210555 acc 96.09% eta 0:17:40
2023-04-11 15:57:25,750 - __main__ - INFO - [INFO] 2023-04-11 15:57:25.750782 Epoch [79/100] batch [129/391] loss 0.1742 lr 0.011474337861210555 acc 96.88% eta 0:16:14
2023-04-11 15:57:43,102 - __main__ - INFO - [INFO] 2023-04-11 15:57:43.102032 Epoch [79/100] batch [257/391] loss 0.1880 lr 0.011474337861210555 acc 95.31% eta 0:16:10
2023-04-11 15:58:00,316 - __main__ - INFO - [INFO] 2023-04-11 15:58:00.316268 Epoch [79/100] batch [385/391] loss 0.1758 lr 0.011474337861210555 acc 95.31% eta 0:15:56
2023-04-11 15:58:01,091 - __main__ - INFO - Computing epoch 79 validation accuracy...
2023-04-11 15:58:05,144 - __main__ - INFO - Computing epoch 79 validation loss...
2023-04-11 15:58:09,320 - __main__ - INFO - [INFO] 2023-04-11 15:58:09.320432 Epoch [80/100] batch [1/391] loss 0.1584 lr 0.01049224938121549 acc 93.75% eta 0:17:16
2023-04-11 15:58:26,489 - __main__ - INFO - [INFO] 2023-04-11 15:58:26.489182 Epoch [80/100] batch [129/391] loss 0.2029 lr 0.01049224938121549 acc 94.53% eta 0:15:39
2023-04-11 15:58:45,132 - __main__ - INFO - [INFO] 2023-04-11 15:58:45.131878 Epoch [80/100] batch [257/391] loss 0.1799 lr 0.01049224938121549 acc 95.31% eta 0:16:06
2023-04-11 15:59:02,190 - __main__ - INFO - [INFO] 2023-04-11 15:59:02.189938 Epoch [80/100] batch [385/391] loss 0.2362 lr 0.01049224938121549 acc 92.97% eta 0:15:35
2023-04-11 15:59:02,975 - __main__ - INFO - Computing epoch 80 validation accuracy...
2023-04-11 15:59:06,895 - __main__ - INFO - Computing epoch 80 validation loss...
2023-04-11 15:59:11,354 - __main__ - INFO - [INFO] 2023-04-11 15:59:11.354204 Epoch [81/100] batch [1/391] loss 0.2036 lr 0.009549150281252642 acc 93.75% eta 0:17:33
2023-04-11 15:59:28,713 - __main__ - INFO - [INFO] 2023-04-11 15:59:28.713256 Epoch [81/100] batch [129/391] loss 0.2130 lr 0.009549150281252642 acc 92.97% eta 0:15:09
2023-04-11 15:59:46,300 - __main__ - INFO - [INFO] 2023-04-11 15:59:46.299917 Epoch [81/100] batch [257/391] loss 0.1730 lr 0.009549150281252642 acc 93.75% eta 0:14:59
2023-04-11 16:00:04,099 - __main__ - INFO - [INFO] 2023-04-11 16:00:04.098972 Epoch [81/100] batch [385/391] loss 0.2478 lr 0.009549150281252642 acc 95.31% eta 0:14:50
2023-04-11 16:00:04,972 - __main__ - INFO - Computing epoch 81 validation accuracy...
2023-04-11 16:00:09,042 - __main__ - INFO - Computing epoch 81 validation loss...
2023-04-11 16:00:13,438 - __main__ - INFO - [INFO] 2023-04-11 16:00:13.437944 Epoch [82/100] batch [1/391] loss 0.2812 lr 0.008645971286271922 acc 93.75% eta 0:15:21
2023-04-11 16:00:30,878 - __main__ - INFO - [INFO] 2023-04-11 16:00:30.878309 Epoch [82/100] batch [129/391] loss 0.1105 lr 0.008645971286271922 acc 98.44% eta 0:14:22
2023-04-11 16:00:48,005 - __main__ - INFO - [INFO] 2023-04-11 16:00:48.005713 Epoch [82/100] batch [257/391] loss 0.2556 lr 0.008645971286271922 acc 93.75% eta 0:13:59
2023-04-11 16:01:05,064 - __main__ - INFO - [INFO] 2023-04-11 16:01:05.064769 Epoch [82/100] batch [385/391] loss 0.2081 lr 0.008645971286271922 acc 91.41% eta 0:13:40
2023-04-11 16:01:05,840 - __main__ - INFO - Computing epoch 82 validation accuracy...
2023-04-11 16:01:09,821 - __main__ - INFO - Computing epoch 82 validation loss...
2023-04-11 16:01:14,107 - __main__ - INFO - [INFO] 2023-04-11 16:01:14.106978 Epoch [83/100] batch [1/391] loss 0.2559 lr 0.007783603724899264 acc 93.75% eta 0:16:52
2023-04-11 16:01:31,530 - __main__ - INFO - [INFO] 2023-04-11 16:01:31.530079 Epoch [83/100] batch [129/391] loss 0.2639 lr 0.007783603724899264 acc 89.84% eta 0:13:39
2023-04-11 16:01:48,632 - __main__ - INFO - [INFO] 2023-04-11 16:01:48.632611 Epoch [83/100] batch [257/391] loss 0.1102 lr 0.007783603724899264 acc 96.88% eta 0:13:14
2023-04-11 16:02:05,879 - __main__ - INFO - [INFO] 2023-04-11 16:02:05.879265 Epoch [83/100] batch [385/391] loss 0.1671 lr 0.007783603724899264 acc 96.09% eta 0:12:59
2023-04-11 16:02:06,653 - __main__ - INFO - Computing epoch 83 validation accuracy...
2023-04-11 16:02:10,691 - __main__ - INFO - Computing epoch 83 validation loss...
2023-04-11 16:02:14,852 - __main__ - INFO - [INFO] 2023-04-11 16:02:14.852090 Epoch [84/100] batch [1/391] loss 0.1110 lr 0.006962898649802819 acc 96.88% eta 0:13:06
2023-04-11 16:02:31,988 - __main__ - INFO - [INFO] 2023-04-11 16:02:31.988384 Epoch [84/100] batch [129/391] loss 0.2147 lr 0.006962898649802819 acc 94.53% eta 0:12:37
2023-04-11 16:02:49,308 - __main__ - INFO - [INFO] 2023-04-11 16:02:49.307936 Epoch [84/100] batch [257/391] loss 0.1226 lr 0.006962898649802819 acc 96.09% eta 0:12:25
2023-04-11 16:03:06,310 - __main__ - INFO - [INFO] 2023-04-11 16:03:06.309752 Epoch [84/100] batch [385/391] loss 0.3203 lr 0.006962898649802819 acc 92.19% eta 0:12:07
2023-04-11 16:03:07,096 - __main__ - INFO - Computing epoch 84 validation accuracy...
2023-04-11 16:03:11,208 - __main__ - INFO - Computing epoch 84 validation loss...
2023-04-11 16:03:15,619 - __main__ - INFO - [INFO] 2023-04-11 16:03:15.618486 Epoch [85/100] batch [1/391] loss 0.1356 lr 0.0061846659978068265 acc 96.09% eta 0:20:15
2023-04-11 16:03:33,121 - __main__ - INFO - [INFO] 2023-04-11 16:03:33.121298 Epoch [85/100] batch [129/391] loss 0.0933 lr 0.0061846659978068265 acc 98.44% eta 0:12:13
2023-04-11 16:03:50,283 - __main__ - INFO - [INFO] 2023-04-11 16:03:50.283740 Epoch [85/100] batch [257/391] loss 0.2808 lr 0.0061846659978068265 acc 93.75% eta 0:11:48
2023-04-11 16:04:07,120 - __main__ - INFO - [INFO] 2023-04-11 16:04:07.120082 Epoch [85/100] batch [385/391] loss 0.1470 lr 0.0061846659978068265 acc 95.31% eta 0:11:24
2023-04-11 16:04:07,893 - __main__ - INFO - Computing epoch 85 validation accuracy...
2023-04-11 16:04:11,860 - __main__ - INFO - Computing epoch 85 validation loss...
2023-04-11 16:04:16,082 - __main__ - INFO - [INFO] 2023-04-11 16:04:16.082568 Epoch [86/100] batch [1/391] loss 0.0779 lr 0.005449673790581615 acc 99.22% eta 0:12:41
2023-04-11 16:04:33,302 - __main__ - INFO - [INFO] 2023-04-11 16:04:33.302118 Epoch [86/100] batch [129/391] loss 0.1627 lr 0.005449673790581615 acc 93.75% eta 0:11:10
2023-04-11 16:04:50,204 - __main__ - INFO - [INFO] 2023-04-11 16:04:50.204548 Epoch [86/100] batch [257/391] loss 0.0773 lr 0.005449673790581615 acc 97.66% eta 0:10:48
2023-04-11 16:05:07,061 - __main__ - INFO - [INFO] 2023-04-11 16:05:07.061676 Epoch [86/100] batch [385/391] loss 0.2045 lr 0.005449673790581615 acc 92.97% eta 0:10:30
2023-04-11 16:05:07,841 - __main__ - INFO - Computing epoch 86 validation accuracy...
2023-04-11 16:05:12,215 - __main__ - INFO - Computing epoch 86 validation loss...
2023-04-11 16:05:16,559 - __main__ - INFO - [INFO] 2023-04-11 16:05:16.558822 Epoch [87/100] batch [1/391] loss 0.2008 lr 0.004758647376699036 acc 95.31% eta 0:11:18
2023-04-11 16:05:33,418 - __main__ - INFO - [INFO] 2023-04-11 16:05:33.418333 Epoch [87/100] batch [129/391] loss 0.1148 lr 0.004758647376699036 acc 96.88% eta 0:10:09
2023-04-11 16:05:50,707 - __main__ - INFO - [INFO] 2023-04-11 16:05:50.706891 Epoch [87/100] batch [257/391] loss 0.1046 lr 0.004758647376699036 acc 96.88% eta 0:10:02
2023-04-11 16:06:07,761 - __main__ - INFO - [INFO] 2023-04-11 16:06:07.761280 Epoch [87/100] batch [385/391] loss 0.1117 lr 0.004758647376699036 acc 97.66% eta 0:09:48
2023-04-11 16:06:08,533 - __main__ - INFO - Computing epoch 87 validation accuracy...
2023-04-11 16:06:12,530 - __main__ - INFO - Computing epoch 87 validation loss...
2023-04-11 16:06:16,842 - __main__ - INFO - [INFO] 2023-04-11 16:06:16.842787 Epoch [88/100] batch [1/391] loss 0.1686 lr 0.004112268715800957 acc 96.88% eta 0:09:56
2023-04-11 16:06:33,550 - __main__ - INFO - [INFO] 2023-04-11 16:06:33.550531 Epoch [88/100] batch [129/391] loss 0.1531 lr 0.004112268715800957 acc 95.31% eta 0:09:19
2023-04-11 16:06:50,640 - __main__ - INFO - [INFO] 2023-04-11 16:06:50.640288 Epoch [88/100] batch [257/391] loss 0.0992 lr 0.004112268715800957 acc 98.44% eta 0:09:11
2023-04-11 16:07:07,711 - __main__ - INFO - [INFO] 2023-04-11 16:07:07.710856 Epoch [88/100] batch [385/391] loss 0.0532 lr 0.004112268715800957 acc 98.44% eta 0:08:59
2023-04-11 16:07:08,498 - __main__ - INFO - Computing epoch 88 validation accuracy...
2023-04-11 16:07:12,481 - __main__ - INFO - Computing epoch 88 validation loss...
2023-04-11 16:07:16,630 - __main__ - INFO - [INFO] 2023-04-11 16:07:16.630505 Epoch [89/100] batch [1/391] loss 0.0677 lr 0.003511175705587435 acc 100.00% eta 0:10:16
2023-04-11 16:07:33,680 - __main__ - INFO - [INFO] 2023-04-11 16:07:33.680754 Epoch [89/100] batch [129/391] loss 0.0496 lr 0.003511175705587435 acc 99.22% eta 0:08:47
2023-04-11 16:07:51,123 - __main__ - INFO - [INFO] 2023-04-11 16:07:51.122848 Epoch [89/100] batch [257/391] loss 0.1371 lr 0.003511175705587435 acc 96.88% eta 0:08:39
2023-04-11 16:08:08,540 - __main__ - INFO - [INFO] 2023-04-11 16:08:08.540688 Epoch [89/100] batch [385/391] loss 0.1716 lr 0.003511175705587435 acc 93.75% eta 0:08:26
2023-04-11 16:08:09,354 - __main__ - INFO - Computing epoch 89 validation accuracy...
2023-04-11 16:08:13,407 - __main__ - INFO - Computing epoch 89 validation loss...
2023-04-11 16:08:17,623 - __main__ - INFO - [INFO] 2023-04-11 16:08:17.623649 Epoch [90/100] batch [1/391] loss 0.0862 lr 0.0029559615522887295 acc 97.66% eta 0:09:41
2023-04-11 16:08:35,007 - __main__ - INFO - [INFO] 2023-04-11 16:08:35.007144 Epoch [90/100] batch [129/391] loss 0.1418 lr 0.0029559615522887295 acc 95.31% eta 0:08:12
2023-04-11 16:08:52,556 - __main__ - INFO - [INFO] 2023-04-11 16:08:52.555856 Epoch [90/100] batch [257/391] loss 0.1497 lr 0.0029559615522887295 acc 96.09% eta 0:07:59
2023-04-11 16:09:09,675 - __main__ - INFO - [INFO] 2023-04-11 16:09:09.675692 Epoch [90/100] batch [385/391] loss 0.1088 lr 0.0029559615522887295 acc 96.88% eta 0:07:41
2023-04-11 16:09:10,493 - __main__ - INFO - Computing epoch 90 validation accuracy...
2023-04-11 16:09:14,408 - __main__ - INFO - Computing epoch 90 validation loss...
2023-04-11 16:09:18,597 - __main__ - INFO - [INFO] 2023-04-11 16:09:18.597695 Epoch [91/100] batch [1/391] loss 0.0768 lr 0.0024471741852423253 acc 98.44% eta 0:08:05
2023-04-11 16:09:35,541 - __main__ - INFO - [INFO] 2023-04-11 16:09:35.541651 Epoch [91/100] batch [129/391] loss 0.1215 lr 0.0024471741852423253 acc 99.22% eta 0:07:14
2023-04-11 16:09:53,087 - __main__ - INFO - [INFO] 2023-04-11 16:09:53.087192 Epoch [91/100] batch [257/391] loss 0.1436 lr 0.0024471741852423253 acc 97.66% eta 0:07:07
2023-04-11 16:10:10,153 - __main__ - INFO - [INFO] 2023-04-11 16:10:10.153148 Epoch [91/100] batch [385/391] loss 0.1766 lr 0.0024471741852423253 acc 93.75% eta 0:06:50
2023-04-11 16:10:10,922 - __main__ - INFO - Computing epoch 91 validation accuracy...
2023-04-11 16:10:14,846 - __main__ - INFO - Computing epoch 91 validation loss...
2023-04-11 16:10:18,948 - __main__ - INFO - [INFO] 2023-04-11 16:10:18.947895 Epoch [92/100] batch [1/391] loss 0.0623 lr 0.0019853157161528537 acc 97.66% eta 0:07:06
2023-04-11 16:10:35,649 - __main__ - INFO - [INFO] 2023-04-11 16:10:35.649302 Epoch [92/100] batch [129/391] loss 0.0676 lr 0.0019853157161528537 acc 99.22% eta 0:06:22
2023-04-11 16:10:52,533 - __main__ - INFO - [INFO] 2023-04-11 16:10:52.533469 Epoch [92/100] batch [257/391] loss 0.0380 lr 0.0019853157161528537 acc 99.22% eta 0:06:10
2023-04-11 16:11:09,390 - __main__ - INFO - [INFO] 2023-04-11 16:11:09.390766 Epoch [92/100] batch [385/391] loss 0.1439 lr 0.0019853157161528537 acc 95.31% eta 0:05:56
2023-04-11 16:11:10,160 - __main__ - INFO - Computing epoch 92 validation accuracy...
2023-04-11 16:11:14,237 - __main__ - INFO - Computing epoch 92 validation loss...
2023-04-11 16:11:18,416 - __main__ - INFO - [INFO] 2023-04-11 16:11:18.415876 Epoch [93/100] batch [1/391] loss 0.0648 lr 0.0015708419435684529 acc 98.44% eta 0:06:35
2023-04-11 16:11:35,516 - __main__ - INFO - [INFO] 2023-04-11 16:11:35.516768 Epoch [93/100] batch [129/391] loss 0.1731 lr 0.0015708419435684529 acc 96.09% eta 0:05:47
2023-04-11 16:11:52,304 - __main__ - INFO - [INFO] 2023-04-11 16:11:52.304203 Epoch [93/100] batch [257/391] loss 0.1190 lr 0.0015708419435684529 acc 96.09% eta 0:05:29
2023-04-11 16:12:09,551 - __main__ - INFO - [INFO] 2023-04-11 16:12:09.551023 Epoch [93/100] batch [385/391] loss 0.1257 lr 0.0015708419435684529 acc 96.88% eta 0:05:16
2023-04-11 16:12:10,345 - __main__ - INFO - Computing epoch 93 validation accuracy...
2023-04-11 16:12:14,442 - __main__ - INFO - Computing epoch 93 validation loss...
2023-04-11 16:12:18,572 - __main__ - INFO - [INFO] 2023-04-11 16:12:18.571864 Epoch [94/100] batch [1/391] loss 0.0854 lr 0.0012041619030626347 acc 98.44% eta 0:05:54
2023-04-11 16:12:35,833 - __main__ - INFO - [INFO] 2023-04-11 16:12:35.832608 Epoch [94/100] batch [129/391] loss 0.0518 lr 0.0012041619030626347 acc 99.22% eta 0:05:05
2023-04-11 16:12:53,014 - __main__ - INFO - [INFO] 2023-04-11 16:12:53.014404 Epoch [94/100] batch [257/391] loss 0.1078 lr 0.0012041619030626347 acc 96.88% eta 0:04:49
2023-04-11 16:13:10,057 - __main__ - INFO - [INFO] 2023-04-11 16:13:10.056824 Epoch [94/100] batch [385/391] loss 0.0821 lr 0.0012041619030626347 acc 97.66% eta 0:04:33
2023-04-11 16:13:10,830 - __main__ - INFO - Computing epoch 94 validation accuracy...
2023-04-11 16:13:14,678 - __main__ - INFO - Computing epoch 94 validation loss...
2023-04-11 16:13:18,792 - __main__ - INFO - [INFO] 2023-04-11 16:13:18.791946 Epoch [95/100] batch [1/391] loss 0.0875 lr 0.0008856374635655646 acc 99.22% eta 0:04:31
2023-04-11 16:13:35,521 - __main__ - INFO - [INFO] 2023-04-11 16:13:35.521538 Epoch [95/100] batch [129/391] loss 0.0385 lr 0.0008856374635655646 acc 100.00% eta 0:04:11
2023-04-11 16:13:52,597 - __main__ - INFO - [INFO] 2023-04-11 16:13:52.597800 Epoch [95/100] batch [257/391] loss 0.0802 lr 0.0008856374635655646 acc 97.66% eta 0:03:59
2023-04-11 16:14:09,587 - __main__ - INFO - [INFO] 2023-04-11 16:14:09.587344 Epoch [95/100] batch [385/391] loss 0.1364 lr 0.0008856374635655646 acc 95.31% eta 0:03:44
2023-04-11 16:14:10,390 - __main__ - INFO - Computing epoch 95 validation accuracy...
2023-04-11 16:14:14,344 - __main__ - INFO - Computing epoch 95 validation loss...
2023-04-11 16:14:18,493 - __main__ - INFO - [INFO] 2023-04-11 16:14:18.493298 Epoch [96/100] batch [1/391] loss 0.0472 lr 0.0006155829702431174 acc 100.00% eta 0:04:21
2023-04-11 16:14:35,259 - __main__ - INFO - [INFO] 2023-04-11 16:14:35.258851 Epoch [96/100] batch [129/391] loss 0.0612 lr 0.0006155829702431174 acc 98.44% eta 0:03:26
2023-04-11 16:14:52,007 - __main__ - INFO - [INFO] 2023-04-11 16:14:52.007149 Epoch [96/100] batch [257/391] loss 0.0423 lr 0.0006155829702431174 acc 99.22% eta 0:03:11
2023-04-11 16:15:08,938 - __main__ - INFO - [INFO] 2023-04-11 16:15:08.938224 Epoch [96/100] batch [385/391] loss 0.0990 lr 0.0006155829702431174 acc 97.66% eta 0:02:58
2023-04-11 16:15:09,694 - __main__ - INFO - Computing epoch 96 validation accuracy...
2023-04-11 16:15:13,535 - __main__ - INFO - Computing epoch 96 validation loss...
2023-04-11 16:15:17,652 - __main__ - INFO - [INFO] 2023-04-11 16:15:17.652030 Epoch [97/100] batch [1/391] loss 0.0625 lr 0.00039426493427611206 acc 98.44% eta 0:03:04
2023-04-11 16:15:34,440 - __main__ - INFO - [INFO] 2023-04-11 16:15:34.439813 Epoch [97/100] batch [129/391] loss 0.0824 lr 0.00039426493427611206 acc 98.44% eta 0:02:43
2023-04-11 16:15:51,352 - __main__ - INFO - [INFO] 2023-04-11 16:15:51.352130 Epoch [97/100] batch [257/391] loss 0.0532 lr 0.00039426493427611206 acc 98.44% eta 0:02:29
2023-04-11 16:16:08,439 - __main__ - INFO - [INFO] 2023-04-11 16:16:08.439297 Epoch [97/100] batch [385/391] loss 0.0525 lr 0.00039426493427611206 acc 99.22% eta 0:02:15
2023-04-11 16:16:09,223 - __main__ - INFO - Computing epoch 97 validation accuracy...
2023-04-11 16:16:13,169 - __main__ - INFO - Computing epoch 97 validation loss...
2023-04-11 16:16:17,356 - __main__ - INFO - [INFO] 2023-04-11 16:16:17.356475 Epoch [98/100] batch [1/391] loss 0.1606 lr 0.00022190176984600036 acc 96.09% eta 0:02:19
2023-04-11 16:16:34,489 - __main__ - INFO - [INFO] 2023-04-11 16:16:34.488915 Epoch [98/100] batch [129/391] loss 0.0917 lr 0.00022190176984600036 acc 97.66% eta 0:02:01
2023-04-11 16:16:51,671 - __main__ - INFO - [INFO] 2023-04-11 16:16:51.671097 Epoch [98/100] batch [257/391] loss 0.0572 lr 0.00022190176984600036 acc 99.22% eta 0:01:46
2023-04-11 16:17:08,566 - __main__ - INFO - [INFO] 2023-04-11 16:17:08.566134 Epoch [98/100] batch [385/391] loss 0.0859 lr 0.00022190176984600036 acc 98.44% eta 0:01:30
2023-04-11 16:17:09,373 - __main__ - INFO - Computing epoch 98 validation accuracy...
2023-04-11 16:17:13,283 - __main__ - INFO - Computing epoch 98 validation loss...
2023-04-11 16:17:17,432 - __main__ - INFO - [INFO] 2023-04-11 16:17:17.432076 Epoch [99/100] batch [1/391] loss 0.0920 lr 9.866357858642213e-05 acc 96.88% eta 0:01:34
2023-04-11 16:17:34,299 - __main__ - INFO - [INFO] 2023-04-11 16:17:34.299207 Epoch [99/100] batch [129/391] loss 0.0529 lr 9.866357858642213e-05 acc 98.44% eta 0:01:14
2023-04-11 16:17:51,284 - __main__ - INFO - [INFO] 2023-04-11 16:17:51.284310 Epoch [99/100] batch [257/391] loss 0.0759 lr 9.866357858642213e-05 acc 96.88% eta 0:01:00
2023-04-11 16:18:08,670 - __main__ - INFO - [INFO] 2023-04-11 16:18:08.670081 Epoch [99/100] batch [385/391] loss 0.0673 lr 9.866357858642213e-05 acc 99.22% eta 0:00:45
2023-04-11 16:18:09,473 - __main__ - INFO - Computing epoch 99 validation accuracy...
2023-04-11 16:18:13,559 - __main__ - INFO - Computing epoch 99 validation loss...
2023-04-11 16:18:17,730 - __main__ - INFO - [INFO] 2023-04-11 16:18:17.729998 Epoch [100/100] batch [1/391] loss 0.0687 lr 2.4671981713420017e-05 acc 97.66% eta 0:00:46
2023-04-11 16:18:34,507 - __main__ - INFO - [INFO] 2023-04-11 16:18:34.507355 Epoch [100/100] batch [129/391] loss 0.0288 lr 2.4671981713420017e-05 acc 100.00% eta 0:00:29
2023-04-11 16:18:51,959 - __main__ - INFO - [INFO] 2023-04-11 16:18:51.959298 Epoch [100/100] batch [257/391] loss 0.0487 lr 2.4671981713420017e-05 acc 98.44% eta 0:00:15
2023-04-11 16:19:08,938 - __main__ - INFO - [INFO] 2023-04-11 16:19:08.937868 Epoch [100/100] batch [385/391] loss 0.0933 lr 2.4671981713420017e-05 acc 97.66% eta 0:00:00
2023-04-11 16:19:09,699 - __main__ - INFO - Computing epoch 100 validation accuracy...
2023-04-11 16:19:13,585 - __main__ - INFO - Computing epoch 100 validation loss...
2023-04-11 16:19:17,615 - __main__ - INFO - Reading testing data set cifar10
2023-04-11 16:19:18,331 - __main__ - INFO - Loading trained model...
2023-04-11 16:19:22,827 - __main__ - INFO - Testing acc : 92.64%.
