2023-04-08 05:07:09,277 - __main__ - INFO - 

2023-04-08 05:07:09,277 - __main__ - INFO - ***************
2023-04-08 05:07:09,277 - __main__ - INFO - ** Arguments **
2023-04-08 05:07:09,277 - __main__ - INFO - ***************
2023-04-08 05:07:09,277 - __main__ - INFO - backbone: resnet56
2023-04-08 05:07:09,277 - __main__ - INFO - dataname: cifar10
2023-04-08 05:07:09,277 - __main__ - INFO - drop_method: sd
2023-04-08 05:07:09,277 - __main__ - INFO - drop_rate: 0.3
2023-04-08 05:07:09,277 - __main__ - INFO - eval_only: 0
2023-04-08 05:07:09,277 - __main__ - INFO - output_path: checkpoints/cifar10/resnet56/drop_sd/rate_0.3/seed3
2023-04-08 05:07:09,278 - __main__ - INFO - part_rate: 0.1
2023-04-08 05:07:09,278 - __main__ - INFO - seed: 3
2023-04-08 05:07:09,278 - __main__ - INFO - weight_decay: 0.0005
2023-04-08 05:07:09,278 - __main__ - INFO - ************
2023-04-08 05:07:09,278 - __main__ - INFO - ** Config **
2023-04-08 05:07:09,278 - __main__ - INFO - ************
2023-04-08 05:07:09,278 - __main__ - INFO - {'DATALOADER': {'PATH': './data', 'DATANAME': 'cifar10', 'BATCH_SIZE': 128, 'NUM_CLASSES': 10}, 'INPUT': {'SIZE': [32, 32], 'PIXEL_MEAN': [0.4914, 0.4822, 0.4465], 'PIXEL_STD': [0.2023, 0.1994, 0.201]}, 'OUTPUT': {'DIR': 'checkpoints/cifar10/resnet56/drop_sd/rate_0.3/seed3'}, 'SEED': 3, 'OPTIM': {'LR': 0.1, 'MAX_EPOCH': 100, 'LR_SCHEDULER': 'step', 'LR_MILESTONES': [20, 40, 80, 120, 140], 'LR_DECAY': 0.2, 'PART_RATE': 0.1, 'WEIGHT_DECAY': 0.0005, 'DROP_RATE': 0.3, 'DROP_METHOD': 'sd', 'BLOCK_SIZE': 7}, 'MODEL': {'BACKBONE': 'resnet56'}}
2023-04-08 05:07:09,298 - __main__ - INFO - Reading training data set cifar10
2023-04-08 05:07:10,963 - __main__ - INFO - Loading raw model
2023-04-08 05:07:14,879 - __main__ - INFO - 
Saving everything to checkpoints/cifar10/resnet56/drop_sd/rate_0.3/seed3
2023-04-08 05:07:14,879 - __main__ - INFO - Start training...
2023-04-08 05:07:21,043 - __main__ - INFO - [INFO] 2023-04-08 05:07:21.043596 Epoch [1/100] batch [1/391] loss 5.2578 lr 0.1 acc 15.62% eta 2 days, 18:44:37
2023-04-08 05:07:39,886 - __main__ - INFO - [INFO] 2023-04-08 05:07:39.886381 Epoch [1/100] batch [129/391] loss 2.2461 lr 0.1 acc 24.22% eta 1:45:40
2023-04-08 05:07:58,967 - __main__ - INFO - [INFO] 2023-04-08 05:07:58.967568 Epoch [1/100] batch [257/391] loss 1.9395 lr 0.1 acc 22.66% eta 1:31:13
2023-04-08 05:08:17,930 - __main__ - INFO - [INFO] 2023-04-08 05:08:17.930366 Epoch [1/100] batch [385/391] loss 1.7891 lr 0.1 acc 32.81% eta 1:26:06
2023-04-08 05:08:18,829 - __main__ - INFO - Computing epoch 1 validation accuracy...
2023-04-08 05:08:23,210 - __main__ - INFO - Computing epoch 1 validation loss...
2023-04-08 05:08:27,741 - __main__ - INFO - [INFO] 2023-04-08 05:08:27.741100 Epoch [2/100] batch [1/391] loss 1.8027 lr 0.09997532801828658 acc 18.75% eta 1:19:32
2023-04-08 05:08:46,442 - __main__ - INFO - [INFO] 2023-04-08 05:08:46.441888 Epoch [2/100] batch [129/391] loss 1.6641 lr 0.09997532801828658 acc 34.38% eta 1:14:59
2023-04-08 05:09:05,025 - __main__ - INFO - [INFO] 2023-04-08 05:09:05.024869 Epoch [2/100] batch [257/391] loss 1.5566 lr 0.09997532801828658 acc 39.84% eta 1:15:01
2023-04-08 05:09:23,829 - __main__ - INFO - [INFO] 2023-04-08 05:09:23.829224 Epoch [2/100] batch [385/391] loss 1.5557 lr 0.09997532801828658 acc 53.12% eta 1:14:49
2023-04-08 05:09:24,652 - __main__ - INFO - Computing epoch 2 validation accuracy...
2023-04-08 05:09:28,841 - __main__ - INFO - Computing epoch 2 validation loss...
2023-04-08 05:09:33,228 - __main__ - INFO - [INFO] 2023-04-08 05:09:33.228574 Epoch [3/100] batch [1/391] loss 1.2354 lr 0.09990133642141358 acc 53.12% eta 1:24:52
2023-04-08 05:09:52,124 - __main__ - INFO - [INFO] 2023-04-08 05:09:52.124644 Epoch [3/100] batch [129/391] loss 1.4824 lr 0.09990133642141358 acc 46.88% eta 1:14:58
2023-04-08 05:10:11,089 - __main__ - INFO - [INFO] 2023-04-08 05:10:11.089190 Epoch [3/100] batch [257/391] loss 1.3369 lr 0.09990133642141358 acc 56.25% eta 1:14:32
2023-04-08 05:10:29,876 - __main__ - INFO - [INFO] 2023-04-08 05:10:29.876654 Epoch [3/100] batch [385/391] loss 1.2188 lr 0.09990133642141358 acc 58.59% eta 1:14:01
2023-04-08 05:10:30,696 - __main__ - INFO - Computing epoch 3 validation accuracy...
2023-04-08 05:10:34,882 - __main__ - INFO - Computing epoch 3 validation loss...
2023-04-08 05:10:39,311 - __main__ - INFO - [INFO] 2023-04-08 05:10:39.311205 Epoch [4/100] batch [1/391] loss 1.4199 lr 0.099778098230154 acc 50.00% eta 1:21:15
2023-04-08 05:10:58,143 - __main__ - INFO - [INFO] 2023-04-08 05:10:58.142849 Epoch [4/100] batch [129/391] loss 1.2158 lr 0.099778098230154 acc 61.72% eta 1:14:26
2023-04-08 05:11:16,619 - __main__ - INFO - [INFO] 2023-04-08 05:11:16.618898 Epoch [4/100] batch [257/391] loss 1.3086 lr 0.099778098230154 acc 47.66% eta 1:13:58
2023-04-08 05:11:35,422 - __main__ - INFO - [INFO] 2023-04-08 05:11:35.422423 Epoch [4/100] batch [385/391] loss 1.2549 lr 0.099778098230154 acc 46.88% eta 1:13:39
2023-04-08 05:11:36,274 - __main__ - INFO - Computing epoch 4 validation accuracy...
2023-04-08 05:11:40,494 - __main__ - INFO - Computing epoch 4 validation loss...
2023-04-08 05:11:44,939 - __main__ - INFO - [INFO] 2023-04-08 05:11:44.939492 Epoch [5/100] batch [1/391] loss 0.9097 lr 0.0996057350657239 acc 75.00% eta 1:18:22
2023-04-08 05:12:03,814 - __main__ - INFO - [INFO] 2023-04-08 05:12:03.814636 Epoch [5/100] batch [129/391] loss 1.0996 lr 0.0996057350657239 acc 64.06% eta 1:13:45
2023-04-08 05:12:22,654 - __main__ - INFO - [INFO] 2023-04-08 05:12:22.653934 Epoch [5/100] batch [257/391] loss 1.2021 lr 0.0996057350657239 acc 61.72% eta 1:13:33
2023-04-08 05:12:41,471 - __main__ - INFO - [INFO] 2023-04-08 05:12:41.471761 Epoch [5/100] batch [385/391] loss 1.1982 lr 0.0996057350657239 acc 60.94% eta 1:13:03
2023-04-08 05:12:42,358 - __main__ - INFO - Computing epoch 5 validation accuracy...
2023-04-08 05:12:46,612 - __main__ - INFO - Computing epoch 5 validation loss...
2023-04-08 05:12:51,069 - __main__ - INFO - [INFO] 2023-04-08 05:12:51.069732 Epoch [6/100] batch [1/391] loss 1.0000 lr 0.09938441702975688 acc 56.25% eta 1:17:33
2023-04-08 05:13:09,982 - __main__ - INFO - [INFO] 2023-04-08 05:13:09.981816 Epoch [6/100] batch [129/391] loss 0.8760 lr 0.09938441702975688 acc 71.09% eta 1:12:53
2023-04-08 05:13:28,438 - __main__ - INFO - [INFO] 2023-04-08 05:13:28.438471 Epoch [6/100] batch [257/391] loss 0.9707 lr 0.09938441702975688 acc 60.94% eta 1:12:00
2023-04-08 05:13:47,277 - __main__ - INFO - [INFO] 2023-04-08 05:13:47.277786 Epoch [6/100] batch [385/391] loss 1.1143 lr 0.09938441702975688 acc 59.38% eta 1:11:55
2023-04-08 05:13:48,134 - __main__ - INFO - Computing epoch 6 validation accuracy...
2023-04-08 05:13:52,354 - __main__ - INFO - Computing epoch 6 validation loss...
2023-04-08 05:13:56,754 - __main__ - INFO - [INFO] 2023-04-08 05:13:56.754464 Epoch [7/100] batch [1/391] loss 0.9644 lr 0.09911436253643444 acc 60.16% eta 1:14:45
2023-04-08 05:14:15,658 - __main__ - INFO - [INFO] 2023-04-08 05:14:15.658074 Epoch [7/100] batch [129/391] loss 0.8496 lr 0.09911436253643444 acc 64.84% eta 1:11:41
2023-04-08 05:14:34,602 - __main__ - INFO - [INFO] 2023-04-08 05:14:34.602410 Epoch [7/100] batch [257/391] loss 0.7168 lr 0.09911436253643444 acc 71.88% eta 1:12:06
2023-04-08 05:14:53,637 - __main__ - INFO - [INFO] 2023-04-08 05:14:53.637059 Epoch [7/100] batch [385/391] loss 1.3350 lr 0.09911436253643444 acc 53.12% eta 1:11:45
2023-04-08 05:14:54,406 - __main__ - INFO - Computing epoch 7 validation accuracy...
2023-04-08 05:14:58,700 - __main__ - INFO - Computing epoch 7 validation loss...
2023-04-08 05:15:03,174 - __main__ - INFO - [INFO] 2023-04-08 05:15:03.174340 Epoch [8/100] batch [1/391] loss 0.7915 lr 0.09879583809693737 acc 74.22% eta 1:17:48
2023-04-08 05:15:22,086 - __main__ - INFO - [INFO] 2023-04-08 05:15:22.085982 Epoch [8/100] batch [129/391] loss 0.8940 lr 0.09879583809693737 acc 58.59% eta 1:11:21
2023-04-08 05:15:40,629 - __main__ - INFO - [INFO] 2023-04-08 05:15:40.629660 Epoch [8/100] batch [257/391] loss 0.7202 lr 0.09879583809693737 acc 67.19% eta 1:10:49
2023-04-08 05:15:59,481 - __main__ - INFO - [INFO] 2023-04-08 05:15:59.481319 Epoch [8/100] batch [385/391] loss 0.6128 lr 0.09879583809693737 acc 76.56% eta 1:10:32
2023-04-08 05:16:00,419 - __main__ - INFO - Computing epoch 8 validation accuracy...
2023-04-08 05:16:04,734 - __main__ - INFO - Computing epoch 8 validation loss...
2023-04-08 05:16:09,184 - __main__ - INFO - [INFO] 2023-04-08 05:16:09.183904 Epoch [9/100] batch [1/391] loss 0.5654 lr 0.09842915805643156 acc 74.22% eta 1:16:26
2023-04-08 05:16:28,082 - __main__ - INFO - [INFO] 2023-04-08 05:16:28.082372 Epoch [9/100] batch [129/391] loss 0.8013 lr 0.09842915805643156 acc 72.66% eta 1:09:43
2023-04-08 05:16:47,144 - __main__ - INFO - [INFO] 2023-04-08 05:16:47.144550 Epoch [9/100] batch [257/391] loss 0.9883 lr 0.09842915805643156 acc 61.72% eta 1:10:29
2023-04-08 05:17:06,118 - __main__ - INFO - [INFO] 2023-04-08 05:17:06.118141 Epoch [9/100] batch [385/391] loss 0.8403 lr 0.09842915805643156 acc 67.19% eta 1:10:23
2023-04-08 05:17:06,973 - __main__ - INFO - Computing epoch 9 validation accuracy...
2023-04-08 05:17:11,251 - __main__ - INFO - Computing epoch 9 validation loss...
2023-04-08 05:17:15,663 - __main__ - INFO - [INFO] 2023-04-08 05:17:15.663351 Epoch [10/100] batch [1/391] loss 0.9087 lr 0.09801468428384716 acc 65.62% eta 1:23:24
2023-04-08 05:17:34,615 - __main__ - INFO - [INFO] 2023-04-08 05:17:34.615754 Epoch [10/100] batch [129/391] loss 0.8730 lr 0.09801468428384716 acc 71.09% eta 1:09:25
2023-04-08 05:17:53,654 - __main__ - INFO - [INFO] 2023-04-08 05:17:53.654292 Epoch [10/100] batch [257/391] loss 0.6528 lr 0.09801468428384716 acc 76.56% eta 1:10:30
2023-04-08 05:18:13,141 - __main__ - INFO - [INFO] 2023-04-08 05:18:13.140466 Epoch [10/100] batch [385/391] loss 0.7593 lr 0.09801468428384716 acc 78.91% eta 1:11:10
2023-04-08 05:18:14,017 - __main__ - INFO - Computing epoch 10 validation accuracy...
2023-04-08 05:18:18,228 - __main__ - INFO - Computing epoch 10 validation loss...
2023-04-08 05:18:22,798 - __main__ - INFO - [INFO] 2023-04-08 05:18:22.798450 Epoch [11/100] batch [1/391] loss 0.7422 lr 0.09755282581475769 acc 70.31% eta 1:44:54
2023-04-08 05:18:42,094 - __main__ - INFO - [INFO] 2023-04-08 05:18:42.093910 Epoch [11/100] batch [129/391] loss 0.7549 lr 0.09755282581475769 acc 68.75% eta 1:11:30
2023-04-08 05:19:01,333 - __main__ - INFO - [INFO] 2023-04-08 05:19:01.332515 Epoch [11/100] batch [257/391] loss 0.7295 lr 0.09755282581475769 acc 73.44% eta 1:11:19
2023-04-08 05:19:20,702 - __main__ - INFO - [INFO] 2023-04-08 05:19:20.702088 Epoch [11/100] batch [385/391] loss 0.5327 lr 0.09755282581475769 acc 81.25% eta 1:11:12
2023-04-08 05:19:21,560 - __main__ - INFO - Computing epoch 11 validation accuracy...
2023-04-08 05:19:25,742 - __main__ - INFO - Computing epoch 11 validation loss...
2023-04-08 05:19:30,189 - __main__ - INFO - [INFO] 2023-04-08 05:19:30.189019 Epoch [12/100] batch [1/391] loss 0.8413 lr 0.09704403844771128 acc 74.22% eta 1:13:19
2023-04-08 05:19:49,165 - __main__ - INFO - [INFO] 2023-04-08 05:19:49.165758 Epoch [12/100] batch [129/391] loss 0.8735 lr 0.09704403844771128 acc 75.00% eta 1:08:00
2023-04-08 05:20:07,899 - __main__ - INFO - [INFO] 2023-04-08 05:20:07.899538 Epoch [12/100] batch [257/391] loss 0.8911 lr 0.09704403844771128 acc 75.78% eta 1:07:55
2023-04-08 05:20:26,829 - __main__ - INFO - [INFO] 2023-04-08 05:20:26.829652 Epoch [12/100] batch [385/391] loss 0.6680 lr 0.09704403844771128 acc 65.62% eta 1:07:32
2023-04-08 05:20:27,691 - __main__ - INFO - Computing epoch 12 validation accuracy...
2023-04-08 05:20:31,990 - __main__ - INFO - Computing epoch 12 validation loss...
2023-04-08 05:20:36,452 - __main__ - INFO - [INFO] 2023-04-08 05:20:36.452149 Epoch [13/100] batch [1/391] loss 0.7671 lr 0.09648882429441258 acc 67.97% eta 1:12:21
2023-04-08 05:20:55,781 - __main__ - INFO - [INFO] 2023-04-08 05:20:55.781230 Epoch [13/100] batch [129/391] loss 0.6797 lr 0.09648882429441258 acc 75.00% eta 1:09:22
2023-04-08 05:21:15,133 - __main__ - INFO - [INFO] 2023-04-08 05:21:15.132703 Epoch [13/100] batch [257/391] loss 0.4451 lr 0.09648882429441258 acc 84.38% eta 1:09:31
2023-04-08 05:21:34,343 - __main__ - INFO - [INFO] 2023-04-08 05:21:34.343658 Epoch [13/100] batch [385/391] loss 0.6133 lr 0.09648882429441258 acc 70.31% eta 1:09:21
2023-04-08 05:21:35,227 - __main__ - INFO - Computing epoch 13 validation accuracy...
2023-04-08 05:21:39,339 - __main__ - INFO - Computing epoch 13 validation loss...
2023-04-08 05:21:43,796 - __main__ - INFO - [INFO] 2023-04-08 05:21:43.795945 Epoch [14/100] batch [1/391] loss 0.9614 lr 0.09588773128419906 acc 70.31% eta 1:16:52
2023-04-08 05:22:03,110 - __main__ - INFO - [INFO] 2023-04-08 05:22:03.110042 Epoch [14/100] batch [129/391] loss 0.6367 lr 0.09588773128419906 acc 75.00% eta 1:09:55
2023-04-08 05:22:22,076 - __main__ - INFO - [INFO] 2023-04-08 05:22:22.075674 Epoch [14/100] batch [257/391] loss 0.5645 lr 0.09588773128419906 acc 69.53% eta 1:09:20
2023-04-08 05:22:41,259 - __main__ - INFO - [INFO] 2023-04-08 05:22:41.259220 Epoch [14/100] batch [385/391] loss 0.5732 lr 0.09588773128419906 acc 74.22% eta 1:08:46
2023-04-08 05:22:42,128 - __main__ - INFO - Computing epoch 14 validation accuracy...
2023-04-08 05:22:46,507 - __main__ - INFO - Computing epoch 14 validation loss...
2023-04-08 05:22:50,879 - __main__ - INFO - [INFO] 2023-04-08 05:22:50.879456 Epoch [15/100] batch [1/391] loss 0.7798 lr 0.09524135262330098 acc 74.22% eta 1:13:19
2023-04-08 05:23:10,066 - __main__ - INFO - [INFO] 2023-04-08 05:23:10.065844 Epoch [15/100] batch [129/391] loss 0.5679 lr 0.09524135262330098 acc 74.22% eta 1:08:18
2023-04-08 05:23:29,395 - __main__ - INFO - [INFO] 2023-04-08 05:23:29.395342 Epoch [15/100] batch [257/391] loss 0.7617 lr 0.09524135262330098 acc 73.44% eta 1:08:19
2023-04-08 05:23:48,564 - __main__ - INFO - [INFO] 2023-04-08 05:23:48.563929 Epoch [15/100] batch [385/391] loss 0.6709 lr 0.09524135262330098 acc 76.56% eta 1:07:48
2023-04-08 05:23:49,421 - __main__ - INFO - Computing epoch 15 validation accuracy...
2023-04-08 05:23:53,682 - __main__ - INFO - Computing epoch 15 validation loss...
2023-04-08 05:23:58,083 - __main__ - INFO - [INFO] 2023-04-08 05:23:58.083662 Epoch [16/100] batch [1/391] loss 0.7588 lr 0.0945503262094184 acc 67.97% eta 1:12:31
2023-04-08 05:24:17,113 - __main__ - INFO - [INFO] 2023-04-08 05:24:17.113758 Epoch [16/100] batch [129/391] loss 0.7217 lr 0.0945503262094184 acc 78.91% eta 1:06:56
2023-04-08 05:24:35,839 - __main__ - INFO - [INFO] 2023-04-08 05:24:35.838898 Epoch [16/100] batch [257/391] loss 0.6577 lr 0.0945503262094184 acc 77.34% eta 1:06:33
2023-04-08 05:24:55,174 - __main__ - INFO - [INFO] 2023-04-08 05:24:55.173930 Epoch [16/100] batch [385/391] loss 0.7744 lr 0.0945503262094184 acc 65.62% eta 1:06:57
2023-04-08 05:24:56,030 - __main__ - INFO - Computing epoch 16 validation accuracy...
2023-04-08 05:25:00,185 - __main__ - INFO - Computing epoch 16 validation loss...
2023-04-08 05:25:04,703 - __main__ - INFO - [INFO] 2023-04-08 05:25:04.703706 Epoch [17/100] batch [1/391] loss 0.6201 lr 0.09381533400219319 acc 64.06% eta 1:07:37
2023-04-08 05:25:23,649 - __main__ - INFO - [INFO] 2023-04-08 05:25:23.648922 Epoch [17/100] batch [129/391] loss 0.7065 lr 0.09381533400219319 acc 77.34% eta 1:05:49
2023-04-08 05:25:42,826 - __main__ - INFO - [INFO] 2023-04-08 05:25:42.825956 Epoch [17/100] batch [257/391] loss 0.5464 lr 0.09381533400219319 acc 79.69% eta 1:05:33
2023-04-08 05:26:01,813 - __main__ - INFO - [INFO] 2023-04-08 05:26:01.813406 Epoch [17/100] batch [385/391] loss 0.5259 lr 0.09381533400219319 acc 77.34% eta 1:05:19
2023-04-08 05:26:02,694 - __main__ - INFO - Computing epoch 17 validation accuracy...
2023-04-08 05:26:06,980 - __main__ - INFO - Computing epoch 17 validation loss...
2023-04-08 05:26:11,423 - __main__ - INFO - [INFO] 2023-04-08 05:26:11.423714 Epoch [18/100] batch [1/391] loss 0.5977 lr 0.0930371013501972 acc 79.69% eta 1:13:26
2023-04-08 05:26:30,658 - __main__ - INFO - [INFO] 2023-04-08 05:26:30.658163 Epoch [18/100] batch [129/391] loss 0.7607 lr 0.0930371013501972 acc 72.66% eta 1:06:43
2023-04-08 05:26:49,620 - __main__ - INFO - [INFO] 2023-04-08 05:26:49.620545 Epoch [18/100] batch [257/391] loss 0.5469 lr 0.0930371013501972 acc 78.12% eta 1:06:12
2023-04-08 05:27:08,791 - __main__ - INFO - [INFO] 2023-04-08 05:27:08.791491 Epoch [18/100] batch [385/391] loss 0.6211 lr 0.0930371013501972 acc 57.81% eta 1:05:48
2023-04-08 05:27:09,661 - __main__ - INFO - Computing epoch 18 validation accuracy...
2023-04-08 05:27:13,865 - __main__ - INFO - Computing epoch 18 validation loss...
2023-04-08 05:27:18,349 - __main__ - INFO - [INFO] 2023-04-08 05:27:18.349039 Epoch [19/100] batch [1/391] loss 0.6636 lr 0.09221639627510078 acc 74.22% eta 1:12:33
2023-04-08 05:27:37,398 - __main__ - INFO - [INFO] 2023-04-08 05:27:37.398197 Epoch [19/100] batch [129/391] loss 0.6577 lr 0.09221639627510078 acc 80.47% eta 1:04:58
2023-04-08 05:27:56,566 - __main__ - INFO - [INFO] 2023-04-08 05:27:56.566483 Epoch [19/100] batch [257/391] loss 0.6528 lr 0.09221639627510078 acc 83.59% eta 1:04:24
2023-04-08 05:28:15,618 - __main__ - INFO - [INFO] 2023-04-08 05:28:15.617831 Epoch [19/100] batch [385/391] loss 0.5791 lr 0.09221639627510078 acc 81.25% eta 1:04:09
2023-04-08 05:28:16,501 - __main__ - INFO - Computing epoch 19 validation accuracy...
2023-04-08 05:28:20,779 - __main__ - INFO - Computing epoch 19 validation loss...
2023-04-08 05:28:25,112 - __main__ - INFO - [INFO] 2023-04-08 05:28:25.112007 Epoch [20/100] batch [1/391] loss 0.5952 lr 0.09135402871372812 acc 80.47% eta 1:06:07
2023-04-08 05:28:44,199 - __main__ - INFO - [INFO] 2023-04-08 05:28:44.198839 Epoch [20/100] batch [129/391] loss 0.7026 lr 0.09135402871372812 acc 76.56% eta 1:04:00
2023-04-08 05:29:03,065 - __main__ - INFO - [INFO] 2023-04-08 05:29:03.065295 Epoch [20/100] batch [257/391] loss 0.6011 lr 0.09135402871372812 acc 82.81% eta 1:03:38
2023-04-08 05:29:22,129 - __main__ - INFO - [INFO] 2023-04-08 05:29:22.129126 Epoch [20/100] batch [385/391] loss 0.5342 lr 0.09135402871372812 acc 74.22% eta 1:03:26
2023-04-08 05:29:22,993 - __main__ - INFO - Computing epoch 20 validation accuracy...
2023-04-08 05:29:27,138 - __main__ - INFO - Computing epoch 20 validation loss...
2023-04-08 05:29:31,661 - __main__ - INFO - [INFO] 2023-04-08 05:29:31.661324 Epoch [21/100] batch [1/391] loss 0.6265 lr 0.09045084971874741 acc 76.56% eta 1:10:49
2023-04-08 05:29:50,946 - __main__ - INFO - [INFO] 2023-04-08 05:29:50.946706 Epoch [21/100] batch [129/391] loss 0.5879 lr 0.09045084971874741 acc 78.12% eta 1:03:38
2023-04-08 05:30:09,985 - __main__ - INFO - [INFO] 2023-04-08 05:30:09.985748 Epoch [21/100] batch [257/391] loss 0.6646 lr 0.09045084971874741 acc 79.69% eta 1:02:56
2023-04-08 05:30:29,023 - __main__ - INFO - [INFO] 2023-04-08 05:30:29.023512 Epoch [21/100] batch [385/391] loss 0.7153 lr 0.09045084971874741 acc 82.81% eta 1:02:27
2023-04-08 05:30:29,885 - __main__ - INFO - Computing epoch 21 validation accuracy...
2023-04-08 05:30:34,074 - __main__ - INFO - Computing epoch 21 validation loss...
2023-04-08 05:30:38,518 - __main__ - INFO - [INFO] 2023-04-08 05:30:38.518650 Epoch [22/100] batch [1/391] loss 0.6099 lr 0.08950775061878455 acc 76.56% eta 1:03:12
2023-04-08 05:30:57,612 - __main__ - INFO - [INFO] 2023-04-08 05:30:57.612438 Epoch [22/100] batch [129/391] loss 0.7383 lr 0.08950775061878455 acc 72.66% eta 1:02:24
2023-04-08 05:31:16,675 - __main__ - INFO - [INFO] 2023-04-08 05:31:16.674894 Epoch [22/100] batch [257/391] loss 0.6401 lr 0.08950775061878455 acc 74.22% eta 1:02:06
2023-04-08 05:31:35,763 - __main__ - INFO - [INFO] 2023-04-08 05:31:35.763688 Epoch [22/100] batch [385/391] loss 0.4868 lr 0.08950775061878455 acc 82.81% eta 1:01:56
2023-04-08 05:31:36,666 - __main__ - INFO - Computing epoch 22 validation accuracy...
2023-04-08 05:31:40,901 - __main__ - INFO - Computing epoch 22 validation loss...
2023-04-08 05:31:45,258 - __main__ - INFO - [INFO] 2023-04-08 05:31:45.258268 Epoch [23/100] batch [1/391] loss 0.5513 lr 0.0885256621387895 acc 82.81% eta 1:03:41
2023-04-08 05:32:04,374 - __main__ - INFO - [INFO] 2023-04-08 05:32:04.374437 Epoch [23/100] batch [129/391] loss 0.5327 lr 0.0885256621387895 acc 78.91% eta 1:01:23
2023-04-08 05:32:23,468 - __main__ - INFO - [INFO] 2023-04-08 05:32:23.468510 Epoch [23/100] batch [257/391] loss 0.6772 lr 0.0885256621387895 acc 67.19% eta 1:01:11
2023-04-08 05:32:42,577 - __main__ - INFO - [INFO] 2023-04-08 05:32:42.577573 Epoch [23/100] batch [385/391] loss 0.6333 lr 0.0885256621387895 acc 78.12% eta 1:00:54
2023-04-08 05:32:43,419 - __main__ - INFO - Computing epoch 23 validation accuracy...
2023-04-08 05:32:47,666 - __main__ - INFO - Computing epoch 23 validation loss...
2023-04-08 05:32:52,236 - __main__ - INFO - [INFO] 2023-04-08 05:32:52.236235 Epoch [24/100] batch [1/391] loss 0.6450 lr 0.08750555348152302 acc 82.03% eta 1:14:53
2023-04-08 05:33:11,626 - __main__ - INFO - [INFO] 2023-04-08 05:33:11.625791 Epoch [24/100] batch [129/391] loss 0.7510 lr 0.08750555348152302 acc 80.47% eta 1:01:36
2023-04-08 05:33:30,578 - __main__ - INFO - [INFO] 2023-04-08 05:33:30.578071 Epoch [24/100] batch [257/391] loss 0.6313 lr 0.08750555348152302 acc 80.47% eta 1:00:54
2023-04-08 05:33:49,886 - __main__ - INFO - [INFO] 2023-04-08 05:33:49.885866 Epoch [24/100] batch [385/391] loss 0.4734 lr 0.08750555348152302 acc 80.47% eta 1:00:45
2023-04-08 05:33:50,772 - __main__ - INFO - Computing epoch 24 validation accuracy...
2023-04-08 05:33:54,998 - __main__ - INFO - Computing epoch 24 validation loss...
2023-04-08 05:33:59,410 - __main__ - INFO - [INFO] 2023-04-08 05:33:59.410535 Epoch [25/100] batch [1/391] loss 0.7588 lr 0.08644843137107061 acc 82.03% eta 1:03:11
2023-04-08 05:34:18,602 - __main__ - INFO - [INFO] 2023-04-08 05:34:18.602632 Epoch [25/100] batch [129/391] loss 0.7153 lr 0.08644843137107061 acc 78.12% eta 0:59:57
2023-04-08 05:34:37,669 - __main__ - INFO - [INFO] 2023-04-08 05:34:37.669118 Epoch [25/100] batch [257/391] loss 0.6729 lr 0.08644843137107061 acc 71.88% eta 0:59:43
2023-04-08 05:34:56,668 - __main__ - INFO - [INFO] 2023-04-08 05:34:56.668461 Epoch [25/100] batch [385/391] loss 0.6235 lr 0.08644843137107061 acc 71.09% eta 0:59:21
2023-04-08 05:34:57,525 - __main__ - INFO - Computing epoch 25 validation accuracy...
2023-04-08 05:35:01,768 - __main__ - INFO - Computing epoch 25 validation loss...
2023-04-08 05:35:06,255 - __main__ - INFO - [INFO] 2023-04-08 05:35:06.255265 Epoch [26/100] batch [1/391] loss 0.6807 lr 0.0853553390593274 acc 71.09% eta 1:16:25
2023-04-08 05:35:25,388 - __main__ - INFO - [INFO] 2023-04-08 05:35:25.388431 Epoch [26/100] batch [129/391] loss 0.4792 lr 0.0853553390593274 acc 85.16% eta 0:58:44
2023-04-08 05:35:44,466 - __main__ - INFO - [INFO] 2023-04-08 05:35:44.466508 Epoch [26/100] batch [257/391] loss 0.6997 lr 0.0853553390593274 acc 75.78% eta 0:59:03
2023-04-08 05:36:03,524 - __main__ - INFO - [INFO] 2023-04-08 05:36:03.523824 Epoch [26/100] batch [385/391] loss 0.5552 lr 0.0853553390593274 acc 77.34% eta 0:59:03
2023-04-08 05:36:04,377 - __main__ - INFO - Computing epoch 26 validation accuracy...
2023-04-08 05:36:08,464 - __main__ - INFO - Computing epoch 26 validation loss...
2023-04-08 05:36:12,855 - __main__ - INFO - [INFO] 2023-04-08 05:36:12.854859 Epoch [27/100] batch [1/391] loss 0.6724 lr 0.08422735529643446 acc 70.31% eta 1:01:24
2023-04-08 05:36:31,878 - __main__ - INFO - [INFO] 2023-04-08 05:36:31.878757 Epoch [27/100] batch [129/391] loss 0.5586 lr 0.08422735529643446 acc 82.03% eta 0:58:38
2023-04-08 05:36:51,023 - __main__ - INFO - [INFO] 2023-04-08 05:36:51.023543 Epoch [27/100] batch [257/391] loss 0.6934 lr 0.08422735529643446 acc 71.88% eta 0:58:27
2023-04-08 05:37:10,458 - __main__ - INFO - [INFO] 2023-04-08 05:37:10.458183 Epoch [27/100] batch [385/391] loss 0.6509 lr 0.08422735529643446 acc 75.00% eta 0:58:16
2023-04-08 05:37:11,358 - __main__ - INFO - Computing epoch 27 validation accuracy...
2023-04-08 05:37:15,616 - __main__ - INFO - Computing epoch 27 validation loss...
2023-04-08 05:37:20,002 - __main__ - INFO - [INFO] 2023-04-08 05:37:20.002799 Epoch [28/100] batch [1/391] loss 0.6353 lr 0.08306559326618262 acc 81.25% eta 1:00:42
2023-04-08 05:37:39,257 - __main__ - INFO - [INFO] 2023-04-08 05:37:39.257404 Epoch [28/100] batch [129/391] loss 0.4905 lr 0.08306559326618262 acc 89.06% eta 0:57:57
2023-04-08 05:37:58,395 - __main__ - INFO - [INFO] 2023-04-08 05:37:58.395116 Epoch [28/100] batch [257/391] loss 0.6006 lr 0.08306559326618262 acc 74.22% eta 0:57:36
2023-04-08 05:38:17,618 - __main__ - INFO - [INFO] 2023-04-08 05:38:17.618490 Epoch [28/100] batch [385/391] loss 0.5674 lr 0.08306559326618262 acc 81.25% eta 0:57:32
2023-04-08 05:38:18,483 - __main__ - INFO - Computing epoch 28 validation accuracy...
2023-04-08 05:38:22,645 - __main__ - INFO - Computing epoch 28 validation loss...
2023-04-08 05:38:27,003 - __main__ - INFO - [INFO] 2023-04-08 05:38:27.002842 Epoch [29/100] batch [1/391] loss 0.5210 lr 0.08187119948743452 acc 81.25% eta 1:02:54
2023-04-08 05:38:46,110 - __main__ - INFO - [INFO] 2023-04-08 05:38:46.109922 Epoch [29/100] batch [129/391] loss 0.5254 lr 0.08187119948743452 acc 83.59% eta 0:56:57
2023-04-08 05:39:05,401 - __main__ - INFO - [INFO] 2023-04-08 05:39:05.401019 Epoch [29/100] batch [257/391] loss 0.4878 lr 0.08187119948743452 acc 75.78% eta 0:56:46
2023-04-08 05:39:24,502 - __main__ - INFO - [INFO] 2023-04-08 05:39:24.501868 Epoch [29/100] batch [385/391] loss 0.6187 lr 0.08187119948743452 acc 80.47% eta 0:56:25
2023-04-08 05:39:25,395 - __main__ - INFO - Computing epoch 29 validation accuracy...
2023-04-08 05:39:29,589 - __main__ - INFO - Computing epoch 29 validation loss...
2023-04-08 05:39:34,045 - __main__ - INFO - [INFO] 2023-04-08 05:39:34.045465 Epoch [30/100] batch [1/391] loss 0.5161 lr 0.08064535268264886 acc 76.56% eta 1:00:23
2023-04-08 05:39:53,075 - __main__ - INFO - [INFO] 2023-04-08 05:39:53.075778 Epoch [30/100] batch [129/391] loss 0.5488 lr 0.08064535268264886 acc 78.12% eta 0:55:59
2023-04-08 05:40:12,280 - __main__ - INFO - [INFO] 2023-04-08 05:40:12.280370 Epoch [30/100] batch [257/391] loss 0.5508 lr 0.08064535268264886 acc 80.47% eta 0:56:23
2023-04-08 05:40:31,479 - __main__ - INFO - [INFO] 2023-04-08 05:40:31.479492 Epoch [30/100] batch [385/391] loss 0.5103 lr 0.08064535268264886 acc 82.03% eta 0:56:04
2023-04-08 05:40:32,343 - __main__ - INFO - Computing epoch 30 validation accuracy...
2023-04-08 05:40:36,520 - __main__ - INFO - Computing epoch 30 validation loss...
2023-04-08 05:40:40,909 - __main__ - INFO - [INFO] 2023-04-08 05:40:40.909642 Epoch [31/100] batch [1/391] loss 0.5903 lr 0.0793892626146237 acc 82.81% eta 1:00:20
2023-04-08 05:41:00,120 - __main__ - INFO - [INFO] 2023-04-08 05:41:00.120583 Epoch [31/100] batch [129/391] loss 0.4653 lr 0.0793892626146237 acc 85.94% eta 0:55:35
2023-04-08 05:41:19,395 - __main__ - INFO - [INFO] 2023-04-08 05:41:19.395339 Epoch [31/100] batch [257/391] loss 0.4229 lr 0.0793892626146237 acc 82.03% eta 0:55:20
2023-04-08 05:41:38,472 - __main__ - INFO - [INFO] 2023-04-08 05:41:38.472579 Epoch [31/100] batch [385/391] loss 0.6055 lr 0.0793892626146237 acc 83.59% eta 0:54:52
2023-04-08 05:41:39,356 - __main__ - INFO - Computing epoch 31 validation accuracy...
2023-04-08 05:41:43,593 - __main__ - INFO - Computing epoch 31 validation loss...
2023-04-08 05:41:47,962 - __main__ - INFO - [INFO] 2023-04-08 05:41:47.962123 Epoch [32/100] batch [1/391] loss 0.4019 lr 0.07810416889260657 acc 81.25% eta 0:57:04
2023-04-08 05:42:07,002 - __main__ - INFO - [INFO] 2023-04-08 05:42:07.002638 Epoch [32/100] batch [129/391] loss 0.4553 lr 0.07810416889260657 acc 74.22% eta 0:54:31
2023-04-08 05:42:26,086 - __main__ - INFO - [INFO] 2023-04-08 05:42:26.086440 Epoch [32/100] batch [257/391] loss 0.5103 lr 0.07810416889260657 acc 83.59% eta 0:54:19
2023-04-08 05:42:45,007 - __main__ - INFO - [INFO] 2023-04-08 05:42:45.007072 Epoch [32/100] batch [385/391] loss 0.5542 lr 0.07810416889260657 acc 74.22% eta 0:54:06
2023-04-08 05:42:45,875 - __main__ - INFO - Computing epoch 32 validation accuracy...
2023-04-08 05:42:50,057 - __main__ - INFO - Computing epoch 32 validation loss...
2023-04-08 05:42:54,511 - __main__ - INFO - [INFO] 2023-04-08 05:42:54.511833 Epoch [33/100] batch [1/391] loss 0.4954 lr 0.07679133974894986 acc 87.50% eta 0:57:07
2023-04-08 05:43:13,862 - __main__ - INFO - [INFO] 2023-04-08 05:43:13.862733 Epoch [33/100] batch [129/391] loss 0.4343 lr 0.07679133974894986 acc 83.59% eta 0:54:37
2023-04-08 05:43:33,343 - __main__ - INFO - [INFO] 2023-04-08 05:43:33.343081 Epoch [33/100] batch [257/391] loss 0.5498 lr 0.07679133974894986 acc 72.66% eta 0:54:35
2023-04-08 05:43:52,919 - __main__ - INFO - [INFO] 2023-04-08 05:43:52.918834 Epoch [33/100] batch [385/391] loss 0.6021 lr 0.07679133974894986 acc 83.59% eta 0:54:24
2023-04-08 05:43:53,813 - __main__ - INFO - Computing epoch 33 validation accuracy...
2023-04-08 05:43:58,102 - __main__ - INFO - Computing epoch 33 validation loss...
2023-04-08 05:44:02,437 - __main__ - INFO - [INFO] 2023-04-08 05:44:02.437354 Epoch [34/100] batch [1/391] loss 0.5312 lr 0.0754520707875186 acc 76.56% eta 1:01:37
2023-04-08 05:44:21,744 - __main__ - INFO - [INFO] 2023-04-08 05:44:21.744018 Epoch [34/100] batch [129/391] loss 0.4946 lr 0.0754520707875186 acc 82.03% eta 0:53:35
2023-04-08 05:44:41,066 - __main__ - INFO - [INFO] 2023-04-08 05:44:41.066640 Epoch [34/100] batch [257/391] loss 0.3308 lr 0.0754520707875186 acc 85.94% eta 0:53:24
2023-04-08 05:45:00,171 - __main__ - INFO - [INFO] 2023-04-08 05:45:00.171365 Epoch [34/100] batch [385/391] loss 0.6880 lr 0.0754520707875186 acc 76.56% eta 0:53:07
2023-04-08 05:45:01,055 - __main__ - INFO - Computing epoch 34 validation accuracy...
2023-04-08 05:45:05,254 - __main__ - INFO - Computing epoch 34 validation loss...
2023-04-08 05:45:09,675 - __main__ - INFO - [INFO] 2023-04-08 05:45:09.674962 Epoch [35/100] batch [1/391] loss 0.4563 lr 0.0740876837050858 acc 89.06% eta 0:58:25
2023-04-08 05:45:28,913 - __main__ - INFO - [INFO] 2023-04-08 05:45:28.913783 Epoch [35/100] batch [129/391] loss 0.4043 lr 0.0740876837050858 acc 82.03% eta 0:53:10
2023-04-08 05:45:48,257 - __main__ - INFO - [INFO] 2023-04-08 05:45:48.257178 Epoch [35/100] batch [257/391] loss 0.4441 lr 0.0740876837050858 acc 82.03% eta 0:52:42
2023-04-08 05:46:07,448 - __main__ - INFO - [INFO] 2023-04-08 05:46:07.448630 Epoch [35/100] batch [385/391] loss 0.4304 lr 0.0740876837050858 acc 83.59% eta 0:52:23
2023-04-08 05:46:08,328 - __main__ - INFO - Computing epoch 35 validation accuracy...
2023-04-08 05:46:12,647 - __main__ - INFO - Computing epoch 35 validation loss...
2023-04-08 05:46:17,069 - __main__ - INFO - [INFO] 2023-04-08 05:46:17.069626 Epoch [36/100] batch [1/391] loss 0.3901 lr 0.07269952498697738 acc 87.50% eta 0:51:39
2023-04-08 05:46:36,350 - __main__ - INFO - [INFO] 2023-04-08 05:46:36.350357 Epoch [36/100] batch [129/391] loss 0.4204 lr 0.07269952498697738 acc 89.06% eta 0:51:31
2023-04-08 05:46:55,630 - __main__ - INFO - [INFO] 2023-04-08 05:46:55.630113 Epoch [36/100] batch [257/391] loss 0.5537 lr 0.07269952498697738 acc 79.69% eta 0:51:50
2023-04-08 05:47:14,904 - __main__ - INFO - [INFO] 2023-04-08 05:47:14.903800 Epoch [36/100] batch [385/391] loss 0.5449 lr 0.07269952498697738 acc 79.69% eta 0:51:38
2023-04-08 05:47:15,799 - __main__ - INFO - Computing epoch 36 validation accuracy...
2023-04-08 05:47:20,101 - __main__ - INFO - Computing epoch 36 validation loss...
2023-04-08 05:47:24,547 - __main__ - INFO - [INFO] 2023-04-08 05:47:24.547014 Epoch [37/100] batch [1/391] loss 0.4595 lr 0.07128896457825366 acc 88.28% eta 0:55:24
2023-04-08 05:47:43,578 - __main__ - INFO - [INFO] 2023-04-08 05:47:43.578231 Epoch [37/100] batch [129/391] loss 0.4629 lr 0.07128896457825366 acc 78.91% eta 0:48:52
2023-04-08 05:48:02,341 - __main__ - INFO - [INFO] 2023-04-08 05:48:02.341130 Epoch [37/100] batch [257/391] loss 0.4128 lr 0.07128896457825366 acc 84.38% eta 0:48:22
2023-04-08 05:48:21,395 - __main__ - INFO - [INFO] 2023-04-08 05:48:21.395219 Epoch [37/100] batch [385/391] loss 0.5449 lr 0.07128896457825366 acc 82.81% eta 0:48:10
2023-04-08 05:48:22,250 - __main__ - INFO - Computing epoch 37 validation accuracy...
2023-04-08 05:48:26,453 - __main__ - INFO - Computing epoch 37 validation loss...
2023-04-08 05:48:30,846 - __main__ - INFO - [INFO] 2023-04-08 05:48:30.846803 Epoch [38/100] batch [1/391] loss 0.5972 lr 0.06985739453173906 acc 70.31% eta 0:53:51
2023-04-08 05:48:49,766 - __main__ - INFO - [INFO] 2023-04-08 05:48:49.766371 Epoch [38/100] batch [129/391] loss 0.5605 lr 0.06985739453173906 acc 74.22% eta 0:48:21
2023-04-08 05:49:08,543 - __main__ - INFO - [INFO] 2023-04-08 05:49:08.543742 Epoch [38/100] batch [257/391] loss 0.6777 lr 0.06985739453173906 acc 83.59% eta 0:47:56
2023-04-08 05:49:27,100 - __main__ - INFO - [INFO] 2023-04-08 05:49:27.100189 Epoch [38/100] batch [385/391] loss 0.4412 lr 0.06985739453173906 acc 88.28% eta 0:47:31
2023-04-08 05:49:27,961 - __main__ - INFO - Computing epoch 38 validation accuracy...
2023-04-08 05:49:32,225 - __main__ - INFO - Computing epoch 38 validation loss...
2023-04-08 05:49:36,647 - __main__ - INFO - [INFO] 2023-04-08 05:49:36.647756 Epoch [39/100] batch [1/391] loss 0.4893 lr 0.06840622763423394 acc 82.03% eta 0:50:08
2023-04-08 05:49:55,622 - __main__ - INFO - [INFO] 2023-04-08 05:49:55.622149 Epoch [39/100] batch [129/391] loss 0.6152 lr 0.06840622763423394 acc 80.47% eta 0:47:31
2023-04-08 05:50:14,597 - __main__ - INFO - [INFO] 2023-04-08 05:50:14.597120 Epoch [39/100] batch [257/391] loss 0.6196 lr 0.06840622763423394 acc 78.91% eta 0:47:32
2023-04-08 05:50:33,428 - __main__ - INFO - [INFO] 2023-04-08 05:50:33.428110 Epoch [39/100] batch [385/391] loss 0.3965 lr 0.06840622763423394 acc 84.38% eta 0:47:15
2023-04-08 05:50:34,309 - __main__ - INFO - Computing epoch 39 validation accuracy...
2023-04-08 05:50:38,581 - __main__ - INFO - Computing epoch 39 validation loss...
2023-04-08 05:50:42,996 - __main__ - INFO - [INFO] 2023-04-08 05:50:42.996740 Epoch [40/100] batch [1/391] loss 0.5854 lr 0.06693689601226462 acc 76.56% eta 0:49:39
2023-04-08 05:51:02,095 - __main__ - INFO - [INFO] 2023-04-08 05:51:02.095227 Epoch [40/100] batch [129/391] loss 0.5107 lr 0.06693689601226462 acc 86.72% eta 0:47:27
2023-04-08 05:51:20,951 - __main__ - INFO - [INFO] 2023-04-08 05:51:20.951224 Epoch [40/100] batch [257/391] loss 0.5874 lr 0.06693689601226462 acc 88.28% eta 0:46:47
2023-04-08 05:51:39,553 - __main__ - INFO - [INFO] 2023-04-08 05:51:39.553061 Epoch [40/100] batch [385/391] loss 0.5337 lr 0.06693689601226462 acc 83.59% eta 0:46:23
2023-04-08 05:51:40,378 - __main__ - INFO - Computing epoch 40 validation accuracy...
2023-04-08 05:51:44,560 - __main__ - INFO - Computing epoch 40 validation loss...
2023-04-08 05:51:48,995 - __main__ - INFO - [INFO] 2023-04-08 05:51:48.995031 Epoch [41/100] batch [1/391] loss 0.4797 lr 0.06545084971874741 acc 86.72% eta 0:48:14
2023-04-08 05:52:08,133 - __main__ - INFO - [INFO] 2023-04-08 05:52:08.133706 Epoch [41/100] batch [129/391] loss 0.6206 lr 0.06545084971874741 acc 78.91% eta 0:46:18
2023-04-08 05:52:26,888 - __main__ - INFO - [INFO] 2023-04-08 05:52:26.888046 Epoch [41/100] batch [257/391] loss 0.5137 lr 0.06545084971874741 acc 85.94% eta 0:45:29
2023-04-08 05:52:45,814 - __main__ - INFO - [INFO] 2023-04-08 05:52:45.814647 Epoch [41/100] batch [385/391] loss 0.4373 lr 0.06545084971874741 acc 84.38% eta 0:45:12
2023-04-08 05:52:46,709 - __main__ - INFO - Computing epoch 41 validation accuracy...
2023-04-08 05:52:50,989 - __main__ - INFO - Computing epoch 41 validation loss...
2023-04-08 05:52:55,454 - __main__ - INFO - [INFO] 2023-04-08 05:52:55.454553 Epoch [42/100] batch [1/391] loss 0.4534 lr 0.06394955530196152 acc 87.50% eta 0:47:44
2023-04-08 05:53:14,343 - __main__ - INFO - [INFO] 2023-04-08 05:53:14.343381 Epoch [42/100] batch [129/391] loss 0.4836 lr 0.06394955530196152 acc 85.16% eta 0:44:57
2023-04-08 05:53:33,201 - __main__ - INFO - [INFO] 2023-04-08 05:53:33.201342 Epoch [42/100] batch [257/391] loss 0.5283 lr 0.06394955530196152 acc 82.81% eta 0:44:37
2023-04-08 05:53:51,653 - __main__ - INFO - [INFO] 2023-04-08 05:53:51.653231 Epoch [42/100] batch [385/391] loss 0.2969 lr 0.06394955530196152 acc 89.84% eta 0:44:19
2023-04-08 05:53:52,531 - __main__ - INFO - Computing epoch 42 validation accuracy...
2023-04-08 05:53:56,814 - __main__ - INFO - Computing epoch 42 validation loss...
2023-04-08 05:54:01,239 - __main__ - INFO - [INFO] 2023-04-08 05:54:01.239124 Epoch [43/100] batch [1/391] loss 0.4077 lr 0.062434494358242776 acc 78.91% eta 0:51:15
2023-04-08 05:54:20,112 - __main__ - INFO - [INFO] 2023-04-08 05:54:20.112326 Epoch [43/100] batch [129/391] loss 0.5327 lr 0.062434494358242776 acc 76.56% eta 0:43:58
2023-04-08 05:54:39,110 - __main__ - INFO - [INFO] 2023-04-08 05:54:39.110067 Epoch [43/100] batch [257/391] loss 0.4756 lr 0.062434494358242776 acc 88.28% eta 0:44:01
2023-04-08 05:54:58,260 - __main__ - INFO - [INFO] 2023-04-08 05:54:58.260804 Epoch [43/100] batch [385/391] loss 0.5801 lr 0.062434494358242776 acc 80.47% eta 0:43:57
2023-04-08 05:54:59,146 - __main__ - INFO - Computing epoch 43 validation accuracy...
2023-04-08 05:55:03,468 - __main__ - INFO - Computing epoch 43 validation loss...
2023-04-08 05:55:07,861 - __main__ - INFO - [INFO] 2023-04-08 05:55:07.861796 Epoch [44/100] batch [1/391] loss 0.4548 lr 0.06090716206982718 acc 82.81% eta 0:47:09
2023-04-08 05:55:26,797 - __main__ - INFO - [INFO] 2023-04-08 05:55:26.797408 Epoch [44/100] batch [129/391] loss 0.4360 lr 0.06090716206982718 acc 87.50% eta 0:43:08
2023-04-08 05:55:45,668 - __main__ - INFO - [INFO] 2023-04-08 05:55:45.668731 Epoch [44/100] batch [257/391] loss 0.4133 lr 0.06090716206982718 acc 86.72% eta 0:42:52
2023-04-08 05:56:04,180 - __main__ - INFO - [INFO] 2023-04-08 05:56:04.180716 Epoch [44/100] batch [385/391] loss 0.4023 lr 0.06090716206982718 acc 84.38% eta 0:42:40
2023-04-08 05:56:05,069 - __main__ - INFO - Computing epoch 44 validation accuracy...
2023-04-08 05:56:09,453 - __main__ - INFO - Computing epoch 44 validation loss...
2023-04-08 05:56:13,903 - __main__ - INFO - [INFO] 2023-04-08 05:56:13.903355 Epoch [45/100] batch [1/391] loss 0.5205 lr 0.05936906572928628 acc 77.34% eta 0:43:09
2023-04-08 05:56:32,725 - __main__ - INFO - [INFO] 2023-04-08 05:56:32.725443 Epoch [45/100] batch [129/391] loss 0.4348 lr 0.05936906572928628 acc 84.38% eta 0:42:30
2023-04-08 05:56:51,568 - __main__ - INFO - [INFO] 2023-04-08 05:56:51.567911 Epoch [45/100] batch [257/391] loss 0.6099 lr 0.05936906572928628 acc 85.16% eta 0:42:09
2023-04-08 05:57:10,349 - __main__ - INFO - [INFO] 2023-04-08 05:57:10.349609 Epoch [45/100] batch [385/391] loss 0.4851 lr 0.05936906572928628 acc 81.25% eta 0:41:55
2023-04-08 05:57:11,199 - __main__ - INFO - Computing epoch 45 validation accuracy...
2023-04-08 05:57:15,420 - __main__ - INFO - Computing epoch 45 validation loss...
2023-04-08 05:57:19,830 - __main__ - INFO - [INFO] 2023-04-08 05:57:19.830534 Epoch [46/100] batch [1/391] loss 0.6401 lr 0.05782172325201159 acc 84.38% eta 0:44:10
2023-04-08 05:57:38,468 - __main__ - INFO - [INFO] 2023-04-08 05:57:38.468007 Epoch [46/100] batch [129/391] loss 0.4526 lr 0.05782172325201159 acc 85.16% eta 0:41:19
2023-04-08 05:57:57,241 - __main__ - INFO - [INFO] 2023-04-08 05:57:57.241696 Epoch [46/100] batch [257/391] loss 0.5410 lr 0.05782172325201159 acc 79.69% eta 0:41:29
2023-04-08 05:58:15,719 - __main__ - INFO - [INFO] 2023-04-08 05:58:15.719015 Epoch [46/100] batch [385/391] loss 0.4521 lr 0.05782172325201159 acc 88.28% eta 0:41:16
2023-04-08 05:58:16,625 - __main__ - INFO - Computing epoch 46 validation accuracy...
2023-04-08 05:58:20,989 - __main__ - INFO - Computing epoch 46 validation loss...
2023-04-08 05:58:25,391 - __main__ - INFO - [INFO] 2023-04-08 05:58:25.391393 Epoch [47/100] batch [1/391] loss 0.4954 lr 0.056266661678215264 acc 83.59% eta 0:43:05
2023-04-08 05:58:44,184 - __main__ - INFO - [INFO] 2023-04-08 05:58:44.184025 Epoch [47/100] batch [129/391] loss 0.4009 lr 0.056266661678215264 acc 86.72% eta 0:40:52
2023-04-08 05:59:02,940 - __main__ - INFO - [INFO] 2023-04-08 05:59:02.940478 Epoch [47/100] batch [257/391] loss 0.4753 lr 0.056266661678215264 acc 82.81% eta 0:40:34
2023-04-08 05:59:21,663 - __main__ - INFO - [INFO] 2023-04-08 05:59:21.663793 Epoch [47/100] batch [385/391] loss 0.4338 lr 0.056266661678215264 acc 85.16% eta 0:40:16
2023-04-08 05:59:22,538 - __main__ - INFO - Computing epoch 47 validation accuracy...
2023-04-08 05:59:26,682 - __main__ - INFO - Computing epoch 47 validation loss...
2023-04-08 05:59:31,091 - __main__ - INFO - [INFO] 2023-04-08 05:59:31.091013 Epoch [48/100] batch [1/391] loss 0.5200 lr 0.05470541566592575 acc 87.50% eta 0:44:16
2023-04-08 05:59:49,928 - __main__ - INFO - [INFO] 2023-04-08 05:59:49.928457 Epoch [48/100] batch [129/391] loss 0.3083 lr 0.05470541566592575 acc 87.50% eta 0:40:24
2023-04-08 06:00:09,046 - __main__ - INFO - [INFO] 2023-04-08 06:00:09.046017 Epoch [48/100] batch [257/391] loss 0.5474 lr 0.05470541566592575 acc 78.91% eta 0:40:28
2023-04-08 06:00:27,616 - __main__ - INFO - [INFO] 2023-04-08 06:00:27.616776 Epoch [48/100] batch [385/391] loss 0.7251 lr 0.05470541566592575 acc 78.12% eta 0:39:58
2023-04-08 06:00:28,427 - __main__ - INFO - Computing epoch 48 validation accuracy...
2023-04-08 06:00:32,661 - __main__ - INFO - Computing epoch 48 validation loss...
2023-04-08 06:00:37,055 - __main__ - INFO - [INFO] 2023-04-08 06:00:37.055713 Epoch [49/100] batch [1/391] loss 0.5142 lr 0.053139525976465714 acc 78.91% eta 0:46:08
2023-04-08 06:00:55,725 - __main__ - INFO - [INFO] 2023-04-08 06:00:55.725578 Epoch [49/100] batch [129/391] loss 0.4368 lr 0.053139525976465714 acc 89.06% eta 0:38:59
2023-04-08 06:01:14,485 - __main__ - INFO - [INFO] 2023-04-08 06:01:14.485047 Epoch [49/100] batch [257/391] loss 0.6763 lr 0.053139525976465714 acc 79.69% eta 0:38:52
2023-04-08 06:01:33,424 - __main__ - INFO - [INFO] 2023-04-08 06:01:33.424108 Epoch [49/100] batch [385/391] loss 0.4253 lr 0.053139525976465714 acc 86.72% eta 0:38:46
2023-04-08 06:01:34,286 - __main__ - INFO - Computing epoch 49 validation accuracy...
2023-04-08 06:01:38,481 - __main__ - INFO - Computing epoch 49 validation loss...
2023-04-08 06:01:42,891 - __main__ - INFO - [INFO] 2023-04-08 06:01:42.890864 Epoch [50/100] batch [1/391] loss 0.5391 lr 0.05157053795390645 acc 84.38% eta 0:41:43
2023-04-08 06:02:01,789 - __main__ - INFO - [INFO] 2023-04-08 06:02:01.789775 Epoch [50/100] batch [129/391] loss 0.3308 lr 0.05157053795390645 acc 85.94% eta 0:38:48
2023-04-08 06:02:20,718 - __main__ - INFO - [INFO] 2023-04-08 06:02:20.718558 Epoch [50/100] batch [257/391] loss 0.3049 lr 0.05157053795390645 acc 92.19% eta 0:38:34
2023-04-08 06:02:39,291 - __main__ - INFO - [INFO] 2023-04-08 06:02:39.291550 Epoch [50/100] batch [385/391] loss 0.4175 lr 0.05157053795390645 acc 92.19% eta 0:38:17
2023-04-08 06:02:40,123 - __main__ - INFO - Computing epoch 50 validation accuracy...
2023-04-08 06:02:44,339 - __main__ - INFO - Computing epoch 50 validation loss...
2023-04-08 06:02:48,825 - __main__ - INFO - [INFO] 2023-04-08 06:02:48.825369 Epoch [51/100] batch [1/391] loss 0.4119 lr 0.05000000000000004 acc 85.94% eta 0:43:31
2023-04-08 06:03:07,569 - __main__ - INFO - [INFO] 2023-04-08 06:03:07.569395 Epoch [51/100] batch [129/391] loss 0.4551 lr 0.05000000000000004 acc 85.16% eta 0:37:55
2023-04-08 06:03:26,366 - __main__ - INFO - [INFO] 2023-04-08 06:03:26.366653 Epoch [51/100] batch [257/391] loss 0.5479 lr 0.05000000000000004 acc 75.78% eta 0:37:38
2023-04-08 06:03:45,155 - __main__ - INFO - [INFO] 2023-04-08 06:03:45.155746 Epoch [51/100] batch [385/391] loss 0.3523 lr 0.05000000000000004 acc 88.28% eta 0:37:32
2023-04-08 06:03:45,955 - __main__ - INFO - Computing epoch 51 validation accuracy...
2023-04-08 06:03:50,216 - __main__ - INFO - Computing epoch 51 validation loss...
2023-04-08 06:03:54,578 - __main__ - INFO - [INFO] 2023-04-08 06:03:54.578752 Epoch [52/100] batch [1/391] loss 0.5371 lr 0.04842946204609362 acc 85.94% eta 0:41:04
2023-04-08 06:04:13,484 - __main__ - INFO - [INFO] 2023-04-08 06:04:13.484532 Epoch [52/100] batch [129/391] loss 0.3774 lr 0.04842946204609362 acc 84.38% eta 0:37:15
2023-04-08 06:04:32,214 - __main__ - INFO - [INFO] 2023-04-08 06:04:32.214618 Epoch [52/100] batch [257/391] loss 0.3271 lr 0.04842946204609362 acc 89.06% eta 0:36:47
2023-04-08 06:04:50,988 - __main__ - INFO - [INFO] 2023-04-08 06:04:50.988590 Epoch [52/100] batch [385/391] loss 0.4343 lr 0.04842946204609362 acc 88.28% eta 0:36:43
2023-04-08 06:04:51,833 - __main__ - INFO - Computing epoch 52 validation accuracy...
2023-04-08 06:04:55,993 - __main__ - INFO - Computing epoch 52 validation loss...
2023-04-08 06:05:00,528 - __main__ - INFO - [INFO] 2023-04-08 06:05:00.528630 Epoch [53/100] batch [1/391] loss 0.4001 lr 0.04686047402353437 acc 87.50% eta 0:39:37
2023-04-08 06:05:19,613 - __main__ - INFO - [INFO] 2023-04-08 06:05:19.613031 Epoch [53/100] batch [129/391] loss 0.3269 lr 0.04686047402353437 acc 89.84% eta 0:37:08
2023-04-08 06:05:38,577 - __main__ - INFO - [INFO] 2023-04-08 06:05:38.577508 Epoch [53/100] batch [257/391] loss 0.3557 lr 0.04686047402353437 acc 89.06% eta 0:36:36
2023-04-08 06:05:57,513 - __main__ - INFO - [INFO] 2023-04-08 06:05:57.513541 Epoch [53/100] batch [385/391] loss 0.4824 lr 0.04686047402353437 acc 88.28% eta 0:36:14
2023-04-08 06:05:58,384 - __main__ - INFO - Computing epoch 53 validation accuracy...
2023-04-08 06:06:02,614 - __main__ - INFO - Computing epoch 53 validation loss...
2023-04-08 06:06:07,116 - __main__ - INFO - [INFO] 2023-04-08 06:06:07.116680 Epoch [54/100] batch [1/391] loss 0.4719 lr 0.045294584334074316 acc 79.69% eta 0:37:19
2023-04-08 06:06:25,892 - __main__ - INFO - [INFO] 2023-04-08 06:06:25.892656 Epoch [54/100] batch [129/391] loss 0.3689 lr 0.045294584334074316 acc 90.62% eta 0:35:42
2023-04-08 06:06:44,935 - __main__ - INFO - [INFO] 2023-04-08 06:06:44.935037 Epoch [54/100] batch [257/391] loss 0.4595 lr 0.045294584334074316 acc 89.06% eta 0:35:38
2023-04-08 06:07:03,624 - __main__ - INFO - [INFO] 2023-04-08 06:07:03.624145 Epoch [54/100] batch [385/391] loss 0.3269 lr 0.045294584334074316 acc 87.50% eta 0:35:18
2023-04-08 06:07:04,463 - __main__ - INFO - Computing epoch 54 validation accuracy...
2023-04-08 06:07:08,776 - __main__ - INFO - Computing epoch 54 validation loss...
2023-04-08 06:07:13,198 - __main__ - INFO - [INFO] 2023-04-08 06:07:13.197950 Epoch [55/100] batch [1/391] loss 0.3748 lr 0.043733338321784825 acc 89.84% eta 0:37:31
2023-04-08 06:07:32,269 - __main__ - INFO - [INFO] 2023-04-08 06:07:32.269138 Epoch [55/100] batch [129/391] loss 0.4546 lr 0.043733338321784825 acc 81.25% eta 0:35:10
2023-04-08 06:07:51,390 - __main__ - INFO - [INFO] 2023-04-08 06:07:51.389983 Epoch [55/100] batch [257/391] loss 0.3838 lr 0.043733338321784825 acc 86.72% eta 0:35:02
2023-04-08 06:08:10,367 - __main__ - INFO - [INFO] 2023-04-08 06:08:10.366932 Epoch [55/100] batch [385/391] loss 0.3518 lr 0.043733338321784825 acc 88.28% eta 0:34:44
2023-04-08 06:08:11,183 - __main__ - INFO - Computing epoch 55 validation accuracy...
2023-04-08 06:08:15,437 - __main__ - INFO - Computing epoch 55 validation loss...
2023-04-08 06:08:19,868 - __main__ - INFO - [INFO] 2023-04-08 06:08:19.868455 Epoch [56/100] batch [1/391] loss 0.4778 lr 0.042178276747988484 acc 89.06% eta 0:36:36
2023-04-08 06:08:38,855 - __main__ - INFO - [INFO] 2023-04-08 06:08:38.855789 Epoch [56/100] batch [129/391] loss 0.4683 lr 0.042178276747988484 acc 85.94% eta 0:34:41
2023-04-08 06:08:57,739 - __main__ - INFO - [INFO] 2023-04-08 06:08:57.739046 Epoch [56/100] batch [257/391] loss 0.3604 lr 0.042178276747988484 acc 90.62% eta 0:34:10
2023-04-08 06:09:16,677 - __main__ - INFO - [INFO] 2023-04-08 06:09:16.677455 Epoch [56/100] batch [385/391] loss 0.3574 lr 0.042178276747988484 acc 83.59% eta 0:34:00
2023-04-08 06:09:17,546 - __main__ - INFO - Computing epoch 56 validation accuracy...
2023-04-08 06:09:21,851 - __main__ - INFO - Computing epoch 56 validation loss...
2023-04-08 06:09:26,241 - __main__ - INFO - [INFO] 2023-04-08 06:09:26.241169 Epoch [57/100] batch [1/391] loss 0.3479 lr 0.0406309342707138 acc 89.06% eta 0:35:54
2023-04-08 06:09:45,023 - __main__ - INFO - [INFO] 2023-04-08 06:09:45.023582 Epoch [57/100] batch [129/391] loss 0.4314 lr 0.0406309342707138 acc 89.84% eta 0:33:15
2023-04-08 06:10:03,954 - __main__ - INFO - [INFO] 2023-04-08 06:10:03.953864 Epoch [57/100] batch [257/391] loss 0.3625 lr 0.0406309342707138 acc 87.50% eta 0:33:11
2023-04-08 06:10:22,758 - __main__ - INFO - [INFO] 2023-04-08 06:10:22.757912 Epoch [57/100] batch [385/391] loss 0.4453 lr 0.0406309342707138 acc 81.25% eta 0:32:53
2023-04-08 06:10:23,606 - __main__ - INFO - Computing epoch 57 validation accuracy...
2023-04-08 06:10:27,811 - __main__ - INFO - Computing epoch 57 validation loss...
2023-04-08 06:10:32,303 - __main__ - INFO - [INFO] 2023-04-08 06:10:32.302892 Epoch [58/100] batch [1/391] loss 0.3113 lr 0.039092837930172916 acc 91.41% eta 0:35:23
2023-04-08 06:10:51,649 - __main__ - INFO - [INFO] 2023-04-08 06:10:51.649269 Epoch [58/100] batch [129/391] loss 0.3579 lr 0.039092837930172916 acc 88.28% eta 0:33:37
2023-04-08 06:11:11,188 - __main__ - INFO - [INFO] 2023-04-08 06:11:11.187851 Epoch [58/100] batch [257/391] loss 0.5107 lr 0.039092837930172916 acc 86.72% eta 0:33:37
2023-04-08 06:11:30,376 - __main__ - INFO - [INFO] 2023-04-08 06:11:30.376575 Epoch [58/100] batch [385/391] loss 0.3381 lr 0.039092837930172916 acc 85.16% eta 0:33:16
2023-04-08 06:11:31,237 - __main__ - INFO - Computing epoch 58 validation accuracy...
2023-04-08 06:11:35,403 - __main__ - INFO - Computing epoch 58 validation loss...
2023-04-08 06:11:39,754 - __main__ - INFO - [INFO] 2023-04-08 06:11:39.754546 Epoch [59/100] batch [1/391] loss 0.3760 lr 0.037565505641757285 acc 85.16% eta 0:34:58
2023-04-08 06:11:58,631 - __main__ - INFO - [INFO] 2023-04-08 06:11:58.630958 Epoch [59/100] batch [129/391] loss 0.3213 lr 0.037565505641757285 acc 87.50% eta 0:31:58
2023-04-08 06:12:17,391 - __main__ - INFO - [INFO] 2023-04-08 06:12:17.390872 Epoch [59/100] batch [257/391] loss 0.2136 lr 0.037565505641757285 acc 92.19% eta 0:31:38
2023-04-08 06:12:36,162 - __main__ - INFO - [INFO] 2023-04-08 06:12:36.162721 Epoch [59/100] batch [385/391] loss 0.5820 lr 0.037565505641757285 acc 78.12% eta 0:31:18
2023-04-08 06:12:37,032 - __main__ - INFO - Computing epoch 59 validation accuracy...
2023-04-08 06:12:41,272 - __main__ - INFO - Computing epoch 59 validation loss...
2023-04-08 06:12:45,623 - __main__ - INFO - [INFO] 2023-04-08 06:12:45.623560 Epoch [60/100] batch [1/391] loss 0.2793 lr 0.03605044469803857 acc 91.41% eta 0:33:46
2023-04-08 06:13:04,462 - __main__ - INFO - [INFO] 2023-04-08 06:13:04.461839 Epoch [60/100] batch [129/391] loss 0.3889 lr 0.03605044469803857 acc 87.50% eta 0:31:05
2023-04-08 06:13:23,125 - __main__ - INFO - [INFO] 2023-04-08 06:13:23.124890 Epoch [60/100] batch [257/391] loss 0.4736 lr 0.03605044469803857 acc 88.28% eta 0:30:41
2023-04-08 06:13:41,872 - __main__ - INFO - [INFO] 2023-04-08 06:13:41.872482 Epoch [60/100] batch [385/391] loss 0.3877 lr 0.03605044469803857 acc 88.28% eta 0:30:22
2023-04-08 06:13:42,738 - __main__ - INFO - Computing epoch 60 validation accuracy...
2023-04-08 06:13:46,913 - __main__ - INFO - Computing epoch 60 validation loss...
2023-04-08 06:13:51,276 - __main__ - INFO - [INFO] 2023-04-08 06:13:51.276503 Epoch [61/100] batch [1/391] loss 0.3621 lr 0.034549150281252675 acc 89.84% eta 0:34:10
2023-04-08 06:14:10,166 - __main__ - INFO - [INFO] 2023-04-08 06:14:10.166089 Epoch [61/100] batch [129/391] loss 0.3936 lr 0.034549150281252675 acc 87.50% eta 0:30:23
2023-04-08 06:14:28,998 - __main__ - INFO - [INFO] 2023-04-08 06:14:28.998122 Epoch [61/100] batch [257/391] loss 0.2913 lr 0.034549150281252675 acc 89.84% eta 0:30:01
2023-04-08 06:14:47,932 - __main__ - INFO - [INFO] 2023-04-08 06:14:47.932376 Epoch [61/100] batch [385/391] loss 0.4277 lr 0.034549150281252675 acc 82.81% eta 0:29:42
2023-04-08 06:14:48,794 - __main__ - INFO - Computing epoch 61 validation accuracy...
2023-04-08 06:14:53,045 - __main__ - INFO - Computing epoch 61 validation loss...
2023-04-08 06:14:57,481 - __main__ - INFO - [INFO] 2023-04-08 06:14:57.481496 Epoch [62/100] batch [1/391] loss 0.4536 lr 0.03306310398773546 acc 89.84% eta 0:31:13
2023-04-08 06:15:16,323 - __main__ - INFO - [INFO] 2023-04-08 06:15:16.323417 Epoch [62/100] batch [129/391] loss 0.3069 lr 0.03306310398773546 acc 88.28% eta 0:29:17
2023-04-08 06:15:35,300 - __main__ - INFO - [INFO] 2023-04-08 06:15:35.300455 Epoch [62/100] batch [257/391] loss 0.4951 lr 0.03306310398773546 acc 83.59% eta 0:29:15
2023-04-08 06:15:53,985 - __main__ - INFO - [INFO] 2023-04-08 06:15:53.985224 Epoch [62/100] batch [385/391] loss 0.4187 lr 0.03306310398773546 acc 89.06% eta 0:28:56
2023-04-08 06:15:54,839 - __main__ - INFO - Computing epoch 62 validation accuracy...
2023-04-08 06:15:59,017 - __main__ - INFO - Computing epoch 62 validation loss...
2023-04-08 06:16:03,452 - __main__ - INFO - [INFO] 2023-04-08 06:16:03.452718 Epoch [63/100] batch [1/391] loss 0.3804 lr 0.031593772365766146 acc 88.28% eta 0:31:30
2023-04-08 06:16:22,760 - __main__ - INFO - [INFO] 2023-04-08 06:16:22.760379 Epoch [63/100] batch [129/391] loss 0.3997 lr 0.031593772365766146 acc 91.41% eta 0:30:07
2023-04-08 06:16:42,471 - __main__ - INFO - [INFO] 2023-04-08 06:16:42.471275 Epoch [63/100] batch [257/391] loss 0.4282 lr 0.031593772365766146 acc 89.06% eta 0:29:54
2023-04-08 06:17:01,714 - __main__ - INFO - [INFO] 2023-04-08 06:17:01.713970 Epoch [63/100] batch [385/391] loss 0.3503 lr 0.031593772365766146 acc 87.50% eta 0:29:30
2023-04-08 06:17:02,591 - __main__ - INFO - Computing epoch 63 validation accuracy...
2023-04-08 06:17:06,860 - __main__ - INFO - Computing epoch 63 validation loss...
2023-04-08 06:17:11,242 - __main__ - INFO - [INFO] 2023-04-08 06:17:11.241918 Epoch [64/100] batch [1/391] loss 0.3191 lr 0.030142605468260992 acc 92.97% eta 0:30:00
2023-04-08 06:17:30,228 - __main__ - INFO - [INFO] 2023-04-08 06:17:30.228456 Epoch [64/100] batch [129/391] loss 0.3933 lr 0.030142605468260992 acc 89.06% eta 0:28:14
2023-04-08 06:17:49,094 - __main__ - INFO - [INFO] 2023-04-08 06:17:49.094468 Epoch [64/100] batch [257/391] loss 0.4504 lr 0.030142605468260992 acc 88.28% eta 0:27:48
2023-04-08 06:18:08,002 - __main__ - INFO - [INFO] 2023-04-08 06:18:08.002583 Epoch [64/100] batch [385/391] loss 0.2520 lr 0.030142605468260992 acc 89.06% eta 0:27:36
2023-04-08 06:18:08,874 - __main__ - INFO - Computing epoch 64 validation accuracy...
2023-04-08 06:18:13,093 - __main__ - INFO - Computing epoch 64 validation loss...
2023-04-08 06:18:17,421 - __main__ - INFO - [INFO] 2023-04-08 06:18:17.420680 Epoch [65/100] batch [1/391] loss 0.2649 lr 0.028711035421746394 acc 97.66% eta 0:28:46
2023-04-08 06:18:36,085 - __main__ - INFO - [INFO] 2023-04-08 06:18:36.085714 Epoch [65/100] batch [129/391] loss 0.2505 lr 0.028711035421746394 acc 96.88% eta 0:27:15
2023-04-08 06:18:54,932 - __main__ - INFO - [INFO] 2023-04-08 06:18:54.932038 Epoch [65/100] batch [257/391] loss 0.2510 lr 0.028711035421746394 acc 93.75% eta 0:27:03
2023-04-08 06:19:13,803 - __main__ - INFO - [INFO] 2023-04-08 06:19:13.803277 Epoch [65/100] batch [385/391] loss 0.4302 lr 0.028711035421746394 acc 85.16% eta 0:26:48
2023-04-08 06:19:14,583 - __main__ - INFO - Computing epoch 65 validation accuracy...
2023-04-08 06:19:18,740 - __main__ - INFO - Computing epoch 65 validation loss...
2023-04-08 06:19:23,253 - __main__ - INFO - [INFO] 2023-04-08 06:19:23.252957 Epoch [66/100] batch [1/391] loss 0.3496 lr 0.027300475013022688 acc 89.84% eta 0:27:45
2023-04-08 06:19:42,614 - __main__ - INFO - [INFO] 2023-04-08 06:19:42.614307 Epoch [66/100] batch [129/391] loss 0.3784 lr 0.027300475013022688 acc 85.16% eta 0:27:25
2023-04-08 06:20:01,799 - __main__ - INFO - [INFO] 2023-04-08 06:20:01.799224 Epoch [66/100] batch [257/391] loss 0.3655 lr 0.027300475013022688 acc 88.28% eta 0:26:59
2023-04-08 06:20:21,014 - __main__ - INFO - [INFO] 2023-04-08 06:20:21.014400 Epoch [66/100] batch [385/391] loss 0.3606 lr 0.027300475013022688 acc 89.84% eta 0:26:40
2023-04-08 06:20:21,866 - __main__ - INFO - Computing epoch 66 validation accuracy...
2023-04-08 06:20:26,139 - __main__ - INFO - Computing epoch 66 validation loss...
2023-04-08 06:20:30,605 - __main__ - INFO - [INFO] 2023-04-08 06:20:30.605375 Epoch [67/100] batch [1/391] loss 0.3325 lr 0.025912316294914254 acc 89.84% eta 0:27:34
2023-04-08 06:20:49,718 - __main__ - INFO - [INFO] 2023-04-08 06:20:49.718239 Epoch [67/100] batch [129/391] loss 0.2668 lr 0.025912316294914254 acc 95.31% eta 0:26:35
2023-04-08 06:21:08,838 - __main__ - INFO - [INFO] 2023-04-08 06:21:08.838047 Epoch [67/100] batch [257/391] loss 0.2412 lr 0.025912316294914254 acc 96.09% eta 0:26:09
2023-04-08 06:21:27,953 - __main__ - INFO - [INFO] 2023-04-08 06:21:27.953476 Epoch [67/100] batch [385/391] loss 0.3105 lr 0.025912316294914254 acc 89.06% eta 0:25:50
2023-04-08 06:21:28,791 - __main__ - INFO - Computing epoch 67 validation accuracy...
2023-04-08 06:21:33,091 - __main__ - INFO - Computing epoch 67 validation loss...
2023-04-08 06:21:37,515 - __main__ - INFO - [INFO] 2023-04-08 06:21:37.514814 Epoch [68/100] batch [1/391] loss 0.3240 lr 0.02454792921248146 acc 88.28% eta 0:28:35
2023-04-08 06:21:56,448 - __main__ - INFO - [INFO] 2023-04-08 06:21:56.448234 Epoch [68/100] batch [129/391] loss 0.2395 lr 0.02454792921248146 acc 85.16% eta 0:25:21
2023-04-08 06:22:15,484 - __main__ - INFO - [INFO] 2023-04-08 06:22:15.484315 Epoch [68/100] batch [257/391] loss 0.2323 lr 0.02454792921248146 acc 91.41% eta 0:25:07
2023-04-08 06:22:34,609 - __main__ - INFO - [INFO] 2023-04-08 06:22:34.609052 Epoch [68/100] batch [385/391] loss 0.2703 lr 0.02454792921248146 acc 88.28% eta 0:24:58
2023-04-08 06:22:35,485 - __main__ - INFO - Computing epoch 68 validation accuracy...
2023-04-08 06:22:39,624 - __main__ - INFO - Computing epoch 68 validation loss...
2023-04-08 06:22:44,030 - __main__ - INFO - [INFO] 2023-04-08 06:22:44.030029 Epoch [69/100] batch [1/391] loss 0.3113 lr 0.02320866025105018 acc 89.84% eta 0:29:35
2023-04-08 06:23:02,673 - __main__ - INFO - [INFO] 2023-04-08 06:23:02.673736 Epoch [69/100] batch [129/391] loss 0.2323 lr 0.02320866025105018 acc 96.09% eta 0:24:54
2023-04-08 06:23:20,529 - __main__ - INFO - [INFO] 2023-04-08 06:23:20.529435 Epoch [69/100] batch [257/391] loss 0.2957 lr 0.02320866025105018 acc 94.53% eta 0:24:44
2023-04-08 06:23:39,514 - __main__ - INFO - [INFO] 2023-04-08 06:23:39.514168 Epoch [69/100] batch [385/391] loss 0.1974 lr 0.02320866025105018 acc 92.19% eta 0:24:20
2023-04-08 06:23:40,432 - __main__ - INFO - Computing epoch 69 validation accuracy...
2023-04-08 06:23:44,721 - __main__ - INFO - Computing epoch 69 validation loss...
2023-04-08 06:23:49,147 - __main__ - INFO - [INFO] 2023-04-08 06:23:49.147725 Epoch [70/100] batch [1/391] loss 0.3237 lr 0.021895831107393487 acc 89.84% eta 0:24:42
2023-04-08 06:24:08,209 - __main__ - INFO - [INFO] 2023-04-08 06:24:08.209270 Epoch [70/100] batch [129/391] loss 0.2708 lr 0.021895831107393487 acc 96.88% eta 0:23:52
2023-04-08 06:24:27,286 - __main__ - INFO - [INFO] 2023-04-08 06:24:27.286771 Epoch [70/100] batch [257/391] loss 0.1954 lr 0.021895831107393487 acc 94.53% eta 0:23:38
2023-04-08 06:24:46,227 - __main__ - INFO - [INFO] 2023-04-08 06:24:46.227425 Epoch [70/100] batch [385/391] loss 0.3481 lr 0.021895831107393487 acc 89.84% eta 0:23:20
2023-04-08 06:24:47,069 - __main__ - INFO - Computing epoch 70 validation accuracy...
2023-04-08 06:24:51,275 - __main__ - INFO - Computing epoch 70 validation loss...
2023-04-08 06:24:55,700 - __main__ - INFO - [INFO] 2023-04-08 06:24:55.700441 Epoch [71/100] batch [1/391] loss 0.2467 lr 0.02061073738537637 acc 91.41% eta 0:24:02
2023-04-08 06:25:14,884 - __main__ - INFO - [INFO] 2023-04-08 06:25:14.883968 Epoch [71/100] batch [129/391] loss 0.2600 lr 0.02061073738537637 acc 94.53% eta 0:23:10
2023-04-08 06:25:33,906 - __main__ - INFO - [INFO] 2023-04-08 06:25:33.906604 Epoch [71/100] batch [257/391] loss 0.2429 lr 0.02061073738537637 acc 92.19% eta 0:22:59
2023-04-08 06:25:52,757 - __main__ - INFO - [INFO] 2023-04-08 06:25:52.757299 Epoch [71/100] batch [385/391] loss 0.2316 lr 0.02061073738537637 acc 94.53% eta 0:22:36
2023-04-08 06:25:53,620 - __main__ - INFO - Computing epoch 71 validation accuracy...
2023-04-08 06:25:57,842 - __main__ - INFO - Computing epoch 71 validation loss...
2023-04-08 06:26:02,377 - __main__ - INFO - [INFO] 2023-04-08 06:26:02.377410 Epoch [72/100] batch [1/391] loss 0.1938 lr 0.01935464731735119 acc 92.19% eta 0:25:12
2023-04-08 06:26:21,429 - __main__ - INFO - [INFO] 2023-04-08 06:26:21.429668 Epoch [72/100] batch [129/391] loss 0.2137 lr 0.01935464731735119 acc 93.75% eta 0:22:24
2023-04-08 06:26:40,713 - __main__ - INFO - [INFO] 2023-04-08 06:26:40.713503 Epoch [72/100] batch [257/391] loss 0.3030 lr 0.01935464731735119 acc 93.75% eta 0:22:12
2023-04-08 06:26:59,759 - __main__ - INFO - [INFO] 2023-04-08 06:26:59.759763 Epoch [72/100] batch [385/391] loss 0.3223 lr 0.01935464731735119 acc 92.19% eta 0:21:53
2023-04-08 06:27:00,629 - __main__ - INFO - Computing epoch 72 validation accuracy...
2023-04-08 06:27:04,871 - __main__ - INFO - Computing epoch 72 validation loss...
2023-04-08 06:27:09,292 - __main__ - INFO - [INFO] 2023-04-08 06:27:09.292014 Epoch [73/100] batch [1/391] loss 0.2091 lr 0.018128800512565532 acc 96.09% eta 0:22:44
2023-04-08 06:27:28,250 - __main__ - INFO - [INFO] 2023-04-08 06:27:28.250788 Epoch [73/100] batch [129/391] loss 0.2935 lr 0.018128800512565532 acc 94.53% eta 0:21:25
2023-04-08 06:27:47,125 - __main__ - INFO - [INFO] 2023-04-08 06:27:47.125148 Epoch [73/100] batch [257/391] loss 0.3132 lr 0.018128800512565532 acc 92.97% eta 0:21:19
2023-04-08 06:28:05,904 - __main__ - INFO - [INFO] 2023-04-08 06:28:05.903846 Epoch [73/100] batch [385/391] loss 0.3242 lr 0.018128800512565532 acc 92.19% eta 0:20:58
2023-04-08 06:28:06,743 - __main__ - INFO - Computing epoch 73 validation accuracy...
2023-04-08 06:28:10,978 - __main__ - INFO - Computing epoch 73 validation loss...
2023-04-08 06:28:15,360 - __main__ - INFO - [INFO] 2023-04-08 06:28:15.360490 Epoch [74/100] batch [1/391] loss 0.2749 lr 0.016934406733817433 acc 89.06% eta 0:21:56
2023-04-08 06:28:34,410 - __main__ - INFO - [INFO] 2023-04-08 06:28:34.410819 Epoch [74/100] batch [129/391] loss 0.3684 lr 0.016934406733817433 acc 90.62% eta 0:20:39
2023-04-08 06:28:53,301 - __main__ - INFO - [INFO] 2023-04-08 06:28:53.301586 Epoch [74/100] batch [257/391] loss 0.2812 lr 0.016934406733817433 acc 94.53% eta 0:20:19
2023-04-08 06:29:12,436 - __main__ - INFO - [INFO] 2023-04-08 06:29:12.436796 Epoch [74/100] batch [385/391] loss 0.2842 lr 0.016934406733817433 acc 90.62% eta 0:20:06
2023-04-08 06:29:13,273 - __main__ - INFO - Computing epoch 74 validation accuracy...
2023-04-08 06:29:17,493 - __main__ - INFO - Computing epoch 74 validation loss...
2023-04-08 06:29:21,880 - __main__ - INFO - [INFO] 2023-04-08 06:29:21.879850 Epoch [75/100] batch [1/391] loss 0.2212 lr 0.01577264470356558 acc 92.97% eta 0:20:51
2023-04-08 06:29:40,818 - __main__ - INFO - [INFO] 2023-04-08 06:29:40.818051 Epoch [75/100] batch [129/391] loss 0.1497 lr 0.01577264470356558 acc 96.09% eta 0:19:52
2023-04-08 06:29:59,513 - __main__ - INFO - [INFO] 2023-04-08 06:29:59.513090 Epoch [75/100] batch [257/391] loss 0.2020 lr 0.01577264470356558 acc 92.97% eta 0:19:31
2023-04-08 06:30:18,383 - __main__ - INFO - [INFO] 2023-04-08 06:30:18.383241 Epoch [75/100] batch [385/391] loss 0.3169 lr 0.01577264470356558 acc 89.84% eta 0:19:17
2023-04-08 06:30:19,259 - __main__ - INFO - Computing epoch 75 validation accuracy...
2023-04-08 06:30:23,472 - __main__ - INFO - Computing epoch 75 validation loss...
2023-04-08 06:30:27,885 - __main__ - INFO - [INFO] 2023-04-08 06:30:27.885180 Epoch [76/100] batch [1/391] loss 0.2656 lr 0.014644660940672643 acc 90.62% eta 0:21:00
2023-04-08 06:30:46,777 - __main__ - INFO - [INFO] 2023-04-08 06:30:46.777695 Epoch [76/100] batch [129/391] loss 0.2620 lr 0.014644660940672643 acc 95.31% eta 0:19:05
2023-04-08 06:31:05,950 - __main__ - INFO - [INFO] 2023-04-08 06:31:05.950373 Epoch [76/100] batch [257/391] loss 0.2654 lr 0.014644660940672643 acc 91.41% eta 0:18:55
2023-04-08 06:31:24,938 - __main__ - INFO - [INFO] 2023-04-08 06:31:24.938004 Epoch [76/100] batch [385/391] loss 0.2253 lr 0.014644660940672643 acc 91.41% eta 0:18:38
2023-04-08 06:31:25,830 - __main__ - INFO - Computing epoch 76 validation accuracy...
2023-04-08 06:31:30,060 - __main__ - INFO - Computing epoch 76 validation loss...
2023-04-08 06:31:34,449 - __main__ - INFO - [INFO] 2023-04-08 06:31:34.449462 Epoch [77/100] batch [1/391] loss 0.1833 lr 0.013551568628929448 acc 96.88% eta 0:18:57
2023-04-08 06:31:53,505 - __main__ - INFO - [INFO] 2023-04-08 06:31:53.505657 Epoch [77/100] batch [129/391] loss 0.2035 lr 0.013551568628929448 acc 94.53% eta 0:18:28
2023-04-08 06:32:12,345 - __main__ - INFO - [INFO] 2023-04-08 06:32:12.345221 Epoch [77/100] batch [257/391] loss 0.3086 lr 0.013551568628929448 acc 92.19% eta 0:18:07
2023-04-08 06:32:31,116 - __main__ - INFO - [INFO] 2023-04-08 06:32:31.116802 Epoch [77/100] batch [385/391] loss 0.3066 lr 0.013551568628929448 acc 94.53% eta 0:17:46
2023-04-08 06:32:32,009 - __main__ - INFO - Computing epoch 77 validation accuracy...
2023-04-08 06:32:36,223 - __main__ - INFO - Computing epoch 77 validation loss...
2023-04-08 06:32:40,648 - __main__ - INFO - [INFO] 2023-04-08 06:32:40.648501 Epoch [78/100] batch [1/391] loss 0.2517 lr 0.012494446518477033 acc 92.97% eta 0:19:33
2023-04-08 06:32:59,761 - __main__ - INFO - [INFO] 2023-04-08 06:32:59.761674 Epoch [78/100] batch [129/391] loss 0.1373 lr 0.012494446518477033 acc 96.88% eta 0:17:34
2023-04-08 06:33:18,915 - __main__ - INFO - [INFO] 2023-04-08 06:33:18.915792 Epoch [78/100] batch [257/391] loss 0.1899 lr 0.012494446518477033 acc 96.09% eta 0:17:19
2023-04-08 06:33:37,717 - __main__ - INFO - [INFO] 2023-04-08 06:33:37.717393 Epoch [78/100] batch [385/391] loss 0.1782 lr 0.012494446518477033 acc 96.88% eta 0:17:01
2023-04-08 06:33:38,592 - __main__ - INFO - Computing epoch 78 validation accuracy...
2023-04-08 06:33:42,900 - __main__ - INFO - Computing epoch 78 validation loss...
2023-04-08 06:33:47,459 - __main__ - INFO - [INFO] 2023-04-08 06:33:47.458971 Epoch [79/100] batch [1/391] loss 0.2339 lr 0.011474337861210555 acc 92.19% eta 0:22:53
2023-04-08 06:34:06,502 - __main__ - INFO - [INFO] 2023-04-08 06:34:06.501885 Epoch [79/100] batch [129/391] loss 0.2167 lr 0.011474337861210555 acc 96.09% eta 0:16:56
2023-04-08 06:34:25,324 - __main__ - INFO - [INFO] 2023-04-08 06:34:25.324541 Epoch [79/100] batch [257/391] loss 0.1335 lr 0.011474337861210555 acc 96.88% eta 0:16:36
2023-04-08 06:34:44,215 - __main__ - INFO - [INFO] 2023-04-08 06:34:44.214981 Epoch [79/100] batch [385/391] loss 0.1567 lr 0.011474337861210555 acc 95.31% eta 0:16:22
2023-04-08 06:34:45,053 - __main__ - INFO - Computing epoch 79 validation accuracy...
2023-04-08 06:34:49,390 - __main__ - INFO - Computing epoch 79 validation loss...
2023-04-08 06:34:53,922 - __main__ - INFO - [INFO] 2023-04-08 06:34:53.921861 Epoch [80/100] batch [1/391] loss 0.0820 lr 0.01049224938121549 acc 98.44% eta 0:17:02
2023-04-08 06:35:12,893 - __main__ - INFO - [INFO] 2023-04-08 06:35:12.892959 Epoch [80/100] batch [129/391] loss 0.2106 lr 0.01049224938121549 acc 95.31% eta 0:16:06
2023-04-08 06:35:32,114 - __main__ - INFO - [INFO] 2023-04-08 06:35:32.114647 Epoch [80/100] batch [257/391] loss 0.1794 lr 0.01049224938121549 acc 94.53% eta 0:15:56
2023-04-08 06:35:51,036 - __main__ - INFO - [INFO] 2023-04-08 06:35:51.036236 Epoch [80/100] batch [385/391] loss 0.1412 lr 0.01049224938121549 acc 96.09% eta 0:15:34
2023-04-08 06:35:51,885 - __main__ - INFO - Computing epoch 80 validation accuracy...
2023-04-08 06:35:56,051 - __main__ - INFO - Computing epoch 80 validation loss...
2023-04-08 06:36:00,482 - __main__ - INFO - [INFO] 2023-04-08 06:36:00.482490 Epoch [81/100] batch [1/391] loss 0.1030 lr 0.009549150281252642 acc 95.31% eta 0:16:58
2023-04-08 06:36:19,674 - __main__ - INFO - [INFO] 2023-04-08 06:36:19.674129 Epoch [81/100] batch [129/391] loss 0.1283 lr 0.009549150281252642 acc 98.44% eta 0:15:31
2023-04-08 06:36:38,552 - __main__ - INFO - [INFO] 2023-04-08 06:36:38.552616 Epoch [81/100] batch [257/391] loss 0.1240 lr 0.009549150281252642 acc 96.09% eta 0:15:10
2023-04-08 06:36:57,178 - __main__ - INFO - [INFO] 2023-04-08 06:36:57.178664 Epoch [81/100] batch [385/391] loss 0.1824 lr 0.009549150281252642 acc 94.53% eta 0:14:52
2023-04-08 06:36:58,004 - __main__ - INFO - Computing epoch 81 validation accuracy...
2023-04-08 06:37:02,282 - __main__ - INFO - Computing epoch 81 validation loss...
2023-04-08 06:37:06,699 - __main__ - INFO - [INFO] 2023-04-08 06:37:06.699461 Epoch [82/100] batch [1/391] loss 0.1171 lr 0.008645971286271922 acc 97.66% eta 0:15:32
2023-04-08 06:37:25,691 - __main__ - INFO - [INFO] 2023-04-08 06:37:25.690845 Epoch [82/100] batch [129/391] loss 0.1350 lr 0.008645971286271922 acc 96.88% eta 0:14:26
2023-04-08 06:37:44,709 - __main__ - INFO - [INFO] 2023-04-08 06:37:44.709248 Epoch [82/100] batch [257/391] loss 0.2062 lr 0.008645971286271922 acc 96.09% eta 0:14:13
2023-04-08 06:38:03,576 - __main__ - INFO - [INFO] 2023-04-08 06:38:03.576295 Epoch [82/100] batch [385/391] loss 0.1732 lr 0.008645971286271922 acc 97.66% eta 0:13:58
2023-04-08 06:38:04,446 - __main__ - INFO - Computing epoch 82 validation accuracy...
2023-04-08 06:38:08,666 - __main__ - INFO - Computing epoch 82 validation loss...
2023-04-08 06:38:13,124 - __main__ - INFO - [INFO] 2023-04-08 06:38:13.124016 Epoch [83/100] batch [1/391] loss 0.1302 lr 0.007783603724899264 acc 96.88% eta 0:14:47
2023-04-08 06:38:32,153 - __main__ - INFO - [INFO] 2023-04-08 06:38:32.153655 Epoch [83/100] batch [129/391] loss 0.1622 lr 0.007783603724899264 acc 96.88% eta 0:13:40
2023-04-08 06:38:50,933 - __main__ - INFO - [INFO] 2023-04-08 06:38:50.933688 Epoch [83/100] batch [257/391] loss 0.1650 lr 0.007783603724899264 acc 97.66% eta 0:13:23
2023-04-08 06:39:09,709 - __main__ - INFO - [INFO] 2023-04-08 06:39:09.709215 Epoch [83/100] batch [385/391] loss 0.1617 lr 0.007783603724899264 acc 96.09% eta 0:13:07
2023-04-08 06:39:10,582 - __main__ - INFO - Computing epoch 83 validation accuracy...
2023-04-08 06:39:14,843 - __main__ - INFO - Computing epoch 83 validation loss...
2023-04-08 06:39:19,352 - __main__ - INFO - [INFO] 2023-04-08 06:39:19.352639 Epoch [84/100] batch [1/391] loss 0.0809 lr 0.006962898649802819 acc 99.22% eta 0:14:28
2023-04-08 06:39:38,288 - __main__ - INFO - [INFO] 2023-04-08 06:39:38.288426 Epoch [84/100] batch [129/391] loss 0.1549 lr 0.006962898649802819 acc 94.53% eta 0:12:49
2023-04-08 06:39:57,170 - __main__ - INFO - [INFO] 2023-04-08 06:39:57.169872 Epoch [84/100] batch [257/391] loss 0.1754 lr 0.006962898649802819 acc 96.09% eta 0:12:35
2023-04-08 06:40:16,229 - __main__ - INFO - [INFO] 2023-04-08 06:40:16.229589 Epoch [84/100] batch [385/391] loss 0.1183 lr 0.006962898649802819 acc 94.53% eta 0:12:21
2023-04-08 06:40:17,094 - __main__ - INFO - Computing epoch 84 validation accuracy...
2023-04-08 06:40:21,342 - __main__ - INFO - Computing epoch 84 validation loss...
2023-04-08 06:40:25,797 - __main__ - INFO - [INFO] 2023-04-08 06:40:25.797613 Epoch [85/100] batch [1/391] loss 0.1711 lr 0.0061846659978068265 acc 99.22% eta 0:12:07
2023-04-08 06:40:44,608 - __main__ - INFO - [INFO] 2023-04-08 06:40:44.608501 Epoch [85/100] batch [129/391] loss 0.1527 lr 0.0061846659978068265 acc 96.09% eta 0:12:13
2023-04-08 06:41:03,395 - __main__ - INFO - [INFO] 2023-04-08 06:41:03.395056 Epoch [85/100] batch [257/391] loss 0.1334 lr 0.0061846659978068265 acc 95.31% eta 0:11:57
2023-04-08 06:41:22,239 - __main__ - INFO - [INFO] 2023-04-08 06:41:22.239053 Epoch [85/100] batch [385/391] loss 0.0477 lr 0.0061846659978068265 acc 99.22% eta 0:11:44
2023-04-08 06:41:23,106 - __main__ - INFO - Computing epoch 85 validation accuracy...
2023-04-08 06:41:27,385 - __main__ - INFO - Computing epoch 85 validation loss...
2023-04-08 06:41:31,766 - __main__ - INFO - [INFO] 2023-04-08 06:41:31.766110 Epoch [86/100] batch [1/391] loss 0.1489 lr 0.005449673790581615 acc 96.09% eta 0:12:06
2023-04-08 06:41:51,058 - __main__ - INFO - [INFO] 2023-04-08 06:41:51.058790 Epoch [86/100] batch [129/391] loss 0.1133 lr 0.005449673790581615 acc 99.22% eta 0:11:35
2023-04-08 06:42:10,178 - __main__ - INFO - [INFO] 2023-04-08 06:42:10.177952 Epoch [86/100] batch [257/391] loss 0.0605 lr 0.005449673790581615 acc 99.22% eta 0:11:13
2023-04-08 06:42:29,401 - __main__ - INFO - [INFO] 2023-04-08 06:42:29.400976 Epoch [86/100] batch [385/391] loss 0.1055 lr 0.005449673790581615 acc 97.66% eta 0:11:00
2023-04-08 06:42:30,235 - __main__ - INFO - Computing epoch 86 validation accuracy...
2023-04-08 06:42:34,420 - __main__ - INFO - Computing epoch 86 validation loss...
2023-04-08 06:42:38,892 - __main__ - INFO - [INFO] 2023-04-08 06:42:38.892243 Epoch [87/100] batch [1/391] loss 0.0912 lr 0.004758647376699036 acc 96.88% eta 0:12:04
2023-04-08 06:42:57,952 - __main__ - INFO - [INFO] 2023-04-08 06:42:57.952346 Epoch [87/100] batch [129/391] loss 0.1224 lr 0.004758647376699036 acc 97.66% eta 0:10:32
2023-04-08 06:43:17,149 - __main__ - INFO - [INFO] 2023-04-08 06:43:17.149409 Epoch [87/100] batch [257/391] loss 0.1100 lr 0.004758647376699036 acc 96.09% eta 0:10:25
2023-04-08 06:43:36,071 - __main__ - INFO - [INFO] 2023-04-08 06:43:36.071294 Epoch [87/100] batch [385/391] loss 0.1078 lr 0.004758647376699036 acc 99.22% eta 0:10:11
2023-04-08 06:43:36,950 - __main__ - INFO - Computing epoch 87 validation accuracy...
2023-04-08 06:43:41,209 - __main__ - INFO - Computing epoch 87 validation loss...
2023-04-08 06:43:45,610 - __main__ - INFO - [INFO] 2023-04-08 06:43:45.609828 Epoch [88/100] batch [1/391] loss 0.0595 lr 0.004112268715800957 acc 99.22% eta 0:10:44
2023-04-08 06:44:04,862 - __main__ - INFO - [INFO] 2023-04-08 06:44:04.861928 Epoch [88/100] batch [129/391] loss 0.0901 lr 0.004112268715800957 acc 97.66% eta 0:10:01
2023-04-08 06:44:24,089 - __main__ - INFO - [INFO] 2023-04-08 06:44:24.088939 Epoch [88/100] batch [257/391] loss 0.1150 lr 0.004112268715800957 acc 96.09% eta 0:09:43
2023-04-08 06:44:43,141 - __main__ - INFO - [INFO] 2023-04-08 06:44:43.140857 Epoch [88/100] batch [385/391] loss 0.0848 lr 0.004112268715800957 acc 99.22% eta 0:09:24
2023-04-08 06:44:44,023 - __main__ - INFO - Computing epoch 88 validation accuracy...
2023-04-08 06:44:48,272 - __main__ - INFO - Computing epoch 88 validation loss...
2023-04-08 06:44:52,649 - __main__ - INFO - [INFO] 2023-04-08 06:44:52.649666 Epoch [89/100] batch [1/391] loss 0.1125 lr 0.003511175705587435 acc 96.88% eta 0:09:30
2023-04-08 06:45:11,604 - __main__ - INFO - [INFO] 2023-04-08 06:45:11.604605 Epoch [89/100] batch [129/391] loss 0.0594 lr 0.003511175705587435 acc 98.44% eta 0:09:01
2023-04-08 06:45:30,438 - __main__ - INFO - [INFO] 2023-04-08 06:45:30.438681 Epoch [89/100] batch [257/391] loss 0.0613 lr 0.003511175705587435 acc 100.00% eta 0:08:44
2023-04-08 06:45:49,115 - __main__ - INFO - [INFO] 2023-04-08 06:45:49.115781 Epoch [89/100] batch [385/391] loss 0.1256 lr 0.003511175705587435 acc 97.66% eta 0:08:29
2023-04-08 06:45:49,951 - __main__ - INFO - Computing epoch 89 validation accuracy...
2023-04-08 06:45:54,133 - __main__ - INFO - Computing epoch 89 validation loss...
2023-04-08 06:45:58,646 - __main__ - INFO - [INFO] 2023-04-08 06:45:58.646338 Epoch [90/100] batch [1/391] loss 0.1287 lr 0.0029559615522887295 acc 96.88% eta 0:09:11
2023-04-08 06:46:17,554 - __main__ - INFO - [INFO] 2023-04-08 06:46:17.554808 Epoch [90/100] batch [129/391] loss 0.0325 lr 0.0029559615522887295 acc 99.22% eta 0:08:17
2023-04-08 06:46:36,487 - __main__ - INFO - [INFO] 2023-04-08 06:46:36.487383 Epoch [90/100] batch [257/391] loss 0.0977 lr 0.0029559615522887295 acc 99.22% eta 0:08:01
2023-04-08 06:46:55,580 - __main__ - INFO - [INFO] 2023-04-08 06:46:55.580242 Epoch [90/100] batch [385/391] loss 0.0508 lr 0.0029559615522887295 acc 98.44% eta 0:07:46
2023-04-08 06:46:56,429 - __main__ - INFO - Computing epoch 90 validation accuracy...
2023-04-08 06:47:00,697 - __main__ - INFO - Computing epoch 90 validation loss...
2023-04-08 06:47:05,162 - __main__ - INFO - [INFO] 2023-04-08 06:47:05.162715 Epoch [91/100] batch [1/391] loss 0.0966 lr 0.0024471741852423253 acc 96.88% eta 0:07:51
2023-04-08 06:47:24,091 - __main__ - INFO - [INFO] 2023-04-08 06:47:24.091151 Epoch [91/100] batch [129/391] loss 0.0720 lr 0.0024471741852423253 acc 99.22% eta 0:07:28
2023-04-08 06:47:43,252 - __main__ - INFO - [INFO] 2023-04-08 06:47:43.252062 Epoch [91/100] batch [257/391] loss 0.0738 lr 0.0024471741852423253 acc 97.66% eta 0:07:16
2023-04-08 06:48:01,959 - __main__ - INFO - [INFO] 2023-04-08 06:48:01.958993 Epoch [91/100] batch [385/391] loss 0.1147 lr 0.0024471741852423253 acc 99.22% eta 0:07:00
2023-04-08 06:48:02,833 - __main__ - INFO - Computing epoch 91 validation accuracy...
2023-04-08 06:48:07,252 - __main__ - INFO - Computing epoch 91 validation loss...
2023-04-08 06:48:11,620 - __main__ - INFO - [INFO] 2023-04-08 06:48:11.619843 Epoch [92/100] batch [1/391] loss 0.0754 lr 0.0019853157161528537 acc 98.44% eta 0:07:35
2023-04-08 06:48:30,629 - __main__ - INFO - [INFO] 2023-04-08 06:48:30.629556 Epoch [92/100] batch [129/391] loss 0.0865 lr 0.0019853157161528537 acc 99.22% eta 0:06:49
2023-04-08 06:48:49,723 - __main__ - INFO - [INFO] 2023-04-08 06:48:49.723340 Epoch [92/100] batch [257/391] loss 0.0495 lr 0.0019853157161528537 acc 99.22% eta 0:06:34
2023-04-08 06:49:08,986 - __main__ - INFO - [INFO] 2023-04-08 06:49:08.986254 Epoch [92/100] batch [385/391] loss 0.1119 lr 0.0019853157161528537 acc 97.66% eta 0:06:18
2023-04-08 06:49:09,867 - __main__ - INFO - Computing epoch 92 validation accuracy...
2023-04-08 06:49:14,123 - __main__ - INFO - Computing epoch 92 validation loss...
2023-04-08 06:49:18,508 - __main__ - INFO - [INFO] 2023-04-08 06:49:18.508401 Epoch [93/100] batch [1/391] loss 0.0501 lr 0.0015708419435684529 acc 99.22% eta 0:06:46
2023-04-08 06:49:37,536 - __main__ - INFO - [INFO] 2023-04-08 06:49:37.536589 Epoch [93/100] batch [129/391] loss 0.0890 lr 0.0015708419435684529 acc 98.44% eta 0:06:01
2023-04-08 06:49:56,587 - __main__ - INFO - [INFO] 2023-04-08 06:49:56.587680 Epoch [93/100] batch [257/391] loss 0.0972 lr 0.0015708419435684529 acc 98.44% eta 0:05:44
2023-04-08 06:50:15,301 - __main__ - INFO - [INFO] 2023-04-08 06:50:15.301804 Epoch [93/100] batch [385/391] loss 0.0242 lr 0.0015708419435684529 acc 99.22% eta 0:05:27
2023-04-08 06:50:16,160 - __main__ - INFO - Computing epoch 93 validation accuracy...
2023-04-08 06:50:20,409 - __main__ - INFO - Computing epoch 93 validation loss...
2023-04-08 06:50:24,790 - __main__ - INFO - [INFO] 2023-04-08 06:50:24.790588 Epoch [94/100] batch [1/391] loss 0.0599 lr 0.0012041619030626347 acc 99.22% eta 0:05:41
2023-04-08 06:50:43,783 - __main__ - INFO - [INFO] 2023-04-08 06:50:43.783566 Epoch [94/100] batch [129/391] loss 0.0416 lr 0.0012041619030626347 acc 100.00% eta 0:05:09
2023-04-08 06:51:02,862 - __main__ - INFO - [INFO] 2023-04-08 06:51:02.862297 Epoch [94/100] batch [257/391] loss 0.0260 lr 0.0012041619030626347 acc 100.00% eta 0:04:55
2023-04-08 06:51:21,897 - __main__ - INFO - [INFO] 2023-04-08 06:51:21.896949 Epoch [94/100] batch [385/391] loss 0.0735 lr 0.0012041619030626347 acc 98.44% eta 0:04:40
2023-04-08 06:51:22,758 - __main__ - INFO - Computing epoch 94 validation accuracy...
2023-04-08 06:51:26,942 - __main__ - INFO - Computing epoch 94 validation loss...
2023-04-08 06:51:31,364 - __main__ - INFO - [INFO] 2023-04-08 06:51:31.363846 Epoch [95/100] batch [1/391] loss 0.1421 lr 0.0008856374635655646 acc 96.88% eta 0:05:31
2023-04-08 06:51:50,376 - __main__ - INFO - [INFO] 2023-04-08 06:51:50.376277 Epoch [95/100] batch [129/391] loss 0.0624 lr 0.0008856374635655646 acc 97.66% eta 0:04:25
2023-04-08 06:52:09,418 - __main__ - INFO - [INFO] 2023-04-08 06:52:09.418777 Epoch [95/100] batch [257/391] loss 0.1450 lr 0.0008856374635655646 acc 96.09% eta 0:04:10
2023-04-08 06:52:28,211 - __main__ - INFO - [INFO] 2023-04-08 06:52:28.211458 Epoch [95/100] batch [385/391] loss 0.0741 lr 0.0008856374635655646 acc 99.22% eta 0:03:55
2023-04-08 06:52:29,087 - __main__ - INFO - Computing epoch 95 validation accuracy...
2023-04-08 06:52:33,384 - __main__ - INFO - Computing epoch 95 validation loss...
2023-04-08 06:52:37,791 - __main__ - INFO - [INFO] 2023-04-08 06:52:37.791686 Epoch [96/100] batch [1/391] loss 0.0655 lr 0.0006155829702431174 acc 98.44% eta 0:04:10
2023-04-08 06:52:56,744 - __main__ - INFO - [INFO] 2023-04-08 06:52:56.744663 Epoch [96/100] batch [129/391] loss 0.0984 lr 0.0006155829702431174 acc 97.66% eta 0:03:37
2023-04-08 06:53:15,654 - __main__ - INFO - [INFO] 2023-04-08 06:53:15.654063 Epoch [96/100] batch [257/391] loss 0.0893 lr 0.0006155829702431174 acc 97.66% eta 0:03:22
2023-04-08 06:53:34,738 - __main__ - INFO - [INFO] 2023-04-08 06:53:34.738685 Epoch [96/100] batch [385/391] loss 0.0696 lr 0.0006155829702431174 acc 98.44% eta 0:03:07
2023-04-08 06:53:35,602 - __main__ - INFO - Computing epoch 96 validation accuracy...
2023-04-08 06:53:39,850 - __main__ - INFO - Computing epoch 96 validation loss...
2023-04-08 06:53:44,182 - __main__ - INFO - [INFO] 2023-04-08 06:53:44.182110 Epoch [97/100] batch [1/391] loss 0.0329 lr 0.00039426493427611206 acc 98.44% eta 0:03:16
2023-04-08 06:54:03,002 - __main__ - INFO - [INFO] 2023-04-08 06:54:03.002586 Epoch [97/100] batch [129/391] loss 0.0702 lr 0.00039426493427611206 acc 97.66% eta 0:02:48
2023-04-08 06:54:21,869 - __main__ - INFO - [INFO] 2023-04-08 06:54:21.869605 Epoch [97/100] batch [257/391] loss 0.0358 lr 0.00039426493427611206 acc 100.00% eta 0:02:33
2023-04-08 06:54:40,550 - __main__ - INFO - [INFO] 2023-04-08 06:54:40.549962 Epoch [97/100] batch [385/391] loss 0.0602 lr 0.00039426493427611206 acc 99.22% eta 0:02:19
2023-04-08 06:54:41,419 - __main__ - INFO - Computing epoch 97 validation accuracy...
2023-04-08 06:54:45,764 - __main__ - INFO - Computing epoch 97 validation loss...
2023-04-08 06:54:50,217 - __main__ - INFO - [INFO] 2023-04-08 06:54:50.217761 Epoch [98/100] batch [1/391] loss 0.0269 lr 0.00022190176984600036 acc 100.00% eta 0:02:44
2023-04-08 06:55:09,180 - __main__ - INFO - [INFO] 2023-04-08 06:55:09.179863 Epoch [98/100] batch [129/391] loss 0.0950 lr 0.00022190176984600036 acc 96.88% eta 0:02:03
2023-04-08 06:55:28,108 - __main__ - INFO - [INFO] 2023-04-08 06:55:28.108496 Epoch [98/100] batch [257/391] loss 0.0279 lr 0.00022190176984600036 acc 100.00% eta 0:01:48
2023-04-08 06:55:47,287 - __main__ - INFO - [INFO] 2023-04-08 06:55:47.287119 Epoch [98/100] batch [385/391] loss 0.1013 lr 0.00022190176984600036 acc 98.44% eta 0:01:33
2023-04-08 06:55:48,141 - __main__ - INFO - Computing epoch 98 validation accuracy...
2023-04-08 06:55:52,390 - __main__ - INFO - Computing epoch 98 validation loss...
2023-04-08 06:55:56,785 - __main__ - INFO - [INFO] 2023-04-08 06:55:56.785710 Epoch [99/100] batch [1/391] loss 0.0382 lr 9.866357858642213e-05 acc 98.44% eta 0:01:42
2023-04-08 06:56:15,807 - __main__ - INFO - [INFO] 2023-04-08 06:56:15.807305 Epoch [99/100] batch [129/391] loss 0.0881 lr 9.866357858642213e-05 acc 97.66% eta 0:01:18
2023-04-08 06:56:34,950 - __main__ - INFO - [INFO] 2023-04-08 06:56:34.950758 Epoch [99/100] batch [257/391] loss 0.0486 lr 9.866357858642213e-05 acc 99.22% eta 0:01:02
2023-04-08 06:56:53,599 - __main__ - INFO - [INFO] 2023-04-08 06:56:53.599553 Epoch [99/100] batch [385/391] loss 0.0878 lr 9.866357858642213e-05 acc 99.22% eta 0:00:47
2023-04-08 06:56:54,484 - __main__ - INFO - Computing epoch 99 validation accuracy...
2023-04-08 06:56:58,733 - __main__ - INFO - Computing epoch 99 validation loss...
2023-04-08 06:57:03,157 - __main__ - INFO - [INFO] 2023-04-08 06:57:03.157280 Epoch [100/100] batch [1/391] loss 0.0734 lr 2.4671981713420017e-05 acc 99.22% eta 0:00:48
2023-04-08 06:57:22,085 - __main__ - INFO - [INFO] 2023-04-08 06:57:22.085659 Epoch [100/100] batch [129/391] loss 0.0506 lr 2.4671981713420017e-05 acc 98.44% eta 0:00:31
2023-04-08 06:57:41,031 - __main__ - INFO - [INFO] 2023-04-08 06:57:41.031759 Epoch [100/100] batch [257/391] loss 0.0920 lr 2.4671981713420017e-05 acc 97.66% eta 0:00:15
2023-04-08 06:58:00,115 - __main__ - INFO - [INFO] 2023-04-08 06:58:00.115736 Epoch [100/100] batch [385/391] loss 0.0762 lr 2.4671981713420017e-05 acc 97.66% eta 0:00:00
2023-04-08 06:58:00,981 - __main__ - INFO - Computing epoch 100 validation accuracy...
2023-04-08 06:58:05,182 - __main__ - INFO - Computing epoch 100 validation loss...
2023-04-08 06:58:09,505 - __main__ - INFO - Reading testing data set cifar10
2023-04-08 06:58:10,255 - __main__ - INFO - Loading trained model...
2023-04-08 06:58:14,789 - __main__ - INFO - Testing acc : 93.54%.
